ARM GAS  /var/folders/qd/4mxf5pkd0zdf0b9dd1hp39180000gn/T//ccuoqfnk.s 			page 1


   1              		.cpu cortex-m0
   2              		.eabi_attribute 20, 1
   3              		.eabi_attribute 21, 1
   4              		.eabi_attribute 23, 3
   5              		.eabi_attribute 24, 1
   6              		.eabi_attribute 25, 1
   7              		.eabi_attribute 26, 1
   8              		.eabi_attribute 30, 2
   9              		.eabi_attribute 34, 0
  10              		.eabi_attribute 18, 4
  11              		.file	"chmemcore.c"
  12              		.section	.gnu.lto_.profile.dff128666f9256c2,"",%progbits
  13 0000 789C6363 		.ascii	"x\234cc```\001bF\006\025\005\000\000\340\000P"
  13      60606001 
  13      62460615 
  13      050000E0 
  13      0050
  14              		.text
  15              		.section	.gnu.lto_.icf.dff128666f9256c2,"",%progbits
  16 0000 789C6363 		.ascii	"x\234cc``Pc@\0006\206\357\217V\235cd\332\373\360];+"
  16      60605063 
  16      40003686 
  16      EF8F569D 
  16      6364DAFB 
  17 0018 0B9864DD 		.ascii	"\013\230d\335q\362k3#\333\337G\217\177\362\261\037|"
  17      71F26B33 
  17      23DBDF47 
  17      8F7FF2B1 
  17      1F7C
  18 002a 7A643A33 		.ascii	"zd:3\003\000\203P\023\224"
  18      03008350 
  18      1394
  19              		.text
  20              		.section	.gnu.lto_.jmpfuncs.dff128666f9256c2,"",%progbits
  21 0000 789C6363 		.ascii	"x\234cc``\220`@\000\026 fedd\254\237\303\314\300\006"
  21      60609060 
  21      40001620 
  21      66656464 
  21      AC9FC3CC 
  22 0016 A5D98162 		.ascii	"\245\331\201b\000\037\200\002w"
  22      001F8002 
  22      77
  23              		.text
  24              		.section	.gnu.lto_.inline.dff128666f9256c2,"",%progbits
  25 0000 789C6363 		.ascii	"x\234cc``Hf@\000\026\006\006V\026F\006&\226\005\362"
  25      60604866 
  25      40001606 
  25      06561646 
  25      06269605 
  26 0015 0C6C0BE4 		.ascii	"\014l\013\344\231@b\254\014|\274\214\214\014\012\214"
  26      994062AC 
  26      0C7CBC8C 
  26      8C0C0A8C 
  27 0025 0C0CCC42 		.ascii	"\014\014\314B/:\031!\022@\025, Y6\006\036n\230,\337"
  27      2F3A1921 
  27      1240152C 
  27      20593606 
ARM GAS  /var/folders/qd/4mxf5pkd0zdf0b9dd1hp39180000gn/T//ccuoqfnk.s 			page 2


  27      1E6E982C 
  28 003a 892C5449 		.ascii	"\211,TIv\0066V\240il\037\364\340\2461\000\000\010\312"
  28      76063656 
  28      A0696C1F 
  28      F4E0A631 
  28      000008CA 
  29 004e 0A6D     		.ascii	"\012m"
  30              		.text
  31              		.section	.gnu.lto_.pureconst.dff128666f9256c2,"",%progbits
  32 0000 789C6363 		.ascii	"x\234cc``\340\002b\026\006\011\326]\214l\022\354,\000"
  32      6060E002 
  32      62160609 
  32      D65D8C6C 
  32      12EC2C00 
  33 0014 06E80116 		.ascii	"\006\350\001\026"
  34              		.text
  35              		.section	.gnu.lto__core_init.dff128666f9256c2,"",%progbits
  36 0000 789C7D52 		.ascii	"x\234}R[k\023Q\020\2369\263\227\210\246E\360\301\033"
  36      5B6B1351 
  36      109E39B3 
  36      9788A645 
  36      F0C11B
  37 0013 58843CF4 		.ascii	"X\204<\364%\373\007\374/K\215\013}\251\225\304\367\234"
  37      25FB07FC 
  37      2F4B8D0B 
  37      7DA995C4 
  37      F79C
  38 0025 34A68951 		.ascii	"4\246\211QA\212F)A\026\024\304\027K0\251\256\306v]/"
  38      418A4629 
  38      411614C4 
  38      174B30A9 
  38      AEC6765D 
  39 003a A0600B52 		.ascii	"\240`\013R\020\021k\361\366 \"Tk\365\301v\235\263\273"
  39      10116BF1 
  39      F6202254 
  39      6BF5C176 
  39      9DB3BB
  40 004d 6DB5010F 		.ascii	"m\265\001\017{f\347\314\371f\346\373f\327\000\200U\001"
  40      7B66E7CC 
  40      F966E6FB 
  40      66D70080 
  40      5501
  41 005f 7084DF07 		.ascii	"p\204\337\007x#\001\212\363s\000\245\224@T\216L!\024"
  41      7823018A 
  41      F37300A5 
  41      9440548E 
  41      4C2114
  42 0072 0516F12C 		.ascii	"\005\026\361,] \014\252\237<1x]\362\362/u\215qY\331"
  42      5D200CAA 
  42      9F3C3178 
  42      5DF2F22F 
  42      758D7159 
  43 0087 DB248006 		.ascii	"\333$\200\006o\265\360\026\016\002\303~\324\277\177"
  43      6FB5F016 
  43      0E02C37E 
  43      D4BF7F
  44 0096 4CD36154 		.ascii	"L\323aT\276;\033\314\367g\256\312%N\231\233\3343!\335"
ARM GAS  /var/folders/qd/4mxf5pkd0zdf0b9dd1hp39180000gn/T//ccuoqfnk.s 			page 3


  44      BE3B1BCC 
  44      F767AECA 
  44      254E999B 
  44      DC3321DD 
  45 00aa CB526B12 		.ascii	"\313Rk\022b\033)\311S.(\354\313\017\355\026\222\025"
  45      621B29C9 
  45      532E28EC 
  45      CB0FED16 
  45      9215
  46 00bc E52D7A37 		.ascii	"\345-z7[F\222\027\354/\311\2404\240\262\246\267\262"
  46      5B469217 
  46      EC2FC9A0 
  46      34A0B2A6 
  46      B7B2
  47 00ce A693AC77 		.ascii	"\246\223\254w\255\365\213iC\303\333\230\301\016fb6x"
  47      ADF58B69 
  47      43C3DB98 
  47      C10E6662 
  47      3678
  48 00e0 070D4076 		.ascii	"\007\015@v\246^\350\276\\\017\253\322_\3357\265\362"
  48      A65EE8BE 
  48      5C0FABD2 
  48      5FDD37B5 
  48      F2
  49 00f1 76F74E84 		.ascii	"v\367N\204&\011\241\014)\243\261!]y\2062\246:\002\324"
  49      2609A10C 
  49      29A3B121 
  49      5D798632 
  49      A63A02D4 
  50 0105 78B37CE9 		.ascii	"x\263|\351\303i\022\312+\373\360\031\307\276U\237w\226"
  50      C36912CA 
  50      2BFBF019 
  50      C7BE559F 
  50      7796
  51 0117 50D59E24 		.ascii	"P\325\236$\344\326\215J0o\236\241&i\021g\317\373\362"
  51      E4D68D4A 
  51      306F9EA1 
  51      26691167 
  51      CFFBF2
  52 012a DA2CAEC9 		.ascii	"\332,\256\311\024\007\\\305\202c\355\362\362D\237\213"
  52      14075CC5 
  52      8263EDF2 
  52      F2449F8B 
  53 013a 5750B1BF 		.ascii	"WP\261\277\313\203\364\360`t1\263\374\354}\037\203k"
  53      CB83F4F0 
  53      607431B3 
  53      FCEC7D1F 
  53      836B
  54 014c 520EA802 		.ascii	"R\016\250\002\367\320e\276\330\305\"w*7\306\2236\"\356"
  54      F7D065BE 
  54      D8C52277 
  54      2A37C693 
  54      3622EE
  55 015f B452AFFC 		.ascii	"\264R\257\374$\325I\240\211\367\271\004c~o`\210a\214"
  55      24D549A0 
  55      89F7B904 
  55      637E6F60 
ARM GAS  /var/folders/qd/4mxf5pkd0zdf0b9dd1hp39180000gn/T//ccuoqfnk.s 			page 4


  55      88618C
  56 0172 5938756D 		.ascii	"Y8umqG\214\371\025\206a?\316D8f\375\212b\240\306X\025"
  56      71478CF9 
  56      1586613F 
  56      CE443866 
  56      FD8A62A0 
  57 0189 59A87B51 		.ascii	"Y\250{Q\344o\011\372v\011\272K\270]\002\241\317\022"
  57      E46F09FA 
  57      7609BA4B 
  57      B85D02A1 
  57      CF12
  58 019b 6695047C 		.ascii	"f\225\004|\300\204\271d\334\341M\247\233\220\321{\006"
  58      C084B964 
  58      DCE14DA7 
  58      9B90D17B 
  58      06
  59 01ac 217A0711 		.ascii	"!z\007\021\374g\020\017\343A<\212\007\261)R\225\336"
  59      FC67100F 
  59      E3413C8A 
  59      07B12952 
  59      95DE
  60 01be 52F43451 		.ascii	"R\3644Qd\362E\254\350\306\206\242\177%P\257\204\307"
  60      64F245AC 
  60      E8C686A2 
  60      7F2550AF 
  60      84C7
  61 01d0 9B129E44 		.ascii	"\233\022\236D\022L\370\212cnx.j\024\375[5V\316\037\235"
  61      124CF88A 
  61      636E782E 
  61      6A14FD5B 
  61      3556CE1F 
  62 01e5 891FCA66 		.ascii	"\211\037\312f\255\370\031-X\371\223V!\237\263r\303#"
  62      ADF8192D 
  62      58F99356 
  62      219FB372 
  62      C323
  63 01f7 CE486E34 		.ascii	"\316Hn4\357ds\260\313\266\207\235\241\023\266s\374\230"
  63      EF6473B0 
  63      CBB6879D 
  63      A113B673 
  63      FC98
  64 0209 6DA793C3 		.ascii	"m\247\223\303\321\241\202c\333\177\000\267\363\011?"
  64      D1A18263 
  64      DB7F00B7 
  64      F3093F
  65              		.text
  66              		.section	.gnu.lto_chCoreAlloc.dff128666f9256c2,"",%progbits
  67 0000 789C8D54 		.ascii	"x\234\215T[LSY\024=\273\347\334{K\251\032\375&\021\215"
  67      5B4C5359 
  67      143DBBE7 
  67      DC7B4BA9 
  67      1AFD2611 
  68 0015 849098D6 		.ascii	"\204\220\230\326\017\365\303?c\342\343\203\037\375\322"
  68      0FF5C33F 
  68      63E2E383 
  68      1FFDD2
  69 0024 1F67AC4D 		.ascii	"\037g\254M \021!-\032\231\037.\264\200\365\021\215\217"
ARM GAS  /var/folders/qd/4mxf5pkd0zdf0b9dd1hp39180000gn/T//ccuoqfnk.s 			page 5


  69      2011212D 
  69      1A991F2E 
  69      B480F511 
  69      8D8F
  70 0036 8E3615AB 		.ascii	"\2166\025\2538Af2\342[\301\307t\304\007#\212\"HL4\306"
  70      38416632 
  70      E25BC1C7 
  70      74C40723 
  70      8A22484C 
  71 004c 4730BE62 		.ascii	"G0\276b\342#j\342\203Y\373\334\212\320~\350M{z\316>"
  71      E2236AE2 
  71      8359FBDC 
  71      8AD07EE8 
  71      4D7B7ACE 
  72 0061 6BAFBDCE 		.ascii	"k\257\275\316\272\373\324\024B\2540\204\350\300\357"
  72      BAFBD414 
  72      42AC3084 
  72      E8C0EF
  73 0070 2C7CC910 		.ascii	",|\311\020\344\332\332+D\235\333\345RQK\330\036\271"
  73      E4DADA2B 
  73      449DDBE5 
  73      52514BD8 
  73      1EB9
  74 0082 E98A10B6 		.ascii	"\351\212\020\266W\222r\342\212\210'\266\233D\255K*\252"
  74      579272E2 
  74      8A8827B6 
  74      9B44AD4B 
  74      2AAA
  75 0094 A54D7287 		.ascii	"\245Mr\207\244\276\350\341\244\334(\223R\220\302\362"
  75      A4BEE8E1 
  75      A4DC2893 
  75      5290C2F2 
  76 00a4 F5F5C4E3 		.ascii	"\365\365\304\343\361\274$*\304\262\255\351m\237Y\322"
  76      F1BC242A 
  76      C4B2ADE9 
  76      6D9F59D2 
  77 00b4 6ADBF576 		.ascii	"j\333\365v\372\367N\2535\322\2600)]\"\016\364q*\240"
  77      FAF74EAB 
  77      35D2B030 
  77      295D220E 
  77      F4712AA0 
  78 00c8 6354C0C5 		.ascii	"cT\300\305OP\011\260\373\353n\367\214\223SI`\376 \366"
  78      4F5009B0 
  78      FBEB6EF7 
  78      8C935349 
  78      60FE20F6 
  79 00dc F76655FC 		.ascii	"\367fU\374\207\316\033h\221\366\264\244\224t\222\344"
  79      87CE1B68 
  79      91F6B4A4 
  79      947492E4 
  80 00ec E8448404 		.ascii	"\350D\204\004\235\242b\306_K\307\332=\262X\347^\376"
  80      9DA262C6 
  80      5F4BC7DA 
  80      3DB258E7 
  80      5EFE
  81 00fe D8F26B51 		.ascii	"\330\362kQ\213N}\277g\322\276\210\335m+\024\245\323"
  81      8B4E7DBF 
ARM GAS  /var/folders/qd/4mxf5pkd0zdf0b9dd1hp39180000gn/T//ccuoqfnk.s 			page 6


  81      67D2BE88 
  81      DD6D2B14 
  81      A5D3
  82 0110 63D3F901 		.ascii	"c\323\371\001\372\321\221\257;\307\231\212:\250\210"
  82      FAD191AF 
  82      3BC7998A 
  82      3AA888
  83 011f 65414D27 		.ascii	"eAM'\2314\262\021\265\361\244\007\233M\035\217K\032"
  83      9934B211 
  83      B5F1A407 
  83      9B4D1D8F 
  83      4B1A
  84 0131 9523E80C 		.ascii	"\225#\350\014\240g\311\024Y\360\236\2419\360\363,\343"
  84      A067C914 
  84      59F09EA1 
  84      39F0F32C 
  84      E3
  85 0142 5D397BBB 		.ascii	"]9{\273g.\023t\216\367\344\030\256\363\340\372\007\\"
  85      672E1374 
  85      8EF7E418 
  85      AEF3E0FA 
  85      075C
  86 0154 3C106460 		.ascii	"<\020d`\357\257\275um\236\314Q\264{\316Qr\234\340\207"
  86      EFAFBD75 
  86      6D9ECC51 
  86      B47BCE51 
  86      729CE087 
  87 0168 D254D47E 		.ascii	"\322T\324~\313H\333_\207\233\354\364\305\003tw\301D"
  87      CB48DB5F 
  87      879BECF4 
  87      C5037477 
  87      C144
  88 017a 17B13F12 		.ascii	"\027\261?\022N)\245\001\006\246\206\211\301\264x\346"
  88      4E29A501 
  88      06A68689 
  88      C1B478E6 
  89 018a E6591E0F 		.ascii	"\346Y\036\017\036\306\344s\314+\370\005\211\365\260"
  89      1EC6E473 
  89      CC2BF805 
  89      89F5B0
  90 0199 02AFDB4E 		.ascii	"\002\257\333N\213\030\226\230E\322\342\005\325=j\337"
  90      8B189698 
  90      45D2E205 
  90      D53D6ADF 
  91 01a9 726F30DB 		.ascii	"ro0\333\235\3557\255\214;*\347\264\015~8\361/\357\031"
  91      9DED37AD 
  91      8C3B2AE7 
  91      B40D7E38 
  91      F12FEF19 
  92 01bd B94ECC58 		.ascii	"\271N\314X*\350\002\357\231c\234\350\202\001\027\331"
  92      2AE802EF 
  92      99639CE8 
  92      820117D9 
  93 01cd 091E0489 		.ascii	"\011\036\004\211\024\027<x\276k\310;\245\215\366\332"
  93      14173C78 
  93      BE6BC83B 
  93      A58DF6DA 
ARM GAS  /var/folders/qd/4mxf5pkd0zdf0b9dd1hp39180000gn/T//ccuoqfnk.s 			page 7


  94 01dd BB0A93D2 		.ascii	"\273\012\223\322\342\2047\207\216\336\316W\020K\227"
  94      E2843787 
  94      8EDECE57 
  94      104B97
  95 01ec 680AC6CB 		.ascii	"h\012\306\313\244\304\023\252\177\020{*\365K\304\201"
  95      A4C413AA 
  95      7F107B2A 
  95      F54BC481 
  96 01fc 1310FF9C 		.ascii	"\023\020\377\234\"\361\306\315\375eY\345{\233=\214\310"
  96      22F1C6CD 
  96      FD6559E5 
  96      7B9B3D8C 
  96      C8
  97 020d 28B7B23A 		.ascii	"(\267\262:\347\311\301\237\356\234n&\271\202z\377\261"
  97      E7C9C19F 
  97      EE9C6E26 
  97      B9827AFF 
  97      B1
  98 021e 660C0929 		.ascii	"f\014\011)Q\027\210w\033\032>\350\273\241\310\242\253"
  98      51178877 
  98      1B1A3EE8 
  98      BBA1C8A2 
  98      AB
  99 022f C88494CF 		.ascii	"\310\204\224\317\220\362\213\203R\000\0025\020=p?\317"
  99      90F28B83 
  99      52000235 
  99      103D703F 
  99      CF
 100 0240 417D1C1E 		.ascii	"A}\034\036\036\236@=@\342\034\205\214r\016\241\220Y"
 100      1E9E403D 
 100      40E21C85 
 100      8C720EA1 
 100      9059
 101 0252 1F7F9618 		.ascii	"\037\177\226\030\312w2\015\244\305\033.\334\2608\315"
 101      CA77320D 
 101      A4C51B2E 
 101      DCB038CD 
 102 0262 AD7BB2A3 		.ascii	"\255{\262\243\343\345]\253\366\213\355F %\035\205\307"
 102      E3E55DAB 
 102      F68BED46 
 102      20251D85 
 102      C7
 103 0273 23AFB78D 		.ascii	"#\257\267\215OQ3\341\275\322u\334\330k\254\236z)EL\370"
 103      4F5133E1 
 103      BDD275DC 
 103      D86BAC9E 
 103      7A29454C 
 104 0288 A6891C3A 		.ascii	"\246\211\034:f\324\025\362\234\265\225\303G\271|7F\370"
 104      66D415F2 
 104      9CB595C3 
 104      47B97C37 
 104      46F8
 105 029a 6E66F3B9 		.ascii	"nf\363\271A\301g\335\325\230\011\344\351\032n\007T\343"
 105      41C167DD 
 105      D59809E4 
 105      E91A6E07 
 105      54E3
ARM GAS  /var/folders/qd/4mxf5pkd0zdf0b9dd1hp39180000gn/T//ccuoqfnk.s 			page 8


 106 02ac C43C088B 		.ascii	"\304<\010\213!\212\336\351\2329b\207G{\033\303\315\300"
 106      218ADEE9 
 106      9A396287 
 106      477B1BC3 
 106      CDC0
 107 02be 9F0F3A0E 		.ascii	"\237\017:\016.\244>\3550\264\021\335l\204\246M6~\351"
 107      2EA43EED 
 107      30B411DD 
 107      6C84A64D 
 107      367EE9
 108 02d1 5FE5E4E4 		.ascii	"_\345\344\344#\224\261g`\203.\3663\322\373F\244\337"
 108      2394B167 
 108      60832EF6 
 108      33D2FB46 
 108      A4DF
 109 02e3 8274B0E8 		.ascii	"\202t\260\350\242*\323\346\\\264u\213\361\255\205\204"
 109      A22AD3E6 
 109      5CB4758B 
 109      F1AD8584 
 110 02f3 F32E78C5 		.ascii	"\363.x\305\377\021\231[pr\220\364mE{\036\371a{\366\353"
 110      FF11995B 
 110      707290F4 
 110      6D457B1E 
 110      F9617BF6 
 111 0308 F61C407B 		.ascii	"\366\034@{\276B{n|\331e2]BzQ\367=y\311W\340J\264>\204"
 111      BE427B6E 
 111      7CD96532 
 111      5D427A51 
 111      F73D79C9 
 112 0322 104B76FE 		.ascii	"\020Kv\376\331G\270|\304Z\220:\331\347\363;\237\312"
 112      D947B87C 
 112      C45A903A 
 112      D9E7F33B 
 112      9FCA
 113 0334 B03F54ED 		.ascii	"\260?T\355\017\207\002\376@YE\260\"P\031\012\372\002"
 113      0F8702FE 
 113      405945B0 
 113      2250190A 
 113      FA02
 114 0346 4285CB7F 		.ascii	"B\205\313\177\013RU6\254|u`\325\232\225A@\3035a_\231"
 114      0B525536 
 114      AC7C7560 
 114      D59A9541 
 114      40C33561 
 115 035c 28C9DAAF 		.ascii	"(\311\332\257\252\014U\207\375s\027\227\316+]\007\020"
 115      AA0C5587 
 115      FD731797 
 115      CE2B5D07 
 115      10
 116 036d 932D5F3B 		.ascii	"\223-_;\273\002\310\351\243\221\301u\325\376y\245K\026"
 116      BB02C8E9 
 116      A391C175 
 116      D5FE79A5 
 116      4B16
 117 037f 2DF94EC8 		.ascii	"-\371N\310\310@\305\3745\253\003\000\273\003U\341\362"
 117      C840C5FC 
 117      35AB0300 
ARM GAS  /var/folders/qd/4mxf5pkd0zdf0b9dd1hp39180000gn/T//ccuoqfnk.s 			page 9


 117      BB0355E1 
 117      F2
 118 0390 9585E5C2 		.ascii	"\225\205\345\302\202\242\312P\215\023\010\"\360?`i\356"
 118      82A2CA50 
 118      8D130822 
 118      F03F6069 
 118      EE
 119 03a1 D2       		.ascii	"\322"
 120              		.text
 121              		.section	.gnu.lto_chCoreAllocI.dff128666f9256c2,"",%progbits
 122 0000 789C8D52 		.ascii	"x\234\215R[k\023A\024>\337\316l6\267\266\320\347\200"
 122      5B6B1341 
 122      143EDFCE 
 122      6C36B7B6 
 122      D0E780
 123 0013 452C695F 		.ascii	"E,i_\022\037\364?\3707$\024*X*\211/\372\222i\256\246"
 123      121FF43F 
 123      F8372414 
 123      2A582A89 
 123      2FFA9269 
 124 0029 B62052A3 		.ascii	"\266 R\243\204 \321(UA\252X/\251\267\265\005/\250\225"
 124      8420D128 
 124      5541AA58 
 124      2FA9B7B5 
 124      052FA895 
 125 003d DAF64929 		.ascii	"\332\366I)^hA\021\241*Z\3206\236\331\011E\355\213\313"
 125      5E684111 
 125      A12A5AD0 
 125      369ED909 
 125      45ED8BCB 
 126 0051 EEEC996F 		.ascii	"\356\354\231o\277\357;g\316Y\037\021\355\024D=\374\336"
 126      BFEF3B67 
 126      CE591F11 
 126      ED14443D 
 126      FCDE
 127 0063 CD0F6C82 		.ascii	"\315\017l\202ul\226h\310oY2\347\220\012\212\221GD*,"
 127      756C9668 
 127      C86F5932 
 127      E7900A8A 
 127      9147442A 
 128 0078 200D2E01 		.ascii	" \015.\001\035(?(m\011\2114F\304\230\300\\\356JU\034"
 128      1D283F28 
 128      6D098934 
 128      46C498C0 
 128      5CEE4A55 
 129 008d 15554190 		.ascii	"\025UA\220\274]}^y\337\256\267@\027o/\026\277\316\371"
 129      BC5D7D5E 
 129      79DFAEB7 
 129      40176F2F 
 129      16BFCEF9 
 130 00a1 7AC795CA 		.ascii	"z\307\225\312(\367d98\236\315\357\251\012\213\312\314"
 130      28F76439 
 130      389ECDEF 
 130      A90A8BCA 
 130      CC
 131 00b2 9E4404D7 		.ascii	"\236D\004\327\020\321\311\257\243\227\271g\207\026\237"
 131      10D1C9AF 
ARM GAS  /var/folders/qd/4mxf5pkd0zdf0b9dd1hp39180000gn/T//ccuoqfnk.s 			page 10


 131      A397B967 
 131      87169F
 132 00c1 B689ED20 		.ascii	"\266\211\355 \216\337\224.\217\312\350yO\367\272.\324"
 132      8EDF942E 
 132      8FCAE879 
 132      4FF7BA2E 
 132      D4
 133 00d2 8EAA10B8 		.ascii	"\216\252\020\270\001\361\247\220!\302MD5\377\231[\232"
 133      01F1A790 
 133      21C24D44 
 133      35FF995B 
 133      9A
 134 00e3 088AA8A7 		.ascii	"\010\212\250\247}\270V\337\333]\367\244+\027:\317d\325"
 134      7DB856DF 
 134      DB5DF7A4 
 134      2B173ACF 
 134      64D5
 135 00f5 63253929 		.ascii	"c%9)n\375-\327\027\263\337]\3358\321\346\223h\240[\227"
 135      6EFD2DD7 
 135      17B3DF5D 
 135      DD38D1E6 
 135      9368A05B 
 136 010a C5D54CC1 		.ascii	"\305\325L\301G\340`\342\245\355\252\215fQ\271K=O&\027"
 136      47E060E2 
 136      A5EDAA8D 
 136      6651B94B 
 136      3D4F2617 
 137 011e 3B3BC029 		.ascii	";;\300)\245\305\213-x\361I\035\331:\362\351\305\321"
 137      A5C58B2D 
 137      78F1491D 
 137      D93AF2E9 
 137      C5D1
 138 0130 5FFD1A0B 		.ascii	"_\375\032\013\360b\205\240k\013\233\012\351\010;s\367"
 138      F06285A0 
 138      6B0B9B0A 
 138      E9083B73 
 138      F7
 139 0141 944B253E 		.ascii	"\224K%>>GY\227>\"[.\214\316\367\353\204\025\201\212"
 139      3E475997 
 139      3E225B2E 
 139      8CCEF7EB 
 139      8415818A 
 140 0155 087139DF 		.ascii	"\010q9\337\206\363?\274vJ8\270\315e2\353W\241$\014)"
 140      86F33FBC 
 140      764A38B8 
 140      CD6532EB 
 140      57A1240C 
 141 016a CC3C262D 		.ascii	"\314<&-\344\316-\005\014i\255\331lv\340\016\023W\220"
 141      E4CE2D05 
 141      0C69ADD9 
 141      6C76E00E 
 141      135790
 142 017d E9D22C9D 		.ascii	"\351\322,\235\220\231,\314\224?T\226CFi\261\254\234"
 142      90992CCC 
 142      943F5496 
 142      434669B1 
 142      AC9C
ARM GAS  /var/folders/qd/4mxf5pkd0zdf0b9dd1hp39180000gn/T//ccuoqfnk.s 			page 11


 143 018f 9F7EE168 		.ascii	"\237~\341h\231\343\365\251\321\370\364\312I\257+?\003"
 143      99E3F5A9 
 143      D1F8F4CA 
 143      49AF2B3F 
 143      03
 144 01a0 3561BA31 		.ascii	"5a\2721\231]=\336^\303i\3601p\217g|Ww\012\367Q\2036"
 144      995D3DDE 
 144      5EC369F0 
 144      31708F67 
 144      7C57770A 
 145 01b8 FC5284B1 		.ascii	"\374R\204\261\023\354\350e\010\230\275\334\342\207\255"
 145      13ECE865 
 145      0898BDDC 
 145      E287AD
 146 01c7 7EEEA6DF 		.ascii	"~\356\246\337\203\177\375l\266\320G=Uh\001&\207mH\207"
 146      837FFD6C 
 146      B6D0473D 
 146      55680126 
 146      876D4887 
 147 01db 0CE6304C 		.ascii	"\014\3460L\313\310\315\316\354\332\004\302\336\034K"
 147      CBC8CDCE 
 147      ECDA04C2 
 147      DE1C4B
 148 01ea FC2BF0EF 		.ascii	"\374+\360\357\312M\345.\324~\216\331^#x\244-\333ja}"
 148      CA4DE52E 
 148      D47E8ED9 
 148      5E2378A4 
 148      2DDB6A61 
 149 01ff 7EBFD1F8 		.ascii	"~\277\321\370\031j\265ga\330K\366?\245Oo\226>\303\245"
 149      196AB567 
 149      61D84BF6 
 149      3FA54F6F 
 149      963EC3A5 
 150 0213 B38B9754 		.ascii	"\263\213\227T\266&\371\031\026UD\200\261\357\010 \026"
 150      B626F919 
 150      16554480 
 150      B1EF0820 
 150      16
 151 0224 B12AE36F 		.ascii	"\261*\343o\231$\305\324\2459\360\354\241y\026\321\266"
 151      9924C5D4 
 151      A539F0EC 
 151      A17916D1 
 151      B6
 152 0235 582C6EEE 		.ascii	"X,n\356\301T<y0\236J&\342\211\376\201\276\201\304`\262"
 152      C1543C79 
 152      309E4A26 
 152      E289FE81 
 152      BE81C460 
 153 024a 2F962099 		.ascii	"/\226 \231\332w\270\017\007~\003\337\023\010\276"
 153      DA77B80F 
 153      077E03DF 
 153      1308BE
 154              		.text
 155              		.section	.gnu.lto_chCoreGetStatusX.dff128666f9256c2,"",%progbits
 156 0000 789C6590 		.ascii	"x\234e\220MK\002a\024\205\357\231w\306\321(\377@B\266"
 156      4D4B0261 
 156      1485EF99 
ARM GAS  /var/folders/qd/4mxf5pkd0zdf0b9dd1hp39180000gn/T//ccuoqfnk.s 			page 12


 156      77C6D128 
 156      FF4042B6 
 157 0014 74E3FC90 		.ascii	"t\343\374\220~\306 \264\021A\333\373\246\225E-*\312"
 157      7EC620B4 
 157      1141DBFB 
 157      A695452D 
 157      2ACA
 158 0026 C486105A 		.ascii	"\304\206\020ZD\253\012\247\017\013b\010j\327\347\266"
 158      44AB0AA7 
 158      0F0B6208 
 158      6AD7E7B6 
 159 0036 5DAD0A11 		.ascii	"]\255\012\021l\321\252\254{\035i\2210\037\367\234\367"
 159      6CD1AAAC 
 159      7B1D6991 
 159      301FF79C 
 159      F7
 160 0047 CE73EE9D 		.ascii	"\316s\356\235\010\021m\203h\222\337\343|C\021\214\325"
 160      08116D83 
 160      6892DFE3 
 160      7C43118C 
 160      D5
 161 0058 3BA2D9A8 		.ascii	";\242\331\250\001H\241\243\240\242\201\"V\324\206\302"
 161      0148A1A3 
 161      A0A28122 
 161      56D486C2 
 162 0068 E3DCA1A7 		.ascii	"\343\334\241\247\226\225\307m&\313\356m\3755.\022H\262"
 162      9695C76D 
 162      26CBEE6D 
 162      FD352E12 
 162      48B2
 163 007a 6C776EFC 		.ascii	"lwn\374\321\324\236\326%\035l}\216\324\374\007\035\363"
 163      D1D49ED6 
 163      251D6C7D 
 163      8ED4FC07 
 163      1DF3
 164 008c 9441556E 		.ascii	"\224AUn\367\221@\023\011\3118F\212\270\373\345\250\267"
 164      F7914013 
 164      09C93846 
 164      8AB8FBE5 
 164      A8B7
 165 009e 391631E5 		.ascii	"9\0261\345\224\315\023D\210\007\241\203'+\320\275\237"
 165      94CD1344 
 165      8807A183 
 165      272BD0BD 
 165      9F
 166 00af 8A0EBE76 		.ascii	"\212\016\276v\2616\305\351\236b\204\247L%\225)\225%"
 166      B136C5E9 
 166      9E6284A7 
 166      4C259529 
 166      9525
 167 00c1 0F9B044D 		.ascii	"\017\233\004M\213\3745\317\251\003Zb\311U9\240w\224"
 167      8BFC35CF 
 167      A9035A62 
 167      C95539A0 
 167      7794
 168 00d3 AA6F97D7 		.ascii	"\252o\227\327q\201\326\0258\253:\177uo\313\240\026$"
 168      7181D615 
ARM GAS  /var/folders/qd/4mxf5pkd0zdf0b9dd1hp39180000gn/T//ccuoqfnk.s 			page 13


 168      38AB3A7F 
 168      756FCBA0 
 168      1624
 169 00e5 BAD56A3F 		.ascii	"\272\325j?\333\305o\035e\243!\361\354\371\345\356z\274"
 169      DBC56F1D 
 169      65A321F1 
 169      ECF9E5EE 
 169      7ABC
 170 00f7 811D700A 		.ascii	"\201\035p\012\316x\341S\231\026-4 \300\217\012B\234"
 170      CE78E153 
 170      99162D34 
 170      20C08F0A 
 170      429C
 171 0109 C1C47E42 		.ascii	"\301\304~B,\324j\210\207a\336\371\037\357\342?\317d"
 171      2CD46A88 
 171      8761DEF9 
 171      1FEFE23F 
 171      CF64
 172 011b 041BE5DA 		.ascii	"\004\033\345\332\302\300\260\372\031f\330\264\257B\323"
 172      C2C0B0FA 
 172      1966D8B4 
 172      AF42D3
 173 012a 669F3A28 		.ascii	"f\237:(%\007\222g\346\325!\013\363O\230H\247\235\360"
 173      25079267 
 173      E6D5210B 
 173      F34F9848 
 173      A79DF0
 174 013d CA159CFC 		.ascii	"\312\025\234\374\214S\310\273\216;\235\315d\335\\>\223"
 174      8C53C8BB 
 174      8E3B9DCD 
 174      64DD5C3E 
 174      93
 175 014e 76E917ED 		.ascii	"v\351\027\355\316\210P"
 175      CE8850
 176              		.text
 177              		.section	.gnu.lto_.symbol_nodes.dff128666f9256c2,"",%progbits
 178 0000 789C55CB 		.ascii	"x\234U\313\311\015\2000\020C\321\357\211B\035\210N\350"
 178      C90D8030 
 178      1043D1EF 
 178      89421D88 
 178      4EE8
 179 0012 871E2625 		.ascii	"\207\036&%p\201\260UB\021\324\304(\267\034,K\317\362"
 179      7081B055 
 179      4211D4C4 
 179      28B71C2C 
 179      4BCFF2
 180 0025 002C11AC 		.ascii	"\000,\021\254\312a\375 \352-3\344[\214\261\344M*\023"
 180      CA61FD20 
 180      EA2D33E4 
 180      5B8CB1E4 
 180      4D2A13
 181 0038 A4FCC81A 		.ascii	"\244\374\310\032\354J\015\354\220\253\373\330)\267^"
 181      EC4A0DEC 
 181      90ABFBD8 
 181      29B75E
 182 0047 2E79EA84 		.ascii	".y\352\204\037\222\306\026M"
 182      1F92C616 
ARM GAS  /var/folders/qd/4mxf5pkd0zdf0b9dd1hp39180000gn/T//ccuoqfnk.s 			page 14


 182      4D
 183              		.text
 184              		.section	.gnu.lto_.refs.dff128666f9256c2,"",%progbits
 185 0000 789C0DC9 		.ascii	"x\234\015\311\261\021\2000\020\003\301\223^\226!`\250"
 185      B1118030 
 185      1003C193 
 185      5E962160 
 185      A8
 186 0011 84FEDBC3 		.ascii	"\204\376\333\303\301F[\340;\202%yy\252\334\263H\361"
 186      C1465BE0 
 186      3B822579 
 186      79AADCB3 
 186      48F1
 187 0023 25BF5372 		.ascii	"%\277Sr\262\362\343M\204\207\037\027\027\000\307"
 187      B2F2E34D 
 187      84871F17 
 187      1700C7
 188              		.text
 189              		.section	.gnu.lto_.decls.dff128666f9256c2,"",%progbits
 190 0000 789CC555 		.ascii	"x\234\305Ukl\024U\024\236\263w\273\335nwK\323\020\303"
 190      6B6C1455 
 190      149EB377 
 190      BBDD6E77 
 190      4BD310C3 
 191 0014 8F8D1212 		.ascii	"\217\215\022\022\223j\354\216\240\021~B\032y$\342\017"
 191      936AEC8E 
 191      A0117E42 
 191      1A7924E2 
 191      0F
 192 0025 91444CCC 		.ascii	"\221DL\314\270LG\273\260\335]\272[\005\3778H\013\015"
 192      B84C47BB 
 192      B0DD5DBA 
 192      5B05FF38 
 192      480B0D
 193 0038 05AC5279 		.ascii	"\005\254Ry\224\002\213\030,mW Tj\013\224\322\202T[J"
 193      94028B18 
 193      2C6D5720 
 193      546A0B94 
 193      D282545B 
 194 004d 7994F2EA 		.ascii	"y\224\362\352\003,\257R\036\265/PC=\367\336\331\316"
 194      032CAF52 
 194      1EB52F50 
 194      433DF7DE 
 194      D9CE
 195 005f EE0AF84F 		.ascii	"\356\012\370O'{f\346\3369\367\373\276s\316=wM\202 |"
 195      277B66E6 
 195      DE39F7FB 
 195      BE73CE3D 
 195      774D8220 
 196 0074 90200833 		.ascii	"\220 \0103\210 \024\202 \214\342\025\207sG\321p(\324"
 196      88201482 
 196      208CE215 
 196      877347D1 
 196      7028D4
 197 0087 08FC32A2 		.ascii	"\010\3742\242\325\243\375\214\326\210\326\244\315\235"
 197      D5A3FD8C 
 197      D688D6A4 
ARM GAS  /var/folders/qd/4mxf5pkd0zdf0b9dd1hp39180000gn/T//ccuoqfnk.s 			page 15


 197      CD9D
 198 0095 47BB8876 		.ascii	"G\273\210v\031\255C\210\276\362\020\300\204\317\017"
 198      19AD4388 
 198      BEF210C0 
 198      84CF0F
 199 00a4 D1DAD016 		.ascii	"\321\332\320\026\240]@\353D\353\322|@\303\3757\254\265"
 199      A05D40EB 
 199      44EBD27C 
 199      40C3FD37 
 199      ACB5
 200 00b6 E8883285 		.ascii	"\350\2102\205\024\264\361h\222\246-\214\371>\332\355"
 200      14B4F168 
 200      92A62D8C 
 200      F93EDAED 
 201 00c6 085CB3A6 		.ascii	"\010\\\263\246\365\016\332]\264~\264\001\264!\264\207"
 201      F50EDA5D 
 201      B47EB401 
 201      B421B487 
 202 00d6 5A0C068D 		.ascii	"Z\014\006\215\347b\014\327W\300\327?\213+R\377\263\260"
 202      E7620CD7 
 202      57C0D73F 
 202      8B2B52FF 
 202      B3B0
 203 00e8 366A3908 		.ascii	"6j9\010c\325<\005\243\351\031\030E\004:\032w\227\223"
 203      63D53C05 
 203      A3E91918 
 203      45043A1A 
 203      779793
 204 00fb 02020B2C 		.ascii	"\002\002\013,@+4\016\247\366\364U?\262\361)\352\321"
 204      402B340E 
 204      A7F6F455 
 204      3FB2F129 
 204      EAD1
 205 010d D07CFEB1 		.ascii	"\320|\376\261\225\030\330{\356\215\276\357\255\216\012"
 205      9518D87B 
 205      EE8DBEEF 
 205      AD8E0A
 206 011c 955FE639 		.ascii	"\225_\3469\002\374\010$\014\365\335\243\373UV\3622s"
 206      02FC0824 
 206      0CF5DDA3 
 206      FB5556F2 
 206      3273
 207 012e 3C9DBBB7 		.ascii	"<\235\273\267\204\302\246X\300\210\303\376\223\305\277"
 207      84C2A658 
 207      C088C3FE 
 207      93C5BF
 208 013d 25E170BC 		.ascii	"%\341p\274\005&\026\021\303\311\326\221\0323XR\363U"
 208      05261611 
 208      C3C9D691 
 208      1A335852 
 208      F355
 209 014f F50B35B8 		.ascii	"\365\0135\270BM\230-@5\330\341'\260\013p\020R)\365\001"
 209      424D982D 
 209      4035D8E1 
 209      27B00B70 
 209      105229F5 
 210 0164 70085089 		.ascii	"p\010P\211\223\373qr\027\245\253;\265\3011\220\247\252"
ARM GAS  /var/folders/qd/4mxf5pkd0zdf0b9dd1hp39180000gn/T//ccuoqfnk.s 			page 16


 210      93FB7172 
 210      17A5AB3B 
 210      B5C13190 
 210      A7AA
 211 0176 06A8010B 		.ascii	"\006\250\001\013T\001a>\030\345\002\013\275\343$2U\327"
 211      5401613E 
 211      18E5020B 
 211      BDE32432 
 211      55D7
 212 0188 AF3C6DEB 		.ascii	"\257<m\353\202\016\300\230!\231g\001\370\035\237\324"
 212      820EC098 
 212      21996701 
 212      F81D9FD4 
 213 0198 D878347C 		.ascii	"\330x4|\001\237\307Y\003\177h\256t\020^\242\275\343"
 213      019FC759 
 213      037F68AE 
 213      74105EA2 
 213      BDE3
 214 01aa DDA06118 		.ascii	"\335\240a\030\302\270\354\247\001@$*\377\316\351\302"
 214      C2B8ECA7 
 214      0140242A 
 214      FFCEE9C2 
 215 01ba 971086D7 		.ascii	"\227\020\206\327\212\003aF\006\031M\026\261(J\2530\366"
 215      8A036146 
 215      06194D16 
 215      B1284AAB 
 215      30F6
 216 01cc 794CA61E 		.ascii	"yL\246\036$h\225\250\331\361\303Mc7t\342x&v\2379\213"
 216      246895A8 
 216      D9F1C34D 
 216      633774E2 
 216      7826769F 
 217 01e2 CDF6EEBB 		.ascii	"\315\366\356\273\262#\2114\000+\320\361\321\221\272"
 217      B2238934 
 217      002BD0F1 
 217      D191BA
 218 01f1 71BC4006 		.ascii	"q\274@\006\034\236y\320\2745\221\027(\031\207\025kF"
 218      1C9E79D0 
 218      BC359117 
 218      28198715 
 218      6B46
 219 0203 8BE2266C 		.ascii	"\213\342&l\240Y/\\\241&\033\340\303\347\240\016kq\004"
 219      A0592F5C 
 219      A1261BE0 
 219      C3E7A00E 
 219      6B7104
 220 0216 6B21C051 		.ascii	"k!\300Q\230\200w\217\221\223Um(\310%\223\202j\260[\255"
 220      9880778F 
 220      9193556D 
 220      28C82593 
 220      826AB05B 
 221 022b 1BA99EB6 		.ascii	"\033\251\236\266\271y\245\332\212\353\2463?\250\325"
 221      B979A5DA 
 221      8AEBA633 
 221      3FA8D5
 222 023a CB544BB7 		.ascii	"\313TK\267\012\034\206n\200C\320\205\312\353a\022\256"
 222      0A1C866E 
ARM GAS  /var/folders/qd/4mxf5pkd0zdf0b9dd1hp39180000gn/T//ccuoqfnk.s 			page 17


 222      8043D085 
 222      CAEB6112 
 222      AE
 223 024b 3F7B76EF 		.ascii	"?{v\357_\361\344\036\227U\322\263v]\234\321\300\313"
 223      5FF1E41E 
 223      9755D2B3 
 223      765D9CD1 
 223      C0CB
 224 025d 4929E8BE 		.ascii	"I)\350\276\332\262\365\2109R\214d\215\020s\234\2119"
 224      DAB2F588 
 224      39528C64 
 224      8D10739C 
 224      8939
 225 026f 069A9A3B 		.ascii	"\006\232\232;\027\212;\315\232\232{[\223\212\325\272"
 225      178A3BCD 
 225      9A9A7B5B 
 225      938AD5BA 
 226 027f 2F54BA65 		.ascii	"/T\272e\320\015\032t-\015\261Z~fZ\356\217l\373\323F"
 226      D00D1A74 
 226      2D0DB15A 
 226      7E665AEE 
 226      8F6CFBD3 
 227 0294 FEE05A36 		.ascii	"\376\340Z6\\k\2575 T7B]J\345H\3139\322\011\035\351D"
 227      5C6BAF35 
 227      20543742 
 227      5D4AE548 
 227      CB39D209 
 228 02ab 2C522343 		.ascii	",R#C\332\323\277wK<Y\305\333f`eC\27612\002\032\234\036"
 228      DAD3BF77 
 228      4B3C59C5 
 228      DB666065 
 228      43BE3132 
 229 02c3 C2AF51F9 		.ascii	"\302\257Q\371\334\264\246MM\322\"\350,O\336\261B-\305"
 229      DCB4A64D 
 229      4DD222E8 
 229      2C4FDEB1 
 229      422DC5
 230 02d6 75410375 		.ascii	"uA\003u\203_t\342_b\211\233\030q{O\345> \2338\361\236"
 230      835F74E2 
 230      5F62899B 
 230      18717B4F 
 230      E53E209B 
 231 02ed BC9EDD66 		.ascii	"\274\236\335f,\253\035\273\033\"Z\333\316[\273\262n"
 231      2CAB1DBB 
 231      1B225ADB 
 231      CE5BBBB2 
 231      6E
 232 02fe 206424BB 		.ascii	" d$\273\230\257a_\250g\021\244Zx\253\235hq\344\255\242"
 232      98AF615F 
 232      A86711A4 
 232      5A78AB9D 
 232      6871E4AD 
 233 0313 793B8D4A 		.ascii	"y;\215JO\351\244v\332j\254m\325\235*\231 \300kvx\025"
 233      4FE9A476 
 233      DA6AAC6D 
 233      D59D2A99 
 233      20C06B76 
ARM GAS  /var/folders/qd/4mxf5pkd0zdf0b9dd1hp39180000gn/T//ccuoqfnk.s 			page 18


 234 0329 9BB6159B 		.ascii	"\233\266\025\233\326\2565m\013\006v\022\003C\202\335"
 234      D6AE356D 
 234      0B067612 
 234      034382DD 
 235 0339 DB4B8FD9 		.ascii	"\333K\217\331\3101\302\010:C\367[\310\030\303\315G\223"
 235      C831C208 
 235      3A43F75B 
 235      C818C3CD 
 235      4793
 236 034b F6B3663E 		.ascii	"\366\263f>\207\014gt\006$|2\305\331'S\014\035\335\337"
 236      870C6774 
 236      06247C32 
 236      C5D92753 
 236      0C1DDDDF 
 237 035f 684A2964 		.ascii	"hJ)d\271\305]\007\024\2175D\033\244\214\235r\2076?\016"
 237      B9C55D07 
 237      148F3544 
 237      1BA48C9D 
 237      7287363F 
 238 0374 995EDCA9 		.ascii	"\231^\334\251v\253t\217N,>\227\253\346\233\250\0074"
 238      76AB748F 
 238      4E2C3E97 
 238      ABE69BA8 
 238      0734
 239 0386 6BE7177F 		.ascii	"k\347\027\177\201\363\360\"\355\224\202\241\375\006"
 239      81F3F022 
 239      ED9482A1 
 239      FD06
 240 0394 D2666449 		.ascii	"\322fdI*\253\254\3305\316\272z\354\250b\202\303\247"
 240      2AABACD8 
 240      35CEBA7A 
 240      ECA86282 
 240      C3A7
 241 03a6 950017C0 		.ascii	"\225\000\027\300\252\221\334\372r\343\355D$Q\353\325"
 241      AA91DCFA 
 241      72E3ED44 
 241      2451EBD5 
 242 03b6 BAE18D71 		.ascii	"\272\341\215q\270a\214\364+\264\363\340\"\326\2643\256"
 242      B8618CF4 
 242      2BB4F3E0 
 242      22D6B433 
 242      AE
 243 03c7 8B8C6B68 		.ascii	"\213\214kh\365\300u\033\351\340\\\033w\207\016\020M"
 243      F5C0751B 
 243      E9E05C1B 
 243      77870E10 
 243      4D
 244 03d8 674BF1F8 		.ascii	"gK\361\370\257\325\340\004\246\362RX%{\201\313le\377"
 244      AFD5E004 
 244      A6F25258 
 244      257B81CB 
 244      6C65FF
 245 03eb 3717D713 		.ascii	"7\027\327\023\322\313W\036\351\017\215\3324\362\307"
 245      D2CB571E 
 245      E90F8DDA 
 245      34F2C7
 246 03fa 11E457FE 		.ascii	"\021\344W\376A~\205At0\210\246\315k\013\255\221\261"
ARM GAS  /var/folders/qd/4mxf5pkd0zdf0b9dd1hp39180000gn/T//ccuoqfnk.s 			page 19


 246      417E8541 
 246      743088A6 
 246      CD6B0BAD 
 246      91B1
 247 040c 5132DDB5 		.ascii	"Q2\335\265\223\307F\237\350\034,\331Y\225\030\351L\361"
 247      93C7469F 
 247      E81C2CD9 
 247      599518E9 
 247      4CF1
 248 041e 75E72ECD 		.ascii	"u\347.\315\271\2139\367\374\031\252I\342\347\213\211"
 248      B98B39F7 
 248      FC19AA49 
 248      E2E78B89 
 249 042e CA6BCE3D 		.ascii	"\312k\316=\224h\311\247U\342kS\"sx\225\226\014D;\356"
 249      9468C9A7 
 249      55E26B53 
 249      22737895 
 249      960C443B 
 250 0443 6556D3C1 		.ascii	"eV\323\301\325y#\332\277G<\016Ko\224\254\263\362\303"
 250      D57923DA 
 250      BF473C0E 
 250      4B6F94AC 
 250      B3F2C3
 251 0456 691A0EDB 		.ascii	"i\032\016\333\036\036\376\303J\372Y\334\306\212\025"
 251      1E1EFEC3 
 251      4AFA59DC 
 251      C68A15
 252 0465 650F8C90 		.ascii	"e\017\214\220j\007\004\003\276\265\350?\223\000\267"
 252      6A070403 
 252      BEB5E83F 
 252      9300B7
 253 0474 B04A3D5A 		.ascii	"\260J=Z\332\360*V\221\374\301\347t\032\337\315\354\371"
 253      DAF02A56 
 253      91FCC1E7 
 253      741ADFCD 
 253      ECF9
 254 0486 844D761D 		.ascii	"\204Mv\0357\331-\246\346&\002\336\340r\312\257\0255"
 254      37D92DA6 
 254      E62602DE 
 254      E072CAAF 
 254      1535
 255 0498 41E416A3 		.ascii	"A\344\026\243\330\277\341\367kL\375m\272\321x\014l\200"
 255      D8BFE1F7 
 255      6B4CFD6D 
 255      BAD1780C 
 255      6C80
 256 04aa 2B5AEF1D 		.ascii	"+Z\357\035\\\223H\206yi\256\326\366\337\215\307\206"
 256      5C934886 
 256      7969AED6 
 256      F6DF8DC7 
 256      86
 257 04bb AEC3866E 		.ascii	"\256\303\206n/%-\005\005k\325\340ru\372lv@\366\352["
 257      2F252D05 
 257      056BD5E0 
 257      7275FA6C 
 257      7640F6EA 
 258 04d0 BF37B6A3 		.ascii	"\2777\266\243\357\260\216\356\336~s\275\215|\033\307"
ARM GAS  /var/folders/qd/4mxf5pkd0zdf0b9dd1hp39180000gn/T//ccuoqfnk.s 			page 20


 258      EFB08EEE 
 258      DE7E73BD 
 258      8D7C1BC7 
 259 04e0 C0068B86 		.ascii	"\300\006\213\206{\0234\260\201\020)ob\247mp6?m\373t"
 259      7B1334B0 
 259      8110296F 
 259      62A76D70 
 259      363F6DFB 
 260 04f5 B0BE58B0 		.ascii	"\260\276X\260\273\014\354\373\253\353\276\213'\0278"
 260      BB0CECFB 
 260      ABEBBE8B 
 260      271738
 261 0504 585968DB 		.ascii	"XYh\333\336$r\235\017\012\352\033JLx\364\302}\2265\234"
 261      DE24729D 
 261      0F0AEA1B 
 261      4A4C78F4 
 261      C27D9635 
 262 0519 C90F6E39 		.ascii	"\311\017n9j\326\270\272j\311\346\362m\\x\243\201\221"
 262      6AD6B8BA 
 262      6AC9E6F2 
 262      6D5C78A3 
 262      8191
 263 052b DD0B93C1 		.ascii	"\335\013\223\301\0030\322Q4_?\343[\223W\266<\236\004"
 263      0330D251 
 263      345F3FE3 
 263      5B9357B6 
 263      3C9E04
 264 053e 4D8CE250 		.ascii	"M\214\342PA\250/Q\317DMt&~\327\305\377\036\0136\300"
 264      41A82F51 
 264      CF444D74 
 264      267ED7C5 
 264      FF1E0B36 
 265 0553 C0768D3C 		.ascii	"\300v\215<,H\"e\034\254\357|i\253U\317Dqt&\006u\260"
 265      2C482265 
 265      1CACEF7C 
 265      69AB55CF 
 265      44717426 
 266 056a C158B021 		.ascii	"\301X\260!\0066\270|\375\0363\2514=%\370Gg\012\317Y"
 266      0636B87C 
 266      FD1E33A9 
 266      343D25F8 
 266      47670ACF 
 267 057f F5E02B62 		.ascii	"\365\340+b\202\037\036\013~\004\203\037\216\245x\010"
 267      821F1E0B 
 267      7E04831F 
 267      8EA57808 
 268 058f 9384E71D 		.ascii	"\223\204\347\035\016\221\377\274~1; \372\263eQ\316\314"
 268      0E91FFBC 
 268      7E313B20 
 268      FAB36551 
 268      CECC
 269 05a1 52B2646F 		.ascii	"R\262do\266\342\220\315\263\336\236?1}\362d\301\344"
 269      B6E290CD 
 269      B3DE9E3F 
 269      317DF264 
 269      C1E4
 270 05b3 777DA648 		.ascii	"w}\246H\201B\020g\370|n\227\354\014\270\274\036\277"
ARM GAS  /var/folders/qd/4mxf5pkd0zdf0b9dd1hp39180000gn/T//ccuoqfnk.s 			page 21


 270      81421067 
 270      F87C6E97 
 270      EC0CB8BC 
 270      1EBF
 271 05c5 F8A6EC76 		.ascii	"\370\246\354v\371\374\212\244\244\371r\344\305S\034"
 271      F9FC8AA4 
 271      A4F972E4 
 271      C5531C
 272 05d4 4E9F4F4C 		.ascii	"N\237OL\367z\002\212'\360\217\217\342\273^\257\333/"
 272      F77A028A 
 272      27F08F8F 
 272      E2BB5EAF 
 272      DB2F
 273 05e6 7E2CCB69 		.ascii	"~,\313i\316\354\2544\217\327\243\244)\316\205\256\264"
 273      CEECAC34 
 273      8FD7A3A4 
 273      29CE85AE 
 273      B4
 274 05f7 A969535E 		.ascii	"\251iS^\235<5m\311\353iY\316E\336l\321\355ZH\275\304"
 274      9D3C356D 
 274      C9EB6959 
 274      CE45DE6C 
 274      D1ED5A48 
 275 060d 282F71AA 		.ascii	"(/q\252c\212c\262\350\362\310\356\234\014E\364\0072"
 275      638A63B2 
 275      E8F2C8EE 
 275      9C0C45F4 
 275      0732
 276 061f 32948F1C 		.ascii	"2\224\217\034\231\202E\242J%\227\307\025x\341\331\261"
 276      998245A2 
 276      4A2597C7 
 276      1578E1D9 
 276      B1
 277 0630 08897266 		.ascii	"\010\211rf:\276\315p\273\275\2625\342}N2\037\314R\002"
 277      3ABECD70 
 277      BBBDB235 
 277      E27D4E32 
 277      1FCC5202 
 278 0644 F302CE40 		.ascii	"\363\002\316@\216\377=\233$e*N\237\264\320\211\362\245"
 278      8EFF3D9B 
 278      24652A4E 
 278      9FB4D089 
 278      F2A5
 279 0656 0449CA71 		.ascii	"\004I\312qy\002\323\244\300\327\377E\370\321a\207\003"
 279      7902D3A4 
 279      C0D7FF45 
 279      F8D16187 
 279      03
 280 0667 CE72CA99 		.ascii	"\316r\312\231.\217\"J\030\2663\307\035\220\002\313|"
 280      2E8F224A 
 280      18B633C7 
 280      1D9002CB 
 280      7C
 281 0678 8A1F1310 		.ascii	"\212\037\023\020\257i[\365\377i\363/\363\213\022V\004"
 281      AF695BF5 
 281      FF69F32F 
 281      F38B1256 
ARM GAS  /var/folders/qd/4mxf5pkd0zdf0b9dd1hp39180000gn/T//ccuoqfnk.s 			page 22


 281      04
 282 0689 8550411E 		.ascii	"\205PA\036ei\000\263n\325\222\250x2$\311\204w\2343\312"
 282      656900B3 
 282      6ED592A8 
 282      783224C9 
 282      84779C33 
 283 069e 99CE6CAC 		.ascii	"\231\316l\254\303\274e\376\371\036L\375\342\330\232"
 283      C3BC65FE 
 283      F91E4CFD 
 283      E2D89A
 284 06ad 8521E54C 		.ascii	"\205!\345L\004E\260D\2377; \3450\337\227b|\351'\277"
 284      0445B044 
 284      9F373B20 
 284      E530DF97 
 284      627CE927 
 285 06c2 38E39DB9 		.ascii	"8\343\235\271\351s\227\342\002\266\017>y#\013W!\265"
 285      E97397E2 
 285      02B60F3E 
 285      79230B57 
 285      21B5
 286 06d4 E2712E74 		.ascii	"\342q.t\343\276\310^bs\272?u.\363\343\026qc\002_\211"
 286      E3BEC85E 
 286      6273BA3F 
 286      752EF3E3 
 286      16716302 
 287 06ea 0441A162 		.ascii	"\004A\241b\372\334ys\346\351\274\024D\316\232\231\343"
 287      FADC7973 
 287      E6E9BC14 
 287      44CE9A99 
 287      E3
 288 06fb 91112781 		.ascii	"\221\021'\201)}\013\271\023\230\016\252\002\367F\206"
 288      297D0BB9 
 288      13980EAA 
 288      02F74686 
 289 070b CB1F06FF 		.ascii	"\313\037\006\377\033\360\335\005\221"
 289      1BF0DD05 
 289      91
 290              		.text
 291              		.section	.gnu.lto_.symtab.dff128666f9256c2,"",%progbits
 292 0000 5F636F72 		.ascii	"_core_init\000"
 292      655F696E 
 292      697400
 293 000b 00       		.ascii	"\000"
 294 000c 00       		.ascii	"\000"
 295 000d 00       		.ascii	"\000"
 296 000e 00000000 		.ascii	"\000\000\000\000\000\000\000\000"
 296      00000000 
 297 0016 C2000000 		.ascii	"\302\000\000\000"
 298 001a 6368436F 		.ascii	"chCoreAlloc\000"
 298      7265416C 
 298      6C6F6300 
 299 0026 00       		.ascii	"\000"
 300 0027 00       		.ascii	"\000"
 301 0028 00       		.ascii	"\000"
 302 0029 00000000 		.ascii	"\000\000\000\000\000\000\000\000"
 302      00000000 
 303 0031 C6000000 		.ascii	"\306\000\000\000"
ARM GAS  /var/folders/qd/4mxf5pkd0zdf0b9dd1hp39180000gn/T//ccuoqfnk.s 			page 23


 304 0035 6368436F 		.ascii	"chCoreAllocI\000"
 304      7265416C 
 304      6C6F6349 
 304      00
 305 0042 00       		.ascii	"\000"
 306 0043 00       		.ascii	"\000"
 307 0044 00       		.ascii	"\000"
 308 0045 00000000 		.ascii	"\000\000\000\000\000\000\000\000"
 308      00000000 
 309 004d C8000000 		.ascii	"\310\000\000\000"
 310 0051 6368436F 		.ascii	"chCoreGetStatusX\000"
 310      72654765 
 310      74537461 
 310      74757358 
 310      00
 311 0062 00       		.ascii	"\000"
 312 0063 00       		.ascii	"\000"
 313 0064 00       		.ascii	"\000"
 314 0065 00000000 		.ascii	"\000\000\000\000\000\000\000\000"
 314      00000000 
 315 006d CB000000 		.ascii	"\313\000\000\000"
 316 0071 5F5F6865 		.ascii	"__heap_base__\000"
 316      61705F62 
 316      6173655F 
 316      5F00
 317 007f 00       		.ascii	"\000"
 318 0080 02       		.ascii	"\002"
 319 0081 00       		.ascii	"\000"
 320 0082 00000000 		.ascii	"\000\000\000\000\000\000\000\000"
 320      00000000 
 321 008a D6000000 		.ascii	"\326\000\000\000"
 322 008e 5F5F6865 		.ascii	"__heap_end__\000"
 322      61705F65 
 322      6E645F5F 
 322      00
 323 009b 00       		.ascii	"\000"
 324 009c 02       		.ascii	"\002"
 325 009d 00       		.ascii	"\000"
 326 009e 00000000 		.ascii	"\000\000\000\000\000\000\000\000"
 326      00000000 
 327 00a6 DB000000 		.ascii	"\333\000\000\000"
 328              		.text
 329              		.section	.gnu.lto_.opts,"",%progbits
 330 0000 272D666D 		.ascii	"'-fmath-errno' '-fsigned-zeros' '-ftrapping-math' '"
 330      6174682D 
 330      6572726E 
 330      6F272027 
 330      2D667369 
 331 0033 2D666E6F 		.ascii	"-fno-trapv' '-fno-openmp' '-fno-openacc' '-mcpu=cor"
 331      2D747261 
 331      70762720 
 331      272D666E 
 331      6F2D6F70 
 332 0066 7465782D 		.ascii	"tex-m0' '-mno-thumb-interwork' '-mthumb' '-O2' '-fo"
 332      6D302720 
 332      272D6D6E 
 332      6F2D7468 
ARM GAS  /var/folders/qd/4mxf5pkd0zdf0b9dd1hp39180000gn/T//ccuoqfnk.s 			page 24


 332      756D622D 
 333 0099 6D69742D 		.ascii	"mit-frame-pointer' '-falign-functions=16' '-ffuncti"
 333      6672616D 
 333      652D706F 
 333      696E7465 
 333      72272027 
 334 00cc 6F6E2D73 		.ascii	"on-sections' '-fdata-sections' '-fno-common' '-flto"
 334      65637469 
 334      6F6E7327 
 334      20272D66 
 334      64617461 
 335 00ff 2700     		.ascii	"'\000"
 336              		.text
 337              		.comm	__gnu_lto_v1,1,1
 338              		.comm	__gnu_lto_slim,1,1
 339              		.ident	"GCC: (GNU Tools for Arm Embedded Processors 7-2017-q4-major) 7.2.1 20170904 (release) [ARM
ARM GAS  /var/folders/qd/4mxf5pkd0zdf0b9dd1hp39180000gn/T//ccuoqfnk.s 			page 25


DEFINED SYMBOLS
                            *ABS*:0000000000000000 chmemcore.c
                            *COM*:0000000000000001 __gnu_lto_v1
                            *COM*:0000000000000001 __gnu_lto_slim

NO UNDEFINED SYMBOLS
