ARM GAS  /var/folders/qd/4mxf5pkd0zdf0b9dd1hp39180000gn/T//ccREVRAm.s 			page 1


   1              		.cpu cortex-m0
   2              		.eabi_attribute 20, 1
   3              		.eabi_attribute 21, 1
   4              		.eabi_attribute 23, 3
   5              		.eabi_attribute 24, 1
   6              		.eabi_attribute 25, 1
   7              		.eabi_attribute 26, 1
   8              		.eabi_attribute 30, 2
   9              		.eabi_attribute 34, 0
  10              		.eabi_attribute 18, 4
  11              		.file	"chmempools.c"
  12              		.section	.gnu.lto_.profile.cefd55884eb56d2c,"",%progbits
  13 0000 789C6363 		.ascii	"x\234cc```\001bF\206\030s\000\001g\000\237"
  13      60606001 
  13      62468618 
  13      73000167 
  13      009F
  14              		.text
  15              		.section	.gnu.lto_.icf.cefd55884eb56d2c,"",%progbits
  16 0000 789C6363 		.ascii	"x\234cc``\320a@\000v\206[\273\037\274\343g\334\275\360"
  16      6060D061 
  16      40007686 
  16      5BBB1FBC 
  16      E367DCBD 
  17 0015 FD0D2EA6 		.ascii	"\375\015.\246\203\257\326_\345dn\377\360j\015\027\313"
  17      83AFD65F 
  17      E5646EFF 
  17      F06A0D17 
  17      CB
  18 0026 AE8FDB1F 		.ascii	"\256\217\333\037\260\263\356h\333\361\207\221\355\320"
  18      B0B3EE68 
  18      DBF18791 
  18      EDD0
  19 0034 D48B5F98 		.ascii	"\324\213_\230\030\000\011F\026\227"
  19      18000946 
  19      1697
  20              		.text
  21              		.section	.gnu.lto_.jmpfuncs.cefd55884eb56d2c,"",%progbits
  22 0000 789C5D8C 		.ascii	"x\234]\214\261\015\2000\014\004\357\355\220\224\354"
  22      B10D8030 
  22      0C04EFED 
  22      9094EC
  23 000f C366544C 		.ascii	"\303fTLA\3070\331\014\354\"\"\312K_\370\317\272\012"
  23      41C730D9 
  23      0CEC2222 
  23      CA4B5FF8 
  23      CFBA0A
  24 0022 DCFC6948 		.ascii	"\334\374iH\272\036\307@\275\210\350\033\331\341\350"
  24      BA1EC740 
  24      BD88E81B 
  24      D9E1E8
  25 0031 C883B6C4 		.ascii	"\310\203\266\304\321|3\233\027\317\325\207\300N\264"
  25      D17C339B 
  25      17CFD587 
  25      C04EB4
  26 0040 38CAC456 		.ascii	"8\312\304V\377f\222\017Q\235\017>\024\253\"5"
  26      FF66920F 
ARM GAS  /var/folders/qd/4mxf5pkd0zdf0b9dd1hp39180000gn/T//ccREVRAm.s 			page 2


  26      519D0F3E 
  26      14AB2235 
  27              		.text
  28              		.section	.gnu.lto_.inline.cefd55884eb56d2c,"",%progbits
  29 0000 789C6D8E 		.ascii	"x\234m\216\255n\002Q\024\204g\316\271?\013\354\206E"
  29      AD6E0251 
  29      148467CE 
  29      B93F0BEC 
  29      8645
  30 0012 61485855 		.ascii	"aHXUT\221\353\232\364\011\352y\005x\016\010\011\242"
  30      5491EB9A 
  30      F409EA79 
  30      05780E08 
  30      09A2
  31 0024 154D1392 		.ascii	"\025M\023\222\212\212\232\352\0324\266\002$\026T%\217"
  31      8A8A9AEA 
  31      1A34B602 
  31      24165425 
  31      8F
  32 0035 C0BDBBB0 		.ascii	"\300\275\273\260\212+\3169\311\334\231o\034\200\007"
  32      8A2BCE39 
  32      C9DC996F 
  32      1C8007
  33 0044 A2791E48 		.ascii	"\242y\036H\3734(f\357\312\217\371v\347W\372\251B\360"
  33      FB342866 
  33      EFCA8FF9 
  33      76E757FA 
  33      A942F0
  34 0057 97037D46 		.ascii	"\227\003}F1\275\035\304u\026.\370\334\327P\300\177\237"
  34      31BD1DC4 
  34      75162EF8 
  34      DCD750C0 
  34      7F9F
  35 0069 0BEC7294 		.ascii	"\013\354r\224\203G_\030\251W\314\265=\030\360\355\205"
  35      83475F18 
  35      A957CCB5 
  35      3D18F0ED 
  35      85
  36 007a 709610DD 		.ascii	"p\226\020\335\364\321:\224\022%A\366DJ\210\202\364N"
  36      F4D13A94 
  36      122541F6 
  36      444A8882 
  36      F44E
  37 008c AF0EADC5 		.ascii	"\257\016\255\3057\005\321\246\350\264\251\241\014\307"
  37      3705D1A6 
  37      E8B4A9A1 
  37      0CC7
  38 009a 034584D7 		.ascii	"\003E\204\327;Pq\217\252\177\335@Y[S\005k\212$2\015"
  38      3B50718F 
  38      AA7FDD40 
  38      595B5305 
  38      6B8A2432 
  39 00af B24E60A6 		.ascii	"\262N`\246\253\011\222\237\307\233\024\025\033\333\260"
  39      AB09929F 
  39      C79B1415 
  39      1BDBB0
  40 00be CE33B2EF 		.ascii	"\3163\262\357\"9\217\253@S\317\370\325!\361\301\355"
ARM GAS  /var/folders/qd/4mxf5pkd0zdf0b9dd1hp39180000gn/T//ccREVRAm.s 			page 3


  40      22398FAB 
  40      4053CFF8 
  40      D521F1C1 
  40      ED
  41 00cf 0F65D318 		.ascii	"\017e\323\030\027>\363#\344"
  41      173EF323 
  41      E4
  42              		.text
  43              		.section	.gnu.lto_.pureconst.cefd55884eb56d2c,"",%progbits
  44 0000 789C6363 		.ascii	"x\234cc``\020\002bv\006IF)\246]\214\314R,\273\030Y\245"
  44      60601002 
  44      62760649 
  44      4629A65D 
  44      8CCC522C 
  45 0018 D8763102 		.ascii	"\330v1\002\000\026\364\002\315"
  45      0016F402 
  45      CD
  46              		.text
  47              		.section	.gnu.lto_chPoolAllocI.part.0.cefd55884eb56d2c,"",%progbits
  48 0000 789C8D52 		.ascii	"x\234\215R\317k\023A\024~\337\274\331\335\324\037\025"
  48      CF6B1341 
  48      147EDFBC 
  48      D9DDD41F 
  48      15
  49 0011 8AC71C02 		.ascii	"\212\307\034\002\332\226z\310\376\005\336\375;\014E"
  49      DA967AC8 
  49      FE05DEFD 
  49      3B0C45
  50 0020 298684C6 		.ascii	")\206\204\306{\247iBRZ\241\007[!,\272\245J\351AT\374"
  50      7BA76942 
  50      525AA107 
  50      5B212CBA 
  50      A54AE941 
  51 0036 5563D550 		.ascii	"Uc\325Pi\021$\225\210\007\321RP\261X\021\261\010\036"
  51      69112495 
  51      8807D152 
  51      50B15811 
  51      B1081E
  52 0049 1452DFCC 		.ascii	"\024R\337\314\366\240\340\301a\367\275\2317\357{\337"
  52      F6A0E0C1 
  52      61F7BD99 
  52      37EF7BDF 
  53 0059 376FC627 		.ascii	"7o\306'\2423\212\350\204\370\223\362\303'x3\0332\361"
  53      A2338AE8 
  53      84F893F2 
  53      C3277833 
  53      1B32F1
  54 006c A09C578A 		.ascii	"\240\234W\212\237\267\211\314\001\275&\366\020C\333"
  54      9FB789CC 
  54      01BD26F6 
  54      1043DB
  55 007b F0784A03 		.ascii	"\360xJ\003vbR\2401O\261\306\030\246\371\"\243S\271\031"
  55      766252A0 
  55      314FB1C6 
  55      18A6F922 
  55      A353B919 
  56 008f F114474C 		.ascii	"\361\024GL\320\262\334m7>\364\332%\220\221\345R\355"
ARM GAS  /var/folders/qd/4mxf5pkd0zdf0b9dd1hp39180000gn/T//ccREVRAm.s 			page 4


  56      D0B2DC6D 
  56      373EF4DA 
  56      259091E5 
  56      52ED
  57 00a1 7BC71F5A 		.ascii	"{\307\037Z4\246lZ\227\276\005\213\023\325S\021+\232"
  57      34A66C5A 
  57      97BE058B 
  57      13D55311 
  57      2B9A
  58 00b3 93EC3B48 		.ascii	"\223\354;H\3436\322V\304]\014I\356\247\345\365z\212"
  58      E336D256 
  58      C45D0C49 
  58      EEA7E5F5 
  58      7A8A
  59 00c5 8F8164FE 		.ascii	"\217\201d\376k|k\251w\360\232\303m^es<b\306=\360\237"
  59      6B7C6BA9 
  59      77F09AC3 
  59      6D5E6573 
  59      3C62C63D 
  60 00db 400911EE 		.ascii	"@\011\021\356c\320\346\357Tf\352Gx\300aw\273\027~\006"
  60      63D0E6EF 
  60      5466EA47 
  60      78C06177 
  60      BB177E06 
  61 00ef FD0B0EBB 		.ascii	"\375\013\016\273q\245o~\302<3ZX\261\3747\336\016I\177"
  61      71A56F7E 
  61      C23C335A 
  61      58B1FC37 
  61      DE0E497F 
  62 0103 7FAB3B7B 		.ascii	"\177\253;{\330\327x\200~\247\253i{\342\014\221\212%"
  62      D8D77880 
  62      7EA7AB69 
  62      7BE20C91 
  62      8A25
  63 0115 201B375E 		.ascii	" \0337^z\306t\367j\3064\007\372z\000K\253D\200f1\236"
  63      7AC674F7 
  63      6AC63407 
  63      FA7A004B 
  63      AB448066 
  64 012b 76399EB3 		.ascii	"v9\236\263Du&\262\235\252\263g=O\312y\255\377\214rs"
  64      447526B2 
  64      9DAAB367 
  64      3D4FCA79 
  64      ADFF8C72 
  65 0140 676A2DB0 		.ascii	"gj-\260\265\033\254\204y\256\272\372\"\260\275b\247"
  65      B51BAC84 
  65      79AEBAFA 
  65      22B0BD62 
  65      A7
  66 0151 7B65B5BD 		.ascii	"{e\265\275\356\307\270\214\210%\001xh5J\374U\355\365"
  66      EEC7B88C 
  66      88250178 
  66      68354AFC 
  66      55EDF5
  67 0164 D6C1F0BA 		.ascii	"\326\301\360\272\221\221\2118\300\012b\314\262U\217"
  67      91918938 
  67      C00A62CC 
ARM GAS  /var/folders/qd/4mxf5pkd0zdf0b9dd1hp39180000gn/T//ccREVRAm.s 			page 5


  67      B2558F
  68 0173 4708E923 		.ascii	"G\010\351#*o\237n\342\037e\003\020\036\357\037tR\232"
  68      2A6F9F6E 
  68      E21F6503 
  68      101EEF1F 
  68      74529A
  69 0186 25F79AA8 		.ascii	"%\367\232\250\230\256\356\253\340\377\246M\341\211\243"
  69      98AEEEAB 
  69      E0FFA64D 
  69      E189A3
  70 0195 85A56D09 		.ascii	"\205\245m\011\355\027T\342\221\244\212\026^\222b\021"
  70      ED1754E2 
  70      91A48A16 
  70      5E926211 
  71 01a5 F7D036CA 		.ascii	"\367\3206\312\031\033\265\275\220\035\307\254\335\371"
  71      191BB5BD 
  71      901DC7AC 
  71      DDF9
  72 01b3 B7A12889 		.ascii	"\267\241(\211z\364\025\345\370\335\321\004\355I\316"
  72      7AF415E5 
  72      F8DDD104 
  72      ED49CE
  73 01c2 0F797ED9 		.ascii	"\017y~\331\264z\263\327\202\200\270\261\320\201\364"
  73      B47AB3D7 
  73      8280B8B1 
  73      D081F4
  74 01d1 0F16278F 		.ascii	"\017\026'\2175\223\315\206\311W(\205\243\347\303\322"
  74      3593CD86 
  74      C9572885 
  74      A3E7C3D2 
  75 01e1 682ECC9D 		.ascii	"h.\314\235\315\017\347\213\205\302\271R6G*_\324\205"
  75      CD0FE78B 
  75      85C2B952 
  75      36472A5F 
  75      D485
  76 01f3 D323C5DF 		.ascii	"\323#\305\337\242-\311\251"
  76      A22DC9A9 
  77              		.text
  78              		.section	.gnu.lto_chPoolObjectInit.cefd55884eb56d2c,"",%progbits
  79 0000 789C9591 		.ascii	"x\234\225\221\337K\024Q\024\307\317\367\236\331\331"
  79      DF4B1451 
  79      14C7CFF7 
  79      9ED9D9
  80 000f 21D3DEC2 		.ascii	"!\323\336\302\310\207\205\242E\204\235\207\376\244m"
  80      C88785A2 
  80      45849D87 
  80      FEA46D
  81 001e 21A16596 		.ascii	"!\241e\226\335\350\241\027\357n\331\256\224\340C\032"
  81      DDE8A117 
  81      EF6ED9AE 
  81      94E0431A 
  82 002e 0C830DF6 		.ascii	"\014\203\015\366SB**\323\262\234\326\330\227\262(\012"
  82      53422A2A 
  82      D3B29CD6 
  82      D897B228 
  82      0A
  83 003f C440A20D 		.ascii	"\304@\242\015Q\037\202\302\267\300:\367\266\201\370"
ARM GAS  /var/folders/qd/4mxf5pkd0zdf0b9dd1hp39180000gn/T//ccREVRAm.s 			page 6


  83      511F82C2 
  83      B7C03AF7 
  83      B681F8
  84 004e E6652E73 		.ascii	"\346e.s\316\334\363\371\236s\277\343\022Q\240\210N\312"
  84      CEDCF3F9 
  84      9E73BFE3 
  84      1251A088 
  84      4ECA
  85 0060 FBA86C30 		.ascii	"\373\250l0A\215\275#\252z\0120\201\366@C\012C\270\302"
  85      418DBD23 
  85      AA7A0A30 
  85      81F64043 
  85      0A43B8C2 
  86 0074 5719CDFA 		.ascii	"W\031\315\372\372\274\352\277\243e%\327f\335Kz\2707"
  86      FABCEABF 
  86      A36525D7 
  86      66DD4B7A 
  86      B837
  87 0086 62A209D9 		.ascii	"b\242\011\331f\341\021\372\245\352\303\305\007\021_"
  87      66E111FA 
  87      A5EAC3C5 
  87      07115F
  88 0095 E6880147 		.ascii	"\346\210\001G\322\237\313a\273\307\244\012\031I7\346"
  88      D29FCB61 
  88      BBC7A40A 
  88      194937E6 
  89 00a5 5A0D8F8F 		.ascii	"Z\015\217\217\201$\376]]\233\356\311\336\322\272\246"
  89      8124FE5D 
  89      5D9BEEC9 
  89      DED2BAA6 
  90 00b5 93ED9BAC 		.ascii	"\223\355\233\254\217G\314\230\005\213 \236\240\017\217"
  90      8F47CC98 
  90      058B209E 
  90      A00F8F
  91 00c4 D147F289 		.ascii	"\321G\362\211\360\024Y)\237\252~~\323\315',\372udf\324"
  91      F0145929 
  91      9FAA7E7E 
  91      D3CD272C 
  91      FA756466 
  92 00d9 E9A06F6F 		.ascii	"\351\240oo[\324\301\334^\324!\314[\364\313dk\363 \017"
  92      5BD4C1DC 
  92      5ED421CC 
  92      5BF4CB64 
  92      6BF3200F 
  93 00ed 587471F5 		.ascii	"Xtq\365\327\215C\035\364{o\250\023'\342\024\236\355"
  93      D78D431D 
  93      F47B6FA8 
  93      1327E214 
  93      9EED
  94 00ff 655384E7 		.ascii	"eS\204\347\310\032\340\333\303\235\361n\327\211\377"
  94      C81AE0DB 
  94      C39DF16E 
  94      D789FF
  95 010e 5F150B70 		.ascii	"_\025\013p\011\022\334\377\230J\364\316\237\272L\177"
  95      0912DCFF 
  95      984AF4CE 
  95      9FBA4C7F 
ARM GAS  /var/folders/qd/4mxf5pkd0zdf0b9dd1hp39180000gn/T//ccREVRAm.s 			page 7


  96 011e 6475CB33 		.ascii	"du\3133\246\311\244\016LS\027\026\247\206\020\342\244"
  96      A6C9A40E 
  96      4C531716 
  96      A78610E2 
  96      A4
  97 012f 4E688495 		.ascii	"Nh\204\225\211.$\264\205\332\366\306\365v\332\010\211"
  97      892E24B4 
  97      85DAF6C6 
  97      F576DA08 
  97      89
  98 0140 FEC470F3 		.ascii	"\376\304p\363}\3328\304v\276\205\346r\313\2151Y\025"
  98      7DDA38C4 
  98      76BE85E6 
  98      72CB8D31 
  98      5915
  99 0152 9BE3C311 		.ascii	"\233\343\303\021\273\241X\367Bf2\207\237\352+k]\376"
  99      BBA158F7 
  99      42663287 
  99      9FEA2B6B 
  99      5DFE
 100 0164 8CF90599 		.ascii	"\214\371\005\231\210\323x\211\030\343\326\177,\302\337"
 100      88D37889 
 100      18E3D67F 
 100      2CC2DF
 101 0173 2D960621 		.ascii	"-\226\006!\021J\232\205\233w\227\272:\315\366\241\356"
 101      114A9A85 
 101      9B7797BA 
 101      3ACDF6A1 
 101      EE
 102 0184 E0955537 		.ascii	"\340\225U7WE\023~(~Z\265\351\366\201\375\253\245\260"
 102      5745137E 
 102      287E5AB5 
 102      E9F681FD 
 102      ABA5B0
 103 0197 64D59451 		.ascii	"d\325\224Q{m\324\\\372\201Z|o\024\326P\263\032\322K"
 103      7B6DD45C 
 103      FA815A7C 
 103      6F14D650 
 103      B31AD24B 
 104 01ab 2C92924C 		.ascii	",\222\222L.\347\377{\202\212_>\353W\312y?\177\272X("
 104      2EE7FF7B 
 104      828A5F3E 
 104      EB57CA79 
 104      3F7FBA58 
 105 01c0 9682E04C 		.ascii	"\226\202\340L%\227'U,9\225\301\363\005\257T\016\316"
 105      25972755 
 105      2C3995C1 
 105      F305AF54 
 105      0ECE
 106 01d2 0D9E2A94 		.ascii	"\015\236*\224\377\002\371j\330\360"
 106      FF02F96A 
 106      D8F0
 107              		.text
 108              		.section	.gnu.lto_chPoolLoadArray.cefd55884eb56d2c,"",%progbits
 109 0000 789C9D55 		.ascii	"x\234\235U[L\034U\030>\377\234\231\235e\027\241\321"
 109      5B4C1C55 
 109      183EFF9C 
ARM GAS  /var/folders/qd/4mxf5pkd0zdf0b9dd1hp39180000gn/T//ccREVRAm.s 			page 8


 109      999D6517 
 109      A1D1
 110 0012 C4344DA3 		.ascii	"\3044M\243\333\264\024!\015K\2141\276\232&&>\360\"/"
 110      DBB41421 
 110      0D4B8C31 
 110      BE9A2626 
 110      3EF0222F 
 111 0026 DEA2895B 		.ascii	"\336\242\211[\0220\205\335\260\324\224\247\016\313u"
 111      123085DD 
 111      B0D494A7 
 111      0ECB75
 112 0035 451B6261 		.ascii	"E\033ba5\223M\335HI\313\003R[\254\333\202uY,\275p\351"
 112      35934DDD 
 112      4849CB03 
 112      525BACDB 
 112      8275592C 
 113 004c 45A8B4AC 		.ascii	"E\250\264\254\024A\326\322\232&\325\270\261\326\202"
 113      1441D6D2 
 113      9A26D5B8 
 113      B1D682
 114 005b FF7F6696 		.ascii	"\377\177f\226.S\250\211\023\230\375\3179\337\367_\276"
 114      2E53A889 
 114      1398FDCF 
 114      39DFF75F 
 114      BE
 115 006c F39F3336 		.ascii	"\363\23736\306\330y\225\261\233\370\373:\376\203\215"
 115      C6D87995 
 115      B19BF8FB 
 115      3AFE838D 
 116 007c 81D436CE 		.ascii	"\201\3246\316X\235]\002\3310\270a\014\332e\211\367\305"
 116      589D5D02 
 116      D930B861 
 116      0CDA6589 
 116      F7C5
 117 008e 19D31C4A 		.ascii	"\031\323\034J\302\311\264l\005\200\3465;\260}\022\227"
 117      C2C9B46C 
 117      0580E635 
 117      3BB07D12 
 117      97
 118 009f 15D827C9 		.ascii	"\025\330'\311\014b2,\343\223\273b0z>\342\355\034\342"
 118      0C62322C 
 118      E393BB62 
 118      307A3EE2 
 118      ED1CE2
 119 00b2 CDC99352 		.ascii	"\315\311\223R\301a\015\237\330\247\237\250MZ\343\306"
 119      C1610D9F 
 119      D8A79FA8 
 119      4D5AE3C6 
 120 00c2 30672CC4 		.ascii	"0g,\304\005\204\301q(@\324\345\206\243a\336\312\303"
 120      0584C171 
 120      2840D4E5 
 120      86A361DE 
 120      CAC3
 121 00d4 1C40C6E1 		.ascii	"\034@\306\341\3351}>\207\206\022\270px3:\334b\347[\201"
 121      DD317D3E 
 121      878612B8 
 121      7078333A 
ARM GAS  /var/folders/qd/4mxf5pkd0zdf0b9dd1hp39180000gn/T//ccREVRAm.s 			page 9


 121      DC62E75B 
 122 00e9 A17DBF6E 		.ascii	"\241}\277n\246;'\277K\323\002Z\354\267C\\\333\026\346"
 122      A63B27BF 
 122      4BD3025A 
 122      ECB7435C 
 122      DB16E6
 123 00fc 1C4E0047 		.ascii	"\034N\000G\207\3605l\206>\330\314p\212\3017\220\217"
 123      87F0356C 
 123      863ED8CC 
 123      708AC137 
 123      908F
 124 010e F0D158B0 		.ascii	"\360\321X\260\327\301\267\013\352|\360\336\257\016\223"
 124      D7C1B70B 
 124      EA7CF0DE 
 124      AF0E93
 125 011d FA4F97A0 		.ascii	"\372O\227\240\312\020\265R\261\234\223\202\372@k\017"
 125      CA10B552 
 125      B19C9382 
 125      FA406B0F 
 126 012d E5F0E704 		.ascii	"\345\360\347\004\365\227\221\3166\325\244\216\036\026"
 126      F59791CE 
 126      36D5A48E 
 126      1E16
 127 013b 54054E59 		.ascii	"T\005NY\251\012\203~\310'\374\334WK\035O\330\344H\272"
 127      A90A837E 
 127      C827FCDC 
 127      574B1D4F 
 127      D8E448BA 
 128 014f 5218001B 		.ascii	"R\030\000\033\340\374bC[K./\024>\357.}\374\267\232\327"
 128      E0FC6243 
 128      5B4B2E2F 
 128      143EEF2E 
 128      7DFCB79A 
 129 0164 297CF66D 		.ascii	")|\366m\212\0046P:\337\256\366I\017B\373\317\036: \233"
 129      8A043650 
 129      3ADFAEF6 
 129      490F42FB 
 129      CF1E3A20 
 130 0179 D0E5AEED 		.ascii	"\320\345\256\355\3613MZ[\235}\215\312M\274\021\276\301"
 130      F1334D5A 
 130      5B9D7D8D 
 130      CA4DBC11 
 130      BEC1
 131 018b 103DAC2A 		.ascii	"\020=\254*\360\035\344\301i\310\023y\2048\374\037\237"
 131      F01DE4C1 
 131      69C81379 
 131      8438FC1F 
 131      9F
 132 019c 99E95E82 		.ascii	"\231\351^\202s\232\274~\272\231\341g\272m\020\307\350"
 132      739ABC7E 
 132      BA99E167 
 132      BA6D10C7 
 132      E8
 133 01ad 83143D46 		.ascii	"\203\024=F\321%+\344\200\236\303`\210\226x\206v\014"
 133      D1252BE4 
 133      809EC360 
 133      88967886 
ARM GAS  /var/folders/qd/4mxf5pkd0zdf0b9dd1hp39180000gn/T//ccREVRAm.s 			page 10


 133      760C
 134 01bf BE47CDCE 		.ascii	"\276G\315\316`sZ\340\363\372\216w\030-\204p\257\254"
 134      60735AE0 
 134      F3FA8E77 
 134      182D8470 
 134      AFAC
 135 01d1 6B075F78 		.ascii	"k\007_x\223\3010\255)\253|\235E_\347\250\321\361\005"
 135      93C130AD 
 135      29AB7C9D 
 135      455FE7A8 
 135      D1F105
 136 01e4 9865EF15 		.ascii	"\230e\357\025%\246--7\243>O\206\377ZLl\335\000\270\201"
 136      25A62D2D 
 136      37A33E4F 
 136      86FF5A4C 
 136      6CDD00B8 
 137 01f9 36496C3E 		.ascii	"6Il>\027\373\210\255\216\266\015\310\266\003\365S\226"
 137      17FB88AD 
 137      8EB60DC8 
 137      B603F553 
 137      96
 138 020a 58758855 		.ascii	"Xu\210U'\302\361\014\265\340\356&\234Z\014\015\011\215"
 138      27C2F10C 
 138      B5E0EE26 
 138      9C5A0C0D 
 138      098D
 139 021c FA180B62 		.ascii	"\372\030\013b\025xb\320JB \322\277_!\3151\225\366d\313"
 139      157862D0 
 139      4A4220D2 
 139      BF5F21CD 
 139      3195F664 
 140 0231 9FB98547 		.ascii	"\237\271\205GD\232\251\250\244GHkf\236\202\363P\250"
 140      449AA9A8 
 140      A447486B 
 140      669E82F3 
 140      50A8
 141 0243 737B2683 		.ascii	"s{&\203\266KG\237I\020z=\226}\001\012\311\203\300\212"
 141      B64B479F 
 141      49107A3D 
 141      967D010A 
 141      C983C08A 
 142 0257 ADBE901E 		.ascii	"\255\276\220\036\014f\016\342\206\307\333P7w\277#q\025"
 142      0C660EE2 
 142      86C7DB50 
 142      3777BF23 
 142      7115
 143 0269 ACDB104A 		.ascii	"\254\333\020Jo\303\032\222\027\277\305`\204\326\324"
 143      6FC31A92 
 143      17BFC560 
 143      84D6D4
 144 0278 47252F7E 		.ascii	"G%/~\203\301(\255\331WI>\206E\214\223\344\364b\300F"
 144      83C128AD 
 144      D957493E 
 144      86458C93 
 144      E4F462C0 
 145 028d 28E091D3 		.ascii	"(\340\221\323C\013\331[&\340s\3553W\330 \374\376\345"
 145      430BD95B 
ARM GAS  /var/folders/qd/4mxf5pkd0zdf0b9dd1hp39180000gn/T//ccREVRAm.s 			page 11


 145      26E073ED 
 145      3357D820 
 145      FCFEE5
 146 02a0 B149A72C 		.ascii	"\261I\247,!\344\"l\301\367%\220I\210\331`\253j\355\323"
 146      21E4226C 
 146      C1F72590 
 146      4988D960 
 146      AB6AEDD3 
 147 02b4 F168B6AE 		.ascii	"\361h\266\256\305\032\\\353t)\\^)7\020\351\015sk\333"
 147      C51A5CEB 
 147      74295C5E 
 147      293710E9 
 147      0D736BDB 
 148 02c8 3EA4AFD9 		.ascii	">\244\257\331\271p%-y \362G\310m\2513\031\265\021\200"
 148      B970252D 
 148      7920F247 
 148      C86DA933 
 148      19B51180 
 149 02dc 62983265 		.ascii	"b\2302e\221\377\351k3\321l\236\000q\246&ot\277m\306"
 149      91FFE96B 
 149      33D16C9E 
 149      0071A626 
 149      6F74BF6D 
 150 02f1 4AF63CF3 		.ascii	"J\366<\363E\275&\216\211\012\023\2179&2L\222\307\037"
 150      45BD268E 
 150      890A138F 
 150      3926324C 
 150      92C71F
 151 0304 50ADABA4 		.ascii	"P\255\253\244\026\276h\206\022\271\005\201S\213\213"
 151      16BE6886 
 151      12B90581 
 151      538B8B
 152 0313 8D4E9AD3 		.ascii	"\215N\232\323\271\023)\241\306\370E\225.\306,\021o "
 152      B91329A1 
 152      C6F84595 
 152      2EC62C11 
 152      6F20
 153 0325 3E366C8B 		.ascii	">6l\213\300A\300 \330?\360#9\207)\210\000q'>\014*D\315"
 153      C041C020 
 153      D83FF023 
 153      39872988 
 153      0071273E 
 154 033d E4A9569E 		.ascii	"\344\251V\236\003\003\3015\342\341\374D\363\324\214"
 154      0303C135 
 154      E2E1FC44 
 154      F3D48C
 155 034c D3DD43F5 		.ascii	"\323\335C\365F6\021\370:\272\352\300>\243\364\030L\203"
 155      463611F8 
 155      3ABAEAC0 
 155      3EA3F418 
 155      4C83
 156 035e 1BD320D7 		.ascii	"\033\323 \327\241\305[\013\252\351{\355$\022\310L\213"
 156      A1C55B0B 
 156      AAE97BED 
 156      2412C84C 
 156      8B
 157 036f 791CB742 		.ascii	"y\034\267B\350F#\227\320\231\2116\274\327q\342iq,\261"
ARM GAS  /var/folders/qd/4mxf5pkd0zdf0b9dd1hp39180000gn/T//ccREVRAm.s 			page 12


 157      E8462397 
 157      D0998936 
 157      BCD771E2 
 157      69712CB1 
 158 0383 3D66FFB3 		.ascii	"=f\377\263=~\022\3551c\266\307\203c\245\242\277\323"
 158      3D7E12ED 
 158      3163B6C7 
 158      8363A5A2 
 158      BFD3
 159 0395 4EE3A639 		.ascii	"N\343\2469\333:\336\011\351\023\304\014\015\247:\237"
 159      DB3ADE09 
 159      E913C40C 
 159      0DA73A9F 
 160 03a5 A2199D43 		.ascii	"\242\031\235C\246\026|\225\026uX4\306tR\0117\036\325"
 160      A6167C95 
 160      16755834 
 160      C6745209 
 160      371ED5
 161 03b8 C34537FE 		.ascii	"\303E7\376\254\220\203\356\017\370\031\334\350\273>"
 161      AC9083EE 
 161      0FF819DC 
 161      E8BB3E
 162 03c7 DC546B78 		.ascii	"\334Tkx\316\302b\321\277HFD\307\233\002g\011\023j\352"
 162      CEC262D1 
 162      BF484644 
 162      C79B0267 
 162      09136AEA 
 163 03db E9DF68A0 		.ascii	"\351\337h\240Pm\372(\336\0368:\245P\012\212\371\335"
 163      506DFA28 
 163      DE1E383A 
 163      A5500A8A 
 163      F9DD
 164 03ed 9CC3802B 		.ascii	"\234\303\200+\314~b:0H\020/8\374\332\212\253Db\306<"
 164      CC7E623A 
 164      3048102F 
 164      38FCDA8A 
 164      AB4462C6 
 165 0402 376CE15D 		.ascii	"7l\341]b\013\3200=t'\374\274\341\235gV\247\000\203y"
 165      620BD030 
 165      3D7427FC 
 165      BCE19D67 
 165      56A70083 
 166 0417 A3D95280 		.ascii	"\243\331R\200\251)\022\303|\270\236z)\005\\\247\253"
 166      A92912C3 
 166      7CB89E7A 
 166      29055CA7 
 166      AB
 167 0428 0E83F0EB 		.ascii	"\016\203\360\353\251b\014\243\030W\327\035j\374\375"
 167      A9620CA3 
 167      1857D71D 
 167      6AFCFD
 168 0437 423CD1A3 		.ascii	"B<\321\243-XO\302\211\322\273\212\212\334\306\237\327"
 168      2D584FC2 
 168      89D2BB8A 
 168      8ADCC69F 
 168      D7
 169 0448 EFAEAE71 		.ascii	"\357\256\256q\373\253=nOyeY\245\317\353\335\355/\362"
ARM GAS  /var/folders/qd/4mxf5pkd0zdf0b9dd1hp39180000gn/T//ccREVRAm.s 			page 13


 169      FBAB3D6E 
 169      4F796559 
 169      A5CFEBDD 
 169      ED2FF2
 170 045b 30A9D207 		.ascii	"0\251\322\007>\250\222\275\357\275\357\333f\001WTyv"
 170      3EA892BD 
 170      EFBDEFDB 
 170      66015754 
 170      7976
 171 046d EFD95596 		.ascii	"\357\331U\226I(g\317\256\013\362\327\322z\201e\335\347"
 171      492867CF 
 171      AE0BF2D7 
 171      D27A8165 
 171      DDE7
 172 047f ADAEF1BB 		.ascii	"\255\256\361\273_~\255dg\311^\004y\274\325e\357~\360"
 172      5F7EAD64 
 172      67C95E04 
 172      79BCD565 
 172      EF7EF0
 173 0492 62252277 		.ascii	"b%\"wd\"\313\366\326\270w\226\224\276Z\372\320!!=\225"
 173      6422CBF6 
 173      D6B87796 
 173      94BE5AFA 
 173      D021213D 
 174 04a7 AFECA9F2 		.ascii	"\257\354\251\362 \330\356\361\371+v\271*\230\212\271"
 174      20D8EEF1 
 174      F92B76B9 
 174      2A988AB9 
 175 04b7 78AB6B19 		.ascii	"x\253k\031\367\225\373\304d\031N\376\013l\217\314\243"
 175      F795FBC4 
 175      64194EFE 
 175      0B6C8FCC 
 175      A3
 176              		.text
 177              		.section	.gnu.lto_chPoolAllocI.cefd55884eb56d2c,"",%progbits
 178 0000 789C8592 		.ascii	"x\234\205\222\313k\023Q\024\306\3177\367\316L\250\265"
 178      CB6B1351 
 178      14C6CF37 
 178      F7CE4CA8 
 178      B5
 179 0011 852E43D1 		.ascii	"\205.C\321\200\326R\027\231E\327\356\375;\032\004\021"
 179      80D65217 
 179      9945D7EE 
 179      FD3B1A04 
 179      11
 180 0022 4342E23E 		.ascii	"CB\342>7\217\222\304\007\024\332F\014\203FTj\027\242"
 180      378F92C4 
 180      0714DA46 
 180      0C834654 
 180      6A17A2
 181 0035 E2ABA955 		.ascii	"\342\253\251U\307\024\203\013\333R\351B\214ta\261X)"
 181      C714830B 
 181      DB52E942 
 181      8C7461B1 
 181      5829
 182 0047 62515C28 		.ascii	"bQ\\(I=w\246bU\304af\356\353\234\357\373\2353c\021Q"
 182      493D77A6 
ARM GAS  /var/folders/qd/4mxf5pkd0zdf0b9dd1hp39180000gn/T//ccREVRAm.s 			page 14


 182      6255C461 
 182      66EEEB9C 
 182      EFFB9D33 
 183 005e CB203ACC 		.ascii	"\313 :\314\343\021~`\021\214\261E\242l\3100D{\230T\227"
 183      E3117E60 
 183      118CB145 
 183      A26CC830 
 183      447B9854 
 184 0073 1C0F93EA 		.ascii	"\034\017\223\352\0260\203m\031L`\002zT!P\306\020\322"
 184      1630836D 
 184      194C6002 
 184      7A542150 
 184      C610D2
 185 0086 440667C5 		.ascii	"D\006g\305\204\300r\341\226+\316\010W\020$/\267\026"
 185      84C072E1 
 185      962BCE08 
 185      5710242F 
 185      B716
 186 0098 AA6B3D7A 		.ascii	"\252k=z\011Dx9]\374\274l\015M)\225S\336\371O\366T~\364"
 186      09447839 
 186      5DFCBC6C 
 186      0D4D2995 
 186      53DEF94F 
 187 00b0 A82B0CAA 		.ascii	"\250+\014\252p\364]\364\343\016\3725\304=\014q\354\373"
 187      70F45DF4 
 187      E30EFA35 
 187      C43D0C71 
 187      ECFB
 188 00c2 99662924 		.ascii	"\231f)$\016\200x\376=\273:\3353x\315\317{sU\250\203"
 188      0E8078FE 
 188      3DBB3ADD 
 188      3378CDCF 
 188      7B7355A8 
 189 00d7 AE10B80F 		.ascii	"\256\020\270\017\261;\221\267\010\0170\250\3437\012"
 189      B13B91B7 
 189      080F30A8 
 189      E3370A
 190 00e6 63A55E71 		.ascii	"c\245^q\310\317\335\352\234\373f\017\\\361s\027/\365"
 190      C8CFDDEA 
 190      9CFB660F 
 190      5CF17317 
 190      2FF5
 191 00f8 5DCEABE7 		.ascii	"]\316\253\347J\262+f~\317\327\027\207\277\275\335\231"
 191      4AB22B66 
 191      7ECFD717 
 191      87BFBDDD 
 191      99
 192 0109 DC6B49D4 		.ascii	"\334kI\3241P\023\244\321\230hV7\206G\275{\363\245\351"
 192      315013A4 
 192      D1986856 
 192      378647BD 
 192      7BF3A5E9 
 193 011d A9CE7651 		.ascii	"\251\316vQy\315\375K_^\364u\031l-Y\210\317\244\377\266"
 193      79CDFD4B 
 193      5F5EF475 
 193      196C2D59 
 193      88CFA4FF 
ARM GAS  /var/folders/qd/4mxf5pkd0zdf0b9dd1hp39180000gn/T//ccREVRAm.s 			page 15


 194 0132 A0396C7F 		.ascii	"\2409l\177NTb\005n\225\362\250\314\245\362,\357\321"
 194      4E546205 
 194      6E95F2A8 
 194      CCA5F22C 
 194      EFD1
 195 0144 07E46637 		.ascii	"\007\344f7:yK\013W\205\315\266\225\321\306\222\255\033"
 195      3A794B0B 
 195      5785CDB6 
 195      95D1C692 
 195      AD1B
 196 0156 257CE8B9 		.ascii	"%|\350\271\306B\323\252\341bV)UK\261\201Y\025\026\036"
 196      C642D3AA 
 196      E1625629 
 196      554BB181 
 196      5915161E 
 197 016a 6A4C3E5D 		.ascii	"jL>])\276Z\335\343\334\3403\025ao\314\241\206I\015J"
 197      29BE5ADD 
 197      E3DCE033 
 197      15616FCC 
 197      A186490D 
 198 017f 780487D6 		.ascii	"x\004\207\326\221\253\215hi\015\300\362\364\016\205"
 198      91AB8D68 
 198      690DC0F2 
 198      F40E85
 199 018e D67CF37A 		.ascii	"\326|\363z\367\216\035\242A\265e\356X{\370'N\371Yop"
 199      F78E1DA2 
 199      41B565EE 
 199      587BF827 
 199      4EF9596F 
 200 01a3 6EECC691 		.ascii	"n\354\306\221\177\341\260\243/\362\370\0370O|\030h\030"
 200      7FE1B0A3 
 200      2FF2F81F 
 200      304F7C18 
 200      6818
 201 01b5 8F61587B 		.ascii	"\217aX{\345\364\005SK\377Y\327\276\377\224\365\364W"
 201      E5F40553 
 201      4BFF59D7 
 201      BEFF94F5 
 201      F457
 202 01c7 590D380C 		.ascii	"Y\0158\014\3463K\032\0173\363&d\200\253\377\272z}\263"
 202      E6334B1A 
 202      0F33F326 
 202      6480ABFF 
 202      BA7A7DB3 
 203 01db 6567DA2A 		.ascii	"eg\332*\344\012\273\242\2751\217\014\261\266+B~\222"
 203      E40ABBA2 
 203      BD318F0C 
 203      B1B62B42 
 203      7E92
 204 01ed B9D3F875 		.ascii	"\271\323\370u\030\024tE\322Gn\323\332D8P\221\034\366"
 204      18147445 
 204      D2476ED3 
 204      DA443850 
 204      911CF6
 205 0200 15920B13 		.ascii	"\025\222\013\023\257\267=\260\254\324\237\016:\217}"
 205      AFB73DB0 
 205      ACD49F0E 
ARM GAS  /var/folders/qd/4mxf5pkd0zdf0b9dd1hp39180000gn/T//ccREVRAm.s 			page 16


 205      3A8F7D
 206 020f 23D1A813 		.ascii	"#\321\250\023\334\211\264\223:\345\244S1'v<~,\236L$"
 206      DC89B493 
 206      3AE5A453 
 206      3127763C 
 206      7E2C9E4C 
 207 0224 4EA6A331 		.ascii	"N\246\24312\342I\231\0309\221\374\001}\034\366|"
 207      32E24999 
 207      183991FC 
 207      017D1CF6 
 207      7C
 208              		.text
 209              		.section	.gnu.lto_chPoolAlloc.cefd55884eb56d2c,"",%progbits
 210 0000 789C8D53 		.ascii	"x\234\215SMlSG\020\236y\273\357\331\204\220H\234z\210"
 210      4D6C5347 
 210      109E79BB 
 210      EFD98490 
 210      489C7A88 
 211 0014 8A110D28 		.ascii	"\212\021\015(\200\3748 \016=DTH\010\016\271\300\011"
 211      80FC3820 
 211      0E3D4454 
 211      48080EB9 
 211      C009
 212 0026 2E953096 		.ascii	".\2250\226\010\302\330\262\003\202S6\211\243\304\205"
 212      08C2D8B2 
 212      03825336 
 212      89A3C485 
 213 0036 0A241A43 		.ascii	"\012$\032C\"\013\302\237\370S\013\024\012\011\011\360"
 213      220BC29F 
 213      F8530B14 
 213      0A0909F0 
 214 0046 709A4081 		.ascii	"p\232@\201\030\002!B\244\212*P\240\374(*\264\342\000"
 214      18022142 
 214      A48A2A50 
 214      A0FC282A 
 214      B4E200
 215 0059 6A60669F 		.ascii	"j`f\237\001\333\001\201e\257wg\276\231\371\276\331Y"
 215      01DB0181 
 215      65AF7767 
 215      BE99F9BE 
 215      D959
 216 006b 0B00A698 		.ascii	"\013\000\246\230\000]\364_I?\264\000\215\355\031\200"
 216      005DF45F 
 216      493FB400 
 216      8DED1980 
 217 007b 3AAF6188 		.ascii	":\257a\210L%\250\"\231.\005U,\320t\315\362\335\306D"
 217      4C25A822 
 217      992E0555 
 217      2CD074CD 
 217      F2DDC644 
 218 008f E48DF222 		.ascii	"\344\215\362\"\324\032B\232X\213[\305O\002\007\342'"
 218      D41A429A 
 218      588B5BC5 
 218      4F0207E2 
 218      27
 219 00a0 52628B48 		.ascii	"Rb\213H\011@I\307\347\375m\017J\370\210\350\243\343"
 219      094049C7 
ARM GAS  /var/folders/qd/4mxf5pkd0zdf0b9dd1hp39180000gn/T//ccREVRAm.s 			page 17


 219      E7FD6D0F 
 219      4AF888E8 
 219      A3E3
 220 00b2 91A67F07 		.ascii	"\221\246\177\007\254\212CJ\325+g\347\275\242C\015\215"
 220      AC8A434A 
 220      D52B67E7 
 220      BDA2430D 
 220      8D
 221 00c3 4B52C280 		.ascii	"KR\302\200$\241Oc\031\236\3022f\361\033V\020\366\357"
 221      24A14F63 
 221      199EC232 
 221      66F11B56 
 221      10F6EF
 222 00d6 8EBE66AF 		.ascii	"\216\276f\257\230\201@\373\327u#GJf\035\324q\203\007"
 222      988140FB 
 222      D7752347 
 222      4A661DD4 
 222      718307
 223 00e9 84FA2625 		.ascii	"\204\372&%\004\236A\221\033H&\300\2638\213\361\217\343"
 223      049E4191 
 223      1B4826C0 
 223      B3388BF1 
 223      8FE3
 224 00fb DB9B4BC5 		.ascii	"\333\233K\305L\035\373|\374\307W\236\362\375:\366\345"
 224      4C1DFB7C 
 224      FCC7579E 
 224      F2FD3AF6 
 224      E5
 225 010c D1A97B1B 		.ascii	"\321\251{\033\324\025%\251*v\344\307\363\207\340\367"
 225      D41525A9 
 225      2A76E4C7 
 225      F387E0F7 
 226 011c 4F8EB74C 		.ascii	"O\216\267L\261$vb9\363\":\347\320\302\367\216\270\242"
 226      B1247662 
 226      39F3223A 
 226      E7D0C2F7 
 226      8EB8A2
 227 012f 8F3374CC 		.ascii	"\2173t\314\322\366\244\300\234\030\300.\202vS\027\013"
 227      D2F6A4C0 
 227      9C18C02E 
 227      82765317 
 227      0B
 228 0140 E0C3A3DF 		.ascii	"\340\303\243\337\232\300\216$\211-\364\265\316_\011"
 228      9AC08E24 
 228      892DF4B5 
 228      CE5F09
 229 014f 789E7D22 		.ascii	"x\236}\"/\327\005\312u\221o\204\026$\032\005Rv\276\360"
 229      2FD705CA 
 229      75916F84 
 229      16241A05 
 229      5276BEF0 
 230 0163 B49E562A 		.ascii	"\264\236V*\261\360\023R\320\301\362\343\267LG\215\277"
 230      B1F01352 
 230      D0C1F2E3 
 230      B74C478D 
 230      BF
 231 0174 6952CED8 		.ascii	"iR\316\330\354\314\177#S\213\015\344\016\011\355\224"
ARM GAS  /var/folders/qd/4mxf5pkd0zdf0b9dd1hp39180000gn/T//ccREVRAm.s 			page 18


 231      ECCC7F23 
 231      538B0DE4 
 231      0E09ED94 
 232 0184 D43169EA 		.ascii	"\3241i\352\255\245W\200f\322K\267\252\034H\020Q\332"
 232      ADA55780 
 232      66D24BB7 
 232      AA1C4810 
 232      51DA
 233 0196 3538F014 		.ascii	"58\360\024\353\356\237\335\366\347Pa\013v\374S\224m"
 233      EBEE9FDD 
 233      F6E75061 
 233      0B76FC53 
 233      946D
 234 01a8 819C20A9 		.ascii	"\201\234 \251\321\246\274\227\330gN\224;o\005`\232}"
 234      D1A6BC97 
 234      D8674E94 
 234      3B6F0560 
 234      9A7D
 235 01ba 569EDC1E 		.ascii	"V\236\334\036R\371;\313\345\005\020\366q\301\303\027"
 235      52F93BCB 
 235      E50510F6 
 235      71C1C317 
 236 01ca 7A468BA7 		.ascii	"zF\213\247\037\303=j\227/\345&{\361\313\257w&K\203 "
 236      1FC33D6A 
 236      972FE526 
 236      7BF1CBAF 
 236      77264B83 
 237 01df BD389DD6 		.ascii	"\2758\235\326>\224\360\020\353\377Jt\230L\207\020]\227"
 237      3E94F010 
 237      EBFF4A74 
 237      984C8710 
 237      5D97
 238 01f1 0FEC90D9 		.ascii	"\017\354\220\331.\215\035-iSN\334\367\221y\321M\272"
 238      2E8D1D2D 
 238      69534EDC 
 238      F79179D1 
 238      4DBA
 239 0203 8CE56D24 		.ascii	"\214\345m$\365\011\326\237{<\336`\025\220\275:\207\001"
 239      F509D69F 
 239      7B3CDE60 
 239      1590BD3A 
 239      8701
 240 0215 59999EDC 		.ascii	"Y\231\236\334\351\340v\341\025\242\374\007S\246\245"
 240      E9E076E1 
 240      15A2FC07 
 240      53A6A5
 241 0224 4DF0F427 		.ascii	"M\360\364'\033\3237<<\356\356\\t\247\373\373\254v\334"
 241      1BD3373C 
 241      3CEEEE5C 
 241      74A7FBFB 
 241      AC76DC
 242 0237 8D294100 		.ascii	"\215)A\000\003\257rY\262\0176\335\035\231l\377\3145"
 242      03AF7259 
 242      B20F36DD 
 242      1D996CFF 
 242      CC35
 243 0249 DA5F6F2B 		.ascii	"\332_o+\243{\300k\330\216-\324~N\012x\035m\026\325\276"
ARM GAS  /var/folders/qd/4mxf5pkd0zdf0b9dd1hp39180000gn/T//ccREVRAm.s 			page 19


 243      A37BC06B 
 243      D88E2DD4 
 243      7E4E0A78 
 243      1D6D16D5 
 244 025e 8A537331 		.ascii	"\212Ss1J\017\243\030\037\356\351;\\\234-\207~WC\202"
 244      4A0FA318 
 244      1FEEE93B 
 244      5C9C2D87 
 244      7E574382 
 245 0272 5C994ABA 		.ascii	"\\\231J\272)-\"\321[\352\372e.\035YH\307\303\011\372"
 245      292D22D1 
 245      5BEAFA65 
 245      2E1D5948 
 245      C7C309FA 
 246 0286 27D2F131 		.ascii	"'\322\36116\243\271`\226\313\015\342B\251\007\177h5"
 246      36A3B960 
 246      96CB0DE2 
 246      42A9077F 
 246      6835
 247 0298 39F317CA 		.ascii	"9\363\027\312\372\232\023\335\314\0235\2006\321\322"
 247      FA9A13DD 
 247      CC133580 
 247      36D1D2
 248 02a7 8C25A44B 		.ascii	"\214%\244K\211\3613\224.Y\223\242;;\237\015{j\377W\336"
 248      89F13394 
 248      2E5993A2 
 248      3B3B9F0D 
 248      7B6AFF57 
 249 02bc 94F02685 		.ascii	"\224\360&\205\327\215\271\205\265@%Rb\222\2163\263C"
 249      D78DB985 
 249      B5402552 
 249      62928E33 
 249      B343
 250 02ce F9100D70 		.ascii	"\371\020\015p\333b\351>=j\371J?S\276-6\370\364\311\311"
 250      DB62E93E 
 250      3D6AF94A 
 250      3F53BE2D 
 250      36F8F4C9 
 251 02e3 3BF183CE 		.ascii	";\361\203\316N\363\231!\324O\213\306\354\324g\307\354"
 251      4EF39921 
 251      D44F8BC6 
 251      ECD467C7 
 251      EC
 252 02f4 B61EB341 		.ascii	"\266\036\263A\032\2631\032\263-\335\275\026\247\343"
 252      1AB3311A 
 252      B32DDDBD 
 252      16A7E3
 253 0303 CA002FF5 		.ascii	"\312\000/\365M\210{o\034$\021\222_\0202E\212\363\371"
 253      4D887B6F 
 253      1C241192 
 253      5F103245 
 253      8AF3F9
 254 0316 FDB6FB0D 		.ascii	"\375\266\373\015\307\354h\215\035\213\006\354\300\232"
 254      C7EC688D 
 254      1D8B06EC 
 254      C09A
 255 0324 50301409 		.ascii	"P0\024\011\207\327\305\374\0010B\021\031^\26562\255"
ARM GAS  /var/folders/qd/4mxf5pkd0zdf0b9dd1hp39180000gn/T//ccREVRAm.s 			page 20


 255      87D7C5FC 
 255      01304211 
 255      195EB536 
 255      32AD
 256 0336 0058BD3E 		.ascii	"\000X\275>\260n\303\352 \201c\233c\3765PQ\340\217\204"
 256      B06EC3EA 
 256      2081639B 
 256      63FE3550 
 256      51E08F84 
 257 034a A33531FB 		.ascii	"\24351\373\273eU\213\2526\021(\020\216\006\277\337\270"
 257      BB65558B 
 257      AA361128 
 257      108E06BF 
 257      DFB8
 258 035c 2044C8B9 		.ascii	" D\310\271\271\310\340\246\032{Q\325\362\245\313?$d"
 258      B9C8E0A6 
 258      1A7B51D5 
 258      F2A5CB3F 
 258      2464
 259 036e 6420B478 		.ascii	"d \264x\303\372\000\201\275\201H\254z\265\257\032<\304"
 259      C3FA0081 
 259      BD8148AC 
 259      7AB5AF1A 
 259      3CC4
 260 0380 291CDDEC 		.ascii	")\034\335\354\032\202dx\013\307V\330\260"
 260      1A826478 
 260      0BC756D8 
 260      B0
 261              		.text
 262              		.section	.gnu.lto_chPoolFreeI.cefd55884eb56d2c,"",%progbits
 263 0000 789C8552 		.ascii	"x\234\205R\317k\023Q\020\236og7\011\244V\360 \242E\002"
 263      CF6B1351 
 263      109E6F67 
 263      3709A456 
 263      F020A245 
 264 0015 5A4311B3 		.ascii	"ZC\021\263\377\220'\203P\304\220\245\361\336\227\264"
 264      FF902783 
 264      50C490A5 
 264      F1DE97B4 
 265 0025 31A97AE8 		.ascii	"1\251z\350\301\246\020\026Y\324\"=\224*jMk\3255J\361"
 265      C1A61016 
 265      59D4223D 
 265      942A6A4D 
 265      6BD5354A 
 266 003a 6015A505 		.ascii	"`\025\245\005E\211\240\030\334\"\202\370\343\"Tg\266"
 266      4589A018 
 266      DC2282F8 
 266      E3225467 
 266      B6
 267 004b 15AD220E 		.ascii	"\025\255\"\016\373\330yo\346\373\346{\337n\202\210\312"
 267      FBD8796F 
 267      E6FBE67B 
 267      DF6E8288 
 267      CA
 268 005c 16514EDE 		.ascii	"\026QN\336{d\201\011\326\370#9LY\200&&\005\032\2660"
 268      7B648109 
 268      D6F82339 
ARM GAS  /var/folders/qd/4mxf5pkd0zdf0b9dd1hp39180000gn/T//ccREVRAm.s 			page 21


 268      4C598026 
 268      26051AB6 
 269 0071 8C337C96 		.ascii	"\2143|\226\321\256u\347\255\201KF\"\234\234K\2374\325"
 269      D1AE75E7 
 269      AD814B46 
 269      229C9C4B 
 269      9F34D5
 270 0084 5D3E1335 		.ascii	"]>\0235di\340*\006\244\353\311\350e\237O\263\317\200"
 270      6469E02A 
 270      06A4EBC9 
 270      E8659F4F 
 270      B3CF80
 271 0097 2DDB8FCB 		.ascii	"-\333\217\313\3157\275\272\265\220\221\355\273\326R"
 271      CD37BDBA 
 271      B59091ED 
 271      BBD652
 272 00a6 3DC5FB40 		.ascii	"=\305\373@\222\177+w\246{\263S\306TL\370\360\"\233\375"
 272      927F2B77 
 272      A67BB353 
 272      C6544CF8 
 272      F0229BFD 
 273 00ba 3E33E6C0 		.ascii	">3\346\300B\210\353\350\3035\364\221\034\021n +\355"
 273      4288EBE8 
 273      C335F491 
 273      1C116E20 
 273      2BED
 274 00cc D1E8787D 		.ascii	"\321\350x};\037\210\241_\337\2576{6\241/\247b\250\215"
 274      3B1F88A1 
 274      5FDFAF36 
 274      7B36A12F 
 274      A762A88D 
 275 00e0 D69F509B 		.ascii	"\326\237P\2330\217\254\366\277x\336i\365\360\301\030"
 275      308FACF6 
 275      BF78DE69 
 275      F5F0C118 
 276 00f0 BBFA6AFA 		.ascii	"\273\372j\372p\377\205\030\332\235\331{~\304<0\266\317"
 276      70FF8518 
 276      DA9DD97B 
 276      7EC43C30 
 276      B6CF
 277 0102 0E16B6C2 		.ascii	"\016\026\266\3025\244\373\365\225\365\211m\011\0337"
 277      35A4FBF5 
 277      95F5896D 
 277      091B37
 278 0111 D11FFCBC 		.ascii	"\321\037\374\274,\026\221 H2\373\324\011\315\372\367"
 278      2C169120 
 278      4832FBD4 
 278      09CDFAF7 
 279 0121 9A093B87 		.ascii	"\232\011;\207\242\317_v$!S\0351O\306\332P\335DuA\210"
 279      A2CF5F76 
 279      2421531D 
 279      314FC6DA 
 279      50DD4475 
 280 0137 9726A431 		.ascii	"\227&\2441\2664\033\011\251\213J\360\251\341*\217\022"
 280      B6341B09 
 280      A98B4AF0 
 280      A9E12A8F 
ARM GAS  /var/folders/qd/4mxf5pkd0zdf0b9dd1hp39180000gn/T//ccREVRAm.s 			page 22


 280      12
 281 0148 37A5B086 		.ascii	"7\245\260\206\312B\024U\323z\326d\310\344F\265\3758"
 281      CA421455 
 281      D37AD664 
 281      C8E446B5 
 281      FD38
 282 015a A9CE712C 		.ascii	"\251\316q,{\261\275\274\224\010p\256,\366g|\226&\033"
 282      7BB1BDBC 
 282      940870AE 
 282      2CF6677C 
 282      96261B
 283 016d B754A7D4 		.ascii	"\267T\247\324Vj\317:iw\306l\224\034\334F\200\211\370"
 283      566ACF3A 
 283      6977C66C 
 283      941CDC46 
 283      8089F8
 284 0180 B3E00E5C 		.ascii	"\263\340\016\\\345^95\346(\365\357\274\316_\274\301"
 284      E55E3935 
 284      E628F5EF 
 284      BCCE5FBC 
 284      C1
 285 0191 6E9F93A2 		.ascii	"n\237\223\242\006\341?\210\357\306\304zu\264\341\212"
 285      06E13F88 
 285      EFC6C47A 
 285      75B4E18A 
 286 01a1 4EE56E44 		.ascii	"N\345nDko\223\233\344[\330v\376G\346\275_2\357+\233"
 286      6B6F939B 
 286      E45BD876 
 286      FE47E6BD 
 286      5F32EF2B 
 287 01b6 451FC498 		.ascii	"E\037\304\230\331I\304\006k\324e\202X&?i&\227s7\236"
 287      D949C406 
 287      6BD46582 
 287      58263F69 
 287      26977337 
 288 01cb 62C91D3A 		.ascii	"b\311\035:\341\226\206\362n~\260p\264\340\025\213\307"
 288      E19686F2 
 288      6E7EB070 
 288      B4E0158B 
 288      C7
 289 01dc 4BB93C59 		.ascii	"K\271<Y\005\317.\0369\346\2617\350\375\000WC\334\332"
 289      05CF2E1E 
 289      39E6B137 
 289      E8FD0057 
 289      43DCDA
 290              		.text
 291              		.section	.gnu.lto_chPoolFree.cefd55884eb56d2c,"",%progbits
 292 0000 789C8D53 		.ascii	"x\234\215S]HSa\030\376\336}g?\341Z\320\205DIM\312\206"
 292      5D485361 
 292      18FEDE7D 
 292      673FE15A 
 292      D0854449 
 293 0017 103B5D44 		.ascii	"\020;]D\027\335\205\020t\341M^\025A\320\034h876\015"
 293      17DD8510 
 293      74E14D5E 
 293      1541D01C 
 293      68383736 
ARM GAS  /var/folders/qd/4mxf5pkd0zdf0b9dd1hp39180000gn/T//ccREVRAm.s 			page 23


 294 002c BDF2A85B 		.ascii	"\275\362\250[\316,\225\314Uc\3240\245$\314\312\277\371"
 294      CE2C95CC 
 294      5563D430 
 294      A524CCCA 
 294      BFF9
 295 003e 93AE696A 		.ascii	"\223\256ij?\376\266EaX\030J\263\020,\350\242\300z\337"
 295      3FFEB645 
 295      6158184A 
 295      B3102CE8 
 295      A2C07ADF 
 296 0052 B391BA05 		.ascii	"\263\221\272\005u\330\371v\276\367}\276\347}\336\237"
 296      75D8F976 
 296      BEF77DBE 
 296      E77DDE9F 
 297 0062 4FC518EB 		.ascii	"O\305\030\353\024\030\033\302\377]\370\002g\240\250"
 297      14181BC2 
 297      FF5DF802 
 297      67A0A8
 298 0071 9F64AC5C 		.ascii	"\237d\254\\\243\000\240\017I\003\254L\001ep\211_\345"
 298      A300A00F 
 298      4903AC4C 
 298      01657089 
 298      5FE5
 299 0083 10AA5AEA 		.ascii	"\020\252Z\352Ud\336\221\360\011^\273\242\273 \271v\370"
 299      5564DE91 
 299      F0095EBB 
 299      A2BB20B9 
 299      76F8
 300 0095 38631E7C 		.ascii	"8c\036|\351\201\016\310D\324\214\363\201\217\327p\037"
 300      E9810EC8 
 300      44D48CF3 
 300      818FD770 
 300      1F
 301 00a6 071070BB 		.ascii	"\007\020p\273:\341\375\250\243\255\002\364\270\375\024"
 301      3AE1FDA8 
 301      A3AD02F4 
 301      B8FD14
 302 00b5 18756BF8 		.ascii	"\030uk\370^`\370\375\263|\276Ugh\221\244\012)8\322\314"
 302      5E60F8FD 
 302      B37CBE55 
 302      676891A4 
 302      0A2938D2 
 303 00ca A57D3ECE 		.ascii	"\245}>\316\241\0338\022B\027\244A'\244141\350\001\003"
 303      A11B3812 
 303      4217A441 
 303      27A43134 
 303      31E80103 
 304 00de C2A3CE7A 		.ascii	"\302\243\316z\3676\276_>\372\375K\304\253\215\037\015"
 304      F736BE5F 
 304      3EFAFD4B 
 304      C4AB8D1F 
 304      0D
 305 00ef B7C84705 		.ascii	"\267\310G\005\010$\036\025\030\364\202\201\360\013\017"
 305      08241E15 
 305      18F48281 
 305      F00B0F
 306 00fe D71AB7AA 		.ascii	"\327\032\267\252\204\230V\350\003\025\3741:\345|V\002"
ARM GAS  /var/folders/qd/4mxf5pkd0zdf0b9dd1hp39180000gn/T//ccREVRAm.s 			page 24


 306      849856E8 
 306      0315FC31 
 306      3AE57C56 
 306      02
 307 010f 2AD9EEE1 		.ascii	"*\331\356\341\260\021\017\375\010\035\000\025K\200\317"
 307      B0110FFD 
 307      081D0015 
 307      4B80CF
 308 011e 2D1E5132 		.ascii	"-\036Q2rx\270\"\311w\343\320)\006\217\311\3077q\015"
 308      7278B822 
 308      C977E3D0 
 308      29068FC9 
 308      C737710D 
 309 0132 22D71072 		.ascii	"\"\327\020r\321\002\250\243}V\031\224\326~Ua5\267\007"
 309      D102A8A3 
 309      7D561994 
 309      D67E5561 
 309      35B707
 310 0145 A6A3B586 		.ascii	"\246\243\265\206-Xv\314\025+\207\262\005L@\311\230\033"
 310      2D5876CC 
 310      152B87B2 
 310      054C40C9 
 310      981B
 311 0157 15632BA4 		.ascii	"\025c+\244 \253\306P\370U\031d\237\241|\241\247\356"
 311      20ABC650 
 311      F8551964 
 311      9FA17CA1 
 311      A7EE
 312 0169 DDEBC424 		.ascii	"\335\353\304$\032<\272x\022B\222(\227\210\202\203\344"
 312      1A3CBA78 
 312      12429228 
 312      97888283 
 312      E4
 313 017a 53260B3E 		.ascii	"S&\013>x\222\301\023\362\2516\011\016\241\316a\022L"
 313      7892C113 
 313      F2A93609 
 313      0EA1CE61 
 313      124C
 314 018c 0B03D644 		.ascii	"\013\003\326D\001\357\016\016/j\323\357\301-\351\272"
 314      01EF0E0E 
 314      2F6AD3EF 
 314      C12DE9BA 
 315 019c DE173BF0 		.ascii	"\336\027;\360\365\376\243H\212\240@\310\010\244\343"
 315      F5FEA348 
 315      8AA040C8 
 315      08A4E3
 316 01ab FA1404B6 		.ascii	"\372\024\004\266\004\025\037\252k\324$\007\021\375c"
 316      04151FAA 
 316      6BD42407 
 316      11FD63
 317 01ba CD0D42C6 		.ascii	"\315\015B\306m\271_\223\001\255W\012:\365\177\351\266"
 317      6DB95F93 
 317      01AD570A 
 317      3AF57FE9 
 317      B6
 318 01cb 3C46A390 		.ascii	"<F\243\220\341\305T\221\300\337\216S\024#X]\273\374"
 318      E1C55491 
ARM GAS  /var/folders/qd/4mxf5pkd0zdf0b9dd1hp39180000gn/T//ccREVRAm.s 			page 25


 318      C0DF8E53 
 318      1423585D 
 318      BBFC
 319 01dd 439D4490 		.ascii	"C\235D\220\324s\231`\214\010\270L\360\315#&$\273\024"
 319      D4739960 
 319      8C08B84C 
 319      F0CD2326 
 319      24BB14
 320 01f0 501180A2 		.ascii	"P\021\200\242\304k\245\246\024\346\336\316\007\264\274"
 320      C46BA5A6 
 320      14E6DECE 
 320      07B4BC
 321 01ff 03E4EE47 		.ascii	"\003\344\356G\336\267\236\216\307Zj\333\335T)\215K\002"
 321      DEB79E8E 
 321      C75A6ADB 
 321      DD54298D 
 321      4B02
 322 0211 36039E25 		.ascii	"6\003\236%\007[/\027<'\306q,\331\013*\031.d!!\313P\321"
 322      075B2F17 
 322      3C27C671 
 322      2CD90B2A 
 322      192E6421 
 323 0229 178DBA52 		.ascii	"\027\215\272R\310\346\345t)<\256\320\224\232.El\332"
 323      C8E6E574 
 323      293CAED0 
 323      949A2E45 
 323      6CDA
 324 023b 064213A3 		.ascii	"\006B\023\243*?\334\004\037Wc\352\360\222\310\321\036"
 324      2A3FDC04 
 324      1F5763EA 
 324      F092C8D1 
 324      1E
 325 024c AE7A339F 		.ascii	"\256z3\237\"\266\221n=\305\237\000?4\342<P\024\006\223"
 325      22B6916E 
 325      3DC59F00 
 325      3F34E23C 
 325      50140693 
 326 0260 201275F8 		.ascii	" \022u\370b\265\222\2307\322*\023i5\250\003\246\222"
 326      62B59298 
 326      37D22A13 
 326      6935A803 
 326      A692
 327 0272 69FD3B09 		.ascii	"i\375;\011<-\363B\234w\006DTI\324\236\350\362\242:\316"
 327      3C2DF342 
 327      9C770644 
 327      5449D49E 
 327      E8F2A23A 
 328 0287 FD1F1AFD 		.ascii	"\375\037\032\375\251D6\273I\344+\"\213\365\242#\326"
 328      A94436BB 
 328      49E42B22 
 328      8BF5A223 
 328      D6
 329 0298 4CB9F264 		.ascii	"L\271\362d\320\313\2731\332\321@w\325u\247\312\327\003"
 329      D0CBBB31 
 329      DAD14077 
 329      D575A7CA 
 329      D703
ARM GAS  /var/folders/qd/4mxf5pkd0zdf0b9dd1hp39180000gn/T//ccREVRAm.s 			page 26


 330 02aa 07ADE79F 		.ascii	"\007\255\347\237\203\026\226\007-\202\203\266\202\203"
 330      83169607 
 330      2D8283B6 
 330      8283
 331 02b8 56536B20 		.ascii	"VSk 2\271#nL\004\257\011\202\364F\243\030\373Y\035\242"
 331      32B9236E 
 331      4C04AF09 
 331      82F446A3 
 331      18FB591D 
 332 02cd BD4874D8 		.ascii	"\275Ht\330M\242)\317b\266\330\254\326\002\207\321\304"
 332      4DA229CF 
 332      62B6D8AC 
 332      D60287D1 
 332      C4
 333 02de 14169B60 		.ascii	"\024\026\233`={\316\266'\001\230_h*(\3165#\330Q\352"
 333      3D7BCEB6 
 333      2701985F 
 333      682A28CE 
 333      3523D851 
 334 02f3 30E6B1CC 		.ascii	"0\346\261\314\004\277\315j/r\210GOdge\227 \310d\265"
 334      04BFCD6A 
 334      2F728847 
 334      4F646765 
 334      9720C864 
 335 0308 9BCF9C3F 		.ascii	"\233\317\234?lA\344\201\215HsI\221\230\225\235s<g\235"
 335      6C41E481 
 335      8D487349 
 335      9198959D 
 335      733C679D 
 336 031c 909026CB 		.ascii	"\220\220&\313\261\342B\023\2025&\233#?W\237\317\324"
 336      B1E24213 
 336      8235269B 
 336      233F579F 
 336      CFD4
 337 032e A8C96A2F 		.ascii	"\250\311j/e\334\226g\223\215f4\376\006/\270\275\355"
 337      65DC9667 
 337      938D6634 
 337      FE062FB8 
 337      BDED
 338              		.text
 339              		.section	.gnu.lto_.symbol_nodes.cefd55884eb56d2c,"",%progbits
 340 0000 789C55C8 		.ascii	"x\234U\310;\022@@\020E\321\367\364\260\032\213`e=\245"
 340      3B124040 
 340      1045D1F7 
 340      F4B01A8B 
 340      60653DA5 
 341 0014 9458E037 		.ascii	"\224X\3407\"\211E\220\221\310\354G\242L \351\340\006"
 341      22894590 
 341      91C8EC47 
 341      A24C20E9 
 341      E006
 342 0026 F7640042 		.ascii	"\367d\000B\014\311B\005\332\033Pp\253\017_D\353\251"
 342      0CC94205 
 342      DA1B5070 
 342      AB0F5F44 
 342      EBA9
 343 0038 FC0DBB2F 		.ascii	"\374\015\273/\243\014\324\304\312H\025+\023\325Y\011"
ARM GAS  /var/folders/qd/4mxf5pkd0zdf0b9dd1hp39180000gn/T//ccREVRAm.s 			page 27


 343      A30CD4C4 
 343      CA48152B 
 343      13D55909 
 344 0048 D4D4CA4C 		.ascii	"\324\324\312L\315\2148\240[_B\0048\237\\\342W\315%\370"
 344      CD8C38A0 
 344      5B5F4204 
 344      389F5CE2 
 344      57CD25F8 
 345 005c 0016C827 		.ascii	"\000\026\310'\036"
 345      1E
 346              		.text
 347              		.section	.gnu.lto_.refs.cefd55884eb56d2c,"",%progbits
 348 0000 789C6363 		.ascii	"x\234cc```\004b\006\000\000D\000\010"
 348      60606004 
 348      62060000 
 348      440008
 349              		.text
 350              		.section	.gnu.lto_.decls.cefd55884eb56d2c,"",%progbits
 351 0000 789C9D57 		.ascii	"x\234\235WkP\024\331\025\356\333w\200a\230\001\027L"
 351      6B5014D9 
 351      15EEDB77 
 351      80619801 
 351      174C
 352 0012 CAA4A884 		.ascii	"\312\244\250\2042XER\302\250k\324\312\257\265\254\030"
 352      32584552 
 352      C2A86BD4 
 352      CAAFB5AC 
 352      18
 353 0023 AD5A93AD 		.ascii	"\255Z\223\255\230\375aU*\3438\314.\263\302\014;\214"
 353      98FD6155 
 353      2AE338CC 
 353      2EB3C20C 
 353      3B8C
 354 0035 9B357FD2 		.ascii	"\2335\177\322\010*\012\272\250\254\002\242\340\013E"
 354      082A0ABA 
 354      A8AC02A2 
 354      E00B45
 355 0044 1EBE7545 		.ascii	"\036\276uE\324\001|\240\210\002\202\210\012\342\333"
 355      D4017CA0 
 355      88028288 
 355      0AE2DB
 356 0053 C5072228 		.ascii	"\305\007\"( *9\367\3213=\255\243U\351\342\316\355{\373"
 356      202A39F7 
 356      D1333DAD 
 356      A355E9E2 
 356      CEED7BFB 
 357 0067 9CEF7CDF 		.ascii	"\234\357|\3379}o_\002\005A\350\033\005?X\020\264\320"
 357      397D6F5F 
 357      020541E8 
 357      1B053F58 
 357      10B4D0
 358 007a 46E0D2C2 		.ascii	"F\340\322\302\260\032\232\006\332UhU\320.A3\011\354"
 358      B01A9A06 
 358      DA556855 
 358      D02E4133 
 358      09EC
 359 008c 0A82D609 		.ascii	"\012\202\326\011\355.\264nhO\241=\203\366\002\332\200"
ARM GAS  /var/folders/qd/4mxf5pkd0zdf0b9dd1hp39180000gn/T//ccREVRAm.s 			page 28


 359      ED2EB46E 
 359      684FA13D 
 359      83F602DA 
 359      80
 360 009d F0EE751C 		.ascii	"\360\356u\034\011\202\016\372ph\2439\016\301\275\000"
 360      09820EFA 
 360      7068A339 
 360      0EC1BD00 
 361 00ad 6D1EB436 		.ascii	"m\036\2646\216O\342\324C\023\2415Bk\201\206x,\322\007"
 361      8E4FE2D4 
 361      4313A135 
 361      426B8186 
 361      782CD207 
 362 00c1 205FDC73 		.ascii	" _\334s0&\\\347+\260\225|\011n-\223&4s\274F\216u\227"
 362      30265CE7 
 362      2BB0957C 
 362      096E2D93 
 362      263473BC 
 363 00d9 F7061566 		.ascii	"\367\006\025f+\214\365\357\3014q\334y\0343\034\354\""
 363      2B8CF5EF 
 363      C13471DC 
 363      791C331C 
 363      EC22
 364 00eb 10CB531B 		.ascii	"\020\313S\033\347\\\303c\350x^~\201X>\306@\377kh\277"
 364      E75CC363 
 364      E8785E7E 
 364      81583EC6 
 364      40FF6B68 
 365 0100 8116056D 		.ascii	"\201\026\005m,\264q\210\345\213\204\037\257\342\320"
 365      2CB47188 
 365      E58B841F 
 365      AFE2D0
 366 010f 01E3E0F7 		.ascii	"\001\343\340\367\344\253\226\307\"1c\301\246\203\307"
 366      E4AB96C7 
 366      223163C1 
 366      A683C7
 367 011e 6DE6B145 		.ascii	"m\346\261E^\013\177\371\272\345\247\016\262\236\017"
 367      5E0B7FF9 
 367      BAE5A70E 
 367      B29E0F
 368 012d 61133ECF 		.ascii	"a\023>\317>\240E\216\253\276\036\371\251\221I\245G\031"
 368      3EA0458E 
 368      ABBE1EF9 
 368      A99149A5 
 368      4719
 369 013f 8BD09673 		.ascii	"\213\320\226s\363\251JC\017\317\215?<\245\016%&\341"
 369      F3A94A43 
 369      0FCF8D3F 
 369      3CA50E25 
 369      26E1
 370 0151 F0B15AA8 		.ascii	"\360\261Z\250\257\034\214\232\322\367\026\340L\214\302"
 370      AF1C8C9A 
 370      D2F716E0 
 370      4C8CC2
 371 0160 754803C3 		.ascii	"uH\003\303\336\206\374;\2410\034\255CQ0\314?\326\177"
 371      DE86FC3B 
 371      A1301CAD 
ARM GAS  /var/folders/qd/4mxf5pkd0zdf0b9dd1hp39180000gn/T//ccREVRAm.s 			page 29


 371      435130CC 
 371      3FD67F
 372 0173 3E803DD5 		.ascii	">\200=\325\302p\343P\336?\261\210\210_G]I)\361\233\247"
 372      C270E350 
 372      DE3FB188 
 372      885F475D 
 372      4929F19B 
 373 0188 43644585 		.ascii	"CdE\205\301\324\236\307G\207\014l\212X\334j\313\337"
 373      C1D49EC7 
 373      47870C6C 
 373      8A58DC6A 
 373      CBDF
 374 019a 12803FA1 		.ascii	"\022\200?\241\367\007\207\016\016\343\2702\211]Z\233"
 374      F707870E 
 374      0EE3B832 
 374      895D5A9B 
 375 01aa 808E222C 		.ascii	"\200\216\",S\330>\324sD\217\377D\014\305\206\306\201"
 375      53D83ED4 
 375      73448FFF 
 375      440CC586 
 375      C681
 376 01bc 4A2DD2C5 		.ascii	"J-\322\305dH\322\022\251(M\012\236%\240\203(\022\035"
 376      6448D212 
 376      A9284D0A 
 376      9E25A083 
 376      28121D
 377 01cf 4091023A 		.ascii	"@\221\002:\216b\010x%\212\023\320O0y\004&\213\011\240"
 377      8E620878 
 377      258A13D0 
 377      4F307904 
 377      268B09A0 
 378 01e3 FB52EED8 		.ascii	"\373R\356\330c\235\222\024\205\252\220\016\035C\230"
 378      639D9214 
 378      85AA900E 
 378      1D4398
 379 01f2 DA407EE7 		.ascii	"\332@~\347\351X\210\2635\3077\204\342\313\210\222\311"
 379      E95888B3 
 379      35C73784 
 379      E2CB8892 
 379      C9
 380 0203 684FBBAC 		.ascii	"hO\273\254\307\327\331 wm\031P\271C\007\232K\347o\374"
 380      C7D7D920 
 380      776D1950 
 380      B943079A 
 380      4BE76FFC 
 381 0217 A44311D1 		.ascii	"\244C\021\321\372\2305\004\026\342KH\243 \340\006\344"
 381      FA983504 
 381      16E24B48 
 381      A320E006 
 381      E4
 382 0228 6A1441D0 		.ascii	"j\024A\320\321) S\203\242\251\210\255\204\255{\344x"
 382      D1292053 
 382      83A2A988 
 382      AD84AD7B 
 382      E478
 383 023a F4CEB3CB 		.ascii	"\364\316\263\313\244l3\252Ezt\222\333z\234\215\221@"
 383      A46C33AA 
ARM GAS  /var/folders/qd/4mxf5pkd0zdf0b9dd1hp39180000gn/T//ccREVRAm.s 			page 30


 383      457A7492 
 383      DB7A9C8D 
 383      9140
 384 024c 6822FC08 		.ascii	"h\"\374\010+=\342|,\004\342G\340\230\2463\3131\244\212"
 384      2B3DE27C 
 384      2C04E247 
 384      E098A633 
 384      CB31A48A 
 385 0260 58085C0E 		.ascii	"X\010\\\016\317\327\360\303\234v\304\212\242\207\341"
 385      CFD7F0C3 
 385      9C76C48A 
 385      A287E1
 386 026f 9263ED6B 		.ascii	"\222c\355k\302X\311\272\310\343\375W\322\253Bp\016+"
 386      C258C9BA 
 386      C8E3FD57 
 386      D2AB4270 
 386      0E2B
 387 0281 53C1DD55 		.ascii	"S\301\335U\253\0034\360\236\320\314\3305d\356\364\310"
 387      AB0334F0 
 387      9ED0CCD8 
 387      3564EEF4 
 387      C8
 388 0292 803B8CF9 		.ascii	"\200;\214\371\2130l~vaS\010\363\037E\252\261q\323I\355"
 388      8B306C7E 
 388      76615308 
 388      F31F45AA 
 388      B171D349 
 389 02a7 98F58442 		.ascii	"\230\365\204Bv\2324JD&=:\017\014\317Q\206\365h\014\374"
 389      769A344A 
 389      44263D3A 
 389      0F0CCF51 
 389      86F5680C 
 390 02bc D6210DA3 		.ascii	"\326!\015\243Rz\265\256E\257W\350\201\347\012=\027 "
 390      527AB5AE 
 390      45AF57E8 
 390      81E70A3D 
 390      1720
 391 02ce 0F8C3AD8 		.ascii	"\017\214:\330\036\350\\]k\300E\224\227\270\366\355\222"
 391      1EE85C5D 
 391      6BC04594 
 391      97B8F6ED 
 391      92
 392 02df 23812846 		.ascii	"#\201(F\317\244\3664L[\277T\222Dt\011\034\032\274\345"
 392      CFA4F634 
 392      4C5BBF54 
 392      92447409 
 392      1C1ABCE5 
 393 02f3 BB40F3E1 		.ascii	"\273@\363\341\007\036]\204\012(#\004\024vn\336\036\206"
 393      071E5D84 
 393      0A282304 
 393      14766EDE 
 393      1E86
 394 0305 A223A263 		.ascii	"\242#\242c\242\345\212L\310}\376P\222\326\352)\362Y"
 394      A2E58A4C 
 394      C87DFE50 
 394      92D6EA29 
 394      F259
ARM GAS  /var/folders/qd/4mxf5pkd0zdf0b9dd1hp39180000gn/T//ccREVRAm.s 			page 31


 395 0317 406E5296 		.ascii	"@nR\226\344\020\362\324\204\026<[b\005?\003\006\247"
 395      E410F2D4 
 395      84163C5B 
 395      62053F03 
 395      06A7
 396 0329 E9B3265E 		.ascii	"\351\263&^\355\313\020\253\031E\243\026h\215>U\277\230"
 396      EDCB10AB 
 396      1945A316 
 396      688D3E55 
 396      BF98
 397 033b 3B7A5B9A 		.ascii	";z[\232T7\201\026\375\204:\202\267\350\274\250\271\341"
 397      54378116 
 397      FD843A82 
 397      B7E8BCA8 
 397      B9E1
 398 034d A9108318 		.ascii	"\251\020\203\030)\253\312\240\256\344\2063(R\253\303"
 398      29ABCAA0 
 398      AEE48633 
 398      2852ABC3 
 399 035d EF853A48 		.ascii	"\357\205:HX\221l6\257?]\032\204\233X6\237n\035\\\035"
 399      58916C36 
 399      AF3F5D1A 
 399      849B5836 
 399      9F6E1D5C 
 400 0372 86622258 		.ascii	"\206b\"X\214\227\271\201\344\305i\003\347Vo.ID?2\321"
 400      8C97B981 
 400      E4C56903 
 400      E7566F2E 
 400      49443F32 
 401 0387 1550F721 		.ascii	"\025P\367!\245\020o\313\333\342\025A\312J\267\371\274"
 401      A5106FCB 
 401      DBE21541 
 401      CA4AB7F9 
 401      BC
 402 0398 B957D99B 		.ascii	"\271W\331\233Kz0>Z\263\254\311p\023u \362\342\215\242"
 402      4B7A303E 
 402      5AB3ACC9 
 402      70137520 
 402      F2E28DA2 
 403 03ac 1008B15F 		.ascii	"\020\010\261_\350I\243\343\021\371Bl\036fE\326qS2\220"
 403      E849A3E3 
 403      11F9426C 
 403      1E6645D6 
 403      71533290 
 404 03c0 5DF83DFC 		.ascii	"]\370=\374\212\034C\224q\351\037\007@JT\366\234\205"
 404      8A1C4394 
 404      71E91F07 
 404      404A54F6 
 404      9C85
 405 03d2 932F4186 		.ascii	"\223/A\206g\264d?\201A\372\006S8\371p\025<\217=4\275"
 405      67B4643F 
 405      8141FA06 
 405      5338F970 
 405      153C8F3D 
 406 03e8 2211CF58 		.ascii	"\"\021\317X\345\226\212\007\232.\324\011\343\231\202"
 406      E5968A07 
 406      9A2ED409 
ARM GAS  /var/folders/qd/4mxf5pkd0zdf0b9dd1hp39180000gn/T//ccREVRAm.s 			page 32


 406      E39982
 407 03f7 90AD4DA2 		.ascii	"\220\255M\242\263+^_\273\202\361M\266:{:\362\356i\351"
 407      B32B5E5F 
 407      BB82F14D 
 407      B63A7B3A 
 407      F2EE69E9 
 408 040b EA84BCF1 		.ascii	"\352\204\274\361\325\271\363\364\235=\242\337\365\327"
 408      D5B9F3F4 
 408      9D3DA2DF 
 408      F5D7
 409 0419 41D7DF0D 		.ascii	"A\327\337\015y\375\265\257*\337\036<\266HrwI\356\233"
 409      79FDB5AF 
 409      2ADF1E3C 
 409      B6487277 
 409      49EE9B
 410 042c 9D518517 		.ascii	"\235Q\205\027\227e4\202\343|j\210\256{\253\177\235l"
 410      97653482 
 410      E37C6A88 
 410      AE7BAB7F 
 410      9D6C
 411 043e B7E81AEA 		.ascii	"\267\350\032\352B\250\035\335\004\302\235h,\370\277"
 411      42A81DDD 
 411      04C29D68 
 411      2CF8BF
 412 044d 395C9580 		.ascii	"9\\\225\200\241'X\313\327T\334\325Q2\227<dv\037>9\030"
 412      A12758CB 
 412      D754DCD5 
 412      5132973C 
 412      64761F3E 
 413 0463 ECD93EBA 		.ascii	"\354\331>\272\020\235\274\335Z\225o\360\260\276\305"
 413      109DBCDD 
 413      5A956FF0 
 413      B0BEC5
 414 0472 264FB51D 		.ascii	"&O\265\035\271\355C{\376/\025\264\357P\332\267e\332"
 414      B9ED437B 
 414      FE2F15B4 
 414      EF50DAB7 
 414      65DA
 415 0484 35A9EB96 		.ascii	"5\251\353\226j\201v\021\320\356\314\323\347K\356%\022"
 415      6A817611 
 415      D0EECCD3 
 415      E74BEE25 
 415      12
 416 0495 59FE6006 		.ascii	"Y\376`\006\344<\244o\252I\337\245\244\373\267\347\236"
 416      E43CA46F 
 416      AA49DFA5 
 416      A4FBB7E7 
 416      9E
 417 04a6 D2E11DD8 		.ascii	"\322\341\035\330\357\006W[>\354\306t\016rw\237\361\353"
 417      EF06575B 
 417      3EECC674 
 417      0E72779F 
 417      F1EB
 418 04b8 6B3E541E 		.ascii	"k>T\036\350!\375\200M\036\3158\260*\320/\351\237)\351"
 418      E821FD80 
 418      4D1ECD38 
 418      B02AD02F 
ARM GAS  /var/folders/qd/4mxf5pkd0zdf0b9dd1hp39180000gn/T//ccREVRAm.s 			page 33


 418      E99F29E9 
 419 04cc 8732E9CA 		.ascii	"\2072\351\312\372'\233\0039\351\363\221\036\316`\205"
 419      FA279B03 
 419      39E9F391 
 419      1ECE6085 
 420 04dc EE7939DF 		.ascii	"\356y9\337Ss\356\246\234\357\264\335~h\300\207\360\377"
 420      5373EEA6 
 420      9CEFB4DD 
 420      7E68C087 
 420      F0FF
 421 04ee 59F62794 		.ascii	"Y\366'\224\312c\231\312\333\354\023[1P\351\002*g\012"
 421      CA6399CA 
 421      DBEC135B 
 421      3150E902 
 421      2A670A
 422 0501 43199754 		.ascii	"C\031\227T\221\230\241G^.\217\324\\\236R.\325/V\254"
 422      9198A147 
 422      5E2E8FD4 
 422      5C9E522E 
 422      D52F56AC 
 423 0515 D2E11AC6 		.ascii	"\322\341\032\306\245\241\247\2416\210\253\352\376\203"
 423      A5A1A7A1 
 423      3688ABEA 
 423      FE83
 424 0523 471541EA 		.ascii	"G\025A\352\361\"\365\250\221\236Q\244\336\312\342>\214"
 424      F122F5A8 
 424      919E51A4 
 424      DECAE23E 
 424      8C
 425 0534 2F32A48A 		.ascii	"/2\244\212\262\341\275:9\353L\224{sv}\230G\350s\226"
 425      B2E1BD3A 
 425      39EB4C94 
 425      7B73767D 
 425      9847E873 
 426 0549 F4A79D99 		.ascii	"\364\247\235\231\313\264~\223\336O\225\366\311J\357"
 426      CBB47E93 
 426      DE4F95F6 
 426      C94AEF
 427 0558 64B7BCD1 		.ascii	"d\267\274\321s\245\235\345z\217R0C\275^~\275j~/(\277"
 427      73A59DE5 
 427      7A8F5230 
 427      43BD5E7E 
 427      BD6A7E2F 
 428 056e 752527B3 		.ascii	"u%'\2634\370\032\317\372\265\341\334P\016u~\232\017"
 428      34F81ACF 
 428      FAB5E1DC 
 428      500E757E 
 428      9A0F
 429 0580 D24B2FD2 		.ascii	"\322K/\322K5\322\000EJo\035\\\210\3571\240m\335Gk\371"
 429      4B35D200 
 429      454A6F1D 
 429      5C88EF31 
 429      A06DDD47 
 430 0596 A1C800C3 		.ascii	"\241\310\000\303\033[svh\330\367\363!\335)\033\372\326"
 430      1B5B7376 
 430      68D8F7F3 
 430      21DD291B 
ARM GAS  /var/folders/qd/4mxf5pkd0zdf0b9dd1hp39180000gn/T//ccREVRAm.s 			page 34


 430      FAD6
 431 05a8 EB701FB3 		.ascii	"\353p\037\263\275_\231sJ\247\313\340\247\011\3306\301"
 431      BD5F9973 
 431      4AA7CBE0 
 431      A709D836 
 431      C1
 432 05b9 C9BB6BBE 		.ascii	"\311\273k\276Fp>\201\215\235\356\302`\335:x\374\225"
 432      46703E81 
 432      8D9DEEC2 
 432      60DD3A78 
 432      FC95
 433 05cb 1EBFA6AE 		.ascii	"\036\277\246\256\232\262\264\335\3174(&\022\2019\322"
 433      9AB2B4DD 
 433      CF342826 
 433      128139D2 
 434 05db 15CB6727 		.ascii	"\025\313g'\001\245\212:\364\206\037\237\340\312\227"
 434      01A58A3A 
 434      F4861F9F 
 434      E0CA97
 435 05ea 00FED97F 		.ascii	"\000\376\331\177\3114\334kiO\217O\3226\011\217\021\320"
 435      C934DC6B 
 435      694F8F4F 
 435      D236098F 
 435      11D0
 436 05fc A7916802 		.ascii	"\247\221h\002\354\361oa_'\217\004$\211\221h\204\005"
 436      ECF16F61 
 436      5F278F04 
 436      24899168 
 436      8405
 437 060e 94A4C69E 		.ascii	"\224\244\306\236\200\360l\376Q\370\014Q\354W\020p\210"
 437      80F06CFE 
 437      51F80C51 
 437      EC571070 
 437      88
 438 061f F25B2286 		.ascii	"\362[\"\206\313,\211\365\276\202\272\241`\035\307\316"
 438      CB2C89F5 
 438      BE82BAA1 
 438      601DC7CE 
 439 062f F818F6C8 		.ascii	"\370\030\366\310\206\202\336 %v\332\207\260\017\025"
 439      8682DE20 
 439      2576DA87 
 439      B00F15
 440 063e B5AC10C7 		.ascii	"\265\254\020\307m\223\032\335\222\373~a`j\221;5\012"
 440      6D931ADD 
 440      92FB7E61 
 440      606A913B 
 440      350A
 441 0650 A58BE168 		.ascii	"\245\213\341h\030j\003\357\255\302s\020f\376%\012h\251"
 441      186A03EF 
 441      ADC27310 
 441      66FE250A 
 441      68A9
 442 0662 380E1CCF 		.ascii	"8\016\034\317\215\264.\015\304\251\032v\264;\333\331"
 442      8DB42E0D 
 442      C4A91A76 
 442      B43BDBD9 
 443 0672 CA8F469F 		.ascii	"\312\217F\237\300\260\254\341\354\015\314J\223\201\024"
ARM GAS  /var/folders/qd/4mxf5pkd0zdf0b9dd1hp39180000gn/T//ccREVRAm.s 			page 35


 443      C0B0ACE1 
 443      EC0DCC4A 
 443      938114
 444 0681 479D7076 		.ascii	"G\235pv\324\311oi~\211\374\026g\245\310\213\263B\244"
 444      D4C96F69 
 444      7E89FC16 
 444      67A5C88B 
 444      B342A4
 445 0694 7ABA7F2E 		.ascii	"z\272\177.q\252S\225\001r\227\213\304:\223\312\241>"
 445      71AA5395 
 445      0172978B 
 445      C43A93CA 
 445      A13E
 446 06a6 C4F8C7FC 		.ascii	"\304\370\307\374W0\243\022\357\327\272\252\274\344Z"
 446      5730A312 
 446      EFD7BAAA 
 446      BCE45A
 447 06b5 1817DFFD 		.ascii	"\030\027\337\375+\246=\213k\207=O\341\270Ld\332WQ\355"
 447      2BA63D8B 
 447      6B873D4F 
 447      E1B84C64 
 447      DA5751ED 
 448 06c9 7787CB2B 		.ascii	"w\207\313+C\231\236@\030\236\274\000'?\277z~\220\365"
 448      43999E40 
 448      189EBC00 
 448      273FBF7A 
 448      7E90F5
 449 06dc AC667AFA 		.ascii	"\254fz\372W.\035\340'\377 \030\356\272_\260Z\317r5\215"
 449      572E1DE0 
 449      27FF2018 
 449      EEBA5FB0 
 449      5ACF7235 
 450 06f1 9CEC6EE7 		.ascii	"\234\354n\347\324#\265\3345\300#\233\362XK\005PH:\000"
 450      D423B5DC 
 450      35C0239B 
 450      F2584B05 
 450      50483A00 
 451 0705 8FA1FC63 		.ascii	"\217\241\374c\307\003\224'\004r \362\206_'\262\023\002"
 451      C7039427 
 451      047220F2 
 451      865F27B2 
 451      1302
 452 0717 F4E4D8FD 		.ascii	"\364\344\330\375\260\302\200\177`E\333\264\357yM(\377"
 452      B0C2807F 
 452      6045DBB4 
 452      EF794D28 
 452      FF
 453 0728 88C119BA 		.ascii	"\210\301\031\272\344*\234\330\000&\035i\350\342\314"
 453      E42A9CD8 
 453      00261D69 
 453      E8E2CC
 454 0737 113D8B13 		.ascii	"\021=\213\023n}\027\347\217\"Y\234\215O\217e\205\340"
 454      6E7D17E7 
 454      8F22599C 
 454      8D4F8F65 
 454      85E0
 455 0749 3C865696 		.ascii	"<\206V\2265\222\023\340w{\331 \222\355\305\316w\227"
ARM GAS  /var/folders/qd/4mxf5pkd0zdf0b9dd1hp39180000gn/T//ccREVRAm.s 			page 36


 455      359213E0 
 455      777BD920 
 455      92EDC5CE 
 455      7797
 456 075b 5B277A9F 		.ascii	"['z\237\004\361\310\217\262\360\305\372e\022|>\213f"
 456      04F1C88F 
 456      B2F0C5FA 
 456      65127C3E 
 456      8B66
 457 076d 513BB4DE 		.ascii	"Q;\264\336\033x\275:p.\015\334U\370`\235\001\237f\201"
 457      1B78BD3A 
 457      702E0DDC 
 457      55F8609D 
 457      019F6681 
 458 0781 FB735E76 		.ascii	"\373s^v\313\337\342\372|\\\352\013\226\347\005\313S"
 458      CBDFE2FA 
 458      7C5CEA0B 
 458      96E705CB 
 458      53
 459 0792 83E553B0 		.ascii	"\203\345S\260\235\267Vo\017\302\303\014lw\371\346\275"
 459      9DB7566F 
 459      0FC2C30C 
 459      6C77F9E6 
 459      BD
 460 07a3 A1382380 		.ascii	"\2418#\200\0162kj\013\310\267\013\025\020O\372\236\027"
 460      0E326B6A 
 460      0BC8B70B 
 460      15104FFA 
 460      9E17
 461 07b5 6DACD6F2 		.ascii	"m\254\326\362X\003\273q^\351\346URQ\252\364Y\235H\203"
 461      5803BB71 
 461      5EE9E655 
 461      5251AAF4 
 461      599D4883 
 462 07c9 6D9483A1 		.ascii	"m\224\203\241M\242\206"
 462      4DA286
 463 07d0 8C7CE36D 		.ascii	"\214|\343m\246\361\262\226\356N\015\302\265,DUf\371"
 463      A6F1B296 
 463      EE4E0DC2 
 463      B52C4455 
 463      66F9
 464 07e2 E3100ED8 		.ascii	"\343\020\016\330\223\205+33\031\340,\212W\350%_\250"
 464      93852B33 
 464      3319E02C 
 464      8A57E825 
 464      5FA8
 465 07f4 062BA260 		.ascii	"\006+\242`\305\003\203\231\241\270\201\201=\276\262"
 465      C5038399 
 465      A1B88181 
 465      3DBEB2
 466 0803 AB51EFCD 		.ascii	"\253Q\357\315D\276o&\266x\301\266\250\301\266R\260\376"
 466      44BE6F26 
 466      B678C1B6 
 466      A8C1B652 
 466      B0FE
 467 0815 D4757BB4 		.ascii	"\324u{\264\270\315\237\370\241\346\354\026\275W|\231"
 467      B8CD9FF8 
ARM GAS  /var/folders/qd/4mxf5pkd0zdf0b9dd1hp39180000gn/T//ccREVRAm.s 			page 37


 467      A1E6EC16 
 467      BD577C99 
 468 0825 4AFC368F 		.ascii	"J\3746\217\370\355 ~\233:\304\016\032\342\354\213\336"
 468      F8ED207E 
 468      9B3AC40E 
 468      1AE2EC8B 
 468      DE
 469 0836 7DC1F81E 		.ascii	"}\301\370\036\013q\370\376\2713:\366\352Kd\233\250x"
 469      0B71F8FE 
 469      B9333AF6 
 469      EA4B649B 
 469      A878
 470 0848 DE5F11C8 		.ascii	"\336_\021\310V\006\371\277vMG\365+\203\337eU\"/\253"
 470      5606F9BF 
 470      764D47F5 
 470      2B83DF65 
 470      55222FAB 
 471 085c 5D6C592D 		.ascii	"]lY-Ik\332\037\252^8;E\266\215\010h7]8%\362\312\337"
 471      496BDA1F 
 471      AA5E383B 
 471      45B68D08 
 471      68375D38 
 472 0874 3738D217 		.ascii	"78\322\027\240\336'\374ZW\273\337\344\205\362}\342f"
 472      A0DE27FC 
 472      5A57BBDF 
 472      E485F27D 
 472      E266
 473 0886 E7F88262 		.ascii	"\347\370\202b)c/\354\370\245|\253\200\243\206\302\267"
 473      29632FEC 
 473      F8A57CAB 
 473      80A386C2 
 473      B7
 474 0897 986F1565 		.ascii	"\230o\025et\253\030\272\274\241\000+Wg\207\317\177j"
 474      74AB18BA 
 474      BCA1002B 
 474      576787CF 
 474      7F6A
 475 08a9 E57C7596 		.ascii	"\345|u\226\323\325\331w\265\376\215\006\367\261\354"
 475      D3D5D977 
 475      B5FE8D06 
 475      F7B1EC
 476 08b8 B4B5A71F 		.ascii	"\264\265\247\037\345{j\010\014\323\312N\034\016\360"
 476      E57B6A08 
 476      0CD3CA4E 
 476      1C0EF0
 477 08c7 9B8DBD72 		.ascii	"\233\215\275r6\366\260l<}\\\\\372\316\007\306\373\357"
 477      36F6B06C 
 477      3C7D5C5C 
 477      FACE07C6 
 477      FBEF
 478 08d9 D53EAA6F 		.ascii	"\325>\252o\257\254\357\360\231\274\027:u6\374Z\277Y"
 478      AFACEFF0 
 478      99BC173A 
 478      7536FC5A 
 478      BF59
 479 08eb D7774AC3 		.ascii	"\327wJ\303\263\361*\226\355\232\373y*\340\373\257p\254"
 479      B3F12A96 
ARM GAS  /var/folders/qd/4mxf5pkd0zdf0b9dd1hp39180000gn/T//ccREVRAm.s 			page 38


 479      ED9AFB79 
 479      2AE0FBAF 
 479      70AC
 480 08fd E0A93820 		.ascii	"\340\2518 \216\023B\223\222M\216\005\337X-.S\212\355"
 480      8E134293 
 480      924D8E05 
 480      DF582D2E 
 480      538AED
 481 0910 3FD6DFC6 		.ascii	"?\326\337\306\305\031\331\237#\305\350t\031S\234\026"
 481      C519D99F 
 481      23C5E874 
 481      19539C16 
 482 0920 A32521C9 		.ascii	"\243%!\311\232\224\354p$\246\304Y\264\177\371\353\227"
 482      9A94EC70 
 482      24A6C459 
 482      B47FF9EB 
 482      97
 483 0931 5133264E 		.ascii	"Q3&N\024\002\211\265\311\225\215\214\323\223\223\023"
 483      140289B5 
 483      C9958D8C 
 483      D3939313 
 484 0941 6D16B3CB 		.ascii	"m\026\263\313\346\260\247\030\377lI\264%\247XM\326\330"
 484      E6B0A718 
 484      FF6C49B4 
 484      25A7584D 
 484      D6D8
 485 0953 E4459685 		.ascii	"\344E\226\205\223\342\314\311\311\306\031\016\273\313"
 485      93E2CCC9 
 485      C9C6190E 
 485      BBCB
 486 0961 6A77BDF3 		.ascii	"jw\275\363\320\370\017\202i\374\332b\2115;\223b\355"
 486      D0F80F82 
 486      69FCDA62 
 486      89353B93 
 486      62ED
 487 0973 0EBB35D6 		.ascii	"\016\2735\326j^`\213\235\032;i\302\304\251\261\337N"
 487      6A5E608B 
 487      9D1A3B69 
 487      C2C4A9B1 
 487      DF4E
 488 0985 8E4D327F 		.ascii	"\216M2\177\343p\032\023m\013\210\225\321\307\31285n"
 488      E3701A13 
 488      6D0B8895 
 488      D1C7CA38 
 488      356E
 489 0997 52DC44A3 		.ascii	"R\334D\243\315nI\\\024o5\246\270\342\343\255_\305%\010"
 489      CD6E495C 
 489      146F35A6 
 489      B8E2E3AD 
 489      5FC52508 
 490 09ab 4120C86E 		.ascii	"A \310n\375\336\025\224\234@\373\020\302\334\224`5\307"
 490      FDDE1594 
 490      9C40FB10 
 490      C2DC9460 
 490      35C7
 491 09bd 5B9DD12A 		.ascii	"[\235\321*u\262\263Ba\202\020\002\000\311N\307w6p\320"
 491      75B2B342 
ARM GAS  /var/folders/qd/4mxf5pkd0zdf0b9dd1hp39180000gn/T//ccREVRAm.s 			page 39


 491      61821002 
 491      00C94EC7 
 491      773670D0 
 492 09d1 C3FCD756 		.ascii	"\303\374\327V\327W\213\354\026\223\353w\037\362\266"
 492      D7578BEC 
 492      1693EB77 
 492      1FF2B6
 493 09e0 389C5670 		.ascii	"8\234Vp6\300\255\303\271\330D\203\272\",\011_\300\315"
 493      36C0ADC3 
 493      B9D84483 
 493      BA222C09 
 493      5FC0CD
 494 09f3 F4C44487 		.ascii	"\364\304D\207ev\\\262\331\351\212\233\020\365\221\014"
 494      65765CB2 
 494      D9E98A9B 
 494      10F5910C 
 495 0a03 0BA398D3 		.ascii	"\013\243\230\323\337hQf\333m\25606\361\271\303\034?"
 495      DF685166 
 495      DB6DAE30 
 495      36F1B9C3 
 495      1C3F
 496 0a15 DDE9342F 		.ascii	"\335\3514/\326+QC\024\003~?\323i\265\316\326y\357\015"
 496      D62B5143 
 496      14037E3F 
 496      D369B5CE 
 496      D679EF0D 
 497 0a29 26131560 		.ascii	"&\023\025`\212\373\343\224\251\223\265\362HcI0;\225"
 497      8AFBE394 
 497      A993B5F2 
 497      48634930 
 497      3B95
 498 0a3b CFA64C08 		.ascii	"\317\246L\010\346`\361\361\0005wq\312\227v@]\250~'\274"
 498      E660F1F1 
 498      00357771 
 498      CA977640 
 498      5DA87E27 
 499 0a50 BA5316D3 		.ascii	"\272S\026\323\204%;\234.\323\"j\373{\225-y\224b\234"
 499      84253B9C 
 499      2ED3226A 
 499      FB7B952D 
 499      7994629C 
 500 0a64 FEF73933 		.ascii	"\376\36793\346|\017\016$K\246\357\246$\201\227\336d"
 500      E67C0F0E 
 500      244BA6EF 
 500      A6248197 
 500      DE64
 501 0a76 B2DACD0B 		.ascii	"\262\332\315\013\022\255&\233\363[\2039\361\337\346"
 501      12AD269B 
 501      F35B8339 
 501      F1DFE6
 502 0a85 C529269B 		.ascii	"\305)&\233=\321f\267\216W\202@\011\2153\346\314\235"
 502      3DD166B7 
 502      8E578240 
 502      098D33E6 
 502      CC9D
 503 0a97 3DD71B97 		.ascii	"=\327\033\227\200X\222f\002o\300\011\246L?\207\330\301"
 503      80589266 
ARM GAS  /var/folders/qd/4mxf5pkd0zdf0b9dd1hp39180000gn/T//ccREVRAm.s 			page 40


 503      026FC009 
 503      A64C3F87 
 503      D8C1
 504 0aa9 94076101 		.ascii	"\224\007a\001\252\342m)\036p\245\306)\312\321\264\311"
 504      AAE26D29 
 504      1E70A5C6 
 504      29CAD1B4 
 504      C9
 505 0aba FF033AB2 		.ascii	"\377\003:\262#\213"
 505      238B
 506              		.text
 507              		.section	.gnu.lto_.symtab.cefd55884eb56d2c,"",%progbits
 508 0000 6368506F 		.ascii	"chPoolObjectInit\000"
 508      6F6C4F62 
 508      6A656374 
 508      496E6974 
 508      00
 509 0011 00       		.ascii	"\000"
 510 0012 00       		.ascii	"\000"
 511 0013 00       		.ascii	"\000"
 512 0014 00000000 		.ascii	"\000\000\000\000\000\000\000\000"
 512      00000000 
 513 001c E4000000 		.ascii	"\344\000\000\000"
 514 0020 6368506F 		.ascii	"chPoolLoadArray\000"
 514      6F6C4C6F 
 514      61644172 
 514      72617900 
 515 0030 00       		.ascii	"\000"
 516 0031 00       		.ascii	"\000"
 517 0032 00       		.ascii	"\000"
 518 0033 00000000 		.ascii	"\000\000\000\000\000\000\000\000"
 518      00000000 
 519 003b EA000000 		.ascii	"\352\000\000\000"
 520 003f 6368506F 		.ascii	"chPoolAllocI\000"
 520      6F6C416C 
 520      6C6F6349 
 520      00
 521 004c 00       		.ascii	"\000"
 522 004d 00       		.ascii	"\000"
 523 004e 00       		.ascii	"\000"
 524 004f 00000000 		.ascii	"\000\000\000\000\000\000\000\000"
 524      00000000 
 525 0057 EE000000 		.ascii	"\356\000\000\000"
 526 005b 6368506F 		.ascii	"chPoolAlloc\000"
 526      6F6C416C 
 526      6C6F6300 
 527 0067 00       		.ascii	"\000"
 528 0068 00       		.ascii	"\000"
 529 0069 00       		.ascii	"\000"
 530 006a 00000000 		.ascii	"\000\000\000\000\000\000\000\000"
 530      00000000 
 531 0072 F0000000 		.ascii	"\360\000\000\000"
 532 0076 6368506F 		.ascii	"chPoolFreeI\000"
 532      6F6C4672 
 532      65654900 
 533 0082 00       		.ascii	"\000"
 534 0083 00       		.ascii	"\000"
ARM GAS  /var/folders/qd/4mxf5pkd0zdf0b9dd1hp39180000gn/T//ccREVRAm.s 			page 41


 535 0084 00       		.ascii	"\000"
 536 0085 00000000 		.ascii	"\000\000\000\000\000\000\000\000"
 536      00000000 
 537 008d F5000000 		.ascii	"\365\000\000\000"
 538 0091 6368506F 		.ascii	"chPoolFree\000"
 538      6F6C4672 
 538      656500
 539 009c 00       		.ascii	"\000"
 540 009d 00       		.ascii	"\000"
 541 009e 00       		.ascii	"\000"
 542 009f 00000000 		.ascii	"\000\000\000\000\000\000\000\000"
 542      00000000 
 543 00a7 F7000000 		.ascii	"\367\000\000\000"
 544              		.text
 545              		.section	.gnu.lto_.opts,"",%progbits
 546 0000 272D666D 		.ascii	"'-fmath-errno' '-fsigned-zeros' '-ftrapping-math' '"
 546      6174682D 
 546      6572726E 
 546      6F272027 
 546      2D667369 
 547 0033 2D666E6F 		.ascii	"-fno-trapv' '-fno-openmp' '-fno-openacc' '-mcpu=cor"
 547      2D747261 
 547      70762720 
 547      272D666E 
 547      6F2D6F70 
 548 0066 7465782D 		.ascii	"tex-m0' '-mno-thumb-interwork' '-mthumb' '-O2' '-fo"
 548      6D302720 
 548      272D6D6E 
 548      6F2D7468 
 548      756D622D 
 549 0099 6D69742D 		.ascii	"mit-frame-pointer' '-falign-functions=16' '-ffuncti"
 549      6672616D 
 549      652D706F 
 549      696E7465 
 549      72272027 
 550 00cc 6F6E2D73 		.ascii	"on-sections' '-fdata-sections' '-fno-common' '-flto"
 550      65637469 
 550      6F6E7327 
 550      20272D66 
 550      64617461 
 551 00ff 2700     		.ascii	"'\000"
 552              		.text
 553              		.comm	__gnu_lto_v1,1,1
 554              		.comm	__gnu_lto_slim,1,1
 555              		.ident	"GCC: (GNU Tools for Arm Embedded Processors 7-2017-q4-major) 7.2.1 20170904 (release) [ARM
ARM GAS  /var/folders/qd/4mxf5pkd0zdf0b9dd1hp39180000gn/T//ccREVRAm.s 			page 42


DEFINED SYMBOLS
                            *ABS*:0000000000000000 chmempools.c
                            *COM*:0000000000000001 __gnu_lto_v1
                            *COM*:0000000000000001 __gnu_lto_slim

NO UNDEFINED SYMBOLS
