ARM GAS  /var/folders/qd/4mxf5pkd0zdf0b9dd1hp39180000gn/T//cc7TjkCD.s 			page 1


   1              		.cpu cortex-m0
   2              		.eabi_attribute 20, 1
   3              		.eabi_attribute 21, 1
   4              		.eabi_attribute 23, 3
   5              		.eabi_attribute 24, 1
   6              		.eabi_attribute 25, 1
   7              		.eabi_attribute 26, 1
   8              		.eabi_attribute 30, 2
   9              		.eabi_attribute 34, 0
  10              		.eabi_attribute 18, 4
  11              		.file	"chmsg.c"
  12              		.section	.gnu.lto_.profile.d38a4b025b863636,"",%progbits
  13 0000 789C6363 		.ascii	"x\234cc```\001bF\006\177\015\000\001>\000\203"
  13      60606001 
  13      6246067F 
  13      0D00013E 
  13      0083
  14              		.text
  15              		.section	.gnu.lto_.icf.d38a4b025b863636,"",%progbits
  16 0000 789C6363 		.ascii	"x\234cc``\020a@\000f\206\015+\216\315\343d\372~nJ\017"
  16      60601061 
  16      40006686 
  16      0D2B8ECD 
  16      E364FA7E 
  17 0017 27F39BD7 		.ascii	"'\363\233\327\223.\3633\000\000_\367\011!"
  17      932EF333 
  17      00005FF7 
  17      0921
  18              		.text
  19              		.section	.gnu.lto_.jmpfuncs.d38a4b025b863636,"",%progbits
  20 0000 789C6D8D 		.ascii	"x\234m\215\273\011\200@\020Dgv\017#9\033\260\321\213"
  20      BB098040 
  20      10446776 
  20      0F23391B 
  20      B0D18B
  21 0013 0E635331 		.ascii	"\016cS1\262\013-\3006\004\013\260\007\361\263\247\302"
  21      B20B2DC0 
  21      36040BB0 
  21      07F1B3A7 
  21      C2
  22 0024 250EBC60 		.ascii	"%\016\274`\007\336N\001\240G\216BH\215\203\302\240\260"
  22      07DE4E01 
  22      A0478E42 
  22      488D83C2 
  22      A0B0
  23 0036 53EE5BB7 		.ascii	"S\356[\267\260\325A\205%G\326\340\354X\032\200H0'\335"
  23      B0D54185 
  23      2547D6E0 
  23      EC581A80 
  23      483027DD 
  24 004a 302E4B05 		.ascii	"0.K\005\261:i\307\332\234\362j\236\323\247\371G\323"
  24      B13A69C7 
  24      DA9CF26A 
  24      9ED3A7F9 
  24      47D3
  25 005c B441DB30 		.ascii	"\264A\3330\350\376~\004\346*\0027_\020\"\015"
  25      E8FE7E04 
ARM GAS  /var/folders/qd/4mxf5pkd0zdf0b9dd1hp39180000gn/T//cc7TjkCD.s 			page 2


  25      E62A0237 
  25      5F10220D 
  26              		.text
  27              		.section	.gnu.lto_.inline.d38a4b025b863636,"",%progbits
  28 0000 789C6363 		.ascii	"x\234cc``\210c@\000f\006\006Q9FF\006\005F\006\006&\311"
  28      60608863 
  28      40006606 
  28      06513946 
  28      46060546 
  29 0018 15871919 		.ascii	"\025\207\031\0318o\2301\201d\230\270\031\030\030!\344"
  29      386F9831 
  29      816498B8 
  29      19181821 
  29      E4
  30 0029 043F2606 		.ascii	"\004?&\006A\001 G\342\300nF\006\266\005\362H\012\230"
  30      41012047 
  30      E2C06E46 
  30      06B605F2 
  30      480A98
  31 003c 19384032 		.ascii	"\0318@2,\013\344\341\022\314<@\311\011~\023\374\030"
  31      2C0BE4E1 
  31      12CC3C40 
  31      C9097E13 
  31      FC18
  32 004e 00E7590A 		.ascii	"\000\347Y\012\\"
  32      5C
  33              		.text
  34              		.section	.gnu.lto_.pureconst.d38a4b025b863636,"",%progbits
  35 0000 789C6363 		.ascii	"x\234cc``\340\002bf\206]\214L\273\030\231w1\002\000"
  35      6060E002 
  35      6266865D 
  35      8C4CBB18 
  35      99773102 
  36 0015 0C2F024A 		.ascii	"\014/\002J"
  37              		.text
  38              		.section	.gnu.lto_chMsgSend.d38a4b025b863636,"",%progbits
  39 0000 789C9555 		.ascii	"x\234\225U[L\034e\024\376\317\374\263\263\013\354\242"
  39      5B4C1C65 
  39      14FECFFC 
  39      B3B30BEC 
  39      A2
  40 0011 34C6874A 		.ascii	"4\306\207Jp\211\022$1\254\017\304\007\323\027\323\304"
  40      70891224 
  40      31AC0FC4 
  40      07D317D3 
  40      C4
  41 0022 E8032FF6 		.ascii	"\350\003/\366I_|X\210\220\310\245\354\226\264\211\011"
  41      495F7C58 
  41      8890C8A5 
  41      EC96B489 
  41      09
  42 0033 03BB045A 		.ascii	"\003\273\004Z\264\365R\300n7\272\272Rj\250\320*\367"
  42      B4F552C0 
  42      6E37BABA 
  42      526AA8D0 
  42      2AF7
  43 0045 5258A1A5 		.ascii	"RX\241\245(7\213\024(]\267\010R\313\265\255\017\242"
ARM GAS  /var/folders/qd/4mxf5pkd0zdf0b9dd1hp39180000gn/T//cc7TjkCD.s 			page 3


  43      28378B14 
  43      285DB708 
  43      52CBB5AD 
  43      0FA2
  44 0057 AD52CFF9 		.ascii	"\255R\317\371ghw\027\260u\302\0163\3779\347;\347|\347"
  44      67687717 
  44      B075C20E 
  44      33FF39E7 
  44      3BE77CE7 
  45 006b 320A63EC 		.ascii	"2\012c\354\204\211\261\020\376\317\300\037\030\030H"
  45      8489B110 
  45      FECFC01F 
  45      181848
  46 007a 1F8C3056 		.ascii	"\037\2140Vj\222$\276\226\300\324X\371\330.\246\2329"
  46      6A9224BE 
  46      96C0D458 
  46      F9D82EA6 
  46      9A39
  47 008c C8DAB10C 		.ascii	"\310\332\261\014@\017\252\011X\211\304e(\201\367\370"
  47      400FAA09 
  47      5889C465 
  47      2881F7F8 
  48 009c 510E97DC 		.ascii	"Q\016\227\334\247\275\274\212{9\003\031_o\017{\346\342"
  48      A7BDBC8A 
  48      7B390319 
  48      5F6F0F7B 
  48      E6E2
  49 00ae E915C08A 		.ascii	"\351\025\300\212\257u\347\\]\220V\257\342\025\250\015"
  49      AF75E75C 
  49      5D9056AF 
  49      E215A80D 
  50 00be 29F5AEF2 		.ascii	")\365\256\362W\275\\b5\250\335\014\211\360-$\222\357"
  50      57BD5C62 
  50      35A8DD0C 
  50      89F02D24 
  50      92EF
  51 00d0 164843DD 		.ascii	"\026HC\335\363\363\177\217\305\361$`\370<\350\036\234"
  51      F3F37F8F 
  51      C5F12460 
  51      F83CE81E 
  51      9C
  52 00e1 5252EB54 		.ascii	"RR\353T\265L\015\004\375\\}\326\3139\264\002\0177\304"
  52      B54C0D04 
  52      FD5C7DD6 
  52      CB39B402 
  52      0F37C4
  53 00f4 23066D90 		.ascii	"#\006m\220\212\352C\247;&e\236,L\253[]'9\231\242\313"
  53      8AEA43A7 
  53      3B26659E 
  53      2C4CAB5B 
  53      5D273999 
  54 010a E52F85A9 		.ascii	"\345/\205\251\004\355\321\246\022\203\016H%\375\241"
  54      04EDD1A6 
  54      12830E48 
  54      25FDA1
  55 0119 F5E6D158 		.ascii	"\365\346\321X\236\"l\017]\353Y3\246\370\205\333\376"
  55      9E226C0F 
ARM GAS  /var/folders/qd/4mxf5pkd0zdf0b9dd1hp39180000gn/T//cc7TjkCD.s 			page 4


  55      5DEB5933 
  55      A6F885DB 
  55      FE
  56 012a E33B3F77 		.ascii	"\343;?w\251\003\252L\256;#\355\351B\365\3313\353\325"
  56      A903AA4C 
  56      AE3B23ED 
  56      E942F5D9 
  56      33EBD5
  57 013d 164586B3 		.ascii	"\026E\206\263\220\342\343\214\262\302d\272@\201\373"
  57      90E2E38C 
  57      B2C264BA 
  57      4081FB
  58 014c 32B70863 		.ascii	"2\267\010c\325\253\210\363\032\016af\014\316\241j7("
  58      D5AB88F3 
  58      1A0E6166 
  58      0CCEA16A 
  58      3728
  59 015e 2C4A7D70 		.ascii	",J}p\376%\254F7\351K\233d\3072\336d\320C2\036\201\025"
  59      FE25AC46 
  59      37E94B9B 
  59      64C732DE 
  59      64D04332 
  60 0175 40ACEF10 		.ascii	"@\254\357\020\213n\200aPPMc\206\200\272~\257\002\271"
  60      8B6E8061 
  60      50504D63 
  60      8680BA7E 
  60      AF02B9
  61 0188 4FF2342F 		.ascii	"O\3624/L=\363\004`\352\262\2047\003z@\015\005\210\006"
  61      4C3DF304 
  61      60EAB284 
  61      37037A40 
  61      0D058806 
  62 019c 13108F66 		.ascii	"\023\020\217fA\211E\360\312*\361\207\345V\003\354 \006"
  62      418945F0 
  62      CA2AF187 
  62      E55603EC 
  62      2006
  63 01ae 814FAE00 		.ascii	"\201O\256\000[\204\262\316\205v\277\221R\361p\003z\257"
  63      5B84B2CE 
  63      8576BF91 
  63      52F17003 
  63      7AAF
  64 01c0 29EF1D35 		.ascii	")\357\0355R\265\025\221XG\307\362Uc\311?\252\011\017"
  64      52B51591 
  64      5847C7F2 
  64      5563C93F 
  64      AA090F
  65 01d3 7C982B9D 		.ascii	"|\230+\2355\273n\177\024\357\203O\301\313\215\320\207"
  65      35BB6E7F 
  65      14EF834F 
  65      C1CB8DD0 
  65      87
  66 01e4 5DD34BFC 		.ascii	"]\323K\374\241\240\365b\360\256\311\3665e\345kD\251"
  66      A1A0F562 
  66      F0AEC9F6 
  66      3565E56B 
  66      44A9
ARM GAS  /var/folders/qd/4mxf5pkd0zdf0b9dd1hp39180000gn/T//cc7TjkCD.s 			page 5


  67 01f6 09CE830F 		.ascii	"\011\316\203\017\252\271\316\355\235IW\271\244\211\255"
  67      AAB9CEED 
  67      9D4957B9 
  67      A489AD
  68 0205 54810B60 		.ascii	"T\201\013`\253&H\006\375`c\327\241\314W,\250\306$0\026"
  68      AB264806 
  68      FD6063D7 
  68      A1CC572C 
  68      A8C62430 
  69 021a B604A5B3 		.ascii	"\266\004\245\263MG\202\023\321\324\177\374\347\006\365"
  69      4D478213 
  69      D1D47FFC 
  69      E706F5
  70 0229 F2262ACB 		.ascii	"\362&*\313mH\302E\222\0316\323\374\302\033\014\006H"
  70      6D48C245 
  70      921936D3 
  70      FCC21B0C 
  70      0648
  71 023b A644D0FC 		.ascii	"\246D\320\374=\272\374\201h\246\033\003\346#\207'\273"
  71      3DBAFC81 
  71      68A61B03 
  71      E6238727 
  71      BB
  72 024c FBE6CDC9 		.ascii	"\373\346\315\311_\301g\352'\030k\014\031\374\336\370"
  72      5FC167EA 
  72      27186B0C 
  72      19FCDEF8 
  73 025c CDE53864 		.ascii	"\315\3458d\232\301 $\343}\010d\342\317\363\327\0277"
  73      9AC12024 
  73      E37D0864 
  73      E2CFF3D7 
  73      1737
  74 026e 6F010514 		.ascii	"o\001\005\024\316\236\326\026]\275\303\375\0122UJ\214"
  74      CE9ED616 
  74      5DBDC3FD 
  74      0A32554A 
  74      8C
  75 027f ECF4F258 		.ascii	"\354\364\362X\314\013\206u\266\306+\246Bq\367\351\220"
  75      CC0B8675 
  75      B6C62BA6 
  75      4271F7E9 
  75      90
  76 0290 60447025 		.ascii	"`Dp%\021\037\243`\363`\224\210~\247b\245\255\031\264"
  76      111FA360 
  76      F3609488 
  76      7EA762A5 
  76      AD19B4
  77 02a3 F24034E2 		.ascii	"\362@4\342,\325\0361M\333`\306\301\217\002\223k\374"
  77      2CD51E31 
  77      4DDB60C6 
  77      C18F0293 
  77      6BFC
  78 02b5 370C2F86 		.ascii	"7\014/\206\024\254%\231\266byd\270\204\2743\030\203"
  78      14AC2599 
  78      B6627964 
  78      B884BC33 
  78      1883
ARM GAS  /var/folders/qd/4mxf5pkd0zdf0b9dd1hp39180000gn/T//cc7TjkCD.s 			page 6


  79 02c7 1272357E 		.ascii	"\022r5~\250\303\240\247\361?\3426\303O\302\207\254\371"
  79      A8C3A0A7 
  79      F13FE236 
  79      C34FC287 
  79      ACF9
  80 02d9 08D6F9CB 		.ascii	"\010\326\371\3136Z \337\313-0NE6PR\227))\020u\276\367"
  80      365A20DF 
  80      CB2D304E 
  80      45365052 
  80      97292910 
  81 02f0 3ED73D2D 		.ascii	">\327=-U\016\324\233\364\361\\\367\304{\324\200\333"
  81      550ED49B 
  81      F4F15CF7 
  81      C47BD480 
  81      DB
  82 0301 BAC562A0 		.ascii	"\272\305b\240\013&\264\276\210\004\010\036\017\255\307"
  82      0B26B4BE 
  82      8804081E 
  82      0FADC7
  83 0310 F03320F8 		.ascii	"\3603 \370\036:\322\370a\334&4\031&\267@\233\"4\320"
  83      1E3AD2F8 
  83      61DC2634 
  83      1926B740 
  83      9B2234D0 
  84 0324 2AB87221 		.ascii	"*\270r!\350\331\025\325/\265\353\012'%r\253\367\233"
  84      E8D915D5 
  84      2FB5EB0A 
  84      272572AB 
  84      F79B
  85 0336 31A26FAE 		.ascii	"1\242o\256`\337LS\337LGp\006\333\3235\323V\273\243\301"
  85      60DF4C53 
  85      DF4C4770 
  85      06DBD335 
  85      D356BBA3 
  86 034b 0F94DF55 		.ascii	"\017\224\337UA\232\"P\030\0045j\3044v\266\234\002\202"
  86      419A2250 
  86      1804356A 
  86      C43476B6 
  86      9C0282
  87 035e F4700B5A 		.ascii	"\364p\013Z\267\014\006\246EC\311\360\034\225\260\366"
  87      B70C06A6 
  87      4543C9F0 
  87      1C95B0F6 
  88 036e 8F2AAE39 		.ascii	"\217*\2569\211\243\272\377\254;i\032_Y\344a\243\025"
  88      89A3BAFF 
  88      AC3B691A 
  88      5F59E461 
  88      A315
  89 0380 12F0461D 		.ascii	"\022\360F\035\376\032\226Y\024x\201?z\260\276'\011h"
  89      FE1A9659 
  89      1478813F 
  89      7AB0BE27 
  89      0968
  90 0392 46009974 		.ascii	"F\000\231t\240_(N\213\340l\341lK;l\211f\331\022\255"
  90      A05F284E 
  90      8BE06CE1 
  90      6C4B3B6C 
ARM GAS  /var/folders/qd/4mxf5pkd0zdf0b9dd1hp39180000gn/T//cc7TjkCD.s 			page 7


  90      8966D912 
  91 03a7 98D06623 		.ascii	"\230\320f#\262\236#4\203\206\326\325\362\256\016\366"
  91      B29E2334 
  91      8386D6D5 
  91      F2AE0EF6 
  92 03b7 0829524B 		.ascii	"\010)RKr\3705\"\307y\015\014\233c\246\252\307.\366\010"
  92      72F83522 
  92      C7790D0C 
  92      9B63A6AA 
  92      C72EF608 
  93 03cb 158E0EAC 		.ascii	"\025\216\016\254\342m\212\336\004\303\003~E\033()\252"
  93      E26D8ADE 
  93      04C3037E 
  93      451B2829 
  93      AA
  94 03dc D5ADFF39 		.ascii	"\325\255\3779M\361p]x\214\241\356\371\015)\235\007\367"
  94      4DF1705D 
  94      788CA1EE 
  94      F90D299D 
  94      07F7
  95 03ee 745FC603 		.ascii	"t_\306\003\250\225\211\206S\342\273\031\017\361pC\357"
  95      A8958986 
  95      53E2BB19 
  95      0FF17043 
  95      EF
  96 03ff B383387D 		.ascii	"\263\2038}k\011\270j\227\301\355\253?,&,j\261>V\203"
  96      6B09B86A 
  96      97C1EDAB 
  96      3F2C262C 
  96      6AB13E56 
  97 0414 043358C0 		.ascii	"\0043X\3001D\357^\376\2700\223\365\025MvM\207\371\026"
  97      3144EF5E 
  97      FEB83093 
  97      F5154D76 
  97      4D87F916 
  98 0428 76093514 		.ascii	"v\0115\024\013,\242\035\012\356\3368z\005\310\273\001"
  98      0B2CA21D 
  98      0AEEDE38 
  98      7A05C8BB 
  98      01
  99 0439 CCB00489 		.ascii	"\314\260\004\211^\276CKwhN\337\037\346\350\311.b\017"
  99      5EBE434B 
  99      77684EDF 
  99      1FE6E8C9 
  99      2E620F
 100 044c 19EDE5F0 		.ascii	"\031\355\345\360\321n\\)\033\221\365\002\234\000\332"
 100      D16E5C29 
 100      1B91F502 
 100      9C00DA
 101 045b 582B34DB 		.ascii	"X+4\333\261D\307\252\276\300\223\004\325\370\315Ao\372"
 101      B144C7AA 
 101      BEC09304 
 101      D5F8CD41 
 101      6FFA
 102 046d 026F9D00 		.ascii	"\002o\235\000\361\025\303\315:\361\320\315zSl\326[\270"
 102      F115C3CD 
 102      3AF1D0CD 
ARM GAS  /var/folders/qd/4mxf5pkd0zdf0b9dd1hp39180000gn/T//cc7TjkCD.s 			page 8


 102      7A536CD6 
 102      5BB8
 103 047f 5957A990 		.ascii	"YW\251\220\243}z\245\314De%\216\010r\202zO\245\247\333"
 103      A37D7AA5 
 103      CC446525 
 103      8E087282 
 103      7A4FA5A7 
 104 0494 B4BF0287 		.ascii	"\264\277\002\207\255\310is\024\331m\366\234<\307\333"
 104      ADC86973 
 104      14D96DF6 
 104      9C3CC7DB 
 105 04a4 E9762639 		.ascii	"\351v&9\0139>q\273\263\360\351(\265\334|\373;\373\262"
 105      0B393E71 
 105      BBB3F0E9 
 105      28B5DC7C 
 105      FB3BFBB2 
 106 04b8 B251D571 		.ascii	"\262Q\325q\300\221\236\303\322\242\344\205\005EN\207"
 106      C0919EC3 
 106      D2A2E485 
 106      05454E87 
 107 04c8 EDE5D733 		.ascii	"\355\345\3273wg\356G%{AQ\366[\305/\346\241\346\363\341"
 107      7767EE47 
 107      257B4151 
 107      F65BC52F 
 107      E6A1E6F3 
 108 04dd 9AD9FB9D 		.ascii	"\232\331\373\235\266\335\231{^\333\363\000\2204\355"
 108      B6DD997B 
 108      5EDBF300 
 108      9034ED
 109 04ec 79AFECCB 		.ascii	"y\257\354\313\267\243\262\311^\350\310\315\262\3462"
 109      B7A3B2C9 
 109      5EE8C8CD 
 109      B2E632
 110 04fb 635E765E 		.ascii	"c^v^A\321\001\306\235{\013\255\333\307b\317\311\332"
 110      41D101C6 
 110      9D7B0BAD 
 110      DBC762CF 
 110      C9DA
 111 050d B0CA46AB 		.ascii	"\260\312F\253\177\001We\033\215"
 111      7F015765 
 111      1B8D
 112              		.text
 113              		.section	.gnu.lto_chMsgWait.d38a4b025b863636,"",%progbits
 114 0000 789C8D55 		.ascii	"x\234\215U]L\034U\024\276g\356\354\354\037P\236\210"
 114      5D4C1C55 
 114      14BE67EE 
 114      ECEC1F50 
 114      9E88
 115 0012 A944B70F 		.ascii	"\251D\267\017$\222\030\306\007\342C\037LL\023\023\037"
 115      249218C6 
 115      07E2431F 
 115      4C4C1313 
 115      1F
 116 0023 78B1D144 		.ascii	"x\261\321D_L\272\020!\221\202,mZ_\030vi\000\251\326"
 116      5F4CBA10 
 116      2191822C 
 116      6D5A5F18 
ARM GAS  /var/folders/qd/4mxf5pkd0zdf0b9dd1hp39180000gn/T//cc7TjkCD.s 			page 9


 116      766900A9 
 117 0038 9F02CD76 		.ascii	"\237\002\315v\225U\036\332D\244\376\000\012\"]\227\026"
 117      95551EDA 
 117      44A4FE00 
 117      0A225D97 
 117      16
 118 0049 B0FCB445 		.ascii	"\260\374\264E\240\025\220\"\177\302\362\243\250A[\333"
 118      A0159022 
 118      7FC2F2A3 
 118      A8415BDB 
 119 0059 C573EE9D 		.ascii	"\305s\356\235Rv\201\012\201af\316\271\3379\337w\276"
 119      5276810A 
 119      816166CE 
 119      B9DF39DF 
 119      77BE
 120 006b 7B47638C 		.ascii	"{Gc\214\275hcl\015\377g\342\037X\030(\357\0160VjS\024"
 120      BD68636C 
 120      0DFF67E2 
 120      1F581828 
 120      EF0E3056 
 121 0082 1EDEC30C 		.ascii	"\036\336\303\014\207:\360\0143\0228\250\362\265\012"
 121      873AF00C 
 121      331238A8 
 121      F2B50A
 122 0091 4037860D 		.ascii	"@7\206\015X\211\302U(\201\223\3744\207\353e\237\007"
 122      5889C255 
 122      288193FC 
 122      3487EB65 
 122      9F07
 123 00a3 78150F70 		.ascii	"x\025\017p\006*>\256\366\373\247\223\350\021\300\205"
 123      062A3EAE 
 123      F6FBA793 
 123      E811C085 
 124 00b3 8F4B2B5D 		.ascii	"\217K+]M\011\351\347\014\303k\204j\177\267\236m\272"
 124      4D09E9E7 
 124      0CC36B84 
 124      6A7FB79E 
 124      6DBA
 125 00c5 66D8035C 		.ascii	"f\330\003\\a5\230\336\004\251\360\025\244R\361fHg\230"
 125      613598DE 
 125      04A9F015 
 125      A452F166 
 125      486798
 126 00d8 7D69F6EE 		.ascii	"}i\366\356\240\223?\006t\277X\321s\316\226V/V\016\324"
 126      A0933F06 
 126      74BF58D1 
 126      73CE9656 
 126      2F560ED4 
 127 00ec EDFDD867 		.ascii	"\355\375\330g\364\030*.\205\026\340\261\253\031\245"
 127      F4182A2E 
 127      8516E0B1 
 127      AB19A5
 128 00fb 4F7D11AD 		.ascii	"O}\021\255N\324T\370\032\322\010\0341\277\001\0156\002"
 128      4ED454F8 
 128      1AD2081C 
 128      31BF010D 
 128      3602
ARM GAS  /var/folders/qd/4mxf5pkd0zdf0b9dd1hp39180000gn/T//cc7TjkCD.s 			page 10


 129 010d 6506FE84 		.ascii	"e\006\376\204\006\316k\342}\015\207Mk\030\264bj\033"
 129      06CE6BE2 
 129      7D0D874D 
 129      6B18B462 
 129      6A1B
 130 011f 682C2EBD 		.ascii	"h,.\275wf?\252\322F\371\312\226\330\231\314W\030|K1"
 130      77663FAA 
 130      D246F9CA 
 130      96D899CC 
 130      57187C4B 
 131 0134 1E83D58E 		.ascii	"\036\203\325\216X\337!\026]\000\333\210\243r\353CWC"
 131      58DF2116 
 131      5D00DB88 
 131      A372EB43 
 131      5743
 132 0146 7DF9DB46 		.ascii	"}\371\333F\320\233\274\003\031\350\200\264\013\203\226"
 132      D09BBC03 
 132      19E880B4 
 132      0B8396
 133 0155 90115D2F 		.ascii	"\220\021]/G\321\222\353\326\346O\246%\003\303t\205."
 133      47D192EB 
 133      D6E64FA6 
 133      2503C374 
 133      852E
 134 0167 1C2F5CA3 		.ascii	"\034/\\\243;;\3359\304\002'=3V\201\314qHF\210U\342#"
 134      3B3BDD39 
 134      C402273D 
 134      335681CC 
 134      71484688 
 135 017e DEF9426C 		.ascii	"\336\371Bl\021J\247\376<=>\022/\306\007kVS\014u\013"
 135      114AA7FE 
 135      3C3D3E12 
 135      2FC6076B 
 135      56530C75 
 136 0193 B9321D89 		.ascii	"\2712\035\211_\244\230e+\361\247^f\020\242\230\026C"
 136      5FA49865 
 136      2BF1A75E 
 136      6610A298 
 136      1643
 137 01a5 FC7BE41B 		.ascii	"\374{\344\033&\342ta\300Z\251\340\371\216\316\331\204"
 137      26E27461 
 137      C05AA9E0 
 137      F98ECED9 
 137      84
 138 01b6 7D61A833 		.ascii	"}a\2503\316\270\002\262\320\037\215_\016;Ul\026:a\037"
 138      CEB802B2 
 138      D01F8D5F 
 138      0E3B556C 
 138      163A611F 
 139 01ca 5E2F81CA 		.ascii	"^/\201\312\"\340m\273\355]\017\0015\344\347\264\262"
 139      22E06DBB 
 139      ED5D0F01 
 139      35E4E7B4 
 139      B2
 140 01db E644F8AA 		.ascii	"\346D\370\252\225\214d\021\263jm]\032\263\226\3343l"
 140      958C6411 
 140      B36A6D5D 
ARM GAS  /var/folders/qd/4mxf5pkd0zdf0b9dd1hp39180000gn/T//cc7TjkCD.s 			page 11


 140      1AB396DC 
 140      336C
 141 01ed F822C8E5 		.ascii	"\370\"\310\345\314\233|\253\357'\005\341#\010p\015\272"
 141      CC9B7CAB 
 141      EF2705E1 
 141      2308700D 
 141      BA
 142 01fe D0909749 		.ascii	"\320\220\227IB\014\264t\217\377k\323?\243~\203S\030"
 142      420CB474 
 142      8FFF6BD3 
 142      3FA37E83 
 142      5318
 143 0210 B5423704 		.ascii	"\265B7\004\241\232\233^\271s\303wB1\303\207h\012=\240"
 143      A19A9B5E 
 143      B973C377 
 143      4231C387 
 143      680A3DA0 
 144 0224 57A325B0 		.ascii	"W\243%\260\231\037@gs\340uQ\037q\223\353\252Ky\250\011"
 144      991F4067 
 144      73E07551 
 144      1F7193EB 
 144      AA4B79A8 
 145 0239 E10AA461 		.ascii	"\341\012\244a\353\222\213\277{x\325\032\247\\\355?\326"
 145      EB928BBF 
 145      7B78D51A 
 145      A75CED3F 
 145      D6
 146 024a 4728C954 		.ascii	"G(\311T\335\032\243^/\252\327G\352\365\221\000\332f"
 146      DD1AA35E 
 146      2FAAD747 
 146      EAF59100 
 146      DA66
 147 025c 01142140 		.ascii	"\001\024!@{\270\277K\223dmX\006\372M\256C\3457'\234"
 147      7BB8BF4B 
 147      93646D58 
 147      06FA4DAE 
 147      43E53727 
 148 0271 92CCE462 		.ascii	"\222\314\344b \305\377R\200\333a@\320U\004,%5.{\007"
 148      20C5FF52 
 148      80DB6140 
 148      D055042C 
 148      25352E7B 
 149 0286 54937114 		.ascii	"T\223q\024\010\362*Q\3462\001\256!kl\373N\371B\242\254"
 149      08F22A51 
 149      E63201AE 
 149      216B6CFB 
 149      4EF942A2 
 150 029b 6FDF5DC1 		.ascii	"o\337]\301\340\034\247j\327\343\252}\332\037\231\320"
 150      E01CA76A 
 150      D7E3AA7D 
 150      DA1F99D0 
 151 02ab 705694D1 		.ascii	"pV\224\321\206\031\034\006A\227\225~\204\022\322w\262"
 151      86191C06 
 151      4197957E 
 151      8412D277 
 151      B2
 152 02bc EAAE4F13 		.ascii	"\352\256O\023;\224\364`\263P6\332\231)gO\325\205\236"
ARM GAS  /var/folders/qd/4mxf5pkd0zdf0b9dd1hp39180000gn/T//cc7TjkCD.s 			page 12


 152      3B94F460 
 152      B35036DA 
 152      9929674F 
 152      D5859E
 153 02cf 95D85E78 		.ascii	"\225\330^x\017\032x\011\312\202\177\237\262P8\316\011"
 153      0F1A7809 
 153      CA827F9F 
 153      B25038CE 
 153      09
 154 02e0 8E1A8E47 		.ascii	"\216\032\216G\030\014!(\006\356\215\227F\025\022\314"
 154      180C2128 
 154      06EE8D97 
 154      461512CC 
 155 02f0 0949300C 		.ascii	"\011I0\014\251\001\236 `Ts#\320`\026\326\247\223d\035"
 155      A9019E20 
 155      60547323 
 155      D06016D6 
 155      A793641D 
 156 0304 6537A61A 		.ascii	"e7\246\032\331\336T.\262\324\215\035,\345\"yon8\352"
 156      D9DE542E 
 156      B2D48D1D 
 156      2CE52279 
 156      6F6E38EA 
 157 0318 A7FBDA56 		.ascii	"\247\373\332VrY\230o\322\266\224$\372\204\2665J\254"
 157      7259986F 
 157      D2B69424 
 157      FA84B635 
 157      4AAC
 158 032a 6C27B18B 		.ascii	"l'\261\213\004\0365\005f\361\352\036\"q\307\260\002"
 158      041E3505 
 158      66F1EA1E 
 158      2271C7B0 
 158      02
 159 033b 8371A9EC 		.ascii	"\203q\251\354}\347\216\237\235\210\332y\004\204w\372"
 159      7DE78E9F 
 159      9D88DA79 
 159      048477FA 
 160 034b 4E35BEE7 		.ascii	"N5\276\347\334jc\016?oc\343\011\2621\2276\036\363\315"
 160      DC6A630E 
 160      3F6F63E3 
 160      09B23197 
 160      361EF3CD 
 161 035f F8F7C7DB 		.ascii	"\370\367\307\3338j\325(\311\264\261}\363\351\333A\257"
 161      386AD528 
 161      C9B4B17D 
 161      F3E9DB41 
 161      AF
 162 0370 6FE15827 		.ascii	"o\341X'i\330\223D\327\201\341\346\336\320\250\2602\207"
 162      69D89344 
 162      D781E1E6 
 162      DED0A8B0 
 162      3287
 163 0382 278841ED 		.ascii	"'\210A\355Z\025\227\022\333\211\366/&\355\013C\313\021"
 163      5A159712 
 163      DB89F62F 
 163      26ED0B43 
 163      CB11
ARM GAS  /var/folders/qd/4mxf5pkd0zdf0b9dd1hp39180000gn/T//cc7TjkCD.s 			page 13


 164 0394 6E5AF9B7 		.ascii	"nZ\371\267w\222\033\352\235$\345\224 \317\005.\203i"
 164      77921BEA 
 164      9D24E594 
 164      20CF052E 
 164      8369
 165 03a6 B9418347 		.ascii	"\271A\203G\011\235\352a\0059\331+\315\015 K:\267\270"
 165      099DEA61 
 165      0539D92B 
 165      CD0D204B 
 165      3AB7B8
 166 03b9 D7B183B4 		.ascii	"\327\261\203\264\012\314\010t\325D\237\225\303\032z"
 166      0ACC0874 
 166      D5449F95 
 166      C31A7A
 167 03c8 EB3627A8 		.ascii	"\3536'\250\335\365\032\334K@s1m\376\012:\366AX\376\205"
 167      DDF51ADC 
 167      4B407331 
 167      6DFE0A3A 
 167      F64158FE 
 168 03dd DEE67630 		.ascii	"\336\346v0\321b\273rn\273\247\336$\264y\201f1\321\026"
 168      D162BB72 
 168      6EBBA7DE 
 168      24B47981 
 168      6631D116 
 169 03f1 088DCB8D 		.ascii	"\010\215\313\215\263\336)\016I1\201\215\201\013\341"
 169      B3DE290E 
 169      4931818D 
 169      810BE1
 170 0400 1F3CD147 		.ascii	"\037<\321G\220j\3775_1k5\015\021c\271\224\207\252\222"
 170      906AFF35 
 170      5F316B35 
 170      0D1163B9 
 170      9487AA92 
 171 0414 0811515E 		.ascii	"\010\021Q^#;,\202\216\011\365\221\326N\213\334[\211"
 171      233B2C82 
 171      8E09F591 
 171      D64E8BDC 
 171      5B89
 172 0426 B084ABE4 		.ascii	"\260\204\253\344W\245e\004\304\307\016\217\373\225\377"
 172      57A56504 
 172      C4C70E8F 
 172      FB95FF
 173 0435 3DEE97C5 		.ascii	"=\356\227\305q\277\202\307\375\012\021\251\272\254\311"
 173      71BF82C7 
 173      FD0A11A9 
 173      BAACC9
 174 0444 0DE120DB 		.ascii	"\015\341 \333U\340n\301m\212y\217fd\350\362\267\300"
 174      55E06EC1 
 174      6D8A798F 
 174      6664E8F2 
 174      B7C0
 175 0456 A31715EB 		.ascii	"\243\027\025\353\236\"\267\356\316\315\367\274\226\341"
 175      9E22B7EE 
 175      CECDF7BC 
 175      96E1
 176 0464 664A71E1 		.ascii	"fJq\341\343q\341\274\303\356\327\217d\347`\212\347\270"
 176      E371E1BC 
ARM GAS  /var/folders/qd/4mxf5pkd0zdf0b9dd1hp39180000gn/T//cc7TjkCD.s 			page 14


 176      C3EED78F 
 176      64E7608A 
 176      E7B8
 177 0476 272397A5 		.ascii	"'#\227\245\307\305\013\013\212\212=\372\263/d\035\310"
 177      C7C50B0B 
 177      8A8A3DFA 
 177      B32F641D 
 177      C8
 178 0487 3A8649EE 		.ascii	":\206I\356\202\242\234W\217>\235\217\231\256\235\221"
 178      82A29C57 
 178      8F3E9D8F 
 178      99AE9D91 
 179 0497 DCB9D998 		.ascii	"\334\271\331\230\360\344\346\204\234c\305\372\201\254"
 179      F0E4E684 
 179      9C63C5FA 
 179      81AC
 180 04a5 83CF1F7C 		.ascii	"\203\317\037|\220GP\356\374\347\216\034vc\262\315]\350"
 180      904750EE 
 180      FCE78E1C 
 180      7663B2CD 
 180      5DE8
 181 04b7 C9CB76E5 		.ascii	"\311\313v\3451k~N~A\321q\266s\243\304%\227\361\3427"
 181      316B7E4E 
 181      7E41D171 
 181      B673A3C4 
 181      2597F1E2 
 182 04cc 0AC5A21C 		.ascii	"\012\305\242\034\\\364\037\250%\015\003"
 182      5CF41FA8 
 182      250D03
 183              		.text
 184              		.section	.gnu.lto_chMsgRelease.d38a4b025b863636,"",%progbits
 185 0000 789C8552 		.ascii	"x\234\205R]H\024Q\024>g\356\354\354\242\026=E\240\324"
 185      5D481451 
 185      143E67EE 
 185      ECECA216 
 185      3D45A0D4 
 186 0014 0A2D22C4 		.ascii	"\012-\"\304N\017\321Co!\004=\370\222O\365\322\303\270"
 186      4E0FD143 
 186      6F21043D 
 186      F8924FF5 
 186      D2C3B8
 187 0027 A4D0BAB2 		.ascii	"\244\320\272\262\263\206>\355\250k\256\030\022\224\233"
 187      B3863EED 
 187      A86BAE18 
 187      12949B
 188 0036 C840828A 		.ascii	"\310@\202\212\262\201\331\237\271\375\330\244\346Oj"
 188      B281D99F 
 188      B9FDD8A4 
 188      E64F6A
 189 0045 A8A449F5 		.ascii	"\250\244I\365 \226B(B\275\364\342O\347\214[\352n\321"
 189      20964228 
 189      42BDF4E2 
 189      4FE78C5B 
 189      EA6ED1
 190 0058 3073E7DE 		.ascii	"0s\347\336{\276\363\335\357|\347*\000\320$\000\346\350"
 190      7BBEF3DD 
 190      EF7CE72A 
ARM GAS  /var/folders/qd/4mxf5pkd0zdf0b9dd1hp39180000gn/T//cc7TjkCD.s 			page 15


 190      00D02400 
 190      E6E8
 191 006a 9F4D1F0A 		.ascii	"\237M\037\012@\351\346;\200j\227\204\310\023\303\205"
 191      40E9E63B 
 191      806A9784 
 191      C813C385 
 192 007a 1096308C 		.ascii	"\020\2260\2147\304m\201\203\365+\011)\277\313\240\307"
 192      37C46D81 
 192      83F52B09 
 192      29BFCBA0 
 192      C7
 193 008b BA339D71 		.ascii	"\2723\235q\335\250;bRz\214>~\360\021\346\023j&\322k"
 193      DDA83B62 
 193      527A8C3E 
 193      7EF011E6 
 193      136A26D2 
 194 00a0 8A46610A 		.ascii	"\212Fa\012D\231\226\337\247Z\277\034\344\245\204nZ\016"
 194      449996DF 
 194      A75ABF1C 
 194      E4A5846E 
 194      5A0E
 195 00b2 2F6FCC66 		.ascii	"/o\314f\212\243\0104\237\210L,(y\235\206QcXk\355\302"
 195      8AA30834 
 195      9F884C2C 
 195      28799D86 
 195      5163586B 
 196 00c8 386E0A81 		.ascii	"8n\012\201}(\210\020\237`\016>\306\034\240-\300\247"
 196      7D288810 
 196      9F600E3E 
 196      C61CA02D 
 196      C0A7
 197 00da 9847F0C9 		.ascii	"\230G\360\311\336\304\007Y\344\332\251\315}\265\335"
 197      DEC40759 
 197      E4DAA9CD 
 197      7DB5DD
 198 00e9 825349CA 		.ascii	"\202SI\312F\207\235*c\177j\252\014\230\300<\306/=\330"
 198      46879D2A 
 198      637F6AAA 
 198      0C98C03C 
 198      C62F3DD8 
 199 00fd 6A3EA0C8 		.ascii	"j>\240\310m\277\345\3423T\360\317~\304\346Y\217+\366"
 199      6DBFE5E2 
 199      3354F0CF 
 199      7EC4E659 
 199      8F2BF6
 200 0110 7E4CE09E 		.ascii	"~L\340\236\024\300\347\004}\201\012\244\300W\277\236"
 200      14C0E704 
 200      7D810AA4 
 200      C057BF9E 
 201 0120 71000762 		.ascii	"q\000\007bBJ\213\265\234\272\004\370\222cb\037\327\000"
 201      424A8BB5 
 201      9CBA04F8 
 201      9263621F 
 201      D700
 202 0132 71BD222E 		.ascii	"q\275\".\036\220t\334\237uX\306\326v=\031z(\336\377"
 202      1E9074DC 
 202      9F7558C6 
ARM GAS  /var/folders/qd/4mxf5pkd0zdf0b9dd1hp39180000gn/T//cc7TjkCD.s 			page 16


 202      D6763D19 
 202      7A28DEFF 
 203 0146 ADC7E324 		.ascii	"\255\307\343$\347\251\\2\217\225C\224\304R#\014\013"
 203      E7A95C32 
 203      8F954394 
 203      C452230C 
 203      0B
 204 0157 1AE8149A 		.ascii	"\032\350\024\232\325Z\260\212\325K\333M\237\347S\365"
 204      D55AB08A 
 204      D54BDB4D 
 204      9FE753F5 
 205 0167 DF7A9F91 		.ascii	"\337z\237\221\324/\247\351\211\250\244\325\342\230#"
 205      D42FA7E9 
 205      89A8A4D5 
 205      E29823
 206 0176 5DEBC98B 		.ascii	"]\353\311\213\200\2579\246\354\323:H\022\207X+\017\200"
 206      80AF39A6 
 206      ECD33A48 
 206      1287582B 
 206      0F80
 207 0188 60F281DD 		.ascii	"`\362\201\335\003C\313Y\271\235x\327hq\233;d?z\036\316"
 207      0343CB59 
 207      B99D78D7 
 207      68719B3B 
 207      643F7A1E 
 208 019d 65CA1241 		.ascii	"e\312\022A\2061\227\3067(\303\012\326,6\304\035,\207"
 208      863197C6 
 208      3728C30A 
 208      D62C36C4 
 208      1D2C87
 209 01b0 10ABD1B1 		.ascii	"\020\253\321\261.\227\247\335n\364H<\253\325\260\"\356"
 209      2E97A7DD 
 209      6EF4483C 
 209      ABD5B022 
 209      EE
 210 01c1 BFF4DABE 		.ascii	"\277\364\332\276D#\350i\245R\211\240\355^\263H\022X"
 210      4423E869 
 210      A55289A0 
 210      ED5EB348 
 210      1258
 211 01d3 1D1F676C 		.ascii	"\035\037gl\002c/AZ\307m\202Q&\020\260\206u\213?c\363"
 211      02632F41 
 211      5AC76D82 
 211      512610B0 
 211      86758B3F 
 212 01e9 A3692E2D 		.ascii	"\243i.-d0\204\317I\272\345\334W\365\030U=\316U\217\357"
 212      643084CF 
 212      49BAE5DC 
 212      57F51855 
 212      3DCE558F 
 213 01fe B43C9158 		.ascii	"\264<\221X\373\344\014o\032.S\020\326\305q\300\267\030"
 213      FBE40C6F 
 213      1A2E5310 
 213      D6C571C0 
 213      B718
 214 0210 065249E7 		.ascii	"\006RI\347\230\224NZ\335\366\205b\316\335\325(\257\270"
 214      98944E5A 
ARM GAS  /var/folders/qd/4mxf5pkd0zdf0b9dd1hp39180000gn/T//cc7TjkCD.s 			page 17


 214      DDF68562 
 214      CEDDD528 
 214      AFB8
 215 0222 599B4D7D 		.ascii	"Y\233M}\207\355\256\223\211S\3775q\3026q\222L\\'\023"
 215      87EDAE93 
 215      8953FF35 
 215      71C23671 
 215      924C5C27 
 216 0237 1B7B3C4C 		.ascii	"\033{<Lf\227\026\245\213IW\200@\331^\257\272\363\006"
 216      669716A5 
 216      8B495780 
 216      40D95EAF 
 216      BAF306
 217 024a 74351852 		.ascii	"t5\030R\365\240\246j%~\375\212W\003)T.hv,\005RZ\246"
 217      F5A0A66A 
 217      257EFD8A 
 217      57032954 
 217      2E68762C 
 218 0262 5DAD28F6 		.ascii	"]\255(\366\021L\257\322\275%\220\237\022/\017\004C\272"
 218      114CAFD2 
 218      BD25909F 
 218      122F0F04 
 218      43BA
 219 0274 7AF64261 		.ascii	"z\366BaAa%\201\264@\320w\371\332i?!O\354E\372*CjAa\321"
 219      41612581 
 219      B440D077 
 219      F9DA693F 
 219      214FEC45 
 220 028f F9A25D42 		.ascii	"\371\242]BFj\376s\025e\032\201]Z\271^Z\354.\005\247"
 220      466AFE73 
 220      15651A81 
 220      5D5AB95E 
 220      5AEC2E05 
 221 02a4 DFE70F04 		.ascii	"\337\347\017\004\253\340\337:Xn2\301G\011\277\000\276"
 221      ABE0DF3A 
 221      586E32C1 
 221      4709BF00 
 221      BE
 222 02b5 016739   		.ascii	"\001g9"
 223              		.text
 224              		.section	.gnu.lto_.symbol_nodes.d38a4b025b863636,"",%progbits
 225 0000 789C55C9 		.ascii	"x\234U\3111\012\302@\024E\321\373\346\317d\033\272\024"
 225      310AC240 
 225      1445D1FB 
 225      E6CF641B 
 225      BA14
 226 0012 5DD99F22 		.ascii	"]\331\237\"\244H%\210\211\261p!\326\202`\341\036\002"
 226      A4482588 
 226      89B17021 
 226      D68260E1 
 226      1E02
 227 0024 62953588 		.ascii	"b\2255\210\243\225S<\036\234\333\000\3732\302A\016\273"
 227      A395533C 
 227      1E9CDB00 
 227      FB32C241 
 227      0EBB
 228 0036 0794BBE4 		.ascii	"\007\224\273\344-\244\243X\177\313 WU\302(\017\225\350"
ARM GAS  /var/folders/qd/4mxf5pkd0zdf0b9dd1hp39180000gn/T//cc7TjkCD.s 			page 18


 228      2DA4A358 
 228      7FCB2057 
 228      55C2280F 
 228      95E8
 229 0048 24B79F40 		.ascii	"$\267\237@\316\233\002\223<Vp\226\247\1770\022\327\373"
 229      CE9B0293 
 229      3C567096 
 229      A77F3012 
 229      D7FB
 230 005a CB8CC8B3 		.ascii	"\313\214\310\263_V\026\"mw3\263\206v~\213\017\344\033"
 230      5F561622 
 230      6D7733B3 
 230      86767E8B 
 230      0FE41B
 231 006d 2331     		.ascii	"#1"
 232              		.text
 233              		.section	.gnu.lto_.refs.d38a4b025b863636,"",%progbits
 234 0000 789C6363 		.ascii	"x\234cc``\340\003bF bdbb`\004\"N\006\000\002\000\000"
 234      6060E003 
 234      62462062 
 234      64626260 
 234      04224E06 
 235 0018 29       		.ascii	")"
 236              		.text
 237              		.section	.gnu.lto_.decls.d38a4b025b863636,"",%progbits
 238 0000 789CC55A 		.ascii	"x\234\305Z{PT\331\231\357{O\323M7\0158j,\223\265\222"
 238      7B5054D9 
 238      99EF7B4F 
 238      D34D370D 
 238      386A2C93 
 239 0016 A95966A6 		.ascii	"\251Yf\246\267*\212\316L&\223lv7\331\251$3\265;\331"
 239      B72A8ACE 
 239      4C26936C 
 239      7637D9A9 
 239      2433B53B 
 240 002b AD7153D9 		.ascii	"\255qS\331\252\354n\247\247m\205\014\257\351nf\264v"
 240      AAEC6EA7 
 240      A76D850C 
 240      AFE96E66 
 240      B476
 241 003d AB727908 		.ascii	"\253ry\010\362\220\207 \202\240\240\370B@PT\220\207"
 241      F2908720 
 241      82A0A0F8 
 241      42405054 
 241      9087
 242 004f 226F1511 		.ascii	"\"o\025\021DQT\036\202\303KQ\004\024\021\224\375\316"
 242      4451541E 
 242      82C34B51 
 242      04141194 
 242      FDCE
 243 0061 E3F6BDDD 		.ascii	"\343\366\275\335t\353\374\263\265\224\237\367~\347~"
 243      74EBFCB3 
 243      B5949FF7 
 243      7EE77E
 244 0070 E77B9DDF 		.ascii	"\347{\235\337\371\3569\247\257J\241Px\275\257PlQ+\024"
 244      F9EE39A7 
 244      AF4AA150 
ARM GAS  /var/folders/qd/4mxf5pkd0zdf0b9dd1hp39180000gn/T//cc7TjkCD.s 			page 19


 244      78BDAF50 
 244      6C512B14 
 245 0084 AB788562 		.ascii	"\253x\205b\001\376\224\320v\036\010\001\375\232S(\006"
 245      01FE94D0 
 245      761E0801 
 245      FD9A5328 
 245      06
 246 0095 E1BA4A41 		.ascii	"\341\272JA\377T@\261\320\026\017\224\014\224\006\264"
 246      FF5440B1 
 246      D0160F94 
 246      0C9406B4 
 247 00a5 0B280B08 		.ascii	"\013(\013\010\376)\264\274\302\341\317\027\224,\203"
 247      FE29B4BC 
 247      C2E1CF17 
 247      942C83
 248 00b4 EB52A0E5 		.ascii	"\353R\240\345\012\252\013\353\364\342\251N\035\\5@\017"
 248      0AAA0BEB 
 248      F4E2A94E 
 248      1D5C3540 
 248      0F
 249 00c5 A1ED0DB8 		.ascii	"\241\355\015\270\376\006\256\237\003}\001d\200\347o"
 249      FE06AE9F 
 249      037D0164 
 249      80E76F
 250 00d4 C07529B4 		.ascii	"\300u)\264g\300u\031\\w\340\276\330\017\270\037\201"
 250      67C07519 
 250      5C77E0BE 
 250      D80FB81F 
 250      81
 251 00e5 FB3F02FD 		.ascii	"\373?\002\375\007\220\021(\024\350\177\200\326\003\375"
 251      07901128 
 251      14E87F80 
 251      D603FD
 252 00f4 375038D0 		.ascii	"7P8\320W@Z\346\363\012\350\263\222\247q\376\020\350"
 252      57405AE6 
 252      F30AE8B3 
 252      92A771FE 
 252      10E8
 253 0106 4DA0BF06 		.ascii	"M\240\277\006\322\3634\006\034\013v\177\035\2778\216"
 253      D2F33406 
 253      1C0B767F 
 253      1DBF388E 
 254 0116 EF411C3E 		.ascii	"\357A\034>\2628\304\030\260\317\362\030D\377\227\261"
 254      B238C418 
 254      B0CFF218 
 254      44FF97B1 
 255 0126 F8B0BF38 		.ascii	"\370\260\2778\006\265\314g\354\357\357\231\257\242\237"
 255      06B5CC67 
 255      ECEFEF99 
 255      AFA29F
 256 0135 D8C7F857 		.ascii	"\330\307\370W\370\370s\236\372\367\367\274\353<\377"
 256      F8F8739E 
 256      FAF7F7BC 
 256      EB3CFF
 257 0144 08FCF384 		.ascii	"\010\374\363\204\353\237\234|\304\371\306>\376\003P"
 257      EB9F9C7C 
 257      C4F9C63E 
ARM GAS  /var/folders/qd/4mxf5pkd0zdf0b9dd1hp39180000gn/T//cc7TjkCD.s 			page 20


 257      FE0350
 258 0153 12476535 		.ascii	"\022Ge5\012:v\356l\375\212\227\306\363\023';\351\210"
 258      0A3A76EE 
 258      6CFD8A97 
 258      C6F31327 
 258      3BE988
 259 0166 EBAD3C31 		.ascii	"\353\255<1\242A<\207\357\033;\237\236\326\254)\022\350"
 259      A2413C87 
 259      EF1B3B9F 
 259      9ED6AC29 
 259      12E8
 260 0178 9FE7DF29 		.ascii	"\237\347\337)\2702\016\211\202\035\321\2459(\001qK\265"
 260      B8320E89 
 260      821DD1A5 
 260      39280171 
 260      4BB5
 261 018a 9C12D8C7 		.ascii	"\234\022\330\307\227w\017\372\000\273\\\313\275\011"
 261      97770FFA 
 261      00BB5CCB 
 261      BD09
 262 0198 6CF9C3C2 		.ascii	"l\371\303\302ro\372\264\026K\037\031\312I\322Q\376#"
 262      726FFAB4 
 262      164B1F19 
 262      CA49D251 
 262      FE23
 263 01aa 6063A39E 		.ascii	"`c\243\236\337P\242w\210\225\236\226\202B\254\350]-"
 263      DF50A277 
 263      88959E96 
 263      8242ACE8 
 263      5D2D
 264 01bc 87F1E90B 		.ascii	"\207\361\351\013M%\017\316\314z\323&,q5y\362\200\032"
 264      4D250FCE 
 264      CC7AD326 
 264      2C713579 
 264      F2801A
 265 01cf ADC3F77C 		.ascii	"\255\303\367|_\367\334\035\037N\253\337&\010\221B^\224"
 265      5FF7DC1D 
 265      1F4EABDF 
 265      26089142 
 265      5E94
 266 01e1 A0F944C1 		.ascii	"\240\371D\301\235\346Vq\247\270U\012\356,\247\307}N"
 266      9DE65671 
 266      A7B8550A 
 266      EE2CA7C7 
 266      7D4E
 267 01f3 726B145C 		.ascii	"rk\024\\\0254VB\343!\354{\355\360\314\273\251\261\202"
 267      15345642 
 267      E321EC7B 
 267      EDF0CCBB 
 267      A9B182
 268 0206 C073359C 		.ascii	"\300s5\234\226\253\346\020\221\201$\274\253\245\321"
 268      96ABE610 
 268      918124BC 
 268      ABA5D1
 269 0215 141C48DD 		.ascii	"\024\034H\335\257B\355\034\261Q\225\375m#\357\316\306"
 269      AF42ED1C 
 269      B15195FD 
ARM GAS  /var/folders/qd/4mxf5pkd0zdf0b9dd1hp39180000gn/T//cc7TjkCD.s 			page 21


 269      6D23EFCE 
 269      C6
 270 0226 79B736AE 		.ascii	"y\2676\256T\275\325\264\025\333\250\005\033\347$\033"
 270      54BDD5B4 
 270      15DBA805 
 270      1BE7241B 
 271 0236 60921A11 		.ascii	"`\222\032\021\322\347r\275\321\000I.\377(*\373\240\333"
 271      D2E772BD 
 271      D100492E 
 271      FF282AFB 
 271      A0DB
 272 0248 401ADC1A 		.ascii	"@\032\334\032\271\321\2636\353\271 \274\311\325\203"
 272      B9D1B336 
 272      EBB920BC 
 272      C9D583
 273 0257 913AC948 		.ascii	"\221:\311H\255h\344\316\243\214\030\025\312E$s\273\253"
 273      AD68E4CE 
 273      A38C1815 
 273      CA452473 
 273      BBAB
 274 0269 A62F7AD0 		.ascii	"\246/z\320\264{\002;[q?G\205\012\350\263\213\003\351"
 274      B47B023B 
 274      5B713F47 
 274      850AE8B3 
 274      8B03E9
 275 027c 3D3C2AA5 		.ascii	"=<*\245\2148^\313\331x\355\231;\331\350\205*\350\303"
 275      8C385ECB 
 275      D978ED99 
 275      3BD9E885 
 275      2AE8C3
 276 028f 13D309DF 		.ascii	"\023\323\011\337G\265\364\276a\260\263\305\0035S&\241"
 276      47B5F4BE 
 276      61B0B3C5 
 276      03355326 
 276      A1
 277 02a0 2C7A9F12 		.ascii	",z\237\022\335\244L\345\316\352qO\324G\231\363/\272"
 277      DDA44CE5 
 277      CEEA714F 
 277      D44799F3 
 277      2FBA
 278 02b2 73B4E811 		.ascii	"s\264\350\021e\256N\264\356\361\242^,\001\366\364\320"
 278      65AE4EB4 
 278      EEF1A25E 
 278      2C01F6F4 
 278      D0
 279 02c3 85262DB5 		.ascii	"\205&-\265%p\300\317\037\274r\323\023\315P\331\252\362"
 279      2570C0CF 
 279      1FBC72D3 
 279      13CD50D9 
 279      AAF2
 280 02d5 EA26E6F1 		.ascii	"\352&\346\361Z`\023S\204f/$(\311\263\246\344\350D-J"
 280      5A601353 
 280      84662F24 
 280      28C9B3A6 
 280      E4E8442D 
 281 02ea 200CFFA4 		.ascii	" \014\377\244\343A\226\312]\376n\270\315\337\363\357"
 281      E34196CA 
ARM GAS  /var/folders/qd/4mxf5pkd0zdf0b9dd1hp39180000gn/T//cc7TjkCD.s 			page 22


 281      5DFE6EB8 
 281      CDDFF3EF 
 282 02fa 0392B92E 		.ascii	"\003\222\271.H\336u\027\311k\352\1771\351\213vQs[\267"
 282      48DE7517 
 282      C96BEA7F 
 282      31E98B76 
 282      51735BB7 
 283 030e 17EFC27E 		.ascii	"\027\357\302~\252(0\325\320to\342\371i%m\302\3326\343"
 283      AA2830D5 
 283      D0746FE2 
 283      F969256D 
 283      C2DA36E3 
 284 0322 4C65DD39 		.ascii	"Le\3359\356\203\366P\247\316vVD{sz-\003]\371\273\021"
 284      EE83F650 
 284      A7CE7656 
 284      447B737A 
 284      2D035DF9 
 285 0338 04743D60 		.ascii	"\004t=`\356\266dN\205\255m\303\"\316~\337\001\277U\314"
 285      EEB6644E 
 285      85AD6DC3 
 285      22CE7EDF 
 285      01BF55CC 
 286 034c EF5BD0D8 		.ascii	"\357[\320\330\015\215`crv\342\244\022\035\2466\312\322"
 286      0D8D6063 
 286      7276E2A4 
 286      121DA636 
 286      CAD2
 287 035e E6337DEC 		.ascii	"\3463}\3546\256T\275w\212\200\256\037l\364J6z8\267F"
 287      36AE54BD 
 287      778A80AE 
 287      1F6CF44A 
 287      367A38B7 
 288 0373 FA5C1BB9 		.ascii	"\372\\\033\271\221\330y[\205J\250\221\362Kw\346\220"
 288      91D8795B 
 288      854AA891 
 288      F24B77E6 
 288      90
 289 0384 DDC88D9E 		.ascii	"\335\310\215\236\017(\350\006\301\310]\311H\277{#\003"
 289      0F28E806 
 289      C1C85DC9 
 289      48BF7B23 
 289      03
 290 0395 AE8D644F 		.ascii	"\256\215dO\365\214j\350\360\352\201M\236J\275\341\201"
 290      F58C6AE8 
 290      F0EA814D 
 290      9E4ABDE1 
 290      81
 291 03a6 4ED17C8B 		.ascii	"N\321|\213%d)-!{\222\257\237F\250\226>\213+\212k\362"
 291      2564292D 
 291      217B92AF 
 291      9F46A896 
 291      3E8B2B8A 
 292 03bc 411729B3 		.ascii	"A\027)\263\377\\\325\0035\272\305zuE\016j\321(e\356"
 292      FF5CD503 
 292      35BAC57A 
 292      75450E6A 
 292      D12865EE 
ARM GAS  /var/folders/qd/4mxf5pkd0zdf0b9dd1hp39180000gn/T//cc7TjkCD.s 			page 23


 293 03d0 DE692EF5 		.ascii	"\336i.\365A\343\224\251\232\311\256\362E\323\224\271"
 293      41E394A9 
 293      9AC9AEF2 
 293      45D394B9 
 294 03e0 3CB830A9 		.ascii	"<\2700\251Es\224\351\210\330\007P\215\364\240}\204\271"
 294      457394E9 
 294      88D80750 
 294      8DF4A07D 
 294      84B9
 295 03f2 2C1DDA46 		.ascii	",\035\332F\030>\273n\177\031o\217\373\342\0170X\036"
 295      183EBB6E 
 295      7F196F8F 
 295      FBE20F30 
 295      581E
 296 0404 43D08FBE 		.ascii	"C\320\217\276S\320\023\256\203n{\034?\357\213\222\250"
 296      53D013AE 
 296      836E7B1C 
 296      3FEF8B92 
 296      A8
 297 0415 B9849DE3 		.ascii	"\271\204\235\343\207|P\006e\346F\322\2739\032\262\016"
 297      877C5006 
 297      65E646D2 
 297      BB391AB2 
 297      0E
 298 0426 D8C8AAEE 		.ascii	"\330\310\252\356T_:3\372\011\034\257\344My\242|*{&u"
 298      545F3A33 
 298      FA091CAF 
 298      E44D79A2 
 298      7C2A7B26 
 299 043b 07385D40 		.ascii	"\0078]@\231\336\314\204*/TM\231\263\311\223\025\032"
 299      99DECC84 
 299      2A2F544D 
 299      99B3C993 
 299      151A
 300 044d 544F99D8 		.ascii	"TO\231\330g\003\245\276\250\325\303a6-\247\263\351a"
 300      6703A5BE 
 300      A8D5C361 
 300      362DA7B3 
 300      E961
 301 045f F4B7FD6C 		.ascii	"\364\267\375l\"\256\0046\377Z\375\244\007\352\244\242"
 301      22AE0436 
 301      FF5AFDA4 
 301      07EAA4A2 
 302 046f 255BEF15 		.ascii	"%[\357\025x\302\263U\200vNV\203W\321\032|\262v\252X"
 302      78C2B355 
 302      80764E56 
 302      8357D11A 
 302      7CB276AA 
 303 0484 896ED12C 		.ascii	"\211n\321,\035/\276\367g\011\3453+*\004a\011\027\311"
 303      1D2FBEF7 
 303      6709E533 
 303      2B2A0461 
 303      0917C9
 304 0497 C3A4E0ED 		.ascii	"\303\244\340\355iZ\305\262\024)\010\371\002Z\251\340"
 304      695AC5B2 
 304      142908F9 
 304      025AA9E0 
ARM GAS  /var/folders/qd/4mxf5pkd0zdf0b9dd1hp39180000gn/T//cc7TjkCD.s 			page 24


 305 04a7 DE5FC5AD 		.ascii	"\336_\305\255\205\034E\360z\254\223\344h\001r\364\222"
 305      851C45F0 
 305      7AAC93E4 
 305      680172F4 
 305      92
 306 04b8 E6A820F7 		.ascii	"\346\250 \367H\2037\272G\365\367\026?jC2\210\277UF "
 306      488337BA 
 306      47F5F716 
 306      3F6A4332 
 306      88BF5546 
 307 04cd BE152C44 		.ascii	"\276\025,DI\026\300\240k\023\321\256MD\246u\026i\320"
 307      4916C0A0 
 307      6B13D1AE 
 307      4D44A675 
 307      1669D0
 308 04e0 036A22B2 		.ascii	"\003j\"\2621\245C-\226\017\307\356\333\\t\027\347\201"
 308      31A5432D 
 308      960FC7EE 
 308      DB5C7417 
 308      E781
 309 04f2 9ECE8358 		.ascii	"\236\316\203X\360$F\362d+\317\352\207\010\357\345\024"
 309      F02446F2 
 309      642BCFEA 
 309      8708EFE5 
 309      14
 310 0503 DE0D47CE 		.ascii	"\336\015G\316\364z\243i6\360\211/K\020\232\247\346\307"
 310      F47AA369 
 310      36F0892F 
 310      4B109AA7 
 310      E6C7
 311 0515 938E94AB 		.ascii	"\223\216\224\253\\\233\337\356\326|\035\251]\211`;\301"
 311      5C9BDFEE 
 311      D67C1DA9 
 311      5D89603B 
 311      C1
 312 0526 85ED9A98 		.ascii	"\205\355\232\230\3110\024\255\"\266\016\324\227t\250"
 312      C93014AD 
 312      22B60ED4 
 312      9774A8
 313 0535 512261F8 		.ascii	"Q\"a\370\356'\227\322d\230&JRAI\262\263\022\027\316"
 313      EE2797D2 
 313      6498264A 
 313      524149B2 
 313      B31217CE 
 314 0549 A4B84E65 		.ascii	"\244\270NenMG\201\022\355\244\306\256?\253y\256C9\204"
 314      6E4D4781 
 314      12EDA4C6 
 314      AE3FAB79 
 314      AE433984 
 315 055d 5116451D 		.ascii	"Q\026E\035\235Pr\372U\034\010s\324$^;(\270]`1\215G\342"
 315      9D5072FA 
 315      551C0873 
 315      D4245E3B 
 315      28B85D60 
 316 0575 5263B700 		.ascii	"Rc\267\000\326&\376\202\233\341\336\223\\]\330O\007"
 316      D626FE82 
 316      9BE1DE93 
ARM GAS  /var/folders/qd/4mxf5pkd0zdf0b9dd1hp39180000gn/T//cc7TjkCD.s 			page 25


 316      5C5DD84F 
 316      07
 317 0586 FBF89182 		.ascii	"\373\370\221\202\313\340Wq;yb\375xN\313\254F\313\244"
 317      CBE05771 
 317      3B7962FD 
 317      784ECBAC 
 317      46CBA4
 318 0599 B7BD4EFA 		.ascii	"\267\275N\372\356\263\205\006\235.\336\376\232\3402"
 318      EEB38506 
 318      9D2EDEFE 
 318      9AE032
 319 05a8 C11371CA 		.ascii	"\301\023q\312*\270,^\307V4\2717\317\364*\321>\032\324"
 319      2AB82C5E 
 319      C75634B9 
 319      37CFF42A 
 319      D13E1AD4 
 320 05bc A050DFC9 		.ascii	"\240P\337\311\243\002\312\024\347\367\036\324\240\343"
 320      A302CA14 
 320      E7F71ED4 
 320      A0E3
 321 05ca 94A9B9B5 		.ascii	"\224\251\271\265c\304\033\225S\246\367\330\313j\025"
 321      63C41B95 
 321      53A6F7D8 
 321      CB6A15
 322 05d9 AAA24CEE 		.ascii	"\252\242L\356\235\307\305jt\226f\275kad\004f\265^f\370"
 322      9DC7C56A 
 322      749666BD 
 322      6B616404 
 322      66B55E66 
 323 05ee 4F2BA452 		.ascii	"O+\244R\261\017\\5\350X\376\351\310,\334D\227\007\341"
 323      B10F5C35 
 323      E858FEE9 
 323      C82CDC44 
 323      9707E1
 324 0601 7DA1E4F2 		.ascii	"}\241\344\362x\035\227+\215\216AG\035l\271\236pN\211"
 324      781D972B 
 324      8D8E4147 
 324      1D6CB99E 
 324      704E89
 325 0614 C6A9B1C3 		.ascii	"\306\251\261\303\227\372\005\0174A\231\352\370K\363"
 325      97FA050F 
 325      344199EA 
 325      F84BF3
 326 0623 9E688A32 		.ascii	"\236h\2122\273+c#\265\350)e\372#\233:=\321,e\036?\274"
 326      BB2B6323 
 326      B5E82965 
 326      FA239B3A 
 326      3DD12C65 
 327 063a 36EF8D5E 		.ascii	"6\357\215^PF\230={K\205\"\324\204\271\275\363Y\277\006"
 327      5046983D 
 327      7B4B8522 
 327      D484B9BD 
 327      F359BF06 
 328 064e 4553A670 		.ascii	"ES\246pa*Y\207b)\363\254\272c?Ok\206\037\260Gk\023Z"
 328      612A5987 
 328      6229F3AC 
 328      BA633F4F 
ARM GAS  /var/folders/qd/4mxf5pkd0zdf0b9dd1hp39180000gn/T//cc7TjkCD.s 			page 26


 328      6B861FB0 
 329 0666 1045781E 		.ascii	"\020Ex\036\237\216\274\272\013\347\016\371p~\364o\231"
 329      9F8EBCBA 
 329      0BE70EF9 
 329      707EF46F 
 329      99
 330 0677 DECF6F3F 		.ascii	"\336\317o?\216\267\266o\014\335>\030\277]\310\253\343"
 330      8EB7B66F 
 330      0CDD3E18 
 330      BF5DC8AB 
 330      E3
 331 0688 4834F938 		.ascii	"H4\3718\032~\231\024\377<I\376:\274\212\246=\006V\357"
 331      1A7E9914 
 331      FF3C49FE 
 331      3ABC8AA6 
 331      3D0656EF 
 332 069c 166AA311 		.ascii	"\026j\243\021\221\336\357Z\3724'\211\217\311\304\367"
 332      91DEEF5A 
 332      FA342789 
 332      8FC9C4F7 
 333 06ac 3A8B0F39 		.ascii	":\213\0179+\037\373\261$]\340,\355\357$|U\246\372\200"
 333      2B1FFBB1 
 333      245DE02C 
 333      EDEF247C 
 333      55A6FA80 
 334 06c0 B370FB22 		.ascii	"\263p\373\"O.\312\304\017\272\026\227)\237\224yr\304"
 334      4F2ECAC4 
 334      0FBA1697 
 334      299F9479 
 334      72C4
 335 06d2 A5275477 		.ascii	"\245'Tw*\206D\012\020\247TpE\200\346B@3w\224\365\000"
 335      2A86440A 
 335      10A75470 
 335      4580E642 
 335      40337794 
 336 06e8 6070A700 		.ascii	"`p\247\000A\245\274\037W\006t\032\250\034\350\004\320"
 336      41A5BC1F 
 336      5706741A 
 336      A81CE804 
 336      D0
 337 06f9 71A062A0 		.ascii	"q\240b\240c@%\274\037\231m\024`CEK\"@!\326\240`\330"
 337      634025BC 
 337      1F996D14 
 337      6043454B 
 337      224021D6 
 338 0710 52D81D7B 		.ascii	"R\330\035{Y\264t\177\224\320\262\226xv\330\331\263&"
 338      59B4747F 
 338      94D0B296 
 338      7876D8D9 
 338      B326
 339 0722 E738EA64 		.ascii	"\3478\352dQ\037r-M\003\301\323g\177a\021\222\317@\271"
 339      511F722D 
 339      4D03C1D3 
 339      677F6111 
 339      92CF40B9 
 340 0736 B082ABB0 		.ascii	"\260\202\253\260\317\300\362\205\261\011\017TC\200\207"
 340      CFC0F285 
ARM GAS  /var/folders/qd/4mxf5pkd0zdf0b9dd1hp39180000gn/T//cc7TjkCD.s 			page 27


 340      B1090F54 
 340      438087
 341 0745 F6460C67 		.ascii	"\366F\014g\352\270e~\372T\366\252%\251\260\3338\003"
 341      EAB8657E 
 341      FA54F6AA 
 341      25A9B0DB 
 341      3803
 342 0757 462B592A 		.ascii	"F+Y*\252!\025U,T\352\036\314\245\335\337&P\374\201~"
 342      AA211555 
 342      2C54EA1E 
 342      CCA5DDDF 
 342      2650FC81 
 343 076c 6E0F9376 		.ascii	"n\017\223v1\35047m\00547\225\216\271\301k\224;\347\307"
 343      31E83437 
 343      6D053437 
 343      958EB9C1 
 343      6B943BE7 
 344 0781 78D44867 		.ascii	"x\324Hg\303\375\241\302.\036\265R&\247\257\256\227-"
 344      C3FDA1C2 
 344      2E1EB552 
 344      26A7AFAE 
 344      972D
 345 0793 661A307F 		.ascii	"f\0320\177\272/=N\307\346\006\336\0235u,\234\325\240"
 345      BA2F3D4E 
 345      C7E606DE 
 345      1335752C 
 345      9CD5A0
 346 07a6 2E2A5CB6 		.ascii	".*\\\266P\020\203P/a~\221^\022?\352\001\261\351\226"
 346      50108350 
 346      2F617E91 
 346      5E123FEA 
 346      01B1E996 
 347 07ba F92DF3C3 		.ascii	"\371-\363\303\377\303??|\257\207?:\223\364~\313\375"
 347      FFC33F3F 
 347      7CAF873F 
 347      3A93F47E 
 347      CBFD
 348 07cc C8233FBD 		.ascii	"\310#?\275"
 349 07d0 9F4E871B 		.ascii	"\237N\207\033\365~\366?\275\233\244\214\3002\245\236"
 349      F57EF63F 
 349      BD9BA48C 
 349      C032A59E 
 350 07e0 25A50F92 		.ascii	"%\245\017\222\322\340\230\224y4\332\230D\223\322\010"
 350      D2E09894 
 350      7934DA98 
 350      4493D208 
 351 07f0 49B9C4A4 		.ascii	"I\271\304\244]$E6XM\016\203\205\373\321\3648 \264\026"
 351      5D244536 
 351      584D0E83 
 351      85FBD1F4 
 351      3820B416 
 352 0804 107A0E23 		.ascii	"\020z\016#\364%Xma\036\274\200\373y@\341\034\320s\240"
 352      F425586D 
 352      611EBC80 
 352      FB7940E1 
 352      1CD073A0 
 353 0818 59A06740 		.ascii	"Y\240g@3@O\201\236\000M\003M\001\335\005\352\001\272"
ARM GAS  /var/folders/qd/4mxf5pkd0zdf0b9dd1hp39180000gn/T//cc7TjkCD.s 			page 28


 353      33404F81 
 353      9E004D03 
 353      4D01DD05 
 353      EA01BA
 354 082b 03741BE8 		.ascii	"\003t\033\350\026\320E\240\013@\315\016Q\324\375\221"
 354      16D045A0 
 354      0B40CD0E 
 354      51D4FD91 
 355 083b 220FAAE7 		.ascii	"\"\017\252\347y\030\325\026y\000\345\022L]\273w\226"
 355      7918D516 
 355      7900E512 
 355      4C5DBB77 
 355      96
 356 084c F5F8BF73 		.ascii	"\365\370\277s\257\355\326\322|2\217\360\006\355\014"
 356      AFEDD6D2 
 356      7C328FF0 
 356      06ED0C
 357 085b E7E460C5 		.ascii	"\347\344`\305\242\362\361\260{9\225\277\004\231mt-\357"
 357      A2F2F1B0 
 357      7B3995BF 
 357      04996D74 
 357      2DEF
 358 086d 3C24AD0E 		.ascii	"<$\255\016Cr\211\316\037\207\200;\340)\256=\334U\320"
 358      437289CE 
 358      1F87803B 
 358      E029AE3D 
 358      DC55D0
 359 0880 D8CA02BE 		.ascii	"\330\312\002\276\011\001w\200\303\355@\227\035\234\256"
 359      09017780 
 359      C3ED4097 
 359      1D9CAE
 360 088f 8FF37879 		.ascii	"\217\363xyR\020\342T\\\033x\321\314\372\270\234\317"
 360      5210E254 
 360      5C1B78D1 
 360      CCFAB89C 
 360      CF
 361 08a0 3237AE38 		.ascii	"27\2568\270\321\366*7\272\301\364\353\335\0308\214\204"
 361      B8D1F62A 
 361      37BAC1F4 
 361      EBDD1838 
 361      8C84
 362 08b2 032B09C6 		.ascii	"\003+\011\306Z\\\373 V \230\261]\273\324\021\004\010"
 362      5A5CFB20 
 362      562098B1 
 362      5DBBD411 
 362      0408
 363 08c4 5741EC22 		.ascii	"WA\354\"\023\277\000\342M\216Pvp\310\376\374\0068q\215"
 363      13BF00E2 
 363      4D8E5076 
 363      70C8FEFC 
 363      0638718D 
 364 08d8 39D405F7 		.ascii	"9\324\005\367\327\301\231N\347\3312+\237-\227\301\304"
 364      D7C1994E 
 364      E7D9322B 
 364      9F2D97C1 
 364      C4
 365 08e9 B5EF52AD 		.ascii	"\265\357R\255\3556ZY\017\3676\352\374)\226\305\331\270"
ARM GAS  /var/folders/qd/4mxf5pkd0zdf0b9dd1hp39180000gn/T//cc7TjkCD.s 			page 29


 365      ED365A59 
 365      0FF736EA 
 365      FC2996C5 
 365      D9B8
 366 08fb 58BFAC44 		.ascii	"X\277\254D\275<FK\3245\307\022E\0376o\3678\222\277\003"
 366      BD3C464B 
 366      D435C712 
 366      451F366F 
 366      F73892BF 
 367 0910 2F1E703A 		.ascii	"/\036p:\332\244\355\012\226\266\013\305y\314\226\342"
 367      DAA4ED0A 
 367      96B60BC5 
 367      79CC96E2 
 368 0920 F56BAB2B 		.ascii	"\365k\253+\025C\031j\2744\304\243zE\352\337J\372Sw\347"
 368      1543196A 
 368      BC34C4A3 
 368      7A45EADF 
 368      4AFA5377 
 369 0935 E651D2A5 		.ascii	"\346Q\322\245\030!\305H6\320\327\234\301\332\351\010"
 369      1821C548 
 369      36D0D79C 
 369      C1DAE908 
 370 0945 6EBC62FD 		.ascii	"n\274b\375w\032\037\3367\336t-.\033\321\201\177\221"
 370      771A1FDE 
 370      37DE742D 
 370      2E1BD181 
 370      7F91
 371 0957 06F45B26 		.ascii	"\006\364[&mO\346=g\351\311\337Q\335\275 5\354\254{\210"
 371      6D4FE63D 
 371      67E9C9DF 
 371      51DDBD20 
 371      35ECAC7B 
 372 096c 731A9C45 		.ascii	"s\032\234E\245\262\037\006\304U\251\244\271hb\271\256"
 372      A5B21F06 
 372      C455A9A4 
 372      B96862B9 
 372      AE
 373 097d 7793EBAC 		.ascii	"w\223\353\254(\222kl{T\312U\275\230+\201\026\333\002"
 373      28926B6C 
 373      7B54CA55 
 373      BD982B81 
 373      16DB02
 374 0990 069F017E 		.ascii	"\006\237\001~97\346\332E\022\320\016W\036*H7\354\336"
 374      3937E6DA 
 374      4512D00E 
 374      571E2A48 
 374      37ECDE
 375 09a3 24B8F718 		.ascii	"$\270\367\030\2603\001\364\010\350>\320\267@\367\200"
 375      B03301F4 
 375      08E83ED0 
 375      B740F780 
 376 09b3 061DF0F4 		.ascii	"\006\035\360\364\3743\232\023<<\367\301 \326\340v\235"
 376      FC339A13 
 376      3C3CF7C1 
 376      20D6E076 
 376      9D
 377 09c4 F3B25556 		.ascii	"\363\262UVy\036\274Nz\362\237\250\352!\020\036w/,+\017"
ARM GAS  /var/folders/qd/4mxf5pkd0zdf0b9dd1hp39180000gn/T//cc7TjkCD.s 			page 30


 377      791EBC4E 
 377      7AF29FA8 
 377      EA21101E 
 377      772F2C2B 
 378 09d9 C30EE561 		.ascii	"\303\016\345a\310Eyx\002O\247q\377)P8\314\006c\014\242"
 378      C8457978 
 378      024FA771 
 378      FF295038 
 378      CC06630C 
 379 09ee 1D85C846 		.ascii	"\035\205\310F\244\310 \235\217\262<\036M\216\010\302"
 379      A4C8209D 
 379      8FB23C1E 
 379      4D8E08C2 
 380 09fe 0E1DD98F 		.ascii	"\016\035\331\217?d\035\334\227\207\261\025\270\224`"
 380      3F641DDC 
 380      9787B115 
 380      B89460
 381 0a0d 284D3259 		.ascii	"(M2Y\027\265\201\001?\306\003\003\177\330\325\262\010"
 381      17B58101 
 381      3FC60303 
 381      7FD8D5B2 
 381      08
 382 0a1e 86F1D805 		.ascii	"\206\361\330\0056\214\017 \364\247\337)\364q\220\224"
 382      368C0F20 
 382      F4A7DF29 
 382      F4719094 
 383 0a2e 427F4043 		.ascii	"B\177@Cw\363N\345\036B\300\322k\325\016\261\304\250"
 383      77F34EE5 
 383      1E42C0D2 
 383      6BD50EB1 
 383      C4A8
 384 0a40 040C31AC 		.ascii	"\004\0141\254jF\202X#\321e\367-W\364\015\336\206\317"
 384      6A468258 
 384      23D165F7 
 384      2D57F40D 
 384      DE86CF
 385 0a53 5E398418 		.ascii	"^9\204\030\324\027\330\253\011O\307\331\327I_\374D\232"
 385      D417D8AB 
 385      094FC7D9 
 385      D7495FFC 
 385      449A
 386 0a65 BBCFDD0B 		.ascii	"\273\317\335\013S\177\273\316\251p\012Afq\012\237V/"
 386      537FBBCE 
 386      A9700A41 
 386      66710A9F 
 386      562F
 387 0a77 8D8A1232 		.ascii	"\215\212\0222\327\222]\363\0136\015\330\216\215.\354"
 387      D7925DF3 
 387      0B360DD8 
 387      8E8D2EEC 
 388 0a87 E7E4CBE9 		.ascii	"\347\344\313\351_d\012\265\021\210ls\343y\027\302q\274"
 388      5F640AB5 
 388      11886C73 
 388      E37917C2 
 388      71BC
 389 0a99 6C5DFFB7 		.ascii	"l]\377\267T\030og\223\\\011\313\337\264]\225\014\357"
 389      54186F67 
ARM GAS  /var/folders/qd/4mxf5pkd0zdf0b9dd1hp39180000gn/T//cc7TjkCD.s 			page 31


 389      935C09CB 
 389      DFB45D95 
 389      0CEF
 390 0aab B0E5E376 		.ascii	"\260\345\343v8/\035\026mHn\375L\252\315\273\235\245"
 390      382F1D16 
 390      6D486EFD 
 390      4CAACDBB 
 390      9DA5
 391 0abd 176F03AE 		.ascii	"\027o\003\256\312\304\263]\213\313\207\342\014\033\012"
 391      CAC4B35D 
 391      8BCB87E2 
 391      0C1B0A
 392 0acc BC28CD71 		.ascii	"\274(\315q\026oZ\244\375\371GT;^T\324\270\026\227\271"
 392      166F5AA4 
 392      FDF94754 
 392      3B5E54D4 
 392      B81697B9 
 393 0ae0 FEB08245 		.ascii	"\376\260\202E*\276\267Z\334\274\267X\244\0379\276\205"
 393      2ABEB75A 
 393      DCBCB758 
 393      A41F39BE 
 393      85
 394 0af1 164BCB47 		.ascii	"\026K\313G\272\202V\306\0267\225qa\032\277`0\300\353"
 394      BA8256C6 
 394      16379571 
 394      611ABF60 
 394      30C0EB
 395 0b04 A41D6C0B 		.ascii	"\244\035l\013)\214\330\000>\310\252\213\351\360\356"
 395      298CD800 
 395      3EC8AA8B 
 395      E9F0EE
 396 0b13 E37A38FC 		.ascii	"\343z8\374k\307\022\322\233\343\350\377p\305D\370\005"
 396      6BC712D2 
 396      9BE3E8FF 
 396      70C544F8 
 396      05
 397 0b24 F18FA3ED 		.ascii	"\361\217\243\355\320\312\323\013\023\305\214\330\205"
 397      D0CAD30B 
 397      13C58CD8 
 397      85
 398 0b31 DDC3FF3C 		.ascii	"\335\303\377<\323\301\213z\311?\246\200\223k\245\317"
 398      D3C18B7A 
 398      C93FA680 
 398      936BA5CF 
 399 0b41 A939F14F 		.ascii	"\2519\361O!\252\247n\211\375\024T\245\2431Y'\007_\025"
 399      21AAA76E 
 399      89FD1454 
 399      A5A33159 
 399      27075F15 
 400 0b55 F6C77637 		.ascii	"\366\307v7\245 \311=>-\337wlX\331\317\365\342_\225\024"
 400      A520C93D 
 400      3E2DDF77 
 400      6C58D9CF 
 400      F5E25F95 
 401 0b6a 8A14CF60 		.ascii	"\212\024\317`\322z\267|\360\214\032\215{\222\035\303"
 401      D27AB77C 
 401      F08C1A8D 
ARM GAS  /var/folders/qd/4mxf5pkd0zdf0b9dd1hp39180000gn/T//cc7TjkCD.s 			page 32


 401      7B921DC3 
 402 0b7a F4C48D97 		.ascii	"\364\304\215\227\276J\234$<\005C\224\270-3?\373\206"
 402      BE4A9C24 
 402      3C054394 
 402      B82D333F 
 402      FB86
 403 0b8c 92B4E1C1 		.ascii	"\222\264\341\301\212D\244\261qa\246\326\227\356Cx\331"
 403      8A44A4B1 
 403      7161A6D6 
 403      97EE4378 
 403      D9
 404 0b9d 71FB727A 		.ascii	"q\373rz\334\036W>pO\2652\203\324\335(a\011O\264mE\253"
 404      DC1E573E 
 404      704FB532 
 404      83D4DD28 
 404      61094FB4 
 405 0bb4 B8688487 		.ascii	"\270h\204\2076\006\255\204\377\243\220\222\372Urm\366"
 405      3606AD84 
 405      FFA39092 
 405      FA55726D 
 405      F6
 406 0bc5 25FF569E 		.ascii	"%\377V\236\220\327\017\365e\257G\311\340\250 h\225X"
 406      90D70FF5 
 406      65AF47C9 
 406      E0A82068 
 406      9558
 407 0bd7 8A8B40F6 		.ascii	"\212\213@\366\361\204[\370_@\375\034\267\300\367A\204"
 407      F1845BF8 
 407      5F40FD1C 
 407      B7C0F741 
 407      84
 408 0be8 B1E82DE8 		.ascii	"\261\350-\350\034_\334\022\247Bi\032\372\373Bty\234"
 408      1C5FDC12 
 408      A742691A 
 408      FAFB4274 
 408      799C
 409 0bfa 97DC2EF6 		.ascii	"\227\334.\366X\262\033G\354\2060\263Y\273\"\2235\314"
 409      58B21B47 
 409      EC8630B3 
 409      59BB2293 
 409      35CC
 410 0c0c 6C53EE8A 		.ascii	"lS\356\212}Q\302\021\001\343\010\244\270m\222\335m\316"
 410      7D51C211 
 410      01E308A4 
 410      B86D92DD 
 410      6DCE
 411 0c1e 76E389DD 		.ascii	"v\343\211\335\262\222\253\323<\332\243\371\216iK\244"
 411      B292ABD3 
 411      3CDAA3F9 
 411      8E694BA4 
 412 0c2e 698BEB7E 		.ascii	"i\213\353~\222\252\223;\370\247\0252\377\222\210\177"
 412      92AA933B 
 412      F8A71532 
 412      FF92887F 
 413 0c3e DBC5BCEC 		.ascii	"\333\305\274\354z\024uH):xT\007\023&R\300g\222 \306"
 413      7A147548 
 413      293A7854 
ARM GAS  /var/folders/qd/4mxf5pkd0zdf0b9dd1hp39180000gn/T//cc7TjkCD.s 			page 33


 413      07132652 
 413      C0679220 
 414 0c53 25480E26 		.ascii	"%H\016&8;\230L\034\354\030\257\251\366BG\251\203\315"
 414      383B984C 
 414      1CEC18AF 
 414      A9F64247 
 414      A983CD
 415 0c66 A933F7D5 		.ascii	"\2513\367\325\304\031\\\266\250\203G\347\237z\271ue"
 415      C4195CB6 
 415      A88347E7 
 415      9F7AB975 
 415      65
 416 0c77 07712555 		.ascii	"\007q%Ut%\372\344\315._p\245\237\2562\212\216\367\267"
 416      7425FAE4 
 416      CD2E5F70 
 416      A59FAE32 
 416      8A8EF7B7 
 417 0c8b 47A42C27 		.ascii	"G\244,'b\\\212\344J\012\242\207m\\\032u\001\204\021"
 417      625C8AE4 
 417      4A0AA287 
 417      6D5C1A75 
 417      018411
 418 0c9e AAA02E5C 		.ascii	"\252\240.\\\253\330~Lk\317\007u\341\372\303s\225\276"
 418      ABD87E4C 
 418      6BCF0775 
 418      E1FAC373 
 418      95BE
 419 0cb0 EEC72B83 		.ascii	"\356\307+\2038\261St\242-f\354\271\2329\321\033\217"
 419      38B15374 
 419      A22D66EC 
 419      B99A39D1 
 419      1B8F
 420 0cc2 F69C14A2 		.ascii	"\366\234\024\242=\260\014\227.y\220.z\260\213x\220P"
 420      3DB00C97 
 420      2E79902E 
 420      7AB08B78 
 420      9050
 421 0cd4 5234A445 		.ascii	"R4\244E\015\324\203\2753\0251\036\254\377\323x\224I"
 421      0DD483BD 
 421      3315311E 
 421      ACFFD378 
 421      9449
 422 0ce6 FAE36466 		.ascii	"\372\343dfJ\3753\305\376Y\244\377\215\351\231:-\352"
 422      4AFD33C5 
 422      FE59A4FF 
 422      8DE9993A 
 422      2DEA
 423 0cf8 A0FD7353 		.ascii	"\240\375sS*\243\331\017\214-\030\364\335\235\267\252"
 423      2AA3D90F 
 423      8C2D18F4 
 423      DD9DB7AA 
 424 0d08 D8C96BED 		.ascii	"\330\311k\355r\340\027F\273\363\331\336|\202\234_\307"
 424      72E01746 
 424      BBF3D9DE 
 424      7C829C5F 
 424      C7
 425 0d19 E45E6647 		.ascii	"\344^fG\3377\361\361v\325\213\274r%\223\367\006>c\350"
ARM GAS  /var/folders/qd/4mxf5pkd0zdf0b9dd1hp39180000gn/T//cc7TjkCD.s 			page 34


 425      DF37F1F1 
 425      76D58BBC 
 425      722593F7 
 425      063E63E8 
 426 0d2d F2A4065D 		.ascii	"\362\244\006]\243\312\037\335\215:\340\213\372(\223"
 426      A3CA1FDD 
 426      8D3AE08B 
 426      FA2893
 427 0d3c 77695B9B 		.ascii	"wi[\233\006\015R\2464%\002\260?E\231\250\310\003\327"
 427      060D52A6 
 427      342502B0 
 427      3F4599A8 
 427      C803D7
 428 0d4f 797CAE11 		.ascii	"y|\256\021\365\352\223Et\363\370\311\003>\034l\352\367"
 428      F5EA9345 
 428      74F3F8C9 
 428      033E1C6C 
 428      EAF7
 429 0d61 0BD15150 		.ascii	"\013\321QPB\307W\036 \345\371\000\322q\371\020\357!"
 429      42C7571E 
 429      20E5F900 
 429      D271F910 
 429      EF21
 430 0d73 E4B2E0BA 		.ascii	"\344\262\340\272^\270\356g\035\360Z\3510\322s\007\221"
 430      5EB8EE67 
 430      1DF05AE9 
 430      30D27307 
 430      91
 431 0d84 7CE1DAF5 		.ascii	"|\341\332\365\200\226g\220p:\307\270\033\367\244D\211"
 431      80966790 
 431      703AC7B8 
 431      1BF7A444 
 431      89
 432 0d95 5E10D7F9 		.ascii	"^\020\327\371\352\246\244k^\234~\231\275l\337\246\013"
 432      EAA6A46B 
 432      5E9C7E99 
 432      BD6CDFA6 
 432      0B
 433 0da6 DAA3A0F8 		.ascii	"\332\243\240\370\2104\002X\213;?\012\300\266+?\360\357"
 433      88340258 
 433      8B3B3F0A 
 433      C0B62B3F 
 433      F0EF
 434 0db8 8C99A371 		.ascii	"\214\231\243q\336(\221\376r\020{\353|\2237J\243\314"
 434      DE2891FE 
 434      72107BEB 
 434      7C93374A 
 434      A3CC
 435 0dca C1E77313 		.ascii	"\301\347s\023\370\370\360\035\374\233\032\222\375\314"
 435      F8F8F01D 
 435      FC9B1A92 
 435      FDCC
 436 0dd8 F00E7D7E 		.ascii	"\360\016}~\356\322\205C:\224C\030\376\330\356\371y_"
 436      EED28543 
 436      3A944318 
 436      FED8EEF9 
 436      795F
ARM GAS  /var/folders/qd/4mxf5pkd0zdf0b9dd1hp39180000gn/T//cc7TjkCD.s 			page 35


 437 0dea F1901C30 		.ascii	"\361\220\0340\351\241W\330\001\311\035\007\223\357\260"
 437      E9A157D8 
 437      01C91D07 
 437      93EFB0
 438 0df9 93E963D0 		.ascii	"\223\351c\320X\214\354\277\365\226\377\360\014\376A"
 438      588CECBF 
 438      F596FFF0 
 438      0CFE41
 439 0e08 A21469B9 		.ascii	"\242\024i\271\022)\226w\3309\371\331\324\333\000\303"
 439      12299677 
 439      D839F9D9 
 439      D4DB00C3 
 440 0e18 C3D44464 		.ascii	"\303\324Dd\373\316)\267&N\2725q\245\352\275\006\362"
 440      FBCE29B7 
 440      264EBA35 
 440      71A5EABD 
 440      06F2
 441 0e2a 934419D8 		.ascii	"\223D\031\3308!\331\000\223\324H\362\251\333\363\276"
 441      3821D900 
 441      93D448F2 
 441      A9DBF3BE 
 442 0e3a A8941A39 		.ascii	"\250\224\0329]z\356\205\326\235\221r\267F`T\306\257"
 442      5D7AEE85 
 442      D69D9172 
 442      B7466054 
 442      C6AF
 443 0e4c E122781A 		.ascii	"\341\"x\032\214\234\222\214\224\211F\356&\016\300\276"
 443      8C9C928C 
 443      948946EE 
 443      260EC0BE 
 444 0e5c B792662E 		.ascii	"\267\222f.\345\\^\215\032\325Q\346X\321\\)\235\337\006"
 444      E55C5E8D 
 444      1AD551E6 
 444      58D15C29 
 444      9DDF06
 445 0e6f 717AE7ED 		.ascii	"qz\347\355N(\365v[b\252\310\354\256\024gw^DB\247\207"
 445      4E28F576 
 445      5B62AAC8 
 445      ECAE1467 
 445      775E4442 
 446 0e85 FCC40E9E 		.ascii	"\374\304\016\236\313\220]\215\304\325*\310\036)O/\364"
 446      CB905D8D 
 446      C4D52AC8 
 446      1E294F2F 
 446      F4
 447 0e96 421769A8 		.ascii	"B\027i\250'g\243{yN\257c\013\353\354%\221\030\214\347"
 447      2767A37B 
 447      794EAF63 
 447      0BEBEC25 
 447      91188CE7 
 448 0eaa 40BE460A 		.ascii	"@\276F\012\000\272;.\207\345\332\271\263\220\020\007"
 448      00BA3B2E 
 448      87E5DAB9 
 448      B3901007 
 449 0eba 038F9FA6 		.ascii	"\003\217\237\246\365\373\242N\032Y\355\311\3122\035"
 449      F5FBA24E 
 449      1A59EDC9 
ARM GAS  /var/folders/qd/4mxf5pkd0zdf0b9dd1hp39180000gn/T//cc7TjkCD.s 			page 36


 449      CA321D
 450 0ec9 BA4D99C7 		.ascii	"\272M\231\307\363{\312\331$\307s\376E_J\212\232\235"
 450      F37BCAD9 
 450      24C773FE 
 450      455F4A8A 
 450      9A9D
 451 0edb BFE1393E 		.ascii	"\277\3419>u\241/\316\013=`\035\347*n\353\320\024a\264"
 451      75A12FCE 
 451      0B3D601D 
 451      E72A6EEB 
 451      D01461B4 
 452 0eef 6373CF6E 		.ascii	"cs\317n\220\263E|\304\346\247_\346\260+\251\207\254"
 452      90B3457C 
 452      C4E6A75F 
 452      E6B02BA9 
 452      87AC
 453 0f01 D4E1A169 		.ascii	"\324\341\241i\001O\2560\204\267\301\375e\344\307]\002"
 453      014FAE30 
 453      84B7C1FD 
 453      65E4C75D 
 453      02
 454 0f12 BA00D40C 		.ascii	"\272\000\324\014t\0219\235\027\364\025\262\3258\016"
 454      7411399D 
 454      17F415B2 
 454      D5380E
 455 0f21 F80C047C 		.ascii	"\370\014\004|\005\271Y\325\331G\370\002\335\2647\201"
 455      05B959D5 
 455      D947F802 
 455      DDB43781 
 456 0f31 60A394A1 		.ascii	"`\243\224\241+h\231\\ooa[\242\220w\236#H(bz\355\010"
 456      2B68995C 
 456      6F6F615B 
 456      A290779E 
 456      23482862 
 457 0f48 5AB4FC6B 		.ascii	"Z\264\374k\353e\313?\030\374\006g/\026\235H\217\375"
 457      EB65CB3F 
 457      18FC0667 
 457      2F169D48 
 457      8FFD
 458 0f5a 275DFDB5 		.ascii	"']\375\265\202\317\025\316\322\262\265\242|\373\202"
 458      82CF15CE 
 458      D2B2B5A2 
 458      7CFB82
 459 0f69 E43BBB56 		.ascii	"\344;\273V2\234\342\021\216L[\255Km\262\265do\017-V"
 459      329CE211 
 459      8E4C5BAD 
 459      4B6DB2B5 
 459      646F0F2D 
 460 0f7e 571C8B95 		.ascii	"W\034\213\225\353\3218\317\264\275n4p\2259\377\264V"
 460      EBD138CF 
 460      B4BD6E34 
 460      709539FF 
 460      B456
 461 0f90 8BA2BCC8 		.ascii	"\213\242\274\310\300\237\216\036z\341\213v\023F\225"
 461      C09F8E1E 
 461      7AE18B76 
 461      134695
ARM GAS  /var/folders/qd/4mxf5pkd0zdf0b9dd1hp39180000gn/T//cc7TjkCD.s 			page 37


 462 0f9f 5D       		.ascii	"]"
 463 0fa0 107F9DC7 		.ascii	"\020\177\235\307?W\350\227\261_*\206\372X\262D\217\273"
 463      3F57E897 
 463      B15F2A86 
 463      FA58B244 
 463      8FBB
 464 0fb2 5C7BCC76 		.ascii	"\\{\314v\301\006\307d-\026\226/\254\233F\226\246\301"
 464      C106C764 
 464      2D16962F 
 464      AC9B4696 
 464      A6C1
 465 0fc4 4A66AD7D 		.ascii	"Jf\255}\334\272\334\214\033KG\037MG\327+\322a\3372\267"
 465      DCBADC8C 
 465      1B4B471F 
 465      4D47D72B 
 465      D261DF32 
 466 0fd9 3375381D 		.ascii	"3u8\035\327!\035W!\005\235@\327\200n8\000\263iT\346"
 466      D7211D57 
 466      21059D40 
 466      D7806E38 
 466      00B36954 
 467 0fee 45876B2F 		.ascii	"E\207k/\266\"vV\237v\361\304\230\032\035\"\331\342"
 467      B6227656 
 467      9F76F1C4 
 467      981A1D22 
 467      D9E2
 468 1000 1B4ECDD6 		.ascii	"\033N\315\326k\270ez\327\036\334\002\253\257\363\300"
 468      6BB8657A 
 468      D71EDC02 
 468      ABAFF3C0 
 469 1010 8EF3B6A8 		.ascii	"\216\363\266\250\014\214\363n\220\277)\341\274\213\340"
 469      0C8CF36E 
 469      90BF29E1 
 469      BC8BE0
 470 101f 1CCC56D4 		.ascii	"\034\314V\324\214\277G'\362*\2748\356y\\\313V\260\375"
 470      8CBF4727 
 470      F22ABC38 
 470      EE795CCB 
 470      56B0FD
 471 1032 782297B6 		.ascii	"x\"\227\266%\345x\243j:\236i/\233\353\241\320Q\246\246"
 471      25E578A3 
 471      6A3A9E69 
 471      2F9BEBA1 
 471      D051A6A6 
 472 1046 76EAAC12 		.ascii	"v\352\254\022]\244L\326\271\322f\204\256R\346\321\376"
 472      5DA44CD6 
 472      B9D26684 
 472      AE52E6D1 
 472      FE
 473 1057 03233CBA 		.ascii	"\003#<\272I\231\324\350\274ax\241S\24685\"\215G\303"
 473      4999D4E8 
 473      BC6178A1 
 473      53A63835 
 473      228D47C3 
 474 106b 94391639 		.ascii	"\2249\0269\320\250FO\010\343y\264(\002\322\357G\341"
 474      D0A8464F 
 474      08E379B4 
ARM GAS  /var/folders/qd/4mxf5pkd0zdf0b9dd1hp39180000gn/T//cc7TjkCD.s 			page 38


 474      2802D2EF 
 474      47E1
 475 107d E1673FC7 		.ascii	"\341g?\307)(n\023\310\264\306\247\011\003\340\375\030"
 475      29286E13 
 475      C8B4C6A7 
 475      0903E0FD 
 475      18
 476 108e 72799AC0 		.ascii	"ry\232\300\322}_\266\371\352e\322\3566\216\270H\216"
 476      D27D5FB6 
 476      F9EA65D2 
 476      EE368EB8 
 476      488E
 477 10a0 C9B682FD 		.ascii	"\311\266\202\375\316\362\213\267\202\275r\375\367\234"
 477      CEF28BB7 
 477      82BD72FD 
 477      F79C
 478 10ae E5E79D41 		.ascii	"\345\347\235A\3254FA5\366\012P\335\0010\334\306`\030"
 478      D5344641 
 478      35F60A50 
 478      DD0130DC 
 478      C66018
 479 10c1 64EAF090 		.ascii	"d\352\360\220\216\302\220~\013C\371\000h\030\350>\320"
 479      8EC2907E 
 479      0B43F900 
 479      6818E83E 
 479      D0
 480 10d2 10D08803 		.ascii	"\020\320\210\003\270^\216\311\274\351s\035\255,9]c\262"
 480      B85E8EC9 
 480      BCE9731D 
 480      AD2C395D 
 480      63B2
 481 10e4 D3F1BBAE 		.ascii	"\323\361\273\256\203]\307\240x\357Q\306\250\022-P(\026"
 481      835DC7A0 
 481      78EF51C6 
 481      A8122D50 
 481      2816
 482 10f6 95758C73 		.ascii	"\225u\214s\316P\264\373\375\010|\375\256~\333!YR\237"
 482      CE50B4FB 
 482      FD087CFD 
 482      AE7EDB21 
 482      59529F
 483 1109 8C21F910 		.ascii	"\214!\371\020\372\215K\220\034\023!\331>\235\017\233"
 483      FA8D4B90 
 483      1C1321D9 
 483      3E9D0F9B 
 484 1119 99441D81 		.ascii	"\231D\035\201It{\304\317Q\006\275\037\036\336\227\316"
 484      49747BC4 
 484      CF5106BD 
 484      1F1EDE97 
 484      CE
 485 112a BE65FB01 		.ascii	"\276e\373\001\260]5\031gx\255\364=\010n\227\212\343"
 485      B05D3519 
 485      6778ADF4 
 485      3D086E97 
 485      8AE3
 486 113c 147E5903 		.ascii	"\024~Y\003F\270ID~\215\036?\330v\002\277\262\364Z\356"
 486      46B84944 
ARM GAS  /var/folders/qd/4mxf5pkd0zdf0b9dd1hp39180000gn/T//cc7TjkCD.s 			page 39


 486      7E8D1E3F 
 486      D87602BF 
 486      B2F45AEE 
 487 1150 2FB2E58F 		.ascii	"/\262\345\217\236\276\244rR\007vi\320Ab\207\317zrr\316"
 487      9EBEA472 
 487      52077669 
 487      D0416287 
 487      CF7A7272 
 488 1165 FE855869 		.ascii	"\376\205Xi\224\360F\304:\331\341\3623\010S\317\326\015"
 488      94F046C4 
 488      3AD9E1F2 
 488      330853CF 
 488      D60D
 489 1177 4F200FD3 		.ascii	"O \017\323\262\365\317\207\364[\267\031\230\357O\245"
 489      B2F5CF87 
 489      F45BB719 
 489      98EF4FA5 
 490 1187 C8F46CD9 		.ascii	"\310\364l\331\020\033}$\331\013\225R#\351\311\003\267"
 490      101B7D24 
 490      D90B9552 
 490      23E9C903 
 490      B7
 491 1198 D5F2AF89 		.ascii	"\325\362\257\211\232\311\272f\016\272\316J]g\220\375"
 491      9AC9BA66 
 491      0EBACE4A 
 491      5D6790FD 
 492 11a8 FB80458E 		.ascii	"\373\200E\216<w\341\010\376e\274\344v\203\022\235\241"
 492      3C77E108 
 492      FE65BCE4 
 492      7683129D 
 492      A1
 493 11b9 569EC48D 		.ascii	"V\236\304\215\347\271\017\345\245\333P\026n\242\236"
 493      E7B90FE5 
 493      A5DB5016 
 493      6EA29E
 494 11c8 FA783C4A 		.ascii	"\372x<J/\300\241y\311\2419q\015t\177(\356\201zi\012"
 494      2FC0A179 
 494      C9A13971 
 494      0D747F28 
 494      EE817A69 
 495 11dd 43C52F57 		.ascii	"C\305/W\022\301\\P\262\227\254k\026\320Rq\020@Z]\320"
 495      12C15C50 
 495      B297AC6B 
 495      16D05271 
 495      10405A5D 
 496 11f2 5116E5C1 		.ascii	"Q\026\345\301\341\237\332\364\262\371\275\267\204\275"
 496      E19FDAF4 
 496      B2F9BDB7 
 496      84BD
 497 1200 B6F1EA77 		.ascii	"\266\361\352w\037\030\211T\312@\271\350\340\271w^\025"
 497      1F188954 
 497      CA40B9E8 
 497      E0B9775E 
 497      15
 498 1211 21D466AE 		.ascii	"!\324f\256\305\312\271\307L\\4\311\355A.~yX\251\340"
 498      C5CAB9C7 
 498      4C5C34C9 
ARM GAS  /var/folders/qd/4mxf5pkd0zdf0b9dd1hp39180000gn/T//cc7TjkCD.s 			page 40


 498      ED412E7E 
 498      7958A9E0 
 499 1225 7240201B 		.ascii	"r@ \033\013L\260\036\030\253\321J=\027\243\364\343\242"
 499      0B4CB01E 
 499      18ABD14A 
 499      3D17A3F4 
 499      E3A2
 500 1237 8004A0AD 		.ascii	"\200\004\240\255@\021J\371\271g\327\354\3224\001O\030"
 500      40114AF9 
 500      B967D7EC 
 500      D234014F 
 500      18
 501 1248 5C390B59 		.ascii	"\\9\013YW{\011\226\037r\261\365\3773:\335A\314\351$"
 501      577B0996 
 501      1F72B1F5 
 501      FF333ADD 
 501      41CCE924 
 502 125c 0E3F7CCE 		.ascii	"\016?|\316\224\341\343\231<\246\314\376\333\330\275"
 502      94E1E399 
 502      3CA6CCFE 
 502      DBD8BD
 503 126b 45A56972 		.ascii	"E\245ir3=\220\307S\244\207\211\333\347\234\277|\256"
 503      333D90C7 
 503      53A48789 
 503      DBE79CBF 
 503      7CAE
 504 127d D66C8D7E 		.ascii	"\326l\215~\352\215\032\350h\027^M\234\343\344\233\213"
 504      EA8D1AE8 
 504      68175E4D 
 504      9CE3E49B 
 504      8B
 505 128e 91FA243C 		.ascii	"\221\372$<\206q\320=V)}\277\243\\\3466I\333 1\337%I"
 505      8671D03D 
 505      56297DBF 
 505      A35CE636 
 505      49DB2031 
 506 12a5 607AA2B9 		.ascii	"`z\242\271zT\365v\276\270\035\316:^\032'\2444\300\326"
 506      7A54F576 
 506      BEB81DCE 
 506      3A5E1A27 
 506      A434C0D6 
 507 12b9 1B9BDB4D 		.ascii	"\033\233\333M!cW\254\300-\360\177\274\362m\350z\271"
 507      216357AC 
 507      C02DF07F 
 507      BCF26DE8 
 507      7AB9
 508 12cb E6610B27 		.ascii	"\346a\013'_\346^u8\262NP\222\205\015\276\342S\226\273"
 508      5FE65E75 
 508      38B24E50 
 508      92850DBE 
 508      E25396BB 
 509 12df C3593E72 		.ascii	"\303Y>r\3418\245\\8\221\011'\022\341{s\305\225\354["
 509      E138A55C 
 509      38910927 
 509      12E17B73 
 509      C595EC5B 
 510 12f3 3615DED6 		.ascii	"6\025\336\326\264FW{\271\255\021IJV#\266+\311\324\231"
ARM GAS  /var/folders/qd/4mxf5pkd0zdf0b9dd1hp39180000gn/T//cc7TjkCD.s 			page 41


 510      B446577B 
 510      B9AD1149 
 510      4A5623B6 
 510      2BC9D499 
 511 1307 8EDF3AC3 		.ascii	"\216\337:\303>\255\305\037\035\212\337\316.\247\337"
 511      3EADC51F 
 511      1D8ADFCE 
 511      2EA7DF
 512 1316 CE160EA4 		.ascii	"\316\026\016\244_\342$\304s\344\313\232\024\345*.Y\211"
 512      5FE224C4 
 512      73E4CB9A 
 512      14E52A2E 
 512      5989
 513 1328 95A52A97 		.ascii	"\225\245*\227\212*\011\203\267c\021\367\363\035\302"
 513      8A2A0983 
 513      B76311F7 
 513      F31DC2
 514 1337 CC7058CD 		.ascii	"\314pX\315\357`\236\357 \236\237\312y:\343+\027\336"
 514      EF609EEF 
 514      209E9FCA 
 514      793AE32B 
 514      17DE
 515 1349 E1209CC6 		.ascii	"\341 \234\306\204\323\210p\373\303\252D/\324N\353bQ"
 515      84D38870 
 515      FBC3AA44 
 515      2FD44EEB 
 515      6251
 516 135b E242BA87 		.ascii	"\342B\272\207\333\035\306N\245\374\274\347\356\331\307"
 516      DB1DC64E 
 516      A5FCBCE7 
 516      EED9C7
 517 136a E3F8F8A0 		.ascii	"\343\370\370\240\266_\250\035\314V\267]\212\021\332"
 517      B65FA81D 
 517      CC56B75D 
 517      8A11DA
 518 1379 21379F10 		.ascii	"!7\237\0209.]\002\011\334:\036\250d(\361Y@\177\356p"
 518      392E5D02 
 518      09DC3A1E 
 518      A86428F1 
 518      59407FEE 
 519 138e 9A379AA7 		.ascii	"\2327\232\247\206\247\323\237\216i\230\262\333c\250"
 519      86A7D39F 
 519      8E6998B2 
 519      DB63A8
 520 139d D051D92E 		.ascii	"\320Q\331.I\331.ge\231D\331\341\273I\007\324h\2337Q"
 520      49D92E67 
 520      659944D9 
 520      E1BB4907 
 520      D4689B37 
 521 13b2 76B4786F 		.ascii	"v\264xo\251\017\332I\231\204\272\372\034\025\354\243"
 521      A90FDA49 
 521      9984BAFA 
 521      1C15ECA3 
 522 13c2 B8DDB827 		.ascii	"\270\335\270'n\331\226\227}\336\223\331\352+Rg\025\356"
 522      6ED99697 
 522      7DDE93D9 
 522      EA2B5267 
ARM GAS  /var/folders/qd/4mxf5pkd0zdf0b9dd1hp39180000gn/T//cc7TjkCD.s 			page 42


 522      15EE
 523 13d4 85D21121 		.ascii	"\205\322\021!\374\262\205'\306\262Dc\\\266R\2119G{9"
 523      FCB28527 
 523      C6B24463 
 523      5CB65289 
 523      39477B39 
 524 13e8 C45EE2D6 		.ascii	"\304^\342\326\243\021j\324NMT'\024?\360b\012\207\263"
 524      A3116AD4 
 524      4E4D5427 
 524      143FF062 
 524      0A87B3
 525 13fb D5950909 		.ascii	"\325\225\011\011T\341'D\337\036\311\371=\316\312\366"
 525      54E12744 
 525      DF1EC9F9 
 525      3DCECAF6 
 526 140b 12658766 		.ascii	"\022e\207f\236%\370\240[T\331\203\256#\355:)\023\273"
 526      9E25F8A0 
 526      5B54D983 
 526      AE23ED3A 
 526      2913BB
 527 141e 1D33912B 		.ascii	"\0353\221+)\313uV\226G\224MG\244\225x\242{\356\202\237"
 527      29CB7556 
 527      9647944D 
 527      47A49578 
 527      A27BEE82 
 528 1433 BD9A724D 		.ascii	"\275\232rM'\005_\344\024\374>{\360\373!\370}\316&\362"
 528      27055FE4 
 528      14FC3E7B 
 528      F0FB21F8 
 528      7DCE26F2 
 529 1447 8989868B 		.ascii	"\211\211\206\213S\207<\321$51z-\376\202\206\354Sa\216"
 529      53873CD1 
 529      2435317A 
 529      2DFE8286 
 529      EC53618E 
 530 145b B18DEAEE 		.ascii	"\261\215\352\356\264\321^\037\373\331\324A%iL*\270\032"
 530      B4D15E1F 
 530      FBD9D441 
 530      25694C2A 
 530      B81A
 531 146d C1B9C5D6 		.ascii	"\301\271\305\326a\202\255CJ\006\256\276\232\2644q\214"
 531      6182AD43 
 531      4A06AEBE 
 531      9AB43471 
 531      8C
 532 147e A022949C 		.ascii	"\240\"\224\234*\355\210\020\226Gk\260\034w@J\302\001"
 532      2AED8810 
 532      96476BB0 
 532      1C77404A 
 532      C201
 533 1490 670F8F10 		.ascii	"g\017\217\020\017/,\\\337\252B\013\324\303\027\023\355"
 533      0F2F2C5C 
 533      DFAA420B 
 533      D4C31713 
 533      ED
 534 14a1 2FD8CB5E 		.ascii	"/\330\313^\013l\347\320\276h6\027\333\361\343}\227\247"
 534      0B6CE7D0 
ARM GAS  /var/folders/qd/4mxf5pkd0zdf0b9dd1hp39180000gn/T//cc7TjkCD.s 			page 43


 534      BE683617 
 534      DBF1E37D 
 534      97A7
 535 14b3 32B468BB 		.ascii	"2\264h\273\017\375n\352\364\301J\3665\247\006\177\376"
 535      0FFD6EEA 
 535      F4C14AF6 
 535      35A7067F 
 535      FE
 536 14c4 51567BC5 		.ascii	"QV{\305\375\302\340\2308\351\213\351\244\277'\334\214"
 536      FDC2E098 
 536      38E98BE9 
 536      A4BF27DC 
 536      8C
 537 14d5 E19DA775 		.ascii	"\341\235\247u!L\353\243dZ\227\220iM:a\351C\347{\216"
 537      214CEBA3 
 537      645A9790 
 537      694D3A61 
 537      E943E77B 
 538 14ea 6BE5D299 		.ascii	"k\345\322\231\257\222n\233\316x\346\015%\262\275\226"
 538      AF926E9B 
 538      CE78E60D 
 538      25B2BD96 
 539 14fa 1CEA560E 		.ascii	"\034\352V\016F\013\0211\360\222(U.\345\212 \037\261"
 539      460B1131 
 539      F0922855 
 539      2EE58A20 
 539      1FB1
 540 150c E82D59E7 		.ascii	"\350-Y\347\002h\371/\030\366\343\244F6\267\336\212\323"
 540      0268F92F 
 540      18F6E3A4 
 540      4636B7DE 
 540      8AD3
 541 151e A20C1FB7 		.ascii	"\242\014\037\267\347\206\227\033;3a\307@\004\224\331"
 541      E786971B 
 541      3B3361C7 
 541      400494D9 
 542 152e 0DA71F7A 		.ascii	"\015\247\037zq\032\372\371\237>\226|\242\027\225\262"
 542      711AFAF9 
 542      9F3E967C 
 542      A21795B2 
 543 153e 84B37FA2 		.ascii	"\204\263\177\242W\001\305\374\224R\203_4`\260\034\014"
 543      5701C5FC 
 543      9452835F 
 543      3460B01C 
 543      0C
 544 154f E2AFFF70 		.ascii	"\342\257\377p\013\371\"p\011\271\225}6\010,wRi\377l"
 544      0BF92270 
 544      09B9957D 
 544      36082C77 
 544      5269FF6C 
 545 1563 106F0E6E 		.ascii	"\020o\016n\324\276P\313\241\200E$,\234!X(\023\261\360"
 545      D4BE50CB 
 545      A1804524 
 545      2C9C2158 
 545      2813B1F0 
 546 1577 247EA652 		.ascii	"$~\246R\204\354\360eun\024\233^-J,\311\235\220\320p"
 546      84ECF065 
ARM GAS  /var/folders/qd/4mxf5pkd0zdf0b9dd1hp39180000gn/T//cc7TjkCD.s 			page 44


 546      756E149B 
 546      5E2D4A2C 
 546      C99D90D0 
 547 158c C2190D95 		.ascii	"\302\031\015\225\004\015\021M\207\243\324\250\325\307"
 547      040D114D 
 547      87A3D4A8 
 547      D5C7
 548 159a 2D5EE3F2 		.ascii	"-^\343\362\233\217#\367\347\2465\304\237j\321\237\023"
 548      9B8F23F7 
 548      E7A635C4 
 548      9F6AD19F 
 548      13
 549 15ab DD89716A 		.ascii	"\335\211qj\011\233\347N\335c\330\0049\256J\362\246\312"
 549      099BE74E 
 549      DD63D804 
 549      39AE4AF2 
 549      A6CA
 550 15bd D99BB3C4 		.ascii	"\331\233\263\304\233\363\307\236\3278\224\362$\207\352"
 550      9BF3C79E 
 550      D73894F2 
 550      2487EA
 551 15cc 7C8E55E7 		.ascii	"|\216U\347s\244:\337)\357\211\362E\275\324\365\323\373"
 551      73A43ADF 
 551      29EF89F2 
 551      45BDD4F5 
 551      D3FB
 552 15de BBAFFB4A 		.ascii	"\273\257\373J\211\350\213\262\327\031\254\242V\262\\"
 552      89E88BB2 
 552      D719ACA2 
 552      56B25C
 553 15ed EB6CF93C 		.ascii	"\353l\371<\261\234\220\321\015\233\231\007TY\376\330"
 553      B19C90D1 
 553      0D9B9907 
 553      5459FED8 
 554 15fd 997AF695 		.ascii	"\231z\366\225>><\275\263?\375 ;L\035\301\217\207*\323"
 554      3E3E3CBD 
 554      B33FFD20 
 554      3B4C1DC1 
 554      8F872AD3 
 555 1611 1BB46E91 		.ascii	"\033\264n\221\337(\"\037/a@Z\020\332\037y8#\277\001"
 555      DF28221F 
 555      2F61405A 
 555      10DA1F79 
 555      3823BF01 
 556 1625 D0514FE0 		.ascii	"\320QO\340\330D\260\334(byaW\316c\2653\362\335J\217"
 556      D844B0DC 
 556      28627961 
 556      57CE63B5 
 556      33F2DD4A 
 557 163a B4C6DEF1 		.ascii	"\264\306\336\361\222\220_\370-C~3C~2 _\352\\\307\220"
 557      92905FF8 
 557      2D437E33 
 557      437E3220 
 557      5FEA5CC7 
 558 164f DFA27C5B 		.ascii	"\337\242|[\361\2035k\374\351\277P\253\277\305\346o\265"
 558      F183356B 
 558      FCE9BF50 
ARM GAS  /var/folders/qd/4mxf5pkd0zdf0b9dd1hp39180000gn/T//cc7TjkCD.s 			page 45


 558      ABBFC5E6 
 558      6FB5
 559 1661 98FC4D01 		.ascii	"\230\374M\001\301\326MkL\236\277\375\335\357\337\374"
 559      C1D64D6B 
 559      4C9EBFFD 
 559      DDEFDFFC 
 560 1671 78DD3A85 		.ascii	"x\335:\2056\314`1\033\203\302,\201\241Z\203!<0\304\366"
 560      36CC6031 
 560      1B83C22C 
 560      81A15A83 
 560      213C30C4 
 561 1686 FE7B06DB 		.ascii	"\376{\006\333\016\316\377WaaA\201&\243-04\304\352\377"
 561      0ECEFF57 
 561      61614181 
 561      26A32D30 
 561      34C4EAFF 
 562 169a 6B535060 		.ascii	"kSP`\230\325l0\257\016\0137}\371\336\032cX\230\377\307"
 562      98D56C30 
 562      AF0E0B37 
 562      7DF9DE1A 
 562      635898FF 
 563 16af A1213673 		.ascii	"\241!6s\210m\321C\377\177\013\015\015\262\372o2\231"
 563      886DD143 
 563      FF7F0B0D 
 563      0DB2FA6F 
 563      3299
 564 16c1 561B2DC1 		.ascii	"V\033-\301\253CBC\314\253\315\306/\002W\377t\365{k\327"
 564      AB434243 
 564      CCABCDC6 
 564      2F0257FF 
 564      74F57B6B 
 565 16d6 FD74F557 		.ascii	"\375t\365W\037\254\0166\3769\324\342\357\360\324?0\304"
 565      1FAC0E36 
 565      FE39D4E2 
 565      EFF0D43F 
 565      30C4
 566 16e8 1414BEC1 		.ascii	"\024\024\276\301\354\037l4\005\004\206\230\375\015\033"
 566      EC1F6C34 
 566      05048698 
 566      FD0D1B
 567 16f7 CC1B8DE1 		.ascii	"\314\033\215\341A6\203mK\230\331\272&@\341):\027\373"
 567      4136836D 
 567      4B98D9BA 
 567      2640E129 
 567      3A17FB
 568 170a FFE79C75 		.ascii	"\377\347\234u\213\325\337`\265m\000O\300#\265\015\247"
 568      8BD5DF60 
 568      B56D004F 
 568      C023B50D 
 568      A7
 569 171b CD60FBC0 		.ascii	"\315`\373\300)\317a\241\026\260\374\253\317?\373\370"
 569      29CF61A1 
 569      16B0FCAB 
 569      CF3FFBF8 
 570 172b B3CDFEA6 		.ascii	"\263\315\376\246\320\340\260\300 \263\305\352\377\333"
 570      D0E0B0C0 
 570      20B3C5EA 
ARM GAS  /var/folders/qd/4mxf5pkd0zdf0b9dd1hp39180000gn/T//cc7TjkCD.s 			page 46


 570      FFDB
 571 1739 8F3F86F4 		.ascii	"\217?\206\364\213\341h\302\014\301\266\315A\201V\233"
 571      8BE168C2 
 571      0CC1B6CD 
 571      4181569B 
 572 1749 2AD81062 		.ascii	"*\330\020b\336lS\007\033B\277\0111[\340\372U\2709\334"
 572      DE6C5307 
 572      1B42BF09 
 572      315BE0FA 
 572      55B839DC 
 573 175d AC0A23CD 		.ascii	"\254\012#\315KL\001\006[\000\214\321\006\253\275=\314"
 573      4B4C0106 
 573      5B008CD1 
 573      06ABBD3D 
 573      CC
 574 176e 62FEDAD7 		.ascii	"b\376\332\327\241\321\000\335\303m\346\315\006\233'"
 574      A1D100DD 
 574      C36DE6CD 
 574      069B27
 575 177d C8935B18 		.ascii	"\310\223[\030Ys\2309\004|\335\344e\376\032\222\021l"
 575      59739839 
 575      047CDDE4 
 575      65FE1A92 
 575      116C
 576 178f B47E69B0 		.ascii	"\264~i\260y\200]\353&\215\301\300\262\251fW\017h5\330"
 576      79805DEB 
 576      268DC1C0 
 576      B2A96657 
 576      0F6835D8 
 577 17a3 B4E42951 		.ascii	"\264\344)Q\011\016~c\014\264Aw_\231\013\330a\0379c\260"
 577      090E7E63 
 577      0CB44177 
 577      5F990BD8 
 577      611F3963 
 578 17b8 A13043B8 		.ascii	"\2410C\270\312\374\015V\257\372\306\006A\205\301\305"
 578      CAFC0D56 
 578      AFFAC606 
 578      4185C1C5 
 579 17c8 6A0E0EF3 		.ascii	"j\016\016\363\260\032L!"
 579      B01A4C21 
 580 17d0 360F2030 		.ascii	"6\017 0\303\034\325\201.xf\014\013\010\265\230=\276"
 580      C31CD581 
 580      2E78660C 
 580      0B08B598 
 580      3DBE
 581 17e2 B1D92C61 		.ascii	"\261\331,aK\251:\300\341F\263\305\034b\202`@A\350\027"
 581      4BA93AC0 
 581      E146B3C5 
 581      1C628260 
 581      4041E817 
 582 17f6 7F0EF334 		.ascii	"\177\016\3634o\016\264\231B7\230U\226\015[\300/\025"
 582      6F0EB499 
 582      42379855 
 582      960D5BC0 
 582      2F15
 583 1808 06EB46AB 		.ascii	"\006\353F\253\206\002\365#\320*^m\270\035\256a\206\215"
 583      8602F523 
ARM GAS  /var/folders/qd/4mxf5pkd0zdf0b9dd1hp39180000gn/T//cc7TjkCD.s 			page 47


 583      D02A5E6D 
 583      B81DAE61 
 583      868D
 584 181a 41C64D56 		.ascii	"A\306MV\265-\030z\021\336j3\332\314\2366r\001\305\220"
 584      B52D187A 
 584      11DE6A33 
 584      DACC9E36 
 584      7201C590 
 585 182e 5463B059 		.ascii	"Tc\260Yi\0120Z\340ah\320\0063\276\206\230\2771[ 3&\333"
 585      690A305A 
 585      E06168D0 
 585      0633BE86 
 585      98BF315B 
 586 1846 666459F7 		.ascii	"fdY\367>\037d\361\264\2307\001\006\014\266\267_9\270"
 586      3E1F64F1 
 586      B4983701 
 586      060CB6B7 
 586      5F39B8
 587 1859 01260803 		.ascii	"\001&\010\003F\223\267\374\224\267|\310[~\302[>\000"
 587      4693B7FC 
 587      94B77CC8 
 587      5B7EC25B 
 587      3E00
 588 186b 0DEB80D6 		.ascii	"\015\353\200\326\362\226\237\361\226\217\274p\007\234"
 588      F2969FF1 
 588      968FBC70 
 588      079C
 589 1879 6CD0FD37 		.ascii	"l\320\3757\257\327e\370\372\303`\014-\023\006\360f\033"
 589      AFD765F8 
 589      FAC3600C 
 589      2D1306F0 
 589      661B
 590 188b 19ECC050 		.ascii	"\031\354\300P\215}\004\300\331\3400\300\260'K\232\355"
 590      8D7D04C0 
 590      D9E030C0 
 590      B0274B9A 
 590      ED
 591 189c 4D279D22 		.ascii	"M'\235\"TM\001VS\300\006P\365#\267\0020T\360\334\317"
 591      544D0156 
 591      53C00650 
 591      F523B702 
 591      3054F0DC 
 592 18b1 BD822D56 		.ascii	"\275\202-V\021\255\356\225\300`b4\233\002>\263nZ\017"
 592      11ADEE95 
 592      C0606234 
 592      9B023EB3 
 592      6E5A0F
 593 18c4 70FB2BF7 		.ascii	"p\373+\367E\207I\375\001P\245#w\237\233\203\314F\253"
 593      458749FD 
 593      0150A523 
 593      779F9B83 
 593      CC46AB
 594 18d7 D9DB14B0 		.ascii	"\331\333\024\260\336\024\360\333\320\365Afs\330z/\302"
 594      DE14F0DB 
 594      D0F54166 
 594      73D87A2F 
 594      C2
ARM GAS  /var/folders/qd/4mxf5pkd0zdf0b9dd1hp39180000gn/T//cc7TjkCD.s 			page 48


 595 18e8 7D0EC16D 		.ascii	"}\016\301m\371TG\356\377`\374\322\034\036\266\2367\005"
 595      F95447EE 
 595      FF60FCD2 
 595      1C1EB69E 
 595      3705
 596 18fa 68838D90 		.ascii	"h\203\215\220I\0229\332\360\005\001&v\322\034\014\325"
 596      491239DA 
 596      F0050126 
 596      76D21C0C 
 596      D5
 597 190b E28BF04D 		.ascii	"\342\213\360M\2320cH\240\011#\330G\336\014\303\376\265"
 597      9A306348 
 597      A00923D8 
 597      47DE0CC3 
 597      FEB5
 598 191d 0D63D5F3 		.ascii	"\015c\325\363k\033\264\004\331\214\254\324\255\373\020"
 598      6B1BB404 
 598      D98CACD4 
 598      ADFB10
 599 192c E68B78A3 		.ascii	"\346\213x\243\301]\002\2031j@\014O1|\335\030\036b\202"
 599      C15D0283 
 599      316A400C 
 599      4F317CDD 
 599      181E6282 
 600 1940 6EF8421F 		.ascii	"n\370B\037\210s\362\353@\213-\334\030d\300],*\334\303"
 600      8873F2EB 
 600      408B2DDC 
 600      1864C05D 
 600      2C2ADCC3 
 601 1954 68F17568 		.ascii	"h\361uh4\330V8\313\321)\343\005\322AF\253\0157}\317"
 601      34D85638 
 601      CBD129E3 
 601      05D24146 
 601      AB0D377D 
 602 1969 C573988C 		.ascii	"\305s\230\214\026|U[\030@-\014\240\026\014P\225\205"
 602      167C555B 
 602      18402D0C 
 602      A0160C50 
 602      9585
 603 197b 40021AC9 		.ascii	"@\002\032\311\204\202\344\341\012\276a\013\351\252\001"
 603      8482E4E1 
 603      0ABE610B 
 603      E9AA01
 604 198a 91700BCC 		.ascii	"\221p\013\314\"\233Nj\204\330\354\211\362\011\334\020"
 604      229B4E6A 
 604      84D8EC89 
 604      F209DC10 
 605 199a 64665882 		.ascii	"dfX\202\371\315\022\361\341\007,\021\370Fk\265}i\014"
 605      F9CD12F1 
 605      E1072C11 
 605      F8466BB5 
 605      7D690C
 606 19ad 0ADC1462 		.ascii	"\012\334\024b\260yI\011\306\367\353\267X\177\037\022"
 606      B0794909 
 606      C6F7EBB7 
 606      587F1F12 
 607 19bd 146AFAF2 		.ascii	"\024j\372\362\025p\330\202\341BA\037Ndu\006\2039\304"
ARM GAS  /var/folders/qd/4mxf5pkd0zdf0b9dd1hp39180000gn/T//cc7TjkCD.s 			page 49


 607      1570D882 
 607      E142411F 
 607      4E647506 
 607      8339C4
 608 19d0 F805580D 		.ascii	"\370\005X\015\264|\345m\014\372\306\270\305\012\363"
 608      B47CE56D 
 608      0CFAC6B8 
 608      C50AF3
 609 19df 21088AFC 		.ascii	"!\010\212\374\217\345j \257\376\037\177\266\376\323"
 609      8FE56A20 
 609      AFFE1F7F 
 609      B6FED3
 610 19ee F592363C 		.ascii	"\365\2226<\037L\301\277\201\334S\210\201\375\177\006"
 610      1F4CC1BF 
 610      81DC5388 
 610      81FD7F06 
 611 19fe 8D1AA21D 		.ascii	"\215\032\242\035\353\3666\0306\004ZE\345:Z\012\003C"
 611      EBF63618 
 611      36045A45 
 611      E53A5A0A 
 611      0343
 612 1a10 AC668B0D 		.ascii	"\254f\213\015\036\221A3\254\371\311\207\037\256\365"
 612      1E914133 
 612      ACF9C987 
 612      1FAEF5
 613 1a1f 14395F02 		.ascii	"\0249_\002\274O\255\377J+\343\247\036\206\177\204\331"
 613      BC4FADFF 
 613      4A2BE3A7 
 613      1E867F84 
 613      D9
 614 1a30 F48A3902 		.ascii	"\364\2129\002\300\015P\274A5o\014\334\030\012\311\016"
 614      C00D50BC 
 614      41356F0C 
 614      DC180AC9 
 614      0E
 615 1a41 0EFD1AA7 		.ascii	"\016\375\032\247]\002\360z\007c?\373_\007\033 \227"
 615      5D02F07A 
 615      07633FFB 
 615      5F071B20 
 615      97
 616              		.text
 617              		.section	.gnu.lto_.symtab.d38a4b025b863636,"",%progbits
 618 0000 63684D73 		.ascii	"chMsgSend\000"
 618      6753656E 
 618      6400
 619 000a 00       		.ascii	"\000"
 620 000b 00       		.ascii	"\000"
 621 000c 00       		.ascii	"\000"
 622 000d 00000000 		.ascii	"\000\000\000\000\000\000\000\000"
 622      00000000 
 623 0015 87010000 		.ascii	"\207\001\000\000"
 624 0019 63684D73 		.ascii	"chMsgWait\000"
 624      67576169 
 624      7400
 625 0023 00       		.ascii	"\000"
 626 0024 00       		.ascii	"\000"
 627 0025 00       		.ascii	"\000"
ARM GAS  /var/folders/qd/4mxf5pkd0zdf0b9dd1hp39180000gn/T//cc7TjkCD.s 			page 50


 628 0026 00000000 		.ascii	"\000\000\000\000\000\000\000\000"
 628      00000000 
 629 002e 8A010000 		.ascii	"\212\001\000\000"
 630 0032 63684D73 		.ascii	"chMsgRelease\000"
 630      6752656C 
 630      65617365 
 630      00
 631 003f 00       		.ascii	"\000"
 632 0040 00       		.ascii	"\000"
 633 0041 00       		.ascii	"\000"
 634 0042 00000000 		.ascii	"\000\000\000\000\000\000\000\000"
 634      00000000 
 635 004a 8F010000 		.ascii	"\217\001\000\000"
 636 004e 636800   		.ascii	"ch\000"
 637 0051 00       		.ascii	"\000"
 638 0052 02       		.ascii	"\002"
 639 0053 00       		.ascii	"\000"
 640 0054 00000000 		.ascii	"\000\000\000\000\000\000\000\000"
 640      00000000 
 641 005c 0A020000 		.ascii	"\012\002\000\000"
 642 0060 63685363 		.ascii	"chSchGoSleepS\000"
 642      68476F53 
 642      6C656570 
 642      5300
 643 006e 00       		.ascii	"\000"
 644 006f 02       		.ascii	"\002"
 645 0070 00       		.ascii	"\000"
 646 0071 00000000 		.ascii	"\000\000\000\000\000\000\000\000"
 646      00000000 
 647 0079 93010000 		.ascii	"\223\001\000\000"
 648 007d 63685363 		.ascii	"chSchReadyI\000"
 648      68526561 
 648      64794900 
 649 0089 00       		.ascii	"\000"
 650 008a 02       		.ascii	"\002"
 651 008b 00       		.ascii	"\000"
 652 008c 00000000 		.ascii	"\000\000\000\000\000\000\000\000"
 652      00000000 
 653 0094 97010000 		.ascii	"\227\001\000\000"
 654 0098 63685363 		.ascii	"chSchWakeupS\000"
 654      6857616B 
 654      65757053 
 654      00
 655 00a5 00       		.ascii	"\000"
 656 00a6 02       		.ascii	"\002"
 657 00a7 00       		.ascii	"\000"
 658 00a8 00000000 		.ascii	"\000\000\000\000\000\000\000\000"
 658      00000000 
 659 00b0 99010000 		.ascii	"\231\001\000\000"
 660              		.text
 661              		.section	.gnu.lto_.opts,"",%progbits
 662 0000 272D666D 		.ascii	"'-fmath-errno' '-fsigned-zeros' '-ftrapping-math' '"
 662      6174682D 
 662      6572726E 
 662      6F272027 
 662      2D667369 
 663 0033 2D666E6F 		.ascii	"-fno-trapv' '-fno-openmp' '-fno-openacc' '-mcpu=cor"
ARM GAS  /var/folders/qd/4mxf5pkd0zdf0b9dd1hp39180000gn/T//cc7TjkCD.s 			page 51


 663      2D747261 
 663      70762720 
 663      272D666E 
 663      6F2D6F70 
 664 0066 7465782D 		.ascii	"tex-m0' '-mno-thumb-interwork' '-mthumb' '-O2' '-fo"
 664      6D302720 
 664      272D6D6E 
 664      6F2D7468 
 664      756D622D 
 665 0099 6D69742D 		.ascii	"mit-frame-pointer' '-falign-functions=16' '-ffuncti"
 665      6672616D 
 665      652D706F 
 665      696E7465 
 665      72272027 
 666 00cc 6F6E2D73 		.ascii	"on-sections' '-fdata-sections' '-fno-common' '-flto"
 666      65637469 
 666      6F6E7327 
 666      20272D66 
 666      64617461 
 667 00ff 2700     		.ascii	"'\000"
 668              		.text
 669              		.comm	__gnu_lto_v1,1,1
 670              		.comm	__gnu_lto_slim,1,1
 671              		.ident	"GCC: (GNU Tools for Arm Embedded Processors 7-2017-q4-major) 7.2.1 20170904 (release) [ARM
ARM GAS  /var/folders/qd/4mxf5pkd0zdf0b9dd1hp39180000gn/T//cc7TjkCD.s 			page 52


DEFINED SYMBOLS
                            *ABS*:0000000000000000 chmsg.c
                            *COM*:0000000000000001 __gnu_lto_v1
                            *COM*:0000000000000001 __gnu_lto_slim

NO UNDEFINED SYMBOLS
