ARM GAS  /var/folders/qd/4mxf5pkd0zdf0b9dd1hp39180000gn/T//cc0KdM3l.s 			page 1


   1              		.cpu cortex-m0
   2              		.eabi_attribute 20, 1
   3              		.eabi_attribute 21, 1
   4              		.eabi_attribute 23, 3
   5              		.eabi_attribute 24, 1
   6              		.eabi_attribute 25, 1
   7              		.eabi_attribute 26, 1
   8              		.eabi_attribute 30, 2
   9              		.eabi_attribute 34, 0
  10              		.eabi_attribute 18, 4
  11              		.file	"hal.c"
  12              		.section	.gnu.lto_.profile.212a9d5fae00375b,"",%progbits
  13 0000 789C6363 		.ascii	"x\234cc```\001bF\006Sv\000\000\351\000H"
  13      60606001 
  13      62460653 
  13      760000E9 
  13      0048
  14              		.text
  15              		.section	.gnu.lto_.icf.212a9d5fae00375b,"",%progbits
  16 0000 789C6363 		.ascii	"x\234cc``\340`@\000F\206[K\037\314\340g\000\000\017"
  16      6060E060 
  16      40004686 
  16      5B4B1FCC 
  16      E0670000 
  17 0015 0B0316   		.ascii	"\013\003\026"
  18              		.text
  19              		.section	.gnu.lto_.jmpfuncs.212a9d5fae00375b,"",%progbits
  20 0000 789C6363 		.ascii	"x\234cc``\360b@\000F\010\305\3048\205\231\261\371\327"
  20      6060F062 
  20      40004608 
  20      C5C43885 
  20      99B1F9D7 
  21 0014 FECF7CF5 		.ascii	"\376\317|\365\177\033$\34603,`\006Inf\254g`<\300\302"
  21      7F1B24E6 
  21      30332C60 
  21      06496E66 
  21      AC67603C 
  22 002a C800C47F 		.ascii	"\310\000\304\177\376\377\377\317\317\310\004T7\255\365"
  22      FEFFFFCF 
  22      CFC80454 
  22      37ADF5
  23 0039 D079F66E 		.ascii	"\320y\366nf\240*F\006\306-\2142 \314\300\000\000\006"
  23      66A02A46 
  23      06C62D8C 
  23      3220CCC0 
  23      000006
  24 004c D81467   		.ascii	"\330\024g"
  25              		.text
  26              		.section	.gnu.lto_.inline.212a9d5fae00375b,"",%progbits
  27 0000 789C6363 		.ascii	"x\234cc``\320c@\000F\006\006NSF\006& \223m\201<\023"
  27      6060D063 
  27      40004606 
  27      064E5346 
  27      06262093 
  28 0018 58880B85 		.ascii	"X\210\013\205`\342\006\251\0023\031\0004\322\001x"
  28      60E206A9 
  28      02331900 
ARM GAS  /var/folders/qd/4mxf5pkd0zdf0b9dd1hp39180000gn/T//cc0KdM3l.s 			page 2


  28      34D20178 
  29              		.text
  30              		.section	.gnu.lto_.pureconst.212a9d5fae00375b,"",%progbits
  31 0000 789C6363 		.ascii	"x\234cc```\006bF\006\011\000\000}\000#"
  31      60606006 
  31      62460609 
  31      00007D00 
  31      23
  32              		.text
  33              		.section	.gnu.lto_halInit.212a9d5fae00375b,"",%progbits
  34 0000 789C7590 		.ascii	"x\234u\220\273J\003A\024\206\317\277\223\033\250\301"
  34      BB4A0341 
  34      1486CFBF 
  34      931BA8C1 
  35 0010 C2424D0A 		.ascii	"\302BM\012\3334\311{\370\026\222\306B\020\314\003\354"
  35      DB34C97B 
  35      F81692C6 
  35      4210CC03 
  35      EC
  36 0021 C43524A2 		.ascii	"\3045$\242\205E\\-\026Y\304k%\342%\256\027\\\362\000"
  36      85455C2D 
  36      1659C46B 
  36      25E225AE 
  36      175CF200 
  37 0035 8AB676A2 		.ascii	"\212\266v\242V\361\002V*F\377\311\212X\304\303\034f"
  37      56F10256 
  37      2A46FFC9 
  37      8A58C4C3 
  37      1C66
  38 0047 E69C6FCE 		.ascii	"\346\234o\316\371\317$Dd\003\"Y\356\031:\224\300Z\270"
  38      F9CF2444 
  38      64032259 
  38      EE193A94 
  38      C05AB8
  39 005a 1029A72C 		.ascii	"\020)\247,\300\034t\012b[\2601\257\352\012\315\352C"
  39      C01C740A 
  39      625BB031 
  39      AFEA0ACD 
  39      EA43
  40 006c 60E53635 		.ascii	"`\34565-\\z\031\322[!<%\342\322\215a\0179!v\273\333"
  40      2D5C7A19 
  40      D25B213C 
  40      25E2D28D 
  40      610F3921 
  41 0083 5EEC4BC4 		.ascii	"^\354K\304\2428\366\221\020\366\220\235\353x\250\333"
  41      A238F691 
  41      10F6909D 
  41      EB78A8DB 
  42 0093 5F551DDE 		.ascii	"_U\035\336\255\2421\232\024\2511\317&:\224Ye\231\223"
  42      ADA2319A 
  42      14A931CF 
  42      263A9459 
  42      659993
  43 00a6 134A0B8E 		.ascii	"\023J\013\216\377\221\351<b\245 h\335$\355O\235\362"
  43      FF91E93C 
  43      62A52068 
  43      DD24ED4F 
ARM GAS  /var/folders/qd/4mxf5pkd0zdf0b9dd1hp39180000gn/T//cc0KdM3l.s 			page 3


  43      9DF2
  44 00b8 145CC52A 		.ascii	"\024\\\305*8\200-\036\351\026f\374\365\336.\234r\231"
  44      38802D1E 
  44      E91666FC 
  44      F5DE2E9C 
  44      7299
  45 00ca 151C9263 		.ascii	"\025\034\222c\302\2554/\223s\312S1\230\253\363~\376"
  45      C2AD342F 
  45      9373CA53 
  45      3198ABF3 
  45      7EFE
  46 00dc 9A2637C8 		.ascii	"\232&7\310\200o\3241\366v\365X\353\361\261R\356\367"
  46      806FD431 
  46      F676F558 
  46      EBF1B152 
  46      EEF7
  47 00ee 541C479C 		.ascii	"T\034G\234\265\201l'\343\254\355U@zY\353\021S!\200\217"
  47      B5816C27 
  47      E3ACED55 
  47      407A59EB 
  47      11532180 
  48 0103 689C63D8 		.ascii	"h\234c\330\236Jt\304n\247\273\213eu\234\374\212%7\320"
  48      9E4A74C4 
  48      6EA7BB8B 
  48      65759CFC 
  48      8A2537D0 
  49 0117 9D8B913B 		.ascii	"\235\213\221;\375\303\335\377\303\305\311\235\375pO"
  49      FDC3DDFF 
  49      C3C5C99D 
  49      FD704F
  50 0126 98F69FEB 		.ascii	"\230\366\237\353\221\026c5~\015\277\217s\017\347\363"
  50      91166335 
  50      7E0DBF8F 
  50      730FE7F3 
  51 0136 85684D96 		.ascii	"\205hM\226\012\343c\023\205\322T\321\354\371\242|\003"
  51      0AE36313 
  51      85D254D1 
  51      ECF9A27C 
  51      03
  52 0147 82A092F0 		.ascii	"\202\240\222\360"
  53              		.text
  54              		.section	.gnu.lto_.symbol_nodes.212a9d5fae00375b,"",%progbits
  55 0000 789C55C9 		.ascii	"x\234U\311\261\015\2030\024E\321\373l\314\034\214B&"
  55      B10D8330 
  55      1445D1FB 
  55      6CCC1C8C 
  55      4226
  56 0012 FB2E3200 		.ascii	"\373.2\000mz6 !@M\235\031\022\2119\242|\\\305\305\323"
  56      6D7A3620 
  56      21404D9D 
  56      19128939 
  56      A27C5CC5 
  57 0028 91EE6B81 		.ascii	"\221\356k\201\233\2170\311`x\201\263\345\013\244Yt\376"
  57      9B8F30C9 
  57      607881B3 
  57      E50BA459 
  57      74FE
ARM GAS  /var/folders/qd/4mxf5pkd0zdf0b9dd1hp39180000gn/T//cc0KdM3l.s 			page 4


  58 003a 6895A93C 		.ascii	"h\225\251<\220s\357a\221\205*<e\261\012\017YS\205\273"
  58      9073EF61 
  58      91852A3C 
  58      65B10A0F 
  58      595385BB 
  59 004e 2CFD8748 		.ascii	",\375\207H\313\370\376*\222\330\213\015G1r\375\234\006"
  59      CBF8FE2A 
  59      92D88B0D 
  59      473172FD 
  59      9C06
  60 0060 46971FC9 		.ascii	"F\227\037\311g&8"
  60      672638
  61              		.text
  62              		.section	.gnu.lto_.refs.212a9d5fae00375b,"",%progbits
  63 0000 789C6363 		.ascii	"x\234cc```\003bF\006&F&\006\000\000\263\000\023"
  63      60606003 
  63      62460626 
  63      46260600 
  63      00B30013 
  64              		.text
  65              		.section	.gnu.lto_.decls.212a9d5fae00375b,"",%progbits
  66 0000 789CC556 		.ascii	"x\234\305VkPSG\024\276{7\011\020^\0168\035\333\2613"
  66      6B505347 
  66      14BE7B37 
  66      09105E0E 
  66      381DDBB1 
  67 0015 D64947FE 		.ascii	"\326IG\376\300\005\354\214v\306v\306\372\2523V\231V"
  67      C005EC8C 
  67      76C676C6 
  67      FAAA3356 
  67      9956
  68 0027 67FA2FC6 		.ascii	"g\372/\306$J\332\220\244I\350\350\364\317E\242P_\240"
  68      244ADA90 
  68      A449E8E8 
  68      F4CF45A2 
  68      505FA0
  69 003a 325AAC2F 		.ascii	"2Z\254/\304>|\214\217\012\312C\012J\261\210\362\360"
  69      C43E7C8C 
  69      8F0ACA43 
  69      0A4AB188 
  69      F2F0
  70 004c 5951148C 		.ascii	"YQ\024\214\362R\344%\202\010H\317\356\336p\223\010\235"
  70      F252E425 
  70      820848CF 
  70      EEDE7093 
  70      089D
  71 005e F657EF70 		.ascii	"\366W\357p\356\336\263\373\355w\316\371v7\213\212\343"
  71      EEDEB3FB 
  71      ED77CEF9 
  71      76378B8A 
  71      E3
  72 006f B8536A8E 		.ascii	"\270Sj\216\033\3429n/|\217\302\003\237\334\0050\004"
  72      1BE2396E 
  72      2F7C8FC2 
  72      039FDC05 
  72      3004
  73 0081 D6C1B147 		.ascii	"\326\301\261G\005\366\034\354\005\330\000\330 \330\010"
ARM GAS  /var/folders/qd/4mxf5pkd0zdf0b9dd1hp39180000gn/T//cc0KdM3l.s 			page 5


  73      05F61CEC 
  73      05D800D8 
  73      20D808
  74 0090 C14B3884 		.ascii	"\301K8\2048\237\247\025\374\000hW\202\361\360\335\013"
  74      389FA715 
  74      FC006857 
  74      82F1F0DD 
  74      0B
  75 00a1 2D468CEF 		.ascii	"-F\214\357)\330\260\037\357\250\3047(\361\277\230\200"
  75      29D8B01F 
  75      EFA8C437 
  75      28F1BF98 
  75      80
  76 00b2 370BA36B 		.ascii	"7\013\243k\256S{\361f\214\"\324H\001nO\365\236Ga\340"
  76      AE537BF1 
  76      668C22D4 
  76      48016E4F 
  76      F59E4761 
  77 00c7 4E56A369 		.ascii	"NV\243i\340\216\266\327\347\006\261\321n\202.(y\026"
  77      E08EB6D7 
  77      E706B1D1 
  77      6E822E28 
  77      7916
  78 00d9 CFDCA9E0 		.ascii	"\317\334\251\340\025\335\357)\013f\340&\004\376\215"
  78      15DDEF29 
  78      0B66E026 
  78      04FE8D
  79 00e8 961C5708 		.ascii	"\226\034W\010\033\256#\350m\031gN\2531$\014\337\235"
  79      1BAE23E8 
  79      6D19674E 
  79      AB31240C 
  79      DF9D
  80 00fa AEE6A660 		.ascii	"\256\346\246`66\005\334\353\335W\367I\356$p\033\276"
  80      363605DC 
  80      EBDD57F7 
  80      49EE2470 
  80      1BBE
  81 010c DFB85F85 		.ascii	"\337\270_\205\203(\362~\345\221c$\243\031jD\364\013"
  81      8328F27E 
  81      E5916324 
  81      A3196A44 
  81      F40B
  82 011e 87AE931D 		.ascii	"\207\256\223\035\205\203\241\254\213 n\366g\034\012"
  82      8583A1AC 
  82      8B206EF6 
  82      671C0A
  83 012d C461F43B 		.ascii	"\304a\364;\367\356\241]\0011\307E\366\004~\311\241R"
  83      F7EEA15D 
  83      0131C745 
  83      F6047EC9 
  83      A152
  84 013f 843DC55D 		.ascii	"\204=\305]\317\350=\034\200\343\010\220o\254\037j\010"
  84      CFE83D1C 
  84      80E30890 
  84      6FAC1F6A 
  84      08
  85 0150 43EAA874 		.ascii	"C\352\250tQ\\/\036L\025\203>\345P\036\232\212\316\240"
ARM GAS  /var/folders/qd/4mxf5pkd0zdf0b9dd1hp39180000gn/T//cc0KdM3l.s 			page 6


  85      515C2F1E 
  85      4C15833E 
  85      E5501E9A 
  85      8ACEA0
  86 0163 A91C2A47 		.ascii	"\251\034*GQ\204\274\014\305p\350w\350,\201\316\237\011"
  86      5184BC0C 
  86      C570E877 
  86      E82C81CE 
  86      9F09
  87 0175 6159EBC0 		.ascii	"aY\353\300\214\355i\242\310\243\213H\215. L1\240\344"
  87      8CED69A2 
  87      C8A38B48 
  87      8D2E204C 
  87      31A0E4
  88 0188 0C350B71 		.ascii	"\0145\013q\344\360\366C*\\\207h\214\342\037\233+\370"
  88      E4F0F643 
  88      2A5C8768 
  88      8CE21F9B 
  88      2BF8
  89 019a 89625C9A 		.ascii	"\211b\\\2320Fm\361\364K\033H\214\012\210\361\207\034"
  89      30466DF1 
  89      F44B1B48 
  89      8C0A88F1 
  89      871C
  90 01ac 0342B220 		.ascii	"\003B\262 \356\242\206\024\036\273\231\222{\212\373"
  90      EEA28614 
  90      1EBB9992 
  90      7B8AFB
  91 01bb AA944CBA 		.ascii	"\252\224L\272@p\273vVT\363\270\205\215\265\334I\315"
  91      4070BB76 
  91      5654F3B8 
  91      858DB5DC 
  91      49CD
  92 01cd 56E10EE6 		.ascii	"V\341\016\346d\216\324\213*\334\307\234\255]/s\024x"
  92      648ED48B 
  92      2ADCC79C 
  92      AD5D2F73 
  92      1478
  93 01df 8839F5A9 		.ascii	"\2109\365\251\003\267Cq\012&N\320\372;\375\345J\244"
  93      03B74371 
  93      0A264ED0 
  93      FA3BFDE5 
  93      4AA4
  94 01f1 D1446A34 		.ascii	"\321Dj4\232(\215\346\020\311\275l\240mNao\233(\356\010"
  94      9A288DE6 
  94      10C9BD6C 
  94      A06D4E61 
  94      6F9B28EE 
  95 0206 A1495543 		.ascii	"\241IUCRu(R.\246\010^\034\212\203\027\307&\334\375p"
  95      52752852 
  95      2EA6085E 
  95      1C8A8317 
  95      C726DCFD 
  96 021b 8F58E6C2 		.ascii	"\217X\346\302\024\375\247?\272XFo'\025g\202!\005\207"
  96      14FDA73F 
  96      BA58466F 
  96      27156782 
ARM GAS  /var/folders/qd/4mxf5pkd0zdf0b9dd1hp39180000gn/T//cc0KdM3l.s 			page 7


  96      210587
  97 022e CE01E02C 		.ascii	"\316\001\340,\035#p\250\032\335\004\221\256#\015\272"
  97      1D2370A8 
  97      1ADD0491 
  97      AE230DBA 
  98 023e 0D760DEC 		.ascii	"\015v\015\354\006X-\330-\260\032\244\241\013\313\002"
  98      06582DD8 
  98      2DB01AA4 
  98      A10BCB02 
  99 024e BE9A2D07 		.ascii	"\276\232-\007\254\362\017X\371Fz^\350\253\376h\301\017"
  99      ACF20F58 
  99      F9467A5E 
  99      E8ABFE68 
  99      C10F
 100 0260 5CE555CB 		.ascii	"\\\345U\313\345\361\251\363\310[Z\276\232\202\210\024"
 100      E5F1A9F3 
 100      C85B5ABE 
 100      9A828814 
 101 0270 A887C038 		.ascii	"\250\207\3008i\351\3444;\013#rS\305\312XJv~|a\030\031"
 101      69E9E434 
 101      3B0B2372 
 101      53C5CA58 
 101      4A767E7C 
 102 0287 C33FF14A 		.ascii	"\303?\361J\364\312\270\21124\254b\351kW\235\012\027"
 102      F4CAB889 
 102      3234AC62 
 102      E96B579D 
 102      0A17
 103 0299 D055E48F 		.ascii	"\320U\344\217\236ox\252D\221Q\343\352\213\352A\326\377"
 103      9E6F78AA 
 103      449151E3 
 103      EA8BEA41 
 103      D6FF
 104 02ab 22312BEC 		.ascii	"\"1+\354R\221\012\216\024\272\003\023\377\222w%)\223"
 104      52910A8E 
 104      14BA0313 
 104      FF927725 
 104      2993
 105 02bd C6FFB565 		.ascii	"\306\377\265e\3576\351\270\317\0067\277\272\340\201"
 105      EF36E9B8 
 105      CF0637BF 
 105      BAE081
 106 02cc 125FA1E9 		.ascii	"\022_\241\351\240\206\336\333i\301\370:sN\016g\375\242"
 106      A086DEDB 
 106      69C1F83A 
 106      734E0E67 
 106      FDA2
 107 02de C2F5CC71 		.ascii	"\302\365\314q=\356\254\221N\376\026\362\2431\324}\366"
 107      3DEEAC91 
 107      4EFE16F2 
 107      A331D47D 
 107      F6
 108 02ef 66B8F423 		.ascii	"f\270\364#B\366\363\215\201\27245n\242\340\200g\356"
 108      42F6F38D 
 108      81BA3435 
 108      6EA2E080 
 108      67EE
ARM GAS  /var/folders/qd/4mxf5pkd0zdf0b9dd1hp39180000gn/T//cc0KdM3l.s 			page 8


 109 0301 DDD9B037 		.ascii	"\335\331\2607#=;\223$u>b\247H\004%i5@Znh\307\012-\362"
 109      233D3B93 
 109      24753E62 
 109      A7480425 
 109      6935405A 
 110 031b 12D4478A 		.ascii	"\022\324G\212F@<\240\203nI\207f\320\241\005j~\010\326"
 110      46403CA0 
 110      836E4987 
 110      66D0A105 
 110      6A7E08D6 
 111 032f 0AF608EC 		.ascii	"\012\366\010\354\261\274\305 \324\305\217R\350Z\220"
 111      B1BCC520 
 111      D4C58F52 
 111      E85A90
 112 033e 4885FE91 		.ascii	"H\205\376\221\012|\227\216\300?\226\341M\376\360|yG"
 112      0A7C978E 
 112      C03F96E1 
 112      4DFEF07C 
 112      7947
 113 0350 4ABBA698 		.ascii	"J\273\246\230\355\032\367\033\273\006\006[\212\275\212"
 113      ED1AF71B 
 113      BB06065B 
 113      8ABD8A
 114 035f BCEFCFE5 		.ascii	"\274\357\317\345\263_\001\355\236#\007\276\347\017\276"
 114      B35F01ED 
 114      9E2307BE 
 114      E70FBE
 115 036e 2B070675 		.ascii	"+\007\006u/\014vl\010\307\255l\317\324\376\264\247\212"
 115      2F0C766C 
 115      08C7AD6C 
 115      CFD4FEB4 
 115      A78A
 116 0380 4751912C 		.ascii	"GQ\221,\241\376R\272\332O`r\233\274\332n\272\332\343"
 116      A1FE52BA 
 116      DA4F6072 
 116      9BBCDA6E 
 116      BADAE3
 117 0393 4A89DA41 		.ascii	"J\211\332A\301\177\243&\304-\251\316w\251\"%\232\364"
 117      C17FA326 
 117      C42DA9CE 
 117      77A92225 
 117      9AF4
 118 03a5 0969B87F 		.ascii	"\011i\270\177\342\330p\366\332\255\260\220Mc\277\255"
 118      E2D870F6 
 118      DAADB090 
 118      4D63BFAD 
 119 03b5 E8A9D7D9 		.ascii	"\350\251\327\331\340P\007\012!@\322\002\270\360\342"
 119      E050070A 
 119      2140D202 
 119      B8F0E2
 120 03c4 C66BA18D 		.ascii	"\306k\241\215\240\035\334\277h\022\245`\267\037\202"
 120      A01DDCBF 
 120      6812A560 
 120      B71F82
 121 03d3 87BC983F 		.ascii	"\207\274\230?\352y\020\353\207^\2365\022\2248\236)\322"
 121      EA7910EB 
 121      875E9E35 
ARM GAS  /var/folders/qd/4mxf5pkd0zdf0b9dd1hp39180000gn/T//cc0KdM3l.s 			page 9


 121      1294389E 
 121      29D2
 122 03e5 37BC7989 		.ascii	"7\274y\211\203\367\360\322?\211\000y\263\262q\026\316"
 122      83F7F0D2 
 122      3F890079 
 122      B3B27116 
 122      CE
 123 03f6 F3F8DEC6 		.ascii	"\363\370\336\306c\3638F\351\033\314k\222O\256\334\330"
 123      63F33846 
 123      E91BCC6B 
 123      924FAEDC 
 123      D8
 124 0407 F0589A72 		.ascii	"\360X\232r\221HR\254(\347D\253\242\011T\346\270\205"
 124      914852AC 
 124      28E744AB 
 124      A20954E6 
 124      B885
 125 0419 1C971998 		.ascii	"\034\227\031\230D{\273\317\210n5\356a\307\261bt\240"
 125      447BBBCF 
 125      886E35EE 
 125      61C7B162 
 125      74A0
 126 042b 2C9C1D47 		.ascii	",\234\035G\336\353^\236\314\356\345\343[F\263\224Sv"
 126      DEEB5E9E 
 126      CCEEE5E3 
 126      5B46B394 
 126      5376
 127 043d D1654B15 		.ascii	"\321eK\025'\361h\345[\250\007\024\357\246\212\367\242"
 127      27F168E5 
 127      5BA80714 
 127      EFA68AF7 
 127      A2
 128 044e 29F0B628 		.ascii	")\360\266(X\260\323#\025\251\374\364\203\342\301&\270"
 128      58B0D323 
 128      15A9FCF4 
 128      83E2C126 
 128      B8
 129 045f D146A7B5 		.ascii	"\321F\247\265\346\211\"\\j\242\202\300P\227\274\243"
 129      E689225C 
 129      6AA282C0 
 129      5097BCA3 
 130 046f BAC8FD8C 		.ascii	"\272\310\375\214:\341\210\240g\260\0118\364\034M\207"
 130      3AE188A0 
 130      67B00938 
 130      F41C4D87 
 131 047f E969BF75 		.ascii	"\351i\277u6*q\226\202f\265\345qq~8p5\301\276l\334\214"
 131      362A7196 
 131      8266B5E5 
 131      71717E38 
 131      7035C1BE 
 132 0496 4FA46EDC 		.ascii	"O\244n\334*\346 \032\021\365\311T}\322U\217^P\212\253"
 132      2AE6201A 
 132      11F5C954 
 132      7DD2558F 
 132      5E508AAB 
 133 04aa 2DF7BFC3 		.ascii	"-\367\277\303\205\214\341X\305\246\024\205\304p\357"
 133      858CE158 
ARM GAS  /var/folders/qd/4mxf5pkd0zdf0b9dd1hp39180000gn/T//cc0KdM3l.s 			page 10


 133      C5A61485 
 133      C470EF
 134 04b9 07DC78AE 		.ascii	"\007\334x\256MLW3\202~\231\240\337C0@\011j\253r\207"
 134      4D4C5733 
 134      827E99A0 
 134      DF433040 
 134      096AAB72 
 135 04ce 43711F63 		.ascii	"Cq\037c\270\221ud0\324\303p\000\327\\\336X\226\300\010"
 135      B8917564 
 135      30D4C370 
 135      00D75CDE 
 135      5896C008 
 136 04e2 5ECA042F 		.ascii	"^\312\004/=\004\203\224\340\350\361\354\346 \274OI\011"
 136      3D048394 
 136      E0E8F1EC 
 136      E620BC4F 
 136      4909
 137 04f4 4AEE1E3F 		.ascii	"J\356\036?\251P\360lK\022\231\240\357vFW;\236P\320a"
 137      A950F06C 
 137      4B1299A0 
 137      EF764657 
 137      3B9E50D0 
 138 0509 2AE81092 		.ascii	"*\350\020\222\024\035\334\375\360\212Z\312\340y\333"
 138      141DDCFD 
 138      F08A5ACA 
 138      E079DB
 139 0518 9CA13CD1 		.ascii	"\234\241<\321\245$\030\364JN\340\225'\201\021\232@\366"
 139      A52418F4 
 139      4A4EE095 
 139      2781119A 
 139      40F6
 140 052a FE8C5318 		.ascii	"\376\214S\030\037c\011t\226>o\367hP~\022w\026\313\032"
 140      1F630974 
 140      963E6FF7 
 140      68507E12 
 140      7716CB1A 
 141 053e BC96195E 		.ascii	"\274\226\031^{\030F)Ce\371\211\376`\334\316\0302\317"
 141      7B184629 
 141      4365F989 
 141      FE60DCCE 
 141      1832CF
 142 0551 8C9429DE 		.ascii	"\214\224)\336\317\025\273E\362/A\324P\267KL\217\240"
 142      CF15BB45 
 142      F22F41D4 
 142      50B74B4C 
 142      8FA0
 143 0563 E74EE429 		.ascii	"\347N\344)\201\327\357*\364\300;\205\177\037\346\035"
 143      81D7EF2A 
 143      F4C03B85 
 143      7F1FE61D 
 144 0573 181ECAF6 		.ascii	"\030\036\312\3669\252$\246|T\327\363\354\250B\013\340"
 144      39AA24A6 
 144      7C54D7F3 
 144      ECA8420B 
 144      E0
 145 0584 7DC35DBE 		.ascii	"}\303]\276\340a\037p\252\004&\255*a\376|\235S\247\320"
 145      E0611F70 
ARM GAS  /var/folders/qd/4mxf5pkd0zdf0b9dd1hp39180000gn/T//cc0KdM3l.s 			page 11


 145      AA0426AD 
 145      2A61FE7C 
 145      9D53A7D0 
 146 0598 ADB69BDF 		.ascii	"\255\266\233\337\216\211\021\330\237\325!$\352\314\202"
 146      8E8911D8 
 146      9FD52124 
 146      EACC82
 147 05a7 C3AE276D 		.ascii	"\303\256'm\214>p\321\322\025\323\346\305\305qj\2556"
 147      8C3E70D1 
 147      D215D3E6 
 147      C5C5716A 
 147      AD36
 148 05b9 D96471CE 		.ascii	"\331dq\316\214\327:w a\256\315f6\351uN\223\325\342\020"
 148      8CD73A77 
 148      2061AECD 
 148      6636E975 
 148      4E93D5E2 
 149 05ce 16E8CD26 		.ascii	"\026\350\315&\233\303\2505F\333\222\365_\307\307\350"
 149      9BC3A835 
 149      46DB92F5 
 149      5FC7C7E8 
 150 05de 6C36619E 		.ascii	"l6a\236\325\3424Z\234o\014\012\313\255V\263CX\243\327"
 150      D5E2345A 
 150      9C6F0C0A 
 150      CBAD56B3 
 150      4358A3D7 
 151 05f2 47EBEC49 		.ascii	"G\353\354I\321\026\253\305\030m\324\2552E\317\212\216"
 151      D116ABC5 
 151      186DD4AD 
 151      3245CF8A 
 151      8E
 152 0603 8F8D9B15 		.ascii	"\217\215\233\025\375\315\007\321I\272\257\254v\301g"
 152      FDCD07D1 
 152      49BAAFAC 
 152      76C167
 153 0612 543059F4 		.ascii	"T0Y\364\346d\203QH\322\351\023M\026\243\2405\030W\353"
 153      E6648351 
 153      48D2E913 
 153      4D16A3A0 
 153      351857EB 
 154 0626 92CD4EAD 		.ascii	"\222\315N\255s\235\315\350\210I\344\002=\311\245\375"
 154      739DCDE8 
 154      8849E402 
 154      3DC9A5FD 
 155 0636 7FC939D6 		.ascii	"\177\3119\3269\004\255\303i\200L #l5\330\225\266d\233"
 155      3904ADC3 
 155      69804C20 
 155      236C35D8 
 155      95B6649B 
 156 064a C11E6075 		.ascii	"\301\036`u\330\214F\203]e%\331\332\225IV\203\321NtO"
 156      D88C4683 
 156      5D6525D9 
 156      DA954956 
 156      83D14E74 
 157 065f 8CF3D7DD 		.ascii	"\214\363\327\335f\265CZ_,\377lf\274\260d\311|aQ\302"
 157      66B5435A 
 157      5F2CFF6C 
ARM GAS  /var/folders/qd/4mxf5pkd0zdf0b9dd1hp39180000gn/T//cc0KdM3l.s 			page 12


 157      66BCB064 
 157      C97C6151 
 158 0674 E265DFC6 		.ascii	"\342e\337\306\0136\235Yk6\033\2005\302\341L\2022\327"
 158      0B369D59 
 158      6B361B80 
 158      35C2E14C 
 158      8232D7
 159 0687 D84C56AD 		.ascii	"\330LV\255\303\350L\266i\235\252\204yd!U\011\237\260"
 159      C3E84CB6 
 159      699DAA84 
 159      79642155 
 159      099FB0
 160 069a 662E6B16 		.ascii	"f.k\026\222&(a\356\022\250v\265iM\000\320/\266\230\234"
 160      92262861 
 160      EE12A876 
 160      B5694D00 
 160      D02FB698 
 161 06af EF4CB8D4 		.ascii	"\357L\270\324\234\312\341$\210w\375\021c\365\221\262"
 161      9CCAE124 
 161      8877FD11 
 161      63F591B2 
 162 06bf 82565975 		.ascii	"\202VYuv\003\301\305\372\343\350\010\311^\273t\305\274"
 162      7603C1C5 
 162      FAE3E808 
 162      C95EBB74 
 162      C5BC
 163 06d1 250B9669 		.ascii	"%\013\226i\027\306\316\214\375|6\353\207\251*\007\235"
 163      17C6CE8C 
 163      FD7C36EB 
 163      87A92A07 
 163      9D
 164 06e2 F7DE84FC 		.ascii	"\367\336\204\374F\273\011\022I\344B\265R\301Z\023\340"
 164      46BB0912 
 164      49E442B5 
 164      52C15A13 
 164      E0
 165 06f3 4312BD9C 		.ascii	"C\022\275\2347\202z+F\337\013c\327\256\025\022e\301"
 165      37827A2B 
 165      46DF0B63 
 165      D7AE1512 
 165      65C1
 166 0705 089567B7 		.ascii	"\010\225g\267\350\251\024\177\003o\350\020\302"
 166      E8A9147F 
 166      036FE810 
 166      C2
 167              		.text
 168              		.section	.gnu.lto_.symtab.212a9d5fae00375b,"",%progbits
 169 0000 68616C49 		.ascii	"halInit\000"
 169      6E697400 
 170 0008 00       		.ascii	"\000"
 171 0009 00       		.ascii	"\000"
 172 000a 00       		.ascii	"\000"
 173 000b 00000000 		.ascii	"\000\000\000\000\000\000\000\000"
 173      00000000 
 174 0013 F3000000 		.ascii	"\363\000\000\000"
 175 0017 70616C5F 		.ascii	"pal_default_config\000"
 175      64656661 
ARM GAS  /var/folders/qd/4mxf5pkd0zdf0b9dd1hp39180000gn/T//cc0KdM3l.s 			page 13


 175      756C745F 
 175      636F6E66 
 175      696700
 176 002a 00       		.ascii	"\000"
 177 002b 02       		.ascii	"\002"
 178 002c 00       		.ascii	"\000"
 179 002d 00000000 		.ascii	"\000\000\000\000\000\000\000\000"
 179      00000000 
 180 0035 01010000 		.ascii	"\001\001\000\000"
 181 0039 7374496E 		.ascii	"stInit\000"
 181      697400
 182 0040 00       		.ascii	"\000"
 183 0041 02       		.ascii	"\002"
 184 0042 00       		.ascii	"\000"
 185 0043 00000000 		.ascii	"\000\000\000\000\000\000\000\000"
 185      00000000 
 186 004b F5000000 		.ascii	"\365\000\000\000"
 187 004f 626F6172 		.ascii	"boardInit\000"
 187      64496E69 
 187      7400
 188 0059 00       		.ascii	"\000"
 189 005a 02       		.ascii	"\002"
 190 005b 00       		.ascii	"\000"
 191 005c 00000000 		.ascii	"\000\000\000\000\000\000\000\000"
 191      00000000 
 192 0064 F7000000 		.ascii	"\367\000\000\000"
 193 0068 7364496E 		.ascii	"sdInit\000"
 193      697400
 194 006f 00       		.ascii	"\000"
 195 0070 02       		.ascii	"\002"
 196 0071 00       		.ascii	"\000"
 197 0072 00000000 		.ascii	"\000\000\000\000\000\000\000\000"
 197      00000000 
 198 007a F9000000 		.ascii	"\371\000\000\000"
 199 007e 5F70616C 		.ascii	"_pal_lld_init\000"
 199      5F6C6C64 
 199      5F696E69 
 199      7400
 200 008c 00       		.ascii	"\000"
 201 008d 02       		.ascii	"\002"
 202 008e 00       		.ascii	"\000"
 203 008f 00000000 		.ascii	"\000\000\000\000\000\000\000\000"
 203      00000000 
 204 0097 FD000000 		.ascii	"\375\000\000\000"
 205 009b 68616C5F 		.ascii	"hal_lld_init\000"
 205      6C6C645F 
 205      696E6974 
 205      00
 206 00a8 00       		.ascii	"\000"
 207 00a9 02       		.ascii	"\002"
 208 00aa 00       		.ascii	"\000"
 209 00ab 00000000 		.ascii	"\000\000\000\000\000\000\000\000"
 209      00000000 
 210 00b3 FF000000 		.ascii	"\377\000\000\000"
 211              		.text
 212              		.section	.gnu.lto_.opts,"",%progbits
 213 0000 272D666D 		.ascii	"'-fmath-errno' '-fsigned-zeros' '-ftrapping-math' '"
ARM GAS  /var/folders/qd/4mxf5pkd0zdf0b9dd1hp39180000gn/T//cc0KdM3l.s 			page 14


 213      6174682D 
 213      6572726E 
 213      6F272027 
 213      2D667369 
 214 0033 2D666E6F 		.ascii	"-fno-trapv' '-fno-openmp' '-fno-openacc' '-mcpu=cor"
 214      2D747261 
 214      70762720 
 214      272D666E 
 214      6F2D6F70 
 215 0066 7465782D 		.ascii	"tex-m0' '-mno-thumb-interwork' '-mthumb' '-O2' '-fo"
 215      6D302720 
 215      272D6D6E 
 215      6F2D7468 
 215      756D622D 
 216 0099 6D69742D 		.ascii	"mit-frame-pointer' '-falign-functions=16' '-ffuncti"
 216      6672616D 
 216      652D706F 
 216      696E7465 
 216      72272027 
 217 00cc 6F6E2D73 		.ascii	"on-sections' '-fdata-sections' '-fno-common' '-flto"
 217      65637469 
 217      6F6E7327 
 217      20272D66 
 217      64617461 
 218 00ff 2700     		.ascii	"'\000"
 219              		.text
 220              		.comm	__gnu_lto_v1,1,1
 221              		.comm	__gnu_lto_slim,1,1
 222              		.ident	"GCC: (GNU Tools for Arm Embedded Processors 7-2017-q4-major) 7.2.1 20170904 (release) [ARM
ARM GAS  /var/folders/qd/4mxf5pkd0zdf0b9dd1hp39180000gn/T//cc0KdM3l.s 			page 15


DEFINED SYMBOLS
                            *ABS*:0000000000000000 hal.c
                            *COM*:0000000000000001 __gnu_lto_v1
                            *COM*:0000000000000001 __gnu_lto_slim

NO UNDEFINED SYMBOLS
