ARM GAS  /var/folders/qd/4mxf5pkd0zdf0b9dd1hp39180000gn/T//ccRJutt4.s 			page 1


   1              		.cpu cortex-m0
   2              		.eabi_attribute 20, 1
   3              		.eabi_attribute 21, 1
   4              		.eabi_attribute 23, 3
   5              		.eabi_attribute 24, 1
   6              		.eabi_attribute 25, 1
   7              		.eabi_attribute 26, 1
   8              		.eabi_attribute 30, 2
   9              		.eabi_attribute 34, 0
  10              		.eabi_attribute 18, 4
  11              		.file	"pal_lld.c"
  12              		.section	.gnu.lto_.profile.bfd5a5681f9fc08a,"",%progbits
  13 0000 789C6363 		.ascii	"x\234cc```\003bF\2066\306\026F\000\003\310\001\032"
  13      60606003 
  13      62468636 
  13      C6164600 
  13      03C8011A 
  14              		.text
  15              		.section	.gnu.lto_.icf.bfd5a5681f9fc08a,"",%progbits
  16 0000 789C6363 		.ascii	"x\234cc``\340c@\000&\206\307_\376/\342e\334\360\252"
  16      6060E063 
  16      40002686 
  16      C75FFE2F 
  16      E265DCF0 
  17 0015 67190F03 		.ascii	"g\031\017\003\0004}\006u"
  17      00347D06 
  17      75
  18              		.text
  19              		.section	.gnu.lto_.jmpfuncs.bfd5a5681f9fc08a,"",%progbits
  20 0000 789C6363 		.ascii	"x\234cc``\220a@\000&\006FF\306\3729\314\014\214\314"
  20      60609061 
  20      40002606 
  20      4646C6FA 
  20      39CC0C8C 
  21 0015 40063B90 		.ascii	"@\006;\220\005\3421\00113\003\000<b\004\264"
  21      05E23101 
  21      31330300 
  21      3C6204B4 
  22              		.text
  23              		.section	.gnu.lto_.inline.bfd5a5681f9fc08a,"",%progbits
  24 0000 789C6363 		.ascii	"x\234cc``\330\301\200\000L\014\014g\030N30\2623(020"
  24      6060D8C1 
  24      80004C0C 
  24      0C67184E 
  24      3330B233 
  25 0018 2B804907 		.ascii	"+\200I\0070\231\000&\033\030\301\324\002\010u\000B1"
  25      30990026 
  25      1B18C1D4 
  25      02087500 
  25      4231
  26 002a 08641C58 		.ascii	"\010d\034X\303\306\240\324\360\213\221\211\201\361\005"
  26      C3C6A0D4 
  26      F08B9189 
  26      81F105
  27 0039 3B0B8404 		.ascii	";\013\204\004\021\034`&\007\210\020\0003\005@\204\002"
  27      111C6026 
  27      07881000 
ARM GAS  /var/folders/qd/4mxf5pkd0zdf0b9dd1hp39180000gn/T//ccRJutt4.s 			page 2


  27      33054084 
  27      02
  28 004a 98A90022 		.ascii	"\230\251\000\"\034\300L\007\020\321\000\321\015\264"
  28      1CC04C07 
  28      10D100D1 
  28      0DB4
  29 0058 02443241 		.ascii	"\002D2A8L W12\330\354bddd\002Z\306\300\034ri\2450\203"
  29      384C2057 
  29      3132D8EC 
  29      62646464 
  29      025AC6C0 
  30 0072 D085C540 		.ascii	"\320\205\305@\005B\027z\030Y\300\356\006\000\325\012"
  30      0542177A 
  30      1859C0EE 
  30      0600D50A 
  31 0082 1FB2     		.ascii	"\037\262"
  32              		.text
  33              		.section	.gnu.lto_.pureconst.bfd5a5681f9fc08a,"",%progbits
  34 0000 789C6363 		.ascii	"x\234cc```\005b&\006)F)\000\000\374\000C"
  34      60606005 
  34      62260629 
  34      46290000 
  34      FC0043
  35              		.text
  36              		.section	.gnu.lto__pal_lld_init.bfd5a5681f9fc08a,"",%progbits
  37 0000 789CA599 		.ascii	"x\234\245\231YPSW\030\307\35797\204@Bp\337\027\\\020"
  37      59505357 
  37      18C7EF39 
  37      37844042 
  37      70DF175C 
  38 0015 F5C14C6D 		.ascii	"\365\301Lm\037:\366\245\017\235\351\264c\247\355\264"
  38      1F3AF6A5 
  38      0F9DE9B4 
  38      63A7EDB4 
  39 0025 AF9D8EB5 		.ascii	"\257\235\216\265S\353\214S\235\332\351\253\227ED\343"
  39      53EB8C53 
  39      9DDAE9AB 
  39      974544E3 
  40 0035 42115031 		.ascii	"B\021P1\225X\265\240U#\242\242\010\022AQQ@\021Q\301"
  40      9558B5A0 
  40      5523A2A2 
  40      08124151 
  40      51401151 
  41 004a 0541D108 		.ascii	"\005A\321\010.\270\342\006=\337w\317\361\336\224f\314"
  41      2EB8E206 
  41      3DDF77CF 
  41      F1DE9466 
  41      CC
  42 005b CD65E433 		.ascii	"\315e\3443\227\234\374\317\357|\367\313/\214Z%I\232"
  42      979CFCCF 
  42      EF7CF7CB 
  42      2F8C5A25 
  42      499A
  43 006d 3A5E923E 		.ascii	":^\222>f\177\217f\337D\226\010\315\254\223\244d\033"
  43      667F8F66 
  43      DF449608 
  43      CDAC93A4 
ARM GAS  /var/folders/qd/4mxf5pkd0zdf0b9dd1hp39180000gn/T//ccRJutt4.s 			page 3


  43      641B
  44 007f 25041E28 		.ascii	"%\004\036(6\"-\241d\011Y)g\313\244rY\307!:\255@a_\376"
  44      36222DA1 
  44      64095929 
  44      67CBA472 
  44      59C7213A 
  45 0098 753DD674 		.ascii	"u=\326te\351\010\217,I\271\354\033\276H1\231\306V\235"
  45      65E9088F 
  45      2C49B9EC 
  45      1BBE4831 
  45      99C6569D 
  46 00ac 4BDBE391 		.ascii	"K\333\343\221\335\262G&\304\302.\273k\363\332\235pI"
  46      DDB24726 
  46      C4C22EBB 
  46      6BF3DA9D 
  46      7049
  47 00be 4902BB0C 		.ascii	"I\002\273\014\364\372n[\344\017\210\304\036\037\350"
  47      F4FA6E5B 
  47      E40F88C4 
  47      1E1FE8
  48 00cd CAAFB627 		.ascii	"\312\257\266'mS\224\024\305\337\265UV&{d\366C\"\263"
  48      6D539414 
  48      C5DFB555 
  48      56267B64 
  48      F64322B3 
  49 00e1 40B29F8C 		.ascii	"@\262\237\214!\373\310\030\211\375H\"%$\011\326\267"
  49      21FBC818 
  49      89FD4822 
  49      252409D6 
  49      B7
  50 00f2 15F5E6C4 		.ascii	"\025\365\346\304Y-\352\206\344 \261J\204=\3605D\371"
  50      592DEA86 
  50      E420B14A 
  50      843DF035 
  50      44F9
  51 0104 95DEBE65 		.ascii	"\225\336\276e,c\033)\371|6a\257\261P(Q\004^i\205\207"
  51      2C631B29 
  51      F97C3661 
  51      AFB15028 
  51      51045E69 
  52 011a D1506C50 		.ascii	"\321PlPb\240\304B\261Cq@\211\203\342\204\022\017e\000"
  52      62A0C442 
  52      B1437140 
  52      8983E284 
  52      120F6500 
  53 012e 94815006 		.ascii	"\224\201P\006A\031\014e\010\224\241P\206A\031\016e\004"
  53      41190C65 
  53      0894A150 
  53      8641190E 
  53      6504
  54 0140 94915046 		.ascii	"\224\221PFA\031\015\005\210-c\241\214\2032\036J\002"
  54      41190D05 
  54      882D63A1 
  54      8C83321E 
  54      4A02
  55 0152 94095026 		.ascii	"\224\011P&B\231\004e2\224D(S\240$A\231\012E\2222\330"
  55      42990465 
ARM GAS  /var/folders/qd/4mxf5pkd0zdf0b9dd1hp39180000gn/T//ccRJutt4.s 			page 4


  55      32944428 
  55      53A02441 
  55      990A4592 
  56 0168 F158F315 		.ascii	"\361X\363\025\277\264\\\246\360(\325/\335%\225\245\201"
  56      BFB45CA6 
  56      F028D52F 
  56      DD2595A5 
  56      81
  57 0179 DAB970E8 		.ascii	"\332\271p\350<\231\260^\344.\255\254\217\206\266Fa+"
  57      3C99B05E 
  57      E42EADAC 
  57      8F86B646 
  57      612B
  58 018b 5B7CB59D 		.ascii	"[|\265\2356\365R\361f(\320\370\255\276\242\215\304K"
  58      36F552F1 
  58      6628D0F8 
  58      ADBEA28D 
  58      C44B
  59 019d 3625B3DB 		.ascii	"6%\263\333\225\340\221\255\244\224\265\364\020k)\254"
  59      95E091AD 
  59      A494B5F4 
  59      106B29AC 
  60 01ad CF2A6EFC 		.ascii	"\317*n\374\316\265KI#\0369\232\034f\313r\360&\2222\342"
  60      CEB54B49 
  60      231E399A 
  60      1C66CB72 
  60      F0269232 
  61 01c2 627BA5F6 		.ascii	"b{\245\366\244\023u+\252\356\226\325U\322\034\003\361"
  61      A413752B 
  61      AAEE96D5 
  61      55D21C03 
  61      F1
  62 01d3 16A2283D 		.ascii	"\026\242(=\224\224\263\030\206\324\270\002\227\031\332"
  62      9494B318 
  62      86D4B802 
  62      9719DA
  63 01e2 EC88B659 		.ascii	"\354\210\266Y\005q\261\035\244\016\222\342\335\026\317"
  63      0571B11D 
  63      A40E92E2 
  63      DD16CF
  64 01f1 83B23B32 		.ascii	"\203\262;2\236\306O/\304\031\353\365\321<\257\315#\333"
  64      9EC64F2F 
  64      C419EBF5 
  64      D13CAFCD 
  64      23DB
  65 0203 243E607E 		.ascii	"$>`~2]\177t\031\217^VY[m\345[{\013\326\314bM\214\311"
  65      325D7F74 
  65      198F5E56 
  65      595B6DE5 
  65      5B7B0BD6 
  66 021c 637D38CA 		.ascii	"c}8\312w\357vg]\"l\373L$\213%\225\010\000\223\303\236"
  66      77EF7667 
  66      5D226CFB 
  66      4C248B25 
  66      95080093 
  67 0232 DC50DE90 		.ascii	"\334P\336\220\031\273\344\015<\351u\262\235H\025q\251"
  67      19BBE40D 
ARM GAS  /var/folders/qd/4mxf5pkd0zdf0b9dd1hp39180000gn/T//ccRJutt4.s 			page 5


  67      3CE975B2 
  67      9D481571 
  67      A9
  68 0243 93758C2C 		.ascii	"\223u\214,\001\262\004\316\345\276U\230L\345\217\324"
  68      01B204CE 
  68      E5BE5598 
  68      4CE58FD4 
  69 0253 B9ED5EB7 		.ascii	"\271\355^\267\213$n\301\271\355\330\350\310S\374i,\331"
  69      8B246EC1 
  69      B9EDD8E8 
  69      C853FC69 
  69      2CD9
  70 0265 4E8E078F 		.ascii	"N\216\007\217.\"W\223D\230\334\224\034\025\331N\340"
  70      2E225793 
  70      4498DC94 
  70      1C15D94E 
  70      E0
  71 0276 60167282 		.ascii	"`\026r\202=\017\347.X#\363\015\372\216\344?\265\364"
  71      3D0FE72E 
  71      5823F30D 
  71      FA8EE43F 
  71      B5F4
  72 0288 0BB5FDF7 		.ascii	"\013\265\375\367\375\200\241'I\"\364\202\335\202\224"
  72      FD80A127 
  72      4922F482 
  72      DD8294
  73 0297 D280BBCA 		.ascii	"\322\200\273\312\371\366\275\221\206}\253\333d\305%"
  73      F9F6BD91 
  73      867DABDB 
  73      64C525
  74 02a6 6C6F7C9B 		.ascii	"lo|\233\344\252\215\022o\037r\212XI\015\234\261\006"
  74      E4AA8D12 
  74      6F1F728A 
  74      58490D9C 
  74      B106
  75 02b8 6EF1447D 		.ascii	"n\361D}KmA-e7\314\001\255<\335\277\225^\337\312Y\036"
  75      4B6D412D 
  75      6537CC01 
  75      AD3CDDBF 
  75      955EDFCA 
  76 02ce 398E9CC1 		.ascii	"9\216\234\301nR\014\225H-\216\017\233\213\355Q\020\256"
  76      6E520C95 
  76      482D8E0F 
  76      9B8BED51 
  76      10AE
  77 02e0 4FB663F2 		.ascii	"O\266c\362\356\246\332\333N5\331\011M u<\372f\335\306"
  77      EEA6DADB 
  77      4E35D909 
  77      4D20753C 
  77      FA66DDC6 
  78 02f4 6A270C49 		.ascii	"j'\014I\262\342\375\001\346\244\036\203e\036|\026Fe"
  78      B2E2FD01 
  78      E6A41E83 
  78      651E7C16 
  78      4665
  79 0306 A27AE095 		.ascii	"\242z\340\225UN\225|Rx\250\011\300y\016\343,<\256\241"
  79      554E957C 
ARM GAS  /var/folders/qd/4mxf5pkd0zdf0b9dd1hp39180000gn/T//ccRJutt4.s 			page 6


  79      5278A809 
  79      C0790EE3 
  79      2C3CAEA1 
  80 031a 1F67F860 		.ascii	"\037g\370`\3471)\212'5\002\330$\025l\225\000\233l\000"
  80      E731298A 
  80      273502D8 
  80      24156C95 
  80      009B6C00 
  81 032e EC02C659 		.ascii	"\354\002\306Yy\\\223\011\260\213\230\024\315\223.\001"
  81      795C9309 
  81      B08B9814 
  81      CD932E01 
  82 033e D864156C 		.ascii	"\330d\025l\265\000K4\000v\031\343l<\256\331\004X\013"
  82      B5004B34 
  82      007619E3 
  82      6C3CAED9 
  82      04580B
  83 0351 26C5F0A4 		.ascii	"&\305\360\244+\000\226\250\202\255\021`S\014\200]\305"
  83      2B0096A8 
  83      82AD1160 
  83      530C805D 
  83      C5
  84 0362 B8581E77 		.ascii	"\270X\036w\315\004\330uL\262\363\244V\000\233\242\202"
  84      CD04D875 
  84      4CB2F3A4 
  84      56009BA2 
  84      82
  85 0373 AD176049 		.ascii	"\255\027`I\006\300n`\234\203\307\265\231\000k\307\244"
  85      06C06E60 
  85      9C83C7B5 
  85      99006BC7 
  85      A4
  86 0384 389E7413 		.ascii	"8\236t\023\300\222T\260\015\002l\252\001\260[\030\347"
  86      C09254B0 
  86      0D026CAA 
  86      01B05B18 
  86      E7
  87 0395 E4711D26 		.ascii	"\344q\035&\300ncR<O\272\003`S\365\"C\347\274\365&X\010"
  87      C06E6352 
  87      3C4FBA03 
  87      6053F522 
  87      43E7BCF5 
  88 03ac AFBC4561 		.ascii	"\257\274Ea\371=\200~\017\022z\361\273\205~\027\231\006"
  88      F93D807E 
  88      0F127AF1 
  88      BB857E17 
  88      9906
  89 03be 84107AA7 		.ascii	"\204\020z\247\020zW\260\320\215H\374\036J\334[Rr\333"
  89      107A57B0 
  89      D08D48FC 
  89      1E4ADC5B 
  89      5272DB
  90 03d1 C6259E01 		.ascii	"\306%\236\001\022\277\317%^\034\221\304\0370C\007BK"
  90      12BFCF25 
  90      5E1C91C4 
  90      1F304307 
  90      424B
ARM GAS  /var/folders/qd/4mxf5pkd0zdf0b9dd1hp39180000gn/T//ccRJutt4.s 			page 7


  91 03e3 BC83491C 		.ascii	"\274\203I\034\226\334\013!\361\207\254\275\335p\256"
  91      96DC0B21 
  91      F187ACBD 
  91      DD70AE
  92 03f2 6E9886D1 		.ascii	"n\230\206\321\354\251[\247\326\246;T\211\217a\227\312"
  92      ECA95BA7 
  92      D6A63B54 
  92      898F6197 
  92      CA
  93 0403 2BEF0A8B 		.ascii	"+\357\012\213n8\036\361\366\025dW\271\235\301\022\177"
  93      6E381EF1 
  93      F6156457 
  93      B99DC112 
  93      7F
  94 0414 2C24FE10 		.ascii	",$\376\020\002\237\350\346\243\033\217U\2766\023\254"
  94      029FE8E6 
  94      A31B8F55 
  94      BE3613AC 
  95 0424 A7CEC77D 		.ascii	"\247\316\307}\335|\344\3465\235\211\322\317\307SamL"
  95      DD7CE4E6 
  95      359D89D2 
  95      CFC75361 
  95      6D4C
  96 0436 7A06F331 		.ascii	"z\006\3631Z\2636\242\206\311\206\203\373\\X\033\343"
  96      5AB336A2 
  96      86C98683 
  96      FB5C581B 
  96      E3
  97 0447 7A4C80BD 		.ascii	"zL\200\275\020\326\306\244\227\0006F\2636\202\2155\000"
  97      10D6C6A4 
  97      97003646 
  97      B336828D 
  97      3500
  98 0459 F64A581B 		.ascii	"\366JX\033\343^\233\000{#\254\215I\275\0006V\2636\202"
  98      E35E9B00 
  98      7B23AC8D 
  98      49BD0036 
  98      56B33682 
  99 046d 8D3300D6 		.ascii	"\2153\000\326'\254\215q\012\215\034,\231rkcR\012e`\343"
  99      27AC8D71 
  99      0A8D1C2C 
  99      99726B63 
  99      520A6560 
 100 0482 346B23D8 		.ascii	"4k#\330x\003`\251\224[\033\343\322L\200-\245\334\332"
 100      780360A9 
 100      945B1BE3 
 100      D24C802D 
 100      A5DCDA
 101 0495 98940E60 		.ascii	"\230\224\016`\3435k#X\202\001\260e\224[\033\3432L\200"
 101      E3356B23 
 101      588201B0 
 101      65945B1B 
 101      E3324C80 
 102 04a9 2DA7DCDA 		.ascii	"-\247\334\332\230\264\002\300\0224k#\330\004\003`n\312"
 102      98B402C0 
 102      12346B23 
 102      D8040360 
ARM GAS  /var/folders/qd/4mxf5pkd0zdf0b9dd1hp39180000gn/T//ccRJutt4.s 			page 8


 102      6ECA
 103 04bb AD8D712B 		.ascii	"\255\215q+M\200\255\242\334\332\230\264\032\300&\350"
 103      4D80ADA2 
 103      DCDA98B4 
 103      1AC026E8 
 104 04cb CD8592D1 		.ascii	"\315\205\222\321\254\375@X\273<,k\257\241\375\254]\361"
 104      ACFD4058 
 104      BB3C2C6B 
 104      AFA1FDAC 
 104      5DF1
 105 04dd 6E6B6722 		.ascii	"nkg\"\323\300\020\326\376\203rkg\321\210\255\275\226"
 105      D3C010D6 
 105      FE83726B 
 105      67D188AD 
 105      BD96
 106 04ef 82B58FDC 		.ascii	"\202\265\217\334\3616\305skg\202\265\263\251j\355\212"
 106      F136C573 
 106      6B6782B5 
 106      B3A96AED 
 106      8A
 107 0500 88AC9D43 		.ascii	"\210\254\235C\023\341\300\241\254\335\313\254\015K\330"
 107      13E1C0A1 
 107      ACDDCBAC 
 107      0D4BD8
 108 050f DEFF6BED 		.ascii	"\336\377k\355\\j%\353(;\027+y\362\020\260v\303\201\023"
 108      5C6A25EB 
 108      283B172B 
 108      79F210B0 
 108      76C38113 
 109 0523 4ED5DA1F 		.ascii	"N\325\332\037\302\207Lm\215\217\352\206c=U\333\267\263"
 109      C2874C6D 
 109      8D8FEA86 
 109      633D55DB 
 109      B7B3
 110 0535 BAA4D91E 		.ascii	"\272\244\331\036l\355\015\224[;\027\002\363t\363\301"
 110      6CED0D94 
 110      5B3B1702 
 110      F374F3C1 
 111 0545 C2D94B32 		.ascii	"\302\331K2\237=\257\210\026\363\301N\375v>\352\323\373"
 111      9F3DAF88 
 111      16F3C14E 
 111      FD763EEA 
 111      D3FB
 112 0557 BED68FC7 		.ascii	"\276\326\217\307F\312\245\215A\036\030\217!\232\264"
 112      46CAA58D 
 112      411E188F 
 112      219AB4
 113 0566 91746878 		.ascii	"\221thxh8\267\177R.m\214\333\0249W>\345\316\306 /p\015"
 113      6838B77F 
 113      522E6D8C 
 113      DB143957 
 113      3EE5CEC6 
 114 057e D59C8D5C 		.ascii	"\325\234\215\\\303\014pm\246\334\331\030\367W\344\\"
 114      C30C706D 
 114      A6DCD918 
 114      F757E45C 
 115 058e 5B285736 		.ascii	"[(W6\006m\005\256a\232\262\221k\270\001\256m\224+\033"
ARM GAS  /var/folders/qd/4mxf5pkd0zdf0b9dd1hp39180000gn/T//ccRJutt4.s 			page 9


 115      066D05AE 
 115      619AB291 
 115      6BB801AE 
 115      6D942B1B 
 116 05a2 E3FE8E9C 		.ascii	"\343\376\216\234\253@\030\033\203\012\201k\270fl\344"
 116      AB40181B 
 116      830A816B 
 116      B8666CE4 
 117 05b2 1A61806B 		.ascii	"\032a\200k\27306\306\355\210\234\353\037!l\014\332\011"
 117      BB3036C6 
 117      ED889CEB 
 117      1F216C0C 
 117      DA09
 118 05c4 5C233461 		.ascii	"\\#4a#\327H\003\\\273\204\2601nw\344\\>\341k\014\332"
 118      23D74803 
 118      5CBB84B0 
 118      316E77E4 
 118      5C3EE16B 
 119 05da 035C2335 		.ascii	"\003\\#5_#\327(\003\\E\302\327\030\2677r\256b\241k\014"
 119      5F23D728 
 119      035C45C2 
 119      D718B737 
 119      72AE62A1 
 120 05f0 DA075CA3 		.ascii	"\332\007\\\243\364\312B\273h\272\316\341W\336@X\272"
 120      F4CA42BB 
 120      68BACEE1 
 120      57DE4058 
 120      BA
 121 0601 DEDF5FD7 		.ascii	"\336\337_\327\235\357\326\365\001d\032\024B\327%B\327"
 121      9DEFD6F5 
 121      01641A14 
 121      42D72542 
 121      D7
 122 0612 0723D7F5 		.ascii	"\007#\327\365!\324ukEks\024\327\365z\320u)\327ugD\272"
 122      21D4756B 
 122      456B7314 
 122      D7F57AD0 
 122      7529D775 
 123 0629 3ECC5CBC 		.ascii	">\314\\\274?\264\256\233\362\255\270\344P\010]\2271"
 123      3FB4AE9B 
 123      F2ADB8E4 
 123      50085D97 
 123      31
 124 063a 5D97C34D 		.ascii	"]\227\303M(\207a\210cO\275,\336\035\340\277d7\302\322"
 124      28876188 
 124      634FBD2C 
 124      DE1DE0BF 
 124      6437C2D2 
 125 064e 5D7B3794 		.ascii	"]{7\2249t\303q\204\017\207{\375\37174\330\327\025\302"
 125      3974C371 
 125      840F877B 
 125      FDF93734 
 125      D8D715C2 
 126 0662 D76590E8 		.ascii	"\327e\220\350\327\315G9\316\207\273>\365\332\333\317"
 126      D7CD4739 
 126      CE87BB3E 
 126      F5DADBCF 
ARM GAS  /var/folders/qd/4mxf5pkd0zdf0b9dd1hp39180000gn/T//ccRJutt4.s 			page 10


 127 0672 F352DD7C 		.ascii	"\363R\335|d\245\025\265\330\364\003rT\010\033\223*a"
 127      64A515B5 
 127      D8F40372 
 127      54081B93 
 127      2A61
 128 0684 40E23461 		.ascii	"@\3424a#\2533<6\034\334*!l\214;f\002\354\27006&U\003"
 128      23AB333C 
 128      361CDC2A 
 128      216C8C3B 
 128      6602ECB8 
 129 069d 98533336 		.ascii	"\230S36\202\305\033\000;!\214\215q'M\200\235\022\312"
 129      82C51B00 
 129      3B218C8D 
 129      71274D80 
 129      9D12CA
 130 06b0 C6A41A00 		.ascii	"\306\244\032\000\213\327\224\215`\003\014\200\235\026"
 130      8BD7948D 
 130      60030C80 
 130      9D16
 131 06be CAC6B833 		.ascii	"\312\306\2703&\300j\205\2631\251\016\300\006h\316F\260"
 131      26C06A85 
 131      B331A90E 
 131      C00668CE 
 131      46B0
 132 06d0 8106C0EA 		.ascii	"\201\006\300\352\205\2631\356\254\011\260sB\332\230"
 132      85B331EE 
 132      AC09B073 
 132      42DA98
 133 06df D4006003 		.ascii	"\324\000`\0035i#\330 \003`\347\205\2641\256\321\004"
 133      356923D8 
 133      200360E7 
 133      85B431AE 
 133      D104
 134 06f1 D805616D 		.ascii	"\330\005amLj\002\260A\232\265\021l\260\001\260\213\302"
 134      4C6A02B0 
 134      419AB511 
 134      6CB001B0 
 134      8BC2
 135 0703 DA1877C9 		.ascii	"\332\030w\311\004\330e\241mLj\006\260\301zu\241e4m\037"
 135      04D865A1 
 135      6D4C6A06 
 135      B0C17A75 
 135      A165346D 
 136 0718 16DADE3C 		.ascii	"\026\332\336<$\034m\267\364\327\366\226\354wj\373\012"
 136      241C6DB7 
 136      F4D7F696 
 136      EC776AFB 
 136      0A
 137 0729 320D0EA1 		.ascii	"2\015\016\241\355\253B\333\327\"\327\366u\324\366\216"
 137      EDAB42DB 
 137      D722D7F6 
 137      75D4F68E 
 138 0739 409B2F96 		.ascii	"@\233/\226k\273\020\264\335\312\265\275%;\022m\337`"
 138      6BBB10B4 
 138      DDCAB5BD 
 138      253B126D 
 138      DF60
ARM GAS  /var/folders/qd/4mxf5pkd0zdf0b9dd1hp39180000gn/T//ccRJutt4.s 			page 11


 139 074b 4E6E09AD 		.ascii	"Nn\011\255\355\352B+.\271\036B\333mL\333\355p\023\332"
 139      EDEA422B 
 139      2EB91E42 
 139      DB6D4CDB 
 139      ED7013DA 
 140 075f 611A60F3 		.ascii	"a\032`\363\033\311\365w\354\252\266\037\302\322\324"
 140      1BC9F577 
 140      ECAAB61F 
 140      C2D2D4
 141 076e 2B298168 		.ascii	"+)\201h\335t\334\024\237\351\356\232Sr\260\266o\011"
 141      DD74DC14 
 141      9FE9EE9A 
 141      5372B0B6 
 141      6F09
 142 0780 6DB74162 		.ascii	"m\267Ab\207n@\332q@\262\236\227U\305\212\001i\325\015"
 142      876E40DA 
 142      7140B29E 
 142      9755C58A 
 142      0169D50D 
 143 0794 48FE6EFF 		.ascii	"H\376n\377~G\320?\236\011mc\322\035\030\020\253\246"
 143      7E47D03F 
 143      9E096D63 
 143      D21D1810 
 143      ABA6
 144 07a6 6D648D0E 		.ascii	"md\215\016\217\015'7 \264\215qwM\200u\012mcR\027\200"
 144      8F0D2737 
 144      20B48D71 
 144      774D8075 
 144      0A6D6352 
 145 07bc 456BDA46 		.ascii	"Ek\332F0\233\001\260{B\333\030w\337\004\330\003\241"
 145      309B01B0 
 145      7B42DB18 
 145      77DF04D8 
 145      03A1
 146 07ce 6D4C     		.ascii	"mL"
 147 07d0 7A086036 		.ascii	"z\010`6M\333\010\026c\000\254[h\033\343\036\231\000"
 147      4DDB0816 
 147      6300AC5B 
 147      681BE31E 
 147      9900
 148 07e2 7B2CB48D 		.ascii	"{,\264\215IO\000,F\3236\202\305\032\000{*\264\215q\317"
 148      494F002C 
 148      46D33682 
 148      C51A007B 
 148      2AB48D71 
 149 07f7 4C803D17 		.ascii	"L\200=\027\332\306\244\036\000\213\325\264\215`v\003"
 149      DAC6A41E 
 149      008BD5B4 
 149      8D607603 
 150 0807 602F84B6 		.ascii	"`/\204\2661\356\245\011\260WB\333\230\364\032\300\354"
 150      31EEA509 
 150      B05742DB 
 150      98F41AC0 
 150      EC
 151 0818 9AB611CC 		.ascii	"\232\266\021\314a\000\354\215\3206\306\365\232\000\353"
 151      6100EC8D 
 151      D036C6F5 
ARM GAS  /var/folders/qd/4mxf5pkd0zdf0b9dd1hp39180000gn/T//ccRJutt4.s 			page 12


 151      9A00EB
 152 0827 13DAC624 		.ascii	"\023\332\306$Ef`\016\275\272\3202\232\266o\300\325}"
 152      4566600E 
 152      BDBAD032 
 152      9AB66FC0 
 152      D57D
 153 0839 F6F4836C 		.ascii	"\366\364\203l\374\317O\024V\006\023Pf\235D%\351\275"
 153      FCCF4F14 
 153      56061350 
 153      669D4425 
 153      E9BD
 154 084b 19335CEA 		.ascii	"\0313\\\352\237\205\213]?\317Y\340Z\264\360\327\337"
 154      9F858B5D 
 154      3FCF59E0 
 154      5AB4F0D7 
 154      DF
 155 085c 16BBBEF9 		.ascii	"\026\273\276\371\366\213\367g\272f\317\376\304\365\351"
 155      F68BF767 
 155      BA66CFFE 
 155      C4F5E9
 156 086b 579F7DF9 		.ascii	"W\237}\371\373L\327\2429\013\276_\260\340\307\031s%"
 156      FB4CD7A2 
 156      390BBE5F 
 156      B0E0C719 
 156      7325
 157 087d EBDC85BF 		.ascii	"\353\334\205\277\3744\177^\324\274E\363\027.\372\027"
 157      FC347F5E 
 157      D4BC45F3 
 157      172EFA17 
 158 088d 5FE1E16F 		.ascii	"_\341\341o"
 159              		.text
 160              		.section	.gnu.lto__pal_lld_setgroupmode.bfd5a5681f9fc08a,"",%progbits
 161 0000 789CA557 		.ascii	"x\234\245W{P\224\327\025\277\347\273\337\356\367\355"
 161      7B5094D7 
 161      15BFE7BB 
 161      DFEEF7ED 
 162 0010 F232BE62 		.ascii	"\3622\276b\224(*\270\223AY\037d\306\372\007>\310L\332"
 162      94282AB8 
 162      9341591F 
 162      64C6FA07 
 162      3EC84CDA 
 163 0024 193BC9B4 		.ascii	"\031;\311\264\375\253\377\244\264:M[(\014\322L:\223"
 163      FDABFFA4 
 163      B43A4D5B 
 163      280CD24C 
 163      3A93
 164 0036 997E0A2E 		.ascii	"\231~\012.b\222jk\325\311\026;\244\301*\361I$UID\344"
 164      62926A6B 
 164      D5C9163B 
 164      A4C12AF1 
 164      49245549 
 165 004c 61842A46 		.ascii	"a\204*Fkc\026T4\3265\370DB\360\021\201\236s\356\267"
 165      6B631654 
 165      34D635F8 
 165      4442F011 
 165      819E73EE 
 166 0061 ECA3DB66 		.ascii	"\354\243\333f\030w\370\216w\317\376~\347\236\363;\367"
ARM GAS  /var/folders/qd/4mxf5pkd0zdf0b9dd1hp39180000gn/T//ccRJutt4.s 			page 13


 166      1877F88E 
 166      77CFFE7E 
 166      E79EF33B 
 166      F7
 167 0072 7EF7EA14 		.ascii	"~\367\352\024BlJ\021\342u\374\267\014\037H\020\240m"
 167      426C4A11 
 167      E275FCB7 
 167      0C1F4810 
 167      A06D
 168 0084 EC1062B5 		.ascii	"\354\020b\265\251\201T\003\251\351\353<\302r\233d\023"
 168      A9815403 
 168      A9E9EB3C 
 168      C2729B64 
 168      13
 169 0095 75CDC1DF 		.ascii	"u\315\301\337\234\374\315\001\206\0029C\003\003L505"
 169      9CFCCD01 
 169      86023943 
 169      03034C35 
 169      3035
 170 00a7 F7850404 		.ascii	"\367\205\004\004\272\352\232\004\"]*\3341\323\015@\003"
 170      BAEA9A04 
 170      225D2ADC 
 170      31D30D40 
 170      03
 171 00b8 CB04F13B 		.ascii	"\313\004\361;M\352\016\247a\272\334\200Ca\177\336\222"
 171      4DEA0EA7 
 171      61BADC80 
 171      43617FDE 
 171      92
 172 00c9 7F92D054 		.ascii	"\177\222\320T\036<\254=\267\303\302O\343\326\001\267"
 172      1E3CAC3D 
 172      B7C3C24F 
 172      E3D601B7 
 173 00d9 CF5A3BA9 		.ascii	"\317Z;\251\022\021[l\024\034\200\347\020u\246l\177\245"
 173      12115B6C 
 173      141C80E7 
 173      1075A66C 
 173      7FA5
 174 00eb 7C53564A 		.ascii	"|SVJ\000\035\277\336;\345\277\232L_5H\303\257\315\035"
 174      001DBFDE 
 174      3BE5BF9A 
 174      4C5F3548 
 174      C3AFCD1D 
 175 00ff C387DC32 		.ascii	"\303\207\3342\033\004\216\007\217\017\004M\317v\313"
 175      1B048E07 
 175      8F0F044D 
 175      CF76CB
 176 010e 5A63353E 		.ascii	"Zc5>\256\226Vz\245\224\360w\220\030\020>\204T\250\203"
 176      AE96567A 
 176      A594F077 
 176      9018103E 
 176      8454A883 
 177 0122 54812E01 		.ascii	"T\201.\001\007\301\203\360\341\277\355\2570\345w\230"
 177      07C183F0 
 177      E1BFEDAF 
 177      30E57798 
 178 0132 7A7E47B9 		.ascii	"z~G\271\337mS\203\273\306n/\265\276[)u8\024K\326\005"
ARM GAS  /var/folders/qd/4mxf5pkd0zdf0b9dd1hp39180000gn/T//ccRJutt4.s 			page 14


 178      DF6D5383 
 178      BBC66E2F 
 178      B5BE5B29 
 178      7538144B 
 179 0148 1C66F257 		.ascii	"\034f\362W\007\266oJ\2209L\276t\247\356\317!\362\235"
 179      07B66F4A 
 179      90394CBE 
 179      74A7EECF 
 179      21F29D
 180 015b 5D93AB99 		.ascii	"]\223\253\231\354\200\372X\262C\300G\340!\306[\253k"
 180      EC80FA58 
 180      B243C047 
 180      E021C65B 
 180      AB6B
 181 016d 2E4B99CB 		.ascii	".K\231\313\354+\275\275\207\334\031\357\251\251wOz\267"
 181      EC2BBDBD 
 181      87DC19EF 
 181      A9A9774F 
 181      7AB7
 182 017f D43A61E9 		.ascii	"\324:a\351\225\322\011\037G\363\351\203\360\232\341"
 182      95D2091F 
 182      47F3E983 
 182      F09AE1
 183 018e D37F34E5 		.ascii	"\323\1774\345\213L\375\375\206?T\245\330\324\316\331"
 183      8B4CFDFD 
 183      863F54A5 
 183      D8D4CED9 
 184 019e 7EABB12C 		.ascii	"~\253\261,\215\210\015q\211w7\265\236\322\344r&n\275"
 184      8D880D71 
 184      897737B5 
 184      9ED2E472 
 184      266EBD
 185 01b1 BDF35E82 		.ascii	"\275\363^\202M<\033&6\306%\006?/}\307)\177\300\304\316"
 185      4D3C1B26 
 185      36C62506 
 185      3F2F7DC7 
 185      297FC0C4 
 186 01c6 133BAF27 		.ascii	"\023;\257'\333\304\3660\261).q\343`\300r\312\0373\261"
 186      DBC4F630 
 186      B1292E71 
 186      E360C072 
 186      CA1F33B1 
 187 01da A33B5809 		.ascii	"\243;X\0116\261)Ll\211K|\373\356\203wu\231\307\304\232"
 187      36B1294C 
 187      6C894B7C 
 187      FBEE8377 
 187      7599C7C4 
 188 01ef 8DEBBF71 		.ascii	"\215\353\277q\331\304G\231#\304\343q\211_\324\016mN"
 188      D9C44799 
 188      23C4E371 
 188      895FD40E 
 188      6D4E
 189 0201 72EAF009 		.ascii	"r\352\360\011d@+>\315\370\034\303\347(>G C--8\001N\240"
 189      64402B3E 
 189      CDF81CC3 
 189      E7283E47 
 189      20432D2D 
ARM GAS  /var/folders/qd/4mxf5pkd0zdf0b9dd1hp39180000gn/T//ccRJutt4.s 			page 15


 190 0219 265CA9DA 		.ascii	"&\\\251\332\341\222?\347Y*\033\266\237\323\354Y\206"
 190      E1923FE7 
 190      592A1BB6 
 190      9FD3EC59 
 190      86
 191 022a 768FAF1E 		.ascii	"v\217\257\036iB[\374\004onx\023\344/\231z\355\233\257"
 191      69425BFC 
 191      046F6E78 
 191      13E42F99 
 191      7AED9BAF 
 192 023e 3786FAD7 		.ascii	"7\206\372\327\377\236\264\252-\215\210\377\210K\334"
 192      FF9EB4AA 
 192      2D8D88FF 
 192      884BDC
 193 024d DC13ACD5 		.ascii	"\334\023\254\325e\001\0237\234\360]\0175\341\\\230x"
 193      65011337 
 193      9CF05D0F 
 193      35E15C98 
 193      78
 194 025e 2A2E71B0 		.ascii	"*.q\260\247v\227[\0261\361H{\177y(\331\226\277\216\020"
 194      A776975B 
 194      1631F148 
 194      7B7F7928 
 194      D996BF8E 
 195 0273 4FFF5F49 		.ascii	"O\377_I>E\011:\3609\211O;JA*\240\026gP\013!\334\377"
 195      3E45093A 
 195      F039894F 
 195      3B4A412A 
 195      A0166750 
 196 028b 4BB158DA 		.ascii	"K\261X\332\276\263\216Fkh\270\034\027zfW\377\360\330"
 196      BEB38E46 
 196      6B68B81C 
 196      177A6657 
 196      FFF0D8
 197 029e 1700D7B5 		.ascii	"\027\000\327\265\241\221\221dt2\0162N2\006\031\023\215"
 197      A1919164 
 197      74320E32 
 197      4E320619 
 197      138D
 198 02b0 E9A2919B 		.ascii	"\351\242\221\233L\002\231D2Id\222\311\244\220\031C\346"
 198      4C029944 
 198      32496492 
 198      C9A49019 
 198      43E6
 199 02c2 29028FA5 		.ascii	")\002\217\245\32182\343\311L 3\221\314\323\364\353$"
 199      D13832E3 
 199      C94C2033 
 199      91CCD3F4 
 199      EB24
 200 02d4 1A3D4366 		.ascii	"\032=Cf2\231)dh{\031\317\222\231Jf\032\23142\323\311"
 200      32992964 
 200      687B19CF 
 200      92994A66 
 200      1A993432 
 201 02ea CCE05D3B 		.ascii	"\314\340];SP\225\351\202\352\304\372\261\322Y\202j\365"
 201      535095E9 
 201      82EAC4FA 
ARM GAS  /var/folders/qd/4mxf5pkd0zdf0b9dd1hp39180000gn/T//ccRJutt4.s 			page 16


 201      B1D25982 
 201      6AF5
 202 02fc 08AA3413 		.ascii	"\010\2524\023hs\316f\314\034\306d1\306\313\230\271\202"
 202      6873CE66 
 202      CC1CC664 
 202      31C6CB98 
 202      B982
 203 030e 14990714 		.ascii	"\024\231\007\024g\201 U\262\005\351\361<\320\313d\241"
 203      67812055 
 203      B205E9F1 
 203      3CD0CB64 
 203      A1
 204 031f 208D1609 		.ascii	" \215\026\011R)\207\347Z\314\021\226p\204\245\034a\031"
 204      522987E7 
 204      5ACC1196 
 204      7084A51C 
 204      6119
 205 0331 47CEE5B9 		.ascii	"G\316\345\271\204X\207\013\361B\202\325(*\244\206\203"
 205      8458870B 
 205      F14282D5 
 205      282AA486 
 205      83
 206 0342 D2467103 		.ascii	"\322Fq\003J\037\373\006\317\027Q_\374r\266_f\322\033"
 206      4A1FFB06 
 206      CF17515F 
 206      FC72B65F 
 206      66D21B
 207 0355 B26FFF8E 		.ascii	"\262o\377\216Dz\331\031 \341,65\010k\322x\375b,D\021"
 207      447AD919 
 207      20E12C36 
 207      35086BD2 
 207      78FD622C 
 208 036b ABCFF776 		.ascii	"\253\317\367v`\277T4P\264\326\341\373\215)D3A\203\177"
 208      60BF5434 
 208      50B4D6E1 
 208      FB8D2944 
 208      3341837F 
 209 037f 228D83B7 		.ascii	"\"\215\203\267\331\2409\210CP]\313'>S\305\0068\027\031"
 209      D9A03988 
 209      43505DCB 
 209      273E53C5 
 209      06381719 
 210 0393 BB9562CF 		.ascii	"\273\225b\317Q\261\267\005\352l\232\206\261avL\254,"
 210      51B1B705 
 210      EA6C9A86 
 210      B161764C 
 210      AC2C
 211 03a5 F44727D6 		.ascii	"\364G'\326L\344,E\336\023\330m\343\244J\254\255\272"
 211      4CE42C45 
 211      DE13D86D 
 211      E3A44AAC 
 211      ADBA
 212 03b7 FE71A24A 		.ascii	"\376q\242J\314\001\377\212M\314\213\270\350`\307(\230"
 212      CC01FF8A 
 212      4DCC8BB8 
 212      E860C728 
 212      98
ARM GAS  /var/folders/qd/4mxf5pkd0zdf0b9dd1hp39180000gn/T//ccRJutt4.s 			page 17


 213 03c8 57053B12 		.ascii	"W\005;\022\270l\343t\025\254\177\375\332\373R\0053\340"
 213      B86CE374 
 213      15AC7FFD 
 213      DAFB5205 
 213      33E0
 214 03da B3D86073 		.ascii	"\263\330`s\021\207\240\275}\375{\235\252\312\0248\037"
 214      1187A0BD 
 214      7DFD7B9D 
 214      AACA1438 
 214      1F
 215 03eb 19FB28C5 		.ascii	"\031\373(\305\236K\337\253j'\262\007;\203\214-k\233"
 215      9E4BDFAB 
 215      6A27B207 
 215      3B838C2D 
 215      6B9B
 216 03fd 4E1BC4C0 		.ascii	"N\033\304\300\215\001\237\363F\252\300C\003\3173\354"
 216      8D019FF3 
 216      46AAC043 
 216      03CF33EC 
 217 040d 521034EE 		.ascii	"R\0204\356\240_z\324\2303\234\245\306\\z\206\032\263"
 217      A05F7AD4 
 217      98339CA5 
 217      C65C7A86 
 217      1AB3
 218 041f 86E96ACC 		.ascii	"\206\351j\314\275\232\251\306\2706\374r\206J\365v\340"
 218      BD9AA9C6 
 218      B836FC72 
 218      864AF576 
 218      E0
 219 0430 0D95AB03 		.ascii	"\015\225\253\003]\334\202kP\326\325\334\002\266\027"
 219      5DDC826B 
 219      50D6D5DC 
 219      02B617
 220 043f 93D977EB 		.ascii	"\223\331w\353\360\303$\225\276\200\200\332\325\0030"
 220      F0C32495 
 220      BE8080DA 
 220      D50330
 221 044e C32FE769 		.ascii	"\303/\347i\302/s\\\235\037\235\201\001\230\211KA{\264"
 221      C22F735C 
 221      9D1F9D81 
 221      0198894B 
 221      417BB4
 222 0461 EF0AB67F 		.ascii	"\357\012\266\177\231\313\1774\200\256t\354\240\346\377"
 222      99CB7F34 
 222      80AE74EC 
 222      A0E6FF
 223 0470 805C8B5D 		.ascii	"\200\\\213]\3577\240\207\332\242\275\377\001:\226\270"
 223      EF37A087 
 223      DAA2BDFF 
 223      013A96B8 
 224 0480 3A1B7AD0 		.ascii	":\033z\3203\013\265\325:\031\263\324\365\250\201h\036"
 224      330BB5D5 
 224      3A19B3D4 
 224      F5A88168 
 224      1E
 225 0491 AA58F31F 		.ascii	"\252X\363\037 _\256\253\376\3501\300\342u\261\316\023"
 225      205FAEAB 
ARM GAS  /var/folders/qd/4mxf5pkd0zdf0b9dd1hp39180000gn/T//ccRJutt4.s 			page 18


 225      FEE831C0 
 225      E275B1CE 
 225      13
 226 04a2 5AA1DBBA 		.ascii	"Z\241\333\272\2524zi\370%\376y\"\273``\027:U\027\374"
 226      AA347A69 
 226      F825FE79 
 226      22BB6060 
 226      173A5517 
 227 04b7 BE804B81 		.ascii	"\276\200K\201\014\304E\236\341\006\350\320\245@\275"
 227      0CC4459E 
 227      E106E8D0 
 227      A540BD
 228 04c6 BE0A8702 		.ascii	"\276\012\207\002-\340n\031\2525\364B\372\224\222]\240"
 228      2DE06E19 
 228      AA35F442 
 228      FA94925D 
 228      A0
 229 04d7 407BBADE 		.ascii	"@{\272\336P(3\262\233&v\363\002\244\022\353\006\254"
 229      502833B2 
 229      9B2676F3 
 229      02A412EB 
 229      06AC
 230 04e9 E92BAF91 		.ascii	"\351+\257\221\012\224\215\270p\234v\212\223M\252\236"
 230      0A948DB8 
 230      709C768A 
 230      934DAA9E 
 231 04f9 6EEE9CA3 		.ascii	"n\356\234\243\020\224s[\373\326\235\211\252\305\006"
 231      1094735B 
 231      FBD69D89 
 231      AAC506
 232 0508 5CB4DF95 		.ascii	"\\\264\337\225\025x>\267\214\343:\233\352{.\\KVxW\344"
 232      15783EB7 
 232      8CE33A9B 
 232      EA7B2E5C 
 232      4B567857 
 233 051d 9290FCFE 		.ascii	"\222\220\374\376\375\270\351\324qg\025\374e5^\\\360"
 233      FDB8E9D4 
 233      716715FC 
 233      65355E5C 
 233      F0
 234 052e 3072F9E5 		.ascii	"0r\371\345\363p\211\242\340o\237\035\254?\230\344\335"
 234      F37089A2 
 234      E06F9F1D 
 234      AC3F98E4 
 234      DD
 235 053f 6395ADA6 		.ascii	"c\225\255\246\237\334\320\015U\260\231/4p\031h%\257"
 235      9FDCD00D 
 235      55B0992F 
 235      34701968 
 235      25AF
 236 0551 19F2B5D9 		.ascii	"\031\362\265\331\342\270)9V\265\306\366$\370)\232\233"
 236      E2B82939 
 236      56B5C6F6 
 236      24F8299A 
 236      9B
 237 0562 9C0F7CEF 		.ascii	"\234\017|\357$(g\"\373I\216\246s\353\333X\263\230$\252"
 237      24286722 
ARM GAS  /var/folders/qd/4mxf5pkd0zdf0b9dd1hp39180000gn/T//ccRJutt4.s 			page 19


 237      FB498EA6 
 237      73EBDB58 
 237      B39824AA 
 238 0576 5E13DF92 		.ascii	"^\023\337\222\306\225p\032_\000\356\263D.\330\031Q\360"
 238      C695701A 
 238      5F00EEB3 
 238      442ED819 
 238      51F0
 239 0588 A550C149 		.ascii	"\245P\301I\243\254\360*\207\006\012\375\357\330\012"
 239      A3ACF02A 
 239      87060AFD 
 239      EFD80A
 240 0597 93FFABC2 		.ascii	"\223\377\253\302\024\234\000\375\321\025\216a\377\223"
 240      149C00FD 
 240      D1158E61 
 240      FF93
 241 05a5 55782D9C 		.ascii	"Ux-\234F\220*\034\303\025\032#K\267\3277\330\365\272"
 241      46902A1C 
 241      C3151A23 
 241      4BB7D737 
 241      D8F5BA
 242 05b8 9AEE29C8 		.ascii	"\232\356)\310L\245\015\034\265r\026\242?\274r:h\345"
 242      4CA50D1C 
 242      B57216A2 
 242      3FBC723A 
 242      68E5
 243 05ca 2C54CA7C 		.ascii	",T\312|\2716EA\306\216R\231\353\234\222F)}\031R\346"
 243      B9364541 
 243      C68E5299 
 243      EB9C9246 
 243      297D1952 
 244 05df A1ADC338 		.ascii	"\241\255\3038\025\036\225\011m\225\3618\001\372\225"
 244      151E9509 
 244      6D95F138 
 244      01FA95
 245 05ee 326DB632 		.ascii	"2m\2662\023\330\237\256\224\011\304U\346\327\337\246"
 245      13D89FAE 
 245      9409C455 
 245      E6D7DFA6 
 246 05fe 4C4F388D 		.ascii	"LO8\215\033\244\314\004\265E\267]<\004j\222\211jW\214"
 246      1BA4CC04 
 246      B545B75D 
 246      3C046A92 
 246      896A578C 
 247 0612 9C1A069E 		.ascii	"\234\032\006\236\0327C\233\264\307\326\347i|\367#4Z"
 247      1A37439B 
 247      B4C7D6E7 
 247      697CF723 
 247      345A
 248 0624 B445E80F 		.ascii	"\264E\350\017\213v\222D[\244D\273\021\022m\322(E\273"
 248      8B769244 
 248      5BA444BB 
 248      11126DD2 
 248      2845BB
 249 0637 C5D9F23D 		.ascii	"\305\331\362=\355vH\264\012[\215gTx\024\255\307\026"
 249      ED7648B4 
 249      0A5B8D67 
ARM GAS  /var/folders/qd/4mxf5pkd0zdf0b9dd1hp39180000gn/T//ccRJutt4.s 			page 20


 249      547814AD 
 249      C716
 250 0649 6D324E80 		.ascii	"m2N\200~%Z\300\206Ma\177\306\023\211v'\234\306]\022"
 250      7E255AC0 
 250      864D617F 
 250      C6138976 
 250      279CC65D 
 251 065e 6D8A2AEB 		.ascii	"m\212*\353f\250\254\324Q\226\325\313\361t\212w\217\313"
 251      66A8ACD4 
 251      5196D5CB 
 251      F1748A77 
 251      8FCB
 252 0670 A2A3CA2E 		.ascii	"\242\243\312.\342Y\256,U\025q\330.b*\373g=Q\021}\341"
 252      E259AE2C 
 252      551571D8 
 252      2E622AFB 
 252      673D5111 
 253 0686 49BFA222 		.ascii	"I\277\242\"\246\252\"n\205\212\2306\312\"\3729\236\203"
 253      A6AA226E 
 253      858A9836 
 253      CA22FA39 
 253      9E83
 254 0698 E27D1D5B 		.ascii	"\342}\035[D\032\0271-\272\210\351\354\237\371DE\014"
 254      441A1731 
 254      2DBA88E9 
 254      EC9FF944 
 254      450C
 255 06aa 8427BD4F 		.ascii	"\204'\275OEL\347\215m\332\0072_\015n_|U\035\2319t\220"
 255      454CE78D 
 255      6DDA0732 
 255      5F0D6E5F 
 255      7C551D99 
 256 06c1 66461CF2 		.ascii	"fF\034\362|\334\346\320\011\320\331<\264w\256\215\212"
 256      7CDCE6D0 
 256      09D0D93C 
 256      B477AE8D 
 256      8A
 257 06d2 7CA5EB78 		.ascii	"|\245\353x\260>\0309\002\\\002\377'\033zal\353\266o"
 257      B03E1839 
 257      025C02FF 
 257      271B7A61 
 257      6CEBB66F 
 258 06e6 638B710B 		.ascii	"c\213q\013F\205\345\323}\261}@u\227(\324\022\\s|\333"
 258      4685E5D3 
 258      7DB17D40 
 258      759728D4 
 258      125C737C 
 259 06fb 8ABE0B2D 		.ascii	"\212\276\013-Q\260#\335\371\012\266\024\273\032\015"
 259      51B023DD 
 259      F90AB614 
 259      BB1A0D
 260 070a E33BC452 		.ascii	"\343;\304R\005k}E\241\226\241l\321(\276E,#\324\026\337"
 260      056B7D45 
 260      A196A16C 
 260      D128BE45 
 260      2C23D416 
 261 071f C5EE9F28 		.ascii	"\305\356\237(X\256\332\272\037\226\237\254u\253\003"
ARM GAS  /var/folders/qd/4mxf5pkd0zdf0b9dd1hp39180000gn/T//ccRJutt4.s 			page 21


 261      58AEDABA 
 261      1F969FAC 
 261      75AB03
 262 072e 0DE06124 		.ascii	"\015\340a$\213\357*\271\\\233[]4\357\340\205\347\352"
 262      8BEF2AB9 
 262      5C9B5B5D 
 262      34EFE085 
 262      E7EA
 263 0740 5643DDFF 		.ascii	"VC\335\377\005]E\001\177\300\327\303\274\254,\257\372"
 263      055D4501 
 263      7FC0D7C3 
 263      BCAC2CAF 
 263      FA
 264 0751 2B5CE57D 		.ascii	"+\\\345}5/\337[TX\\\262\312\373\303\037}\177\301|\357"
 264      352FDF5B 
 264      54585CB2 
 264      CAFBC31F 
 264      7D7FC17C 
 265 0766 F2E52F78 		.ascii	"\362\345/x_|\371{/\2756\337[\224\227\377J~\376\212\254"
 265      5F7CF97B 
 265      2FBD36DF 
 265      5B9497FF 
 265      4A7EFE8A 
 266 077b 9F099D10 		.ascii	"\237\011\235\020zA\336\252_\351\005\205+V\312\237\376"
 266      7A41DEAA 
 266      5FE90585 
 266      2B56CA9F 
 266      FE
 267 078c A244CFCB 		.ascii	"\242D\317\313/)v\024\375\246hE\261Q\270\252h\345\312"
 267      2F297614 
 267      FDA66845 
 267      B151B8AA 
 267      68E5CA
 268 079f 15C5CEC2 		.ascii	"\025\305\316\302\222\337\026\255,v\020\244X+\310\326"
 268      92DF16AD 
 268      2C7610A4 
 268      582BC8D6 
 269 07af 0AE66B05 		.ascii	"\012\346k\005\363L\002\022\365?\377o\012\346"
 269      F34C0212 
 269      F53FFF6F 
 269      0AE6
 270              		.text
 271              		.section	.gnu.lto_.symbol_nodes.bfd5a5681f9fc08a,"",%progbits
 272 0000 789C6363 		.ascii	"x\234cc``P\003b\006\246-\214\365\014\014\023\31610\000"
 272      60605003 
 272      6206A62D 
 272      8CF50C0C 
 272      13CE3130 
 273 0015 A95D0D8E 		.ascii	"\251]\015\216@\221\255\214\365\214(\"\014\000\275\327"
 273      4091AD8C 
 273      F58C2822 
 273      0C00BDD7 
 274 0025 094B     		.ascii	"\011K"
 275              		.text
 276              		.section	.gnu.lto_.refs.bfd5a5681f9fc08a,"",%progbits
 277 0000 789C6363 		.ascii	"x\234cc```\004b\006\000\000D\000\010"
 277      60606004 
ARM GAS  /var/folders/qd/4mxf5pkd0zdf0b9dd1hp39180000gn/T//ccRJutt4.s 			page 22


 277      62060000 
 277      440008
 278              		.text
 279              		.section	.gnu.lto_.decls.bfd5a5681f9fc08a,"",%progbits
 280 0000 789CC558 		.ascii	"x\234\305X{PT\327\031\277\347\236\335\205]^\016\232"
 280      7B5054D7 
 280      19BFE79E 
 280      DD855D5E 
 280      0E9A
 281 0012 D6696D9B 		.ascii	"\326im\233\261\214\322i`\0253M2\223f\242\240\321\306"
 281      B18CD269 
 281      6015334D 
 281      329366A2 
 281      A0D1C6
 282 0025 446631D3 		.ascii	"Df1\323&\231v\263\205U\267Av\313.\235d\372GW@A\022\025"
 282      269976B3 
 282      8555B741 
 282      76CB2E9D 
 282      64FA4757 
 283 003d D0A81035 		.ascii	"\320\250\0205 \361\201\"h\004\225\227 \012>py*\312K"
 283      20F18122 
 283      68049597 
 283      200A3E70 
 283      792ACA4B 
 284 0051 1079045F 		.ascii	"\020y\004_ FT|\320\357\234s\227{w\331m\222ig\272\263"
 284      2046547C 
 284      D0EF9C73 
 284      977B77D9 
 284      6D926967 
 285 0067 DF3DF73B 		.ascii	"\337=\367;\367w\277\357w\276\363\335\363\235{\025\034"
 285      F777BFEF 
 285      77BEF3DD 
 285      F39D7B15 
 285      1C
 286 0078 C7B5FF94 		.ascii	"\307\265\377\224\343\376\2119\356O\210\343\306\341\007"
 286      E3FE8939 
 286      EE4F88E3 
 286      C6E107
 287 0087 A7DC2910 		.ascii	"\247\334)\020\031\310m\220\331\320\377\033\220\227@"
 287      19C86D90 
 287      D9D0FF1B 
 287      909740
 288 0096 C88F0799 		.ascii	"\310\217\007\231\007\347\257\011\272\364\267\022.\372"
 288      07E7AF09 
 288      BAF4B712 
 288      2EFA
 289 00a4 41FB1188 		.ascii	"A\373\021\210?\3104\273\015\220?\003\376C\220a8\327"
 289      3FC834BB 
 289      0D903F03 
 289      FE439061 
 289      38D7
 290 00b6 427B8BE0 		.ascii	"B{\213\340\240\015\000\371\013\210\016\344\327\210\335"
 290      A00D00F9 
 290      0B880EE4 
 290      D788DD
 291 00c5 F336B4FD 		.ascii	"\3636\264\375\320\266\020\033p\336\010\355\257\240m"
 291      D0B6101B 
ARM GAS  /var/folders/qd/4mxf5pkd0zdf0b9dd1hp39180000gn/T//ccRJutt4.s 			page 23


 291      70DE08ED 
 291      AFA06D
 292 00d4 86F667D0 		.ascii	"\206\366g\320\326C\373\002\264\227\241\3759\264u\320"
 292      D643FB02 
 292      B497A1FD 
 292      39B475D0 
 293 00e4 FE12DA26 		.ascii	"\376\022\332&h\177\001\355uh\007@n\200\364J8\257p\301"
 293      687F01ED 
 293      75680740 
 293      6E80F44A 
 293      38AF70C1 
 294 00f8 D90C17BD 		.ascii	"\331\014\027\275\2348K\307\\-\360\377\200c\374\010\177"
 294      9C384BC7 
 294      5C2DF0FF 
 294      8063FC08 
 294      7F
 295 0109 85E097F8 		.ascii	"\205\340\227\370$\374\0107\302\213\370&.\\\305f\013"
 295      24FC0837 
 295      C28BF826 
 295      2E5CC566 
 295      0B
 296 011a 468D8987 		.ascii	"F\215\211\207w\340\3170\362W!\031\250\367l\2317|A\235"
 296      77E0CF30 
 296      F2572119 
 296      A8F76C99 
 296      377C419D 
 297 012e A6422F82 		.ascii	"\246B/\202:>\330\232\243dW\207\011\372D\371\235\020"
 297      3A3ED89A 
 297      A3645787 
 297      09FA44F9 
 297      9D10
 298 0140 A6CE00AD 		.ascii	"\246\316\000\255\244\363^\245\027\003w#\320\233\373"
 298      A4F35EA5 
 298      17037723 
 298      D09BFB
 299 014f B313BDD9 		.ascii	"\263\023\275\331\345\006\202\336\270\351\350\021\025"
 299      E50682DE 
 299      B8E9E811 
 299      15
 300 015c E61139BF 		.ascii	"\346\0219\277\233\330\327\355\305\256M\007\265i\370"
 300      9BD8D7ED 
 300      C5AE4D07 
 300      B569F8
 301 016b E24E419D 		.ascii	"\342NA\235\002j\307\372u\273\024XI\221\235\347r\017"
 301      026AC7FA 
 301      75BB1458 
 301      49919DE7 
 301      720F
 302 017d 1246B355 		.ascii	"\022F\263U\210\314\275\037t\025\334.~\354\303\272\010"
 302      88CCBD1F 
 302      7415DC2E 
 302      7EECC3BA 
 302      08
 303 018e E272EDCE 		.ascii	"\342r\355\3166\025\366\245\347\015\025\303\225^\301"
 303      3615F6A5 
 303      E70D15C3 
 303      955EC1
ARM GAS  /var/folders/qd/4mxf5pkd0zdf0b9dd1hp39180000gn/T//ccRJutt4.s 			page 24


 304 019d 7956F6F3 		.ascii	"yV\366\363\374\027\207*\020\266\017\256i\323\310\327"
 304      FC17872A 
 304      10B60FAE 
 304      69D3C8D7 
 305 01ad 1E783101 		.ascii	"\036x1\001\362]\255O:|\221*0\331j\215\267f%X\225\213"
 305      F25DAD4F 
 305      3A7C912A 
 305      30D96A8D 
 305      B7662558 
 306 01c3 39548866 		.ascii	"9T\210f\240\243h\006\207N\243@b\274\022\005s\350$t\226"
 306      A0A36806 
 306      874EA340 
 306      62BC1205 
 306      73E82474 
 307 01d8 43E75E62 		.ascii	"C\347^b\260\262+\363\215\214\021\253\365ET\205T\350"
 307      B0B22BF3 
 307      8D8C11AB 
 307      F5455485 
 307      54E8
 308 01ea 14C21403 		.ascii	"\024\302\024\003\021\235\255b.r\277N\333\255\300\003"
 308      119DAD62 
 308      2E72BF4E 
 308      DBADC003 
 309 01fa 88FA28FD 		.ascii	"\210\372(\375\262\257\232w\347\243\306\255\217\263'"
 309      B2AF9A77 
 309      E7A3C6AD 
 309      8FB327
 310 0209 67D6ACB5 		.ascii	"g\326\254\265ZyT\015>\316\210>\300%s\322S\322\261\206"
 310      5A79540D 
 310      3ECE883E 
 310      C02573D2 
 310      53D2B186 
 311 021d C78F5924 		.ascii	"\307\217Y$3K\277\273 g\241\363\004uhs\265\215\307\317"
 311      334BBFBB 
 311      2067A1F3 
 311      04756873 
 311      B58DC7CF 
 312 0231 D8B5FEAB 		.ascii	"\330\265\376\253\011\031\012\234\200\251\222\372\254"
 312      09190A9C 
 312      80A992FA 
 312      AC
 313 023e D5AA2091 		.ascii	"\325\252 \221$\312\206\241G\3312\234\316\224\326\204"
 313      24CA86A1 
 313      47D9329C 
 313      CE94D684 
 314 024e 872D3E78 		.ascii	"\207->x;U\224\361WGO\313Q@\300\324\200\200\200\300\200"
 314      3B5594F1 
 314      57474FCB 
 314      5140C0D4 
 314      808080C0 
 315 0263 80DD847B 		.ascii	"\200\335\204{\345\320\255\327\213G\276\265Z\323\275"
 315      E5D0ADD7 
 315      8B47BEB5 
 315      5AD3BD
 316 0272 29291B90 		.ascii	"))\033\220j@S\305\301\224\300\201Cs\341\300\261\033"
 316      6A4053C5 
 316      C194C081 
ARM GAS  /var/folders/qd/4mxf5pkd0zdf0b9dd1hp39180000gn/T//ccRJutt4.s 			page 25


 316      4373E1C0 
 316      B11B
 317 0284 DA5ECBB4 		.ascii	"\332^\313\264V&b\212>\353\214.\025\321id\304\251 H\306"
 317      5626628A 
 317      3EEB8C2E 
 317      15D16964 
 317      C4A92048 
 318 0299 A1E30038 		.ascii	"\241\343\0008F\257\0218\214\032]\202 5\241\000\324\002"
 318      46AF1138 
 318      8C1A5D82 
 318      2035A100 
 318      D402
 319 02ab D208D20C 		.ascii	"\322\010\322\014R\017r\031\244\016\005\320\211e\016"
 319      520F7219 
 319      A40E05D0 
 319      89650E
 320 02ba C75E151D 		.ascii	"\307^\025\035^pvxn\022=\011\372\2423Z\355\004\276 \031"
 320      5E707678 
 320      6E123D09 
 320      FAA2335A 
 320      ED04BE20 
 321 02cf CB79D7A6 		.ascii	"\313y\327\246\013\311Q\230\276\272\023\376k`<\004\306"
 321      0BC95198 
 321      BEBA13FE 
 321      6B603C04 
 321      C6
 322 02e0 095327D2 		.ascii	"\011S'\322\274[\354\237\223`=7\207\032+s\035\030f\214"
 322      BC5BEC9F 
 322      93603D37 
 322      871A2B73 
 322      1D18668C 
 323 02f4 E16F4A88 		.ascii	"\341oJ\210\326\272$\312\3200\213\025\317\023\033\024"
 323      D6BA24CA 
 323      D0308B15 
 323      CF131B14 
 324 0304 B89ECE22 		.ascii	"\270\236\316\"\177\240\254\343\226\034M\015t\031_\324"
 324      7FA0ACE3 
 324      961C4D0D 
 324      74195FD4 
 325 0314 0A61FD31 		.ascii	"\012a\3751!f\003\253)Q\300#\205\256\302\215W\304\254"
 325      216603AB 
 325      2951C023 
 325      85AEC28D 
 325      57C4AC
 326 0327 24C3A4FE 		.ascii	"$\303\244\376\367\367\357\330(<\356\257\202Zd;qM\216"
 326      F7F7EFD8 
 326      283CEEAF 
 326      825A643B 
 326      714D8E
 327 033a 7B588675 		.ascii	"{X\206u\214\264$y\341A\246\024<\335\262O\201\207\231"
 327      8CB42479 
 327      E141A614 
 327      3CDDB24F 
 327      818799
 328 034d 92D87BB7 		.ascii	"\222\330{\267Nx\362?'\213\306\223\341c\227\374\204E"
 328      4E78F23F 
 328      278BC693 
ARM GAS  /var/folders/qd/4mxf5pkd0zdf0b9dd1hp39180000gn/T//ccRJutt4.s 			page 26


 328      E16397FC 
 328      8445
 329 035f 84E473F3 		.ascii	"\204\344s\363\303\206$\025~H\301\036wz\266e@nN\265g"
 329      C3862415 
 329      7E48C11E 
 329      777AB665 
 329      406E4EB5 
 330 0374 262155E6 		.ascii	"&!U\346\277\331J\002Jhu\000\255\036h'\006Z\"\011\250"
 330      BFD94A02 
 330      4A687500 
 330      AD1E6827 
 330      065A2209 
 331 0389 4328BA00 		.ascii	"C(\272\000q\215^\354\021\342\320\007q\350\2071_\007"
 331      718D5EEC 
 331      11E2D007 
 331      71E88731 
 331      5F07
 332 039b 1900B901 		.ascii	"\031\000\271\001\322+\246\030\270\252\372\375\032:\027"
 332      D22BA618 
 332      B8AAFAFD 
 332      1A3A17
 333 03aa C453B1B3 		.ascii	"\304S\261\263\247\023\216SG\340o\210\360ngx\221\230"
 333      A7138E53 
 333      47E06F88 
 333      F06E6778 
 333      9198
 334 03bc 9142D694 		.ascii	"\221B\326\224\262\254\351\231\2245p\261\277T2\310Ng"
 334      B2ACE999 
 334      943570B1 
 334      BF5432C8 
 334      4E67
 335 03ce 5B0EF90A 		.ascii	"[\016\371\012\350\236\327E\307\355\316\3406\3211D\367"
 335      E89ED745 
 335      C7EDCEE0 
 335      36D13144 
 335      F7
 336 03df D4E3DB6B 		.ascii	"\324\343\333k\375\360s\2263\365{2/\360(p*#4ZAg\373&"
 336      FDF07396 
 336      33F57B32 
 336      2FF02870 
 336      2A23345A 
 337 03f7 DCFCAD38 		.ascii	"\334\374\2558\333=t\266]\206\022\015B\004\177H4\301"
 337      DB3D74B6 
 337      5D86120D 
 337      42047F48 
 337      34C1
 338 0409 6FB9AD28 		.ascii	"o\271\255(Q1U0\223\354\326\014\367\237l\254=\326x\331"
 338      51315530 
 338      93ECD60C 
 338      F79F6CAC 
 338      3DD678D9 
 339 041d D73B6562 		.ascii	"\327;ebmE\267$\317\006\207n#o\002$-\200\277\274\337"
 339      6D45B724 
 339      CF06876E 
 339      236F0224 
 339      2D80BFBC 
 340 0432 392854AE 		.ascii	"9(T\256@I]\363gu\355Qvo:\217\223e4#\2677\035Y\250\202"
ARM GAS  /var/folders/qd/4mxf5pkd0zdf0b9dd1hp39180000gn/T//ccRJutt4.s 			page 27


 340      40495DF3 
 340      6775ED51 
 340      766F3A8F 
 340      93653423 
 341 044c 253BE107 		.ascii	"%;\341\007-\331p\303\341\361-\335>x\003\273\373\320"
 341      2DD970C3 
 341      E1F12DDD 
 341      3E7803BB 
 341      FBD0
 342 045e A3AE6372 		.ascii	"\243\256cr\234\316\224\015[\252\252dx\033Sr2\322\222"
 342      9CCE940D 
 342      5BAAAA64 
 342      781B5372 
 342      32D292
 343 0471 E4780753 		.ascii	"\344x\007Sr\323S\017\253\360.\246\330\253\3374V\375"
 343      72D3530F 
 343      ABF02EA6 
 343      D8ABDF34 
 343      56FD
 344 0483 AAC71F56 		.ascii	"\252\307\037V\3721r<\341s\340\312\230\022g1\350\236"
 344      FA31723C 
 344      E173E0CA 
 344      98126731 
 344      E89E
 345 0495 B127C364 		.ascii	"\261'\303d\015\237E\252!\226\324\302Y\254\026V\324\236"
 345      0D9F45AA 
 345      2196D4C2 
 345      59AC1656 
 345      D49E
 346 04a7 DFEB8DF7 		.ascii	"\337\353\215\367R0\237\237\371\364\251\237\275\376\244"
 346      52309F9F 
 346      F9F4A99F 
 346      BDFEA4
 347 04b6 2658E581 		.ascii	"&X\345\201\034\032\005\336\017\311`\236\301`f\011\203"
 347      1C1A05DE 
 347      0FC9609E 
 347      C1606609 
 347      83
 348 04c7 1983CEC7 		.ascii	"\031\203\316\307\222\0327k[\022\251?Oa\321y\"\316\375"
 348      921A376B 
 348      5B12A93F 
 348      4F61D179 
 348      22CEFD
 349 04da 2CA1FC9C 		.ascii	",\241\374\234Lk\357W\341#\314G|\303\027\367\335\372"
 349      4C6BEF57 
 349      E123CC47 
 349      7CC317F7 
 349      DDFA
 350 04ec B0F2EE7C 		.ascii	"\260\362\356|\234=\031r\206\326\270q\360\361\\\364\361"
 350      9C3D1972 
 350      86D6B871 
 350      F0F15CF4 
 350      F1
 351 04fd D45EE3E2 		.ascii	"\324^\343\342\037\355.\363\304%\324\211lt\177Q\213/"
 351      1FED2EF3 
 351      C425D489 
 351      6C747F51 
ARM GAS  /var/folders/qd/4mxf5pkd0zdf0b9dd1hp39180000gn/T//ccRJutt4.s 			page 28


 351      8B2F
 352 050f 228FBD98 		.ascii	"\"\217\275\230y<'\231\354x\236\245\335Zp\230\300\007"
 352      793C2799 
 352      EC789EA5 
 352      DD5A7098 
 352      C007
 353 0521 A0445E5A 		.ascii	"\240D^Z\033\206n\315\311\037\351\265ZS\274\251;\250"
 353      1B866ECD 
 353      C91FE9B5 
 353      5A53BCA9 
 353      3BA8
 354 0533 9DF48609 		.ascii	"\235\364\206\011\232\316\013\376\315\340\014ke<\246"
 354      9ACE0BFE 
 354      CDE00C6B 
 354      653CA6
 355 0542 E047C815 		.ascii	"\340G\310\025xT\262\336_\313W\221\007\005@\322\007\027"
 355      7854B2DE 
 355      5FCB5791 
 355      070540D2 
 355      0717
 356 0554 589FADBA 		.ascii	"X\237\255\272U\250\202J:-\220\231m\311\227\254\375\337"
 356      55A8824A 
 356      3A2D9099 
 356      6DC997AC 
 356      FDDF
 357 0566 81DD647E 		.ascii	"\201\335d~\232\233\252C\236\277|\3375\224\005\361\376"
 357      9A9BAA43 
 357      9EBF7CDF 
 357      359405F1 
 357      FE
 358 0577 C03D3A9D 		.ascii	"\300=:\235\240!S\351C$F\204\240ID\326CD\326AD\222x\351"
 358      A02153E9 
 358      43244684 
 358      A04944D6 
 358      4344D641 
 359 058f 525E973F 		.ascii	"R^\227?\235\2566\200r$\215l%\351\205\312i`t\215{\243"
 359      9DAE3680 
 359      72248D6C 
 359      25E985CA 
 359      6960748D 
 360 05a5 9C8345B2 		.ascii	"\234\203E\262\210\237\276\\\344\215O\262\024\355\253"
 360      889FBE5C 
 360      E48D4FB2 
 360      14EDAB
 361 05b4 2D88F7C4 		.ascii	"-\210\367\304UL\331e\313\257\225\343\032\246\224\036"
 361      554CD965 
 361      CBAF95E3 
 361      1AA6941E 
 362 05c4 CC6FE2F1 		.ascii	"\314o\342\361E\246\344\025\017\177\206\360%\246\334"
 362      45A6E415 
 362      0F7F86F0 
 362      25A6DC
 363 05d3 4B2AB0E0 		.ascii	"K*\260\340vv\236\2703\265\236g\351\377\022\250[\327"
 363      76769EB8 
 363      33B59E67 
 363      E9FF12A8 
 363      5BD7
ARM GAS  /var/folders/qd/4mxf5pkd0zdf0b9dd1hp39180000gn/T//ccRJutt4.s 			page 29


 364 05e5 EFE89609 		.ascii	"\357\350\226\011\005\201<\016\337\264\354/\365\304\327"
 364      05813C0E 
 364      DFB4EC2F 
 364      F5C4D7
 365 05f4 29D6E7B1 		.ascii	")\326\347\261\255\367\226\237\260Y\241E\201\224\205"
 365      ADF7969F 
 365      B059A145 
 365      819485
 366 0603 C4045831 		.ascii	"\304\004X1\017\011\261\036\206Xo\202\011\337\312\273"
 366      0F09B11E 
 366      86586F82 
 366      09DFCABB 
 367 0613 2E9C0C5E 		.ascii	".\234\014^\025\314\312,A\177\346\214.uWD\322\371\031"
 367      15CCCA2C 
 367      417FE68C 
 367      2E755744 
 367      D2F919
 368 0626 288D2717 		.ascii	"(\215'\027\267\012\371\267\003\242\275\023b\263\005"
 368      B70AF9B7 
 368      03A2BD13 
 368      62B305
 369 0635 E42B904C 		.ascii	"\344+\220L\220\355 _\200d\201d\200|\011\262\013d\333"
 369      90ED205F 
 369      80648164 
 369      807C09B2 
 369      0B64DB
 370 0648 448E1206 		.ascii	"D\216\022\006mj\221\301fg\006w\244\373\027\202\036\013"
 370      6D6A91C1 
 370      66670677 
 370      A4FB1782 
 370      1E0B
 371 065a 12D19FBB 		.ascii	"\022\321\237\273\346+AWIl\217 '\264\264D2\370\210\304"
 371      E62B4157 
 371      496C8F20 
 371      27B4B444 
 371      32F888C4 
 372 066e F80667E3 		.ascii	"\370\006g\343\347&\301/H\254\337s\266~wR\235;\304\352"
 372      E726C12F 
 372      48ACDF73 
 372      B67E7752 
 372      9D3BC4EA 
 373 0682 DC56DEA9 		.ascii	"\334V\336\251\316\021S\327\244\263\226\352r\326$\303"
 373      CE1153D7 
 373      A4B396EA 
 373      72D624C3 
 374 0692 6A92381E 		.ascii	"j\2228\036r\355X\312\363\246dX\033]\017\313n\034\036"
 374      72ED58CA 
 374      F3A66458 
 374      1B5D0FCB 
 374      6E1C1E
 375 06a5 BCE7F92A 		.ascii	"\274\347\371*\006O\201\234\277\357:h\366*Zi{T(\307}"
 375      064F819C 
 375      BFEF3A68 
 375      F62A5A69 
 375      7B5428C7 
 376 06ba 6C412C2F 		.ascii	"lA,/Kxy\242\210\366\027\320\"\232\003\367f\363\023\213"
 376      4B7879A2 
ARM GAS  /var/folders/qd/4mxf5pkd0zdf0b9dd1hp39180000gn/T//ccRJutt4.s 			page 30


 376      88F617D0 
 376      229A03F7 
 376      66F3138B 
 377 06ce 1C19BB9B 		.ascii	"\034\031\273\233TB\273!\203\376\233l\002:\373.>\351"
 377      5442BB21 
 377      83FE9B6C 
 377      023AFB2E 
 377      3EE9
 378 06e0 55490B63 		.ascii	"UI\013c\016/-\214_\363\336\002\021\300\036_\277}\300"
 378      0E2F2D8C 
 378      5FF3DE02 
 378      11C01E5F 
 378      BF7DC0
 379 06f3 078F30EA 		.ascii	"\007\2170\352\231gwe)Q\240\267\260\256\325N!\013\000"
 379      99677765 
 379      2951A0B7 
 379      B0AED54E 
 379      210B00
 380 0706 DA07F83D 		.ascii	"\332\007\370=\"y\270\035\0327\326\321^\240,: \367\222"
 380      2279B81D 
 380      1A37D6D1 
 380      5EA02C3A 
 380      20F792
 381 0719 27FACC68 		.ascii	"'\372\314h\232\017~\306\234\364?N,\364r\367Rt\200w\367"
 381      9A0F7EC6 
 381      9CF43F4E 
 381      2CF472F7 
 381      52748077 
 382 072e 52347A7E 		.ascii	"R4z~Z<a\223\313\253\320~\221M5\255\027\244\027\374\034"
 382      5A3C6193 
 382      CBABD07E 
 382      914D35AD 
 382      17A417FC 
 383 0743 B0E53E95 		.ascii	"\260\345>\225\341\0249\3653zf \307\323\235\237Cn\375"
 383      E11439F5 
 383      337A6620 
 383      C7D39D9F 
 383      436EFD
 384 0756 B4FD814C 		.ascii	"\264\375\201LX\036x98\311K\036\365R\\\265\256\321\247"
 384      581E7839 
 384      38C94B1E 
 384      F5525CB5 
 384      AED1A7
 385 0769 0BB661F0 		.ascii	"\013\266a\360V\216\246\320\240#\304\216\320\022\241"
 385      568EA6D0 
 385      A023C48E 
 385      D012A1
 386 0778 FAB8FD87 		.ascii	"\372\270\375\207X?\364\362\254\021\240D\261\337\"\234"
 386      583FF4F2 
 386      AC11A044 
 386      B1DF229C 
 387 0788 C391176C 		.ascii	"\303\221\027l\360v\273\364/\030@R\253\354:sg\377qv\363"
 387      F076BBF4 
 387      2F184052 
 387      ABEC3A73 
 387      67FF7176 
 388 079d 8C96FD3E 		.ascii	"\214\226\375>\216\231tt&\271\311\201+7qy\202\2468H$"
ARM GAS  /var/folders/qd/4mxf5pkd0zdf0b9dd1hp39180000gn/T//ccRJutt4.s 			page 31


 388      8E997474 
 388      26B9C981 
 388      2B377179 
 388      82A63848 
 389 07b2 E4584976 		.ascii	"\344XIv\376\200\254\0336l\034\267\210\343R=W\323\336"
 389      FE80AC1B 
 389      366C1CB7 
 389      88E3523D 
 389      57D3DE
 390 07c5 0379197D 		.ascii	"\003y\031}J\274\231N\000*o"
 390      4ABC994E 
 390      002A6F
 391 07d0 CB2B90C9 		.ascii	"\313+\220\311x\266\005C12\322\327\262ih\020O\337J3?"
 391      78B60543 
 391      3132D2D7 
 391      B2696810 
 391      4FDF4A33 
 392 07e5 C13A8547 		.ascii	"\301:\205G\037\375d\242\262r\350\033~:\034\217\3602"
 392      1FFD64A2 
 392      B272E81B 
 392      7E3A1C8F 
 392      F032
 393 07f7 E663436A 		.ascii	"\346cCjN\265\327\314,kV\267\265\262>\017\227\235\036"
 393      4EB5D7CC 
 393      2C6B56B7 
 393      B5B23E0F 
 393      979D1E
 394 080a B45A5532 		.ascii	"\264ZU2\202B\207\305\271\201S8\026\360\335\010\345\363"
 394      824287C5 
 394      B9815338 
 394      16F0DD08 
 394      E5F3
 395 081c 5DC0F628 		.ascii	"]\300\366(?\023n\276\263'a\263\037nfT\216\237\253HV"
 395      3F136EBE 
 395      B32761B3 
 395      1F6E6654 
 395      8E9FAB48 
 396 0831 512A6462 		.ascii	"Q*db\031\225\361\214\2159\012\332GR\252\210\247\235"
 396      1995F18C 
 396      8D390ADA 
 396      4752AA88 
 396      A79D
 397 0843 B57D35B5 		.ascii	"\265}5\265J\332I\262\376\030\353\274t\340\2737\334r"
 397      4ADA49B2 
 397      FE18EBBC 
 397      74E0BB37 
 397      DC72
 398 0855 3E41391F 		.ascii	">A9\037\267s\356\355\336dS\012\234\333~\013+\010$-\354"
 398      B773EEED 
 398      DE64530A 
 398      9CDB7E0B 
 398      2B08242D 
 399 086a 7200850A 		.ascii	"r\000\205\012E\316\205\316\234\213)\347\322\343e5\302"
 399      45CE85CE 
 399      9C8B29E7 
 399      D2E36535 
 399      C2
ARM GAS  /var/folders/qd/4mxf5pkd0zdf0b9dd1hp39180000gn/T//ccRJutt4.s 			page 32


 400 087b ABFC1CB2 		.ascii	"\253\374\034\262+\335\276v\037\302\203l\010\265-\331"
 400      2BDDBE76 
 400      1FC2836C 
 400      08B52DD9 
 401 088b F9723CC4 		.ascii	"\371r<\304\024\333\300\221&\017\374\200)\333\212{\206"
 401      14DBC091 
 401      260FFC80 
 401      29DB8A7B 
 401      86
 402 089c 7DF133A6 		.ascii	"}\3613\246\244\235~p\337\013\257Q0\330\372\364/x\274"
 402      A49D7E70 
 402      DF0BAF51 
 402      30D8FAF4 
 402      2F78BC
 403 08af 8E29F71A 		.ascii	"\216)\367\032N\247(\361F\246\244\234j]\247\304[\231"
 403      4EA728F1 
 403      46A6A49C 
 403      6A5DA7C4 
 403      5B99
 404 08c1 92FD6D31 		.ascii	"\222\375m1\204j'S\312\332\213\324x/;\317-\336p]\216"
 404      846A2753 
 404      CADA8BD4 
 404      782F3BCF 
 404      2DDE705D 
 405 08d6 0B9872E3 		.ascii	"\013\230r\343x\342\250\014\037eJCIw\237/>\301\224\221"
 405      78E2A80C 
 405      1F654A43 
 405      49779F2F 
 405      3EC19491 
 406 08ea 9C82AF10 		.ascii	"\234\202\257\020\253\320\225dKz\251\370r\262\027.\245"
 406      ABD09564 
 406      4B7AA9F8 
 406      72B2172E 
 406      A5
 407 08fb 17A7DCE9 		.ascii	"\027\247\334\351<Z\353\001\025Z(\321\001\366\257\012"
 407      3C5AEB01 
 407      155A28D1 
 407      01F6AF0A 
 408 090b 64451EAF 		.ascii	"dE\036\257\307\007\016\246l\260fU!\272*WB\204l\377\271"
 408      C7070EA6 
 408      6CB06655 
 408      21BA2A57 
 408      42846CFF 
 409 0920 36557D20 		.ascii	"6U} .\342U\316\360\322I\3601\011\274t\222u\336\365g"
 409      2EE255CE 
 409      F0D249F0 
 409      3109BC74 
 409      9275DEF5 
 410 0935 8873B016 		.ascii	"\210s\260\026\263\327$\233\260\020_\201\345\242\001"
 410      B3D7249B 
 410      B0105F81 
 410      E5A201
 411 0944 16D97A90 		.ascii	"\026\331z\220V\220F\220\313 \265 M \027@.\201\264\200"
 411      56904690 
 411      CB20B520 
 411      4D201740 
 411      2E81B480 
ARM GAS  /var/folders/qd/4mxf5pkd0zdf0b9dd1hp39180000gn/T//ccRJutt4.s 			page 33


 412 0958 5C05A903 		.ascii	"\\\005\251\003\271\010\322\354P\342G$d\312\234\311\334"
 412      B908D2EC 
 412      50E24724 
 412      64CA9CC9 
 412      DC
 413 0969 99C4BDE7 		.ascii	"\231\304\275\347}\021^\343\014\237\264\203i\223\240"
 413      7D115EE3 
 413      0C9FB483 
 413      6993A0
 414 0978 CFBA444B 		.ascii	"\317\272DK*\347\210\004|\306\031\354\242\302K\210\237"
 414      2AE78804 
 414      7CC619EC 
 414      A2C24B88 
 414      9F
 415 0989 723D47D2 		.ascii	"r=G\322\335\306\207\"\372\274\353\230;\020\227\030\257"
 415      DDC68722 
 415      FABCEB98 
 415      3B109718 
 415      AF
 416 099a 7086DF75 		.ascii	"p\206\337u6>&a~\332\365\374K\320=\022\333']\333v\370"
 416      363E2661 
 416      7EDAF5FC 
 416      4BD03D12 
 416      DB275DDB 
 417 09b0 72D3CAF6 		.ascii	"r\323\312\366&6W{\223\273m\376\273'\366&\345\256\247"
 417      2636577B 
 417      93BB6DFE 
 417      BB27F626 
 417      E5AEA7
 418 09c3 4FE2FAA6 		.ascii	"O\342\372\246\204h\265\353\020\333\267\017\017\362\362"
 418      8468B5EB 
 418      10DBB70F 
 418      0FF2F2
 419 09d2 3ABDF000 		.ascii	":\275\360\000}^\370-\315\275\001\316\337m\354\011\211"
 419      7D5EF82D 
 419      CDBD01CE 
 419      DF6DEC09 
 419      89
 420 09e3 3A200FFF 		.ascii	": \017\377W9)\014\271]F\352];\030m\023\327'\033/|\323"
 420      5739290C 
 420      B95D46EA 
 420      5D3B186D 
 420      13D7271B 
 421 09fa E97DF6BC 		.ascii	"\351}\366\274\333K\272\225hw\330Jt\362\354\035\273\223"
 421      DB4BBA95 
 421      6877D84A 
 421      74F2EC1D 
 421      BB93
 422 0a0c 96F99C13 		.ascii	"\226\371\234\023O\263\274\034_\352]}q\342\276\367s\023"
 422      4FB3BC1C 
 422      5FEA5D7D 
 422      71E2BEF7 
 422      7313
 423 0a1e 79CF3D3F 		.ascii	"y\317=?\324\210\245\216\25798\356\022\034wQ\307\227"
 423      D488A58E 
 423      AF3938EE 
 423      121C7751 
ARM GAS  /var/folders/qd/4mxf5pkd0zdf0b9dd1hp39180000gn/T//ccRJutt4.s 			page 34


 423      C797
 424 0a30 06E2CF2B 		.ascii	"\006\342\317+];\346~\270Wx\275\230J\2767\227\027\257"
 424      5D3BE67E 
 424      B85778BD 
 424      984ABE37 
 424      9717AF
 425 0a43 F35509BB 		.ascii	"\363U\011\273\206\344\357}\377G\327\351\246 e\335\320"
 425      86E4EF7D 
 425      FF47D7E9 
 425      A62065DD 
 425      D0
 426 0a54 158CEFB3 		.ascii	"\025\214\357\263\0051\277\253l\324\217V\021\340'\224"
 426      0531BFAB 
 426      6CD48F56 
 426      11E02794 
 427 0a64 9B8AEC8E 		.ascii	"\233\212\354\216\343>\264\217l\217n\260\312RWU~\314"
 427      E33EB48F 
 427      6C8F6EB0 
 427      CA525755 
 427      7ECC
 428 0a76 D76D69E9 		.ascii	"\327mi\351\243\245\245\327^Z\222sw\365\310\240\264T"
 428      A3A5A5D7 
 428      5E5A9273 
 428      77F5C8A0 
 428      B454
 429 0a88 B272B83E 		.ascii	"\262r\270>'\011V\3165\3267\337$@\324#\316^\217su\351"
 429      270956CE 
 429      35D637DF 
 429      2440D423 
 429      CE5E8F73 
 430 0a9e E767728A 		.ascii	"\347gr\212\360\2600\235E'\323\255\210\215\236\023\034"
 430      F0B0309D 
 430      4527D3AD 
 430      888D9E13 
 430      1C
 431 0aaf AC667FA3 		.ascii	"\254f\177\243Y\275J\027\2556\031c-fu\304\362w\346\205"
 431      59BD4A17 
 431      AD361963 
 431      2D6675C4 
 431      F277E685 
 432 0ac3 A8972E0D 		.ascii	"\250\227.\015S\277\025\276d\331?B\324&]\2646::*8\322"
 432      53BF15BE 
 432      64D93F42 
 432      D4265DB4 
 432      363A3A2A 
 433 0ad9 F3AD77DF 		.ascii	"\363\255w\337{1t\356\\N\245\325\306\031b,\363B\264\226"
 433      7B3174EE 
 433      5C4EA5D5 
 433      C619622C 
 433      F342B496 
 434 0aed 74A49E6F 		.ascii	"t\244\236o2E\033\"u\026\2031\306\254^\030\031m0\231"
 434      32451B22 
 434      75168331 
 434      C6AC5E18 
 434      196D3099 
 435 0b01 F55A7D90 		.ascii	"\365Z}\220).\362\343\220`\235\311\244\0165\306X\364"
 435      292EF2E3 
ARM GAS  /var/folders/qd/4mxf5pkd0zdf0b9dd1hp39180000gn/T//ccRJutt4.s 			page 35


 435      90609DC9 
 435      A40E35C6 
 435      58F4
 436 0b13 31964917 		.ascii	"1\226I\027\325\313\215\306h\263zedd\220.vuP\2141F\037"
 436      D5CB8DC6 
 436      68B37A65 
 436      6464902E 
 436      7675508C 
 437 0b2a A4D7FDD5 		.ascii	"\244\327\375\325\020\364JP\310\234\271\257\004\375\375"
 437      10F44A50 
 437      C89CB9AF 
 437      04FDFD
 438 0b39 E5A0D5BA 		.ascii	"\345\240\325\272\277\031c\325\016W\325\206\230\310\350"
 438      BF1963D5 
 438      0E57D586 
 438      98C8E8
 439 0b48 B828BD7A 		.ascii	"\270(\275z\265.r\225!F\257\326F\351W\350\342\242-Z\313"
 439      B52E7295 
 439      2146AFD6 
 439      46E957E8 
 439      E2A22D5A 
 440 0b5d A726BD39 		.ascii	"\247&\2759x\025\347i'\227\364\377#g\376\324\254\326"
 440      7815E769 
 440      2797F4FF 
 440      2367FED4 
 440      ACD6
 441 0b6f 9A2D51C0 		.ascii	"\232-Q\300\004\030acT\254\334\024g\212\212\3650\232"
 441      04186163 
 441      54ACDC14 
 441      678A8AF5 
 441      309A
 442 0b81 4D7A7D54 		.ascii	"Mz}T\254\302H\330\306\312W\033\243\364\261d:V\315\375"
 442      ACC248D8 
 442      C6CA571B 
 442      A3F4B164 
 442      3A56CDFD 
 443 0b95 91D3B18A 		.ascii	"\221\323\261\212\3637[V\3030W\232\014F\255Yo\2113i-"
 443      F3375B56 
 443      C330579A 
 443      0C46AD59 
 443      6F893369 
 444 0baa 8AF05032 		.ascii	"\212\360P2\277\212\360\005\254\231\317\232E\244Q\206"
 444      BF8AF005 
 444      AC99CF9A 
 444      45A45186 
 445 0bba CF5F0AA3 		.ascii	"\317_\012\243]aX)\233\277H\263\230\034\226\312\226\206"
 445      5D615829 
 445      9BBF48B3 
 445      981C96CA 
 445      9686
 446 0bcc BEAD912D 		.ascii	"\276\255\221-\210\320h\320\037\321byd\264^\027+\314"
 446      88D068D0 
 446      1FD16279 
 446      64B45E17 
 446      2BCC
 447 0bde EEDCDF69 		.ascii	"\356\334\337i-\236\366\023\014\366\361\2620\015^\022"
 447      2D9EF613 
ARM GAS  /var/folders/qd/4mxf5pkd0zdf0b9dd1hp39180000gn/T//ccRJutt4.s 			page 36


 447      0CF6F1B2 
 447      300D5E12 
 448 0bee A69187BF 		.ascii	"\246\221\207\277\027\036\246\361X\026\021\276pa\230"
 448      171EA6F1 
 448      581611BE 
 448      706198
 449 0bfd 46B16CF9 		.ascii	"F\261l\371\373\341\0135\362w\226\205-\324\340\005\032"
 449      FBE10B35 
 449      F2779685 
 449      2DD4E005 
 449      1A
 450 0c0e 8DB78495 		.ascii	"\215\267\204\225Ee0\222a\030\242\264\026ov\272Zg\376"
 450      45653092 
 450      6118A2B4 
 450      166F76BA 
 450      5A67FE
 451 0c21 180C1B8C 		.ascii	"\030\014\033\214d\344Z\213\217V\030\217\326\020c\260"
 451      64E45A8B 
 451      8F56188F 
 451      D61063B0 
 452 0c31 FCD81844 		.ascii	"\374\330\030Dr/L\334\017\014W\306\032\343L\304\256<"
 452      722F4CDC 
 452      0F0C57C6 
 452      1AE34CC4 
 452      AE3C
 453 0c43 74D15B9A 		.ascii	"t\321[\232y\364\030\3421\177\361\002M\304r\015\016\215"
 453      79F418E2 
 453      317FF102 
 453      4DC4720D 
 453      0E8D
 454 0c55 80918685 		.ascii	"\200\221\206\205j<\346\207/\230\273\360]\332\206@\253"
 454      6A3CE687 
 454      2F98BBF0 
 454      5DDA8640 
 454      AB
 455 0c66 0000349E 		.ascii	"\000\0004\236\244\233\000\311I\010\273c\211FFl\360\241"
 455      A49B00C9 
 455      4908BB63 
 455      8946466C 
 455      F0A1
 456 0c78 70AE0999 		.ascii	"p\256\011\231-e\247\377\304\242\016}'bI\004\260S\323"
 456      2D65A7FF 
 456      C4A20E7D 
 456      27624904 
 456      B053D3
 457 0c8b 21AF9833 		.ascii	"!\257\2303o\316'\257\302\274xiBC\265\313az\303\364+"
 457      6FCE27AF 
 457      C2BC7869 
 457      4243B5CB 
 457      617AC3F4 
 458 0ca0 3CC9B048 		.ascii	"<\311\260H,\376\015H\226\305\026"
 458      2CFE0D48 
 458      96C516
 459              		.text
 460              		.section	.gnu.lto_.symtab.bfd5a5681f9fc08a,"",%progbits
 461 0000 5F70616C 		.ascii	"_pal_lld_init\000"
 461      5F6C6C64 
ARM GAS  /var/folders/qd/4mxf5pkd0zdf0b9dd1hp39180000gn/T//ccRJutt4.s 			page 37


 461      5F696E69 
 461      7400
 462 000e 00       		.ascii	"\000"
 463 000f 00       		.ascii	"\000"
 464 0010 00       		.ascii	"\000"
 465 0011 00000000 		.ascii	"\000\000\000\000\000\000\000\000"
 465      00000000 
 466 0019 33010000 		.ascii	"3\001\000\000"
 467 001d 5F70616C 		.ascii	"_pal_lld_setgroupmode\000"
 467      5F6C6C64 
 467      5F736574 
 467      67726F75 
 467      706D6F64 
 468 0033 00       		.ascii	"\000"
 469 0034 00       		.ascii	"\000"
 470 0035 00       		.ascii	"\000"
 471 0036 00000000 		.ascii	"\000\000\000\000\000\000\000\000"
 471      00000000 
 472 003e 39010000 		.ascii	"9\001\000\000"
 473              		.text
 474              		.section	.gnu.lto_.opts,"",%progbits
 475 0000 272D666D 		.ascii	"'-fmath-errno' '-fsigned-zeros' '-ftrapping-math' '"
 475      6174682D 
 475      6572726E 
 475      6F272027 
 475      2D667369 
 476 0033 2D666E6F 		.ascii	"-fno-trapv' '-fno-openmp' '-fno-openacc' '-mcpu=cor"
 476      2D747261 
 476      70762720 
 476      272D666E 
 476      6F2D6F70 
 477 0066 7465782D 		.ascii	"tex-m0' '-mno-thumb-interwork' '-mthumb' '-O2' '-fo"
 477      6D302720 
 477      272D6D6E 
 477      6F2D7468 
 477      756D622D 
 478 0099 6D69742D 		.ascii	"mit-frame-pointer' '-falign-functions=16' '-ffuncti"
 478      6672616D 
 478      652D706F 
 478      696E7465 
 478      72272027 
 479 00cc 6F6E2D73 		.ascii	"on-sections' '-fdata-sections' '-fno-common' '-flto"
 479      65637469 
 479      6F6E7327 
 479      20272D66 
 479      64617461 
 480 00ff 2700     		.ascii	"'\000"
 481              		.text
 482              		.comm	__gnu_lto_v1,1,1
 483              		.comm	__gnu_lto_slim,1,1
 484              		.ident	"GCC: (GNU Tools for Arm Embedded Processors 7-2017-q4-major) 7.2.1 20170904 (release) [ARM
ARM GAS  /var/folders/qd/4mxf5pkd0zdf0b9dd1hp39180000gn/T//ccRJutt4.s 			page 38


DEFINED SYMBOLS
                            *ABS*:0000000000000000 pal_lld.c
                            *COM*:0000000000000001 __gnu_lto_v1
                            *COM*:0000000000000001 __gnu_lto_slim

NO UNDEFINED SYMBOLS
