ARM GAS  /var/folders/qd/4mxf5pkd0zdf0b9dd1hp39180000gn/T//ccuDbu2R.s 			page 1


   1              		.cpu cortex-m4
   2              		.eabi_attribute 20, 1
   3              		.eabi_attribute 21, 1
   4              		.eabi_attribute 23, 3
   5              		.eabi_attribute 24, 1
   6              		.eabi_attribute 25, 1
   7              		.eabi_attribute 26, 1
   8              		.eabi_attribute 30, 2
   9              		.eabi_attribute 34, 1
  10              		.eabi_attribute 18, 4
  11              		.file	"nvic.c"
  12              		.section	.gnu.lto_.profile.a4f0272a3dd4c6a1,"",%progbits
  13 0000 789C6363 		.ascii	"x\234cc```\001bF\006)1\000\000\302\000<"
  13      60606001 
  13      62460629 
  13      310000C2 
  13      003C
  14              		.text
  15              		.section	.gnu.lto_.icf.a4f0272a3dd4c6a1,"",%progbits
  16 0000 789C6363 		.ascii	"x\234cc``\220b@\000\026\206\333\333\226\254be\354\\"
  16      60609062 
  16      40001686 
  16      DBDB96AC 
  16      6265EC5C 
  17 0014 F7E12E13 		.ascii	"\367\341.\023\323\243\203\263\367\3603/z\275\367\005"
  17      D3A383B3 
  17      F7F0332F 
  17      7ABDF705 
  18 0024 330300A6 		.ascii	"3\003\000\246U\014S"
  18      550C53
  19              		.text
  20              		.section	.gnu.lto_.jmpfuncs.a4f0272a3dd4c6a1,"",%progbits
  21 0000 789C6363 		.ascii	"x\234cc``\320a@\000\026\006&FF\346\3729\314\014 \314"
  21      6060D061 
  21      40001606 
  21      264646E6 
  21      FA39CC0C 
  22 0016 0804209A 		.ascii	"\010\004 \232\011Y\220\031*\310\000\000\237-\007\005"
  22      09599019 
  22      2AC80000 
  22      9F2D0705 
  23              		.text
  24              		.section	.gnu.lto_.inline.a4f0272a3dd4c6a1,"",%progbits
  25 0000 789C4D8C 		.ascii	"x\234M\214\321\021\2000\014B!\215i\364\307\021\352\004"
  25      D1118030 
  25      0C42218D 
  25      69F4C711 
  25      EA04
  26 0012 2ED9453A 		.ascii	".\331E:\222\2438\202\261\236U>\270\343\036`\000*>)\260"
  26      92A33882 
  26      B19E553E 
  26      B8E31E60 
  26      002A3E29 
  27 0027 CC146E8C 		.ascii	"\314\024n\214p\233\332\271\303Z\021\310\261*\"y\020"
  27      709BDAB9 
  27      C35A11C8 
  27      B12A2279 
ARM GAS  /var/folders/qd/4mxf5pkd0zdf0b9dd1hp39180000gn/T//ccuDbu2R.s 			page 2


  27      10
  28 0038 07E199EC 		.ascii	"\007\341\231\354\225\244\255<\225\240\332O\004\223\222"
  28      95A4AD3C 
  28      95A0DA4F 
  28      049392
  29 0047 FD25C5EE 		.ascii	"\375%\305\356w\020J\310\366N\007\034S\\\2260\015\244"
  29      77104AC8 
  29      F64E071C 
  29      535C9630 
  29      0DA4
  30              		.text
  31              		.section	.gnu.lto_.pureconst.a4f0272a3dd4c6a1,"",%progbits
  32 0000 789C6363 		.ascii	"x\234cc``\340\004b\026\006)F)&)f)\000\002\304\000\202"
  32      6060E004 
  32      62160629 
  32      46292629 
  32      66290002 
  33              		.text
  34              		.section	.gnu.lto_nvicEnableVector.a4f0272a3dd4c6a1,"",%progbits
  35 0000 789C9D53 		.ascii	"x\234\235S\317KTQ\024\276\337;\357\207\243\316,\332"
  35      CF4B5451 
  35      14BEDF3B 
  35      EF87A3CE 
  35      2CDA
  36 0012 45522E82 		.ascii	"ER.\202A\204y\011\375\003\321\332\026\375\007\341&!"
  36      41847909 
  36      FD03D1DA 
  36      16FD07E1 
  36      2621
  37 0024 674443DA 		.ascii	"gDC\332yg\306f\264\004\005G\203\341\021#\215\375 \312"
  37      7967C666 
  37      B4040547 
  37      83E11123 
  37      8DFD20CA 
  38 0038 42ADC6B2 		.ascii	"B\255\306\262^\223\226\021&\211\264kQJ\241\221\324\254"
  38      5E939611 
  38      2689B46B 
  38      514AA191 
  38      D4AC
  39 004a 82D43AF7 		.ascii	"\202\324:\367>\243\350\307\242.\357\236w\3569\347\273"
  39      3EA3E8C7 
  39      A22EEF9E 
  39      77EE39E7 
  39      BB
  40 005b E7FBEE7D 		.ascii	"\347\373\356}\317\026B\034!!\016\362{\017O\220\2001"
  40      CF16421C 
  40      21210EF2 
  40      7B0F4F90 
  40      8031
  41 006d F85C8864 		.ascii	"\370\\\210d\225\001(GVAt\033\350F?\345\010\345\354\333"
  41      95012847 
  41      5641741B 
  41      E8463FE5 
  41      08E5ECDB 
  42 0081 92D17049 		.ascii	"\222\321pI\362\360\317Uv\313\313><\206\217\360T\003"
  42      F2F0CF55 
  42      76CBCB3E 
ARM GAS  /var/folders/qd/4mxf5pkd0zdf0b9dd1hp39180000gn/T//ccuDbu2R.s 			page 3


  42      3C868FF0 
  42      5403
  43 0093 1368E0AA 		.ascii	"\023h\340\252\027=7<:K\036\001&/?-\344W\"ji\240\236"
  43      173D373C 
  43      3A4B1E01 
  43      262F3F2D 
  43      E457226A 
  44 00aa 975B3237 		.ascii	"\227[27\022\241\030\004\373\253\317.\014:\3211)S\322"
  44      12A11804 
  44      FBABCF2E 
  44      0C3AD131 
  44      2953D2
  45 00bd 9F2D92DC 		.ascii	"\237-\222\334\357\021\341\026\2107\304\024\3520\211"
  45      EF11E116 
  45      8837C414 
  45      EA3089
  46 00cc 3AC12181 		.ascii	":\301!\201\333\210r\371\325\324\273\017D\0074\364\315"
  46      DB8872F9 
  46      D5D4BB0F 
  46      440734F4 
  46      CD
  47 00dd FCEB9CB5 		.ascii	"\374\353\234\265\003]\035\333\201\336\371\003\264\204"
  47      035D1DDB 
  47      81DEF903 
  47      B484
  48 00eb A8AEBFB9 		.ascii	"\250\256\277\271=\034\266\315\200+\246a\013\2603\276"
  48      3D1CB6CD 
  48      802BA661 
  48      0BB033BE 
  49 00fb 64F972FB 		.ascii	"d\371r\373kV\372\313\027\261e\205\301\030\323P\206\330"
  49      6B56FACB 
  49      17B16585 
  49      C118D350 
  49      86D8
  50 010d 58261BDB 		.ascii	"X&\033\333R\236\255\214\003\265[\010\212\216\020\275"
  50      529EAD8C 
  50      03B55B08 
  50      8A8E10BD 
  51 011d BC131F91 		.ascii	"\274\023\037\221\364E\037\031\312K\373b\035\251Jvf "
  51      F4451F19 
  51      CA4BFB62 
  51      1DA94A76 
  51      6620
  52 012f A21AE409 		.ascii	"\242\032\344\011yr8\224\376\230A\02008\366\363\0019"
  52      79723894 
  52      FE984110 
  52      3038F6F3 
  52      0139
  53 0141 30719789 		.ascii	"0q\227\211\256\243\274|f\315RE\234\0369]^tT\272J+\235"
  53      AEA3BC7C 
  53      66CD5245 
  53      9C1E395D 
  53      5E7454BA 
  54 0158 1CDDF85C 		.ascii	"\034\335\370\\\033,e9-#\034\232x?\264\342\024p>\311"
  54      1B2C6539 
  54      2D231C9A 
  54      783FB4E2 
ARM GAS  /var/folders/qd/4mxf5pkd0zdf0b9dd1hp39180000gn/T//ccuDbu2R.s 			page 4


  54      14703EC9 
  55 016c 1751D8EB 		.ascii	"\027Q\330\353Q\0103,\371\036\357\244\000s\375\311\321"
  55      5108332C 
  55      F91EEFA4 
  55      0073FDC9 
  55      D1
  56 017d 6AF79AEC 		.ascii	"j\367\232\354I\312z\217\252q\037\005\014\353+\342\344"
  56      49CA7A8F 
  56      AA711F05 
  56      0CEB2BE2 
  56      E4
  57 018e CBA5A989 		.ascii	"\313\245\251\211H\323\270J\026\342\036\325\340\001\334"
  57      48D3B84A 
  57      16E21ED5 
  57      E001DC
  58 019d 3C85F4F5 		.ascii	"<\205\364\365\371hb\216\212\361ffa`W\300\2318\313\270"
  58      F968628E 
  58      8AF16666 
  58      616057C0 
  58      9938CBB8 
  59 01b1 A1E2F552 		.ascii	"\241\342\365RX\261\260\260\017\0175g\326u\305\011\212"
  59      58B1B0B0 
  59      0F0F3567 
  59      D675C509 
  59      8A
  60 01c2 4C34D671 		.ascii	"L4\326q\251\012V2}V\020\264\002\344\323\342\364\246"
  60      A90A5632 
  60      7D5610B4 
  60      02E4D3E2 
  60      F4A6
  61 01d4 E66FC342 		.ascii	"\346o\303BY#\371\220\276#\025\370\027\375\377\242\256"
  61      5923F990 
  61      BE2315F8 
  61      17FDFFA2 
  61      AE
  62 01e5 168FB43A 		.ascii	"\026\217\264:\374\256\256\313\2430f\225:K\253\233S\352"
  62      FCAEAECB 
  62      A3306695 
  62      3A4BAB9B 
  62      53EA
  63 01f7 ECA0D7AB 		.ascii	"\354\240\327\253\305\232\377j\366X73\376\322\354\311"
  63      C59AFF6A 
  63      F6583733 
  63      FED2ECC9 
  64 0207 8F66F341 		.ascii	"\217f\363A\263\015\244\012_t+\375\203\3642O\376P\030"
  64      B30DA40A 
  64      5F742BFD 
  64      83F4324F 
  64      FE5018
  65 021a DF188BB9 		.ascii	"\337\030\213\271\301\223\350t\217\037;\341\266':Nv\272"
  65      C193E874 
  65      8F1F3BE1 
  65      B6273A4E 
  65      76BA
  66 022c 2D89B6B6 		.ascii	"-\211\266\266D\334=t\264\371p\363)7\336\325\332\022"
  66      44DC3D74 
  66      B4F970F3 
ARM GAS  /var/folders/qd/4mxf5pkd0zdf0b9dd1hp39180000gn/T//ccuDbu2R.s 			page 5


  66      2937DED5 
  66      DA12
  67 023e 6B11889B 		.ascii	"k\021\210\233\355\035\255\211o\247\372\031\260"
  67      ED1DAD89 
  67      6FA7FA19 
  67      B0
  68              		.text
  69              		.section	.gnu.lto_nvicDisableVector.a4f0272a3dd4c6a1,"",%progbits
  70 0000 789C9552 		.ascii	"x\234\225RKkSQ\020\236\357\314}\244M\233\265`\320.\204"
  70      4B6B5351 
  70      109EEFCC 
  70      7DA44D9B 
  70      B560D02E 
  71 0015 520AB9E4 		.ascii	"R\012\271\344'\210\340\256\033\377\201d\243`\023i\245"
  71      2788E0AE 
  71      1BFF8164 
  71      A3601369 
  71      A5
  72 0026 B8EB49D2 		.ascii	"\270\353I\322&\255fQh\033%\\\344\026#\342BkI\253\246"
  72      26AD6651 
  72      681B255C 
  72      E41623E2 
  72      426B49AB 
  73 003b BEAE292E 		.ascii	"\276\256).\304\027\026\361\007\330\342\023\212\026\027"
  73      C41716F1 
  73      07D8E213 
  73      8A1617
  74 004a 2EFA70CE 		.ascii	".\372p\316\275\012\202+\207{\316\235\2313\337|sf\216"
  74      BD0A822B 
  74      877BCE9D 
  74      9933DF7C 
  74      73668E
  75 005d 4344238A 		.ascii	"CD#\212\310\223\377AY`\202\232yETL(\300(:\001\032W\030"
  75      C893FF41 
  75      5960829A 
  75      7945544C 
  75      28C0283A 
  76 0075 478DE718 		.ascii	"G\215\347\030\235\352\207\266\032\270\256E\302K\015"
  76      9DEA87B6 
  76      1AB8AE45 
  76      C24B0D
  77 0084 A7A2270F 		.ascii	"\247\242'\017\370LT\227e\004-\014H\324\233\211\333>"
  77      F84C5497 
  77      65042D0C 
  77      48D49B89 
  77      DB3E
  78 0096 5F649F01 		.ascii	"_d\237\001K\314\357/\033\033)c*\364\211\271\253\347"
  78      4BCCEF2F 
  78      1B1B2963 
  78      2AF489B9 
  78      ABE7
  79 00a8 EA29CE80 		.ascii	"\352)\316\200D\337|~u\306\355\277\246uI\207/\232\254"
  79      44DF7C7E 
  79      75C6EDBF 
  79      A6754987 
  79      2F9AAC
  80 00bb 8FF8CCB8 		.ascii	"\217\370\314\270\003\226\204XA\032\313H\223\270\010"
ARM GAS  /var/folders/qd/4mxf5pkd0zdf0b9dd1hp39180000gn/T//ccuDbu2R.s 			page 6


  80      03968458 
  80      411ACB48 
  80      93B808
  81 00ca 77D16FE2 		.ascii	"w\321o\342\337/\355\315\367:VL\210{p\010\242,\256\333"
  81      DF2FEDCD 
  81      F73A564C 
  81      887B7008 
  81      A22CAEDB 
  82 00de A1DEDBAF 		.ascii	"\241\336\333\257\352p\263\211\326\361.\010\306R\262"
  82      EA70B389 
  82      D6F12E08 
  82      C652B2
  83 00ed D96C34CB 		.ascii	"\331l4\313l6\242\0344%H\271\227\016i\232\225\321\312"
  83      6C36A21C 
  83      342548B9 
  83      970E699A 
  83      95D1CA
  84 0100 217D4179 		.ascii	"!}Ay\247\262\273\024(\223\261\301h\260-\\\263\315[\355"
  84      A7B2BB14 
  84      2893B1C1 
  84      68B02D5C 
  84      B3CD5BED 
  85 0114 5E53B685 		.ascii	"^S\266\205\303hK!\022\366\255r\303\215\203\024\006\323"
  85      C3684B21 
  85      12F6AD72 
  85      C38D8314 
  85      06D3
  86 0126 126A9CDB 		.ascii	"\022j\234\333\225i;vr\214|\326\\\335\3511H\0336V#di"
  86      95693B76 
  86      728C7CD6 
  86      5CDDE931 
  86      481B3656 
  87 013d BBFA0769 		.ascii	"\273\372\007i\011X<\235\267\027>G0\001\324';\257]\003"
  87      09583C9D 
  87      B7173E47 
  87      3001D427 
  87      3BAF5D03 
  88 0151 70A2AE2C 		.ascii	"p\242\256,/l\375\354\211M\335)\353\224\270Z_g7\334\000"
  88      2F6CFDEC 
  88      894DDD29 
  88      EB94B85A 
  88      5F6737DC 
  89 0166 578AD2F9 		.ascii	"W\212\322\371\340\220\317.\036H{\356Kn\003xZ+.t{7\365"
  89      E090CF2E 
  89      1E487BEE 
  89      4B6E0378 
  89      5A2B2E74 
  90 017d 4451F7F9 		.ascii	"DQ\367\371\234\300C\004\230\217f\"\207\357\326WZ\251"
  90      9CC04304 
  90      988F6622 
  90      87EFD657 
  90      5AA9
  91 018f ECA2390C 		.ascii	"\354\2429\014\306|\356\302#xRj4\257\307\310JA\246\232"
  91      C67CEEC2 
  91      2378526A 
  91      34AFC7C8 
  91      4A41A69A 
ARM GAS  /var/folders/qd/4mxf5pkd0zdf0b9dd1hp39180000gn/T//ccuDbu2R.s 			page 7


  92 01a3 1F9F2EAF 		.ascii	"\037\237.\257%\177\227\363?d\335\010#2\374K\226\367"
  92      257F97F3 
  92      3F64DD08 
  92      2332FC4B 
  92      96F7
  93 01b5 39892786 		.ascii	"9\211'\206\314\216\310:\310\376}\327$\010k\222s\013"
  93      CC8EC83A 
  93      C8FE7DD7 
  93      24086B92 
  93      730B
  94 01c7 A5E0630D 		.ascii	"\245\340c\015\3214\215LI.\231\213\274\312\301L\306\213"
  94      D1348D4C 
  94      492E998B 
  94      BCCAC14C 
  94      C68B
  95 01d9 BFC2A877 		.ascii	"\277\302\250w\352\344\031\357la\344\334\250\227+\014"
  95      EAE419EF 
  95      6C61E4DC 
  95      A8972B0C 
  96 01e9 0F17F2DE 		.ascii	"\017\027\362\336\321\023C\307\206\316{\371\261\323\271"
  96      D11343C7 
  96      86CE7BF9 
  96      B1D3B9
  97 01f8 4C8E90FF 		.ascii	"L\216\220\377\005D\312\324\370"
  97      0544CAD4 
  97      F8
  98              		.text
  99              		.section	.gnu.lto_nvicSetSystemHandlerPriority.a4f0272a3dd4c6a1,"",%progbits
 100 0000 789C6D51 		.ascii	"x\234mQ\315KTQ\024?\277{\336{\363\012\262\255\224\013"
 100      CD4B5451 
 100      143FBF7B 
 100      DE7BF30A 
 100      B2AD940B 
 101 0014 17C120C1 		.ascii	"\027\301 \301<\334\264h\027m\332\270\361?\220IP\320"
 101      3CDCB468 
 101      176DDAB8 
 101      F13F9049 
 101      50D0
 102 0026 79328AB4 		.ascii	"y2\212\264\363\316\214:f\005\242\243\306\360\210\267"
 102      F3CE8C3A 
 102      6605A2A3 
 102      C6F088B7 
 103 0036 1195080B 		.ascii	"\021\225\010\013\263\032\035\3551\2536}8D\220\320\242"
 103      B31A1DED 
 103      31AB367D 
 103      384490D0 
 103      A2
 104 0047 0F14268A 		.ascii	"\017\024&\212>\\\264\262\316}N\320\242\313\3758_\277"
 104      3E5CB4B2 
 104      CE7D4ED0 
 104      A2CBFD38 
 104      5FBF
 105 0059 737FE71C 		.ascii	"s\177\347\034\207\210~\202\350\242\274g\345\200\011"
 105      87887E82 
 105      E8A2BC67 
 105      E58009
 106 0068 6AE60551 		.ascii	"j\346\005Q\316U\200\021\264\013\032S\030\303M.1j\305"
ARM GAS  /var/folders/qd/4mxf5pkd0zdf0b9dd1hp39180000gn/T//ccuDbu2R.s 			page 8


 106      CE558011 
 106      B40B1A53 
 106      18C34D2E 
 106      316AC5
 107 007b FD8AEA58 		.ascii	"\375\212\352X\326\262\242\305\2723\251'Z\003&Z\220c"
 107      D6B2A2C5 
 107      BA33A927 
 107      5A03265A 
 107      9063
 108 008d 16D6D121 		.ascii	"\026\326\321!Q\273\343\367\003\276\301\001\003\226\250"
 108      51BBE3F7 
 108      03BEC101 
 108      0396A8
 109 009c DF9F973F 		.ascii	"\337\237\227?\266\030U\241]\324\302\334N\325\345\024"
 109      B61855A1 
 109      5DD4C2DC 
 109      4ED5E514 
 110 00ac 48E4FAFA 		.ascii	"H\344\372\372\355+\311%\255\363:\372\264\304\372\\\300"
 110      ED2BC925 
 110      ADF33AFA 
 110      B4C4FA5C 
 110      C0
 111 00bd 8C4760C9 		.ascii	"\214G`\311\207\015\264\341!\332HL\204\307HJ\364\335"
 111      870DB4E1 
 111      21DA484C 
 111      84C7484A 
 111      F4DD
 112 00cf FCC117E6 		.ascii	"\374\301\027\346\0131\362\303\263\367%\273\011=\\nB"
 112      0B31F2C3 
 112      B3F725BB 
 112      093D5C6E 
 112      42
 113 00e0 9FFC075A 		.ascii	"\237\374\007ZA2\216\177p4\177\312\261\302\277l\261\011"
 113      41328E7F 
 113      70347FCA 
 113      B1C2BF6C 
 113      B109
 114 00f2 87A4725A 		.ascii	"\207\244rZ\253\333\221>\372]\024\006\255{\237\335\004"
 114      ABDB913E 
 114      FA5D1406 
 114      AD7B9FDD 
 114      04
 115 0103 04662973 		.ascii	"\004f)s\011}\001\3330\277\023M\011J\032\242#\272\316"
 115      097D01DB 
 115      30BF134D 
 115      094A1AA2 
 115      23BACE
 116 0116 CA488588 		.ascii	"\312H\205\210\032\310\377(\276\333\250\302d+3\312\362"
 116      1AC8FF28 
 116      BEDBA8C2 
 116      642B33CA 
 116      F2
 117 0127 6103856F 		.ascii	"a\003\205o\223M\203\022\333\277\375\260aaK\2105P{=\375"
 117      934D8312 
 117      DBBFFDB0 
 117      61614B88 
 117      35507B3D 
ARM GAS  /var/folders/qd/4mxf5pkd0zdf0b9dd1hp39180000gn/T//ccuDbu2R.s 			page 9


 118 013c D63641E2 		.ascii	"\3266A\342^\230\250\275L\030\267\023W\226\253TK\366"
 118      5E98A8BD 
 118      4C18B713 
 118      5796AB54 
 118      4BF6
 119 014e B1AAF70A 		.ascii	"\261\252\367\012\272EL\215\335\303Wv\210;9\351{x&\340"
 119      BA454C8D 
 119      DDC35776 
 119      883B39E9 
 119      7B7826E0 
 120 0162 04B6A5C4 		.ascii	"\004\266\245\304\252d2\200\331\351\325\325\223\336="
 120      AA643280 
 120      D9E9D5D5 
 120      93DE3D
 121 0171 3D9ED3ED 		.ascii	"=\236\323\355\001\273\330A\210\371x\"\342|\263\362k"
 121      01BBD841 
 121      88F97822 
 121      E27CB3F2 
 121      6B
 122 0182 F174E79A 		.ascii	"\361t\347\232q\206\231\200O\340)\2742\333\361\264\""
 122      71869980 
 122      4FE029BC 
 122      32DBF1B4 
 122      22
 123 0193 740A47FA 		.ascii	"t\012G\372\212|\270u+\246\034Oq\212a\352SD\347S)\357"
 123      8A7CB875 
 123      2BA61C4F 
 123      718A61EA 
 123      5344E753 
 124 01a9 78FBC35E 		.ascii	"x\373\303^_\317\2007\344gG\206\275\264?8\350g\274K\335"
 124      5FCF8037 
 124      E4674786 
 124      BDB43F38 
 124      E867BC4B 
 125 01be 5D97BBAE 		.ascii	"]\227\273\256y\231\321\376t*M\211\276\236\314\325\201"
 125      7999D1FE 
 125      742A4D89 
 125      BE9ECCD5 
 125      81
 126 01cf DEAC3594 		.ascii	"\336\2545\224\355\367\377\000%\355\2619"
 126      EDF7FF00 
 126      25EDB139 
 127              		.text
 128              		.section	.gnu.lto_nvicClearPending.a4f0272a3dd4c6a1,"",%progbits
 129 0000 789C3551 		.ascii	"x\2345Q\317KTQ\024>\337=\357\307\024:\353\240\241\\"
 129      CF4B5451 
 129      143EDF3D 
 129      EFC7143A 
 129      EBA0A15C 
 130 0014 0422C25C 		.ascii	"\004\"\302\\\374\023\302E+7\375\0071\033\203\234\211"
 130      FC13C245 
 130      2B37FD07 
 130      311B839C 
 130      89
 131 0025 0C69E79D 		.ascii	"\014i\347\235\031\235\321\2240\324\011\206\207<q\"Z"
 131      199DD194 
 131      30D40986 
ARM GAS  /var/folders/qd/4mxf5pkd0zdf0b9dd1hp39180000gn/T//ccuDbu2R.s 			page 10


 131      873C7122 
 131      5A
 132 0036 94C56836 		.ascii	"\224\305h6\366\3531\344B\242\"\211V\2552\004\013$\005"
 132      F6EB31E4 
 132      42A22289 
 132      56AD3204 
 132      0B2405
 133 0049 2142AD73 		.ascii	"!B\255s\337\243\303\375q\316\271\347;\367\273\337\365"
 133      DFA3C3FD 
 133      71CEB9E7 
 133      3BF7BBDF 
 133      F5
 134 005a 88E81044 		.ascii	"\210\350\020DZ\366\2632\301\0045\363\201\250\230R\200"
 134      5AF6B332 
 134      C10435F3 
 134      81A89852 
 134      80
 135 006b 754C0A34 		.ascii	"uL\0124\2520\212i\236c\264\253;-\325\363\300\210E\367"
 135      AA308A69 
 135      9E63B4AB 
 135      3B2DD5F3 
 135      C08845F7 
 136 007f FE781533 		.ascii	"\376x\0253~&`\242\232Lkh\242G\252>\215=\011x\212\003"
 136      7E2660A2 
 136      9A4C6B68 
 136      A247AA3E 
 136      8D3D0978 
 137 0095 061C09F7 		.ascii	"\006\034\011\367\337\327\267\3236T\350\222\360\330\314"
 137      DFD7B7D3 
 137      3654E892 
 137      F0D8CC
 138 00a4 D5D29C05 		.ascii	"\325\322\234\005\211\377\375\335\322\214\337}\337\230"
 138      89FFFDDD 
 138      D28CDF7D 
 138      DF98
 139 00b2 9289DE36 		.ascii	"\222\211\3366\330\\\010\230\361\014,\015\261\212\014"
 139      D85C0898 
 139      F10C2C0D 
 139      B18A0C
 140 00c1 56902149 		.ascii	"V\220!I\021\326\320m\353\277==\231\357\364\234\344B"
 140      11D6D06D 
 140      EBBF3D3D 
 140      99EFF49C 
 140      E442
 141 00d3 3C874742 		.ascii	"<\207GB\236\226\267\334\310\234\374\255\232\350k\003"
 141      9E96B7DC 
 141      C89CFCAD 
 141      9AE86B03 
 142 00e3 772F09E3 		.ascii	"w/\011\343\200\035%\213\313\326s\354\342\"\356A\023"
 142      801D258B 
 142      CBD673EC 
 142      E222EE41 
 142      13
 143 00f4 82947799 		.ascii	"\202\224w\231\210&YY\257\034\321\017\224\217*\307k\241"
 143      88265959 
 143      AF1CD10F 
 143      948F2AC7 
ARM GAS  /var/folders/qd/4mxf5pkd0zdf0b9dd1hp39180000gn/T//ccuDbu2R.s 			page 11


 143      6BA1
 144 0106 B21DEB8C 		.ascii	"\262\035\353\214:\273r\327l\343q\253\323\322vp\036-"
 144      3ABB72D7 
 144      6CE371AB 
 144      D3D27670 
 144      1E2D
 145 0118 212265BF 		.ascii	"!\"e\277*\017\375\244H\2417#\2456yP\231t\223$'\310\315"
 145      2A0FFDA4 
 145      48A13723 
 145      A5367950 
 145      99749324 
 146 012f C6FA5187 		.ascii	"\306\372Q\207E\272p\261\036#K\007\325\377HG\300\222"
 146      45BA70B1 
 146      1E234B07 
 146      D5FF4847 
 146      C092
 147 0141 697FBEBD 		.ascii	"i\177\276\275\033\303\004P\033o\177\364-\300\213UYY"
 147      1BC30450 
 147      1B6F7FF4 
 147      2DC08B55 
 147      5959
 148 0153 DCFBDD91 		.ascii	"\334\373\335\221\204\246]6iI5\177\316n\373!\026\212"
 148      84A65D36 
 148      6949357F 
 148      CE6EFB21 
 148      168A
 149 0165 A27C782E 		.ascii	"\242|x.`\037/E\236\027\322\333\0026\246\213\213\247"
 149      601F2F45 
 149      9E17D2DB 
 149      0236A68B 
 149      8BA7
 150 0177 F5233356 		.ascii	"\365#3V4]\001\247\360\012!\346\343?\221\303/[\253\315"
 150      345D01A7 
 150      F00A21E6 
 150      E33F91C3 
 150      2F5BABCD 
 151 018b 74DFB23D 		.ascii	"t\337\262=\014G\002>\205\327\320B5\376\2577\350\023"
 151      0C47023E 
 151      85D7D042 
 151      35FEAF37 
 151      E813
 152 019d 42B48752 		.ascii	"B\264\207R\270t\007\261\240\326&\344a\"\215\"\352\315"
 152      B87407B1 
 152      A0D626E4 
 152      61228D22 
 152      EACD
 153 01af 6675320A 		.ascii	"fu2\012\303z\360\3125}\275p\343\346\260\316\025\206"
 153      C37AF0CA 
 153      357DBD70 
 153      E3E6B0CE 
 153      1586
 154 01c1 860A797D 		.ascii	"\206\012y}\361\362@\377\300-\235\037\271\232\313\346"
 154      F1F240FF 
 154      C02D9D1F 
 154      B99ACBE6 
 155 01d1 08F97F0B 		.ascii	"\010\371\177\013\343\254\267"
 155      E3ACB7
ARM GAS  /var/folders/qd/4mxf5pkd0zdf0b9dd1hp39180000gn/T//ccuDbu2R.s 			page 12


 156              		.text
 157              		.section	.gnu.lto_.symbol_nodes.a4f0272a3dd4c6a1,"",%progbits
 158 0000 789C6363 		.ascii	"x\234cc``\360\002b\006\246\026\246z\006\206\011\347"
 158      6060F002 
 158      6206A616 
 158      A67A0686 
 158      09E7
 159 0012 181880D4 		.ascii	"\030\030\200\324\256\006G\240H+S=#\252H\033S=\023\252"
 159      AE0647A0 
 159      482B533D 
 159      23AA481B 
 159      533D13AA 
 160 0026 483B533D 		.ascii	"H;S=3\212\010\003\000\255\216\021\331"
 160      338A0803 
 160      00AD8E11 
 160      D9
 161              		.text
 162              		.section	.gnu.lto_.refs.a4f0272a3dd4c6a1,"",%progbits
 163 0000 789C6363 		.ascii	"x\234cc```\004b\006\000\000D\000\010"
 163      60606004 
 163      62060000 
 163      440008
 164              		.text
 165              		.section	.gnu.lto_.decls.a4f0272a3dd4c6a1,"",%progbits
 166 0000 789CC559 		.ascii	"x\234\305YkTT\327\025\236s\317\000\303\333\"\253\261"
 166      6B5454D7 
 166      159E73CF 
 166      00C3DB22 
 166      ABB1
 167 0012 2D5D4D5D 		.ascii	"-]M]f\205\266\201\361\221\326\374jCF\254\3740e\015\306"
 167      6685B681 
 167      F191D6FC 
 167      6A4346AC 
 167      FC30650D 
 168 0027 D524AB99 		.ascii	"\325$\253\231\020\234DR^\005\354\212\277z\021\214(j"
 168      109C4452 
 168      5E05EC8A 
 168      BF7A118C 
 168      286A
 169 0039 40092A62 		.ascii	"@\011*bx\372\004\025\242\202\210(\240<\004A\003\242"
 169      78FA0415 
 169      A2828828 
 169      A03C0441 
 169      03A2
 170 004b 228F41E4 		.ascii	"\"\217A\344%\"\362P\021D\351>\217;s\27106?\272\332\273"
 170      2522F250 
 170      1144E93E 
 170      8F3B73B9 
 170      30363FBA 
 171 0061 DC73679F 		.ascii	"\334sg\237\363\235}\276\263\3679\373\354A[\225J\025"
 171      F39D7DBE 
 171      B3F739FB 
 171      EC415B95 
 171      4A15
 172 0073 F83395CA 		.ascii	"\3703\225\312\031\253T\031H\245\232\206\307\006\332"
 172      19AB5419 
 172      48A59A86 
ARM GAS  /var/folders/qd/4mxf5pkd0zdf0b9dd1hp39180000gn/T//ccuDbu2R.s 			page 13


 172      C706DA
 173 0082 CA414055 		.ascii	"\312A@U\225\252\330\243\006\251\006\251\003\251\007"
 173      95AAD8A3 
 173      06A906A9 
 173      03A907
 174 0091 B9A69AFD 		.ascii	"\271\246\232\375|\003\003\\\340\375)\210\033\210;\037"
 174      7C03035C 
 174      E0FD2988 
 174      1B883B1F 
 175 00a1 EF01F226 		.ascii	"\357\001\362&\310G \037\202\374\032p\277\002\351\207"
 175      C847201F 
 175      82FC1A70 
 175      BF02E987 
 176 00b1 EF7D20CF 		.ascii	"\357} \317@\306A\200\202j\036\264{\200\270\"6\177\365"
 176      40C64180 
 176      826A1EB4 
 176      7B80B822 
 176      367FF5
 177 00c4 1CF3EC81 		.ascii	"\034\363\354\201\016\2479\346\221\346\220\354Kv\245"
 177      0EA739E6 
 177      91E690EC 
 177      4B76A5
 178 00d3 790490F9 		.ascii	"y\004\220\371\210\315\201\370Z\224\317~\350p\260\262"
 178      88CD81F8 
 178      5A94CF7E 
 178      E870B0B2 
 179 00e3 06C23D12 		.ascii	"\006\302=\022\372#@\336G\314&\261\363!\267W\317\365"
 179      FA2340DE 
 179      47CC26B1 
 179      F321B757 
 179      CFF5
 180 00f5 1834D366 		.ascii	"\0304\323f\272\025\233\326\370\222\341\036\334\346\\"
 180      BA159BD6 
 180      F892E11E 
 180      DCE65C
 181 0104 7E4EC6A8 		.ascii	"~N\306\250\275\346h.N\300\350M\007D\"\346\012M'\007"
 181      BDE6682E 
 181      4EC0E84D 
 181      074422E6 
 181      0A4D2707 
 182 0118 8B279C59 		.ascii	"\213'\234Y\023A4\226';c\201~\355\314\213\353\261\367"
 182      13413496 
 182      273B6381 
 182      7EEDCC8B 
 182      EBB1F7
 183 012b CE13D9A3 		.ascii	"\316\023\331\243\371\233\012\235AX\262\324\370\315h"
 183      F99B0A9D 
 183      4158B2D4 
 183      F8CD68
 184 013a 8E1DFE03 		.ascii	"\216\035\376\003\005\376\020\227\237F\254\2729 5\250"
 184      05FE1097 
 184      9F46ACBA 
 184      392035A8 
 185 014a 23F5A9F7 		.ascii	"#\365\251\367\\@uw@\257'c\301\324\362\274\315\0059x"
 185      5C407577 
 185      40AF2763 
 185      C1D4F2BC 
ARM GAS  /var/folders/qd/4mxf5pkd0zdf0b9dd1hp39180000gn/T//ccuDbu2R.s 			page 14


 185      CD053978 
 186 015e C68BE226 		.ascii	"\306\213\342&1#V\264_\245B\305\310\003\235E\036*T\202"
 186      312356B4 
 186      5FA542C5 
 186      C8039D45 
 186      1E2A5482 
 187 0172 3CC9CC85 		.ascii	"<\311\314\205\310[\205NC\343)h<D\246+\273\266\367\217"
 187      C85B854E 
 187      43E32968 
 187      3C44A62B 
 187      BBB6F78F 
 188 0186 FB4645F1 		.ascii	"\373FE\361ut\0169\240\"\204)\006\026\367\246\003#p4"
 188      75740E39 
 188      A0228429 
 188      0616F7A6 
 188      03237034 
 189 019a 2729CB16 		.ascii	"')\313\0267#\302@(\331\337S)X\233\343\202\3259\306K"
 189      3723C240 
 189      28D9DF53 
 189      29589BE3 
 189      82D539C6 
 190 01af 16566D16 		.ascii	"\026Vm\026E\001\225\302\034\347-s\300\224\344\005\255"
 190      450195C2 
 190      1CE72D73 
 190      C094E405 
 190      AD
 191 01c0 30D1B9F2 		.ascii	"0\321\271\362\322\213\216&\324\216`\037\240yt\375\010"
 191      D28B8E26 
 191      D48E601F 
 191      A07974FD 
 191      08
 192 01d1 B14F7813 		.ascii	"\261Ox\023\241\372\264\364 \326\016\255\002{q(Q\244"
 192      A1FAB4F4 
 192      20D60EAD 
 192      027B7128 
 192      51A4
 193 01e3 21C8DC22 		.ascii	"!\310\334\"p\033\202d\227\376\343\006\220\334*\353g"
 193      701B8264 
 193      97FEE306 
 193      90DC2AEB 
 193      67
 194 01f4 D3490F8B 		.ascii	"\323I\017\213:\373\"\033\307\232\004\313d\262!\263\270"
 194      3AFB221B 
 194      C79A04CB 
 194      64B221B3 
 194      B8
 195 0205 AACCDD66 		.ascii	"\252\314\335fR\226E\"\036\356\346\301\355'\234:Q\007"
 195      52964522 
 195      1EEEE6C1 
 195      ED279C3A 
 195      5107
 196 0217 F4C2764E 		.ascii	"\364\302vN\324\204\322\300\357\277\321\225-\340>\266"
 196      D484D2C0 
 196      EFBFD195 
 196      2DE03EB6 
 197 0227 5DAA8F9C 		.ascii	"]\252\217\234)Gj\201\371\015\205\251I[\335\370\341\213"
 197      29476A81 
ARM GAS  /var/folders/qd/4mxf5pkd0zdf0b9dd1hp39180000gn/T//ccuDbu2R.s 			page 15


 197      F90D85A9 
 197      495BDDF8 
 197      E18B
 198 0239 6A735B05 		.ascii	"js[\005\242\215\225\323\343e\256l\273\010d'\015_=\340"
 198      A28D95D3 
 198      E365AE6C 
 198      BB086427 
 198      0D5F3DE0 
 199 024d C8B6CB3C 		.ascii	"\310\266\313<\262{.t\244\010\013RH|\022c\305y\002\372"
 199      B27B2E74 
 199      A4080B52 
 199      487C1263 
 199      C57902FA 
 200 0261 F4A7A812 		.ascii	"\364\247\250\022\242v\031\242\246BUh\001|^BjF\253 \341"
 200      A27619A2 
 200      A6425568 
 200      017C5E42 
 200      6A46AB20 
 201 0276 C516CDC2 		.ascii	"\305\026\315\302\0141\243S,\2536-\352;-\212\020OQMp"
 201      0C31A353 
 201      2CAB362D 
 201      EA3B2D8A 
 201      104F514D 
 202 028b A8DC12D0 		.ascii	"\250\334\022\320r\262qQ\031\352D\350\"2\301\"\252\321"
 202      72B27151 
 202      19EA44E8 
 202      2232C122 
 202      AAD1
 203 029d 42B2AA8E 		.ascii	"B\262\252\216\322a\214s\260U\376{\232\262\3169[%SK\311"
 203      D2618C73 
 203      B055FE7B 
 203      9AB2CE39 
 203      5B25534B 
 204 02b2 5C91C84C 		.ascii	"\\\221\310L\267\224\367\273p2\003\013R\305\262M\"\331"
 204      B794F7BB 
 204      7032030B 
 204      52C5B24D 
 204      22D9
 205 02c4 5B804235 		.ascii	"[\200B5\026*5J*u\224J\301\263\007\261\030\0272*\273"
 205      162A354A 
 205      2A75944A 
 205      C1B307B1 
 205      1817322A 
 206 02d9 E39292ED 		.ascii	"\343\222\222\355\271\245\332\237\233-\221E]\265X\272"
 206      B9A5DA9F 
 206      9B2D9145 
 206      5DB558BA 
 207 02e9 AAB4544F 		.ascii	"\252\264TO-\225\036\336\343\207\233\230\241\221\363"
 207      2D951EDE 
 207      E3879B98 
 207      A191F3
 208 02f8 317F9518 		.ascii	"1\177\225\030\375b\006\243\006\213\235\006\245\235k"
 208      FD6206A3 
 208      068B9D06 
 208      A59D6B
 209 0307 D44E5E73 		.ascii	"\324N^sz\211\023\013\223\350Al\225o9\315\365a;\320\223"
 209      7A89130B 
ARM GAS  /var/folders/qd/4mxf5pkd0zdf0b9dd1hp39180000gn/T//ccuDbu2R.s 			page 16


 209      93E8416C 
 209      956F39CD 
 209      F5613BD0 
 210 031c 8FDF2B42 		.ascii	"\217\337+BLOt\007\275\277\371p\2523\213\243\230\211"
 210      4C4F7407 
 210      BDBFF970 
 210      AA338BA3 
 210      9889
 211 032e A0E1C0D4 		.ascii	"\240\341\300\324T\234\032w3&wo\276\254\3439\"\326\206"
 211      549C1A77 
 211      3326776F 
 211      BEACE339 
 211      22D686
 212 0341 EC8C9EB6 		.ascii	"\354\214\236\266o\235\035\342\211g\351y%\035\322\211"
 212      6F9D1DE2 
 212      8967E979 
 212      251DD289 
 213 0351 55A19BE4 		.ascii	"U\241\233\344\000\"\255\007j\006\025\320\271)Yg\260"
 213      0022AD07 
 213      6A0615D0 
 213      B9295967 
 213      B0
 214 0362 5B228D83 		.ascii	"[\"\215\203(\276\253\246!j\002x#\205\337Bn\322 \202"
 214      28BEABA6 
 214      216A0278 
 214      2385DF42 
 214      6ED22082 
 215 0376 EE3ED89D 		.ascii	"\356>\330\235a\317\231\333\202\376uRW\266\013gN\210"
 215      61CF99DB 
 215      82FE7552 
 215      57B60B67 
 215      4E88
 216 0388 5D4FDABE 		.ascii	"]O\332\276[\315\231\222\024\270\363V\322\237\360\020"
 216      5BCD9992 
 216      14B8F356 
 216      D29FF010 
 217 0398 E379BB60 		.ascii	"\343y\273`w\276\015\303>\"\330s\2517S\035\255\362l\227"
 217      77BE0DC3 
 217      3E22D873 
 217      A937531D 
 217      ADF26C97 
 218 03ac 78B6319E 		.ascii	"x\2661\236'7w\037\325\300h\017\310\257H\226\\=Xr=]6"
 218      2737771F 
 218      D5C0680F 
 218      C8AF4896 
 218      5C3D5872 
 219 03c3 765C8D47 		.ascii	"v\\\215G\350LB\301\361\356/\221\247\203\224\355\274"
 219      E84C42C1 
 219      F1EE2F91 
 219      A78394ED 
 219      BC
 220 03d4 376F21B1 		.ascii	"7o!\261\351\202\205uZb\343A\226D\263\232\230-\342\005"
 220      E9828575 
 220      5A62E341 
 220      9644B39A 
 220      982DE205 
 221 03e8 2AB4CC03 		.ascii	"*\264\314\003-\206\234v\027r\232\007\317i&\240\323\301"
ARM GAS  /var/folders/qd/4mxf5pkd0zdf0b9dd1hp39180000gn/T//ccuDbu2R.s 			page 17


 221      2D869C76 
 221      17729A07 
 221      CF6926A0 
 221      D3C1
 222 03fa E63F9A7E 		.ascii	"\346?\232~\344\2623~\316&\3508\376\250\001\233g\200"
 222      E4B2337E 
 222      CE26E838 
 222      FEA8019B 
 222      6780
 223 040c 5C778AE6 		.ascii	"\\w\212\346\272\036\230\341\236e\206.de\212\356\271"
 223      BA1E98E1 
 223      9E65862E 
 223      64658AEE 
 223      B9
 224 041d A76836A5 		.ascii	"\247h6\245\264:ZB\201\250\275;\320\337B=\322KC\321."
 224      B43A5A42 
 224      81A8BD3B 
 224      D0DF423D 
 224      D24B43D1 
 225 0432 8562D3E5 		.ascii	"\205b\323\345\255\017\020q_\354\217\263\276\267r\342"
 225      AD0F1071 
 225      5FEC8FB3 
 225      BEB772E2 
 226 0442 915A6EBD 		.ascii	"\221Zn\275\357U\326\013M\311[\371\226\314 7\317\271"
 226      EF55D60B 
 226      4DC95BF9 
 226      96CC2037 
 226      CFB9
 227 0454 F6913247 		.ascii	"\366\2212G\246w\022\367O\014\356m\326\360@\273\200~"
 227      A67712F7 
 227      4F0CEE6D 
 227      D6F040BB 
 227      807E
 228 0466 692C6DC4 		.ascii	"i,m\304\011\307\252i0*ZK\343y\244\227\203zugq\217\365"
 228      09C7AA69 
 228      302A5A4B 
 228      E379A497 
 228      837A7567 
 229 047d 0D392405 		.ascii	"\0159$\005\372!\343\3712#\355\246\240\334\220\017\000"
 229      FA21E3F9 
 229      3223EDA6 
 229      A0DC900F 
 229      00
 230 048e 3E40E18F 		.ascii	">@\341\217(\317!\211\347\236\207\023?\347\373Q~A\272"
 230      28CF2189 
 230      E79E8713 
 230      3FE7FB51 
 230      7E41BA
 231 04a1 D10B129D 		.ascii	"\321\013\022\235\350\277\230\346\300Y\222\204x\251i"
 231      E8BF98E6 
 231      C0599284 
 231      78A969
 232 04b0 7FAE1DDE 		.ascii	"\177\256\035\336\301X>\336\266y\234\237\033r\350\272"
 232      C1583EDE 
 232      B6799C9F 
 232      1B72E8BA 
 233 04c0 6B47BF77 		.ascii	"kG\277w\261\312\362\211\304\3621c\231606\355\242d9\012"
ARM GAS  /var/folders/qd/4mxf5pkd0zdf0b9dd1hp39180000gn/T//ccuDbu2R.s 			page 18


 233      B1CAF289 
 233      C4F23163 
 233      99363036 
 233      EDA26439 
 234 04d5 F0110A7F 		.ascii	"\360\021\012\177JY>\221X\356m,\360e\241\37217(\014h"
 234      4A593E91 
 234      58EE6D2C 
 234      F065A1FA 
 234      3137280C 
 235 04ea BA3079CD 		.ascii	"\2720y\315Un~\374U\346\307\013\237\267\362Ug`\2625J"
 235      556E7EFC 
 235      55E6C70B 
 235      9FB7F255 
 235      6760B235 
 236 04ff 5A92F835 		.ascii	"Z\222\3705\320)?\265\356\374\324\306\364\347o\301x\027"
 236      D0293FB5 
 236      EEFCD4C6 
 236      F4E76FC1 
 236      7817
 237 0511 73C3D89E 		.ascii	"s\303\330\236\315[5\014\374\032\250\231'\207\0065V\335"
 237      CD5B350C 
 237      FC1AA899 
 237      27870635 
 237      56DD
 238 0523 F05272C3 		.ascii	"\360Rr\303\013\306\363E\205)\313U\351\206\347\000\237"
 238      0BC6F345 
 238      8529CB55 
 238      E986E700 
 238      9F
 239 0534 A4F069CA 		.ascii	"\244\360i\312\363\245\304\363t\351\310A){\020\236=\271"
 239      F3A5C4F3 
 239      74E9C841 
 239      297B109E 
 239      3DB9
 240 0546 5DD90E38 		.ascii	"]\331\0168\215\3618V\226P\303\303\221Ab5\275\177\370"
 240      8DF13856 
 240      9650C3C3 
 240      91416235 
 240      BD7FF8
 241 0559 8013CE64 		.ascii	"\200\023\316d\235R \335x \257\335/,\020p.\353|aJL\264"
 241      9D5220DD 
 241      7820AFDD 
 241      2F2C1070 
 241      2EEB7C61 
 242 0570 E323C9DE 		.ascii	"\343#\311\3364\2654\0278\341|\326Y\330{\245J\032I:\267"
 242      34B53417 
 242      38E17CD6 
 242      59D87BA5 
 242      4A1A493A 
 243 0585 9EEC4AB0 		.ascii	"\236\354J\260\301\305\254\363n{\3376\027|\201)\325U"
 243      C1C5ACF3 
 243      6E7BDF36 
 243      177C8129 
 243      D555
 244 0597 9BBEC435 		.ascii	"\233\276\3045\354{\335\275\270\267\330\2408\222\240"
 244      EC7BDDBD 
 244      B8B7D8A0 
ARM GAS  /var/folders/qd/4mxf5pkd0zdf0b9dd1hp39180000gn/T//ccuDbu2R.s 			page 19


 244      3892A0
 245 05a6 2B730AD2 		.ascii	"+s\012\3221s`\006\335\376\247\312\267\305\272\342z\012"
 245      31736006 
 245      DDFEA7CA 
 245      B7C5BAE2 
 245      7A0A
 246 05b8 76354DC6 		.ascii	"v5M\306\232\234\320\"\366\314_\344I\337Yb\\\214Xv+\025"
 246      9A9CD022 
 246      F6CC5FE4 
 246      49DF5962 
 246      5C8C5876 
 247 05ce 1FCBAD05 		.ascii	"\037\313\255\005WV \364\014\271\241\004\001\243\024"
 247      575620F4 
 247      0CB9A104 
 247      01A314
 248 05dd 61BE3994 		.ascii	"a\2769\224\340Jp\320\022R\313\262\001]\037\303G\014"
 248      E04A70D0 
 248      1252CBB2 
 248      015D1FC3 
 248      470C
 249 05ef A47C00B7 		.ascii	"\244|\000\267\"\006\226\016)\272\215dh\222yj\011:\016"
 249      2206960E 
 249      29BA8D64 
 249      6892796A 
 249      093A0E
 250 0602 133FA329 		.ascii	"\023?\243)\216\226\274\217&\220\302v#G\023\"cHAdX\211"
 250      8E96BC8F 
 250      2690C276 
 250      23471322 
 250      63484164 
 251 0618 EEFAC882 		.ascii	"\356\372\310\202\336\252\244\035/(\230L~da\022+(\230"
 251      DEAAA41D 
 251      2F28984C 
 251      7E646112 
 251      2B2898
 252 062b 6C92A3E3 		.ascii	"l\222\243\343b\305\262\321\217S)\232\354\352\235\034"
 252      62C5B2D1 
 252      8F53299A 
 252      ECEA9D1C 
 253 063b 6D3E12D7 		.ascii	"m>\022\327-L\222\370\306\022\241\020@;\004\017\264\235"
 253      2D4C92F8 
 253      C612A110 
 253      403B040F 
 253      B49D
 254 064d 5A227038 		.ascii	"Z\"p81h\257\340\211\276\021\026\241T\220\335 {@\016"
 254      3168AFE0 
 254      89BE1116 
 254      A15490DD 
 254      207B400E 
 255 0661 802483A4 		.ascii	"\200$\203\244\201$\201\354\002\331\017\222\010\262\017"
 255      812481EC 
 255      02D90F92 
 255      08B20F
 256 0670 E45B6111 		.ascii	"\344[a\021\255\301\030\355\001\031\355-J\332_[h\263"
 256      ADC118ED 
 256      0119ED2D 
 256      4ADA5F5B 
ARM GAS  /var/folders/qd/4mxf5pkd0zdf0b9dd1hp39180000gn/T//ccuDbu2R.s 			page 20


 256      68B3
 257 0682 445F75C7 		.ascii	"D_u\307-\006\270\020\224\212'y\213\251\241V\267]\242"
 257      2D06B810 
 257      948A2779 
 257      8BA9A156 
 257      B75DA2
 258 0695 58B3985C 		.ascii	"X\263\230\\\231\350\006w\257t\221\242\037\224\241\273"
 258      99E80677 
 258      AF7491A2 
 258      1F94A1BB 
 259 06a5 239B799B 		.ascii	"#\233y\233r\346\221Yh\036:\310~h\220\333\226r\"\272"
 259      72E69159 
 259      681E3AC8 
 259      7E6890DB 
 259      967222BA 
 260 06b9 AF0C5D85 		.ascii	"\257\014]\205,\3201\312\320\211\202\002=*\013\364f%"
 260      2CD031CA 
 260      D0898202 
 260      3D2A0BF4 
 260      6625
 261 06cb 3ACE8226 		.ascii	":\316\202&\271\371\246\3512\302St\333\013\233&\013\012"
 261      B9F9A6E9 
 261      32C25374 
 261      DB0B9B26 
 261      0B0A
 262 06dd 6DD07CCF 		.ascii	"m\320|\3179\203\004g\330\363\277\022'\346\371\227\255"
 262      39830467 
 262      D8F3BF12 
 262      27E6F997 
 262      AD
 263 06ee 1AF89D84 		.ascii	"\032\370\235\204\322\301\340w\202\371\202%q\240\274"
 263      D2C1E077 
 263      82F98225 
 263      71A0BC
 264 06fd B6F64DD6 		.ascii	"\266\366M\326a\247m\346\237(\024h\311Z\231\202\023-"
 264      61A76DE6 
 264      9F281468 
 264      C95A9982 
 264      132D
 265 070f BBE14DAA 		.ascii	"\273\341M\252\257\372\3526\236h\342\311Y\236\276\337"
 265      AFFAEA36 
 265      9E68E2C9 
 265      599EBEDF 
 266 071f 92CDB3D2 		.ascii	"\222\315\263\3220\255\354\246\016\024q\335]\226]\334"
 266      30ADECA6 
 266      0E1471DD 
 266      5D965DDC 
 267 072f 797619DC 		.ascii	"yv\031\334\233\020\353j5A\036\022x\202<\313\022\344"
 267      9B10EB6A 
 267      35411E12 
 267      78823CCB 
 267      12E4
 268 0741 8DF69E14 		.ascii	"\215\366\236\024'e\202<\010N\312\241\216=,\270I\203"
 268      2765823C 
 268      084ECAA1 
 268      8E3D2CB8 
 268      4983
ARM GAS  /var/folders/qd/4mxf5pkd0zdf0b9dd1hp39180000gn/T//ccuDbu2R.s 			page 21


 269 0753 08FA4CE3 		.ascii	"\010\372L\343\255\247\366\370k\033\232\203ZR\266\015"
 269      ADA7F6F8 
 269      6B1B9A83 
 269      5A52B60D 
 270 0763 DA48B746 		.ascii	"\332H\267F\374\217\2715rz\013\036\331\313';*\274b\262"
 270      FC8FB935 
 270      727A0B1E 
 270      D9CB273B 
 270      2ABC62B2 
 271 0777 A6DECC38 		.ascii	"\246\336\3148~\305_W\311~-\270\261_\013R\342t\347\211"
 271      7EC55F57 
 271      C97E2DB8 
 271      B15F0B52 
 271      E274E789 
 272 078b B3A4AAF1 		.ascii	"\263\244\252\361\012\302\011\214[\305h\376a>\226$\362"
 272      0AC2098C 
 272      5BC568FE 
 272      613E9624 
 272      F2
 273 079c CEC44BD3 		.ascii	"\316\304K\323\326}\222/\371\344\244@i>I\314_\251t\311"
 273      D67D922F 
 273      F9E4A440 
 273      693E49CC 
 273      5FA974C9 
 274 07b0 71609947 		.ascii	"q`\231GY\026P\226\371\022\313}\007\006N\010\3125YE'"
 274      59165096 
 274      F912CB7D 
 274      07064E08 
 274      CA355945 
 275 07c5 549EA9E2 		.ascii	"T\236\251\342\261\255!z\357\313S"
 275      B1AD217A 
 275      EFCB53
 276 07d0 B5763891 		.ascii	"\265v8\221\221\336\275\353Y\255\006'3\245h(\267\310"
 276      91DEBDEB 
 276      59AD0627 
 276      33A56828 
 276      B7C8
 277 07e2 9921CB88 		.ascii	"\231!\313\210\236Z\362\270\226\327,\032Y\267;\357\036"
 277      9E5AF2B8 
 277      96D72C1A 
 277      59B73BEF 
 277      1E
 278 07f3 CB1D3E68 		.ascii	"\313\035>h\213\367\262\261I\303\243\273m\255.\367\234"
 278      8BF7B2B1 
 278      49C3A3BB 
 278      6DAD2EF7 
 278      9C
 279 0804 B4DCC574 		.ascii	"\264\334\305t\265Eg\262\037i\224\313=\013\013(\242\013"
 279      B54567B2 
 279      1F6994CB 
 279      3D0B0B28 
 279      A20B
 280 0816 28A10B38 		.ascii	"(\241\0138'-\240$&\247\031+\227k\025}\2447m'\017\303"
 280      272DA024 
 280      26A7192B 
 280      976B157D 
 280      A4376D27 
ARM GAS  /var/folders/qd/4mxf5pkd0zdf0b9dd1hp39180000gn/T//ccuDbu2R.s 			page 22


 281 082c 3BA4CC98 		.ascii	";\244\314\230\310\034p\306i\214\344\303\241\251\223"
 281      C81C70C6 
 281      698CE4C3 
 281      A1A993
 282 083b 2E389329 		.ascii	".8\223)%E\347\253\370\352\026\223\242?\257\274\301\021"
 282      2545E7AB 
 282      F8EA1693 
 282      A23FAFBC 
 282      C111
 283 084d 1F627D53 		.ascii	"\037b}S\211\351\247\354q\036S\366\217\265\337\347\233"
 283      89E9A7EC 
 283      711E53F6 
 283      8FB5DFE7 
 283      9B
 284 085e DF93C439 		.ascii	"\337\223\3049\373\273]\366\270\200\365M'\306\357\263"
 284      FBBB5DF6 
 284      B880F54D 
 284      27C6EFB3 
 285 086e C3854C49 		.ascii	"\303\205LInH\316v\304%L\031\212\353\351\344[g\001\250"
 285      6E48CE76 
 285      C4254C19 
 285      8AEBE9E4 
 285      5B6701A8 
 286 0882 CFFB935B 		.ascii	"\317\373\223[\370\357\027'Y9\342\316\313\221\023Ow\356"
 286      F8EF1727 
 286      5939E2CE 
 286      CB91134F 
 286      77EE
 287 0894 71C4E56C 		.ascii	"q\304\345l\350\255\226\270b\216u\00456\357B\241\215"
 287      E8AD96B8 
 287      628E7504 
 287      3536EF42 
 287      A18D
 288 08a6 55D75E95 		.ascii	"U\327^\225\\[\307v\322\216\0239\027m\225\025\363\025"
 288      5C5BC776 
 288      D28E1339 
 288      176D9515 
 288      F315
 289 08b8 F0560DF5 		.ascii	"\360V\015\365V=\365\326U\311[\015\275\011\327\034\225"
 289      563DF5D6 
 289      55C95B0D 
 289      BD09D71C 
 289      95
 290 08c9 15B05574 		.ascii	"\025\260Utic\333\273\270\222\221|\322\320v\027\341+"
 290      6963DBBB 
 290      B892917C 
 290      D2D07617 
 290      E12B
 291 08db 4C89ABBB 		.ascii	"L\211\253\273r\330\016\3273e\360h}\215-nbJw\357\344"
 291      72D80ED7 
 291      3365F068 
 291      7D8D2D6E 
 291      624A77EF 
 292 08f0 598C6F33 		.ascii	"Y\214o3\345\320`\326\016{\334\316\307t\0175p\007m'\207"
 292      E5D060D6 
 292      0E7BDCCE 
 292      C7740F35 
ARM GAS  /var/folders/qd/4mxf5pkd0zdf0b9dd1hp39180000gn/T//ccuDbu2R.s 			page 23


 292      70076D27 
 293 0905 E9F970E1 		.ascii	"\351\371p\341\015\311%d\273\015<\351\231\326\340{\024"
 293      0DC92564 
 293      BB0D3CE9 
 293      99D6E07B 
 293      14
 294 0916 FC5A41E3 		.ascii	"\374ZA\343\325\014{Dk\011\313\343\311\337Yb2\244\353"
 294      D50C7B44 
 294      6B09CBE3 
 294      C9DF5962 
 294      32A4EB
 295 0929 8E7E7ED9 		.ascii	"\216~~\331|/\270\241\023\220\021[!\341I\247\002\345"
 295      7C2FB8A1 
 295      1390115B 
 295      21E149A7 
 295      02E5
 296 093b 2A537C85 		.ascii	"*S|\205\201U\025\015\200\256\345hi\341\250Z\216N\206"
 296      8155150D 
 296      80AEE568 
 296      69E1A85A 
 296      8E4E86
 297 094e DBB9713D 		.ascii	"\333\271q=\273\235\311\326;\315\321\346\324s\212\242"
 297      BB9DC9D6 
 297      3BCDD1E6 
 297      D4738AA2 
 298 095e 8BD1ACEB 		.ascii	"\213\321\254\353\371&\330k\246\235\255<\355\367A\332"
 298      F926D86B 
 298      A69DAD3C 
 298      EDF741DA 
 299 096e 1F8054DE 		.ascii	"\037\200T\336\001\322\017\362\020\244\023\344.H\013"
 299      01D20FF2 
 299      10A413E4 
 299      2E480B
 300 097d C87D9007 		.ascii	"\310}\220\007 \335 \275 = m \203 C &\220; \267A\332"
 300      20DD20BD 
 300      203D206D 
 300      20832043 
 300      2026903B 
 301 0995 41EE8174 		.ascii	"A\356\201t\231\257oZG\030,u\304E%\323\322\031\353\""
 301      99AF6F5A 
 301      47182C75 
 301      C44525D3 
 301      D219EB22 
 302 09a9 15CD7A76 		.ascii	"\025\315zv\321\035\003/\034\341h);\362\202UV\243\334"
 302      D11D032F 
 302      1CE16829 
 302      3BF28255 
 302      56A3DC
 303 09bc F9C462BB 		.ascii	"\371\304b\273Ii[kq\002\363Y\255\314gg\346\366\231\274"
 303      49695B6B 
 303      7102F359 
 303      ADCC6767 
 303      E6F699BC 
 304 09d0 FE91D9BE 		.ascii	"\376\221\331\276\256D\347)\321\2232\364\265\271\321"
 304      AE44E729 
 304      D19332F4 
 304      B5B9D1
ARM GAS  /var/folders/qd/4mxf5pkd0zdf0b9dd1hp39180000gn/T//ccuDbu2R.s 			page 24


 305 09df 12156A7C 		.ascii	"\022\025j|\275\005~K\011\317R\026n\003\334)p9\320:d"
 305      BD057E4B 
 305      09CF5216 
 305      6E03DC29 
 305      7039D03A 
 306 09f4 8653B267 		.ascii	"\206S\262g\031\277#\363\370e\245\361K\263\340\0032x"
 306      19BF23F3 
 306      F865A5F1 
 306      4BB3E003 
 306      3278
 307 0a06 B9125E36 		.ascii	"\271\022^6\013\336%\203W\314\015\227\227c\035\254\034"
 307      0BDE2583 
 307      57CC0D97 
 307      97631DAC 
 307      1C
 308 0a17 6B559663 		.ascii	"kU\226c\304To\207[V,9!\304V\243\322V\221\322\307\265"
 308      C4546F87 
 308      5B562C39 
 308      21C456A3 
 308      D25691D2 
 309 0a2d B299AB94 		.ascii	"\262\231\253\224hV\216\311\303\335\370\211%\3347\346"
 309      68568EC9 
 309      C3DDF889 
 309      25DC37E6 
 310 0a3d DC1C32DB 		.ascii	"\334\0342\333\2152\333\225s\373L\036m\031\372\302\334"
 310      8D32DB95 
 310      73FB4C1E 
 310      6D19FAC2 
 310      DC
 311 0a4e 7B7A8687 		.ascii	"{z\206\207e\233\343\207\271\227i&N2\001\017\367y\010"
 311      659BE387 
 311      B9976926 
 311      4E32010F 
 311      F77908
 312 0a61 7731874B 		.ascii	"w1\207K\327\013*\234Q\3545\230\276mP\343\3734'\011\355"
 312      D70B2A9C 
 312      51EC3598 
 312      BE6D50E3 
 312      FB342709 
 313 0a76 F74F2738 		.ascii	"\367O'8*\213=\351\310\243\0218\351\377\213S\317\213"
 313      2A8B3DE9 
 313      C8A31138 
 313      E9FF8B53 
 313      CF8B
 314 0a88 C17E5B52 		.ascii	"\301~[R\014\016\303\204\217,\305`\253T\014f\367v]R\313"
 314      0C0EC384 
 314      8F2CC560 
 314      AB540C66 
 314      F7765D52 
 315 0a9d 8BC1E119 		.ascii	"\213\301\341\031\305\340(/\006Gi1\330\227\363]\207\013"
 315      C5E0282F 
 315      06476931 
 315      D897F35D 
 315      870B
 316 0aaf 1E65593A 		.ascii	"\036eY:\253\277\376\012\277%\177I\376\036\263{p'bI\272"
 316      ABBFFE0A 
 316      BF257F49 
ARM GAS  /var/folders/qd/4mxf5pkd0zdf0b9dd1hp39180000gn/T//ccuDbu2R.s 			page 25


 316      FE1EB37B 
 316      70276249 
 317 0ac4 9F24EDCC 		.ascii	"\237$\355\314\372\261\024\007,\332R\354\331\322\207"
 317      FAB11407 
 317      2CDA52EC 
 317      D9D287
 318 0ad3 4B1994FC 		.ascii	"K\031\224\374@lOhkEV\257\255g\322\2655\316\256\255\346"
 318      406C4F68 
 318      6B4556AF 
 318      AD67D2B5 
 318      35CEAEAD 
 319 0ae8 67A5934E 		.ascii	"g\245\223Nx+5\244\316\213=6\254F\236\036\010\340\210"
 319      782B35A4 
 319      CE8B3D36 
 319      AC469E1E 
 319      08E088
 320 0afb FD4589FC 		.ascii	"\375E\211\374\237\200\012\275\200\2755!`\351\377\030"
 320      9F800ABD 
 320      80BD3521 
 320      60E9FF18 
 321 0b0b 5245303F 		.ascii	"RE0?\374/\322\014\3375\364=\307\337\226&\301\375/\350"
 321      FC2FD20C 
 321      DF35F43D 
 321      C7DF9626 
 321      C1FD2FE8 
 322 0b1f 7C53109D 		.ascii	"|S\020\235\347l\302\364\364\0137\221\374\346#\266\237"
 322      E76CC2F4 
 322      F40B3791 
 322      FCE623B6 
 322      9F
 323 0b30 40FF631A 		.ascii	"@\377c\032\361\227\364\346{&\335|\005i5\023\366\016"
 323      F197F4E6 
 323      7B26DD7C 
 323      05693513 
 323      F60E
 324 0b42 DC76FC7F 		.ascii	"\334v\374\177\262\235;\23235\343V\235~\225\355\027\305"
 324      B29D3B9A 
 324      3335E356 
 324      9D7E95ED 
 324      17C5
 325 0b54 E9DD4E6F 		.ascii	"\351\335Nod\213\327\313\304\262K\246\267R7\225\211\261"
 325      648BD7CB 
 325      C4B24BA6 
 325      B7523795 
 325      89B1
 326 0b66 EF2211BB 		.ascii	"\357\"\021\273\241\247\020\312z\264P6t\014Z>\021T(\006"
 326      A1A710CA 
 326      7AB45036 
 326      740C5A3E 
 326      11542806 
 327 0b7a BFA1FAAD 		.ascii	"\277\241\372\255\267\267\226\375\013\217\322\256\017"
 327      B7B796FD 
 327      0B8FD2AE 
 327      0F
 328 0b87 0CD14684 		.ascii	"\014\321F\204GFGi\203\302CC\303\303\264>\372\325\272"
 328      47464769 
 328      83C24343 
ARM GAS  /var/folders/qd/4mxf5pkd0zdf0b9dd1hp39180000gn/T//ccuDbu2R.s 			page 26


 328      C3C3B43E 
 328      FAD5BA
 329 0b9a D55F69C3 		.ascii	"\325_i\303\376\031\034\344\035\244\371\363\373\037\274"
 329      FE191CE4 
 329      1DA4F9F3 
 329      FB1FBC
 330 0ba9 AE5BB244 		.ascii	"\256[\262D\345`0l\010\016\213^\266\324\020\275\013i"
 330      E560306C 
 330      080E8B5E 
 330      B6D410BD 
 330      0B69
 331 0bbb 7D222242 		.ascii	"}\"\"B\202\203\002\243\203\303\303\242\264\276A!\301"
 331      828302A3 
 331      83C3C3A2 
 331      B4BE4121 
 331      C1
 332 0bcc 11514683 		.ascii	"\021QF\203\321+bC\320\337\227z\007FDhu\341a\321\306"
 332      D12B6243 
 332      D0DF977A 
 332      07464468 
 332      75E161D1 
 333 0be1 B0E8599D 		.ascii	"\260\350Y\235\3325\341\341!Q\332/\202\202\274\002#C"
 333      DA35E1E1 
 333      2151DA2F 
 333      8282BC02 
 333      2343
 334 0bf3 BDC2C2C3 		.ascii	"\275\302\302\303\214^\306\300\317\202\275\226{-]\274"
 334      8C5EC6C0 
 334      CF82BD96 
 334      7B2D5DBC 
 335 0c03 64B9D73F 		.ascii	"d\271\327?\336\366\012\015\3742<R;\243W\033\034\026"
 335      DEF60A0D 
 335      FC323C52 
 335      3BA3571B 
 335      1C16
 336 0c15 14B2619D 		.ascii	"\024\262a\235Q\033\032\030\264>8\314\2505\2543~\036"
 336      511B1A18 
 336      B43E38CC 
 336      A835AC33 
 336      7E1E
 337 0c27 B82124DA 		.ascii	"\270!$\332\020\2751\302\030\345\275^\245\221\310m\371"
 337      10BD31C2 
 337      18E5BD5E 
 337      A591C86D 
 337      F9
 338 0c38 FF918BDA 		.ascii	"\377\221\213\332\030\2455DE\257\003&\300h\036q\240o"
 338      18A53544 
 338      45AF0326 
 338      C0681E71 
 338      A06F
 339 0c4a 58E06721 		.ascii	"X\340g!\306\265\306\240\350\360\310\337\375x\257\253"
 339      C6B5C6A0 
 339      E8F0C8DF 
 339      FD78AFAB 
 340 0c5a 7E42DE2B 		.ascii	"~B\336+\202\243,\243=HK\2001:`cT\2641tU`\330\272\020"
 340      82A32CA3 
 340      3D484B80 
ARM GAS  /var/folders/qd/4mxf5pkd0zdf0b9dd1hp39180000gn/T//ccuDbu2R.s 			page 27


 340      313A6063 
 340      54B43174 
 341 0c73 63A47F64 		.ascii	"c\244\177dpxdp\364F:\227.\304\030\030\351o\014\203\371"
 341      70786470 
 341      F4463A97 
 341      2EC41818 
 341      E96F0C83 
 342 0c88 BFB0D7FB 		.ascii	"\277\260\327\373\006\370\352\327\372\256\370\275\340"
 342      06F8EAD7 
 342      FAAEF8BD 
 342      E0
 343 0c95 E76FCF42 		.ascii	"\347o\317B\367\216!\332\216\277\315\335o\253\375|\336"
 343      F78E21DA 
 343      8EBFCDDD 
 343      6FABFD7C 
 343      DE
 344 0ca6 D39BD565 		.ascii	"\323\233\325ej?\235\277E]\252\366\013\360\327k\364L"
 344      6A3F9DBF 
 344      455DAAF6 
 344      0BF0D76B 
 344      F44C
 345 0cb8 5B029DBE 		.ascii	"[\002\235\276\226\316\305\320\351\253W\007\254\361\323"
 345      96CEC5D0 
 345      E9AB5707 
 345      ACF1D3
 346 0cc7 FF46BE32 		.ascii	"\377F\2762\343W\321Z\335\352\000\277\000\263_\202\302"
 346      E357D15A 
 346      DDEA00BF 
 346      00B35F82 
 346      C2
 347 0cd8 238D86A0 		.ascii	"#\215\206\240\320\267\301)\366\357\257\365\323\031\326"
 347      D0B7C129 
 347      F6EFAFF5 
 347      D319D6
 348 0ce7 40D060B4 		.ascii	"@\320`\264\217^\275z\365J=\366Y\241\307+\340\355\277"
 348      8F5EBD7A 
 348      F54A3DF6 
 348      59A1C72B 
 348      E0EDBF
 349 0cfa 52AFF659 		.ascii	"R\257\366Y\031\240W\277\267\322Go\003]\000XA\364U\344"
 349      19A057BF 
 349      B7D2476F 
 349      035D0058 
 349      41F455E4 
 350 0d0e 43071F36 		.ascii	"C\007\0376\001\253t\001z\034\260\312\037\353t\360\326"
 350      01AB7401 
 350      7A1CB0CA 
 350      1FEB74F0 
 350      D6
 351 0d1f E96D7CFC 		.ascii	"\351m|\374\364:\275z\355\232\277\350\201\036 t\376\037"
 351      F43ABD7A 
 351      ED9ABFE8 
 351      811E2074 
 351      FE1F
 352 0d31 F8AD804F 		.ascii	"\370\255\200O\037\235^\023\240{\217\316\345l0|\276!"
 352      1F9D5E13 
 352      A07B8FCE 
ARM GAS  /var/folders/qd/4mxf5pkd0zdf0b9dd1hp39180000gn/T//ccuDbu2R.s 			page 28


 352      E56C307C 
 352      BE21
 353 0d43 2CC860F0 		.ascii	",\310`\360^\276\354\235%\032IS\007\255\017\214\3747"
 353      5EBEEC9D 
 353      251A4953 
 353      07AD0F8C 
 353      FC37
 354 0d55 3D522D65 		.ascii	"=R-e"
 355              		.text
 356              		.section	.gnu.lto_.symtab.a4f0272a3dd4c6a1,"",%progbits
 357 0000 6E766963 		.ascii	"nvicEnableVector\000"
 357      456E6162 
 357      6C655665 
 357      63746F72 
 357      00
 358 0011 00       		.ascii	"\000"
 359 0012 00       		.ascii	"\000"
 360 0013 00       		.ascii	"\000"
 361 0014 00000000 		.ascii	"\000\000\000\000\000\000\000\000"
 361      00000000 
 362 001c C7000000 		.ascii	"\307\000\000\000"
 363 0020 6E766963 		.ascii	"nvicDisableVector\000"
 363      44697361 
 363      626C6556 
 363      6563746F 
 363      7200
 364 0032 00       		.ascii	"\000"
 365 0033 00       		.ascii	"\000"
 366 0034 00       		.ascii	"\000"
 367 0035 00000000 		.ascii	"\000\000\000\000\000\000\000\000"
 367      00000000 
 368 003d CB000000 		.ascii	"\313\000\000\000"
 369 0041 6E766963 		.ascii	"nvicSetSystemHandlerPriority\000"
 369      53657453 
 369      79737465 
 369      6D48616E 
 369      646C6572 
 370 005e 00       		.ascii	"\000"
 371 005f 00       		.ascii	"\000"
 372 0060 00       		.ascii	"\000"
 373 0061 00000000 		.ascii	"\000\000\000\000\000\000\000\000"
 373      00000000 
 374 0069 CD000000 		.ascii	"\315\000\000\000"
 375 006d 6E766963 		.ascii	"nvicClearPending\000"
 375      436C6561 
 375      7250656E 
 375      64696E67 
 375      00
 376 007e 00       		.ascii	"\000"
 377 007f 00       		.ascii	"\000"
 378 0080 00       		.ascii	"\000"
 379 0081 00000000 		.ascii	"\000\000\000\000\000\000\000\000"
 379      00000000 
 380 0089 CF000000 		.ascii	"\317\000\000\000"
 381              		.text
 382              		.section	.gnu.lto_.opts,"",%progbits
 383 0000 272D666D 		.ascii	"'-fmath-errno' '-fsigned-zeros' '-ftrapping-math' '"
ARM GAS  /var/folders/qd/4mxf5pkd0zdf0b9dd1hp39180000gn/T//ccuDbu2R.s 			page 29


 383      6174682D 
 383      6572726E 
 383      6F272027 
 383      2D667369 
 384 0033 2D666E6F 		.ascii	"-fno-trapv' '-fno-openmp' '-fno-openacc' '-mcpu=cor"
 384      2D747261 
 384      70762720 
 384      272D666E 
 384      6F2D6F70 
 385 0066 7465782D 		.ascii	"tex-m4' '-mno-thumb-interwork' '-mthumb' '-O2' '-fo"
 385      6D342720 
 385      272D6D6E 
 385      6F2D7468 
 385      756D622D 
 386 0099 6D69742D 		.ascii	"mit-frame-pointer' '-falign-functions=16' '-ffuncti"
 386      6672616D 
 386      652D706F 
 386      696E7465 
 386      72272027 
 387 00cc 6F6E2D73 		.ascii	"on-sections' '-fdata-sections' '-fno-common' '-flto"
 387      65637469 
 387      6F6E7327 
 387      20272D66 
 387      64617461 
 388 00ff 2700     		.ascii	"'\000"
 389              		.text
 390              		.comm	__gnu_lto_v1,1,1
 391              		.comm	__gnu_lto_slim,1,1
 392              		.ident	"GCC: (GNU Tools for Arm Embedded Processors 7-2017-q4-major) 7.2.1 20170904 (release) [ARM
ARM GAS  /var/folders/qd/4mxf5pkd0zdf0b9dd1hp39180000gn/T//ccuDbu2R.s 			page 30


DEFINED SYMBOLS
                            *ABS*:0000000000000000 nvic.c
                            *COM*:0000000000000001 __gnu_lto_v1
                            *COM*:0000000000000001 __gnu_lto_slim

NO UNDEFINED SYMBOLS
