ARM GAS  /var/folders/qd/4mxf5pkd0zdf0b9dd1hp39180000gn/T//ccNp2FiO.s 			page 1


   1              		.cpu cortex-m4
   2              		.eabi_attribute 20, 1
   3              		.eabi_attribute 21, 1
   4              		.eabi_attribute 23, 3
   5              		.eabi_attribute 24, 1
   6              		.eabi_attribute 25, 1
   7              		.eabi_attribute 26, 1
   8              		.eabi_attribute 30, 2
   9              		.eabi_attribute 34, 1
  10              		.eabi_attribute 18, 4
  11              		.file	"nvic.c"
  12              		.section	.gnu.lto_.profile.3712a818a45e2d58,"",%progbits
  13 0000 789C6363 		.ascii	"x\234cc```\001bF\006)1\000\000\302\000<"
  13      60606001 
  13      62460629 
  13      310000C2 
  13      003C
  14              		.text
  15              		.section	.gnu.lto_.icf.3712a818a45e2d58,"",%progbits
  16 0000 789C6363 		.ascii	"x\234cc``\220b@\000\026\206\333\333\226\254be\354\\"
  16      60609062 
  16      40001686 
  16      DBDB96AC 
  16      6265EC5C 
  17 0014 F7E12E13 		.ascii	"\367\341.\023\323\243\203\263\367\3603/z\275\367\005"
  17      D3A383B3 
  17      F7F0332F 
  17      7ABDF705 
  18 0024 330300A6 		.ascii	"3\003\000\246U\014S"
  18      550C53
  19              		.text
  20              		.section	.gnu.lto_.jmpfuncs.3712a818a45e2d58,"",%progbits
  21 0000 789C6363 		.ascii	"x\234cc``\320a@\000\026\006&FF\346\3729\314\014 \314"
  21      6060D061 
  21      40001606 
  21      264646E6 
  21      FA39CC0C 
  22 0016 0804209A 		.ascii	"\010\004 \232\011Y\220\031*\310\000\000\237-\007\005"
  22      09599019 
  22      2AC80000 
  22      9F2D0705 
  23              		.text
  24              		.section	.gnu.lto_.inline.3712a818a45e2d58,"",%progbits
  25 0000 789C4D8C 		.ascii	"x\234M\214\321\021\2000\014B!\215i\364\307\021\352\004"
  25      D1118030 
  25      0C42218D 
  25      69F4C711 
  25      EA04
  26 0012 2ED9453A 		.ascii	".\331E:\222\2438\202\261\236U>\270\343\036`\000*>)\260"
  26      92A33882 
  26      B19E553E 
  26      B8E31E60 
  26      002A3E29 
  27 0027 CC146E8C 		.ascii	"\314\024n\214p\233\332\271\303Z\021\310\261*\"y\020"
  27      709BDAB9 
  27      C35A11C8 
  27      B12A2279 
ARM GAS  /var/folders/qd/4mxf5pkd0zdf0b9dd1hp39180000gn/T//ccNp2FiO.s 			page 2


  27      10
  28 0038 07E199EC 		.ascii	"\007\341\231\354\225\244\255<\225\240\332O\004\223\222"
  28      95A4AD3C 
  28      95A0DA4F 
  28      049392
  29 0047 FD25C5EE 		.ascii	"\375%\305\356w\020J\310\366N\007\034S\\\2260\015\244"
  29      77104AC8 
  29      F64E071C 
  29      535C9630 
  29      0DA4
  30              		.text
  31              		.section	.gnu.lto_.pureconst.3712a818a45e2d58,"",%progbits
  32 0000 789C6363 		.ascii	"x\234cc``\340\004b\026\006)F)&)f)\000\002\304\000\202"
  32      6060E004 
  32      62160629 
  32      46292629 
  32      66290002 
  33              		.text
  34              		.section	.gnu.lto_nvicEnableVector.3712a818a45e2d58,"",%progbits
  35 0000 789C9D53 		.ascii	"x\234\235S\317KTQ\024\276\337;\357\207\243\316,\332"
  35      CF4B5451 
  35      14BEDF3B 
  35      EF87A3CE 
  35      2CDA
  36 0012 45522E82 		.ascii	"ER.\202A\204y\011\375\003\321\332\026\375\007\341&!"
  36      41847909 
  36      FD03D1DA 
  36      16FD07E1 
  36      2621
  37 0024 674443DA 		.ascii	"gDC\332yg\306f\264\004\005G\203\341\021#\215\375 \312"
  37      7967C666 
  37      B4040547 
  37      83E11123 
  37      8DFD20CA 
  38 0038 42ADC6B2 		.ascii	"B\255\306\262^\223\226\021&\211\264kQJ\241\221\324\254"
  38      5E939611 
  38      2689B46B 
  38      514AA191 
  38      D4AC
  39 004a 82D43AF7 		.ascii	"\202\324:\367>\243\350\307\242.\357\236w\3569\347\273"
  39      3EA3E8C7 
  39      A22EEF9E 
  39      77EE39E7 
  39      BB
  40 005b E7FBEE7D 		.ascii	"\347\373\356}\317\026B\034!!\016\362{\017O\220\2001"
  40      CF16421C 
  40      21210EF2 
  40      7B0F4F90 
  40      8031
  41 006d F85C8864 		.ascii	"\370\\\210d\225\001(GVAt\033\350F?\345\010\345\354\333"
  41      95012847 
  41      5641741B 
  41      E8463FE5 
  41      08E5ECDB 
  42 0081 92D17049 		.ascii	"\222\321pI\362\360\317Uv\313\313><\206\217\360T\003"
  42      F2F0CF55 
  42      76CBCB3E 
ARM GAS  /var/folders/qd/4mxf5pkd0zdf0b9dd1hp39180000gn/T//ccNp2FiO.s 			page 3


  42      3C868FF0 
  42      5403
  43 0093 1368E0AA 		.ascii	"\023h\340\252\027=7<:K\036\001&/?-\344W\"ji\240\236"
  43      173D373C 
  43      3A4B1E01 
  43      262F3F2D 
  43      E457226A 
  44 00aa 975B3237 		.ascii	"\227[27\022\241\030\004\373\253\317.\014:\3211)S\322"
  44      12A11804 
  44      FBABCF2E 
  44      0C3AD131 
  44      2953D2
  45 00bd 9F2D92DC 		.ascii	"\237-\222\334\357\021\341\026\2107\304\024\3520\211"
  45      EF11E116 
  45      8837C414 
  45      EA3089
  46 00cc 3AC12181 		.ascii	":\301!\201\333\210r\371\325\324\273\017D\0074\364\315"
  46      DB8872F9 
  46      D5D4BB0F 
  46      440734F4 
  46      CD
  47 00dd FCEB9CB5 		.ascii	"\374\353\234\265\003]\035\333\201\336\371\003\264\204"
  47      035D1DDB 
  47      81DEF903 
  47      B484
  48 00eb A8AEBFB9 		.ascii	"\250\256\277\271=\034\266\315\200+\246a\013\2603\276"
  48      3D1CB6CD 
  48      802BA661 
  48      0BB033BE 
  49 00fb 64F972FB 		.ascii	"d\371r\373kV\372\313\027\261e\205\301\030\323P\206\330"
  49      6B56FACB 
  49      17B16585 
  49      C118D350 
  49      86D8
  50 010d 58261BDB 		.ascii	"X&\033\333R\236\255\214\003\265[\010\212\216\020\275"
  50      529EAD8C 
  50      03B55B08 
  50      8A8E10BD 
  51 011d BC131F91 		.ascii	"\274\023\037\221\364E\037\031\312K\373b\035\251Jvf "
  51      F4451F19 
  51      CA4BFB62 
  51      1DA94A76 
  51      6620
  52 012f A21AE409 		.ascii	"\242\032\344\011yr8\224\376\230A\02008\366\363\0019"
  52      79723894 
  52      FE984110 
  52      3038F6F3 
  52      0139
  53 0141 30719789 		.ascii	"0q\227\211\256\243\274|f\315RE\234\0369]^tT\272J+\235"
  53      AEA3BC7C 
  53      66CD5245 
  53      9C1E395D 
  53      5E7454BA 
  54 0158 1CDDF85C 		.ascii	"\034\335\370\\\033,e9-#\034\232x?\264\342\024p>\311"
  54      1B2C6539 
  54      2D231C9A 
  54      783FB4E2 
ARM GAS  /var/folders/qd/4mxf5pkd0zdf0b9dd1hp39180000gn/T//ccNp2FiO.s 			page 4


  54      14703EC9 
  55 016c 1751D8EB 		.ascii	"\027Q\330\353Q\0103,\371\036\357\244\000s\375\311\321"
  55      5108332C 
  55      F91EEFA4 
  55      0073FDC9 
  55      D1
  56 017d 6AF79AEC 		.ascii	"j\367\232\354I\312z\217\252q\037\005\014\353+\342\344"
  56      49CA7A8F 
  56      AA711F05 
  56      0CEB2BE2 
  56      E4
  57 018e CBA5A989 		.ascii	"\313\245\251\211H\323\270J\026\342\036\325\340\001\334"
  57      48D3B84A 
  57      16E21ED5 
  57      E001DC
  58 019d 3C85F4F5 		.ascii	"<\205\364\365\371hb\216\212\361ffa`W\300\2318\313\270"
  58      F968628E 
  58      8AF16666 
  58      616057C0 
  58      9938CBB8 
  59 01b1 A1E2F552 		.ascii	"\241\342\365RX\261\260\260\017\0175g\326u\305\011\212"
  59      58B1B0B0 
  59      0F0F3567 
  59      D675C509 
  59      8A
  60 01c2 4C34D671 		.ascii	"L4\326q\251\012V2}V\020\264\002\344\323\342\364\246"
  60      A90A5632 
  60      7D5610B4 
  60      02E4D3E2 
  60      F4A6
  61 01d4 E66FC342 		.ascii	"\346o\303BY#\371\220\276#\025\370\027\375\377\242\256"
  61      5923F990 
  61      BE2315F8 
  61      17FDFFA2 
  61      AE
  62 01e5 168FB43A 		.ascii	"\026\217\264:\374\256\256\313\2430f\225:K\253\233S\352"
  62      FCAEAECB 
  62      A3306695 
  62      3A4BAB9B 
  62      53EA
  63 01f7 ECA0D7AB 		.ascii	"\354\240\327\253\305\232\377j\366X73\376\322\354\311"
  63      C59AFF6A 
  63      F6583733 
  63      FED2ECC9 
  64 0207 8F66F341 		.ascii	"\217f\363A\263\015\244\012_t+\375\203\3642O\376P\030"
  64      B30DA40A 
  64      5F742BFD 
  64      83F4324F 
  64      FE5018
  65 021a DF188BB9 		.ascii	"\337\030\213\271\301\223\350t\217\037;\341\266':Nv\272"
  65      C193E874 
  65      8F1F3BE1 
  65      B6273A4E 
  65      76BA
  66 022c 2D89B6B6 		.ascii	"-\211\266\266D\334=t\264\371p\363)7\336\325\332\022"
  66      44DC3D74 
  66      B4F970F3 
ARM GAS  /var/folders/qd/4mxf5pkd0zdf0b9dd1hp39180000gn/T//ccNp2FiO.s 			page 5


  66      2937DED5 
  66      DA12
  67 023e 6B11889B 		.ascii	"k\021\210\233\355\035\255\211o\247\372\031\260"
  67      ED1DAD89 
  67      6FA7FA19 
  67      B0
  68              		.text
  69              		.section	.gnu.lto_nvicDisableVector.3712a818a45e2d58,"",%progbits
  70 0000 789C9552 		.ascii	"x\234\225RKkSQ\020\236\357\314}\244M\233\265`\320.\204"
  70      4B6B5351 
  70      109EEFCC 
  70      7DA44D9B 
  70      B560D02E 
  71 0015 520AB9E4 		.ascii	"R\012\271\344'\210\340\256\033\377\201d\243`\023i\245"
  71      2788E0AE 
  71      1BFF8164 
  71      A3601369 
  71      A5
  72 0026 B8EB49D2 		.ascii	"\270\353I\322&\255fQh\033%\\\344\026#\342BkI\253\246"
  72      26AD6651 
  72      681B255C 
  72      E41623E2 
  72      426B49AB 
  73 003b BEAE292E 		.ascii	"\276\256).\304\027\026\361\007\330\342\023\212\026\027"
  73      C41716F1 
  73      07D8E213 
  73      8A1617
  74 004a 2EFA70CE 		.ascii	".\372p\316\275\012\202+\207{\316\235\2313\337|sf\216"
  74      BD0A822B 
  74      877BCE9D 
  74      9933DF7C 
  74      73668E
  75 005d 4344238A 		.ascii	"CD#\212\310\223\377AY`\202\232yETL(\300(:\001\032W\030"
  75      C893FF41 
  75      5960829A 
  75      7945544C 
  75      28C0283A 
  76 0075 478DE718 		.ascii	"G\215\347\030\235\352\207\266\032\270\256E\302K\015"
  76      9DEA87B6 
  76      1AB8AE45 
  76      C24B0D
  77 0084 A7A2270F 		.ascii	"\247\242'\017\370LT\227e\004-\014H\324\233\211\333>"
  77      F84C5497 
  77      65042D0C 
  77      48D49B89 
  77      DB3E
  78 0096 5F649F01 		.ascii	"_d\237\001K\314\357/\033\033)c*\364\211\271\253\347"
  78      4BCCEF2F 
  78      1B1B2963 
  78      2AF489B9 
  78      ABE7
  79 00a8 EA29CE80 		.ascii	"\352)\316\200D\337|~u\306\355\277\246uI\207/\232\254"
  79      44DF7C7E 
  79      75C6EDBF 
  79      A6754987 
  79      2F9AAC
  80 00bb 8FF8CCB8 		.ascii	"\217\370\314\270\003\226\204XA\032\313H\223\270\010"
ARM GAS  /var/folders/qd/4mxf5pkd0zdf0b9dd1hp39180000gn/T//ccNp2FiO.s 			page 6


  80      03968458 
  80      411ACB48 
  80      93B808
  81 00ca 77D16FE2 		.ascii	"w\321o\342\337/\355\315\367:VL\210{p\010\242,\256\333"
  81      DF2FEDCD 
  81      F73A564C 
  81      887B7008 
  81      A22CAEDB 
  82 00de A1DEDBAF 		.ascii	"\241\336\333\257\352p\263\211\326\361.\010\306R\262"
  82      EA70B389 
  82      D6F12E08 
  82      C652B2
  83 00ed D96C34CB 		.ascii	"\331l4\313l6\242\0344%H\271\227\016i\232\225\321\312"
  83      6C36A21C 
  83      342548B9 
  83      970E699A 
  83      95D1CA
  84 0100 217D4179 		.ascii	"!}Ay\247\262\273\024(\223\261\301h\260-\\\263\315[\355"
  84      A7B2BB14 
  84      2893B1C1 
  84      68B02D5C 
  84      B3CD5BED 
  85 0114 5E53B685 		.ascii	"^S\266\205\303hK!\022\366\255r\303\215\203\024\006\323"
  85      C3684B21 
  85      12F6AD72 
  85      C38D8314 
  85      06D3
  86 0126 126A9CDB 		.ascii	"\022j\234\333\225i;vr\214|\326\\\335\3511H\0336V#di"
  86      95693B76 
  86      728C7CD6 
  86      5CDDE931 
  86      481B3656 
  87 013d BBFA0769 		.ascii	"\273\372\007i\011X<\235\267\027>G0\001\324';\257]\003"
  87      09583C9D 
  87      B7173E47 
  87      3001D427 
  87      3BAF5D03 
  88 0151 70A2AE2C 		.ascii	"p\242\256,/l\375\354\211M\335)\353\224\270Z_g7\334\000"
  88      2F6CFDEC 
  88      894DDD29 
  88      EB94B85A 
  88      5F6737DC 
  89 0166 578AD2F9 		.ascii	"W\212\322\371\340\220\317.\036H{\356Kn\003xZ+.t{7\365"
  89      E090CF2E 
  89      1E487BEE 
  89      4B6E0378 
  89      5A2B2E74 
  90 017d 4451F7F9 		.ascii	"DQ\367\371\234\300C\004\230\217f\"\207\357\326WZ\251"
  90      9CC04304 
  90      988F6622 
  90      87EFD657 
  90      5AA9
  91 018f ECA2390C 		.ascii	"\354\2429\014\306|\356\302#xRj4\257\307\310JA\246\232"
  91      C67CEEC2 
  91      2378526A 
  91      34AFC7C8 
  91      4A41A69A 
ARM GAS  /var/folders/qd/4mxf5pkd0zdf0b9dd1hp39180000gn/T//ccNp2FiO.s 			page 7


  92 01a3 1F9F2EAF 		.ascii	"\037\237.\257%\177\227\363?d\335\010#2\374K\226\367"
  92      257F97F3 
  92      3F64DD08 
  92      2332FC4B 
  92      96F7
  93 01b5 39892786 		.ascii	"9\211'\206\314\216\310:\310\376}\327$\010k\222s\013"
  93      CC8EC83A 
  93      C8FE7DD7 
  93      24086B92 
  93      730B
  94 01c7 A5E0630D 		.ascii	"\245\340c\015\3214\215LI.\231\213\274\312\301L\306\213"
  94      D1348D4C 
  94      492E998B 
  94      BCCAC14C 
  94      C68B
  95 01d9 BFC2A877 		.ascii	"\277\302\250w\352\344\031\357la\344\334\250\227+\014"
  95      EAE419EF 
  95      6C61E4DC 
  95      A8972B0C 
  96 01e9 0F17F2DE 		.ascii	"\017\027\362\336\321\023C\307\206\316{\371\261\323\271"
  96      D11343C7 
  96      86CE7BF9 
  96      B1D3B9
  97 01f8 4C8E90FF 		.ascii	"L\216\220\377\005D\312\324\370"
  97      0544CAD4 
  97      F8
  98              		.text
  99              		.section	.gnu.lto_nvicSetSystemHandlerPriority.3712a818a45e2d58,"",%progbits
 100 0000 789C6D51 		.ascii	"x\234mQ\315KTQ\024?\277{\336{\363\012\262\255\224\013"
 100      CD4B5451 
 100      143FBF7B 
 100      DE7BF30A 
 100      B2AD940B 
 101 0014 17C120C1 		.ascii	"\027\301 \301<\334\264h\027m\332\270\361?\220IP\320"
 101      3CDCB468 
 101      176DDAB8 
 101      F13F9049 
 101      50D0
 102 0026 79328AB4 		.ascii	"y2\212\264\363\316\214:f\005\242\243\306\360\210\267"
 102      F3CE8C3A 
 102      6605A2A3 
 102      C6F088B7 
 103 0036 1195080B 		.ascii	"\021\225\010\013\263\032\035\3551\2536}8D\220\320\242"
 103      B31A1DED 
 103      31AB367D 
 103      384490D0 
 103      A2
 104 0047 0F14268A 		.ascii	"\017\024&\212>\\\264\262\316}N\320\242\313\3758_\277"
 104      3E5CB4B2 
 104      CE7D4ED0 
 104      A2CBFD38 
 104      5FBF
 105 0059 737FE71C 		.ascii	"s\177\347\034\207\210~\202\350\242\274g\345\200\011"
 105      87887E82 
 105      E8A2BC67 
 105      E58009
 106 0068 6AE60551 		.ascii	"j\346\005Q\316U\200\021\264\013\032S\030\303M.1j\305"
ARM GAS  /var/folders/qd/4mxf5pkd0zdf0b9dd1hp39180000gn/T//ccNp2FiO.s 			page 8


 106      CE558011 
 106      B40B1A53 
 106      18C34D2E 
 106      316AC5
 107 007b FD8AEA58 		.ascii	"\375\212\352X\326\262\242\305\2723\251'Z\003&Z\220c"
 107      D6B2A2C5 
 107      BA33A927 
 107      5A03265A 
 107      9063
 108 008d 16D6D121 		.ascii	"\026\326\321!Q\273\343\367\003\276\301\001\003\226\250"
 108      51BBE3F7 
 108      03BEC101 
 108      0396A8
 109 009c DF9F973F 		.ascii	"\337\237\227?\266\030U\241]\324\302\334N\325\345\024"
 109      B61855A1 
 109      5DD4C2DC 
 109      4ED5E514 
 110 00ac 48E4FAFA 		.ascii	"H\344\372\372\355+\311%\255\363:\372\264\304\372\\\300"
 110      ED2BC925 
 110      ADF33AFA 
 110      B4C4FA5C 
 110      C0
 111 00bd 8C4760C9 		.ascii	"\214G`\311\207\015\264\341!\332HL\204\307HJ\364\335"
 111      870DB4E1 
 111      21DA484C 
 111      84C7484A 
 111      F4DD
 112 00cf FCC117E6 		.ascii	"\374\301\027\346\0131\362\303\263\367%\273\011=\\nB"
 112      0B31F2C3 
 112      B3F725BB 
 112      093D5C6E 
 112      42
 113 00e0 9FFC075A 		.ascii	"\237\374\007ZA2\216\177p4\177\312\261\302\277l\261\011"
 113      41328E7F 
 113      70347FCA 
 113      B1C2BF6C 
 113      B109
 114 00f2 87A4725A 		.ascii	"\207\244rZ\253\333\221>\372]\024\006\255{\237\335\004"
 114      ABDB913E 
 114      FA5D1406 
 114      AD7B9FDD 
 114      04
 115 0103 04662973 		.ascii	"\004f)s\011}\001\3330\277\023M\011J\032\242#\272\316"
 115      097D01DB 
 115      30BF134D 
 115      094A1AA2 
 115      23BACE
 116 0116 CA488588 		.ascii	"\312H\205\210\032\310\377(\276\333\250\302d+3\312\362"
 116      1AC8FF28 
 116      BEDBA8C2 
 116      642B33CA 
 116      F2
 117 0127 6103856F 		.ascii	"a\003\205o\223M\203\022\333\277\375\260aaK\2105P{=\375"
 117      934D8312 
 117      DBBFFDB0 
 117      61614B88 
 117      35507B3D 
ARM GAS  /var/folders/qd/4mxf5pkd0zdf0b9dd1hp39180000gn/T//ccNp2FiO.s 			page 9


 118 013c D63641E2 		.ascii	"\3266A\342^\230\250\275L\030\267\023W\226\253TK\366"
 118      5E98A8BD 
 118      4C18B713 
 118      5796AB54 
 118      4BF6
 119 014e B1AAF70A 		.ascii	"\261\252\367\012\272EL\215\335\303Wv\210;9\351{x&\340"
 119      BA454C8D 
 119      DDC35776 
 119      883B39E9 
 119      7B7826E0 
 120 0162 04B6A5C4 		.ascii	"\004\266\245\304\252d2\200\331\351\325\325\223\336="
 120      AA643280 
 120      D9E9D5D5 
 120      93DE3D
 121 0171 3D9ED3ED 		.ascii	"=\236\323\355\001\273\330A\210\371x\"\342|\263\362k"
 121      01BBD841 
 121      88F97822 
 121      E27CB3F2 
 121      6B
 122 0182 F174E79A 		.ascii	"\361t\347\232q\206\231\200O\340)\2742\333\361\264\""
 122      71869980 
 122      4FE029BC 
 122      32DBF1B4 
 122      22
 123 0193 740A47FA 		.ascii	"t\012G\372\212|\270u+\246\034Oq\212a\352SD\347S)\357"
 123      8A7CB875 
 123      2BA61C4F 
 123      718A61EA 
 123      5344E753 
 124 01a9 78FBC35E 		.ascii	"x\373\303^_\317\2007\344gG\206\275\264?8\350g\274K\335"
 124      5FCF8037 
 124      E4674786 
 124      BDB43F38 
 124      E867BC4B 
 125 01be 5D97BBAE 		.ascii	"]\227\273\256y\231\321\376t*M\211\276\236\314\325\201"
 125      7999D1FE 
 125      742A4D89 
 125      BE9ECCD5 
 125      81
 126 01cf DEAC3594 		.ascii	"\336\2545\224\355\367\377\000%\355\2619"
 126      EDF7FF00 
 126      25EDB139 
 127              		.text
 128              		.section	.gnu.lto_nvicClearPending.3712a818a45e2d58,"",%progbits
 129 0000 789C3551 		.ascii	"x\2345Q\317KTQ\024>\337=\357\307\024:\353\240\241\\"
 129      CF4B5451 
 129      143EDF3D 
 129      EFC7143A 
 129      EBA0A15C 
 130 0014 0422C25C 		.ascii	"\004\"\302\\\374\023\302E+7\375\0071\033\203\234\211"
 130      FC13C245 
 130      2B37FD07 
 130      311B839C 
 130      89
 131 0025 0C69E79D 		.ascii	"\014i\347\235\031\235\321\2240\324\011\206\207<q\"Z"
 131      199DD194 
 131      30D40986 
ARM GAS  /var/folders/qd/4mxf5pkd0zdf0b9dd1hp39180000gn/T//ccNp2FiO.s 			page 10


 131      873C7122 
 131      5A
 132 0036 94C56836 		.ascii	"\224\305h6\366\3531\344B\242\"\211V\2552\004\013$\005"
 132      F6EB31E4 
 132      42A22289 
 132      56AD3204 
 132      0B2405
 133 0049 2142AD73 		.ascii	"!B\255s\337\243\303\375q\316\271\347;\367\273\337\365"
 133      DFA3C3FD 
 133      71CEB9E7 
 133      3BF7BBDF 
 133      F5
 134 005a 88E81044 		.ascii	"\210\350\020DZ\366\2632\301\0045\363\201\250\230R\200"
 134      5AF6B332 
 134      C10435F3 
 134      81A89852 
 134      80
 135 006b 754C0A34 		.ascii	"uL\0124\2520\212i\236c\264\253;-\325\363\300\210E\367"
 135      AA308A69 
 135      9E63B4AB 
 135      3B2DD5F3 
 135      C08845F7 
 136 007f FE781533 		.ascii	"\376x\0253~&`\242\232Lkh\242G\252>\215=\011x\212\003"
 136      7E2660A2 
 136      9A4C6B68 
 136      A247AA3E 
 136      8D3D0978 
 137 0095 061C09F7 		.ascii	"\006\034\011\367\337\327\267\3236T\350\222\360\330\314"
 137      DFD7B7D3 
 137      3654E892 
 137      F0D8CC
 138 00a4 D5D29C05 		.ascii	"\325\322\234\005\211\377\375\335\322\214\337}\337\230"
 138      89FFFDDD 
 138      D28CDF7D 
 138      DF98
 139 00b2 9289DE36 		.ascii	"\222\211\3366\330\\\010\230\361\014,\015\261\212\014"
 139      D85C0898 
 139      F10C2C0D 
 139      B18A0C
 140 00c1 56902149 		.ascii	"V\220!I\021\326\320m\353\277==\231\357\364\234\344B"
 140      11D6D06D 
 140      EBBF3D3D 
 140      99EFF49C 
 140      E442
 141 00d3 3C874742 		.ascii	"<\207GB\236\226\267\334\310\234\374\255\232\350k\003"
 141      9E96B7DC 
 141      C89CFCAD 
 141      9AE86B03 
 142 00e3 772F09E3 		.ascii	"w/\011\343\200\035%\213\313\326s\354\342\"\356A\023"
 142      801D258B 
 142      CBD673EC 
 142      E222EE41 
 142      13
 143 00f4 82947799 		.ascii	"\202\224w\231\210&YY\257\034\321\017\224\217*\307k\241"
 143      88265959 
 143      AF1CD10F 
 143      948F2AC7 
ARM GAS  /var/folders/qd/4mxf5pkd0zdf0b9dd1hp39180000gn/T//ccNp2FiO.s 			page 11


 143      6BA1
 144 0106 B21DEB8C 		.ascii	"\262\035\353\214:\273r\327l\343q\253\323\322vp\036-"
 144      3ABB72D7 
 144      6CE371AB 
 144      D3D27670 
 144      1E2D
 145 0118 212265BF 		.ascii	"!\"e\277*\017\375\244H\2417#\2456yP\231t\223$'\310\315"
 145      2A0FFDA4 
 145      48A13723 
 145      A5367950 
 145      99749324 
 146 012f C6FA5187 		.ascii	"\306\372Q\207E\272p\261\036#K\007\325\377HG\300\222"
 146      45BA70B1 
 146      1E234B07 
 146      D5FF4847 
 146      C092
 147 0141 697FBEBD 		.ascii	"i\177\276\275\033\303\004P\033o\177\364-\300\213UYY"
 147      1BC30450 
 147      1B6F7FF4 
 147      2DC08B55 
 147      5959
 148 0153 DCFBDD91 		.ascii	"\334\373\335\221\204\246]6iI5\177\316n\373!\026\212"
 148      84A65D36 
 148      6949357F 
 148      CE6EFB21 
 148      168A
 149 0165 A27C782E 		.ascii	"\242|x.`\037/E\236\027\322\333\0026\246\213\213\247"
 149      601F2F45 
 149      9E17D2DB 
 149      0236A68B 
 149      8BA7
 150 0177 F5233356 		.ascii	"\365#3V4]\001\247\360\012!\346\343?\221\303/[\253\315"
 150      345D01A7 
 150      F00A21E6 
 150      E33F91C3 
 150      2F5BABCD 
 151 018b 74DFB23D 		.ascii	"t\337\262=\014G\002>\205\327\320B5\376\2577\350\023"
 151      0C47023E 
 151      85D7D042 
 151      35FEAF37 
 151      E813
 152 019d 42B48752 		.ascii	"B\264\207R\270t\007\261\240\326&\344a\"\215\"\352\315"
 152      B87407B1 
 152      A0D626E4 
 152      61228D22 
 152      EACD
 153 01af 6675320A 		.ascii	"fu2\012\303z\360\3125}\275p\343\346\260\316\025\206"
 153      C37AF0CA 
 153      357DBD70 
 153      E3E6B0CE 
 153      1586
 154 01c1 860A797D 		.ascii	"\206\012y}\361\362@\377\300-\235\037\271\232\313\346"
 154      F1F240FF 
 154      C02D9D1F 
 154      B99ACBE6 
 155 01d1 08F97F0B 		.ascii	"\010\371\177\013\343\254\267"
 155      E3ACB7
ARM GAS  /var/folders/qd/4mxf5pkd0zdf0b9dd1hp39180000gn/T//ccNp2FiO.s 			page 12


 156              		.text
 157              		.section	.gnu.lto_.symbol_nodes.3712a818a45e2d58,"",%progbits
 158 0000 789C6363 		.ascii	"x\234cc``\360\002b\006\246\026\246z\006\206\011\347"
 158      6060F002 
 158      6206A616 
 158      A67A0686 
 158      09E7
 159 0012 181880D4 		.ascii	"\030\030\200\324\256\006G\240H+S=#\252H\033S=\023\252"
 159      AE0647A0 
 159      482B533D 
 159      23AA481B 
 159      533D13AA 
 160 0026 483B533D 		.ascii	"H;S=3\212\010\003\000\255\216\021\331"
 160      338A0803 
 160      00AD8E11 
 160      D9
 161              		.text
 162              		.section	.gnu.lto_.refs.3712a818a45e2d58,"",%progbits
 163 0000 789C6363 		.ascii	"x\234cc```\004b\006\000\000D\000\010"
 163      60606004 
 163      62060000 
 163      440008
 164              		.text
 165              		.section	.gnu.lto_.decls.3712a818a45e2d58,"",%progbits
 166 0000 789CC559 		.ascii	"x\234\305YkTT\327\025\236s\317\000\303\333\"\253\261"
 166      6B5454D7 
 166      159E73CF 
 166      00C3DB22 
 166      ABB1
 167 0012 295D4D5D 		.ascii	")]M]f\205\266\201Q\363\354\2376d\304\312\017S\326`\\"
 167      6685B681 
 167      51F3EC9F 
 167      3664C4CA 
 167      0F53D660 
 168 0027 4DB29A09 		.ascii	"M\262\232\011\301I$\345U\300\256\370\253\027\301\210"
 168      C14924E5 
 168      55C0AEF8 
 168      AB17C188 
 169 0037 E20394A0 		.ascii	"\342\003\224\240\"\206\247OP!*\210\210\002\312C\020"
 169      2286A74F 
 169      50212A88 
 169      8802CA43 
 169      10
 170 0048 34202AF2 		.ascii	"4 *\362\030D@DD\036*\202(\335\347qg.\027\306\372\243"
 170      18444044 
 170      441E2A82 
 170      28DDE771 
 170      672E17C6 
 171 005e ABBDCB3D 		.ascii	"\253\275\313=w\3669\337\331\347;{\237\263\317\036\264"
 171      77F639DF 
 171      D9E73B7B 
 171      9FB3CF1E 
 171      B4
 172 006f 55A95481 		.ascii	"U\251T\201\277P\251\234\261J\225\201T\252)xl\240\255"
 172      BF50A99C 
 172      B14A9581 
 172      54AA2978 
ARM GAS  /var/folders/qd/4mxf5pkd0zdf0b9dd1hp39180000gn/T//ccNp2FiO.s 			page 13


 172      6CA0AD
 173 0082 1C045455 		.ascii	"\034\004TU\251\212=j\220j\220:\220z\220\313\252\231"
 173      A98A3D6A 
 173      906A903A 
 173      907A90CB 
 173      AA99
 174 0094 CF3618E0 		.ascii	"\3176\030\340\002\357/@\334@\334\371x\017\2207@>\005"
 174      02EF2F40 
 174      DC40DCF9 
 174      780F9037 
 174      403E05
 175 00a7 F904E437 		.ascii	"\371\004\3447\200\3735H\037|\277\003\362\004d\014\004"
 175      80FB3548 
 175      1F7CBF03 
 175      F204640C 
 175      04
 176 00b8 28A8E640 		.ascii	"(\250\346@\273\007\210+b\363W\3172\317N\350p\232e\036"
 176      BB07882B 
 176      62F357CF 
 176      32CF4EE8 
 176      709A651E 
 177 00cc 690EC9BE 		.ascii	"i\016\311\276dW\232G\000\231\213\330\034\210\257E\371"
 177      64579A47 
 177      00998BD8 
 177      1C88AF45 
 177      F9
 178 00dd EC810E07 		.ascii	"\354\201\016\007+k \334#\241?\002\344#\304l\022;\237"
 178      2B6B20DC 
 178      23A13F02 
 178      E423C46C 
 178      123B9F
 179 00f0 707BF55C 		.ascii	"p{\365\\\217A\323m\246[\261i\215/\031\356\301m\316\346"
 179      8F41D36D 
 179      A65BB169 
 179      8D2F19EE 
 179      C16DCEE6 
 180 0104 E7648CDA 		.ascii	"\347d\214\332k\016\345\342\004\214\336p@$b\256\320t"
 180      6B0EE5E2 
 180      048CDE70 
 180      402462AE 
 180      D074
 181 0116 6CA078DC 		.ascii	"l\240x\334\2315\021Dcy\2623\026\350\327\316\274\270"
 181      99351144 
 181      6379B233 
 181      16E8D7CE 
 181      BCB8
 182 0128 1E7BEF3C 		.ascii	"\036{\357<\221=\232\277\251\320I\204%K\215\333Fr\354"
 182      913D9ABF 
 182      A9D04984 
 182      254B8DDB 
 182      4672EC
 183 013b F0BB14F8 		.ascii	"\360\273\024\370S\\~\032\261\352\346\200\324\240\016"
 183      535C7E1A 
 183      B1EAE680 
 183      D4A00E
 184 014a D7A7DE76 		.ascii	"\327\247\336v\001\325\335\001\275\226\214\005S\313\323"
 184      01D5DD01 
ARM GAS  /var/folders/qd/4mxf5pkd0zdf0b9dd1hp39180000gn/T//ccNp2FiO.s 			page 14


 184      BD968C05 
 184      53CBD3
 185 0159 3617E4E0 		.ascii	"6\027\344\340\031/\212\353\304\214X\321~\231\012\025"
 185      192F8AEB 
 185      C48C58D1 
 185      7E990A15 
 186 0169 230F740A 		.ascii	"#\017t\012y\250P\011\362$3\027\"o\025:\001\215\307\241"
 186      79A85009 
 186      F2243317 
 186      226F153A 
 186      018DC7A1 
 187 017d 713F99AE 		.ascii	"q?\231\256\354\362\256?\356\036\021\305\327\320i\344"
 187      ECF2AE3F 
 187      EE1E11C5 
 187      D7D069E4 
 188 018d 808A10A6 		.ascii	"\200\212\020\246\030X\334\033\016\214\300\241\234\244"
 188      1858DC1B 
 188      0E8CC0A1 
 188      9CA4
 189 019b 2C5BDC8C 		.ascii	",[\334\214\010\003\241dOO\245`m\216\263V\347\030+\231"
 189      0803A164 
 189      4F4FA560 
 189      6D8EB356 
 189      E7182B99 
 190 01af 5FB55E14 		.ascii	"_\265^\024\005T\012s\234\261\314\001S\222\027\264\302"
 190      05540A73 
 190      9CB1CC01 
 190      539217B4 
 190      C2
 191 01c0 44A7CB4B 		.ascii	"D\247\313K\3179\232P;\202}\200\346\320\365#\304>\341"
 191      CF399A50 
 191      3B827D80 
 191      E6D0F523 
 191      C43EE1
 192 01d3 4D84EA53 		.ascii	"M\204\352S\322\203X;\264\012\354\305\241D\221\206 s"
 192      D283583B 
 192      B40AECC5 
 192      A1449186 
 192      2073
 193 01e5 8BC06D08 		.ascii	"\213\300m\010\222]\372\217\033@r\253\254\237M'=,\352"
 193      925DFA8F 
 193      1B4072AB 
 193      AC9F4D27 
 193      3D2CEA
 194 01f8 EC8B6C1C 		.ascii	"\354\213l\034k\022,\223\311\206\314\340\2522w\233IY"
 194      6B122C93 
 194      C986CCE0 
 194      AA32779B 
 194      4959
 195 020a 168978B8 		.ascii	"\026\211x\270\233\0076\037u\352D\035\320\013\3339Q\023"
 195      9B07361F 
 195      75EA441D 
 195      D00BDB39 
 195      5113
 196 021c 4A03BFE7 		.ascii	"J\003\277\347jW\266\200\357\260\355R}\360d9R\013\314"
 196      6A57B680 
 196      EFB0ED52 
ARM GAS  /var/folders/qd/4mxf5pkd0zdf0b9dd1hp39180000gn/T//ccNp2FiO.s 			page 15


 196      7DF06439 
 196      520BCC
 197 022f 6F284C4D 		.ascii	"o(LM\332\352\306\016\234S\233\333*\020m\254\234\032"
 197      DAEAC60E 
 197      9C539BDB 
 197      2A106DAC 
 197      9C1A
 198 0241 2B7365DB 		.ascii	"+se\333E ;i\350\322^G\266]\346\220\335s\266#E\230\227"
 198      45203B69 
 198      E8D25E47 
 198      B65DE690 
 198      DD73B623 
 199 0258 42E29318 		.ascii	"B\342\223\030+\316\021\320\027?G\225\020\265\013\020"
 199      2BCE11D0 
 199      173F4795 
 199      10B50B10 
 200 0268 3515AA42 		.ascii	"5\025\252B\363\340\363<R3Z\005\011\3176h\346g\210\031"
 200      F3E0F33C 
 200      52335A05 
 200      09CF3668 
 200      E6678819 
 201 027c 9D6259B5 		.ascii	"\235bY\265i\301\235\023\242\010\361\024\325\004\207"
 201      69C19D13 
 201      A208F114 
 201      D50487
 202 028b CA2D012D 		.ascii	"\312-\001-'\033\027\225\241N\204\316!\023,\242\032\315"
 202      271B1795 
 202      A14E84CE 
 202      21132CA2 
 202      1ACD
 203 029d 27ABEA28 		.ascii	"'\253\352(\035\3028\007[\345\277\263)\353\264\263U2"
 203      1DC23807 
 203      5BE5BFB3 
 203      29EBB4B3 
 203      5532
 204 02af B594CC45 		.ascii	"\265\224\314E\211\314TKy\237\013'\323?/U,['\222\275"
 204      89CC544B 
 204      799F0B27 
 204      D33F2F55 
 204      2C5B2792 
 205 02c4 05285463 		.ascii	"\005(Tc\241R\243\244RG\251\024<\271\027\213q!\243\262"
 205      A152A3A4 
 205      5247A914 
 205      3CB9178B 
 205      7121A3B2 
 206 02d8 232E29D9 		.ascii	"#.)\331\236[\252}\325l\211,\352\222\305\322%\245\245"
 206      9E5BAA7D 
 206      D56C892C 
 206      EA92C5D2 
 206      25A5A5
 207 02eb 7A6AA9F4 		.ascii	"zj\251\364\300N?\334\304\014\015\237\211\371\253\304"
 207      C04E3FDC 
 207      C40C0D9F 
 207      89F9ABC4 
 208 02fb E897D318 		.ascii	"\350\227\323\0305X\3544(\355\\\246v\362\232\323K\234"
 208      3558EC34 
 208      28ED5CA6 
ARM GAS  /var/folders/qd/4mxf5pkd0zdf0b9dd1hp39180000gn/T//ccNp2FiO.s 			page 16


 208      76F29AD3 
 208      4B9C
 209 030d 5898440F 		.ascii	"X\230D\017b\253|\303\011\256\017\331\201\236|\344v\021"
 209      62AB7CC3 
 209      09AE0FD9 
 209      819E7CE4 
 209      7611
 210 031f 627AA23B 		.ascii	"bz\242;\350}\315\007R\235Y\034\305L\004\015{''\343\324"
 210      E87DCD07 
 210      529D591C 
 210      C54C040D 
 210      7B2727E3 
 211 0334 B89B31B9 		.ascii	"\270\2331\271u\355y\035\317\021\2616dg\364\264}\357"
 211      75ED791D 
 211      CF11B136 
 211      6467F4B4 
 211      7DEF
 212 0346 EC104F3C 		.ascii	"\354\020O<K\317+\351\220N\254\012]#\007\020i=P3\250"
 212      4BCF2BE9 
 212      904EAC0A 
 212      5D230710 
 212      693D5033 
 213 035b 80CE4DC9 		.ascii	"\200\316M\311:\211\335\022i\034D\361\0035\015Q\023\300"
 213      3A89DD12 
 213      691C44F1 
 213      03350D51 
 213      13C0
 214 036d 1B29FC3A 		.ascii	"\033)\374:r\223\006\021t\367\276\356\014{\316\334\026"
 214      72930611 
 214      74F7BEEE 
 214      0C7BCEDC 
 214      16
 215 037e F4EF92BA 		.ascii	"\364\357\222\272\262]8sB\354J\322\346\035j\316\224\244"
 215      B25D3873 
 215      42EC4AD2 
 215      E61D6ACE 
 215      94A4
 216 0390 C0ADD793 		.ascii	"\300\255\327\223\376\204\007\031\317\033\005;\362m\030"
 216      FE840719 
 216      CF1B053B 
 216      F26D18
 217 039f F601C19E 		.ascii	"\366\001\301\236N\275\226\352h\225g\273\304\263\215"
 217      4EBD96EA 
 217      689567BB 
 217      C4B38D
 218 03ae F13CB6BE 		.ascii	"\361<\266\276\373\220\006F{@~E\262\344\352\301\222\353"
 218      FB900646 
 218      7B407E45 
 218      B2E4EAC1 
 218      92EB
 219 03c0 89B2D123 		.ascii	"\211\262\321#j<Lg\022\012\216t\177\203<\035\244l\347"
 219      6A3C4C67 
 219      120A8E74 
 219      7F833C1D 
 219      A46CE7
 220 03d3 BD7E0389 		.ascii	"\275~\003\211M\027,\254\323\022\033\017\262$\232\325"
 220      4D172CAC 
ARM GAS  /var/folders/qd/4mxf5pkd0zdf0b9dd1hp39180000gn/T//ccNp2FiO.s 			page 17


 220      D3121B0F 
 220      B2249AD5 
 221 03e3 C46C11CF 		.ascii	"\304l\021\317S\241\267<\320B\310i\267 \247y\360\234"
 221      53A1B73C 
 221      D042C869 
 221      B720A779 
 221      F09C
 222 03f5 66023A1D 		.ascii	"f\002:\035l\376C\351\007/8\343\247l\202\216#\017\032"
 222      6CFE43E9 
 222      072F38E3 
 222      A76C828E 
 222      230F1A
 223 0408 B07906C8 		.ascii	"\260y\006\310u\307i\256\353\201\031n[f\350BV\246\350"
 223      75C769AE 
 223      EB81196E 
 223      5B66E842 
 223      56A6E8
 224 041b 9E7D8A66 		.ascii	"\236}\212fSJ\253\243%\024\210\332\273\011\375-\324#"
 224      534AABA3 
 224      251488DA 
 224      BB09FD2D 
 224      D423
 225 042d BD3414ED 		.ascii	"\2754\024\355R(\326]\330x\017\021\367\305\276\234\365"
 225      5228D65D 
 225      D8780F11 
 225      F7C5BE9C 
 225      F5
 226 043e 5D95E30F 		.ascii	"]\225\343\017\324r\353w^d\275\320\224\274\221o\311\014"
 226      D472EB77 
 226      5E64BDD0 
 226      94BC916F 
 226      C90C
 227 0450 72F39C6E 		.ascii	"r\363\234n\037.sdz'q\377\370\300\256f\015\017\264\013"
 227      1F2E7364 
 227      7A2771FF 
 227      F8C0AE66 
 227      0D0FB40B 
 228 0464 E8E747D3 		.ascii	"\350\347G\323\206\235p\254\232\006\243\242\2654\236"
 228      869D70AC 
 228      9A06A3A2 
 228      B5349E
 229 0473 47FA3D50 		.ascii	"G\372=P/m-\356\261\276!\007\245@\337g<\237g\244]\023"
 229      2F6D2DEE 
 229      B1BE2107 
 229      A540DF67 
 229      3C9F67A4 
 230 0489 941BF21E 		.ascii	"\224\033\362\036\300\373)\374\001\3459(\361\334y\177"
 230      C0FB29FC 
 230      01E53928 
 230      F1DC797F 
 231 0499 FC55BE1F 		.ascii	"\374U\276\037\345\027\244\033\275 \321\321\276si\016"
 231      E517A41B 
 231      BD20D1D1 
 231      BE73690E 
 232 04a9 9C254988 		.ascii	"\234%I\210\347\233\366\344\332\341-\214\345\303M\353"
 232      E79BF6E4 
 232      DAE12D8C 
ARM GAS  /var/folders/qd/4mxf5pkd0zdf0b9dd1hp39180000gn/T//ccNp2FiO.s 			page 18


 232      E5C34DEB 
 233 04b9 C7F8B921 		.ascii	"\307\370\271!\207\256\273v\344G\027\253,\037I,\0372"
 233      87AEBB76 
 233      E44717AB 
 233      2C1F492C 
 233      1F32
 234 04cb 9669FDA3 		.ascii	"\226i\375\243S.J\226#\000\037\246\360\307\224\345#\211"
 234      532E4A96 
 234      23001FA6 
 234      F0C794E5 
 234      2389
 235 04dd E5AEC602 		.ascii	"\345\256\306\002_\026\252\227\271Aa@\323\331\211\313"
 235      5F16AA97 
 235      B9416140 
 235      D3D989CB 
 236 04ed AE72F363 		.ascii	"\256r\363c/2?V\370\264\225\257:\003\223\255Q\322\222"
 236      2F323F56 
 236      F8B495AF 
 236      3A0393AD 
 236      51D292
 237 0500 C4AF814E 		.ascii	"\304\257\201N\371\251u\347\2476\246/\177\003\306\333"
 237      F9A975E7 
 237      A736A62F 
 237      7F03C6DB 
 238 0510 991B4677 		.ascii	"\231\033Fw\256\337\250a\340W@\315<68\240\261\352\206"
 238      AEDFA861 
 238      E05740CD 
 238      3C3638A0 
 238      B1EA86
 239 0523 E7921B9E 		.ascii	"\347\222\033\2361\236\317*LY\256J7<\005\370\004\205"
 239      319ECF2A 
 239      4C59AE4A 
 239      373C05F8 
 239      0485
 240 0535 4F519ECF 		.ascii	"OQ\236\317%\236'J\207\367I\331\203\360\354\311\355\312"
 240      259E274A 
 240      87F749D9 
 240      83F0ECC9 
 240      EDCA
 241 0547 76C0698C 		.ascii	"v\300i\214\307\341\262\204\032\036\216\014\022\253\251"
 241      C7E1B284 
 241      1A1E8E0C 
 241      12ABA9
 242 0556 3D437B9D 		.ascii	"=C{\235p&\353\224\002\351\306\003y\371na\201\200sY\347"
 242      7026EB94 
 242      02E9C603 
 242      79F96E61 
 242      81807359 
 243 056b 335362A2 		.ascii	"3Sb\242\035\037I\366\246\251\245\271\300\011\347\263"
 243      1D1F49F6 
 243      A6A9A5B9 
 243      C009E7B3 
 244 057b CEC2DE8B 		.ascii	"\316\302\336\213U\322H\322\271\361XW\202\015.f\235\267"
 244      55D248D2 
 244      B9F15857 
 244      820D2E66 
 244      9DB7
ARM GAS  /var/folders/qd/4mxf5pkd0zdf0b9dd1hp39180000gn/T//ccNp2FiO.s 			page 19


 245 058d DAEF6C72 		.ascii	"\332\357lr\301g\231R]\265\356\033\\\303\276\327\335"
 245      C1679952 
 245      5DB5EE1B 
 245      5CC3BED7 
 245      DD
 246 059e 8E7B930D 		.ascii	"\216{\223\015\212#\011\2722\247 \0353\007f\320\355\177"
 246      8A2309BA 
 246      32A7201D 
 246      330766D0 
 246      ED7F
 247 05b0 BC7C53AC 		.ascii	"\274|S\254+\256\247`W\323D\254\311\011-`\317\334\005"
 247      2BAEA760 
 247      57D344AC 
 247      C9092D60 
 247      CFDC05
 248 05c3 9EF49D25 		.ascii	"\236\364\235%\306\305\210e\327S\361\341\334Zpe\005B"
 248      C6C58865 
 248      D753F1E1 
 248      DC5A7065 
 248      0542
 249 05d5 4F901B4A 		.ascii	"O\220\033J\0200J\021\346\232C\011\256\004\007-\"\265"
 249      10304A11 
 249      E69A4309 
 249      AE04072D 
 249      22B5
 250 05e7 2C1BD0F5 		.ascii	",\033\320\365\031|\304@\312\007p+b`\351\220\242\033"
 250      197CC440 
 250      CA07702B 
 250      6260E990 
 250      A21B
 251 05f9 48862699 		.ascii	"H\206&\231\247\226\240\3430\3613\232\344h\311\373h\034"
 251      A796A0E3 
 251      30F1339A 
 251      E468C9FB 
 251      681C
 252 060b 296C3772 		.ascii	")l7r4!2\212\024D\206\224\350\256O-\350\215J\332\361"
 252      3421328A 
 252      14448694 
 252      E8AE4F2D 
 252      E88D4ADA 
 253 0620 8282C9C4 		.ascii	"\202\202\311\304\247\026&\261\202\202\311:9:.V,\033"
 253      A71626B1 
 253      8282C93A 
 253      393A2E56 
 253      2C1B
 254 0632 F92C95A2 		.ascii	"\371,\225\242\311\256\336\312\321\346#q\305\302$\211"
 254      C9AEDECA 
 254      D1E62371 
 254      C5C22489 
 255 0642 6F2C110A 		.ascii	"o,\021\012\001\264E\360@\233\251%\002\207\023\203v\011"
 255      01B445F0 
 255      409BA925 
 255      02871383 
 255      7609
 256 0654 9E689BB0 		.ascii	"\236h\233\260\000\245\202\354\000\331\011\262\027$\031"
 256      00A582EC 
 256      00D909B2 
ARM GAS  /var/folders/qd/4mxf5pkd0zdf0b9dd1hp39180000gn/T//ccNp2FiO.s 			page 20


 256      172419
 257 0663 240D2409 		.ascii	"$\015$\011d;\310\036\220D\220\335 \337\013\013h\015"
 257      643BC81E 
 257      904490DD 
 257      20DF0B0B 
 257      680D
 258 0675 C668F7CB 		.ascii	"\306h\367\313hoP\322\376\316B\233%\372\252\233n1\300"
 258      686F50D2 
 258      FECE429B 
 258      25FAAA9B 
 258      6E31C0
 259 0688 85A0543C 		.ascii	"\205\240T<\311[L\015\266\272m\027\305\232\205\344\312"
 259      C95B4C0D 
 259      B6BA6D17 
 259      C59A85E4 
 259      CA
 260 0699 4457B97B 		.ascii	"DW\271{\245\213\024\375\244\014\335M\331\314\233\224"
 260      A58B14FD 
 260      A40CDD4D 
 260      D9CC9B94 
 261 06a9 330FCF40 		.ascii	"3\017\317@\363\320A\366C\003\334\266\224\023\321]e\350"
 261      F3D041F6 
 261      4303DCB6 
 261      9413D15D 
 261      65E8
 262 06bb 2A64818E 		.ascii	"*d\201\216Q\206N\024\024\350\021Y\240\327+\321q\026"
 262      51864E14 
 262      14E81159 
 262      A0D72BD1 
 262      7116
 263 06cd 34C9CDD7 		.ascii	"4\311\315\327L\027\020\236\244\333^X7QPh\203\346z\316"
 263      4C17109E 
 263      A4DB5E58 
 263      37515068 
 263      83E67ACE 
 264 06e1 1A2438C3 		.ascii	"\032$8\303\236\377\22581\317?o\325\300\357$\224\016"
 264      9EFF9538 
 264      31CF3F6F 
 264      D5C0EF24 
 264      940E
 265 06f3 067F10CC 		.ascii	"\006\177\020\314\027,\211\003\345\265\361\316D\035v"
 265      172C8903 
 265      E5B5F1CE 
 265      441D76
 266 0702 DA64FE89 		.ascii	"\332d\376\211B\201\226\254\225)8\321\262\033\336\244"
 266      428196AC 
 266      952938D1 
 266      B21BDEA4 
 267 0712 FAAAAF6E 		.ascii	"\372\252\257n\343\211&\236\234\345\251\273-\331<+\015"
 267      E389269E 
 267      9CE5A9BB 
 267      2DD93C2B 
 267      0D
 268 0723 D1CA6E72 		.ascii	"\321\312nro\021\327\335e\331\305\235g\227\201]\011\261"
 268      6F11D7DD 
 268      65D9C59D 
 268      6797815D 
ARM GAS  /var/folders/qd/4mxf5pkd0zdf0b9dd1hp39180000gn/T//ccNp2FiO.s 			page 21


 268      09B1
 269 0735 AE5613E4 		.ascii	"\256V\023\344~\201'\310S,A^m\357IqR&\310}\340\244\034"
 269      7E8127C8 
 269      532C415E 
 269      6DEF4971 
 269      5226C87D 
 270 074c EAD80382 		.ascii	"\352\330\003\202\2334\210\240O6^\177l\217\277\263\241"
 270      9B3488A0 
 270      4F365E7F 
 270      6C8FBFB3 
 270      A1
 271 075d 39A82565 		.ascii	"9\250%e\323\200\215tk\304\277\314\255\221\323[\360\300"
 271      D3808D74 
 271      6BC4BFCC 
 271      AD91D35B 
 271      F0C0
 272 076f 5E3ED921 		.ascii	"^>\331!\341\005\2235\365f\306\361+\376\212J\366k\301"
 272      E1059335 
 272      F566C6F1 
 272      2BFE8A4A 
 272      F66BC1
 273 0782 8DFD5A90 		.ascii	"\215\375Z\220\022\247;O\234%U\215\027\021N`\334*F\362"
 273      12A73B4F 
 273      9C25558D 
 273      17114E60 
 273      DC2A46F2 
 274 0796 0FF0B124 		.ascii	"\017\360\261$\221w&\236\237\262\356\223|\311'\307\004"
 274      9177269E 
 274      9FB2EE93 
 274      7CC927C7 
 274      04
 275 07a7 4AF35162 		.ascii	"J\363Qb\376R\245K\216\000\313<\312\262\200\262\314\227"
 275      FE52A54B 
 275      8E00CB3C 
 275      CAB280B2 
 275      CC97
 276 07b9 58EEDEDB 		.ascii	"X\356\336\333\177TP\256\311*:\241\362d\025\217m\015"
 276      7F5450AE 
 276      C92A3AA1 
 276      F264158F 
 276      6D0D
 277 07cb D17B9F1F 		.ascii	"\321{\237\037\257"
 277      AF
 278 07d0 B5C3898C 		.ascii	"\265\303\211\214\364\216\355Oj58\231)E\203\271E\316"
 278      F48EED4F 
 278      6A353899 
 278      294583B9 
 278      45CE
 279 07e2 0C5946F4 		.ascii	"\014YF\364\324\222\207\265\274f\321\310\272\335y\367"
 279      D49287B5 
 279      BC66D1C8 
 279      BADD79F7 
 280 07f2 68EED03E 		.ascii	"h\356\320>[\274\213\215M\032\032\331aku\271\247\245"
 280      5BBC8B8D 
 280      4D1A1AD9 
 280      616B75B9 
 280      A7A5
ARM GAS  /var/folders/qd/4mxf5pkd0zdf0b9dd1hp39180000gn/T//ccNp2FiO.s 			page 22


 281 0804 E52EA4AB 		.ascii	"\345.\244\253-:\231\375@\243\\\356)X@\021]@\011]\300"
 281      2D3A99FD 
 281      40A35CEE 
 281      29584011 
 281      5D40095D 
 282 0819 69690125 		.ascii	"ii\001%19\315X\271\\\253\350\203\275i[y\030\336'e\306"
 282      3139CD58 
 282      B95CABE8 
 282      83BD695B 
 282      7918DE27 
 283 082f 7866BF33 		.ascii	"xf\2773Nc$\357\017N\036s\301\231L)):S\305W\267\220\024"
 283      4E6324EF 
 283      0F4E1E73 
 283      C1994C29 
 283      293A53C5 
 284 0847 FD79E50D 		.ascii	"\375y\345\015\216x?\353\233LL?n\217\363\230\262g\264"
 284      8E783FEB 
 284      9B4C4C3F 
 284      6E8FF398 
 284      B267B4
 285 085a FD2EDFFC 		.ascii	"\375.\337\374\236$\316\331?l\267\307\005\254o*1~\267"
 285      9E24CED9 
 285      3F6CB7C7 
 285      05AC6F2A 
 285      317EB7
 286 086d 1D2E644A 		.ascii	"\035.dJrCr\266#.a\312`\\O'\337:\363@}\332\227\334\302"
 286      724372B6 
 286      232E61CA 
 286      605C4F27 
 286      DF3AF340 
 287 0886 7FBF38C9 		.ascii	"\177\2778\311\312\021w^\216\034}\274u\247#.gC\257\267"
 287      CA11775E 
 287      8E1C7DBC 
 287      75A7232E 
 287      6743AFB7 
 288 089a C41573AC 		.ascii	"\304\025s\254#\250\261yg\013m\254\272\366\222\344\332"
 288      23A8B179 
 288      670B6DAC 
 288      BAF692E4 
 288      DA
 289 08ab 3AB693B6 		.ascii	":\266\223\266\034\3159g\253\254\230/\202\267j\250\267"
 289      1CCD3967 
 289      ABAC982F 
 289      82B76AA8 
 289      B7
 290 08bc EAA9B72E 		.ascii	"\352\251\267.I\336j\350M\270\354\250\254\200\255\242"
 290      49DE6AE8 
 290      4DB8ECA8 
 290      AC80ADA2 
 291 08cc 4B1BDB3E 		.ascii	"K\033\333>\300\225\214\344\243\206\266[\010_dJ\\\335"
 291      C0958CE4 
 291      A386B65B 
 291      085F644A 
 291      5CDD
 292 08de C50376B8 		.ascii	"\305\003v\270\236)\003\207\352klq\023S\272{'Na|\203"
 292      9E290387 
 292      EA6B6C71 
ARM GAS  /var/folders/qd/4mxf5pkd0zdf0b9dd1hp39180000gn/T//ccNp2FiO.s 			page 23


 292      1353BA7B 
 292      274E617C 
 293 08f3 29FB07B2 		.ascii	")\373\007\262\266\330\343v>\246{\260\201;h39LO\207\012"
 293      B6D8E376 
 293      3EA67BB0 
 293      813B6833 
 293      394C4F87 
 294 0908 AF4A2E21 		.ascii	"\257J.!\333\255\377Q\317\224\006\337\246\340W\012\032"
 294      DBADFF51 
 294      CF9406DF 
 294      A6E0570A 
 294      1A
 295 0919 2F65D823 		.ascii	"/e\330#ZKX\036O\376\316\022\223!]w\364\361\313\346G"
 295      5A4B581E 
 295      4FFECE12 
 295      93215D77 
 295      F4F1CBE6 
 296 092e C10D1D85 		.ascii	"\301\015\035\205\214\330\012\011O:\025(W\231\342+\014"
 296      8CD80A09 
 296      4F3A1528 
 296      5799E22B 
 296      0C
 297 093f ACAA6800 		.ascii	"\254\252h\000t-GK\013G\325rt2\334\316\215\253\331\355"
 297      742D474B 
 297      0B47D572 
 297      7432DCCE 
 297      8DABD9ED 
 298 0953 4CB6DE09 		.ascii	"L\266\336\011\2166\247\236\343\024]\214f\\\317\327\300"
 298      8E36A79E 
 298      E3145D8C 
 298      665CCFD7 
 298      C0
 299 0964 5E33ED6C 		.ascii	"^3\355l\345i\377\016\244\375~H\345\035 } \367A:An\201"
 299      E569FF0E 
 299      A4FD7E48 
 299      E51D207D 
 299      20F7413A 
 300 097b B480DC05 		.ascii	"\264\200\334\005\271\007\322\015\322\013\322\003\322"
 300      B907D20D 
 300      D20BD203 
 300      D2
 301 0988 06320032 		.ascii	"\0062\0002\010b\002\271\011r\003\244\035\3446H\227\371"
 301      086202B9 
 301      097203A4 
 301      1DE43648 
 301      97F9
 302 099a FAA67584 		.ascii	"\372\246u\204\301RG\234S2-\235\266.R\321\254f\027\335"
 302      C152479C 
 302      53322D9D 
 302      B62E52D1 
 302      AC6617DD 
 303 09ae 61F0C241 		.ascii	"a\360\302A\216\226\262#/Xe5\312\315\317-\266\233\224"
 303      8E96B223 
 303      2F586535 
 303      CACDCF2D 
 303      B69B94
 304 09c1 B6B51627 		.ascii	"\266\265\026'0\237\325\312|vrv\237\311\353\037\231\355"
ARM GAS  /var/folders/qd/4mxf5pkd0zdf0b9dd1hp39180000gn/T//ccNp2FiO.s 			page 24


 304      309FD5CA 
 304      7C767276 
 304      9FC9EB1F 
 304      99ED
 305 09d3 2B4A749E 		.ascii	"+Jt\236\022=!C_\236\035-Q\241\306W[\340\327\225\360"
 305      123D2143 
 305      5F9E1D2D 
 305      51A1C657 
 305      5BE0D795 
 306 09e8 2C65E1D6 		.ascii	",e\341\326\317\235\002\227\003\255C\2469%{\206\361\233"
 306      CF9D0297 
 306      03AD43A6 
 306      39257B86 
 306      F19B
 307 09fa 328F5F50 		.ascii	"2\217_P\032??\003\336/\203\227+\341e3\340]2x\305\354"
 307      1A3F3F03 
 307      DE2F8397 
 307      2BE16533 
 307      E05D3278 
 308 0a10 707939D6 		.ascii	"py9\326\301\312\261Ve9FL\365v\270e\305\222\023Bl5*m"
 308      C1CAB156 
 308      6539464C 
 308      F576B865 
 308      C5921342 
 309 0a28 15297D5C 		.ascii	"\025)}\\+\233\271J\211f\345\230<\334\215\237[\302}u"
 309      2B9BB94A 
 309      8966E598 
 309      3CDC8D9F 
 309      5BC27D75 
 310 0a3c D6CD21B3 		.ascii	"\326\315!\263\335(\263]9\273\317\344\321\226\241\317"
 310      DD28B35D 
 310      39BBCFE4 
 310      D196A1CF 
 311 0a4c CEBEA7A7 		.ascii	"\316\276\247\247yX\2669~\232}\231f\342$\023\360p\237"
 311      7958B639 
 311      7E9A7D99 
 311      66E22413 
 311      F0709F
 312 0a5f 81701773 		.ascii	"\201p\027s\270t\275\240\302i\305^\203\351\373\0065\276"
 312      B874BDA0 
 312      C269C55E 
 312      83E9FB06 
 312      35BE
 313 0a71 4B7392D0 		.ascii	"Ks\222\320~\367D\202\243\262\330\223\216<\032\206\223"
 313      7EF74482 
 313      A3B2D893 
 313      8E3C1A86 
 313      93
 314 0a82 FEBF38F5 		.ascii	"\376\2778\365\274\030\354\263%\305\340\020L\370\300"
 314      BC18ECB3 
 314      25C5E010 
 314      4CF8C0
 315 0a91 520CB64A 		.ascii	"R\014\266J\305`vo\327y\265\274\030\034\232V\014\216"
 315      C560766F 
 315      D779B5BC 
 315      181C9A56 
 315      0C8E
ARM GAS  /var/folders/qd/4mxf5pkd0zdf0b9dd1hp39180000gn/T//ccNp2FiO.s 			page 25


 316 0aa3 F0627084 		.ascii	"\360bp\204\026\203iE\333R\035\361\010\313\322Y}\365"
 316      16836945 
 316      DB521DF1 
 316      08CBD259 
 316      7DF5
 317 0ab5 17F92DF9 		.ascii	"\027\371-\371+\362\367\230\035\003[\021K\322}$ig\326"
 317      2BF2F798 
 317      1D035B11 
 317      4BD27D24 
 317      6967D6
 318 0ac8 8FA63860 		.ascii	"\217\2468`\321\226bO\225\336_\314\240\344\007b{B[+\262"
 318      D196624F 
 318      95DE5FCC 
 318      A0E40762 
 318      7B425B2B 
 319 0add 7A6D3D91 		.ascii	"zm=\221\256\2551vm5?)\235p\302\033\251!u^\354\341!5"
 319      AEAD3176 
 319      6D353F29 
 319      9D70C21B 
 319      A921755E 
 320 0af5 F2F44000 		.ascii	"\362\364@\000G\354/J\344\377\004T\350\031\354\255q\001"
 320      47EC2F4A 
 320      E4FF0454 
 320      E819ECAD 
 320      7101
 321 0b07 4BFFC790 		.ascii	"K\377\307\220*\202\371\241\177\221f\370\256\241\357"
 321      2A82F9A1 
 321      7F9166F8 
 321      AEA1EF
 322 0b16 59FEB634 		.ascii	"Y\376\2664\001\356\177F\347\233\204\350<e\023\246\247"
 322      01EE7F46 
 322      E79B84E8 
 322      3C6513A6 
 322      A7
 323 0b27 9FBD86E4 		.ascii	"\237\275\206\3447\037\261\375\010\372\037\322\210?\247"
 323      371FB1FD 
 323      08FA1FD2 
 323      883FA7
 324 0b36 37DF13E9 		.ascii	"7\337\023\351\346+H\253\031\267w\340\266\343\377\223"
 324      E62B48AB 
 324      19B777E0 
 324      B6E3FF93 
 325 0b46 EDDC919C 		.ascii	"\355\334\221\234\311i\267\352\324\213l\227\017\026\037"
 325      C969B7EA 
 325      D48B6C97 
 325      0F161F
 326 0b55 75793D5B 		.ascii	"uy=[\274R&\226\2357\275\231\272\256L\214\375\000\211"
 326      BC522696 
 326      9D37BD99 
 326      BAAE4C8C 
 326      FD0089
 327 0b68 D80D3D86 		.ascii	"\330\015=\206P\326\243\371\262\241\243\320\362\271\240"
 327      50D6A3F9 
 327      B2A1A3D0 
 327      F2B9A0
 328 0b77 4231F875 		.ascii	"B1\370u\325\357\274\275\265\354_x\224vu`\2106\"<2:J"
 328      D5EFBCBD 
ARM GAS  /var/folders/qd/4mxf5pkd0zdf0b9dd1hp39180000gn/T//ccNp2FiO.s 			page 26


 328      B5EC5F78 
 328      94767560 
 328      8836223C 
 329 0b8e 1B141E1A 		.ascii	"\033\024\036\032\032\036\246\365\321/\327-\377V\033"
 329      1A1EA6F5 
 329      D12FD72D 
 329      FF561B
 330 0b9d F6CFE020 		.ascii	"\366\317\340 \357 \315\237?\372\3705\335\242E*\007\203"
 330      EF20CD9F 
 330      3FFAF835 
 330      DDA2452A 
 330      0783
 331 0baf 614D7058 		.ascii	"aMpX\364[\213\015\321\333\221\326'\"\"$8(0:8<,J\353"
 331      F45B8B0D 
 331      D1DB91D6 
 331      27222224 
 331      3828303A 
 332 0bc8 1B14121C 		.ascii	"\033\024\022\034\021e4\030\275\"\326\004\375}\261w`"
 332      11653418 
 332      BD22D604 
 332      FD7DB177 
 332      60
 333 0bd9 44845617 		.ascii	"D\204V\027\036\026m\014\213\236\321\251]\021\036\036"
 333      1E166D0C 
 333      8B9ED1A9 
 333      5D111E1E 
 334 0be9 12A5FD3A 		.ascii	"\022\245\375:(\310+02\324+,<\314\350e\014\3742\330\353"
 334      28C82B30 
 334      32D42B2C 
 334      3CCCE865 
 334      0CFC32D8 
 335 0bfe 3DAFC50B 		.ascii	"=\257\305\013\027\275\347\365\217\267\275B\003\277\011"
 335      17BDE7F5 
 335      8FB7BD42 
 335      03BF09
 336 0c0d 8FD44EEB 		.ascii	"\217\324N\353\325\006\207\005\205\254Ye\324\206\006"
 336      D5068705 
 336      85AC5965 
 336      D48606
 337 0c1c 06AD0E0E 		.ascii	"\006\255\016\0163j\015\253\214_\005\256\011\2116D\257"
 337      336A0DAB 
 337      8C5F05AE 
 337      09893644 
 337      AF
 338 0c2d 8D304679 		.ascii	"\2150Fy\257Vi$r\033\376\177\344\242\326Fi\015Q\321\253"
 338      AF566924 
 338      721BFE7F 
 338      E4A2D646 
 338      690D51D1 
 339 0c42 8009309A 		.ascii	"\200\0110\232C\034\350\033\026\370e\210q\2451(:<\362"
 339      431CE81B 
 339      16F86588 
 339      71A53128 
 339      3A3CF2
 340 0c55 F72FEF75 		.ascii	"\367/\357u\325\317\310{Ip\224e\264\007i\0110F\007\254"
 340      D5CFC87B 
 340      49709465 
ARM GAS  /var/folders/qd/4mxf5pkd0zdf0b9dd1hp39180000gn/T//ccNp2FiO.s 			page 27


 340      B4076909 
 340      304607AC 
 341 0c69 8D8A3686 		.ascii	"\215\2126\206.\013\014[\025b\214\364\217\014\016\217"
 341      2E0B0C5B 
 341      15628CF4 
 341      8F0C0E8F 
 342 0c79 0C8E5E4B 		.ascii	"\014\216^K\347\322\205\030\003#\375\215a0\377\327\366"
 342      E7D28518 
 342      0323FD8D 
 342      6130FFD7 
 342      F6
 343 0c8a 7ADF005F 		.ascii	"z\337\000_\375J\337%\357\010~\376\366,t\357\033\242"
 343      FD4ADF25 
 343      EF087EFE 
 343      F62C74EF 
 343      1BA2
 344 0c9c EDF8DBDC 		.ascii	"\355\370\333\334\375\266\332\317\347C\275Y}K\355\247"
 344      FDB6DACF 
 344      E743BD59 
 344      7D4BEDA7 
 345 0cac F3B7A88B 		.ascii	"\363\267\250\213\325~\001\376z\215\236i\213\240\323"
 345      D57E01FE 
 345      7A8D9E69 
 345      8BA0D3
 346 0cbb D7D2B910 		.ascii	"\327\322\271\020:}\365\352\200\025~\372\337\312Wf\374"
 346      3A7DF5EA 
 346      80157EFA 
 346      DFCA5766 
 346      FC
 347 0ccc 365AAB5B 		.ascii	"6Z\253[\036\340\027`\366KPx\244\321\020\024\37268\305"
 347      1EE01760 
 347      F64B5078 
 347      A4D11014 
 347      FA3638C5 
 348 0ce0 FEA3957E 		.ascii	"\376\243\225~:\303\012\010\032\214\366\321\253\227/"
 348      3AC30A08 
 348      1A8CF6D1 
 348      AB972F
 349 0cef 5FAAC73E 		.ascii	"_\252\307>K\364x\011\274\375\227\352\325>K\003\364\352"
 349      4BF47809 
 349      BCFD97EA 
 349      D53E4B03 
 349      F4EA
 350 0d01 0F97FAE8 		.ascii	"\017\227\372\350m\240\013\000K\210\276\214|\350\340"
 350      6DA00B00 
 350      4B88BE8C 
 350      7CE8E0
 351 0d10 C3266099 		.ascii	"\303&`\231.@\217\003\226\371c\235\016\336:\275\215\217"
 351      2E408F03 
 351      96F9639D 
 351      0EDE3ABD 
 351      8D8F
 352 0d22 9F5EA757 		.ascii	"\237^\247W\257\\\361\027=\320\003\204\316\377c\277%"
 352      AF5CF117 
 352      3DD00384 
 352      CEFF63BF 
 352      25
ARM GAS  /var/folders/qd/4mxf5pkd0zdf0b9dd1hp39180000gn/T//ccNp2FiO.s 			page 28


 353 0d33 F0E9A3D3 		.ascii	"\360\351\243\323k\002t\037\322\271\234\015\206\257\326"
 353      6B02741F 
 353      D2B99C0D 
 353      86AFD6
 354 0d42 8405190C 		.ascii	"\204\005\031\014\336\357\376\341\235?h$M\035\264:0\362"
 354      DEEFFEE1 
 354      9D3F6824 
 354      4D1DB43A 
 354      30F2
 355 0d54 DF37392C 		.ascii	"\33779,\300"
 355      C0
 356              		.text
 357              		.section	.gnu.lto_.symtab.3712a818a45e2d58,"",%progbits
 358 0000 6E766963 		.ascii	"nvicEnableVector\000"
 358      456E6162 
 358      6C655665 
 358      63746F72 
 358      00
 359 0011 00       		.ascii	"\000"
 360 0012 00       		.ascii	"\000"
 361 0013 00       		.ascii	"\000"
 362 0014 00000000 		.ascii	"\000\000\000\000\000\000\000\000"
 362      00000000 
 363 001c C7000000 		.ascii	"\307\000\000\000"
 364 0020 6E766963 		.ascii	"nvicDisableVector\000"
 364      44697361 
 364      626C6556 
 364      6563746F 
 364      7200
 365 0032 00       		.ascii	"\000"
 366 0033 00       		.ascii	"\000"
 367 0034 00       		.ascii	"\000"
 368 0035 00000000 		.ascii	"\000\000\000\000\000\000\000\000"
 368      00000000 
 369 003d CB000000 		.ascii	"\313\000\000\000"
 370 0041 6E766963 		.ascii	"nvicSetSystemHandlerPriority\000"
 370      53657453 
 370      79737465 
 370      6D48616E 
 370      646C6572 
 371 005e 00       		.ascii	"\000"
 372 005f 00       		.ascii	"\000"
 373 0060 00       		.ascii	"\000"
 374 0061 00000000 		.ascii	"\000\000\000\000\000\000\000\000"
 374      00000000 
 375 0069 CD000000 		.ascii	"\315\000\000\000"
 376 006d 6E766963 		.ascii	"nvicClearPending\000"
 376      436C6561 
 376      7250656E 
 376      64696E67 
 376      00
 377 007e 00       		.ascii	"\000"
 378 007f 00       		.ascii	"\000"
 379 0080 00       		.ascii	"\000"
 380 0081 00000000 		.ascii	"\000\000\000\000\000\000\000\000"
 380      00000000 
 381 0089 CF000000 		.ascii	"\317\000\000\000"
ARM GAS  /var/folders/qd/4mxf5pkd0zdf0b9dd1hp39180000gn/T//ccNp2FiO.s 			page 29


 382              		.text
 383              		.section	.gnu.lto_.opts,"",%progbits
 384 0000 272D666D 		.ascii	"'-fmath-errno' '-fsigned-zeros' '-ftrapping-math' '"
 384      6174682D 
 384      6572726E 
 384      6F272027 
 384      2D667369 
 385 0033 2D666E6F 		.ascii	"-fno-trapv' '-fno-openmp' '-fno-openacc' '-mcpu=cor"
 385      2D747261 
 385      70762720 
 385      272D666E 
 385      6F2D6F70 
 386 0066 7465782D 		.ascii	"tex-m4' '-mno-thumb-interwork' '-mthumb' '-O2' '-fo"
 386      6D342720 
 386      272D6D6E 
 386      6F2D7468 
 386      756D622D 
 387 0099 6D69742D 		.ascii	"mit-frame-pointer' '-falign-functions=16' '-ffuncti"
 387      6672616D 
 387      652D706F 
 387      696E7465 
 387      72272027 
 388 00cc 6F6E2D73 		.ascii	"on-sections' '-fdata-sections' '-fno-common' '-flto"
 388      65637469 
 388      6F6E7327 
 388      20272D66 
 388      64617461 
 389 00ff 2700     		.ascii	"'\000"
 390              		.text
 391              		.comm	__gnu_lto_v1,1,1
 392              		.comm	__gnu_lto_slim,1,1
 393              		.ident	"GCC: (GNU Tools for Arm Embedded Processors 7-2017-q4-major) 7.2.1 20170904 (release) [ARM
ARM GAS  /var/folders/qd/4mxf5pkd0zdf0b9dd1hp39180000gn/T//ccNp2FiO.s 			page 30


DEFINED SYMBOLS
                            *ABS*:0000000000000000 nvic.c
                            *COM*:0000000000000001 __gnu_lto_v1
                            *COM*:0000000000000001 __gnu_lto_slim

NO UNDEFINED SYMBOLS
