ARM GAS  /var/folders/qd/4mxf5pkd0zdf0b9dd1hp39180000gn/T//cctEzYAB.s 			page 1


   1              		.cpu arm7tdmi
   2              		.eabi_attribute 20, 1
   3              		.eabi_attribute 21, 1
   4              		.eabi_attribute 23, 3
   5              		.eabi_attribute 24, 1
   6              		.eabi_attribute 25, 1
   7              		.eabi_attribute 26, 1
   8              		.eabi_attribute 30, 2
   9              		.eabi_attribute 34, 0
  10              		.eabi_attribute 18, 4
  11              		.file	"chvt.c"
  12              		.section	.gnu.lto_.profile.14b87b0717cfa96b,"",%progbits
  13 0000 789C6363 		.ascii	"x\234cc```\001bF\006u\025\000\000\352\000W"
  13      60606001 
  13      62460675 
  13      150000EA 
  13      0057
  14              		.text
  15              		.section	.gnu.lto_.icf.14b87b0717cfa96b,"",%progbits
  16 0000 789C6363 		.ascii	"x\234cc``\020a@\000f\206\235'\347\336\341`z\333\326"
  16      60601061 
  16      40006686 
  16      9D27E7DE 
  16      E1607ADB 
  17 0015 F3869B79 		.ascii	"\363\206\233y\327\267-\037\370\031\000cH\011\177"
  17      D7B72D1F 
  17      F8190063 
  17      48097F
  18              		.text
  19              		.section	.gnu.lto_.jmpfuncs.14b87b0717cfa96b,"",%progbits
  20 0000 789C6363 		.ascii	"x\234cc``Pa@\000f fba\004\002\376\3729\314\014@\314"
  20      60605061 
  20      40006620 
  20      66626104 
  20      02FEFA39 
  21 0018 08C44C40 		.ascii	"\010\304L@\314\314\014\024\004\2111\000\000c\034\005"
  21      CCCC0C14 
  21      04893100 
  21      00631C05 
  22 0028 E9       		.ascii	"\351"
  23              		.text
  24              		.section	.gnu.lto_.inline.14b87b0717cfa96b,"",%progbits
  25 0000 789C6363 		.ascii	"x\234cc``\310g@\000f\006\006v6F\006&\216\003v\014l\013"
  25      6060C867 
  25      40006606 
  25      06763646 
  25      06268E03 
  26 0018 E4994062 		.ascii	"\344\231@bL\014\242z@!\3713\275\254\014\334+\334\230"
  26      4C0CA27A 
  26      4021F933 
  26      BDAC0CDC 
  26      2BDC98
  27 002b 20EAF878 		.ascii	" \352\370x\031\231\031\024\030A:@\244\003\230T\340\340"
  27      19991914 
  27      18413A40 
  27      A4039854 
  27      E0E0
ARM GAS  /var/folders/qd/4mxf5pkd0zdf0b9dd1hp39180000gn/T//cctEzYAB.s 			page 2


  28 003d DB90CBC0 		.ascii	"\333\220\313\300\361A\217\211\201\361\005;\013\204\004"
  28      F1418F89 
  28      81F1053B 
  28      0B8404
  29 004c 111C6026 		.ascii	"\021\034`&\007\210\020\0003\005\300\326\001\000\356"
  29      07881000 
  29      3305C0D6 
  29      0100EE
  30 005b 960E3D   		.ascii	"\226\016="
  31              		.text
  32              		.section	.gnu.lto_.pureconst.14b87b0717cfa96b,"",%progbits
  33 0000 789C6363 		.ascii	"x\234cc```\007bf\006)&)f)\000\001\303\000d"
  33      60606007 
  33      62660629 
  33      26296629 
  33      0001C300 
  34              		.text
  35              		.section	.gnu.lto__vt_init.14b87b0717cfa96b,"",%progbits
  36 0000 789C8D93 		.ascii	"x\234\215\223\315K\033A\030\306\337g&n\226J\322[\301"
  36      CD4B1B41 
  36      18C6DF67 
  36      266E964A 
  36      D25BC1
  37 0013 8F7FC04B 		.ascii	"\217\177\300K\366\277\350?\222Ko\205Dz\315\306\030\022"
  37      F6BFE83F 
  37      924B6F85 
  37      447ACDC6 
  37      1812
  38 0025 894211A3 		.ascii	"\211B\021\243 A\227^TJ\0116Q\273\365#kl\233\364+\001"
  38      2041975E 
  38      544A0936 
  38      51BBF523 
  38      6B6C9BF4 
  39 003b 2F1EDA5E 		.ascii	"/\036\332^z(!\204\202 \202)\211}g\326\203\227n3\354"
  39      7A282184 
  39      82208229 
  39      897D67D6 
  39      83976E33 
  40 0050 B0C33C33 		.ascii	"\260\303<3\357\363\374\230\031\203\210\222\222h\232"
  40      EFF3FC98 
  40      19838892 
  40      92689A
  41 005f FF53DC21 		.ascii	"\377S\334!\011\342y\213(m\012@\015l\023\224\022HaQ\256"
  41      09E2798B 
  41      286D0A40 
  41      0D6C1394 
  41      12486151 
  42 0074 48D473BF 		.ascii	"H\324s\277\\1\263es\363\326\372\023\366\266\207\022"
  42      5C31B365 
  42      73F3D6FA 
  42      13F6B687 
  42      12
  43 0085 6F5FE5AE 		.ascii	"o_\345\256\032*\230!^\366swX\214\030!\177\036U\030\004"
  43      1A2A9821 
  43      5EF67377 
  43      588C1821 
  43      7F1E5518 
ARM GAS  /var/folders/qd/4mxf5pkd0zdf0b9dd1hp39180000gn/T//cctEzYAB.s 			page 3


  44 009a 1E94CFC7 		.ascii	"\036\224\317\307<{x\233\263\275\336\013l>6\210\362\254"
  44      3C7B789B 
  44      B3BDDE0B 
  44      6C3E3688 
  44      F2AC
  45 00ac B389EDD1 		.ascii	"\263\211\355\321\202\024j\224\361\250\213\271~nP\036"
  45      82146A94 
  45      F1A88BB9 
  45      7E6E501E 
  46 00bc 57DBB8D4 		.ascii	"W\333\270\324j\266\336\016\027dI\002\252\262\353\366"
  46      6AB6DE0E 
  46      17644902 
  46      AAB2EBF6 
  47 00cc BE855303 		.ascii	"\276\205S\003\333\344\011GU\347\271j\346r9\352`\203"
  47      DBE40947 
  47      55E7B96A 
  47      E67239EA 
  47      6083
  48 00de A308EC73 		.ascii	"\243\010\354s\324=Lka\277\361\375\217i\275Ri\235G%)"
  48      D43D4C6B 
  48      61BFF1FD 
  48      8F69BD52 
  48      699D4725 
  49 00f3 71000745 		.ascii	"q\000\007E\235\225\325\376E&+\356\324DI\206\360\006"
  49      9D95D5FE 
  49      45262BEE 
  49      D4444986 
  49      F006
  50 0105 5651AAA0 		.ascii	"VQ\252\240pa\215\342\365\366\037^\327B\231\035\3367"
  50      70618DE2 
  50      F5F61F5E 
  50      D742991D 
  50      DE37
  51 0117 DB6E2E55 		.ascii	"\333n.U\242\\+\317r\227\3451\034\301b\247c\244|\342"
  51      A25C2BCF 
  51      7297E531 
  51      1CC162A7 
  51      63A47CE2 
  52 012b A5DD2AEE 		.ascii	"\245\335*\356\220\377\353{\022\304X\013d\364\024\243"
  52      90FFEB7B 
  52      12C4580B 
  52      64F414A3 
  53 013b 508CA7A3 		.ascii	"P\214\247\2431\326\003\031\317\202\031\337i\306\367"
  53      31D60319 
  53      CF8219DF 
  53      69C6F7
  54 014a 3EE35567 		.ascii	">\343Ug\341l|T\304\017A\210\215\000D\003M\205\250/\336"
  54      E16C7C54 
  54      C40F4188 
  54      8D004403 
  54      4D85A82F 
  55 015f 478DF8A3 		.ascii	"G\215\370\243\271\363R\252\033\024\306-\267\207\370"
  55      B9F352AA 
  55      1B14C62D 
  55      B787F8
  56 016e C475BBA8 		.ascii	"\304u\273\250_u\012\231\350\250y>\007\345\371r?\217"
  56      5F750A99 
ARM GAS  /var/folders/qd/4mxf5pkd0zdf0b9dd1hp39180000gn/T//cctEzYAB.s 			page 4


  56      E8A8793E 
  56      07E5F972 
  56      3F8F
  57 0180 77F37AFD 		.ascii	"w\363z\375\001\253\363i\235\307\304W\225'\244\362\264"
  57      01ABF369 
  57      9DC7C457 
  57      9527A4F2 
  57      B4
  58 0191 749E72CF 		.ascii	"t\236r\317\275\211\370y\010m\256\371\033sNmQ\237\276"
  58      BD89F879 
  58      086DAEF9 
  58      1B734E6D 
  58      519FBE
  59 01a4 7E4579BE 		.ascii	"~Ey\276\204\374\026\370\224&c1\313\377\236&\255\304"
  59      84FC16F8 
  59      94266331 
  59      CBFF9E26 
  59      ADC4
  60 01b6 AC954CC4 		.ascii	"\254\225L\304\255\370\223g\263\2618\375\005w\3745F"
  60      ADF89367 
  60      B3B138FD 
  60      0577FC35 
  60      46
  61              		.text
  62              		.section	.gnu.lto_chVTDoSetI.14b87b0717cfa96b,"",%progbits
  63 0000 789C9D55 		.ascii	"x\234\235U\355O[U\030?\317=\367\215v\245dY\226B\320"
  63      ED4F5B55 
  63      183FCF3D 
  63      F78D76A5 
  63      64599642 
  64 0015 D44442F8 		.ascii	"\324DB\370 M\374\344\376\203\375\033\004]\214Y\224\260"
  64      204DFCE4 
  64      FE83FD1B 
  64      045D8C59 
  64      94B0
  65 0027 4AE217B9 		.ascii	"J\342\027\271\243c\210\333\022cl\267\\\257K\335\250"
  65      A36388DB 
  65      12636CB7 
  65      5CAF4BDD 
  65      A8
  66 0038 C4E1C017 		.ascii	"\304\341\300\027\234\026\031\224n\2602y\231\023\307"
  66      9C161994 
  66      6EB03279 
  66      9913C7
  67 0047 CBCA5458 		.ascii	"\313\312TX\331X\026\315\224`\3422\346\363\234s\307\325"
  67      D95816CD 
  67      9460E232 
  67      E6F39C73 
  67      C7D5
  68 0059 8632C349 		.ascii	"\2062\303I\333{\356s\316\357w~\317\333\251\316\030\013"
  68      DB7BEE73 
  68      CEEF777E 
  68      CFDBA9CE 
  68      180B
  69 006b 9B8CEDC3 		.ascii	"\233\214\355\303\347~\374\202\316@yo\212\261\303\246"
  69      E77EFC82 
  69      CE40796F 
ARM GAS  /var/folders/qd/4mxf5pkd0zdf0b9dd1hp39180000gn/T//cctEzYAB.s 			page 5


  69      8AB1C3A6 
  70 007b 02AA9C70 		.ascii	"\002\252\234p9\0311U\205\367g\031\263|Z\336\317\254"
  70      39193155 
  70      85F76719 
  70      B37C5ADE 
  70      CFAC
  71 008d 5D1A00D9 		.ascii	"]\032\000\331-\023X\253\302U\015Z\025\225\271\3438\377"
  71      2D1358AB 
  71      C2550D5A 
  71      1595B9E3 
  71      38FF
  72 009f 8043B663 		.ascii	"\200C\266c%\255\324u[82'7\364\243V{\310\341\214%\270"
  72      25ADD475 
  72      5B383227 
  72      37F4A356 
  72      7BC8E18C 
  73 00b5 DC035F41 		.ascii	"\334\003_A\035\356\372\341\310\347\016?\306\035\016"
  73      1DEEFAE1 
  73      C8E70E3F 
  73      C61D0E
  74 00c4 A0E2EB83 		.ascii	"\240\342\353\203I{\271\234^\025\010\343k\367\355\225"
  74      497BB99C 
  74      5E1508E3 
  74      6BF7ED95 
  75 00d4 59833F03 		.ascii	"Y\203?\003\014\347\177\365\376\236WkS\226\325fef\272"
  75      0CE77FF5 
  75      FE9E576B 
  75      5396D566 
  75      6566BA
  76 00e7 B8F5BCC3 		.ascii	"\270\365\274\3039\\\000\216\204\3605TC?T341\370\006"
  76      395C008E 
  76      84F03554 
  76      433F5433 
  76      3431F806 
  77 00fb 6A717BEC 		.ascii	"jq{\354\313\373\203>\376\234\200.]]\033\331\345B'>\021"
  77      CBFB833E 
  77      FE9C802E 
  77      5D5D1BD9 
  77      E542273E 
  78 0110 5015BE2D 		.ascii	"P\025\276-\206\252\014\322\002\372\341\037]\013A^+\240"
  78      86AA0CD2 
  78      02FAE11F 
  78      5D0B415E 
  78      2BA0
  79 0122 FD8FAEC5 		.ascii	"\375\217\256\305\025\027:\346\3549\033\263\366;\\\203"
  79      15173AE6 
  79      EC391BB3 
  79      F63B5C83 
  80 0132 8162B0C6 		.ascii	"\201b\260\306\340;\001>\237\374\363#\316\353\005x>\323"
  80      E03B013E 
  80      9FFCF323 
  80      CEEB0578 
  80      3ED3
  81 0144 753AE082 		.ascii	"u:\340\202/\247\304\271:\014\026C1\350\027\241\226\366"
  81      2FA7C4B9 
  81      3A0C1643 
  81      31E817A1 
ARM GAS  /var/folders/qd/4mxf5pkd0zdf0b9dd1hp39180000gn/T//cctEzYAB.s 			page 6


  81      96F6
  82 0156 DFCDAD17 		.ascii	"\337\315\255\027L\376\242\300:'\316}\026\2509+\2607"
  82      4CFEA2C0 
  82      3A27CE7D 
  82      16A8392B 
  82      B037
  83 0168 9CAA8F63 		.ascii	"\234\252\217cV\316RI\367\320\177\3614p\373D\246\263"
  83      56CE5249 
  83      F7D07FF1 
  83      3470FB44 
  83      A6B3
  84 017a CFC75F12 		.ascii	"\317\307_\022\320\207'\323\005\325\205N9\2413.\224C"
  84      D08727D3 
  84      05D5854E 
  84      39A1332E 
  84      9443
  85 018c 664BE8D2 		.ascii	"fK\350\322\027\033\361\200\256\302\010\324\3000\324"
  85      171BF180 
  85      AEC208D4 
  85      C030D4
  86 019b 249F2409 		.ascii	"$\237$\011\262T\017\214)OV\372\256k\031k\343q\007F\242"
  86      B2540F8C 
  86      294F56FA 
  86      AE6B196B 
  86      E3710746 
  87 01b0 7A71EDCE 		.ascii	"zq\355\316\356*`\264\2440ZT\321\023C\023\006\235\362"
  87      EE2A60B4 
  87      A4305A54 
  87      D1134313 
  87      069DF2
  88 01c3 6008AB49 		.ascii	"`\010\253I\3262\372\361\001%\306\017\344k\000(XA\240"
  88      D632FAF1 
  88      0125C60F 
  88      E46B0028 
  88      5841A0
  89 01d6 78570848 		.ascii	"xW\010HH\354\256\024s\306\336\301\343\363~+\303:\271"
  89      48ECAE14 
  89      73C6DEC1 
  89      E3F37E2B 
  89      C33AB9
  90 01e9 82935886 		.ascii	"\202\223X\206\335\2036{uz\331 M(9\321\236\2356\250L"
  90      DD83367B 
  90      757AD920 
  90      4D2839D1 
  90      9E9D36A8 
  91 01fe B8707830 		.ascii	"\270px0;9\246'\341\364a\254\265d\225\303M\233\373\340"
  91      3B39A627 
  91      E1F461AC 
  91      B56495C3 
  91      4D9BFBE0 
  92 0212 1279888B 		.ascii	"\022y\210\213=Ck\353Z\344<\325a\230\342\177\031\222"
  92      3D436BEB 
  92      5AE43CD5 
  92      6198E27F 
  92      1992
  93 0224 10174508 		.ascii	"\020\027E\010\243\020\261\271_\222\317\305|.\371\266"
  93      A310B1B9 
ARM GAS  /var/folders/qd/4mxf5pkd0zdf0b9dd1hp39180000gn/T//cctEzYAB.s 			page 7


  93      5F92CFC5 
  93      7C2EF9B6 
  94 0234 6C331D73 		.ascii	"l3\035s\267\374\233l\032\214\0116 \266+\304\026`+\320"
  94      B7FC9B6C 
  94      1A8C0936 
  94      20B62BC4 
  94      16602BD0 
  95 0248 96EC8E57 		.ascii	"\226\354\216W\022\031\371d\363 \0350\260\332\233\002"
  95      1219F964 
  95      F3201D30 
  95      B0DA9B02 
  96 0258 B2D9BCE2 		.ascii	"\262\331\274\342\337\016\224\011\007\322\351\3737\215"
  96      DF0E9409 
  96      07D2E9FB 
  96      378D
  97 0266 D6479689 		.ascii	"\326G\226\211\206$\261Q\345\305\036\274_\2162\300\301"
  97      8624B151 
  97      E5C51EBC 
  97      5F8E32C0 
  97      C1
  98 0277 E3C7A115 		.ascii	"\343\307\241\025r\256\204\013W\362\017M)!y\300\341~"
  98      72AE840B 
  98      57F20F4D 
  98      292179C0 
  98      E17E
  99 0289 B82A3428 		.ascii	"\270*4(2\233\177\317\306\332\025w\365\014P\204\276\207"
  99      329B7FCF 
  99      C6DA1577 
  99      F50C5084 
  99      BE87
 100 029b 489C8B84 		.ascii	"H\234\213\204N@D\310\333+\304\215\220\270\012\264w\342"
 100      4E4044C8 
 100      DB2BC48D 
 100      90B80AB4 
 100      77E2
 101 02ad 2AB6B608 		.ascii	"*\266\266\010s\354\324\321\023\263\007\245\320\220\315"
 101      73ECD4D1 
 101      13B307A5 
 101      D090CD
 102 02bc 151BDB02 		.ascii	"\025\033\333\002!a\317\235\220t']p\335\251,\016\331"
 102      2161CF9D 
 102      9074275D 
 102      70DDA92C 
 102      0ED9
 103 02ce 6B4CC40C 		.ascii	"kL\304\014J\304\214\303\244\320K\267\005L\271\212\236"
 103      4AC48CC3 
 103      A4D04BB7 
 103      054CB98A 
 103      9E
 104 02df F514550A 		.ascii	"\365\024U\012E*\303\333\005\025\255\200,/\224\"\347"
 104      452AC3DB 
 104      0515AD80 
 104      2C2F9422 
 104      E7
 105 02f0 620F480D 		.ascii	"b\017H\015}\005]jP\2134\204\267U\240\302\264P\240\221"
 105      7D055D6A 
 105      508B3484 
ARM GAS  /var/folders/qd/4mxf5pkd0zdf0b9dd1hp39180000gn/T//cctEzYAB.s 			page 8


 105      B755A0C2 
 105      B450A091 
 106 0304 826BA8A0 		.ascii	"\202k\250\240\000G\346.M\270\376\010\227q\254\003`x"
 106      0047E62E 
 106      4DB8FE08 
 106      9771AC03 
 106      6078
 107 0316 94859E3A 		.ascii	"\224\205\236:\324\304\007z\367\255\003.\005\225\201"
 107      D4C4077A 
 107      F7AD032E 
 107      059581
 108 0325 73E3B810 		.ascii	"s\343\270\020\342v\357<\240Pm\263@\023\253\027\333w"
 108      E276EF3C 
 108      A0506DB3 
 108      4013AB17 
 108      DB77
 109 0337 50437807 		.ascii	"PCx\007z\361\270N5\244I\357\206F\203RQ1\241\364N+\311"
 109      7AF1B84E 
 109      35A449EF 
 109      86468352 
 109      5131A1F4 
 110 034e F7A3E0D3 		.ascii	"\367\243\340\323\211o\006\275C\262\231w;\265\235(\373"
 110      896F06BD 
 110      43B29977 
 110      3BB59D28 
 110      FB
 111 035f C963BA41 		.ascii	"\311c\272A\312t\331+\303\251\362\255\330\336\226\211"
 111      CA74D92B 
 111      C3A9F2AD 
 111      D8DE9689 
 112 036f D74BD2CD 		.ascii	"\327K\322\315z\216\316\021\235O\322\345F\215\255\350"
 112      7A8ECE11 
 112      9D4FD2E5 
 112      468DADE8 
 113 037f 763FC5CD 		.ascii	"v?\305\315yO\334\302&[bu<\265\203$\250p\323+\211<\261"
 113      794FDCC2 
 113      265B6275 
 113      3CB58324 
 113      A870D32B 
 114 0396 19320993 		.ascii	"\0312\011\223\005C&\301\374_Ix\201\250\026=\252[\"\376"
 114      054326C1 
 114      FC5F4978 
 114      81A8163D 
 114      AA5B22FE 
 115 03aa D8546E71 		.ascii	"\330Tnq\225\331\2042dN`\013\235\333\320\376\354\321"
 115      95D98432 
 115      644E600B 
 115      9DDBD0FE 
 115      ECD1
 116 03bc FE420ACB 		.ascii	"\376B\012\313\210e\355\356\324\250\337\345y\352-\362"
 116      8865EDEE 
 116      D4A8DFE5 
 116      79EA2DF2 
 117 03cc 6B895B64 		.ascii	"k\211[d/\335\"K\245n\221f:|\231.\021\203\316\276\015"
 117      2FDD224B 
 117      A56E9166 
 117      3A7C992E 
ARM GAS  /var/folders/qd/4mxf5pkd0zdf0b9dd1hp39180000gn/T//cctEzYAB.s 			page 9


 117      1183CEBE 
 118 03e1 11DCB098 		.ascii	"\021\334\260\230\373\264G\374o\033\360\030G\020\012"
 118      FBB447FC 
 118      6F1BF018 
 118      47100A
 119 03f0 C8FB1B76 		.ascii	"\310\373\033v\362pB\270%;H\303&T\361i`[\251t\257\003"
 119      F27042B8 
 119      253B48C3 
 119      2654F169 
 119      605BA974 
 120 0406 760B1E51 		.ascii	"v\013\036QU_\037\221\2377\016E\232\243\221C\315\215"
 120      555F1F91 
 120      9F370E45 
 120      9AA39143 
 120      CD8D
 121 0418 91C6575B 		.ascii	"\221\306W[\242\365\215\214\267D\233\264\227_9\330\360"
 121      A2F58D8C 
 121      B7449BB4 
 121      975F39D8 
 121      F0
 122 0429 96DE123D 		.ascii	"\226\336\022=\360\346\353\215\274\251\241\231\014\321"
 122      F0E6EB8D 
 122      BCA9A199 
 122      0CD1
 123 0437 0668FA07 		.ascii	"\006h\372\007\\C\254%"
 123      5C43AC25 
 124              		.text
 125              		.section	.gnu.lto_chVTDoResetI.14b87b0717cfa96b,"",%progbits
 126 0000 789C9594 		.ascii	"x\234\225\224\317k\023A\024\307\347;\263\331]\033\214"
 126      CF6B1341 
 126      14C7E73B 
 126      B3D95D1B 
 126      8C
 127 0011 37915A21 		.ascii	"7\221Z!\007\241\364`\366\356_\340\315?\"\027oJ\032z"
 127      07A1F460 
 127      F6EE5FE0 
 127      CD3F2217 
 127      6F4A1A7A 
 128 0025 12B34D4C 		.ascii	"\022\263MLS[\017\"&bXt\017\226R\304_X\253\251U\327h"
 128      535B0F22 
 128      26625874 
 128      0F9652C4 
 128      5F58ABA9 
 129 003c 9B569BD6 		.ascii	"\233V\233\326\206@\005\253\007-EE\224\202 T\232\370"
 129      864005AB 
 129      072D4545 
 129      94822054 
 129      9AF8
 130 004e 66363122 		.ascii	"f61\"\211\264\303\356\354\314\274\235\317\373\2767?"
 130      89B4C3EE 
 130      ECCCBC9D 
 130      CFFBBE37 
 130      3F
 131 005f 74C6D869 		.ascii	"t\306\330i\215\2610}\017\322\013\301\300/,16hr@6l\023"
 131      8DB1307D 
 131      0FD20BC1 
 131      C02F2C31 
ARM GAS  /var/folders/qd/4mxf5pkd0zdf0b9dd1hp39180000gn/T//cctEzYAB.s 			page 10


 131      36687240 
 132 0076 2CC191C0 		.ascii	",\301\221\300yqI\240\230\331(\360\276q\233\212w\271"
 132      797149A0 
 132      98D928F0 
 132      BE719B8A 
 132      77B9
 133 0088 121CB2D3 		.ascii	"\022\034\262\323\007\034\301X\216^Yp\017}\364\327\312"
 133      071CC158 
 133      8E5E5970 
 133      0F7DF4D7 
 133      CA
 134 0099 D93B8E18 		.ascii	"\331;\216\030\025\216\0004\352n\226\363\037C\262\313"
 134      158E0034 
 134      EA6E96F3 
 134      1F43B2CB 
 135 00a9 11A6EEF8 		.ascii	"\021\246\356\370\372\306\252!\016\201Q\373\347\255\357"
 135      FAC6AA21 
 135      0E8151FB 
 135      E7ADEF
 136 00b8 6B5AEF98 		.ascii	"kZ\357\230m'mo\375\272\260\017;B`\012\202\200\270\217"
 136      6D276D6F 
 136      FDBAB00F 
 136      3B42600A 
 136      8280B88F 
 137 00cc 1E4CA287 		.ascii	"\036L\242\207\321\020\303\003\364\312\377?\334\255e"
 137      D110C303 
 137      F4CAFF3F 
 137      DCAD65
 138 00db F7EA9ADB 		.ascii	"\367\352\232\333\364\211\207\320\031\250q\273\022\360"
 138      F48987D0 
 138      19A871BB 
 138      12F0
 139 00e9 EC5A3D63 		.ascii	"\354Z=c{\213c\250\037\017q9MP\245i\262\012\310J\227"
 139      7B8B63A8 
 139      1F0F7139 
 139      4D50A569 
 139      B20AC84A 
 140 00fe 6386AC4C 		.ascii	"c\206\254L( \033&\006\005i{\354\234\340\262\225\362"
 140      28201B26 
 140      0605697B 
 140      EC9CE0B2 
 140      95F2
 141 0110 D81724A7 		.ascii	"\330\027$\247?o\315B\242\363\202\223\323\\\272\270l"
 141      3F6FCD42 
 141      A2F38293 
 141      D35CBAB8 
 141      6C
 142 0121 48FD4269 		.ascii	"H\375Bi\236)\226\347t\027W\007)\011aG\004\362\204+\220"
 142      9E2996E7 
 142      74175707 
 142      29096147 
 142      04F2842B 
 143 0136 4E69AB66 		.ascii	"Ni\253f\336\274\017Z7m\337$0\015\027Y\225\034<\202\245"
 143      DEBC0F5A 
 143      376DDF24 
 143      300D1759 
 143      951C3C82 
ARM GAS  /var/folders/qd/4mxf5pkd0zdf0b9dd1hp39180000gn/T//cctEzYAB.s 			page 11


 144 014b D80B477D 		.ascii	"\330\013G}\262h\213\342\377\240\2168B\307\214\242\310"
 144      B2688BE2 
 144      FFA08E38 
 144      42C78CA2 
 144      C8
 145 015c 30F1B849 		.ascii	"0\361\270I9\346S\264]\011\322\361\244\205z\252P\251"
 145      39E653B4 
 145      5D09D2F1 
 145      A4857AAA 
 145      50A9
 146 016e DCD084E1 		.ascii	"\334\320\204\341\263h\242 \242\344WGT\374;\227\350\265"
 146      B368A220 
 146      A2E45747 
 146      54FC3B97 
 146      E8B5
 147 0180 B8CF6011 		.ascii	"\270\317`\021\313\317\343v3\217\355Q\235\023WT<.y\317"
 147      CBCFE376 
 147      338FED51 
 147      9D135754 
 147      3C2E79CF 
 148 0194 FD90AB23 		.ascii	"\375\220\253#W\2146\232\3343L\241\364\216\250\027\255"
 148      578C369A 
 148      DC334CA1 
 148      F48EA817 
 148      AD
 149 01a5 359895D2 		.ascii	"5\230\225\322\270/\255\326\224f\354R\332\\\213W\332"
 149      B82FADD6 
 149      9466EC52 
 149      DA5C8B57 
 149      DA
 150 01b6 9134A323 		.ascii	"\2214\243#j\276\025\345\202\224\246K\332\217O\365tW"
 150      6ABE15E5 
 150      8294A64B 
 150      DA8F4FF5 
 150      7457
 151 01c8 3B5CF77F 		.ascii	";\\\367\177\205\031x\251h\352X\274\202\365\367\3065"
 151      851978A9 
 151      68EA58BC 
 151      82F5F7C6 
 151      35
 152 01d9 C0B048B3 		.ascii	"\300\260H\263\024}\264\024l\320\377\330M\265\261\013"
 152      147DB414 
 152      6CD0FFD8 
 152      4DB5B10B 
 153 01e9 85AF6F8D 		.ascii	"\205\257o\215\304\266m\322\200+\327\222\306&S\233\027"
 153      C4B66DD2 
 153      802BD792 
 153      C626539B 
 153      17
 154 01fa 4324008E 		.ascii	"C$\000\216\330\203%\272\006\312\015\347S\245\265_\246"
 154      D88325BA 
 154      06CA0DE7 
 154      53A5B55F 
 154      A6
 155 020b EFDCDDEF 		.ascii	"\357\334\335\357\210.,+\357t\227H\353\326j*\315\033"
 155      882E2C2B 
 155      EF749748 
ARM GAS  /var/folders/qd/4mxf5pkd0zdf0b9dd1hp39180000gn/T//cctEzYAB.s 			page 12


 155      EBD66A2A 
 155      CD1B
 156 021d D698DC1F 		.ascii	"\326\230\334\037\257aeiS\220\264\025%\355\335\374\304"
 156      AF616569 
 156      5390B415 
 156      25EDDDFC 
 156      C4
 157 022e 0D754568 		.ascii	"\015uEh\250S\331\207\012q\277!\351\326\257\251eQ\327"
 157      A853D987 
 157      0A71BF21 
 157      E9D6AFA9 
 157      6551D7
 158 0241 C93089A0 		.ascii	"\3110\211\240CI\371\351\216D,\3779\331o\305\342V\177"
 158      4349F9E9 
 158      8E442CFF 
 158      39D96FC5 
 158      E2567F
 159 0254 2C6A454F 		.ascii	",jEO\014\304#Q&\006\342\247~\003\014@{("
 159      0CC42351 
 159      2606E2A7 
 159      7E030C40 
 159      7B28
 160              		.text
 161              		.section	.gnu.lto_.symbol_nodes.14b87b0717cfa96b,"",%progbits
 162 0000 789C6363 		.ascii	"x\234cc``p\000b\006\246W\014\365\014\014\023\3161\200"
 162      60607000 
 162      6206A657 
 162      0CF50C0C 
 162      13CE3180 
 163 0014 A85D0D8E 		.ascii	"\250]\015\216\014\014\254o\031\030\024@2\257\031\352"
 163      0C0CAC6F 
 163      19181440 
 163      32AF19EA 
 164 0024 19516498 		.ascii	"\031Qd\230\3360\3243\241\2100\000\000\013\037\017\250"
 164      DE30D433 
 164      A1883000 
 164      000B1F0F 
 164      A8
 165              		.text
 166              		.section	.gnu.lto_.refs.14b87b0717cfa96b,"",%progbits
 167 0000 789C1587 		.ascii	"x\234\025\207\261\021\000 \014\204\340\315\245q\004"
 167      B1110020 
 167      0C84E0CD 
 167      A57104
 168 000f 3BF71F52 		.ascii	";\367\037RS\000G\003\367\323\250q\224\351\322J\260\364"
 168      53004703 
 168      F7D3A871 
 168      94E9D24A 
 168      B0F4
 169 0021 CC6C1E0A 		.ascii	"\314l\036\012\300\000\201"
 169      C00081
 170              		.text
 171              		.section	.gnu.lto_.decls.14b87b0717cfa96b,"",%progbits
 172 0000 789CC55A 		.ascii	"x\234\305ZiPTY\226\316\373nn$\0118\352TX5D\224Q\223"
 172      69505459 
 172      96CEFB6E 
 172      6E240938 
ARM GAS  /var/folders/qd/4mxf5pkd0zdf0b9dd1hp39180000gn/T//cctEzYAB.s 			page 13


 172      EA545835 
 173 0018 D5454C87 		.ascii	"\325EL\207\242\326fw\327LtG\315D\367\304L\367D\364\364"
 173      A2D66677 
 173      D74C7447 
 173      CD44F7C4 
 173      4CF744F4 
 174 002d 4C7444C7 		.ascii	"LtD\307L6\205YB\025Kv\362Pk\376\364c\221El\001WT(PP"
 174      4C368559 
 174      42154B76 
 174      F2506BFE 
 174      F4639145 
 175 0048 71415051 		.ascii	"qAPQd_D@P\024P\224}\263\020A\224\305\205U\346\334wo"
 175      645F4440 
 175      50145094 
 175      7DB31041 
 175      94C58555 
 176 0060 E67B99BC 		.ascii	"\346{\231\274,\353\317\304dpxy\356;\367|\347\234{\356"
 176      2CEBCFC4 
 176      64707879 
 176      EE3BF77C 
 176      E79C7BEE 
 177 0074 B9F7BE97 		.ascii	"\271\367\276\227Z\225J\025\364c\225\312K\253R\245 \225"
 177      5A954A15 
 177      F46395CA 
 177      4BAB52A5 
 177      2095
 178 0086 6A093E6A 		.ascii	"j\011>jh\253\006\"\327\007@\215@\225@f\025\375`\240"
 178      68AB0622 
 178      D707408D 
 178      40954066 
 178      15FD60A0 
 179 009a 01A011A0 		.ascii	"\001\240\021\240'@\320M5\207TN\237k\300{\300\365\217"
 179      2740D04D 
 179      3587544E 
 179      9F6BC07B 
 179      C0F58F
 180 00ad 40F3F07D 		.ascii	"@\363\360}\026\250\021Q}\013\210\352\374\000h#|\327"
 180      16A81151 
 180      7D0B88EA 
 180      FC006823 
 180      7CD7
 181 00bf C0F525A2 		.ascii	"\300\365%\242}\256\003\325\003\325 \252w\300\215\376"
 181      7DAE03D5 
 181      03D520AA 
 181      77C08DFE 
 182 00cf 16E08D4C 		.ascii	"\026\340\215L\377J\240\325\012\266\022\375m.\370z\340"
 182      FF4AA0D5 
 182      0AB612FD 
 182      6D2EF87A 
 182      E0
 183 00e0 EF01DD97 		.ascii	"\357\001\335\227av\300\367n\240v\025\305F\3147\016H"
 183      6176C0F7 
 183      6EA07615 
 183      C546CC37 
 183      0E48
 184 00f2 C32DC7EE 		.ascii	"\303-\307\356\000\336S\001\333\216g\267A\216\253U9\343"
 184      00DE5301 
ARM GAS  /var/folders/qd/4mxf5pkd0zdf0b9dd1hp39180000gn/T//cctEzYAB.s 			page 14


 184      DB8E67B7 
 184      418EAB55 
 184      39E3
 185 0104 D8F1ED78 		.ascii	"\330\361\355xO\030\236Q\001o?F-\261\005\3518\011\243"
 185      4F189E51 
 185      016F3F46 
 185      2DB105E9 
 185      3809A3
 186 0117 9506A406 		.ascii	"\225\006\244\006v\362\326\221!o`W\033\320Z`['nfx\322"
 186      76F2D691 
 186      216F6057 
 186      1BD05A60 
 186      5B276E66 
 187 012d BB2B803D 		.ascii	"\273+\200=R\372\274QCY=\260)\225Y\345:\314!\242gq>C"
 187      52FABC51 
 187      43593DB0 
 187      299559E5 
 187      3ACC21A2 
 188 0145 506383F8 		.ascii	"Pc\203\370}\266,7\332{\3759\201~\364\377\252BW\021\266"
 188      7DB62C37 
 188      DA7BFD39 
 188      817EF4FF 
 188      AA425711 
 189 015a 039E3F37 		.ascii	"\003\236?7_`P\2031\310lDaj\322\224\231v-\332g\315A\""
 189      5F605083 
 189      31C86C44 
 189      616AD294 
 189      99762DDA 
 190 0172 9C1523AC 		.ascii	"\234\025#\254P\243?\276\205\012\221/\272\204|A\254\024"
 190      50A33FBE 
 190      850A912F 
 190      BA847C41 
 190      AC14
 191 0184 AD81FF25 		.ascii	"\255\201\377%HM\373/\335i}b4\356\022\204h\"\354\361"
 191      484DFB2F 
 191      DD697D62 
 191      34EE1284 
 191      6822ECF1 
 192 0198 2B725F26 		.ascii	"+r_&]\206\214\250\030\255\247\262\271E\373\317z\342"
 192      5D868CA8 
 192      18ADA7B2 
 192      B945FBCF 
 192      7AE2
 193 01aa 75C4286E 		.ascii	"u\304(nt\362\3743o\344g<I`\252^\305\371G\355\024\004"
 193      74F2FC33 
 193      6FE4673C 
 193      4960AA5E 
 193      C5F947ED 
 194 01c0 0E55827C 		.ascii	"\016U\202|9\302\254\017\351\016\0277\332Q\005\362s\006"
 194      39C2AC0F 
 194      E90E1737 
 194      DA5105F2 
 194      7306
 195 01d2 88EFACAE 		.ascii	"\210\357\254\256\363\302\177\020\275\356i8}\226D\362"
 195      F3C27F10 
 195      BDEE6938 
 195      7D9644F2 
ARM GAS  /var/folders/qd/4mxf5pkd0zdf0b9dd1hp39180000gn/T//cctEzYAB.s 			page 15


 196 01e2 030322B9 		.ascii	"\003\003\"\271\356\003M\371O\212g\275h\023\221hM\236"
 196      EE034DF9 
 196      4F8A67BD 
 196      68139168 
 196      4D9E
 197 01f4 CAD1E12D 		.ascii	"\312\321\341-\2429}\035\363\335\336\310\340\227\340"
 197      A2397D1D 
 197      F3DDDEC8 
 197      E097E0
 198 0203 80524938 		.ascii	"\200RI8\327\001\007\372\020\030T\003\215\325\320H\355"
 198      D70107FA 
 198      10185403 
 198      8DD5D048 
 198      ED
 199 0214 5ECAF887 		.ascii	"^\312\370\207\303S\202\260\026\325\"\003\272&\331\375"
 199      C35382B0 
 199      16D52203 
 199      BA26D9FD 
 200 0224 81811A74 		.ascii	"\201\201\032t:'\365\270\026\307\210c\302\225\036\375"
 200      3A27F5B8 
 200      16C78863 
 200      C2951EFD 
 201 0234 EE3AE70E 		.ascii	"\356:\347\016\243\301-\306\243\033\357\325\211\261\251"
 201      A3C12DC6 
 201      A31BEFD5 
 201      89B1A9
 202 0243 078C3A09 		.ascii	"\007\214:\011\003 )H\362\345\256\005\037|\000\213 ;"
 202      03202948 
 202      F2E5AE05 
 202      1F7C008B 
 202      203B
 203 0255 6F5F79EC 		.ascii	"o_y\354\026\244\311-\310\253\341w\316\010\302\012\324"
 203      16A4C92D 
 203      C8ABE177 
 203      CE08C20A 
 203      D4
 204 0266 08183724 		.ascii	"\010\0307$\214z;\306\300\356\301F\2043E\0144\371r_\277"
 204      8C7A3BC6 
 204      C0EEC146 
 204      8433450C 
 204      34F9725F 
 205 027b 0F3E4599 		.ascii	"\017>E\231\252\302\222KF\234\317\356,d\024y\320\214"
 205      AAC2924B 
 205      469CCFEE 
 205      2C641479 
 205      D08C
 206 028d 5C4DB2B0 		.ascii	"\\M\262\260/%EG\3237\013\001?}\243/\321\023W\261\216"
 206      2F254547 
 206      D3370B01 
 206      3F7DA32F 
 206      D11357B1 
 207 02a2 F357BB8C 		.ascii	"\363W\273\214\270^d\014e\367\316\234\321\241U~&\223"
 207      B85E640C 
 207      65F7CE9C 
 207      D1A1557E 
 207      2693
 208 02b4 C968F25B 		.ascii	"\311h\362[eJ%V\245\000A\236\241;`\352mb\377]\260\277"
ARM GAS  /var/folders/qd/4mxf5pkd0zdf0b9dd1hp39180000gn/T//cctEzYAB.s 			page 16


 208      654A2556 
 208      A500419E 
 208      A13B60EA 
 208      6D62FF5D 
 209 02ca 0BAD22D6 		.ascii	"\013\255\"\326\241N\370\336\201L\250\035\250\033\350"
 209      A14EF8DE 
 209      814CA81D 
 209      A81BE8
 210 02d9 3ED03D64 		.ascii	">\320=d\022\363\232\372\324\234\2762\026\024\2406\350"
 210      12F39AFA 
 210      D49CBE32 
 210      1614A036 
 210      E8
 211 02ea D12AF904 		.ascii	"\321*\371\004\012\340r\234\304\247ji\316\324\373|D\020"
 211      0AE0729C 
 211      C4A76A69 
 211      CED4FB7C 
 211      4410
 212 02fc F61A49FA 		.ascii	"\366\032I\372\267\200\020Q\357\210\327e1\2077\372:\344"
 212      B7801051 
 212      EF88D765 
 212      318737FA 
 212      3AE4
 213 030e 47FFEB88 		.ascii	"G\377\353\210P\025\213\321\003\310\272\233\256\322\376"
 213      50158BD1 
 213      03C8BA9B 
 213      AED2FE
 214 031d 44B81049 		.ascii	"D\270\020I\322\257{Vf\307\010\015\033\304\254.r\025"
 214      D2AF7B56 
 214      66C7080D 
 214      1BC4AC2E 
 214      7215
 215 032f BF822479 		.ascii	"\277\202$yY\206\267\311dT\004H\345\3207\334\263\232"
 215      5986B7C9 
 215      64540448 
 215      E5D037DC 
 215      B39A
 216 0341 EA23F0B7 		.ascii	"\352#\360\267\024\341E[\251\373\275=+\242\210\373\304"
 216      14E1455B 
 216      A9FBBD3D 
 216      2BA288FB 
 216      C4
 217 0352 5FE63BF9 		.ascii	"_\346;\371(G\266\231i{Sd\251!/\355\216\221t\251RvL\264"
 217      2847B699 
 217      697B5364 
 217      A9212FED 
 217      8E9174A9 
 218 036a 84580A43 		.ascii	"\204X\012C]R]^\351\331\207z\020\2513+DE\010\321\377"
 218      5D525D5E 
 218      E9D9877A 
 218      10A9332B 
 218      444508D1 
 219 037f 702524F2 		.ascii	"p%$\362K\366\017\242\355\320\312\321\013\023%\214\275"
 219      4BF60FA2 
 219      EDD0CAD1 
 219      0B13258C 
 219      BD
ARM GAS  /var/folders/qd/4mxf5pkd0zdf0b9dd1hp39180000gn/T//cctEzYAB.s 			page 17


 220 0390 0B72B470 		.ascii	"\013r\264pL\007g\327+\3761\005H\256\225\336\247p\366"
 220      4C0767D7 
 220      2BFE3105 
 220      48AE95DE 
 220      A770F6
 221 03a3 0F5D77E8 		.ascii	"\017]w\350\027Y?\332\304I`\262.\313lU9n;\214\222\234"
 221      17593FDA 
 221      C44960B2 
 221      2ECB6C55 
 221      396E3B8C 
 222 03b9 44ACD29E 		.ascii	"D\254\322\236=t\365\250g?\352\005\376]\225J\320\207"
 222      3D74F5A8 
 222      673FEA05 
 222      FE5D954A 
 222      D087
 223 03cb 8AAD71D9 		.ascii	"\212\255q\331\203s\336x\206N\211\363M\305\355\310m\345"
 223      8373DE78 
 223      864E89F3 
 223      4DC5EDC8 
 223      6DE5
 224 03dd ED172B6F 		.ascii	"\355\027+o\030+\274U1es^\357e\011Y\375B\325\355\004"
 224      182BBC55 
 224      3165735E 
 224      EF650959 
 224      FD42D5ED 
 225 03f2 BC78334E 		.ascii	"\274x3NH\201\361\376\271(\207\372\244|\357#\305\036"
 225      4881F1FE 
 225      B92887FA 
 225      A47CEF23 
 225      C51E
 226 0404 60FB110C 		.ascii	"`\373\021\014@\037\3306\200\336\203\376\005\345\261"
 226      401FD836 
 226      80DE83FE 
 226      05E5B1
 227 0413 B775385D 		.ascii	"\267u8]\215\334\254\002EG\223*\275\304&\222\275CHl\214"
 227      8DDCAC02 
 227      4547932A 
 227      BDC42692 
 227      BD43486C 
 228 0428 1ABBDE46 		.ascii	"\032\273\336F\345\310\310?\244\215Y\251\325qHl$y\371"
 228      E5C8C83F 
 228      A48D59A9 
 228      D571486C 
 228      2479F9
 229 043b 1D6DCC99 		.ascii	"\035m\314\231l\032q\357\312#\321\225a\373\"\262X0\230"
 229      6C1A71EF 
 229      CA23D195 
 229      61FB22B2 
 229      583098
 230 044e A3015FFA 		.ascii	"\243\001_\372\301\227\271\277!SL \005\017\244\320\240"
 230      C197B9BF 
 230      21534C20 
 230      050FA4D0 
 230      A0
 231 045f E4C8A0AB 		.ascii	"\344\310\240\253##\242#\203#\345\243z|\212:\022U\323"
 231      2323A223 
 231      8323E5A3 
ARM GAS  /var/folders/qd/4mxf5pkd0zdf0b9dd1hp39180000gn/T//cctEzYAB.s 			page 18


 231      7A7C8A3A 
 231      1255D3
 232 0472 31E6EDB0 		.ascii	"1\346\355\260\205z\322\336\261\267\013\2735eL4e\324"
 232      857AD2DE 
 232      B1B70BBB 
 232      35654C34 
 232      65D4
 233 0484 6E4A57F7 		.ascii	"nJW\367\302\234\232\231\322\270\336a\012H\241\307\222"
 233      C29C9A99 
 233      D2B8DE61 
 233      0A48A1C7 
 233      92
 234 0495 298F5D4D 		.ascii	")\217]My\"\232r\377\371\253\032\003.\244\246d\246\224"
 234      79229A72 
 234      FFF9AB1A 
 234      032EA4A6 
 234      64A694
 235 04a8 C47AD15A 		.ascii	"\304z\321Z\330\300\001\337\321\326Y\352A\213a\025)\216"
 235      D8C001DF 
 235      D1D659EA 
 235      418B6115 
 235      298E
 236 04ba 0903F16D 		.ascii	"\011\003\361m\006z\177F\\\260\366Ugh)\177\207\024\313"
 236      067A7F46 
 236      5CB0F655 
 236      6768297F 
 236      8714CB
 237 04cd D4AEFADD 		.ascii	"\324\256\372\335>T^\360\002\276\264\250\254\216\255"
 237      3E545EF0 
 237      02BEB4A8 
 237      AC8EAD
 238 04dc F61B804D 		.ascii	"\366\033\200M\272~\271\216\355\024\032H\367\272\201"
 238      BA7EB98E 
 238      ED141A48 
 238      F7BA81
 239 04eb EC2376F5 		.ascii	"\354#v\365d\353pp\370\326\224\007.\242\266\024==[\304"
 239      64EB7070 
 239      F8D69407 
 239      2EA2B614 
 239      3D3D5BC4 
 240 04ff 6CA91217 		.ascii	"l\251\022\027\312\230\271\373j\\Co\012\373\3473\275"
 240      CA98B9FB 
 240      6A5C436F 
 240      0AFBE733 
 240      BD
 241 0510 F02D91E1 		.ascii	"\360-\221\341\236\305\034=\341v!\234w\273~<;\202\323"
 241      9EC51C3D 
 241      E176219C 
 241      77BB7E3C 
 241      3B82D3
 242 0523 B3930541 		.ascii	"\263\223\005A\215\346 1f\025V\220\334\341\364=Fj\302"
 242      8DE62031 
 242      66155690 
 242      DCE1F43D 
 242      466AC2
 243 0536 6660BB9F 		.ascii	"f`\273\237\035\214\323\342x\015\335\241\\\035K\327\342"
 243      1D8CD3E2 
ARM GAS  /var/folders/qd/4mxf5pkd0zdf0b9dd1hp39180000gn/T//cctEzYAB.s 			page 19


 243      780DDDA1 
 243      5C1D4BD7 
 243      E2
 244 0547 54CA340E 		.ascii	"T\3124\016\356\357\341p\232\306\311\360\325\314\360"
 244      EEEFE170 
 244      9AC6C9F0 
 244      D5CCF0
 245 0556 8CF9C2EB 		.ascii	"\214\371\302\353\2368\213\336\274\370<\351m\234K\277"
 245      9E388BDE 
 245      BCF83CE9 
 245      6D9C4BBF 
 246 0566 D70EB535 		.ascii	"\327\016\2655hp>e\222.\305\036S\343*\312\224\034(\033"
 246      68703E65 
 246      922EC51E 
 246      53E32ACA 
 246      941C281B 
 247 057a D7E37ACA 		.ascii	"\327\343z\312T/v\244\033\360}\312\\\031\276Qg`\021&"
 247      542F76A4 
 247      1BF07DCA 
 247      5C19BE51 
 247      67601126 
 248 058e 115F3871 		.ascii	"\021_8q\373\201\036\367\321\233\273S\204zO<B\231\272"
 248      FB811EF7 
 248      D19BBB53 
 248      847A4F3C 
 248      4299BA
 249 05a1 E4D8DD06 		.ascii	"\344\330\335\006<-2\334\213\226'\207\265\356B\264\233"
 249      3C2D32DC 
 249      8B962787 
 249      B5EE42B4 
 249      9B
 250 05b2 7317A2B9 		.ascii	"s\027\242\271\267a\363\205\2228\003\332\305-\017O]\377"
 250      B761F385 
 250      923803DA 
 250      C52D0F4F 
 250      5DFF
 251 05c4 E2940F5E 		.ascii	"\342\224\017^\242p;\377\222w\210\030\246\245{\027\035"
 251      A2703BFF 
 251      92778818 
 251      A6A57B17 
 251      1D
 252 05d5 343D9C98 		.ascii	"4=\234\230\273\242\246MD\333\016\022\213\303\335\027"
 252      BBA2A64D 
 252      44DB0E12 
 252      8BC3DD17 
 253 05e5 BCF14EAD 		.ascii	"\274\361N\255hTE\333\325X/\344g\260\357K>9<A\366%{\001"
 253      685445DB 
 253      D5582FE4 
 253      67B0EF4B 
 253      3E393C41 
 254 05fd 2E4582D3 		.ascii	".E\202\323\022\264\0046\023\234\354N\005\273\265\314"
 254      12B40436 
 254      139CEC4E 
 254      05BBB5CC 
 255 060d EE64CE17 		.ascii	"\356d\316\027\355\341|\211%S\263\023\205j\234L1.\355"
 255      EDE17C89 
 255      2553B313 
ARM GAS  /var/folders/qd/4mxf5pkd0zdf0b9dd1hp39180000gn/T//cctEzYAB.s 			page 20


 255      856A9C4C 
 255      312EED
 256 0620 5B48F376 		.ascii	"[H\363v`<\272\261\351\262\270/9\000\030\373$\014\200"
 256      603CBAB1 
 256      E9B2B82F 
 256      390018FB 
 256      240C80
 257 0633 7407B25F 		.ascii	"t\007\262_\031\344\376\356\266.->DA\212\232\272\347"
 257      19E4FEEE 
 257      B62E2D3E 
 257      44418A9A 
 257      BAE7
 258 0645 B10304F2 		.ascii	"\261\003\004\362*\203\346U\032\240\034\224P\016\270"
 258      2A83E655 
 258      1AA01C94 
 258      500EB8
 259 0654 4739A48C 		.ascii	"G9\244\214rt\272\3471\333\233\370\221]\323t\352}\015"
 259      7274BAE7 
 259      31DB9BF8 
 259      915DD374 
 259      EA7D0D
 260 0667 CE104151 		.ascii	"\316\020AQF\362\275+\030\347R&\361\\b\2357\276H\231"
 260      46F2BD2B 
 260      18E75226 
 260      F15C629D 
 260      37BE4899 
 261 067b E395A54F 		.ascii	"\343\225\245Ot\270\2062\366\355\370J\272\035\237l\217"
 261      74B88632 
 261      F6EDF84A 
 261      BA1D9F6C 
 261      8F
 262 068c 1E32E016 		.ascii	"\0362\340\026zo\240\273\276\300\033\337\243L\351\253"
 262      7A6FA0BB 
 262      BEC01BDF 
 262      A34CE9AB 
 263 069c A3A53EB8 		.ascii	"\243\245>\270\2332\267\206\226\246\014x\2102-Q\307 "
 263      9B32B786 
 263      96A60C78 
 263      88322D51 
 263      C720
 264 06ae 1B47591F 		.ascii	"\033GY\037a\376\260\021OP\307\217\326\034\277\3049\034"
 264      61FEB011 
 264      4F50C78F 
 264      D61CBFC4 
 264      391C
 265 06c0 6F7C8764 		.ascii	"o|\207d\313Ip:\347\0079}B\331\351\346\311]\2607|I\341"
 265      CB49703A 
 265      E707397D 
 265      42D9E9E6 
 265      C95DB037 
 266 06d7 920E8C9F 		.ascii	"\222\016\214\237\364\306\257)3?\262\277\003Q_\310\022"
 266      F4C6AF29 
 266      333FB2BF 
 266      03515FC8 
 266      12
 267 06e8 1D5DDA91 		.ascii	"\035]\332\221\312\252M\277\230\217\267\263\246\3658"
 267      CAAA4DBF 
ARM GAS  /var/folders/qd/4mxf5pkd0zdf0b9dd1hp39180000gn/T//cctEzYAB.s 			page 21


 267      988FB7B3 
 267      A6F538
 268 06f7 4927CA16 		.ascii	"I'\312\026\247\356\005\243S)\323\233\226T\352\211s("
 268      A7EE05A3 
 268      5329D39B 
 268      9654EA89 
 268      7328
 269 0709 53913C75 		.ascii	"S\221<u\325\003\237\245L\374\314`\201\017.\244\314\223"
 269      D5039FA5 
 269      4CFCCC60 
 269      810F2EA4 
 269      CC93
 270 071b A903837A 		.ascii	"\251\003\203z\\J\231\313\215\247ni\015`x\314\017\332"
 270      5C4A99CB 
 270      8DA76E69 
 270      0D6078CC 
 270      0FDA
 271 072d 93CAAADD 		.ascii	"\223\312\252\335jZ\355\236\306~\327\317N>k\200\315\276"
 271      6A5AED9E 
 271      C67ED7CF 
 271      4E3E6B80 
 271      CDBE
 272 073f 7B6D4A83 		.ascii	"{mJ\203k\250\362\374\235\017O\353\341\236/\314\026$"
 272      6BA8F2FC 
 272      9D0F4FEB 
 272      E19E2FCC 
 272      1624
 273 0751 DBE6FBD2 		.ascii	"\333\346\373\322m~a\325t\236\032\337\020e\271\013y\017"
 273      6D7E61D5 
 273      749E1ADF 
 273      1065B90B 
 273      790F
 274 0763 BF92CD92 		.ascii	"\277\222\315\222\365;\343I\006\027C\230\213\2440\373"
 274      F53BE349 
 274      06174398 
 274      8BA430FB 
 275 0773 B228470B 		.ascii	"\262(G\013B\266\200\327\250\320\207\276h\003\230z\025"
 275      42B680D7 
 275      A8D087BE 
 275      6803987A 
 275      15
 276 0784 62ECCB4C 		.ascii	"b\354\313L\275\0021\276Lc|:3\267\326\013\267Q\200\336"
 276      BD0231BE 
 276      4C637C3A 
 276      33B7D60B 
 276      B75180DE 
 277 0798 BC67CD58 		.ascii	"\274g\315X6G\336\273$\316\2212@(\221\020\21297\020\245"
 277      3647DEBB 
 277      24CE9132 
 277      40289110 
 277      8A393710 
 278 07ad CA10D1FB 		.ascii	"\312\020\321\373\332\316y\340.\012\021}=\245Eg\257?"
 278      DACE79E0 
 278      2E0A117D 
 278      3DA54567 
 278      AF3F
 279 07bf CEDD2B15 		.ascii	"\316\335+\025\272;&\322\021:\221*\300\224r\311\224"
ARM GAS  /var/folders/qd/4mxf5pkd0zdf0b9dd1hp39180000gn/T//cctEzYAB.s 			page 22


 279      BA3B26D2 
 279      113A912A 
 279      C09472C9 
 279      94
 280 07d0 328E5520 		.ascii	"2\216U \373\374XM\347Gmnq\257\027\036\242!N\332\375"
 280      FBFC584D 
 280      E7476D6E 
 280      71AF171E 
 280      A2214EDA 
 281 07e5 3A1FE331 		.ascii	":\037\3431\212?\276'\267H\253\214_\353\026\277F\254"
 281      8A3FBE27 
 281      B748AB8C 
 281      5FEB16BF 
 281      46AC
 282 07f7 7ED700BB 		.ascii	"~\327\000\273F\001\273<n\312\212\247)V\316\265\374\026"
 282      4601BB3C 
 282      6ECA8AA7 
 282      2956CEB5 
 282      FC16
 283 0809 1D9EA758 		.ascii	"\035\236\247X\035/\232\366\311&\205\250\244\001\224"
 283      1D2F9AF6 
 283      C92685A8 
 283      A40194
 284 0818 D4B92A51 		.ascii	"\324\271*Q0\246^9\226\231\345-\247\3258V/\202\335\233"
 284      30A65E39 
 284      9699E52D 
 284      A7D53856 
 284      2F82DD9B 
 285 082c 299F33E2 		.ascii	")\2373\342$\221Q\237\21393\241F~\276\010\322\020QHr"
 285      2491519F 
 285      8B3933A1 
 285      467EBE08 
 285      D2105148 
 286 0841 6086DD31 		.ascii	"`\206\3351 6r\330~N?\"\000\332\304\237I3|\327\213W\005"
 286      203672D8 
 286      7E4E3F22 
 286      00DAC49F 
 286      49337CD7 
 287 0858 FC26C027 		.ascii	"\374&\300'\267T\350\026\240\337\244\350\027\322\033"
 287      B754E816 
 287      A0DFA4E8 
 287      17D21B
 288 0867 663D0C4C 		.ascii	"f=\014L:\341M\322\0033K\265N\247\353\333`\211\264w\271"
 288      3AE14DD2 
 288      03334BB5 
 288      4EA7EBDB 
 288      6089B477 
 289 087c C319D9E6 		.ascii	"\303\031\331\3462\363Aq\257\032\247P\247\206\204km\260"
 289      32F34171 
 289      AF1AA750 
 289      A786846B 
 289      6DB0
 290 088e 8252262F 		.ascii	"\202R&/\273\367\204\007\316\242Ly\347\336\021/|\222"
 290      BBF78407 
 290      CEA24C79 
 290      E7DE112F 
 290      7C92
ARM GAS  /var/folders/qd/4mxf5pkd0zdf0b9dd1hp39180000gn/T//cctEzYAB.s 			page 23


 291 08a0 32BDE75F 		.ascii	"2\275\347_\227i\361\031\312dvO\346\351p\236\310p\355"
 291      9769F119 
 291      CA64764F 
 291      E6E9709E 
 291      C870ED
 292 08b3 4B232350 		.ascii	"K##P\026\374d\300\262=\023z\000\246\232\355\307nv~\334"
 292      16FC64C0 
 292      B23D137A 
 292      00A69AED 
 292      C76E767E 
 293 08c8 A3497E14 		.ascii	"\243I~\024O\322\353>gD\355\322\350\230\215\324\300\376"
 293      4FD2EB3E 
 293      6744EDD2 
 293      E8988DD4 
 293      C0FE
 294 08da E8BA363D 		.ascii	"\350\2726=\356\240`\223O\357.x\341\036\312\010\263\025"
 294      EEA06093 
 294      4FEF2E78 
 294      E11ECA08 
 294      B315
 295 08ec 9D5A3C40 		.ascii	"\235Z<@\231\256\0033\375\036\370!e\032\356%U\252\361"
 295      99AE0333 
 295      FD1EF821 
 295      651AEE25 
 295      55AAF1
 296 08ff 23CA9C6A 		.ascii	"#\312\234j\352\0274x\2242e\273\232\026\364x\2342GJ\342"
 296      EA173478 
 296      943265BB 
 296      9A16F478 
 296      9C32474A 
 297 0914 A30D7882 		.ascii	"\243\015x\2022g\227\246\223\215x\23223e-\3079Z5L\300"
 297      326797A6 
 297      938D789A 
 297      3233652D 
 297      C7395A35 
 298 092a 9EA94A6A 		.ascii	"\236\251Jj\300\3548\012;2\317\233;o\306\353\221\211"
 298      C0EC380A 
 298      3B32CF9B 
 298      3B6FC6EB 
 298      9189
 299 093c 7EC8D993 		.ascii	"~\310\331\223\235n\312\330\351\206\270\322\001\256\214"
 299      9D6ECAD8 
 299      E986B8D2 
 299      01AE8C
 300 094b 71B2D3CD 		.ascii	"q\262\323\315%\316\365\2307\3673z($\342\375\256\342"
 300      25CEF598 
 300      37F7337A 
 300      2824E2FD 
 300      AEE2
 301 095d FE2E27C8 		.ascii	"\376.'\310\232\317$\341>Ea\271\352V\231t\217\253\264"
 301      9ACF24E1 
 301      3E4561B9 
 301      EA569974 
 301      8FABB4
 302 0970 FC0049C5 		.ascii	"\374\000I\305\007e\342]\256\342\227\227\211\317\311"
 302      0765E25D 
 302      AEE29797 
ARM GAS  /var/folders/qd/4mxf5pkd0zdf0b9dd1hp39180000gn/T//cctEzYAB.s 			page 24


 302      89CFC9
 303 097f C4EFB98A 		.ascii	"\304\357\271\212\177\313\271\236}e\322\235\312Q\021"
 303      7FCBB99E 
 303      7D65D29D 
 303      CA5111
 304 098e A59D0E98 		.ascii	"\245\235\016\230C\220\313\203p\017\015\260\036\344\200"
 304      4390CB83 
 304      700F0DB0 
 304      1EE480
 305 099d F904F2E7 		.ascii	"\371\004\362\347;\316\204\206\201\236\002=\002\032\007"
 305      3BCE8486 
 305      819E023D 
 305      021A07
 306 09ac 1A011A05 		.ascii	"\032\001\032\005z\010\364\230\223\037\345_\226\322\263"
 306      7A08F498 
 306      931FE55F 
 306      96D2B3
 307 09bb 2C68909F 		.ascii	",h\220\237e\251a\275\362\361\352Vv[\346G\243\314\217"
 307      65A961BD 
 307      F2F1EA56 
 307      765BE647 
 307      A3CC8F
 308 09ce 5EE5988A 		.ascii	"^\345\230\212\322d[08\376T#\237~rY\025z\346\230~EK\243"
 308      D2645B30 
 308      38FE5423 
 308      9F7E7259 
 308      157AE698 
 309 09e6 131ABC24 		.ascii	"\023\032\274$f\035\2760v9\327\007\2552\371\245\262\205"
 309      661DBE30 
 309      7639D707 
 309      AD32F9A5 
 309      B285
 310 09f8 5A8C8403 		.ascii	"Z\214\204\003b\0020'Y$\246!\022S\234\374h\335\\\301"
 310      62023027 
 310      5924A621 
 310      12539CFC 
 310      68DD5CC1 
 311 0a0c CEF8A01C 		.ascii	"\316\370\240\034\335e\242n\317\370u\0254.\223\316q!"
 311      DD65A26E 
 311      CFF87515 
 311      342E93CE 
 311      7121
 312 0a1e DB9BEEEA 		.ascii	"\333\233\356\352Q\016\307{\210\363`l\370,L\311=\224"
 312      510EC77B 
 312      88F3606C 
 312      F82C4CC9 
 312      3D94
 313 0a30 A96B59AA 		.ascii	"\251kY\252\360\300i\224\271\264t:\016\343,\221\371\373"
 313      F0C06994 
 313      B9B4743A 
 313      0EE32C91 
 313      F9FB
 314 0a42 E9A44787 		.ascii	"\351\244G\207\274\300p\343*\323*\023\371\017\177&\362"
 314      BCC070E3 
 314      2AD32A13 
 314      F90F7F26 
 314      F2
ARM GAS  /var/folders/qd/4mxf5pkd0zdf0b9dd1hp39180000gn/T//cctEzYAB.s 			page 25


 315 0a53 DD0F3E74 		.ascii	"\335\017>t\216\370\231V\233\304[&?\223\321H\032\375"
 315      8EF89956 
 315      9BC45B26 
 315      3F93D148 
 315      1AFD
 316 0a65 4CD2C7CF 		.ascii	"L\322\307\317\215\313\351\340\307\014sy?\366C\263N."
 316      8DCBE9E0 
 316      C70C7379 
 316      3FF643B3 
 316      4E2E
 317 0a77 2FCD99CE 		.ascii	"/\315\231\316\263\2070s\340t4\023VpZ6\022\363N#A\372"
 317      B3873073 
 317      E0743413 
 317      56705A36 
 317      12F34E23 
 318 0a8d 51F79DB2 		.ascii	"Q\367\235\262\357\005\010<'*\012\001t\221\031p\011\276"
 318      EF05083C 
 318      272A0A01 
 318      74911970 
 318      09BE
 319 0a9f 5FC42674 		.ascii	"_\304&t\001\250\000(\037\350<P\036\3209\240\263@g\200"
 319      01A80028 
 319      1FE83C50 
 319      1ED039A0 
 319      B3406780 
 320 0ab3 4E03E502 		.ascii	"N\003\345\002\035\004\332\013\224\012\224\002\224\014"
 320      1D04DA0B 
 320      940A9402 
 320      940C
 321 0ac1 B40419FA 		.ascii	"\264\004\031\372\032h\301\311\221\232?\320\314\202\332"
 321      1A68C1C9 
 321      919A3FD0 
 321      CC82DA
 322 0ad0 F8129C58 		.ascii	"\370\022\234X\224;\361J6\373\224m|\301\272\374\337\332"
 322      943BF14A 
 322      36FB946D 
 322      7CC1BAFC 
 322      DFDA
 323 0ae2 D8DCC926 		.ascii	"\330\334\311&\0139\247\315 E+e\223\345i\007KG\001\033"
 323      0B39A7CD 
 323      20452B65 
 323      93E56907 
 323      4B47011B 
 324 0af6 D1A2ABF8 		.ascii	"\321\242\253\370\202\362#\254(,\037\033\350\271\354"
 324      82F223AC 
 324      282C1F1B 
 324      E8B9EC
 325 0b05 B9533C59 		.ascii	"\271S<Y\216\211\206\004p\232\210\023\247\377\002N\307"
 325      8E898604 
 325      709A8813 
 325      A7FF024E 
 325      C7
 326 0b16 81E13B81 		.ascii	"\201\341;\201\242\261\334\350\246<\315\353BAH\324\242"
 326      A2B1DCE8 
 326      A63CCDEB 
 326      424148D4 
 326      A2
ARM GAS  /var/folders/qd/4mxf5pkd0zdf0b9dd1hp39180000gn/T//cctEzYAB.s 			page 26


 327 0b27 1830E335 		.ascii	"\0300\3435\302N\020\356\236\244\305:\231\021\363}f\354"
 327      C24E10EE 
 327      9EA4C53A 
 327      9911F37D 
 327      66EC
 328 0b39 01E8379B 		.ascii	"\001\3507\2331x\012\0139k\304d[R\266\301\0369\230\232"
 328      31780A0B 
 328      396BC464 
 328      5B52B6C1 
 328      1E39989A 
 329 0b4d ED877451 		.ascii	"\355\207tQb6\304\203X\024sS\000\300+\3169\355d\220\343"
 329      6236C483 
 329      58147353 
 329      00C02BCE 
 329      39ED6490 
 330 0b62 FE6E3022 		.ascii	"\376n0\"\221\031\224\004\337w\2011\011\330e\326\344"
 330      91199404 
 330      DF778131 
 330      09D865D6 
 330      E4
 331 0b73 CB664D2C 		.ascii	"\313fM, $b\345\265D\031\"\206\365p\017Q\343O\363\331"
 331      202462E5 
 331      B5441922 
 331      86F5700F 
 331      51E34FF3 
 332 0b88 3E2B97EB 		.ascii	">+\227\353\227\225\242\327\347i)\002!y)\262?\337\377"
 332      9795A2D7 
 332      E7692902 
 332      217929B2 
 332      3FDFFF
 333 0b9b BBD444B2 		.ascii	"\273\324D\262\017&\301\330)\355\016\210\260]\346v\236"
 333      0F26C1D8 
 333      29ED0E88 
 333      B05DE676 
 333      9E
 334 0bac 66B6809C 		.ascii	"f\266\200\234Y\243\2244\014\037\324\221\275\037\031"
 334      59A39434 
 334      0C1FD491 
 334      BD1F19
 335 0bbb D338A97F 		.ascii	"\3238\251\177\024\226\236\345\316\317m~@\223\204\234"
 335      14969EE5 
 335      CECF6D7E 
 335      4093849C 
 336 0bcb B1135D27 		.ascii	"\261\023]'\340\202\353\000\325\374\236zG\016\226\177"
 336      E082EB00 
 336      D5FC9E7A 
 336      470E967F 
 337 0bdb 71959E76 		.ascii	"q\225\236v^,A|\360\337\244\341<\302\304\035\261<\314"
 337      5E2C417C 
 337      F0DFA4E1 
 337      3CC2C41D 
 337      B13CCC
 338 0bee B98A4FFD 		.ascii	"\271\212O\375\206j\337\007\342G]\265\037vY-\227\025"
 338      866ADF07 
 338      E2475DB5 
 338      1F76592D 
 338      9715
ARM GAS  /var/folders/qd/4mxf5pkd0zdf0b9dd1hp39180000gn/T//cctEzYAB.s 			page 27


 339 0c00 CC03301E 		.ascii	"\314\0030\036J\005\223U}\026\352\031N)\324'\177\024"
 339      4A059355 
 339      7D16EA19 
 339      4E29D427 
 339      7F14
 340 0c12 25869A20 		.ascii	"%\206\232 gH\241\"\302v\343 w\232\247h\356\034\302\253"
 340      6748A122 
 340      C276E320 
 340      779AA768 
 340      EE1CC2AB 
 341 0c26 51A6AB7D 		.ascii	"Q\246\253}\337\312\334\331\253d\240J\354G\254;\005\326"
 341      DFCADCD9 
 341      AB64A04A 
 341      EC47AC3B 
 341      05D6
 342 0c38 9D84CC39 		.ascii	"\235\204\3149\001\224\003\224\005t\004\3500P\232S6\315"
 342      01940394 
 342      057404E8 
 342      30509A53 
 342      36CD
 343 0c4a FD9A4684 		.ascii	"\375\232F\204\214N\026 \022\015n\267I\257o\312\352\316"
 343      8C4E1620 
 343      120D6EB7 
 343      49AF6FCA 
 343      EACE
 344 0c5c B137494F 		.ascii	"\2617IO\375\013U}\024\204\217\273\027\226\325\206t\247"
 344      FD0B557D 
 344      14848FBB 
 344      1796D586 
 344      74A7
 345 0c6e DA7054A1 		.ascii	"\332pT\2416\234\201\261=Mv.\271\2400\235\315\223L\360"
 345      369C81B1 
 345      3D4D762E 
 345      B9A0309D 
 345      CD934CF0 
 346 0c82 F65BF02C 		.ascii	"\366[\360,C\362\214dn\261\346\031\013'9\260g\263\016"
 346      43F28C64 
 346      6EB1E619 
 346      0B2739B0 
 346      67B30E
 347 0c95 EE6BC3E8 		.ascii	"\356k\303\350[\244\216\220L:\305d\025\012\003\313\373"
 347      5BA48E90 
 347      4C3AC564 
 347      150A03CB 
 347      FB
 348 0ca6 380DC9FB 		.ascii	"8\015\311\373t\254\260\361Y\232\333\334\310J\3001\360"
 348      74ACB0F1 
 348      599ADBDC 
 348      C84AC031 
 348      F0
 349 0cb7 FCEC0FF2 		.ascii	"\374\354\017\362\3748HJ\236\037\243\236\273YXQ6\370"
 349      FC38484A 
 349      9E1FA39E 
 349      BB595851 
 349      36F8
 350 0cc9 2BADADF6 		.ascii	"+\255\255\366\271\374\267\325\342\231\226h:'%\330\234"
 350      B9FCB7D5 
ARM GAS  /var/folders/qd/4mxf5pkd0zdf0b9dd1hp39180000gn/T//cctEzYAB.s 			page 28


 350      E2999668 
 350      3A2725D8 
 350      9C
 351 0cda B81BB25B 		.ascii	"\270\033\262[\366\331\015\351\275J\336\367\216\037I"
 351      F6D90DE9 
 351      BD4ADEF7 
 351      8E1F49
 352 0ce9 E81B6C51 		.ascii	"\350\033lQ\"s\361\374\233\244\033\177%M\334|\367\302"
 352      2273F1FC 
 352      9BA41B7F 
 352      254DDC7C 
 352      F7C2
 353 0cfb D4DAF64A 		.ascii	"\324\332\366J-\211\037\3108\307/6\0066\216\025\014\366"
 353      2D891FC8 
 353      38C72F36 
 353      06368E15 
 353      0CF6
 354 0d0d 02682A50 		.ascii	"\002h*P\236\004\362,\373,M\250\212\302\342\001\272\220"
 354      9E04F22C 
 354      FB2C4DA8 
 354      8AC2E201 
 354      BA90
 355 0d1f 49B3C31B 		.ascii	"I\263\303\033\335\376^\344\344\273L*LN\274\325J\302"
 355      DDFE5EE4 
 355      E4BB4C2A 
 355      4C4EBCD5 
 355      4AC2
 356 0d31 5532E1D1 		.ascii	"U2\341\321\237Qar\262\275\256$,\337\265\267\227\260"
 356      9F516172 
 356      B2BDAE24 
 356      2CDFB5B7 
 356      97B0
 357 0d43 A901A73F 		.ascii	"\251\001\247?t\303\325\352K\256Vw\376D*\342-\256\322"
 357      74C3D5EA 
 357      4BAE5677 
 357      FE442AE2 
 357      2DAED2
 358 0d56 CBCF04AD 		.ascii	"\313\317\004\2552\361Veq\371\300\025\263\010\222]j\233"
 358      32F15665 
 358      71F9C015 
 358      B308925D 
 358      6A9B
 359 0d68 ABF8F203 		.ascii	"\253\370\362\003\312\334f\246\0356\037\317\225\305\345"
 359      CADC66A6 
 359      1D361FCF 
 359      95C5E5
 360 0d77 9B8FABCC 		.ascii	"\233\217\253\314S\373\002\267\270l[(W\336\271\331y\271"
 360      53FB02B7 
 360      B86C5B28 
 360      57DEB9D9 
 360      79B9
 361 0d89 5A2E2DCF 		.ascii	"Z.-\317\213\253\264\206.*\326\320\341wK\310\333P2\027"
 361      8BABB486 
 361      2E2AD6D0 
 361      E1774BC8 
 361      DB503217 
 362 0d9d 5E4919BE 		.ascii	"^I\031\276(\226P\3305?\033\210\311\361\301\217\351\026"
ARM GAS  /var/folders/qd/4mxf5pkd0zdf0b9dd1hp39180000gn/T//cctEzYAB.s 			page 29


 362      289650D8 
 362      353F1B88 
 362      C9F1C18F 
 362      E916
 363 0daf 3AAB29A1 		.ascii	":\253)\241\331\003\217S\246 %*\012\343E\312\304D\347"
 363      D9038F53 
 363      A620252A 
 363      0AE345CA 
 363      C444E7
 364 0dc2 DCE3C8F1 		.ascii	"\334\343\310\361!\346\373O\357\370\301\205\302\034o"
 364      21E6FB4F 
 364      EFF8C185 
 364      C21C6F
 365 0dd1 04DB6B9A 		.ascii	"\004\333k\232\227Ks~\343i\217\305\331s\025\346X\021"
 365      974B737E 
 365      E3698FC5 
 365      D97315E6 
 365      5811
 366 0de3 C6A84479 		.ascii	"\306\250Dy\351U^=\256\260\016\244b\225\302\014.\306"
 366      E9555E3D 
 366      AEB00EA4 
 366      6295C20C 
 366      2EC6
 367 0df5 F2D5A3FD 		.ascii	"\362\325\243\375\011\365\274\004\273\236\031\006\022"
 367      09F5BC04 
 367      BB9E1906 
 367      12
 368 0e02 5FE4AB71 		.ascii	"_\344\253q\274\370\330\214+\253\333s\327\023\371\255"
 368      BCF8D88C 
 368      2BABDB73 
 368      D713F9AD 
 369 0e12 B247E413 		.ascii	"\262G\344\023\272\252T\200\3362\354\010I\211\270\000"
 369      BAAA5480 
 369      DE32EC08 
 369      4989B800 
 370 0e22 2B9B510E 		.ascii	"+\233Q\016\320Jf\220\007\376i\217\023\275\360A\372\200"
 370      D04A6690 
 370      07FE698F 
 370      13BDF041 
 370      FA80
 371 0e34 EE44F5CB 		.ascii	"\356D\365\313*\003\316\240L]\363\235L\015.\024\031\355"
 371      2A03CEA0 
 371      4C5DF39D 
 371      4C0D2E14 
 371      19ED
 372 0e46 5873C1A4 		.ascii	"Xs\301\244\027\"g\020?\223#4#\254\324\222I[\015\226"
 372      17226710 
 372      3F932334 
 372      23ACD492 
 372      495B0D96 
 373 0e5a D4BADB0A 		.ascii	"\324\272\333\012\262\227\246}./Mk\277'\224\3136\206"
 373      B297A67D 
 373      2E2F4D6B 
 373      BF2794CB 
 373      3686
 374 0e6c 550C80F8 		.ascii	"U\014\200\370P\007>\\\203\342\177\035\250\036\250\306"
 374      50073E5C 
ARM GAS  /var/folders/qd/4mxf5pkd0zdf0b9dd1hp39180000gn/T//cctEzYAB.s 			page 30


 374      83E27F1D 
 374      A81EA8C6 
 375 0e7c 69799B32 		.ascii	"iy\2332;\277\032^\016C\255b/g\373\350 \324*\325\365"
 375      3BBF1A5E 
 375      0E43AD62 
 375      2F67FBE8 
 375      20D42AD5 
 376 0e91 BA1197D7 		.ascii	"\272\021\227\327\253\012.\332\217\250\373\032/\216\352"
 376      AB0A2EDA 
 376      8FA8FB1A 
 376      2F8EEA
 377 0ea0 70251DB3 		.ascii	"p%\035\263\342\204\3121\2654fu\037F%\2211k\204\356\015"
 377      E284CA31 
 377      B5346675 
 377      1F462591 
 377      316B84EE 
 378 0eb5 D298D54A 		.ascii	"\322\230\325Jc\266\314\337\033\340\343\233\374\005\324"
 378      63B6CCDF 
 378      1BE0E39B 
 378      FC05D4
 379 0ec4 ABE5E39B 		.ascii	"\253\345\343\233\350s\025_\362\206\245g\262\312\223"
 379      E873155F 
 379      F286A567 
 379      B2CA93
 380 0ed3 3D3B260F 		.ascii	"=;&\017`\013\232\367\244{\341{t@\367\275\256\277\246"
 380      600B9AF7 
 380      A47BE17B 
 380      7440F7BD 
 380      AEBFA6
 381 0ee6 C35D9429 		.ascii	"\303]\224)\257\232\256P\343!\312\034\256,\250\307x\214"
 381      AF9AAE50 
 381      E321CA1C 
 381      AE2CA8C7 
 381      788C
 382 0ef8 32CF8EE7 		.ascii	"2\317\216\347\214px\2222\251\261Y\217|\360\014e\362"
 382      8C707892 
 382      32A9B159 
 382      8F7CF00C 
 382      65F2
 383 0f0a 52A3F671 		.ascii	"R\243\366qX\360\244/*\243\007\257\353\360\036\221\321"
 383      58F0A42F 
 383      2AA307AF 
 383      EBF01E91 
 383      D1
 384 0f1b F7161E6B 		.ascii	"\367\026\036k\325 \361\014\272\312\376\360fin\355\230"
 384      D520F10C 
 384      BACAFEF0 
 384      66696EED 
 384      98
 385 0f2c 6C5BDC0C 		.ascii	"l[\334\014nwb\367\025\217\374L`t\345>\201D\233\254\307"
 385      6E7762F7 
 385      158FFC4C 
 385      6074E53E 
 385      81449BAC 
 386 0f41 AD4C5E61 		.ascii	"\255L^a=f\033\223QYM\272\255\254]~@\037\245\343\334"
 386      3D661B93 
 386      51594DBA 
ARM GAS  /var/folders/qd/4mxf5pkd0zdf0b9dd1hp39180000gn/T//cctEzYAB.s 			page 31


 386      ADAC5D7E 
 386      401FA5E3 
 387 0f56 A934CEBD 		.ascii	"\2514\316\275c2]w]u\271{\244r\023\373\242&\014\002m"
 387      63325D77 
 387      5D75B97B 
 387      A47213FB 
 387      A2260C02 
 388 0f6b AC0719AB 		.ascii	"\254\007\031\253\0070V\3550F]@\335@\367\201\356\001"
 388      073056ED 
 388      30465D40 
 388      DD40F781 
 388      EE01
 389 0f7d 7538E568 		.ascii	"u8\345h\373\250\354\360\327\342\012\270l\2332\370\025"
 389      FBA8ECF0 
 389      D7E20AB8 
 389      6C9B32F8 
 389      15
 390 0f8e 4D6952DC 		.ascii	"MiR\334\357(K\323@\222\367S\317\016>V\3434"
 390      EF284BD3 
 390      4092F753 
 390      CF0E3E56 
 390      E334
 391 0fa0 7160B897 		.ascii	"q`\270\227%\317\233\364h\225\237\262\335}`\353\017\265"
 391      25CF9BF4 
 391      68959FB2 
 391      DD7D60EB 
 391      0FB5
 392 0fb2 DB5E7D7E 		.ascii	"\333^}~< >\250\357\205n=R&wbV\220\357<\317N\324\342"
 392      3C203EA8 
 392      EF856E3D 
 392      52267762 
 392      5690EF3C 
 393 0fca 13344762 		.ascii	"\0234Gb\357D\375\024\347\323\357\317\017\335\354\360"
 393      EF44FD14 
 393      E7D3EFCF 
 393      0FDDECF0 
 394 0fda A199FA36 		.ascii	"\241\231\3726\260q\011\343\343>\006\351\005\012i\227"
 394      B07109E3 
 394      E33E06E9 
 394      050A6997 
 395 0fea 0AF21026 		.ascii	"\012\362\020&\217_\375}\321 \026\237\276\216\237h\276"
 395      8F5FFD7D 
 395      D120169F 
 395      BE8E9F68 
 395      BE
 396 0ffb 489E88FB 		.ascii	"H\236\210\373\031"
 396      19
 397 1000 D09F65EF 		.ascii	"\320\237e\357\025\374h^\246\247\016\036\362\300\025"
 397      15FC685E 
 397      A6A70E1E 
 397      F2C015
 398 100f D4E3C32F 		.ascii	"\324\343\303/\012\347\035\257M\013b\204\277\212\332"
 398      0AE71DAF 
 398      4D0B6284 
 398      BF8ADA
 399 101e 283B6A8D 		.ascii	"(;j\215\200\227~\354I\364w\020\206\207X\372\001\321"
 399      80977EEC 
ARM GAS  /var/folders/qd/4mxf5pkd0zdf0b9dd1hp39180000gn/T//cctEzYAB.s 			page 32


 399      49F47710 
 399      868758FA 
 399      01D1
 400 1030 8F32C41F 		.ascii	"\2172\304\037\020=\302\0064,y\346\307\036\214\307\307"
 400      103DC206 
 400      342C79E6 
 400      C71E8CC7 
 400      C7
 401 1041 E6267BE2 		.ascii	"\346&{\342\033\024d\177\362`\227N\376\376\255^\334\207"
 401      1B14647F 
 401      F260974E 
 401      FEFEAD5E 
 401      DC87
 402 1053 8D41D7C7 		.ascii	"\215A\327\307R\327G\330\361<|\231!\243\012\206\220'"
 402      52D747D8 
 402      F13C7C99 
 402      21A30A86 
 402      9027
 403 1065 C1F95DB5 		.ascii	"\301\371]\265j\334JQ^$\216g\271w\345\251[W^\355\321"
 403      6ADC4A51 
 403      5E248E67 
 403      B977E5A9 
 403      5B575EED 
 404 107a ECAADF45 		.ascii	"\354\252\337E\036\001\217\203AO$\203\3060s&;\256|\010"
 404      1E018F83 
 404      414F2483 
 404      C6307326 
 404      3BAE7C08 
 405 108e AD4C6149 		.ascii	"\255LaI\361\3635\242\340\024\204\177\222>N\303+\355"
 405      F1F335A2 
 405      E014847F 
 405      923E4EC3 
 405      2BED
 406 10a0 8300D2BA 		.ascii	"\203\000\322\272\343\247b\265b\355\027\213?=\266l\236"
 406      E3A762B5 
 406      62ED178B 
 406      3F3DB66C 
 406      9E
 407 10b1 65C59F2C 		.ascii	"e\305\237,C\227\001b\012/;V9\235\302v\320C\033\311\233"
 407      43970162 
 407      0A2F3B56 
 407      399DC276 
 407      D0431BC9 
 408 10c6 5B4CDC91 		.ascii	"[L\334\221\207J\265\177\015\230\001\352\236\022u\375"
 408      874AB57F 
 408      0D9801EA 
 408      9E1275FD 
 409 10d6 AC03C9D3 		.ascii	"\254\003\311\323\027\340\366$\344\345K\240\011\240i"
 409      17E0F624 
 409      E4E54BA0 
 409      09A069
 410 10e5 A0E74E87 		.ascii	"\240\347N\207\200\326\377\241Pd\317\360\022\321\236"
 410      80D6FFA1 
 410      5064CFF0 
 410      12D19E
 411 10f4 8E673BD3 		.ascii	"\216g;\323\256S\253wA\013\342i\033\210\323h\200\001"
 411      AE53AB77 
ARM GAS  /var/folders/qd/4mxf5pkd0zdf0b9dd1hp39180000gn/T//cctEzYAB.s 			page 33


 411      410BE269 
 411      1B88D368 
 411      8001
 412 1106 D9438126 		.ascii	"\331C\201&\\\313H\373\014-#S\313\312\010\2719\313\012"
 412      5CCB48FB 
 412      0C2D2353 
 412      CBCA08B9 
 412      39CB0A
 413 1119 18A9F395 		.ascii	"\030\251\363\225L\227\243\242\3137\220\244\002\357\214"
 413      4C97A3A2 
 413      CB3790A4 
 413      02EF8C
 414 1128 7DE9857B 		.ascii	"}\351\205{\350P_\034\270\370\324CZ/\342~zL\234e\263"
 414      E8505F1C 
 414      B8F8D443 
 414      5A2FE27E 
 414      7A4C9C65 
 415 113d D0FF9534 		.ascii	"\320\377\2254~S.\353\205<F3\020\227\037\022#\362\252"
 415      7E532EEB 
 415      853C4633 
 415      10971F12 
 415      23F2AA
 416 1150 65F24282 		.ascii	"e\362B\202\356\375l\241\237\036@\023c\232\004\341\230"
 416      EEFD6CA1 
 416      9F1E4013 
 416      639A04E1 
 416      98
 417 1161 51041BA7 		.ascii	"Q\004\033\247\277\027p\250U\221\026r\244\300\357C\307"
 417      BF1770A8 
 417      55911672 
 417      A4C0EF43 
 417      C7
 418 1172 A5F696DF 		.ascii	"\245\366\226\337\313\037\302\316:\235\335\346\351\011"
 418      CB1FC2CE 
 418      3A9DDDE6 
 418      E909
 419 1180 865C4176 		.ascii	"\206\\Av\256v$\335\351\211m\243\223\360\002\023^\020"
 419      AE7624DD 
 419      E9896DA3 
 419      93F00213 
 419      5E10
 420 1192 85CF2514 		.ascii	"\205\317%\0246x\341\307\264R\334\357\210-f\357C=\311"
 420      3678E1C7 
 420      B452DCEF 
 420      882D66EF 
 420      433DC9
 421 11a5 13DD8103 		.ascii	"\023\335\201\003\225\354m\330\003r\373\330\255\351\203"
 421      95EC6DD8 
 421      0372FBD8 
 421      ADE983
 422 11b4 06FC8ACA 		.ascii	"\006\374\212\312.N\334Yd\277e0\220W\251\015q\231\310"
 422      2E4EDC59 
 422      64BF6530 
 422      9057A90D 
 422      7199C8
 423 11c7 6D558956 		.ascii	"mU\211V\263\252\022\245\026'[ESk\207\2674\013\220\370"
 423      B3AA12A5 
ARM GAS  /var/folders/qd/4mxf5pkd0zdf0b9dd1hp39180000gn/T//cctEzYAB.s 			page 34


 423      16275B45 
 423      536B87B7 
 423      340B90F8 
 424 11db 76690992 		.ascii	"vi\011\222\3625\026\237S\251W\332;\021\351\273\275\273"
 424      F235169F 
 424      53A957DA 
 424      3B11E9BB 
 424      BDBB
 425 11ed 3F970BDF 		.ascii	"?\227\013\337\376>\341#\271}i$\304w\252\304\337\004"
 425      FE3EE123 
 425      B97D6924 
 425      C477AAC4 
 425      DF04
 426 11ff DD1A8A15 		.ascii	"\335\032\212\025\242\342 mb\325+\221\240\306\344\007"
 426      A2E2206D 
 426      62D52B91 
 426      A0C6E407 
 427 120f 33B2CE8B 		.ascii	"3\262\316\2130\304\377\315\251\320N5\211\362\34131\211"
 427      30C4FFCD 
 427      A9D04E35 
 427      89F2E133 
 427      3189
 428 1221 9E58308A 		.ascii	"\236X0\212\016f\217\026_c\2775!?=\351>\276\377\204\232"
 428      0E668F16 
 428      5F63BF35 
 428      213F3DE9 
 428      3EBEFF84 
 429 1236 066384DC 		.ascii	"\006c\204\334\036.\331_kp\353p\242\335\341\323\364%"
 429      1E2ED95F 
 429      6B70EB70 
 429      A2DDE1D3 
 429      F425
 430 1248 9620DC79 		.ascii	"\226 \334y\246qu8A\355\213\342\325D|\227\350C\242\335"
 430      A6717538 
 430      41ED8BE2 
 430      D5447C97 
 430      E843A2DD 
 431 125c 87A543E9 		.ascii	"\207\245C\351\223:W\217\335J\267\335\257\233\341\230"
 431      933A578F 
 431      DD4AB7DD 
 431      AF9BE198 
 432 126c C783EBA3 		.ascii	"\307\203\353\243\262\252\242\326\242$\346\355\023\360"
 432      B2AAA2D6 
 432      A224E6ED 
 432      13F0
 433 127a 56EA18A7 		.ascii	"V\352\030\247\246\336\356V\277\257\322m\343\315_F\206"
 433      A6DEEE56 
 433      BFAFD26D 
 433      E3CD5F46 
 433      86
 434 128b 05BEBD7E 		.ascii	"\005\276\275~\275?\375\013\217\360\267\361\376\021\266"
 434      BD3FFD0B 
 434      8FF0B7F1 
 434      FE11B6
 435 129a 40FFC0A0 		.ascii	"@\377\300\240m\374\372@\375/\177\363\037k?\337\270Q"
 435      6DFCFA40 
 435      FD2F7FF3 
ARM GAS  /var/folders/qd/4mxf5pkd0zdf0b9dd1hp39180000gn/T//cctEzYAB.s 			page 35


 435      1F6B3FDF 
 435      B851
 436 12ac A5DFC613 		.ascii	"\245\337\306\023I3or\221\015\016\013\014\211\334b\001"
 436      49336F72 
 436      910D0E0B 
 436      0C89DC62 
 436      01
 437 12bd F9886F22 		.ascii	"\371\210o\"\370o\254\226\210\365AD\332\274\305\022\302"
 437      F86FAC96 
 437      88F54144 
 437      DABCC512 
 437      C2
 438 12ce 0718CCE6 		.ascii	"\007\030\314\346\310\3400\376\303Mf~/\362\377\205\325"
 438      C8E030FE 
 438      C34D667E 
 438      2FF2FF85 
 438      D5
 439 12df 1A121C18 		.ascii	"\032\022\034\030\300\007\207\207E\370\377S`H\2605\302"
 439      C0078787 
 439      45F8FF53 
 439      6048B035 
 439      C2
 440 12f0 62B6ACB3 		.ascii	"b\266\254\263F\006~\275i}\200\325\352\377yx\030o\011"
 440      46067EBD 
 440      697D80D5 
 440      EAFF7978 
 440      186F09
 441 1303 E397DDF4 		.ascii	"\343\227\335\364\377]xxH\204\377\326\300\300u\001\266"
 441      FF5D7878 
 441      4884FFD6 
 441      C0C07501 
 441      B6
 442 1314 D07561E1 		.ascii	"\320ua\341a\226u\226\200/\202\327}\272n\323\206\215"
 442      61967596 
 442      802F82D7 
 442      7DBA6ED3 
 442      868D
 443 1326 9FAEFBD3 		.ascii	"\237\256\373\323G\353B\003\276\012\267\371;\335u\330"
 443      47EB4203 
 443      BE0AB7F9 
 443      3BDD75D8 
 444 1336 161A1018 		.ascii	"\026\032\020\030\024\034f\361\007\233\276\014\210\014"
 444      141C66F1 
 444      079BBE0C 
 444      880C
 445 1344 E1CD0E3B 		.ascii	"\341\315\016;\355\306\305\377\377\031\007a\3637G\360"
 445      EDC6C5FF 
 445      FF190761 
 445      F33747F0 
 446 1354 5BC012B0 		.ascii	"[\300\022\260\310\203D18\324b\346\311\340Xm\226m\344"
 446      C8834431 
 446      38D462E6 
 446      C9E0586D 
 446      966DE4
 447 1367 1A66D9C1 		.ascii	"\032f\331\301\257\010\0142o\013\266\361\221\001!f\""
 447      AF080C32 
 447      6F0BB6F1 
ARM GAS  /var/folders/qd/4mxf5pkd0zdf0b9dd1hp39180000gn/T//cctEzYAB.s 			page 36


 447      91012166 
 447      22
 448 1378 61D31281 		.ascii	"a\323\022\201\000\233\217S\243\231_\353~\200\002\203"
 448      009B8F53 
 448      A3995FEB 
 448      7E800283 
 449 1388 B610A7CD 		.ascii	"\266\020\247\315\32018,\230\177\307\355\260\253\014"
 449      D031382C 
 449      987FC7ED 
 449      B0AB0C
 450 1397 8141FFF9 		.ascii	"\201A\377\371\273\177\014\377w\013\377\317F\372\365"
 450      BB7F0CFF 
 450      770BFFCF 
 450      46FAF5
 451 13a6 B7960860 		.ascii	"\267\226\010`\270\300 Ch\000\230\032d\263\004l1X\315"
 451      B8C02043 
 451      6800981A 
 451      64B3046C 
 451      3158CD
 452 13b9 7009B1DA 		.ascii	"p\011\261\332\202\303u<\371o\3467\272\350\264\206\333"
 452      82C3753C 
 452      F96FE637 
 452      BAE8B486 
 452      DB
 453 13ca 2062BFF8 		.ascii	" b\277\370\355\257\375\003\303C\255\301!\026[\204\377"
 453      EDAFFD03 
 453      C343ADC1 
 453      21165B84 
 453      FF
 454 13db 2F3FFF1C 		.ascii	"/?\377\034p\354c\340a5\207\362;B\202#xm\250\350\250"
 454      70EC63E0 
 454      613587F2 
 454      3B428223 
 454      786DA8E8 
 455 13f0 2ED41CBE 		.ascii	".\324\034\276=\314b\203\353\237\"-\221\026\255\325\341"
 455      3DCC6283 
 455      EB9F222D 
 455      9116ADD5 
 455      E1
 456 1401 3F858D70 		.ascii	"?\205\215p\264\223\370\37085B\334B#y\313\0163\257\007"
 456      B493F8F8 
 456      383542DC 
 456      422379CB 
 456      0E33AF07 
 457 1415 79F12B58 		.ascii	"y\361+Xi\261Z\302 \300[=-\333`\004C\003\"\2766\363\032"
 457      69B15AC2 
 457      20C05B3D 
 457      2DDB6004 
 457      430322BE 
 458 142c C08DD8EA 		.ascii	"\300\215\330\352a6\263\024\320\261\253\006Z\315\274"
 458      6136B314 
 458      D0B1AB06 
 458      5ACDBC
 459 143b 41BC2BAA 		.ascii	"A\274+\252\004\003\267\007\004\363\320\335Gf\0021\330"
 459      0403B707 
 459      04F3D0DD 
 459      47660231 
ARM GAS  /var/folders/qd/4mxf5pkd0zdf0b9dd1hp39180000gn/T//cctEzYAB.s 			page 37


 459      D8
 460 144c 5BCE9879 		.ascii	"[\316\230yl5Gj-\333\211z\355v\036\234\262\302%\302\022"
 460      6C35476A 
 460      2DDB897A 
 460      ED761E9C 
 460      B2C225C2 
 461 1461 6AD54498 		.ascii	"j\325D\230\003\303x\015\020\3000C!\254f\270\027`\015"
 461      03C3780D 
 461      10C03043 
 461      21AC66B8 
 461      17600D
 462 1474 0AB75934 		.ascii	"\012\267Y4\333y\336f]I\325AL\277\264\330,a\201\340\014"
 462      DB79DE66 
 462      5D49D541 
 462      4CBFB4D8 
 462      2C6181E0 
 463 1489 2808FFE2 		.ascii	"(\010\377\342+\253\336\262#\230\017\014\337b\321\332"
 463      2BABDEB2 
 463      23980F0C 
 463      DF62D1DA 
 464 1499 B67C0376 		.ascii	"\266|\003v\201\353d\264\265$\376_Fx\320I\266\031\224"
 464      81EB64B4 
 464      B524FE5F 
 464      4678D049 
 464      B61994
 465 14ac DBAF3C69 		.ascii	"\333\257<i\207\253\325\374eH\300\326\010\035\037\012"
 465      87ABD5FC 
 465      6548C0D6 
 465      081D1F0A 
 466 14bc 9D453E82 		.ascii	"\235E>\202\017\340-z^\274\200~\210m@\250E\035\030\024"
 466      0FE02D7A 
 466      5EBC807E 
 466      886D40A8 
 466      451D1814 
 467 14d0 60839BE1 		.ascii	"`\203\233\341![,\344\032f\331n\261A\200\002\371\035"
 467      215B2CE4 
 467      1A66D96E 
 467      B1418002 
 467      F91D
 468 14e2 D8B6F143 		.ascii	"\330\266\361C.\304\246\267Y\266B\376\232\371\367\334"
 468      2EC4A6B7 
 468      59B642FE 
 468      9AF9F7DC 
 469 14f2 0F705020 		.ascii	"\017pP \270\002#\012]6\002m\340l?\341l\2339\333\247"
 469      B802230A 
 469      5D36026D 
 469      E06C3FE1 
 469      6C9B39DB 
 470 1507 9CED13CE 		.ascii	"\234\355\023\316\3661g\373\310\223H\223\200\203b] \231"
 470      F63167FB 
 470      C8934893 
 470      8083625D 
 470      2099
 471 1519 4F3B7871 		.ascii	"O;xq\030\203\303=\034\261\005\374P+L)=\013\007\377\256"
 471      1883C33D 
 471      1CB105FC 
 471      502B4C29 
ARM GAS  /var/folders/qd/4mxf5pkd0zdf0b9dd1hp39180000gn/T//cctEzYAB.s 			page 38


 471      3D0B07FF 
 472 152e DB8C8618 		.ascii	"\333\214\206\030\003\236\373\373\020`b\317\226/\304"
 472      039EFBFB 
 472      106062CF 
 472      962FC4
 473 153d A12353CB 		.ascii	"\241#S\313\022\012E\340\213\310\255\036\326\200\260"
 473      120A45E0 
 473      8BC8AD1E 
 473      D680B0
 474 154c E04032C6 		.ascii	"\340@2\306\336\362f\210\3106\236\214\346[\256\263\215"
 474      DEF26688 
 474      C8369E8C 
 474      E65BAEB3 
 474      8D
 475 155d 0EB201A6 		.ascii	"\016\262\001\246\016\233\241\177\255p\033\262\307F\256"
 475      0E9BA17F 
 475      AD701BB2 
 475      C746AE
 476 156c 3A1B0BA5 		.ascii	":\033\013\245\215\205\322FB\251\265\211\236B\243\230"
 476      8D85D246 
 476      42A9B589 
 476      9E42A398 
 477 157c 015E0041 		.ascii	"\001^\000A\034\374F\354\352\001\"\2216\030v\336(5\232"
 477      1CFC46EC 
 477      EA012291 
 477      361876DE 
 477      28359A
 478 158f 790F87DD 		.ascii	"y\017\207\335\336\301[B,,D\220\220\254\262~\362\021"
 478      DEC15B42 
 478      2C2C4490 
 478      90ACB27E 
 478      F211
 479 15a1 64BAFD8B 		.ascii	"d\272\375\213!\202\377: $xk\230\231\367\224\374\345"
 479      2182FF3A 
 479      2024786B 
 479      9899F794 
 479      FCE5
 480 15b3 BDCC6295 		.ascii	"\275\314b\2257\233\327\177\274q\323\307z;'o\376p\323"
 480      379BD77F 
 480      BC71D3C7 
 480      7A3B276F 
 480      FE70D3
 481 15c6 FF028CB7 		.ascii	"\377\002\214\267sN"
 481      734E
 482              		.text
 483              		.section	.gnu.lto_.symtab.14b87b0717cfa96b,"",%progbits
 484 0000 5F76745F 		.ascii	"_vt_init\000"
 484      696E6974 
 484      00
 485 0009 00       		.ascii	"\000"
 486 000a 00       		.ascii	"\000"
 487 000b 00       		.ascii	"\000"
 488 000c 00000000 		.ascii	"\000\000\000\000\000\000\000\000"
 488      00000000 
 489 0014 E1000000 		.ascii	"\341\000\000\000"
 490 0018 63685654 		.ascii	"chVTDoSetI\000"
 490      446F5365 
ARM GAS  /var/folders/qd/4mxf5pkd0zdf0b9dd1hp39180000gn/T//cctEzYAB.s 			page 39


 490      744900
 491 0023 00       		.ascii	"\000"
 492 0024 00       		.ascii	"\000"
 493 0025 00       		.ascii	"\000"
 494 0026 00000000 		.ascii	"\000\000\000\000\000\000\000\000"
 494      00000000 
 495 002e E8000000 		.ascii	"\350\000\000\000"
 496 0032 63685654 		.ascii	"chVTDoResetI\000"
 496      446F5265 
 496      73657449 
 496      00
 497 003f 00       		.ascii	"\000"
 498 0040 00       		.ascii	"\000"
 499 0041 00       		.ascii	"\000"
 500 0042 00000000 		.ascii	"\000\000\000\000\000\000\000\000"
 500      00000000 
 501 004a EC000000 		.ascii	"\354\000\000\000"
 502 004e 636800   		.ascii	"ch\000"
 503 0051 00       		.ascii	"\000"
 504 0052 02       		.ascii	"\002"
 505 0053 00       		.ascii	"\000"
 506 0054 00000000 		.ascii	"\000\000\000\000\000\000\000\000"
 506      00000000 
 507 005c FA010000 		.ascii	"\372\001\000\000"
 508              		.text
 509              		.section	.gnu.lto_.opts,"",%progbits
 510 0000 272D666D 		.ascii	"'-fmath-errno' '-fsigned-zeros' '-ftrapping-math' '"
 510      6174682D 
 510      6572726E 
 510      6F272027 
 510      2D667369 
 511 0033 2D666E6F 		.ascii	"-fno-trapv' '-fno-openmp' '-fno-openacc' '-mcpu=arm"
 511      2D747261 
 511      70762720 
 511      272D666E 
 511      6F2D6F70 
 512 0066 3774646D 		.ascii	"7tdmi' '-mno-thumb-interwork' '-O2' '-fomit-frame-p"
 512      69272027 
 512      2D6D6E6F 
 512      2D746875 
 512      6D622D69 
 513 0099 6F696E74 		.ascii	"ointer' '-falign-functions=16' '-ffunction-sections"
 513      65722720 
 513      272D6661 
 513      6C69676E 
 513      2D66756E 
 514 00cc 2720272D 		.ascii	"' '-fdata-sections' '-fno-common' '-flto'\000"
 514      66646174 
 514      612D7365 
 514      6374696F 
 514      6E732720 
 515              		.text
 516              		.comm	__gnu_lto_v1,1,1
 517              		.comm	__gnu_lto_slim,1,1
 518              		.ident	"GCC: (GNU Tools for Arm Embedded Processors 7-2017-q4-major) 7.2.1 20170904 (release) [ARM
ARM GAS  /var/folders/qd/4mxf5pkd0zdf0b9dd1hp39180000gn/T//cctEzYAB.s 			page 40


DEFINED SYMBOLS
                            *ABS*:0000000000000000 chvt.c
                            *COM*:0000000000000001 __gnu_lto_v1
                            *COM*:0000000000000001 __gnu_lto_slim

NO UNDEFINED SYMBOLS
