ARM GAS  /var/folders/qd/4mxf5pkd0zdf0b9dd1hp39180000gn/T//ccXVgiiv.s 			page 1


   1              		.cpu arm7tdmi
   2              		.eabi_attribute 20, 1
   3              		.eabi_attribute 21, 1
   4              		.eabi_attribute 23, 3
   5              		.eabi_attribute 24, 1
   6              		.eabi_attribute 25, 1
   7              		.eabi_attribute 26, 1
   8              		.eabi_attribute 30, 2
   9              		.eabi_attribute 34, 0
  10              		.eabi_attribute 18, 4
  11              		.file	"vic.c"
  12              		.section	.gnu.lto_.profile.9fdc7366d189de7b,"",%progbits
  13 0000 789C6363 		.ascii	"x\234cc```\001bF\006\001>\000\000\246\000*"
  13      60606001 
  13      62460601 
  13      3E0000A6 
  13      002A
  14              		.text
  15              		.section	.gnu.lto_.icf.9fdc7366d189de7b,"",%progbits
  16 0000 789C6363 		.ascii	"x\234cc``\340c@\000&\206\363\377\356\036eg\374\363\360"
  16      6060E063 
  16      40002686 
  16      F3FFEE1E 
  16      6567FCF3 
  17 0015 ED0C1606 		.ascii	"\355\014\026\006\0006\227\006\364"
  17      00369706 
  17      F4
  18              		.text
  19              		.section	.gnu.lto_.jmpfuncs.9fdc7366d189de7b,"",%progbits
  20 0000 789C6363 		.ascii	"x\234cc``\020g@\000& fdfddd\257\237\303\314\000\304"
  20      60601067 
  20      40002620 
  20      66646664 
  20      6464AF9F 
  21 0018 8C20CC00 		.ascii	"\214 \314\000\000!\213\003\212"
  21      00218B03 
  21      8A
  22              		.text
  23              		.section	.gnu.lto_.inline.9fdc7366d189de7b,"",%progbits
  24 0000 789C6363 		.ascii	"x\234cc``\260d@\000&\006\006\236\347\014\214\014LB7"
  24      6060B064 
  24      40002606 
  24      069EE70C 
  24      8C0C4C42 
  25 0015 56F130B0 		.ascii	"V\3610\260-\220g\002\21122\260\261221(0\002\025\200"
  25      2D906702 
  25      893232B0 
  25      B1323231 
  25      28300215 
  26 002a 08669605 		.ascii	"\010f\226\005\362\020I\246\013\374\034`\215\000\327"
  26      F21049A6 
  26      0BFC1C60 
  26      8D00D7
  27 0039 D60668   		.ascii	"\326\006h"
  28              		.text
  29              		.section	.gnu.lto_.pureconst.9fdc7366d189de7b,"",%progbits
  30 0000 789C6363 		.ascii	"x\234cc```\005b&\006)F)\000\000\374\000C"
ARM GAS  /var/folders/qd/4mxf5pkd0zdf0b9dd1hp39180000gn/T//ccXVgiiv.s 			page 2


  30      60606005 
  30      62260629 
  30      46290000 
  30      FC0043
  31              		.text
  32              		.section	.gnu.lto_vic_init.9fdc7366d189de7b,"",%progbits
  33 0000 789C9D93 		.ascii	"x\234\235\223\317KTQ\024\307\317\367\335\373\2362\345"
  33      CF4B5451 
  33      14C7CFF7 
  33      DDFB9E32 
  33      E5
  34 0011 D8B670E1 		.ascii	"\330\266p\341F\310\014_F\375\005m[\264hW\004\345&!0"
  34      46C80C5F 
  34      46FD056D 
  34      5BB46857 
  34      04E52621 
  35 0026 54A49D57 		.ascii	"T\244\235W\235\322\301\222\230r\242a\250\301\220\334"
  35      9DD2C192 
  35      9872A261 
  35      A8C190DC 
  36 0036 A485594D 		.ascii	"\244\205YM\245=\307\037\371cT\032$(Z\204\222DQPH\256"
  36      A53DC71F 
  36      F963541A 
  36      24285A84 
  36      92445150 
  37 004c 723AF75E 		.ascii	"r:\367^E\027\026\344\345\275w\177\274s>\337s\317\271"
  37      451716E4 
  37      E5BD777F 
  37      BC733EDF 
  37      73CFB9
  38 005f D723A283 		.ascii	"\327#\242\203\222\350\020\367'\371\205Gp\256\317\021"
  38      92E810F7 
  38      27F98547 
  38      70AECF11 
  39 006f 35173A90 		.ascii	"5\027:\220v \354`\244P:bl\212H\205\334\254$\265\333"
  39      7620EC60 
  39      A4503A62 
  39      6C8A4885 
  39      DCAC24B5 
  40 0084 05F4BA2A 		.ascii	"\005\364\272*\00459B\272hr$!\220\330\263\371a$]\025"
  40      04353942 
  40      BA687224 
  40      2190D8B3 
  40      F961245D 
  41 0099 3705326D 		.ascii	"7\0052m\313i\247\374\276\342\026\334\212\355U\275\001"
  41      CB69A7FC 
  41      BEE216DC 
  41      8AED55BD 
  41      01
  42 00aa 9282282E 		.ascii	"\222\202(.\3104\014\240\234\330\354M\344aRt\210\244"
  42      C8340CA0 
  42      9CD8EC4D 
  42      E4615274 
  42      88A4
  43 00bc 00244F7F 		.ascii	"\000$O\177\314&\226\302z\352\240\224\247\267\333\243"
  43      CC2696C2 
  43      7AEAA094 
ARM GAS  /var/folders/qd/4mxf5pkd0zdf0b9dd1hp39180000gn/T//ccXVgiiv.s 			page 3


  43      A7B7DBA3 
  44 00cc 778B4505 		.ascii	"w\213E\005\264\345\344\352x\\\224\335S\252E\005\313"
  44      B4E5E4EA 
  44      785C94DD 
  44      53AA4505 
  44      CB
  45 00dd 11915041 		.ascii	"\021\221PA\2444)\004\236@0\024\203(\301c\224\0308[\367"
  45      A4342904 
  45      9E403014 
  45      8328C163 
  45      9418385B 
  46 00f2 CC8C0E87 		.ascii	"\314\214\016\207\205o<\243\037:\207\302\332\223Cy\333"
  46      856F3CA3 
  46      1F3A87C2 
  46      DA934379 
  46      DB
  47 0103 B0EE28F1 		.ascii	"\260\356(\361l[\307\305Gk]E\236D\032ex\2122\0330\236"
  47      6C5BC7C5 
  47      476B5D45 
  47      9E441A65 
  47      788A321B 
  48 0119 EB3C71AF 		.ascii	"\353<q\257\227\373sn\240\326\362m*\230[@\367jh\027H"
  48      97FB736E 
  48      A0D6F26D 
  48      2A985B40 
  48      F76A6817 
  49 012e 2F87CC97 		.ascii	"/\207\314\227\250\235\035\262R\005\024\025\016\017Z"
  49      A89D1DB2 
  49      52051415 
  49      0E0F5A
  50 013d 035A464B 		.ascii	"\003ZFKj \003\015\321H\026\271\3615\035\203\336\246"
  50      6A20030D 
  50      D14816B9 
  50      F1351D83 
  50      DEA6
  51 014f 80FA98CF 		.ascii	"\200\372\230\317\027\343\005\007\360\005\231\225\317"
  51      17E30507 
  51      F0059995 
  51      CF
  52 015c B3A7B519 		.ascii	"\263\247\265\031\233\304/g\346\013\254\211\016\253m"
  52      9BC42F67 
  52      E60BAC89 
  52      0EAB6D
  53 016b BAFB680A 		.ascii	"\272\373h\012w\232y\017\251}I\341j\017\274\324a\363"
  53      779A790F 
  53      A97D49E1 
  53      6A0FBCD4 
  53      61F3
  54 017d 4F353811 		.ascii	"O58\021s\374\007*\322\254xg\036\206\220B\227I4\206\341"
  54      73FC072A 
  54      D2AC7867 
  54      1E869042 
  54      97493486 
  55 0192 6F85791C 		.ascii	"o\205y\034\353\253\015\255\271\272u\255\377\202\007"
  55      EBAB0DAD 
  55      B9BA75AD 
  55      FF8207
ARM GAS  /var/folders/qd/4mxf5pkd0zdf0b9dd1hp39180000gn/T//ccXVgiiv.s 			page 4


  56 01a1 060E0D1F 		.ascii	"\006\016\015\0371\360\\\347B\332\265\360\337\371<W~"
  56      31F05CE7 
  56      42DAB5F0 
  56      DFF93C57 
  56      7E
  57 01b2 833F7F66 		.ascii	"\203?\177f'\374Q\303w4\177\014\276\241\351\004.\345"
  57      27FC51C3 
  57      77347F0C 
  57      BEA1E904 
  57      2EE5
  58 01c4 6C02755D 		.ascii	"l\002u]\016\350jE\205 >\235\234_#\366\256q\033\261s"
  58      0EE86A45 
  58      85203E9D 
  58      9C5F23F6 
  58      AE711BB1 
  59 01d9 F46FB502 		.ascii	"\364o\265\002\214\0335ak\377m\245'_T\325\257\177\246"
  59      8C1B3561 
  59      6BFF6DA5 
  59      275F54D5 
  59      AF7FA6
  60 01ec 86A18399 		.ascii	"\206\241\203\231\200\2370{%\274F\325f\352\336\357Lm"
  60      809F307B 
  60      25BC46D5 
  60      66EADEEF 
  60      4C6D
  61 01fe D2A8C9BF 		.ascii	"\322\250\311\277\251Mm\252MoQ\353=\265\0031\0173F\314"
  61      A94D6DAA 
  61      4D6F51EB 
  61      3DB50331 
  61      0F3346CC 
  62 0212 D5B42C27 		.ascii	"\325\264,'\322\322Z\343W\256u\2045/!B,\206\012\223\336"
  62      D2D25AE3 
  62      57AE7584 
  62      352F2142 
  62      2C860A93 
  63 0227 D28DDCF2 		.ascii	"\322\215\334\362\252\311\255$\276\352\346\354:d\327"
  63      AAC9AD24 
  63      BEEAE6EC 
  63      3A64D7
  64 0236 419F1099 		.ascii	"A\237\020\231\037-\261\276`\301\276\237+}\236.\274D"
  64      1F2DB1BE 
  64      60C1BE9F 
  64      2B7D9E2E 
  64      BC44
  65 0248 3166ED15 		.ascii	"1f\355\025\372\005py\234\234\306\213X\230I\256\275\004"
  65      FA057079 
  65      9C9CC68B 
  65      589849AE 
  65      BD04
  66 025a DFB986AB 		.ascii	"\337\271\206\253!s\221tkg^Vr\225\367WV\372\366\251\255"
  66      21739174 
  66      6B675E56 
  66      7295F757 
  66      56FAF6A9 
  67 026f F7CF9FBD 		.ascii	"\367\317\237\275\340_\254\255k\250\367\217\2378\246"
  67      E05FACAD 
  67      6BA8F78F 
ARM GAS  /var/folders/qd/4mxf5pkd0zdf0b9dd1hp39180000gn/T//ccXVgiiv.s 			page 5


  67      9F38A6
  68 027e DFC35547 		.ascii	"\337\303UG.\371\2155\325\225\325$\270C\315\037\331@"
  68      2EF98D35 
  68      D595D524 
  68      B843CD1F 
  68      D940
  69 0290 69AA     		.ascii	"i\252"
  70              		.text
  71              		.section	.gnu.lto_SetVICVector.9fdc7366d189de7b,"",%progbits
  72 0000 789C9592 		.ascii	"x\234\225\222\317KTQ\024\307\357\367\235\347\2337\211"
  72      CF4B5451 
  72      14C7EFF7 
  72      9DE79B37 
  72      89
  73 0011 05ED2AA9 		.ascii	"\005\355*\251Y$&\201\017\373\261i\027\321\256E\377\202"
  73      59242681 
  73      0FFBB169 
  73      17D1AE45 
  73      FF82
  74 0023 4C0306D2 		.ascii	"L\003\006\322\310h\322\316\253N\216V\013\361W4\0141"
  74      C868D2CE 
  74      AB4E8E56 
  74      0BF15734 
  74      0C31
  75 0035 34DAD422 		.ascii	"4\332\324\"\246(+M\3555\226\375 \225\312\205\024E(\271"
  75      A6282B4D 
  75      ED3596FD 
  75      2095CA85 
  75      144528B9 
  76 0049 30323289 		.ascii	"022\211Jp:\347\215QI-\272\274\313;\367\336\363=\347"
  76      4A703AE7 
  76      8D51492D 
  76      BABCCB3B 
  76      F7DEF33D 
  77 005e 73CEBD96 		.ascii	"s\316\275\226R\312GJ\035\344\377\026\236 \005\243}B"
  77      52CA474A 
  77      1DE4FF16 
  77      9E2005A3 
  77      7D42
  78 0070 A946DB00 		.ascii	"\251F\333\000\304\3206T\203\201\006\234\241.B667`\224"
  78      C4D03654 
  78      8381069C 
  78      A12E4236 
  78      36376094 
  79 0084 A5350FF7 		.ascii	"\2455\017\367\354\342&}\311E\202\345=<e\340:\312\330"
  79      ECE2267D 
  79      C94582E5 
  79      3D3C65E0 
  79      3ACAD8
  80 0097 EB59F46A 		.ascii	"\353Y\364j\202NS\202\000\223\227\237\306\343\263\353"
  80      824E5382 
  80      0093979F 
  80      C6E3B3EB 
  81 00a7 656920C0 		.ascii	"ei \300\313\346\316\221!\233vB\261\335\223\272<l\226"
  81      CBE6CE91 
  81      219B7642 
  81      B1DD93BA 
ARM GAS  /var/folders/qd/4mxf5pkd0zdf0b9dd1hp39180000gn/T//ccXVgiiv.s 			page 6


  81      3C6C96
  82 00ba F669DDA4 		.ascii	"\366i\335\244\335\247)\322\333\023D\270\011\342\200"
  82      DDA729D2 
  82      DB1344B8 
  82      09E280
  83 00c9 E847316E 		.ascii	"\350G1n\240X\361\226\302-\224\262\373\320\364\347\357"
  83      A058F196 
  83      C22D94B2 
  83      FBD0F4E7 
  83      EF
  84 00da 7EDAED49 		.ascii	"~\332\355I\037\177Yh\267E\312(K\275\236\324\304\355"
  84      1F7F5968 
  84      B745CA28 
  84      4BBD9ED4 
  84      C4ED
  85 00ec B5525361 		.ascii	"\265RSa\300\223\366\276\030|e\321>O\372\262\253m\333"
  85      C093F6BE 
  85      187C65D1 
  85      3E4FFAB2 
  85      AB6DDB
  86 00ff AA72EAE2 		.ascii	"\252r\352\342\252r\360/\312;(\025\367\316\226\266w\240"
  86      AA72F02F 
  86      CA3B2815 
  86      F7CE96B6 
  86      77A0
  87 0111 FD9E7476 		.ascii	"\375\236tv\374\321\214U\222\362\200\337\304(\256\335"
  87      FCD18C55 
  87      92F280DF 
  87      C428AEDD 
  88 0121 68204105 		.ascii	"h A\005\030\372S.\203\275g\256\255t\027Y&\206Q\222\357"
  88      18FA532E 
  88      83BD67AE 
  88      AD741759 
  88      26865192 
  89 0136 11466029 		.ascii	"\021F`)\260\221y^\340\352\225\\L\273\023i\244\227\013"
  89      B091795E 
  89      E0EA955C 
  89      4CBB1369 
  89      A4970B
  90 0149 D781535A 		.ascii	"\327\201SZ\206\344%\261LH\311\026\204\336\206G\242Z"
  90      86E425B1 
  90      4C48C916 
  90      84DE8647 
  90      A25A
  91 015b 39025F89 		.ascii	"9\002_\211vU\033\031b5\273j\016M\311\217\243\220\270"
  91      76551B19 
  91      6235BB6A 
  91      0E4DC98F 
  91      A390B8
  92 016e 924568DF 		.ascii	"\222Eh\337\017t@\272]\000\3756\227\333\200\273\3143"
  92      0F7440BA 
  92      5D00FD36 
  92      97DB80BB 
  92      CC33
  93 0180 8FA6C5D8 		.ascii	"\217\246\305\330xf\243\370\305\011q\256n\036\331\251"
  93      7866A3F8 
  93      C50971AE 
ARM GAS  /var/folders/qd/4mxf5pkd0zdf0b9dd1hp39180000gn/T//ccXVgiiv.s 			page 7


  93      6E1ED9A9 
  94 0190 53DF7CB2 		.ascii	"S\337|\262#\027q2;\351\313\253\004<\366\344\302\336"
  94      23177132 
  94      3BE9CBAB 
  94      043CF6E4 
  94      C2DE
  95 01a2 24CE3772 		.ascii	"$\3167r\213\222[\023\344\223 p\2450>\324\375c\035\206"
  95      8B925B13 
  95      E4932070 
  95      A5303ED4 
  95      FD631D86 
  96 01b6 7345471B 		.ascii	"sEG\0335\327n\343\036\222\350\246\325\222?,\365\345"
  96      35D76EE3 
  96      1E92E8A6 
  96      D5923F2C 
  96      F5E5
  97 01c8 8A2A3272 		.ascii	"\212*2r\230\034\344\307\341G\026N\234,\357y\214\242"
  97      981CE4C7 
  97      E147164E 
  97      9C2CEF79 
  97      8CA2
  98 01da 82B373EA 		.ascii	"\202\263s\352\346\257-\257'7\347i\2148\331\277\277\022"
  98      E6AF2DAF 
  98      2737E769 
  98      8C38D9BF 
  98      BF12
  99 01ec 1301DCFF 		.ascii	"\023\001\334\377\311|\316\237w\"\366[\203\374_\214\017"
  99      C97CCE9F 
  99      7722F65B 
  99      83FC5F8C 
  99      0F
 100 01fd 3C46FC8B 		.ascii	"<F\374\213q\354\027\343Ca$\265\300\215].\364\356KF+"
 100      71EC17E3 
 100      436124B5 
 100      C08D5D2E 
 100      F4EE4B46 
 101 0212 6BB9E386 		.ascii	"k\271\343\206R;\312\313\235\374\027\256u\252*\253\235"
 101      523BCACB 
 101      9DFC17AE 
 101      75AA2AAB 
 101      9D
 102 0223 9A70A4AE 		.ascii	"\232p\244\256\3269t\370\200\314]\025{N8\365G\203\345"
 102      D63974F8 
 102      80CC5D15 
 102      7B4E38F5 
 102      4783E5
 103 0236 41E5ABAA 		.ascii	"A\345\253\252<v\244:\024\261\352C\301\272p\304\252\015"
 103      3C76A43A 
 103      14B1EA43 
 103      C1BA70C4 
 103      AA0D
 104 0248 1F8F0443 		.ascii	"\037\217\004C&\037\326\374\000f\306\014:"
 104      261FD6FC 
 104      0066C60C 
 104      3A
 105              		.text
 106              		.section	.gnu.lto_.symbol_nodes.9fdc7366d189de7b,"",%progbits
ARM GAS  /var/folders/qd/4mxf5pkd0zdf0b9dd1hp39180000gn/T//ccXVgiiv.s 			page 8


 107 0000 789C6363 		.ascii	"x\234cc``P\003b\006\246>\306z\006\206\011\347\030\030"
 107      60605003 
 107      6206A63E 
 107      C67A0686 
 107      09E71818 
 108 0014 80D4AE06 		.ascii	"\200\324\256\006G\240H?c=#\212\010\003\000\265\323\010"
 108      47A0483F 
 108      633D238A 
 108      080300B5 
 108      D308
 109 0026 FF       		.ascii	"\377"
 110              		.text
 111              		.section	.gnu.lto_.refs.9fdc7366d189de7b,"",%progbits
 112 0000 789C6363 		.ascii	"x\234cc```\004b\006\000\000D\000\010"
 112      60606004 
 112      62060000 
 112      440008
 113              		.text
 114              		.section	.gnu.lto_.decls.9fdc7366d189de7b,"",%progbits
 115 0000 789CC556 		.ascii	"x\234\305V}PT\327\025\177\347\275\015\260\313\362\321"
 115      7D5054D7 
 115      157FE7BD 
 115      0DB0CBF2 
 115      D1
 116 0011 D5C9381D 		.ascii	"\325\3118\035g\3528\314\310\037\335}\202\316\230\277"
 116      67EA38CC 
 116      C81FDD7D 
 116      82CE98BF 
 117 0021 3A718849 		.ascii	":q\210I\235\351G\252m\376\310?\233\315\362\254\333,"
 117      9DE947AA 
 117      6DFEC83F 
 117      9BCDF2AC 
 117      DB2C
 118 0033 BB1B7669 		.ascii	"\273\033vi\232\314t\372\220UT\222\020\210\011\212\246"
 118      9ACC74FA 
 118      90555492 
 118      1088098A 
 118      A6
 119 0044 758CF5A3 		.ascii	"u\214\365\243 \261\361\023\227\310j#\331\240F\202\006"
 119      20B1F113 
 119      97C86A23 
 119      D9A04682 
 119      06
 120 0055 0AF2AD28 		.ascii	"\012\362\255(\002\202P\242\005\212\366\334\217\267\373"
 120      028250A2 
 120      058AF6DC 
 120      8FB7FB
 121 0064 B2B033F9 		.ascii	"\262\2603\371\2433\275\263\347\335w\316\375\335s\177"
 121      A333BDB3 
 121      E7DD77CE 
 121      FDDD737F 
 122 0074 E79C7BEF 		.ascii	"\347\234{\357\333$A\020j\315\202pZ\024\204\333\370\376"
 122      DB244110 
 122      6ACD8270 
 122      5A1484DB 
 122      F8FE
 123 0086 049B84FD 		.ascii	"\004\233\204\375\005\0244\011v\224\227\005\326\210\036"
ARM GAS  /var/folders/qd/4mxf5pkd0zdf0b9dd1hp39180000gn/T//ccXVgiiv.s 			page 9


 123      05143409 
 123      76949705 
 123      D6881E
 124 0095 E263F1ED 		.ascii	"\342c\361\355\015\020\204\024\354_A\261\240,Fy\032\330"
 124      0D108414 
 124      EC5F41B1 
 124      A02C4679 
 124      1AD8
 125 00a7 DCC5D8B7 		.ascii	"\334\305\330\267c\337\203\222\204\362\003\202EIB\261"
 125      63DF8392 
 125      84F20382 
 125      454942B1 
 126 00b7 A0A4A218 		.ascii	"\240\244\242\030Q\200\373\217o%8`\212\363\255\361\""
 126      5180FB8F 
 126      6F253860 
 126      8AF3ADF1 
 126      22
 127 00c8 6BACE06B 		.ascii	"k\254\340k\020\377\355\234g*\367\015\011\370\356\222"
 127      10FFED9C 
 127      672AF70D 
 127      09F8EE92 
 128 00d8 E0DC85CF 		.ascii	"\340\334\205\317\032S{\241\033\020\017\231\324\012\300"
 128      1A537BA1 
 128      1B100F99 
 128      D40AC0
 129 00e7 9ED813A1 		.ascii	"\236\330\023\241\372\023\255\001\263\243Ud\035\207\022"
 129      FA13AD01 
 129      B3A35564 
 129      1D8712
 130 00f6 459B0251 		.ascii	"E\233\002Q\213\310}\210\232_\372\343\016@\357\225\215"
 130      8BC87D88 
 130      9A5FFAE3 
 130      0E40EF95 
 130      8D
 131 0107 B3E5B426 		.ascii	"\263\345\264&0<\343\023\233\307Lbl1\335\224y\\\205\350"
 131      303CE313 
 131      9BC74C62 
 131      6C31DD94 
 131      795C85E8 
 132 011b 7094542C 		.ascii	"p\224T,H\340I\250\251:\2737\265\017zP\377\221 \250)"
 132      48E049A8 
 132      A93ABB37 
 132      B50F7A50 
 132      FF9120A8 
 133 0130 05D45ADB 		.ascii	"\005\324Z\333\025\011\247K\030&\276\207>\372x\217QJ"
 133      1509A74B 
 133      1826BE87 
 133      3EFA788F 
 133      514A
 134 0142 A5EF6DC5 		.ascii	"\245\357m\305S#\031\266Z\225\265\224\327\0048\015\222"
 134      532319B6 
 134      5A95B594 
 134      D704380D 
 134      92
 135 0153 96CFAF83 		.ascii	"\226\317\257\203\307\367Ie\022XL`@u\342j\365\255tT\027"
 135      C7F74965 
 135      12584C60 
ARM GAS  /var/folders/qd/4mxf5pkd0zdf0b9dd1hp39180000gn/T//ccXVgiiv.s 			page 10


 135      4075E26A 
 135      F5AD7454 
 136 0168 9B6019AA 		.ascii	"\233`\031\252u\227\353\333`\311\207d\336\376\0225\323"
 136      7597EBDB 
 136      60C98764 
 136      DEFE1235 
 136      D3
 137 0179 00AF3C0D 		.ascii	"\000\257<\015\365\260\024\316\302Rds\016\226\340\323"
 137      F5B014CE 
 137      C2526473 
 137      0E96E0D3 
 138 0189 63609E5A 		.ascii	"c`\236Z\266=\354L_\276_\335\337\247\206\357\036\266"
 138      B63DEC4C 
 138      5FBE5FDD 
 138      DFA786EF 
 138      1EB6
 139 019b 1C2A5123 		.ascii	"\034*Q#8m\031A\301)\220\340\014\330H\010\247\310\332"
 139      386D1941 
 139      C12990E0 
 139      0CD84808 
 139      A7C8DA
 140 01ae 7012FA00 		.ascii	"p\022\372\000N@/\306\027\202\3458{\244\241\364uI\241"
 140      4E402FC6 
 140      1782E538 
 140      7BA4A1F4 
 140      7549A1
 141 01c1 7CEB6A67 		.ascii	"|\353jg\217\233\014\244\276/\233\210w4\365\037\036,"
 141      8F9B0CA4 
 141      BE2F9B88 
 141      7734F51F 
 141      1E2C
 142 01d3 D22C9F01 		.ascii	"\322,\237\0015\015\224\035\271g\2446\273\031\3163\333"
 142      350D941D 
 142      B967A436 
 142      BB19CE33 
 142      DB
 143 01e4 A7358776 		.ascii	"\2475\207v\032\023\322\015S\272\215\300\371v\236\235"
 143      1A13D20D 
 143      53BA8DC0 
 143      F9769E9D 
 144 01f4 DB0D9C6F 		.ascii	"\333\015\234o\363aI=\210\2632\011\010\032bl\033\342"
 144      F361493D 
 144      88B33209 
 144      081A626C 
 144      1BE2
 145 0206 D95EA06C 		.ascii	"\331^\240l\253\356O\377\220%M%Y;3Vs&\215\351a!6\274"
 145      ABEE4FFF 
 145      90254D25 
 145      593B3356 
 145      73268DE9 
 146 021e 980F97B7 		.ascii	"\230\017\227\267\374\345f\012\037\026Q?\336\020\274"
 146      FCE5660A 
 146      1F16513F 
 146      DE10BC
 147 022d 9FCE7540 		.ascii	"\237\316u@\375\213\321\266/\2239\336\214\372\365\361"
 147      FD8BD1B6 
 147      2F9339DE 
ARM GAS  /var/folders/qd/4mxf5pkd0zdf0b9dd1hp39180000gn/T//ccXVgiiv.s 			page 11


 147      8CFAF5F1 
 148 023d 8A4EB354 		.ascii	"\212N\263TH\223\021\271\371\316\371$\206\225Q\355\253"
 148      489311B9 
 148      F9CEF924 
 148      869551ED 
 148      AB
 149 024e 9E6801D3 		.ascii	"\236h\001\323v\036\241\361\247\304\036\213\260\031\360"
 149      761EA1F1 
 149      A7C41E8B 
 149      B019F0
 150 025d C481BC14 		.ascii	"\304\201\274\024\276D\025\3213\225\023\345\242\345="
 150      BE4415D1 
 150      339513E5 
 150      A2E53D
 151 026c 82C6C7B3 		.ascii	"\202\306\307\263\006Xa\202/\020\335D\321\227\301\242"
 151      06586182 
 151      2F10DD44 
 151      D197C1A2 
 152 027c CD21E0EE 		.ascii	"\315!\340\356\310\321\032\262\023\020C6c\006\232>\031"
 152      C8D11AB2 
 152      13104336 
 152      63069A3E 
 152      19
 153 028d AD9F4E63 		.ascii	"\255\237Nc&\202h-\237<\230,\275E\336\305\336\216\331"
 153      2682682D 
 153      9F3C982C 
 153      BD45DEC5 
 153      DE8ED9
 154 02a0 AE743065 		.ascii	"\256t0e#\225-\214\212\020%\002-\220M\346\220\034\302"
 154      23952D8C 
 154      8A102502 
 154      2D904DE6 
 154      901CC2
 155 02b3 55345E41 		.ascii	"U4^A\343!\302\"<~\344'{&\311\256\270\006&\370*\226\347"
 155      E321C222 
 155      3C7EE427 
 155      7B26C9AE 
 155      B80626F8 
 156 02ca 159CC4D1 		.ascii	"\025\234\304\321\203\025\007\222\244=t\023\213\241\275"
 156      83150792 
 156      A43D7413 
 156      8BA1BD
 157 02d9 8397C444 		.ascii	"\203\227\304Dk\\O\270F\373\225\345M[UU\204V\\\343\353"
 157      6B5C4FB8 
 157      46FB95E5 
 157      4D5B5555 
 157      84565CE3 
 158 02ee D81AD7B4 		.ascii	"\330\032\327\264Hw\267\376}\035\311a\311\367r\212\023"
 158      4877B7FE 
 158      7D1DC961 
 158      C9F7728A 
 158      13
 159 02ff 4E3EBE17 		.ascii	"N>\276\027J\223j$\312\252\376\375\341\017\014\220mb"
 159      4A936A24 
 159      CAAAFEFD 
 159      E10F0C90 
 159      6D62
ARM GAS  /var/folders/qd/4mxf5pkd0zdf0b9dd1hp39180000gn/T//ccXVgiiv.s 			page 12


 160 0311 8BF58E3D 		.ascii	"\213\365\216=s\242\224,\326\216\213}\023[\354\006]l"
 160      73A2942C 
 160      D68E8B7D 
 160      135BEC06 
 160      5D6C
 161 0323 C145DA16 		.ascii	"\301E\332\026^\244\374\340\331\223\240/\026\361\230"
 161      5EA4FCE0 
 161      D993A02F 
 161      16F198
 162 0332 B05A7543 		.ascii	"\260ZuC\215\373L|\013\222=u{\370\372V\2434\"\261\023"
 162      8DFB4C7C 
 162      0B923D75 
 162      7BF8FA56 
 162      A33422B1 
 163 0347 343955C7 		.ascii	"49U\3077\015)cE\367\205\231\264\204\233\246K\33347\031"
 163      370D2963 
 163      45F78599 
 163      B4849BA6 
 163      4BDB3437 
 164 035c 8F6057F9 		.ascii	"\217`W\371\230!n\323|\216\350\177Pt7\245\321\245\321"
 164      98216ED3 
 164      7C8EE87F 
 164      507437A5 
 164      D1A5D1
 165 036f 78BCF7D8 		.ascii	"x\274\367\3305C<\351\204\350#w\366\275kf\274\236!u\010"
 165      35433CE9 
 165      84E82377 
 165      F6BD6B66 
 165      BC9E2175 
 166 0384 B6DE1199 		.ascii	"\266\336\021\231\032!\347\340\363\226\331\267\3301\010"
 166      1A21E7E0 
 166      F396D9B7 
 166      D83108
 167 0393 936350DD 		.ascii	"\223cP\3355:\224&M\263\220\0164~\365'\006\315A\255l"
 167      353A9426 
 167      4DB3900E 
 167      347EF527 
 167      06CD41AD 
 168 03a8 24124A7C 		.ascii	"$\022J|\014nk\021\335b\021\325~;\267\305\024\027Q?\242"
 168      0C6E6B11 
 168      DD6211D5 
 168      7E3BB7C5 
 168      1417513F 
 169 03bd FB287A90 		.ascii	"\373(z\220r\274\255q<0\330\030\231W\206\204\350\320"
 169      72BCAD71 
 169      3C30D818 
 169      99578684 
 169      E8D0
 170 03cf 9986A6A7 		.ascii	"\231\206\246\247\030\257\225\344\016|\273\024\253Pl"
 170      18AF95E4 
 170      0E7CBB14 
 170      AB506C
 171 03de A0948BDB 		.ascii	"\240\224\213\333\032G3\244\012\246h\027\253\205]\254"
 171      1A4733A4 
 171      0AA66817 
 171      AB855DAC 
 172 03ee B343BB3A 		.ascii	"\263C\273:\200\251$\324-\241\216\212\014\026z\037A7"
ARM GAS  /var/folders/qd/4mxf5pkd0zdf0b9dd1hp39180000gn/T//ccXVgiiv.s 			page 13


 172      80A924D4 
 172      2DA18E8A 
 172      0C167A1F 
 172      4137
 173 0400 17976449 		.ascii	"\027\227dI\177f3/=y\024\316`PR\350\335\333\272>5$\014"
 173      7F66332F 
 173      3D7914CE 
 173      605052E8 
 173      DDDBBA3E 
 174 0417 7D5C0B7D 		.ascii	"}\\\013}\214\205>\275\273\253\037\342B\037E\364\010"
 174      8C853EBD 
 174      BBAB1FE2 
 174      421F45F4 
 174      08
 175 0428 453FA0C1 		.ascii	"E?\240\301\214k\301\004\317\357\0304\306\207\236\020"
 175      8C6BC104 
 175      CFEF1834 
 175      C6879E10 
 176 0438 7DF9624F 		.ascii	"}\371bOs\232t\210\221\034\013\016\366\2452\222KP\035"
 176      739A7488 
 176      911C0B0E 
 176      F6A53292 
 176      4B501D
 177 044b 3A365D65 		.ascii	":6]e\220N\261\261\376\201\361?JM\354\275\365\301\225"
 177      904EB1B1 
 177      FE81F13F 
 177      4A4DECBD 
 177      F5C195
 178 045e 8F382E93 		.ascii	"\2178.\223\250\365WWK\255l\350\306\321\312\373F\251"
 178      A8F55757 
 178      4BAD6CE8 
 178      C6D1CAFB 
 178      46A9
 179 0470 9F29D5A1 		.ascii	"\237)\325\241\251f\236\327\024r\021\335=\335o\220\306"
 179      A9669ED7 
 179      147211DD 
 179      3DDD6F90 
 179      C6
 180 0481 D95859C7 		.ascii	"\331XY\307\255|i\216\275\237\373\244;\"I;\236\242J\323"
 180      AD7C698E 
 180      BD9FFBA4 
 180      3B22493B 
 180      9EA24AD3 
 181 0495 95A64B26 		.ascii	"\225\246K&\251\212+\375\037W\033\371%K.\341\366\351"
 181      A98A2BFD 
 181      1F571BF9 
 181      254B2EE1 
 181      F6E9
 182 04a7 079D3CC5 		.ascii	"\007\235<\305j\026\352'\376V5\221!\375\225\202-S\333"
 182      6A16EA27 
 182      FE563591 
 182      21FD9582 
 182      2D53DB
 183 04ba CF972643 		.ascii	"\317\227&CV\326\242,\255e\323\347\0015X\254\206{\352"
 183      56D6A22C 
 183      AD65D3E7 
 183      013558AC 
ARM GAS  /var/folders/qd/4mxf5pkd0zdf0b9dd1hp39180000gn/T//ccXVgiiv.s 			page 14


 183      867BEA
 184 04cd 2C95AA1A 		.ascii	",\225\252\032Y\011\377\004\013\356T\011J\304E\321\223"
 184      5909FF04 
 184      0BEE5409 
 184      4AC445D1 
 184      93
 185 04de 09976872 		.ascii	"\011\227hrr\360! \274D\015\017\377\270Z\015\007%\232"
 185      72F02120 
 185      BC440D0F 
 185      FFB85A0D 
 185      07259A
 186 04f1 BD398E8E 		.ascii	"\2759\216\216\036~9\012\256\340yV\361\203\004Op\374"
 186      1E7E390A 
 186      AEE07956 
 186      F183044F 
 186      70FC
 187 0503 317544D0 		.ascii	"1uD\320x5\300;b6l\021\263`'\312{(\025(\345(\333PJQ\266"
 187      7835C03B 
 187      62366C11 
 187      B36027CA 
 187      7B281528 
 188 051e A30451DE 		.ascii	"\243\004Q\336E\331\201\262\025\345m\2242\224b\224J1"
 188      45D981B2 
 188      15E56D94 
 188      32946294 
 188      4A31
 189 0530 8B7EE339 		.ascii	"\213~\3439'k\214\323d<\247\341\370\010.\332b\350\241"
 189      276B8CD3 
 189      643CA7E1 
 189      F8082EDA 
 189      62E8A1
 190 0543 78F45D8A 		.ascii	"x\364]\212\256\207\030\274U\347\374Q<\374\341<x\247"
 190      AE8718BC 
 190      55E7FC51 
 190      3CFCE13C 
 190      78A7
 191 0555 0EFE6D3C 		.ascii	"\016\376m<\374_\361\\\006t\350\251\205\321z\3473:\370"
 191      FC5FF15C 
 191      0674E8A9 
 191      85D17AE7 
 191      333AF8
 192 0568 BD85A9EB 		.ascii	"\275\205\251\353\234O\352J\365\237\005K\025\365\215"
 192      9C4FEA4A 
 192      F59F054B 
 192      15F58D
 193 0577 FBA0D556 		.ascii	"\373\240\325VL\321=\270\015:9Z\273\353\240\343;\276"
 193      4CD13DB8 
 193      0D3A395A 
 193      BBEBA0E3 
 193      3BBE
 194 0589 11D8CCD1 		.ascii	"\021\330\314\321w\020=\300\321\332=\202\177%\242h\366"
 194      77103DC0 
 194      D1DA3D82 
 194      7F25A268 
 194      F6
 195 059a 1DB9536B 		.ascii	"\035\271Sk)\306\255@P\002\377\206\010QW\017\217\361"
 195      29C6AD40 
ARM GAS  /var/folders/qd/4mxf5pkd0zdf0b9dd1hp39180000gn/T//ccXVgiiv.s 			page 15


 195      5002FF86 
 195      0851570F 
 195      8FF1
 196 05ac 0D3881BE 		.ascii	"\0158\201\276\356s_\332\301\344\345\323'\241Y\227\204"
 196      EE735FDA 
 196      C1E4E5D3 
 196      27A15997 
 196      84
 197 05bd 7F2F5C10 		.ascii	"\177/\\\020]\022ftI\230\215GO\317\333\033:\3373\013"
 197      5D126674 
 197      49988D47 
 197      4FCFDB1B 
 197      3ADF330B 
 198 05d1 A3F5391B 		.ascii	"\243\3659\033\320\345L\025\343rv1\346\034Od\357\334"
 198      D0E54C15 
 198      E3727631 
 198      E61C4F64 
 198      EFDC
 199 05e3 8D70AA74 		.ascii	"\215p\252t\202\236Hq\366A\365\260\031\026e/xJ\340\003"
 199      829E4871 
 199      F641F5B0 
 199      1916652F 
 199      784AE003 
 200 05f7 3C1CFFEB 		.ascii	"<\034\377\353\203\302\3520V\227\204\377\221a\027:\177"
 200      83C2EA30 
 200      569784FF 
 200      9161173A 
 200      7F
 201 0608 5F8C7ECD 		.ascii	"_\214~\315IU\330\237\244GW;\322\315;\243\177H(0v\375"
 201      4955D89F 
 201      A447573B 
 201      D2CD3BA3 
 201      7F482830 
 202 061e 7E289AE9 		.ascii	"~(\232\351\237u\322\247\374\336\345\264\273<\256\300"
 202      9F75D2A7 
 202      FCDEE5B4 
 202      BB3CAEC0 
 203 062e 0A9B4D66 		.ascii	"\012\233Mf?\257_\336\354p\313>oa\300/\377\354\305<\""
 203      3FAF5FDE 
 203      EC70CB3E 
 203      6F61C02F 
 203      FFECC53C 
 204 0643 B939ABFF 		.ascii	"\2719\253\377 #\324\346Ly\341\027\277Y\226\227\223#"
 204      2023D4E6 
 204      4C79E117 
 204      BF599697 
 204      9323
 205 0655 647FCF09 		.ascii	"d\177\317\011\202y\243\022xi}\336K\2123\340-L.\362\024"
 205      8279A312 
 205      78697DDE 
 205      4B8A33E0 
 205      2D4C2EF2 
 206 066a F995FC55 		.ascii	"\371\225\374U&\273\275\310\345\011\254\312\265\007*"
 206      26BBBDC8 
 206      E509ACCA 
 206      B5072A
 207 0679 415EEBF3 		.ascii	"A^\353\363\271]NG\300\345\365\370\345uN\267\313\347"
ARM GAS  /var/folders/qd/4mxf5pkd0zdf0b9dd1hp39180000gn/T//ccXVgiiv.s 			page 16


 207      B95D4E47 
 207      C0E5F5F8 
 207      E5754EB7 
 207      CBE7
 208 068b 57EC8AD5 		.ascii	"W\354\212\325W\344|-\327\346\360\371\344<\257'\240x"
 208      57E47C2D 
 208      D7E6F0F9 
 208      E43CAF27 
 208      A078
 209 069d 02F306E5 		.ascii	"\002\363\006\345_{\275n\277\374[\247\323\352(,\260z"
 209      5F7BBD6E 
 209      BFFC5BA7 
 209      D3EA282C 
 209      B07A
 210 06af BC1EC5AA 		.ascii	"\274\036\305\2528^uY\327XsW\346\254\261\276\276\332"
 210      385E7559 
 210      D7587357 
 210      E6ACB1BE 
 210      BEDA
 211 06c1 5AE0F89D 		.ascii	"Z\340\370\235\267P\376\316\250\354\3628\335E\371\212"
 211      B750FECE 
 211      A8ECF238 
 211      DD45F98A 
 212 06d1 5CE0706E 		.ascii	"\\\340pnvy\024\331\236\257lr\024\271\003\366\300\233"
 212      767914D9 
 212      9EAF6C72 
 212      14B903F6 
 212      C09B
 213 06e3 3EC56FDB 		.ascii	">\305o\333,\244h\344J\377\177\344\374o\372e\273?\220"
 213      2CA468E4 
 213      4AFF7FE4 
 213      FC6FFA65 
 213      BB3F90
 214 06f6 8F4C9051 		.ascii	"\217L\220Q\362\372_nX\367\302\252\3345\372\264;\275"
 214      F2FA5F6E 
 214      58F7C2AA 
 214      DC35FAB4 
 214      3BBD
 215 0708 05055E0F 		.ascii	"\005\005^\017\317\374\332\015?\227\363\025\314\271\342"
 215      CFFCDA0D 
 215      3F97F315 
 215      CCB9E2
 216 0717 8F56C0ED 		.ascii	"\217V\300\355s\222\036\347\247a\011\354\244\006k\363"
 216      73921EE7 
 216      A76109EC 
 216      A4066BF3 
 217 0727 F30BFDBC 		.ascii	"\363\013\375\274\014\271\031\304\372\234\262I\0330\353"
 217      0CB919C4 
 217      FA9CB249 
 217      1B30EB
 218 0736 511C9493 		.ascii	"Q\034\224\223N\214/\026z\003h\307$d\022u\243wS`\275"
 218      4E8C2F16 
 218      7A0368C7 
 218      24641275 
 218      A3775360 
 219 074b 2790E756 		.ascii	"'\220\347V\034\205\251:\003\305b\277\316C\207\322\242"
 219      1C85A93A 
ARM GAS  /var/folders/qd/4mxf5pkd0zdf0b9dd1hp39180000gn/T//ccXVgiiv.s 			page 17


 219      03C562BF 
 219      CE4387D2 
 219      A2
 220 075c AAE355B7 		.ascii	"\252\343U\267\242i\033\0257\272\242\32368\336@\003\303"
 220      A2691B15 
 220      37BAA2D3 
 220      3638DE40 
 220      03C3
 221 076e 3DBFFE57 		.ascii	"=\277\376W\033\003\216@\221\237\3416\3505\302)\317\023"
 221      1B038E40 
 221      919FE136 
 221      E835C229 
 221      CF13
 222 0780 70FB25D4 		.ascii	"p\373%\324\376\013\343\215_A"
 222      FE0BE38D 
 222      5F41
 223              		.text
 224              		.section	.gnu.lto_.symtab.9fdc7366d189de7b,"",%progbits
 225 0000 7669635F 		.ascii	"vic_init\000"
 225      696E6974 
 225      00
 226 0009 00       		.ascii	"\000"
 227 000a 00       		.ascii	"\000"
 228 000b 00       		.ascii	"\000"
 229 000c 00000000 		.ascii	"\000\000\000\000\000\000\000\000"
 229      00000000 
 230 0014 BB000000 		.ascii	"\273\000\000\000"
 231 0018 53657456 		.ascii	"SetVICVector\000"
 231      49435665 
 231      63746F72 
 231      00
 232 0025 00       		.ascii	"\000"
 233 0026 00       		.ascii	"\000"
 234 0027 00       		.ascii	"\000"
 235 0028 00000000 		.ascii	"\000\000\000\000\000\000\000\000"
 235      00000000 
 236 0030 C1000000 		.ascii	"\301\000\000\000"
 237              		.text
 238              		.section	.gnu.lto_.opts,"",%progbits
 239 0000 272D666D 		.ascii	"'-fmath-errno' '-fsigned-zeros' '-ftrapping-math' '"
 239      6174682D 
 239      6572726E 
 239      6F272027 
 239      2D667369 
 240 0033 2D666E6F 		.ascii	"-fno-trapv' '-fno-openmp' '-fno-openacc' '-mcpu=arm"
 240      2D747261 
 240      70762720 
 240      272D666E 
 240      6F2D6F70 
 241 0066 3774646D 		.ascii	"7tdmi' '-mno-thumb-interwork' '-O2' '-fomit-frame-p"
 241      69272027 
 241      2D6D6E6F 
 241      2D746875 
 241      6D622D69 
 242 0099 6F696E74 		.ascii	"ointer' '-falign-functions=16' '-ffunction-sections"
 242      65722720 
 242      272D6661 
ARM GAS  /var/folders/qd/4mxf5pkd0zdf0b9dd1hp39180000gn/T//ccXVgiiv.s 			page 18


 242      6C69676E 
 242      2D66756E 
 243 00cc 2720272D 		.ascii	"' '-fdata-sections' '-fno-common' '-flto'\000"
 243      66646174 
 243      612D7365 
 243      6374696F 
 243      6E732720 
 244              		.text
 245              		.comm	__gnu_lto_v1,1,1
 246              		.comm	__gnu_lto_slim,1,1
 247              		.ident	"GCC: (GNU Tools for Arm Embedded Processors 7-2017-q4-major) 7.2.1 20170904 (release) [ARM
ARM GAS  /var/folders/qd/4mxf5pkd0zdf0b9dd1hp39180000gn/T//ccXVgiiv.s 			page 19


DEFINED SYMBOLS
                            *ABS*:0000000000000000 vic.c
                            *COM*:0000000000000001 __gnu_lto_v1
                            *COM*:0000000000000001 __gnu_lto_slim

NO UNDEFINED SYMBOLS
