ARM GAS  /var/folders/qd/4mxf5pkd0zdf0b9dd1hp39180000gn/T//cclCTOY5.s 			page 1


   1              		.cpu cortex-m0
   2              		.eabi_attribute 20, 1
   3              		.eabi_attribute 21, 1
   4              		.eabi_attribute 23, 3
   5              		.eabi_attribute 24, 1
   6              		.eabi_attribute 25, 1
   7              		.eabi_attribute 26, 1
   8              		.eabi_attribute 30, 2
   9              		.eabi_attribute 34, 0
  10              		.eabi_attribute 18, 4
  11              		.file	"chvt.c"
  12              		.section	.gnu.lto_.profile.f897424d6d7ba102,"",%progbits
  13 0000 789C6363 		.ascii	"x\234cc```\001bF\006u\025\000\000\352\000W"
  13      60606001 
  13      62460675 
  13      150000EA 
  13      0057
  14              		.text
  15              		.section	.gnu.lto_.icf.f897424d6d7ba102,"",%progbits
  16 0000 789C6363 		.ascii	"x\234cc``\020a@\000f\206\223\357\036\267\2621\035zy"
  16      60601061 
  16      40006686 
  16      93EF1EB7 
  16      B2311D7A 
  17 0015 FF300F73 		.ascii	"\3770\017s\317\352\371_Y\030\000g4\011p"
  17      CFEAF95F 
  17      59180067 
  17      340970
  18              		.text
  19              		.section	.gnu.lto_.jmpfuncs.f897424d6d7ba102,"",%progbits
  20 0000 789C6363 		.ascii	"x\234cc``Pa@\000f fba\004\002\376\3729\314\014@\314"
  20      60605061 
  20      40006620 
  20      66626104 
  20      02FEFA39 
  21 0018 08C44C40 		.ascii	"\010\304L@\314\314\014\024\004\2111\000\000c\034\005"
  21      CCCC0C14 
  21      04893100 
  21      00631C05 
  22 0028 E9       		.ascii	"\351"
  23              		.text
  24              		.section	.gnu.lto_.inline.f897424d6d7ba102,"",%progbits
  25 0000 789C6363 		.ascii	"x\234cc``\310g@\000f\006\006v6F\006&\216\003v\014l\013"
  25      6060C867 
  25      40006606 
  25      06763646 
  25      06268E03 
  26 0018 E4994062 		.ascii	"\344\231@bL\014\242z@!\3713\275\254\014\334+\334\230"
  26      4C0CA27A 
  26      4021F933 
  26      BDAC0CDC 
  26      2BDC98
  27 002b 20EAF878 		.ascii	" \352\370x\031\231\031\024\030A:@\244\003\230T\340\340"
  27      19991914 
  27      18413A40 
  27      A4039854 
  27      E0E0
ARM GAS  /var/folders/qd/4mxf5pkd0zdf0b9dd1hp39180000gn/T//cclCTOY5.s 			page 2


  28 003d DB90CBC0 		.ascii	"\333\220\313\300\361A\217\211\201\361\005;\013\204\004"
  28      F1418F89 
  28      81F1053B 
  28      0B8404
  29 004c 111C6026 		.ascii	"\021\034`&\007\210\020\0003\005\300\326\001\000\356"
  29      07881000 
  29      3305C0D6 
  29      0100EE
  30 005b 960E3D   		.ascii	"\226\016="
  31              		.text
  32              		.section	.gnu.lto_.pureconst.f897424d6d7ba102,"",%progbits
  33 0000 789C6363 		.ascii	"x\234cc```\007bf\006)&)f)\000\001\303\000d"
  33      60606007 
  33      62660629 
  33      26296629 
  33      0001C300 
  34              		.text
  35              		.section	.gnu.lto__vt_init.f897424d6d7ba102,"",%progbits
  36 0000 789C8D93 		.ascii	"x\234\215\223\315K\033A\030\306\337g&n\226J\322[\301"
  36      CD4B1B41 
  36      18C6DF67 
  36      266E964A 
  36      D25BC1
  37 0013 8F7FC04B 		.ascii	"\217\177\300K\366\277\350?\222Ko\205Dz\315\306\030\022"
  37      F6BFE83F 
  37      924B6F85 
  37      447ACDC6 
  37      1812
  38 0025 894211A3 		.ascii	"\211B\021\243 A\227^TJ\0116Q\273\365#kl\233\364+\001"
  38      2041975E 
  38      544A0936 
  38      51BBF523 
  38      6B6C9BF4 
  39 003b 2F1EDA5E 		.ascii	"/\036\332^z(!\204\202 \202)\211}g\326\203\227n3\354"
  39      7A282184 
  39      82208229 
  39      897D67D6 
  39      83976E33 
  40 0050 B0C33C33 		.ascii	"\260\303<3\357\363\374\230\031\203\210\222\222h\232"
  40      EFF3FC98 
  40      19838892 
  40      92689A
  41 005f FF53DC21 		.ascii	"\377S\334!\011\342y\213(m\012@\015l\023\224\022HaQ\256"
  41      09E2798B 
  41      286D0A40 
  41      0D6C1394 
  41      12486151 
  42 0074 48D473BF 		.ascii	"H\324s\277\\1\263es\363\326\372\023\366\266\207\022"
  42      5C31B365 
  42      73F3D6FA 
  42      13F6B687 
  42      12
  43 0085 6F5FE5AE 		.ascii	"o_\345\256\032*\230!^\366swX\214\030!\177\036U\030\004"
  43      1A2A9821 
  43      5EF67377 
  43      588C1821 
  43      7F1E5518 
ARM GAS  /var/folders/qd/4mxf5pkd0zdf0b9dd1hp39180000gn/T//cclCTOY5.s 			page 3


  44 009a 1E94CFC7 		.ascii	"\036\224\317\307<{x\233\263\275\336\013l>6\210\362\254"
  44      3C7B789B 
  44      B3BDDE0B 
  44      6C3E3688 
  44      F2AC
  45 00ac B389EDD1 		.ascii	"\263\211\355\321\202\024j\224\361\250\213\271~nP\036"
  45      82146A94 
  45      F1A88BB9 
  45      7E6E501E 
  46 00bc 57DBB8D4 		.ascii	"W\333\270\324j\266\336\016\027dI\002\252\262\353\366"
  46      6AB6DE0E 
  46      17644902 
  46      AAB2EBF6 
  47 00cc BE855303 		.ascii	"\276\205S\003\333\344\011GU\347\271j\346r9\352`\203"
  47      DBE40947 
  47      55E7B96A 
  47      E67239EA 
  47      6083
  48 00de A308EC73 		.ascii	"\243\010\354s\324=Lka\277\361\375\217i\275Ri\235G%)"
  48      D43D4C6B 
  48      61BFF1FD 
  48      8F69BD52 
  48      699D4725 
  49 00f3 71000745 		.ascii	"q\000\007E\235\225\325\376E&+\356\324DI\206\360\006"
  49      9D95D5FE 
  49      45262BEE 
  49      D4444986 
  49      F006
  50 0105 5651AAA0 		.ascii	"VQ\252\240pa\215\342\365\366\037^\327B\231\035\3367"
  50      70618DE2 
  50      F5F61F5E 
  50      D742991D 
  50      DE37
  51 0117 DB6E2E55 		.ascii	"\333n.U\242\\+\317r\227\3451\034\301b\247c\244|\342"
  51      A25C2BCF 
  51      7297E531 
  51      1CC162A7 
  51      63A47CE2 
  52 012b A5DD2AEE 		.ascii	"\245\335*\356\220\377\353{\022\304X\013d\364\024\243"
  52      90FFEB7B 
  52      12C4580B 
  52      64F414A3 
  53 013b 508CA7A3 		.ascii	"P\214\247\2431\326\003\031\317\202\031\337i\306\367"
  53      31D60319 
  53      CF8219DF 
  53      69C6F7
  54 014a 3EE35567 		.ascii	">\343Ug\341l|T\304\017A\210\215\000D\003M\205\250/\336"
  54      E16C7C54 
  54      C40F4188 
  54      8D004403 
  54      4D85A82F 
  55 015f 478DF8A3 		.ascii	"G\215\370\243\271\363R\252\033\024\306-\267\207\370"
  55      B9F352AA 
  55      1B14C62D 
  55      B787F8
  56 016e C475BBA8 		.ascii	"\304u\273\250_u\012\231\350\250y>\007\345\371r?\217"
  56      5F750A99 
ARM GAS  /var/folders/qd/4mxf5pkd0zdf0b9dd1hp39180000gn/T//cclCTOY5.s 			page 4


  56      E8A8793E 
  56      07E5F972 
  56      3F8F
  57 0180 77F37AFD 		.ascii	"w\363z\375\001\253\363i\235\307\304W\225'\244\362\264"
  57      01ABF369 
  57      9DC7C457 
  57      9527A4F2 
  57      B4
  58 0191 749E72CF 		.ascii	"t\236r\317\275\211\370y\010m\256\371\033sNmQ\237\276"
  58      BD89F879 
  58      086DAEF9 
  58      1B734E6D 
  58      519FBE
  59 01a4 7E4579BE 		.ascii	"~Ey\276\204\374\026\370\224&c1\313\377\236&\255\304"
  59      84FC16F8 
  59      94266331 
  59      CBFF9E26 
  59      ADC4
  60 01b6 AC954CC4 		.ascii	"\254\225L\304\255\370\223g\263\2618\375\005w\3745F"
  60      ADF89367 
  60      B3B138FD 
  60      0577FC35 
  60      46
  61              		.text
  62              		.section	.gnu.lto_chVTDoSetI.f897424d6d7ba102,"",%progbits
  63 0000 789C9D55 		.ascii	"x\234\235U\377O[U\024\277\347\235\367\245\266\203\222"
  63      FF4F5B55 
  63      14BFE79D 
  63      F7A5B683 
  63      92
  64 0011 C52C85A0 		.ascii	"\305,\205\240\301DB\370A\232\370\223\373\017\366o\020"
  64      C14442F8 
  64      419AF893 
  64      FB0FF66F 
  64      10
  65 0022 74316651 		.ascii	"t1fQ\302*\211\277\310\033\035C\246K\214\261\235\251"
  65      C22A89BF 
  65      C81B1D43 
  65      A64B8CB1 
  65      9DA9
  66 0034 CFA56E54 		.ascii	"\317\245nT\342p\340\027\234\026\031\224n0\230P\346\254"
  66      E270E017 
  66      9C161994 
  66      6E309850 
  66      E6AC
  67 0046 E3CBCA54 		.ascii	"\343\313\312TXq\230E3%\230\270\214y\316\275oT\233\226"
  67      58719845 
  67      332598B8 
  67      8C79CEBD 
  67      6F549B96 
  68 005a 196EDABE 		.ascii	"\031n\332\276\373\356=\237\317\371\234s\317=5\205\020"
  68      FBEE3D9F 
  68      CFF99C73 
  68      CF3D3585 
  68      10
  69 006b 751E21F6 		.ascii	"u\036!\366\323\363\000}\301\024\240\275\235\021\342"
  69      D3F3007D 
ARM GAS  /var/folders/qd/4mxf5pkd0zdf0b9dd1hp39180000gn/T//cclCTOY5.s 			page 5


  69      C114A0BD 
  69      9D11E2
  70 007a 8847035D 		.ascii	"\210G\003]MPM\306=\272\206Ci!l\257\221\363\011{\217"
  70      4D504DC6 
  70      3DBA8643 
  70      69216CAF 
  70      91F3097B 
  71 008f 01C0EBB6 		.ascii	"\001\300\353\266\007D\207\206\272\001\035\232.\334\361"
  71      07448786 
  71      BA011D9A 
  71      2EDCF1
  72 009e 16BE8B90 		.ascii	"\026\276\213\220\356^Kj\215}6\215\324\311-\363\230\335"
  72      EE5E4B6A 
  72      8D7D368D 
  72      D4C92DF3 
  72      98DD
  73 00b0 15705088 		.ascii	"\025pP\210(*\033\370\002\032\311\352\273\243\237:\370"
  73      282A1BF8 
  73      021AC9EA 
  73      BBA39F3A 
  73      F8
  74 00c1 263A08A0 		.ascii	"&:\010\240\323\353\335\331\330j%\277jPG\257}\267\326"
  74      D3EBDDD9 
  74      D86A25BF 
  74      6A5047AF 
  74      7DB7D6
  75 00d4 E62D7C02 		.ascii	"\346-|\002\004\315\377\032\370=\2477$l\273\323Ne{\321"
  75      04CDFF1A 
  75      F83DA737 
  75      246CBBD3 
  75      4E657BD1 
  76 00e8 7EDA4184 		.ascii	"~\332A\204\363\200D\010_B-\014A\255\240%\001_A\003\231"
  76      F3804408 
  76      5F422D0C 
  76      41ADA025 
  76      015F4103 
  77 00fd 873FBF33 		.ascii	"\207?\2773\342\305\247$t\345\312\306\370\036\027:\363"
  77      E2C5A724 
  77      74E5CAC6 
  77      F81E173A 
  77      F3
  78 010e 9184EAF0 		.ascii	"\221\204\352\360u1T\027\220\224\320\367\377\350]\362"
  78      75315417 
  78      9094D0F7 
  78      FFE85DF2 
  79 011e 6383840E 		.ascii	"c\203\204\016\335\277\032\321\\\350\244\363\370\231"
  79      DDBF1AD1 
  79      5CE8A4F3 
  79      F899
  80 012c B07DC041 		.ascii	"\260}\300A\003\206\213\301\206\200o$\370\\\374\317\017"
  80      03868BC1 
  80      86806F24 
  80      F85CFCCF 
  80      0F
  81 013d 109B2478 		.ascii	"\020\233$x1\325{\252\302\005_JH\277&\214\024C)\351\027"
  81      31D57BAA 
  81      C2055F4A 
ARM GAS  /var/folders/qd/4mxf5pkd0zdf0b9dd1hp39180000gn/T//cclCTOY5.s 			page 6


  81      48BF268C 
  81      144329E9 
  82 0152 A081ED6F 		.ascii	"\240\201\355oOm\346=\370\254\304:'\316~RQ\177Fb\257"
  82      4F6DE63D 
  82      F8ACC43A 
  82      27CE7E52 
  82      517F4662 
  83 0167 3B351F86 		.ascii	";5\037\206\355)[g\335\243\377\305\363 \363\231T\317"
  83      ED295B67 
  83      DDA3FFC5 
  83      F320F399 
  83      54CF
  84 0179 A0179F93 		.ascii	"\240\027\237\223\320{'\223y\335\205f\234\300i\027\212"
  84      D07B2793 
  84      79DD8566 
  84      9CC06917 
  84      8A
  85 018a 902A095D 		.ascii	"\220*\011]\371l+Ra\3520\016\3650\006\365\361\207\207"
  85      F96C2B52 
  85      61EA300E 
  85      F53006F5 
  85      F18787
  86 019d 0469AE07 		.ascii	"\004i\256\007!\264\207;\203\327\214\224\275\365\240"
  86      21B4873B 
  86      83D78C94 
  86      BDF5A0
  87 01ac 9B3251BB 		.ascii	"\2332Q\273\274\361\313\336\032 \365\226&x\0379\367\224"
  87      BCF1CBDE 
  87      1A20F596 
  87      26781F39 
  87      F794
  88 01be 41323378 		.ascii	"A23x\325\344\037Kny\344\252\027\370`|\300\261V\000'"
  88      D5E41F4B 
  88      6E79E4AA 
  88      17F8607C 
  88      C0B15600 
  89 01d3 CB0F9CEF 		.ascii	"\313\017\234\357*i\023\2206\325r.\304\033\344>\347\263"
  89      2A691390 
  89      36D5722E 
  89      C41BE43E 
  89      E7B3
  90 01e5 53A20735 		.ascii	"S\242\0075\232\204S\342W\350\214\255\317\255Z\254\211"
  90      9A8453E2 
  90      57E88CAD 
  90      CFAD5AAC 
  90      89
  91 01f6 2447BBD2 		.ascii	"$G\273\322s\026\227\011\312\200G\322\263\223f\034N\035"
  91      73169709 
  91      CA8047D2 
  91      B393661C 
  91      4E1D
  92 0208 A15A8BD7 		.ascii	"\241Z\213\3278\350\211\241\027.r\204\264\331?\272\261"
  92      38E889A1 
  92      172E7284 
  92      B4D93FBA 
  92      B1
  93 0219 6904CF71 		.ascii	"i\004\317q\035\326q\376/A\034\"\262\010a\002\2021\364"
ARM GAS  /var/folders/qd/4mxf5pkd0zdf0b9dd1hp39180000gn/T//cclCTOY5.s 			page 7


  93      1DD671FE 
  93      2F411C22 
  93      B2086102 
  93      8231F4
  94 022c 29F285B0 		.ascii	")\362\205\260\327%\337\221-\333\275p\323\267\315f\300"
  94      D725DF91 
  94      2DDBBD70 
  94      D3B7CD66 
  94      C0
  95 023d A4640366 		.ascii	"\244d\003f\273\314l\025b\015:\343}\221j&\343\230b\350"
  95      BBCC6C15 
  95      620D3AE3 
  95      7D916A26 
  95      E39862E8 
  96 0251 6707C3EB 		.ascii	"g\007\303\353\003\011\340\265\030V\375;\200\307d\000"
  96      0309E0B5 
  96      1856FD3B 
  96      80C76400 
  97 0261 C9E49D1B 		.ascii	"\311\344\235\033V\307}\333C\013qf\343\312\013\337}\247"
  97      56C77DDB 
  97      430B7166 
  97      E3CA0BDF 
  97      7DA7
  98 0273 92648043 		.ascii	"\222d\200C\356\247\241\003\246\\\011\347/\347\356y\224"
  98      EEA7A103 
  98      A65C09E7 
  98      2FE7EE79 
  98      94
  99 0284 84F84107 		.ascii	"\204\370A\007}pEj\320\324i\376=\037\356\322\334\335"
  99      7D70456A 
  99      D0D469FE 
  99      3D1FEED2 
  99      DCDD
 100 0296 D3C019FA 		.ascii	"\323\300\031\372\026\202\021\224\007:\003A)o\237\024"
 100      16821194 
 100      073A0341 
 100      296F9F14 
 101 02a6 37CEE2AA 		.ascii	"7\316\342\252h\275\207v\351j\3134\207\337;vb\376\220"
 101      68BD8776 
 101      E96ACB34 
 101      87DF3B76 
 101      62FE90
 102 02b9 121A8871 		.ascii	"\022\032\210q\354\300\220\272B8\001\025N2\357\206S]"
 102      ECC090BA 
 102      42380115 
 102      4E32EF86 
 102      535D
 103 02cb 9CB29784 		.ascii	"\234\262\227\204\314\231U&g\010\263R/w\013\310\270\212"
 103      CC995526 
 103      6708B352 
 103      2F770BC8 
 103      B88A
 104 02dd 9E2C28AA 		.ascii	"\236,(\252\226\212tA\335\205\024\255\201&\224_\217\232"
 104      968A7441 
 104      DD8514AD 
 104      8126945F 
 104      8F9A
ARM GAS  /var/folders/qd/4mxf5pkd0zdf0b9dd1hp39180000gn/T//cclCTOY5.s 			page 8


 105 02ef 4B1B4B69 		.ascii	"K\033Ki\030\314\233J\003\024i\250\333Q\201\016sR\201"
 105      18CC9B4A 
 105      031469A8 
 105      DB51810E 
 105      735281
 106 0302 C10AAE92 		.ascii	"\301\012\256\222\202<\034\315\\\234q\343\001vEc\023"
 106      823C1CCD 
 106      5C9C71E3 
 106      01764563 
 106      13
 107 0313 2C4A8FB6 		.ascii	",J\217\266\324\337H\232px`\377&\020\247_\033>;M&\001"
 107      D4DF489A 
 107      707860FF 
 107      2610A75F 
 107      1B3E3B4D 
 108 0329 8C0D2C02 		.ascii	"\214\015,\002\0115\266\0134\272~\241k\0275D=\260\220"
 108      0935B60B 
 108      34BA7EA1 
 108      6B173544 
 108      3DB090
 109 033c 8F6B5C43 		.ascii	"\217k\\C\232\212nt\302\257\024a\311\350\264\262|\337"
 109      9A8A6E74 
 109      C2AF1461 
 109      C9E8B4B2 
 109      7CDF
 110 034e 4B3E93F9 		.ascii	"K>\223\371\262\024\035\221e\217\367\030\273Q\366C\201"
 110      B2141D91 
 110      658FF718 
 110      BB51F643 
 110      81
 111 035f E93A2B43 		.ascii	"\351:+CuW\306\022\225\245\330^W\007\217e\351\346\013"
 111      7557C612 
 111      95A5D85E 
 111      57078F65 
 111      E9E60B
 112 0372 812E309D 		.ascii	"\201.0\235W\321MMX\245\350\366>\"\314\305\202\270\245"
 112      57D14D4D 
 112      58A5E8F6 
 112      3E22CCC5 
 112      82B8A5
 113 0385 6DB6E8FA 		.ascii	"m\266\350\372tb\027\207\240\303\215BI\344\230MW\207"
 113      74621787 
 113      A0C38D42 
 113      49E4984D 
 113      5787
 114 0397 309BB7D4 		.ascii	"0\233\267\324!\030\377\353\020\236a\252\345\002\325"
 114      2118FFEB 
 114      109E61AA 
 114      E502D5
 115 03a6 4D997FBA 		.ascii	"M\231\177\272Tnq1\221\313\235=\016%t\356@\373c\201\366"
 115      546E7131 
 115      91CB9D3D 
 115      0E2574EE 
 115      40FB6381 
 116 03bb 27566832 		.ascii	"'Vh2\313\306\355\314\204\317\345yd\027\371\271L\027"
 116      CBC6EDCC 
 116      84CFE579 
ARM GAS  /var/folders/qd/4mxf5pkd0zdf0b9dd1hp39180000gn/T//cclCTOY5.s 			page 9


 116      6417F9B9 
 116      4C17
 117 03cd D9C75D64 		.ascii	"\331\307]d\245\\\027ic\347\253\334D,\366}\013\202d\260"
 117      A55C1769 
 117      63E7ABDC 
 117      442CF67D 
 117      0B8264B0 
 118 03e1 3CF571BF 		.ascii	"<\365q\277\374\337\266\340\001\015?\344\211\3677\272"
 118      FCDFB6E0 
 118      010D3FE4 
 118      89F737BA 
 119 03f1 C9635119 		.ascii	"\311cQ\031\226\272A\032]B\235\236:\335)\235\373:\320"
 119      96BA411A 
 119      5D429D9E 
 119      3ADD299D 
 119      FB3AD0
 120 0404 6D211735 		.ascii	"m!\0275MMA\365y\345p\260-\024<\334\326\022ly\261=\324"
 120      4D4D41F5 
 120      79E570B0 
 120      2D143CDC 
 120      D6126C79 
 121 041b D422B03D 		.ascii	"\324\"\260=\324j<\377\302\241\346\327\314\366\320\301"
 121      D46A3CFF 
 121      C2A1E6D7 
 121      CCF6D0C1 
 122 042b 575F6EC1 		.ascii	"W_n\301\326\3466^\0105C\353?W\214\254\030"
 122      D6E6365E 
 122      083543EB 
 122      3F578CAC 
 122      18
 123              		.text
 124              		.section	.gnu.lto_chVTDoResetI.f897424d6d7ba102,"",%progbits
 125 0000 789C9594 		.ascii	"x\234\225\224\317k\023A\024\307\347;\263\331]\033\214"
 125      CF6B1341 
 125      14C7E73B 
 125      B3D95D1B 
 125      8C
 126 0011 37915A21 		.ascii	"7\221Z!\007\241\364`\366\356_\340\315?\"\027oJ\032z"
 126      07A1F460 
 126      F6EE5FE0 
 126      CD3F2217 
 126      6F4A1A7A 
 127 0025 12B34D4C 		.ascii	"\022\263MLS[\017\"&bXt\017\226R\304_X\253\251U\327h"
 127      535B0F22 
 127      26625874 
 127      0F9652C4 
 127      5F58ABA9 
 128 003c 9B569BD6 		.ascii	"\233V\233\326\206@\005\253\007-EE\224\202 T\232\370"
 128      864005AB 
 128      072D4545 
 128      94822054 
 128      9AF8
 129 004e 66363122 		.ascii	"f61\"\211\264\303\356\354\314\274\235\317\373\2767?"
 129      89B4C3EE 
 129      ECCCBC9D 
 129      CFFBBE37 
 129      3F
ARM GAS  /var/folders/qd/4mxf5pkd0zdf0b9dd1hp39180000gn/T//cclCTOY5.s 			page 10


 130 005f 74C6D869 		.ascii	"t\306\330i\215\2610}\017\322\013\301\300/,16hr@6l\023"
 130      8DB1307D 
 130      0FD20BC1 
 130      C02F2C31 
 130      36687240 
 131 0076 2CC191C0 		.ascii	",\301\221\300yqI\240\230\331(\360\276q\233\212w\271"
 131      797149A0 
 131      98D928F0 
 131      BE719B8A 
 131      77B9
 132 0088 121CB2D3 		.ascii	"\022\034\262\323\007\034\301X\216^Yp\017}\364\327\312"
 132      071CC158 
 132      8E5E5970 
 132      0F7DF4D7 
 132      CA
 133 0099 D93B8E18 		.ascii	"\331;\216\030\025\216\0004\352n\226\363\037C\262\313"
 133      158E0034 
 133      EA6E96F3 
 133      1F43B2CB 
 134 00a9 11A6EEF8 		.ascii	"\021\246\356\370\372\306\252!\016\201Q\373\347\255\357"
 134      FAC6AA21 
 134      0E8151FB 
 134      E7ADEF
 135 00b8 6B5AEF98 		.ascii	"kZ\357\230m'mo\375\272\260\017;B`\012\202\200\270\217"
 135      6D276D6F 
 135      FDBAB00F 
 135      3B42600A 
 135      8280B88F 
 136 00cc 1E4CA287 		.ascii	"\036L\242\207\321\020\303\003\364\312\377?\334\255e"
 136      D110C303 
 136      F4CAFF3F 
 136      DCAD65
 137 00db F7EA9ADB 		.ascii	"\367\352\232\333\364\211\207\320\031\250q\273\022\360"
 137      F48987D0 
 137      19A871BB 
 137      12F0
 138 00e9 EC5A3D63 		.ascii	"\354Z=c{\213c\250\037\017q9MP\245i\262\012\310J\227"
 138      7B8B63A8 
 138      1F0F7139 
 138      4D50A569 
 138      B20AC84A 
 139 00fe 6386AC4C 		.ascii	"c\206\254L( \033&\006\005i{\354\234\340\262\225\362"
 139      28201B26 
 139      0605697B 
 139      EC9CE0B2 
 139      95F2
 140 0110 D81724A7 		.ascii	"\330\027$\247?o\315B\242\363\202\223\323\\\272\270l"
 140      3F6FCD42 
 140      A2F38293 
 140      D35CBAB8 
 140      6C
 141 0121 48FD4269 		.ascii	"H\375Bi\236)\226\347t\027W\007)\011aG\004\362\204+\220"
 141      9E2996E7 
 141      74175707 
 141      29096147 
 141      04F2842B 
 142 0136 4E69AB66 		.ascii	"Ni\253f\336\274\017Z7m\337$0\015\027Y\225\034<\202\245"
ARM GAS  /var/folders/qd/4mxf5pkd0zdf0b9dd1hp39180000gn/T//cclCTOY5.s 			page 11


 142      DEBC0F5A 
 142      376DDF24 
 142      300D1759 
 142      951C3C82 
 143 014b D80B477D 		.ascii	"\330\013G}\262h\213\342\377\240\2168B\307\214\242\310"
 143      B2688BE2 
 143      FFA08E38 
 143      42C78CA2 
 143      C8
 144 015c 30F1B849 		.ascii	"0\361\270I9\346S\264]\011\322\361\244\205z\252P\251"
 144      39E653B4 
 144      5D09D2F1 
 144      A4857AAA 
 144      50A9
 145 016e DCD084E1 		.ascii	"\334\320\204\341\263h\242 \242\344WGT\374;\227\350\265"
 145      B368A220 
 145      A2E45747 
 145      54FC3B97 
 145      E8B5
 146 0180 B8CF6011 		.ascii	"\270\317`\021\313\317\343v3\217\355Q\235\023WT<.y\317"
 146      CBCFE376 
 146      338FED51 
 146      9D135754 
 146      3C2E79CF 
 147 0194 FD90AB23 		.ascii	"\375\220\253#W\2146\232\3343L\241\364\216\250\027\255"
 147      578C369A 
 147      DC334CA1 
 147      F48EA817 
 147      AD
 148 01a5 359895D2 		.ascii	"5\230\225\322\270/\255\326\224f\354R\332\\\213W\332"
 148      B82FADD6 
 148      9466EC52 
 148      DA5C8B57 
 148      DA
 149 01b6 9134A323 		.ascii	"\2214\243#j\276\025\345\202\224\246K\332\217O\365tW"
 149      6ABE15E5 
 149      8294A64B 
 149      DA8F4FF5 
 149      7457
 150 01c8 3B5CF77F 		.ascii	";\\\367\177\205\031x\251h\352X\274\202\365\367\3065"
 150      851978A9 
 150      68EA58BC 
 150      82F5F7C6 
 150      35
 151 01d9 C0B048B3 		.ascii	"\300\260H\263\024}\264\024l\320\377\330M\265\261\013"
 151      147DB414 
 151      6CD0FFD8 
 151      4DB5B10B 
 152 01e9 85AF6F8D 		.ascii	"\205\257o\215\304\266m\322\200+\327\222\306&S\233\027"
 152      C4B66DD2 
 152      802BD792 
 152      C626539B 
 152      17
 153 01fa 4324008E 		.ascii	"C$\000\216\330\203%\272\006\312\015\347S\245\265_\246"
 153      D88325BA 
 153      06CA0DE7 
 153      53A5B55F 
ARM GAS  /var/folders/qd/4mxf5pkd0zdf0b9dd1hp39180000gn/T//cclCTOY5.s 			page 12


 153      A6
 154 020b EFDCDDEF 		.ascii	"\357\334\335\357\210.,+\357t\227H\353\326j*\315\033"
 154      882E2C2B 
 154      EF749748 
 154      EBD66A2A 
 154      CD1B
 155 021d D698DC1F 		.ascii	"\326\230\334\037\257aeiS\220\264\025%\355\335\374\304"
 155      AF616569 
 155      5390B415 
 155      25EDDDFC 
 155      C4
 156 022e 0D754568 		.ascii	"\015uEh\250S\331\207\012q\277!\351\326\257\251eQ\327"
 156      A853D987 
 156      0A71BF21 
 156      E9D6AFA9 
 156      6551D7
 157 0241 C93089A0 		.ascii	"\3110\211\240CI\371\351\216D,\3779\331o\305\342V\177"
 157      4349F9E9 
 157      8E442CFF 
 157      39D96FC5 
 157      E2567F
 158 0254 2C6A454F 		.ascii	",jEO\014\304#Q&\006\342\247~\003\014@{("
 158      0CC42351 
 158      2606E2A7 
 158      7E030C40 
 158      7B28
 159              		.text
 160              		.section	.gnu.lto_.symbol_nodes.f897424d6d7ba102,"",%progbits
 161 0000 789C6363 		.ascii	"x\234cc``p\000b\006\246.\306z\006\206\011\347\030\030"
 161      60607000 
 161      6206A62E 
 161      C67A0686 
 161      09E71818 
 162 0014 80D4AE06 		.ascii	"\200\324\256\006G\006\006\326^F\006\005\220L7c=#\212"
 162      470606D6 
 162      5E460605 
 162      904C3763 
 162      3D238A
 163 0027 0C530F63 		.ascii	"\014S\017c=\023\212\010\003\000\317\254\016,"
 163      3D138A08 
 163      0300CFAC 
 163      0E2C
 164              		.text
 165              		.section	.gnu.lto_.refs.f897424d6d7ba102,"",%progbits
 166 0000 789C1587 		.ascii	"x\234\025\207\261\021\000 \014\204\340\315\245q\004"
 166      B1110020 
 166      0C84E0CD 
 166      A57104
 167 000f 3BF71F52 		.ascii	";\367\037RS\000G\003\367\323\250q\224\351\322J\260\364"
 167      53004703 
 167      F7D3A871 
 167      94E9D24A 
 167      B0F4
 168 0021 CC6C1E0A 		.ascii	"\314l\036\012\300\000\201"
 168      C00081
 169              		.text
 170              		.section	.gnu.lto_.decls.f897424d6d7ba102,"",%progbits
ARM GAS  /var/folders/qd/4mxf5pkd0zdf0b9dd1hp39180000gn/T//cclCTOY5.s 			page 13


 171 0000 789CC55A 		.ascii	"x\234\305ZkTTYv\256sO=\240(\300\240\323\313\356\260"
 171      6B545459 
 171      76AE734F 
 171      3DA028C0 
 171      A0D3CBEE 
 172 0015 D6F4EAD0 		.ascii	"\326\364\352\320\323\225L\024\265_\316d\2225\263L2\223"
 172      D3954C14 
 172      B55FCE64 
 172      9235B34C 
 172      3293
 173 0027 497AB2D6 		.ascii	"Iz\262\326d\222\225\265f%54V+\335\274\246\270\250\235"
 173      649295B5 
 173      66253534 
 173      562BDDBC 
 173      A6B8A89D 
 174 003b 3F737988 		.ascii	"?sy\210 \266\200\242\"`\313\303\267\250\250\010\" \210"
 174      20B680A2 
 174      2260CBC3 
 174      B7A8A808 
 174      222088
 175 004e 883CE4E1 		.ascii	"\210<\344\341\013\005\005\001\021\021E\024\224\247@"
 175      0B050501 
 175      11114514 
 175      94A740
 176 005d F67954DD 		.ascii	"\366yT\335[\305-\365OVJ\017\267\366\271\373\354\375"
 176      5BC52DF5 
 176      4F564A0F 
 176      B7F6B9FB 
 176      ECFD
 177 006f ED7DF6DE 		.ascii	"\355}\366\336\347\234{K\257\321h\246\177\254\321\374"
 177      E79C7B4B 
 177      AFD168A6 
 177      7FACD1FC 
 178 007f 5AAFD1A4 		.ascii	"Z\257\321\244\"\215f\016>Z\350\273\000\215\\;\240]\341"
 178      228D660E 
 178      3E5AE8BB 
 178      008D5C3B 
 178      A05DE1
 179 0092 B445C33E 		.ascii	"\264E\303>\030\332}h\203\320\236BC\244S\3208}.C\247"
 179      18DA7D68 
 179      83D09E42 
 179      43A453D0 
 179      387D2E43 
 180 00a7 275CFF40 		.ascii	"'\\\377@\356\303\275Y\240[\020\223'\010L\346G\234O\007"
 180      EEC3BD59 
 180      A05B1093 
 180      27084CE6 
 180      479C4F07 
 181 00bb D731B836 		.ascii	"\3271\2706Ak\200v\005Z\035br\357\273\221\177\023:M\\"
 181      416B8076 
 181      055A1D62 
 181      72EFBB91 
 181      7F133A4D 
 182 00d0 BE1FB445 		.ascii	"\276\037\264E*X\211\374\233.\372=\200\276\015\255M\241"
 182      2A5889FC 
 182      9B2EFA3D 
 182      80BE0DAD 
ARM GAS  /var/folders/qd/4mxf5pkd0zdf0b9dd1hp39180000gn/T//cclCTOY5.s 			page 14


 182      4DA1
 183 00e2 F30E7CEF 		.ascii	"\363\016|\357\202\326\256a\272\021\267\215\250\364\022"
 183      82D6AE61 
 183      BA11B78D 
 183      A8F412
 184 00f1 E6EBEE04 		.ascii	"\346\353\356\004\006/\025\335v}v\014J\275\340^'=v\375"
 184      062F15DD 
 184      767D760C 
 184      4ABDE05E 
 184      273D76FD 
 185 0105 767D4FB9 		.ascii	"v}O\271\032?\025}\351\030]\215/\314\306\311\030\371"
 185      1A3F157D 
 185      E9185D8D 
 185      2FCCC6C9 
 185      18F9
 186 0117 199116C8 		.ascii	"\031\221\026\310\347M\231\367}\200\\dD\357\003y\355"
 186      E74D99F7 
 186      7D805C64 
 186      44EF0379 
 186      ED
 187 0128 D9953D5E 		.ascii	"\331\225=^\354\356\002 3\313^4\350\030\351\001djeN\205"
 187      ECEE0220 
 187      33CB5E34 
 187      E818E901 
 187      646A654E 
 188 013d 010B88C8 		.ascii	"\001\013\210\310\231\231\336#i\261\221~\237,?\024\353"
 188      9999DE23 
 188      69B1917E 
 188      9F2C3F14 
 188      EB
 189 014e B3B44062 		.ascii	"\263\264@b\037\217\177\321\240\263\010\333\025\036/"
 189      1F8F7FD1 
 189      A0B308DB 
 189      151E2F
 190 015d 982E346A 		.ascii	"\230.4j\001\010\262\230P\270\226t]\232\033\257\362e"
 190      0108B298 
 190      50B89674 
 190      5D9A1BAF 
 190      F265
 191 016f 620585D2 		.ascii	"b\005\205\322ELiNfr\241\367\342\235DTj\234\264@@\177"
 191      454C694E 
 191      6672A1F7 
 191      E29D4454 
 191      6A9CB440 
 192 0185 78079523 		.ascii	"x\007\225#\177T\206\374AH\005Z\014\177\317!-\223\236"
 192      7F5486FC 
 192      4148055A 
 192      0C7FCF21 
 192      2D939E
 193 0198 13937C5D 		.ascii	"\023\223|]g\332,I\261RN\234\344\371+r\037\025\001\367"
 193      67DA2C49 
 193      B1524E9C 
 193      E4F92B72 
 193      1F1501F7 
 194 01ac 69CA7D1E 		.ascii	"i\312}\036\231P)Z\312x\017\225\244\037\365\302K\010"
 194      9950295A 
 194      CA780F95 
ARM GAS  /var/folders/qd/4mxf5pkd0zdf0b9dd1hp39180000gn/T//cclCTOY5.s 			page 15


 194      A41FF5C2 
 194      4B08
 195 01be 64A16832 		.ascii	"d\241h2\276K@f\323\001\242\246j<!0f\243$\011\350\002"
 195      BE4B4066 
 195      D301A2A6 
 195      6A3C2130 
 195      66A32409 
 196 01d4 F05722CC 		.ascii	"\360W\"\314\307\220\341pq#\035U!\263\263\202M\035\027"
 196      C790E170 
 196      71231D55 
 196      21B3B382 
 196      4D1D17
 197 01e7 6ABDF1EF 		.ascii	"j\275\361\357\251O:\353\016\037%~\376\310\210H&\370"
 197      A94F3AEB 
 197      0E1F257E 
 197      FEC88848 
 197      26F8
 198 01f9 42D78927 		.ascii	"B\327\211'\245\223\336\254\213p\\K\031\331g\300\253"
 198      A593DEAC 
 198      8B705C4B 
 198      19D967C0 
 198      AB
 199 020a 299C7BED 		.ascii	")\234{\355\323w}\220\321\234\350P\245\221\365\\\006"
 199      D3777D90 
 199      D19CE850 
 199      A591F55C 
 199      06
 200 021b 3D3086A8 		.ascii	"=0\206\250A5\320y\021:\031\356\271=\177\267{D\222\336"
 200      4135D079 
 200      113A19EE 
 200      B93D7FB7 
 200      7B4492DE 
 201 022f 47B5C888 		.ascii	"G\265\310\210.\311\270?22@\207\367\245\345\351q\034"
 201      2EC9B83F 
 201      32324087 
 201      F7A5E5E9 
 201      711C
 202 0241 9D31A12C 		.ascii	"\2351\241,\353\301%\301\235\216\006\267:\036\326\177"
 202      EBC125C1 
 202      9D8E06B7 
 202      3A1ED67F 
 203 0251 504B7D53 		.ascii	"PK}S\017:\352d\035\240\222)I9s\347\225/\336\201\251"
 203      0F3AEA64 
 203      1DA09229 
 203      493973E7 
 203      952FDE81 
 204 0266 928D2DC5 		.ascii	"\222\215-\305\217\334*ir\253d\274\377\275#\222\264\000"
 204      8FDC2A69 
 204      72AB64BC 
 204      FFBD2392 
 204      B400
 205 0278 5D011D8D 		.ascii	"]\001\035\215\262\216z\273\216\236-\275\015\010\357"
 205      B28E7ABB 
 205      8E9E2DBD 
 205      0D08EF
 206 0287 A53AD0F3 		.ascii	"\245:\320\363\261\355\335\276\370 #\252\212\316\235"
 206      B1EDDDBE 
ARM GAS  /var/folders/qd/4mxf5pkd0zdf0b9dd1hp39180000gn/T//cclCTOY5.s 			page 16


 206      F82023AA 
 206      8ACE9D
 207 0296 36E113FC 		.ascii	"6\341\023\374\316\253=%\236,\260\026\221\030\275\227"
 207      CEAB3D25 
 207      9E2CB016 
 207      9118BD97 
 208 02a6 9A6A6081 		.ascii	"\232j`\201\225\203\200\036\255\277\227\344\205\253\370"
 208      9583801E 
 208      ADBF97E4 
 208      85ABF8
 209 02b5 C0E9B377 		.ascii	"\300\351\263wL\3702%\214\035\235\337'\030\321\302\000"
 209      4CF83225 
 209      8C1D9DDF 
 209      2718D1C2 
 209      00
 210 02c6 73408029 		.ascii	"s@\200)\300\2740 \215F\0374\2103t\015\240^%\370o\001"
 210      C0BC3020 
 210      8D461F34 
 210      8833740D 
 210      A05E25F8 
 211 02dc FE4EB490 		.ascii	"\376N\264\220\240Cw\341\373\035\024\200\332\241uAk\203"
 211      A04377E1 
 211      FB1D1480 
 211      DAA17541 
 211      6B83
 212 02ee 761B05D0 		.ascii	"v\033\005\320\250\317#\306W\315M\375\254sd@\222\266"
 212      A8CF23C6 
 212      57CD4DFD 
 212      AC736440 
 212      92B6
 213 0300 99685895 		.ascii	"\231hX\225\200Yd\260\303\033\3054B\213\310_\273\027"
 213      805964B0 
 213      C31BC534 
 213      428BC85F 
 213      BB17
 214 0312 0EAC484B 		.ascii	"\016\254HK\"\256\276\011|7d7\3000\205\324\200\256\027"
 214      22AEBE09 
 214      7C376437 
 214      C03085D4 
 214      80AE17
 215 0325 4C2AE4D3 		.ascii	"L*\344\323uW\241g\250\320\345\376\016\376\301\377\312"
 215      7557A167 
 215      A8D0E5FE 
 215      0EFEC1FF 
 215      CA
 216 0336 94AAE231 		.ascii	"\224\252\3421\352\000\010\315\256\334\2012\002E\220"
 216      EA0008CD 
 216      AEDC8132 
 216      024590
 217 0345 DF54B068 		.ascii	"\337T\260h\310@\331\246^\205\264\026Ui\313es\272:\027"
 217      C840D9A6 
 217      5E85B416 
 217      5569CB65 
 217      73BA3A17 
 218 0359 C4800729 		.ascii	"\304\200\007)|n\012\371\250\373\266\225K{;\337\216u"
 218      7C6E0AF9 
 218      A8FBB695 
ARM GAS  /var/folders/qd/4mxf5pkd0zdf0b9dd1hp39180000gn/T//cclCTOY5.s 			page 17


 218      4B7B3BDF 
 218      8E75
 219 036b FAE5C749 		.ascii	"\372\345\307Iu\313h\300T\253{\226\"!Ha\262K\253\023"
 219      75CB68C0 
 219      54AB7B96 
 219      22214861 
 219      B24BAB13 
 220 037f AE7ADF03 		.ascii	"\256z\337\003.R\207\026PA\010\261\277p%\215\322s\366"
 220      2E528716 
 220      504108B1 
 220      BF70258D 
 220      D273F6
 221 0392 0F62FDA4 		.ascii	"\017b\375\244\362\262\013g%\204}\010\377\016\177\005"
 221      F2B20B67 
 221      25847D08 
 221      FF0E7F05 
 222 03a2 2E43B0CB 		.ascii	".C\260\313\245\377\271\000\244\224\312\3563u\366\217"
 222      A5FFB900 
 222      A494CAEE 
 222      3375F68F 
 223 03b2 C62E9EC1 		.ascii	"\306.\236\301\262\217\3230\221\316\312\024\203\234\260"
 223      B28FD330 
 223      91CECA14 
 223      839CB0
 224 03c1 6A1CB71D 		.ascii	"j\034\267\0350e#\021\257\304\347r\217?\324v\203G5\232"
 224      30652311 
 224      AFC4E772 
 224      8F3FD476 
 224      8347359A 
 225 03d5 7F8435DA 		.ascii	"\177\2045\332#\214\366&\344\367N\371\340\011\226\024"
 225      238CF626 
 225      E4F74EF9 
 225      E0099614 
 226 03e5 055BE6D2 		.ascii	"\005[\346\322unko/\255\275\341\274\364\2768\333\366"
 226      756E6B6F 
 226      2FADBDE1 
 226      BCF4BE38 
 226      DBF6
 227 03f7 D0F0418E 		.ascii	"\320\360A\216\224\323-U\265$\342\231+\011R+\214\373"
 227      94D32D55 
 227      B524E299 
 227      2B09522B 
 227      8CFB
 228 0409 39E5433D 		.ascii	"9\345C=r\370\366\220\305\000u\303?t\017\376i\320}\364"
 228      72F8F690 
 228      C50075C3 
 228      3F740FFE 
 228      69D07DF4 
 229 041d 018C2FAC 		.ascii	"\001\214/\254\210o1\340l-r\263J\024d\025>\362\241]$"
 229      886F31E0 
 229      6C2D72B3 
 229      4A146415 
 229      3EF2A15D 
 230 0432 7D1E20DA 		.ascii	"}\036 \332\371x\374\344\257i\037\231\370~\326\367\\"
 230      F978FCE4 
 230      AF691F99 
 230      F87ED6F7 
ARM GAS  /var/folders/qd/4mxf5pkd0zdf0b9dd1hp39180000gn/T//cclCTOY5.s 			page 18


 230      5C
 231 0443 1AE9638C 		.ascii	"\032\351c\214$,\037\262\316\364\027\005\031Z\267\226"
 231      242C1FB2 
 231      CEF41705 
 231      195AB796 
 232 0453 3CA2960C 		.ascii	"<\242\226\014\330W\221\216\341\316\023\276`J7\2302\365"
 232      D857918E 
 232      E1CE13BE 
 232      604A3798 
 232      32F5
 233 0465 E710E2B1 		.ascii	"\347\020\342\261\022IC\340B}\262\035}\256v\014R;z\007"
 233      124943E0 
 233      427DB21D 
 233      7DAE760C 
 233      523B7A07 
 234 0479 2A063DF0 		.ascii	"*\006=\360Af\307\225\224\324[2\026f\310\345\361\326"
 234      4166C795 
 234      94D45B32 
 234      1666C8E5 
 234      F1D6
 235 048b 560FB750 		.ascii	"V\017\267P\206(\224'v(5\371\273\036`\016\245a\251\003"
 235      86289427 
 235      762835F9 
 235      BB1E600E 
 235      A561A903 
 236 049f 0A70A1C7 		.ascii	"\012p\241\3072\224\307\256P\236R(\267^\214W\033q\021"
 236      3294C7AE 
 236      509E5228 
 236      B75E8C57 
 236      1B7111
 237 04b2 83723EFD 		.ascii	"\203r>\375D\2067+\206\255d\231m\030O\253\360f\325P\372"
 237      4486372B 
 237      86AD6499 
 237      6D184FAB 
 237      F066D550 
 238 04c7 01D0893D 		.ascii	"\001\320\211=\233\256\033\331\375\011\302_\224\260\267"
 238      9BAE1BD9 
 238      FD09C25F 
 238      94B0B7
 239 04d6 89AFFDB7 		.ascii	"\211\257\375\267I\265,\233\311)\3212\376*oB\227\224"
 239      49B52C9B 
 239      C929D132 
 239      FE2A6F42 
 239      9794
 240 04e8 D7F2CDC0 		.ascii	"\327\362\315\3002 \263\357Uw\361Z[C\206\027\337KO2\361"
 240      3220B3EF 
 240      5577F15A 
 240      5B438617 
 240      DF4B4F32 
 241 04fd 624B7616 		.ascii	"bKv\026;\373\233F<q\011\303R\362\364h\011\307RE\227"
 241      3BFB9B46 
 241      3C7109C3 
 241      52F2F468 
 241      09C75245 
 242 0512 E2FEECAD 		.ascii	"\342\376\354\255&F\257$\013g\334\324--\256f\274R\372"
 242      2646AF24 
 242      0B67DCD4 
ARM GAS  /var/folders/qd/4mxf5pkd0zdf0b9dd1hp39180000gn/T//cclCTOY5.s 			page 19


 242      2D2DAE66 
 242      BC52FA
 243 0525 F45E6FDC 		.ascii	"\364^o\334D\011a8.k\277\333\205q\326\355z2\234\211\263"
 243      44096138 
 243      2E6BBFDB 
 243      8571D6ED 
 243      7A329C89 
 244 053a F3532449 		.ascii	"\363S$I\213f N^\251\254(w\207w&\350\361f\035\333\300"
 244      8B66204E 
 244      5EA9AC28 
 244      77877726 
 244      E8F1661D 
 245 0550 9C7D9CAD 		.ascii	"\234}\234\255\307\351\214h\350M\357\024p\226\316\011"
 245      C7E98C68 
 245      E84DEF14 
 245      7096CE09 
 246 0560 F8220E7C 		.ascii	"\370\"\016|\317t\321%/\234\317n\236z\221\374.>\312\276"
 246      CF74D125 
 246      2F9CCF6E 
 246      9E7A91FC 
 246      2E3ECABE 
 247 0574 D7DCBF5E 		.ascii	"\327\334\277^\247\303\247\030\221|:>W\213/2\342\334"
 247      A7C3A718 
 247      917C3A3E 
 247      578B2F32 
 247      E2DC
 248 0586 8EF2210F 		.ascii	"\216\362!\017\334\300\210\0133\355\331F\334\301\210"
 248      DCC0880B 
 248      33EDD946 
 248      DCC188
 249 0595 E2FEFA5A 		.ascii	"\342\376\372Z#\237\021\342\361W\373[n{\340^vsK\252t"
 249      239F11E2 
 249      F157FB5B 
 249      6E7BE05E 
 249      76734BAA 
 250 05aa D90B3F66 		.ascii	"\331\013?fDmJ\374\026#\036\243\204\360\362\352\223\335"
 250      446D4AFC 
 250      16231EA3 
 250      84F0F2EA 
 250      93DD
 251 05bc 7A773ED9 		.ascii	"zw>\331*\270\363\311\324\273\2607C\337\011F\264E\230"
 251      2AB8F3C9 
 251      D4BBB037 
 251      43DF0946 
 251      B44598
 252 05cf EF8FDAEE 		.ascii	"\357\217\332\356\231\021_\034\253\247\3526~wl\027\001"
 252      99115F1C 
 252      ABA7EA36 
 252      7E776C17 
 252      01
 253 05e0 A6679B17 		.ascii	"\246g\233\027\003t\365=\233*\326\262.\"m\003\361\305"
 253      0374F53D 
 253      9B2AD6B2 
 253      2E226D03 
 253      F1C5
 254 05f2 EEBB277D 		.ascii	"\356\273'}p\"\035\"\234\277~6\336\033\231\215\366\215"
 254      70221D22 
ARM GAS  /var/folders/qd/4mxf5pkd0zdf0b9dd1hp39180000gn/T//cclCTOY5.s 			page 20


 254      9CBF7E36 
 254      DE1B998D 
 254      F68D
 255 0604 C967BB9F 		.ascii	"\311g\273\237\221\215I:\250\333&\253\323\023m\211\204"
 255      918D493A 
 255      A8DB26AB 
 255      D3136D89 
 255      84
 256 0615 C515F776 		.ascii	"\305\025\367v\300\255\347\270\323\004\177\224*\370\023"
 256      C0ADE7B8 
 256      D3047F94 
 256      2AF813
 257 0624 242393CF 		.ascii	"$#\223\317\212\264x\033\323qz\373\253\014\037\207\216"
 257      8AB4781B 
 257      D3717AFB 
 257      AB0C1F87 
 257      8E
 258 0635 87F52BCE 		.ascii	"\207\365+\316\320\215\311.\320\261C\326\001*\335)\331"
 258      D08DC92E 
 258      D0B143D6 
 258      012ADD29 
 258      D9
 259 0646 A9AEE4D6 		.ascii	"\251\256\344\326\226\353w\3648\223))i\274;\215\035J"
 259      96EB77F4 
 259      38932929 
 259      69BC3B8D 
 259      1D4A
 260 0658 2090F6B0 		.ascii	" \220\366\260@\312\004-\031\262\226]\356\265\354V\327"
 260      40CA042D 
 260      19B2965D 
 260      EEB5EC56 
 260      D7
 261 0669 9235DAF9 		.ascii	"\2225\332\371\210'\214\231l\233F\323n\351p\016s\270"
 261      88278C99 
 261      6C9B46D3 
 261      6EE9700E 
 261      73B8
 262 067b 7D1BEEC7 		.ascii	"}\033\356\307\266\341{Rn\026c|\224\335K*H\252\365\301"
 262      B6E17B52 
 262      6E16637C 
 262      94DD4B2A 
 262      48AAF5C1 
 263 068f 67189157 		.ascii	"g\030\221WY\366\304\200/\361Qm\261\367\215\370\006#"
 263      59F6C480 
 263      2FF1516D 
 263      B1F78DF8 
 263      0623
 264 06a1 7AEE5E2E 		.ascii	"z\356^.\364\301\267\031Q6\236U\346\213\3571\242\351"
 264      F4C1B719 
 264      51369E55 
 264      E68BEF31 
 264      A2E9
 265 06b3 FEDC8811 		.ascii	"\376\334\210\021\3673\342jL.D\343\020\037#M\3576\341"
 265      F733E26A 
 265      4C2E44E3 
 265      101F234D 
 265      EF36E1
ARM GAS  /var/folders/qd/4mxf5pkd0zdf0b9dd1hp39180000gn/T//cclCTOY5.s 			page 21


 266 06c6 51667856 		.ascii	"QfxVu\336i\301ax\303{$Z\016\201\321\007\336\312\350"
 266      75DE69C1 
 266      6178C37B 
 266      245A0E81 
 266      D107DECA 
 267 06db 83EA4637 		.ascii	"\203\352F7?\337\014\233\303I\246.y\307\320\001\037\034"
 267      3FDF0C9B 
 267      C349A62E 
 267      79C7D001 
 267      1F1C
 268 06ed 63A0C4F4 		.ascii	"c\240\304\364@z;b&\223\025:\266\254=\315\227\345B7\215"
 268      407A3B62 
 268      2693153A 
 268      B6AC3DCD 
 268      97E54237 
 269 0702 C7969C51 		.ascii	"\307\226\234Q\017\274\225\361\226\246m\003\320\351\214"
 269      0FBC95F1 
 269      96A66D03 
 269      D0E98C
 270 0711 E8CA482E 		.ascii	"\350\312H.\363\302\007\031q>e\344\254'>\316\210M\023"
 270      F3C20719 
 270      713E65E4 
 270      AC273ECE 
 270      884D13
 271 0724 BD85BEB8 		.ascii	"\275\205\276\270\204\021\366\022\263\210\225\230\247"
 271      8411F612 
 271      B3889598 
 271      A7
 272 0731 F10FBA79 		.ascii	"\361\017\272yu[\014\344\261\003\245\261^\370<c=\261"
 272      755B0CE4 
 272      B103A5B1 
 272      5EF83C63 
 272      3DB1
 273 0743 B1EFB007 		.ascii	"\261\357\260\007\334\363\207pG\212\215\272?\333\250"
 273      DCF38770 
 273      478A8DBA 
 273      3FDBA8
 274 0752 17558D1E 		.ascii	"\027U\215\036\323\342:\312+\234<\326\367\265\"\314\227"
 274      D3E23ACA 
 274      2B9C3CD6 
 274      F7B522CC 
 274      97
 275 0763 6EDC4442 		.ascii	"n\334DB\260\024\374T\"\373\311\237\273\011jw\276\204"
 275      B014FC54 
 275      22FBC99F 
 275      BB096A77 
 275      BE84
 276 0775 176BD0C7 		.ascii	"\027k\320\307\376h\0318\351,8\311\237;\251\030\234t"
 276      FE681938 
 276      E92C38C9 
 276      9F3BA918 
 276      9C74
 277 0787 8639E9F0 		.ascii	"\2069\351\360\336C5\336\370\032S\320ul\270\031+\202"
 277      DE4335DE 
 277      F81A53D0 
 277      756CB819 
 277      2B82
ARM GAS  /var/folders/qd/4mxf5pkd0zdf0b9dd1hp39180000gn/T//cclCTOY5.s 			page 22


 278 0799 FC83D334 		.ascii	"\374\203\3234\310\313A\3039YC\251\340FE\231\272\212"
 278      C8CB41C3 
 278      395943A9 
 278      E0464599 
 278      BA8A
 279 07ab C4E29966 		.ascii	"\304\342\231f\037\334\301T$\336:\325h\260\027\020\347"
 279      1FDCC154 
 279      24DE3AD5 
 279      68B01710 
 279      E7
 280 07bc E1952AC3 		.ascii	"\341\225*\303\035\231\220\3052\341<@\251\220\241\224"
 280      1D9990C5 
 280      32E13C40 
 280      A990A194 
 281 07cc 0BBC84D8 		.ascii	"\013\274\204\330"
 282 07d0 1788456C 		.ascii	"\027\210El\201\310\277qqD\207\373\230\213c\267_/\360"
 282      81C8BF71 
 282      714487FB 
 282      988B63B7 
 282      5F2FF0
 283 07e3 C48F99FE 		.ascii	"\304\217\231\376\330K\251W\335\350\257q\253\377\032"
 283      D84BA957 
 283      DDE8AF71 
 283      ABFF1A
 284 07f2 2D5F1741 		.ascii	"-_\027Aw\265\212n{r-b\311Us\250\264\313\033\2172\335"
 284      77B58A6E 
 284      7B722D62 
 284      C95573A8 
 284      B4CB1B8F 
 285 0808 C95B664F 		.ascii	"\311[fO`<\315t\017m=T\242W\327]\357Vw5\325]\007\272"
 285      603CCD74 
 285      0F6D3D54 
 285      A257D75D 
 285      EF567735 
 286 0820 2FABE8AE 		.ascii	"/\253\350\256H\030\211\304q\036T\327\276\213'\256\032"
 286      481889C4 
 286      711E54D7 
 286      BE8B27AE 
 286      1A
 287 0831 70322584 		.ascii	"p2%\204\366\227\215\333\025\031E\2054\201\220FW!*`\256"
 287      F6978DDB 
 287      15194585 
 287      34819046 
 287      57212A60 
 288 0846 A8CFE3DE 		.ascii	"\250\317\343\336\212\253\207\2658\235)\2739Q1e\302Y"
 288      8AAB87B5 
 288      389D29BB 
 288      39513165 
 288      C259
 289 0858 94D016C4 		.ascii	"\224\320\026\304\035y\246Ef\177\004\031\211\230Jr\030"
 289      1D79A645 
 289      667F0419 
 289      89984A72 
 289      18
 290 0869 D7A0EBA0 		.ascii	"\327\240\353\240\261E\300\366g\000\231\022h{\366'\322"
 290      B145C0F6 
 290      67009912 
ARM GAS  /var/folders/qd/4mxf5pkd0zdf0b9dd1hp39180000gn/T//cclCTOY5.s 			page 23


 290      687BF627 
 290      D2
 291 087a 0DDF3DE8 		.ascii	"\015\337=\350UE\177+\350'\267`\213\016\332\2572\355"
 291      55457F2B 
 291      E827B760 
 291      8B0EDAAF 
 291      32ED
 292 088c 27B3EB26 		.ascii	"'\263\353&=\215\234;\361M\334=\023s5&\345\331\374\006"
 292      3D8D9C3B 
 292      F14DDC3D 
 292      13733526 
 292      E5D9FC06 
 293 08a0 20910F16 		.ascii	" \221\017\0267\005\023\337\230\356\275]\332\245\305"
 293      370513DF 
 293      98EEBD5D 
 293      DAA5C5
 294 08af 39CCA8FB 		.ascii	"9\314\250\373\322\305\353\002>\304\210c\371]\373=q!"
 294      D2C5EB02 
 294      3EC48863 
 294      F95DFB3D 
 294      7121
 295 08c1 232A3AB6 		.ascii	"#*:\266\015x\343bFt\035\237-\327\343s\214\330{\367\371"
 295      0D78E362 
 295      46741D9F 
 295      2DD7E373 
 295      8CD87BF7 
 296 08d6 3103AE60 		.ascii	"1\003\256`^o\233\033\030\200\232bV(\206\015\227\243"
 296      5E6F9B1B 
 296      18809A62 
 296      5628860D 
 296      97A3
 297 08e8 50750254 		.ascii	"Pu\002T\213\375\320\316\317]\031\272\246\373\233Hh\337"
 297      8BFDD0CE 
 297      CF5D19BA 
 297      A6FB9B48 
 297      68DF
 298 08fa 154CE88E 		.ascii	"\025L\350\216<;\026\023\003Xw3\271R\213\2370e\007\033"
 298      3C3B1613 
 298      03587733 
 298      B9528B9F 
 298      3065071B 
 299 090e BB251D1E 		.ascii	"\273%\035\036fD\371\346\306W\036x\204\021\231\3476\305"
 299      6644F9E6 
 299      C6571E78 
 299      841199E7 
 299      36C5
 300 0920 1AF14B46 		.ascii	"\032\361KFt\307\326^\367\300\023\214x\376\364\306+o"
 300      74C7D65E 
 300      F7C0138C 
 300      78FEF4C6 
 300      2B6F
 301 0932 FC8A11D2 		.ascii	"\374\212\021\322\344\371\016=\226<)qg\307D\267'\216"
 301      E4F90E3D 
 301      963C2971 
 301      67C744B7 
 301      278E
 302 0944 63C4D1B9 		.ascii	"c\304\321\271\321\024\023N`\304D\371\325<\201U\254\000"
ARM GAS  /var/folders/qd/4mxf5pkd0zdf0b9dd1hp39180000gn/T//cclCTOY5.s 			page 24


 302      D114134E 
 302      60C444F9 
 302      D53C8155 
 302      AC00
 303 0956 208F5425 		.ascii	" \217T%\327a\276\277\202\355\234W\373\321\351\003>("
 303      D761BEBF 
 303      82ED9C57 
 303      FBD1E903 
 303      3E28
 304 0968 807D16C2 		.ascii	"\200}\026\302\301\225\235\214n\035\321\335\331\277\371"
 304      C1959D8C 
 304      6E1DD1DD 
 304      D9BFF9
 305 0977 3B29A71A 		.ascii	";)\247\032Qk\356\2015\317\004\305\341\350\264\340rB"
 305      516BEE81 
 305      35CF04C5 
 305      E1E8B4E0 
 305      7242
 306 0989 EC5DC2CE 		.ascii	"\354]\302\316t\204\273K\235\233\035\021\371\201R\301"
 306      7484BB4B 
 306      9D9B1D11 
 306      F98152C1 
 307 0999 DEE1CABE 		.ascii	"\336\341\312\276\307U\370\340_\313\334\017\\\271\003"
 307      C755F8E0 
 307      5FCBDC0F 
 307      5CB903
 308 09a8 5D98AF29 		.ascii	"]\230\257)Dw\2732\237A\256H\032\024\354=\352\354\012"
 308      4477BB32 
 308      9F41AE48 
 308      1A14EC3D 
 308      EAEC0A
 309 09bb E1230A24 		.ascii	"\341#\012$}\252H\230l\247\343\351\000D\363C\260\011"
 309      7DAA4898 
 309      6CA7E3E9 
 309      0044F343 
 309      B009
 310 09cd F5F311E4 		.ascii	"\365\363\021\344x\372\034\"\350\211\020\200\206\241"
 310      78FA1C22 
 310      E8891080 
 310      86A1
 311 09db 8D401B85 		.ascii	"\215@\033\205\366\024\332\020\264G\320\006\241=\026"
 311      F614DA10 
 311      B447D006 
 311      A13D16
 312 09ea D8719505 		.ascii	"\330q\225\005X\177\001;\011\203\004\345I\230\001\233"
 312      587F013B 
 312      098304E5 
 312      4998019B 
 313 09fa 2DF0CBA3 		.ascii	"-\360\313\243gY\202\354\276+\262bW;\252\025V\367\252"
 313      675982EC 
 313      BE2BB262 
 313      573BAA15 
 313      56F7AA
 314 0a0d 73334348 		.ascii	"s3CH\372\344\035-\300\312\014T2k\320\013G\006\226\314"
 314      FAE41D2D 
 314      C0CA0C54 
 314      326BD00B 
ARM GAS  /var/folders/qd/4mxf5pkd0zdf0b9dd1hp39180000gn/T//cclCTOY5.s 			page 25


 314      470696CC 
 315 0a21 0D3ED3E1 		.ascii	"\015>\323\341r\032x\370\373\230\207\031&\3620$\215/"
 315      721A78F8 
 315      FB988719 
 315      26F23024 
 315      8D2F
 316 0a33 F4D4150E 		.ascii	"\364\324\025\016\035/A\351\030w\305\004\270b\\P\236"
 316      1D2F41E9 
 316      1877C504 
 316      B8625C50 
 316      9E
 317 0a44 CC219732 		.ascii	"\314!\2272\037$\263\370\003\371\250\235s\273}J\320|"
 317      1F24B3F8 
 317      03F9A89D 
 317      73BB7D4A 
 317      D07C
 318 0a56 98F966CC 		.ascii	"\230\371f\314\3317d\207t\367\302\240\200kX6<\356?\332"
 318      D9376487 
 318      74F7C2A0 
 318      806B5836 
 318      3CEE3FDA 
 319 0a6a 26E04646 		.ascii	"&\340FF\324^\235;\357\211o2\342\364\334\341\004\214"
 319      D45E9D3B 
 319      EF896F32 
 319      E2F4DCE1 
 319      048C
 320 0a7c 3B29F1B7 		.ascii	";)\361\267\227:\216U\371\000v\323\302\200\205\001\344"
 320      973A8E55 
 320      F90076D3 
 320      C2808501 
 320      E4
 321 0a8d 2FFC0F20 		.ascii	"/\374\017 \337\315\360a\231b\016X\024@o\005\230\003"
 321      DFCDF061 
 321      99620E58 
 321      14406F05 
 321      9803
 322 0a9f 4C26D269 		.ascii	"L&\322i\016\220?f7V\357\005;f\270\325\273\261\031\315"
 322      0E903F66 
 322      3756EF05 
 322      3B66B8D5 
 322      BBB119CD 
 323 0ab3 0ACECF7A 		.ascii	"\012\316\317z\002\216\363\2472s`t<gV1Z1\031\022VN\006"
 323      028EF3A7 
 323      32736074 
 323      3C675631 
 323      5A311912 
 324 0aca 19C7CC77 		.ascii	"\031\307\314w\212\300q`\030#\"JAi,f\000\316\302\367"
 324      8AC07160 
 324      1823224A 
 324      41692C66 
 324      00CEC2F7 
 325 0ade 121C808A 		.ascii	"\022\034\200\212\241\235\201V\004\3554\264S\320NB+\204"
 325      A19D8156 
 325      04ED34B4 
 325      53D04E42 
 325      2B84
 326 0af0 7602DA71 		.ascii	"v\002\332qh\307\240eA\333\005m'\264\035\320\322\241"
ARM GAS  /var/folders/qd/4mxf5pkd0zdf0b9dd1hp39180000gn/T//cclCTOY5.s 			page 26


 326      68C7A065 
 326      41DB056D 
 326      27B41DD0 
 326      D2A1
 327 0b02 C5438B83 		.ascii	"\305C\213\203\026\203\225\206T\377\236E\027T\310i0\""
 327      16839586 
 327      54FF9E45 
 327      1754C869 
 327      3022
 328 0b14 5601114D 		.ascii	"V\001\021M\312\241\250\016q\212\217\370\277\205\330"
 328      CAA1A80E 
 328      718A8FF8 
 328      BF85D8
 329 0b23 DCC19FFD 		.ascii	"\334\301\237\375\220\243\3354r\00195\257L<m_\304\370"
 329      90A3DD34 
 329      72013935 
 329      AF4C3C6D 
 329      5FC4F8
 330 0b36 3762981D 		.ascii	"7b\230\035u~\327\251Ip\232\032\0308\357\301U\022Y\223"
 330      757ED7A9 
 330      49709A1A 
 330      1838EFC1 
 330      55125993 
 331 0b4a 8980CD60 		.ascii	"\211\200\315`t\0027z\033\030\235\014\2007C\333\344\004"
 331      7402377A 
 331      1B189D0C 
 331      803743DB 
 331      E404
 332 0b5c 7AB45C37 		.ascii	"z\264\\7[$IIz\224\010($>F5o\0250\222\234`$\276\016\306"
 332      5B244949 
 332      7A940828 
 332      243E4635 
 332      6F153092 
 333 0b76 7650FD66 		.ascii	"vP\375f\030\275\007\261\264o1\215\265\030u\014\366J"
 333      18BD07B1 
 333      B46F318D 
 333      B518750C 
 333      F64A
 334 0b88 0399D9B6 		.ascii	"\003\231\331\266\313\020C\203a\013\260\305q\366XPX\354"
 334      CB104383 
 334      610BB0C5 
 334      71F65850 
 334      58EC
 335 0b9a 1CD24E80 		.ascii	"\034\322N\200\034\367\323\000\304V\016(\025\276\247"
 335      1CF7D300 
 335      C4560E28 
 335      15BEA7
 336 0ba9 0098EFB0 		.ascii	"\000\230\357\260K\322\234P$M\002h\330\212\337\242(;"
 336      4BD29C50 
 336      244D0268 
 336      D88ADFA2 
 336      283B
 337 0bbb 546CE423 		.ascii	"Tl\344#\334\253\250\016d\341lO\312\371\362\025\225h"
 337      DCABA80E 
 337      64E16C4F 
 337      CAF9F215 
 337      9568
ARM GAS  /var/folders/qd/4mxf5pkd0zdf0b9dd1hp39180000gn/T//cclCTOY5.s 			page 27


 338 0bcd F638AB44 		.ascii	"\3668\253D\300\244\254D\366W\004\177\305\236\315\022"
 338      C0A4AC44 
 338      F657047F 
 338      C59ECD12 
 339 0bdd 676C92B7 		.ascii	"gl\222\267\010\204\331\301S\256\233,$\247\336\0045\011"
 339      0884D9C1 
 339      53AE9B2C 
 339      24A7DE04 
 339      3509
 340 0bef FD3B0D64 		.ascii	"\375;\015d\003H\3464Q\036\237\200\345g\273\323S+o\263"
 340      0348E634 
 340      511E9F80 
 340      E567BBD3 
 340      532B6FB3 
 341 0c03 2021A7F4 		.ascii	" !\247\364d\327\374{\351\034\332d_\372\237\314<r6MQ"
 341      64D7FC7B 
 341      E91CDA64 
 341      5FFA9FCC 
 341      3C72364D 
 342 0c18 6757CC67 		.ascii	"gW\314g\357\277\312\323\231\315\271\035\276\314\022"
 342      EFBFCAD3 
 342      99CDB91D 
 342      BECC12
 343 0c27 5CB8477E 		.ascii	"\\\270G~\303dg\000\327\367\256\262\367\010.s3\257^f"
 343      C3646700 
 343      D7F7AEB2 
 343      F7082E73 
 343      33AF5E66 
 344 0c3b C27CA8D5 		.ascii	"\302|\250\325K\346\213Z\356\352\031A\315\325\007~\024"
 344      4BE68B5A 
 344      EEEA1941 
 344      CDD5077E 
 344      14
 345 0c4c 435D4D54 		.ascii	"C]MT\347\310\256\"\314vt\020;\315\374\341z6^\204r\325"
 345      E7C8AE22 
 345      CC767410 
 345      3BCDFCE1 
 345      7A365E84 
 346 0c62 015273B6 		.ascii	"\001Rs\266\251\341\323\320a\004\\\001\200;\012\201s"
 346      A9E1D3D0 
 346      61045C01 
 346      803B0A81 
 346      73
 347 0c73 04DA6168 		.ascii	"\004\332ah\373\241\355\205\366=\264=N\3014\365\005\363"
 347      FBA1ED85 
 347      F63DB43D 
 347      4EC134F5 
 347      05F3
 348 0c85 08999C3C 		.ascii	"\010\231\234<PH$\270\335\313\314^QT\235\3747q\217\374"
 348      504824B8 
 348      DDCBCC5E 
 348      51549DFC 
 348      37718FFC 
 349 0c99 33139D03 		.ascii	"3\023\235\003\314\373\3343+JC\256Si\310Q)\015\0050\265"
 349      CCFBDC33 
 349      2B4A43AE 
 349      5369C851 
ARM GAS  /var/folders/qd/4mxf5pkd0zdf0b9dd1hp39180000gn/T//cclCTOY5.s 			page 28


 349      290D0530 
 350 0cae 47C9DEE5 		.ascii	"G\311\336\345\010\010\314\345i\262\017\254\315\007\313"
 350      0808CCE5 
 350      69B20FAC 
 350      CD07CB
 351 0cbd F264CB88 		.ascii	"\362d\313\210\307\353t\303\334\233\344\304\277\237\017"
 351      C7EB74C3 
 351      DC9BE4C4 
 351      BF9F0F
 352 0ccc 705F1A06 		.ascii	"p_\032\006\337!e\204\004\322a\316\253R\027x\330'\350"
 352      DF216584 
 352      04D261CE 
 352      AB521778 
 352      D827E8
 353 0cdf 48D8E762 		.ascii	"H\330\347b\225\255\317\334\324\312\006^\001\016\200"
 353      95ADCFDC 
 353      D4CA065E 
 353      010E80
 354 0cee E5C7DECA 		.ascii	"\345\307\336\312\362\203\300)[~\200Y\356fYE\207\300"
 354      F283C029 
 354      5B7E8059 
 354      EE665945 
 354      87C0
 355 0d00 5E7965B5 		.ascii	"^ye\265\247\362_\\\240gj\"\351\270\034_st;\344xyS/\277"
 355      A7F25F5C 
 355      A0676A22 
 355      E9B81C5F 
 355      73743BE4 
 356 0d19 6639F1DA 		.ascii	"f9\361\332\371#\361\\\317\327$\222\211\205o\342n\370"
 356      F923F15C 
 356      CFD72492 
 356      89856FE2 
 356      6EF8
 357 0d2b 959CB627 		.ascii	"\225\234\266'\33533\264m\225z\342?\340\231\357\277\376"
 357      DD3333B4 
 357      6D957AE2 
 357      3FE099EF 
 357      BFFE
 358 0d3d 0ABFB838 		.ascii	"\012\277\2708)c\031=\222\027\361\034\340G2\266s?%(\202"
 358      2963193D 
 358      9217F11C 
 358      E04732B6 
 358      733F2528 
 359 0d52 EC671952 		.ascii	"\354g\031RU\014\246g\350\013j\314U\012\346\006\316L"
 359      550CA667 
 359      E80B6ACC 
 359      550AE606 
 359      CE4C
 360 0d64 0EBDB56A 		.ascii	"\016\275\265j\314\227\024\314\203\177\303\230\311\341"
 360      CC9714CC 
 360      837FC398 
 360      C9E1
 361 0d72 B6418D59 		.ascii	"\266A\215Y\271\036\267\235\343\231\001\007@\324\354"
 361      B91EB79D 
 361      E3990107 
 361      40D4EC
 362 0d81 9AB8F38E 		.ascii	"\232\270\363\216'\035?\221Kx\233+\367\374C\3015\005"
ARM GAS  /var/folders/qd/4mxf5pkd0zdf0b9dd1hp39180000gn/T//cclCTOY5.s 			page 29


 362      271D3F91 
 362      4B789B2B 
 362      F7FC43C1 
 362      3505
 363 0d93 FB2D7576 		.ascii	"\373-uv\345\274\225\362y#[\324\333\256\354\305\363\244"
 363      E5BC95F2 
 363      79235BD4 
 363      DBAEECC5 
 363      F3A4
 364 0da5 4FAD64D2 		.ascii	"O\255d\322\311\326cR\235]\001\375\351Yn\251}y\213u\263"
 364      C9D66352 
 364      9D5D01FD 
 364      E9596EA9 
 364      7D798B75 
 365 0dba BC714B57 		.ascii	"\274qKW:/V\363\271\225aq\226U\320X\325\305\252\377\207"
 365      3A2F56F3 
 365      B9956171 
 365      9655D058 
 365      D5C5AAFF 
 366 0dcf E7C8EB54 		.ascii	"\347\310\353T\222\012\257\344\000\217\245k\015l\231"
 366      920AAFE4 
 366      008FA56B 
 366      0D6C99
 367 0dde 877BE2F6 		.ascii	"\207{\342\366\371\342\003\354\361VNcb\263'>\302\210"
 367      F9E203EC 
 367      F1564E63 
 367      62B3273E 
 367      C288
 368 0df0 C2D49818 		.ascii	"\302\324\230\030\214\3171\".v\037\314\021\244V\334\353"
 368      8CCF3122 
 368      2E761FCC 
 368      11A456DC 
 368      EB
 369 0e01 0FF0F8F6 		.ascii	"\017\360\370\366\311\242}p\026]h\316\223\342\343H\362"
 369      C9A27D70 
 369      165D68CE 
 369      93E2E348 
 369      F2
 370 0e12 9887321E 		.ascii	"\230\2072\036\321\344\251\200\024+\307\030U\252\333"
 370      D1E4A980 
 370      142BC718 
 370      55AADB
 371 0e21 A2BE7694 		.ascii	"\242\276v\224\361\001\244`UA\002\237\307\312\265\243"
 371      F101A460 
 371      5541029F 
 371      C7CAB5A3 
 372 0e31 ED09B3BC 		.ascii	"\355\011\263\274\022\273\036\030z\222^\236\320\342\032"
 372      12BB1E18 
 372      7A925E9E 
 372      D0E21A
 373 0e40 0A5E28AF 		.ascii	"\012^(\257\335z\303\013\231\027\332=\362\031[S.\202"
 373      DD7AC30B 
 373      9917DA3D 
 373      F2195B53 
 373      2E82
 374 0e52 DC0BD8E1 		.ascii	"\334\013\330\341\222J\352\022u\030\325\240Z\015\006"
 374      924AEA12 
ARM GAS  /var/folders/qd/4mxf5pkd0zdf0b9dd1hp39180000gn/T//cclCTOY5.s 			page 30


 374      7518D5A0 
 374      5A0D06
 375 0e61 796190F1 		.ascii	"ya\220\361(\311\033_gn\332\177a\254\312\210;\030Q\333"
 375      28C91B5F 
 375      676EDA7F 
 375      61ACCA88 
 375      3B1851DB 
 376 0e75 DCBA5787 		.ascii	"\334\272W\207\2373\342L\303\301&=y^\022\367V\357\302"
 376      9F33E24C 
 376      C3C1263D 
 376      795E12F7 
 376      56EFC2
 377 0e88 D3B1FE4C 		.ascii	"\323\261\376Ly\334\005\204\002\350\233h\2073\007xm\276"
 377      79DC0584 
 377      02E89B68 
 377      87330778 
 377      6DBE
 378 0e9a 8C211701 		.ascii	"\214!\027\001{\275\273 U\337\032^\342C\210\035\215`"
 378      7BBDBB20 
 378      55DF1A5E 
 378      E243881D 
 378      8D60
 379 0eac 4713D4FF 		.ascii	"G\023\324\377\006hW\240\3259\255pc\367x\300\332\337"
 379      066857A0 
 379      D539AD70 
 379      63F778C0 
 379      DADF
 380 0ebe 16D7BB09 		.ascii	"\026\327\273\011X\376\202\367\036\233\211z\265\332^"
 380      58FE82F7 
 380      1E9B897A 
 380      B5DA5E
 381 0ecd 3BE0F28A 		.ascii	";\340\362\212V\005\265\"W\372\225\252[TU/\347\247\332"
 381      5605B522 
 381      57FA95AA 
 381      5B54552F 
 381      E7A7DA
 382 0ee0 ED0DA706 		.ascii	"\355\015\247\006\015\370\025\233\346\335\203O3\264h"
 382      0DF8159B 
 382      E6DD834F 
 382      33B468
 383 0eef A159DDF4 		.ascii	"\241Y\335\364V0\367M\246\363\000\251\3758&\231\004H"
 383      5630F74D 
 383      A6F300A9 
 383      FD382699 
 383      0448
 384 0f01 0BB037CB 		.ascii	"\013\2607\313\001Ro\317\231\263\025C+\330\323\030\177"
 384      01526FCF 
 384      99B31543 
 384      2BD8D318 
 384      7F
 385 0f12 F252A7F3 		.ascii	"\362R\247\363y\025\377\315J7yd\\\330\2745\333\033o\363"
 385      7915FFCD 
 385      4A377964 
 385      5CD8BC35 
 385      DB1B6FF3 
 386 0f26 A2D3BE7D 		.ascii	"\242\323\276}\366\362E\003\316`DE\325\350y-\316a\304"
 386      F6F24503 
ARM GAS  /var/folders/qd/4mxf5pkd0zdf0b9dd1hp39180000gn/T//cclCTOY5.s 			page 31


 386      CE604445 
 386      D5E8792D 
 386      CE61C4
 387 0f39 EECAC2CB 		.ascii	"\356\312\302\313\030\037b\304p\336\276\001\001\037g"
 387      181F62C4 
 387      70DEBE01 
 387      011F67
 388 0f48 445A7CCE 		.ascii	"DZ|\316C_|\206\021\307\322b\266\013\270\202\021\307"
 388      435F7C86 
 388      11C7D262 
 388      B60BB882 
 388      11C7
 389 0f5a 637B2F19 		.ascii	"c{/\031p#%<2S\312\212L\364\251\217\031\202\304\261\027"
 389      7023253C 
 389      3253CA8A 
 389      4CF4A98F 
 389      1982C4B1 
 390 0f6f 1A1C89A7 		.ascii	"\032\034\211\247\021BV\344\333\000\276G}E\346\373\300"
 390      114256E4 
 390      DB00BE47 
 390      7D45E6FB 
 390      C0
 391 0f80 AF599D21 		.ascii	"\257Y\235!5\257\2153\277\246\346u=VT\261\016W\376y\365"
 391      35AF8D33 
 391      BFA6E675 
 391      3D5654B1 
 391      0E57FE79 
 392 0f95 BAFA1BB9 		.ascii	"\272\372\033\271\212\335p\345V\326k"
 392      8ADD70E5 
 392      56D66B
 393 0fa0 BE131C64 		.ascii	"\276\023\034d1\324\243\026C\263\203\012\3257\325\205"
 393      31D4A316 
 393      43B3830A 
 393      D537D585 
 394 0fb0 CD3F825C 		.ascii	"\315?\202\\\303\376\350*\006\206v>\202\314\376=\230"
 394      C3FEE82A 
 394      0686763E 
 394      82CCFE3D 
 394      98
 395 0fc1 FD3B30EB 		.ascii	"\375;0\353\275\320\356B\353\206\326\005\255\323)\001"
 395      BDD0EE42 
 395      EB86D605 
 395      ADD32901 
 396 0fd1 DA061567 		.ascii	"\332\006\025g\313[\352\276\261\207a\337\360\316GZ|\223"
 396      CB5BEABE 
 396      B18761DF 
 396      F0CE475A 
 396      7C93
 397 0fe3 CE8BD090 		.ascii	"\316\213\320\220\333x\310\250\2506?\356\241\357\005"
 397      DB78C8A8 
 397      A8363FEE 
 397      A1EF05
 398 0ff2 1EC0F0FB 		.ascii	"\036\300\360\373r0\365\310\325f\036\330>\000"
 398      7230F5C8 
 398      D5661ED8 
 398      3E00
 399 1000 F8B66041 		.ascii	"\370\266`A{\353\213\374$=\356e!\022\337\032\363S\374"
ARM GAS  /var/folders/qd/4mxf5pkd0zdf0b9dd1hp39180000gn/T//cclCTOY5.s 			page 32


 399      7BEB8BFC 
 399      243DEE65 
 399      2112DF1A 
 399      F353FC
 400 1013 847D7FF8 		.ascii	"\204}\177\37007\235\277Z}\017\310\266\212\235\245\202"
 400      30379DBF 
 400      5A7D0FC8 
 400      B68A9DA5 
 400      82
 401 1024 517E6543 		.ascii	"Q~eC\372\345\022\376\010\223g\266\201\376h\000\323G"
 401      FAE512FE 
 401      089367B6 
 401      81FE6800 
 401      D347
 402 1036 B643FB9B 		.ascii	"\266C\373\233O\221\307\350f#\372\223\342E\210\231\225"
 402      4F91C7E8 
 402      6623FA93 
 402      E2458899 
 402      95
 403 1047 B3ECB4DE 		.ascii	"\263\354\264\336]\236x\232Y\274\373e\321\264\343\315"
 403      5D9E789A 
 403      59BCFB65 
 403      D1B4E3CD 
 404 1057 6C619CF4 		.ascii	"la\234\364g1\313\025G\263\247`\201\231\227\267\307`"
 404      6731CB15 
 404      47B3A760 
 404      819997B7 
 404      C760
 405 1069 E220967F 		.ascii	"\342 \226\177\263\364\243=\3647KCP\315\236\310\2761"
 405      B3F4A33D 
 405      F4374B43 
 405      50CD9EC8 
 405      BE31
 406 107b F3A7E99B 		.ascii	"\363\247\351\233\342\017\245x\341\004\023U\222\236\322"
 406      E20FA578 
 406      E1041355 
 406      929ED2
 407 108a 7BC7A07C 		.ascii	"{\307\240|\343w\231n\334\236\303\320ay\350\020v<D\237"
 407      E377996E 
 407      DC9EC3D0 
 407      6179E810 
 407      763C449F 
 408 109e 07E4990A 		.ascii	"\007\344\231\012\020\362\370\370\304\235\032-NaZ^&\015"
 408      10F2F8F8 
 408      C49D1A2D 
 408      4E615A5E 
 408      260D
 409 10b0 E5B837E5 		.ascii	"\345\2707\345\205[S\3063t\235\0277\223\347\306\243\000"
 409      855B53C6 
 409      33749D17 
 409      3793E7C6 
 409      A300
 410 10c2 684406F4 		.ascii	"hD\006\364\034sc\036\367'=1\370\245\362\011\377\371"
 410      1C73631E 
 410      F7273D31 
 410      F8A5F209 
 410      FFF9
ARM GAS  /var/folders/qd/4mxf5pkd0zdf0b9dd1hp39180000gn/T//cclCTOY5.s 			page 33


 411 10d4 62CAF802 		.ascii	"b\312\370\002\334?J\335\377\022\373\331'\001\270\015"
 411      DC3F4ADD 
 411      FF12FBD9 
 411      2701B80D 
 412 10e4 67E2674A 		.ascii	"g\342gJ\215\210?\317\265\347\266y\222\3476)L5\240c\012"
 412      8D883FCF 
 412      B5E7B679 
 412      92E73629 
 412      4C35A063 
 413 10f9 AE8E02E7 		.ascii	"\256\216\002\347\262\275\"\357I\376\207\235\362\310"
 413      B2BD22EF 
 413      49FE879D 
 413      F2C8
 414 1107 DA3F8118 		.ascii	"\332?\201\030\273\343\011\315\2743a\327+=\260\303\016"
 414      BBE309CD 
 414      BC3361D7 
 414      2B3DB0C3 
 414      0E
 415 1118 12A0A087 		.ascii	"\022\240\240\207\\\272\035 \032qe\037\233\344\371A\226"
 415      5CBA1D20 
 415      1A71651F 
 415      9BE4F941 
 415      96
 416 1129 D1739CDD 		.ascii	"\321s\234\335\221\037Y\256\247B\032\344\213\301\037"
 416      911F59AE 
 416      A7421AE4 
 416      8BC11F
 417 1138 C0F18C70 		.ascii	"\300\361\214p\364\363!$\310\247\301\257\257 \250\307"
 417      F4F32124 
 417      C8A7C1AF 
 417      AF20A8C7 
 418 1148 A04D421B 		.ascii	"\240MB\033\2076\341\274\322O\260\33205\2576\020(\023"
 418      8736E1BC 
 418      D24FB0DA 
 418      3035AF36 
 418      102813
 419 115b 7EDB2502 		.ascii	"~\333%\002\205\344\330u.\327\221MN\013F\305\306\370"
 419      85E4D875 
 419      2ED7914D 
 419      4E0B46C5 
 419      C6F8
 420 116d 316F9CC9 		.ascii	"1o\234\311&;\265~g\037vZ0\224\000\347\000\324\333\003"
 420      263BB57E 
 420      671F765A 
 420      309400E7 
 420      00D4DB03 
 421 1181 1C4FF869 		.ascii	"\034O\370i.\315\363Y\0302#\317\377\224}\321\350\273"
 421      2ECDF359 
 421      183223CF 
 421      FF947DD1 
 421      E8BB
 422 1193 9838E6FB 		.ascii	"\2308\346\373a\276\324\315\312tR\\\243$\345\232(\373"
 422      61BED4CD 
 422      CA74525C 
 422      A324E59A 
 422      28FB
 423 11a5 30FB5182 		.ascii	"0\373Q\202C\265\206\364\300_I\373!y\003_r\245EP>\271"
ARM GAS  /var/folders/qd/4mxf5pkd0zdf0b9dd1hp39180000gn/T//cclCTOY5.s 			page 34


 423      43B586F4 
 423      C05F49FB 
 423      2179035F 
 423      72A54550 
 424 11bb 9D753AEF 		.ascii	"\235u:\357\305h\351\326\213\\\311\357\010r\032+=\225"
 424      C568E9D6 
 424      8B5CC9EF 
 424      08721A2B 
 424      3D95
 425 11cd CC2D4ECC 		.ascii	"\314-N\314\261\2349\2262\227I\333\372\265\370\000u\006"
 425      B19C3996 
 425      329749DB 
 425      FAB5F800 
 425      7506
 426 11df BAD51E5F 		.ascii	"\272\325\036_\312_\302z\221\307\300=;*\371[\264\333"
 426      CA5FC27A 
 426      91C7C03D 
 426      3B2AF95B 
 426      B4DB
 427 11f1 E4766ED3 		.ascii	"\344vn\323\350N#.b\2743\317Zgxa1\222\367\267u\011{\221"
 427      E84E232E 
 427      62BC33CF 
 427      5A677861 
 427      3192F7B7 
 428 1209 DBC292A8 		.ascii	"\333\302\222\250\345\205e\223\226\346\333\371\306k\355"
 428      E5856593 
 428      96E6DBF9 
 428      C66BED
 429 1218 3E722220 		.ascii	">r\" \372Vj\243\326\037\305k\011{\222\326\317>\210p"
 429      FA566AA3 
 429      D61FC56B 
 429      097B92D6 
 429      CF3E8870 
 430 122c DFE8DAB2 		.ascii	"\337\350\332\262J\311|\343u\314M\007\237\344\"\360q"
 430      4AC97CE3 
 430      75CC4D07 
 430      9FE422F0 
 430      71
 431 123d 6B15FD1D 		.ascii	"k\025\375\035R\323\375x)&\001\242f\263\326\017%h1\371"
 431      52D3FD78 
 431      292601A2 
 431      66B3D60F 
 431      256831F9 
 432 1251 958E6270 		.ascii	"\225\216bp\034\364\374\267\240A\311\324\315\205\335"
 432      1CF4FCB7 
 432      A041C9D4 
 432      CD85DD
 433 1260 B77F882B 		.ascii	"\267\177\210+\230}\371\203\245\027\371\357[\310\317"
 433      987DF983 
 433      A517F9EF 
 433      5BC8CF
 434 126f 5DEEE6A5 		.ascii	"]\356\346\245\357\347?\177\031 \267\373\317\245\327"
 434      EFE73F7F 
 434      1920B7FB 
 434      CFA5D7
 435 127e 18DDDA9B 		.ascii	"\030\335\332\233b\267\367({\367%I\255\303:W{\267\002"
 435      62B7F728 
ARM GAS  /var/folders/qd/4mxf5pkd0zdf0b9dd1hp39180000gn/T//cclCTOY5.s 			page 35


 435      7BF72549 
 435      ADC33A57 
 435      7BB702
 436 1291 8AEF288A 		.ascii	"\212\357(\212TjB\212\335\204\271]\331\317\015\256\006"
 436      546A428A 
 436      DD84B95D 
 436      D9CF0DAE 
 436      06
 437 12a2 BBE5CEAD 		.ascii	"\273\345\316\255\310/2q\203{\227\306\344T\305\274\217"
 437      C82F3271 
 437      837B97C6 
 437      E454C5BC 
 437      8F
 438 12b3 D2B8B14F 		.ascii	"\322\270\261O\301Xy\340\026n\3546\355\207\032\303:\321"
 438      C15879E0 
 438      166EEC36 
 438      ED871AC3 
 438      3AD1
 439 12c5 F2557478 		.ascii	"\362Utx\360\273K\227\006\262\377\021Q\201610\312\026"
 439      F0BB4B97 
 439      06B2FF11 
 439      51813631 
 439      30CA16
 440 12d8 1C18BC76 		.ascii	"\034\030\274v\235\2704\330\343\227\277\371\367\367W"
 440      9DB834D8 
 440      E397BFF9 
 440      F7F757
 441 12e7 2D5FAEF1 		.ascii	"-_\256\361X'\022N\213\030\340\302\033\022\036\034\032"
 441      5827124E 
 441      8B18E0C2 
 441      1B121E1C 
 441      1A
 442 12f8 BDDA0AFC 		.ascii	"\275\332\012\374Q\337F\211\337FZ\243\226\256%\334\226"
 442      51DF4689 
 442      DF465AA3 
 442      96AE25DC 
 442      96
 443 1309 D5D65031 		.ascii	"\325\326P1\310h\261D\207\204\213\037\257\260\210\333"
 443      C868B144 
 443      87848B1F 
 443      AFB088DB 
 444 1319 50E02F22 		.ascii	"P\340/\"#CC\202\203\304\220\210\360\250\300\177\010"
 444      23434382 
 444      83C49088 
 444      F0A8C07F 
 444      08
 445 132a 0E0D898C 		.ascii	"\016\015\211\214\262Z\254K\"\243\203\277Y\2614(22pU"
 445      B25AAC4B 
 445      22A383BF 
 445      59B13428 
 445      32327055 
 446 133e 44B8680D 		.ascii	"D\270h\015\027\347\335\014\374]DDhT\340\232\340\340"
 446      17E7DD0C 
 446      FC5D4444 
 446      6854E09A 
 446      E0E0
 447 1350 2541B6B0 		.ascii	"%A\266\260%\341\021\341\326%\326\240/C\226|\276d\305"
ARM GAS  /var/folders/qd/4mxf5pkd0zdf0b9dd1hp39180000gn/T//cclCTOY5.s 			page 36


 447      25E111E1 
 447      D625D6A0 
 447      2F43967C 
 447      BE64C5
 448 1363 B2E59F2F 		.ascii	"\262\345\237/\371\343'K\302\202\276\216\260\005:\335"
 448      F9E3274B 
 448      C282BE8E 
 448      B0053ADD 
 449 1373 75600B0B 		.ascii	"u`\013\013\012^\033\022n\015\004L_\005E\207\212\026"
 449      0A5E1B12 
 449      6E0D044C 
 449      5F054587 
 449      8A16
 450 1385 074E3BB8 		.ascii	"\007N;\270M\377\177\340\300m\201\226(q5 \001D\236\304"
 450      4DFF7FE0 
 450      C06D8196 
 450      28713520 
 450      01449EC4 
 451 1399 8B216156 		.ascii	"\213!aV\213H&'\322f]G\256\341\326\015\342\202\340\265"
 451      8B482627 
 451      D2665D47 
 451      AEE1D60D 
 451      E282E0B5 
 452 13ad 96752136 		.ascii	"\226u!61:(\324B8lz\302\020d\363u\352\264\210\357\273"
 452      313A28D4 
 452      42386C7A 
 452      C21064F3 
 452      75EAB488 
 453 13c3 9FA0E0B5 		.ascii	"\237\240\340\265\253\211\321\026\030\030\022\036\"\276"
 453      AB89D116 
 453      1818121E 
 453      22BE
 454 13d1 E776DA35 		.ascii	"\347v\3325\306\340\265\377\361\273\277\217\3707\253"
 454      C6E0B5FF 
 454      F1BBBF8F 
 454      F837AB
 455 13e0 F84F26F6 		.ascii	"\370O&\366\365\267\326( \204\340\265\306\260 \200\272"
 455      F5B7D628 
 455      2084E0B5 
 455      C6B02080 
 455      BA
 456 13f1 D6660D5A 		.ascii	"\326f\015Zm\214\264\300%4\322\026\022a\020\311_\213"
 456      6D8CB4C0 
 456      2534D216 
 456      126110C9 
 456      5F8B
 457 1403 F8898BCC 		.ascii	"\370\211\213\314\310\010\033x\354\027\277\375b\325\027"
 457      C8081B78 
 457      EC17BFFD 
 457      62D517
 458 1412 1B028323 		.ascii	"\033\002\203#\302\"CB\255\266\250\300_\256Z\005\252"
 458      C2224342 
 458      ADB6A8C0 
 458      5FAE5A05 
 458      AA
 459 1423 ECD3E019 		.ascii	"\354\323\340\031i\011\0237\204\206D\211\3720j\253!\314"
 459      69091337 
ARM GAS  /var/folders/qd/4mxf5pkd0zdf0b9dd1hp39180000gn/T//cclCTOY5.s 			page 37


 459      84864489 
 459      FA306AAB 
 459      21CC
 460 1435 12B13EDC 		.ascii	"\022\261>\334j\203\353\037\243\255\321V}\244\303\005"
 460      6A83EB1F 
 460      A3ADD156 
 460      7DA4C305 
 461 1445 4C7394A3 		.ascii	"Ls\224\243\237\270\310\327\251\023\\\027\026-Z7XD\017"
 461      9FB8C8D7 
 461      A9135C17 
 461      162D5A37 
 461      58440F
 462 1458 E0A75F01 		.ascii	"\340\247_\001\2505\322\032\016>^\343e]\007\223\030\026"
 462      A835D21A 
 462      0E3E5EE3 
 462      655D0793 
 462      1816
 463 146a 14F58D45 		.ascii	"\024\365\215E\324\201\336\2505\236\026\013\217\002\003"
 463      D481DEA8 
 463      359E160B 
 463      8F0203
 464 1479 BFEAA0D7 		.ascii	"\277\352\240\327\"\032\351]*\022\000\256\017\012\021"
 464      221AE95D 
 464      2A1200AE 
 464      0F0A11
 465 1488 61B8AF02 		.ascii	"a\270\257\002\002\001\354\243$,\"\216\264D\353\255\353"
 465      0201ECA3 
 465      242C228E 
 465      B444EBAD 
 465      EB
 466 1499 8978FD7A 		.ascii	"\211x\375z\021\214\212\204K\2245,R\027e\011\016\027"
 466      118C8A84 
 466      4B94352C 
 466      52176509 
 466      0E17
 467 14ab 75D0400D 		.ascii	"u\320@\015\007\012\236\265\300\275\240\310\265\0216"
 467      070A9EB5 
 467      C0BDA0C8 
 467      B51136
 468 14ba AB6EBD28 		.ascii	"\253n\275(\332\"\375\2308p\353WV\2335<\030\214\001\001"
 468      DA22FD98 
 468      3870EB57 
 468      569B353C 
 468      188C0101 
 469 14ce 115F7E1D 		.ascii	"\021_~\035\351a\335\020\"\006G\254\266\352m\253\277"
 469      E961DD10 
 469      220647AC 
 469      B6EA6DAB 
 469      BF
 470 14df 25A8A9E9 		.ascii	"%\250\251\351 Y\364d9\266\022\004\363\253\247\030\005"
 470      2059F464 
 470      39B61204 
 470      F3ABA718 
 470      05
 471 14f0 A16C8D82 		.ascii	"\241l\215\202\301d\206\276\2122\210\344/0DZ\276\012"
 471      C16486BE 
 471      8A3288E4 
ARM GAS  /var/folders/qd/4mxf5pkd0zdf0b9dd1hp39180000gn/T//cclCTOY5.s 			page 38


 471      2F30445A 
 471      BE0A
 472 1502 0D5A0374 		.ascii	"\015Z\003t\030H\242t\224\030$Z=Dz\241\374\341AaVm\360"
 472      1848A274 
 472      9418245A 
 472      3D447AA1 
 472      FCE14161 
 473 1519 DA201BDC 		.ascii	"\332 \033\334\214\010]m%\327p\353z\253\015\274\025,"
 473      8C085D6D 
 473      25D770EB 
 473      7AAB0DBC 
 473      152C
 474 152b 6EC0B6E5 		.ascii	"n\300\266\345\037\013\2416\017\233u\015\304\263E\374"
 474      1F0BA136 
 474      0F9B750D 
 474      C4B345FC 
 475 153b F0B513BE 		.ascii	"\360\265\023\2766\030L\203\031\026l\237\013\266\317"
 475      36184C83 
 475      19166C9F 
 475      0BB6CF
 476 154a 04DBA782 		.ascii	"\004\333\247\202\355\023\220\260\034\3322\301\366\023"
 476      ED1390B0 
 476      1CDA32C1 
 476      F613
 477 1558 C1B6D28B 		.ascii	"\301\266\322\213\014 \023\000\262\377\362\315\262,\353"
 477      0C201300 
 477      B2FFF2CD 
 477      B22CEB
 478 1567 3E0B0379 		.ascii	">\013\003y\206`\222\214\033D\032\000!\021\236\216Y\001"
 478      8660928C 
 478      1B441A00 
 478      21119E8E 
 478      5901
 479 1579 B0619190 		.ascii	"\260a\221\220\217\036\334\221\342\017\335\246\003\314"
 479      8F1EDC91 
 479      E20FDDA6 
 479      03CC
 480 1587 0E48727F 		.ascii	"\016Hr\177\037\246\006\356\343\325_\322I'yi\015\203"
 480      1FA606EE 
 480      E3D55FD2 
 480      49277969 
 480      0D83
 481 1599 0AF26534 		.ascii	"\012\362e4\370>(<$\230D\207\217\262\033\334\267N$q\360"
 481      F83E283C 
 481      24984487 
 481      8FB21BDC 
 481      B74E2471 
 482 15ae 8E6BAAB2 		.ascii	"\216k\252\262\3600B\336\361\364\376\201\312m\210;\033"
 482      F03042DE 
 482      F1F4FE81 
 482      CA6D883B 
 482      1B
 483 15bf B91A6CDC 		.ascii	"\271\032l\334\3576\356w\033\361\273\336F-\205N\032;"
 483      EF36EE77 
 483      1BF1BBDE 
 483      462D854E 
 483      1A3B
ARM GAS  /var/folders/qd/4mxf5pkd0zdf0b9dd1hp39180000gn/T//cclCTOY5.s 			page 39


 484 15d1 DEA08218 		.ascii	"\336\240\202\030\370-\035\352\011,\3216\010\030\321"
 484      F82D1DEA 
 484      092CD136 
 484      0818D1
 485 15e0 2477421C 		.ascii	"$wB\0348p\373\204\254\016\265r\027A(\363\262\374\331"
 485      3870FB84 
 485      AC0EB572 
 485      174128F3 
 485      B2FCD9
 486 15f3 279023F6 		.ascii	"'\220#\366/\306(\361\233\240\320\2205\341\026\321K\266"
 486      2FC628F1 
 486      9BA0D090 
 486      35E116D1 
 486      4BB6
 487 1605 57F4B6D0 		.ascii	"W\364\266\320%\302bY\372\351\247\237|\352a\247\224\335"
 487      25C26259 
 487      FAE9A79F 
 487      7CEA61A7 
 487      94DD
 488 1617 9FAEF85F 		.ascii	"\237\256\370_\341E\234\266"
 488      E1459CB6 
 489              		.text
 490              		.section	.gnu.lto_.symtab.f897424d6d7ba102,"",%progbits
 491 0000 5F76745F 		.ascii	"_vt_init\000"
 491      696E6974 
 491      00
 492 0009 00       		.ascii	"\000"
 493 000a 00       		.ascii	"\000"
 494 000b 00       		.ascii	"\000"
 495 000c 00000000 		.ascii	"\000\000\000\000\000\000\000\000"
 495      00000000 
 496 0014 E3000000 		.ascii	"\343\000\000\000"
 497 0018 63685654 		.ascii	"chVTDoSetI\000"
 497      446F5365 
 497      744900
 498 0023 00       		.ascii	"\000"
 499 0024 00       		.ascii	"\000"
 500 0025 00       		.ascii	"\000"
 501 0026 00000000 		.ascii	"\000\000\000\000\000\000\000\000"
 501      00000000 
 502 002e EA000000 		.ascii	"\352\000\000\000"
 503 0032 63685654 		.ascii	"chVTDoResetI\000"
 503      446F5265 
 503      73657449 
 503      00
 504 003f 00       		.ascii	"\000"
 505 0040 00       		.ascii	"\000"
 506 0041 00       		.ascii	"\000"
 507 0042 00000000 		.ascii	"\000\000\000\000\000\000\000\000"
 507      00000000 
 508 004a EE000000 		.ascii	"\356\000\000\000"
 509 004e 636800   		.ascii	"ch\000"
 510 0051 00       		.ascii	"\000"
 511 0052 02       		.ascii	"\002"
 512 0053 00       		.ascii	"\000"
 513 0054 00000000 		.ascii	"\000\000\000\000\000\000\000\000"
 513      00000000 
ARM GAS  /var/folders/qd/4mxf5pkd0zdf0b9dd1hp39180000gn/T//cclCTOY5.s 			page 40


 514 005c 00020000 		.ascii	"\000\002\000\000"
 515              		.text
 516              		.section	.gnu.lto_.opts,"",%progbits
 517 0000 272D666D 		.ascii	"'-fmath-errno' '-fsigned-zeros' '-ftrapping-math' '"
 517      6174682D 
 517      6572726E 
 517      6F272027 
 517      2D667369 
 518 0033 2D666E6F 		.ascii	"-fno-trapv' '-fno-openmp' '-fno-openacc' '-mcpu=cor"
 518      2D747261 
 518      70762720 
 518      272D666E 
 518      6F2D6F70 
 519 0066 7465782D 		.ascii	"tex-m0' '-mno-thumb-interwork' '-mthumb' '-O2' '-fo"
 519      6D302720 
 519      272D6D6E 
 519      6F2D7468 
 519      756D622D 
 520 0099 6D69742D 		.ascii	"mit-frame-pointer' '-falign-functions=16' '-ffuncti"
 520      6672616D 
 520      652D706F 
 520      696E7465 
 520      72272027 
 521 00cc 6F6E2D73 		.ascii	"on-sections' '-fdata-sections' '-fno-common' '-flto"
 521      65637469 
 521      6F6E7327 
 521      20272D66 
 521      64617461 
 522 00ff 2700     		.ascii	"'\000"
 523              		.text
 524              		.comm	__gnu_lto_v1,1,1
 525              		.comm	__gnu_lto_slim,1,1
 526              		.ident	"GCC: (GNU Tools for Arm Embedded Processors 7-2017-q4-major) 7.2.1 20170904 (release) [ARM
ARM GAS  /var/folders/qd/4mxf5pkd0zdf0b9dd1hp39180000gn/T//cclCTOY5.s 			page 41


DEFINED SYMBOLS
                            *ABS*:0000000000000000 chvt.c
                            *COM*:0000000000000001 __gnu_lto_v1
                            *COM*:0000000000000001 __gnu_lto_slim

NO UNDEFINED SYMBOLS
