ARM GAS  /var/folders/qd/4mxf5pkd0zdf0b9dd1hp39180000gn/T//ccQul5lx.s 			page 1


   1              		.cpu cortex-m0
   2              		.eabi_attribute 20, 1
   3              		.eabi_attribute 21, 1
   4              		.eabi_attribute 23, 3
   5              		.eabi_attribute 24, 1
   6              		.eabi_attribute 25, 1
   7              		.eabi_attribute 26, 1
   8              		.eabi_attribute 30, 2
   9              		.eabi_attribute 34, 0
  10              		.eabi_attribute 18, 4
  11              		.file	"hal.c"
  12              		.section	.gnu.lto_.profile.320bd7dc899e3e8c,"",%progbits
  13 0000 789C6363 		.ascii	"x\234cc```\001bF\006{\016\000\000\376\000S"
  13      60606001 
  13      6246067B 
  13      0E0000FE 
  13      0053
  14              		.text
  15              		.section	.gnu.lto_.icf.320bd7dc899e3e8c,"",%progbits
  16 0000 789C6363 		.ascii	"x\234cc``\340`@\000F\206\246\377\027W\2600\000\000\016"
  16      6060E060 
  16      40004686 
  16      A6FF1757 
  16      B0300000 
  17 0015 9B030E   		.ascii	"\233\003\016"
  18              		.text
  19              		.section	.gnu.lto_.jmpfuncs.320bd7dc899e3e8c,"",%progbits
  20 0000 789C6363 		.ascii	"x\234cc``\360f@\000F(\315\3048\205\231\261\371\327\376"
  20      6060F066 
  20      40004628 
  20      CDC43885 
  20      99B1F9D7 
  21 0015 CF7CF57F 		.ascii	"\317|\365\177\033$\34603,`\006\311nf\254g`<\300\302"
  21      1B24E630 
  21      332C6006 
  21      C96E66AC 
  21      67603CC0 
  22 002a C800C47F 		.ascii	"\310\000\304\177\376\377\377\317\317\310\004T7\255\365"
  22      FEFFFFCF 
  22      CFC80454 
  22      37ADF5
  23 0039 D079F66E 		.ascii	"\320y\366nf\240*F\006\306-\2142 \314\300\000\000\007"
  23      66A02A46 
  23      06C62D8C 
  23      3220CCC0 
  23      000007
  24 004c 811468   		.ascii	"\201\024h"
  25              		.text
  26              		.section	.gnu.lto_.inline.320bd7dc899e3e8c,"",%progbits
  27 0000 789C6363 		.ascii	"x\234cc``0f@\000F\006\006.{F\006& \223m\201<\023X\210"
  27      60603066 
  27      40004606 
  27      062E7B46 
  27      06262093 
  28 001a 0B9360E2 		.ascii	"\013\223`\342\006)\0053\031\000?\237\001\223"
  28      06290533 
  28      19003F9F 
ARM GAS  /var/folders/qd/4mxf5pkd0zdf0b9dd1hp39180000gn/T//ccQul5lx.s 			page 2


  28      0193
  29              		.text
  30              		.section	.gnu.lto_.pureconst.320bd7dc899e3e8c,"",%progbits
  31 0000 789C6363 		.ascii	"x\234cc```\006bF\006\011\000\000}\000#"
  31      60606006 
  31      62460609 
  31      00007D00 
  31      23
  32              		.text
  33              		.section	.gnu.lto_halInit.320bd7dc899e3e8c,"",%progbits
  34 0000 789C7590 		.ascii	"x\234u\220\275J\003A\020\307\347\177\233\\\016\324`"
  34      BD4A0341 
  34      10C7E77F 
  34      9B5C0ED4 
  34      60
  35 0011 61A12685 		.ascii	"a\241&\205m\232\344=|\013Ic!\010\346\001n\343\031r\242"
  35      6D9AE43D 
  35      7C0B4963 
  35      2108E601 
  35      6EE31972 
  36 0026 85453C2D 		.ascii	"\205E<-\016YDQ+\221\250\361\374<\362\000\021m\355D\255"
  36      0E594451 
  36      2B91A8F1 
  36      FC3CF200 
  36      116DED44 
  37 003b E2078885 		.ascii	"\342\007\210\205\212\321\331\234H\212s\330awg~;\363"
  37      8AD1D99C 
  37      488A73D8 
  37      6177677E 
  37      3BF3
  38 004d DF3189A8 		.ascii	"\3371\211\250\005\242,\357\031v\010\202\261\324\"*["
  38      05A22CEF 
  38      19760882 
  38      B1D4222A 
  38      5B
  39 005e 06A00FD2 		.ascii	"\006\240\017\322\002\331\006l,\212\232@\263\372\020"
  39      02D9066C 
  39      2C8A9A40 
  39      B3FA10
  40 006d 18B92DC9 		.ascii	"\030\271-\311\026\256\274\214\310\355\020\276 \362\330"
  40      16AEBC8C 
  40      C8ED10BE 
  40      20F2D8
  41 007c B5A18E1C 		.ascii	"\265\241\216\0341v\273\327Y\0360\023Q\034\3730\211{"
  41      3176BBD7 
  41      591E3013 
  41      511CFB30 
  41      897B
  42 008e D0EE7532 		.ascii	"\320\356u2\224\235\357\252\014\357\326\321\030\267\210"
  42      949DEFAA 
  42      0CEFD6D1 
  42      18B788
  43 009d 5CCE7313 		.ascii	"\\\316s\023\031\322\2740\364\311\011\251\015G}f\272"
  43      19D2BC30 
  43      F4C909A9 
  43      0D477D66 
  43      BA
ARM GAS  /var/folders/qd/4mxf5pkd0zdf0b9dd1hp39180000gn/T//ccQul5lx.s 			page 3


  44 00ae 8FB85210 		.ascii	"\217\270R\020\264oR\366\227\264|\001Op\025\034\300&"
  44      B46F52F6 
  44      97B47C01 
  44      4F70151C 
  44      C026
  45 00c0 9FE936E6 		.ascii	"\237\3516\346\324f\177\014'<\316\022\016\231\343\204"
  45      D4667F0C 
  45      273CCE12 
  45      0E99E384 
  46 00d0 57695EA6 		.ascii	"Wi^\246\026\204/\022\320W\347\343\3425\315\3340\007"
  46      16842F12 
  46      D057E7E3 
  46      E235CDDC 
  46      3007
  47 00e2 9456C7B1 		.ascii	"\224V\307\261\367\253G\267Oa\255<\350\213$\216\370\257"
  47      F7AB47B7 
  47      4F61AD3C 
  47      E88B248E 
  47      F8AF
  48 00f4 0D64BB19 		.ascii	"\015d\273\031g\243^\001\323\253R\216\351\012\001\024"
  48      67A35E01 
  48      D3AB528E 
  48      E90A0114 
  49 0104 A2EF1CC3 		.ascii	"\242\357\034\303\366\205\331\025\373\026'\202\305ru"
  49      F685D915 
  49      FB162782 
  49      C57275
  50 0113 9CFC8975 		.ascii	"\234\374\211u\324N:\236K0w\332\313\015\305sI\346\316"
  50      D44E3A9E 
  50      4B3077DA 
  50      CB0DC573 
  50      49E6CE
  51 0126 7AB8FB7F 		.ascii	"z\270\373\1778\223\271\363_\356\011\263\352\271\026"
  51      3893B9F3 
  51      5FEE09B3 
  51      EAB916
  52 0135 69D6E6F2 		.ascii	"i\326\346\362\010y\314<\237\321|\276\020\255\351Rar"
  52      0879CC3C 
  52      9FD17CBE 
  52      10ADE952 
  52      6172
  53 0147 62AA509A 		.ascii	"b\252P\232)\352=_\244\037\233j\237\341"
  53      29EA3D5F 
  53      A41F9B6A 
  53      9FE1
  54              		.text
  55              		.section	.gnu.lto_.symbol_nodes.320bd7dc899e3e8c,"",%progbits
  56 0000 789C55C9 		.ascii	"x\234U\311\275\015\3020\024E\341s\355\330\254\221Q\310"
  56      BD0DC230 
  56      1445E173 
  56      EDD8AC91 
  56      51C8
  57 0012 64CF0503 		.ascii	"d\317\005\0030Dj\010\371i\250S3\003H\314\201x\270\302"
  57      30446A08 
  57      F969A853 
  57      330348CC 
  57      8178B8C2 
ARM GAS  /var/folders/qd/4mxf5pkd0zdf0b9dd1hp39180000gn/T//ccQul5lx.s 			page 4


  58 0026 C5D5279D 		.ascii	"\305\325'\235\233\201\331G\270\310\340\374\000\347^"
  58      9B81D947 
  58      B8C8E0FC 
  58      00E75E
  59 0035 064837D1 		.ascii	"\006H7\321\373\243M\246\372@)G\017\253,4a\221\305&\314"
  59      FBA34DA6 
  59      FA402947 
  59      0FAB2C34 
  59      6191C526 
  60 004a B2AE0993 		.ascii	"\262\256\011\223,5\341*\313\377!r`|~\024\311\354\325"
  60      2C35E12A 
  60      CBFF2172 
  60      607C7E14 
  60      C9ECD5
  61 005d C4BBDA71 		.ascii	"\304\273\332qz\375\214\214\325\300\356\362\005\227\362"
  61      7AFD8C8C 
  61      D5C0EEF2 
  61      0597F2
  62 006c 2CB6     		.ascii	",\266"
  63              		.text
  64              		.section	.gnu.lto_.refs.320bd7dc899e3e8c,"",%progbits
  65 0000 789C6363 		.ascii	"x\234cc```\003bF\006&F&\006\000\000\263\000\023"
  65      60606003 
  65      62460626 
  65      46260600 
  65      00B30013 
  66              		.text
  67              		.section	.gnu.lto_.decls.320bd7dc899e3e8c,"",%progbits
  68 0000 789CC556 		.ascii	"x\234\305VmPT\327\031\276\347\236eY\026\226u iI\207"
  68      6D5054D7 
  68      19BEE79E 
  68      65591696 
  68      75206949 
  69 0015 B6D6591B 		.ascii	"\266\326Y\033fZX$u\354\217L\033\007H\302\304DFm\177"
  69      665A5824 
  69      75EC8F4C 
  69      1B0748C2 
  69      C444466D 
  70 002a F4CF66B3 		.ascii	"\364\317f\263\254\262\311\302Rv\235I\332\037\275\272"
  70      ACB2C9C2 
  70      52769D49 
  70      DA1FBDBA 
  71 003a 0BA28222 		.ascii	"\013\242\202\"\022\\H\252\010NZ\374@\255&\212hY\371"
  71      125C48AA 
  71      084E5AFC 
  71      40AD268A 
  71      6859F9
  72 004d 92F0A5A2 		.ascii	"\222\360\245\242\2511Q\240\021\004\225\360\231\240|"
  72      A93151A0 
  72      110495F0 
  72      99A07C
  73 005c B97DCF39 		.ascii	"\271}\3179\367\356\335%\354\214\377zg\317\271\367\334"
  73      F7EEDD25 
  73      EC8CFF7A 
  73      67CFB9F7 
  73      DC
  74 006d F3BCCFFB 		.ascii	"\363\274\317\373\274\3579\347\335\253\3448\256P\303"
ARM GAS  /var/folders/qd/4mxf5pkd0zdf0b9dd1hp39180000gn/T//ccQul5lx.s 			page 5


  74      BCEF39E7 
  74      DDABE438 
  74      AE50C3
  75 007c 717FC41C 		.ascii	"q\177\304\034w\004\236\275p\361p\277\014\015qR\307q"
  75      77049EBD 
  75      70F170BF 
  75      0C0D7152 
  75      C771
  76 008e A1A4C173 		.ascii	"\241\244\301s\030\264ph\032hZh\321\320\236G\014\366"
  76      18B47068 
  76      1A685A68 
  76      D1D09E47 
  76      0CF6
  77 00a0 63112B5D 		.ascii	"c\021+]Z\236\331\275\015-\006\346\224\320^@\214\323"
  77      5A9ED9BD 
  77      0D2D06E6 
  77      94D05E40 
  77      8CD3
  78 00b2 0BB7A845 		.ascii	"\013\267\250E\334\317\213|Z\221?\\\364\267\024w)F\327"
  78      DCCF8B7C 
  78      5A913F5C 
  78      F4B71477 
  78      2946D7
  79 00c5 5DA73EC6 		.ascii	"]\247>\306\2731\212R#\005\014'\272*\356E\302\36095Z"
  79      BB318A52 
  79      23050C27 
  79      BA2AEE45 
  79      C2F03935 
  80 00da 0EC385F9 		.ascii	"\016\303\205\371\317\016j\331\354Y\004\343\341\205\301"
  80      CF0E6AD9 
  80      EC5904E3 
  80      E185C1
  81 00e9 490D9BAE 		.ascii	"I\015\233\256\014\207\361\315\351\275U*\314#\302T\375"
  81      0C87F1CD 
  81      E9BD552A 
  81      CC23C254 
  81      FD
  82 00fa 55555968 		.ascii	"UUYh\302q\201]\252\2279t\016a\311MA\327\320\224\022"
  82      C271815D 
  82      AA973974 
  82      0E61C94D 
  82      41D7D094 
  83 010f AFA4C011 		.ascii	"\257\244\300\021\367n\247V]@P\225N!\354u\306\036\213"
  83      F76EA756 
  83      5D405095 
  83      4E21EC75 
  83      C61E8B
  84 0122 CEA05890 		.ascii	"\316\240X\220y\001\251\241\327\263\241\237\242(\246"
  84      7901A9A1 
  84      D7B3A19F 
  84      A228A6
  85 0131 A876B8E1 		.ascii	"\250v\270\341c5S \3600n\352\366\236W\343_Q\342\236\361"
  85      63355320 
  85      F0306EEA 
  85      F69E57E3 
  85      5F51E29E 
  86 0146 CEBF8733 		.ascii	"\316\277\2073\3502\030\266\336\352\230T\340D:u\267\255"
ARM GAS  /var/folders/qd/4mxf5pkd0zdf0b9dd1hp39180000gn/T//ccQul5lx.s 			page 6


  86      E83218B6 
  86      DEEA9854 
  86      E0443A75 
  86      B7AD
  87 0158 E61809F3 		.ascii	"\346\030\011\363E5\"\213\243\205W'G\352f4\354\0255\336"
  87      4535228B 
  87      A3855727 
  87      47EA6634 
  87      EC1535DE 
  88 016c 3B792414 		.ascii	";y$\024\257&\317|\337\355\271;\221H\035\007\032\267"
  88      AF26CF7C 
  88      DFEDB93B 
  88      91481D07 
  88      1AB7
  89 017e 338D9C4F 		.ascii	"3\215\234O!jFq\304\346<J\340\320ex\351\201\227\237\220"
  89      216A4671 
  89      C4E63C4A 
  89      E0D06578 
  89      E981979F 
  90 0193 603C57DC 		.ascii	"`<W\334\277+\237\024\204\345\250\011\251Q#\302\024\003"
  90      BF2B9F14 
  90      84E5A809 
  90      A95123C2 
  90      1403
  91 01a5 C1BCA866 		.ascii	"\301\274\250fI\2509\262\257J\211o\"\352\243\376\243"
  91      49A839B2 
  91      AF4A896F 
  91      22EAA3FE 
  91      A3
  92 01b6 C1163E98 		.ascii	"\301\026>\230\217+A}\214\325\257h\315\023\004\036\265"
  92      8F2B417D 
  92      8CD5AF68 
  92      CD13041E 
  92      B5
  93 01c7 828F16D9 		.ascii	"\202\217\026\331G\023\022\235\270{N\247\222\344:\237"
  93      4713129D 
  93      B87B4EA7 
  93      92E43A9F 
  94 01d7 89140C2A 		.ascii	"\211\024\014*\352\277k\017aYS\301p\252\277\371\222\026"
  94      EABF6B0F 
  94      615953C1 
  94      70AABFF9 
  94      9216
  95 01e9 DF676BDA 		.ascii	"\337gk\332\367\017\327\366\020\374\210\015:\367\324"
  95      F70FD7F6 
  95      10FC880D 
  95      3AF7D4
  96 01f8 7686E271 		.ascii	"v\206\342q6\330\336~\300\033\206\277g\203Q\327`\277"
  96      36D8DE7E 
  96      C01B86BF 
  96      678351D7 
  96      60BF
  97 020a 98F81818 		.ascii	"\230\370\030\030\236\272\350\372V\334D\036\262k\234"
  97      9EBAE8FA 
  97      56DC441E 
  97      B26B9C
  98 0219 ADDBA634 		.ascii	"\255\333\2464x\226bUU\225O\027\264H\007W\264.NW%\270"
ARM GAS  /var/folders/qd/4mxf5pkd0zdf0b9dd1hp39180000gn/T//ccQul5lx.s 			page 7


  98      78966255 
  98      55954F17 
  98      B4480757 
  98      B42E4E57 
  99 022f 9C82C7DB 		.ascii	"\234\202\307\333\247k\353\031\026\204\222\010\324\006"
  99      A76BEB19 
  99      16849208 
  99      D406
 100 023d 61354058 		.ascii	"a5@X_\240hY\371\277\351\316X\005\035\307\014\032_\257"
 100      5FA06859 
 100      F9BFE9CE 
 100      58051DC7 
 100      0C1A5FAF 
 101 0251 103C2E4C 		.ascii	"\020<.L\321\355\213\321\237S\364Y$\303g\177/\303;\226"
 101      D1ED8BD1 
 101      9F53F459 
 101      24C3677F 
 101      2FC33B96 
 102 0265 86FB914F 		.ascii	"\206\373\221O\372\241;\027\243\3652\367>\262 \305\320"
 102      FAA13B17 
 102      A3F532F7 
 102      3EB220C5 
 102      D0
 103 0276 90824357 		.ascii	"\220\202CW\001\320M\231\010\034r\214nA\272\277D:t\023"
 103      01D04D99 
 103      081C728C 
 103      6E41BABF 
 103      443A7413 
 104 028a DA0D683D 		.ascii	"\332\015h=\320\256C\373\017\322\321S\301\234\365\370"
 104      D0AE43FB 
 104      0FD2D153 
 104      C19CF5F8 
 105 029a 45726DE9 		.ascii	"Erm\351\270\2317\266\374\275\015Q\333\300!\201q\342"
 105      B89937B6 
 105      FCBD0D51 
 105      DBC02181 
 105      71E2
 106 02ac D2CB5CA3 		.ascii	"\322\313\\\243\015QUN\241-\221\222u-\251\234\206\011"
 106      0D51554E 
 106      A12D9192 
 106      752DA99C 
 106      8609
 107 02be 4B72EFF1 		.ascii	"Kr\357\361\3209-\376\004\323\255\270\377~A\267\022\305"
 107      D0392DFE 
 107      04D3ADB8 
 107      FF7E41B7 
 107      12C5
 108 02d0 458B2EDA 		.ascii	"E\213.\332\224p|\321\327`{[\336_\304a\220\220\321W\020"
 108      94707CD1 
 108      D7607B5B 
 108      DE5FC461 
 108      9090D157 
 109 02e5 E9B3460D 		.ascii	"\351\263F\015\276\275\3355\327p\304.\337\276\247\256"
 109      BEBDDD35 
 109      D770C42E 
 109      DFBEA7AE 
 110 02f5 E4027007 		.ascii	"\344\002p\007E\210N\001{n\247{H\203\3170\235\017\033"
ARM GAS  /var/folders/qd/4mxf5pkd0zdf0b9dd1hp39180000gn/T//ccQul5lx.s 			page 8


 110      45884E01 
 110      7B6EA77B 
 110      4883CF30 
 110      9D0F1B
 111 0308 1FF5A950 		.ascii	"\037\365\251P\\\004\323\371x\354\327\356qr\332\372\300"
 111      5C04D3F9 
 111      78ECD7EE 
 111      7172DAFA 
 111      C0
 112 0319 E0AEAC14 		.ascii	"\340\256\254\024\354\341\026\204\036\365\202\276\000"
 112      ECE11684 
 112      1EF582BE 
 112      00
 113 0326 0F4F2E5E 		.ascii	"\017O.^\257\342\331\336\325\301\360\250gw\033\026+\034"
 113      AFE2D9DE 
 113      D5C1F0A8 
 113      67771B16 
 113      2B1C
 114 0338 A92FB7C6 		.ascii	"\251/\267\306\253F\325x\204\012@\373\217\324\326i\030"
 114      AB46D578 
 114      840A40FB 
 114      8FD4D669 
 114      18
 115 0349 F6E730EC 		.ascii	"\366\3470\354\272Q\273[\025\264\220\015H\205\354\036"
 115      BA51BB5B 
 115      15B4900D 
 115      4885EC1E 
 116 0359 3B6727F3 		.ascii	";g'\363\006jT`\034\013%\010\371\325\237XV\177\316z\246"
 116      066A5460 
 116      1C0B2508 
 116      F9D59F58 
 116      567FCE7A 
 117 036e 4E28F004 		.ascii	"N(\360\004\213\364\364\211\201wQ\234\232\005\332\344"
 117      8BF4F489 
 117      8177519C 
 117      9A05DAE4 
 118 037e 4EC8236B 		.ascii	"N\310#k\376\000VuH\2163\226\034xZ=\204j\001\307p\350"
 118      FE005675 
 118      488E3396 
 118      1C785A3D 
 118      846A01C7 
 119 0394 A5589408 		.ascii	"\245X\224\010\021\016C\204\261\3421\277\017j\006\231"
 119      110E4384 
 119      B1E231BF 
 119      0F6A0699 
 120 03a4 FB9A43FF 		.ascii	"\373\232C\377l\326\3409\306\337{b\254\033\373\034@M"
 120      6CD6E039 
 120      C6DF7B62 
 120      AC1BFB1C 
 120      404D
 121 03b6 39436BCA 		.ascii	"9Ck\312\010xx({x\200\202\270x\264\264\213\243]5\363"
 121      08787828 
 121      7B788082 
 121      B878B4B4 
 121      8BA35D35 
 122 03cb 0AEC5450 		.ascii	"\012\354TP\027w\274eSJ\237\013X\254\003\324\305\030"
 122      1777BC65 
ARM GAS  /var/folders/qd/4mxf5pkd0zdf0b9dd1hp39180000gn/T//ccQul5lx.s 			page 9


 122      534A9F0B 
 122      58AC03D4 
 122      C518
 123 03dd B8F85676 		.ascii	"\270\370Vv1\022\314\305\350\322.N\334\331\361ExT\261"
 123      3112CCC5 
 123      E8D22E4E 
 123      DCD9F145 
 123      7854B1
 124 03f0 B80D5F41 		.ascii	"\270\015_A\224\357\"\314\327\323\234\217\243()\363\200"
 124      94EF22CC 
 124      D7D39C8F 
 124      A32829F3 
 124      80
 125 0401 56CC0E1C 		.ascii	"V\314\016\034\372P\201\242u\272\270\200\215\373_\300"
 125      FA5081A2 
 125      75BAB880 
 125      8DFB5FC0 
 126 0411 F753FC84 		.ascii	"\367S\374\204\270k\277\003oS\260K'}g\223\210~\352^V"
 126      B86BBF03 
 126      6F53B04B 
 126      277D6793 
 126      887EEA5E 
 127 0426 2208EE44 		.ascii	"\"\010\356DB\213\276\001\321\004.9\363\257\004UD\277"
 127      428BBE01 
 127      D1042E39 
 127      F3AF0455 
 127      44BF
 128 0438 6732861D 		.ascii	"g2\206\035e\262\037/\211\350%N\037K\310\250\233\035"
 128      65B21F2F 
 128      89E8254E 
 128      1F4BC8A8 
 128      9B1D
 129 044a E489C083 		.ascii	"\344\211\300\203L\212\351\345\331\277\341B\226\304\216"
 129      4C8AE9E5 
 129      D9BFE142 
 129      96C48E
 130 0459 F37B6EF3 		.ascii	"\363{n\363(zi\371\3501\250\016\026\001\363\322ZN\317"
 130      287A69F9 
 130      E831A80E 
 130      1601F3D2 
 130      5A4ECF
 131 046c F23480BE 		.ascii	"\3624\200\276\227\223>A\3172\270\272z\251u\213\234L"
 131      97933E41 
 131      CF32B8BA 
 131      7AA9758B 
 131      9C4C
 132 047e 05C57D06 		.ascii	"\005\305}\006\354\237\322\344<\241\311\274 &\023_i\274"
 132      EC9FD2E4 
 132      3CA1C9BC 
 132      2026135F 
 132      69BC
 133 0490 FB252433 		.ascii	"\373%$3N\027 F\206\317\210JfA\311\\\200\212\336\012"
 133      4E172046 
 133      86CF884A 
 133      6641C95C 
 133      808ADE0A 
 134 04a4 16EBCCE2 		.ascii	"\026\353\314\342\242E\023QA\222\014E\013\334\241:\020"
ARM GAS  /var/folders/qd/4mxf5pkd0zdf0b9dd1hp39180000gn/T//ccQul5lx.s 			page 10


 134      A2451351 
 134      41920C45 
 134      0BDCA13A 
 134      10
 135 04b5 39E32722 		.ascii	"9\343'\"\260h]\236\031\311\323\342\003,5m\316\216\262"
 135      B0685D9E 
 135      19C9D3E2 
 135      032C356D 
 135      CE8EB2
 136 04c8 705FD19A 		.ascii	"p_\321\232\256\240\201>\005\333y9\320\231\037\026-\037"
 136      AEA0813E 
 136      05DB7939 
 136      D0991F16 
 136      2D1F
 137 04da F302C85C 		.ascii	"\363\002\310\\J2\371\327k\350-\213\210\026\315\012\202"
 137      4A32F9D7 
 137      6BE82D8B 
 137      8816CD0A 
 137      82
 138 04eb 9A71FE36 		.ascii	"\232q\3766\243u\365\203J\377\242\346\015(j\002\037A"
 138      A375F583 
 138      4AFFA2E6 
 138      0D286A02 
 138      1F41
 139 04fd BF03E10E 		.ascii	"\277\003\341\016\340\272\306\374\353\232>(Z\360m\207"
 139      E0BAC6FC 
 139      EB9A3E28 
 139      5AF06D87 
 140 050d 96510AC4 		.ascii	"\226Q\012\304\276\023\341\"\035\033{\245\013\261\367"
 140      BE13E122 
 140      1D1B7BA5 
 140      0BB1F7
 141 051c F0966737 		.ascii	"\360\226g7\021J\006\222\211\370\014=/r\360\022/\375"
 141      114A0692 
 141      89F80C3D 
 141      2F72F012 
 141      2FFD
 142 052e 8904C89F 		.ascii	"\211\004\310\237\225\3153w\322\305I\364L\226d\3071\312"
 142      95CD3377 
 142      D2C549F4 
 142      4C9664C7 
 142      31CA
 143 0540 40677E46 		.ascii	"@g~F\001Z9\337\264O\246\034$\0223v\341p\355\220\242"
 143      015A39DF 
 143      B44FA61C 
 143      24123376 
 143      E170ED90 
 144 0555 1F0A32C7 		.ascii	"\037\0122\307\275\312q\305\252,\372v\374\214\360\215"
 144      BDCA71C5 
 144      AA2CFA76 
 144      FC8CF08D 
 145 0565 1A1FA66B 		.ascii	"\032\037\246k\214Z\274\217=\342\347'\357\367}\367\034"
 145      8C5ABC8F 
 145      3DE2E727 
 145      EFF77DF7 
 145      1C
 146 0576 FBBE3B5E 		.ascii	"\373\276;^\350-\015\211)\243\313\344\024\226\361\350"
ARM GAS  /var/folders/qd/4mxf5pkd0zdf0b9dd1hp39180000gn/T//ccQul5lx.s 			page 11


 146      E82D0D89 
 146      29A3CBE4 
 146      1496F1E8 
 147 0586 ED1FA13C 		.ascii	"\355\037\241<>\026\271x\222\361|>\006\372l\005svz\241"
 147      3E16B978 
 147      92F17C3E 
 147      06FA6C05 
 147      73767AA1 
 148 059a C5C9AFA8 		.ascii	"\305\311\257\250\024*\373\005\317\325\"\374\2443_\270"
 148      142AFB05 
 148      CFD522FC 
 148      A4335FB8 
 149 05aa 0676AF50 		.ascii	"\006v\257P\034r\362\276-\003\217\320o\347\373\021\332"
 149      1C72F2BE 
 149      2D038FD0 
 149      6FE7FB11 
 149      DA
 150 05bb C6F781F2 		.ascii	"\306\367\201\362\035\374\012\260\337\361\257\321\276"
 150      1DFC0AB0 
 150      DFF1AFD1 
 150      BE
 151 05c8 10DCCC64 		.ascii	"\020\334\314d\025\016\324\177\252\005\262~\330x}\345"
 151      150ED47F 
 151      AA05B27E 
 151      D8787DE5 
 152 05d8 B8D6995F 		.ascii	"\270\326\231_$\034F\214\252@\246*\340\331\347/\332I"
 152      241C468C 
 152      AA40A62A 
 152      E0D9E72F 
 152      DA49
 153 05ea 293AEFDF 		.ascii	"):\357\337\375+~\300\030\216\265\354\332\246\020\031"
 153      FD2B7EC0 
 153      188EB5EC 
 153      DAA61019 
 154 05fa BE3E88BB 		.ascii	"\276>\210\273\317\012\256\020j\276K6\337%\231\357\246"
 154      CF0AAE10 
 154      6ABE4B36 
 154      DF2599EF 
 154      A6
 155 060b E657DBAB 		.ascii	"\346W\333\253\3475\370X\010\265\277QZ3\243\021\355o"
 155      E735F858 
 155      08B5BF51 
 155      5A33A311 
 155      ED6F
 156 061d D4E2EECF 		.ascii	"\324\342\356\317\363=\351\314\177\241LP(\021\024Q\202"
 156      F33DE9CC 
 156      7FA14C50 
 156      28111451 
 156      82
 157 062e EAE1D249 		.ascii	"\352\341\322I\036\337d\004\371\307J\272$\001\367\352"
 157      1EDF6404 
 157      F9C74ABA 
 157      2401F7EA 
 158 063e 71518B8F 		.ascii	"qQ\213\217`\217L\260G\"\330K\011\216\036/\037\014\303"
 158      608F4CB0 
 158      4722D84B 
 158      098E1E2F 
ARM GAS  /var/folders/qd/4mxf5pkd0zdf0b9dd1hp39180000gn/T//ccQul5lx.s 			page 12


 158      1F0CC3
 159 0651 738C60A2 		.ascii	"s\214`\242\247t_\244\202g[\232\244\231\344\245c|A\035"
 159      A7745FA4 
 159      82675B9A 
 159      A499E4A5 
 159      637C411D 
 160 0665 74414AE8 		.ascii	"tAJ\350\202\354\343\305\025\231\251\374h\022\213\012"
 160      82ECE3C5 
 160      1599A9FC 
 160      68128B0A 
 161 0675 A6C65E66 		.ascii	"\246\306^f)\000\014*\226\005\024K\002\366S\001\345\007"
 161      29000C2A 
 161      9605144B 
 161      02F65301 
 161      E507
 162 0687 F79EC278 		.ascii	"\367\236\302x\247\222}s6L=\220\"\230j\307Er\012Je\202"
 162      A7927D73 
 162      364C3D90 
 162      22986AC7 
 162      45720A4A 
 163 069d 5289E043 		.ascii	"R\211\340CJ\320\326T;\035\216\233\031\201\367\344\364"
 163      4AD0D654 
 163      3B1D8E9B 
 163      1981F7E4 
 163      F4
 164 06ae A3C895D5 		.ascii	"\243\310\225\325\3028\375{\322u\217\273\204\202(zl\313"
 164      C238FD7B 
 164      D2758FBB 
 164      8482287A 
 164      6CCB
 165 06c0 18815F6D 		.ascii	"\030\201_m+\243\273\342\000\277\022\354\016\315\317"
 165      2BA3BBE2 
 165      00BF12EC 
 165      0ECDCF
 166 06cf 9547FA9F 		.ascii	"\225G\372\237t\342S>\351n\361\244\273\351Iw9]\017C\375"
 166      74E2533E 
 166      E96EF1A4 
 166      BBE94977 
 166      395D0F43 
 167 06e4 C12501E0 		.ascii	"\301%\001\340r\021L\356/$$\350\331\317f\327g\032\255"
 167      72114CEE 
 167      2F2424E8 
 167      D9CF66D7 
 167      671AAD
 168 06f7 7A7BAE89 		.ascii	"z{\256\211\334\023L\252\327\336\372\303\362\344U\253"
 168      DC134CAA 
 168      D7DEFAC3 
 168      F2E455AB 
 169 0707 B8901C5B 		.ascii	"\270\220\034[\256\303\256 \275\"=%m\203\332`\330j\311"
 169      AEC3AE20 
 169      BD223D25 
 169      6D83DA60 
 169      D86AC9
 170 071a 76BC9464 		.ascii	"v\274\224dp\224 \375\332\234\034\253\305dtXl\331v}\252"
 170      709420FD 
 170      DA9C1CAB 
 170      C5647458 
ARM GAS  /var/folders/qd/4mxf5pkd0zdf0b9dd1hp39180000gn/T//ccQul5lx.s 			page 13


 170      6CD9767D 
 171 072f C96AC9B1 		.ascii	"\311j\311\261\233\015\346\370\234\255\246\367\222\022"
 171      9B0DE6F8 
 171      9CADA6F7 
 171      9212
 172 073d 8C3939FA 		.ascii	"\21499\372d[\266\303\234\355\370\301\244~\223\315f\265"
 172      645BB6C3 
 172      9CEDF8C1 
 172      A47E93CD 
 172      66B5
 173 074f EBB7984C 		.ascii	"\353\267\230L\361\306\334\254\370l[\2669\336l|\307\022"
 173      F1C6DCAC 
 173      F86C5BB6 
 173      39DE6C7C 
 173      C712
 174 0761 BF263E29 		.ascii	"\277&>)q\325\232\370?\377&>\313\370\256-W\0370\253\267"
 174      71D59AF8 
 174      3FFF263E 
 174      CBF8AE2D 
 174      571F30AB 
 175 0776 649BAC5B 		.ascii	"d\233\254[3\314\372,\243)\323\222m\326\0332\314\233"
 175      33CCFA2C 
 175      A329D392 
 175      6DD61B32 
 175      CC9B
 176 0788 8D5BAD0E 		.ascii	"\215[\255\016\203\343\203\034\263=!\223SI\342v\374\377"
 176      83E3831C 
 176      B33D2193 
 176      5349E276 
 176      FCFF
 177 079a C4D93FB0 		.ascii	"\304\331?\260\353\015vG\006(\001E\212\364M\3537(\322"
 177      EB0D7647 
 177      06280145 
 177      8AF44DEB 
 177      3728D2
 178 07ad 9349B791 		.ascii	"\223I\267\221t)\264K\331\360K\377\344\233\337w\350\223"
 178      7429B44B 
 178      D9F04BFF 
 178      E49BDF77 
 178      E893
 179 07bf DFDC98B6 		.ascii	"\337\334\230\266Q\377F\332[\251\233\340\376\2365i\365"
 179      51FF46DA 
 179      5BA99BE0 
 179      FE9E3569 
 179      F5
 180 07d0 5FC03EE2 		.ascii	"_\300>\342\265\364\264\365\206M\020_\212y\263\332b#"
 180      B5F4B4F5 
 180      864D105F 
 180      8A79B3DA 
 180      6223
 181 07e2 2B61C930 		.ascii	"+a\31108\342\027\257\035](\237\371\033\353\222\336\327"
 181      38E217AF 
 181      1D5D289F 
 181      F91BEB92 
 181      DED7
 182 07f4 E718AD06 		.ascii	"\347\030\255\006\2535\203\250\3101f\330\303\330\332"
 182      AB3583A8 
ARM GAS  /var/folders/qd/4mxf5pkd0zdf0b9dd1hp39180000gn/T//ccQul5lx.s 			page 14


 182      C83166D8 
 182      C3D8DA
 183 0803 FDD6E008 		.ascii	"\375\326\340\010\025\357*\213-\313\226a68\324\351`\015"
 183      15EF2A8B 
 183      2DCB9661 
 183      3638D4E9 
 183      600D
 184 0815 F9D86CD9 		.ascii	"\371\330l\331\022\226\276v\035{\012\005\332\264l\213"
 184      1296BE76 
 184      1D7B0A05 
 184      DAB46C8B 
 185 0825 E32741B7 		.ascii	"\343'A\267\011\247\264;\010\342\247\213\021\276\\\220"
 185      09A7B43B 
 185      08E2A78B 
 185      11BE5C90 
 186 0835 1484BD63 		.ascii	"\024\204\275c3\346f\020\334\232\3058:c\327\277\272!"
 186      33E66610 
 186      DC9AC538 
 186      3A63D7BF 
 186      BA21
 187 0847 357563F2 		.ascii	"5uc\362\332u\251\006\362\224\262\376M\003\350_\375'"
 187      DA75A906 
 187      F294B2FE 
 187      4D03E85F 
 187      FD27
 188 0859 360D0C4A 		.ascii	"6\015\014J;5\377EP7\346\\\013\350\311\344B!\221\004"
 188      3B35FF45 
 188      5037E65C 
 188      0BE8C9E4 
 188      42219104 
 189 086d F9B36048 		.ascii	"\371\263`H\230\007\230\306 \246\306`\001pD\246\337\340"
 189      980798C6 
 189      20A6C660 
 189      017044A6 
 189      DFE0
 190 087f 59F29AE9 		.ascii	"Y\362\232\351\313k\024\341\2216\241\211f\355\1773U\337"
 190      CB6B14E1 
 190      9136A189 
 190      66ED7F33 
 190      55DF
 191 0891 02       		.ascii	"\002"
 192              		.text
 193              		.section	.gnu.lto_.symtab.320bd7dc899e3e8c,"",%progbits
 194 0000 68616C49 		.ascii	"halInit\000"
 194      6E697400 
 195 0008 00       		.ascii	"\000"
 196 0009 00       		.ascii	"\000"
 197 000a 00       		.ascii	"\000"
 198 000b 00000000 		.ascii	"\000\000\000\000\000\000\000\000"
 198      00000000 
 199 0013 07010000 		.ascii	"\007\001\000\000"
 200 0017 70616C5F 		.ascii	"pal_default_config\000"
 200      64656661 
 200      756C745F 
 200      636F6E66 
 200      696700
 201 002a 00       		.ascii	"\000"
ARM GAS  /var/folders/qd/4mxf5pkd0zdf0b9dd1hp39180000gn/T//ccQul5lx.s 			page 15


 202 002b 02       		.ascii	"\002"
 203 002c 00       		.ascii	"\000"
 204 002d 00000000 		.ascii	"\000\000\000\000\000\000\000\000"
 204      00000000 
 205 0035 17010000 		.ascii	"\027\001\000\000"
 206 0039 7374496E 		.ascii	"stInit\000"
 206      697400
 207 0040 00       		.ascii	"\000"
 208 0041 02       		.ascii	"\002"
 209 0042 00       		.ascii	"\000"
 210 0043 00000000 		.ascii	"\000\000\000\000\000\000\000\000"
 210      00000000 
 211 004b 09010000 		.ascii	"\011\001\000\000"
 212 004f 626F6172 		.ascii	"boardInit\000"
 212      64496E69 
 212      7400
 213 0059 00       		.ascii	"\000"
 214 005a 02       		.ascii	"\002"
 215 005b 00       		.ascii	"\000"
 216 005c 00000000 		.ascii	"\000\000\000\000\000\000\000\000"
 216      00000000 
 217 0064 0B010000 		.ascii	"\013\001\000\000"
 218 0068 7364496E 		.ascii	"sdInit\000"
 218      697400
 219 006f 00       		.ascii	"\000"
 220 0070 02       		.ascii	"\002"
 221 0071 00       		.ascii	"\000"
 222 0072 00000000 		.ascii	"\000\000\000\000\000\000\000\000"
 222      00000000 
 223 007a 0D010000 		.ascii	"\015\001\000\000"
 224 007e 65787449 		.ascii	"extInit\000"
 224      6E697400 
 225 0086 00       		.ascii	"\000"
 226 0087 02       		.ascii	"\002"
 227 0088 00       		.ascii	"\000"
 228 0089 00000000 		.ascii	"\000\000\000\000\000\000\000\000"
 228      00000000 
 229 0091 0F010000 		.ascii	"\017\001\000\000"
 230 0095 5F70616C 		.ascii	"_pal_lld_init\000"
 230      5F6C6C64 
 230      5F696E69 
 230      7400
 231 00a3 00       		.ascii	"\000"
 232 00a4 02       		.ascii	"\002"
 233 00a5 00       		.ascii	"\000"
 234 00a6 00000000 		.ascii	"\000\000\000\000\000\000\000\000"
 234      00000000 
 235 00ae 13010000 		.ascii	"\023\001\000\000"
 236 00b2 68616C5F 		.ascii	"hal_lld_init\000"
 236      6C6C645F 
 236      696E6974 
 236      00
 237 00bf 00       		.ascii	"\000"
 238 00c0 02       		.ascii	"\002"
 239 00c1 00       		.ascii	"\000"
 240 00c2 00000000 		.ascii	"\000\000\000\000\000\000\000\000"
 240      00000000 
ARM GAS  /var/folders/qd/4mxf5pkd0zdf0b9dd1hp39180000gn/T//ccQul5lx.s 			page 16


 241 00ca 15010000 		.ascii	"\025\001\000\000"
 242              		.text
 243              		.section	.gnu.lto_.opts,"",%progbits
 244 0000 272D666D 		.ascii	"'-fmath-errno' '-fsigned-zeros' '-ftrapping-math' '"
 244      6174682D 
 244      6572726E 
 244      6F272027 
 244      2D667369 
 245 0033 2D666E6F 		.ascii	"-fno-trapv' '-fno-openmp' '-fno-openacc' '-mcpu=cor"
 245      2D747261 
 245      70762720 
 245      272D666E 
 245      6F2D6F70 
 246 0066 7465782D 		.ascii	"tex-m0' '-mno-thumb-interwork' '-mthumb' '-O2' '-fo"
 246      6D302720 
 246      272D6D6E 
 246      6F2D7468 
 246      756D622D 
 247 0099 6D69742D 		.ascii	"mit-frame-pointer' '-falign-functions=16' '-ffuncti"
 247      6672616D 
 247      652D706F 
 247      696E7465 
 247      72272027 
 248 00cc 6F6E2D73 		.ascii	"on-sections' '-fdata-sections' '-fno-common' '-flto"
 248      65637469 
 248      6F6E7327 
 248      20272D66 
 248      64617461 
 249 00ff 2700     		.ascii	"'\000"
 250              		.text
 251              		.comm	__gnu_lto_v1,1,1
 252              		.comm	__gnu_lto_slim,1,1
 253              		.ident	"GCC: (GNU Tools for Arm Embedded Processors 7-2017-q4-major) 7.2.1 20170904 (release) [ARM
ARM GAS  /var/folders/qd/4mxf5pkd0zdf0b9dd1hp39180000gn/T//ccQul5lx.s 			page 17


DEFINED SYMBOLS
                            *ABS*:0000000000000000 hal.c
                            *COM*:0000000000000001 __gnu_lto_v1
                            *COM*:0000000000000001 __gnu_lto_slim

NO UNDEFINED SYMBOLS
