ARM GAS  /var/folders/qd/4mxf5pkd0zdf0b9dd1hp39180000gn/T//cctGr1uB.s 			page 1


   1              		.cpu cortex-m0
   2              		.eabi_attribute 20, 1
   3              		.eabi_attribute 21, 1
   4              		.eabi_attribute 23, 3
   5              		.eabi_attribute 24, 1
   6              		.eabi_attribute 25, 1
   7              		.eabi_attribute 26, 1
   8              		.eabi_attribute 30, 2
   9              		.eabi_attribute 34, 0
  10              		.eabi_attribute 18, 4
  11              		.file	"pal.c"
  12              		.section	.gnu.lto_.profile.420e8494cad27d2e,"",%progbits
  13 0000 789C6363 		.ascii	"x\234cc```\001bF\006qn\000\000\261\000."
  13      60606001 
  13      62460671 
  13      6E0000B1 
  13      002E
  14              		.text
  15              		.section	.gnu.lto_.icf.420e8494cad27d2e,"",%progbits
  16 0000 789C6363 		.ascii	"x\234cc``\020f@\000f\2065w\376\0113\256\333\262h\006"
  16      60601066 
  16      40006686 
  16      3577FE09 
  16      33AEDBB2 
  17 0016 33D38A73 		.ascii	"3\323\212s/\02603\000\000U\322\010Y"
  17      2F163033 
  17      000055D2 
  17      0859
  18              		.text
  19              		.section	.gnu.lto_.jmpfuncs.420e8494cad27d2e,"",%progbits
  20 0000 789C6363 		.ascii	"x\234cc``h`@\000f\006FF\006\2069@\212\011\312\000bF"
  20      60606860 
  20      40006606 
  20      46460686 
  20      39408A09 
  21 0018 262087B9 		.ascii	"& \207\271\036$:\207\231\211\215\201\201\361\000\013"
  21      1E243A87 
  21      99898D81 
  21      81F1000B 
  22 0028 230310FF 		.ascii	"#\003\020\377\007\002~\0064>#\343\024f\306i\255\207"
  22      07027E06 
  22      343E23E3 
  22      1466C669 
  22      AD87
  23 003a CEB37733 		.ascii	"\316\263w3\003\365220nf\224\001\012\275\336\263\341"
  23      03F53232 
  23      306E6694 
  23      010ABDDE 
  23      B3E1
  24 004c 062B4408 		.ascii	"\006+D\010\242n\013\243\014S%#\222n \033\000df!\226"
  24      A26E0BA3 
  24      0C532523 
  24      926E201B 
  24      00646621 
  25              		.text
  26              		.section	.gnu.lto_.inline.420e8494cad27d2e,"",%progbits
  27 0000 789C6363 		.ascii	"x\234cc``\250f@\000f bbd`\0022\331\026\310\203(\006"
ARM GAS  /var/folders/qd/4mxf5pkd0zdf0b9dd1hp39180000gn/T//cctGr1uB.s 			page 2


  27      6060A866 
  27      40006620 
  27      62626460 
  27      0232D916 
  28 0018 460C1126 		.ascii	"F\014\021&\006naFf\006\005F\220r\020\251\000&\0358a"
  28      066E6146 
  28      66060546 
  28      907210A9 
  28      00261D38 
  29 002d 6A185FB0 		.ascii	"j\030_\260\263@H\020\301\001fr\200\010\0010S\200\201"
  29      B3404810 
  29      C1016672 
  29      80080130 
  29      538081
  30 0040 E902BF04 		.ascii	"\351\002\277\004\310$\026^\240}\023\374@\220\001\000"
  30      C824165E 
  30      A07D13FC 
  30      40900100 
  31 0050 597C0D69 		.ascii	"Y|\015i"
  32              		.text
  33              		.section	.gnu.lto_.pureconst.420e8494cad27d2e,"",%progbits
  34 0000 789C6363 		.ascii	"x\234cc```\007bf\006\006F\006&I\000\000\354\000-"
  34      60606007 
  34      62660606 
  34      46062649 
  34      0000EC00 
  35              		.text
  36              		.section	.gnu.lto_palReadBus.420e8494cad27d2e,"",%progbits
  37 0000 789C4D4F 		.ascii	"x\234MO=K\003A\024|\263/\236\0214? FH!\2044w\377\302"
  37      3D4B0341 
  37      147CB32F 
  37      9E11343F 
  37      20464821 
  38 0019 FF11D358 		.ascii	"\377\021\323X\004\024\217\324yF\343\007\246\020\321"
  38      04148FD4 
  38      7946E307 
  38      A610D1
  39 0028 04E49414 		.ascii	"\004\344\224\024\021\301F\305\323\304n\021\261\363#"
  39      11C146C5 
  39      D3C46E11 
  39      B1F323
  40 0037 768295B6 		.ascii	"v\202\225\266!hc\031}\033\033a\007fvgf\337\363\210\350"
  40      21686319 
  40      7D1B1B61 
  40      07667667 
  40      66DFF388 
  41 004c 5B91554C 		.ascii	"[\221UL+\300\004\263\363H\264\2224\200#\222\004U\014"
  41      2BC004B3 
  41      F348B492 
  41      34802392 
  41      04550C
  42 005f 2AA8F31E 		.ascii	"*\250\363\036\243\267v\036\3616GjK\250\374z8\370H9\011"
  42      A3B7761E 
  42      F136476A 
  42      4BA8FC7A 
  42      38F84839 
  43 0074 6455F607 		.ascii	"dU\366\007\367\361d\376D\244*\266\271\353\035\305\317"
ARM GAS  /var/folders/qd/4mxf5pkd0zdf0b9dd1hp39180000gn/T//cctGr1uB.s 			page 3


  43      F7F164FE 
  43      44A42AB6 
  43      B9EB1DC5 
  43      CF
  44 0085 3211B1A1 		.ascii	"2\021\261\241\206\332cdp\211\214\373\343\012y5\327z"
  44      86DA6364 
  44      70898CFB 
  44      E30A7935 
  44      D77A
  45 0097 CD75E619 		.ascii	"\315u\346\031\220\362\327\317\323\267T\356x\024\274"
  45      90F2D7CF 
  45      D3B754EE 
  45      7814BC
  46 00a6 6BB3CC46 		.ascii	"k\263\314F\314\270\006\377\017\352\025\241\203\234\363"
  46      CCB806FF 
  46      0FEA15A1 
  46      839CF3
  47 00b5 BF5F0CF7 		.ascii	"\277_\014\367\247\274D\213\311uke\027\036A\311\331\313"
  47      A7BC448B 
  47      C9756B65 
  47      171E41C9 
  47      D9CB
  48 00c7 9895E1CF 		.ascii	"\230\225\341\317\206\330~\033\207s\206hS\337u\017\261"
  48      86D87E1B 
  48      87738668 
  48      53DF750F 
  48      B1
  49 00d8 B4A59328 		.ascii	"\264\245\223([\2654@\265\325\251\247]J\313\032\265\333"
  49      5BB53440 
  49      B5D5A9A7 
  49      5D4ACB1A 
  49      B5DB
  50 00ea A771B784 		.ascii	"\247q\267\204\001\341f4\242\246\340\274\232O\373~\360"
  50      01E16634 
  50      A2A6E0BC 
  50      9A4FFB7E 
  50      F0
  51 00fb 7716C360 		.ascii	"w\026\303`\241P\012\302\345b\260T(\371E\342\371r\370"
  51      A1500AC2 
  51      E562B054 
  51      28F945E2 
  51      F972F8
  52 010e 0B64735A 		.ascii	"\013dsZ\225"
  52      95
  53              		.text
  54              		.section	.gnu.lto_palWriteBus.420e8494cad27d2e,"",%progbits
  55 0000 789C5D4F 		.ascii	"x\234]O=K\003A\020\235\267s\036\0011\225\205h\204\010"
  55      3D4B0341 
  55      109DB773 
  55      1E013195 
  55      85688408 
  56 0014 CA91E6EE 		.ascii	"\312\221\346\356_\370?\222k\024\002\212\247u\326h>D"
  56      5FF83F92 
  56      6B14028A 
  56      A775D668 
  56      3E44
  57 0026 0B0B3520 		.ascii	"\013\0135 '\210\222\0106*~\306B\016\033\033\025b'\244"
ARM GAS  /var/folders/qd/4mxf5pkd0zdf0b9dd1hp39180000gn/T//cctGr1uB.s 			page 4


  57      27889208 
  57      362A7EC6 
  57      420E1B1B 
  57      156227A4 
  58 003a 52B01405 		.ascii	"R\260\024\005\353\213\263\2476>v\330\367f\337[fl\"\032"
  58      EB8BB3A7 
  58      363E76D8 
  58      F766DF5B 
  58      666C221A 
  59 004e 04D184DC 		.ascii	"\004\321\204\334#R`\202Z\177$ZL)\300\020\235\002\225"
  59      23526082 
  59      5A7F245A 
  59      4C29C010 
  59      9D0295
  60 0061 144A58E3 		.ascii	"\024JX\343\015\306m\355\255\255r\007Z\0205\276\354\252"
  60      0DC66DED 
  60      ADAD7207 
  60      5A1035BE 
  60      ECAA
  61 0073 AE0C854C 		.ascii	"\256\014\205L\264%e\200S\344\304\325Y>\016y\225C\006"
  61      B4256580 
  61      53E4C4D5 
  61      593E0E79 
  61      954306
  62 0086 2C919F0F 		.ascii	",\221\237\017\333\257i#\025\262\"+\235F\225y\024$\374"
  62      DBAF6923 
  62      15B2222B 
  62      9D469579 
  62      1424FC
  63 0099 F9E3B09B 		.ascii	"\371\343\260\233v\232Z\227ut\277\317z<d\306\005X>\304"
  63      769A5A97 
  63      7574BFCF 
  63      7A3C64C6 
  63      05583EC4 
  64 00ad 39323843 		.ascii	"928C\206\244E\270\204#\366\235x\357\256\237\307\222"
  64      86A445B8 
  64      8423F69D 
  64      78EFAE9F 
  64      C792
  65 00bf 68EB26F4 		.ascii	"h\353&\364\177\223\335f\222\264p\365?i\021\332p\214"
  65      7F93DD66 
  65      92B470F5 
  65      3F6911DA 
  65      708C
  66 00d1 FDE524DE 		.ascii	"\375\345$\336\034\260\255\335\277iq\015\233ds:z\352"
  66      1CB0ADDD 
  66      BF69710D 
  66      9B64733A 
  66      7AEA
  67 00e3 8B74DCAB 		.ascii	"\213t\334\253\311\000-\364&\025Q]\336eu\035\321\012"
  67      C9002DF4 
  67      2615515D 
  67      DE65751D 
  67      D10A
  68 00f5 2BC39622 		.ascii	"+\303\226\"zG9\233D\014\352\014\323\026\353\260\353"
  68      7A47399B 
  68      440CEA0C 
ARM GAS  /var/folders/qd/4mxf5pkd0zdf0b9dd1hp39180000gn/T//cctGr1uB.s 			page 5


  68      D316EBB0 
  68      EB
  69 0106 7A3F6726 		.ascii	"z?g&\360\246\362E/\230\363\275\331|\321\365\211\013"
  69      F0A6F245 
  69      2F98F3BD 
  69      D97CD1F5 
  69      890B
  70 0118 0B815598 		.ascii	"\013\201U\230\236\017\276\001\3576cn"
  70      9E0FBE01 
  70      EF36636E 
  71              		.text
  72              		.section	.gnu.lto_palSetBusMode.420e8494cad27d2e,"",%progbits
  73 0000 789C9592 		.ascii	"x\234\225\222MK\033Q\024\206\317{\317d&1\352\272\264"
  73      4D4B1B51 
  73      1486CF7B 
  73      CF642631 
  73      EABAB4
  74 0013 29446809 		.ascii	")Dh\011n2\205\376\210\376\016\233\026\\(JC\327\271\306"
  74      6E3285FE 
  74      88FE0E9B 
  74      165C284A 
  74      43D7B9C6 
  75 0027 26512CB4 		.ascii	"&Q,\264\320\232@\030J@\202P(m\261\266\306\317i\026\256"
  75      D09A4018 
  75      4A408250 
  75      286DB1B6 
  75      C6CF6916 
  76 003c AA45E942 		.ascii	"\252E\351B\361c\241P\250h\261\270U\333s\357\340\242"
  76      F163A150 
  76      A868B1B8 
  76      55DB73EF 
  76      E0A2
  77 004e 4B2F73EF 		.ascii	"K/s\357\2343\367\274\317\371`\\\"\352WDw\345}K6\230"
  77      9C33F7BC 
  77      CFF9605C 
  77      22EA5744 
  77      77E57D4B 
  78 0064 A05EAE13 		.ascii	"\240^\256\023\215\304\025`\014\035\007\025\024\012x"
  78      8DC41560 
  78      0C1D0715 
  78      140A78
  79 0073 CEAF19ED 		.ascii	"\316\257\031\355\312\317\226\352\235\326\262\302\332"
  79      CACF96EA 
  79      9DD6B2C2 
  79      DA
  80 0080 A657D6A5 		.ascii	"\246W\326\245\033\001\023Ue\233\205\031\364J\324\306"
  80      1B011355 
  80      659B8519 
  80      F44AD4C6 
  81 0090 B30F014F 		.ascii	"\263\017\001Op\300\200#\356\237\265\372a\267q\025\322"
  81      70C08023 
  81      EE9FB5FA 
  81      61B77115 
  81      D2
  82 00a1 E296366A 		.ascii	"\342\2266je\346\333 \261\267O\337\356vg\232Z\027u\270"
  82      65E6DB20 
  82      B1B74FDF 
ARM GAS  /var/folders/qd/4mxf5pkd0zdf0b9dd1hp39180000gn/T//cctGr1uB.s 			page 6


  82      EE76679A 
  82      5A1775B8 
  83 00b5 3BC5FA4E 		.ascii	";\305\372N\300\214\317`\001b\026)|B\212\344\023\341"
  83      C08CCF60 
  83      01621629 
  83      7C428AE4 
  83      13E1
  84 00c7 0B32127E 		.ascii	"\0132\022~6\323|\225\344\036+=\253m-]I\277\225Xw\006"
  84      36D37C95 
  84      E41E2B3D 
  84      AB6D2D5D 
  84      49BF9558 
  85 00dd EC602E92 		.ascii	"\354`.\222\336O\341\236\021:\204\0262&\372\340\343\345"
  85      DE4FE19E 
  85      113A8416 
  85      3226FAE0 
  85      E3E5
  86 00ef 6497EB34 		.ascii	"d\227\3534\256\212\305<\\\202\030\3577c\241\276\374"
  86      AE8AC53C 
  86      5C8218EF 
  86      3763A1BE 
  86      FC
  87 0100 5BD1E179 		.ascii	"[\321\341y\023{\017\022Jd1\226\303u\344\360b\306ra\362"
  87      137B0F12 
  87      4A643196 
  87      C375E4F0 
  87      62C67261 
  88 0115 7BB0301A 		.ascii	"{\2600\032\023\275LF\2074\316\312X\243!\035\2418\377"
  88      13BD4C46 
  88      8734CECA 
  88      58A3211D 
  88      A138FF
  89 0128 EB2467A8 		.ascii	"\353$g\250uV\222\257Zj\177\367L\317l\213]l\257\255\272"
  89      755692AF 
  89      5A6A7FF7 
  89      4CCF6C8B 
  89      5D6CAFAD 
  90 013d 0DBC1991 		.ascii	"\015\274\031\221\301\245\003\216\327\331\305\202\364"
  90      C1A5038E 
  90      D7D9C582 
  90      F4
  91 014a 66EE7E54 		.ascii	"f\356~T\266\366\223\376;\035]%\260\210\006&\355@\261"
  91      B6F693FE 
  91      3B1D5D25 
  91      B0880626 
  91      ED40B1
  92 015d 04DFA213 		.ascii	"\004\337\242\023\021\230\257E\352\300\262%\231.\261"
  92      1198AF45 
  92      EAC0B225 
  92      992EB1
  93 016c F23FC9B9 		.ascii	"\362?\311\271\026)\211\320\222\224!}\265\244\321\323"
  93      162989D0 
  93      9294217D 
  93      B5A4D1D3 
  94 017c 3222544C 		.ascii	"2\"TL\352\022 \035\243\234\266S\025y\253u\274\343\025"
  94      EA12201D 
  94      A39CB653 
ARM GAS  /var/folders/qd/4mxf5pkd0zdf0b9dd1hp39180000gn/T//cctGr1uB.s 			page 7


  94      1579AB75 
  94      BCE315
  95 018f 2E743CE0 		.ascii	".t<\340\316\252)\000m\024H&c\303\275\200\273\3507\212"
  95      CEAA2900 
  95      6D144826 
  95      63C3BD80 
  95      BBE8378A 
  96 01a3 8D851796 		.ascii	"\215\205\027\226a\177\2351\011\223YJ\212\233\331\254"
  96      617F9D31 
  96      0993594A 
  96      8A9BD9AC 
  97 01b3 1F3D4379 		.ascii	"\037=Cy\277\277o\300\317?\311\371\303}\003\331\034\361"
  97      BFBF6FC0 
  97      CF3FC9F9 
  97      C37D03D9 
  97      1CF1
  98 01c5 C3A77967 		.ascii	"\303\247ygp\350\321\343\177~\025\307\341"
  98      70E8D1E3 
  98      7F7E15C7 
  98      E1
  99              		.text
 100              		.section	.gnu.lto_.symbol_nodes.420e8494cad27d2e,"",%progbits
 101 0000 789C6363 		.ascii	"x\234cc``\010\004b\006\246u\214\365\014\014\023\316"
 101      60600804 
 101      6206A675 
 101      8CF50C0C 
 101      13CE
 102 0012 313000A9 		.ascii	"10\000\251]\015\216@\221\365\214\365\214\250\"\033\030"
 102      5D0D8E40 
 102      91F58CF5 
 102      8CA8221B 
 102      18
 103 0023 EB995044 		.ascii	"\353\231PD\03073\3263\203E\030\030\032\032\034\030\030"
 103      183733D6 
 103      33834518 
 103      181A1A1C 
 103      1818
 104 0035 98999819 		.ascii	"\230\231\230\031\226<\374\307\310\000\000N\222\024W"
 104      963CFCC7 
 104      C800004E 
 104      921457
 105              		.text
 106              		.section	.gnu.lto_.refs.420e8494cad27d2e,"",%progbits
 107 0000 789C6363 		.ascii	"x\234cc```\004b\006\000\000D\000\010"
 107      60606004 
 107      62060000 
 107      440008
 108              		.text
 109              		.section	.gnu.lto_.decls.420e8494cad27d2e,"",%progbits
 110 0000 789CC557 		.ascii	"x\234\305WoPSW\026\177\347\335\020BH\300E\267\353\356"
 110      6F505357 
 110      167FE7DD 
 110      104248C0 
 110      45B7EBEE 
 111 0014 322EE362 		.ascii	"2.\343bev\026\242\266\235\352\247\355\256\272-\323m"
 111      657616A2 
 111      B69DEAA7 
ARM GAS  /var/folders/qd/4mxf5pkd0zdf0b9dd1hp39180000gn/T//cctGr1uB.s 			page 8


 111      EDAEBA2D 
 111      D36D
 112 0026 75D49D1D 		.ascii	"u\324\235\035\277l\314\206PS\201\260$\314\264\373e_"
 112      BF6CCC86 
 112      505381B0 
 112      24CCB4FB 
 112      655F
 113 0038 4C44ACD6 		.ascii	"LD\254\326\012RD\324\212@U\024]\331Z\255\242\362GD\024"
 113      0A5244D4 
 113      8A405514 
 113      5DD95AAD 
 113      A2F24744 
 114 004d 45895A0B 		.ascii	"E\211Z\013UAQ\374\207\200\240((\262\347\336\373\222"
 114      554151FC 
 114      8780A028 
 114      28B2E7DE 
 114      FB92
 115 005f 1722E9F6 		.ascii	"\027\"\351\366[\337\344\274\367\356\275\347\234\337"
 115      5BDFE4BC 
 115      F7EEBDE7 
 115      9CDF
 116 006d EF9C7BEE 		.ascii	"\357\234{\356}7jA\020\232#\005\301H\004!\026\004a\004"
 116      7D376A41 
 116      109A2305 
 116      C1480421 
 116      16046104 
 117 0081 2F15F6D5 		.ascii	"/\025\366\325\240`\227\320\215R\2132(\360\213\216\001"
 117      A06097D0 
 117      8D528B32 
 117      28F08B8E 
 117      01
 118 0092 EAA951C2 		.ascii	"\352\251Q\302Q~\006\302K\027\021\271^\024\312\004\331"
 118      517E06C2 
 118      4B1711B9 
 118      5E14CA04 
 118      D9
 119 00a3 BE5B1E03 		.ascii	"\276[\036\003\331\236>c\002l\365h\027\202\317%~\266"
 119      D99E3E63 
 119      026CF568 
 119      1782CF25 
 119      7EB6
 120 00b5 5E7CAFAD 		.ascii	"^|\257\255Z\266\235\022`\373\013\264\215\030\303\226"
 120      5AB69D12 
 120      60FB0BB4 
 120      8D18C396 
 121 00c5 F26E4599 		.ascii	"\362nE\231\212\262\030\345\001\312U\331\347M\224W\321"
 121      8AB218E5 
 121      01CA55D9 
 121      E74D9457 
 121      D1
 122 00d6 CF38E0B1 		.ascii	"\3178\340\261\336E\271\207r\007\005\335\371\342\243"
 122      DE45B987 
 122      720705DD 
 122      F9E2A3
 123 00e5 50090178 		.ascii	"P\011\001xy\004\232\335\3736\223\325\004\242\264\240"
 123      79049ADD 
 123      FB3693D5 
ARM GAS  /var/folders/qd/4mxf5pkd0zdf0b9dd1hp39180000gn/T//cctGr1uB.s 			page 9


 123      04A2B4A0 
 124 00f5 C2E6C3B3 		.ascii	"\302\346\303\263\205\035\021\330\234\240\205\030l\026"
 124      851D11D8 
 124      9CA08518 
 124      6C16
 125 0103 563E3A1D 		.ascii	"V>:\035\302G5\330\034\331\276o\225\206\210@\015\257"
 125      C24735D8 
 125      1CD9BE6F 
 125      95868840 
 125      0DAF
 126 0115 3694EDA6 		.ascii	"6\224\355\246\206S\265@\323\035\211]\377\351:4\250\347"
 126      8653B540 
 126      D31D895D 
 126      FFE93A34 
 126      A8E7
 127 0127 5D54C3E9 		.ascii	"]T\303\351\251\033\014!\241\354\375ai\3560$\224K\374"
 127      A91B0C21 
 127      A1ECFD61 
 127      69EE3024 
 127      944BFC
 128 013a D2240A70 		.ascii	"\322$\012p\010\210\227\203\347\263\276\322P\362;\252"
 128      08889783 
 128      E7B3BED2 
 128      50F23BAA 
 129 014a 28B6B53C 		.ascii	"(\266\265<\273\022\001\332\270lIZ.\025\271\244\260w"
 129      BB1201DA 
 129      B86C495A 
 129      2E15B9A4 
 129      B077
 130 015c 04D80FD1 		.ascii	"\004\330\017\321\360\025D\013p\024\342\250\363\303\220"
 130      F015440B 
 130      7014E2A8 
 130      F3C390
 131 016b 20C037D8 		.ascii	" \3007\330y\020;\267S\207\325=\003SsVJ\222\010G@\013"
 131      79103BB7 
 131      5387D53D 
 131      03537356 
 131      4A920847 
 132 0181 9540980E 		.ascii	"\225@\230\016\006=U\313!\312Js\212\325\344\0240\214"
 132      063D55CB 
 132      21CA4A73 
 132      8AD5E414 
 132      308C
 133 0193 CA4DB74E 		.ascii	"\312M\267N\210\3010\252\203b\\><\271~\005\305\250B\214"
 133      88C130AA 
 133      83625C3E 
 133      3CB97E05 
 133      C5A8428C 
 134 01a7 630A0642 		.ascii	"c\012\006Br\020w\335@\216\236|\317\362#v\016\272\367"
 134      721077DD 
 134      408E9E7C 
 134      CFF22376 
 134      0EBAF7
 135 01ba 87070339 		.ascii	"\207\007\0039\036\024\344\344\325\231\333\031H-\202"
 135      1E14E4E4 
 135      D599DB19 
 135      482D82
ARM GAS  /var/folders/qd/4mxf5pkd0zdf0b9dd1hp39180000gn/T//cctGr1uB.s 			page 10


 136 01c9 D4282055 		.ascii	"\324( U^\220K\017\373\362#H>ai\365\364\236\331\022\316"
 136      5E904B0F 
 136      FBF22348 
 136      3E6169F5 
 136      F49ED912 
 137 01de E7671C36 		.ascii	"\347g\0346\353/7\366\251\310\026>V\340\251\230\253E"
 137      EB2F37F6 
 137      A9C8163E 
 137      56E0A998 
 137      AB45
 138 01f0 74D78F0A 		.ascii	"t\327\217\012\021\015\372\333\353\216F\222bn\335\266"
 138      110DFADB 
 138      EB8E4692 
 138      626EDDB6 
 139 0200 C3BD3C84 		.ascii	"\303\275<\204\354\340\2153k\367\236\011%\345\274\261"
 139      ECE08D33 
 139      6BF79E09 
 139      25E5BCB1 
 140 0210 FCF48691 		.ascii	"\374\364\206\2210R\301\033\335\356[\3552\201\211\330"
 140      3052C11B 
 140      DDEE5BED 
 140      328189D8 
 141 0220 DC77C4FD 		.ascii	"\334w\304\375@.\237j\300\266\253\336\331\257'\007\230"
 141      402E9F6A 
 141      C0B6ABDE 
 141      D9AF2707 
 141      98
 142 0231 AEA6B8E8 		.ascii	"\256\246\270\350\305p$\304\3425>6.\266Xr\273\244\352"
 142      C57024C4 
 142      E2353E36 
 142      2EB65872 
 142      BBA4EA
 143 0244 B69ED806 		.ascii	"\266\236\330\006\317\035I\312\325\301I\014\270\036\003"
 143      CF1D49CA 
 143      D5C1490C 
 143      B81E03
 144 0253 BE00E315 		.ascii	"\276\000\343\025\252'\360&\300t\274\011\334\240\366"
 144      AA27F026 
 144      C074BC09 
 144      DCA0F6
 145 0262 9D42A9DA 		.ascii	"\235B\251\332M\230vC\240\366\327L{?(\352C\177P\324O"
 145      4D987643 
 145      A0F6D74C 
 145      7B3F28EA 
 145      437F50D4 
 146 0277 8DADEEE7 		.ascii	"\215\255\356\347\274\317O\373t\240\266A\361\235C\247"
 146      BCCF4FFB 
 146      74A0B641 
 146      F19D43A7 
 147 0287 6A1D0AA8 		.ascii	"j\035\012\250\0048\213\012g\230'\252\216I\205K\230\337"
 147      04388B0A 
 147      679827AA 
 147      8E49854B 
 147      98DF
 148 0299 6F21163C 		.ascii	"o!\026<(\315(\347Q\316\241\\\204XV\362\034\314\343\027"
 148      28CD28E7 
 148      51CEA15C 
ARM GAS  /var/folders/qd/4mxf5pkd0zdf0b9dd1hp39180000gn/T//cctGr1uB.s 			page 11


 148      845856F2 
 148      1CCCE317 
 149 02ad 49D3D871 		.ascii	"I\323\330qs4^\030\327\252\242\234\010H\325\004\271("
 149      73345E18 
 149      D7AAA29C 
 149      0848D504 
 149      B928
 150 02bf 145FDD55 		.ascii	"\024_\335UQ\305.\251a\032s\3268&s\026&NI\307\223\333"
 150      51C52EA9 
 150      611A73D6 
 150      38267316 
 150      264E49C7 
 151 02d5 0723C90D 		.ascii	"\007#\311\0156%\342\372\316\354&5\304\215\227!\032\324"
 151      3625E2FA 
 151      CEEC2635 
 151      C48D9721 
 151      1AD4
 152 02e7 B836A105 		.ascii	"\2706\241\005m/+\225G\001\203\204\014\337a\244?6j\272"
 152      6D2F2B95 
 152      47018384 
 152      0CDF61A4 
 152      3F366ABA 
 153 02fb 7F34959D 		.ascii	"\1774\225\235'\272O|+\202Ayi\012\320\012:\031\024u\017"
 153      27BA4F7C 
 153      2B824179 
 153      690AD00A 
 153      3A191475 
 154 0310 AE2AB8AD 		.ascii	"\256*\270\255'=\234\347\275\332\373m\032\210\323y\327"
 154      273D9CE7 
 154      BDDAFB6D 
 154      1A88D379 
 154      D7
 155 0321 C8EF0B7A 		.ascii	"\310\357\013z%)\006\256\242\301\367\012S\264\307G\020"
 155      252906AE 
 155      A2C1F70A 
 155      53B4C747 
 155      10
 156 0332 F77005F9 		.ascii	"\367p\005\371\215Bxv'\257\005x\355\352h]W\266\344D\362"
 156      8D427876 
 156      27AF0578 
 156      EDEA685D 
 156      57B6E444 
 157 0347 DA6DA7C3 		.ascii	"\332m\247\303\217\326\267\266E\220!2j\267[\374\362n"
 157      8FD6B7B6 
 157      45902132 
 157      6AB75BFC 
 157      F26E
 158 0359 B798EF76 		.ascii	"\267\230\357v]\347\317]\000\342T1\276\255}\315$\330"
 158      5DE7CF5D 
 158      00E25431 
 158      BEAD7DCD 
 158      24D8
 159 036b DABF853C 		.ascii	"\332\277\205<\026\313\253\357\006v^\367\255\375'\253"
 159      16CBABEF 
 159      06765EF7 
 159      ADFD27AB 
 160 037b 7EDBF582 		.ascii	"~\333\365\202\306u\023g\261C\211k1_\372!\247\212]\255"
ARM GAS  /var/folders/qd/4mxf5pkd0zdf0b9dd1hp39180000gn/T//cctGr1uB.s 			page 12


 160      C6751367 
 160      B143896B 
 160      315FFA21 
 160      A78A5DAD 
 161 038f 3A181F87 		.ascii	":\030\037\207+h\324t\264\241\227k,\203\235\362\\\334"
 161      2B68D474 
 161      B4A1976B 
 161      2C839DF2 
 161      5CDC
 162 03a1 468CBB98 		.ascii	"F\214\273\230\373{(w\344\374\313\233\330.2T\222%I*\252"
 162      FB7B2877 
 162      E4FCCB9B 
 162      D82E3254 
 162      9225492A 
 163 03b6 3BBA9090 		.ascii	";\272\220\220ku}YT\011+$J\241\035)t\006]0T\275\3577"
 163      6B757D59 
 163      54092B24 
 163      4AA11D29 
 163      74065D30 
 164 03ce BC86E944 		.ascii	"\274\206\351D\324\005j\033\002\224o\304qe\272\263\035"
 164      D4056A1B 
 164      02946FC4 
 164      7165BAB3 
 164      1D
 165 03df 185399D7 		.ascii	"\030S\231\327;&s\260\254\377\021!\025!,\231\203\245"
 165      3B2673B0 
 165      ACFF1121 
 165      15212C99 
 165      83A5
 166 03f1 9B445F8D 		.ascii	"\233D_\2156\225\261\032}\200\266\367\225\014u\276\\"
 166      3695B11A 
 166      7D80B6F7 
 166      950C75BE 
 166      5C
 167 0402 A3DEA440 		.ascii	"\243\336\244@\027\346\342\207\362\202p/\256\336\277"
 167      17E6E287 
 167      F282702F 
 167      AEDEBF
 168 0411 1FEA5F97 		.ascii	"\037\352_\227\017F\325e7\253+\366\244\363\276\342f\231"
 168      0F46D565 
 168      37AB2BF6 
 168      A4F3BEE2 
 168      6699
 169 0423 06E73D1A 		.ascii	"\006\347=\032K\001\374\352 \232\327\301\376\352\376"
 169      4B01FCEA 
 169      209AD7C1 
 169      FEEAFE
 170 0432 3D2A7290 		.ascii	"=*r\220S\257\330s\363C\210\323z\277Q\257|#I\343\240"
 170      53AFD873 
 170      F34388D3 
 170      7ABF51AF 
 170      7C2349E3 
 171 0447 1FE37FA8 		.ascii	"\037\343\177\250p\217\246\263\313*E*\221\310D\001^\213"
 171      708FA6B3 
 171      CB2A452A 
 171      91C84401 
 171      5E8B
ARM GAS  /var/folders/qd/4mxf5pkd0zdf0b9dd1hp39180000gn/T//cctGr1uB.s 			page 13


 172 0459 8669C8BB 		.ascii	"\206i\310\273\017\271F\313u\322\213\\z\370.]\266ug\235"
 172      0FB946CB 
 172      75D28B5C 
 172      7AF82E5D 
 172      B675679D 
 173 046d 9ED470FF 		.ascii	"\236\324p\377\327\366\3644\021\037\000~\240\276b\337"
 173      D7F6F434 
 173      111F007E 
 173      A0BE62DF 
 174 047d 8E014478 		.ascii	"\216\001Dx\244 \364C\020\210\307cC\354:[\366\\ENq\210"
 174      A420F443 
 174      1088C763 
 174      43EC3A5B 
 174      F65C454E 
 175 0493 2B23F9FD 		.ascii	"+#\371\375j\037\004.\275\015\014b\020!\236(\020\003"
 175      6A1F042E 
 175      BD0D0C62 
 175      10219E28 
 175      1003
 176 04a5 C1209E8E 		.ascii	"\301 \236\216\001A\215\021\346PmV\263\276\015k\007\217"
 176      01418D11 
 176      E6506D56 
 176      B3BE0D6B 
 176      078F
 177 04b7 29308E1F 		.ascii	")0\216\037\216\200\337\361\011\354\200%\037\346\330"
 177      8E80DFF1 
 177      09EC8025 
 177      1FE6D8
 178 04c6 05BC1F7B 		.ascii	"\005\274\037{E\376\220Ui\303k\"\277\343]\224}\210^\277"
 178      45FE9055 
 178      69C36B22 
 178      BFE35D94 
 178      7D885EBF 
 179 04da EC273B00 		.ascii	"\354';\000\177\257|\234\303y/A9\344\011~v\002w9\032"
 179      7FAF7C9C 
 179      C3792F41 
 179      39E4097E 
 179      76027739 
 180 04ef CCCF6814 		.ascii	"\314\317h\024W\3017\354\243\251\004\011r\351\035\336"
 180      57C137EC 
 180      A3A90409 
 180      72E91DDE 
 181 04ff B6F7B6AA 		.ascii	"\266\367\266\252\035+U\020\376,\010\3534\251\254\367"
 181      1D2B5510 
 181      FE2C08EB 
 181      34A9ACF7 
 182 050f BAE7C8B0 		.ascii	"\272\347\310\260\206x\330\014@i\351\320\022\225\310"
 182      8678D80C 
 182      4069E9D0 
 182      1295C8
 183 051e EB0FD254 		.ascii	"\353\017\322T\264\353\304\310\223\352H\276u\211~\307"
 183      B4EBC4C8 
 183      93EA48BE 
 183      75897EC7 
 184 052e 8009FC18 		.ascii	"\200\011\374\030\3208\320\327\036>1\237\255\006\227"
 184      D038D0D7 
 184      1E3E319F 
ARM GAS  /var/folders/qd/4mxf5pkd0zdf0b9dd1hp39180000gn/T//cctGr1uB.s 			page 14


 184      AD0697
 185 053d 348E9F25 		.ascii	"4\216\237%F0\371/X9K\342D\274\017\203\2123h=\321\327"
 185      4630F92F 
 185      58394BE2 
 185      44BC0F83 
 185      8A33683D 
 186 0553 A89E5C24 		.ascii	"\250\236\\$\355k\307\022\255$\253\216\257\374T*\202"
 186      ED6BC712 
 186      AD24AB8E 
 186      AFFC542A 
 186      82
 187 0564 B7A81A3C 		.ascii	"\267\250\032<Wf\3709=\257\3013\334\024`\010\027\227"
 187      5766F839 
 187      3DAFC133 
 187      DC146008 
 187      1797
 188 0576 004E7132 		.ascii	"\000Nq2Z\357(p5\206\223\247\234i\326\311\013\265\241"
 188      5AEF2870 
 188      358693A7 
 188      9C69D6C9 
 188      0BB5A1
 189 0589 8C2A45E4 		.ascii	"\214*E\344T\233jj\356\205\371\350\273D\326\231w\253"
 189      549B6A6A 
 189      EE85F9E8 
 189      BB44D699 
 189      77AB
 190 059b A83CD29F 		.ascii	"\250<\322\237\341\222W\374\010\256`\004\335\242Lp\357"
 190      E19257FC 
 190      08AE6004 
 190      DDA24C70 
 190      EF
 191 05ac C981AA08 		.ascii	"\311\201\252\010\231\340\267\233t\270\211`\221a\011"
 191      99E0B79B 
 191      74B88960 
 191      916109
 192 05bb A21A2C17 		.ascii	"\242\032,\027}\004\361u4\301,Fp\370ZG\237H\334jF\360"
 192      7D04F175 
 192      34C12C46 
 192      70F85A47 
 192      9F48DC6A 
 193 05d1 B494A765 		.ascii	"\264\224\247e\\\006}\374n\337m\257\321\371\370es~C\331"
 193      5C067DFC 
 193      6EDF6DAF 
 193      D1F9F865 
 193      737E43D9 
 194 05e5 5FAFD007 		.ascii	"_\257\320\007\345\367\011\343\267\312\313\357B\373\305"
 194      E5F709E3 
 194      B7CACBEF 
 194      42FBC5
 195 05f4 EE30E457 		.ascii	"\3560\344W\204\374NO\362\321C-X\251\320[\031Ho5\243"
 195      84FC4E4F 
 195      F2D1432D 
 195      58A9D05B 
 195      19486F35 
 196 0609 F7E04BD7 		.ascii	"\367\340K\327\372H\222\033\224^\377\305\242f\360\245"
 196      FA48921B 
 196      945EFFC5 
ARM GAS  /var/folders/qd/4mxf5pkd0zdf0b9dd1hp39180000gn/T//cctGr1uB.s 			page 15


 196      A266F0A5 
 197 0619 F4534EAF 		.ascii	"\364SN\257\343h\327N\236S\272\361\256\345\2357/\337"
 197      E368D74E 
 197      9E53BAF1 
 197      AEE59D37 
 197      2FDF
 198 062b DF4A8272 		.ascii	"\337J\202r^\3078\177\346\345\234w\270\3408A\316\355"
 198      5EC7387F 
 198      E6E59C77 
 198      B8E03841 
 198      CEED
 199 063d 6C4DC79C 		.ascii	"lM\307\234\333wG\312\3262-X\243p^#\3623:\3440\256\275"
 199      DB7747CA 
 199      D6322D58 
 199      A3705E23 
 199      F2333AE4 
 200 0654 C7AED784 		.ascii	"\307\256\327\204\223\235\234\353\345\026\367!\371\353"
 200      939D9CEB 
 200      E516F721 
 200      F9EB
 201 0662 194E3FD7 		.ascii	"\031N?\327\327?\257\012\343%\370\035\035\336v\266?_"
 201      D73FAF0A 
 201      E325F81D 
 201      1DDE76B6 
 201      3F5F
 202 0674 4B0E70DD 		.ascii	"K\016p\335\341\336\363\303:\256K\027\376\263\206\254"
 202      E1DEF3C3 
 202      3AAE4B17 
 202      FEB386AC 
 203 0684 AD408FA6 		.ascii	"\255@\217\246\222\274\335b\277\262\333n\020q+\301\357"
 203      92BCDD62 
 203      BFB2DB6E 
 203      10712BC1 
 203      EF
 204 0695 01E48B6C 		.ascii	"\001\344\213l7\272\364\364\350\220\216T1O\252r\327\256"
 204      37BAF4F4 
 204      E8908E54 
 204      314FAA72 
 204      D7AE
 205 06a7 5E15C445 		.ascii	"^\025\304E\003\252\003\337\223\350\377\011\0016\213"
 205      03AA03DF 
 205      93E8FF09 
 205      01368B
 206 06b6 5A2890E9 		.ascii	"Z(\220\351\342U(\241\373\336\177\323n|\327\260\347\030"
 206      E25528A1 
 206      FBDE7FD3 
 206      6E7CD7B0 
 206      E718
 207 06c8 BBD34631 		.ascii	"\273\323F1\216\015\011\260I\214\206B\016x\254\321\323"
 207      8E0D09B0 
 207      498C8642 
 207      0E78ACD1 
 207      D3
 208 06d9 1211B54E 		.ascii	"\022\021\265N\376\230\274\005\314w\036\216\257\027)"
 208      FE98BC05 
 208      CC771E8E 
 208      AF1729
ARM GAS  /var/folders/qd/4mxf5pkd0zdf0b9dd1hp39180000gn/T//cctGr1uB.s 			page 16


 209 06e8 BF2D6294 		.ascii	"\277-b\224\227%\325\256\330\3340\030\246\225}g\377?"
 209      9725D5AE 
 209      D8DC3018 
 209      A6957D67 
 209      FF3F
 210 06fa DF17AFAD 		.ascii	"\337\027\257\255\231\355\357\372\213\037r\355,,r\351"
 210      99EDEFFA 
 210      8B1F72ED 
 210      2C2C72E9 
 211 070a A69448E7 		.ascii	"\246\224H\347\253\331\312\\\335\341\226\234Yx\004\334"
 211      ABD9CA5C 
 211      DDE1969C 
 211      597804DC 
 212 071a 2A46C1E7 		.ascii	"*F\301\3478K\270\002\375\214s\261\347\357\242\000E\342"
 212      384BB802 
 212      FD8C73B1 
 212      E7EFA200 
 212      45E2
 213 072c 14B4EDC9 		.ascii	"\024\264\355\311\252\310\325\223:\236\177W\371\261\003"
 213      AAC8D593 
 213      3A9E7F57 
 213      F9B103
 214 073b 2141135E 		.ascii	"!A\023^\354M\370z\316\261\273k\373\356\220\300\370\225"
 214      EC4DF87A 
 214      CEB1BB6B 
 214      FBEE90C0 
 214      F895
 215 074d 33460923 		.ascii	"3F\011#Y\354%y\240~\343cm`HA\2657\236z^\016rH7~\355"
 215      59EC2579 
 215      A07EE363 
 215      6D604841 
 215      B5379E7A 
 216 0768 2CAA76C6 		.ascii	",\252v\306@\251\034\016\256W?\303mr8_\262p\332\316\266"
 216      40A91C0E 
 216      AE573FC3 
 216      6D72385F 
 216      B270DACE 
 217 077d B8C2FCBF 		.ascii	"\270\302\374\277\320\264R\225\020\266\213\374\013\215"
 217      D0B45295 
 217      10B68BFC 
 217      0B8D
 218 078b 4F3A81CD 		.ascii	"O:\201\315\207\037k\211G\256\275+\316\027\"\257\275"
 218      871F6B89 
 218      47AEBD2B 
 218      CE1722AF 
 218      BD
 219 079c 087A04BD 		.ascii	"\010z\004\275\333R\"\327i/\035.\271w\350\270\374\017"
 219      DB5222D7 
 219      692F1D2E 
 219      B977E8B8 
 219      FC0F
 220 07ae 578FCDFF 		.ascii	"W\217\315\377\326\226v\207\005\315\324no\246v\361LI"
 220      D6967687 
 220      05CDD46E 
 220      6FA676F1 
 220      4C49
 221 07c0 AE279DBA 		.ascii	"\256'\235\272\300L\225\341\214\354d3R\316b\337"
ARM GAS  /var/folders/qd/4mxf5pkd0zdf0b9dd1hp39180000gn/T//cctGr1uB.s 			page 17


 221      C04C95E1 
 221      8CEC6433 
 221      52CE62DF 
 222 07d0 ED8D7D47 		.ascii	"\355\215}G\255\273\362\245L\005\325v\256\275\360E\270"
 222      ADBBF2A5 
 222      4C05D576 
 222      AEBDF045 
 222      B8
 223 07e1 9CA9D649 		.ascii	"\234\251\326I<S{\344L\341\326\341g\270C\316\324^q\212"
 223      3C537BE4 
 223      4CE1D6E1 
 223      67B843CE 
 223      D45E718A 
 224 07f5 A04A35D9 		.ascii	"\240J5\331\227\3752!\301\300\1776\273a\251)\305`\317"
 224      97FD3221 
 224      C1C07F36 
 224      BB61A929 
 224      C560CF
 225 0808 301BD24D 		.ascii	"0\033\322M)\011f\315\333\357\3775f\366\364\351\202\326"
 225      290966CD 
 225      DBEFFF35 
 225      66F6F4E9 
 225      82D6
 226 081a 68CCB4A6 		.ascii	"h\314\264\2469^\233at\344\202\341\217\351\351)V\263"
 226      395E9B61 
 226      74E482E1 
 226      8FE9E929 
 226      56B3
 227 082c C961B5A5 		.ascii	"\311a\265\245\331\015s\315)\326t\273\305h\211O\3174"
 227      D90D73CD 
 227      29D674BB 
 227      C568894F 
 227      CF34
 228 083e 2F9B9160 		.ascii	"/\233\221`JO7\314\266\2459,i\216\227\006\015\213l\266"
 228      4A4F37CC 
 228      B6A5392C 
 228      698E9706 
 228      0D8B6CB6 
 229 0852 14BBE103 		.ascii	"\024\273\341\003\2639\336\224\221\032\237fK\263\304"
 229      B339DE94 
 229      911A9F66 
 229      4BB3C4
 230 0861 5B4CFFB0 		.ascii	"[L\377\260\306\277\031?c\332\3647\343\377\371z|\252"
 230      C6BF193F 
 230      63DAF437 
 230      E3FFF97A 
 230      7CAA
 231 0873 E9435B86 		.ascii	"\351C[\206a\324\250\301\232fN\311L\262\030RM\346\245"
 231      61D4A8C1 
 231      9A664EC9 
 231      4CB21852 
 231      4DE6A5
 232 0886 D6348BC1 		.ascii	"\3264\213\301\230dI6e\2468\214\216\217\323-\366\204"
 232      98644936 
 232      65A6388C 
 232      8E8FD32D 
 232      F684
ARM GAS  /var/folders/qd/4mxf5pkd0zdf0b9dd1hp39180000gn/T//cctGr1uB.s 			page 18


 233 0898 A582C64B 		.ascii	"\245\202\306Kn\345OG\316\376\261\335`\264;\222\220\011"
 233      6EE54F47 
 233      CEFEB1DD 
 233      60B43B92 
 233      9009
 234 08aa 32D2596D 		.ascii	"2\322Ym\351\266\014\007M\257\321\021\037\230`:d7\274"
 234      E9B60C07 
 234      4DAFD111 
 234      1F98603A 
 234      6437BC
 235 08bd 9BF8FEDC 		.ascii	"\233\370\376\334E\211\013\015\357\376e\306G4\337\306"
 235      45890B0D 
 235      EFFE65C6 
 235      4734DFC6 
 236 08cd 94942434 		.ascii	"\224\224$4U\323Qk\222j\376\234\304\005\252\371\213\346"
 236      55D3516B 
 236      926AFE9C 
 236      C405AAF9 
 236      8BE6
 237 08df E16D36BD 		.ascii	"\341m6\275-\244\2679\3546g\301\253\376.-\0379\014\263"
 237      2DA4B739 
 237      EC3667C1 
 237      ABFE2E2D 
 237      1F390CB3 
 238 08f3 DF5B485D 		.ascii	"\337[H]\311.\227\245\314x\343_\224\306\333\363\023\347"
 238      C92E97A5 
 238      CC78E35F 
 238      94C6DBF3 
 238      13E7
 239 0905 1917619A 		.ascii	"\031\027a\232\346X\222\265\234\2235\311\350P\333\222"
 239      E65892B5 
 239      9C9335C9 
 239      E850DB92 
 240 0915 93ED1687 		.ascii	"\223\355\026\207\216\346\315\230l\262;f\032\035\313"
 240      8EE6CD98 
 240      6CB23B66 
 240      1A1DCB
 241 0924 7FC2DC79 		.ascii	"\177\302\334y\3236)0S^\015Z\216K\205\220\304y\177\312"
 241      D3362930 
 241      535E0D5A 
 241      8E4B8590 
 241      C4797FCA 
 242 0938 B487F162 		.ascii	"\264\207\361bD\312\241\362Sc\265\245\332\222,F\207\026"
 242      44CAA1F2 
 242      5363B5A5 
 242      DA922C46 
 242      8716
 243 094a F516584C 		.ascii	"\365\026XLI\250\365\253\240U-\204\343\343o\031V\207"
 243      49A8F5AB 
 243      A0552D84 
 243      E3E36F19 
 243      5687
 244 095c 05D5F4F8 		.ascii	"\005\325\364\370\276\320\342\300\267\367\320\303\317"
 244      BED0E2C0 
 244      B7F7D0C3 
 244      CF
 245 0969 8DF23C18 		.ascii	"\215\362<\0301;\037d\3302\323\251_\275\321\230\234\231"
ARM GAS  /var/folders/qd/4mxf5pkd0zdf0b9dd1hp39180000gn/T//cctGr1uB.s 			page 19


 245      313B1F64 
 245      D832D3A9 
 245      5FBDD198 
 245      9C99
 246 097b 66361A13 		.ascii	"f6\032\023\336\2305s\226\306\333R\231\227\2322\374\307"
 246      DE983573 
 246      96C6DB52 
 246      99979A32 
 246      FCC7
 247 098d 66BD3EAA 		.ascii	"f\275>\2525\353\177\002\361\225\322"
 247      35EB7F02 
 247      F195D2
 248              		.text
 249              		.section	.gnu.lto_.symtab.420e8494cad27d2e,"",%progbits
 250 0000 70616C52 		.ascii	"palReadBus\000"
 250      65616442 
 250      757300
 251 000b 00       		.ascii	"\000"
 252 000c 00       		.ascii	"\000"
 253 000d 00       		.ascii	"\000"
 254 000e 00000000 		.ascii	"\000\000\000\000\000\000\000\000"
 254      00000000 
 255 0016 01010000 		.ascii	"\001\001\000\000"
 256 001a 70616C57 		.ascii	"palWriteBus\000"
 256      72697465 
 256      42757300 
 257 0026 00       		.ascii	"\000"
 258 0027 00       		.ascii	"\000"
 259 0028 00       		.ascii	"\000"
 260 0029 00000000 		.ascii	"\000\000\000\000\000\000\000\000"
 260      00000000 
 261 0031 06010000 		.ascii	"\006\001\000\000"
 262 0035 70616C53 		.ascii	"palSetBusMode\000"
 262      65744275 
 262      734D6F64 
 262      6500
 263 0043 00       		.ascii	"\000"
 264 0044 00       		.ascii	"\000"
 265 0045 00       		.ascii	"\000"
 266 0046 00000000 		.ascii	"\000\000\000\000\000\000\000\000"
 266      00000000 
 267 004e 0B010000 		.ascii	"\013\001\000\000"
 268 0052 5F70616C 		.ascii	"_pal_lld_setgroupmode\000"
 268      5F6C6C64 
 268      5F736574 
 268      67726F75 
 268      706D6F64 
 269 0068 00       		.ascii	"\000"
 270 0069 02       		.ascii	"\002"
 271 006a 00       		.ascii	"\000"
 272 006b 00000000 		.ascii	"\000\000\000\000\000\000\000\000"
 272      00000000 
 273 0073 11010000 		.ascii	"\021\001\000\000"
 274              		.text
 275              		.section	.gnu.lto_.opts,"",%progbits
 276 0000 272D666D 		.ascii	"'-fmath-errno' '-fsigned-zeros' '-ftrapping-math' '"
 276      6174682D 
ARM GAS  /var/folders/qd/4mxf5pkd0zdf0b9dd1hp39180000gn/T//cctGr1uB.s 			page 20


 276      6572726E 
 276      6F272027 
 276      2D667369 
 277 0033 2D666E6F 		.ascii	"-fno-trapv' '-fno-openmp' '-fno-openacc' '-mcpu=cor"
 277      2D747261 
 277      70762720 
 277      272D666E 
 277      6F2D6F70 
 278 0066 7465782D 		.ascii	"tex-m0' '-mno-thumb-interwork' '-mthumb' '-O2' '-fo"
 278      6D302720 
 278      272D6D6E 
 278      6F2D7468 
 278      756D622D 
 279 0099 6D69742D 		.ascii	"mit-frame-pointer' '-falign-functions=16' '-ffuncti"
 279      6672616D 
 279      652D706F 
 279      696E7465 
 279      72272027 
 280 00cc 6F6E2D73 		.ascii	"on-sections' '-fdata-sections' '-fno-common' '-flto"
 280      65637469 
 280      6F6E7327 
 280      20272D66 
 280      64617461 
 281 00ff 2700     		.ascii	"'\000"
 282              		.text
 283              		.comm	__gnu_lto_v1,1,1
 284              		.comm	__gnu_lto_slim,1,1
 285              		.ident	"GCC: (GNU Tools for Arm Embedded Processors 7-2017-q4-major) 7.2.1 20170904 (release) [ARM
ARM GAS  /var/folders/qd/4mxf5pkd0zdf0b9dd1hp39180000gn/T//cctGr1uB.s 			page 21


DEFINED SYMBOLS
                            *ABS*:0000000000000000 pal.c
                            *COM*:0000000000000001 __gnu_lto_v1
                            *COM*:0000000000000001 __gnu_lto_slim

NO UNDEFINED SYMBOLS
