ARM GAS  /var/folders/qd/4mxf5pkd0zdf0b9dd1hp39180000gn/T//ccvy4qFF.s 			page 1


   1              		.cpu arm7tdmi
   2              		.eabi_attribute 20, 1
   3              		.eabi_attribute 21, 1
   4              		.eabi_attribute 23, 3
   5              		.eabi_attribute 24, 1
   6              		.eabi_attribute 25, 1
   7              		.eabi_attribute 26, 1
   8              		.eabi_attribute 30, 2
   9              		.eabi_attribute 34, 0
  10              		.eabi_attribute 18, 4
  11              		.file	"chmsg.c"
  12              		.section	.gnu.lto_.profile.381b4f9cff1778cc,"",%progbits
  13 0000 789C6363 		.ascii	"x\234cc```\001bF\006\177\015\000\001>\000\203"
  13      60606001 
  13      6246067F 
  13      0D00013E 
  13      0083
  14              		.text
  15              		.section	.gnu.lto_.icf.381b4f9cff1778cc,"",%progbits
  16 0000 789C6363 		.ascii	"x\234cc``\020a@\000f\206Won\256\343azu\354\343vN\346"
  16      60601061 
  16      40006686 
  16      576F6EAE 
  16      E3617A75 
  17 0019 D3B3E7FC 		.ascii	"\323\263\347\374\345d\000\000mN\011\365"
  17      E5640000 
  17      6D4E09F5 
  18              		.text
  19              		.section	.gnu.lto_.jmpfuncs.381b4f9cff1778cc,"",%progbits
  20 0000 789C6D8D 		.ascii	"x\234m\215\273\011\200@\020Dgv\017#9\033\260\321\213"
  20      BB098040 
  20      10446776 
  20      0F23391B 
  20      B0D18B
  21 0013 0E635331 		.ascii	"\016cS1\262\013-\3006\004\013\260\007\361\263\247\302"
  21      B20B2DC0 
  21      36040BB0 
  21      07F1B3A7 
  21      C2
  22 0024 250EBC60 		.ascii	"%\016\274`\007\336N\001\240G\216BH\215\203\302\240\260"
  22      07DE4E01 
  22      A0478E42 
  22      488D83C2 
  22      A0B0
  23 0036 53EE5BB7 		.ascii	"S\356[\267\260\325A\205%G\326\340\354X\032\200H0'\335"
  23      B0D54185 
  23      2547D6E0 
  23      EC581A80 
  23      483027DD 
  24 004a 302E4B05 		.ascii	"0.K\005\261:i\307\332\234\362j\236\323\247\371G\323"
  24      B13A69C7 
  24      DA9CF26A 
  24      9ED3A7F9 
  24      47D3
  25 005c B441DB30 		.ascii	"\264A\3330\350\376~\004\346*\0027_\020\"\015"
  25      E8FE7E04 
  25      E62A0237 
ARM GAS  /var/folders/qd/4mxf5pkd0zdf0b9dd1hp39180000gn/T//ccvy4qFF.s 			page 2


  25      5F10220D 
  26              		.text
  27              		.section	.gnu.lto_.inline.381b4f9cff1778cc,"",%progbits
  28 0000 789C6363 		.ascii	"x\234cc``\210c@\000f\006\006Q9FF\006\005F\006\006&\311"
  28      60608863 
  28      40006606 
  28      06513946 
  28      46060546 
  29 0018 15871919 		.ascii	"\025\207\031\0318o\2301\201d\230\270\031\030\030!\344"
  29      386F9831 
  29      816498B8 
  29      19181821 
  29      E4
  30 0029 043F2606 		.ascii	"\004?&\006A\001 G\342\300nF\006\266\005\362H\012\230"
  30      41012047 
  30      E2C06E46 
  30      06B605F2 
  30      480A98
  31 003c 19384032 		.ascii	"\0318@2,\013\344\341\022\314<@\311\011~\023\374\030"
  31      2C0BE4E1 
  31      12CC3C40 
  31      C9097E13 
  31      FC18
  32 004e 00E7590A 		.ascii	"\000\347Y\012\\"
  32      5C
  33              		.text
  34              		.section	.gnu.lto_.pureconst.381b4f9cff1778cc,"",%progbits
  35 0000 789C6363 		.ascii	"x\234cc``\340\002bf\206]\214L\273\030\231w1\002\000"
  35      6060E002 
  35      6266865D 
  35      8C4CBB18 
  35      99773102 
  36 0015 0C2F024A 		.ascii	"\014/\002J"
  37              		.text
  38              		.section	.gnu.lto_chMsgSend.381b4f9cff1778cc,"",%progbits
  39 0000 789C9555 		.ascii	"x\234\225U\355O[e\024\177\316}no\013}q,f\037&\301\342"
  39      ED4F5B65 
  39      147FCE7D 
  39      6E6F0B7D 
  39      712C661F 
  40 0017 24B8C450 		.ascii	"$\270\304PM\366E\263/\306d\361\213\211\231\177\200\037"
  40      4DF645B3 
  40      2FC664F1 
  40      8B89997F 
  40      801F
  41 0029 3A222663 		.ascii	":\"&c\260\266.[b\302\205\226\300\306\234oP\2644\256"
  41      B0B62E5B 
  41      62C28596 
  41      C0C69C6F 
  41      50B434AE 
  42 003d 5A91254C 		.ascii	"Z\221%L@\005\006\214\215\012\033C\313\213C6\030\324"
  42      4005068C 
  42      8D0A1B43 
  42      CB8B4336 
  42      18D4
  43 004f 0E41D878 		.ascii	"\016A\330x\233\316\017\0227-\236\363\334\353\244\035"
  43      9BCE0F12 
ARM GAS  /var/folders/qd/4mxf5pkd0zdf0b9dd1hp39180000gn/T//ccvy4qFF.s 			page 3


  43      372D9EF3 
  43      DCEBA41D 
  44 005f B879432F 		.ascii	"\270yC/\367y\236s~\347\234\337yy\024\306X\241\211\261"
  44      F7799E73 
  44      7EE79CDF 
  44      797914C6 
  44      58A189B1 
  45 0073 7EFCBF0B 		.ascii	"~\374\277\013\177`` \275;\314X\251I\222\370j\006S\323"
  45      7F606020 
  45      BD3BCC58 
  45      A94992F8 
  45      6A0653D3 
  46 0087 E58F7633 		.ascii	"\345\217v3\325\302A\326\266e\000\372PM\300J$.C\011\034"
  46      D5C241D6 
  46      B66500FA 
  46      504DC04A 
  46      242E4309 
  47 009c E7D51C2E 		.ascii	"\347\325\034.\373Z\202\274\212\0079\003\031\227\267"
  47      FB5A82BC 
  47      8A073903 
  47      1997B7
  48 00ab 8702B336 		.ascii	"\207\002\2636Z\002\330qY\177\316\333\015;\033T|\"\265"
  48      5A02D871 
  48      597FCEDB 
  48      0D3B1B54 
  48      7C22B5
  49 00be 71A5C15B 		.ascii	"q\245\301[\376R\220K\314\217\322\255\220\011_C&\331"
  49      FE52904B 
  49      CC8FD2AD 
  49      90095F43 
  49      26D9
  50 00d0 6E839D28 		.ascii	"n\203\235({a\356\317Q3\317\002\206\337Q_tB\311\255W"
  50      7B61EECF 
  50      5133CF02 
  50      86DF515F 
  50      7442C9AD 
  51 00e5 D5323512 		.ascii	"\32525\022\013s\365\311 \347\320\016|\275\"n18\003\271"
  51      0B73F5C9 
  51      20E7D00E 
  51      7CBD226E 
  51      313803B9 
  52 00f9 283ED8D2 		.ascii	"(>\330\3229.\363l\241Z\323\356=\305I\025M.\177&T%\350"
  52      392EF36C 
  52      A15AD3EE 
  52      3DC54915 
  52      4D2E7F26 
  53 0110 48559518 		.ascii	"HU\225\030tB.\311\017&ZG\322y\216\320=v\275g\325\230"
  53      74422EC9 
  53      0F265A47 
  53      D2798ED0 
  53      3D76BD67 
  54 0126 131666FB 		.ascii	"\023\026f\373\353\266\177\342U\007T\231Lw%\353\323\203"
  54      EBB67FE2 
  54      55075499 
  54      4C7725EB 
  54      D383
  55 0138 E2335F26 		.ascii	"\3423_&j\254\212\014g!'\304\031E\205\301t\203\002\367"
ARM GAS  /var/folders/qd/4mxf5pkd0zdf0b9dd1hp39180000gn/T//ccvy4qFF.s 			page 4


  55      6AAC8A0C 
  55      672127C4 
  55      194585C1 
  55      748302F7 
  56 014c CE7CC28D 		.ascii	"\316|\302\215\371:E\354\3739\260\224\243h\271\003\231"
  56      F93A45EC 
  56      FB39B094 
  56      A368B903 
  56      99
  57 015d 3F4767D2 		.ascii	"?Gg\322:H\006\347\021\246\007P\017_\200\260d\244y\324"
  57      3A4806E7 
  57      11A60750 
  57      0F5F80B0 
  57      64A479D4 
  58 0171 1051136B 		.ascii	"\020Q\023k\025\310eV\240uab\307\243\200\241\310\022"
  58      15C86556 
  58      A0756162 
  58      C7A380A1 
  58      C812
  59 0183 BE0C8882 		.ascii	"\276\014\210\202\022\012PX& ^,\"D\253\340\211U\342\017"
  59      120A5058 
  59      26205E2C 
  59      2244ABE0 
  59      8955E20F 
  60 0197 D3A746D8 		.ascii	"\323\247F\330Q4\204_\336\010[\204\262\256\205\216\260"
  60      5134845F 
  60      DE085B84 
  60      B2AE858E 
  60      B0
  61 01a8 915C0B70 		.ascii	"\221\\\013p\003Z\367\227\367\216\030){\212p\264\263"
  61      035AF797 
  61      F78E1829 
  61      7B8A70B4 
  61      B3
  62 01b9 7379CA58 		.ascii	"sy\312X\362\227j\302\215\020\372N{\255\336\333\357\333"
  62      F2976AC2 
  62      8D10FA4E 
  62      7BADDEDB 
  62      EFDB
  63 01cb 42F03104 		.ascii	"B\3601\004\271\021\276\301*\210\020\037x\320~)v\327"
  63      B911BEC1 
  63      2A88101F 
  63      78D07E29 
  63      76D7
  64 01dd E4F882A2 		.ascii	"\344\370\202\242\0125\341\251\011z!\0045\\\347\352\316"
  64      0A35E1A9 
  64      097A2104 
  64      355CE7EA 
  64      CE
  65 01ee B8B75CD2 		.ascii	"\270\267\\\322\216\355\304h\0378j\010\222\301\005p\260"
  65      8EEDC468 
  65      1F386A08 
  65      92C10570 
  65      B0
  66 01ff 79280B1D 		.ascii	"y(\013\035\022\324a\020\350\013[\202\322\231\033\307"
  66      12D46110 
  66      E80B5B82 
ARM GAS  /var/folders/qd/4mxf5pkd0zdf0b9dd1hp39180000gn/T//ccvy4qFF.s 			page 5


  66      D2991BC7 
  67 020f 63532048 		.ascii	"cS H`\300\366#\306\251\363}s\226l/\234T?D\2144\202\375"
  67      60C0F623 
  67      C6A9F37D 
  67      73966C2F 
  67      9C543F44 
  68 0227 ADE9AB2B 		.ascii	"\255\351\253+fd\200\301E\310\306w?\310\024W\340\217"
  68      666480C1 
  68      45C8C677 
  68      3FC81457 
  68      E08F
  69 0239 4F7FF915 		.ascii	"O\177\371\025\010p}T\032\375\335\275C\375\012FPJ\236"
  69      08707D54 
  69      1AFDDDBD 
  69      43FD0A46 
  69      504A9E
  70 024c 6E0FF274 		.ascii	"n\017\362t\264\007\227\364(\306*&\342\346{nJ0 b\220"
  70      B40797F4 
  70      28C62A26 
  70      E2E67B6E 
  70      4A302062 
  71 0261 C8CF6FC1 		.ascii	"\310\317o\301\021\340\012\241\337\251X9\323\012\032"
  71      11E00AA1 
  71      DFA95839 
  71      D30A1A
  72 0270 6D908A38 		.ascii	"m\220\2128C9AL\323&\230f\370N`r\215\227\306\241\305"
  72      4339414C 
  72      D3269866 
  72      F84E6072 
  72      8D97C6A1 
  73 0285 B8821C93 		.ascii	"\270\202\034\223j;\322&C\024\371`0\010%dj\354X\247A"
  73      6A3BD226 
  73      4314F960 
  73      30082564 
  73      6AEC58A7 
  74 029a 0FE37FF8 		.ascii	"\017\343\177\370m\201!aC\326l\304\352\303e\377\244\346"
  74      6D812161 
  74      43D66CC4 
  74      EAC365FF 
  74      A4E6
  75 02ac 40905B61 		.ascii	"@\220[a\230\3107PP#\024\024\010\376\327\336\346\272"
  75      98C83750 
  75      50231414 
  75      08FED7DE 
  75      E6BA
  76 02be A5A5CA81 		.ascii	"\245\245\312\201\006\223\336\006\211\200-\240F|\366"
  76      0693DE06 
  76      89802DA0 
  76      467CF6
  77 02cd 0D1A901E 		.ascii	"\015\032\220\036\370^\313W2@\254.\236H\343U \370\036"
  77      F85ECB57 
  77      3240AC2E 
  77      9E48E355 
  77      20F81E
  78 02e0 7CA7E93D 		.ascii	"|\247\351=\363}h2\\\336\000m\224\320@\313\340\311\213"
  78      F37D6832 
  78      5CDE006D 
ARM GAS  /var/folders/qd/4mxf5pkd0zdf0b9dd1hp39180000gn/T//ccvy4qFF.s 			page 6


  78      94D040CB 
  78      E0C98B
  79 02f3 B1C0EE94 		.ascii	"\261\300\356\224v\251M(\234\204\310\254\336R<\251m~"
  79      76A94D28 
  79      9C84C8AC 
  79      DE523CA9 
  79      6D7E
  80 0305 C0121AA3 		.ascii	"\300\022\032\243\266\031K\342\0146\247kz\255zkc\030"
  80      B6194BE2 
  80      0C36A76B 
  80      7AAD7A6B 
  80      6318
  81 0317 28BE2B82 		.ascii	"(\276+\2024E\2400\270\252Q#\272\244\253\3554\020d\200"
  81      3445A030 
  81      B8AA5123 
  81      BAA4ABED 
  81      34106480 
  82 032b 5B51BB2D 		.ascii	"[Q\273-\032\231\024\005%\303S\224\302\332\337\253\270"
  82      1A991405 
  82      25C35394 
  82      C2DADFAB 
  82      B8
  83 033c 66C44C79 		.ascii	"f\304Ly\037\327\2154\217\255,\362u%?!\340\215:\3745"
  83      1FD78D34 
  83      8FAD2CF2 
  83      75253F21 
  83      E08D3AFC 
  84 0351 4CB348F0 		.ascii	"L\263H\360\002\177xgC\333\010hR\000\231t\240)\362\323"
  84      027F7867 
  84      43DB0868 
  84      52009974 
  84      A029F2D3 
  85 0365 2A385B38 		.ascii	"*8[8\333\326\001\033\242Y7D;Dh\261\244\250\177$4\203"
  85      DBD6011B 
  85      A2593744 
  85      3B4468B1 
  85      A4A87F24 
  86 037b 86D6DDF6 		.ascii	"\206\326\335\366\226\016\366\020!RIr\210'\305x]\003"
  86      960EF610 
  86      21524972 
  86      8827C578 
  86      5D03
  87 038d C3E298AE 		.ascii	"\303\342\230\256\352q\212\376\246\304\321\206]\254F"
  87      EA718AFE 
  87      A6C4D186 
  87      5DAC46
  88 039c 6925181E 		.ascii	"i%\030\036\010+ZCI)\245n\377\317n\262\301\264\260\230"
  88      082B5A43 
  88      4929A56E 
  88      FFCF6EB2 
  88      C1B4B098 
  89 03b0 46D5F313 		.ascii	"F\325\363\023R:\007\276\311\276]\377B\255\\m<-\356'"
  89      523A07BE 
  89      C9BE5DFF 
  89      42AD5C6D 
  89      3C2DEE27 
  90 03c4 1BD86046 		.ascii	"\033\330`F\257\263\243X5\253\0318\002\227\301\027j8"
ARM GAS  /var/folders/qd/4mxf5pkd0zdf0b9dd1hp39180000gn/T//ccvy4qFF.s 			page 7


  90      AFB3A358 
  90      35AB1938 
  90      0297C117 
  90      6A38
  91 03d6 213A2C65 		.ascii	"!:,e\340=\342\247\356\201YlC\264\036\344[\204\232\254"
  91      E03DE2A7 
  91      EE81596C 
  91      43B41EE4 
  91      5B849AAC 
  92 03ea 8F4ED26B 		.ascii	"\217N\322k>\3017\320\313\360Sc\301\317\250\207\007w"
  92      3EC137D0 
  92      CBF05363 
  92      C1CFA887 
  92      0777
  93 03fc 6F565F03 		.ascii	"oV_\003\262n\000\013\314Af\220o\325\302\035\234\325"
  93      B26E000B 
  93      CC416690 
  93      6FD5C21D 
  93      9CD5
  94 040e E78725B5 		.ascii	"\347\207%\265\263]\354\001\255=\277\276\265\233V\312"
  94      B35DEC01 
  94      AD3DBFBE 
  94      B59B56CA 
  95 041e 86653D01 		.ascii	"\206e=\001\237\003M\254\033\324\333\351D\307M}\260f"
  95      9F034DAC 
  95      1BD4DBE9 
  95      44C74D7D 
  95      B066
  96 0430 09AAF12E 		.ascii	"\011\252\361.@k\372`\365\307S\357\250\017\002F\275\241"
  96      406BFA60 
  96      F5C753EF 
  96      A80F0246 
  96      BDA1
  97 0442 94A4865A 		.ascii	"\224\244\206Z@\325EP\356\273\267\346\236\307\033g\221"
  97      40D54550 
  97      EEBBB7E6 
  97      9EC71B67 
  97      91
  98 0453 E48D49F2 		.ascii	"\344\215I\362K(\277L\271_\326\346v\013<hp\257\210\301"
  98      4B28BF4C 
  98      B95FD6E6 
  98      760B3C68 
  98      70AF88C1 
  99 0467 7D0B07F7 		.ascii	"}\013\007\367-\252\223\221>\275\020,\224\251J\354@\244"
  99      2DAA9391 
  99      3EBD102C 
  99      94A94AEC 
  99      40A4
 100 0479 1CE51ECB 		.ascii	"\034\345\036\313\313sh\177En\207\313\343p\273\234\016"
 100      CB73687F 
 100      456E87CB 
 100      E370BB9C 
 100      0E
 101 048a 6741A1FB 		.ascii	"gA\241\373\365<'\223<\305\034\277\270\323S\374x\212"
 101      F53C2793 
 101      3CC51CBF 
 101      B8D353FC 
ARM GAS  /var/folders/qd/4mxf5pkd0zdf0b9dd1hp39180000gn/T//ccvy4qFF.s 			page 8


 101      788A
 102 049c D81B079C 		.ascii	"\330\033\007\234\373\337\334\227\217\242\356#\356\274"
 102      FBDFDC97 
 102      8FA2EE23 
 102      EEBC
 103 04aa 02F644CA 		.ascii	"\002\366D\312yq\221\313\343v\274\260\367e\224p\026\271"
 103      797191CB 
 103      E376BCB0 
 103      F7659470 
 103      16B9
 104 04bc F251645B 		.ascii	"\362Qd[\241\333e\247\347\305W^\335\373\232\363i\373"
 104      A1DB65A7 
 104      E7C5575E 
 104      DDFB9AF3 
 104      69FB
 105 04ce 8E670E3F 		.ascii	"\216g\016?\267\207\031\013\363\013\213\\G\030\367\034"
 105      B787190B 
 105      F30B8B5C 
 105      4718F71C 
 106 04de 2CB66F6E 		.ascii	",\266on\305Y\260o\023\214g\367\260\277\001L\015\372"
 106      C559B06F 
 106      138C67F7 
 106      B0BF014C 
 106      0DFA
 107 04f0 12       		.ascii	"\022"
 108              		.text
 109              		.section	.gnu.lto_chMsgWait.381b4f9cff1778cc,"",%progbits
 110 0000 789C8D55 		.ascii	"x\234\215U]L\\E\024\236s\347\356\335?\240<\021SQ\267"
 110      5D4C5C45 
 110      149E73E7 
 110      EEDD3FA0 
 110      3C115351 
 111 0015 1A129B18 		.ascii	"\032\022\233\030\256&}\261\017&\306\244o&\246&\276\232"
 111      AE267DB1 
 111      0F26C6A4 
 111      6F26A626 
 111      BE9A
 112 0027 744BC444 		.ascii	"tK\304D\004w\321\264\276p\331\205\000\202V\253,\015"
 112      0477D1B4 
 112      BE70D985 
 112      008256AB 
 112      2C0D
 113 0039 DDC82A0F 		.ascii	"\335\310*\017\230\024\251Z\250\202\330\256\374li\371"
 113      9814A95A 
 113      A882D8AE 
 113      FC6C69F9 
 114 0049 6B116C05 		.ascii	"k\021l\005\\\021X\204\2056bL\265\265]<g\346\026\331"
 114      5C115884 
 114      8536624C 
 114      B5B55D3C 
 114      67E616D9 
 115 005d 0B5436BB 		.ascii	"\013T6\273wg\3569\363\235s\276\363\315\214\306\030{"
 115      7767EE39 
 115      F39D73BE 
 115      F3CD8CC6 
 115      187B
 116 006f C8C1581C 		.ascii	"\310\301X\034\377\367\341\017l\014\224\367G\030+w(\012"
ARM GAS  /var/folders/qd/4mxf5pkd0zdf0b9dd1hp39180000gn/T//ccvy4qFF.s 			page 9


 116      FFF7E10F 
 116      6C0C94F7 
 116      47182B77 
 116      280A
 117 0081 EFD9C50C 		.ascii	"\357\331\305\014\227:\362\014328\250\362\265\012@\003"
 117      973AF20C 
 117      333238A8 
 117      F2B50A40 
 117      03
 118 0092 C301AC4C 		.ascii	"\303\001\254L\341*\224A\035\377\210\303\225\212/\302"
 118      E12A9441 
 118      1DFF88C3 
 118      958A2FC2 
 119 00a2 BC968739 		.ascii	"\274\226\2079\003\025\247\253\303\215sY4\005\360\340"
 119      0315A7AB 
 119      C38D7359 
 119      3405F0E0 
 120 00b2 74E546AC 		.ascii	"t\345F\254=co\213a\004\214h\303\357\366\223\355\227"
 120      3D636F8B 
 120      61048C68 
 120      C3EFF693 
 120      ED97
 121 00c4 0D67982B 		.ascii	"\015g\230+,\204\356\355\220\013g \227\202w\300^\206"
 121      2C84EEED 
 121      900B6720 
 121      978277C0 
 121      5E86
 122 00d6 DE7D893B 		.ascii	"\336}\211;cn\3760\320x\271z\240\305\221\327,V\2164\355"
 122      636EFE30 
 122      D078B97A 
 122      A0C591D7 
 122      2C568E34 
 123 00eb FE24680C 		.ascii	"\376$h\014\030*.\205\263\300\323W3r\237\3752U\237\251"
 123      182A2E85 
 123      B3C0D357 
 123      33729FFD 
 123      32559FA9 
 124 00ff A9F035E4 		.ascii	"\251\3605\344\0218b~\003\032\254\033*\014\374D\343M"
 124      1138627E 
 124      031AAC1B 
 124      2A0CFC44 
 124      E34D
 125 0111 9A781FE2 		.ascii	"\232x\037\342\300,\246\301\012\035\031\350$\233\262"
 125      C02CA6C1 
 125      0A1D19E8 
 125      249BB2
 126 0120 018F4117 		.ascii	"\001\217A\027\302|\013\270\016\037\200\260\226\324F"
 126      C27C0BB8 
 126      0E1F80B0 
 126      96D446
 127 012f 4F785A9B 		.ascii	"OxZ\233\253\3365\"\201\354m\222\203n\310;=f\213\032"
 127      ABDE3522 
 127      81EC6D92 
 127      836EC83B 
 127      3D668B1A 
 128 0143 A9B52A24 		.ascii	"\251\265*$!\273\351\346b]^60tW\350\301\361\3015\032"
 128      21BBE9E6 
ARM GAS  /var/folders/qd/4mxf5pkd0zdf0b9dd1hp39180000gn/T//ccvy4qFF.s 			page 10


 128      625D5E36 
 128      307457E8 
 128      C1F1C135 
 129 0158 3969E412 		.ascii	"9i\344\022\013\3344g\254\032+A\322\215(\253\301)\216"
 129      0BDC3467 
 129      AC1A2B41 
 129      D28D28AB 
 129      C1298E
 130 016b 8251B60C 		.ascii	"\202Q\266\014\345\263\247\336\233\236\002\221\026\003"
 130      E5B3A7DE 
 130      9B9E0291 
 130      1603
 131 0179 5649397D 		.ascii	"VI9}v\2567\221\261'\014M\306\011O\230\253T\302\037m"
 131      76AE3791 
 131      B1270C4D 
 131      C6094F98 
 131      AB54C21F 
 132 018e 5F4DB855 		.ascii	"_M\270UD\201\357`\017>\317\201\312\222\020\350\272\025"
 132      4481EF60 
 132      0F3ECF81 
 132      CA9210E8 
 132      BA15
 133 01a0 588B02D1 		.ascii	"X\213\002\321\320\310ie\250\262g\324N\035\263\011R:"
 133      D0C86965 
 133      A8B267D4 
 133      4E1DB309 
 133      523A
 134 01b2 3B57A6EC 		.ascii	";W\246\354ew\015\007\276\210pIn{p\365xV\004>\2060\327"
 134      65770D07 
 134      BE887049 
 134      6E7B70F5 
 134      7856043E 
 135 01c9 208A9D3F 		.ascii	" \212\235?O\265\241\341\354\205\351\177\034\372\347"
 135      4FB5A1E1 
 135      EC85E97F 
 135      1CFAE7
 136 01d8 C4606416 		.ascii	"\304`d\026\255v\370\036\"P\317\315\246\334\276\032\254"
 136      AD76F81E 
 136      2250CFCD 
 136      A6DCBE1A 
 136      AC
 137 01e9 544CF321 		.ascii	"TL\363!\242\247\007\364z\344\036\223\351\005\235-@\300"
 137      A2A707F4 
 137      7AE41E93 
 137      E9059D2D 
 137      40C0
 138 01fb 43795828 		.ascii	"CyX(\2155\345\334\267\333\320\007y\230\272\254e\250"
 138      8D35E5DC 
 138      B7DBD007 
 138      7998BAAC 
 138      65A8
 139 020d 7F62D56E 		.ascii	"\177b\325n\351e\303\337\366\007\310\311\3545O\353g?"
 139      E965C3DF 
 139      F607C8C9 
 139      EC354FEB 
 139      673F
 140 021f B63146FD 		.ascii	"\2661F\375\214\021\001\332F\002\024A@w\317pL\223\305"
ARM GAS  /var/folders/qd/4mxf5pkd0zdf0b9dd1hp39180000gn/T//ccvy4qFF.s 			page 11


 140      8C1101DA 
 140      46021441 
 140      4077CF70 
 140      4C93C5
 141 0232 3A300C5C 		.ascii	":0\014\\0k\035\257\272\026w\313bf\316\204r\032_\012"
 141      306B1DAF 
 141      BA1677CB 
 141      6266CE84 
 141      721A5F0A 
 142 0246 73270C88 		.ascii	"s'\014\210r\025\001KNm\327\003#\252Yq\012\010\362\""
 142      7215014B 
 142      4E6DD703 
 142      23AA5971 
 142      0A08F222 
 143 025a 95CCA503 		.ascii	"\225\314\245\003\\\302\2521\355\333UK\2312\276sg\001"
 143      5CC2AA31 
 143      EDDB554B 
 143      9932BE73 
 143      6701
 144 026c 230B9CA2 		.ascii	"#\013\234\242\015Z\242\235\032N\3065\354\025yt\241\007"
 144      0D5AA29D 
 144      1A4EC635 
 144      EC157974 
 144      A107
 145 027e 8721D065 		.ascii	"\207!\320e\244a(#~gj\357\0045\261\025\210\017\226\200"
 145      A4612823 
 145      7E676AEF 
 145      0435B115 
 145      880F9680 
 146 0292 8AC9DE7D 		.ascii	"\212\311\336}\262\367\024]\360Y\203\351\365\354Be\255"
 146      B2F7145D 
 146      F05983E9 
 146      F5EC4265 
 146      AD
 147 02a3 4045E4AF 		.ascii	"@E\344\257c62[\224\340\012\241\244\030\214 (\032\356"
 147      6336325B 
 147      94E00AA1 
 147      A4188C20 
 147      281AEE
 148 02b6 4E97A714 		.ascii	"N\227\247\024\"\314\015Y0\012\271a\236!`TS\241\324\230"
 148      22CC0D59 
 148      300AB961 
 148      9E216054 
 148      53A1D498 
 149 02ca A5B5B92C 		.ascii	"\245\265\271,\031G\331\211\250.o-*\017I\352\3126\222"
 149      1947D989 
 149      A82E6F2D 
 149      2A0F49EA 
 149      CA3692
 150 02dd F210BD63 		.ascii	"\362\020\275c\353\212\372\341\036\2675\\\006\346\033"
 150      EB8AFAE1 
 150      1EB7355C 
 150      06E61B
 151 02ec B82D278A 		.ascii	"\270-'\212>\245\375\206\024+[Q\354!\202\307M\202\231"
 151      3EA5FD86 
 151      142B5B51 
 151      EC2182C7 
ARM GAS  /var/folders/qd/4mxf5pkd0zdf0b9dd1hp39180000gn/T//ccvy4qFF.s 			page 12


 151      4D8299
 152 02ff 95DD4344 		.ascii	"\225\335CD\356\004F`\360\243d\366\236r\247O\306SN\336"
 152      EE044660 
 152      F0A364F6 
 152      9E72A74F 
 152      C6534EDE 
 153 0313 07423B43 		.ascii	"\007B;C\307\332>po\2261\207\253[\310\370\032\311\230"
 153      C7DA3E70 
 153      6F963187 
 153      AB5BC8F8 
 153      1AC998
 154 0326 4B19D704 		.ascii	"K\031\327\004\347\033\367[e\234\262k\344d\312\330\266"
 154      E71BF75B 
 154      659CB26B 
 154      E464CAD8 
 154      B6
 155 0337 F198EBA6 		.ascii	"\361\230\353\246\327?a['\251\331\223T\256\013\315\035"
 155      D73F615B 
 155      27A9D993 
 155      54AE0BCD 
 155      1D
 156 0348 83D14921 		.ascii	"\203\321I!e\016\217S\005\0157k\271\244\330IeO\231e\237"
 156      650E8F53 
 156      050D376B 
 156      B9A4D849 
 156      654F9965 
 157 035d 1EBF9EE4 		.ascii	"\036\277\236\344\246\224[\352\262[\233\335D\345\264"
 157      A6945BEA 
 157      B25B9BDD 
 157      44E5B4
 158 036c 289E0B5C 		.ascii	"(\236\013\\\006?\313\015\032y\213\320)\036F\220\235"
 158      063FCB0D 
 158      1A798BD0 
 158      291E4690 
 158      9D
 159 037d BDD4D10A 		.ascii	"\275\324\321\0122\244{\223z]\333P\253@\\\240\253&\372"
 159      32A47B93 
 159      7A5DDB50 
 159      AB405CA0 
 159      AB26FA
 160 0390 2FB259E3 		.ascii	"/\262Y\343\357\334\342\004\265\263\\#\273\011h&-\315"
 160      EFDCE204 
 160      B5B35C23 
 160      BB096826 
 160      2DCD
 161 03a2 5F41C73C 		.ascii	"_A\307<\010\253qi\260\243\033L\264\364\254\334[\356"
 161      08AB7169 
 161      B0A31B4C 
 161      B4F4ACDC 
 161      5BEE
 162 03b4 A9B7096D 		.ascii	"\251\267\011mV\240\331L\2649B\343r\343\254\365\212C"
 162      56A0D94C 
 162      B43942E3 
 162      72E3ACF5 
 162      8A43
 163 03c6 527460BD 		.ascii	"Rt`\275\341\202\370\377ft\333P\354?\027\253\023vS\020"
 163      E182F8FF 
ARM GAS  /var/folders/qd/4mxf5pkd0zdf0b9dd1hp39180000gn/T//ccvy4qFF.s 			page 13


 163      6674DB50 
 163      EC3F17AB 
 163      13765310 
 164 03da 6992CBB9 		.ascii	"i\222\313\271/+\2310/\302k$\207\004\350\350\320\234"
 164      2F2B9930 
 164      2FC26B24 
 164      8704E8E8 
 164      D09C
 165 03ec ECECB5C9 		.ascii	"\354\354\265\311\275\225\011\013\270J\036\367\241\270"
 165      BD95090B 
 165      B84A1EF7 
 165      A1B8
 166 03fa F52EFBF0 		.ascii	"\365.\373\360\270\313\024\206\226v\276\375\206i-\202"
 166      B8CB1486 
 166      9676BEFD 
 166      86692D82 
 167 040a B6E97E9B 		.ascii	"\266\351~\233\337\217E.\222\277=\315\177\011\375\223"
 167      DF8F452E 
 167      92BF3DCD 
 167      7F09FD93 
 168 041a 547B52DE 		.ascii	"T{R\336&\003\377{\233,\213\333d\005o\223\033\304Sm\277"
 168      2603FF7B 
 168      9B2C8BDB 
 168      64056F93 
 168      1BC4536D 
 169 042f 26F79B8B 		.ascii	"&\367\233\213T]\215\233\021O\001\364{0?_\227\337b\277"
 169      545D8D9B 
 169      114F01F4 
 169      7B303F5F 
 169      97DF62BF 
 170 0443 EE2BD5FD 		.ascii	"\356+\325\375>\257\356-,\362\277\222\357eJi\311#\026"
 170      3EAFEE2D 
 170      2CF2BF92 
 170      EF654A69 
 170      C92316
 171 0456 F3ABAF7B 		.ascii	"\363\253\257{_{\363p\001\272\370\217\372\363\013\231"
 171      5F7BF370 
 171      01BAF88F 
 171      FAF30B99 
 172 0466 677BBBB7 		.ascii	"g{\273\267\3600:<jq()\366\225\372\365g\017>\217.\336"
 172      F0303A3C 
 172      6A712829 
 172      F695FAF5 
 172      670F3E8F 
 173 047c 625F01BA 		.ascii	"b_\001\272\344\024\371}\036\372<\367\302\213\007_\366"
 173      E414F97D 
 173      1EFA3CF7 
 173      C28B075F 
 173      F6
 174 048d 3EE179EC 		.ascii	">\341y\354\311#O\037`\366\242\202\242b\337Q\266}\012"
 174      C9234F1F 
 174      60F6A282 
 174      A262DF51 
 174      B67D0A
 175 04a0 946521E3 		.ascii	"\224e!\343\245o\224l\005\361\324\001\366/\007\307\351"
 175      A56F946C 
 175      05F1D401 
ARM GAS  /var/folders/qd/4mxf5pkd0zdf0b9dd1hp39180000gn/T//ccvy4qFF.s 			page 14


 175      F62F07C7 
 175      E9
 176 04b1 C8       		.ascii	"\310"
 177              		.text
 178              		.section	.gnu.lto_chMsgRelease.381b4f9cff1778cc,"",%progbits
 179 0000 789C8552 		.ascii	"x\234\205R\335KSa\030\177\236\363\236}0-\272\212@\261"
 179      DD4B5361 
 179      187F9EF3 
 179      9E7D302D 
 179      BA8A40B1 
 180 0014 AD1A4388 		.ascii	"\255\032C\210\255.\353.\002\357\202\320?\240\2135Z\320"
 180      AD2EEB2E 
 180      02EF82D0 
 180      3FA08B35 
 180      5AD0
 181 0026 9A9CB320 		.ascii	"\232\234\263 \257\366\2523'\356\"\310\255\030\007\022"
 181      AFF6AA33 
 181      27EE22C8 
 181      AD180712 
 182 0036 34260B96 		.ascii	"4&\013\226}\370\261J=~4-+R\320D\273\020K!6\202\2726"
 182      7DF8B14A 
 182      3D7E342D 
 182      2B52D044 
 182      BB104B21 
 183 004e EB79CF56 		.ascii	"\353y\317V\271e\364r\316{\336\347}~\317\357\371\361"
 183      B965F472 
 183      CE7BDEE7 
 183      7D7ECFEF 
 183      F9F1
 184 0060 7B8E1900 		.ascii	"{\216\031\000\232\030\300\030}k\350E\006(\335|\013\320"
 184      9A18C018 
 184      7D6BE845 
 184      0628DD7C 
 184      0BD0
 185 0072 6A9510C5 		.ascii	"j\225\020\305\201[\021\302\022\2061\306z\030Nune\245"
 185      815B11C2 
 185      128631C6 
 185      7A184E75 
 185      6E65A5
 186 0085 FA14A7A5 		.ascii	"\372\024\247\245\337~g\273\301;\016iT\236\240W,|\214"
 186      DF7E67BB 
 186      C13B0E69 
 186      549EA057 
 186      2C7C8C
 187 0098 F5845A88 		.ascii	"\365\204Z\210\014j\254\233i\014Q\246\360\353\233\344"
 187      0C6AAC9B 
 187      690C51A6 
 187      F0EB9BE4 
 188 00a8 C7FD2294 		.ascii	"\307\375\"\224\320N\341\314\346\366b\025\253C\240\363"
 188      D04EE1CC 
 188      E6F66215 
 188      AB43A0F3 
 189 00b8 7C647EC5 		.ascii	"|d~\305\354\272\307y\033\327\013}\214\037\323\030\303"
 189      ECBAC779 
 189      1BD70B7D 
 189      8C1FD318 
 189      C3
ARM GAS  /var/folders/qd/4mxf5pkd0zdf0b9dd1hp39180000gn/T//ccvy4qFF.s 			page 15


 190 00c9 61644488 		.ascii	"adD\210CX\213O\260\026\350\012p\004]\004\177=\230}/"
 190      43588B4F 
 190      B016E80A 
 190      70045D04 
 190      7F3D987D 
 191 00de 3387511A 		.ascii	"3\207Q\032\037n\037`\242\224\244l\367\033\2452\216V"
 191      1F6E1F60 
 191      A294A46C 
 191      F71BA532 
 191      8E56
 192 00f0 96CA8059 		.ascii	"\226\312\200Yt\011\374\306\303\235\370>\263\334\373"
 192      7409FCC6 
 192      C39DF83E 
 192      B3DCFB
 193 00ff 4B2E3E45 		.ascii	"K.>E3\376\276\217\030<\313i\263q\237`\010\025\251|\304"
 193      33FEBE8F 
 193      183CCB69 
 193      B3719F60 
 193      0815A97C 
 194 0114 63027C26 		.ascii	"c\002|&r\322.:\300\347D3\206TG\033\022\357\203E\223"
 194      72D22E3A 
 194      C0E74433 
 194      8654471B 
 194      12EF8345 
 195 0129 CE777E74 		.ascii	"\316w~t\222A\007\322\243\2373N\0139I\362\311\014\241"
 195      924107D2 
 195      A39F334E 
 195      0B3949F2 
 195      C90CA1
 196 013c 04A2D49C 		.ascii	"\004\242\324\234\214\345:t\021\023\235\332u\310c\353"
 196      8CE53A74 
 196      11139DDA 
 196      75C863EB 
 197 014c C648ECC3 		.ascii	"\306H\354\303\032\032L\200\340\247\016\003\343\323\233"
 197      1A1A4C80 
 197      E0A70E03 
 197      E3D39B
 198 015b D58EF05D 		.ascii	"\325\216\360]~\307\2561\223\350\371-\363h\251J\226\010"
 198      7EC7AE31 
 198      93E8F92D 
 198      F368A94A 
 198      9608
 199 016d 308E0EDA 		.ascii	"0\216\016\332'P\206-l[\357J\233\204jB\344\243s)\253"
 199      2750862D 
 199      6C5BEF4A 
 199      9B846A42 
 199      E4A37329 
 200 0182 B3CFF033 		.ascii	"\263\317\3603\227\256Nr=b\337\303RcV::\223\244\200\010"
 200      97AE4E72 
 200      3D62DFC3 
 200      5263563A 
 200      3A93A480 
 201 0197 7AEFC759 		.ascii	"z\357\307Y\211@\357_]0\010\370n\202\277\2145\010&\005"
 201      8940EF5F 
 201      5D3008F8 
 201      6E82BF8C 
 201      35082605 
ARM GAS  /var/folders/qd/4mxf5pkd0zdf0b9dd1hp39180000gn/T//ccvy4qFF.s 			page 16


 202 01ab 01830276 		.ascii	"\001\203\002v\254O\364,\317V\232yk\305& \242O\311TV"
 202      AC4FF42C 
 202      CF569A79 
 202      6BC52620 
 202      A24FC954 
 203 01c0 66DC14F9 		.ascii	"f\334\024\3715-\214\023\033%\262\331\302\232%\374\235"
 203      352D8C13 
 203      1B25B2D9 
 203      C29A25FC 
 203      9D
 204 01d1 5B354658 		.ascii	"[5FXY\344\001g0\014\244\222\372h\314\"\264\332\215\271"
 204      59E40167 
 204      300CA492 
 204      FA68CC22 
 204      B4DA8DB9 
 205 01e5 09CE3FD1 		.ascii	"\011\316?\321\244\210\204\207C\261D]\245\212U[\251\273"
 205      A4888487 
 205      43B1445D 
 205      A58A555B 
 205      A9BB
 206 01f7 A9ACFB0B 		.ascii	"\251\254\373\013\252\313\025\033\227\215\371\323i\032"
 206      AACB151B 
 206      978DF9D3 
 206      691A
 207 0205 734EE0CD 		.ascii	"sN\340\315e\370Y\302\317\011Es\305\011\245\360?#zi\214"
 207      65F859C2 
 207      CF094573 
 207      C509A5F0 
 207      3F237A69 
 208 021a E8158DE8 		.ascii	"\350\025\215\350\013\215\250;\343\024*\014\343\242\364"
 208      0B8DA83B 
 208      E3142A0C 
 208      E3A2F4
 209 0229 77D1DC09 		.ascii	"w\321\334\011T\343v{\212OP\365(!\217\252x=^\177@\275"
 209      54E3767B 
 209      8A4F50F5 
 209      28218FAA 
 209      783D5E7F 
 210 023f E4F68214 		.ascii	"\344\366\202\024jft:\\\001\271|\325{\345\332E\037\301"
 210      6A66743A 
 210      5C01B97C 
 210      D57BE5DA 
 210      451FC1
 211 0252 D416D5ED 		.ascii	"\324\026\325\355\207#\025\371\346\240\022R=g\032\317"
 211      872315F9 
 211      E6A01252 
 211      3D671ACF 
 212 0262 11C21B54 		.ascii	"\021\302\033T|\0049\030P\025\273Xg\31775^\360\036\267"
 212      7C043918 
 212      5015BB58 
 212      67CF3735 
 212      5EF01EB7 
 213 0276 1F3D71FD 		.ascii	"\037=q\375T\003X\002\276@Pi\201\177w\020B\366.?\331"
 213      54035802 
 213      BE405069 
 213      817F7710 
 213      42F62E3F 
ARM GAS  /var/folders/qd/4mxf5pkd0zdf0b9dd1hp39180000gn/T//ccvy4qFF.s 			page 17


 214 028b 003F018C 		.ascii	"\000?\001\214\177EA"
 214      7F4541
 215              		.text
 216              		.section	.gnu.lto_.symbol_nodes.381b4f9cff1778cc,"",%progbits
 217 0000 789C55C9 		.ascii	"x\234U\3111\012\3020\030\206\3417\371\223\\\243\036"
 217      310AC230 
 217      1886E137 
 217      F9935CA3 
 217      1E
 218 0011 454FF667 		.ascii	"EO\366g\010\035\234\204\336\246\263 8\364\016B)\250"
 218      081D9C84 
 218      DEA6B320 
 218      38F40E42 
 218      29A8
 219 0023 A9830790 		.ascii	"\251\203\007\220&N\315\360\361\301\363\006`(\303>Q\270"
 219      264ECDF0 
 219      F1C1F306 
 219      6028C33E 
 219      51B8
 220 0035 4CD41BE3 		.ascii	"L\324\033\343\011|\206C-/\3244\305\276Q\333\210\371"
 220      097C8643 
 220      2D2FD434 
 220      C5BE51DB 
 220      88F9
 221 0047 A0F21788 		.ascii	"\240\362\027\210\361X`E]\003_\324\357A\360\\\357\213"
 221      F1586045 
 221      5D035FD4 
 221      EF41F05C 
 221      EF8B
 222 0059 088EF99C 		.ascii	"\010\216\371\234;\261\216\324\337D$\220\036?\303\006"
 222      3BB18ED4 
 222      DF442490 
 222      1E3FC306 
 223 0069 C3E72576 		.ascii	"\303\347%v"
 224              		.text
 225              		.section	.gnu.lto_.refs.381b4f9cff1778cc,"",%progbits
 226 0000 789C6363 		.ascii	"x\234cc``\340\003bF bdbb`\004\"N\006\000\002\000\000"
 226      6060E003 
 226      62462062 
 226      64626260 
 226      04224E06 
 227 0018 29       		.ascii	")"
 228              		.text
 229              		.section	.gnu.lto_.decls.381b4f9cff1778cc,"",%progbits
 230 0000 789CC55A 		.ascii	"x\234\305Z{PT\351\225\357\357~M7\3354\340\250\2315\211"
 230      7B5054E9 
 230      95EFEF7E 
 230      4D37DD34 
 230      E0A89935 
 231 0015 55999A22 		.ascii	"U\231\232\";\354\037\212N&\231\311&[\225\354l6I\355"
 231      3BEC1F8A 
 231      4E2699C9 
 231      265B95EC 
 231      6C3649ED 
 232 0029 26BB356E 		.ascii	"&\2735n*[\225\335\3550m+\314\360Jw\343\214\331\255\312"
 232      2A5B95DD 
 232      ED306D2B 
ARM GAS  /var/folders/qd/4mxf5pkd0zdf0b9dd1hp39180000gn/T//ccvy4qFF.s 			page 18


 232      CCF04A77 
 232      E38CD9AD 
 233 003e E50DA2F2 		.ascii	"\345\015\242\362\024Qq@E\304'(\357\227 oE\221\207\202"
 233      14517140 
 233      45C42728 
 233      EF97206F 
 233      45918782 
 234 0052 CA1B1411 		.ascii	"\312\033\024\021D\004QQ\024\366|\217\356{\273\351v\346"
 234      44045151 
 234      14F67C8F 
 234      EE7BBBE9 
 234      76E6
 235 0064 9FADEDE2 		.ascii	"\237\255\355\342\343\336s\357\371\316\371\235\363\235"
 235      E3DE73EF 
 235      F9CEF99D 
 235      F39D
 236 0072 73EEF77D 		.ascii	"s\356\367}\367\252\024\012\305?lV(\006U\012\205RP(\226"
 236      F7AA140A 
 236      C53F6C56 
 236      2806550A 
 236      85525028 
 237 0087 E1A7846B 		.ascii	"\341\247\204k\227\240ah\277@\012\305\030\034\327+\330"
 237      97A06168 
 237      BF400AC5 
 237      181CD72B 
 237      D8
 238 0098 0FD81431 		.ascii	"\017\330\0241p-\036\332\036h)\320\366A\333\017\015\021"
 238      702D1EDA 
 238      1E6829D0 
 238      F641DB0F 
 238      0D11
 239 00aa 064161F7 		.ascii	"\006Aa\367\363\000!k\340\270\032\332Z\005\223Ed\"\201"
 239      F300216B 
 239      E0B81ADA 
 239      5A059345 
 239      642281
 240 00bd C914E0B8 		.ascii	"\311\024\340\270\004\364=hj8\377G8~\002\355Shz\270\377"
 240      04F43D68 
 240      6A38FF47 
 240      387E02ED 
 240      53687AB8 
 241 00d2 161CDDE1 		.ascii	"\026\034\335\341z:\0345pL\206\243\007\\\177\016\307"
 241      7A3A1C35 
 241      704C86A3 
 241      075C7F0E 
 241      C7
 242 00e3 41687F80 		.ascii	"Ah\177\200\366\037\320\374\241\205B\373\037h[\240\375"
 242      F61FD0FC 
 242      A18542FB 
 242      1F685BA0 
 242      FD
 243 00f4 37B47068 		.ascii	"7\264ph\177\"\3759f\035\364\367\202\266F`\230\011\366"
 243      7F22FD39 
 243      661DF4F7 
 243      82B64660 
 243      9809F6
 244 0107 6FC1F95F 		.ascii	"o\301\371_\011\014\366;\302J\374o\001~/\031~+v\202U"
ARM GAS  /var/folders/qd/4mxf5pkd0zdf0b9dd1hp39180000gn/T//ccvy4qFF.s 			page 19


 244      090CF63B 
 244      C24AFC6F 
 244      017E2F19 
 244      7E2B7682 
 245 011c 8EDD8A5B 		.ascii	"\216\335\212[\303\355\"8\011v\265\014+\301\371;\216"
 245      C3ED2238 
 245      0976B50C 
 245      2BC1F93B 
 245      8E
 246 012d D18A8F60 		.ascii	"\321\212\217`\213\227a\373\033\201\341\332 H\330\234"
 246      8B9761FB 
 246      1B81E1DA 
 246      2048D89C 
 247 013d F9F5BB98 		.ascii	"\371\365\273\230\365\375\243\0036\342_\202m#\264\335"
 247      F5FDA303 
 247      36E25F82 
 247      6D23B4DD 
 248 014d 88F1120C 		.ascii	"\210\361\022\014{d:6\011l\274\344\362?t\220\237\216"
 248      7B643A36 
 248      096CBCE4 
 248      F23F7490 
 248      9F8E
 249 015f D160E585 		.ascii	"\321`\345\205\011\015\026\0209o\352~V\252\331xFd?\367"
 249      090D1610 
 249      396FEA7E 
 249      56AAD978 
 249      46643FF7 
 250 0173 BF53A022 		.ascii	"\277S\240\"\204\255\214\235\321\205Y8\021\243\325Z\244"
 250      84AD8C9D 
 250      D1855938 
 250      11A3D55A 
 250      A4
 251 0184 0472F6DA 		.ascii	"\004r\366\332\3011/ \327j\321;@\226=:]\346\311\356\326"
 251      C1312F20 
 251      D76AD13B 
 251      40963D3A 
 251      5DE6C9EE 
 252 0199 11EEFCF1 		.ascii	"\021\356\374\361\254\275:F\177\004d\\\324\313^%\376"
 252      ACBD3A46 
 252      7F04645C 
 252      D4CB5E25 
 252      FE
 253 01aa 6BAA65A0 		.ascii	"k\252e\240\365\344i\"\350=-\"q\350\015\227\012\036V"
 253      F5E46922 
 253      E83D2D22 
 253      71E80D97 
 253      0A1E56
 254 01bd BCF06497 		.ascii	"\274\360d\227\010GW\322\\\256\032o&\347\302\320\355"
 254      084757D2 
 254      5CAE1A6F 
 254      26E7C2D0 
 254      ED
 255 01ce C57E2FA4 		.ascii	"\305~/\244\365\215\027\305H1'J\324\374J\201J\321zT\202"
 255      F58D17C5 
 255      4831274A 
 255      D4FC4A81 
 255      4AD17A54 
ARM GAS  /var/folders/qd/4mxf5pkd0zdf0b9dd1hp39180000gn/T//ccvy4qFF.s 			page 20


 256 01e3 D62BD045 		.ascii	"\326+\320E\344K\372\024\243\215\012T\005\027+\341b\036"
 256      E44BFA14 
 256      A38D0A54 
 256      05172BE1 
 256      621E
 257 01f5 C15E77FF 		.ascii	"\301^w\377\371{)q\242(\240\032\244E\325\010S\036p\302"
 257      F97B2971 
 257      A228A01A 
 257      A445D508 
 257      531E70C2 
 258 0209 7B5A66CD 		.ascii	"{Zf\315\311\334\224\243*\334\201\250\216\252C\367\232"
 258      C9DC94A3 
 258      2ADC81A8 
 258      8EAA43F7 
 258      9A
 259 021a 04573A2E 		.ascii	"\004W:.\271\324q\275\352\335\346\030\242\243\016t\324"
 259      B9D471BD 
 259      EADDE618 
 259      A2A30E74 
 259      D4
 260 022b 4A3A4025 		.ascii	"J:@%S\"\246/f{\342Q\352\\a&\352\320q\227\2064\272T\322"
 260      5322A62F 
 260      667BE251 
 260      EA5C6126 
 260      EAD07197 
 261 0244 3BB0E9C0 		.ascii	";\260\351\300KQ|\0075\200\222zII\235UI\377LF\254\012"
 261      4B517C07 
 261      3580927A 
 261      49499D55 
 261      49FF4C46 
 262 025a 6761EAB9 		.ascii	"ga\352\271\203U\363W\334\230\333\335\201|Q>\225\245"
 262      8355F357 
 262      DC98DBDD 
 262      817C513E 
 262      95A5
 263 026c C279ECDE 		.ascii	"\302y\354\336\225\321\364\001\001\237e\204u\274\326"
 263      95D1F401 
 263      019F6584 
 263      75BCD6
 264 027b F2F13ABC 		.ascii	"\362\361:\274X\334\344\201K\330\315\013\363\211\337"
 264      58DCE481 
 264      4BD8CD0B 
 264      F389DF
 265 028a C635ECBC 		.ascii	"\3065\354\274q\254\273\325\01572\"\261(\372\210\022"
 265      71ACBBD5 
 265      0D373222 
 265      B128FA88 
 265      12
 266 029b DF6444E5 		.ascii	"\337dD\345\276\352iw\334\317\210K\257ogi\361CFt=\276"
 266      BEEA6977 
 266      DCCF884B 
 266      AF6F6769 
 266      F1434674 
 267 02b1 7AD883A1 		.ascii	"z\330\203\241X\005d\351\370\345f-\323%\"\240_\035\277"
 267      580564E9 
 267      F8E5662D 
 267      D32522A0 
ARM GAS  /var/folders/qd/4mxf5pkd0zdf0b9dd1hp39180000gn/T//ccvy4qFF.s 			page 21


 267      5F1DBF
 268 02c4 7ECB1DCF 		.ascii	"~\313\035\3173\336\252\262\352f\216x\023\220\273\223"
 268      33DEAAB2 
 268      EA668E78 
 268      1390BB93 
 269 02d4 C5160FFC 		.ascii	"\305\026\017\374\232\335kN\212\336\255\305\361J\352"
 269      9ADD6B4E 
 269      8ADEADC5 
 269      F14AEA
 270 02e3 BFA79D0F 		.ascii	"\277\247\235\017\017\250\\\371\257\327\245\377^~\033"
 270      0FA85CF9 
 270      AFD7A5FF 
 270      5E7E1B
 271 02f2 2219F580 		.ascii	"\"\031\365\200\363n:q^\363\360\3539o\234N5\240\230="
 271      F36E3A71 
 271      5EF3F0EB 
 271      396F9C4E 
 271      35A0983D 
 272 0306 67F7139C 		.ascii	"g\367\023\234*\026\230j\270t\367\361\313R%\273D\244"
 272      2A16986A 
 272      B874F7F1 
 272      CB5225BB 
 272      44A4
 273 0318 7D493C75 		.ascii	"}I<u\240\377\274\027>\310@]\354.\217\366D\276Z\036t"
 273      A0FFBC17 
 273      3EC8405D 
 273      EC2E8FF6 
 273      44BE5A1E 
 274 032d 65EF45D0 		.ascii	"e\357E\320\240\033\000u}\222:\025\321\026OX\034q\367"
 274      A01B0075 
 274      7D923A15 
 274      D1164F58 
 274      1C71F7
 275 0340 036E15C7 		.ascii	"\003n\025\307}\007.\336\206\213\240c\356\305\343b%\316"
 275      7D072EDE 
 275      868BA063 
 275      EEC5E362 
 275      25CE
 276 0352 653A8AD2 		.ascii	"e:\212\322^ez\331t\\\257z\277\204\006\3350\350\030\224"
 276      5E657AD9 
 276      745CAF7A 
 276      BF8406DD 
 276      30E81894 
 277 0366 740C2097 		.ascii	"t\014 \227J\206\234+\351\335\335\335\247\302g\230\222"
 277      4A869C2B 
 277      E9DDDDDD 
 277      A7C26798 
 277      92
 278 0377 B2B6FE45 		.ascii	"\262\266\376ElS\322;\360\001\013\2721P2\")\031v\255"
 278      6C53D23B 
 278      F0010BBA 
 278      31503222 
 278      291976AD 
 279 038b 64D4B992 		.ascii	"d\324\271\222CO\006\036h\330\360\372\002\231\364$\245"
 279      434F061E 
 279      68D8F0FA 
 279      0299F424 
ARM GAS  /var/folders/qd/4mxf5pkd0zdf0b9dd1hp39180000gn/T//ccvy4qFF.s 			page 22


 279      A5
 280 039c D70D5F60 		.ascii	"\327\015_`\376\266\226\220\325\254\204\034N\272Y\212"
 280      FEB69690 
 280      D5AC841C 
 280      4EBA598A 
 281 03ac 710DBB97 		.ascii	"q\015\273\227p&\241\331\013\2670\342hm\325C5\356\345"
 281      7026A1D9 
 281      0BB730E2 
 281      686DD543 
 281      35EEE5
 282 03bf BD7A22C7 		.ascii	"\275z\"\307\264x\234\021#\375-\205^x\222\021U\317\017"
 282      B4789C11 
 282      23FD2D85 
 282      5E789211 
 282      55CF0F
 283 03d2 5579E359 		.ascii	"Uy\343YF\\\033[\236\323\342\005FtF\034\201P]\346}\304"
 283      465C1B5B 
 283      9ED3E205 
 283      4674461C 
 283      81505DE6 
 284 03e8 C5033A1C 		.ascii	"\305\003:\034\343F\355>T\177\264H\260\331}\345;$Xf\301"
 284      E346ED3E 
 284      547FB448 
 284      B0D97DE5 
 284      3B245866 
 285 03fd E8996F64 		.ascii	"\350\231od\364c\347F\267\317\356z\345\215\023\335X\316"
 285      F463E746 
 285      B7CFEE7A 
 285      E58D13DD 
 285      58CE
 286 040f EC9BCEF3 		.ascii	"\354\233\316\363\302i\214X\234H\277\215\230\311: #\253"
 286      C2698C58 
 286      9C48BF8D 
 286      98C93A20 
 286      23AB
 287 0421 6EA778B3 		.ascii	"n\247x\263\314\030\246\341x=\347\211;\316a\274\025)"
 287      CC18A6E1 
 287      783DE789 
 287      3BCE61BC 
 287      1529
 288 0433 A9003A8F 		.ascii	"\251\000:\217\021\203\231\211U\036\270\202\021\027\223"
 288      11839989 
 288      551EB882 
 288      111793
 289 0442 E6CA35B8 		.ascii	"\346\3125\270\216\021q\013\243\205\336\370\262\233]"
 289      8E11710B 
 289      A385DEF8 
 289      B29B5D
 290 0451 36AD65D9 		.ascii	"6\255e\331\364(\372\3360O\304u@\036\273\3210\347\206"
 290      F428FADE 
 290      304FC475 
 290      401EBBD1 
 290      30E786
 291 0464 3B186B41 		.ascii	";\030kA\314\335\223\356po=D;\222\325\340\365\254\006"
 291      CCDD93EE 
 291      706F3D44 
 291      3B92D5E0 
ARM GAS  /var/folders/qd/4mxf5pkd0zdf0b9dd1hp39180000gn/T//ccvy4qFF.s 			page 23


 291      F5AC06
 292 0477 17D73D39 		.ascii	"\027\327=9\253\304\275\314K\347\317\336\375L\212\362"
 292      ABC4BDCC 
 292      4BE7CFDE 
 292      FD4C8AF2 
 293 0487 E76F978B 		.ascii	"\347o\227\213\342*\024)@R\01067\255\347^\212\024\305"
 293      E22A1429 
 293      40520836 
 293      37ADE75E 
 293      8A14C5
 294 049a 63225EA7 		.ascii	"c\"^\247@?X\2176\201\217\"\004_\"\223\372h\031|\264"
 294      403F588F 
 294      36818F22 
 294      045F2293 
 294      FA68197C 
 295 04af C47C7432 		.ascii	"\304|t2;\277\321\023\2170\371\203gg\332\261,\304\337"
 295      3BBFD113 
 295      8F30F983 
 295      6767DAB1 
 295      2CC4DF
 296 04c2 2DA2211E 		.ascii	"-\242!\036\003\032\242$\015\240\320\271\212h\347*\""
 296      031AA224 
 296      0DA0D0B9 
 296      8A68E72A 
 296      22
 297 04d3 D3BACF68 		.ascii	"\323\272\317h\360\003\246\"\262)\271Sm-\037\366\335"
 297      F003A622 
 297      B229B953 
 297      6D2D1FF6 
 297      DD
 298 04e4 E39D74B7 		.ascii	"\343\235t\267\346\201/\313\2038@\022+!\211\021x\375"
 298      E6812FCB 
 298      83384012 
 298      2B218911 
 298      78FD
 299 04f6 B086F75A 		.ascii	"\260\206\367Z\026\336\215\371\025\203\236x\226\017\374"
 299      16DE8DF9 
 299      15839E78 
 299      960FFC
 300 0505 EEA5028C 		.ascii	"\356\245\002\214_0\365\323{\363\313T\316\325\357q\251"
 300      5F30F5D3 
 300      7BF3CB54 
 300      CED5EF71 
 300      A9
 301 0516 BE9ED6AE 		.ascii	"\276\236\326\256\335\240;\321\211\356\232\330\2710\034"
 301      DDA03BD1 
 301      89EE9AD8 
 301      B9301C
 302 0525 A1A2BA72 		.ascii	"\241\242\272r\033\012:\3258\201\022\302\355\247mi\262"
 302      1B0A3AD5 
 302      388112C2 
 302      EDA76D69 
 302      B2
 303 0536 98A64252 		.ascii	"\230\246BR@H\222\243\020'`\222\235\2732\273\246\363"
 303      404892A3 
 303      10276092 
 303      9DBB32BB 
ARM GAS  /var/folders/qd/4mxf5pkd0zdf0b9dd1hp39180000gn/T//ccvy4qFF.s 			page 24


 303      A6F3
 304 0548 A412A732 		.ascii	"\244\022\2472e7\027j^\352\360\001J(\317D\235z\254D\276"
 304      6537176A 
 304      5EEAF001 
 304      4A28CF44 
 304      9D7AAC44 
 305 055d EB113023 		.ascii	"\353\0210#\246\222\314\035\024h?hL\023\260u\252qP\004"
 305      A692CC1D 
 305      14683F68 
 305      4C13B075 
 305      AA715004 
 306 0571 6D8FFF42 		.ascii	"m\217\377B.\303\271;=:\321\237\016\372\311-\005\312"
 306      2EC3B93B 
 306      3D3AD19F 
 306      0EFAC92D 
 306      05CA
 307 0583 10D6A37D 		.ascii	"\020\326\243}\002\325~>\253\365\205F\313\271\343\277"
 307      02D57E3E 
 307      ABF58546 
 307      CBB9E3BF 
 308 0593 8E7B6461 		.ascii	"\216{da\271Q\247\333e{L\240L@bMY\005: \350\370\214&"
 308      B951A7DB 
 308      657B4CA0 
 308      4C40624D 
 308      59053A20 
 309 05ab FB56C5A0 		.ascii	"\373V\305\240\022\177\305\214\032\023\033\272\005\234"
 309      127FC58C 
 309      1A131BBA 
 309      059C
 310 05b9 C788B3C7 		.ascii	"\307\210\263\307\006\217k\3609F\324\334I\235\360\304"
 310      068F6BF0 
 310      3946D4DC 
 310      499DF0C4 
 311 05c9 C58C183C 		.ascii	"\305\214\030<\267T\255\302\345\214\310\356\237=\253"
 311      B754ADC2 
 311      E58CC8EE 
 311      9F3DAB
 312 05d8 C655CCEB 		.ascii	"\306U\314\353=\313\023\023\220\325\2762\305\177|[*\025"
 312      3DCB1313 
 312      90D5BE32 
 312      C57F7C5B 
 312      2A15
 313 05ea 4700AA5E 		.ascii	"G\000\252^\307\375\317\023\351\026N\272\017\317\013"
 313      C7FDCF13 
 313      E9164EBA 
 313      0FCF0B
 314 05f9 25CA1174 		.ascii	"%\312\021t([\032\035\275\216\001\034\216l\356v\307\367"
 314      285B1A1D 
 314      BD8E011C 
 314      8E6CEE76 
 314      C7F7
 315 060b 99B2D947 		.ascii	"\231\262\331G7^y\342)F\210/.\336Q\341\031F\364\355["
 315      375E79E2 
 315      2946882F 
 315      2EDE51E1 
 315      1946F4ED 
 316 0620 18D6E039 		.ascii	"\030\326\3409F\264\336L\254U\342\247\2148\3216,\272"
ARM GAS  /var/folders/qd/4mxf5pkd0zdf0b9dd1hp39180000gn/T//ccvy4qFF.s 			page 25


 316      46B4DE4C 
 316      AC55E2A7 
 316      8C38D136 
 316      2CBA
 317 0632 E1054654 		.ascii	"\341\005FT\357j{\345\216\027\031q\2602.R\213\227\030"
 317      EF6A7BE5 
 317      8E171971 
 317      B0322E52 
 317      8B9718
 318 0645 717AF949 		.ascii	"qz\371I\222\016G\250)\261P\335yT`5\303\007\310Su\211"
 318      920E47A8 
 318      29B150DD 
 318      79546035 
 318      C307C853 
 319 065b AD984578 		.ascii	"\255\230Ex\216\220\216=\256\306\\\215sG>\354\267\306"
 319      8E908E3D 
 319      AEC65C8D 
 319      73473EEC 
 319      B7C6
 320 066d D7C7E728 		.ascii	"\327\307\347(\261\267\356Y\365\352cQb\353&j\312Qb\212"
 320      B1B7EE59 
 320      F5EA6351 
 320      62EB266A 
 320      CA51628A 
 321 0681 B04632FE 		.ascii	"\260F2\376\025\365|)\371\257`\374/\177rP\254\213\306"
 321      15F57C29 
 321      F9AF60FC 
 321      2F7F7250 
 321      AC8BC6
 322 0694 94FDA423 		.ascii	"\224\375\244#\273\037\341\336,1\327\377Tb\316w\312,"
 322      BB1FE1DE 
 322      2C31D7FF 
 322      5462CE77 
 322      CA2C
 323 06a6 17DD25E3 		.ascii	"\027\335%\343\316s\344n^\201dT\306\236\353\310\336\261"
 323      CE73E46E 
 323      5E816454 
 323      C69EEBC8 
 323      DEB1
 324 06b8 12B88CFD 		.ascii	"\022\270\214\375+G\366q\344\200|R\306}\314\271W(w\012"
 324      2B47F671 
 324      E4807C52 
 324      C67DCCB9 
 324      5728770A 
 325 06cc 09886468 		.ascii	"\011\210dhH\251@g \226OC,\243S\274\007\204\005*\201"
 325      48A94067 
 325      20964F43 
 325      2CA353BC 
 325      0784052A 
 326 06e1 F83927F8 		.ascii	"\3709'\370\240\002he\320\012\241\225B;\017\255\010\332"
 326      A0026865 
 326      D00AA195 
 326      423B0FAD 
 326      08DA
 327 06f3 59681704 		.ascii	"Yh\027\004\037\232k,\274\236U\255\212\000\201D\202\202"
 327      1F9A6B2C 
 327      BC9E55AD 
ARM GAS  /var/folders/qd/4mxf5pkd0zdf0b9dd1hp39180000gn/T//ccvy4qFF.s 			page 26


 327      8A008144 
 327      8282
 328 0705 4796C206 		.ascii	"G\226\302\006lP>^\307\235\233-\263\343\212\314\216\023"
 328      6C503E5E 
 328      C79D9B2D 
 328      B3E38ACC 
 328      8E13
 329 0717 CE7D4AB9 		.ascii	"\316}J\271\311c|t\372\221\233<\375\344\274\012TnK\277"
 329      C9637C74 
 329      FA919B3C 
 329      FDE4BC0A 
 329      546E4BBF 
 330 072b B2E5C9C7 		.ascii	"\262\345\311\307nx\017\215:|~\252$\337\033\255\361\361"
 330      6E780F8D 
 330      3A7C7EAA 
 330      24DF1BAD 
 330      F1F1
 331 073d 4DE1CF59 		.ascii	"M\341\317Y\352\011\233\212\012\320Y\311=Q\015\236\250"
 331      EA099B8A 
 331      0AD059C9 
 331      3D510D9E 
 331      A8
 332 074e E2963274 		.ascii	"\342\2262t\355\027\3272c@8:\314Y\235D\023\363K\363E"
 332      ED17D732 
 332      6340383A 
 332      CC599D44 
 332      13F34BF3 
 333 0763 E6974A7B 		.ascii	"\346\227J{\277\220\331I\377\245I\001\357cy05~\272G\300"
 333      BF90D949 
 333      FFA54901 
 333      EF637930 
 333      357EBA47 
 334 0778 598CC81A 		.ascii	"Y\214\310\032\252\037\344\323\230FB\227\016\245'\350"
 334      AA1FE4D3 
 334      98464297 
 334      0EA527E8 
 335 0788 785690D5 		.ascii	"xV\220\325Ps\347\362E\015\316c\314E\313'c1>G\211\237"
 335      5073E7F2 
 335      450DCE63 
 335      CC45CB27 
 335      63313E47 
 336 079e 9EE8EE9F 		.ascii	"\236\350\356\237\322\200a\2725>k|\310\177\370\363!\347"
 336      D28061BA 
 336      353E6B7C 
 336      C87FF8F3 
 336      21E7
 337 07b0 BEF06339 		.ascii	"\276\360c9\344\353\263\326\207\336\362\361\365\321\351"
 337      E4EBB3D6 
 337      87DEF2F1 
 337      F5D1E9
 338 07bf C8455F1F 		.ascii	"\310E_\037\333\317\327\205G&`\202\322\300=2\004"
 338      DBCFD785 
 338      47266082 
 338      D2C03D32 
 338      04
 339 07d0 1E69B4F3 		.ascii	"\036i\264\363\310\362#\374\240i\357\0361\247\036\241"
 339      C8F223FC 
ARM GAS  /var/folders/qd/4mxf5pkd0zdf0b9dd1hp39180000gn/T//ccvy4qFF.s 			page 27


 339      A069EF1E 
 339      31A71EA1 
 340 07e0 26704A1B 		.ascii	"&pJ\033\347v\342\024\331H5\333\215\024\351\307\334c"
 340      E776E214 
 340      D94835DB 
 340      8D14E9C7 
 340      DC63
 341 07f2 179D7510 		.ascii	"\027\235u\020\235\265$:\227@k+G\360\032\316_A\004.B"
 341      9DB5243A 
 341      97406B2B 
 341      47F01ACE 
 341      5F41042E 
 342 0807 7B09ED05 		.ascii	"{\011\355\005\264\005h\317\241=\203\366\024\332<\264"
 342      B40568CF 
 342      A13D83F6 
 342      14DA3CB4 
 343 0817 27D046A0 		.ascii	"'\320F\240\015@\353\207\326\007\355\016\264+\320.Ck"
 343      0D40EB87 
 343      D607ED0E 
 343      B42BD02E 
 343      436B
 344 0829 B1B3A2FE 		.ascii	"\261\263\242\376\017,\352\240n^\202Qm\225\033P\346\""
 344      0F2CEAA0 
 344      6E5E8251 
 344      6D951B50 
 344      E622
 345 083b 796CF02E 		.ascii	"yl\360.\362\036\377w\360\332\357\360\034\"K\263\012"
 345      F21EFF77 
 345      F0DAEFF0 
 345      1C224BB3 
 345      0A
 346 084c E400B07C 		.ascii	"\344\000\260|E\351xt\233\207i\033x\266\3119\277\343"
 346      45E97874 
 346      9B87691B 
 346      78B6C939 
 346      BFE3
 347 085e 905CB51B 		.ascii	"\220\\\265\033\2226\226<v\006w\302]\222\257\250\013"
 347      9236963C 
 347      760677C2 
 347      5D92AFA8 
 347      0B
 348 086f 245EE506 		.ascii	"$^\345\006\337\002\203;\001p\007\264kv\240\033\026\361"
 348      DF02833B 
 348      017007B4 
 348      6B76A01B 
 348      16F1
 349 0881 52B128C2 		.ascii	"R\261(\302T\241\035P\264\360>N\353\243\014\306u;\030"
 349      54A11D50 
 349      B4F03E4E 
 349      EBA30CC6 
 349      753B18
 350 0894 ED6F8271 		.ascii	"\355o\202q\033T\177=\214\321\023X\314]Gc\254\3259\006"
 350      1B547F3D 
 350      8CD11358 
 350      CC5D4763 
 350      ACD53906 
 351 08a8 6BF5818C 		.ascii	"k\365\201\214\355\331\257\216\240\201\320\005lW8\373"
ARM GAS  /var/folders/qd/4mxf5pkd0zdf0b9dd1hp39180000gn/T//ccvy4qFF.s 			page 28


 351      EDD9AF8E 
 351      A081D005 
 351      6C5738FB 
 352 08b8 65606FB6 		.ascii	"e`o\266\017e;@\266\373\275\000\342\006\007\324\003\347"
 352      0F653B40 
 352      B6FBBD00 
 352      E20607D4 
 352      03E7
 353 08ca 37014CB7 		.ascii	"7\001L\267c\266\274\220g\3135Pq\303\3053\306\271\216"
 353      63B6BC90 
 353      67CB3550 
 353      71C3C533 
 353      C6B98E
 354 08dd ABBC876B 		.ascii	"\253\274\207k\035\365~,\226\255\331\270R\276\254D-\235"
 354      1DF57E2C 
 354      96ADD9B8 
 354      52BEAC44 
 354      2D9D
 355 08ef 6325EA86 		.ascii	"c%\352\206}\211b7[\226q\376\261T2m \356h\227\026*\204"
 355      7D896237 
 355      5B9671FE 
 355      B154326D 
 355      20EE6897 
 356 0906 DBC6B488 		.ascii	"\333\306\264\210_\024\222\231\353Ug\"\3063\324dRHF\365"
 356      5F149299 
 356      EB556722 
 356      C633D464 
 356      524846F5 
 357 091a BAD4FF2A 		.ascii	"\272\324\377*\355\317\340.>\302{\333b\305d\177\272t"
 357      EDCFE02E 
 357      3EC27BDB 
 357      62C5647F 
 357      BA74
 358 092c BEE118AC 		.ascii	"\276\341\030\254\335\366\301M\346\252\377\316\354#+"
 358      DDF6C14D 
 358      E6AAFFCE 
 358      EC232B
 359 093b C65BCED9 		.ascii	"\306[\316\331e#:\372/\322\200\336\343\3346g\336u\344"
 359      65233AFA 
 359      2FD280DE 
 359      E3DC3667 
 359      DE75E4
 360 094e 9EFB2D93 		.ascii	"\236\373-\223=\010\\\367\035e\217#\207\301YQ*\207a@"
 360      3D085CF7 
 360      1D658F23 
 360      87C15951 
 360      2A876140 
 361 0962 9C954AFE 		.ascii	"\234\225J\3768\340\276np\341\353\003Q\324\327D\367\003"
 361      38E0BE6E 
 361      70E1EB03 
 361      51D4D744 
 361      F703
 362 0974 C9570D56 		.ascii	"\311W\015V_\211\254\330\236\344\3413*\254E\223\316!"
 362      5F89ACD8 
 362      9EE4E133 
 362      2AAC4593 
 362      CE21
ARM GAS  /var/folders/qd/4mxf5pkd0zdf0b9dd1hp39180000gn/T//ccvy4qFF.s 			page 29


 363 0986 5283529D 		.ascii	"R\203R\235!T\320n\004\336\034\300\233\205\330y\014m"
 363      2154D06E 
 363      04DE1CC0 
 363      9B85D879 
 363      0C6D
 364 0998 06DA14B4 		.ascii	"\006\332\024\264{\320\356B\033\263\213\247\227\277a"
 364      7BD0EE42 
 364      1BB38BA7 
 364      97BF61
 365 09a7 3E21C333 		.ascii	">!\3033\005\012\211\004\227\023\250\245\253\262\312"
 365      050A8904 
 365      9713A8A5 
 365      ABB2CA
 366 09b6 F3F0EBB8 		.ascii	"\363\360\353\270\347\376\211\211\036\007\346i\327\314"
 366      E7FE8989 
 366      1E07E669 
 366      D7CC
 367 09c4 B2F270DF 		.ascii	"\262\362p\337\256<\214;)\017O\341\356<\351\377\004\004"
 367      AE3C8C3B 
 367      290F4FE1 
 367      EE3CE9FF 
 367      0404
 368 09d6 DEE78331 		.ascii	"\336\347\2031\011\326>\000\313&$\313\300\2353\211n3"
 368      09D63E00 
 368      CB2624CB 
 368      C09D3389 
 368      6E33
 369 09e8 7313A298 		.ascii	"s\023\242\230\252\243+\361G\274\203\353\3620\3716)%"
 369      AAA32BF1 
 369      47BC83EB 
 369      F230F936 
 369      2925
 370 09fa 2494E638 		.ascii	"$\224\3468\257\223\332\300\003?\326\215\004\376}gS\""
 370      AF93DAC0 
 370      033FD68D 
 370      04FE7D67 
 370      5322
 371 0a0c 18C67397 		.ascii	"\030\306s\227\3710>\004\323\237}#\323\247\201S2\375"
 371      F9303E04 
 371      D39F7D23 
 371      D3A78153 
 371      32FD
 372 0a1e 2133DDC5 		.ascii	"!3\335\3053\025=\002\203\245\307\252-\304vG%\222\020"
 372      33153D02 
 372      83A5C7AA 
 372      2DC47647 
 372      259210
 373 0a31 23A29E4B 		.ascii	"#\242\236K!\326De\331\260e[\261\301\323p\341\215CH\202"
 373      21D64465 
 373      D9B0655B 
 373      B1C1D370 
 373      E18D4348 
 374 0a46 FA327F34 		.ascii	"\3722\1774\221t|\361u\334W~%\345\356K\327\314\014oO"
 374      91747CF1 
 374      75DC577E 
 374      25E5EE4B 
 374      D7CC0C6F 
ARM GAS  /var/folders/qd/4mxf5pkd0zdf0b9dd1hp39180000gn/T//ccvy4qFF.s 			page 30


 375 0a5b AD8AB810 		.ascii	"\255\212\270\020xV\272\020V\001QQb\346&\272^~\315\323"
 375      7856BA10 
 375      56015151 
 375      62E626BA 
 375      5E7ECDD3 
 376 0a6f 80AFD5D8 		.ascii	"\200\257\325\330lwQ\366<\274\362\323L\261.\002\323\005"
 376      6C7751F6 
 376      3CBCF2D3 
 376      4CB12E02 
 376      D305
 377 0a81 EE2EC109 		.ascii	"\356.\301\011s\202 \233I\377\2041\223\205\354^g\314"
 377      7382209B 
 377      49FF8431 
 377      9385EC5E 
 377      67CC
 378 0a93 F2276D4F 		.ascii	"\362'mO%\217wX\354\241T\307\251\303+\344\020\360w~,"
 378      258F7758 
 378      ECA154C7 
 378      A9C32BE4 
 378      10F0777E 
 379 0aa8 D5E6838E 		.ascii	"\325\346\203\216\334+\227\000]2\366C\316\331\345CQ\301"
 379      DC2B9700 
 379      5D32F643 
 379      CED9E543 
 379      51C1
 380 0aba 87824C4A 		.ascii	"\207\202LJ\263\034\331W\256G^~\304\244\223IE\215sv\031"
 380      B31CD957 
 380      AE475E7E 
 380      C4A49349 
 380      458D7376 
 381 0acf F447E5DC 		.ascii	"\364G\345\334R\353s\253\325\305s\213[\372\221\375Sh"
 381      52EB73AB 
 381      D5C5738B 
 381      5BFA91FD 
 381      5368
 382 0ae1 25B77CA4 		.ascii	"%\267|\244\313YeluQ\031\227\347\311\003\206\004x\275"
 382      CB59656C 
 382      75511997 
 382      E7C90386 
 382      0478BD
 383 0af4 B4766DA5 		.ascii	"\264vm\245\205\221( [\304\227jj=\206\320\000y\227\202"
 383      85912820 
 383      5BC4976A 
 383      6A3D86D0 
 383      00799782 
 384 0b08 56D1DE08 		.ascii	"V\321\336\010\261\377p$\215\322\313\326\037b\327\311"
 384      B1FF7024 
 384      8DD2CBD6 
 384      1F62D7C9 
 385 0b18 CB1776E0 		.ascii	"\313\027v\340\254\204\260vA\266+\002\227!X\345\322?"
 385      AC84B076 
 385      41B62B02 
 385      972158E5 
 385      D23F
 386 0b2a 2E00C9A5 		.ascii	".\000\311\245\262\373L\235\365\247`\374\014\217\324"
 386      B2FB4C9D 
 386      F5A760FC 
ARM GAS  /var/folders/qd/4mxf5pkd0zdf0b9dd1hp39180000gn/T//ccvy4qFF.s 			page 31


 386      0C8FD4
 387 0b39 8F5D1224 		.ascii	"\217]\022$e\262.+\260*l\267m\240$#\3519Y]\357/?\344"
 387      65B22E2B 
 387      B02A6CB7 
 387      6DA02423 
 387      E939595D 
 388 0b51 318CC8BB 		.ascii	"1\214\310\273\241\357)\024\242{0\275:R6V\241\3065\356"
 388      A1EF2914 
 388      A27B30BD 
 388      3A523656 
 388      A1C635EE 
 389 0b65 74C530FF 		.ascii	"t\3050\377\270w\311\233\274\230\243)\030\242$\327N\365"
 389      B877C99B 
 389      BC98A329 
 389      18A224D7 
 389      4EF5
 390 0b77 E4DED1D1 		.ascii	"\344\336\321\321kd\260\"1\275X\222[v\302}]\006\177\210"
 390      6B64B022 
 390      31BD5892 
 390      5B76C27D 
 390      5D067F88 
 391 0b8b AC52527E 		.ascii	"\254RR~\251\374D\343u\360?\012+\231\346\305\212\372"
 391      A9FC44E3 
 391      75F03F0A 
 391      2B99E6C5 
 391      8AFA
 392 0b9d 04DDBB39 		.ascii	"\004\335\2739b\3160T\220L\267\202\261\007\242\270ZI"
 392      62CE3054 
 392      904CB782 
 392      B107A2B8 
 392      5A49
 393 0baf B85004B6 		.ascii	"\270P\004\266\215\030\234\302\177\021\017#\264,\014"
 393      8D189CC2 
 393      7F110F23 
 393      B42C0C
 394 0bbe 810D31F8 		.ascii	"\201\0151\370]\350\274\353lk\202\012\2171\200\003g\316"
 394      5DE8BCEB 
 394      6C6B820A 
 394      8F318003 
 394      67CE
 395 0bd0 9F54CAF5 		.ascii	"\237T\312\3656\331\225\2758\2527\204\253\335\323\023"
 395      36D995BD 
 395      38AA3784 
 395      ABDDD313 
 396 0be0 7B53CDD5 		.ascii	"{S\315\3256g\277}\004\342S\244\233h\2407V\322\033\353"
 396      3667BF7D 
 396      04E253A4 
 396      9B68A037 
 396      56D21BEB 
 397 0bf4 A8379EEA 		.ascii	"\2507\236\352-*\350\232\027\360\3647u\314.\346\230\242"
 397      2D2AE89A 
 397      17F0F437 
 397      75CC2EE6 
 397      98A2
 398 0c06 D4C45E2F 		.ascii	"\324\304^/9@\331\336\213\002\355\246\370\022\255~\271"
 398      3940D9DE 
 398      8B02EDA6 
ARM GAS  /var/folders/qd/4mxf5pkd0zdf0b9dd1hp39180000gn/T//ccvy4qFF.s 			page 32


 398      F812AD7E 
 398      B9
 399 0c17 DCD17518 		.ascii	"\334\321u\030[\001\236\322\221\224\020\311~#\260\241"
 399      5B019ED2 
 399      919410C9 
 399      7E23B0A1 
 400 0c27 04096082 		.ascii	"\004\011`\202#\300=\024`\347tM\265\007~\311\000\266"
 400      23C03D14 
 400      60E7744D 
 400      B5077EC9 
 400      00B6
 401 0c39 A43C9F52 		.ascii	"\244<\237RS0\24401\200cE\027\223\324.\261$S,IV,'\312"
 401      5330A430 
 401      31806345 
 401      1793D42E 
 401      B124532C 
 402 0c52 CAAE9031 		.ascii	"\312\256\2201\032f\023\2113\347\207;\"\222}(\033\332"
 402      1A661389 
 402      33E7873B 
 402      22927D28 
 402      1BDA
 403 0c64 2B61D98B 		.ascii	"+a\331\213\331N\032Ja\030\200\031\343x\015\305pk\361"
 403      D94E1A4A 
 403      61188019 
 403      E3780DC5 
 403      706BF1
 404 0c77 5CB7E410 		.ascii	"\\\267\344\020\206a8\266p\263\353\361J\247\030\322\254"
 404      866138B6 
 404      70B3EBF1 
 404      4AA718D2 
 404      AC
 405 0c88 183A72FB 		.ascii	"\030:r\373\372\2749\206\301]\370p\261\030\255!<(U\002"
 405      FABC3986 
 405      C15DF870 
 405      B118AD21 
 405      3C285502 
 406 0c9c 906A05B0 		.ascii	"\220j\005\260\217\002H,83\256\305\351\014\200\370\325"
 406      8F02482C 
 406      3833AEC5 
 406      E90C80F8 
 406      D5
 407 0cad 9E035EBC 		.ascii	"\236\003^\274\377\263]8\223\366'\316\314\220\372gX\373"
 407      FFB35D38 
 407      93F627CE 
 407      CC90FA67 
 407      58FB
 408 0cbf EFA7FD7B 		.ascii	"\357\247\375{\347\237\327k\361\021\326?\251#\273\317"
 408      E79FD76B 
 408      F111D63F 
 408      A923BBCF 
 409 0ccf 9DBF3C14 		.ascii	"\235\277<\024\200\336W\037\221\317\267\305\305\265@"
 409      80DE571F 
 409      91CFB7C5 
 409      C5B540
 410 0cde C78FC475 		.ascii	"\307\217\304uk\331\375\005\302\237\031\3355\316\267"
 410      6BD9FD05 
 410      C29F19DD 
ARM GAS  /var/folders/qd/4mxf5pkd0zdf0b9dd1hp39180000gn/T//ccvy4qFF.s 			page 33


 410      35CEB7
 411 0ced A85AC9D6 		.ascii	"\250Z\311\326uc\307\342\237\371\273,Ru2\306\257\315"
 411      7563C7E2 
 411      9FF9BB2C 
 411      527532C6 
 411      AFCD
 412 0cff 69702E93 		.ascii	"ip.\223=3\022\225\353\215\013\030\221\323\026\337\256"
 412      3D331295 
 412      EB8D0B18 
 412      91D316DF 
 412      AE
 413 0d10 C1458C28 		.ascii	"\301E\214(L\216\200\320o`DTd\356M\201\354ZD\275y\323"
 413      4C8E80D0 
 413      6F604454 
 413      64EE4D81 
 413      EC5A44BD 
 414 0d26 10DF3A5F 		.ascii	"\020\337:_\234\353\205`\325~T\214\216\202\0329\275."
 414      9CEB8560 
 414      D57E548C 
 414      8E821A39 
 414      BD2E
 415 0d38 97D6DFA3 		.ascii	"\227\326\337\243X\207\216\200\271\271\330iEu>3\315\341"
 415      58878E80 
 415      B9B9D869 
 415      45753E33 
 415      CDE1
 416 0d4a 1DC864E8 		.ascii	"\035\310d\3508\366E\307\260|f\332\363\220\325_\340p"
 416      38F645C7 
 416      B07C66DA 
 416      F390D55F 
 416      E070
 417 0d5c D8A81849 		.ascii	"\330\250\030IxZ\240\304\327(t\241\272y\357\015\017\344"
 417      785AA0C4 
 417      D72874A1 
 417      BA79EF0D 
 417      0FE4
 418 0d6e BBC65697 		.ascii	"\273\306V\227\373\330\2145\037\004\347I\003@\244\270"
 418      FBD88C35 
 418      1F04E749 
 418      0340A4B8 
 419 0d7e C2710274 		.ascii	"\302q\002t;\303A^!f>H\360\304\375\314Kqw.5{\3421>j%"
 419      3BC3415E 
 419      21663E48 
 419      F0C4FDCC 
 419      4B71772E 
 420 0d99 7DAFBCF1 		.ascii	"}\257\274\361C\006\"\346z\351\003\227\257P\317bWo\347"
 420      430622E6 
 420      7AE90397 
 420      AF50CF62 
 420      576FE7
 421 0dac 06F3E87C 		.ascii	"\006\363\350|\354\014\326\242\323\022T\333\353\271\221"
 421      EC0CD6A2 
 421      D31254DB 
 421      EBB991
 422 0dbb DDA3B0DC 		.ascii	"\335\243\260\334{\306\364%\327\346\324\250\361\022#"
 422      7BC6F425 
 422      D7E6D4A8 
ARM GAS  /var/folders/qd/4mxf5pkd0zdf0b9dd1hp39180000gn/T//ccvy4qFF.s 			page 34


 422      F11223
 423 0dca CE9D592C 		.ascii	"\316\235Y,\324\322\230\327[C>;\263!\322\333e\332\235"
 423      D4D298D7 
 423      5B433E3B 
 423      B321D2DB 
 423      65DA9D
 424 0ddd A7215F68 		.ascii	"\247!_h\015\371\345\216\256\207v\233\304p_\306}\001"
 424      0DF9E58E 
 424      AE87769B 
 424      C4705FC6 
 424      7D01
 425 0def 5B2769C0 		.ascii	"['i\300\233_\226~\332\003\307\322\367\"\302\344\354"
 425      9B5F967E 
 425      DA03C7D2 
 425      F722C2E4 
 425      EC
 426 0e00 B9192FE4 		.ascii	"\271\031/\344\253\343\363\311C\253\"\311\020\225\000"
 426      ABE3F3C9 
 426      43AB22C9 
 426      109500
 427 0e0f 7F916400 		.ascii	"\177\221d\000t\267\237\005\312\245\243bp\207\235\202"
 427      74B79F05 
 427      CAA5A362 
 427      70879D82 
 428 0e1f D96769C3 		.ascii	"\331gi\303\3368\211\275x\251+\256,\322\341\375\214\230"
 428      DE3889BD 
 428      78A92BAE 
 428      2CD2E1FD 
 428      8C98
 429 0e31 7D75B88C 		.ascii	"}u\270\214\357;\221Dx=\224\234\254\346\333N$\360\237"
 429      EF3B9144 
 429      783D949C 
 429      ACE6DB4E 
 429      24F09F
 430 0e44 5C1E4AF0 		.ascii	"\\\036J\360\300\371\274\343by\237\016\027PB[}\363\324"
 430      C0F9BCE3 
 430      62799F0E 
 430      1750425B 
 430      7DF3D4
 431 0e57 293522FB 		.ascii	")5\"\373\263>:\037\3375>v\223\361\012\274\036\225c@"
 431      B33E3A1F 
 431      DF353E76 
 431      93F10ABC 
 431      1E956340 
 432 0e6b 5203481A 		.ascii	"R\003H\032\371\2707\300y=\366A\265\320\232\240\325A"
 432      F9B837C0 
 432      793DF641 
 432      B5D09AA0 
 432      D541
 433 0e7d BB68178F 		.ascii	"\273h\027\217\355Y\253\243\211\261\325\320\243J2\266"
 433      ED59ABA3 
 433      89B1D5D0 
 433      A34A32B6 
 434 0e8d 114BCB46 		.ascii	"\021K\313F\262\024j\223\346\251\225\300\325\210\337"
 434      B2146A93 
 434      E6A995C0 
 434      D588DF
ARM GAS  /var/folders/qd/4mxf5pkd0zdf0b9dd1hp39180000gn/T//ccvy4qFF.s 			page 35


 435 0e9c B4B138F9 		.ascii	"\264\2618\371\237lBr\011\374q\316\221{\305\364ei\200"
 435      9F6C4272 
 435      09FC71CE 
 435      917BC5F4 
 435      656980
 436 0eaf CFA588BF 		.ascii	"\317\245\210\277\013\034\331]\354]Tc\371\342\344\022"
 436      0B1CD95D 
 436      EC5D5463 
 436      F9E2E412 
 437 0ebf 1D1A2E6F 		.ascii	"\035\032.o|\200\317\236\210\372R\247\352e\363\241\301"
 437      7C80CF9E 
 437      88FA52A7 
 437      EA65F3A1 
 437      C1
 438 0ed0 01968F8D 		.ascii	"\001\226\217\215\366\371\350\334\265e\\\332\327\271"
 438      F6F9E8DC 
 438      B5655CDA 
 438      D7B9
 439 0ede 964F9CAD 		.ascii	"\226O\234\255\206\221L8\345\3340\353\006\353\361K\317"
 439      86914C38 
 439      E5DC30EB 
 439      06EBF14B 
 439      CF
 440 0eef EAB4B896 		.ascii	"\352\264\270\226\015zs{G\266\033\356aD\311\225\023\327"
 440      0D7A737B 
 440      47B61BEE 
 440      6144C995 
 440      13D7
 441 0f01 54E43D49 		.ascii	"T\344=I\3247J\301t\254\232j/\234\365DdC\322\327\207"
 441      D4374AC1 
 441      74AC9A6A 
 441      2F9CF544 
 441      6443D2D7 
 442 0f16 15B4AE00 		.ascii	"\025\264\256\0006 \255\000\244\005\200\264\271\3620"
 442      3620AD00 
 442      A40580B4 
 442      B9F230
 443 0f25 F7E09083 		.ascii	"\367\340\220\203\007\333\336P\377V\354\0255\363\016"
 443      07DBDE50 
 443      FF56EC15 
 443      35F30E
 444 0f34 C449D700 		.ascii	"\304I\327\000\341\025p\314Uh\355\320.\3339hNo\037'+"
 444      E11570CC 
 444      5568EDD0 
 444      2EDB3968 
 444      4E6F1F27 
 445 0f49 D530547C 		.ascii	"\3250T|\244\206\330H\265a'\353\274\346\011\007_;1\321"
 445      A486D848 
 445      B56127EB 
 445      BCE60907 
 445      5F3B31D1 
 446 0f5d EAEBB42B 		.ascii	"\352\353\264+\027&\325x\204\245~E|\355\224R^h\333\243"
 446      1726D578 
 446      84A57E45 
 446      7CED9452 
 446      5E68DBA3 
 447 0f71 3248A1ED 		.ascii	"2H\241\355\204\376\327\245|h\223\012\355\012\203;\300"
ARM GAS  /var/folders/qd/4mxf5pkd0zdf0b9dd1hp39180000gn/T//ccvy4qFF.s 			page 36


 447      84FED7A5 
 447      7C68930A 
 447      ED0A833B 
 447      C0
 448 0f82 C8AF3318 		.ascii	"\310\2573\030\324\226\327L\277\317\262~=\231E\017\314"
 448      D496D74C 
 448      BFCFB27E 
 448      3D99450F 
 448      CC
 449 0f93 D679F0B7 		.ascii	"\326y\360\267\304$\353\013\333\367fy\342"
 449      C424EB0B 
 449      DBF76679 
 449      E2
 450 0fa0 E76CCCD3 		.ascii	"\347l\314\323\226Z\032\324\3705#j\352\236\\T\342\030"
 450      965A1AD4 
 450      F835236A 
 450      EA9E5C54 
 450      E218
 451 0fb2 0F4A1CA8 		.ascii	"\017J\034\250-\204\001\334\303\210\231\243\271\023\002"
 451      2D8401DC 
 451      C38899A3 
 451      B91302
 452 0fc1 4E63444A 		.ascii	"NcDJt\316}o|\220\021gS\"\322\004|\224\021\347\"G\233"
 452      74CE7D6F 
 452      7C901167 
 452      5322D204 
 452      7C9411E7 
 453 0fd8 D4B89012 		.ascii	"\324\270\220\022\356\205\225\223\345*\372\252\007\012"
 453      EE859593 
 453      E52AFAAA 
 453      070A
 454 0fe6 888F2DC1 		.ascii	"\210\217-\301\013\256\311\266\312z\300\356\2217fx\375"
 454      0BAEC9B6 
 454      CA7AC0EE 
 454      91376678 
 454      FD
 455 0ff7 E7D292E3 		.ascii	"\347\322\222\343\246sn\273\025"
 455      A6736EBB 
 455      15
 456 1000 8A8CBDCF 		.ascii	"\212\214\275\317\221\335~\345FJ\322\344\3524\221\214"
 456      91DD7EE5 
 456      464AD2E4 
 456      EA34918C 
 457 1010 2559FDDF 		.ascii	"%Y\375\337\346\354.W\377\315\223,,F\336\220\300\335"
 457      E6EC2E57 
 457      FFCD932C 
 457      2C46DE90 
 457      C0DD
 458 1022 90C05D24 		.ascii	"\220\300]$\201\357pid\250\206a\250\206`\210F\241\215"
 458      81EF7069 
 458      64A88661 
 458      A8866088 
 458      46A18D
 459 1035 41EB8736 		.ascii	"A\353\2076\000m\320.F{&e\373\301\267\034\261\257\330"
 459      006DD02E 
 459      467B2665 
 459      FBC1B71C 
ARM GAS  /var/folders/qd/4mxf5pkd0zdf0b9dd1hp39180000gn/T//ccvy4qFF.s 			page 37


 459      B1AFD8
 460 1048 B618FD8C 		.ascii	"\266\030\375\214YJ\326\205\275\316\271\231c`\\\356\316"
 460      594AD685 
 460      BDCEB999 
 460      63605CEE 
 460      CE
 461 1059 643C50E2 		.ascii	"d<P\342J\017\366\266\274i\370\210\000\265\3359\356q"
 461      4A0FF6B6 
 461      BC69F888 
 461      00B5DD39 
 461      EE71
 462 106b C0FA4D71 		.ascii	"\300\372Mq\333\"\271\240!\211D\362=\350wW\212\344\021"
 462      DB22B9A0 
 462      218944F2 
 462      3DE87757 
 462      8AE411
 463 107e 1AC96482 		.ascii	"\032\311d\2028\177\014\326\002-,F\242;\"\376\026w\262"
 463      387F0CD6 
 463      022D2C46 
 463      A23B22FE 
 463      1677B2
 464 1091 F3B8EC92 		.ascii	"\363\270\354\222\0107\255\364m\004\011Y\251\326>\300"
 464      0837ADF4 
 464      6D040959 
 464      A9D63EC0 
 465 10a1 E4D5ACDF 		.ascii	"\344\325\254\337z:n\300=}\274\375\002y\232\371j\321"
 465      7A3A6EC0 
 465      3D7DBCFD 
 465      02799AF9 
 465      6AD1
 466 10b3 5F645F1C 		.ascii	"_d_\034\370\262\340\315J\031\335\257\301\303\314\306"
 466      F8B2E0CD 
 466      4A19DDAF 
 466      C1C3CCC6 
 467 10c3 034F8B17 		.ascii	"\003O\213\027m_K\025F\211oEl\226m\267>\002\273|y5\233"
 467      6D5F4B15 
 467      46896F45 
 467      6C966DB7 
 467      3E02BB7C 
 468 10da 02C327B1 		.ascii	"\002\303'\261\355\273\257\262\037\261\357\276\246!\271"
 468      EDBBAFB2 
 468      1FB1EFBE 
 468      A621B9
 469 10e9 1F4AA6F8 		.ascii	"\037J\246\370\362\031E\\t~\222\007\236bJ\322\223F\373"
 469      F219455C 
 469      747E9207 
 469      9E624AD2 
 469      9346FB
 470 10fc D4F22F6B 		.ascii	"\324\362/kZ\350g\007\263\320uF\352:\215m\357\312W\000"
 470      5AE86707 
 470      B3D07546 
 470      EA3A8D6D 
 470      EFCA5700 
 471 1110 79EC0408 		.ascii	"y\354\004\010yK\\\320\327\250\304\363L\313\323\204\351"
 471      794B5CD0 
 471      D7A8C4F3 
 471      4CCBD384 
ARM GAS  /var/folders/qd/4mxf5pkd0zdf0b9dd1hp39180000gn/T//ccvy4qFF.s 			page 38


 471      E9
 472 1121 1CD7A6CC 		.ascii	"\034\327\246\314\2736\345\026\336\325\262\213\014\313"
 472      BB36E516 
 472      DED5B28B 
 472      0CCB
 473 112f 13003427 		.ascii	"\023\0004'\001\232\305\334\230\332\374k7\264\253\223"
 473      019AC5DC 
 473      98DAFC6B 
 473      37B4AB93 
 474 113f 7918FC6C 		.ascii	"y\030\374l\035e<\014B\2620q\377S\274\332:\010\300\255"
 474      1D653C0C 
 474      42B23071 
 474      FF53BCDA 
 474      3A08C0AD 
 475 1153 3E7D2466 		.ascii	">}$f\310\233\326zZ\354\371\316e\333\014<\323G\353\020"
 475      C89BD67A 
 475      5AECF9CE 
 475      65DB0C3C 
 475      D347EB10 
 476 1167 E14613A0 		.ascii	"\341F\023\240d\001b\300*\003\035\302\016A\373l\201'"
 476      640162C0 
 476      2A031DC2 
 476      0E41FB6C 
 476      8127
 477 1179 1C09951B 		.ascii	"\034\011\225\033\234\335\026{\316\352\375:\005:\010"
 477      9CDD167B 
 477      CEEAFD3A 
 477      053A08
 478 1188 F70F90FB 		.ascii	"\367\017\220\373\367y\007\022\233\213`\370s\210\305"
 478      F7790712 
 478      9B8B60F8 
 478      7388C5
 479 1197 57D05E40 		.ascii	"W\320^@{\011\355\031\226o\004\316\355d\011B&\262\331"
 479      7B09ED19 
 479      966F04CE 
 479      ED640942 
 479      26B2D9
 480 11aa BCA72D41 		.ascii	"\274\247-A\356\256\330\201\356\3723\333S&\033\022_q"
 480      EEAED881 
 480      EEFA33DB 
 480      53261B12 
 480      5F71
 481 11bc 76DBDB20 		.ascii	"v\333\333 \331\0164\237\\/\260Z\260\260\342\021An\276"
 481      D90E349F 
 481      5C2FB05A 
 481      B0B0E211 
 481      416EBE
 482 11cf E05692D2 		.ascii	"\340V\222\322~\222\313\262\025\361W\366\271Y\023\023"
 482      7E92CBB2 
 482      15F157F6 
 482      B9591313 
 483 11df FDCC132F 		.ascii	"\375\314\023/\263\301\316L^\236P\331\345\246\334\376"
 483      B3C1CE4C 
 483      5E9E50D9 
 483      E5A6DCFE 
 484 11ef 65B0F99B 		.ascii	"e\260\371\233\330o\313\313\211\206\275$\000\226\240"
 484      D86FCBCB 
ARM GAS  /var/folders/qd/4mxf5pkd0zdf0b9dd1hp39180000gn/T//ccvy4qFF.s 			page 39


 484      8986BD24 
 484      0096A0
 485 11fe CF6B2900 		.ascii	"\317k)\000\026\254yy\354\304|\203\367\367\217Y\027\217"
 485      16AC7979 
 485      ECC47C83 
 485      F7F78F59 
 485      178F
 486 1210 07CE1726 		.ascii	"\007\316\027&\210\311\215\260R%\0352Y\007\233v\005\271"
 486      88C98DB0 
 486      52251D32 
 486      59079B76 
 486      05B9
 487 1222 4216B4CA 		.ascii	"B\026\264\312\357C\327\275\025\2231H>\001\356\262\333"
 487      EF43D7BD 
 487      15933148 
 487      3E01EEB2 
 487      DB
 488 1233 C38D50D2 		.ascii	"\303\215P\322i\0229\002s^\302\2238/9\363\222\335\234"
 488      69123902 
 488      735EC293 
 488      382F39F3 
 488      92DD9C
 489 1246 2A923347 		.ascii	"*\2223GR\346\273\213g+\371g]*\022\244W\243\253=\\\226"
 489      52E6BB8B 
 489      672BF967 
 489      5D2A12A4 
 489      57A3AB3D 
 490 125c 8868252F 		.ascii	"\210h%/\021QJ\2329\363\273b\236\363\257L\311\367w\326"
 490      11514A9A 
 490      39F3BB62 
 490      9EF3AF4C 
 490      C9F777D6 
 491 1270 CF48D7B2 		.ascii	"\317H\327\262\317HO\217\246\267!)\340\021\375\310$V"
 491      CF484F8F 
 491      A6B72129 
 491      E011FDC8 
 491      2456
 492 1282 B91EC528 		.ascii	"\271\036\305(\3516\204r\265U$%\310:3\277p\304[\216<"
 492      E9368472 
 492      B5552425 
 492      C83A33BF 
 492      70C45B8E 
 493 1297 DD6E9E1F 		.ascii	"\335n\236\037\317\221\307S\344\235}\307\342\334\345"
 493      CF91C753 
 493      E49D7DC7 
 493      E2DCE5
 494 12a6 CCC976CC 		.ascii	"\314\311v\314\011\2349\2012\357\2169\025\241\306\211"
 494      099C3981 
 494      32EF8E39 
 494      15A1C689 
 495 12b6 3AF6DC6C 		.ascii	":\366\334l\253\350A.\327\036\211J\371\366\310\263\033"
 495      ABE8412E 
 495      D71E894A 
 495      F9F6C8B3 
 495      1B
 496 12c7 C5B96EB0 		.ascii	"\305\271n\260Z\256\033\026\353\246v\251+\311k\226\010"
 496      5AAE1B16 
ARM GAS  /var/folders/qd/4mxf5pkd0zdf0b9dd1hp39180000gn/T//ccvy4qFF.s 			page 40


 496      EBA676A9 
 496      2BC96B96 
 496      08
 497 12d8 31E75794 		.ascii	"1\347W\224\017\355R\332\206\031N\355\367\037v+\311\322"
 497      0FED52DA 
 497      86194EED 
 497      F71F762B 
 497      C9D2
 498 12ea 39EFF942 		.ascii	"9\357\371B\242\027.a\212K\353\006\222\265\\\330\330"
 498      A2172E61 
 498      8A4BEB06 
 498      92B55CD8 
 498      D8
 499 12fb 2DFCE09A 		.ascii	"-\374\340\232\235\260=\222\260=\216\302\366Ra\215W\236"
 499      9DB03D92 
 499      B03D8EC2 
 499      F652618D 
 499      579E
 500 130d E4B9E35A 		.ascii	"\344\271\343Z&l*\265\340\206\222.\252`\330\371\252\252"
 500      266C2AB5 
 500      E086922E 
 500      AA60D8F9 
 500      AAAA
 501 131f 637A77AF 		.ascii	"czw\257\332\266\271\220\254\244\027\253Z\252\372t.\315"
 501      DAB6B990 
 501      ACA417AB 
 501      5AAAFA74 
 501      2ECD
 502 1331 4DA5E6A6 		.ascii	"M\245\346\246(\271\275\007\233\312\016\3518\304E\230"
 502      28B9BD07 
 502      9BCA0EE9 
 502      38C44598 
 503 1341 3E9490BD 		.ascii	">\224\220\275}Q\214FJ\302\211\222$\214I\216\030\323"
 503      7D518C46 
 503      4AC28992 
 503      248C498E 
 503      18D3
 504 1353 28C68E47 		.ascii	"(\306\216GU\273=\360U\206\361qJy\215N\362^\273\275\367"
 504      55BB3DF0 
 504      5586F171 
 504      4A798D4E 
 504      F25EBBBD 
 505 1368 D22561E9 		.ascii	"\322%a\351\216\302\366Qa\303\331\367\323<\361-&\254"
 505      8EC2F651 
 505      61C3D9F7 
 505      D33CF12D 
 505      26AC
 506 137a B9276DC1 		.ascii	"\271'm\301K\362\336\222\275\3672$a\031\216\302\366S"
 506      4BF2DE92 
 506      BDF73224 
 506      61198EC2 
 506      F653
 507 138c 612DD387 		.ascii	"a-\323\207;T\370.\023\366\372q\307k\376\311\263\026"
 507      3B54F82E 
 507      13F6FA71 
 507      C76BFEC9 
 507      B316
ARM GAS  /var/folders/qd/4mxf5pkd0zdf0b9dd1hp39180000gn/T//ccvy4qFF.s 			page 41


 508 139e C8EEF123 		.ascii	"\310\356\361#\321<t;\310\355#\327\236dh\361\034\343"
 508      D13C743B 
 508      C8ED23D7 
 508      9E6468F1 
 508      1CE3
 509 13b0 3D5D7ABC 		.ascii	"=]z\274\222\177\007\250!8\212\352\256\013.s\344\260"
 509      927F07A8 
 509      21388AEA 
 509      AE0B2E73 
 509      E4B0
 510 13c2 3547B258 		.ascii	"5G\262X\216\334\025o\305\012\216Yp\020\262\340\000\315"
 510      8EDC156F 
 510      C50A8E59 
 510      7010B2E0 
 510      00CD
 511 13d4 82AF6816 		.ascii	"\202\257h\026\320N\204;\357\322\300y\255\234;\363M\334"
 511      D04E843B 
 511      EFD2C079 
 511      AD9C3BF3 
 511      4DDC
 512 13e6 073372F3 		.ascii	"\0073r\3631T\224\216:\272eX9\026-F\304B\231\314V\256"
 512      3154948E 
 512      3ABA6558 
 512      39162D46 
 512      C44299CC 
 513 13fc 4687C01F 		.ascii	"F\207\300\0371\370]Y\347L\270\362_\202\002\345\320\222"
 513      31F85D59 
 513      E74CB8F2 
 513      5F8202E5 
 513      D092
 514 140e D272F54E 		.ascii	"\322r\365N\202\026/\352\\nJ]k\352\316\204\224\361\244"
 514      82162FEA 
 514      5C6E4A5D 
 514      6BEACE84 
 514      94F1A4
 515 1421 1F8E1D6A 		.ascii	"\037\216\035j,}\344\2014\354\3031\3378\372qWT\362*d"
 515      2C7DE481 
 515      34ECC331 
 515      DF38FA71 
 515      5754F22A 
 516 1436 FBB8EB84 		.ascii	"\373\270\353\204\322\027\345*5 \3418(\314\003\205\344"
 516      D217E52A 
 516      3520E138 
 516      28CC0385 
 516      E4
 517 1447 BB317285 		.ascii	"\2731r\205~K\266\212\236\312>8\003\022\035S\332>8#c"
 517      7E4BB68A 
 517      9ECA3E38 
 517      03121D53 
 517      DA3E3823 
 518 145c 1DF7A0C2 		.ascii	"\035\367\240\302n#\216\260H~\315\247qz\324\032\247\321"
 518      6E238EB0 
 518      487ECDA7 
 518      717AD41A 
 518      A7D1
 519 146e ED4363D6 		.ascii	"\355Cc\326\274\274~J\235\035\225\010\323\334H\361g\255"
 519      BCBC7E4A 
ARM GAS  /var/folders/qd/4mxf5pkd0zdf0b9dd1hp39180000gn/T//ccvy4qFF.s 			page 42


 519      9D1D9508 
 519      D3DC48F1 
 519      67AD
 520 1480 4AC2898E 		.ascii	"J\302\211\216H\321p\3041\032N\322h\210h>\021\245\306"
 520      48D170C4 
 520      311A4ED2 
 520      6888683E 
 520      11A5C6
 521 1493 E73D5DE6 		.ascii	"\347=]\346\322\313\023}c^\256w\345\316P<\247\255xb\304"
 521      D2CB137D 
 521      635EAE77 
 521      E5CE503C 
 521      A7AD7862 
 522 14a8 D4446B70 		.ascii	"\324DkpBq\257-\271\333\031!\372Dk\010\037:%\2419\345"
 522      4271AF2D 
 522      B9DB1921 
 522      FA446B08 
 522      1F3A25A1 
 523 14be 88E62C45 		.ascii	"\210\346,E3\232\367j\321\356;\234\335v\305\354\034/"
 523      339AF76A 
 523      D1EE3B9C 
 523      DD76C5EC 
 523      1C2F
 524 14d0 66E76831 		.ascii	"f\347h1\353/\033\210\362\306\015\014zzT_\272 9b\310"
 524      EB2F1B88 
 524      F2C60D0C 
 524      7A7A545F 
 524      BA203962 
 525 14e5 EA0826A2 		.ascii	"\352\010&\242@\322\\\340\250\271\220i\256\354\030\325"
 525      40D25CE0 
 525      A8B99069 
 525      AEEC18D5 
 526 14f5 E24E26EC 		.ascii	"\342N&\354\330dE\003\377\276\333\223(:\232~\\\311\262"
 526      D8644503 
 526      FFBEDB93 
 526      283A9A7E 
 526      5CC9B2
 527 1508 6282DC1E 		.ascii	"b\202\334\036\257Lo\324\272\214\374bk\344\317\263\011"
 527      AF4C6FD4 
 527      BA8CFC62 
 527      6BE4CFB3 
 527      09
 528 1519 A42876CC 		.ascii	"\244(v\314\2709F~\021D\307\005\032\216%4\226\213\255"
 528      B839467E 
 528      1144C705 
 528      1A8E2534 
 528      968BAD
 529 152c B1BCBC3F 		.ascii	"\261\274\274?kV\355\030\371.\2713r:vH\201\177\372\036"
 529      6B56ED18 
 529      F92EB933 
 529      723A7648 
 529      817FFA1E 
 530 1540 0FFC521E 		.ascii	"\017\374R\036\370{ \360\245\276\347y\340\227)\277\257"
 530      F87B20F0 
 530      A5BEE779 
 530      E09729BF 
 530      AF
ARM GAS  /var/folders/qd/4mxf5pkd0zdf0b9dd1hp39180000gn/T//ccvy4qFF.s 			page 43


 531 1551 F8CEC68D 		.ascii	"\370\316\306\215~\354/\324\354g\262\370\231M\006?C@"
 531      7EEC2FD4 
 531      EC67B2F8 
 531      994D063F 
 531      4340
 532 1563 B079FB46 		.ascii	"\260y\373F\203\373/\177\373\273w>\336\274Y\241\015\323"
 532      83FB2F7F 
 532      FBBB773E 
 532      DEBC59A1 
 532      0DD3
 533 1575 9B8CFE41 		.ascii	"\233\214\376Aa\246\300P\255^\037\036\030b\371\301\373"
 533      61A6C050 
 533      AD5E1F1E 
 533      1862F9C1 
 533      FB
 534 1586 7A4B2AF2 		.ascii	"zK*\362\373yXXP\240\301\337\022\030\032b\366\373\205"
 534      FB795858 
 534      50A0C1DF 
 534      12181A62 
 534      F6FB85
 535 1599 212830CC 		.ascii	"!(0\314l\324\0337\204\205\033>\177\177\243\177X\230"
 535      6CD41B37 
 535      84851B3E 
 535      7F7FA37F 
 535      5898
 536 15ab DFC7A121 		.ascii	"\337\307\241!\026c\210e\305M\277\177\013\015\0152\373"
 536      16638865 
 536      C54DBF7F 
 536      0B0D0D32 
 536      FB
 537 15bc 6D371836 		.ascii	"m7\0306\370\233\2027\204\204\206\0307\030\375?\015\334"
 537      F89B8237 
 537      84848618 
 537      3718FD3F 
 537      0DDC
 538 15ce F0E186F7 		.ascii	"\360\341\206\3677m\376p\303\237>\330\020\354\377Y\250"
 538      376DFE70 
 538      C39F3ED8 
 538      10ECFF59 
 538      A8
 539 15df C9CFEEAE 		.ascii	"\311\317\356\256_`\210!(|\253\321/\330\337\020\020\030"
 539      5F608821 
 539      287CABD1 
 539      2FD8DF10 
 539      1018
 540 15f1 62F4D36F 		.ascii	"b\364\323o5n\363\017\017\262\350-;\303\214\346\215\001"
 540      356EF30F 
 540      0FB2E82D 
 540      3BC38CE6 
 540      8D01
 541 1603 0A772BB8 		.ascii	"\012w+\270\270\377?p\346\235f?\275\331\262\025\220\000"
 541      B8FF3F70 
 541      E69D663F 
 541      BDD9B215 
 541      9000
 542 1615 22B585B8 		.ascii	"\"\265\205\270Mo\331\354\340\347\260P\023h\376\371'"
 542      4D6FD9EC 
ARM GAS  /var/folders/qd/4mxf5pkd0zdf0b9dd1hp39180000gn/T//ccvy4qFF.s 			page 44


 542      E0E7B050 
 542      1368FEF9 
 542      27
 543 1626 BFF13384 		.ascii	"\277\3613\204\006\207\005\006\031Mf\277_~\3741\370\336"
 543      06870506 
 543      194D66BF 
 543      5F7EFC31 
 543      F8DE
 544 1638 6A8B264C 		.ascii	"j\213&L\037l\3712(\320lQ\005\353C\214_Z\324\301\372"
 544      1F6CF932 
 544      28D06C51 
 544      05EB438C 
 544      5F5AD4C1 
 545 164d D02F428C 		.ascii	"\320/B\214&8\376)\334\030nT\205\321\313\253\014\001"
 545      2638FE29 
 545      DC186E54 
 545      85D1CBAB 
 545      0C01
 546 165f 7A4B000C 		.ascii	"zK\000\014\320V\263\355z\230\311\270\303\333\356\242"
 546      D056B3ED 
 546      7A98C9B8 
 546      C3DBEEA2 
 547 166f 1EBA875B 		.ascii	"\036\272\207[\214_\352-\356\300OOaX\215a\306\020\000"
 547      8C5FEA2D 
 547      EEC04F4F 
 547      61588D61 
 547      C61000
 548 1682 BADDC3B8 		.ascii	"\272\335\303\270\003<\021\354o\376\\oq\003\275\346\355"
 548      033C11EC 
 548      6FFE5C6F 
 548      7103BDE6 
 548      ED
 549 1693 1ABD9EBB 		.ascii	"\032\275\236\273R\315\217npUo\321\322\273T$\000\374"
 549      52CD8F6E 
 549      70556FD1 
 549      D2BB5424 
 549      00FC
 550 16a5 C23FD002 		.ascii	"\302?\320\002\335\275e\020\010`/9\241\267\3400}\270"
 550      DDBD6510 
 550      08602F39 
 550      A1B7E030 
 550      7DB8
 551 16b7 CAF80511 		.ascii	"\312\370\005\021\257\372\302\002F\205\301\301l\014\016"
 551      AFFAC202 
 551      4685C1C1 
 551      6C0C0E
 552 16c6 7333EB0D 		.ascii	"s3\353\015!\0267h\240\206\003\325\201,\270\347\037\026"
 552      21163768 
 552      A08603D5 
 552      812CB8E7 
 552      1F16
 553 16d8 106A32BA 		.ascii	"\020j2\272}a\261\230\302V3q\020\204\333\214&c\210\001"
 553      7D61B198 
 553      C2563371 
 553      1084DB8C 
 553      26638801 
 554 16ec 8C0101A1 		.ascii	"\214\001\001\241\237~\026\346n\3742\320b\010\335jT\231"
ARM GAS  /var/folders/qd/4mxf5pkd0zdf0b9dd1hp39180000gn/T//ccvy4qFF.s 			page 45


 554      9F7E16E6 
 554      6EFC32D0 
 554      6208DD6A 
 554      5499
 555 16fe B6EE045C 		.ascii	"\266\356\004\\*\022\251\333\314\032\026\245\037\201"
 555      2A12A9DB 
 555      CC1A16A5 
 555      1F81
 556 170c 54EBD142 		.ascii	"T\353\321B\256\3031L\277-\310\177\273Ym\011\206^\224"
 556      AEC3314C 
 556      BF2DC87F 
 556      BB596D09 
 556      865E94
 557 171f 365BFC2D 		.ascii	"6[\374-Fw\013=\200`p\252\177\260Qi\010\3607\301\315"
 557      46770B3D 
 557      806070AA 
 557      7FB05169 
 557      08F037C1 
 558 1734 D0A0AD46 		.ascii	"\320\240\255Fr\0141~a4\201g\014\226/\261i\363\017\204"
 558      720C317E 
 558      61348167 
 558      0C962FB1 
 558      69F30F84 
 559 1748 2093BBC9 		.ascii	" \223\273\311\270\035\002@oy\327\365\310\006\030\300"
 559      B81D0240 
 559      6F79D7F5 
 559      C80618C0 
 560 1758 06184AE8 		.ascii	"\006\030J\350\262\031\332&\301\364c\301\364\221`\372"
 560      B219DA26 
 560      C1F463C1 
 560      F49160FA 
 561 1768 5030FD48 		.ascii	"P0\375H0\375P0}\340A\270\211\247A\260\332@\002\362K"
 561      30FD5030 
 561      7DE041B8 
 561      89A741B0 
 561      DA4002F2 
 562 177d 0B1DBFC0 		.ascii	"\013\035\277\300P\215\315\251\240?8\014b\322\235\373"
 562      508DCDA9 
 562      A03F380C 
 562      62D29DFB 
 563 178d C1F28E83 		.ascii	"\301\362\216\203Jk\350\031\002\314\206\200\255\240\360"
 563      4A6BE819 
 563      02CC8680 
 563      ADA0F0
 564 179c 7B2E19C0 		.ascii	"{.\031\300\373p\337\307\265\200\235fk\000\272\026\002"
 564      FB70DFC7 
 564      B5809D66 
 564      6B00BA16 
 564      02
 565 17ad E34302D4 		.ascii	"\343C\002\324\020\360\033\363\366-\020A\337u]D8\327"
 565      10F01BF3 
 565      F62D1041 
 565      DF755D44 
 565      38D7
 566 17bf EF215074 		.ascii	"\357!Pt\364\354\023c\220\321\337l\3644\004l1"
 566      F4EC1363 
 566      90D1DF6C 
ARM GAS  /var/folders/qd/4mxf5pkd0zdf0b9dd1hp39180000gn/T//ccvy4qFF.s 			page 46


 566      F434046C 
 566      31
 567 17d0 04FC3274 		.ascii	"\004\3742tK\220\321\030\266\305\203R\237\200q;\177\255"
 567      4B90D118 
 567      B6C58352 
 567      9F80713B 
 567      7FAD
 568 17e2 A3E7BFF7 		.ascii	"\243\347\277\367\377\334\030\036\266E0\004h\203\375"
 568      FFDC181E 
 568      B6453004 
 568      6883FD
 569 17f1 C13FD472 		.ascii	"\301?\324r\274\365S\032k\004\2441\030\262\377\323\360"
 569      BCF5531A 
 569      6B04A431 
 569      18B2FFD3 
 569      F0
 570 1802 ED9A30FF 		.ascii	"\355\2320\377\220@\003\011J/\371e\030\311\035\026\022"
 570      90400309 
 570      4A2FF965 
 570      18C91D16 
 570      12
 571 1813 7EEE3B2C 		.ascii	"~\356;,p%\310\342\257!\267\003\203\311\240\303%\222"
 571      7025C8E2 
 571      AF21B703 
 571      83C9A0C3 
 571      2592
 572 1825 21E4B82D 		.ascii	"!\344\270-<\304\000,\344\300nXSjG\240\311\022\356\037"
 572      3CC4002C 
 572      E4C06E58 
 572      536A47A0 
 572      C912EE1F 
 573 1839 A4275D4C 		.ascii	"\244']L*\322\303\337\344mwQoy\333\221\217E\274\026\270"
 573      2AD2C3DF 
 573      E46D7751 
 573      6F79DB91 
 573      8F45BC16 
 574 184e B9B26F39 		.ascii	"\271\262o9\271\015\251d\"G\265\211\207\227\211\207\227"
 574      B90DA964 
 574      2247B589 
 574      87978987 
 574      97
 575 185f 898497CA 		.ascii	"\211\204\227\312DG\037.\322t\000?\221\342\273u'\355"
 575      44471F2E 
 575      D274003F 
 575      91E2BB75 
 575      27ED
 576 1871 AA019670 		.ascii	"\252\001\226p\023\344\200E']\324[46\237x\005n\0152\362"
 576      13E48045 
 576      275DD45B 
 576      34369F78 
 576      056E0D32 
 577 1886 B081ECE4 		.ascii	"\260\201\354\344\345\372G\037@\332[O\264f\313\347\376"
 577      E5FA471F 
 577      40DA5B4F 
 577      B466CBE7 
 577      FE
 578 1897 4181DB43 		.ascii	"A\201\333C\364\026\017\311\227D\306\226\235\346\177"
ARM GAS  /var/folders/qd/4mxf5pkd0zdf0b9dd1hp39180000gn/T//ccvy4qFF.s 			page 47


 578      F4160FC9 
 578      9744C696 
 578      9DE67F
 579 18a6 0E357CFE 		.ascii	"\0165|\376\206q\337\311\012\023\211\331 \340\324\261"
 579      8671DFC9 
 579      0A1389D9 
 579      20E0D4B1 
 580 18b6 D2121862 		.ascii	"\322\022\030b6\232\2100\020\360\273\020r\203\205u8="
 580      369A8830 
 580      10F0BB10 
 580      72838575 
 580      383D
 581 18c8 F7D45327 		.ascii	"\367\324S'\353\365\033\177\270y\363\017\335\255\224"
 581      EBF51B7F 
 581      B879F30F 
 581      DDAD94
 582 18d7 378D865F 		.ascii	"7\215\206_\233\377\225U\240_\273\351\377\036B\374\015"
 582      9BFF9555 
 582      A05FBBE9 
 582      FF1E42FC 
 582      0D
 583 18e8 810BD114 		.ascii	"\201\013\321\024\240x\213i\334\026\270-\024\334\022"
 583      A0788B69 
 583      DC16B82D 
 583      14DC12
 584 18f7 1CBA8338 		.ascii	"\034\272\2038H\212\252-re\357\177\360\277q\266f\201"
 584      488AAA2D 
 584      7265EF7F 
 584      F0BF71B6 
 584      6681
 585              		.text
 586              		.section	.gnu.lto_.symtab.381b4f9cff1778cc,"",%progbits
 587 0000 63684D73 		.ascii	"chMsgSend\000"
 587      6753656E 
 587      6400
 588 000a 00       		.ascii	"\000"
 589 000b 00       		.ascii	"\000"
 590 000c 00       		.ascii	"\000"
 591 000d 00000000 		.ascii	"\000\000\000\000\000\000\000\000"
 591      00000000 
 592 0015 85010000 		.ascii	"\205\001\000\000"
 593 0019 63684D73 		.ascii	"chMsgWait\000"
 593      67576169 
 593      7400
 594 0023 00       		.ascii	"\000"
 595 0024 00       		.ascii	"\000"
 596 0025 00       		.ascii	"\000"
 597 0026 00000000 		.ascii	"\000\000\000\000\000\000\000\000"
 597      00000000 
 598 002e 88010000 		.ascii	"\210\001\000\000"
 599 0032 63684D73 		.ascii	"chMsgRelease\000"
 599      6752656C 
 599      65617365 
 599      00
 600 003f 00       		.ascii	"\000"
 601 0040 00       		.ascii	"\000"
 602 0041 00       		.ascii	"\000"
ARM GAS  /var/folders/qd/4mxf5pkd0zdf0b9dd1hp39180000gn/T//ccvy4qFF.s 			page 48


 603 0042 00000000 		.ascii	"\000\000\000\000\000\000\000\000"
 603      00000000 
 604 004a 8D010000 		.ascii	"\215\001\000\000"
 605 004e 636800   		.ascii	"ch\000"
 606 0051 00       		.ascii	"\000"
 607 0052 02       		.ascii	"\002"
 608 0053 00       		.ascii	"\000"
 609 0054 00000000 		.ascii	"\000\000\000\000\000\000\000\000"
 609      00000000 
 610 005c 00020000 		.ascii	"\000\002\000\000"
 611 0060 63685363 		.ascii	"chSchGoSleepS\000"
 611      68476F53 
 611      6C656570 
 611      5300
 612 006e 00       		.ascii	"\000"
 613 006f 02       		.ascii	"\002"
 614 0070 00       		.ascii	"\000"
 615 0071 00000000 		.ascii	"\000\000\000\000\000\000\000\000"
 615      00000000 
 616 0079 91010000 		.ascii	"\221\001\000\000"
 617 007d 63685363 		.ascii	"chSchReadyI\000"
 617      68526561 
 617      64794900 
 618 0089 00       		.ascii	"\000"
 619 008a 02       		.ascii	"\002"
 620 008b 00       		.ascii	"\000"
 621 008c 00000000 		.ascii	"\000\000\000\000\000\000\000\000"
 621      00000000 
 622 0094 95010000 		.ascii	"\225\001\000\000"
 623 0098 63685363 		.ascii	"chSchWakeupS\000"
 623      6857616B 
 623      65757053 
 623      00
 624 00a5 00       		.ascii	"\000"
 625 00a6 02       		.ascii	"\002"
 626 00a7 00       		.ascii	"\000"
 627 00a8 00000000 		.ascii	"\000\000\000\000\000\000\000\000"
 627      00000000 
 628 00b0 97010000 		.ascii	"\227\001\000\000"
 629              		.text
 630              		.section	.gnu.lto_.opts,"",%progbits
 631 0000 272D666D 		.ascii	"'-fmath-errno' '-fsigned-zeros' '-ftrapping-math' '"
 631      6174682D 
 631      6572726E 
 631      6F272027 
 631      2D667369 
 632 0033 2D666E6F 		.ascii	"-fno-trapv' '-fno-openmp' '-fno-openacc' '-mcpu=arm"
 632      2D747261 
 632      70762720 
 632      272D666E 
 632      6F2D6F70 
 633 0066 3774646D 		.ascii	"7tdmi' '-mno-thumb-interwork' '-O2' '-fomit-frame-p"
 633      69272027 
 633      2D6D6E6F 
 633      2D746875 
 633      6D622D69 
 634 0099 6F696E74 		.ascii	"ointer' '-falign-functions=16' '-ffunction-sections"
ARM GAS  /var/folders/qd/4mxf5pkd0zdf0b9dd1hp39180000gn/T//ccvy4qFF.s 			page 49


 634      65722720 
 634      272D6661 
 634      6C69676E 
 634      2D66756E 
 635 00cc 2720272D 		.ascii	"' '-fdata-sections' '-fno-common' '-flto'\000"
 635      66646174 
 635      612D7365 
 635      6374696F 
 635      6E732720 
 636              		.text
 637              		.comm	__gnu_lto_v1,1,1
 638              		.comm	__gnu_lto_slim,1,1
 639              		.ident	"GCC: (GNU Tools for Arm Embedded Processors 7-2017-q4-major) 7.2.1 20170904 (release) [ARM
ARM GAS  /var/folders/qd/4mxf5pkd0zdf0b9dd1hp39180000gn/T//ccvy4qFF.s 			page 50


DEFINED SYMBOLS
                            *ABS*:0000000000000000 chmsg.c
                            *COM*:0000000000000001 __gnu_lto_v1
                            *COM*:0000000000000001 __gnu_lto_slim

NO UNDEFINED SYMBOLS
