ARM GAS  /var/folders/qd/4mxf5pkd0zdf0b9dd1hp39180000gn/T//ccso9v2M.s 			page 1


   1              		.cpu arm7tdmi
   2              		.eabi_attribute 20, 1
   3              		.eabi_attribute 21, 1
   4              		.eabi_attribute 23, 3
   5              		.eabi_attribute 24, 1
   6              		.eabi_attribute 25, 1
   7              		.eabi_attribute 26, 1
   8              		.eabi_attribute 30, 2
   9              		.eabi_attribute 34, 0
  10              		.eabi_attribute 18, 4
  11              		.file	"main.c"
  12              		.section	.gnu.lto_.profile.a98dccd7774eeea3,"",%progbits
  13 0000 789C6363 		.ascii	"x\234cc```\001bF\006C^\000\000\347\000J"
  13      60606001 
  13      62460643 
  13      5E0000E7 
  13      004A
  14              		.text
  15              		.section	.gnu.lto_.icf.a98dccd7774eeea3,"",%progbits
  16 0000 789C6363 		.ascii	"x\234cc``\020a@\000f\206y\315\267\247\2630\315_\334"
  16      60601061 
  16      40006686 
  16      79CDB7A7 
  16      B330CD5F 
  17 0015 758097F9 		.ascii	"u\200\227\371\352\266\276_\254\014\000W4\010k"
  17      EAB6BE5F 
  17      AC0C0057 
  17      34086B
  18              		.text
  19              		.section	.gnu.lto_.jmpfuncs.a98dccd7774eeea3,"",%progbits
  20 0000 789C658E 		.ascii	"x\234e\216\261\012\302@\020Dwv\243QAl-\362\015\376b"
  20      B10AC240 
  20      10447776 
  20      A351416C 
  20      2DF20DFE 
  21 0015 04B1B212 		.ascii	"\004\261\262\022$XD\260\014X\032\215\001\213`egg\343"
  21      245844B0 
  21      0C581A8D 
  21      018B6065 
  21      6767E3
  22 0028 0F5888B5 		.ascii	"\017X\210\265M8\367\316\020\242\036\314\2617\367vw\332"
  22      4D38F7CE 
  22      10A21ECC 
  22      B137F776 
  22      77DA
  23 003a 443404D5 		.ascii	"D4\004\325\207\011\372\212\205\030\013\301j9/\2733\211"
  23      8709FA8A 
  23      85180BC1 
  23      6A392FBB 
  23      3389
  24 004c 05B8FBD8 		.ascii	"\005\270\373\330\" \024\236\226zYT\241_\263g\333\362"
  24      2220149E 
  24      967A5954 
  24      A15FB367 
  24      DBF2
  25 005e FC71F3C3 		.ascii	"\374q\363\303r\334\211\205\327\242S\221\"t\024\251^"
  25      72DC8985 
ARM GAS  /var/folders/qd/4mxf5pkd0zdf0b9dd1hp39180000gn/T//ccso9v2M.s 			page 2


  25      D7A25391 
  25      227414A9 
  25      5E
  26 006f C6980158 		.ascii	"\306\230\001X\271hz\272\370v<\203\260C\340\244\376q"
  26      B9687ABA 
  26      F8763C83 
  26      B043E0A4 
  26      FE71
  27 0081 723DB7AC 		.ascii	"r=\267\254/H\030\373jC\302n\203\005\262\347&\353\177"
  27      2F4818FB 
  27      6A43C26E 
  27      8305B2E7 
  27      26EB7F
  28 0094 721584AC 		.ascii	"r\025\204\254\002\012\252\201F\002/r\011\016\215\004"
  28      020AAA81 
  28      46022F72 
  28      090E8D04 
  29 00a4 E63F817E 		.ascii	"\346?\201~ \327\355V\030\005\337a\265\377\015\332\311"
  29      20D7ED56 
  29      1805DF61 
  29      B5FF0DDA 
  29      C9
  30 00b5 4C02     		.ascii	"L\002"
  31              		.text
  32              		.section	.gnu.lto_.inline.a98dccd7774eeea3,"",%progbits
  33 0000 789C6363 		.ascii	"x\234cc``pb@\000&\006\006\266s\034\214\014L,\013\344"
  33      60607062 
  33      40002606 
  33      06B6731C 
  33      8C0C4C2C 
  34 0016 1958405C 		.ascii	"\031X@\\\240\0307#\003P\204\201\373)H\002(\200\"\316"
  34      A0183723 
  34      03508481 
  34      FB294802 
  34      288022CE 
  35 002a C6CFC0C0 		.ascii	"\306\317\300\300\012\326\313\310\005\"\001\243d\003"
  35      0AD6CBC8 
  35      052201A3 
  35      6403
  36 0038 39       		.ascii	"9"
  37              		.text
  38              		.section	.gnu.lto_.pureconst.a98dccd7774eeea3,"",%progbits
  39 0000 789C6363 		.ascii	"x\234cc```\005b&\006S&\023\000\001i\000y"
  39      60606005 
  39      62260653 
  39      26130001 
  39      690079
  40              		.text
  41              		.section	.gnu.lto_Thread1.a98dccd7774eeea3,"",%progbits
  42 0000 789C5552 		.ascii	"x\234UR\337K\024Q\030\375\316|\263?\374\265\021\275"
  42      DF4B1451 
  42      18FDCE7C 
  42      B33FFCB5 
  42      11BD
  43 0012 04ED8342 		.ascii	"\004\355\203B\"\276\354<\366\026\365\326s\377\201\330"
  43      22BEEC3C 
  43      F616F5D6 
ARM GAS  /var/folders/qd/4mxf5pkd0zdf0b9dd1hp39180000gn/T//ccso9v2M.s 			page 3


  43      73FF81D8 
  44 0022 A2826EB1 		.ascii	"\242\202n\261\332CO{]W4\224\310\320M\226\251\026Rz)"
  44      DA434F7B 
  44      5D573494 
  44      C8D04D96 
  44      A916527A 
  45 0037 4AB2ADD5 		.ascii	"J\262\255\325\265\246-5\037,\223\250@\0211\220(!\226"
  45      B5A62D35 
  45      1F2C93A8 
  45      40113190 
  45      282196
  46 004a A05FA2F5 		.ascii	"\240_\242\365\335\231%\334a\346\316\275\337w8\347\334"
  46      DD9925DC 
  46      61E6CEBD 
  46      DF7738E7 
  46      DC
  47 005b 73AF9F88 		.ascii	"s\257\237\210V\015\242S\362?!\037|\004\343\352k\242"
  47      560DA253 
  47      F23F211F 
  47      7C04E3EA 
  47      6BA2
  48 006d DEA001F6 		.ascii	"\336\240\001\366&\014\323\233\230^\3454(a\260\011\031"
  48      260CD39B 
  48      985EE534 
  48      2861B009 
  48      19
  49 007e A8FC0CF3 		.ascii	"\250\374\014\363(\2438\260\2357\232\357(y\234\353\033"
  49      28A338B0 
  49      9D379AEF 
  49      28799CEB 
  49      1B
  50 008f F5BDAAFF 		.ascii	"\365\275\252\377\250-\210t\031\205\207h\026\324\333"
  50      A82D8874 
  50      19858768 
  50      16D4DB
  51 009e D4039B87 		.ascii	"\324\003\233\207\330f\300\224ei9\363)\244\227\006\352"
  51      D866C094 
  51      656939F3 
  51      29A49706 
  51      EA
  52 00af 65F9550D 		.ascii	"e\371U\015\315\201\253A2\237\274\362k\312h\232T*\251"
  52      CD81AB41 
  52      329FBCF2 
  52      6BCA689A 
  52      542AA9
  53 00c2 9C159CB1 		.ascii	"\234\025\234\261\231\221\003\013\035\036!\214i\204I"
  53      9991030B 
  53      1D1E218C 
  53      698449
  54 00d1 4A84C768 		.ascii	"J\204\307h\322\350\255\251\375\261:\277\351\311\341"
  54      D2E8ADA9 
  54      FDB13ABF 
  54      E9C9E1
  55 00e0 09FC0499 		.ascii	"\011\374\004\231\334_\3659j\377\357\200r\326'0\342\223"
  55      DC5FF539 
  55      6AFFEF80 
  55      72D62730 
ARM GAS  /var/folders/qd/4mxf5pkd0zdf0b9dd1hp39180000gn/T//ccso9v2M.s 			page 4


  55      E293
  56 00f2 BECD26D1 		.ascii	"\276\315&\321\240\200\240\034\272\314\006\241\317\241"
  56      A080A01C 
  56      BACC06A1 
  56      CFA1
  57 0100 6D189A23 		.ascii	"m\030\232#\271\225{\017\016\271\352\275\363+\245\252"
  57      B9957B0F 
  57      0EB9EABD 
  57      F32BA5AA 
  58 0110 C6DBAEFA 		.ascii	"\306\333\256\372~\2223\312I\325\333\354C\276\322\202"
  58      7E9233CA 
  58      49D5DBEC 
  58      43BED282 
  59 0120 BBB31934 		.ascii	"\273\263\0314j\277w\235C\015Gn\251q\301\3715\305\304"
  59      6ABF779D 
  59      430D476E 
  59      A971C1F9 
  59      35C5C4
  60 0133 EACFB5EA 		.ascii	"\352\317\265\352\304\236\032W*\373\255d\330\034\300"
  60      C49E1A57 
  60      2AFBAD64 
  60      D81CC0
  61 0142 2C1A3C6F 		.ascii	",\032<o\005$\350\013\2223\277\013\205\321c\377\355\247"
  61      0524E80B 
  61      9233BF0B 
  61      85D163FF 
  61      EDA7
  62 0154 BCF07ED4 		.ascii	"\274\360~\324jJw\027i\306\301\335a\016~<\325\0042dX"
  62      6A4A7717 
  62      69C6C1DD 
  62      610E7E3C 
  62      D5043264 
  63 0169 2798EE2F 		.ascii	"'\230\356/\276\011\350\004\203.2\237\337Y\013\210hP"
  63      BE09E804 
  63      832E329F 
  63      DF590B88 
  63      6850
  64 017b 0A599D85 		.ascii	"\012Y\235\205\324\246\373J\327BY\334\204\315Up\220\300"
  64      D4A6FB4A 
  64      D74259DC 
  64      84CD5570 
  64      90C0
  65 018d 33ED5C1A 		.ascii	"3\355\\\032\271\305\365\335\240uO\253n~/\035>kK\364"
  65      B9C5F5DD 
  65      A0754FAB 
  65      6E7E2F1D 
  65      3E6B4BF4 
  66 01a1 CF91C598 		.ascii	"\317\221\305\230\316G\2444\346\317\207\276~\303\303"
  66      CE47A434 
  66      E6CF87BE 
  66      7EC3C3
  67 01b0 6463921E 		.ascii	"dc\222\036\212\260\306\304\225\333\307\013Xz\037\231"
  67      8AB0C6C4 
  67      95DBC70B 
  67      587A1F99 
  68 01c0 A593DAD1 		.ascii	"\245\223\332\321A;\246k\247P\\^\360{\3225\342\027/\313"
  68      413BA66B 
ARM GAS  /var/folders/qd/4mxf5pkd0zdf0b9dd1hp39180000gn/T//ccso9v2M.s 			page 5


  68      A7505C5E 
  68      F07BD235 
  68      E2172FCB 
  69 01d4 CAEF063E 		.ascii	"\312\357\006>n\324\224Ys\320\301\316\273\272F\231w\001"
  69      6ED49459 
  69      73D0C1CE 
  69      BBBA4699 
  69      7701
  70 01e6 5665829B 		.ascii	"Ve\202\233C\263\341\312\010\027%B\222#d\222[)\207\270"
  70      43B3E1CA 
  70      08172542 
  70      92236492 
  70      5B2987B8 
  71 01fa 835476B7 		.ascii	"\203Tv\267\331\355U\346P\233\026Z\302+\301K\343\306"
  71      D9ED55E6 
  71      509B165A 
  71      C22BC14B 
  71      E3C6
  72 020c F8C85E95 		.ascii	"\370\310^\2256X\207\317\001,!ls\210\364\22505\017\006"
  72      365887CF 
  72      012C216C 
  72      7388F495 
  72      30350F06 
  73 0220 19EEA106 		.ascii	"\031\356\241\006\272Z:b\221V\342\226x\233\031k\351\212"
  73      BA5A3A62 
  73      9156E296 
  73      789B196B 
  73      E98A
  74 0232 06BB3BA3 		.ascii	"\006\273;\243\321\013\3218\035\217D,\357=\337m\305{"
  74      D10BD138 
  74      1D8F442C 
  74      EF3DDF6D 
  74      C57B
  75 0244 AC8E586B 		.ascii	"\254\216Xk\347\305sQ\253\265=\036m\353\350\356\211_"
  75      E7C57351 
  75      ABB53D1E 
  75      6DEBE8EE 
  75      895F
  76 0256 8AB4D33F 		.ascii	"\212\264\323?J\322\003\005"
  76      4AD20305 
  77              		.text
  78              		.section	.gnu.lto_main.a98dccd7774eeea3,"",%progbits
  79 0000 789C6D51 		.ascii	"x\234mQ\317/\003a\020\235\267\263?Z\2647\027\351\301"
  79      CF2F0361 
  79      109DB7B3 
  79      3F5AB437 
  79      17E9C1
  80 0013 B591F442 		.ascii	"\265\221\364B\342\354O\021'\022\376\205]iE\033\016\010"
  80      E2EC4F11 
  80      2712FE85 
  80      5D69451B 
  80      0E08
  81 0025 4B6AC9C6 		.ascii	"Kj\311\306E\023\007D\251R\355\022\007\221 \025\021\211"
  81      45130744 
  81      A952ED12 
  81      07912015 
  81      1189
ARM GAS  /var/folders/qd/4mxf5pkd0zdf0b9dd1hp39180000gn/T//ccso9v2M.s 			page 6


  82 0037 9B5E1C1A 		.ascii	"\233^\034\032I9\3731_\227\213t\222\335\375\346\315\333"
  82      4939FB31 
  82      5F978B74 
  82      92DDFDE6 
  82      CDDB
  83 0049 37F3E633 		.ascii	"7\363\3463\211\350\011DQ\371\016\313\003\203\240-\334"
  83      89E80944 
  83      51F90ECB 
  83      0383A02D 
  83      DC
  84 005a 124D4734 		.ascii	"\022MG4px`\350\341A\017\221\021\220\255\261\016y\321"
  84      707860E8 
  84      E1410F91 
  84      1190ADB1 
  84      0E79D1
  85 006d 6FCCF332 		.ascii	"o\314\3632\243\236\331\363x\216=&\350\222\266n\362\215"
  85      A39ED9F3 
  85      788E3D26 
  85      E892B66E 
  85      F28D
  86 007f B84A817E 		.ascii	"\270J\201~IK\353\365\301\344\266#\021\254\346{\363\205"
  86      494BEBF5 
  86      C1E4B623 
  86      11ACE67B 
  86      F385
  87 0091 40F75823 		.ascii	"@\367X#W\310E$p\200\204\352~\210$\011\367e\377k%f\352"
  87      57C84524 
  87      708084EA 
  87      7E882409 
  87      F765FF6B 
  88 00a8 AA2AE011 		.ascii	"\252*\340\021L\222\021i\367\336\010\234\257\357Y'\270"
  88      4C921169 
  88      F7DE089C 
  88      AFEF5927 
  88      B8
  89 00b9 DCC28761 		.ascii	"\334\302\207a\022e\245\016'\240\234(!\035P\023i\377"
  89      1265A50E 
  89      27A09C28 
  89      211D5013 
  89      69FF
  90 00cb A3AFFD83 		.ascii	"\243\257\375\203\250\224\313\315g\313\376t\"\036\263"
  90      A894CBCD 
  90      67CBFE74 
  90      221EB3
  91 00da CBA28012 		.ascii	"\313\242\200\022l\362X\027\336\232\3630\324\201g\270"
  91      6CF25817 
  91      DE9AF330 
  91      D48167B8 
  92 00ea A2443816 		.ascii	"\242D8\026\236\024\334\231\213;K90\361\217g\372j2\301"
  92      9E14DC99 
  92      8B3B4B39 
  92      30F18F67 
  92      FA6A32C1 
  93 00fe 8AE9D652 		.ascii	"\212\351\326R\334\307&<\266p\002\033eeD\012\325\326"
  93      DCC7263C 
  93      B670021B 
  93      6565440A 
ARM GAS  /var/folders/qd/4mxf5pkd0zdf0b9dd1hp39180000gn/T//ccso9v2M.s 			page 7


  93      D5D6
  94 0110 75232EE4 		.ascii	"u#.\344\254\343\370\357P\022\247\360\021z\251\300\026"
  94      ACE3F8EF 
  94      5012A7F0 
  94      117AA9C0 
  94      16
  95 0121 4625FD78 		.ascii	"F%\375xe(\365\010\012\032\316\220PKz\333)\305\024\026"
  95      6528F508 
  95      0A1ACE90 
  95      504B7ADB 
  95      29C51416 
  96 0135 4540A8B6 		.ascii	"E@\250\266\261\277\266Ji\302\343.\2279\224\251I\273"
  96      B1BFB64A 
  96      69C2E32E 
  96      973994A9 
  96      49BB
  97 0147 54C2E36E 		.ascii	"T\302\343n\031%\307Lr7\355\035d\374\332@\007o=\2568"
  97      1925C74C 
  97      7237ED1D 
  97      64FCDA40 
  97      076F3DAE 
  98 015c 2704A1B7 		.ascii	"'\004\241\267\215\265\305\317h\330\351\325\3029D'Fj"
  98      8DB5C5CF 
  98      68D8E9D5 
  98      C2394427 
  98      466A
  99 016e A3BAD241 		.ascii	"\243\272\322AV\355K\302\232\034\035\237J\215\321\017"
  99      56ED4BC2 
  99      9A1C1D9F 
  99      4A8DD10F 
 100 017e 1F9EA07A 		.ascii	"\037\236\240z"
 101              		.text
 102              		.section	.gnu.lto_.symbol_nodes.a98dccd7774eeea3,"",%progbits
 103 0000 789C55C9 		.ascii	"x\234U\3111\016\202@\024E\321\373\347\017\3036\010+"
 103      310E8240 
 103      1445D1FB 
 103      E70FC336 
 103      082B
 104 0012 71677F0A 		.ascii	"qg\177\012;\013]\002\223\260\010cmmimA\203 \356\300"
 104      3B0B5D02 
 104      93B00863 
 104      6D6D696D 
 104      418320EE 
 105 0027 30909060 		.ascii	"0\220\220`\361\362\222{\002p\316\303\2751\270<X\356"
 105      F1F2927B 
 105      0270CEC3 
 105      BD31B83C 
 105      58EE
 106 0039 DAA418A0 		.ascii	"\332\244\030\240\370\"\325b\003&\233\335b\222L=\304"
 106      F822D562 
 106      03269BDD 
 106      62924C3D 
 106      C4
 107 004a 1A5426CC 		.ascii	"\032T&\314\255\226C<\200|0\375\013#\346\367A\361\034"
 107      AD96433C 
 107      807C30FD 
 107      0B23E6F7 
ARM GAS  /var/folders/qd/4mxf5pkd0zdf0b9dd1hp39180000gn/T//ccso9v2M.s 			page 8


 107      41F11C
 108 005d D3F354AA 		.ascii	"\323\363T\252\013\264\257\237\250+\270\257\357\351\232"
 108      0BB4AF9F 
 108      A82BB8AF 
 108      EFE99A
 109 006c 0CCC32C8 		.ascii	"\014\3142\310%\031"
 109      2519
 110              		.text
 111              		.section	.gnu.lto_.refs.a98dccd7774eeea3,"",%progbits
 112 0000 789C6363 		.ascii	"x\234cc``\340\003bF b\002\002f&&\006&\006\000\002\033"
 112      6060E003 
 112      62462062 
 112      02026626 
 112      26062606 
 113 0017 0028     		.ascii	"\000("
 114              		.text
 115              		.section	.gnu.lto_.decls.a98dccd7774eeea3,"",%progbits
 116 0000 789CC55A 		.ascii	"x\234\305ZiPTY\226\316\373n\222\231$\011\330\350\324"
 116      69505459 
 116      96CEFB6E 
 116      92992409 
 116      D8E8D4
 117 0013 D8134674 		.ascii	"\330\023FtE5\035\362c\024\255\252\351\262\247\353\307"
 117      45351DF2 
 117      6314ADAA 
 117      E9B2A7EB 
 117      C7
 118 0024 74544C74 		.ascii	"tTLtwLtODWM\304TOLdSi\226P\305\222\235<J\355?\375X\005"
 118      774C744F 
 118      44574DC4 
 118      544F4C64 
 118      53699650 
 119 0042 51014145 		.ascii	"Q\001AE\305\006\005\025\024\001\305\205E\026A\020e\021"
 119      C5060515 
 119      1401C585 
 119      45164110 
 119      6511
 120 0054 44714156 		.ascii	"DqAVK\012QD\026\005Ae\316]2\337\313\344\245U\177f&\203"
 120      4B0A5144 
 120      16054165 
 120      CE5D32DF 
 120      CBE4A555 
 121 006c C3CB73DF 		.ascii	"\303\313s\337\271\367;\333=\357\336wS\247\321h~\261"
 121      B9F73BDB 
 121      3DEFDE77 
 121      53A7D168 
 121      7EB1
 122 007e 46A379AE 		.ascii	"F\243y\256\323h>F\032\315\"|0\264]\002\362\0022\003"
 122      D3683E46 
 122      1ACD227C 
 122      30B45D02 
 122      F2023203 
 123 0092 AD06BA0A 		.ascii	"\255\006\272\012\3649P\233\206}\310\275N\240n\240a\240"
 123      F439509B 
 123      867DC8BD 
 123      4EA06EA0 
 123      61A0
ARM GAS  /var/folders/qd/4mxf5pkd0zdf0b9dd1hp39180000gn/T//ccso9v2M.s 			page 9


 124 00a4 52E87B06 		.ascii	"R\350{\006H\200\357g\341j\0224.\237\303\320\346\017"
 124      4880EF67 
 124      E16A1234 
 124      2E9FC3D0 
 124      E60F
 125 00b6 D73F0105 		.ascii	"\327?\001\005\000\255\340c\213\320\376[r\017\344\227"
 125      00ADE063 
 125      8BD0FE5B 
 125      720FE497 
 126 00c6 01FD08C8 		.ascii	"\001\375\010\310\010\364\012\332b\200\002\004\206?\004"
 126      08F40ADA 
 126      62800204 
 126      863F04
 127 00d5 44F4C2C0 		.ascii	"D\364\302\300?\207\366\243\210\361D\207w\004\246\003"
 127      3F87F6A3 
 127      88F14487 
 127      7704A603 
 128 00e5 342DC13D 		.ascii	"4-\301=\016\215~\012\314?\002\375=\310\234\206\366\225"
 128      0E8D7E0A 
 128      CC3F02FD 
 128      3DC89C86 
 128      F695
 129 00f7 02B3AB85 		.ascii	"\002\263\253\205\333\266\232\333W\302q\207\024\266\022"
 129      DBB69ADB 
 129      57C27187 
 129      14B612
 130 0106 3B897DC4 		.ascii	";\211}\304\316N\215\214GlU~\2620\352J(\313\301\251\030"
 130      CE4E8D8C 
 130      476C557E 
 130      B230EA4A 
 130      28CBC1A9 
 131 011b 05189116 		.ascii	"\005\030\221\026\330\311\366\003\017\374\200]aD\357"
 131      D8C9F603 
 131      0FFC805D 
 131      6144EF
 132 012a 023B77B1 		.ascii	"\002;w\261\353\210\300\356\006\002[7\324p\002\033\223"
 132      EB88C0EE 
 132      06025B37 
 132      D470021B 
 132      93
 133 013b 25F8E4C5 		.ascii	"%\370\344\305K\336\277!\355g\321*T\216V\001\300yd\204"
 133      4BDEBF21 
 133      ED67D12A 
 133      548E5601 
 133      C0796484 
 134 014f FFC1ABD0 		.ascii	"\377\301\253\3209`A\372b|O\213\027\353\\(\000\177.\367"
 134      396041FA 
 134      627C4F8B 
 134      17EB5C28 
 134      007F2EF7 
 135 0163 4AB53F1B 		.ascii	"J\265?\033\273>\000\370\361\243\035g\274\201\0172\242"
 135      BB3E00F8 
 135      F1A31D67 
 135      BC810F32 
 135      A2
 136 0174 BF025BFA 		.ascii	"\277\002[\372\244\362\245/cI\357\013\263\303\217tX\240"
 136      A4F2A52F 
ARM GAS  /var/folders/qd/4mxf5pkd0zdf0b9dd1hp39180000gn/T//ccso9v2M.s 			page 10


 136      6349EF0B 
 136      B3C38F74 
 136      58A0
 137 0186 DF5F24E7 		.ascii	"\337_$\347V\371\257-\226\330\307\360c\015\252F\330a"
 137      56F9AF2D 
 137      96D8C7F0 
 137      630DAA46 
 137      D861
 138 0198 414EC6F0 		.ascii	"AN\306\360>o\034@\005\017T\317\\\343\220\0062\306\323"
 138      3E6F1C40 
 138      050F54CF 
 138      5CE39006 
 138      32C6D3
 139 01ab 93177C39 		.ascii	"\223\027|9\"\334\026\366??\273\340\207\214A`A\234T\026"
 139      22DC16F6 
 139      3F3FBBE0 
 139      878C4160 
 139      419C5416 
 140 01bf 2FFD2876 		.ascii	"/\375(v\275\006\325\201\001\265\2401\272\204\202\010"
 140      BD06D581 
 140      01B5A031 
 140      BA848208 
 141 01cf F845B456 		.ascii	"\370E\264V\203\252\240\261\022\032\217\021\300\372\211"
 141      83AAA0B1 
 141      121A8F11 
 141      C0FA89
 142 01de F29F676C 		.ascii	"\362\237gl\223$\001\325##\252A\230\312\200\255AF\246"
 142      932401D5 
 142      2323AA41 
 142      98CA80AD 
 142      4146A6
 143 01f1 C2B684C2 		.ascii	"\302\266\204\3024\037|\032\021\035\204\254\264\341^"
 143      341F7C1A 
 143      111D84AC 
 143      B4E15E
 144 0200 3DDC625D 		.ascii	"=\334b]o\227\276\177%\221t\275\014]\033\344\256\365"
 144      6F97BE7F 
 144      259174BD 
 144      0C5D1BE4 
 144      AEF5
 145 0212 C4591A75 		.ascii	"\304Y\032uE\032U\024\001\224\376\322\336\313Z\334H]"
 145      451A5514 
 145      0194FED2 
 145      DECB5ADC 
 145      485D
 146 0224 223C4F19 		.ascii	"\"<O\031\317\363l\312\025\217\246\314\336\015\252\270"
 146      CFF36CCA 
 146      158FA6CC 
 146      DE0DAAB8 
 147 0234 2949EFA2 		.ascii	")I\357\242f\320\247I\326\3472\342\266d\357JN\324\006"
 147      66D0A749 
 147      D6E732E2 
 147      B664EF4A 
 147      4ED406
 148 0247 A41361F8 		.ascii	"\244\023a\370\367/+\251`\005\214q\201\006\271\005\005"
 148      F72F2BA9 
 148      60058C71 
ARM GAS  /var/folders/qd/4mxf5pkd0zdf0b9dd1hp39180000gn/T//ccso9v2M.s 			page 11


 148      8106B905 
 148      05
 149 0258 38424DA4 		.ascii	"8BM\244{\333\262_\373\231\266\023%XF\300}EJ\\E&\022"
 149      7BDBB25F 
 149      FB99B613 
 149      255846C0 
 149      7D454A5C 
 150 026f 257205E1 		.ascii	"%r\005\341\222\342\2052\243\026r\025\231M(RK\372\347"
 150      92E28532 
 150      A3167215 
 150      994D2852 
 150      4BFAE7
 151 0282 6637C6F9 		.ascii	"f7\306\371\257\334\3133j\231\026\375\351\035E\367V\264"
 151      AFDCCB33 
 151      6A9916FD 
 151      E91D45F7 
 151      56B4
 152 0294 12FE5F43 		.ascii	"\022\376_CZ\006\266\330y\343\211I\011\006\367\025\322"
 152      5A06B6D8 
 152      79E38949 
 152      0906F715 
 152      D2
 153 02a5 6DC8E4B0 		.ascii	"m\310\344\260\246\215\342U]\252\251\363\031@}\210@."
 153      A68DE255 
 153      5DAAA9F3 
 153      19407D88 
 153      402E
 154 02b7 A3F98210 		.ascii	"\243\371\202\020\373\017WB\224_t|\020k\207V\201]\270"
 154      FB0F5742 
 154      945F747C 
 154      106B8756 
 154      815DB8
 155 02ca 28611C5D 		.ascii	"(a\034]\220\263E\340c\010\216q\351\037\037\000)Ge\367"
 155      90B345E0 
 155      63088E71 
 155      E91F1F00 
 155      294765F7 
 156 02de 199CE3C3 		.ascii	"\031\234\343\303f$\373\242\350\307\232\004\031L\321"
 156      6624FBA2 
 156      E8C79A04 
 156      194CD1
 157 02ed 6589AE1A 		.ascii	"e\211\256\032\347m\247R\262\221\210O\217\223\373*\016"
 157      E76DA752 
 157      B291884F 
 157      8F93FB2A 
 157      0E
 158 02fe FA0CA27E 		.ascii	"\372\014\242~\340\177\242\321H\206\010\332\372\370X"
 158      E07FA2D1 
 158      488608DA 
 158      FAF858
 159 030d E5A22F9E 		.ascii	"\345\242/\236d\323\253i0\273K\367^\236T?$\325_\037\370"
 159      64D3AB69 
 159      30BB4BF7 
 159      5E9E543F 
 159      24D55F1F 
 160 0322 38AE3149 		.ascii	"8\2561IJ\217\205\330\323\000\240\353r\222\\'\263\016"
 160      4A8F85D8 
ARM GAS  /var/folders/qd/4mxf5pkd0zdf0b9dd1hp39180000gn/T//ccso9v2M.s 			page 12


 160      D300A0EB 
 160      72925C27 
 160      B30E
 161 0334 75A04184 		.ascii	"u\240A\204\332\321\000\340u\242\367\240\377\376\266"
 161      DAD100E0 
 161      75A2F7A0 
 161      FFFEB6
 162 0343 D64C8C63 		.ascii	"\326L\214c1\035\254\244\265\262\007)#\372Ge\215\270"
 162      311DACA4 
 162      B5B20729 
 162      23FA4765 
 162      8DB8
 163 0355 41231AC9 		.ascii	"A#\032\311\003z\367`\3032\300\315\003\334\247\237\035"
 163      037AF760 
 163      C332C0CD 
 163      03DCA79F 
 163      1D
 164 0366 90EA1324 		.ascii	"\220\352\023$2S@\006u\311\240]\356\240\335\024\364@"
 164      32534006 
 164      75C9A05D 
 164      EEA0DD14 
 164      F440
 165 0378 7A4A8B1F 		.ascii	"zJ\213\037Nb\240}-E'I\025[mD\3049\376\212r\262\232\225"
 165      4E62A07D 
 165      2D452749 
 165      155B6D44 
 165      C439FE8A 
 166 0390 931B6953 		.ascii	"\223\033iS\005z\234A\305\205\201\273\013\367\235\223"
 166      057A9C41 
 166      C58581BB 
 166      0BF79D93 
 167 03a0 87A692C6 		.ascii	"\207\246\222\306\251#\272\013sg5\237;=\320xK.\003\323"
 167      A923BA0B 
 167      7367359F 
 167      3B3DD078 
 167      4B2E03D3 
 168 03b4 AB5919B8 		.ascii	"\253Y\031\270\003S\342\266\254\341j>\031\212\0122\216"
 168      0353E2B6 
 168      ACE16A3E 
 168      198A0A32 
 168      8E
 169 03c5 E8700EC3 		.ascii	"\350p\016\303\250>\370\260I\360\204q\337#\306\355\322"
 169      A83EF8B0 
 169      49F08471 
 169      DF23C6ED 
 169      D2
 170 03d6 F79A69BD 		.ascii	"\367\232i\275\350\005\214{2\306\035\307\214K;\327\373"
 170      E8058C7B 
 170      32C61DC7 
 170      8C4B3BD7 
 170      FB
 171 03e7 CA1F1F65 		.ascii	"\312\037\037e \211\327\317?\362\0102\340\021dq\374\037"
 171      2089D7CF 
 171      3FF20832 
 171      E0116471 
 171      FC1F
 172 03f9 8F51907E 		.ascii	"\217Q\220~\000\351\223Az\035 e\305\247\372\014t\246"
ARM GAS  /var/folders/qd/4mxf5pkd0zdf0b9dd1hp39180000gn/T//ccso9v2M.s 			page 13


 172      00E99341 
 172      7A1D2065 
 172      C5A7FA0C 
 172      74A6
 173 040b 12093655 		.ascii	"\022\0116UG\252\316\247\011\036\247\352\020\015\354"
 173      47AACEA7 
 173      091EA7EA 
 173      100DEC
 174 041a A063AAD6 		.ascii	"\240c\252\326\035*I\320Bh\007\001\355\273\371\015'\312"
 174      1D2A49D0 
 174      42680701 
 174      EDBBF90D 
 174      27CA
 175 042c 46A5E400 		.ascii	"F\245\344\000*\205n\312x7y\025G\3034\244\267\212z*\364"
 175      2A856ECA 
 175      78377915 
 175      47C334A4 
 175      B78A7A2A 
 176 0441 788EE7D1 		.ascii	"x\216\347\321\322bQ\332P\360\304\200\267k\251\351\273"
 176      D26251DA 
 176      50F0C480 
 176      B76BA9E9 
 176      BB
 177 0452 A7AA1EEB 		.ascii	"\247\252\036\353P\220\211Y4\222\344\005\017\006\364"
 177      50908959 
 177      3492E405 
 177      0F06F4
 178 0461 1D948087 		.ascii	"\035\224\200\207\362\370m\264\374x(\030h\004\374#\327"
 178      F2F86DB4 
 178      FC782818 
 178      6804FC23 
 178      D7
 179 0472 0C18FFE5 		.ascii	"\014\030\377\345\316gI\314j2\316\267\210\202JY\013\271"
 179      CE6749CC 
 179      6A32CEB7 
 179      88824A59 
 179      0BB9
 180 0484 BE783703 		.ascii	"\276x7\003\235\210?x\324c\342<\366\034\324T\234\223"
 180      9D883F78 
 180      D463E23C 
 180      F61CD454 
 180      9C93
 181 0496 9F26495A 		.ascii	"\237&IZ4\006\356|\244\342\360\364\376\356FL\241\211"
 181      3406EE7C 
 181      A4E2F0F4 
 181      FEEE464C 
 181      A189
 182 04a8 C4288376 		.ascii	"\304(\203vd\365\347K\263\372s\226\325\005/'.\230p\033"
 182      64F5E74B 
 182      B3FA7396 
 182      D5052F27 
 182      2E98701B 
 183 04bc 53AEBD73 		.ascii	"S\256\275s\266\312\340I\271IP\356s\256\334Sh\034w*7"
 183      B6CAE049 
 183      B94950EE 
 183      73AEDC53 
 183      681C772A 
ARM GAS  /var/folders/qd/4mxf5pkd0zdf0b9dd1hp39180000gn/T//ccso9v2M.s 			page 14


 184 04d1 70E0A715 		.ascii	"p\340\247\025\337\245\022\345\236\001\364\204\254\334"
 184      DFA512E5 
 184      9E01F484 
 184      ACDC
 185 04df E75CB713 		.ascii	"\347\\\267\023\371\347G\374\251nD\340\011\323\355\\"
 185      F9E747FC 
 185      A96E44E0 
 185      09D3ED5C 
 186 04ef 7FD34EEC 		.ascii	"\177\323N\354\010\317\024ks<n\003\330\343\026\025\216"
 186      08CF146B 
 186      733C6E03 
 186      D8E31615 
 186      8E
 187 0500 E4EC3231 		.ascii	"\344\35421~\003yJ\306\317\337\326\342\207^T\363\373"
 187      7E03794A 
 187      C6CFDFD6 
 187      E2875E54 
 187      F3FB
 188 0512 137B9374 		.ascii	"\023{\223t\370\031c^V<\316\321\341y\306\\\033\316\352"
 188      F819635E 
 188      563CCED1 
 188      E179C65C 
 188      1BCEEA
 189 0525 1370AC8E 		.ascii	"\023p\254\2162\207\026\3166\371\340\024\306\234\231"
 189      328716CE 
 189      36F9E014 
 189      C69C99
 190 0534 49FD31CE 		.ascii	"I\3751\316`\337/?\350n\361\302\331\214I-O8\254\305E"
 190      60DF2F3F 
 190      E86EF1C2 
 190      D98C492D 
 190      4F38ACC5 
 191 0549 8CA9DA73 		.ascii	"\214\251\332sq\334\200\313\030s\351\365\335\034#\256"
 191      71DC80CB 
 191      1873E9F5 
 191      DD1C23AE 
 192 0559 67CC8D67 		.ascii	"g\314\215gm\207|\230>\313\200=?r\265\331\310V\007\022"
 192      6D877C98 
 192      3ECB803D 
 192      3F72B5D9 
 192      C8560712 
 193 056d 02FED5D1 		.ascii	"\002\376\325\321\353w\014\270\205\311V_\270\330\314"
 193      EB770CB8 
 193      85C9565F 
 193      B8D8CC
 194 057c 5712EB80 		.ascii	"W\022\353\200\335\221.]\361\301]\354^sZ\302\016#\276"
 194      DD912E5D 
 194      F1C15DEC 
 194      5E735AC2 
 194      0E23BE
 195 058f AF630FE2 		.ascii	"\257c\017\342\256'\373u\236\274\276MxKJ\344\262\224"
 195      AE27FB75 
 195      9EBCBE4D 
 195      784B4AE4 
 195      B294
 196 05a1 48128C28 		.ascii	"H\022\214(QX\232\022\315\203\257\247\374\361(\203L\334"
 196      51589A12 
ARM GAS  /var/folders/qd/4mxf5pkd0zdf0b9dd1hp39180000gn/T//ccso9v2M.s 			page 15


 196      CD83AFA7 
 196      FCF12883 
 196      4CDC
 197 05b3 796A1FD1 		.ascii	"yj\037\321U\307RA\017M\337>\233?\257eMd\304-\304[\373"
 197      55C75241 
 197      0F4DDF3E 
 197      9B3FAF65 
 197      4D64C42D 
 198 05ca EF9FF6C3 		.ascii	"\357\237\366\303O\231b\265\335\025\011\276\316u\310"
 198      4F9962B5 
 198      DD1509BE 
 198      CE75C8
 199 05d9 44F9EA58 		.ascii	"D\371\352XZ\273v\002\\\252\014\247\343\313\020i\211"
 199      5ABB7602 
 199      5CAA0CA7 
 199      E3CB1069 
 199      89
 200 05ea EE3B4077 		.ascii	"\356;@w\035\327}\273\260\012\245\010t\0252\365\362\331"
 200      1DD77DBB 
 200      B00AA508 
 200      741532F5 
 200      F2D9
 201 05fc 592D9E63 		.ascii	"Y-\236c\030\345\231\257\262\375\224k\235s\264\254\244"
 201      18E599AF 
 201      B2FD946B 
 201      9D73B4AC 
 201      A4
 202 060d 03C62E19 		.ascii	"\003\306.\031\003 =\201\244\251\203\334\336\321\335"
 202      03203D81 
 202      A4A983DC 
 202      DED1DD
 203 061c ABC3929E 		.ascii	"\253\303\222\236\202\\h\275\277\200e\220T|\2109.\023"
 203      825C68BD 
 203      BF806590 
 203      547C8839 
 203      2E13
 204 062e 50326494 		.ascii	"P2d\224t\317(\273\325Q\016N\367=\362f1\016\"\225u:\343"
 204      74CF28BB 
 204      D5510E4E 
 204      F73DF266 
 204      310E2295 
 205 0645 B6174EA2 		.ascii	"\266\027N\242\240\316\205p\000[\010\037J\273u\036\343"
 205      A0CE8570 
 205      005B081F 
 205      4ABB751E 
 205      E3
 206 0656 0C762FA5 		.ascii	"\014v/\2458\245\331\017\037d\314\221\272\352'z|\222"
 206      38A5D90F 
 206      1F64CC91 
 206      BAEA277A 
 206      7C92
 207 0668 F7EA897B 		.ascii	"\367\352\211{`\304U\214\031\272\177\245\314\017\327"
 207      60C4558C 
 207      19BA7FA5 
 207      CC0FD7
 208 0677 32A67AF6 		.ascii	"2\246z\366`\265?nbL\373\203\305)#ncLW\354a\310\327n"
 208      60B53F6E 
ARM GAS  /var/folders/qd/4mxf5pkd0zdf0b9dd1hp39180000gn/T//ccso9v2M.s 			page 16


 208      624CFB83 
 208      C529236E 
 208      634C57EC 
 209 068f DE475AD8 		.ascii	"\336GZ\330o\302w\231\341\007\033\216\224\013N\303\257"
 209      6FC27799 
 209      E1071B8E 
 209      940B4EC3 
 209      AF
 210 06a0 FD03A970 		.ascii	"\375\003\251p\207\301\350\334\037dt\236\272\321\035"
 210      87C1E8DC 
 210      1F64749E 
 210      BAD11D
 211 06af 93DBE1F9 		.ascii	"\223\333\341\3711\300\340R\367\214\037\363\303\3371"
 211      31C0E052 
 211      F78C1FF3 
 211      C3DF31
 212 06be 666134EB 		.ascii	"fa4\353.b&\223\325S\\\365\335\014\276\\\037\244\371"
 212      2E622693 
 212      D5535CF5 
 212      DD0CBE5C 
 212      1FA4F9
 213 06d1 783D6FDA 		.ascii	"x=o\332\200g\230le\306nPz\2361\375\331\251\325>x\247"
 213      8067986C 
 213      65C66E50 
 213      7A9E31FD 
 213      D9A9D53E 
 214 06e7 8132B569 		.ascii	"\2012\265iS\025\3368\2131\333\346\206\313\374\361!\203"
 214      5315DE38 
 214      8B31DBE6 
 214      86CBFCF1 
 214      2183
 215 06f9 CB945AC1 		.ascii	"\313\224Z\301\246\324\323\204\207\203|6\256\0046\377"
 215      A6D4D384 
 215      87837C36 
 215      AE0436FF 
 216 0709 66E39417 		.ascii	"f\343\224\027.`\242\245\211\337\026\031\340\336*Hw\244"
 216      2E60A2A5 
 216      89DF1619 
 216      E0DE2A48 
 216      77A4
 217 071b 287BAB58 		.ascii	"({\253X\331;[?}J\213ORY\341\364\251o\277\222\323|\372"
 217      D93B5B3F 
 217      7D4A8B4F 
 217      5259E1F4 
 217      A96FBF92 
 218 0732 9D0A495A 		.ascii	"\235\012IZ\206\316\200\233\312d7\255r.\266\245|\011"
 218      86CE809B 
 218      CA6437AD 
 218      722EB6A5 
 218      7C09
 219 0744 AFD4A00F 		.ascii	"\257\324\240\017V\241u\340\243\323\340\243U\334G\245"
 219      56A175E0 
 219      A3D3E0A3 
 219      55DC47A5 
 220 0754 E0A312E6 		.ascii	"\340\243\022\346\243\242\334\302\313\276\370\034\033"
 220      A3A2DCC2 
 220      CBBEF81C 
ARM GAS  /var/folders/qd/4mxf5pkd0zdf0b9dd1hp39180000gn/T//ccso9v2M.s 			page 17


 220      1B
 221 0761 BFFFD444 		.ascii	"\277\377\324D\207\"\375J\337+\2479~\016\020\312e\204"
 221      8722FD4A 
 221      DF2BA739 
 221      7E0E10CA 
 221      6584
 222 0773 33820788 		.ascii	"3\202\007\210\263\352\020q\231\335\305\336\270\206A"
 222      B3EA1071 
 222      99DDC5DE 
 222      B88641
 223 0782 C435A577 		.ascii	"\3045\245w\351\0355\304\265{\205Jw\347D8\300&\302\005"
 223      E91D35C4 
 223      B57B854A 
 223      77E74438 
 223      C026C205 
 224 0796 50E5BCAC 		.ascii	"P\345\274\254\3129\201W\020G~\257`\371}\271\260\262"
 224      CA398157 
 224      10477EAF 
 224      60F97DB9 
 224      B0B2
 225 07a8 DF173731 		.ascii	"\337\02771\017\247\356xS\212q;\303\037\337UxA\247\216"
 225      0FA7EE78 
 225      538A713B 
 225      C31FDF55 
 225      7841A78E 
 226 07bc 5FE311BF 		.ascii	"_\343\021\277\341\307$\037/\002v\265\012vM\322\224\015"
 226      E1C7241F 
 226      2F0276B5 
 226      0A764DD2 
 226      940D
 227 07ce DF62     		.ascii	"\337b"
 228 07d0 58058DA5 		.ascii	"X\005\215\245]z\334\307\260\356>o\315T$5\035\344\022"
 228      5D7ADCC7 
 228      B0EE3E6F 
 228      CD542435 
 228      1DE412
 229 07e3 0C52E73E 		.ascii	"\014R\347>\210\2122\365\352\276\314\255\351*\322\342"
 229      888A32F5 
 229      EABECCAD 
 229      E92AD2E2 
 230 07f3 1106766B 		.ascii	"\021\006vk\256f\336\204\307)\243-\216?\361L\213\202"
 230      AE66DE84 
 230      C729A32D 
 230      8E3FF14C 
 230      8B82
 231 0805 56219814 		.ascii	"V!\230\024\210A\222\015$l\220\000\261Q\300\216\215\360"
 231      8841920D 
 231      246C9000 
 231      B151C08E 
 231      8DF0
 232 0817 0109D09E 		.ascii	"\001\011\320\236\375\2254\303w\003\275\252\340_\006"
 232      FD9534C3 
 232      7703BDAA 
 232      E05F06
 233 0826 7C724B83 		.ascii	"|rK\203\232\001\275\211\241\237\316iy\351m\344\322\311"
 233      9A01BD89 
 233      A19FCE69 
ARM GAS  /var/folders/qd/4mxf5pkd0zdf0b9dd1hp39180000gn/T//ccso9v2M.s 			page 18


 233      79E96DE4 
 233      D2C9
 234 0838 DF273D34 		.ascii	"\337'=4\267x\331e\017\323\"(\327\307W\005\023_\267\347"
 234      B778D965 
 234      0FD32228 
 234      D7C75705 
 234      135FB7E7 
 235 084c DEA9ECD7 		.ascii	"\336\251\354\327\342)f\324\003\251\261[\300\363\214"
 235      E22966D4 
 235      03A9B15B 
 235      C0F38C
 236 085b 3995DF7F 		.ascii	"9\225\337\177\324\033\307yS\246\346\336\356Q_\234\314"
 236      D41BC779 
 236      53A6E6DE 
 236      EE515F9C 
 236      CC
 237 086c 98FE9237 		.ascii	"\230\376\2227\027ux\007cr\357O\236\322\3434\312\010"
 237      17757807 
 237      6372EF4F 
 237      9ED2E334 
 237      CA08
 238 087e 3D8BA3A3 		.ascii	"=\213\243\2430\255\203\024\300\212\345\033\352\002U"
 238      30AD8314 
 238      C08AE51B 
 238      EA0255
 239 088d CD8E9590 		.ascii	"\315\216\225\220c\243\370qE-\331(v\012&t]\016\216\331"
 239      63A3F871 
 239      452DD928 
 239      760A2674 
 239      5D0E8ED9 
 240 08a1 C4F41B8C 		.ascii	"\304\364\033\214k\3566\340l\2065\371\364\346+_\234\303"
 240      6BEE36E0 
 240      6C8635F9 
 240      F4E62B5F 
 240      9CC3
 241 08b3 18E965ED 		.ascii	"\030\351e\355=\035\316cL\357\236\271Ao\234\317\230\226"
 241      3D1DCE63 
 241      4CEF9EB9 
 241      416F9CCF 
 241      9896
 242 08c5 5BA9755A 		.ascii	"[\251uZ|\2141\307[\007%/\\\304\230\213\333[_\031p1c"
 242      7C8C31C7 
 242      5B07252F 
 242      5CC4988B 
 242      DB5B5F19 
 243 08dc 0E546D8B 		.ascii	"\016Tm\2133\342R\306\234\\\234N3\3413\2149Q\237\332"
 243      33E252C6 
 243      9C5C9C4E 
 243      33E1338C 
 243      39519FDA 
 244 08f0 825946E7 		.ascii	"\202YF\347\011Y\330\247-\261m\233\001\005\262\317\362"
 244      0959D8A7 
 244      2DB16D9B 
 244      0105B2CF 
 244      F2
 245 0901 A0C0C023 		.ascii	"\240\300\300#\304\276\372\027\027\003\362\343\245\226"
 245      C4BEFA17 
ARM GAS  /var/folders/qd/4mxf5pkd0zdf0b9dd1hp39180000gn/T//ccso9v2M.s 			page 19


 245      1703F2E3 
 245      A596
 246 090f 7554F71B 		.ascii	"uT\367\033\240\373\003a\271ll\261@<}\226\370[\303\344"
 246      A0FB0361 
 246      B96C6CB1 
 246      403C7D96 
 246      F85BC3E4 
 247 0923 E77F4936 		.ascii	"\347\177I6\037\230\212\337u\027\017&\322\353e\341\206"
 247      1F988ADF 
 247      75170F26 
 247      D2EB65E1 
 247      86
 248 0934 8F65E13B 		.ascii	"\217e\341;\252\302\312\241o(\244{\334\245k\221\273\370"
 248      AAC2CAA1 
 248      6F28A47B 
 248      DCA56B91 
 248      BBF8
 249 0946 B042FCA6 		.ascii	"\260B\374\246\273\270\264Tq\205x\207\273\370^\301M\363"
 249      BBB8B454 
 249      71857887 
 249      BBF85EC1 
 249      4DF3
 250 0958 318574B7 		.ascii	"1\205t\267\272W\250t\006\337\374K\260\254C\275\002{"
 250      BA57A874 
 250      06DFFC4B 
 250      B0AC43BD 
 250      027B
 251 096a A183EEF1 		.ascii	"\241\203\356\361\036\220\007\350[\310\227>!\020\365"
 251      1E9007E8 
 251      5BC8973E 
 251      2110F5
 252 0979 038D000D 		.ascii	"\003\215\000\015\000=\004\032\004\032\006\272\0174$"
 252      003D041A 
 252      041A06BA 
 252      0F3424
 253 0988 04D2B9C5 		.ascii	"\004\322\271\305\322\351E\3652\330R\"2\202\206\247\222"
 253      D2E945F5 
 253      32D85222 
 253      328286A7 
 253      92
 254 0999 C6A958BF 		.ascii	"\306\251X\2772^\267\324\315V\330qMa\307mu\237Ri\362"
 254      325EB7D4 
 254      CD56D871 
 254      4D61C76D 
 254      759F5269 
 255 09ae DC1E1E7F 		.ascii	"\334\036\036\177\352\245\234nJYX\347;\247\333\205\305"
 255      EAA59C6E 
 255      4A5958E7 
 255      3BA7DB85 
 255      C5
 256 09bf B1675EB8 		.ascii	"\261g^\270\226\246\031>\375\370\\\241?Z\036\030\224"
 256      96A6193E 
 256      FDF85CA1 
 256      3F5A1E18 
 256      94
 257 09d0 C11FACD4 		.ascii	"\301\037\254\324\023N\210Q\300|\304=\361\030<1\306-"
 257      134E8851 
ARM GAS  /var/folders/qd/4mxf5pkd0zdf0b9dd1hp39180000gn/T//ccso9v2M.s 			page 20


 257      C07CC43D 
 257      F1183C31 
 257      C62D
 258 09e2 65DA75D4 		.ascii	"e\332u\324\256`\306\300\340\250\235\213\252d\023\363"
 258      AE60C6C0 
 258      E0A89D8B 
 258      AA6413F3 
 259 09f2 4B732DF3 		.ascii	"Ks-\363\313#W\277\220\345\310\375Kc\002nf\211\377x\344"
 259      CB2357BF 
 259      90E5C8FD 
 259      4B63026E 
 259      6689FF78 
 260 0a07 24644F3B 		.ascii	"$dO;cr\006\032\372\371\272\3452\341\317\017d\245\230"
 260      6372061A 
 260      FAF9BAE5 
 260      32E1CF0F 
 260      64A598
 261 0a1a F8AC202F 		.ascii	"\370\254 /\361\232\273\026k\275\361m&\\\276X\224\204"
 261      F19ABB16 
 261      6BBDF16D 
 261      265CBE58 
 261      9484
 262 0a2c F100653E 		.ascii	"\361\000e>>\336}\377\2617\030fZ\036\270<\220\374\207"
 262      3EDE7DFF 
 262      B1371866 
 262      5A1EB83C 
 262      90FC87
 263 0a3f BF40F23D 		.ascii	"\277@\362=\010>l\016\005\005\256\010\244\267\002\203"
 263      083E6C0E 
 263      0505AE08 
 263      A4B70283 
 264 0a4f 024D26D2 		.ascii	"\002M&\322\030\024\350\374\004y\360H6\2309\305=\262"
 264      1814E8FC 
 264      0479F048 
 264      369839C5 
 264      3DB2
 265 0a61 0B07A169 		.ascii	"\013\007\241i\027\217\\\251\361z\324\264k\247\224\327"
 265      178F5CA9 
 265      F17AD4B4 
 265      6BA794D7 
 266 0a71 80D00C38 		.ascii	"\200\320\0148e\0011i\025\247(\"\365\334%R\244\037s\217"
 266      65013169 
 266      15A72822 
 266      F5DC2552 
 266      A41F738F 
 267 0a85 4B764E40 		.ascii	"KvN@v>\205\374@\247\000u\226kP\014\337O\342@t\002\250"
 267      763E85FC 
 267      40A70075 
 267      966B500C 
 267      DF4FE240 
 268 0a9c 08A810E8 		.ascii	"\010\250\020\3508\3201\240\243@\005@\371@G\200\322\201"
 268      38D031A0 
 268      A3400540 
 268      F9404780 
 268      D281
 269 0aae 7600A502 		.ascii	"v\000\245\002m\007J\001z\011\331;\007\364\302\305\212"
 269      6D074A01 
ARM GAS  /var/folders/qd/4mxf5pkd0zdf0b9dd1hp39180000gn/T//ccso9v2M.s 			page 21


 269      7A09D93B 
 269      07F4C2C5 
 269      8A
 270 0abf 86FF6259 		.ascii	"\206\377bY\007u\362\031\230;\2534`\006\251O\036\247"
 270      0775F219 
 270      983BAB34 
 270      6006A94F 
 270      1EA7
 271 0ad1 7AE3BCC7 		.ascii	"z\343\274\307\377\236z\035\367\370\034\"\033\310\027"
 271      FF9E7A1D 
 271      F7F81C22 
 271      1BC817
 272 0ae0 C84DC1E7 		.ascii	"\310M\301\347K*\315\323\273<M\347\301\263\263\352\362"
 272      4B2ACDD3 
 272      BB3C4DE7 
 272      C1B3B3EA 
 272      F2
 273 0af1 EE215970 		.ascii	"\356!Yp\011\311<\233<.\006\307\202\301d\276\24280x\201"
 273      09C93C9B 
 273      3C2E06C7 
 273      82C164BE 
 273      A2383078 
 274 0b06 1BBC0D0C 		.ascii	"\033\274\015\014\226@\361EP\372\225\213\322\255W\275"
 274      9640F145 
 274      50FA958B 
 274      D2AD57BD 
 275 0b16 DE9C9524 		.ascii	"\336\234\225$\330\337\275\006-\346\020v\201p\251\217"
 275      D8DFBD06 
 275      2DE61076 
 275      8170A98F 
 276 0b26 0A35DEB8 		.ascii	"\0125\336\270\250\361\372mj$\003\364\367\2531|\034K"
 276      A8F1FA6D 
 276      6A2403F4 
 276      F7AB317C 
 276      1C4B
 277 0b38 052B698E 		.ascii	"\005+i\216\275T\327\301Q}`\306\366\354\323\307\322D"
 277      BD54D7C1 
 277      517D60C6 
 277      F6ECD3C7 
 277      D244
 278 0b4a 88C5CBD1 		.ascii	"\210\305\313\321<\027w\276y\015VO\004\347\375$P\"\036"
 278      3C1777BE 
 278      790D564F 
 278      04E7FD24 
 278      50221E
 279 0b5d 338512E1 		.ascii	"3\205\022\341{\002(\024\207\335f\313K\345ly\015\020"
 279      7B022814 
 279      87DD66CB 
 279      4BE56C79 
 279      0D10
 280 0b6f A487DA33 		.ascii	"\244\207\3323F\035\343\025\357\341\031\243!\230\345"
 280      461DE315 
 280      EFE119A3 
 280      2198E5
 281 0b7e B263362E 		.ascii	"\262c6.\035_Q\242\336\224\260\022\005B\312\022\345x"
 281      1D5F51A2 
 281      DE94B012 
ARM GAS  /var/folders/qd/4mxf5pkd0zdf0b9dd1hp39180000gn/T//ccso9v2M.s 			page 22


 281      0542CA12 
 281      E578
 282 0b90 95F4EE81 		.ascii	"\225\364\356\201\335\261\260L \336x#\277< \302\016\231"
 282      DDB1B04C 
 282      20DE7823 
 282      BF3C20C2 
 282      0E99
 283 0ba2 EB57BD5E 		.ascii	"\353W\275^\226\221\245\304\202\2402\302\310^=Y\003\222"
 283      9691A5C4 
 283      82A032C2 
 283      C85E3D59 
 283      0392
 284 0bb4 A02ECAFD 		.ascii	"\240.\312\375\211\250C\333\306\032\257]\255IRz\010\335"
 284      89A843DB 
 284      C61AAF5D 
 284      AD49527A 
 284      08DD
 285 0bc6 2B27B84F 		.ascii	"+'\270O\276x\327\307\"Y\232\376'3\217\354\020\223\325"
 285      BE78D7C7 
 285      22599AFE 
 285      27338FEC 
 285      1093D5
 286 0bd9 C515011D 		.ascii	"\305\025\001\035\376w9\236{\270\264\323\227Y\356\322"
 286      FE77399E 
 286      7BB8B4D3 
 286      9759EED2 
 287 0be9 53BF6763 		.ascii	"S\277gc\357\004\351}\356c\357\025\334b\263\244R\246"
 287      EF04E97D 
 287      EE63EF15 
 287      DC62B3A4 
 287      52A6
 288 0bfb 413CD42A 		.ascii	"A<\324*%\177\032pWO\2519jq<p\177:q5\201\336/\257\310"
 288      257F1A70 
 288      574FA939 
 288      6A713C70 
 288      7F3A7135 
 289 0c14 A61CAE92 		.ascii	"\246\034\256\222X\251-\342\311\223\201W\240\003\352"
 289      58A92DE2 
 289      C9938157 
 289      A003EA
 290 0c23 1A527B76 		.ascii	"\032R{v\253)\250\241\335\210v\207A\273<\310\234\\\240"
 290      AB29A8A1 
 290      DD887687 
 290      41BB3CC8 
 290      9C5CA0
 291 0c36 BF011D00 		.ascii	"\277\001\035\000\312\002\312\004\332\355\222M\363\277"
 291      CA02CA04 
 291      DAED924D 
 291      F3BF
 292 0c44 632E21D1 		.ascii	"c.!\3219\010\200d\004\217\313\2477m\212\272\223\363"
 292      39088064 
 292      048FCBA7 
 292      376D8ABA 
 292      93F3
 293 0c56 7DD253FF 		.ascii	"}\322S\377\306\206\336\203M\350\220gaEq\330\213\225"
 293      C686DE83 
 293      4DE89067 
ARM GAS  /var/folders/qd/4mxf5pkd0zdf0b9dd1hp39180000gn/T//ccso9v2M.s 			page 23


 293      614571D8 
 293      8B95
 294 0c68 C501FA2D 		.ascii	"\305\001\372-)\016G\2418\024\220\342\220\017\003\356"
 294      290E47A1 
 294      381490E2 
 294      900F03EE 
 295 0c78 E5F3643F 		.ascii	"\345\363d?X\233\015\226\355\223-#\231\333\356515*I\273"
 295      589B0D96 
 295      ED932D23 
 295      99DBEE35 
 295      31352A49 
 296 0c8d 4D74E3FD 		.ascii	"Mt\343\3757\336\301sq\030{\207\024\022\222IG\270\254"
 296      37DEC173 
 296      71187B87 
 296      14129249 
 296      47B8AC
 297 0ca0 4A657079 		.ascii	"Jepye\271\027\253,\210 \214%Wy\030\017\202\351\307~"
 297      65B917AB 
 297      2C88208C 
 297      25577918 
 297      0F82E9C7 
 298 0cb5 90E93920 		.ascii	"\220\3519 )\233~\220\231\356\341\211\212\016\201\301"
 298      299B7E90 
 298      99EEE189 
 298      8A0E81C1 
 299 0cc5 F243D591 		.ascii	"\362C\325\221a\353\262\357\220\211JF:.g\330\014-\261"
 299      61EBB2EF 
 299      90894A46 
 299      3A2E67D8 
 299      0C2DB1
 300 0cd8 4ED5721D 		.ascii	"N\325r\035\252\301\243\260\360\255\021$)}\225?\227\310"
 300      AAC1A3B0 
 300      F0AD1124 
 300      297D953F 
 300      97C8
 301 0cea 642CFA3E 		.ascii	"d,\372>\351k\277\221g\356\011\317\302L\335\236:\035"
 301      E96BBF91 
 301      67EE09CF 
 301      C24CDD9E 
 301      3A1D
 302 0cfc F120C82C 		.ascii	"\361 \310,\365 l\001\342\343\245\354uts|\212\317\002"
 302      F5206C01 
 302      E2E3A5EC 
 302      7574737C 
 302      8ACF02
 303 0d0f BE31634B 		.ascii	"\2761cK\335\223\202rE\231-\325\307b\272\233\255R\023"
 303      DD938272 
 303      45992DD5 
 303      C762BA9B 
 303      AD5213
 304 0d22 AE54088F 		.ascii	"\256T\010\217\375\222\011\223]k\255\232\260\3621\333"
 304      FD920993 
 304      5D6BAD9A 
 304      B0F231DB 
 305 0d32 53C5D31D 		.ascii	"S\305\323\035vv\250\301}6\026\273/m\357\375B.\314\327"
 305      7676A8C1 
 305      7D3616BB 
ARM GAS  /var/folders/qd/4mxf5pkd0zdf0b9dd1hp39180000gn/T//ccso9v2M.s 			page 24


 305      2F6DEFFD 
 305      422ECCD7 
 306 0d46 DCA597AE 		.ascii	"\334\245\227\256\377o(\304[\325\305\225\241\250\344"
 306      FF6F28C4 
 306      5BD5C595 
 306      A1A8E4
 307 0d55 A1202BD2 		.ascii	"\241 +\3226w\361\245\233\221\371\015lt\262\242x\242"
 307      3677F1A5 
 307      9B91F90D 
 307      6C74B2A2 
 307      78A2
 308 0d67 2EAE50FD 		.ascii	".\256P\375i\005\267\324\361\320\232]\262\304S\016~o"
 308      6905B7D4 
 308      F1D09A5D 
 308      B2C4530E 
 308      7E6F
 309 0d79 83EB2368 		.ascii	"\203\353#h\251\2642\322\025\254.\316\252\327\305\217"
 309      A9B432D2 
 309      15AC2ECE 
 309      AAD7C58F 
 310 0d89 8FD3579B 		.ascii	"\217\323W\233$\277'\345\254\235\245u\221\354\221\343"
 310      24BF27E5 
 310      AC9DA575 
 310      91EC91E3 
 311 0d99 AF5CF152 		.ascii	"\257\\\361R\236\\\020Ly\242\224`rt1\3558\272hI_8\342"
 311      9E5C104C 
 311      79A29460 
 311      727431ED 
 311      38BA6849 
 312 0db0 E33CBA08 		.ascii	"\343<\272\010,\252bG\027 \205\036\310\317\247\007\216"
 312      2CAA6247 
 312      1720851E 
 312      C8CFA707 
 312      8E
 313 0dc1 A38B524C 		.ascii	"\243\213RL\216.jf\232\232L\370\252Q\375\010\314\345"
 313      8E2E6A66 
 313      9A9A4CF8 
 313      AA51FD08 
 313      CCE5
 314 0dd3 A4E43456 		.ascii	"\244\3444V\036\201\025/>\237\365\347h\003\367\274N\245"
 314      1E81152F 
 314      3E9FF5E7 
 314      6803F7BC 
 314      4EA5
 315 0de5 24ED940E 		.ascii	"$\355\224\016\013T\012\225a'\034|epg(\334\323\222\347"
 315      0B540A95 
 315      61271C7C 
 315      65706728 
 315      DCD392E7 
 316 0df9 69BE789A 		.ascii	"i\276x\232\301\275\0329Yh\374Y\276T_\017\013\252\201"
 316      C1BD1A39 
 316      5968FC59 
 316      BE545F0F 
 316      0BAA81
 317 0e0c 0D50D693 		.ascii	"\015P\326\2231=\207-g\375\025\247\267\345d\030t\026"
 317      313D872D 
 317      67FD15A7 
ARM GAS  /var/folders/qd/4mxf5pkd0zdf0b9dd1hp39180000gn/T//ccso9v2M.s 			page 25


 317      B7E56418 
 317      7416
 318 0e1e FF8CBC63 		.ascii	"\377\214\274c\235\231m0\342\327l\214\264\316\334^\003"
 318      9D996D30 
 318      E2D76C8C 
 318      B4CEDC5E 
 318      03
 319 0e2f 7F754FCE 		.ascii	"\177uO\316\352\3674\304\026\362\227\177\322\012\340"
 319      EAF734C4 
 319      16F2977F 
 319      D20AE0
 320 0e3e 9387B675 		.ascii	"\223\207\266u\033\331\3759zJ\234pc\204\3770\240\205"
 320      1BD9FD39 
 320      7A4A9C70 
 320      6384FF30 
 320      A085
 321 0e50 BCA0BBDC 		.ascii	"\274\240\273\334\271\360\027~\320N\336\035\356\035i"
 321      B9F0177E 
 321      D04EDE1D 
 321      EE1D69
 322 0e5f 9FF2C692 		.ascii	"\237\362\306\222\017\035{b(\276\300\037\2472&\2575\271"
 322      0F1D7B62 
 322      28BEC01F 
 322      A73226AF 
 322      35B9
 323 0e71 C31BA731 		.ascii	"\303\033\2471\246,=6\026\343\\\306\304\307\025\334\022"
 323      A62C3D36 
 323      16E35CC6 
 323      C4C715DC 
 323      12
 324 0e82 C8562DFE 		.ascii	"\310V-\376\355oF\360\235\323g\013\374\020lU\216H\011"
 324      ED6F46F0 
 324      9DD3670B 
 324      FC106C55 
 324      8E4809
 325 0e95 F1B420DD 		.ascii	"\361\264 \335\333\231\311\012R\035\324\255Z\260\372"
 325      DB99C90A 
 325      521DD4AD 
 325      5AB0FA
 326 0ea4 92FA7A46 		.ascii	"\222\372zF\375\221\\\303;\020W5@U\254\307\312Gr\317"
 326      FD915CC3 
 326      3B105735 
 326      4055ACC7 
 326      CA4772CF 
 327 0eb8 13967A97 		.ascii	"\023\226z\227\260\373\006m(\345y\251\026\027Q\355\205"
 327      B0FB066D 
 327      28E579A9 
 327      161751ED 
 327      85
 328 0ec9 8BCDBB6E 		.ascii	"\213\315\273n\372\240\240\345\316\003\266C\364Q\335"
 328      FAA0A0E5 
 328      CE03B643 
 328      F451DD
 329 0ed8 04E336CA 		.ascii	"\004\3436\312a\274DWE\352j\\\006h55\310\371H\366\243"
 329      61BC4457 
 329      45EA6A5C 
 329      06683535 
ARM GAS  /var/folders/qd/4mxf5pkd0zdf0b9dd1hp39180000gn/T//ccso9v2M.s 			page 26


 329      C8F948F6 
 330 0eed 145F5CC1 		.ascii	"\024_\\\301\374\264\355\336\245f_\\\307\230\241\035"
 330      FCB4EDDE 
 330      A5665F5C 
 330      C798A11D 
 331 0efd C3D7106E 		.ascii	"\303\327\020naLz]^\215\036w2\246\360B\326I\037|\207"
 331      614C7A5D 
 331      5E8D1E77 
 331      32A6F042 
 331      D6491F7C 
 332 0f12 69373659 		.ascii	"i76Y2\341'\037\226\035\\\026GLj\003o]\303?\360\264\254"
 332      32E1271F 
 332      961D5C16 
 332      474C6A03 
 332      6F5DC33F 
 333 0f29 15BB9D96 		.ascii	"\025\273\235\226M\276\310\034\364\307C\014\255\376l"
 333      4DBEC81C 
 333      F4C7430C 
 333      ADFE6C
 334 0f38 55B9093F 		.ascii	"U\271\011?b\314\344\253C\027\370\376\224\344\316\353"
 334      62CCE4AB 
 334      4317F8FE 
 334      94E4CEEB 
 335 0f48 81F4743D 		.ascii	"\201\364t=\337\236\222\\\231\276:\220\342\203\347y\307"
 335      DF9E925C 
 335      99BE3A90 
 335      E283E779 
 335      C7
 336 0f59 858A5E13 		.ascii	"\205\212^\023\2165\021\306x\361\326\211\023zD\336\343"
 336      8E3511C6 
 336      78F1D689 
 336      137A44DE 
 336      E3
 337 0f6a 049A0283 		.ascii	"\004\232\002\203\226\007\272<\266;\361*t\035\203&7A"
 337      9607BA3C 
 337      B63BF12A 
 337      741D8326 
 337      3741
 338 0f7c 935EEEA8 		.ascii	"\223^\356\250{\360\375.<\266{\200\356\003\335\006\272"
 338      7BF0FD2E 
 338      3CB67B80 
 338      EE03DD06 
 338      BA
 339 0f8d E512BF8E 		.ascii	"\345\022\277\216\234\200\004bl7\364\270!\033\333\213"
 339      9C800462 
 339      6C37F4B8 
 339      211BDB8B 
 340 0f9d E5F525   		.ascii	"\345\365%"
 341 0fa0 5934B5CA 		.ascii	"Y4\265\312\217\264.\220\352\305o{\0011\366\337\254v"
 341      8FB42E90 
 341      EAC56F7B 
 341      0131F6DF 
 341      AC76
 342 0fb2 DD0107B6 		.ascii	"\335\001\007\266\270K/\251to\372x\331%\376\276\352."
 342      B84B2FA9 
 342      746FFA78 
 342      D925FEBE 
ARM GAS  /var/folders/qd/4mxf5pkd0zdf0b9dd1hp39180000gn/T//ccso9v2M.s 			page 27


 342      EA2E
 343 0fc4 EE618FD3 		.ascii	"\356a\217\323\355\262\214\271\303\236\345l\274\221>"
 343      EDB28CB9 
 343      C39EE56C 
 343      BC913E
 344 0fd3 5E68097C 		.ascii	"^h\011|\273*\274\242t\366\367\261\374\355u\315_u\327"
 344      BB2ABCA2 
 344      74F6F7B1 
 344      FCED75CD 
 344      5F75D7
 345 0fe6 76F0D1BE 		.ascii	"v\360\321\276\317\265\374\031\3530\214\034\022_Q7\314"
 345      CFB5FC19 
 345      EB308C1C 
 345      125F5137 
 345      CC
 346 0ff7 F122E6E8 		.ascii	"\361\"\346\350\245\027\365F\234"
 346      A517F546 
 346      9C
 347 1000 61620768 		.ascii	"ab\007h\035\235\271^\270\2201\347\256\035o\327\221\367"
 347      1D9DB95E 
 347      B89031E7 
 347      AE1D6FD7 
 347      91F7
 348 1012 A7F13FE8 		.ascii	"\247\361?\350\004;\013\353\036w\224M\372\"\362\342\""
 348      043B0BEB 
 348      1E77944D 
 348      FA22F2E2 
 348      22
 349 1023 2890D580 		.ascii	"(\220\325\200\033\241, \003\330\210\372A\221aO\036\346"
 349      1BA12C20 
 349      03D888FA 
 349      4191614F 
 349      1EE6
 350 1035 1E1C70F3 		.ascii	"\036\034p\363\340\360[\352\305\222=e\037\357@_\204\201"
 350      E0F05BEA 
 350      C5923D65 
 350      1FEF405F 
 350      8481
 351 1047 9386C031 		.ascii	"\223\206\3001\017\200\036\002\015\2728h\312\354\232"
 351      0F801E02 
 351      0DBA3868 
 351      CAEC9A
 352 1056 274B6198 		.ascii	"'Ka\230V<R\003,R\303j+\302\346Q7_\253\230\350\360u\346"
 352      563C5203 
 352      2C52C36A 
 352      2BC2E651 
 352      375FAB98 
 353 106e B533637A 		.ascii	"\2653cz\\N\335+T&\327=\326*\012\323\206\2342R\230F\241"
 353      5C4EDD2B 
 353      5426D73D 
 353      D62A0AD3 
 353      869C3252 
 354 1085 FB883C1D 		.ascii	"\373\210<\035\206\345\302\264\304\336\357\300\306\357"
 354      86E5C2B4 
 354      C4DEEFC0 
 354      C6EF
 355 1093 B317502B 		.ascii	"\263\027P+j\306\337g\223~\0259\205\355\233\254\367\341"
ARM GAS  /var/folders/qd/4mxf5pkd0zdf0b9dd1hp39180000gn/T//ccso9v2M.s 			page 28


 355      6AC6DF67 
 355      937E1539 
 355      85ED9BAC 
 355      F7E1
 356 10a5 A74764D2 		.ascii	"\247Gd\322\227u\354\312\361\305WY\3103\337\\i\324\343"
 356      9775ECCA 
 356      F1C55759 
 356      C833DF5C 
 356      69D4E3
 357 10b8 EB8CA9A9 		.ascii	"\353\214\251\251\237\256\325\342\333\214\331_W\006\306"
 357      9FAED5E2 
 357      DB8CD95F 
 357      5706C6
 358 10c7 0D3066E2 		.ascii	"\0150f\342H\301\250\200\0372&#!\357;\177\374\2041\247"
 358      48C1A880 
 358      1F322623 
 358      21EF3B7F 
 358      FC8431A7 
 359 10db 32623305 		.ascii	"2b3\005<\303\230\222\270\341&=\216\363%\214\241\254"
 359      3CC39892 
 359      B8E1263D 
 359      8EF3258C 
 359      A1AC
 360 10ed 6AAC4247 		.ascii	"j\254BG\337\010C\375\010t\316\357\322v\305\216z\034"
 360      DF0843FD 
 360      0874CEEF 
 360      D276C58E 
 360      7A1C
 361 10ff EC9E7BEB 		.ascii	"\354\236{\353\004o\370Z^\234<Q\227vY\313(\304\247\334"
 361      046FF85A 
 361      5E9C3C51 
 361      977659CB 
 361      28C4A7DC 
 362 1113 C58BDD97 		.ascii	"\305\213\335\227a\035c\001\231\022\011%\331&<\343\342"
 362      611D6301 
 362      99120925 
 362      D9263CE3 
 362      E2
 363 1124 1EB709CD 		.ascii	"\036\267\011\315c,+\346\3362\177\307`\376>\"\363w\222"
 363      632C2BE6 
 363      DE327FC7 
 363      60FE3E22 
 363      F37792
 364 1137 8F464235 		.ascii	"\217FB5\013\241zA^\027\001\315\003M\003\315\000=wI\321"
 364      0BA17A41 
 364      5E1701CD 
 364      034D03CD 
 364      003D7749 
 365 114c 9E31C56B 		.ascii	"\2361\305k\243\011w\335\227\354o\206\277b\226\222\025"
 365      A30977DD 
 365      97EC6F86 
 365      BF629692 
 365      15
 366 115d E4537569 		.ascii	"\344Sui\346\030r@=\261\367\221\026\357\360e\247hM\203"
 366      E6187240 
 366      3DB1F791 
 366      16EFF065 
ARM GAS  /var/folders/qd/4mxf5pkd0zdf0b9dd1hp39180000gn/T//ccso9v2M.s 			page 29


 366      A7684D83 
 367 1171 870528ED 		.ascii	"\207\005(\355\352z\277\006]\177\250\336\316E\337\201"
 367      EA7ABF06 
 367      5D7FA8DE 
 367      CE45DF81 
 368 1181 5764ABF2 		.ascii	"Wd\253\362\012\272-\310\211<\207\371\242\257s&?E\207"
 368      0ABA2DC8 
 368      893C87F9 
 368      A2AF7326 
 368      3F4587
 369 1194 F7537494 		.ascii	"\367St\224\320\031\373\3178\237}\337\226{.\326\313\343"
 369      D019FBCF 
 369      389F7DDF 
 369      967B2ED6 
 369      CBE3
 370 11a6 8F18252D 		.ascii	"\217\030%-\377\021c1;\257\251+l\277it\3779\\\025\350"
 370      FF116331 
 370      3BAFA92B 
 370      6CBF6974 
 370      FF395C15 
 371 11bb 5D898978 		.ascii	"]\211\211x\2546\300\321\011\244\365'\017'\016\370\323"
 371      AC36C0D1 
 371      09A4F527 
 371      0F270EF8 
 371      D3
 372 11cc CA444B13 		.ascii	"\312DK\023\337\221\267N\300\023h\270\036\021i\264\010"
 372      DF91B74E 
 372      C01368B8 
 372      1E1169B4 
 372      08
 373 11dd BA266897 		.ascii	"\272&h\227;\307@\025\330\315\307/\346x~\020\323\036"
 373      3BC74015 
 373      D8CDC72F 
 373      E6787E10 
 373      D31E
 374 11ef 7371A7AB 		.ascii	"sq\247\253\324\252\323J\015\272\000\367\317\223\373"
 374      D4AAD34A 
 374      0DBA00F7 
 374      CF93FB
 375 11fe 6F7807FA 		.ascii	"ox\007\372\306K\033\204\342\265\201(\031(\021(\011("
 375      C64B1B84 
 375      E2B58128 
 375      19281128 
 375      0928
 376 1210 4EABDCE0 		.ascii	"N\253\334\340Nme\361$\353\224\213\274\2473\236YK^\254"
 376      4E6D65F1 
 376      24EB948B 
 376      BCA7339E 
 376      594B5EAC 
 377 1224 DCF80B7B 		.ascii	"\334\370\013{UBV\332\325\\\334\371\216S\361b\205/\235"
 377      554256DA 
 377      D55CDCF9 
 377      8E53F162 
 377      852F9D
 378 1237 E658EA82 		.ascii	"\346X\352\202\224[A#7_r+I%j\346c9k\216r#EjDb\302\013"
 378      945B4123 
 378      375F722B 
ARM GAS  /var/folders/qd/4mxf5pkd0zdf0b9dd1hp39180000gn/T//ccso9v2M.s 			page 30


 378      49256AE6 
 378      63396B8E 
 379 1253 5F7C86A5 		.ascii	"_|\206\245Rv\372\342\250\316%\225\224\366\247\202\315"
 379      5276FAE2 
 379      A8CE2595 
 379      94F6A782 
 379      CD
 380 1264 3FC47EE7 		.ascii	"?\304~\347\353\253\277\315\2204\332\016]R\264\3164\""
 380      EBABBFCD 
 380      9034DA0E 
 380      5D52B4CE 
 380      3422
 381 1276 2A53E4FC 		.ascii	"*S\344\374\3433\215\376\260\270\036d\241\334\177\272"
 381      E3338DFE 
 381      B0B81E64 
 381      A1DC7FBA 
 382 1286 2C454ABF 		.ascii	",EJ\277\2144\264\3039\276\300v\200kH\013\374\337\241"
 382      8C34B4C3 
 382      39BEC076 
 382      806B480B 
 382      FCDFA1
 383 1299 250BEC99 		.ascii	"%\013\354\231\355\211\263\374\247\265\364\367\032\327"
 383      ED89B3FC 
 383      A7B5F4F7 
 383      1AD7
 384 12a7 A6CEF879 		.ascii	"\246\316\370y\314\273]\216\274\333\251\245yW\363&\265"
 384      CCBB5D8E 
 384      BCDBA9A5 
 384      7957F326 
 384      B5
 385 12b8 D45FCE3B 		.ascii	"\324_\316;DO,\035EB\203\322h\336\321N\224\201\036}\211"
 385      444F2C1D 
 385      454283D2 
 385      68DED14E 
 385      94811E7D 
 386 12cd 993B91F2 		.ascii	"\231;\221\362\250\003\232\025\000\351Z\366SL\270\202"
 386      A8039A15 
 386      00E95AF6 
 386      534CB882 
 387 12dd F0B194E9 		.ascii	"\360\261\224\351m.\277\333\334\256U\25672\270p\006\023"
 387      6D2EBFDB 
 387      DCAE55AE 
 387      3732B870 
 387      0613
 388 12ef 6EB95EEA 		.ascii	"n\271^\3522\362\220\313\357.ws\341\335Tx\350\326\330"
 388      32F290CB 
 388      EF2E7773 
 388      E1DD5478 
 388      E8D6D8
 389 1302 AC01D7B2 		.ascii	"\254\001\327\262\271v\275u\317^\366\323!\262\375e\277"
 389      B976BD75 
 389      CF5EF6D3 
 389      21B2FD65 
 389      BF
 390 1313 E2BAF7A4 		.ascii	"\342\272\367\244v\330\344qw\264GKvGYZ\276=\252\254)"
 390      76D8E471 
 390      77B4474B 
ARM GAS  /var/folders/qd/4mxf5pkd0zdf0b9dd1hp39180000gn/T//ccso9v2M.s 			page 31


 390      7647595A 
 390      BE3DAAAC 
 391 1328 AB24BF23 		.ascii	"\253$\277#\253\037\204\275M\225~G\023\375ib\336o\250"
 391      AB1F84BD 
 391      4D957E47 
 391      13FD6962 
 391      DE6FA8
 392 133b 20CA9403 		.ascii	" \312\224\003\006_5.\277\022\334\253%\033\245\336g;"
 392      065F352E 
 392      BF12DCAB 
 392      251BA5DE 
 392      673B
 393 134d 8E0B4AD5 		.ascii	"\216\013J\325\311\276JF\333\307U\337GU\23792\361\304"
 393      C9BE4A46 
 393      DBC755DF 
 393      47559F39 
 393      32F1C4
 394 1360 A8142E71 		.ascii	"\250\024.q\021\316\346\302\344\252\213\010\011\213\\"
 394      11CEE6C2 
 394      E4AA8B08 
 394      098B5C
 395 136f 6B31FCFA 		.ascii	"k1\374\372\367\377\361\356'\353\327k\214fsLX\244\370"
 395      F7FFF1EE 
 395      27EBD76B 
 395      8C66734C 
 395      58A4F8
 396 1382 F30FCDE2 		.ascii	"\363\017\315\342n\024\374+\233-<\314\022\"\206EEF\007"
 396      6E14FC2B 
 396      9B2D3CCC 
 396      12228645 
 396      454607
 397 1395 FFAB253C 		.ascii	"\377\253%<\314\026m5[\327\330b,_\277\2776\304f\013\376"
 397      CC166D35 
 397      5BD7D862 
 397      2C5FBFBF 
 397      36C4660B 
 398 13aa 242A52B4 		.ascii	"$*R\264F\212Kn\006\177\026\025\025\036\035\274\311b"
 398      468A4B6E 
 398      067F1615 
 398      151E1DBC 
 398      C962
 399 13bc 5913628F 		.ascii	"Y\023b\217X\023\031\025i]c\015\371\"l\315Gk\336_\267"
 399      58131915 
 399      695D630D 
 399      F9226CCD 
 399      476BDE5F 
 400 13d1 FEA3357F 		.ascii	"\376\2435\177\376pMD\310WQ\366`\227\273\301a\221\226"
 400      FE704D44 
 400      C85751F6 
 400      6097BBC1 
 400      619196
 401 13e4 F0988DD6 		.ascii	"\360\230\215\326\340\210\020KhX\2445\330\274\321\372"
 401      E088104B 
 401      6858A435 
 401      D8BCD1FA 
 402 13f4 65484CB8 		.ascii	"eHL\270h\026\267\332\254\321kC5\006\207r\333\376\377"
 402      6816B7DA 
ARM GAS  /var/folders/qd/4mxf5pkd0zdf0b9dd1hp39180000gn/T//ccso9v2M.s 			page 32


 402      ACD16B43 
 402      35068772 
 402      DBFEFF
 403 1407 948BDE1A 		.ascii	"\224\213\336\032\035l\216\0267\202&\240\2211Z\374:$"
 403      1D6C8E16 
 403      378226A0 
 403      91315AFC 
 403      3A24
 404 1419 3C6C53A4 		.ascii	"<lS\244Y|o\355\332`\366\027\025\035l\027\203mQv\000"
 404      597C6FED 
 404      DA60F617 
 404      151D6C17 
 404      836D5176 
 405 142e FFD51F7E 		.ascii	"\377\325\037~\027l\011\265D\331\255 \255\377,\324n\015"
 405      176C09B5 
 405      44D9AD20 
 405      ADFF2CD4 
 405      6E0D
 406 1440 D9B85ECF 		.ascii	"\331\270^\317\334\256\321\222\253\321\022\372Y\350\306"
 406      DCAED192 
 406      ABD112FA 
 406      59E8C6
 407 144f 4FC3AD56 		.ascii	"O\303\255V\033w\377\007\357\233E\203\343\2137\000\212"
 407      1B77FF07 
 407      EF9B4583 
 407      E38B3700 
 407      8A
 408 1460 611156B3 		.ascii	"a\021V\263\030\350\006\340\320\310\022JD\270\213~\352"
 408      18E806E0 
 408      D0C8124A 
 408      44B88B7E 
 408      EA
 409 1471 5148A4D8 		.ascii	"QH\244\330D\346G\024\361\023`E\353\247\"\270\320\242"
 409      44E64714 
 409      F1136045 
 409      EBA722B8 
 409      D0A2
 410 1483 17BF8C89 		.ascii	"\027\277\214\211\264\230E\275h\263\207E\231\305\365"
 410      B49845BD 
 410      68B38745 
 410      99C5F5
 411 1492 9E6D898A 		.ascii	"\236m\211\212\260\205\205[\355\321\301\277\376\344\023"
 411      B085855B 
 411      EDD1C1BF 
 411      FEE413
 412 14a1 322AC7D5 		.ascii	"2*\307\325E\207\375\005tL\377\277\010Lx\330\027D\312"
 412      4587FD05 
 412      744CFFBF 
 412      084C78D8 
 412      1744CA
 413 14b4 2D401FAD 		.ascii	"-@\037\255}\177\355z9L\342F\310\036\022!\233\031\014"
 413      7D7FED7A 
 413      394CE246 
 413      C81E1221 
 413      9B190C
 414 14c7 0D277679 		.ascii	"\015'vy\333\314\021\342\226\360\260hQ\027a\216\264n"
 414      DBCC11E2 
ARM GAS  /var/folders/qd/4mxf5pkd0zdf0b9dd1hp39180000gn/T//ccso9v2M.s 			page 33


 414      96F0B068 
 414      5117618E 
 414      B46E
 415 14d9 11F511E6 		.ascii	"\021\365\021\346\250\315\221V;\\\377\034c\215\261\352"
 415      A8CD9156 
 415      3B5CFF1C 
 415      638DB1EA 
 416 14e9 6CB47999 		.ascii	"l\264y\231%\324\314\275\345l\267\331\255\337\370\273"
 416      25D4CCBD 
 416      E56CB7D9 
 416      ADDFF8BB 
 417 14f9 3482B722 		.ascii	"4\202\267\"bD\353\026\210\025\310\323\257\200e\265Y"
 417      6244EB16 
 417      8815C8D3 
 417      AF8065B5 
 417      59
 418 150a 23213736 		.ascii	"#!76\371X\277\001\033#B\242\2776\213^\200\033\275\311"
 418      F958BF01 
 418      1B2342A2 
 418      BF368B5E 
 418      801BBDC9 
 419 151e DB6CE621 		.ascii	"\333l\346!\325\363\253\027\264\232E#\275K\207\004\005"
 419      D5F3AB17 
 419      B49A4523 
 419      BD4B8704 
 419      05
 420 152f 37878489 		.ascii	"7\207\204\211\320\335_\241\002Q\330O\311\230El3\307"
 420      D0DD5FA1 
 420      0251D84F 
 420      C998456C 
 420      33C7
 421 1541 E8AC9BC9 		.ascii	"\350\254\233\311\360\272\315\"\030e\203K\2645\302\346"
 421      F0BACD22 
 421      1865834B 
 421      B435C2E6 
 422 1551 156DB644 		.ascii	"\025m\266D\212^@\000\303\0255\301Xp/\304\026\012Y\350"
 422      8A5E4000 
 422      C31535C1 
 422      58702FC4 
 422      160A59E8 
 423 1565 B55914ED 		.ascii	"\265Y\024\355\266\0006\034x\346K\253\335\032i\001c`"
 423      B600361C 
 423      78E64BAB 
 423      DD1A6901 
 423      6360
 424 1577 80A82FBE 		.ascii	"\200\250/\276\262\031\254[\302DK\324F\253\316\276q+"
 424      B219AC5B 
 424      C2444BD4 
 424      46ABCEBE 
 424      712B
 425 1589 E8A523EE 		.ascii	"\350\245#\356\3732\332\233e\346\006\030\325q\025I;\\"
 425      FB32DA9B 
 425      65E60618 
 425      D5711549 
 425      3B5C
 426 159b 6DE62FC3 		.ascii	"m\346/\303C6E\353\305\010\350E\371h\310)\253A\244\027"
 426      433645EB 
ARM GAS  /var/folders/qd/4mxf5pkd0zdf0b9dd1hp39180000gn/T//ccso9v2M.s 			page 34


 426      C508E845 
 426      F968C829 
 426      AB41A417 
 427 15af 18189C1A 		.ascii	"\030\030\234\032\022a\325ZBC\354p3*|\243\225\\#\255"
 427      1261D55A 
 427      4243EC70 
 427      332A7CA3 
 427      955C23AD 
 428 15c3 9BAD76F0 		.ascii	"\233\255v\360\214E\334\202\355\353?\020\302\355\006"
 428      8C45DC82 
 428      EDEB3F10 
 428      C2ED06
 429 15d2 BB751384 		.ascii	"\273u\023\204\024\254\263\257_\017\264N\260\377B\260"
 429      14ACB3AF 
 429      5F0FB44E 
 429      B0FF42B0 
 430 15e2 6F10EC1F 		.ascii	"o\020\354\037\011\366\237\013\366\177\022\354\037\372"
 430      09F69F0B 
 430      F67F12EC 
 430      1FFA
 431 15f0 9044246E 		.ascii	"\220D$n\204^z\013\311\243-\"\015\016\004\327\3511\030"
 431      845E7A0B 
 431      C9A32D22 
 431      0D0E04D7 
 431      E93118
 432 1603 3CC206A9 		.ascii	"<\302\006\251d\340F\212\357z\2368\226\320\215\220#?"
 432      64E0468A 
 432      EF7A9E38 
 432      96D08D90 
 432      233F
 433 1615 F12800AE 		.ascii	"\361(\000\256}\353}\360+\334\007\354O\267F\37762L|\213"
 433      7DEB7DF0 
 433      2BDC07EC 
 433      4FB746FF 
 433      36324C7C 
 434 162a E456324D 		.ascii	"\344V2M\2747\207\360\032 XB\215d\3723%\361\306/h\314"
 434      BC3787F0 
 434      1A205842 
 434      8D64FA33 
 434      25F1C62F 
 435 1640 C94CB646 		.ascii	"\311L\266F@\341\373\"f\223\267-$2\314B\222\303O\331"
 435      40E1FB22 
 435      6693B72D 
 435      2432CC42 
 435      92C34FD9 
 436 1654 0C1EFD46 		.ascii	"\014\036\375F$i`\370F\204\226p1D\017_H~\222+\231\307"
 436      246960F8 
 436      46849670 
 436      31440F5F 
 436      487E922B 
 437 166a 70834F67 		.ascii	"p\203Oghp$\3647av1&$\334Lj\211]Gz\204\330\375]\032\315"
 437      687024F4 
 437      37617631 
 437      2624DC4C 
 437      6A895D47 
 438 1685 E23BEE72 		.ascii	"\342;\356r,\337\214 \315\253\320\337\251\334\206D\266"
 438      2CDF8C20 
ARM GAS  /var/folders/qd/4mxf5pkd0zdf0b9dd1hp39180000gn/T//ccso9v2M.s 			page 35


 438      CDABD0DF 
 438      A9DC8644 
 438      B6
 439 1696 93ABDECE 		.ascii	"\223\253\336\316\203k\347\301\265\223\340\352\3544<"
 439      836BE7C1 
 439      B593E0EA 
 439      EC343C
 440 16a5 D04893D1 		.ascii	"\320H\223\321\027 \210\301[iWo\020\211\261C\006\212"
 440      172088C1 
 440      5B69576F 
 440      1089B143 
 440      068A
 441 16b7 26B9116A 		.ascii	"&\271\021j\236\323\023~a\033\303\255<\25607|d\027\211"
 441      9ED3137E 
 441      611BC3AD 
 441      3CAE3037 
 441      7C641789 
 442 16cb 0196D03F 		.ascii	"\001\226\320?X7}j\025\231C\177\0179\346\271BBj\301\310"
 442      58377D6A 
 442      1599437F 
 442      0F39E6B9 
 442      42426AC1 
 443 16e0 F6AD1082 		.ascii	"\366\255\020\202\377\001t\243+d"
 443      FF0174A3 
 443      2B64
 444              		.text
 445              		.section	.gnu.lto_.symtab.a98dccd7774eeea3,"",%progbits
 446 0000 6D61696E 		.ascii	"main\000"
 446      00
 447 0005 00       		.ascii	"\000"
 448 0006 00       		.ascii	"\000"
 449 0007 00       		.ascii	"\000"
 450 0008 00000000 		.ascii	"\000\000\000\000\000\000\000\000"
 450      00000000 
 451 0010 D3000000 		.ascii	"\323\000\000\000"
 452 0014 636800   		.ascii	"ch\000"
 453 0017 00       		.ascii	"\000"
 454 0018 02       		.ascii	"\002"
 455 0019 00       		.ascii	"\000"
 456 001a 00000000 		.ascii	"\000\000\000\000\000\000\000\000"
 456      00000000 
 457 0022 0C020000 		.ascii	"\014\002\000\000"
 458 0026 63685468 		.ascii	"chThdSleep\000"
 458      64536C65 
 458      657000
 459 0031 00       		.ascii	"\000"
 460 0032 02       		.ascii	"\002"
 461 0033 00       		.ascii	"\000"
 462 0034 00000000 		.ascii	"\000\000\000\000\000\000\000\000"
 462      00000000 
 463 003c E2000000 		.ascii	"\342\000\000\000"
 464 0040 63685468 		.ascii	"chThdCreateStatic\000"
 464      64437265 
 464      61746553 
 464      74617469 
 464      6300
 465 0052 00       		.ascii	"\000"
ARM GAS  /var/folders/qd/4mxf5pkd0zdf0b9dd1hp39180000gn/T//ccso9v2M.s 			page 36


 466 0053 02       		.ascii	"\002"
 467 0054 00       		.ascii	"\000"
 468 0055 00000000 		.ascii	"\000\000\000\000\000\000\000\000"
 468      00000000 
 469 005d AF010000 		.ascii	"\257\001\000\000"
 470 0061 63685379 		.ascii	"chSysInit\000"
 470      73496E69 
 470      7400
 471 006b 00       		.ascii	"\000"
 472 006c 02       		.ascii	"\002"
 473 006d 00       		.ascii	"\000"
 474 006e 00000000 		.ascii	"\000\000\000\000\000\000\000\000"
 474      00000000 
 475 0076 B2010000 		.ascii	"\262\001\000\000"
 476              		.text
 477              		.section	.gnu.lto_.opts,"",%progbits
 478 0000 272D666D 		.ascii	"'-fmath-errno' '-fsigned-zeros' '-ftrapping-math' '"
 478      6174682D 
 478      6572726E 
 478      6F272027 
 478      2D667369 
 479 0033 2D666E6F 		.ascii	"-fno-trapv' '-fno-openmp' '-fno-openacc' '-mcpu=arm"
 479      2D747261 
 479      70762720 
 479      272D666E 
 479      6F2D6F70 
 480 0066 3774646D 		.ascii	"7tdmi' '-mno-thumb-interwork' '-O2' '-fomit-frame-p"
 480      69272027 
 480      2D6D6E6F 
 480      2D746875 
 480      6D622D69 
 481 0099 6F696E74 		.ascii	"ointer' '-falign-functions=16' '-ffunction-sections"
 481      65722720 
 481      272D6661 
 481      6C69676E 
 481      2D66756E 
 482 00cc 2720272D 		.ascii	"' '-fdata-sections' '-fno-common' '-flto'\000"
 482      66646174 
 482      612D7365 
 482      6374696F 
 482      6E732720 
 483              		.text
 484              		.comm	__gnu_lto_v1,1,1
 485              		.comm	__gnu_lto_slim,1,1
 486              		.ident	"GCC: (GNU Tools for Arm Embedded Processors 7-2017-q4-major) 7.2.1 20170904 (release) [ARM
ARM GAS  /var/folders/qd/4mxf5pkd0zdf0b9dd1hp39180000gn/T//ccso9v2M.s 			page 37


DEFINED SYMBOLS
                            *ABS*:0000000000000000 main.c
                            *COM*:0000000000000001 __gnu_lto_v1
                            *COM*:0000000000000001 __gnu_lto_slim

NO UNDEFINED SYMBOLS
