ARM GAS  /var/folders/qd/4mxf5pkd0zdf0b9dd1hp39180000gn/T//ccl7SFM1.s 			page 1


   1              		.cpu cortex-m4
   2              		.eabi_attribute 20, 1
   3              		.eabi_attribute 21, 1
   4              		.eabi_attribute 23, 3
   5              		.eabi_attribute 24, 1
   6              		.eabi_attribute 25, 1
   7              		.eabi_attribute 26, 1
   8              		.eabi_attribute 30, 2
   9              		.eabi_attribute 34, 1
  10              		.eabi_attribute 18, 4
  11              		.file	"hal.c"
  12              		.section	.gnu.lto_.profile.323c7255e6f74a89,"",%progbits
  13 0000 789C6363 		.ascii	"x\234cc```\001bF\006Sv\000\000\351\000H"
  13      60606001 
  13      62460653 
  13      760000E9 
  13      0048
  14              		.text
  15              		.section	.gnu.lto_.icf.323c7255e6f74a89,"",%progbits
  16 0000 789C6363 		.ascii	"x\234cc``\340`@\000F\206g\017\336\357\341f\000\000\021"
  16      6060E060 
  16      40004686 
  16      670FDEEF 
  16      E1660000 
  17 0015 1A038C   		.ascii	"\032\003\214"
  18              		.text
  19              		.section	.gnu.lto_.jmpfuncs.323c7255e6f74a89,"",%progbits
  20 0000 789C6363 		.ascii	"x\234cc``\360b@\000F\010\305\3048\205\231\261\371\327"
  20      6060F062 
  20      40004608 
  20      C5C43885 
  20      99B1F9D7 
  21 0014 FECF7CF5 		.ascii	"\376\317|\365\177\033$\34603,`\006Inf\254g`<\300\302"
  21      7F1B24E6 
  21      30332C60 
  21      06496E66 
  21      AC67603C 
  22 002a C800C47F 		.ascii	"\310\000\304\177\376\377\377\317\317\310\004T7\255\365"
  22      FEFFFFCF 
  22      CFC80454 
  22      37ADF5
  23 0039 D079F66E 		.ascii	"\320y\366nf\240*F\006\306-\2142 \314\300\000\000\006"
  23      66A02A46 
  23      06C62D8C 
  23      3220CCC0 
  23      000006
  24 004c D81467   		.ascii	"\330\024g"
  25              		.text
  26              		.section	.gnu.lto_.inline.323c7255e6f74a89,"",%progbits
  27 0000 789C6363 		.ascii	"x\234cc``\320c@\000F\006\006NSF\006& \223m\201<\023"
  27      6060D063 
  27      40004606 
  27      064E5346 
  27      06262093 
  28 0018 58880B85 		.ascii	"X\210\013\205`\342\006\251\0023\031\0004\322\001x"
  28      60E206A9 
  28      02331900 
ARM GAS  /var/folders/qd/4mxf5pkd0zdf0b9dd1hp39180000gn/T//ccl7SFM1.s 			page 2


  28      34D20178 
  29              		.text
  30              		.section	.gnu.lto_.pureconst.323c7255e6f74a89,"",%progbits
  31 0000 789C6363 		.ascii	"x\234cc```\006bF\006\011\000\000}\000#"
  31      60606006 
  31      62460609 
  31      00007D00 
  31      23
  32              		.text
  33              		.section	.gnu.lto_halInit.323c7255e6f74a89,"",%progbits
  34 0000 789C7590 		.ascii	"x\234u\220\273J\003A\024\206\317\277\223\033\250\301"
  34      BB4A0341 
  34      1486CFBF 
  34      931BA8C1 
  35 0010 C2424D0A 		.ascii	"\302BM\012\3334\311{\370\026\222\306B\020\314\003\354"
  35      DB34C97B 
  35      F81692C6 
  35      4210CC03 
  35      EC
  36 0021 C43524A2 		.ascii	"\3045$\242\205E\\-\026Y\304k%\342%\256\027\\\362\000"
  36      85455C2D 
  36      1659C46B 
  36      25E225AE 
  36      175CF200 
  37 0035 8AB676A2 		.ascii	"\212\266v\242V\361\002V*F\377\311\212X\304\303\034f"
  37      56F10256 
  37      2A46FFC9 
  37      8A58C4C3 
  37      1C66
  38 0047 E69C6FCE 		.ascii	"\346\234o\316\371\317$Dd\003\"Y\356\031:\224\300Z\270"
  38      F9CF2444 
  38      64032259 
  38      EE193A94 
  38      C05AB8
  39 005a 1029A72C 		.ascii	"\020)\247,\300\034t\012b[\2601\257\352\012\315\352C"
  39      C01C740A 
  39      625BB031 
  39      AFEA0ACD 
  39      EA43
  40 006c 60E53635 		.ascii	"`\34565-\\z\031\322[!<%\342\322\215a\0179!v\273\333"
  40      2D5C7A19 
  40      D25B213C 
  40      25E2D28D 
  40      610F3921 
  41 0083 5EEC4BC4 		.ascii	"^\354K\304\2428\366\221\020\366\220\235\353x\250\333"
  41      A238F691 
  41      10F6909D 
  41      EB78A8DB 
  42 0093 5F551DDE 		.ascii	"_U\035\336\255\2421\232\024\2511\317&:\224Ye\231\223"
  42      ADA2319A 
  42      14A931CF 
  42      263A9459 
  42      659993
  43 00a6 134A0B8E 		.ascii	"\023J\013\216\377\221\351<b\245 h\335$\355O\235\362"
  43      FF91E93C 
  43      62A52068 
  43      DD24ED4F 
ARM GAS  /var/folders/qd/4mxf5pkd0zdf0b9dd1hp39180000gn/T//ccl7SFM1.s 			page 3


  43      9DF2
  44 00b8 145CC52A 		.ascii	"\024\\\305*8\200-\036\351\026f\374\365\336.\234r\231"
  44      38802D1E 
  44      E91666FC 
  44      F5DE2E9C 
  44      7299
  45 00ca 151C9263 		.ascii	"\025\034\222c\302\2554/\223s\312S1\230\253\363~\376"
  45      C2AD342F 
  45      9373CA53 
  45      3198ABF3 
  45      7EFE
  46 00dc 9A2637C8 		.ascii	"\232&7\310\200o\3241\366v\365X\353\361\261R\356\367"
  46      806FD431 
  46      F676F558 
  46      EBF1B152 
  46      EEF7
  47 00ee 541C479C 		.ascii	"T\034G\234\265\201l'\343\254\355U@zY\353\021S!\200\217"
  47      B5816C27 
  47      E3ACED55 
  47      407A59EB 
  47      11532180 
  48 0103 689C63D8 		.ascii	"h\234c\330\236Jt\304n\247\273\213eu\234\374\212%7\320"
  48      9E4A74C4 
  48      6EA7BB8B 
  48      65759CFC 
  48      8A2537D0 
  49 0117 9D8B913B 		.ascii	"\235\213\221;\375\303\335\377\303\305\311\235\375pO"
  49      FDC3DDFF 
  49      C3C5C99D 
  49      FD704F
  50 0126 98F69FEB 		.ascii	"\230\366\237\353\221\026c5~\015\277\217s\017\347\363"
  50      91166335 
  50      7E0DBF8F 
  50      730FE7F3 
  51 0136 85684D96 		.ascii	"\205hM\226\012\343c\023\205\322T\321\354\371\242|\003"
  51      0AE36313 
  51      85D254D1 
  51      ECF9A27C 
  51      03
  52 0147 82A092F0 		.ascii	"\202\240\222\360"
  53              		.text
  54              		.section	.gnu.lto_.symbol_nodes.323c7255e6f74a89,"",%progbits
  55 0000 789C55C9 		.ascii	"x\234U\311\275\015\2030\024E\341\343k\314\034\031\205"
  55      BD0D8330 
  55      1445E1E3 
  55      6BCC1C19 
  55      85
  56 0011 4CF65CF0 		.ascii	"L\366\\\360\223\244\242M\317\024\251Sg\206 1\007\342"
  56      93A4A24D 
  56      CF14A953 
  56      67862031 
  56      07E2
  57 0023 E10A1757 		.ascii	"\341\012\027W\237tn\013\274}\250\227\301\374\003\347"
  57      9F746E0B 
  57      BC7DA897 
  57      C1FC03E7 
  58 0033 93EF9026 		.ascii	"\223\357\220&q\363'\274d\241<\220s\347\341)S\025\036"
ARM GAS  /var/folders/qd/4mxf5pkd0zdf0b9dd1hp39180000gn/T//ccl7SFM1.s 			page 4


  58      71F327BC 
  58      64A13C90 
  58      73E7E129 
  58      53151E
  59 0046 B2588551 		.ascii	"\262X\205Q\326Ta\220\245k\210\264,\377=D\022\337b\303"
  59      D6546190 
  59      A56B88B4 
  59      2CFF3D44 
  59      12DF62C3 
  60 005a 568CF4EB 		.ascii	"V\214\364\353\251X\\\016D\226$\366"
  60      A9585C0E 
  60      449624F6 
  61              		.text
  62              		.section	.gnu.lto_.refs.323c7255e6f74a89,"",%progbits
  63 0000 789C6363 		.ascii	"x\234cc```\003bF\006&F&\006\000\000\263\000\023"
  63      60606003 
  63      62460626 
  63      46260600 
  63      00B30013 
  64              		.text
  65              		.section	.gnu.lto_.decls.323c7255e6f74a89,"",%progbits
  66 0000 789CC556 		.ascii	"x\234\305VkLTG\024\276\347\316\356\002\013\210\001\323"
  66      6B4C5447 
  66      14BEE7CE 
  66      EE020B88 
  66      01D3
  67 0012 D8C626D6 		.ascii	"\330\306&\326l#\177\340\0126\321&\266\211\325\332\232"
  67      6C237FE0 
  67      0A36D126 
  67      B689D5DA 
  67      9A
  68 0023 5825AD4D 		.ascii	"X%\255M\332_\353\272\273\312\266\313\356vwij\372\347"
  68      DA5FEBBA 
  68      BBCAB6CB 
  68      EE767769 
  68      6AFAE7
  69 0036 22AB585F 		.ascii	"\"\253X_h%Z\254O\260\017\253Q[\037\345!\005\037XEQ\024"
  69      68255AAC 
  69      4FB00FAB 
  69      515B1FE5 
  69      21051F58 
  70 004d B5A25870 		.ascii	"\265\242XpU\036\025\001\021A\004\244gf\356r\227\005"
  70      551E1501 
  70      114104A4 
  70      6766EE72 
  70      9705
  71 005f 9AF6576F 		.ascii	"\232\366Wo8w\356\231\371\346;\347|3\263\203N\020\204"
  71      3877EE99 
  71      F9E63BE7 
  71      7C33B383 
  71      4E1084
  72 0072 437A41E8 		.ascii	"CzA\350\025\005a\033~\017\340\203\237\302\0114@k\021"
  72      1505611B 
  72      7E0FE083 
  72      9FC20934 
  72      406B11
  73 0085 F8A3437B 		.ascii	"\370\243C{\214\366\004\255\033\255\007\255\237\342\025"
ARM GAS  /var/folders/qd/4mxf5pkd0zdf0b9dd1hp39180000gn/T//ccl7SFM1.s 			page 5


  73      8CF604AD 
  73      1BAD07AD 
  73      9FE215
  74 0094 1C8030E4 		.ascii	"\034\2000\344iD?\014\333Eh\"~w`K\200\363=@\353\013\341"
  74      69443F0C 
  74      DB456822 
  74      7E77604B 
  74      80F33D40 
  75 00ab 1D50F87A 		.ascii	"\035P\370z\024\376'\243\360\346\020\270\354;\264\215"
  75      14FE27A3 
  75      F0E610B8 
  75      EC3BB48D 
  76 00bb AC2110AB 		.ascii	"\254!\020\253\007\015\272\217*\267\336\035\203\3568"
  76      070DBA8F 
  76      2AB7DE1D 
  76      83EE38
  77 00ca 3D4C4477 		.ascii	"=LDw\240\271&?\202\217\266StA\311\303d\356N@\257\350"
  77      A0B9263F 
  77      828FB653 
  77      7441C9C3 
  77      64EE4E40 
  78 00e0 F6A3B248 		.ascii	"\366\243\262H\016\256\007\364\253\033v\373\242\370p"
  78      0EAE07F4 
  78      AB1B76FB 
  78      A2F870
  79 00ef 1545AFCF 		.ascii	"\025E\257\317>\374\263\236`\302\370\335\352\273_\037"
  79      3EFCB39E 
  79      60C2F8DD 
  79      EABB5F1F 
  80 00ff C9C7C6A3 		.ascii	"\311\307\306\243{\245\375\302v\305\035\213n\355W+w\350"
  80      7BA5FDC2 
  80      76C51D8B 
  80      6EED572B 
  80      77E8
  81 0111 480443DE 		.ascii	"H\004C\336>\273w\037\315h\262\036\250~1\330u\260\245"
  81      3EBB771F 
  81      CD68B21E 
  81      A87E31D8 
  81      75B0A5
  82 0124 B0279A77 		.ascii	"\260'\232wQ\304\325\256\354\274p2\206}\347\337\314\333"
  82      51C4D5AE 
  82      ECBC7032 
  82      867DE7DF 
  82      CCDB
  83 0136 1C96B85F 		.ascii	"\034\226\270_\346O\370G\002\224\002\011\024w%\273cO"
  83      E64FF847 
  83      02940209 
  83      147725BB 
  83      634F
  84 0148 1849A240 		.ascii	"\030I\242@\261\256\246\267v\014\350\343W\311\362ryW"
  84      B1AEA6B7 
  84      760CE8E3 
  84      57C9F272 
  84      7957
  85 015a A61CF1AE 		.ascii	"\246\034\361\256\000G`\002\034\206\011\002\234\202x"
  85      00476002 
  85      1C860902 
ARM GAS  /var/folders/qd/4mxf5pkd0zdf0b9dd1hp39180000gn/T//ccl7SFM1.s 			page 6


  85      9C8278
  86 0169 4A5E0689 		.ascii	"J^\006\211\002\374\206\235%\330\371=%,k\354\236\274"
  86      02FC869D 
  86      25D8F93D 
  86      252C6BEC 
  86      9EBC
  87 017b 314B9645 		.ascii	"1K\226E8\011z8\001\204aP\311\311z\036b\357\236\215y"
  87      38097A38 
  87      01846150 
  87      C9C97A1E 
  87      62EF9E8D 
  88 0190 3A52052C 		.ascii	":R\005,F\361\267\367\313\305\321b\234\0315\306\245\342"
  88      46F1B7F7 
  88      CBC5D162 
  88      9C1935C6 
  88      A5E2
  89 01a2 496756D0 		.ascii	"IgV\320\030\345\030\343\264\032\003C\362 \376\242\332"
  89      18E518E3 
  89      B41A0343 
  89      F220FEA2 
  89      DA
  90 01b3 0C91F8B9 		.ascii	"\014\221\370\271\222[\213;+\264\\\272pt\3336\225W\212"
  90      925B8B3B 
  90      2BB45CBA 
  90      7074DB36 
  90      95578A
  91 01c6 A4818F35 		.ascii	"\244\201\2175\334\310\314\325\221\026\356l\350\257\221"
  91      DCC8CCD5 
  91      9116EE6C 
  91      E8AF91
  92 01d5 75A4933B 		.ascii	"u\244\223;\353\332\236\356\326\220^\356\324dv_\217&"
  92      EBDA9EEE 
  92      D6905EEE 
  92      D464765F 
  92      8F26
  93 01e7 19843A11 		.ascii	"\031\204:\021\313ot\235\322\202\301\020g0\030\342\015"
  93      CB6F749D 
  93      D282C110 
  93      673018E2 
  93      0D
  94 01f8 863C9A7B 		.ascii	"\206<\232{Yw\323\214\302\216&Y\376:\212%U\211IUA\234"
  94      5977D38C 
  94      C28E2659 
  94      FE3A8A25 
  94      55894955 
  95 020e 5A4C11BE 		.ascii	"ZL\021\276\004H\302\227\300'\334|}\253\\\346#\014\375"
  95      0448C297 
  95      C027DC7C 
  95      7DAB5CE6 
  95      230CFD
  96 0221 7B28BA58 		.ascii	"{(\272XEo\244\025o@\003\215\000\277\"\340\030\033\243"
  96      456FA415 
  96      6F40038D 
  96      00BF22E0 
  96      181BA3
  97 0234 70AC1AAE 		.ascii	"p\254\032\256\242HW\300\000\327\321.\243U\243]B\273"
  97      A24857C0 
ARM GAS  /var/folders/qd/4mxf5pkd0zdf0b9dd1hp39180000gn/T//ccl7SFM1.s 			page 7


  97      00D7D12E 
  97      A355A35D 
  97      42BB
  98 0246 8676110C 		.ascii	"\206v\021\014lay\300g\323\325\200\025\241\001\317\016"
  98      6C6179C0 
  98      67D3D580 
  98      15A101CF 
  98      0E
  99 0257 4B2F087D 		.ascii	"K/\010}!\024-\205\200+\202j972\365\021\372V\226\357"
  99      21142D85 
  99      802B826A 
  99      393732F5 
  99      11FA5696 
 100 026c 62416C06 		.ascii	"bAl\006\326Ca\202\262tj\232\255\205\261\371\231\362"
 100      D6436182 
 100      B2746A9A 
 100      AD85B1F9 
 100      99F2
 101 027e D9298CEC 		.ascii	"\331)\214\354\370\310\302p2\216\377+(\321\363#&\312"
 101      F8C8C270 
 101      328EFF2B 
 101      28D1F323 
 101      26CA
 102 0290 D1B88AA5 		.ascii	"\321\270\212\245\317}U:R\300VQ\374\351x\355\003-\304"
 102      CF7D553A 
 102      52C05651 
 102      FCE978ED 
 102      032DC4
 103 02a3 C58FA82F 		.ascii	"\305\217\250/\324\240\254\377Eb^\330\231\"\035\036)"
 103      D4A0ACFF 
 103      45625ED8 
 103      99221D1E 
 103      29
 104 02b4 B88113FF 		.ascii	"\270\201\023\377Pw%-\223\305\377\261a\333z\345\270O"
 104      5077252D 
 104      93C5FFB1 
 104      61DB7AE5 
 104      B84F
 105 02c6 47F76865 		.ascii	"G\367he\301\237Zr\236\245\003\265\035\327\263\"\311"
 105      C19F5A72 
 105      9EA503B5 
 105      1DD7B322 
 105      C9
 106 02d7 15EE1CEC 		.ascii	"\025\356\034\354\313\371AGj\270\343\273\327zQ9\371k"
 106      CBF94147 
 106      6AB8E3BB 
 106      D77A5139 
 106      F96B
 107 02e9 E98F466F 		.ascii	"\351\217Fo\373\261\2531\312\217\010\335\317\325\335"
 107      FBB1AB31 
 107      CA8F08DD 
 107      CFD5DD
 108 02f8 55597A52 		.ascii	"UYzR\317\300a\017\375[rqo\306\005v&M\352x\354&\231\012"
 108      CFC0610F 
 108      FD5B7271 
 108      6FC60576 
 108      264DEA78 
ARM GAS  /var/folders/qd/4mxf5pkd0zdf0b9dd1hp39180000gn/T//ccl7SFM1.s 			page 8


 109 0310 4AD3AAC5 		.ascii	"J\323\252\305\264\374\330\016\026Z\024$\350\020)\352"
 109      B4FCD80E 
 109      165A1424 
 109      E81029EA 
 110 0320 10F1271B 		.ascii	"\020\361'\033\364+:\334G\035\032\260\346;h\215hw\321"
 110      F42B3ADC 
 110      471D1AB0 
 110      E63B688D 
 110      6877D1
 111 0333 EEA95B0C 		.ascii	"\356\251[\014C\235|#\203\255\005\215T\030\032\251`\350"
 111      439D7C23 
 111      83AD058D 
 111      54181AA9 
 111      60E8
 112 0345 D251F89B 		.ascii	"\322Q\370\233*\274>\024~T\335\221\312\256)\346\273\306"
 112      2ABC3E14 
 112      7E54DD91 
 112      CAAE29E6 
 112      BBC6
 113 0357 3F6CD7E0 		.ascii	"?l\327\340`CqP\221\267C\271\206\354WD\373g\250\201o"
 113      60437150 
 113      91B743B9 
 113      86EC5744 
 113      FB67A881 
 114 036c 85826FAA 		.ascii	"\205\202o\252\201Q\335\023=-+bH#\3373\227\276\333Z!"
 114      8151DD13 
 114      3D2D2B62 
 114      4823DF33 
 114      97BEDB5A 
 115 0381 427C1C4F 		.ascii	"B|\034O\250\253\224\255\366_8\271I]m?[\355\021\245\204"
 115      A8AB94AD 
 115      F65F38B9 
 115      495D6D3F 
 115      5BED11A5 
 116 0396 6654F0DF 		.ascii	"fT\360\337\250\211qK*\217\372tq\012\315\252Qi\204\177"
 116      A889714B 
 116      2A8FFA74 
 116      710ACDAA 
 116      5169847F 
 117 03aa E25871EC 		.ascii	"\342Xq\354\362\2651Q\253\007\177[\341A\320\331\020\240"
 117      F2B53151 
 117      AB077F5B 
 117      E141D0D9 
 117      10A0
 118 03bc 05A22890 		.ascii	"\005\242(\220\266\364n:QR\032Y\207\332\341\375\013c"
 118      B6F46E3A 
 118      51521A59 
 118      87DAE1FD 
 118      0B63
 119 03ce 1905BFFD 		.ascii	"\031\005\277\375\000\037\372\342\376@\340\001\336\217"
 119      001FFAE2 
 119      FE40E001 
 119      DE8F
 120 03dc BD226F14 		.ascii	"\275\"o\024(u\002S`\260GT8\304\000/\373S\010 \230\225"
 120      28750253 
 120      60B04754 
 120      38C4002F 
ARM GAS  /var/folders/qd/4mxf5pkd0zdf0b9dd1hp39180000gn/T//ccl7SFM1.s 			page 9


 120      FB530820 
 121 03f2 8FF37081 		.ascii	"\217\363p\201\207\337\306\240\334\306\203\363x\227\250"
 121      87DFC6A0 
 121      DCC683F3 
 121      7897A8
 122 0401 060B9A32 		.ascii	"\006\013\2322,Wapx0)\265HP\024\273\326\262\366@T=\252"
 122      2C576170 
 122      783029B5 
 122      485014BB 
 122      D6B2F640 
 123 0418 2CC0C782 		.ascii	",\300\307\202\260!<\215\235\300\366\303\262_O\036\361"
 123      B0213C8D 
 123      9DC0F6C3 
 123      B25F4F1E 
 123      F1
 124 0429 E3583ED0 		.ascii	"\343X>\320]\026\303\217\243\030t/\217\343\367\362\376"
 124      5D16C38F 
 124      A318742F 
 124      8FE3F7F2 
 124      FE
 125 043a B50339DA 		.ascii	"\265\0039\332\361\233\331\262e\312cEX\364\002<B\305"
 125      F19BD9B2 
 125      65CA6345 
 125      58F4023C 
 125      42C5
 126 044c DB99E21D 		.ascii	"\333\231\342\0350\036\337\016\015\017v\367tk\2778i\227"
 126      301EDF0E 
 126      0D0F76F7 
 126      746BBF38 
 126      6997
 127 045e BCAB1E6F 		.ascii	"\274\253\036o\264\201\211\215Gd\031/5YCa\320\246\356"
 127      B481898D 
 127      4764192F 
 127      35594361 
 127      D0A6EE
 128 0471 A8367A3F 		.ascii	"\2506z?C+\036\021x\210\233@\200\3070\011\247g\375\322"
 128      432B1E11 
 128      78889B40 
 128      80C73009 
 128      A767FDD2 
 129 0485 5AA72539 		.ascii	"Z\247%9\032\226\325\332{\305Gc\220\253\036\367e\335"
 129      1A96D5DA 
 129      7BC54763 
 129      90AB1EF7 
 129      65DD
 130 0497 1A722073 		.ascii	"\032r s\345:y7\260\210\320\251Ru*W=<a\024\027\032n\177"
 130      E53A7937 
 130      B088D0A9 
 130      52752A57 
 130      3D3C6114 
 131 04af 490A39C3 		.ascii	"I\0129\303\276\362\325\031\032\205\341\3267\244\245"
 131      BEF2D519 
 131      1A85E1D6 
 131      37A4A5
 132 04be B8495EA5 		.ascii	"\270I^\245\347\004]*AW\200\240\233\021\\\252\310\357"
 132      E7045D2A 
 132      415780A0 
ARM GAS  /var/folders/qd/4mxf5pkd0zdf0b9dd1hp39180000gn/T//ccl7SFM1.s 			page 10


 132      9B115CAA 
 132      C8EF
 133 04d0 8B269D9C 		.ascii	"\213&\235\234\241:goOt\200a'\271xneY\012'x\252\022<"
 133      A13A676F 
 133      4F748061 
 133      27B9786E 
 133      65590A27 
 134 04e8 0D10F430 		.ascii	"\015\020\3640\202\237\366\347\336\217 \333\265\214\240"
 134      829FF6E7 
 134      DE8F20DB 
 134      B58CA0
 135 04f7 E4E6FE83 		.ascii	"\344\346\376\203\032\215\310\267$\225\011\373\256g\267"
 135      1A8DC8B7 
 135      249509FB 
 135      AE67B7
 136 0506 35935105 		.ascii	"5\223Q\005\355c\202\366\202\242h\317\226;\347\365J\006"
 136      ED6382F6 
 136      82A268CF 
 136      963BE7F5 
 136      4A06
 137 0518 8F9B66F4 		.ascii	"\217\233f\364\036\221}Z\212\201gj\002\317\002\011\364"
 137      1E917D5A 
 137      8A81676A 
 137      02CF0209 
 137      F4
 138 0529 B3047277 		.ascii	"\263\004rwd\037\"d\037O\240\265\364qs@\203S\007\311"
 138      641F2264 
 138      1F4FA0B5 
 138      F4717340 
 138      835307C9 
 139 053d F36A5583 		.ascii	"\363jU\203\347*\303\363\000\303\000c8{\352@W$i\346\014"
 139      E72AC3F3 
 139      00C30063 
 139      387BEA40 
 139      572469E6 
 140 0552 1B0EF797 		.ascii	"\033\016\367\227i^\315\227\333e\372/A|o\273O^\025\313"
 140      695ECD97 
 140      DB65FA2F 
 140      417C6FBB 
 140      4F5E15CB 
 141 0566 CE9D2C32 		.ascii	"\316\235,2\202\240\337U\354\301w\206\370*\316\333\331"
 141      82A0DF55 
 141      ECC17786 
 141      F82ACEDB 
 141      D9
 142 0577 D79B3BE4 		.ascii	"\327\233;\344\250\322\230\352Q].\362\243\212-\202\267"
 142      A8D298EA 
 142      515D2EF2 
 142      A38A2D82 
 142      B7
 143 0588 F7B50D05 		.ascii	"\367\265\015\005\367\015\001g*`\332\352Rf\3176yM\032"
 143      F70D0167 
 143      2A60DAEA 
 143      5266CF36 
 143      794D1A
 144 059b D312B7FD 		.ascii	"\323\022\267\375\305\304D\211\3779=R\252\311.y\334f"
 144      C5C44489 
ARM GAS  /var/folders/qd/4mxf5pkd0zdf0b9dd1hp39180000gn/T//ccl7SFM1.s 			page 11


 144      FF393D52 
 144      AAC92E79 
 144      DC66
 145 05ad DA269AC3 		.ascii	"\332&\232\303\337\231\377\341\304YII\202\336hL\2679"
 145      DF99FFE1 
 145      C4594949 
 145      82DE684C 
 145      B739
 146 05bf BC53938D 		.ascii	"\274S\223\215\336\257A\232\351r\331mf\223\327\346tx"
 146      DEAF419A 
 146      E972D96D 
 146      6693D7E6 
 146      7478
 147 05d1 A4B7CD76 		.ascii	"\244\267\315v\233\313c5Z\023\\\351\346O\223\023M.\227"
 147      9BCB6335 
 147      5A135CE9 
 147      E64F9313 
 147      4D2E97
 148 05e4 34CBE9F0 		.ascii	"4\313\351\360Z\035\336a\203\322B\247\323\356\221\226"
 148      5A1DDE61 
 148      83D242A7 
 148      D3EE9196 
 149 05f4 9ACD0926 		.ascii	"\232\315\011&wZ\202\303\351\260&XM\213m\011\323\022"
 149      775A82C3 
 149      E9B02658 
 149      4D8B6D09 
 149      D312
 150 0606 92A7244D 		.ascii	"\222\247$MK\370\354\265\2044\323'N\2674dT\2629\314\366"
 150      4BF8ECB5 
 150      8434D327 
 150      4EB73464 
 150      54B239CC 
 151 061b 748B554A 		.ascii	"t\213UJ3\231Sm\016\253d\264X\227\230\322\355^\243w\231"
 151      3399536D 
 151      0EAB64B4 
 151      589798D2 
 151      ED5EA377 
 152 0630 CBEA494C 		.ascii	"\313\352IL\025\302\003\311e\375\177\311y\226y$\243\307"
 152      15C203C9 
 152      65FD7FC9 
 152      79967924 
 152      A3C7
 153 0642 6BC14C30 		.ascii	"k\301L0#\342\264\270\265\256t\227\305\035\346\364\270"
 153      23E2B4B8 
 153      B5AE7497 
 153      C51DE6F4 
 153      B8
 154 0653 AC568B5B 		.ascii	"\254V\213[\347\244\331\272\265iN\213\325MuOM\012\325"
 154      E7A4D9BA 
 154      B5694E8B 
 154      D54D754F 
 154      4D0AD5
 155 0666 DDE57463 		.ascii	"\335\345tcZ\037,|oj\2624o\336l\351\235\224\271\013>"
 155      5A1F2C7C 
 155      6F6AB234 
 155      6FDE6CE9 
 155      9D94B90B 
ARM GAS  /var/folders/qd/4mxf5pkd0zdf0b9dd1hp39180000gn/T//ccl7SFM1.s 			page 12


 156 067b 4F965C26 		.ascii	"O\226\\&\273\321n\267 k\254\307\233\206e.u\331\234F"
 156      BBD16EB7 
 156      206BACC7 
 156      9B86652E 
 156      75D99C46 
 157 068f 8FD59BEE 		.ascii	"\217\325\233\3562zu)\263\350B\352R\336\342\315L\336"
 157      327A7529 
 157      B3E842EA 
 157      52DEE2CD 
 157      4CDE
 158 06a1 CCA14D44 		.ascii	"\314\241MD\312\314yX\355\022\333\3220\244\237\353\260"
 158      CACC7958 
 158      ED12DBD2 
 158      30A49FEB 
 158      B0
 159 06b2 795F1A75 		.ascii	"y_\032u\251\005\235\307K\021/\207\"\006\353\243eE,v"
 159      A9059DC7 
 159      4B112F87 
 159      2206EBA3 
 159      65452C76 
 160 06c6 9ADC168A 		.ascii	"\232\334\026\212\233\022\212c#4{\343\374\017g\315{{"
 160      9B128A63 
 160      23347BE3 
 160      FC0F67CD 
 160      7B7B
 161 06d8 8171CED4 		.ascii	"\201q\316\324)\311\357O\347\3758U\347a\363^\031\225"
 161      29C9EF4F 
 161      E7FD3855 
 161      E761F35E 
 161      1995
 162 06ea DFEAB661 		.ascii	"\337\352\266a\"\251B\264Q)\330hC|Tj\2203,h\260b\354"
 162      22A942B4 
 162      5129D868 
 162      437C546A 
 162      90332C68 
 163 0701 3D67EA17 		.ascii	"=g\352\027_H\251\252`\224*\260[\314L\212\277\001~\006"
 163      5F48A9AA 
 163      60942AB0 
 163      5BCC4C8A 
 163      BF017E06 
 164 0715 11E9     		.ascii	"\021\351"
 165              		.text
 166              		.section	.gnu.lto_.symtab.323c7255e6f74a89,"",%progbits
 167 0000 68616C49 		.ascii	"halInit\000"
 167      6E697400 
 168 0008 00       		.ascii	"\000"
 169 0009 00       		.ascii	"\000"
 170 000a 00       		.ascii	"\000"
 171 000b 00000000 		.ascii	"\000\000\000\000\000\000\000\000"
 171      00000000 
 172 0013 F3000000 		.ascii	"\363\000\000\000"
 173 0017 70616C5F 		.ascii	"pal_default_config\000"
 173      64656661 
 173      756C745F 
 173      636F6E66 
 173      696700
 174 002a 00       		.ascii	"\000"
ARM GAS  /var/folders/qd/4mxf5pkd0zdf0b9dd1hp39180000gn/T//ccl7SFM1.s 			page 13


 175 002b 02       		.ascii	"\002"
 176 002c 00       		.ascii	"\000"
 177 002d 00000000 		.ascii	"\000\000\000\000\000\000\000\000"
 177      00000000 
 178 0035 01010000 		.ascii	"\001\001\000\000"
 179 0039 7374496E 		.ascii	"stInit\000"
 179      697400
 180 0040 00       		.ascii	"\000"
 181 0041 02       		.ascii	"\002"
 182 0042 00       		.ascii	"\000"
 183 0043 00000000 		.ascii	"\000\000\000\000\000\000\000\000"
 183      00000000 
 184 004b F5000000 		.ascii	"\365\000\000\000"
 185 004f 626F6172 		.ascii	"boardInit\000"
 185      64496E69 
 185      7400
 186 0059 00       		.ascii	"\000"
 187 005a 02       		.ascii	"\002"
 188 005b 00       		.ascii	"\000"
 189 005c 00000000 		.ascii	"\000\000\000\000\000\000\000\000"
 189      00000000 
 190 0064 F7000000 		.ascii	"\367\000\000\000"
 191 0068 7364496E 		.ascii	"sdInit\000"
 191      697400
 192 006f 00       		.ascii	"\000"
 193 0070 02       		.ascii	"\002"
 194 0071 00       		.ascii	"\000"
 195 0072 00000000 		.ascii	"\000\000\000\000\000\000\000\000"
 195      00000000 
 196 007a F9000000 		.ascii	"\371\000\000\000"
 197 007e 5F70616C 		.ascii	"_pal_lld_init\000"
 197      5F6C6C64 
 197      5F696E69 
 197      7400
 198 008c 00       		.ascii	"\000"
 199 008d 02       		.ascii	"\002"
 200 008e 00       		.ascii	"\000"
 201 008f 00000000 		.ascii	"\000\000\000\000\000\000\000\000"
 201      00000000 
 202 0097 FD000000 		.ascii	"\375\000\000\000"
 203 009b 68616C5F 		.ascii	"hal_lld_init\000"
 203      6C6C645F 
 203      696E6974 
 203      00
 204 00a8 00       		.ascii	"\000"
 205 00a9 02       		.ascii	"\002"
 206 00aa 00       		.ascii	"\000"
 207 00ab 00000000 		.ascii	"\000\000\000\000\000\000\000\000"
 207      00000000 
 208 00b3 FF000000 		.ascii	"\377\000\000\000"
 209              		.text
 210              		.section	.gnu.lto_.opts,"",%progbits
 211 0000 272D666D 		.ascii	"'-fmath-errno' '-fsigned-zeros' '-ftrapping-math' '"
 211      6174682D 
 211      6572726E 
 211      6F272027 
 211      2D667369 
ARM GAS  /var/folders/qd/4mxf5pkd0zdf0b9dd1hp39180000gn/T//ccl7SFM1.s 			page 14


 212 0033 2D666E6F 		.ascii	"-fno-trapv' '-fno-openmp' '-fno-openacc' '-mcpu=cor"
 212      2D747261 
 212      70762720 
 212      272D666E 
 212      6F2D6F70 
 213 0066 7465782D 		.ascii	"tex-m4' '-mno-thumb-interwork' '-mthumb' '-O2' '-fo"
 213      6D342720 
 213      272D6D6E 
 213      6F2D7468 
 213      756D622D 
 214 0099 6D69742D 		.ascii	"mit-frame-pointer' '-falign-functions=16' '-ffuncti"
 214      6672616D 
 214      652D706F 
 214      696E7465 
 214      72272027 
 215 00cc 6F6E2D73 		.ascii	"on-sections' '-fdata-sections' '-fno-common' '-flto"
 215      65637469 
 215      6F6E7327 
 215      20272D66 
 215      64617461 
 216 00ff 2700     		.ascii	"'\000"
 217              		.text
 218              		.comm	__gnu_lto_v1,1,1
 219              		.comm	__gnu_lto_slim,1,1
 220              		.ident	"GCC: (GNU Tools for Arm Embedded Processors 7-2017-q4-major) 7.2.1 20170904 (release) [ARM
ARM GAS  /var/folders/qd/4mxf5pkd0zdf0b9dd1hp39180000gn/T//ccl7SFM1.s 			page 15


DEFINED SYMBOLS
                            *ABS*:0000000000000000 hal.c
                            *COM*:0000000000000001 __gnu_lto_v1
                            *COM*:0000000000000001 __gnu_lto_slim

NO UNDEFINED SYMBOLS
