ARM GAS  /var/folders/qd/4mxf5pkd0zdf0b9dd1hp39180000gn/T//ccqWXs8V.s 			page 1


   1              		.cpu cortex-m4
   2              		.eabi_attribute 20, 1
   3              		.eabi_attribute 21, 1
   4              		.eabi_attribute 23, 3
   5              		.eabi_attribute 24, 1
   6              		.eabi_attribute 25, 1
   7              		.eabi_attribute 26, 1
   8              		.eabi_attribute 30, 2
   9              		.eabi_attribute 34, 1
  10              		.eabi_attribute 18, 4
  11              		.file	"nvic.c"
  12              		.section	.gnu.lto_.profile.ba5f3390a2b3506b,"",%progbits
  13 0000 789C6363 		.ascii	"x\234cc```\001bF\006)1\000\000\302\000<"
  13      60606001 
  13      62460629 
  13      310000C2 
  13      003C
  14              		.text
  15              		.section	.gnu.lto_.icf.ba5f3390a2b3506b,"",%progbits
  16 0000 789C6363 		.ascii	"x\234cc``\220b@\000\026\206\333\333\226\254be\354\\"
  16      60609062 
  16      40001686 
  16      DBDB96AC 
  16      6265EC5C 
  17 0014 F7E12E13 		.ascii	"\367\341.\023\323\243\203\263\367\3603/z\275\367\005"
  17      D3A383B3 
  17      F7F0332F 
  17      7ABDF705 
  18 0024 330300A6 		.ascii	"3\003\000\246U\014S"
  18      550C53
  19              		.text
  20              		.section	.gnu.lto_.jmpfuncs.ba5f3390a2b3506b,"",%progbits
  21 0000 789C6363 		.ascii	"x\234cc``\320a@\000\026\006&FF\346\3729\314\014 \314"
  21      6060D061 
  21      40001606 
  21      264646E6 
  21      FA39CC0C 
  22 0016 0804209A 		.ascii	"\010\004 \232\011Y\220\031*\310\000\000\237-\007\005"
  22      09599019 
  22      2AC80000 
  22      9F2D0705 
  23              		.text
  24              		.section	.gnu.lto_.inline.ba5f3390a2b3506b,"",%progbits
  25 0000 789C4D8C 		.ascii	"x\234M\214\321\021\2000\014B!\215i\364\307\021\352\004"
  25      D1118030 
  25      0C42218D 
  25      69F4C711 
  25      EA04
  26 0012 2ED9453A 		.ascii	".\331E:\222\2438\202\261\236U>\270\343\036`\000*>)\260"
  26      92A33882 
  26      B19E553E 
  26      B8E31E60 
  26      002A3E29 
  27 0027 CC146E8C 		.ascii	"\314\024n\214p\233\332\271\303Z\021\310\261*\"y\020"
  27      709BDAB9 
  27      C35A11C8 
  27      B12A2279 
ARM GAS  /var/folders/qd/4mxf5pkd0zdf0b9dd1hp39180000gn/T//ccqWXs8V.s 			page 2


  27      10
  28 0038 07E199EC 		.ascii	"\007\341\231\354\225\244\255<\225\240\332O\004\223\222"
  28      95A4AD3C 
  28      95A0DA4F 
  28      049392
  29 0047 FD25C5EE 		.ascii	"\375%\305\356w\020J\310\366N\007\034S\\\2260\015\244"
  29      77104AC8 
  29      F64E071C 
  29      535C9630 
  29      0DA4
  30              		.text
  31              		.section	.gnu.lto_.pureconst.ba5f3390a2b3506b,"",%progbits
  32 0000 789C6363 		.ascii	"x\234cc``\340\004b\026\006)F)&)f)\000\002\304\000\202"
  32      6060E004 
  32      62160629 
  32      46292629 
  32      66290002 
  33              		.text
  34              		.section	.gnu.lto_nvicEnableVector.ba5f3390a2b3506b,"",%progbits
  35 0000 789C9D53 		.ascii	"x\234\235S\317KTQ\024\276\337;\357\207\243\316,\332"
  35      CF4B5451 
  35      14BEDF3B 
  35      EF87A3CE 
  35      2CDA
  36 0012 45522E82 		.ascii	"ER.\202A\204y\011\375\003\321\332\026\375\007\341&!"
  36      41847909 
  36      FD03D1DA 
  36      16FD07E1 
  36      2621
  37 0024 674443DA 		.ascii	"gDC\332yg\306f\264\004\005G\203\341\021#\215\375 \312"
  37      7967C666 
  37      B4040547 
  37      83E11123 
  37      8DFD20CA 
  38 0038 42ADC6B2 		.ascii	"B\255\306\262^\223\226\021&\211\264kQJ\241\221\324\254"
  38      5E939611 
  38      2689B46B 
  38      514AA191 
  38      D4AC
  39 004a 82D43AF7 		.ascii	"\202\324:\367>\243\350\307\242.\357\236w\3569\347\273"
  39      3EA3E8C7 
  39      A22EEF9E 
  39      77EE39E7 
  39      BB
  40 005b E7FBEE7D 		.ascii	"\347\373\356}\317\026B\034!!\016\362{\017O\220\2001"
  40      CF16421C 
  40      21210EF2 
  40      7B0F4F90 
  40      8031
  41 006d F85C8864 		.ascii	"\370\\\210d\225\001(GVAt\033\350F?\345\010\345\354\333"
  41      95012847 
  41      5641741B 
  41      E8463FE5 
  41      08E5ECDB 
  42 0081 92D17049 		.ascii	"\222\321pI\362\360\317Uv\313\313><\206\217\360T\003"
  42      F2F0CF55 
  42      76CBCB3E 
ARM GAS  /var/folders/qd/4mxf5pkd0zdf0b9dd1hp39180000gn/T//ccqWXs8V.s 			page 3


  42      3C868FF0 
  42      5403
  43 0093 1368E0AA 		.ascii	"\023h\340\252\027=7<:K\036\001&/?-\344W\"ji\240\236"
  43      173D373C 
  43      3A4B1E01 
  43      262F3F2D 
  43      E457226A 
  44 00aa 975B3237 		.ascii	"\227[27\022\241\030\004\373\253\317.\014:\3211)S\322"
  44      12A11804 
  44      FBABCF2E 
  44      0C3AD131 
  44      2953D2
  45 00bd 9F2D92DC 		.ascii	"\237-\222\334\357\021\341\026\2107\304\024\3520\211"
  45      EF11E116 
  45      8837C414 
  45      EA3089
  46 00cc 3AC12181 		.ascii	":\301!\201\333\210r\371\325\324\273\017D\0074\364\315"
  46      DB8872F9 
  46      D5D4BB0F 
  46      440734F4 
  46      CD
  47 00dd FCEB9CB5 		.ascii	"\374\353\234\265\003]\035\333\201\336\371\003\264\204"
  47      035D1DDB 
  47      81DEF903 
  47      B484
  48 00eb A8AEBFB9 		.ascii	"\250\256\277\271=\034\266\315\200+\246a\013\2603\276"
  48      3D1CB6CD 
  48      802BA661 
  48      0BB033BE 
  49 00fb 64F972FB 		.ascii	"d\371r\373kV\372\313\027\261e\205\301\030\323P\206\330"
  49      6B56FACB 
  49      17B16585 
  49      C118D350 
  49      86D8
  50 010d 58261BDB 		.ascii	"X&\033\333R\236\255\214\003\265[\010\212\216\020\275"
  50      529EAD8C 
  50      03B55B08 
  50      8A8E10BD 
  51 011d BC131F91 		.ascii	"\274\023\037\221\364E\037\031\312K\373b\035\251Jvf "
  51      F4451F19 
  51      CA4BFB62 
  51      1DA94A76 
  51      6620
  52 012f A21AE409 		.ascii	"\242\032\344\011yr8\224\376\230A\02008\366\363\0019"
  52      79723894 
  52      FE984110 
  52      3038F6F3 
  52      0139
  53 0141 30719789 		.ascii	"0q\227\211\256\243\274|f\315RE\234\0369]^tT\272J+\235"
  53      AEA3BC7C 
  53      66CD5245 
  53      9C1E395D 
  53      5E7454BA 
  54 0158 1CDDF85C 		.ascii	"\034\335\370\\\033,e9-#\034\232x?\264\342\024p>\311"
  54      1B2C6539 
  54      2D231C9A 
  54      783FB4E2 
ARM GAS  /var/folders/qd/4mxf5pkd0zdf0b9dd1hp39180000gn/T//ccqWXs8V.s 			page 4


  54      14703EC9 
  55 016c 1751D8EB 		.ascii	"\027Q\330\353Q\0103,\371\036\357\244\000s\375\311\321"
  55      5108332C 
  55      F91EEFA4 
  55      0073FDC9 
  55      D1
  56 017d 6AF79AEC 		.ascii	"j\367\232\354I\312z\217\252q\037\005\014\353+\342\344"
  56      49CA7A8F 
  56      AA711F05 
  56      0CEB2BE2 
  56      E4
  57 018e CBA5A989 		.ascii	"\313\245\251\211H\323\270J\026\342\036\325\340\001\334"
  57      48D3B84A 
  57      16E21ED5 
  57      E001DC
  58 019d 3C85F4F5 		.ascii	"<\205\364\365\371hb\216\212\361ffa`W\300\2318\313\270"
  58      F968628E 
  58      8AF16666 
  58      616057C0 
  58      9938CBB8 
  59 01b1 A1E2F552 		.ascii	"\241\342\365RX\261\260\260\017\0175g\326u\305\011\212"
  59      58B1B0B0 
  59      0F0F3567 
  59      D675C509 
  59      8A
  60 01c2 4C34D671 		.ascii	"L4\326q\251\012V2}V\020\264\002\344\323\342\364\246"
  60      A90A5632 
  60      7D5610B4 
  60      02E4D3E2 
  60      F4A6
  61 01d4 E66FC342 		.ascii	"\346o\303BY#\371\220\276#\025\370\027\375\377\242\256"
  61      5923F990 
  61      BE2315F8 
  61      17FDFFA2 
  61      AE
  62 01e5 168FB43A 		.ascii	"\026\217\264:\374\256\256\313\2430f\225:K\253\233S\352"
  62      FCAEAECB 
  62      A3306695 
  62      3A4BAB9B 
  62      53EA
  63 01f7 ECA0D7AB 		.ascii	"\354\240\327\253\305\232\377j\366X73\376\322\354\311"
  63      C59AFF6A 
  63      F6583733 
  63      FED2ECC9 
  64 0207 8F66F341 		.ascii	"\217f\363A\263\015\244\012_t+\375\203\3642O\376P\030"
  64      B30DA40A 
  64      5F742BFD 
  64      83F4324F 
  64      FE5018
  65 021a DF188BB9 		.ascii	"\337\030\213\271\301\223\350t\217\037;\341\266':Nv\272"
  65      C193E874 
  65      8F1F3BE1 
  65      B6273A4E 
  65      76BA
  66 022c 2D89B6B6 		.ascii	"-\211\266\266D\334=t\264\371p\363)7\336\325\332\022"
  66      44DC3D74 
  66      B4F970F3 
ARM GAS  /var/folders/qd/4mxf5pkd0zdf0b9dd1hp39180000gn/T//ccqWXs8V.s 			page 5


  66      2937DED5 
  66      DA12
  67 023e 6B11889B 		.ascii	"k\021\210\233\355\035\255\211o\247\372\031\260"
  67      ED1DAD89 
  67      6FA7FA19 
  67      B0
  68              		.text
  69              		.section	.gnu.lto_nvicDisableVector.ba5f3390a2b3506b,"",%progbits
  70 0000 789C9552 		.ascii	"x\234\225RKkSQ\020\236\357\314}\244M\233\265`\320.\204"
  70      4B6B5351 
  70      109EEFCC 
  70      7DA44D9B 
  70      B560D02E 
  71 0015 520AB9E4 		.ascii	"R\012\271\344'\210\340\256\033\377\201d\243`\023i\245"
  71      2788E0AE 
  71      1BFF8164 
  71      A3601369 
  71      A5
  72 0026 B8EB49D2 		.ascii	"\270\353I\322&\255fQh\033%\\\344\026#\342BkI\253\246"
  72      26AD6651 
  72      681B255C 
  72      E41623E2 
  72      426B49AB 
  73 003b BEAE292E 		.ascii	"\276\256).\304\027\026\361\007\330\342\023\212\026\027"
  73      C41716F1 
  73      07D8E213 
  73      8A1617
  74 004a 2EFA70CE 		.ascii	".\372p\316\275\012\202+\207{\316\235\2313\337|sf\216"
  74      BD0A822B 
  74      877BCE9D 
  74      9933DF7C 
  74      73668E
  75 005d 4344238A 		.ascii	"CD#\212\310\223\377AY`\202\232yETL(\300(:\001\032W\030"
  75      C893FF41 
  75      5960829A 
  75      7945544C 
  75      28C0283A 
  76 0075 478DE718 		.ascii	"G\215\347\030\235\352\207\266\032\270\256E\302K\015"
  76      9DEA87B6 
  76      1AB8AE45 
  76      C24B0D
  77 0084 A7A2270F 		.ascii	"\247\242'\017\370LT\227e\004-\014H\324\233\211\333>"
  77      F84C5497 
  77      65042D0C 
  77      48D49B89 
  77      DB3E
  78 0096 5F649F01 		.ascii	"_d\237\001K\314\357/\033\033)c*\364\211\271\253\347"
  78      4BCCEF2F 
  78      1B1B2963 
  78      2AF489B9 
  78      ABE7
  79 00a8 EA29CE80 		.ascii	"\352)\316\200D\337|~u\306\355\277\246uI\207/\232\254"
  79      44DF7C7E 
  79      75C6EDBF 
  79      A6754987 
  79      2F9AAC
  80 00bb 8FF8CCB8 		.ascii	"\217\370\314\270\003\226\204XA\032\313H\223\270\010"
ARM GAS  /var/folders/qd/4mxf5pkd0zdf0b9dd1hp39180000gn/T//ccqWXs8V.s 			page 6


  80      03968458 
  80      411ACB48 
  80      93B808
  81 00ca 77D16FE2 		.ascii	"w\321o\342\337/\355\315\367:VL\210{p\010\242,\256\333"
  81      DF2FEDCD 
  81      F73A564C 
  81      887B7008 
  81      A22CAEDB 
  82 00de A1DEDBAF 		.ascii	"\241\336\333\257\352p\263\211\326\361.\010\306R\262"
  82      EA70B389 
  82      D6F12E08 
  82      C652B2
  83 00ed D96C34CB 		.ascii	"\331l4\313l6\242\0344%H\271\227\016i\232\225\321\312"
  83      6C36A21C 
  83      342548B9 
  83      970E699A 
  83      95D1CA
  84 0100 217D4179 		.ascii	"!}Ay\247\262\273\024(\223\261\301h\260-\\\263\315[\355"
  84      A7B2BB14 
  84      2893B1C1 
  84      68B02D5C 
  84      B3CD5BED 
  85 0114 5E53B685 		.ascii	"^S\266\205\303hK!\022\366\255r\303\215\203\024\006\323"
  85      C3684B21 
  85      12F6AD72 
  85      C38D8314 
  85      06D3
  86 0126 126A9CDB 		.ascii	"\022j\234\333\225i;vr\214|\326\\\335\3511H\0336V#di"
  86      95693B76 
  86      728C7CD6 
  86      5CDDE931 
  86      481B3656 
  87 013d BBFA0769 		.ascii	"\273\372\007i\011X<\235\267\027>G0\001\324';\257]\003"
  87      09583C9D 
  87      B7173E47 
  87      3001D427 
  87      3BAF5D03 
  88 0151 70A2AE2C 		.ascii	"p\242\256,/l\375\354\211M\335)\353\224\270Z_g7\334\000"
  88      2F6CFDEC 
  88      894DDD29 
  88      EB94B85A 
  88      5F6737DC 
  89 0166 578AD2F9 		.ascii	"W\212\322\371\340\220\317.\036H{\356Kn\003xZ+.t{7\365"
  89      E090CF2E 
  89      1E487BEE 
  89      4B6E0378 
  89      5A2B2E74 
  90 017d 4451F7F9 		.ascii	"DQ\367\371\234\300C\004\230\217f\"\207\357\326WZ\251"
  90      9CC04304 
  90      988F6622 
  90      87EFD657 
  90      5AA9
  91 018f ECA2390C 		.ascii	"\354\2429\014\306|\356\302#xRj4\257\307\310JA\246\232"
  91      C67CEEC2 
  91      2378526A 
  91      34AFC7C8 
  91      4A41A69A 
ARM GAS  /var/folders/qd/4mxf5pkd0zdf0b9dd1hp39180000gn/T//ccqWXs8V.s 			page 7


  92 01a3 1F9F2EAF 		.ascii	"\037\237.\257%\177\227\363?d\335\010#2\374K\226\367"
  92      257F97F3 
  92      3F64DD08 
  92      2332FC4B 
  92      96F7
  93 01b5 39892786 		.ascii	"9\211'\206\314\216\310:\310\376}\327$\010k\222s\013"
  93      CC8EC83A 
  93      C8FE7DD7 
  93      24086B92 
  93      730B
  94 01c7 A5E0630D 		.ascii	"\245\340c\015\3214\215LI.\231\213\274\312\301L\306\213"
  94      D1348D4C 
  94      492E998B 
  94      BCCAC14C 
  94      C68B
  95 01d9 BFC2A877 		.ascii	"\277\302\250w\352\344\031\357la\344\334\250\227+\014"
  95      EAE419EF 
  95      6C61E4DC 
  95      A8972B0C 
  96 01e9 0F17F2DE 		.ascii	"\017\027\362\336\321\023C\307\206\316{\371\261\323\271"
  96      D11343C7 
  96      86CE7BF9 
  96      B1D3B9
  97 01f8 4C8E90FF 		.ascii	"L\216\220\377\005D\312\324\370"
  97      0544CAD4 
  97      F8
  98              		.text
  99              		.section	.gnu.lto_nvicSetSystemHandlerPriority.ba5f3390a2b3506b,"",%progbits
 100 0000 789C6D51 		.ascii	"x\234mQ\315KTQ\024?\277{\336{\363\012\262\255\224\013"
 100      CD4B5451 
 100      143FBF7B 
 100      DE7BF30A 
 100      B2AD940B 
 101 0014 17C120C1 		.ascii	"\027\301 \301<\334\264h\027m\332\270\361?\220IP\320"
 101      3CDCB468 
 101      176DDAB8 
 101      F13F9049 
 101      50D0
 102 0026 79328AB4 		.ascii	"y2\212\264\363\316\214:f\005\242\243\306\360\210\267"
 102      F3CE8C3A 
 102      6605A2A3 
 102      C6F088B7 
 103 0036 1195080B 		.ascii	"\021\225\010\013\263\032\035\3551\2536}8D\220\320\242"
 103      B31A1DED 
 103      31AB367D 
 103      384490D0 
 103      A2
 104 0047 0F14268A 		.ascii	"\017\024&\212>\\\264\262\316}N\320\242\313\3758_\277"
 104      3E5CB4B2 
 104      CE7D4ED0 
 104      A2CBFD38 
 104      5FBF
 105 0059 737FE71C 		.ascii	"s\177\347\034\207\210~\202\350\242\274g\345\200\011"
 105      87887E82 
 105      E8A2BC67 
 105      E58009
 106 0068 6AE60551 		.ascii	"j\346\005Q\316U\200\021\264\013\032S\030\303M.1j\305"
ARM GAS  /var/folders/qd/4mxf5pkd0zdf0b9dd1hp39180000gn/T//ccqWXs8V.s 			page 8


 106      CE558011 
 106      B40B1A53 
 106      18C34D2E 
 106      316AC5
 107 007b FD8AEA58 		.ascii	"\375\212\352X\326\262\242\305\2723\251'Z\003&Z\220c"
 107      D6B2A2C5 
 107      BA33A927 
 107      5A03265A 
 107      9063
 108 008d 16D6D121 		.ascii	"\026\326\321!Q\273\343\367\003\276\301\001\003\226\250"
 108      51BBE3F7 
 108      03BEC101 
 108      0396A8
 109 009c DF9F973F 		.ascii	"\337\237\227?\266\030U\241]\324\302\334N\325\345\024"
 109      B61855A1 
 109      5DD4C2DC 
 109      4ED5E514 
 110 00ac 48E4FAFA 		.ascii	"H\344\372\372\355+\311%\255\363:\372\264\304\372\\\300"
 110      ED2BC925 
 110      ADF33AFA 
 110      B4C4FA5C 
 110      C0
 111 00bd 8C4760C9 		.ascii	"\214G`\311\207\015\264\341!\332HL\204\307HJ\364\335"
 111      870DB4E1 
 111      21DA484C 
 111      84C7484A 
 111      F4DD
 112 00cf FCC117E6 		.ascii	"\374\301\027\346\0131\362\303\263\367%\273\011=\\nB"
 112      0B31F2C3 
 112      B3F725BB 
 112      093D5C6E 
 112      42
 113 00e0 9FFC075A 		.ascii	"\237\374\007ZA2\216\177p4\177\312\261\302\277l\261\011"
 113      41328E7F 
 113      70347FCA 
 113      B1C2BF6C 
 113      B109
 114 00f2 87A4725A 		.ascii	"\207\244rZ\253\333\221>\372]\024\006\255{\237\335\004"
 114      ABDB913E 
 114      FA5D1406 
 114      AD7B9FDD 
 114      04
 115 0103 04662973 		.ascii	"\004f)s\011}\001\3330\277\023M\011J\032\242#\272\316"
 115      097D01DB 
 115      30BF134D 
 115      094A1AA2 
 115      23BACE
 116 0116 CA488588 		.ascii	"\312H\205\210\032\310\377(\276\333\250\302d+3\312\362"
 116      1AC8FF28 
 116      BEDBA8C2 
 116      642B33CA 
 116      F2
 117 0127 6103856F 		.ascii	"a\003\205o\223M\203\022\333\277\375\260aaK\2105P{=\375"
 117      934D8312 
 117      DBBFFDB0 
 117      61614B88 
 117      35507B3D 
ARM GAS  /var/folders/qd/4mxf5pkd0zdf0b9dd1hp39180000gn/T//ccqWXs8V.s 			page 9


 118 013c D63641E2 		.ascii	"\3266A\342^\230\250\275L\030\267\023W\226\253TK\366"
 118      5E98A8BD 
 118      4C18B713 
 118      5796AB54 
 118      4BF6
 119 014e B1AAF70A 		.ascii	"\261\252\367\012\272EL\215\335\303Wv\210;9\351{x&\340"
 119      BA454C8D 
 119      DDC35776 
 119      883B39E9 
 119      7B7826E0 
 120 0162 04B6A5C4 		.ascii	"\004\266\245\304\252d2\200\331\351\325\325\223\336="
 120      AA643280 
 120      D9E9D5D5 
 120      93DE3D
 121 0171 3D9ED3ED 		.ascii	"=\236\323\355\001\273\330A\210\371x\"\342|\263\362k"
 121      01BBD841 
 121      88F97822 
 121      E27CB3F2 
 121      6B
 122 0182 F174E79A 		.ascii	"\361t\347\232q\206\231\200O\340)\2742\333\361\264\""
 122      71869980 
 122      4FE029BC 
 122      32DBF1B4 
 122      22
 123 0193 740A47FA 		.ascii	"t\012G\372\212|\270u+\246\034Oq\212a\352SD\347S)\357"
 123      8A7CB875 
 123      2BA61C4F 
 123      718A61EA 
 123      5344E753 
 124 01a9 78FBC35E 		.ascii	"x\373\303^_\317\2007\344gG\206\275\264?8\350g\274K\335"
 124      5FCF8037 
 124      E4674786 
 124      BDB43F38 
 124      E867BC4B 
 125 01be 5D97BBAE 		.ascii	"]\227\273\256y\231\321\376t*M\211\276\236\314\325\201"
 125      7999D1FE 
 125      742A4D89 
 125      BE9ECCD5 
 125      81
 126 01cf DEAC3594 		.ascii	"\336\2545\224\355\367\377\000%\355\2619"
 126      EDF7FF00 
 126      25EDB139 
 127              		.text
 128              		.section	.gnu.lto_nvicClearPending.ba5f3390a2b3506b,"",%progbits
 129 0000 789C3551 		.ascii	"x\2345Q\317KTQ\024>\337=\357\307\024:\353\240\241\\"
 129      CF4B5451 
 129      143EDF3D 
 129      EFC7143A 
 129      EBA0A15C 
 130 0014 0422C25C 		.ascii	"\004\"\302\\\374\023\302E+7\375\0071\033\203\234\211"
 130      FC13C245 
 130      2B37FD07 
 130      311B839C 
 130      89
 131 0025 0C69E79D 		.ascii	"\014i\347\235\031\235\321\2240\324\011\206\207<q\"Z"
 131      199DD194 
 131      30D40986 
ARM GAS  /var/folders/qd/4mxf5pkd0zdf0b9dd1hp39180000gn/T//ccqWXs8V.s 			page 10


 131      873C7122 
 131      5A
 132 0036 94C56836 		.ascii	"\224\305h6\366\3531\344B\242\"\211V\2552\004\013$\005"
 132      F6EB31E4 
 132      42A22289 
 132      56AD3204 
 132      0B2405
 133 0049 2142AD73 		.ascii	"!B\255s\337\243\303\375q\316\271\347;\367\273\337\365"
 133      DFA3C3FD 
 133      71CEB9E7 
 133      3BF7BBDF 
 133      F5
 134 005a 88E81044 		.ascii	"\210\350\020DZ\366\2632\301\0045\363\201\250\230R\200"
 134      5AF6B332 
 134      C10435F3 
 134      81A89852 
 134      80
 135 006b 754C0A34 		.ascii	"uL\0124\2520\212i\236c\264\253;-\325\363\300\210E\367"
 135      AA308A69 
 135      9E63B4AB 
 135      3B2DD5F3 
 135      C08845F7 
 136 007f FE781533 		.ascii	"\376x\0253~&`\242\232Lkh\242G\252>\215=\011x\212\003"
 136      7E2660A2 
 136      9A4C6B68 
 136      A247AA3E 
 136      8D3D0978 
 137 0095 061C09F7 		.ascii	"\006\034\011\367\337\327\267\3236T\350\222\360\330\314"
 137      DFD7B7D3 
 137      3654E892 
 137      F0D8CC
 138 00a4 D5D29C05 		.ascii	"\325\322\234\005\211\377\375\335\322\214\337}\337\230"
 138      89FFFDDD 
 138      D28CDF7D 
 138      DF98
 139 00b2 9289DE36 		.ascii	"\222\211\3366\330\\\010\230\361\014,\015\261\212\014"
 139      D85C0898 
 139      F10C2C0D 
 139      B18A0C
 140 00c1 56902149 		.ascii	"V\220!I\021\326\320m\353\277==\231\357\364\234\344B"
 140      11D6D06D 
 140      EBBF3D3D 
 140      99EFF49C 
 140      E442
 141 00d3 3C874742 		.ascii	"<\207GB\236\226\267\334\310\234\374\255\232\350k\003"
 141      9E96B7DC 
 141      C89CFCAD 
 141      9AE86B03 
 142 00e3 772F09E3 		.ascii	"w/\011\343\200\035%\213\313\326s\354\342\"\356A\023"
 142      801D258B 
 142      CBD673EC 
 142      E222EE41 
 142      13
 143 00f4 82947799 		.ascii	"\202\224w\231\210&YY\257\034\321\017\224\217*\307k\241"
 143      88265959 
 143      AF1CD10F 
 143      948F2AC7 
ARM GAS  /var/folders/qd/4mxf5pkd0zdf0b9dd1hp39180000gn/T//ccqWXs8V.s 			page 11


 143      6BA1
 144 0106 B21DEB8C 		.ascii	"\262\035\353\214:\273r\327l\343q\253\323\322vp\036-"
 144      3ABB72D7 
 144      6CE371AB 
 144      D3D27670 
 144      1E2D
 145 0118 212265BF 		.ascii	"!\"e\277*\017\375\244H\2417#\2456yP\231t\223$'\310\315"
 145      2A0FFDA4 
 145      48A13723 
 145      A5367950 
 145      99749324 
 146 012f C6FA5187 		.ascii	"\306\372Q\207E\272p\261\036#K\007\325\377HG\300\222"
 146      45BA70B1 
 146      1E234B07 
 146      D5FF4847 
 146      C092
 147 0141 697FBEBD 		.ascii	"i\177\276\275\033\303\004P\033o\177\364-\300\213UYY"
 147      1BC30450 
 147      1B6F7FF4 
 147      2DC08B55 
 147      5959
 148 0153 DCFBDD91 		.ascii	"\334\373\335\221\204\246]6iI5\177\316n\373!\026\212"
 148      84A65D36 
 148      6949357F 
 148      CE6EFB21 
 148      168A
 149 0165 A27C782E 		.ascii	"\242|x.`\037/E\236\027\322\333\0026\246\213\213\247"
 149      601F2F45 
 149      9E17D2DB 
 149      0236A68B 
 149      8BA7
 150 0177 F5233356 		.ascii	"\365#3V4]\001\247\360\012!\346\343?\221\303/[\253\315"
 150      345D01A7 
 150      F00A21E6 
 150      E33F91C3 
 150      2F5BABCD 
 151 018b 74DFB23D 		.ascii	"t\337\262=\014G\002>\205\327\320B5\376\2577\350\023"
 151      0C47023E 
 151      85D7D042 
 151      35FEAF37 
 151      E813
 152 019d 42B48752 		.ascii	"B\264\207R\270t\007\261\240\326&\344a\"\215\"\352\315"
 152      B87407B1 
 152      A0D626E4 
 152      61228D22 
 152      EACD
 153 01af 6675320A 		.ascii	"fu2\012\303z\360\3125}\275p\343\346\260\316\025\206"
 153      C37AF0CA 
 153      357DBD70 
 153      E3E6B0CE 
 153      1586
 154 01c1 860A797D 		.ascii	"\206\012y}\361\362@\377\300-\235\037\271\232\313\346"
 154      F1F240FF 
 154      C02D9D1F 
 154      B99ACBE6 
 155 01d1 08F97F0B 		.ascii	"\010\371\177\013\343\254\267"
 155      E3ACB7
ARM GAS  /var/folders/qd/4mxf5pkd0zdf0b9dd1hp39180000gn/T//ccqWXs8V.s 			page 12


 156              		.text
 157              		.section	.gnu.lto_.symbol_nodes.ba5f3390a2b3506b,"",%progbits
 158 0000 789C6363 		.ascii	"x\234cc``\360\002b\006\246\026\246z\006\206\011\347"
 158      6060F002 
 158      6206A616 
 158      A67A0686 
 158      09E7
 159 0012 181880D4 		.ascii	"\030\030\200\324\256\006G\240H+S=#\252H\033S=\023\252"
 159      AE0647A0 
 159      482B533D 
 159      23AA481B 
 159      533D13AA 
 160 0026 483B533D 		.ascii	"H;S=3\212\010\003\000\255\216\021\331"
 160      338A0803 
 160      00AD8E11 
 160      D9
 161              		.text
 162              		.section	.gnu.lto_.refs.ba5f3390a2b3506b,"",%progbits
 163 0000 789C6363 		.ascii	"x\234cc```\004b\006\000\000D\000\010"
 163      60606004 
 163      62060000 
 163      440008
 164              		.text
 165              		.section	.gnu.lto_.decls.ba5f3390a2b3506b,"",%progbits
 166 0000 789CC559 		.ascii	"x\234\305YkTT\327\025\236s\317\000\303\333\"\253\261"
 166      6B5454D7 
 166      159E73CF 
 166      00C3DB22 
 166      ABB1
 167 0012 2D5D4D5D 		.ascii	"-]M]f\205\266\201Q\3630\277\332\220\021+?LY\203q5\311"
 167      6685B681 
 167      51F330BF 
 167      DA90112B 
 167      3F4C5983 
 168 0029 6A260427 		.ascii	"j&\004'\221\224W\001\273\342\257^\004#\212\032P\202"
 168      91945701 
 168      BBE2AF5E 
 168      04238A1A 
 168      5082
 169 003b 8A189E3E 		.ascii	"\212\030\236>A\205\250\240\"\012(o\001\003\242\"\217"
 169      4185A8A0 
 169      220A286F 
 169      0103A222 
 169      8F
 170 004c 41044444 		.ascii	"A\004DD\344\241\"\210\322}\036w\346ral~t\265w\271\347"
 170      E4A12288 
 170      D27D1E77 
 170      E672616C 
 170      7E74B577 
 171 0062 CE3EE73B 		.ascii	"\316>\347;\373|g\357s\366\331\203\266*\225*\360\027"
 171      FB7C67EF 
 171      73F6D983 
 171      B62A952A 
 171      F017
 172 0074 2A953356 		.ascii	"*\2253V\2512\220J5\015\217\015\264\225\201\200\252*"
 172      A932904A 
 172      350D8F0D 
ARM GAS  /var/folders/qd/4mxf5pkd0zdf0b9dd1hp39180000gn/T//ccqWXs8V.s 			page 13


 172      B4958180 
 172      AA2A
 173 0086 51B1470D 		.ascii	"Q\261G\015R\005R\007R\017\322\250\232\375|\013\003\\"
 173      52055207 
 173      520FD2A8 
 173      9AFD7C0B 
 173      035C
 174 0098 E0FD1988 		.ascii	"\340\375\031\210\033\210;\037\357\001\362:\310\307 "
 174      1B883B1F 
 174      EF01F23A 
 174      C8C720
 175 00a7 1F81FC16 		.ascii	"\037\201\374\026p\277\001\351\207\357wA\236\202\214"
 175      70BF01E9 
 175      87EF7741 
 175      9E828C
 176 00b6 830005D5 		.ascii	"\203\000\005\325<h\367\000qEl\376\2529\346\331\015\035"
 176      3C68F700 
 176      71456CFE 
 176      AA39E6D9 
 176      0D1D
 177 00c8 4E73CC23 		.ascii	"Ns\314#\315!\331\227\354J\363\010 \363\021\233\003\361"
 177      CD21D997 
 177      EC4AF308 
 177      20F3119B 
 177      03F1
 178 00da B5289F7D 		.ascii	"\265(\237}\320\341`e\015\204{$\364G\200|\200\230Mb\347"
 178      D0E16065 
 178      0D847B24 
 178      F447807C 
 178      80984D62 
 179 00ef 236EAF9E 		.ascii	"#n\257\236\3531h\246\315t+6\255\361%\303=\270\315\271"
 179      EB3168A6 
 179      CD742B36 
 179      ADF125C3 
 179      3DB8CDB9 
 180 0103 FC9C8C51 		.ascii	"\374\234\214QG\365\221\\\234\200\321\353\016\210D\314"
 180      47F5915C 
 180      9C80D1EB 
 180      0E8844CC 
 181 0113 159A4E0C 		.ascii	"\025\232N\014\236\235pfM\004\321T\226\354\214\005\372"
 181      9E9D7066 
 181      4D04D154 
 181      96EC8C05 
 181      FA
 182 0124 B52B2FAE 		.ascii	"\265+/\256\327\336;Od\217\346o*t\032a\311R\323\267\243"
 182      D7DE3B4F 
 182      648FE66F 
 182      2A741A61 
 182      C952D3B7 
 183 0139 3976F81D 		.ascii	"9v\370\035\012\3741.?\215Xus@jPG\352S\357\270\200\352"
 183      0AFC312E 
 183      3F8D5875 
 183      73406A50 
 183      47EA53EF 
 184 0150 EE805E4D 		.ascii	"\356\200^M\306\202\251\365Y\273\013r\360\214\027\305"
 184      C682A9F5 
 184      59BB0B72 
ARM GAS  /var/folders/qd/4mxf5pkd0zdf0b9dd1hp39180000gn/T//ccqWXs8V.s 			page 14


 184      F08C17C5 
 185 0160 8D6246AC 		.ascii	"\215bF\254h\277R\205\316\"\017t\006y\250P1\362$3\027"
 185      68BF5285 
 185      CE220F74 
 185      0679A850 
 185      31F22433 
 186 0175 226F153A 		.ascii	"\"o\025:\005\215'\241\361 \231\256\264q\317\037\367"
 186      058D27A1 
 186      F12099AE 
 186      B471CF1F 
 186      F7
 187 0186 8E8AE2AB 		.ascii	"\216\212\342\253\350\034r@E\010S\014,\356u\007F\340"
 187      E81C7240 
 187      4508530C 
 187      2CEE7507 
 187      46E0
 188 0198 484E5296 		.ascii	"HNR\226-nA\204\201P\274\257\267B\2606\307\005\253s\214"
 188      2D6E4184 
 188      8150BCAF 
 188      B742B036 
 188      C705AB73 
 189 01ad 172FACDC 		.ascii	"\027/\254\334$\212\002*\2019\316[\346\200)\311\013Z"
 189      248A022A 
 189      8139CE5B 
 189      E68029C9 
 189      0B5A
 190 01bf 61A27365 		.ascii	"a\242se%\027\035M\250\003\301>@\363\350\372\021b\237"
 190      25171D4D 
 190      A803C13E 
 190      40F3E8FA 
 190      11629F
 191 01d2 F02642F5 		.ascii	"\360&B\365i\351A\254\035Z\005\366\342P\242HC\220\271"
 191      69E941AC 
 191      1D5A05F6 
 191      E250A248 
 191      4390B9
 192 01e5 45E03604 		.ascii	"E\3406\004\311.\375\307\015 \271U\326\317\246\223\036"
 192      C92EFDC7 
 192      0D20B955 
 192      D6CFA693 
 192      1E
 193 01f6 1675F645 		.ascii	"\026u\366E6\2165\011\226\311dCfqU\231\273\315\244,\213"
 193      368E3509 
 193      96C96443 
 193      66715599 
 193      BBCDA42C 
 194 020b 443CDC2D 		.ascii	"D<\334-\203\333\216;u\241N\350\205\355\234\250\011\245"
 194      83DB8E3B 
 194      75A14EE8 
 194      85ED9CA8 
 194      09A5
 195 021d 81DF77AD 		.ascii	"\201\337w\255;[\300w\331v\251:|\272\014\251\005\346"
 195      3B5BC077 
 195      D976A93A 
 195      7CBA0CA9 
 195      05E6
 196 022f 3714A626 		.ascii	"7\024\246&mu\343\207.\252\315m\345\2106VL\217\227\272"
ARM GAS  /var/folders/qd/4mxf5pkd0zdf0b9dd1hp39180000gn/T//ccqWXs8V.s 			page 15


 196      6D75E387 
 196      2EAACD6D 
 196      E5883656 
 196      4C8F97BA 
 197 0243 B2ED2290 		.ascii	"\262\355\"\220\2354|e\277#\333.\363\310\356\271\320"
 197      9D347C65 
 197      BF23DB2E 
 197      F3C8EEB9 
 197      D0
 198 0254 99222C48 		.ascii	"\231\",H!\361I\214\025\347\011\350\263\237\243\012\210"
 198      21F1498C 
 198      15E709E8 
 198      B39FA30A 
 198      88
 199 0265 DA65889A 		.ascii	"\332e\210\232\012U\242\005\360y\011\251\031\255\202"
 199      0A55A205 
 199      F07909A9 
 199      19AD82
 200 0274 84E79B35 		.ascii	"\204\347\2335\0133\304\214.\261\264\312\264\350\356"
 200      0B33C48C 
 200      2EB1B4CA 
 200      B4E8EE
 201 0283 29518478 		.ascii	")Q\204x\212j\202Ce\226\200\226\221\215\213JQ\027B\027"
 201      8A6A8243 
 201      65968096 
 201      918D8B4A 
 201      51174217 
 202 0297 91091651 		.ascii	"\221\011\026Q\205\026\222Uu\226\014c\234\203\255\362"
 202      85169255 
 202      75960C63 
 202      9C83ADF2 
 203 02a7 DFDD9C75 		.ascii	"\337\335\234u\316\331*\231ZJ\246F\"3\335Z\326\357\302"
 203      CED92A99 
 203      5A4AA646 
 203      2233DD5A 
 203      D6EFC2
 204 02ba C90C2C48 		.ascii	"\311\014,H\025K7\212do\001\012U[\250T+\251\324Q*\005"
 204      154B378A 
 204      646F010A 
 204      555BA854 
 204      2BA9D451 
 205 02d0 4FEFC762 		.ascii	"O\357\307b\\\310\250\354\212KJ\266\347\226j\177i\266"
 205      5CC8A8EC 
 205      8A4B4AB6 
 205      E7966A7F 
 205      69B6
 206 02e2 441675C5 		.ascii	"D\026u\305b\351\212\322R=\265Trh\267\037nf\206F\316"
 206      62E98AD2 
 206      523DB554 
 206      7268B71F 
 206      6E668646 
 207 02f7 C7FC5562 		.ascii	"\307\374Ub\364\253\031\214\032,v\032\224v\032\251\235"
 207      F4AB198C 
 207      1A2C761A 
 207      94761AA9 
 207      9D
 208 0308 BC96F462 		.ascii	"\274\226\364b'\026&\321\203\330*\333|\212\353\303v\240"
ARM GAS  /var/folders/qd/4mxf5pkd0zdf0b9dd1hp39180000gn/T//ccqWXs8V.s 			page 16


 208      271626D1 
 208      83D82ADB 
 208      7C8AEBC3 
 208      76A0
 209 031a 271FBB53 		.ascii	"'\037\273S\204\230\236\350\016z\177\313\241Tg\026G1"
 209      84989EE8 
 209      0E7A7FCB 
 209      A1546716 
 209      4731
 210 032c 1341C3FE 		.ascii	"\023A\303\376\251\25185\356aLn_\177Q\307sD\254\015\331"
 210      A9A93835 
 210      EE614C6E 
 210      5F7F51C7 
 210      7344AC0D 
 211 0341 19BDEDDF 		.ascii	"\031\275\355\3379;\304\023\317\322\363J:\244\023\253"
 211      393BC413 
 211      CFD2F34A 
 211      3AA413AB 
 212 0351 42D7C901 		.ascii	"B\327\311\001DZ\017\324\002*\240sS\262Nc\267D\032\007"
 212      445A0FD4 
 212      022AA073 
 212      53B24E63 
 212      B7441A07 
 213 0365 517C4F4D 		.ascii	"Q|OMC\324\014\360&\012\277\201\334\244A\004\335s\240"
 213      43D40CF0 
 213      260ABF81 
 213      DCA44104 
 213      DD73A0
 214 0378 27C39E33 		.ascii	"'\303\2363\267\005\375\233\244\356l\027\316\234\020"
 214      B705FD9B 
 214      A4EE6C17 
 214      CE9C10
 215 0387 BB9AB46D 		.ascii	"\273\232\264m\227\2323%)p\307\215\244?\341!\306\363"
 215      979A3325 
 215      2970C78D 
 215      A43FE121 
 215      C6F3
 216 0399 66C1AE7C 		.ascii	"f\301\256|\033\206}H\260\347R\257\247:Z\345\331!\361"
 216      1B867D48 
 216      B0E752AF 
 216      A73A5AE5 
 216      D921F1
 217 03ac 6C673C4F 		.ascii	"lg<Ol\3529\242\201\321\036\220_\221,\271z\260\344z\252"
 217      6CEA39A2 
 217      81D11E90 
 217      5F912CB9 
 217      7AB0E47A 
 218 03c1 74EC981A 		.ascii	"t\354\230\032\217\320\231\204\202c=_!O\007)\333yo\332"
 218      8FD09984 
 218      82633D5F 
 218      214F0729 
 218      DB796FDA 
 219 03d5 4C62D30D 		.ascii	"Lb\323\015\013\353\262\304\306\203,\211f51[\304\013"
 219      0BEBB2C4 
 219      C6832C89 
 219      6635315B 
 219      C40B
ARM GAS  /var/folders/qd/4mxf5pkd0zdf0b9dd1hp39180000gn/T//ccqWXs8V.s 			page 17


 220 03e7 54E84D0F 		.ascii	"T\350M\017\264\030r\332m\310i\036<\247\231\200N'\233"
 220      B41872DA 
 220      6DC8691E 
 220      3CA79980 
 220      4E279B
 221 03fa FF48FAE1 		.ascii	"\377H\372\341\313\316\370\031\233\240\363\330\303\006"
 221      CBCEF819 
 221      9BA0F3D8 
 221      C306
 222 0408 6C9E0172 		.ascii	"l\236\001r\335I\232\353za\206;\226\031\272\221\225)"
 222      DD499AEB 
 222      7A61863B 
 222      9619BA91 
 222      9529
 223 041a 7AE69EA2 		.ascii	"z\346\236\242\305\224\322\346h\011\005\242\366nA\177"
 223      C594D2E6 
 223      680905A2 
 223      F66E417F 
 224 042a 2BF5481F 		.ascii	"+\365H\037\015E\207\024\212\215\227\267\334G\304}\261"
 224      0D458714 
 224      8A8D97B7 
 224      DC47C47D 
 224      B1
 225 043b 3FCDFA9E 		.ascii	"?\315\372\236\212\211\207j\271\365\273/\263^hJ\336\302"
 225      8A89876A 
 225      B9F5BB2F 
 225      B35E684A 
 225      DEC2
 226 044d B76406B9 		.ascii	"\267d\006\271y\316u\214\224:2\275\213\270\177bpO\213"
 226      79CE758C 
 226      943A32BD 
 226      8BB87F62 
 226      704F8B
 227 0460 8607DA05 		.ascii	"\206\007\332\005\364Kci#N8VM\203Q\336V\022\317#\275"
 227      F44B6369 
 227      234E3856 
 227      4D8351DE 
 227      5612CF23 
 228 0475 0CD42B3B 		.ascii	"\014\324+;\316\366Z\337\220CR\240\0370\236/2\322\256"
 228      CEF65ADF 
 228      904352A0 
 228      1F309E2F 
 228      32D2AE
 229 0488 0BCA0D79 		.ascii	"\013\312\015y\037\340\003\024\376\220\362\034\222x\356"
 229      1FE00314 
 229      FE90F21C 
 229      9278EE
 230 0497 7E30F14B 		.ascii	"~0\361K\276\037\345\027\244\033\275 \321\361\376\213"
 230      BE1FE517 
 230      A41BBD20 
 230      D1F1FE8B 
 231 04a7 690E9C25 		.ascii	"i\016\234%I\210\227\232\367\345\332\341\355\214\345"
 231      4988979A 
 231      F7E5DAE1 
 231      ED8CE5
 232 04b6 A3AD9BC6 		.ascii	"\243\255\233\306\371\271!\207\256\247v\364\007\027\253"
 232      F9B92187 
ARM GAS  /var/folders/qd/4mxf5pkd0zdf0b9dd1hp39180000gn/T//ccqWXs8V.s 			page 18


 232      AEA776F4 
 232      0717AB
 233 04c5 2C1F4B2C 		.ascii	",\037K,\0371\226i\003c\323.J\226\243\000\037\241\360"
 233      1F319669 
 233      0363D32E 
 233      4A96A300 
 233      1FA1F0
 234 04d8 2794E563 		.ascii	"'\224\345c\211\345\236\246\002_\026\252\237r\203\302"
 234      89E59EA6 
 234      025F16AA 
 234      9F7283C2 
 235 04e8 80E60B93 		.ascii	"\200\346\013\223\215\256r\363\343/3?^\370\254\215\257"
 235      8DAE72F3 
 235      E32F333F 
 235      5EF8AC8D 
 235      AF
 236 04f9 3A0393AD 		.ascii	":\003\223\255Q\334\232\304\257\201.\371\251u\347\247"
 236      51DC9AC4 
 236      AF812EF9 
 236      A975E7A7 
 237 0509 36A63F7F 		.ascii	"6\246?\1773\306;\231\033\306vo\332\242a\340W@\315<1"
 237      33C63B99 
 237      1BC6766F 
 237      DAA261E0 
 237      5740CD3C 
 238 051e 34A8B1EA 		.ascii	"4\250\261\352\206\027\222\033\2363\236\317\313MY\256"
 238      8617921B 
 238      9E339ECF 
 238      CB4D59AE 
 239 052e 4A373C03 		.ascii	"J7<\003\370$\205OS\236/$\236\247JF\016H\331\203\360"
 239      F824854F 
 239      539E2F24 
 239      9EA74A46 
 239      0E48D983 
 240 0543 ECCDEDCE 		.ascii	"\354\315\355\316v\300i\214\307\321\322\204j\036\216"
 240      76C0698C 
 240      C7D1D284 
 240      6A1E8E
 241 0552 0C12ABE9 		.ascii	"\014\022\253\351}\303\373\235p&\353\224\002\351\306"
 241      7DC3FB9D 
 241      7026EB94 
 241      02E9C6
 242 0561 03D978AF 		.ascii	"\003\331x\257\260@\300\271\254\363\271)1\321\216\217"
 242      B040C0B9 
 242      ACF3B929 
 242      31D18E8F 
 243 0571 247BD3D4 		.ascii	"${\323\324\332R\340\204\363Yga_M\2454\222tn9\321\235"
 243      DA52E084 
 243      F3596761 
 243      5F4DA534 
 243      92746E39 
 244 0587 6083CFB2 		.ascii	"`\203\317\262\316\333\035w\267\272\340\013L\251\252"
 244      CEDB1D77 
 244      B7BAE00B 
 244      4CA9AA
 245 0596 DCF815AE 		.ascii	"\334\370\025\256f\337\353\356\304\275\301\006\305\221"
 245      66DFEBEE 
ARM GAS  /var/folders/qd/4mxf5pkd0zdf0b9dd1hp39180000gn/T//ccqWXs8V.s 			page 19


 245      C4BDC106 
 245      C591
 246 05a4 045D9153 		.ascii	"\004]\221S\220\216\231\0033\350\366?Y\2665\326\025\327"
 246      908E9903 
 246      33E8F63F 
 246      59B635D6 
 246      15D7
 247 05b6 53B0AB69 		.ascii	"S\260\253i2\326\344\204\026\261g\376\"O\372\316\022"
 247      32D6E484 
 247      16B167FE 
 247      224FFACE 
 247      12
 248 05c7 E362C4D2 		.ascii	"\343b\304\322\033\251\370hn-\270\262\034\241\247\310"
 248      1BA9F868 
 248      6E2DB8B2 
 248      1CA1A7C8 
 249 05d7 0D250818 		.ascii	"\015%\010\030\245\010\363\315\241\004W\202\203\226\220"
 249      A508F3CD 
 249      A1045782 
 249      839690
 250 05e6 5A960DE8 		.ascii	"Z\226\015\350\376\004>b \345\003\270\0151\260tH\321"
 250      FE043E62 
 250      20E503B8 
 250      0D31B074 
 250      48D1
 251 05f8 4D244393 		.ascii	"M$C\223\314SK\320q\230\370\031Mq\264\344}4\201\024\266"
 251      CC534BD0 
 251      7198F819 
 251      4D71B4E4 
 251      7D348114 
 252 060d 9B389A10 		.ascii	"\2338\232\020\031C\012\"\303Jt\367\307\026\364\026%"
 252      19430A22 
 252      C34A74F7 
 252      C716F416 
 252      25
 253 061e ED7841C1 		.ascii	"\355xA\301d\362c\013\223XA\301d\243\034\035\027+\226"
 253      64F2630B 
 253      935841C1 
 253      64A31C1D 
 253      172B96
 254 0631 8E7E924A 		.ascii	"\216~\222J\321dW\357\340h\363\221\270ja\222\3047\226"
 254      D16457EF 
 254      E068F391 
 254      B86A6192 
 254      C43796
 255 0644 088500DA 		.ascii	"\010\205\000\332.x\240m\324\022\201\303\211A{\004O\364"
 255      2E78A06D 
 255      D41281C3 
 255      89417B04 
 255      4FF4
 256 0656 ADB008A5 		.ascii	"\255\260\010\245\202\354\002\331\015\262\037$\031$\015"
 256      82EC02D9 
 256      0DB21F24 
 256      19240D
 257 0665 24096427 		.ascii	"$\011d'\310>\220D\220\275 \337\011\213h\015\306h\017"
 257      C83E9044 
 257      90BD20DF 
ARM GAS  /var/folders/qd/4mxf5pkd0zdf0b9dd1hp39180000gn/T//ccqWXs8V.s 			page 20


 257      098B680D 
 257      C6680F
 258 0678 C8686F56 		.ascii	"\310hoV\322\376\306B\233%\372\312[n1\300\205\240T<\311"
 258      D2FEC642 
 258      9B25FACA 
 258      5B6E31C0 
 258      85A0543C 
 259 068d 5B4C0DB5 		.ascii	"[L\015\265\271\355\024\305\352\305\344\312D\327\270"
 259      B9ED14C5 
 259      EAC5E4CA 
 259      44D7B8
 260 069c 7BA58B14 		.ascii	"{\245\213\024\375\250\014\335-\331\314[\2253\217\314"
 260      FDA80CDD 
 260      2DD9CC5B 
 260      95338FCC 
 261 06ac 42F3D041 		.ascii	"B\363\320A\366C\203\334\266\224\023\321=e\350\312e\201"
 261      F64383DC 
 261      B69413D1 
 261      3D65E8CA 
 261      6581
 262 06be 8E51864E 		.ascii	"\216Q\206N\024\024\350QY\2407)\321q\0264\311\315\327"
 262      1414E851 
 262      59A03729 
 262      D1711634 
 262      C9CDD7
 263 06d1 4D97119E 		.ascii	"M\227\021\236\242\333^\3308YPh\203\346{\316\031$8\303"
 263      A2DB5ED8 
 263      38595068 
 263      83E67BCE 
 263      192438C3 
 264 06e5 9EFF9538 		.ascii	"\236\377\22581\317\277h\323\300\357$\224\016\006\277"
 264      31CFBF68 
 264      D3C0EF24 
 264      940E06BF 
 265 06f5 17CC172C 		.ascii	"\027\314\027,\211\003\345\265\345\356d\035v\332j\376"
 265      8903E5B5 
 265      E5EE641D 
 265      76DA6AFE 
 266 0705 89428196 		.ascii	"\211B\201\226\254\225)8\321\262\033\336\244\372\252"
 266      AC952938 
 266      D1B21BDE 
 266      A4FAAA
 267 0714 AF6AE789 		.ascii	"\257j\347\211&\236\234\345\351{\255\331<+\015\323\312"
 267      269E9CE5 
 267      E97BADD9 
 267      3C2B0DD3 
 267      CA
 268 0725 6E6A7F11 		.ascii	"nj\177\021\327\335e\331\305\235g\227\301=\011\261\256"
 268      D7DD65D9 
 268      C59D6797 
 268      C13D09B1 
 268      AE
 269 0736 5613E441 		.ascii	"V\023\344A\201'\3103,A^\353\350MqR&\310\003\340\244"
 269      8127C833 
 269      2C415EEB 
 269      E84D7152 
 269      26C803E0 
ARM GAS  /var/folders/qd/4mxf5pkd0zdf0b9dd1hp39180000gn/T//ccqWXs8V.s 			page 21


 270 074b 1CEAD843 		.ascii	"\034\352\330C\202\2334\210\240O7\335xb\217\277\261\241"
 270      829B3488 
 270      A04F37DD 
 270      78628FBF 
 270      B1A1
 271 075d 39A83565 		.ascii	"9\2505e\353\240\215tk\304\377\224[#\247\257\340\241"
 271      EBA08D74 
 271      6BC4FF94 
 271      5B23A7AF 
 271      E0A1
 272 076f BD7CB223 		.ascii	"\275|\262#\302K&k\356\313\214\343W\374U\225\354\327"
 272      C24B266B 
 272      EECB8CE3 
 272      57FC5595 
 272      ECD7
 273 0781 821BFBB5 		.ascii	"\202\033\373\265 %Nw\2368\213+\233j\020N`\334\312G\363"
 273      20254E77 
 273      9E388B2B 
 273      9B6A104E 
 273      60DCCA47 
 274 0796 0FF1B124 		.ascii	"\017\361\261$\221w%^\232\266\356\223|\311''\004J\363"
 274      9177255E 
 274      9AB6EE93 
 274      7CC92727 
 274      044AF3
 275 07a9 7162FE0A 		.ascii	"qb\376\012\245K\216\001\313<\312\262\200\262\314\227"
 275      A54B8E01 
 275      CB3CCAB2 
 275      80B2CC97 
 276 07b9 58EEDD3F 		.ascii	"X\356\335?p\\P\256\311*:\241\342t%\217m5\321\373^\234"
 276      705C50AE 
 276      C92A3AA1 
 276      E274258F 
 276      6D35D1FB 
 277 07cf AC       		.ascii	"\254"
 278 07d0 B5C3898C 		.ascii	"\265\303\211\214\364\256\235Ok58\231)EC\271E\316\014"
 278      F4AE9D4F 
 278      6B353899 
 278      294543B9 
 278      45CE0C
 279 07e3 594AF4D4 		.ascii	"YJ\364\324\342G\265\274f\321\310\272\335y\367X\356\360"
 279      E247B5BC 
 279      66D1C8BA 
 279      DD79F758 
 279      EEF0
 280 07f5 015BBC87 		.ascii	"\001[\274\207\215M\032\036\335eku\271\347\244\345.\246"
 280      8D4D1A1E 
 280      DD656B75 
 280      B9E7A4E5 
 280      2EA6
 281 0807 AB2D3A9D 		.ascii	"\253-:\235\375P\243\\\356\031X@\021]@1]\3009i\001\305"
 281      FD50A35C 
 281      EE195840 
 281      115D4031 
 281      5DC03969 
 282 081d 31392D58 		.ascii	"19-X\271\\\253\350\303}i;x\030\336%e\306D\346\2003N"
 282      B95CABE8 
ARM GAS  /var/folders/qd/4mxf5pkd0zdf0b9dd1hp39180000gn/T//ccqWXs8V.s 			page 22


 282      C37D693B 
 282      7818DE25 
 282      65C644E6 
 283 0834 63241F0C 		.ascii	"c$\037\014M\235p\301\231L).:_\311W\267\230\024\375y"
 283      4D9D70C1 
 283      994C292E 
 283      3A5FC957 
 283      B79814FD 
 284 0849 650D8EF8 		.ascii	"e\015\216\370 \353\233JL?i\217\363\230\262o\254\343"
 284      20EB9B4A 
 284      4C3F698F 
 284      F398B26F 
 284      ACE3
 285 085b 1EDFFC9E 		.ascii	"\036\337\374\236$\316\331\337\357\264\307\005\254o:"
 285      24CED9DF 
 285      EFB4C705 
 285      AC6F3A
 286 086a 317EAF1D 		.ascii	"1~\257\035.dJrCr\266#.f\312P\\o\027\337:\013@}\326\237"
 286      2E644A72 
 286      4372B623 
 286      2E66CA50 
 286      5C6F17DF 
 287 0884 DCCA7FBF 		.ascii	"\334\312\177\2778\311\312\021w^\216\034\177\262c\267"
 287      38C9CA11 
 287      775E8E1C 
 287      7FB263B7 
 288 0894 232E6343 		.ascii	"#.cCo\264\306\235\345XGPc\363.\024\332Xu\355\025\311"
 288      6FB4C69D 
 288      E5584750 
 288      63F32E14 
 288      DA5875ED 
 289 08aa B5756C27 		.ascii	"\265ul'm?\236s\321VY1\327\200\267\252\251\267\352\251"
 289      6D3F9E73 
 289      D1565931 
 289      D780B7AA 
 289      A9B7EAA9 
 290 08be B7AE48DE 		.ascii	"\267\256H\336j\350KhtTV\300V\321%M\355\357\341\012F"
 290      6AE84B68 
 290      745456C0 
 290      56D1254D 
 290      EDEFE10A 
 291 08d3 F27143FB 		.ascii	"\362qC\373m\204k\230\022WWs\310\016\3273e\360H}\265"
 291      6D846B98 
 291      12575773 
 291      C80ED733 
 291      65F0487D 
 292 08e8 2D6E664A 		.ascii	"-nfJO\337\344\031\214o2\345\340`\326v{\334\301\307\364"
 292      4FDFE419 
 292      8C6F32E5 
 292      E060D676 
 292      7BDCC1C7 
 293 08fd 0C357007 		.ascii	"\0145p\007m#\207\351\331p\3415\311%d\273\015<\356\235"
 293      6D2387E9 
 293      D970E135 
 293      C92564BB 
 293      0D3CEE9D 
 294 0911 D6E03B14 		.ascii	"\326\340;\024\374JA\323\225\014{Dk\011\313\343\311\337"
ARM GAS  /var/folders/qd/4mxf5pkd0zdf0b9dd1hp39180000gn/T//ccqWXs8V.s 			page 23


 294      FC4A41D3 
 294      950C7B44 
 294      6B09CBE3 
 294      C9DF
 295 0923 596232A4 		.ascii	"Yb2\244\353\316~~\331\374 \270\241\343\220\021\333 "
 295      EBCE7E7E 
 295      D9FC20B8 
 295      A1E39011 
 295      DB20
 296 0935 E149A702 		.ascii	"\341I\247\002\345*S|\271\201U\025\015\200\256\345hi"
 296      E52A537C 
 296      B9815515 
 296      0D80AEE5 
 296      6869
 297 0947 E1A84A8E 		.ascii	"\341\250J\216N\206\333\271i\035\273\235\311\326;\305"
 297      4E86DBB9 
 297      691DBB9D 
 297      C9D63BC5 
 298 0957 D1E6D473 		.ascii	"\321\346\324s\222\242\317\242Y\327\363u\260\327B;\333"
 298      92A2CFA2 
 298      59D7F375 
 298      B0D7423B 
 298      DB
 299 0968 78DABF0B 		.ascii	"x\332\277\013i\177\000Ry'H?\310\003\220.\220\333 \255"
 299      697F0052 
 299      7927483F 
 299      C803902E 
 299      90DB20AD 
 300 097c 20F740EE 		.ascii	" \367@\356\203\364\200\364\201\364\202\264\203\014\202"
 300      83F480F4 
 300      81F482B4 
 300      830C82
 301 098b 0C819840 		.ascii	"\014\201\230@n\201\334\004\351\000\271\003\322m\276"
 301      6E81DC04 
 301      E900B903 
 301      D26DBE
 302 099a BE691D61 		.ascii	"\276i\035a\260\324\021\027\225LKf\254\213T4\353\330"
 302      B0D41117 
 302      954C4B66 
 302      AC8B5434 
 302      EBD8
 303 09ac 457714BC 		.ascii	"Ew\024\274p\230\243\245\354\310\013VY\215r\353S\213"
 303      7098A3A5 
 303      ECC80B56 
 303      598D72EB 
 303      538B
 304 09be ED66A56D 		.ascii	"\355f\245m\255\305\011\314g\2652\237\235\236\333g\362"
 304      ADC509CC 
 304      67B5329F 
 304      9D9EDB67 
 304      F2
 305 09cf FA4766FB 		.ascii	"\372Gf\373\252\022\235\247DO\312\320\215s\243%*\324"
 305      AA129DA7 
 305      444FCAD0 
 305      8D73A325 
 305      2AD4
 306 09e1 F83A0BFC 		.ascii	"\370:\013\374\206\022\236\245,\334\006\270S\340r\240"
ARM GAS  /var/folders/qd/4mxf5pkd0zdf0b9dd1hp39180000gn/T//ccqWXs8V.s 			page 24


 306      86129EA5 
 306      2CDC06B8 
 306      53E072A0 
 307 09f1 75C80CA7 		.ascii	"u\310\014\247d\3172~K\346\361\313J\343\227f\301\007"
 307      64CF327E 
 307      4BE6F1CB 
 307      4AE39766 
 307      C107
 308 0a03 64F03225 		.ascii	"d\3602%\274t\026\274[\006/\237\033./\307:Y9\326\246"
 308      BC7416BC 
 308      5B062F9F 
 308      1B2E2FC7 
 308      3A5939D6 
 309 0a18 2CC788A9 		.ascii	",\307\210\251\276N\267\254XrB\210\255&\245\255\"\245"
 309      BE4EB7AC 
 309      58724288 
 309      AD26A5AD 
 309      22A5
 310 0a2a 8F6B6533 		.ascii	"\217ke3W*\321\254\034\223\207\273\351SK\270\257\315"
 310      572AD1AC 
 310      1C9387BB 
 310      E9534BB8 
 310      AFCD
 311 0a3c B93964B6 		.ascii	"\2719d\266\233d\266+\346\366\231<\3322\364\205\271\367"
 311      9B64B62B 
 311      E6F6993C 
 311      DA32F485 
 311      B9F7
 312 0a4e F40C0FCB 		.ascii	"\364\014\017\3136\307\217s/\323L\234d\002\036\356\363"
 312      36C78F73 
 312      2FD34C9C 
 312      64021EEE 
 312      F3
 313 0a5f 10EEB31C 		.ascii	"\020\356\263\034.]/\250pF\261\327`\372\256A\215\357"
 313      2E5D2FA8 
 313      7046B1D7 
 313      60FAAE41 
 313      8DEF
 314 0a71 D19C2474 		.ascii	"\321\234$t\334;\225\340\250,\366\244#\217F\340\244\377"
 314      DC3B95E0 
 314      A82CF6A4 
 314      238F46E0 
 314      A4FF
 315 0a83 2F4E3D2F 		.ascii	"/N=/\006\373mI18\014\023>\264\024\203mR1\230\335\327"
 315      06FB6D49 
 315      31380C13 
 315      3EB41483 
 315      6D523198 
 316 0a99 7D492D2F 		.ascii	"}I-/\006\207g\024\203\243\274\030\034\245\305`c[\357"
 316      06876714 
 316      83A3BC18 
 316      1CA5C560 
 316      635BEF
 317 0aac 88231E65 		.ascii	"\210#\036eY:\253\277\276\206\337\222\277&\177\217\331"
 317      593AABBF 
 317      BE86DF92 
 317      BF267F8F 
ARM GAS  /var/folders/qd/4mxf5pkd0zdf0b9dd1hp39180000gn/T//ccqWXs8V.s 			page 25


 317      D9
 318 0abd 35B803B1 		.ascii	"5\270\003\261$\335O\222vf\375X\212\003\026m)\366L\311"
 318      24DD4F92 
 318      7666FD58 
 318      8A03166D 
 318      29F64CC9 
 319 0ad1 83A50C4A 		.ascii	"\203\245\014J~ v$\264\267!\253\327\326S\351\332\032"
 319      7E207624 
 319      B4B721AB 
 319      D7D653E9 
 319      DA1A
 320 0ae3 67D756CB 		.ascii	"g\327V\313\323\222I'\274\205\032R\347\305\036\035V#"
 320      D3924927 
 320      BC851A52 
 320      E7C51E1D 
 320      5623
 321 0af5 4F0F0470 		.ascii	"O\017\004p\304\376\242D\376O@\205\236\303\336\232\020"
 321      C4FEA244 
 321      FE4F4085 
 321      9EC3DE9A 
 321      10
 322 0b06 B0F47F0C 		.ascii	"\260\364\177\014\251\"\230\037\376\027i\206\357\032"
 322      A922981F 
 322      FE176986 
 322      EF1A
 323 0b14 FA9EE36F 		.ascii	"\372\236\343oK\223\340\376\347t\276)\210\31636az\372"
 323      4B93E0FE 
 323      E774BE29 
 323      88CE3336 
 323      617AFA
 324 0b27 85EB487E 		.ascii	"\205\353H~\363\021\333\217\241\377\021\215\370\013z"
 324      F311DB8F 
 324      A1FF118D 
 324      F80B7A
 325 0b36 F33D956E 		.ascii	"\363=\225n\276\202\264\352\011{\007n;\376?\331\316\035"
 325      BE82B4EA 
 325      097B076E 
 325      3BFE3FD9 
 325      CE1D
 326 0b48 CD999A71 		.ascii	"\315\231\232q\253N\277\314\366\355\232\253#\256\257"
 326      AB4EBFCC 
 326      F6ED9AAB 
 326      23AEAF
 327 0b57 658B574B 		.ascii	"e\213WK\305\322K\2467R7\226\212\261\357!\021\273\241"
 327      C5D24BA6 
 327      37523796 
 327      8AB1EF21 
 327      11BBA1
 328 0b6a 2710CA7A 		.ascii	"'\020\312z\264P6t\014Z>\025T(\006\277\246\372\275\267"
 328      B4503674 
 328      0C5A3E15 
 328      542806BF 
 328      A6FABDB7 
 329 0b7e B796FD0B 		.ascii	"\267\226\375\013\217\322\256\013\014\321F\204GFGi\203"
 329      8FD2AE0B 
 329      0CD14684 
 329      47464769 
ARM GAS  /var/folders/qd/4mxf5pkd0zdf0b9dd1hp39180000gn/T//ccqWXs8V.s 			page 26


 329      83
 330 0b8f C24343C3 		.ascii	"\302CC\303\303\264>\372U\272U_k\303\376\031\034\344"
 330      C3B43EFA 
 330      55BA555F 
 330      6BC3FE19 
 330      1CE4
 331 0ba1 1DA4F9F3 		.ascii	"\035\244\371\363\007\037\276\252[\262D\345`0\254\017"
 331      071FBEAA 
 331      5BB244E5 
 331      6030AC0F 
 332 0bb1 0E8B7E73 		.ascii	"\016\213~s\251!z'\322\372DD\204\004\007\005F\007\207"
 332      A9217A27 
 332      D2FA4444 
 332      84040705 
 332      460787
 333 0bc4 8745697D 		.ascii	"\207Ei}\203B\202#\242\214\006\243W\304\372\240\277/"
 333      83428223 
 333      A28C06A3 
 333      57C4FAA0 
 333      BF2F
 334 0bd6 F50E8C88 		.ascii	"\365\016\214\210\320\352\302\303\242\215a\321\263:\265"
 334      D0EAC2C3 
 334      A28D61D1 
 334      B33AB5
 335 0be5 ABC3C343 		.ascii	"\253\303\303C\242\264_\006\005y\005F\206z\205\205\207"
 335      A2B45F06 
 335      05790546 
 335      867A8585 
 335      87
 336 0bf6 19BD8C81 		.ascii	"\031\275\214\201\237\007{-\363Z\272x\3112\257\177\274"
 336      9F077B2D 
 336      F35ABA78 
 336      C932AF7F 
 336      BC
 337 0c07 E5151AF8 		.ascii	"\345\025\032\370Ux\244vF\25768,(d\375Z\243640h]p\230"
 337      5578A476 
 337      46AF3638 
 337      2C2864FD 
 337      5AA33634 
 338 0c20 516B586B 		.ascii	"QkXk\374\"p}H\264!zC\2041\312{\235J#\221\333\374\377"
 338      FC22707D 
 338      48B4217A 
 338      438431CA 
 338      7B9D4A23 
 339 0c38 2317B521 		.ascii	"#\027\265!Jk\210\212^\013L\200\321<\342@\337\260\300"
 339      4A6B888A 
 339      5E0B4C80 
 339      D13CE240 
 339      DFB0C0
 340 0c4b CF438C6B 		.ascii	"\317C\214k\214A\321\341\221\177\370\351^W\375\214\274"
 340      8C41D1E1 
 340      917FF8E9 
 340      5E57FD8C 
 340      BC
 341 0c5c 97074759 		.ascii	"\227\007GYF{\220\226\000ct\300\206\250hc\350\312\300"
 341      467B9096 
 341      006374C0 
ARM GAS  /var/folders/qd/4mxf5pkd0zdf0b9dd1hp39180000gn/T//ccqWXs8V.s 			page 27


 341      86A86863 
 341      E8CAC0
 342 0c6f B0B521C6 		.ascii	"\260\265!\306H\377\310\340\360\310\340\350\015t.]\210"
 342      48FFC8E0 
 342      F0C8E0E8 
 342      0D742E5D 
 342      88
 343 0c80 3130D2DF 		.ascii	"10\322\337\030\006\363\177i\257\367\015\360\325\257"
 343      1806F37F 
 343      69AFF70D 
 343      F0D5AF
 344 0c8f F15DFEB6 		.ascii	"\361]\376\266\340\347o\317B\367\256!\332\216\277\315"
 344      E0E76FCF 
 344      42F7AE21 
 344      DA8EBFCD 
 345 0c9f DD6FA9FD 		.ascii	"\335o\251\375|\336\327\233\3257\325~:\177\213\272T\355"
 345      7CDED79B 
 345      D537D57E 
 345      3A7F8BBA 
 345      54ED
 346 0cb1 17E0AFD7 		.ascii	"\027\340\257\327\350\231\266\004:}-\235\213\241\323"
 346      E899B604 
 346      3A7D2D9D 
 346      8BA1D3
 347 0cc0 57AF0E58 		.ascii	"W\257\016X\355\247\377\235|e\306\257\243\265\272U\001"
 347      EDA7FF9D 
 347      7C65C6AF 
 347      A3B5BA55 
 347      01
 348 0cd1 7E0166BF 		.ascii	"~\001f\277\004\205G\032\015A\241o\201S\354?X\343\247"
 348      0485471A 
 348      0D41A16F 
 348      8153EC3F 
 348      58E3A7
 349 0ce4 33AC86A0 		.ascii	"3\254\206\240\301h\037\275z\325\252\025z\354\263\\\217"
 349      C1681FBD 
 349      7AD5AA15 
 349      7AECB35C 
 349      8F
 350 0cf5 97C3DB7F 		.ascii	"\227\303\333\177\205^\355\263\"@\257~\177\205\217\336"
 350      855EEDB3 
 350      2240AF7E 
 350      7F858FDE 
 351 0d05 06BA00B0 		.ascii	"\006\272\000\260\234\350+\311\207\016>l\002V\352\002"
 351      9CE82BC9 
 351      870E3E6C 
 351      0256EA02 
 352 0d15 F43860A5 		.ascii	"\3648`\245?\326\351\340\255\323\333\370\370\351uz\365"
 352      3FD6E9E0 
 352      ADD3DBF8 
 352      F8E9757A 
 352      F5
 353 0d26 9AD57FD1 		.ascii	"\232\325\177\321\003=@\350\374?\364[\016\237>:\275&"
 353      033D40E8 
 353      FC3FF45B 
 353      0E9F3E3A 
 353      BD26
ARM GAS  /var/folders/qd/4mxf5pkd0zdf0b9dd1hp39180000gn/T//ccqWXs8V.s 			page 28


 354 0d38 40F73E9D 		.ascii	"@\367>\235\313\331`\370b}X\220\301\340\375\316\262e"
 354      CBD960F8 
 354      627D5890 
 354      C1E0FDCE 
 354      B265
 355 0d4a 6F6B244D 		.ascii	"ok$M\035\264.0\362\337\024R.\026"
 355      1DB42E30 
 355      F2DF1452 
 355      2E16
 356              		.text
 357              		.section	.gnu.lto_.symtab.ba5f3390a2b3506b,"",%progbits
 358 0000 6E766963 		.ascii	"nvicEnableVector\000"
 358      456E6162 
 358      6C655665 
 358      63746F72 
 358      00
 359 0011 00       		.ascii	"\000"
 360 0012 00       		.ascii	"\000"
 361 0013 00       		.ascii	"\000"
 362 0014 00000000 		.ascii	"\000\000\000\000\000\000\000\000"
 362      00000000 
 363 001c C7000000 		.ascii	"\307\000\000\000"
 364 0020 6E766963 		.ascii	"nvicDisableVector\000"
 364      44697361 
 364      626C6556 
 364      6563746F 
 364      7200
 365 0032 00       		.ascii	"\000"
 366 0033 00       		.ascii	"\000"
 367 0034 00       		.ascii	"\000"
 368 0035 00000000 		.ascii	"\000\000\000\000\000\000\000\000"
 368      00000000 
 369 003d CB000000 		.ascii	"\313\000\000\000"
 370 0041 6E766963 		.ascii	"nvicSetSystemHandlerPriority\000"
 370      53657453 
 370      79737465 
 370      6D48616E 
 370      646C6572 
 371 005e 00       		.ascii	"\000"
 372 005f 00       		.ascii	"\000"
 373 0060 00       		.ascii	"\000"
 374 0061 00000000 		.ascii	"\000\000\000\000\000\000\000\000"
 374      00000000 
 375 0069 CD000000 		.ascii	"\315\000\000\000"
 376 006d 6E766963 		.ascii	"nvicClearPending\000"
 376      436C6561 
 376      7250656E 
 376      64696E67 
 376      00
 377 007e 00       		.ascii	"\000"
 378 007f 00       		.ascii	"\000"
 379 0080 00       		.ascii	"\000"
 380 0081 00000000 		.ascii	"\000\000\000\000\000\000\000\000"
 380      00000000 
 381 0089 CF000000 		.ascii	"\317\000\000\000"
 382              		.text
 383              		.section	.gnu.lto_.opts,"",%progbits
ARM GAS  /var/folders/qd/4mxf5pkd0zdf0b9dd1hp39180000gn/T//ccqWXs8V.s 			page 29


 384 0000 272D666D 		.ascii	"'-fmath-errno' '-fsigned-zeros' '-ftrapping-math' '"
 384      6174682D 
 384      6572726E 
 384      6F272027 
 384      2D667369 
 385 0033 2D666E6F 		.ascii	"-fno-trapv' '-fno-openmp' '-fno-openacc' '-mcpu=cor"
 385      2D747261 
 385      70762720 
 385      272D666E 
 385      6F2D6F70 
 386 0066 7465782D 		.ascii	"tex-m4' '-mno-thumb-interwork' '-mthumb' '-O2' '-fo"
 386      6D342720 
 386      272D6D6E 
 386      6F2D7468 
 386      756D622D 
 387 0099 6D69742D 		.ascii	"mit-frame-pointer' '-falign-functions=16' '-ffuncti"
 387      6672616D 
 387      652D706F 
 387      696E7465 
 387      72272027 
 388 00cc 6F6E2D73 		.ascii	"on-sections' '-fdata-sections' '-fno-common' '-flto"
 388      65637469 
 388      6F6E7327 
 388      20272D66 
 388      64617461 
 389 00ff 2700     		.ascii	"'\000"
 390              		.text
 391              		.comm	__gnu_lto_v1,1,1
 392              		.comm	__gnu_lto_slim,1,1
 393              		.ident	"GCC: (GNU Tools for Arm Embedded Processors 7-2017-q4-major) 7.2.1 20170904 (release) [ARM
ARM GAS  /var/folders/qd/4mxf5pkd0zdf0b9dd1hp39180000gn/T//ccqWXs8V.s 			page 30


DEFINED SYMBOLS
                            *ABS*:0000000000000000 nvic.c
                            *COM*:0000000000000001 __gnu_lto_v1
                            *COM*:0000000000000001 __gnu_lto_slim

NO UNDEFINED SYMBOLS
