ARM GAS  /var/folders/qd/4mxf5pkd0zdf0b9dd1hp39180000gn/T//ccclSYrX.s 			page 1


   1              		.cpu cortex-m4
   2              		.eabi_attribute 20, 1
   3              		.eabi_attribute 21, 1
   4              		.eabi_attribute 23, 3
   5              		.eabi_attribute 24, 1
   6              		.eabi_attribute 25, 1
   7              		.eabi_attribute 26, 1
   8              		.eabi_attribute 30, 2
   9              		.eabi_attribute 34, 1
  10              		.eabi_attribute 18, 4
  11              		.file	"nvic.c"
  12              		.section	.gnu.lto_.profile.91a05a3ad596e03c,"",%progbits
  13 0000 789C6363 		.ascii	"x\234cc```\001bF\006)1\000\000\302\000<"
  13      60606001 
  13      62460629 
  13      310000C2 
  13      003C
  14              		.text
  15              		.section	.gnu.lto_.icf.91a05a3ad596e03c,"",%progbits
  16 0000 789C6363 		.ascii	"x\234cc``\220b@\000\026\206\333\333\226\254be\354\\"
  16      60609062 
  16      40001686 
  16      DBDB96AC 
  16      6265EC5C 
  17 0014 F7E12E13 		.ascii	"\367\341.\023\323\243\203\263\367\3603/z\275\367\005"
  17      D3A383B3 
  17      F7F0332F 
  17      7ABDF705 
  18 0024 330300A6 		.ascii	"3\003\000\246U\014S"
  18      550C53
  19              		.text
  20              		.section	.gnu.lto_.jmpfuncs.91a05a3ad596e03c,"",%progbits
  21 0000 789C6363 		.ascii	"x\234cc``\320a@\000\026\006&FF\346\3729\314\014 \314"
  21      6060D061 
  21      40001606 
  21      264646E6 
  21      FA39CC0C 
  22 0016 0804209A 		.ascii	"\010\004 \232\011Y\220\031*\310\000\000\237-\007\005"
  22      09599019 
  22      2AC80000 
  22      9F2D0705 
  23              		.text
  24              		.section	.gnu.lto_.inline.91a05a3ad596e03c,"",%progbits
  25 0000 789C4D8C 		.ascii	"x\234M\214\321\021\2000\014B!\215i\364\307\021\352\004"
  25      D1118030 
  25      0C42218D 
  25      69F4C711 
  25      EA04
  26 0012 2ED9453A 		.ascii	".\331E:\222\2438\202\261\236U>\270\343\036`\000*>)\260"
  26      92A33882 
  26      B19E553E 
  26      B8E31E60 
  26      002A3E29 
  27 0027 CC146E8C 		.ascii	"\314\024n\214p\233\332\271\303Z\021\310\261*\"y\020"
  27      709BDAB9 
  27      C35A11C8 
  27      B12A2279 
ARM GAS  /var/folders/qd/4mxf5pkd0zdf0b9dd1hp39180000gn/T//ccclSYrX.s 			page 2


  27      10
  28 0038 07E199EC 		.ascii	"\007\341\231\354\225\244\255<\225\240\332O\004\223\222"
  28      95A4AD3C 
  28      95A0DA4F 
  28      049392
  29 0047 FD25C5EE 		.ascii	"\375%\305\356w\020J\310\366N\007\034S\\\2260\015\244"
  29      77104AC8 
  29      F64E071C 
  29      535C9630 
  29      0DA4
  30              		.text
  31              		.section	.gnu.lto_.pureconst.91a05a3ad596e03c,"",%progbits
  32 0000 789C6363 		.ascii	"x\234cc``\340\004b\026\006)F)&)f)\000\002\304\000\202"
  32      6060E004 
  32      62160629 
  32      46292629 
  32      66290002 
  33              		.text
  34              		.section	.gnu.lto_nvicEnableVector.91a05a3ad596e03c,"",%progbits
  35 0000 789C9D53 		.ascii	"x\234\235S\317KTQ\024\276\337;\357\207\243\316,\332"
  35      CF4B5451 
  35      14BEDF3B 
  35      EF87A3CE 
  35      2CDA
  36 0012 45522E82 		.ascii	"ER.\202A\204y\011\375\003\321\332\026\375\007\341&!"
  36      41847909 
  36      FD03D1DA 
  36      16FD07E1 
  36      2621
  37 0024 674443DA 		.ascii	"gDC\332yg\306f\264\004\005G\203\341\021#\215\375 \312"
  37      7967C666 
  37      B4040547 
  37      83E11123 
  37      8DFD20CA 
  38 0038 42ADC6B2 		.ascii	"B\255\306\262^\223\226\021&\211\264kQJ\241\221\324\254"
  38      5E939611 
  38      2689B46B 
  38      514AA191 
  38      D4AC
  39 004a 82D43AF7 		.ascii	"\202\324:\367>\243\350\307\242.\357\236w\3569\347\273"
  39      3EA3E8C7 
  39      A22EEF9E 
  39      77EE39E7 
  39      BB
  40 005b E7FBEE7D 		.ascii	"\347\373\356}\317\026B\034!!\016\362{\017O\220\2001"
  40      CF16421C 
  40      21210EF2 
  40      7B0F4F90 
  40      8031
  41 006d F85C8864 		.ascii	"\370\\\210d\225\001(GVAt\033\350F?\345\010\345\354\333"
  41      95012847 
  41      5641741B 
  41      E8463FE5 
  41      08E5ECDB 
  42 0081 92D17049 		.ascii	"\222\321pI\362\360\317Uv\313\313><\206\217\360T\003"
  42      F2F0CF55 
  42      76CBCB3E 
ARM GAS  /var/folders/qd/4mxf5pkd0zdf0b9dd1hp39180000gn/T//ccclSYrX.s 			page 3


  42      3C868FF0 
  42      5403
  43 0093 1368E0AA 		.ascii	"\023h\340\252\027=7<:K\036\001&/?-\344W\"ji\240\236"
  43      173D373C 
  43      3A4B1E01 
  43      262F3F2D 
  43      E457226A 
  44 00aa 975B3237 		.ascii	"\227[27\022\241\030\004\373\253\317.\014:\3211)S\322"
  44      12A11804 
  44      FBABCF2E 
  44      0C3AD131 
  44      2953D2
  45 00bd 9F2D92DC 		.ascii	"\237-\222\334\357\021\341\026\2107\304\024\3520\211"
  45      EF11E116 
  45      8837C414 
  45      EA3089
  46 00cc 3AC12181 		.ascii	":\301!\201\333\210r\371\325\324\273\017D\0074\364\315"
  46      DB8872F9 
  46      D5D4BB0F 
  46      440734F4 
  46      CD
  47 00dd FCEB9CB5 		.ascii	"\374\353\234\265\003]\035\333\201\336\371\003\264\204"
  47      035D1DDB 
  47      81DEF903 
  47      B484
  48 00eb A8AEBFB9 		.ascii	"\250\256\277\271=\034\266\315\200+\246a\013\2603\276"
  48      3D1CB6CD 
  48      802BA661 
  48      0BB033BE 
  49 00fb 64F972FB 		.ascii	"d\371r\373kV\372\313\027\261e\205\301\030\323P\206\330"
  49      6B56FACB 
  49      17B16585 
  49      C118D350 
  49      86D8
  50 010d 58261BDB 		.ascii	"X&\033\333R\236\255\214\003\265[\010\212\216\020\275"
  50      529EAD8C 
  50      03B55B08 
  50      8A8E10BD 
  51 011d BC131F91 		.ascii	"\274\023\037\221\364E\037\031\312K\373b\035\251Jvf "
  51      F4451F19 
  51      CA4BFB62 
  51      1DA94A76 
  51      6620
  52 012f A21AE409 		.ascii	"\242\032\344\011yr8\224\376\230A\02008\366\363\0019"
  52      79723894 
  52      FE984110 
  52      3038F6F3 
  52      0139
  53 0141 30719789 		.ascii	"0q\227\211\256\243\274|f\315RE\234\0369]^tT\272J+\235"
  53      AEA3BC7C 
  53      66CD5245 
  53      9C1E395D 
  53      5E7454BA 
  54 0158 1CDDF85C 		.ascii	"\034\335\370\\\033,e9-#\034\232x?\264\342\024p>\311"
  54      1B2C6539 
  54      2D231C9A 
  54      783FB4E2 
ARM GAS  /var/folders/qd/4mxf5pkd0zdf0b9dd1hp39180000gn/T//ccclSYrX.s 			page 4


  54      14703EC9 
  55 016c 1751D8EB 		.ascii	"\027Q\330\353Q\0103,\371\036\357\244\000s\375\311\321"
  55      5108332C 
  55      F91EEFA4 
  55      0073FDC9 
  55      D1
  56 017d 6AF79AEC 		.ascii	"j\367\232\354I\312z\217\252q\037\005\014\353+\342\344"
  56      49CA7A8F 
  56      AA711F05 
  56      0CEB2BE2 
  56      E4
  57 018e CBA5A989 		.ascii	"\313\245\251\211H\323\270J\026\342\036\325\340\001\334"
  57      48D3B84A 
  57      16E21ED5 
  57      E001DC
  58 019d 3C85F4F5 		.ascii	"<\205\364\365\371hb\216\212\361ffa`W\300\2318\313\270"
  58      F968628E 
  58      8AF16666 
  58      616057C0 
  58      9938CBB8 
  59 01b1 A1E2F552 		.ascii	"\241\342\365RX\261\260\260\017\0175g\326u\305\011\212"
  59      58B1B0B0 
  59      0F0F3567 
  59      D675C509 
  59      8A
  60 01c2 4C34D671 		.ascii	"L4\326q\251\012V2}V\020\264\002\344\323\342\364\246"
  60      A90A5632 
  60      7D5610B4 
  60      02E4D3E2 
  60      F4A6
  61 01d4 E66FC342 		.ascii	"\346o\303BY#\371\220\276#\025\370\027\375\377\242\256"
  61      5923F990 
  61      BE2315F8 
  61      17FDFFA2 
  61      AE
  62 01e5 168FB43A 		.ascii	"\026\217\264:\374\256\256\313\2430f\225:K\253\233S\352"
  62      FCAEAECB 
  62      A3306695 
  62      3A4BAB9B 
  62      53EA
  63 01f7 ECA0D7AB 		.ascii	"\354\240\327\253\305\232\377j\366X73\376\322\354\311"
  63      C59AFF6A 
  63      F6583733 
  63      FED2ECC9 
  64 0207 8F66F341 		.ascii	"\217f\363A\263\015\244\012_t+\375\203\3642O\376P\030"
  64      B30DA40A 
  64      5F742BFD 
  64      83F4324F 
  64      FE5018
  65 021a DF188BB9 		.ascii	"\337\030\213\271\301\223\350t\217\037;\341\266':Nv\272"
  65      C193E874 
  65      8F1F3BE1 
  65      B6273A4E 
  65      76BA
  66 022c 2D89B6B6 		.ascii	"-\211\266\266D\334=t\264\371p\363)7\336\325\332\022"
  66      44DC3D74 
  66      B4F970F3 
ARM GAS  /var/folders/qd/4mxf5pkd0zdf0b9dd1hp39180000gn/T//ccclSYrX.s 			page 5


  66      2937DED5 
  66      DA12
  67 023e 6B11889B 		.ascii	"k\021\210\233\355\035\255\211o\247\372\031\260"
  67      ED1DAD89 
  67      6FA7FA19 
  67      B0
  68              		.text
  69              		.section	.gnu.lto_nvicDisableVector.91a05a3ad596e03c,"",%progbits
  70 0000 789C9552 		.ascii	"x\234\225RKkSQ\020\236\357\314}\244M\233\265`\320.\204"
  70      4B6B5351 
  70      109EEFCC 
  70      7DA44D9B 
  70      B560D02E 
  71 0015 520AB9E4 		.ascii	"R\012\271\344'\210\340\256\033\377\201d\243`\023i\245"
  71      2788E0AE 
  71      1BFF8164 
  71      A3601369 
  71      A5
  72 0026 B8EB49D2 		.ascii	"\270\353I\322&\255fQh\033%\\\344\026#\342BkI\253\246"
  72      26AD6651 
  72      681B255C 
  72      E41623E2 
  72      426B49AB 
  73 003b BEAE292E 		.ascii	"\276\256).\304\027\026\361\007\330\342\023\212\026\027"
  73      C41716F1 
  73      07D8E213 
  73      8A1617
  74 004a 2EFA70CE 		.ascii	".\372p\316\275\012\202+\207{\316\235\2313\337|sf\216"
  74      BD0A822B 
  74      877BCE9D 
  74      9933DF7C 
  74      73668E
  75 005d 4344238A 		.ascii	"CD#\212\310\223\377AY`\202\232yETL(\300(:\001\032W\030"
  75      C893FF41 
  75      5960829A 
  75      7945544C 
  75      28C0283A 
  76 0075 478DE718 		.ascii	"G\215\347\030\235\352\207\266\032\270\256E\302K\015"
  76      9DEA87B6 
  76      1AB8AE45 
  76      C24B0D
  77 0084 A7A2270F 		.ascii	"\247\242'\017\370LT\227e\004-\014H\324\233\211\333>"
  77      F84C5497 
  77      65042D0C 
  77      48D49B89 
  77      DB3E
  78 0096 5F649F01 		.ascii	"_d\237\001K\314\357/\033\033)c*\364\211\271\253\347"
  78      4BCCEF2F 
  78      1B1B2963 
  78      2AF489B9 
  78      ABE7
  79 00a8 EA29CE80 		.ascii	"\352)\316\200D\337|~u\306\355\277\246uI\207/\232\254"
  79      44DF7C7E 
  79      75C6EDBF 
  79      A6754987 
  79      2F9AAC
  80 00bb 8FF8CCB8 		.ascii	"\217\370\314\270\003\226\204XA\032\313H\223\270\010"
ARM GAS  /var/folders/qd/4mxf5pkd0zdf0b9dd1hp39180000gn/T//ccclSYrX.s 			page 6


  80      03968458 
  80      411ACB48 
  80      93B808
  81 00ca 77D16FE2 		.ascii	"w\321o\342\337/\355\315\367:VL\210{p\010\242,\256\333"
  81      DF2FEDCD 
  81      F73A564C 
  81      887B7008 
  81      A22CAEDB 
  82 00de A1DEDBAF 		.ascii	"\241\336\333\257\352p\263\211\326\361.\010\306R\262"
  82      EA70B389 
  82      D6F12E08 
  82      C652B2
  83 00ed D96C34CB 		.ascii	"\331l4\313l6\242\0344%H\271\227\016i\232\225\321\312"
  83      6C36A21C 
  83      342548B9 
  83      970E699A 
  83      95D1CA
  84 0100 217D4179 		.ascii	"!}Ay\247\262\273\024(\223\261\301h\260-\\\263\315[\355"
  84      A7B2BB14 
  84      2893B1C1 
  84      68B02D5C 
  84      B3CD5BED 
  85 0114 5E53B685 		.ascii	"^S\266\205\303hK!\022\366\255r\303\215\203\024\006\323"
  85      C3684B21 
  85      12F6AD72 
  85      C38D8314 
  85      06D3
  86 0126 126A9CDB 		.ascii	"\022j\234\333\225i;vr\214|\326\\\335\3511H\0336V#di"
  86      95693B76 
  86      728C7CD6 
  86      5CDDE931 
  86      481B3656 
  87 013d BBFA0769 		.ascii	"\273\372\007i\011X<\235\267\027>G0\001\324';\257]\003"
  87      09583C9D 
  87      B7173E47 
  87      3001D427 
  87      3BAF5D03 
  88 0151 70A2AE2C 		.ascii	"p\242\256,/l\375\354\211M\335)\353\224\270Z_g7\334\000"
  88      2F6CFDEC 
  88      894DDD29 
  88      EB94B85A 
  88      5F6737DC 
  89 0166 578AD2F9 		.ascii	"W\212\322\371\340\220\317.\036H{\356Kn\003xZ+.t{7\365"
  89      E090CF2E 
  89      1E487BEE 
  89      4B6E0378 
  89      5A2B2E74 
  90 017d 4451F7F9 		.ascii	"DQ\367\371\234\300C\004\230\217f\"\207\357\326WZ\251"
  90      9CC04304 
  90      988F6622 
  90      87EFD657 
  90      5AA9
  91 018f ECA2390C 		.ascii	"\354\2429\014\306|\356\302#xRj4\257\307\310JA\246\232"
  91      C67CEEC2 
  91      2378526A 
  91      34AFC7C8 
  91      4A41A69A 
ARM GAS  /var/folders/qd/4mxf5pkd0zdf0b9dd1hp39180000gn/T//ccclSYrX.s 			page 7


  92 01a3 1F9F2EAF 		.ascii	"\037\237.\257%\177\227\363?d\335\010#2\374K\226\367"
  92      257F97F3 
  92      3F64DD08 
  92      2332FC4B 
  92      96F7
  93 01b5 39892786 		.ascii	"9\211'\206\314\216\310:\310\376}\327$\010k\222s\013"
  93      CC8EC83A 
  93      C8FE7DD7 
  93      24086B92 
  93      730B
  94 01c7 A5E0630D 		.ascii	"\245\340c\015\3214\215LI.\231\213\274\312\301L\306\213"
  94      D1348D4C 
  94      492E998B 
  94      BCCAC14C 
  94      C68B
  95 01d9 BFC2A877 		.ascii	"\277\302\250w\352\344\031\357la\344\334\250\227+\014"
  95      EAE419EF 
  95      6C61E4DC 
  95      A8972B0C 
  96 01e9 0F17F2DE 		.ascii	"\017\027\362\336\321\023C\307\206\316{\371\261\323\271"
  96      D11343C7 
  96      86CE7BF9 
  96      B1D3B9
  97 01f8 4C8E90FF 		.ascii	"L\216\220\377\005D\312\324\370"
  97      0544CAD4 
  97      F8
  98              		.text
  99              		.section	.gnu.lto_nvicSetSystemHandlerPriority.91a05a3ad596e03c,"",%progbits
 100 0000 789C6D51 		.ascii	"x\234mQ\315KTQ\024?\277{\336{\363\012\262\255\224\013"
 100      CD4B5451 
 100      143FBF7B 
 100      DE7BF30A 
 100      B2AD940B 
 101 0014 17C120C1 		.ascii	"\027\301 \301<\334\264h\027m\332\270\361?\220IP\320"
 101      3CDCB468 
 101      176DDAB8 
 101      F13F9049 
 101      50D0
 102 0026 79328AB4 		.ascii	"y2\212\264\363\316\214:f\005\242\243\306\360\210\267"
 102      F3CE8C3A 
 102      6605A2A3 
 102      C6F088B7 
 103 0036 1195080B 		.ascii	"\021\225\010\013\263\032\035\3551\2536}8D\220\320\242"
 103      B31A1DED 
 103      31AB367D 
 103      384490D0 
 103      A2
 104 0047 0F14268A 		.ascii	"\017\024&\212>\\\264\262\316}N\320\242\313\3758_\277"
 104      3E5CB4B2 
 104      CE7D4ED0 
 104      A2CBFD38 
 104      5FBF
 105 0059 737FE71C 		.ascii	"s\177\347\034\207\210~\202\350\242\274g\345\200\011"
 105      87887E82 
 105      E8A2BC67 
 105      E58009
 106 0068 6AE60551 		.ascii	"j\346\005Q\316U\200\021\264\013\032S\030\303M.1j\305"
ARM GAS  /var/folders/qd/4mxf5pkd0zdf0b9dd1hp39180000gn/T//ccclSYrX.s 			page 8


 106      CE558011 
 106      B40B1A53 
 106      18C34D2E 
 106      316AC5
 107 007b FD8AEA58 		.ascii	"\375\212\352X\326\262\242\305\2723\251'Z\003&Z\220c"
 107      D6B2A2C5 
 107      BA33A927 
 107      5A03265A 
 107      9063
 108 008d 16D6D121 		.ascii	"\026\326\321!Q\273\343\367\003\276\301\001\003\226\250"
 108      51BBE3F7 
 108      03BEC101 
 108      0396A8
 109 009c DF9F973F 		.ascii	"\337\237\227?\266\030U\241]\324\302\334N\325\345\024"
 109      B61855A1 
 109      5DD4C2DC 
 109      4ED5E514 
 110 00ac 48E4FAFA 		.ascii	"H\344\372\372\355+\311%\255\363:\372\264\304\372\\\300"
 110      ED2BC925 
 110      ADF33AFA 
 110      B4C4FA5C 
 110      C0
 111 00bd 8C4760C9 		.ascii	"\214G`\311\207\015\264\341!\332HL\204\307HJ\364\335"
 111      870DB4E1 
 111      21DA484C 
 111      84C7484A 
 111      F4DD
 112 00cf FCC117E6 		.ascii	"\374\301\027\346\0131\362\303\263\367%\273\011=\\nB"
 112      0B31F2C3 
 112      B3F725BB 
 112      093D5C6E 
 112      42
 113 00e0 9FFC075A 		.ascii	"\237\374\007ZA2\216\177p4\177\312\261\302\277l\261\011"
 113      41328E7F 
 113      70347FCA 
 113      B1C2BF6C 
 113      B109
 114 00f2 87A4725A 		.ascii	"\207\244rZ\253\333\221>\372]\024\006\255{\237\335\004"
 114      ABDB913E 
 114      FA5D1406 
 114      AD7B9FDD 
 114      04
 115 0103 04662973 		.ascii	"\004f)s\011}\001\3330\277\023M\011J\032\242#\272\316"
 115      097D01DB 
 115      30BF134D 
 115      094A1AA2 
 115      23BACE
 116 0116 CA488588 		.ascii	"\312H\205\210\032\310\377(\276\333\250\302d+3\312\362"
 116      1AC8FF28 
 116      BEDBA8C2 
 116      642B33CA 
 116      F2
 117 0127 6103856F 		.ascii	"a\003\205o\223M\203\022\333\277\375\260aaK\2105P{=\375"
 117      934D8312 
 117      DBBFFDB0 
 117      61614B88 
 117      35507B3D 
ARM GAS  /var/folders/qd/4mxf5pkd0zdf0b9dd1hp39180000gn/T//ccclSYrX.s 			page 9


 118 013c D63641E2 		.ascii	"\3266A\342^\230\250\275L\030\267\023W\226\253TK\366"
 118      5E98A8BD 
 118      4C18B713 
 118      5796AB54 
 118      4BF6
 119 014e B1AAF70A 		.ascii	"\261\252\367\012\272EL\215\335\303Wv\210;9\351{x&\340"
 119      BA454C8D 
 119      DDC35776 
 119      883B39E9 
 119      7B7826E0 
 120 0162 04B6A5C4 		.ascii	"\004\266\245\304\252d2\200\331\351\325\325\223\336="
 120      AA643280 
 120      D9E9D5D5 
 120      93DE3D
 121 0171 3D9ED3ED 		.ascii	"=\236\323\355\001\273\330A\210\371x\"\342|\263\362k"
 121      01BBD841 
 121      88F97822 
 121      E27CB3F2 
 121      6B
 122 0182 F174E79A 		.ascii	"\361t\347\232q\206\231\200O\340)\2742\333\361\264\""
 122      71869980 
 122      4FE029BC 
 122      32DBF1B4 
 122      22
 123 0193 740A47FA 		.ascii	"t\012G\372\212|\270u+\246\034Oq\212a\352SD\347S)\357"
 123      8A7CB875 
 123      2BA61C4F 
 123      718A61EA 
 123      5344E753 
 124 01a9 78FBC35E 		.ascii	"x\373\303^_\317\2007\344gG\206\275\264?8\350g\274K\335"
 124      5FCF8037 
 124      E4674786 
 124      BDB43F38 
 124      E867BC4B 
 125 01be 5D97BBAE 		.ascii	"]\227\273\256y\231\321\376t*M\211\276\236\314\325\201"
 125      7999D1FE 
 125      742A4D89 
 125      BE9ECCD5 
 125      81
 126 01cf DEAC3594 		.ascii	"\336\2545\224\355\367\377\000%\355\2619"
 126      EDF7FF00 
 126      25EDB139 
 127              		.text
 128              		.section	.gnu.lto_nvicClearPending.91a05a3ad596e03c,"",%progbits
 129 0000 789C3551 		.ascii	"x\2345Q\317KTQ\024>\337=\357\307\024:\353\240\241\\"
 129      CF4B5451 
 129      143EDF3D 
 129      EFC7143A 
 129      EBA0A15C 
 130 0014 0422C25C 		.ascii	"\004\"\302\\\374\023\302E+7\375\0071\033\203\234\211"
 130      FC13C245 
 130      2B37FD07 
 130      311B839C 
 130      89
 131 0025 0C69E79D 		.ascii	"\014i\347\235\031\235\321\2240\324\011\206\207<q\"Z"
 131      199DD194 
 131      30D40986 
ARM GAS  /var/folders/qd/4mxf5pkd0zdf0b9dd1hp39180000gn/T//ccclSYrX.s 			page 10


 131      873C7122 
 131      5A
 132 0036 94C56836 		.ascii	"\224\305h6\366\3531\344B\242\"\211V\2552\004\013$\005"
 132      F6EB31E4 
 132      42A22289 
 132      56AD3204 
 132      0B2405
 133 0049 2142AD73 		.ascii	"!B\255s\337\243\303\375q\316\271\347;\367\273\337\365"
 133      DFA3C3FD 
 133      71CEB9E7 
 133      3BF7BBDF 
 133      F5
 134 005a 88E81044 		.ascii	"\210\350\020DZ\366\2632\301\0045\363\201\250\230R\200"
 134      5AF6B332 
 134      C10435F3 
 134      81A89852 
 134      80
 135 006b 754C0A34 		.ascii	"uL\0124\2520\212i\236c\264\253;-\325\363\300\210E\367"
 135      AA308A69 
 135      9E63B4AB 
 135      3B2DD5F3 
 135      C08845F7 
 136 007f FE781533 		.ascii	"\376x\0253~&`\242\232Lkh\242G\252>\215=\011x\212\003"
 136      7E2660A2 
 136      9A4C6B68 
 136      A247AA3E 
 136      8D3D0978 
 137 0095 061C09F7 		.ascii	"\006\034\011\367\337\327\267\3236T\350\222\360\330\314"
 137      DFD7B7D3 
 137      3654E892 
 137      F0D8CC
 138 00a4 D5D29C05 		.ascii	"\325\322\234\005\211\377\375\335\322\214\337}\337\230"
 138      89FFFDDD 
 138      D28CDF7D 
 138      DF98
 139 00b2 9289DE36 		.ascii	"\222\211\3366\330\\\010\230\361\014,\015\261\212\014"
 139      D85C0898 
 139      F10C2C0D 
 139      B18A0C
 140 00c1 56902149 		.ascii	"V\220!I\021\326\320m\353\277==\231\357\364\234\344B"
 140      11D6D06D 
 140      EBBF3D3D 
 140      99EFF49C 
 140      E442
 141 00d3 3C874742 		.ascii	"<\207GB\236\226\267\334\310\234\374\255\232\350k\003"
 141      9E96B7DC 
 141      C89CFCAD 
 141      9AE86B03 
 142 00e3 772F09E3 		.ascii	"w/\011\343\200\035%\213\313\326s\354\342\"\356A\023"
 142      801D258B 
 142      CBD673EC 
 142      E222EE41 
 142      13
 143 00f4 82947799 		.ascii	"\202\224w\231\210&YY\257\034\321\017\224\217*\307k\241"
 143      88265959 
 143      AF1CD10F 
 143      948F2AC7 
ARM GAS  /var/folders/qd/4mxf5pkd0zdf0b9dd1hp39180000gn/T//ccclSYrX.s 			page 11


 143      6BA1
 144 0106 B21DEB8C 		.ascii	"\262\035\353\214:\273r\327l\343q\253\323\322vp\036-"
 144      3ABB72D7 
 144      6CE371AB 
 144      D3D27670 
 144      1E2D
 145 0118 212265BF 		.ascii	"!\"e\277*\017\375\244H\2417#\2456yP\231t\223$'\310\315"
 145      2A0FFDA4 
 145      48A13723 
 145      A5367950 
 145      99749324 
 146 012f C6FA5187 		.ascii	"\306\372Q\207E\272p\261\036#K\007\325\377HG\300\222"
 146      45BA70B1 
 146      1E234B07 
 146      D5FF4847 
 146      C092
 147 0141 697FBEBD 		.ascii	"i\177\276\275\033\303\004P\033o\177\364-\300\213UYY"
 147      1BC30450 
 147      1B6F7FF4 
 147      2DC08B55 
 147      5959
 148 0153 DCFBDD91 		.ascii	"\334\373\335\221\204\246]6iI5\177\316n\373!\026\212"
 148      84A65D36 
 148      6949357F 
 148      CE6EFB21 
 148      168A
 149 0165 A27C782E 		.ascii	"\242|x.`\037/E\236\027\322\333\0026\246\213\213\247"
 149      601F2F45 
 149      9E17D2DB 
 149      0236A68B 
 149      8BA7
 150 0177 F5233356 		.ascii	"\365#3V4]\001\247\360\012!\346\343?\221\303/[\253\315"
 150      345D01A7 
 150      F00A21E6 
 150      E33F91C3 
 150      2F5BABCD 
 151 018b 74DFB23D 		.ascii	"t\337\262=\014G\002>\205\327\320B5\376\2577\350\023"
 151      0C47023E 
 151      85D7D042 
 151      35FEAF37 
 151      E813
 152 019d 42B48752 		.ascii	"B\264\207R\270t\007\261\240\326&\344a\"\215\"\352\315"
 152      B87407B1 
 152      A0D626E4 
 152      61228D22 
 152      EACD
 153 01af 6675320A 		.ascii	"fu2\012\303z\360\3125}\275p\343\346\260\316\025\206"
 153      C37AF0CA 
 153      357DBD70 
 153      E3E6B0CE 
 153      1586
 154 01c1 860A797D 		.ascii	"\206\012y}\361\362@\377\300-\235\037\271\232\313\346"
 154      F1F240FF 
 154      C02D9D1F 
 154      B99ACBE6 
 155 01d1 08F97F0B 		.ascii	"\010\371\177\013\343\254\267"
 155      E3ACB7
ARM GAS  /var/folders/qd/4mxf5pkd0zdf0b9dd1hp39180000gn/T//ccclSYrX.s 			page 12


 156              		.text
 157              		.section	.gnu.lto_.symbol_nodes.91a05a3ad596e03c,"",%progbits
 158 0000 789C6363 		.ascii	"x\234cc``\360\002b\006\246\245\214\365\014\014\023\316"
 158      6060F002 
 158      6206A6A5 
 158      8CF50C0C 
 158      13CE
 159 0012 313000A9 		.ascii	"10\000\251]\015\216@\221e\214\365\214\250\"\313\031"
 159      5D0D8E40 
 159      91658CF5 
 159      8CA822CB 
 159      19
 160 0023 EB995045 		.ascii	"\353\231PEV0\3263\243\2100\000\000\304\022\022Y"
 160      5630D633 
 160      A3883000 
 160      00C41212 
 160      59
 161              		.text
 162              		.section	.gnu.lto_.refs.91a05a3ad596e03c,"",%progbits
 163 0000 789C6363 		.ascii	"x\234cc```\004b\006\000\000D\000\010"
 163      60606004 
 163      62060000 
 163      440008
 164              		.text
 165              		.section	.gnu.lto_.decls.91a05a3ad596e03c,"",%progbits
 166 0000 789CC559 		.ascii	"x\234\305YkTT\327\025\236s\317\000\303\333\"\253\261"
 166      6B5454D7 
 166      159E73CF 
 166      00C3DB22 
 166      ABB1
 167 0012 295D4D5D 		.ascii	")]M]f\205\266\201A\223\306\374jCF\254\3740e\015\306"
 167      6685B681 
 167      4193C6FC 
 167      6A4346AC 
 167      FC30650D 
 168 0027 D524AB99 		.ascii	"\325$\253\231\020\234DR^\005\354\212\277z\021\214(j"
 168      109C4452 
 168      5E05EC8A 
 168      BF7A118C 
 168      286A
 169 0039 40092A62 		.ascii	"@\011*bx\372\004\025\242\202\212(\240<\004A\003\242"
 169      78FA0415 
 169      A2828A28 
 169      A03C0441 
 169      03A2
 170 004b 228F415E 		.ascii	"\"\217A^\"\"\362P\021D\351>\217;s\27106?\272\332\273"
 170      2222F250 
 170      1144E93E 
 170      8F3B73B9 
 170      30363FBA 
 171 0061 DC73679F 		.ascii	"\334sg\237\363\235}\276\263\3679\373\354A[\225J\025"
 171      F39D7DBE 
 171      B3F739FB 
 171      EC415B95 
 171      4A15
 172 0073 F40B95CA 		.ascii	"\364\013\225\312\031\253T\231H\245\232\206\307\006\332"
 172      19AB5499 
ARM GAS  /var/folders/qd/4mxf5pkd0zdf0b9dd1hp39180000gn/T//ccclSYrX.s 			page 13


 172      48A59A86 
 172      C706DA
 173 0082 CA414055 		.ascii	"\312A@U\225\252\330\243\006\251\006\251\003\251\007"
 173      95AAD8A3 
 173      06A906A9 
 173      03A907
 174 0091 B9AA9AFD 		.ascii	"\271\252\232\375|\013\003\\\340\375\031\210\033\210"
 174      7C0B035C 
 174      E0FD1988 
 174      1B88
 175 009f 3B1FEF01 		.ascii	";\037\357\001\362\006\310\307 \037\201\374\006p\277"
 175      F206C8C7 
 175      201F81FC 
 175      0670BF
 176 00ae 06E987EF 		.ascii	"\006\351\207\357wA\236\202\214\203\000\005\325<h\367"
 176      77419E82 
 176      8C830005 
 176      D53C68F7 
 177 00be 0071456C 		.ascii	"\000qEl\376\3529\346\331\005\035Ns\314#\315!\331\227"
 177      FEEA39E6 
 177      D9051D4E 
 177      73CC23CD 
 177      21D997
 178 00d1 EC4AF308 		.ascii	"\354J\363\010 \363\021\233\003\361\265(\237\275\320"
 178      20F3119B 
 178      03F1B528 
 178      9FBDD0
 179 00e0 E160650D 		.ascii	"\341`e\015\204{\024\364G\202|\200\230Mb\347#n\257\236"
 179      847B14F4 
 179      47827C80 
 179      984D62E7 
 179      236EAF9E 
 180 00f4 EBB168A6 		.ascii	"\353\261h\246\315\014+6\255\361%\303=\270\315\271\374"
 180      CD0C2B36 
 180      ADF125C3 
 180      3DB8CDB9 
 180      FC
 181 0105 9C82517B 		.ascii	"\234\202Q{\315\341<\234\210\321\033\016\210D\314\025"
 181      CDE13C9C 
 181      88D11B0E 
 181      8844CC15 
 182 0115 9A8E0F9E 		.ascii	"\232\216\017\236\231pfM\004\321X\236\342\214\005\372"
 182      9970664D 
 182      04D1589E 
 182      E28C05FA 
 183 0125 B5333FBE 		.ascii	"\2653?\276\327\336;_d\217\346o*t\012a\311R\343\267\243"
 183      D7DE3B5F 
 183      648FE66F 
 183      2A740A61 
 183      C952E3B7 
 184 013a B976F81D 		.ascii	"\271v\370\035\012\3741\276 \235Xus@jPG\352\323\272]"
 184      0AFC31BE 
 184      209D5875 
 184      73406A50 
 184      47EAD3BA 
 185 014f 40757740 		.ascii	"@uw@\257\245`\301\324\362\254\315\0059x&\210\342\006"
 185      AFA560C1 
ARM GAS  /var/folders/qd/4mxf5pkd0zdf0b9dd1hp39180000gn/T//ccclSYrX.s 			page 14


 185      D4F2ACCD 
 185      05397826 
 185      88E206
 186 0162 31334EB4 		.ascii	"13N\264_\241Bg\220\007:\215<T\250\004y\222\231\213\220"
 186      5FA14267 
 186      90073A8D 
 186      3C54A804 
 186      7992998B 
 187 0177 B70A9D84 		.ascii	"\267\012\235\204\306\023\320x\200LWvu\367\037\367\214"
 187      C613D078 
 187      804C5776 
 187      75F71FF7 
 187      8C
 188 0188 8AE26BE8 		.ascii	"\212\342k\350,r@\305\010S\014,\356\015\007F\340pnr\266"
 188      2C7240C5 
 188      08530C2C 
 188      EE0D0746 
 188      E0706E72 
 189 019d 2D6E4684 		.ascii	"-nF\204\201P\262\267\267R\2606\307y\253s\214\227,\254"
 189      8150B2B7 
 189      B752B036 
 189      C779AB73 
 189      8C972CAC 
 190 01b1 DA288A02 		.ascii	"\332(\212\002*\2059\316Y\346\200)\311\013Za\242\263"
 190      2A8539CE 
 190      59E68029 
 190      C90B5A61 
 190      A2B3
 191 01c3 E5A5171C 		.ascii	"\345\245\027\034M\250\035\301>@\363\350\372\021b\237"
 191      4DA81DC1 
 191      3E40F3E8 
 191      FA11629F 
 192 01d3 F02642F5 		.ascii	"\360&B\365i\351A\254\035Z\005\366\342P\242HC\220\271"
 192      69E941AC 
 192      1D5A05F6 
 192      E250A248 
 192      4390B9
 193 01e6 45E03604 		.ascii	"E\3406\004\311.\375\307\015 \271U\326\317\246\223\036"
 193      C92EFDC7 
 193      0D20B955 
 193      D6CFA693 
 193      1E
 194 01f7 1675F645 		.ascii	"\026u\366E6\2165\011\226\311dCfqU\231\273\315\244,\213"
 194      368E3509 
 194      96C96443 
 194      66715599 
 194      BBCDA42C 
 195 020c 443CDCCD 		.ascii	"D<\334\315\203[\2179u\242\016\350\205\355\234\244\011"
 195      835B8F39 
 195      75A20EE8 
 195      85ED9CA4 
 195      09
 196 021d A381DF7B 		.ascii	"\243\201\337{\275+G\300w\331v\251>t\252\034\251\005"
 196      BD2B47C0 
 196      77D976A9 
 196      3E74AA1C 
 196      A905
ARM GAS  /var/folders/qd/4mxf5pkd0zdf0b9dd1hp39180000gn/T//ccclSYrX.s 			page 15


 197 022f E63714AE 		.ascii	"\3467\024\256&mu\343\007/\250\315m\025\2106VN\217\227"
 197      266D75E3 
 197      072FA8CD 
 197      6D158836 
 197      564E8F97 
 198 0243 B9B2ED22 		.ascii	"\271\262\355\"\220\2354|e\237#\333.\363\310\3569\337"
 198      909D347C 
 198      659F23DB 
 198      2EF3C8EE 
 198      39DF
 199 0255 912A2C48 		.ascii	"\221*,H%\361I\212\023\347\011\350\263\237\243J\210\332"
 199      25F1498A 
 199      13E709E8 
 199      B39FA34A 
 199      88DA
 200 0267 25889A0A 		.ascii	"%\210\232\012U\241\005\360y\021\251\031\255\302\304"
 200      55A105F0 
 200      7911A919 
 200      ADC2C4
 201 0276 E79B340B 		.ascii	"\347\2334\0133\305\314N\261\254\332\264\350\356IQ\204"
 201      33C5CC4E 
 201      B1ACDAB4 
 201      E8EE4951 
 201      84
 202 0287 788A6A82 		.ascii	"x\212j\202C\345\226\200\226\223\215\213\312P'B\027\220"
 202      43E59680 
 202      96938D8B 
 202      CA502742 
 202      1790
 203 0299 0916518D 		.ascii	"\011\026Q\215\026\222Uu\224\016c\234\213\255\362\337"
 203      16925575 
 203      940E639C 
 203      8BADF2DF 
 204 02a9 D5947DD6 		.ascii	"\325\224}\326\331*\231ZJ\346\262Df\272\245\274\337\205"
 204      D92A995A 
 204      4AE6B244 
 204      66BAA5BC 
 204      DF85
 205 02bb 93195890 		.ascii	"\223\031X\220&\226m\020\311\336\002\024\252\261P\251"
 205      26966D10 
 205      C9DE0214 
 205      AAB150A9 
 206 02cb 5152A9A3 		.ascii	"QR\251\243T\012\237\336\217\303\270\210Q\331\031\237"
 206      540A9FDE 
 206      8FC3B888 
 206      51D9199F 
 207 02db 9C62CF2D 		.ascii	"\234b\317-\325\276j\266D\026u\305b\351\212\322R=\265"
 207      D5BE6AB6 
 207      441675C5 
 207      62E98AD2 
 207      523DB5
 208 02ee 547A7097 		.ascii	"Tzp\227?nb\206F\316\305\376Ub\364\313\031\214\032,v"
 208      3F6E6286 
 208      46CEC5FE 
 208      5562F4CB 
 208      198C1A2C 
 209 0303 1A9476AE 		.ascii	"\032\224v\256R;\371\315\031%N,L\242\007\261U\276\351"
ARM GAS  /var/folders/qd/4mxf5pkd0zdf0b9dd1hp39180000gn/T//ccclSYrX.s 			page 16


 209      523BF9CD 
 209      19254E2C 
 209      4CA207B1 
 209      55BEE9
 210 0316 24D787ED 		.ascii	"$\327\207\355@O9\332]\214\230\236\344\016z\177\363\301"
 210      404F39DA 
 210      5D8C989E 
 210      E40E7A7F 
 210      F3C1
 211 0328 34671647 		.ascii	"4g\026G1\013A\303\276\251\251x5\356aL\356\334xQ\307"
 211      310B41C3 
 211      BEA9A978 
 211      35EE614C 
 211      EEDC7851 
 212 033d 73449C0D 		.ascii	"sD\234\015\331\031\275m\3379;$\020\317\322\363J:\244"
 212      D919BD6D 
 212      DF393B24 
 212      10CFD2F3 
 212      4A3AA4
 213 0350 13AB4237 		.ascii	"\023\253B7\310\001DZ\017\324\014*\240\363R\263Oa\267"
 213      C801445A 
 213      0FD40C2A 
 213      A0F352B3 
 213      4F61B7
 214 0363 241A0751 		.ascii	"$\032\007Q|OMC\324\004\360F\012\277\211\334\244A\004"
 214      7C4F4D43 
 214      D404F046 
 214      0ABF89DC 
 214      A44104
 215 0376 DDB3BF27 		.ascii	"\335\263\277'\323\2363\267\005\375\233\344\256\034\027"
 215      D39E33B7 
 215      05FD9BE4 
 215      AE1C17
 216 0385 CE9C10BB 		.ascii	"\316\234\020\273\226\274u\247\2323%)p\373\315\344?\341"
 216      96BC75A7 
 216      9A332529 
 216      70FBCDE4 
 216      3FE1
 217 0397 21C6F356 		.ascii	"!\306\363V\341\316\002\033\206}H\260g\323n\2449Z\345"
 217      E1CE021B 
 217      867D48B0 
 217      67D36EA4 
 217      395AE5
 218 03aa D92EF16C 		.ascii	"\331.\361lc<\217o\3549\254\201\321\036\220_\221,\271"
 218      633C8F6F 
 218      EC39AC81 
 218      D11E905F 
 218      912CB9
 219 03bd 7AB0E47A 		.ascii	"z\260\344z\262l\354\250\032\217\320\231\204\302\243"
 219      B26CECA8 
 219      1A8FD099 
 219      84C2A3
 220 03cc 3D5F214F 		.ascii	"=_!O\007)\333yo\334Db\323\005\013\353\264\304\306\203"
 220      0729DB79 
 220      6FDC4462 
 220      D3050BEB 
 220      B4C4C683 
ARM GAS  /var/folders/qd/4mxf5pkd0zdf0b9dd1hp39180000gn/T//ccclSYrX.s 			page 17


 221 03e0 2C896635 		.ascii	",\211f51G\304\013T\350-\017\344\0039\355\016\3444\017"
 221      3147C40B 
 221      54E82D0F 
 221      E40339ED 
 221      0EE4340F 
 222 03f4 9ED34C40 		.ascii	"\236\323L@\247\203\315\1778\343\320%g\374\214M\320q"
 222      A783CD7F 
 222      38E3D025 
 222      67FC8C4D 
 222      D071
 223 0406 F4610336 		.ascii	"\364a\0036\317\000\271\356\004\315u\2750C\267e\206."
 223      CF00B9EE 
 223      04CD75BD 
 223      3043B765 
 223      862E
 224 0418 64658A9E 		.ascii	"de\212\236\271\247h6\245\266:ZB\201\250\275\333\320"
 224      B9A76836 
 224      A5B63A5A 
 224      4281A8BD 
 224      DBD0
 225 042a DF423DD2 		.ascii	"\337B=\322GC\321.\205b\303\245\315\367\021q_\334O\263"
 225      4743D12E 
 225      8562C3A5 
 225      CDF71171 
 225      5FDC4FB3 
 226 043e BEBB72E2 		.ascii	"\276\273r\342\241Zn\375\356\313\254\027\231R6\363-\231"
 226      A15A6EFD 
 226      EECBAC17 
 226      995236F3 
 226      2D99
 227 0450 496E9EB3 		.ascii	"In\236\263\355#e\216L\357$\356\237\030\334\335\254\341"
 227      ED23658E 
 227      4CEF24EE 
 227      9F18DCDD 
 227      ACE1
 228 0462 817601FD 		.ascii	"\201v\001\375\342X\372\210\023\216S\323`T\264\226&\360"
 228      E258FA88 
 228      138E53D3 
 228      6054B496 
 228      26F0
 229 0474 482F05F5 		.ascii	"H/\005\365\312\3663\275\3267\344\220\024\350\007\214"
 229      CAF633BD 
 229      D637E490 
 229      14E8078C 
 230 0484 E78BCCF4 		.ascii	"\347\213\314\364\033\202rC\336\007\370\000\205?\244"
 230      1B827243 
 230      DE07F800 
 230      853FA4
 231 0493 3C87249E 		.ascii	"<\207$\236\273\036L\274\312\367\243\374\202t\243\027"
 231      BB1E4CBC 
 231      CAF7A3FC 
 231      8274A317 
 232 04a3 243AD67F 		.ascii	"$:\326\177!\335\201\263$\011\361b\323\336<;\274\215"
 232      21DD81B3 
 232      2409F162 
 232      D3DE3C3B 
 232      BC8D
ARM GAS  /var/folders/qd/4mxf5pkd0zdf0b9dd1hp39180000gn/T//ccclSYrX.s 			page 18


 233 04b5 B17CB465 		.ascii	"\261|\264e\3438?7\344\320\365\324\216\376\340b\225\345"
 233      E3383F37 
 233      E4D0F5D4 
 233      8EFEE062 
 233      95E5
 234 04c7 6389E523 		.ascii	"c\211\345#\3062}`l\332E\311r\024\340#\024\376\204\262"
 234      C6327D60 
 234      6CDA45C9 
 234      7214E023 
 234      14FE84B2 
 235 04db 7C2CB1DC 		.ascii	"|,\261\334\335X\350\307B\365SnP\030\320t~\362\252\253"
 235      DD58E8C7 
 235      42F5536E 
 235      5018D074 
 235      7EF2AAAB 
 236 04ef DCFCF8CB 		.ascii	"\334\374\370\313\314\217\027=k\345\253\316\304dk\224"
 236      CC8F173D 
 236      6BE5ABCE 
 236      C4646B94 
 237 04ff B424F36B 		.ascii	"\264$\363k\240S~j\335\371\251\215\355/\330\204\361\016"
 237      A0537E6A 
 237      DDF9A98D 
 237      ED2FD884 
 237      F10E
 238 0511 E686B15D 		.ascii	"\346\206\261]\0337k\030\370\025P\263\216\017\015j\254"
 238      1B376B18 
 238      F81550B3 
 238      8E0F0D6A 
 238      AC
 239 0522 BAE185E4 		.ascii	"\272\341\205\344\206\347\214\347\363\012S\266\253\322"
 239      86E78CE7 
 239      F30A53B6 
 239      ABD2
 240 0530 0DCF003E 		.ascii	"\015\317\000>I\341\323\224\347\013\211\347\311\322\221"
 240      49E1D394 
 240      E70B89E7 
 240      C9D291
 241 053f FD52F620 		.ascii	"\375R\366 <{\363\272r\034p:\343q\244,\261\206\207#\223"
 241      3C7BF3BA 
 241      721C703A 
 241      E371A42C 
 241      B1868723 
 242 0554 C46A7AEF 		.ascii	"\304jz\357\360>'\234\305:\245@\272\361@^\275WT(\340"
 242      F03E279C 
 242      C53AA540 
 242      BAF1405E 
 242      BD575428 
 243 0569 3CD6F9DC 		.ascii	"<\326\371\334\224\224d\307G\222\275iji.t\302\005\254"
 243      949464C7 
 243      4792BD69 
 243      6A692E74 
 243      C205AC
 244 057c B3A8EF72 		.ascii	"\263\250\357r\2254\222tn>\336\225h\203\317\260\316;"
 244      95349274 
 244      6E3EDE95 
 244      6883CFB0 
 244      CE3B
ARM GAS  /var/folders/qd/4mxf5pkd0zdf0b9dd1hp39180000gn/T//ccclSYrX.s 			page 19


 245 058e ED77B7B8 		.ascii	"\355w\267\270\340\363L\251\256\332\360\025\256a\337"
 245      E0F34CA9 
 245      AEDAF015 
 245      AE61DF
 246 059d EBBAE3DF 		.ascii	"\353\272\343\337d\203\342I\202\256\314-\314\300\314"
 246      6483E249 
 246      82AECC2D 
 246      CCC0CC
 247 05ac 819974FB 		.ascii	"\201\231t\373\237(\337\022\347\212\353)\330\3254\031"
 247      9F28DF12 
 247      E78AEB29 
 247      D8D53419 
 248 05bc 6772428B 		.ascii	"grB\213\3303\177\221'}g\213\361\261b\331\3154|$\257"
 248      D8337F91 
 248      277D678B 
 248      F1B162D9 
 248      CD347C24 
 249 05d1 165C5981 		.ascii	"\026\\Y\201\320S\344\206\022\005\214R\205\371\346P\202"
 249      D053E486 
 249      12058C52 
 249      85F9E650 
 249      82
 250 05e2 2BC1418B 		.ascii	"+\301A\213I-\313\006t}\002\037\261\220\362\001\334\212"
 250      492DCB06 
 250      747D021F 
 250      B190F201 
 250      DC8A
 251 05f4 18583AA4 		.ascii	"\030X:\244\350\026\222\241I\346\251%\350xL\374\214\246"
 251      E81692A1 
 251      49E6A925 
 251      E8784CFC 
 251      8CA6
 252 0606 385AF23E 		.ascii	"8Z\362>\232@\012\333\215\034M\210\214!\005\221a%\272"
 252      9A400ADB 
 252      8D1C4D88 
 252      8C210591 
 252      6125BA
 253 0619 EB630B7A 		.ascii	"\353c\013z\263\222v\202\240`2\371\261\205I\234\240`"
 253      B3927682 
 253      A06032F9 
 253      B185499C 
 253      A060
 254 062b B2418E8E 		.ascii	"\262A\216\216\217\023\313F?I\243h\262\253\267s\264\371"
 254      8F13CB46 
 254      3F49A368 
 254      B2ABB773 
 254      B4F9
 255 063d 485CB330 		.ascii	"H\\\2630I\346\033K\204B\000m\023<\320Vj\211\300\341"
 255      49E61B4B 
 255      8442006D 
 255      133CD056 
 255      6A89C0E1 
 256 0651 C4A0DD82 		.ascii	"\304\240\335\202'\372VX\204\322@v\202\354\002\331\007"
 256      27FA5658 
 256      84D24076 
 256      82EC02D9 
 256      07
ARM GAS  /var/folders/qd/4mxf5pkd0zdf0b9dd1hp39180000gn/T//ccclSYrX.s 			page 20


 257 0662 9202920E 		.ascii	"\222\002\222\016\222\014\262\003d/H\022\310\036\220"
 257      920CB203 
 257      642F4812 
 257      C81E90
 258 0671 EF8445B4 		.ascii	"\357\204E\264\006c\264\007d\2647)i\177c\241\315\022"
 258      0663B407 
 258      64B43729 
 258      697F63A1 
 258      CD12
 259 0683 7DD56DB7 		.ascii	"}\325m\267X\340BP*\236\344-\246\206Z\335v\210b\215\017"
 259      58E04250 
 259      2A9EE42D 
 259      A6865ADD 
 259      7688628D 
 260 0698 B932D175 		.ascii	"\2712\321u\356^\351\"E?*Cw[6\363\026\345\314#\263\320"
 260      EE5EE922 
 260      453F2A43 
 260      775B36F3 
 260      16E5CC23 
 261 06ae 3C7490FD 		.ascii	"<t\220\375\320 \267-\345DtO\031\272\012Y\240c\225\241"
 261      D020B72D 
 261      E544744F 
 261      19BA0A59 
 261      A06395A1 
 262 06c2 1305057A 		.ascii	"\023\005\005zT\026\350\215Jt\274\005Mr\363\015\323%"
 262      5416E88D 
 262      4A74BC05 
 262      4D72F30D 
 262      D325
 263 06d4 84A7E8B6 		.ascii	"\204\247\350\266\0276L\026\026\331\240\371\236s\006"
 263      17364C16 
 263      16D9A0F9 
 263      9E7306
 264 06e3 09CEB0E7 		.ascii	"\011\316\260\347\177%N\314\363/Z5\360;\011e\200\301"
 264      7F254ECC 
 264      F32F5A35 
 264      F03B0965 
 264      80C1
 265 06f5 EF05F305 		.ascii	"\357\005\363\005K\342@ym\276;Y\207\235\266\230\177\242"
 265      4BE24079 
 265      6DBE3B59 
 265      879DB698 
 265      7FA2
 266 0707 50A0256B 		.ascii	"P\240%ke\011N\264\354\2067\251\276\352\253\333x\242"
 266      65094EB4 
 266      EC8637A9 
 266      BEEAABDB 
 266      78A2
 267 0719 49206779 		.ascii	"I gy\372^K\016\317J\303\264\262\233\332W\314uwYvq\347"
 267      FA5E4B0E 
 267      CF4AC3B4 
 267      B29BDA57 
 267      CC757759 
 268 0730 D9657077 		.ascii	"\331epwb\234\253\325\004y@\340\011\3624K\220\327\333"
 268      629CABD5 
 268      047940E0 
 268      09F2344B 
ARM GAS  /var/folders/qd/4mxf5pkd0zdf0b9dd1hp39180000gn/T//ccclSYrX.s 			page 21


 268      90D7DB
 269 0743 7B539D94 		.ascii	"{S\235\224\011r?8)\227:\366\240\340&\015\"\350S\215"
 269      09723F38 
 269      29973AF6 
 269      A0E0260D 
 269      22E8538D 
 270 0757 379FD8E3 		.ascii	"7\237\330\343olh\016jI\3352h#\335\032\011?\345\326\310"
 270      6F6C680E 
 270      6A49DD32 
 270      6823DD1A 
 270      093FE5D6 
 271 076c ED2B7C68 		.ascii	"\355+|h/\237\354\260\360\222\311\232\372\262\342\371"
 271      2F9FECB0 
 271      F092C99A 
 271      FAB2E2F9 
 272 077c 157F4D25 		.ascii	"\025\177M%\373\265\340\306~-H\211\323\235'\316\222\252"
 272      FBB5E0C6 
 272      7E2D4889 
 272      D39D27CE 
 272      92AA
 273 078e C6CB0827 		.ascii	"\306\313\010'2n\025\243\005\007\371X\222\310;\223.N"
 273      326E15A3 
 273      0507F958 
 273      92C83B93 
 273      2E4E
 274 07a0 5BF74981 		.ascii	"[\367I\201\344\223\343\002\245\3718\251`\271\322%G\201"
 274      E493E302 
 274      A5F938A9 
 274      60B9D225 
 274      4781
 275 07b2 653E6559 		.ascii	"e>eYHY\026H,\367\354\0338&(\327d\025\235Xy\252\212\307"
 275      48591648 
 275      2CF7EC1B 
 275      382628D7 
 275      64159D58 
 276 07ca B686E87D 		.ascii	"\266\206\350}/N"
 276      2F4E
 277 07d0 D4DAE124 		.ascii	"\324\332\341$Fz\347\216\247\265\032\234\302\224\342"
 277      467AE78E 
 277      A7B51A9C 
 277      C294E2
 278 07df A1BC6267 		.ascii	"\241\274bg\206,#zZ\311\243Z^\263hd\335\356\274{,ox\277"
 278      862C237A 
 278      5AC9A35A 
 278      5EB36864 
 278      DDEEBC7B 
 279 07f7 2DDECDC6 		.ascii	"-\336\315\306&\017\217\356\264\265\272\334\263\322r"
 279      260F8FEE 
 279      B4B5BADC 
 279      B3D272
 280 0806 7DE86A8B 		.ascii	"}\350j\213O\345<\324(\227{\032\026PL\027PB\027pVZ@I"
 280      4FE53CD4 
 280      28977B1A 
 280      16504C17 
 280      50421770 
 281 081e 6C6E3356 		.ascii	"ln3V.\327*\372P_\372v\036\206wI\2311\2215\340\214\323"
 281      2ED72AFA 
ARM GAS  /var/folders/qd/4mxf5pkd0zdf0b9dd1hp39180000gn/T//ccclSYrX.s 			page 22


 281      505FFA76 
 281      1E867749 
 281      99319135 
 282 0835 19C90743 		.ascii	"\031\311\007CS\307]p\026SJ\212\317U\361\325\371\220"
 282      53C75D70 
 282      16534A8A 
 282      CF55F1D5 
 282      F990
 283 0847 A23FBFBC 		.ascii	"\242?\277\274\301\021\037`}SI\031'\354q>S\366\216\265"
 283      C1111F60 
 283      7D534919 
 283      27EC713E 
 283      53F68EB5 
 284 085b DFE39BDF 		.ascii	"\337\343\233\337\223\3049\347\373\035\366\270\220\365"
 284      93C439E7 
 284      FB1DF6B8 
 284      90F5
 285 0869 4D2725EC 		.ascii	"M'%\354\261\303ELIiH\311q\304%L\031\212\357\355\344"
 285      B1C3454C 
 285      496948C9 
 285      71C4254C 
 285      198AEFED 
 286 087e 5B6701A8 		.ascii	"[g\001\250\317\372SZ\370\357\027'Y9\342\316\313\221"
 286      CFFA535A 
 286      F8EF1727 
 286      5939E2CE 
 286      CB91
 287 0890 634FB6EF 		.ascii	"cO\266\357r\304\345l\350\315\226\3703\034\353\010j\\"
 287      72C4E56C 
 287      E8CD96F8 
 287      331CEB08 
 287      6A5C
 288 08a2 FEF9221B 		.ascii	"\376\371\"\033\253\256\275\"\271\266\216\355\244m\307"
 288      ABAEBD22 
 288      B9B68EED 
 288      A46DC7
 289 08b1 722FD82A 		.ascii	"r/\330*+\346\313\340\255\032\352\255z\352\255+\222\267"
 289      2BE6CBE0 
 289      AD1AEAAD 
 289      7AEAAD2B 
 289      92B7
 290 08c3 1AFA12AF 		.ascii	"\032\372\022\257:*+`\253\350\322\306\266\367p%#\371"
 290      3A2A2B60 
 290      ABE8D2C6 
 290      B6F77025 
 290      23F9
 291 08d5 B8A1ED0E 		.ascii	"\270\241\355\016\302\227\231\022_w\371\240\035\256g"
 291      C2979912 
 291      5F77F9A0 
 291      1DAE67
 292 08e4 CAE0E1FA 		.ascii	"\312\340\341\372\032[\334\304\224\236\276\311\323\030"
 292      1A5BDCC4 
 292      949EBEC9 
 292      D318
 293 08f2 DF62CA81 		.ascii	"\337b\312\201\301\354m\366\270\235\217\351\031j\340"
 293      C1EC6DF6 
 293      B89D8FE9 
ARM GAS  /var/folders/qd/4mxf5pkd0zdf0b9dd1hp39180000gn/T//ccclSYrX.s 			page 23


 293      196AE0
 294 0901 0EDA4A0E 		.ascii	"\016\332J\016\323\263\341\242\353\222K\310v\033x\334"
 294      D3B3E1A2 
 294      EB924BC8 
 294      761B78DC 
 295 0911 3BADC1DD 		.ascii	";\255\301\335\024\374Ja\343\225L{Dk\011\313\343\311"
 295      14FC4A61 
 295      E3954C7B 
 295      446B09CB 
 295      E3C9
 296 0923 DFD9620A 		.ascii	"\337\331b\012\244\353\216~~\331\374 \270\241c\220\021"
 296      A4EB8E7E 
 296      7ED9FC20 
 296      B8A16390 
 296      11
 297 0934 5B21E149 		.ascii	"[!\341I\247\002\345)S|\205\201U\025\015\200\256\345"
 297      A702E529 
 297      537C8581 
 297      55150D80 
 297      AEE5
 298 0946 6869E1A8 		.ascii	"hi\341\250Z\216N\201\333\271q-\273\235\311\326;\311"
 298      5A8E4E81 
 298      DBB9712D 
 298      BB9DC9D6 
 298      3BC9
 299 0958 D1E6D473 		.ascii	"\321\346\324s\202\242\317\240Y\327\363\015\260\327L"
 299      82A2CFA0 
 299      59D7F30D 
 299      B0D74C
 300 0967 3B5B79DA 		.ascii	";[y\332\277\013i\177\000Ry\007H?\310\003\220N\220; "
 300      BF0B697F 
 300      00527907 
 300      483FC803 
 300      904E903B 
 301 097c 2D20F740 		.ascii	"- \367@\356\203\364\200\364\201\364\202\264\201\014"
 301      EE83F480 
 301      F481F482 
 301      B4810C
 302 098b 820C8198 		.ascii	"\202\014\201\230@n\203\334\002i\007\351\006\3512_\337"
 302      406E83DC 
 302      026907E9 
 302      06E9325F 
 302      DF
 303 099c B48E3058 		.ascii	"\264\2160X\352\210\013J\246\2453\326E*\232\265\354\242"
 303      EA880B4A 
 303      A6A533D6 
 303      452A9AB5 
 303      ECA2
 304 09ae 3B025E38 		.ascii	";\002^8\304\321Rv\344\005\253\254F\271\375\251\305v"
 304      C4D15276 
 304      E405ABAC 
 304      46B9FDA9 
 304      C576
 305 09c0 93D2B6D6 		.ascii	"\223\322\266\326\342\004\346\263Z\231\317N\315\3553"
 305      E204E6B3 
 305      5A99CF4E 
 305      CDED33
ARM GAS  /var/folders/qd/4mxf5pkd0zdf0b9dd1hp39180000gn/T//ccclSYrX.s 			page 24


 306 09cf 79FD23B3 		.ascii	"y\375#\263}M\211\316W\242'e\350\253s\243%*\324\370Z"
 306      7D4D89CE 
 306      57A22765 
 306      E8AB73A3 
 306      252AD4F8 
 307 09e4 0BFCA612 		.ascii	"\013\374\246\022\236\255,\334\006\270S\340r\240u\310"
 307      9EAD2CDC 
 307      06B853E0 
 307      72A075C8 
 308 09f4 0CA7E4CC 		.ascii	"\014\247\344\3142~[\346\361KJ\343\027g\301\007d\360"
 308      327E5BE6 
 308      F14B4AE3 
 308      1767C107 
 308      64F0
 309 0a06 7225BC6C 		.ascii	"r%\274l\026\274K\006\257\230\033./\307:X9\326\252,\307"
 309      16BC4B06 
 309      AF981B2E 
 309      2FC73A58 
 309      39D6AA2C 
 310 0a1b 88A9BE0E 		.ascii	"\210\251\276\016\267\3548rB\210\255F\245\255b\245\217"
 310      B7EC3872 
 310      4288AD46 
 310      A5AD62A5 
 310      8F
 311 0a2c 6B653357 		.ascii	"ke3W)\321\254\034\223\207\273\361SK\270\257\317\271"
 311      29D1AC1C 
 311      9387BBF1 
 311      534BB8AF 
 311      CFB9
 312 0a3e 3964B61B 		.ascii	"9d\266\033e\266+\347\366\231<\3322\364\371\271\367\364"
 312      65B62BE7 
 312      F6993CDA 
 312      32F4F9B9 
 312      F7F4
 313 0a50 0C0FCB36 		.ascii	"\014\017\3136\307\217s/\323L\234d\002\036\356s\020\356"
 313      C78F732F 
 313      D34C9C64 
 313      021EEE73 
 313      10EE
 314 0a62 331C2E5D 		.ascii	"3\034.]/\250hF\261\327`\372\256A\215\357\321\234$\264"
 314      2FA86846 
 314      B1D760FA 
 314      AE418DEF 
 314      D19C24B4 
 315 0a76 DF3B99E8 		.ascii	"\337;\231\350\250,\366\244#\217F\340\244\377/N=/\006"
 315      A82CF6A4 
 315      238F46E0 
 315      A4FF2F4E 
 315      3D2F06
 316 0a89 FB6D4931 		.ascii	"\373mI18\014\023>\264\024\203\255R1\230\323\327uQ-/"
 316      380C133E 
 316      B41483AD 
 316      523198D3 
 316      D775512D 
 317 0a9e 06876714 		.ascii	"\006\207g\024\203\243\274\030\034\245\305`w\232x\013"
 317      83A3BC18 
 317      1CA5C560 
ARM GAS  /var/folders/qd/4mxf5pkd0zdf0b9dd1hp39180000gn/T//ccclSYrX.s 			page 25


 317      779A780B 
 318 0aae E35196A5 		.ascii	"\343Q\226\245\263\373\353/\363[\362W\344\3571;\007\267"
 318      B3FBEB2F 
 318      F35BF257 
 318      E4EF313B 
 318      07B7
 319 0ac0 2396A4FB 		.ascii	"#\226\244\373I\322\316\252\037Ku\300\242-\305\236.}"
 319      49D2CEAA 
 319      1F4B75C0 
 319      A22DC59E 
 319      2E7D
 320 0ad2 B08441C9 		.ascii	"\260\204A\311\017\304\366\304\266Vd\365\332z*][\343"
 320      0FC4F6C4 
 320      B65664F5 
 320      DA7A2A5D 
 320      5BE3
 321 0ae4 ECDA6A7E 		.ascii	"\354\332j~Z:\351\2047SC\352\374\270#\303j\344\351\201"
 321      5A3AE984 
 321      375343EA 
 321      FCB823C3 
 321      6AE4E981 
 322 0af8 008ED85F 		.ascii	"\000\216\330_\224\310\377\011\250\320s\330[\023\002"
 322      94C8FF09 
 322      A8D073D8 
 322      5B1302
 323 0b07 96FE8F21 		.ascii	"\226\376\217!M\004\363\303\377\"\315\360]C\337s\374"
 323      4D04F3C3 
 323      FF22CDF0 
 323      5D43DF73 
 323      FC
 324 0b18 6D6912DC 		.ascii	"mi\022\334\377\234\3167\005\321y\306&\314\3108\177\003"
 324      FF9CCE37 
 324      05D179C6 
 324      26CCC838 
 324      7F03
 325 0b2a C96F3E62 		.ascii	"\311o>b\3731\364?\242\021\177Ao\276\247\322\315W\230"
 325      FB31F43F 
 325      A2117F41 
 325      6FBEA7D2 
 325      CD5798
 326 0b3d 5E3361EF 		.ascii	"^3a\357\300m'\374'\333y\243\271S3n\325\351\227\331\256"
 326      C06D27FC 
 326      27DB79A3 
 326      B953336E 
 326      D5E997D9 
 327 0b52 DF57D7ED 		.ascii	"\337W\327\355\364z\216x\255L,\273hz3mC\231\030\367\036"
 327      F47A8E78 
 327      AD4C2CBB 
 327      687A336D 
 327      439918F7 
 328 0b67 12B11B7A 		.ascii	"\022\261\033z\002\241\254G\013eC\307\240\345SA\205b"
 328      02A1AC47 
 328      0B6543C7 
 328      A0E55341 
 328      8562
 329 0b79 F1EBAADF 		.ascii	"\361\353\252\337y{k\331\277\210h\355\332\240PmdDTL\264"
 329      797B6BD9 
ARM GAS  /var/folders/qd/4mxf5pkd0zdf0b9dd1hp39180000gn/T//ccclSYrX.s 			page 26


 329      BF8868ED 
 329      DAA0506D 
 329      6444544C 
 330 0b8e 3638222C 		.ascii	"68\",,\"\\\353\253_\251[\371\2656\374\237!\301\336\301"
 330      2C225CEB 
 330      AB5FA95B 
 330      F9B536FC 
 330      9F21C1DE 
 331 0ba3 9A3F7FF0 		.ascii	"\232?\177\360\341k\272\305\213U\016\006\303\272\220"
 331      E16BBAC5 
 331      8B550E06 
 331      C3BA90
 332 0bb2 F098B796 		.ascii	"\360\230\267\226\030bv \255oddhHpPLHDx\264\326/84$2"
 332      18627620 
 332      AD6F6464 
 332      68487050 
 332      4C484478 
 333 0bcd DA68307A 		.ascii	"\332h0zE\256\013\376\373\022\357\240\310H\255.\"<\306"
 333      45AE0BFE 
 333      FB12EFA0 
 333      C848AD2E 
 333      223CC6
 334 0be0 181E33AB 		.ascii	"\030\0363\253S\273*\"\"4Z\373ep\260WPT\230WxD\270\321"
 334      53BB2A22 
 334      22345AFB 
 334      6570B057 
 334      50549857 
 335 0bf8 CB18F479 		.ascii	"\313\030\364y\210\327R\257%>\213\227z\375\343m\257\260"
 335      88D752AF 
 335      253E8B97 
 335      7AFDE36D 
 335      AFB0
 336 0c0a A0AF22A2 		.ascii	"\240\257\"\242\2643z\265!\341\301\241\353\326\030\265"
 336      B4337AB5 
 336      21E1C1A1 
 336      EBD618B5 
 337 0c1a 6141C16B 		.ascii	"aA\301kC\302\215Z\303\032\343\027A\353Bc\0141\353#\215"
 337      43C28D5A 
 337      C31AE317 
 337      41EB4263 
 337      0C31EB23 
 338 0c2f D1DE6B55 		.ascii	"\321\336kU\032\211\334\246\377\037\271\350\365\321Z"
 338      1A89DCA6 
 338      FF1FB9E8 
 338      F5D15A
 339 0c3e 4374CC1A 		.ascii	"Ct\314\032`\002\214\346\021\007\372\205\007}\036j\\"
 339      60028CE6 
 339      1107FA85 
 339      077D1E6A 
 339      5C
 340 0c4f 6D0C8E89 		.ascii	"m\014\216\211\210\372\375O\367\272\352g\344\275,$\332"
 340      88FAFD4F 
 340      F7BAEA67 
 340      E4BD2C24 
 340      DA
 341 0c60 32DA83B4 		.ascii	"2\332\203\264\004\032c\002\327G\307\030\303V\004\205"
 341      041A6302 
ARM GAS  /var/folders/qd/4mxf5pkd0zdf0b9dd1hp39180000gn/T//ccclSYrX.s 			page 27


 341      D747C718 
 341      C3560485 
 342 0c70 AF093546 		.ascii	"\257\0115F\005D\205DD\205\304\254\247s\351B\215AQ\001"
 342      05448544 
 342      4485C4AC 
 342      A773E942 
 342      8D415101 
 343 0c84 C67098FF 		.ascii	"\306p\230\377K{\275_\240\237~\265\337\262?\010\376\001"
 343      4B7BBD5F 
 343      A09F7EB5 
 343      DFB23F08 
 343      FE01
 344 0c96 F62C74EF 		.ascii	"\366,t\357\032b\354\370\333\334\375\266\332\337\367"
 344      1A62ECF8 
 344      DBDCFDB6 
 344      DADFF7
 345 0ca5 7DBD597D 		.ascii	"}\275Y}K\355\257\013\260\250K\324\376\201\001z\215\236"
 345      4BEDAF0B 
 345      B0A84BD4 
 345      FE81017A 
 345      8D9E
 346 0cb7 698BA1D3 		.ascii	"i\213\241\323\317\322\351\003\235~zu\340*\177\375o\345"
 346      CFD2E903 
 346      9D7E7A75 
 346      E02A7FFD 
 346      6FE5
 347 0cc9 2B337E1D 		.ascii	"+3~\035\243\325\255\014\364\0174\373%8\"\312h\010\016"
 347      A3D5AD0C 
 347      F40F34FB 
 347      253822CA 
 347      68080E
 348 0cdc 7B1B9C62 		.ascii	"{\033\234b\377\301j\177\235a\025\004\015F\373\352\325"
 348      FFC16A7F 
 348      9D611504 
 348      0D46FBEA 
 348      D5
 349 0ced 2B572ED7 		.ascii	"+W.\327c\337ez\274\014\336\001\313\365j\337\345\201"
 349      63DF657A 
 349      BC0CDE01 
 349      CBF56ADF 
 349      E581
 350 0cff 7AF5FBCB 		.ascii	"z\365\373\313}\3656\320\005\200eD_A>t\360a\023\270B"
 350      7DF536D0 
 350      05806544 
 350      5F413E74 
 350      F06113B8 
 351 0d14 17A8C781 		.ascii	"\027\250\307\201+\002\260N\007o\235\336\306\327_\257"
 351      2B02B04E 
 351      076F9DDE 
 351      C6D75FAF 
 352 0d24 D3AB57AF 		.ascii	"\323\253W\257\372\213\036\350\001B\027\360\241\3772"
 352      FA8B1EE8 
 352      014217F0 
 352      A1FF32
 353 0d33 F8F4D5E9 		.ascii	"\370\364\325\3515\201\272\367\351\\\316\006\303\027"
 353      3581BAF7 
 353      E95CCE06 
ARM GAS  /var/folders/qd/4mxf5pkd0zdf0b9dd1hp39180000gn/T//ccclSYrX.s 			page 28


 353      C317
 354 0d41 EBC2830D 		.ascii	"\353\302\203\015\006\357w|\226\372h$M\035\2746(\352"
 354      06EF777C 
 354      96FA6824 
 354      4D1DBC36 
 354      28EA
 355 0d53 DFB2732D 		.ascii	"\337\262s-\001"
 355      01
 356              		.text
 357              		.section	.gnu.lto_.symtab.91a05a3ad596e03c,"",%progbits
 358 0000 6E766963 		.ascii	"nvicEnableVector\000"
 358      456E6162 
 358      6C655665 
 358      63746F72 
 358      00
 359 0011 00       		.ascii	"\000"
 360 0012 00       		.ascii	"\000"
 361 0013 00       		.ascii	"\000"
 362 0014 00000000 		.ascii	"\000\000\000\000\000\000\000\000"
 362      00000000 
 363 001c C7000000 		.ascii	"\307\000\000\000"
 364 0020 6E766963 		.ascii	"nvicDisableVector\000"
 364      44697361 
 364      626C6556 
 364      6563746F 
 364      7200
 365 0032 00       		.ascii	"\000"
 366 0033 00       		.ascii	"\000"
 367 0034 00       		.ascii	"\000"
 368 0035 00000000 		.ascii	"\000\000\000\000\000\000\000\000"
 368      00000000 
 369 003d CB000000 		.ascii	"\313\000\000\000"
 370 0041 6E766963 		.ascii	"nvicSetSystemHandlerPriority\000"
 370      53657453 
 370      79737465 
 370      6D48616E 
 370      646C6572 
 371 005e 00       		.ascii	"\000"
 372 005f 00       		.ascii	"\000"
 373 0060 00       		.ascii	"\000"
 374 0061 00000000 		.ascii	"\000\000\000\000\000\000\000\000"
 374      00000000 
 375 0069 CD000000 		.ascii	"\315\000\000\000"
 376 006d 6E766963 		.ascii	"nvicClearPending\000"
 376      436C6561 
 376      7250656E 
 376      64696E67 
 376      00
 377 007e 00       		.ascii	"\000"
 378 007f 00       		.ascii	"\000"
 379 0080 00       		.ascii	"\000"
 380 0081 00000000 		.ascii	"\000\000\000\000\000\000\000\000"
 380      00000000 
 381 0089 CF000000 		.ascii	"\317\000\000\000"
 382              		.text
 383              		.section	.gnu.lto_.opts,"",%progbits
 384 0000 272D666D 		.ascii	"'-fmath-errno' '-fsigned-zeros' '-ftrapping-math' '"
ARM GAS  /var/folders/qd/4mxf5pkd0zdf0b9dd1hp39180000gn/T//ccclSYrX.s 			page 29


 384      6174682D 
 384      6572726E 
 384      6F272027 
 384      2D667369 
 385 0033 2D666E6F 		.ascii	"-fno-trapv' '-fno-openmp' '-fno-openacc' '-mcpu=cor"
 385      2D747261 
 385      70762720 
 385      272D666E 
 385      6F2D6F70 
 386 0066 7465782D 		.ascii	"tex-m4' '-mno-thumb-interwork' '-mthumb' '-O2' '-fo"
 386      6D342720 
 386      272D6D6E 
 386      6F2D7468 
 386      756D622D 
 387 0099 6D69742D 		.ascii	"mit-frame-pointer' '-falign-functions=16' '-ffuncti"
 387      6672616D 
 387      652D706F 
 387      696E7465 
 387      72272027 
 388 00cc 6F6E2D73 		.ascii	"on-sections' '-fdata-sections' '-fno-common' '-flto"
 388      65637469 
 388      6F6E7327 
 388      20272D66 
 388      64617461 
 389 00ff 2700     		.ascii	"'\000"
 390              		.text
 391              		.comm	__gnu_lto_v1,1,1
 392              		.comm	__gnu_lto_slim,1,1
 393              		.ident	"GCC: (GNU Tools for Arm Embedded Processors 7-2017-q4-major) 7.2.1 20170904 (release) [ARM
ARM GAS  /var/folders/qd/4mxf5pkd0zdf0b9dd1hp39180000gn/T//ccclSYrX.s 			page 30


DEFINED SYMBOLS
                            *ABS*:0000000000000000 nvic.c
                            *COM*:0000000000000001 __gnu_lto_v1
                            *COM*:0000000000000001 __gnu_lto_slim

NO UNDEFINED SYMBOLS
