ARM GAS  /var/folders/qd/4mxf5pkd0zdf0b9dd1hp39180000gn/T//ccCcDHkS.s 			page 1


   1              		.cpu cortex-m4
   2              		.eabi_attribute 20, 1
   3              		.eabi_attribute 21, 1
   4              		.eabi_attribute 23, 3
   5              		.eabi_attribute 24, 1
   6              		.eabi_attribute 25, 1
   7              		.eabi_attribute 26, 1
   8              		.eabi_attribute 30, 2
   9              		.eabi_attribute 34, 1
  10              		.eabi_attribute 18, 4
  11              		.file	"osal.c"
  12              		.section	.gnu.lto_.profile.5f86984641f228b2,"",%progbits
  13 0000 789C6363 		.ascii	"x\234cc```\001bF\006}i\000\000\361\000V"
  13      60606001 
  13      6246067D 
  13      690000F1 
  13      0056
  14              		.text
  15              		.section	.gnu.lto_.icf.5f86984641f228b2,"",%progbits
  16 0000 789C6363 		.ascii	"x\234cc``\340c@\000&\206\015W_\257acZ\321\360\351\013"
  16      6060E063 
  16      40002686 
  16      0D575FAF 
  16      61635AD1 
  17 0017 1B030030 		.ascii	"\033\003\0000Y\006O"
  17      59064F
  18              		.text
  19              		.section	.gnu.lto_.jmpfuncs.5f86984641f228b2,"",%progbits
  20 0000 789C6363 		.ascii	"x\234cc``\250e@\000&\006&FF\346\3729\314\014\214s\230"
  20      6060A865 
  20      40002606 
  20      264646E6 
  20      FA39CC0C 
  21 0017 19591818 		.ascii	"\031Y\030\030\030\017\26002\000\361\237\377\377\377"
  21      180FB030 
  21      3200F19F 
  21      FFFFFF
  22 0026 F333324D 		.ascii	"\36332Maf\234\326z\350<{7\363\034f&F\006\306\315\214"
  22      61669CD6 
  22      7AE83C7B 
  22      37F31C66 
  22      264606C6 
  23 003c 3220CC54 		.ascii	"2 \314T\311\210PZ\317\300\204\337\020\034\272\030\000"
  23      C988505A 
  23      CFC084DF 
  23      101CBA18 
  23      00
  24 004d 25391C13 		.ascii	"%9\034\023"
  25              		.text
  26              		.section	.gnu.lto_.inline.5f86984641f228b2,"",%progbits
  27 0000 789C6363 		.ascii	"x\234cc``X\310\200\000L\014\014\002\242\214,\014\012"
  27      606058C8 
  27      80004C0C 
  27      0C02A28C 
  27      2C0C0A
  28 0013 69539819 		.ascii	"iS\230\031\247\265\036:\317\336\315<\207\231\231\221"
  28      A7B51E3A 
ARM GAS  /var/folders/qd/4mxf5pkd0zdf0b9dd1hp39180000gn/T//ccCcDHkS.s 			page 2


  28      CFDECD3C 
  28      87999991 
  29 0023 817133A3 		.ascii	"\201q3\243\0143\003\203B&\214\301\310\000&\230\0318"
  29      0C330383 
  29      42268CC1 
  29      C8002698 
  29      1938
  30 0035 800CB605 		.ascii	"\200\014\266\005\362L\014\214/\330\025\230\030X;\324"
  30      F24C0C8C 
  30      2FD81598 
  30      18583BD4 
  31 0045 1518384F 		.ascii	"\025\0308O.\002\032\302\330\313\254\300\302\304\300"
  31      2E021AC2 
  31      D8CBACC0 
  31      C2C4C0
  32 0054 BC9C5301 		.ascii	"\274\234S\001\314\001\262\201\200\231\207\201\205\201"
  32      CC01B281 
  32      80998781 
  32      8581
  33 0062 6982DF04 		.ascii	"i\202\337\004?&\006~SF&$\243X\370o\234da`\357P\007\033"
  33      3F26067E 
  33      53462624 
  33      A358F86F 
  33      9C646160 
  34 007a C6012121 		.ascii	"\306\001!!z\030!Z\030\000\320R\027."
  34      7A18215A 
  34      1800D052 
  34      172E
  35              		.text
  36              		.section	.gnu.lto_.pureconst.5f86984641f228b2,"",%progbits
  37 0000 789C6363 		.ascii	"x\234cc```\005b&\006)&)\000\000\376\000D"
  37      60606005 
  37      62260629 
  37      26290000 
  37      FE0044
  38              		.text
  39              		.section	.gnu.lto_osalThreadDequeueNextI.5f86984641f228b2,"",%progbits
  40 0000 789C8554 		.ascii	"x\234\205Tmk\024W\024\276\317=\363\226\0357\361\203"
  40      6D6B1457 
  40      14BECF3D 
  40      F3961D37 
  40      F183
  41 0012 5F04A50B 		.ascii	"_\004\245\013\032\202\024\262\205\366g\370#*\375\240"
  41      1A8214B2 
  41      85F667F8 
  41      232AFDA0 
  42 0022 825ADB88 		.ascii	"\202Z\333\210_w\362:\211/\330\006\223\302t*\203i\214"
  42      5F77F23A 
  42      892FD806 
  42      93C2742A 
  42      83698C
  43 0035 605F0CD5 		.ascii	"`_\014\325\304]S\035w[\337\232\215QcW4\354\007\245["
  43      C45D531D 
  43      775BDF9A 
  43      8D516357 
  43      34EC07A5 
  44 004a 12AC5028 		.ascii	"\022\254P(\371Pt\355\271w\306\232\306\242\303\356\235"
ARM GAS  /var/folders/qd/4mxf5pkd0zdf0b9dd1hp39180000gn/T//ccCcDHkS.s 			page 3


  44      F95074ED 
  44      B977C69A 
  44      C6A2C3EE 
  44      9D
  45 005b FB72CE79 		.ascii	"\373r\316y\316\363\234s\307\022Bl7\205x\217\337\037"
  45      CEF39C73 
  45      C712426C 
  45      3785788F 
  45      DF1F
  46 006d F21F8E80 		.ascii	"\362\037\216\200\374lN\210nGJ{\350\035\341e,?/\274u"
  46      FC6C4E88 
  46      6E474A7B 
  46      E81DE165 
  46      2C3F2FBC 
  47 0082 36486D83 		.ascii	"6Hm\203\244\261\350\362\256y\256,x\333\200\225X\233"
  47      A4B1E8F2 
  47      AE79AE2C 
  47      78DB8095 
  47      589B
  48 0094 C9F915C7 		.ascii	"\311\371\025\307\002\324\304s \012\322&\303\264P\220"
  48      02D4C473 
  48      200AD226 
  48      C3B45090 
  49 00a4 24D2E708 		.ascii	"$\322\347\010\035'\224\375FQn\233\360\370\211\277X\331"
  49      1D2794FD 
  49      46516E9B 
  49      F0F889BF 
  49      58D9
  50 00b6 E89D8E11 		.ascii	"\350\235\216\021\262\305hj\205\037\260\215\255n\367"
  50      B2C5686A 
  50      851FB08D 
  50      AD6EF7
  51 00c5 9D0DE930 		.ascii	"\235\015\3510\205\004\030\274\374\263\032<nUK\211\034"
  51      850418BC 
  51      FCB31A3C 
  51      6E554B89 
  51      1C
  52 00d6 2F17BFAC 		.ascii	"/\027\277\2547[h\013\004\317\373\353\265\013n\307\270"
  52      375B680B 
  52      04CFFBEB 
  52      B50B6EC7 
  52      B8
  53 00e7 E7F578F1 		.ascii	"\347\365x\361_\343\344m\015\2110\005\342\2008\217M8"
  53      5FE3E46D 
  53      0D893005 
  53      E280388F 
  53      4D38
  54 00f9 874D82B7 		.ascii	"\207M\202\267\004\246\321\301\346\263g\2135\203:\264"
  54      04A6D1C1 
  54      E6B3678B 
  54      35833AB4 
  55 0109 EBC854EF 		.ascii	"\353\310T\357iR\256\234\312\354\204v5pa\255\253!PD\207"
  55      6952AE9C 
  55      CAEC8476 
  55      357061AD 
  55      AB215044 
  56 011e B21FFE66 		.ascii	"\262\037\376f\276f\321\273\332\327\277{\246\344\266"
ARM GAS  /var/folders/qd/4mxf5pkd0zdf0b9dd1hp39180000gn/T//ccCcDHkS.s 			page 4


  56      BE66D1BB 
  56      DAD7BF7B 
  56      A6E4B6
  57 012d 8F69D886 		.ascii	"\217i\330\206o\006^\334\227\013\311D\351\277\356\352"
  57      6F065EDC 
  57      970BC944 
  57      E9BFEEEA 
  58 013d 61EB4793 		.ascii	"a\353G\223\315\221\254e\340\"\332\243\227d1\003\013"
  58      CD91AC65 
  58      E022DAA3 
  58      97643103 
  58      0B
  59 014e 7C36707C 		.ascii	"|6p|~\322\241N\035u\351\322\323)'\215\332\364\3554\252"
  59      7ED2A14E 
  59      1D75E9D2 
  59      D329278D 
  59      DAF4ED34 
  60 0163 851FDF18 		.ascii	"\205\037\337\030\365\022\332u4\216y\231c\012!\025\220"
  60      F512DA75 
  60      348E7999 
  60      630A2115 
  60      90
  61 0174 DAFEFE8E 		.ascii	"\332\376\376\216\031{\315\027\276\027\327\177\307\304"
  61      197BCD17 
  61      BE17D77F 
  61      C7C4
  62 0182 D851B481 		.ascii	"\330Q\264\201\031\331\222\007\223\324\314P\203)\224"
  62      19D99207 
  62      93D4CC50 
  62      832994
  63 0191 AD0D2511 		.ascii	"\255\015%\021\267\000\373f\364\216\253\307,4\1771\310"
  63      B700FB66 
  63      F48EABC7 
  63      2C347F31 
  63      C8
  64 01a2 49CF6CF6 		.ascii	"I\317l\366b1D\222'\275\261XF\317\337~\365XFa\007\344"
  64      62314492 
  64      27BDB158 
  64      46CFDF7E 
  64      F5584661 
  65 01b8 7046A3FD 		.ascii	"pF\243\375\345[\266\252\023i:3\345\352U+\302\211nV8"
  65      E55BB6AA 
  65      13693A33 
  65      E5EA552B 
  65      C2896E56 
  66 01cd 6A286827 		.ascii	"j(h' \033\261\242\300\307\013\376\375\272\233\377V\351"
  66      201BB1A2 
  66      C0C70BFE 
  66      FDBA9BFF 
  66      56E9
  67 01df CF2C5B70 		.ascii	"\317,[p\005\021F(%w\246\272\\\267\012\317\325a4\005"
  67      05114628 
  67      2577A6BA 
  67      5CB70ACF 
  67      D5613405 
  68 01f3 256D1979 		.ascii	"%m\031yfXAA4\320\023\235\204\026\220\223ehN\245\\Zj"
  68      66584141 
ARM GAS  /var/folders/qd/4mxf5pkd0zdf0b9dd1hp39180000gn/T//ccCcDHkS.s 			page 5


  68      34D0139D 
  68      84169093 
  68      65684EA5 
  69 020a B6269960 		.ascii	"\266&\231`\015t\356-\270?\255\306\375\374\306|%\313"
  69      0D74EE2D 
  69      B83FADC6 
  69      FDFCC67C 
  69      25CB
  70 021c 877DDDEA 		.ascii	"\207}\335\3520\203\237\221\037a6\214|\225\361\177C\337"
  70      30839F91 
  70      1F61368C 
  70      7C95F17F 
  70      43DF
  71 022e 5CE58357 		.ascii	"\\\345\203W0\377\022\316@\340ZZ\232A\262\305\242\213"
  71      30FF12CE 
  71      40E05A5A 
  71      9A41B2C5 
  71      A28B
  72 0240 21EE3ABE 		.ascii	"!\356:\276\015,T\003RK\031\220\251D+-\035\032\313\250"
  72      0D2C5403 
  72      524B1990 
  72      A9442B2D 
  72      1D1ACBA8 
  73 0254 52052457 		.ascii	"R\005$W\307\260^\027\355 k\346\262\033\256\377o\356"
  73      C7B05E17 
  73      ED206BE6 
  73      B21BAEFF 
  73      6FEE
  74 0266 EB7043E7 		.ascii	"\353pC\347.\223\334\277\373\243g\316H\016\243SZ\263"
  74      2E93DCBF 
  74      FBA367CE 
  74      480EA353 
  74      5AB3
  75 0278 9B2A7BDD 		.ascii	"\233*{\335m\277$\331?\250, \205V\272\361\263\002\223"
  75      6DBF24D9 
  75      3FA82C20 
  75      8556BAF1 
  75      B30293
  76 028b 5D6BDDB5 		.ascii	"]k\335\265GH]_T\214\220\262\021_\020n~\035\370\304\360"
  76      47485D5F 
  76      548C90B2 
  76      115F106E 
  76      7E1DF8C4 
  77 02a0 D75E1B17 		.ascii	"\327^\033\027c\220OW8p+fu1\252(\330\303\255\001\271"
  77      63904F57 
  77      38702B66 
  77      7531AA28 
  77      D8C3AD01 
  78 02b5 E683C675 		.ascii	"\346\203\306upg\030L\\w\006\227\343\360c+A\242\325$"
  78      7067184C 
  78      5C770697 
  78      E3F0632B 
  78      41A2D524 
  79 02c9 CDD748AA 		.ascii	"\315\327H\252\032\250\362\314\245\024\177\235.M\257"
  79      1AA8F2CC 
  79      A5147F9D 
  79      2E4DAF
ARM GAS  /var/folders/qd/4mxf5pkd0zdf0b9dd1hp39180000gn/T//ccCcDHkS.s 			page 6


  80 02d8 AEC02D4D 		.ascii	"\256\300-MQ\227`\236Q\227\321;:0d&\241\215$\372y\177"
  80      5197609E 
  80      5197D13B 
  80      3A306426 
  80      A18D24FA 
  81 02ee 76329394 		.ascii	"v2\223\224\001\270\315q8\201\205C\232\350ZE\367\211"
  81      01B8CD71 
  81      38818543 
  81      9AE85A45 
  81      F789
  82 0300 B7C0DD79 		.ascii	"\267\300\335y\005w\027y\206\020O\320\037]>\262QES\016"
  82      05771779 
  82      86104FD0 
  82      1F5D3EB2 
  82      5145530E 
  83 0314 C5E29387 		.ascii	"\305\342\223\2076\213\341\204\3246\252\014\261\300="
  83      368BE184 
  83      D436AA0C 
  83      B1C03D
  84 0323 195026A0 		.ascii	"\031P&\240lH\353\225\242<\345\373\305z\230\202?\225"
  84      6C48EB95 
  84      A23CE5FB 
  84      C57A9882 
  84      3F95
  85 0335 5A90DE70 		.ascii	"Z\220\336p`\374\375$iUP\365Q{\366\325tK\362\215\333"
  85      60FCFD24 
  85      695550F5 
  85      517BF6D5 
  85      744BF28D 
  86 034a 807B9C0D 		.ascii	"\200{\234\015\267uN\337`\335*\256P\001\254\344\252="
  86      B7754EDF 
  86      60DD2AAE 
  86      5001ACE4 
  86      AA3D
  87 035c 8514696F 		.ascii	"\205\024io\201wx\221\353\354\314'\277\217\273\362\273"
  87      81777891 
  87      EBECCC27 
  87      BF8FBBF2 
  87      BB
  88 036d 76ECE117 		.ascii	"v\354\341\027\017\373v'\223\316\217\004\035\370d?\355"
  88      0FFB7627 
  88      93CE8F04 
  88      1DF8643F 
  88      ED
  89 037e EDDA29BB 		.ascii	"\355\332)\273\366\313\003\237\376\003\325\217\276\007"
  89      F6CB039F 
  89      FE03D58F 
  89      BE07
  90              		.text
  91              		.section	.gnu.lto_osalThreadDequeueAllI.5f86984641f228b2,"",%progbits
  92 0000 789C8554 		.ascii	"x\234\205TmO\034U\024\276g\316\274\261/,\255\306\230"
  92      6D4F1C55 
  92      14BE67CE 
  92      BCB12F2C 
  92      ADC698
  93 0013 94181225 		.ascii	"\224\030\022%\2441a\223\306\017&\376\032\333\017\326"
  93      A4316193 
ARM GAS  /var/folders/qd/4mxf5pkd0zdf0b9dd1hp39180000gn/T//ccCcDHkS.s 			page 7


  93      C60F26FE 
  93      1ADB0FD6 
  94 0023 4469153E 		.ascii	"Di\025>\273\003\013,F\213\206\024L\226\261\031[\033"
  94      BB030B2C 
  94      468B8614 
  94      4C96B119 
  94      5B1B
  95 0035 9A546D49 		.ascii	"\232TmIa\267\273\224vX\260E\344\255\264e\253n\366C\211"
  95      61B7BB94 
  95      7658B045 
  95      E4ADB465 
  95      AB6EF643 
  96 004a AB209234 		.ascii	"\253 \2224!\233X\355\3529\367N\355\026I\234\354\316"
  96      219B58ED 
  96      EA39F74E 
  96      ED16499C 
  96      ECCE
  97 005c DCB9F73C 		.ascii	"\334\271\367<\347y\316s\356\\S\010\0211\205x\215\236"
  97      E779CE73 
  97      EE5C5308 
  97      11318578 
  97      8D9E
  98 006e 47E90FB6 		.ascii	"G\351\017\266\000\355\323e!\272m\015L5@M_\211\012'd"
  98      00EDD365 
  98      21BA6D0D 
  98      4C35404D 
  98      5F890A27 
  99 0083 CCF84238 		.ascii	"\314\370B8\021\035\0145o\250\200\031\333\324p\242@K"
  99      111D0C35 
  99      6FA88019 
  99      DBD470A2 
  99      404B
 100 0095 21AB14A6 		.ascii	"!\253\024\246\000\013\200\347\035\033DBC\3350-Hh\304"
 100      000B80E7 
 100      1D1B4442 
 100      43DD302D 
 100      4868C4
 101 00a8 A1AE8FF1 		.ascii	"\241\256\217\3614B!U\311i\207\307\034\272\374\317v\315"
 101      34422155 
 101      C96987C7 
 101      1CBAFCCF 
 101      76CD
 102 00ba 7EA7EF45 		.ascii	"~\247\357E\027\205\030A\025\003W\3400E\335\356\275\354"
 102      17851841 
 102      150357E0 
 102      3045DDEE 
 102      BDEC
 103 00cc E247E822 		.ascii	"\342G\350\"\200N\257\017\227\322\033\215\374\252A\013"
 103      804EAF0F 
 103      97D21B8D 
 103      FCAA410B 
 104 00dc BD9646CB 		.ascii	"\275\226F\313\265\006|\031\004\215\373\312\305\253\341"
 104      B5067C19 
 104      048DFBCA 
 104      C5ABE1
 105 00eb B6F38ED3 		.ascii	"\266\363\216\323\343\370\333\347\321y\305E\204\014 "
 105      E3F8DBE7 
ARM GAS  /var/folders/qd/4mxf5pkd0zdf0b9dd1hp39180000gn/T//ccCcDHkS.s 			page 8


 105      D179C545 
 105      840C20
 106 00fa 25844968 		.ascii	"%\204Ih\206\011h\0264% \013m\024\276x9W\324\261MB\207"
 106      86096816 
 106      3425200B 
 106      6D14BE78 
 106      3957D4B1 
 107 0111 33C90BC8 		.ascii	"3\311\013\310P\22227&\241:\\\335\013\325\005\344\240"
 107      50923237 
 107      26A13A5C 
 107      DD0BD505 
 107      E4A0
 108 0123 8DE3B3E9 		.ascii	"\215\343\263\351\232\257\343\253\022[\033\\\370-\324"
 108      9AAFE3AB 
 108      125B1B5C 
 108      F82DD4
 109 0132 7A4E6277 		.ascii	"zNbwF\017~\221t\346\035\335E\003\362\317\342\371\242"
 109      460F7E91 
 109      74E61DDD 
 109      4503F2CF 
 109      E2F9A2
 110 0145 F0FED3AB 		.ascii	"\360\376\323\253\3436\306%t\363\372N\306f()\256\214"
 110      E336C625 
 110      74F3FA4E 
 110      C6662829 
 110      AE8C
 111 0157 369F0DA0 		.ascii	"6\237\015\240&\\\333\027:\364\325j\321\304#\022\232"
 111      265CDB17 
 111      3AF4D56A 
 111      D1C42312 
 111      9A
 112 0168 BA73311F 		.ascii	"\272s1\037\016\240\345\321\246'P\013\256\357\013}0^"
 112      0EA0E5D1 
 112      A627500B 
 112      AEEF0B7D 
 112      305E
 113 017a 1B8E9A3A 		.ascii	"\033\216\232:\334\200V\230\246\377\024\264zO\274\006"
 113      DC805698 
 113      A6FF14B4 
 113      7A4FBC06 
 114 018a 1F4C0142 		.ascii	"\037L\001B`\375\352\2455\303wj\177\247\034\177\375\320"
 114      60FDEAA5 
 114      35C3776A 
 114      7FA71C7F 
 114      FDD0
 115 019c E389DD03 		.ascii	"\343\211\335\003M@\006X\232\340uJO\021\272\274S\237"
 115      4D400658 
 115      9AE0754A 
 115      4F11BABC 
 115      539F
 116 01ae C94EDA30 		.ascii	"\311N\3320\204\015\311\231\210\274G\201\275\212\311"
 116      840DC999 
 116      88BC4781 
 116      BD8AC9
 117 01bd 78210688 		.ascii	"x!\006\210\247\024v|\361!j4H\372b\013z\036\245\246\263"
 117      A714767C 
 117      F1216A34 
ARM GAS  /var/folders/qd/4mxf5pkd0zdf0b9dd1hp39180000gn/T//ccCcDHkS.s 			page 9


 117      48FA620B 
 117      7A1EA5A6 
 118 01d2 1E307B1A 		.ascii	"\0360{\032m\3228\322WX\261\270\265(+\274VX\272izp\246"
 118      6DD238D2 
 118      5758B1B8 
 118      B5282BBC 
 118      5658BA69 
 119 01e9 9B8CF52A 		.ascii	"\233\214\365*Lo\247\251\276\031.\212\226\357\246\356"
 119      4C6FA7A9 
 119      BE192E8A 
 119      96EFA6EE 
 120 01f9 97C3F1AF 		.ascii	"\227\303\361\257\331\366\026\027\033\240\000\036\014"
 120      D9F61617 
 120      1BA0001E 
 120      0C
 121 0206 6350EEC5 		.ascii	"cP\356\305\245\255\262\231x\314\213^\006\330\226Y\210"
 121      A5ADB299 
 121      78CC8B5E 
 121      06D89659 
 121      88
 122 0217 53A57390 		.ascii	"S\245s\220\020\025\350\361\316JZ\326L\324\244\245\220"
 122      1015E8F1 
 122      CE4A5AD6 
 122      4CD4A4A5 
 122      90
 123 0228 DFBCB111 		.ascii	"\337\274\261\021H\011\325K\261\376+\245\203\2244\260"
 123      4809D54B 
 123      B1FE2BA5 
 123      839434B0 
 124 0238 926F0325 		.ascii	"\222o\003%\353\331|6JJz\273YI\010nJ%\300\316\336\"V"
 124      EBD97C36 
 124      4A4A7ABB 
 124      5949086E 
 124      4A25C0CE 
 125 024f E67B49D2 		.ascii	"\346{I\322M1]\210\351v\177\235\3370yno\362\027\376'"
 125      4D315D88 
 125      E9767F9D 
 125      DF30796E 
 125      6FF217FE 
 126 0264 F7FCD3DC 		.ascii	"\367\374\323\334\337A\234\002.m\347\376\210\262\322"
 126      DF419C02 
 126      2E6DE7FE 
 126      88B2D2
 127 0273 30085820 		.ascii	"0\010X \024\323\215\015\312\344\354}}1\021YL.\267\375"
 127      14D38D0D 
 127      CAE4EC7D 
 127      7D311159 
 127      4C2EB7FD 
 128 0287 9345DED8 		.ascii	"\223E\336\3304\341q*\232\233H>\034j$\015dU\024\026!"
 128      34E1712A 
 128      9A9B483E 
 128      1C6A240D 
 128      64551416 
 129 029c 01DF07FC 		.ascii	"\001\337\007\374\231[\245?m\345\262\327\341b#,I\001"
 129      995BA53F 
 129      6DE5B2D7 
 129      E162232C 
ARM GAS  /var/folders/qd/4mxf5pkd0zdf0b9dd1hp39180000gn/T//ccCcDHkS.s 			page 10


 129      4901
 130 02ae 9AB2F9C2 		.ascii	"\232\262\371\302\374\251+\215\224j\200V\217\272\030"
 130      FCA92B8D 
 130      946A8056 
 130      8FBA18
 131 02bd 8365E9F2 		.ascii	"\203e\351\362\012\271,\250\325(\350DP\275\316o.nX\312"
 131      0AB92CA8 
 131      D528E844 
 131      50BDCE6F 
 131      2E6E58CA 
 132 02d1 5FA89764 		.ascii	"_\250\227d\356\357oS\232\276\357\325};}\000nK\011\250"
 132      EEEF6F53 
 132      9ABEEFD5 
 132      7D3B7D00 
 132      6E4B09A8 
 133 02e5 247CF37B 		.ascii	"$|\363{\317\262\036\010\374\200\373\265\006\361a\372"
 133      CFB21E08 
 133      FC80FBB5 
 133      06F161FA 
 134 02f5 5249C61D 		.ascii	"RI\306\035\022\3633\364\3768;\027t\026\270\331BJ\323"
 134      12F333F4 
 134      FE383B17 
 134      7416B8D9 
 134      424AD3
 135 0308 C582DA85 		.ascii	"\305\202\332\205\311\221\376SS\307\325z$\215|\304L\246"
 135      C991FE53 
 135      53C7D57A 
 135      248D7CC4 
 135      4CA6
 136 031a 16C7432C 		.ascii	"\026\307C,\316\000\200\273\312\322\226\247\015\214\210"
 136      CE0080BB 
 136      CAD296A7 
 136      0D8C88
 137 0329 6DE8F37E 		.ascii	"m\350\363~\031\224\345\3541\364\340\010\033\012\367"
 137      1994E5EC 
 137      31F4E008 
 137      1B0AF7
 138 0338 C800AA20 		.ascii	"\310\000\252 \215Q\027\237\223|F`E\0054\241\322 \223"
 138      8D51179F 
 138      937C4660 
 138      450534A1 
 138      D22093
 139 034b BBFD936F 		.ascii	"\273\375\223o(\356\030\305\363\361\366\327\347\331\006"
 139      28EE18C5 
 139      F3F1F6D7 
 139      E7D906
 140 035a 75DA3D0F 		.ascii	"u\332=\017\353\365\334\323\014\212\011Q\005$\231H\371"
 140      EBF5DCD3 
 140      0C8A0951 
 140      05249948 
 140      F9
 141 036b 237ABABA 		.ascii	"#z\272\272\012\224\334\024t\324>\223\\Wc\211\321\330"
 141      0A94DC14 
 141      74D43E93 
 141      5C576389 
 141      D1D8
 142 037d 84E5D975 		.ascii	"\204\345\331u\367\210b\322\353\3757h\327\024\3251Q\005"
ARM GAS  /var/folders/qd/4mxf5pkd0zdf0b9dd1hp39180000gn/T//ccCcDHkS.s 			page 11


 142      F78862D2 
 142      EBFD3768 
 142      D714D531 
 142      5105
 143 038f 1650EC2E 		.ascii	"\026P\354.>\200\300\317\261\301C\324r\332#\3776\374"
 143      3E80C0CF 
 143      B1C143D4 
 143      72DA23FF 
 143      36FC
 144 03a1 CCD0974E 		.ascii	"\314\320\227N\254\276\341\367e\303\177\240\263}\215"
 144      ACBEE1F7 
 144      65C37FA0 
 144      B37D8D
 145 03b0 DC8D198F 		.ascii	"\334\215\031\217\252\257WA\247]\256m\235\240\032\015"
 145      AAAF5741 
 145      A75DAE6D 
 145      9DA01A0D 
 146 03c0 AEDD525F 		.ascii	"\256\335R_\374\016m\314s\237\310V\310&\014\220U\245"
 146      FC0E6DCC 
 146      739FC856 
 146      C8260C90 
 146      55A5
 147 03d2 30256E69 		.ascii	"0%nio\217\253\337\211\316\370\3617\337\241\007\335:"
 147      6F8FABDF 
 147      89CEF8F1 
 147      37DFA107 
 147      DD3A
 148 03e4 DE5683F6 		.ascii	"\336V\203\366c\002\273\336;\211\357v\276\205\307:\272"
 148      6302BBDE 
 148      3B89EF76 
 148      BE85C73A 
 148      BA
 149 03f5 B4AEF7B5 		.ascii	"\264\256\367\265\316\223\377\000'$\001\215"
 149      CE93FF00 
 149      2724018D 
 150              		.text
 151              		.section	.gnu.lto_.symbol_nodes.5f86984641f228b2,"",%progbits
 152 0000 789C6363 		.ascii	"x\234cc``\360\007b\006\246\245\214\365\014\014\023\316"
 152      6060F007 
 152      6206A6A5 
 152      8CF50C0C 
 152      13CE
 153 0012 313000A9 		.ascii	"10\000\251]\015\216\014\014\254\313\031\031\024@2\313"
 153      5D0D8E0C 
 153      0CACCB19 
 153      19144032 
 153      CB
 154 0023 18EB1951 		.ascii	"\030\353\031Qd\030W0\3263\201E\030\030\032\032\034\030"
 154      64185730 
 154      D6338145 
 154      18181A1A 
 154      1C18
 155 0035 18988170 		.ascii	"\030\230\201p\311\361sl\314L\314\014O\332\356\3113\000"
 155      C9F1736C 
 155      CC4CCC0C 
 155      4FDAEEC9 
 155      3300
ARM GAS  /var/folders/qd/4mxf5pkd0zdf0b9dd1hp39180000gn/T//ccCcDHkS.s 			page 12


 156 0047 00D56912 		.ascii	"\000\325i\022\240"
 156      A0
 157              		.text
 158              		.section	.gnu.lto_.refs.5f86984641f228b2,"",%progbits
 159 0000 789C6363 		.ascii	"x\234cc``\340\006bF\006&FVF&&F\001\006\000\001\255\000"
 159      6060E006 
 159      62460626 
 159      46564626 
 159      26460106 
 160 0018 31       		.ascii	"1"
 161              		.text
 162              		.section	.gnu.lto_.decls.5f86984641f228b2,"",%progbits
 163 0000 789CC558 		.ascii	"x\234\305X}PSW\026\177\367\335\020B\210\340\002u\235"
 163      7D505357 
 163      167FF7DD 
 163      104288E0 
 163      02759D
 164 0013 5966D7E9 		.ascii	"Yf\327\351\342\230\331\016Dm\253\355L\267\243c;]w\246"
 164      E298D90E 
 164      446DABED 
 164      4CB7A363 
 164      3B5D77A6 
 165 0027 DD996EFB 		.ascii	"\335\231n\373\307\316l\233\2621-\264\020\322$t\355\037"
 165      C7CE6C9B 
 165      B2312DB4 
 165      10D22474 
 165      ED1F
 166 0039 3BFBF812 		.ascii	";\373\370\022Q\021\374DP+\037V\213\212\237\370\201\242"
 166      5111FC44 
 166      502B1F56 
 166      8B8A9FF8 
 166      81A2
 167 004b 441444BE 		.ascii	"D\024D\276T>\025\002\304\212\212\210\012\" \202\260"
 167      543E1502 
 167      C48A8A88 
 167      0A222082 
 167      B0
 168 005c E7DEFBC2 		.ascii	"\347\336\373\302{@R\335\375g3\234\344\235{\317=\277"
 168      7B4052DD 
 168      FD67339C 
 168      E49D7BCF 
 168      3DBF
 169 006e 73CE3DF7 		.ascii	"s\316=\367\334\363Pr\03478\233\343\260\202\343\276@"
 169      DCF35072 
 169      1C37389B 
 169      E3B082E3 
 169      BE40
 170 0080 1C370E1F 		.ascii	"\0347\016\037\014c\347\201`\210\253\003j\004\322\302"
 170      0C63E781 
 170      6088AB03 
 170      6A04D2C2 
 171 0090 5C19C73E 		.ascii	"\\\031\307>d\376]\340\227\000\275\017\004\177\334g\210"
 171      64FE5DE0 
 171      9700BD0F 
 171      047FDC67 
 171      88
 172 00a1 9BF4F917 		.ascii	"\233\364\371\027\317q\277\202\337/\200\002\200\202d"
ARM GAS  /var/folders/qd/4mxf5pkd0zdf0b9dd1hp39180000gn/T//ccCcDHkS.s 			page 13


 172      CF71BF82 
 172      DF2F8002 
 172      808264
 173 00b0 BAEE8BFA 		.ascii	"\272\356\213\372\224\360{\025\250\222c\272\377\000c"
 173      94F07B15 
 173      A89263BA 
 173      FF0063
 174 00bf BF07FA18 		.ascii	"\277\007\372\030\350s =\320{@^0W\015T\016\024\006\374"
 174      E873203D 
 174      D07B405E 
 174      30570D54 
 174      0E1406FC 
 175 00d3 5CA04F81 		.ascii	"\\\240O\201x\321\216\367\305g\023\232nG\034\317\260"
 175      78D18EF7 
 175      C567139A 
 175      6E471CCF 
 175      B0
 176 00e4 DDD97151 		.ascii	"\335\331qQ\264\343\376\024;\210]10\376w\231-.\333\334"
 176      B4E3FE14 
 176      3B885D31 
 176      30FE7799 
 176      2D2EDBDC 
 177 00f8 D9446C71 		.ascii	"\331Dlq\331E\354X\"\263\351;76m\306\350Z\342\341\035"
 177      D945EC58 
 177      22B3E93B 
 177      37366DC6 
 177      E85AE2E1 
 178 010d 782D4601 		.ascii	"x-F\001j\244\000\266\257&\353\226\037\260Aj4\007\330"
 178      6AA400B6 
 178      AF26EB96 
 178      1FB0416A 
 178      3407D8
 179 0120 B4DDAB37 		.ascii	"\264\335\2537)1\217\210\344\245\262\254|\337\260\003"
 179      29318F88 
 179      E4A5B2AC 
 179      7CDFB003 
 180 0130 02FBA8FE 		.ascii	"\002\373\250\376\314\241\343\010\273\324\364\237\270"
 180      CCA1E308 
 180      BBD4F49F 
 180      B8
 181 013d B3C707BF 		.ascii	"\263\307\007\277F\005\177\212+\014\304:\372x2k\314\256"
 181      46057F8A 
 181      2B0CC43A 
 181      FA78326B 
 181      CCAE
 182 014f C07FA4CF 		.ascii	"\300\177\244\317I\251\005\031jP\255T#\262\267\3360\324"
 182      49A90519 
 182      6A50AD54 
 182      23B2B7DE 
 182      30D4
 183 0161 D9FBEC84 		.ascii	"\331\373\354\204\202\015\021\235+ahg\246\343\210\037"
 183      820D119D 
 183      2B616867 
 183      A6E3881F 
 184 0171 5E4A56F0 		.ascii	"^JV\360\347\352O%\316@Z\365\0362i\357\310\\\224\331"
 184      E7EA4F25 
 184      CE405AF5 
ARM GAS  /var/folders/qd/4mxf5pkd0zdf0b9dd1hp39180000gn/T//ccCcDHkS.s 			page 14


 184      1E3269EF 
 184      C85C94D9 
 185 0185 2B0873D0 		.ascii	"+\010s\3209\244F\305\010\243\023(\014\300a1|\257&\""
 185      39A446C5 
 185      08A31328 
 185      0CC06131 
 185      7CAF2622 
 186 0199 D90982CF 		.ascii	"\331\011\202\317\2378T\210\202\3211\024\314\241\263"
 186      9F385488 
 186      82D13114 
 186      CCA1B3
 187 01a8 484B5413 		.ascii	"HKT\0239t\006\006O\303 @<\036\356-T\340\016D1\216m\032"
 187      39740606 
 187      4FC32040 
 187      3C1EEE2D 
 187      54E00E44 
 188 01c0 DDE63781 		.ascii	"\335\3467\2011^\274\360x\222 \360\350<`\224H\030\000"
 188      315EBCF0 
 188      789220F0 
 188      E83C6094 
 188      481800
 189 01d3 E909C4EE 		.ascii	"\351\011\304\356\036\344\2460\222\251\301\2754t\374"
 189      1EE4A630 
 189      92A9C1BD 
 189      3474FC
 190 01e2 F6D2DC63 		.ascii	"\366\322\334c\374\004\310P\2736#\231\200\\\004\220R"
 190      FC04C850 
 190      BB362399 
 190      805C0490 
 190      52
 191 01f3 09E4BC67 		.ascii	"\011\344\274g\220\013\356A\316=\037\337\342\245\206"
 191      900BEE41 
 191      CE3D1FDF 
 191      E2A586
 192 0202 15712FB9 		.ascii	"\025q/\271\002\257?\032o\347QH\2406WH\214\023\354\217"
 192      02AF3F1A 
 192      6FE75148 
 192      A0365748 
 192      8C13EC8F 
 193 0216 1E68AFB7 		.ascii	"\036h\257\267t\011\302F\015*\003c\212\300\230K(P\322"
 193      7409C246 
 193      0D2A0363 
 193      8AC0984B 
 193      2850D2
 194 0229 A20B06BB 		.ascii	"\242\013\006\273\026\300\027\267A4K@\012\031\312)q\001"
 194      16C017B7 
 194      41344B40 
 194      0A19CA29 
 194      7101
 195 023b C0A00A40 		.ascii	"\300\240\012@,G!4#\230\243\265\327g\306\301\002\"\301"
 195      2C472134 
 195      2398A3B5 
 195      D767C6C1 
 195      0222C1
 196 024e 894E8AE9 		.ascii	"\211N\212\351R\237\342L\365\305\325\230F\247\341Fj\263"
 196      529FE24C 
 196      F5C5D598 
ARM GAS  /var/folders/qd/4mxf5pkd0zdf0b9dd1hp39180000gn/T//ccCcDHkS.s 			page 15


 196      46A7E146 
 196      6AB3
 197 0260 12056ADD 		.ascii	"\022\005j\335CT\201Z\317\020w\256\004\223\005\250\022"
 197      4354815A 
 197      CF1077AE 
 197      049305A8 
 197      12
 198 0271 242E4BA1 		.ascii	"$.K\241$\210\004\010Wl\351\276\255b\376\022\361K#s\212"
 198      24880408 
 198      576CE9BE 
 198      AD62FE12 
 198      F14B2373 
 199 0286 EB98BF64 		.ascii	"\353\230\277d\305IXQ\363_\370\313QibI-XR=\311\222\261"
 199      C5495851 
 199      F35FF8CB 
 199      51696249 
 199      2D58523D 
 200 029d 3301D4D9 		.ascii	"3\001\324\331\232i\316\236\336R\374@\205\207\231\263"
 200      9A69CE9E 
 200      DE52FC40 
 200      858799B3 
 201 02ad FDA776D5 		.ascii	"\375\247v\325{{t\366\032\250\365\014Q[\254\204\203\207"
 201      7B7B74F6 
 201      1AA8F50C 
 201      515BAC84 
 201      8387
 202 02bf AE82C015 		.ascii	"\256\202\300\025\311\327\032\321W\264\177\313\017+4"
 202      C9D71AD1 
 202      57B47FCB 
 202      0F2B34
 203 02ce 6B04219E 		.ascii	"k\004!\236%\003\225\223,\257C\032\242\211\374\202l\363"
 203      25039593 
 203      2CAF431A 
 203      A289FC82 
 203      6CF3
 204 02e0 BAFA5625 		.ascii	"\272\372V%NQP\233NV9F\260,=\347\260\364l\204\214\250"
 204      4E51509B 
 204      4E563946 
 204      B02C3DE7 
 204      B0F46C84 
 205 02f6 7FA9F46C 		.ascii	"\177\251\364lp\223ld9\000\325\365V\357\364e\365e&\260"
 205      70936C64 
 205      3900D5F5 
 205      56EFF465 
 205      F56526B0 
 206 030a 59679E54 		.ascii	"Yg\236Tz1V\005\254c\375\346\333~8\215\232\201\332*\362"
 206      7A315605 
 206      AC63FDE6 
 206      DB7E388D 
 206      9A81DA2A 
 207 031f F7935234 		.ascii	"\367\223R4\217\025\010\177\030:\324S4<\203\015\021\211"
 207      8F15087F 
 207      183AD453 
 207      343C830D 
 207      1189
 208 0331 BAB4C7BB 		.ascii	"\272\264\307\273\275q\006\263\272\343\306\210\303\017"
 208      BD7106B3 
ARM GAS  /var/folders/qd/4mxf5pkd0zdf0b9dd1hp39180000gn/T//ccCcDHkS.s 			page 16


 208      BAE3C688 
 208      C30F
 209 033f A9B5AB27 		.ascii	"\251\265\253'<\226Y\324\006\026\315\023-j\201\301\033"
 209      3C9659D4 
 209      0616CD13 
 209      2D6A81C1 
 209      1B
 210 0350 30C8DC6B 		.ascii	"0\310\334k\315|7S\020f\"\007x\327*y7O\315\202\230\277"
 210      CD7C3753 
 210      10662207 
 210      78D72A79 
 210      374FCD82 
 211 0366 7B43AE12 		.ascii	"{C\256\022\3472\2103\333o\227\361\236 \234\036!\306"
 211      E7328833 
 211      DB6F97F1 
 211      9E209C1E 
 211      21C6
 212 0378 8B5F2DA7 		.ascii	"\213_-\247U\244\0030\332%\014\007\022A\322\216\267\216"
 212      55A40330 
 212      DA250C07 
 212      1241D28E 
 212      B78E
 213 038a FAE3FD0C 		.ascii	"\372\343\375\014$\351\312\211{\036Any\004\031j\017\331"
 213      24E9CA89 
 213      7B1E416E 
 213      7904196A 
 213      0FD9
 214 039c D640CAE1 		.ascii	"\326@\312\341\317\000rS\002\351p\201\034\257\334[\243"
 214      CF007253 
 214      02E97081 
 214      1CAFDC5B 
 214      A3
 215 03ad 24C521E1 		.ascii	"$\305!\341\245\264\302\212\021g\332j\025>\316v\343\246"
 215      A5B4C28A 
 215      1167DA6A 
 215      153ECE76 
 215      E3A6
 216 03bf E3D2613F 		.ascii	"\343\322a?|\2121\345i\211\353\324\270\204\031<p\255"
 216      7C8A31E5 
 216      6989EBD4 
 216      B884193C 
 216      70AD
 217 03d1 2753E9C9 		.ascii	"'S\351\311\340{\036\015\256\315\360&\331\333\005\346"
 217      E07B1E0D 
 217      AECDF026 
 217      D9DB05E6 
 218 03e1 DE75636E 		.ascii	"\336ucn^\372@\266\012W1\274\203\231\215\202\257<\227"
 218      5EFA40B6 
 218      0A5731BC 
 218      83998D82 
 218      AF3C97
 219 03f4 2B27E5F2 		.ascii	"+'\345\362}\226\313 \230\234r\344\276\032_e\253\252"
 219      7D96CB20 
 219      989C72E4 
 219      BE1A5F65 
 219      ABAA
 220 0406 ED2987D4 		.ascii	"\355)\207\324\270Ad\016\0275+p\223\230Z;\037\365+p\013"
ARM GAS  /var/folders/qd/4mxf5pkd0zdf0b9dd1hp39180000gn/T//ccCcDHkS.s 			page 17


 220      B841640E 
 220      17352B70 
 220      93985A3B 
 220      1FF52B70 
 221 041b 630E2575 		.ascii	"c\016%u\346\253 \251\202!\317\220,\311\202Y\222\025"
 221      E6AB20A9 
 221      8221CF90 
 221      2CC98259 
 221      9215
 222 042d DAFB0B14 		.ascii	"\332\373\013\024\330\311|=R\320\371\265\354\006\012"
 222      D8C97C3D 
 222      52D0F9B5 
 222      EC060A
 223 043c 4BA227E3 		.ascii	"K\242'\343\011\370\360X\362!X<\030\361\202\220'\340"
 223      09F8F058 
 223      F221583C 
 223      18F18290 
 223      27E0
 224 044e D91C7A3D 		.ascii	"\331\034z=\030\315\207X\364C,\202\305X\364\201\361\275"
 224      18CD8758 
 224      F4432C82 
 224      C558F481 
 224      F1BD
 225 0460 2CCCF9BB 		.ascii	",\314\371\273~\2728\003w3\200\366\202G\265Xv\377\274"
 225      7EBA3803 
 225      773380F6 
 225      8247B558 
 225      76FFBC
 226 0473 7A8C66CE 		.ascii	"z\214f\316\020 \014H\010O\220\007\210A\367\020\273/"
 226      10200C48 
 226      084F9007 
 226      8841F710 
 226      BB2F
 227 0485 1CBAE68D 		.ascii	"\034\272\346\215\0373\210\033\003U\233\344\267\317;"
 227      1F33881B 
 227      03559BE4 
 227      B7CF3B
 228 0494 5BA913CF 		.ascii	"[\251\023\317\000\342\251\0041\344\011b\330=\304\232"
 228      00E2A904 
 228      31E40962 
 228      D83DC49A 
 229 04a4 CB9DB9FE 		.ascii	"\313\235\271\376x\204\205\324\3256\004\260\266\341a"
 229      788485D4 
 229      D53604B0 
 229      B6E161
 230 04b3 E26DA778 		.ascii	"\342m\247x\350g\003\353\214/\257Wa\301\213\212\356r"
 230      E86703EB 
 230      8C2FAF57 
 230      61C18B8A 
 230      EE72
 231 04c5 F41578E3 		.ascii	"\364\025x\343D\312\360M\343]]j\244\321\312v\372\213"
 231      44CAF04D 
 231      E35D5D6A 
 231      A4D1CA76 
 231      FA8B
 232 04d7 595232C5 		.ascii	"YR2\305\361Z\244\327\210\0262\363\037\345\343\232[`"
 232      F15AA4D7 
ARM GAS  /var/folders/qd/4mxf5pkd0zdf0b9dd1hp39180000gn/T//ccCcDHkS.s 			page 18


 232      881632F3 
 232      1FE5E39A 
 232      5B60
 233 04e9 BF0209BC 		.ascii	"\277\002\011\274\006\366o\302~\275\206eD\337\303\206"
 233      06F66FC2 
 233      7EBD8665 
 233      44DFC386 
 234 04f9 D119F838 		.ascii	"\321\031\3708\003\023\206\317\265(q\021cZ\267<u\372"
 234      031386CF 
 234      B5287111 
 234      635AB73C 
 234      75FA
 235 050b E062C654 		.ascii	"\340b\306T4\256-Q\340\022\306\354\255r\012^\270\224"
 235      34AE2D51 
 235      E012C6EC 
 235      AD720A5E 
 235      B894
 236 051d 31C56BAA 		.ascii	"1\305k\252FU\270\2141Y\247\223\343\325\270\2021\373"
 236      4655B88C 
 236      3159A793 
 236      E3D5B882 
 236      31FB
 237 052f C7FBD334 		.ascii	"\307\373\3234\270\2121O\213\257\345\362\314\307\020"
 237      B88A314F 
 237      8BAFE5F2 
 237      CCC710
 238 053e 60F7D9D7 		.ascii	"`\367\331\327V`\3268e\363\300\267\037\034+V\342f*\353"
 238      5660D638 
 238      65F3C0B7 
 238      1F1C2B56 
 238      E2662AEB 
 239 0552 5B9D549D 		.ascii	"[\235T\235\014\267\020\373\004jCBr\211\277\366\3463"
 239      0CB710FB 
 239      046A4342 
 239      7289BFF6 
 239      E633
 240 0564 F887FC35 		.ascii	"\370\207\3745\251Bv)\242\336\214\2017\233y\331u\364"
 240      A9427629 
 240      A2DE8C81 
 240      379B79D9 
 240      75F4
 241 0576 9C667B21 		.ascii	"\234f{!\371\346\330\222g\177\312\022\354\211\230\212"
 241      F9E6D892 
 241      677FCA12 
 241      EC89988A 
 242 0586 AFE6A788 		.ascii	"\257\346\247\210K\267\027\023.].\011'\273\025\226\253"
 242      4BB71713 
 242      2E5D2E09 
 242      27BB1596 
 242      AB
 243 0597 AE934927 		.ascii	"\256\223I'M\225n\236f\311\3172\361\204\251\342M\323"
 243      4D956E9E 
 243      66C9CF32 
 243      F184A9E2 
 243      4DD3
 244 05a9 0D9789AF 		.ascii	"\015\227\211\257\233*>\212\246X\336-\223\216\237*\375"
 244      9B2A3E8A 
ARM GAS  /var/folders/qd/4mxf5pkd0zdf0b9dd1hp39180000gn/T//ccCcDHkS.s 			page 19


 244      A658DE2D 
 244      938E9F2A 
 244      FD
 245 05ba 1C4DBEA5 		.ascii	"\034M\276\245\323\005v\213\256\345\203\321\032\036\004"
 245      D305768B 
 245      AEE583D1 
 245      1A1E04
 246 05c9 52C415E4 		.ascii	"R\304\025\344\026\335\002)\264\236\017Ai@\031@\351@"
 246      16DD0229 
 246      B49E0F41 
 246      69401940 
 246      E940
 247 05db 5B813600 		.ascii	"[\2016\000m\002J\005\332\310Oj)\316\261\256\0054\310"
 247      6D024A05 
 247      DAC84F6A 
 247      29CEB1AE 
 247      0534C8
 248 05ee 2F726658 		.ascii	"/rfX\373\345\200\334\004\241b>\265,\321\275\3332?*e"
 248      FBE580DC 
 248      04A1623E 
 248      B52CD1BD 
 248      DB323F2A 
 249 0603 7EAC721F 		.ascii	"~\254r\037S*\015\011\363cf]\2627^\245d\235\357\330\366"
 249      532A0D09 
 249      F363665D 
 249      B2375EA5 
 249      649DEFD8 
 250 0618 3C05D206 		.ascii	"<\005\322\006\2129\377\340\235\332\247\244\324g\301"
 250      8A39FFE0 
 250      9DDAA7A4 
 250      D467C1
 251 0627 F26DFC44 		.ascii	"\362m\374D\312\023\013=\305 \023\374\376_b\000\226\014"
 251      CA130B3D 
 251      C52013FC 
 251      FE5F6200 
 251      960C
 252 0639 655C5D87 		.ascii	"e\\]\207\344\3057\213\227\027\337\355\274\253\370vo"
 252      E4C5378B 
 252      9717DFED 
 252      BCABF876 
 252      6F
 253 064a CEEC4538 		.ascii	"\316\354E8M\311J\300\350\316\223>\354<\004\001\373\274"
 253      4DC94AC0 
 253      E8CE933E 
 253      EC3C0401 
 253      FBBC
 254 065c 233DDD5B 		.ascii	"#=\335[<\017\244\310\036\213?2\344\205\263\230\354\261"
 254      3C0FA4C8 
 254      1E8B3F32 
 254      E485B398 
 254      ECB1
 255 066e F1FC5518 		.ascii	"\361\374U\030\3470\246h\303Fh\217\366Q&\350\344\206"
 255      E730A668 
 255      C346688F 
 255      F65126E8 
 255      E486
 256 0680 B2A37052 		.ascii	"\262\243pR\202\340\234h4\232\300\220@rb\264Zm\210\226"
ARM GAS  /var/folders/qd/4mxf5pkd0zdf0b9dd1hp39180000gn/T//ccCcDHkS.s 			page 20


 256      82E09C68 
 256      349AC090 
 256      407262B4 
 256      5A6D8896 
 257 0694 05B4B62D 		.ascii	"\005\264\266-(\217\306\037\312\302\0038.y|\220\273\374"
 257      288FC61F 
 257      CAC20338 
 257      2E797C90 
 257      BBFC
 258 06a6 DFE8BE7B 		.ascii	"\337\350\276{#\322$ \307! \205\340t.\320\036\240\037"
 258      23D22420 
 258      C7212085 
 258      E0742ED0 
 258      1EA01F
 259 06b9 81768B01 		.ascii	"\201v\213\001`8\017\333\002\030\016\271\256\356x\006"
 259      60380FDB 
 259      02180EB9 
 259      AEEE7806 
 260 06c9 12B3C265 		.ascii	"\022\263\302e\025\\L\250\373E\322u\237\261\244\330\013"
 260      155C4CA8 
 260      FB45D275 
 260      9FB1A4D8 
 260      0B
 261 06da 49D1E359 		.ascii	"I\321\343YX\266\001?\201\244\344\305^\266\001\262\371"
 261      58B6013F 
 261      81A4E4C5 
 261      5EB601B2 
 261      F9
 262 06eb 7DF2B43A 		.ascii	"}\362\264:\006\316\345\363\256\252\351A\212\223\211"
 262      06CEE5F3 
 262      AEAAE941 
 262      8A9389
 263 06fa 4C4AA01F 		.ascii	"LJ\240\037 \201v\222\004:\012j\016\210\011t\004\236"
 263      20817692 
 263      043A0A6A 
 263      0E880974 
 263      049E
 264 070c 0F438C0E 		.ascii	"\017C\214\016\001\035\004*\000\332?)^\355\355\262x\355"
 264      011D042A 
 264      00DA3F29 
 264      5EEDEDB2 
 264      78ED
 265 071e 82143DE0 		.ascii	"\202\024=\340\341\\\270\007\333!\256x1Xb\002\324\265"
 265      E15CB807 
 265      DB21AE78 
 265      31586202 
 265      D4B5
 266 0730 CF59003B 		.ascii	"\317Y\000;\001\353:\232\2025\245R\221\316\274M\315\344"
 266      01EB3A9A 
 266      8235A552 
 266      91CEBC4D 
 266      CDE4
 267 0742 49A06FBB 		.ascii	"I\240o\273\227\227m\317\035G@B\202\260m>\275 \037\211"
 267      97976DCF 
 267      1D474042 
 267      82B06D3E 
 267      BD201F89 
ARM GAS  /var/folders/qd/4mxf5pkd0zdf0b9dd1hp39180000gn/T//ccCcDHkS.s 			page 21


 268 0756 E2E25D38 		.ascii	"\342\342]8\255h\266;\304\235\207S\201F\246\352\2266"
 268      AD68B63B 
 268      C49D8753 
 268      8146A6EA 
 268      9636
 269 0768 931DE426 		.ascii	"\223\035\344&\007+-\007&\227\0266\371\260\220\366Gd"
 269      072B2D07 
 269      26971636 
 269      F9B090F6 
 269      4764
 270 077a 97B2A533 		.ascii	"\227\262\2453~\200\236qQ\242uv<YN\322!G\022\311\247"
 270      7E809E71 
 270      51A27576 
 270      3C594ED2 
 270      214712C9 
 271 078f F9C07C2D 		.ascii	"\371\300|-w\345-i\336\037zN.\361\235\305A_(@Fn\016\321"
 271      77E52D69 
 271      DE1F7A4E 
 271      2EF19DC5 
 271      415F2840 
 272 07a7 4F5E5BCE 		.ascii	"O^[\316\237-\361\355\200N\232\207\241\231l\006\261o"
 272      9F2DF1ED 
 272      804E9A87 
 272      A1996C06 
 272      B16F
 273 07b9 F82544F9 		.ascii	"\370%D\371q\327\007\261q\030\345\331\217(J\030\327\022"
 273      71D707B1 
 273      7118E5D9 
 273      8F284A18 
 273      D712
 274 07cb 3431C28B 		.ascii	"41\302\213:"
 274      3A
 275 07d0 78975EFA 		.ascii	"x\227^\372'*@r\255l\236\301\271>\034\223g\366H\353\330"
 275      272A4072 
 275      AD6C9EC1 
 275      B93E1C93 
 275      67F648EB 
 276 07e5 102F81C9 		.ascii	"\020/\201\311\226L\263\225\233\230\2360Jr\022\211%\256"
 276      964CB395 
 276      9B989E30 
 276      4A721289 
 276      25AE
 277 07f7 B167DD41 		.ascii	"\261g\335A\215\023\232x\016\375\215\343\322U\321\264"
 277      8D139A78 
 277      0EFD8DE3 
 277      D255D1B4 
 278 0807 6415B427 		.ascii	"d\025\264'\301{\310YV\277\236\3646\217\371+H\220H\314"
 278      C17BC859 
 278      56BF9EF4 
 278      368FF92B 
 278      489048CC 
 279 081b 4D0A3256 		.ascii	"M\0122V\362\274\375\231\017\035\203\327-T\304\323\301"
 279      F2BCFD99 
 279      0F1D83D7 
 279      2D54C4D3 
 279      C1
 280 082c B2F121BB 		.ascii	"\262\361!\273?\253\220\274\354\315(\210\275\031\225"
ARM GAS  /var/folders/qd/4mxf5pkd0zdf0b9dd1hp39180000gn/T//ccCcDHkS.s 			page 22


 280      3FAB90BC 
 280      ECCD2888 
 280      BD1995
 281 083b B537ED47 		.ascii	"\2657\355G\263\267\322\343\221 \314\344I#T\014\347\343"
 281      B3B7D2E3 
 281      9120CCE4 
 281      4923540C 
 281      E7E3
 282 084d 0C4F36ED 		.ascii	"\014O6\355,?\033\276O\363\012f\326\276\201\233\353\361"
 282      2C3F1BBE 
 282      4FF30A66 
 282      D6BE819B 
 282      EBF1
 283 085f ABD942B6 		.ascii	"\253\331B\266S\260\337m\301#\325\253\204\253\260p\011"
 283      53B0DF6D 
 283      C123D5AB 
 283      84ABB070 
 283      09
 284 0870 1544A7A4 		.ascii	"\025D\247\244\334\200G\370>\311;\021:\301w\200\027\347"
 284      DC8047F8 
 284      3EC93B11 
 284      3AC17780 
 284      17E7
 285 0882 F85761FD 		.ascii	"\370Wa\375\371\326\216\000<\300\354\317iY\223\343'\352"
 285      F9D68E00 
 285      3CC0ECCF 
 285      695993E3 
 285      27EA
 286 0894 AAFB0D9C 		.ascii	"\252\373\015\234\024\3101h\017\211\242\022IQ\311TEv"
 286      14C83168 
 286      0F89A212 
 286      4951C954 
 286      4576
 287 08a6 AAE81AF4 		.ascii	"\252\350\032\364\254\030\257\365\366\030\211\322\347"
 287      AC18AFF5 
 287      F61889D2 
 287      E7
 288 08b3 CD3B7DE9 		.ascii	"\315;}\351\030)8\245,\0225{\327V\371\311}%s\222\263"
 288      182938A5 
 288      2C12357B 
 288      D756F9C9 
 288      7D257392 
 289 08c8 17A9B317 		.ascii	"\027\251\263\027\\\316f\325\216\024\251\300@'\275\012"
 289      5CCE66D5 
 289      8E14A9C0 
 289      4027BD0A 
 290 08d8 E777E725 		.ascii	"\347w\347%\247\0129\210\212\241\363\222\205\347y\366"
 290      A70A3988 
 290      8AA1F392 
 290      85E779F6 
 291 08e8 DF285446 		.ascii	"\337(TF-\253\311\3314\304\343\014fY\335\216\370.\261"
 291      2DABC9D9 
 291      34C4E30C 
 291      6659DD8E 
 291      F82EB1
 292 08fb 597B42AD 		.ascii	"Y{B\255\352\310\213S\211\267\023\371GTe\336`\251\370"
 292      EAC88B53 
ARM GAS  /var/folders/qd/4mxf5pkd0zdf0b9dd1hp39180000gn/T//ccCcDHkS.s 			page 23


 292      89B713F9 
 292      475465DE 
 292      60A9F8
 293 090e 5ADA49E6 		.ascii	"Z\332I\346\207\217\364=q\315+\201\337\263\343~\225/"
 293      878FF43D 
 293      71CD2B81 
 293      DFB3E37E 
 293      952F
 294 0920 DECE948D 		.ascii	"\336\316\224\215\036-\030U\342\335\214Iw\014\027\373"
 294      1E2D1855 
 294      E2DD8C49 
 294      770C17FB 
 295 0930 E202C6DC 		.ascii	"\342\002\306\334H\206\267[|\2241\217\307N\375\005\237"
 295      4886B75B 
 295      7C94318F 
 295      C74EFD05 
 295      9F
 296 0941 66CFB977 		.ascii	"f\317\271w\213:\325\270\2141=\333\326&\370\253\245\027"
 296      8B3AD5B8 
 296      8C313DDB 
 296      D626F8AB 
 296      A517
 297 0953 69822AD5 		.ascii	"i\202*\325\345k<\364\341pR)\013\322;\372\352SU\001\351"
 297      E56B3CF4 
 297      E1705229 
 297      0BD23BFA 
 297      EA535501 
 298 0968 62D95CA2 		.ascii	"b\331\\\242\240\005\242\022bu\231\306\252\216\017p-"
 298      A005A212 
 298      627599C6 
 298      AA8E0F70 
 298      2D
 299 0979 0269EF82 		.ascii	"\002i\357\202=\333\266\373#rmNt\231M\367\304\022E\202"
 299      3DDBB6FB 
 299      23726D4E 
 299      74994DF7 
 299      C4124582 
 300 098d 5C0BF16A 		.ascii	"\\\013\361jp_\242&U\346\012\000\270D*\363\025q\001\251"
 300      705FA226 
 300      55E60A00 
 300      B8442AF3 
 300      157101A9 
 301 09a1 CCCD5099 		.ascii	"\314\315P\231\353\241\0327\001\335\000\272\016\324("
 301      EBA11A37 
 301      01DD00BA 
 301      0ED428
 302 09b0 5D03A477 		.ascii	"]\003\244w\352\011\330$\020,0\013]\025\227\272\214\235"
 302      EA09D824 
 302      102C300B 
 302      5D1597BA 
 302      8C9D
 303 09c2 DE1E9577 		.ascii	"\336\036\225w\313L\253qk\032+\266\254\\\015v\261\362"
 303      CB4CAB71 
 303      6B1A2BB6 
 303      AC5C0D76 
 303      B1F2
 304 09d4 D9E0AE33 		.ascii	"\331\340\2563\033\273/V>\362>\\5U\327\364\376\265\345"
ARM GAS  /var/folders/qd/4mxf5pkd0zdf0b9dd1hp39180000gn/T//ccCcDHkS.s 			page 24


 304      1BBB2F56 
 304      3EF23E5C 
 304      3555D7F4 
 304      FEB5E5
 305 09e7 1B762910 		.ascii	"\033v)\020\361j\367\342\256\326l\257\363L\212\027\256"
 305      F16AF7E2 
 305      AED66CAF 
 305      F34C8A17 
 305      AE
 306 09f8 A1BBC75F 		.ascii	"\241\273\307_H\351\250\363\231h\315\306:f\321\377?9"
 306      48E9A8F3 
 306      9968CDC6 
 306      3A66D1FF 
 306      3F39
 307 0a0a 60758B94 		.ascii	"`u\213\224\213\015\323;\263\211\210\266B\024_&\242\344"
 307      8B0DD33B 
 307      B38988B6 
 307      42145F26 
 307      A2E4
 308 0a1c B535ADA9 		.ascii	"\2655\255\251E37\217f\376`\027.\210\027\022}(T9\203"
 308      4533378F 
 308      66FE6017 
 308      2E881712 
 308      7D285439 
 309 0a31 9A50CA91 		.ascii	"\232P\312\221\021\370n\343\347\2224\314\357jQ\312\033"
 309      11F86EE3 
 309      E79234CC 
 309      EF6A51CA 
 309      1B
 310 0a42 38B21B52 		.ascii	"8\262\033R\206\265\263\376\201\374\222\374\252\276\260"
 310      86B5B3FE 
 310      81FC92FC 
 310      AABEB0
 311 0a51 7152B747 		.ascii	"qR\267G\216\225$\334!\012wP\341\224\266\274<\025nay"
 311      8E9524DC 
 311      210A7750 
 311      E194B6BC 
 311      3C156E61 
 312 0a66 DC9F9194 		.ascii	"\334\237\221\224\242b\207\346\327\300f\246\244(\330"
 312      A26287E6 
 312      D7C066A6 
 312      A428D8
 313 0a75 9139451A 		.ascii	"\2219E\032\276\234\232\376\255j\334\305D\007\206\327"
 313      BE9C9AFE 
 313      AD6ADCC5 
 313      440786D7 
 314 0a85 3C149BC3 		.ascii	"<\024\233\303Y\3006\335m\270\214=\236\200\333\256\023"
 314      59C036DD 
 314      6DB88C3D 
 314      9E80DBAE 
 314      13
 315 0a96 D0C9D313 		.ascii	"\320\311\323\023\320\370\364\3543\015\356\243\232\024"
 315      D0F8F4EC 
 315      330DEEA3 
 315      9A14
 316 0aa4 0712F6F5 		.ascii	"\007\022\366\365Bg\034\214@\034\261WZ\362\337h\016u"
 316      42671C8C 
ARM GAS  /var/folders/qd/4mxf5pkd0zdf0b9dd1hp39180000gn/T//ccCcDHkS.s 			page 25


 316      401CB157 
 316      5AF2DF68 
 316      0E75
 317 0ab6 F3D0A889 		.ascii	"\363\320\250\211%\000>Y\002\250\357\3757\031\206g\025"
 317      25003E59 
 317      02A8EFFD 
 317      37198667 
 317      15
 318 0ac7 FD75F372 		.ascii	"\375u\363r{\0276\240\233\342\335\203Pv1\300\234\243"
 318      7B1736A0 
 318      9BE2DD83 
 318      507631C0 
 318      9CA3
 319 0ad9 5BCA14D2 		.ascii	"[\312\024\322\221CT\367\3170\177\223\206\372>=r\267"
 319      914354F7 
 319      CF307F93 
 319      86FA3E3D 
 319      72B7
 320 0aeb C523878E 		.ascii	"\305#\207\216\354\250\030\366Q\213\272W\277HwK\343\330"
 320      ECA818F6 
 320      518BBA57 
 320      BF48774B 
 320      E3D8
 321 0afd 252CD7DD 		.ascii	"%,\327\335\363K\272\007{{ZI\002\\\265\323:\237\232W"
 321      F34BBA07 
 321      7B7B5A49 
 321      025CB5D3 
 321      3A9F9A57 
 322 0b11 2EA43B85 		.ascii	".\244;\205\231\350\001l\350-\310\001\250\346\262\305"
 322      99E8016C 
 322      E82DC801 
 322      A8E6B2C5 
 323 0b21 4E18F99C 		.ascii	"N\030\371\234\347\320C\232\005\205\207\317\036\365\221"
 323      E7D0439A 
 323      058587CF 
 323      1EF591
 324 0b30 6FAC6352 		.ascii	"o\254cR\377\367H\334\330Gtc\213\234\271\0071\036d\273"
 324      FFF748DC 
 324      D8477463 
 324      8B9CB907 
 324      311E64BB 
 325 0b44 D59093E1 		.ascii	"\325\220\223\341\024o\246\303d+o\355\035\313P\262\335"
 325      146FA6C3 
 325      642B6FED 
 325      1DCB50B2 
 325      DD
 326 0b55 7B05D8BB 		.ascii	"{\005\330\273\317/\244\251<\356^\277k\367\0363\207\333"
 326      CF2FA4A9 
 326      3CEE5EBF 
 326      6BF71E33 
 326      87DB
 327 0b67 EE56DC98 		.ascii	"\356V\334\230\026\314>\236\355.\207\236P\207\373]\016"
 327      16CC3E9E 
 327      ED2E879E 
 327      5087FB5D 
 327      0E
 328 0b78 F794E4B7 		.ascii	"\367\224\344\267\253\246\206\307\243\364\275\312\370"
ARM GAS  /var/folders/qd/4mxf5pkd0zdf0b9dd1hp39180000gn/T//ccCcDHkS.s 			page 26


 328      ABA686C7 
 328      A3F4BDCA 
 328      F8
 329 0b85 3D0A313C 		.ascii	"=\0121<\203;\374\342\262\355qs\320\200\030\033\270\240"
 329      833BFCE2 
 329      B2ED7173 
 329      D080181B 
 329      B8A0
 330 0b97 642B7BC5 		.ascii	"d+{\305\330\014\362s\271\337\205\205\351\330_\214U\027"
 330      D80CF273 
 330      B9DF8585 
 330      E9D85F8C 
 330      5517
 331 0ba9 111E053F 		.ascii	"\021\036\005?\360e\212d\017a\006\325\007\037}:g\331"
 331      F0658A64 
 331      0F6106D5 
 331      071F7D3A 
 331      67D9
 332 0bbb 82051CB6 		.ascii	"\202\005\034\266\032\243g\300\270\036~\303\315\0211"
 332      1AA367C0 
 332      B81E7EC3 
 332      CD1131
 333 0bca 16233698 		.ascii	"\026#6\230l>z}\244\311\366\372B\275m#\322-5\233\243"
 333      6C3E7A7D 
 333      A4C9F6FA 
 333      42BD6D23 
 333      D22D359B 
 334 0bdf 220DE1B6 		.ascii	"\"\015\341\266\310\030\223U\367\276!*\322l5\352\215"
 334      C8189355 
 334      F7BE212A 
 334      D26C35EA 
 334      8D
 335 0bf0 A1E658C3 		.ascii	"\241\346X\3037\013\303\302\315f\335\262\030\223\315"
 335      370BC3C2 
 335      CD66DDB2 
 335      1893CD
 336 0bff 68B24D9B 		.ascii	"h\262M\233\324}\022\023\023e\325}e0\204\206[\242CM1"
 336      D47D1213 
 336      1365D57D 
 336      65308486 
 336      5BA2434D 
 337 0c14 2663A831 		.ascii	"&c\2501\374\037\221\241\213C\027\316_\2608\364\3337"
 337      FC1F91A1 
 337      8B4317CE 
 337      5FB038F4 
 337      DB37
 338 0c26 42A3C3BF 		.ascii	"B\243\303\277\216\261\350&\315\352\"M\206\250\330\025"
 338      8EB1E826 
 338      CDEA224D 
 338      86A8D815 
 339 0c36 465D74B8 		.ascii	"F]t\270!\"\322d\324\351W\030\277\014\217\215\262\351"
 339      2122D264 
 339      D4E95718 
 339      BF0C8F8D 
 339      B2E9
 340 0c48 6DDF9B8D 		.ascii	"m\337\233\215\326\260\010\316[\264-\371\377g\233\365"
 340      D6B008CE 
ARM GAS  /var/folders/qd/4mxf5pkd0zdf0b9dd1hp39180000gn/T//ccCcDHkS.s 			page 27


 340      5BB42DF9 
 340      FF679BF5 
 341 0c58 7BAB4E6F 		.ascii	"{\253No\265\255\000K\300 /\010\231\336\266H\036s\022"
 341      B5AD004B 
 341      C0202F08 
 341      99DEB648 
 341      1E7312
 342 0c6b 6A738C05 		.ascii	"js\214\005\200\227~\374\341\262\017W\352\0141\321\346"
 342      80977EFC 
 342      E1B20F57 
 342      EA0C31D1 
 342      E6
 343 0c7c C828A3C5 		.ascii	"\310(\243\305\252\373`\33122\355\362\346\267S\227\271"
 343      AAFB60D9 
 343      3232EDF2 
 343      E6B75397 
 343      B9
 344 0c8d 30E019A6 		.ascii	"0\340\031\246}'6Fo\233\363\313\273\032\301\371\333\""
 344      7D273646 
 344      6F9BF3CB 
 344      BB1AC1F9 
 344      DB22
 345 0c9f 2CC6F015 		.ascii	",\306\360\025V\375\267\261\306XX\340\025m\375Jo\363"
 345      56FDB7B1 
 345      C65858E0 
 345      156DFD4A 
 345      6FF3
 346 0cb1 B645461B 		.ascii	"\266EF\033cbmj\275>V\014\235\312\365\340\003\236\220"
 346      63626D6A 
 346      BD3E560C 
 346      9DCAF5E0 
 346      039E90
 347 0cc4 69BD8D8F 		.ascii	"i\275\215\217]\2404\3763:\334\372\215\257\361;\010\031"
 347      5DA034FE 
 347      333ADCFA 
 347      8DAFF13B 
 347      0819
 348 0cd6 79D2DB14 		.ascii	"y\322\333\024\000o\3066\213\031\2311(\363\262\332\302"
 348      006FC636 
 348      8B199931 
 348      28F3B2DA 
 348      C2
 349 0ce7 6D461FA6 		.ascii	"mF\037\246\350-P-\376\252lt\002\344\015\266\225flY\260"
 349      E82D502D 
 349      FEAA6C74 
 349      02E40DB6 
 349      95666C59 
 350 0cfc 4065317E 		.ascii	"@e1~\005\261\323\333\346\375bX`\300\000\276\201\355"
 350      05B1D3DB 
 350      E6FD6258 
 350      60C000BE 
 350      81ED
 351 0d0e B0683E6F 		.ascii	"\260h>oy\233\267\274\305[\026\363\226E\274\345M\336"
 351      799BB7BC 
 351      C55B16F3 
 351      9645BCE5 
 351      4DDE
ARM GAS  /var/folders/qd/4mxf5pkd0zdf0b9dd1hp39180000gn/T//ccCcDHkS.s 			page 28


 352 0d20 F2862F91 		.ascii	"\362\206/\221&\311\010z\371(\313k/\243L\377\335\342"
 352      26C9087A 
 352      F928CB6B 
 352      2FA34CFF 
 352      DDE2
 353 0d32 6850A862 		.ascii	"hP\250b\253\36465\311o\026\031\245\321L\374R1No\013"
 353      ABF43635 
 353      C96F1619 
 353      A5D14CFC 
 353      52314E6F 
 354 0d47 101F2CC6 		.ascii	"\020\037,\306/\215\026\243\311\000\036\314\"\261\374"
 354      2F8D16A3 
 354      C9001ECC 
 354      22B1FC
 355 0d56 840EBF67 		.ascii	"\204\016\277g\244q\374\310\270\322\266\374\005\2617"
 355      A471FCC8 
 355      B8D2B6FC 
 355      05B137
 356 0d65 70AF4C5B 		.ascii	"p\257L[\2674*j\271\257!\342\257\206\210\217a\360\373"
 356      B7342A6A 
 356      B9AF21E2 
 356      AF86888F 
 356      61F0FB
 357 0d78 E518A455 		.ascii	"\345\030\244U&PF\002\256\212\012\267\322\007\005\031"
 357      26504602 
 357      AE8A0AB7 
 357      D2070519 
 358 0d88 F136C45A 		.ascii	"\3616\304Z\000\237\231J\266\304\030\355-\356\245F\032"
 358      009F994A 
 358      B6C418ED 
 358      2DEEA546 
 358      1A
 359 0d99 D2DB66E8 		.ascii	"\322\333f\350\365_\306\232\014z}\330\233\213\336z]\345"
 359      F55FC69A 
 359      0C7A7DD8 
 359      9B8BDE7A 
 359      5DE5
 360 0dab E2148688 		.ascii	"\342\024\206\210p\213|\356\355\205\377\001\212<l\232"
 360      708B7CEE 
 360      ED85FF01 
 360      8A3C6C9A 
 361              		.text
 362              		.section	.gnu.lto_.symtab.5f86984641f228b2,"",%progbits
 363 0000 6F73616C 		.ascii	"osalThreadDequeueNextI\000"
 363      54687265 
 363      61644465 
 363      71756575 
 363      654E6578 
 364 0017 00       		.ascii	"\000"
 365 0018 00       		.ascii	"\000"
 366 0019 00       		.ascii	"\000"
 367 001a 00000000 		.ascii	"\000\000\000\000\000\000\000\000"
 367      00000000 
 368 0022 3E010000 		.ascii	">\001\000\000"
 369 0026 6F73616C 		.ascii	"osalThreadDequeueAllI\000"
 369      54687265 
 369      61644465 
ARM GAS  /var/folders/qd/4mxf5pkd0zdf0b9dd1hp39180000gn/T//ccCcDHkS.s 			page 29


 369      71756575 
 369      65416C6C 
 370 003c 00       		.ascii	"\000"
 371 003d 00       		.ascii	"\000"
 372 003e 00       		.ascii	"\000"
 373 003f 00000000 		.ascii	"\000\000\000\000\000\000\000\000"
 373      00000000 
 374 0047 40010000 		.ascii	"@\001\000\000"
 375 004b 6E696C00 		.ascii	"nil\000"
 376 004f 00       		.ascii	"\000"
 377 0050 02       		.ascii	"\002"
 378 0051 00       		.ascii	"\000"
 379 0052 00000000 		.ascii	"\000\000\000\000\000\000\000\000"
 379      00000000 
 380 005a 5D010000 		.ascii	"]\001\000\000"
 381 005e 63685363 		.ascii	"chSchReadyI\000"
 381      68526561 
 381      64794900 
 382 006a 00       		.ascii	"\000"
 383 006b 02       		.ascii	"\002"
 384 006c 00       		.ascii	"\000"
 385 006d 00000000 		.ascii	"\000\000\000\000\000\000\000\000"
 385      00000000 
 386 0075 45010000 		.ascii	"E\001\000\000"
 387              		.text
 388              		.section	.gnu.lto_.opts,"",%progbits
 389 0000 272D666D 		.ascii	"'-fmath-errno' '-fsigned-zeros' '-ftrapping-math' '"
 389      6174682D 
 389      6572726E 
 389      6F272027 
 389      2D667369 
 390 0033 2D666E6F 		.ascii	"-fno-trapv' '-fno-openmp' '-fno-openacc' '-mcpu=cor"
 390      2D747261 
 390      70762720 
 390      272D666E 
 390      6F2D6F70 
 391 0066 7465782D 		.ascii	"tex-m4' '-mno-thumb-interwork' '-mthumb' '-O2' '-fo"
 391      6D342720 
 391      272D6D6E 
 391      6F2D7468 
 391      756D622D 
 392 0099 6D69742D 		.ascii	"mit-frame-pointer' '-falign-functions=16' '-ffuncti"
 392      6672616D 
 392      652D706F 
 392      696E7465 
 392      72272027 
 393 00cc 6F6E2D73 		.ascii	"on-sections' '-fdata-sections' '-fno-common' '-flto"
 393      65637469 
 393      6F6E7327 
 393      20272D66 
 393      64617461 
 394 00ff 2700     		.ascii	"'\000"
 395              		.text
 396              		.comm	__gnu_lto_v1,1,1
 397              		.comm	__gnu_lto_slim,1,1
 398              		.ident	"GCC: (GNU Tools for Arm Embedded Processors 7-2017-q4-major) 7.2.1 20170904 (release) [ARM
ARM GAS  /var/folders/qd/4mxf5pkd0zdf0b9dd1hp39180000gn/T//ccCcDHkS.s 			page 30


DEFINED SYMBOLS
                            *ABS*:0000000000000000 osal.c
                            *COM*:0000000000000001 __gnu_lto_v1
                            *COM*:0000000000000001 __gnu_lto_slim

NO UNDEFINED SYMBOLS
