ARM GAS  /var/folders/qd/4mxf5pkd0zdf0b9dd1hp39180000gn/T//cceRnUYW.s 			page 1


   1              		.cpu cortex-m4
   2              		.eabi_attribute 20, 1
   3              		.eabi_attribute 21, 1
   4              		.eabi_attribute 23, 3
   5              		.eabi_attribute 24, 1
   6              		.eabi_attribute 25, 1
   7              		.eabi_attribute 26, 1
   8              		.eabi_attribute 30, 2
   9              		.eabi_attribute 34, 1
  10              		.eabi_attribute 18, 4
  11              		.file	"nvic.c"
  12              		.section	.gnu.lto_.profile.c3f2db8750bf9231,"",%progbits
  13 0000 789C6363 		.ascii	"x\234cc```\001bF\006)1\000\000\302\000<"
  13      60606001 
  13      62460629 
  13      310000C2 
  13      003C
  14              		.text
  15              		.section	.gnu.lto_.icf.c3f2db8750bf9231,"",%progbits
  16 0000 789C6363 		.ascii	"x\234cc``\220b@\000\026\206\333\333\226\254be\354\\"
  16      60609062 
  16      40001686 
  16      DBDB96AC 
  16      6265EC5C 
  17 0014 F7E12E13 		.ascii	"\367\341.\023\323\243\203\263\367\3603/z\275\367\005"
  17      D3A383B3 
  17      F7F0332F 
  17      7ABDF705 
  18 0024 330300A6 		.ascii	"3\003\000\246U\014S"
  18      550C53
  19              		.text
  20              		.section	.gnu.lto_.jmpfuncs.c3f2db8750bf9231,"",%progbits
  21 0000 789C6363 		.ascii	"x\234cc``\320a@\000\026\006&FF\346\3729\314\014 \314"
  21      6060D061 
  21      40001606 
  21      264646E6 
  21      FA39CC0C 
  22 0016 0804209A 		.ascii	"\010\004 \232\011Y\220\031*\310\000\000\237-\007\005"
  22      09599019 
  22      2AC80000 
  22      9F2D0705 
  23              		.text
  24              		.section	.gnu.lto_.inline.c3f2db8750bf9231,"",%progbits
  25 0000 789C4D8C 		.ascii	"x\234M\214\321\021\2000\014B!\215i\364\307\021\352\004"
  25      D1118030 
  25      0C42218D 
  25      69F4C711 
  25      EA04
  26 0012 2ED9453A 		.ascii	".\331E:\222\2438\202\261\236U>\270\343\036`\000*>)\260"
  26      92A33882 
  26      B19E553E 
  26      B8E31E60 
  26      002A3E29 
  27 0027 CC146E8C 		.ascii	"\314\024n\214p\233\332\271\303Z\021\310\261*\"y\020"
  27      709BDAB9 
  27      C35A11C8 
  27      B12A2279 
ARM GAS  /var/folders/qd/4mxf5pkd0zdf0b9dd1hp39180000gn/T//cceRnUYW.s 			page 2


  27      10
  28 0038 07E199EC 		.ascii	"\007\341\231\354\225\244\255<\225\240\332O\004\223\222"
  28      95A4AD3C 
  28      95A0DA4F 
  28      049392
  29 0047 FD25C5EE 		.ascii	"\375%\305\356w\020J\310\366N\007\034S\\\2260\015\244"
  29      77104AC8 
  29      F64E071C 
  29      535C9630 
  29      0DA4
  30              		.text
  31              		.section	.gnu.lto_.pureconst.c3f2db8750bf9231,"",%progbits
  32 0000 789C6363 		.ascii	"x\234cc``\340\004b\026\006)F)&)f)\000\002\304\000\202"
  32      6060E004 
  32      62160629 
  32      46292629 
  32      66290002 
  33              		.text
  34              		.section	.gnu.lto_nvicEnableVector.c3f2db8750bf9231,"",%progbits
  35 0000 789C9D53 		.ascii	"x\234\235S\317KTQ\024\276\337;\357\207\243\316,\332"
  35      CF4B5451 
  35      14BEDF3B 
  35      EF87A3CE 
  35      2CDA
  36 0012 45522E82 		.ascii	"ER.\202A\204y\011\375\003\321\332\026\375\007\341&!"
  36      41847909 
  36      FD03D1DA 
  36      16FD07E1 
  36      2621
  37 0024 674443DA 		.ascii	"gDC\332yg\306f\264\004\005G\203\341\021#\215\375 \312"
  37      7967C666 
  37      B4040547 
  37      83E11123 
  37      8DFD20CA 
  38 0038 42ADC6B2 		.ascii	"B\255\306\262^\223\226\021&\211\264kQJ\241\221\324\254"
  38      5E939611 
  38      2689B46B 
  38      514AA191 
  38      D4AC
  39 004a 82D43AF7 		.ascii	"\202\324:\367>\243\350\307\242.\357\236w\3569\347\273"
  39      3EA3E8C7 
  39      A22EEF9E 
  39      77EE39E7 
  39      BB
  40 005b E7FBEE7D 		.ascii	"\347\373\356}\317\026B\034!!\016\362{\017O\220\2001"
  40      CF16421C 
  40      21210EF2 
  40      7B0F4F90 
  40      8031
  41 006d F85C8864 		.ascii	"\370\\\210d\225\001(GVAt\033\350F?\345\010\345\354\333"
  41      95012847 
  41      5641741B 
  41      E8463FE5 
  41      08E5ECDB 
  42 0081 92D17049 		.ascii	"\222\321pI\362\360\317Uv\313\313><\206\217\360T\003"
  42      F2F0CF55 
  42      76CBCB3E 
ARM GAS  /var/folders/qd/4mxf5pkd0zdf0b9dd1hp39180000gn/T//cceRnUYW.s 			page 3


  42      3C868FF0 
  42      5403
  43 0093 1368E0AA 		.ascii	"\023h\340\252\027=7<:K\036\001&/?-\344W\"ji\240\236"
  43      173D373C 
  43      3A4B1E01 
  43      262F3F2D 
  43      E457226A 
  44 00aa 975B3237 		.ascii	"\227[27\022\241\030\004\373\253\317.\014:\3211)S\322"
  44      12A11804 
  44      FBABCF2E 
  44      0C3AD131 
  44      2953D2
  45 00bd 9F2D92DC 		.ascii	"\237-\222\334\357\021\341\026\2107\304\024\3520\211"
  45      EF11E116 
  45      8837C414 
  45      EA3089
  46 00cc 3AC12181 		.ascii	":\301!\201\333\210r\371\325\324\273\017D\0074\364\315"
  46      DB8872F9 
  46      D5D4BB0F 
  46      440734F4 
  46      CD
  47 00dd FCEB9CB5 		.ascii	"\374\353\234\265\003]\035\333\201\336\371\003\264\204"
  47      035D1DDB 
  47      81DEF903 
  47      B484
  48 00eb A8AEBFB9 		.ascii	"\250\256\277\271=\034\266\315\200+\246a\013\2603\276"
  48      3D1CB6CD 
  48      802BA661 
  48      0BB033BE 
  49 00fb 64F972FB 		.ascii	"d\371r\373kV\372\313\027\261e\205\301\030\323P\206\330"
  49      6B56FACB 
  49      17B16585 
  49      C118D350 
  49      86D8
  50 010d 58261BDB 		.ascii	"X&\033\333R\236\255\214\003\265[\010\212\216\020\275"
  50      529EAD8C 
  50      03B55B08 
  50      8A8E10BD 
  51 011d BC131F91 		.ascii	"\274\023\037\221\364E\037\031\312K\373b\035\251Jvf "
  51      F4451F19 
  51      CA4BFB62 
  51      1DA94A76 
  51      6620
  52 012f A21AE409 		.ascii	"\242\032\344\011yr8\224\376\230A\02008\366\363\0019"
  52      79723894 
  52      FE984110 
  52      3038F6F3 
  52      0139
  53 0141 30719789 		.ascii	"0q\227\211\256\243\274|f\315RE\234\0369]^tT\272J+\235"
  53      AEA3BC7C 
  53      66CD5245 
  53      9C1E395D 
  53      5E7454BA 
  54 0158 1CDDF85C 		.ascii	"\034\335\370\\\033,e9-#\034\232x?\264\342\024p>\311"
  54      1B2C6539 
  54      2D231C9A 
  54      783FB4E2 
ARM GAS  /var/folders/qd/4mxf5pkd0zdf0b9dd1hp39180000gn/T//cceRnUYW.s 			page 4


  54      14703EC9 
  55 016c 1751D8EB 		.ascii	"\027Q\330\353Q\0103,\371\036\357\244\000s\375\311\321"
  55      5108332C 
  55      F91EEFA4 
  55      0073FDC9 
  55      D1
  56 017d 6AF79AEC 		.ascii	"j\367\232\354I\312z\217\252q\037\005\014\353+\342\344"
  56      49CA7A8F 
  56      AA711F05 
  56      0CEB2BE2 
  56      E4
  57 018e CBA5A989 		.ascii	"\313\245\251\211H\323\270J\026\342\036\325\340\001\334"
  57      48D3B84A 
  57      16E21ED5 
  57      E001DC
  58 019d 3C85F4F5 		.ascii	"<\205\364\365\371hb\216\212\361ffa`W\300\2318\313\270"
  58      F968628E 
  58      8AF16666 
  58      616057C0 
  58      9938CBB8 
  59 01b1 A1E2F552 		.ascii	"\241\342\365RX\261\260\260\017\0175g\326u\305\011\212"
  59      58B1B0B0 
  59      0F0F3567 
  59      D675C509 
  59      8A
  60 01c2 4C34D671 		.ascii	"L4\326q\251\012V2}V\020\264\002\344\323\342\364\246"
  60      A90A5632 
  60      7D5610B4 
  60      02E4D3E2 
  60      F4A6
  61 01d4 E66FC342 		.ascii	"\346o\303BY#\371\220\276#\025\370\027\375\377\242\256"
  61      5923F990 
  61      BE2315F8 
  61      17FDFFA2 
  61      AE
  62 01e5 168FB43A 		.ascii	"\026\217\264:\374\256\256\313\2430f\225:K\253\233S\352"
  62      FCAEAECB 
  62      A3306695 
  62      3A4BAB9B 
  62      53EA
  63 01f7 ECA0D7AB 		.ascii	"\354\240\327\253\305\232\377j\366X73\376\322\354\311"
  63      C59AFF6A 
  63      F6583733 
  63      FED2ECC9 
  64 0207 8F66F341 		.ascii	"\217f\363A\263\015\244\012_t+\375\203\3642O\376P\030"
  64      B30DA40A 
  64      5F742BFD 
  64      83F4324F 
  64      FE5018
  65 021a DF188BB9 		.ascii	"\337\030\213\271\301\223\350t\217\037;\341\266':Nv\272"
  65      C193E874 
  65      8F1F3BE1 
  65      B6273A4E 
  65      76BA
  66 022c 2D89B6B6 		.ascii	"-\211\266\266D\334=t\264\371p\363)7\336\325\332\022"
  66      44DC3D74 
  66      B4F970F3 
ARM GAS  /var/folders/qd/4mxf5pkd0zdf0b9dd1hp39180000gn/T//cceRnUYW.s 			page 5


  66      2937DED5 
  66      DA12
  67 023e 6B11889B 		.ascii	"k\021\210\233\355\035\255\211o\247\372\031\260"
  67      ED1DAD89 
  67      6FA7FA19 
  67      B0
  68              		.text
  69              		.section	.gnu.lto_nvicDisableVector.c3f2db8750bf9231,"",%progbits
  70 0000 789C9552 		.ascii	"x\234\225RKkSQ\020\236\357\314}\244M\233\265`\320.\204"
  70      4B6B5351 
  70      109EEFCC 
  70      7DA44D9B 
  70      B560D02E 
  71 0015 520AB9E4 		.ascii	"R\012\271\344'\210\340\256\033\377\201d\243`\023i\245"
  71      2788E0AE 
  71      1BFF8164 
  71      A3601369 
  71      A5
  72 0026 B8EB49D2 		.ascii	"\270\353I\322&\255fQh\033%\\\344\026#\342BkI\253\246"
  72      26AD6651 
  72      681B255C 
  72      E41623E2 
  72      426B49AB 
  73 003b BEAE292E 		.ascii	"\276\256).\304\027\026\361\007\330\342\023\212\026\027"
  73      C41716F1 
  73      07D8E213 
  73      8A1617
  74 004a 2EFA70CE 		.ascii	".\372p\316\275\012\202+\207{\316\235\2313\337|sf\216"
  74      BD0A822B 
  74      877BCE9D 
  74      9933DF7C 
  74      73668E
  75 005d 4344238A 		.ascii	"CD#\212\310\223\377AY`\202\232yETL(\300(:\001\032W\030"
  75      C893FF41 
  75      5960829A 
  75      7945544C 
  75      28C0283A 
  76 0075 478DE718 		.ascii	"G\215\347\030\235\352\207\266\032\270\256E\302K\015"
  76      9DEA87B6 
  76      1AB8AE45 
  76      C24B0D
  77 0084 A7A2270F 		.ascii	"\247\242'\017\370LT\227e\004-\014H\324\233\211\333>"
  77      F84C5497 
  77      65042D0C 
  77      48D49B89 
  77      DB3E
  78 0096 5F649F01 		.ascii	"_d\237\001K\314\357/\033\033)c*\364\211\271\253\347"
  78      4BCCEF2F 
  78      1B1B2963 
  78      2AF489B9 
  78      ABE7
  79 00a8 EA29CE80 		.ascii	"\352)\316\200D\337|~u\306\355\277\246uI\207/\232\254"
  79      44DF7C7E 
  79      75C6EDBF 
  79      A6754987 
  79      2F9AAC
  80 00bb 8FF8CCB8 		.ascii	"\217\370\314\270\003\226\204XA\032\313H\223\270\010"
ARM GAS  /var/folders/qd/4mxf5pkd0zdf0b9dd1hp39180000gn/T//cceRnUYW.s 			page 6


  80      03968458 
  80      411ACB48 
  80      93B808
  81 00ca 77D16FE2 		.ascii	"w\321o\342\337/\355\315\367:VL\210{p\010\242,\256\333"
  81      DF2FEDCD 
  81      F73A564C 
  81      887B7008 
  81      A22CAEDB 
  82 00de A1DEDBAF 		.ascii	"\241\336\333\257\352p\263\211\326\361.\010\306R\262"
  82      EA70B389 
  82      D6F12E08 
  82      C652B2
  83 00ed D96C34CB 		.ascii	"\331l4\313l6\242\0344%H\271\227\016i\232\225\321\312"
  83      6C36A21C 
  83      342548B9 
  83      970E699A 
  83      95D1CA
  84 0100 217D4179 		.ascii	"!}Ay\247\262\273\024(\223\261\301h\260-\\\263\315[\355"
  84      A7B2BB14 
  84      2893B1C1 
  84      68B02D5C 
  84      B3CD5BED 
  85 0114 5E53B685 		.ascii	"^S\266\205\303hK!\022\366\255r\303\215\203\024\006\323"
  85      C3684B21 
  85      12F6AD72 
  85      C38D8314 
  85      06D3
  86 0126 126A9CDB 		.ascii	"\022j\234\333\225i;vr\214|\326\\\335\3511H\0336V#di"
  86      95693B76 
  86      728C7CD6 
  86      5CDDE931 
  86      481B3656 
  87 013d BBFA0769 		.ascii	"\273\372\007i\011X<\235\267\027>G0\001\324';\257]\003"
  87      09583C9D 
  87      B7173E47 
  87      3001D427 
  87      3BAF5D03 
  88 0151 70A2AE2C 		.ascii	"p\242\256,/l\375\354\211M\335)\353\224\270Z_g7\334\000"
  88      2F6CFDEC 
  88      894DDD29 
  88      EB94B85A 
  88      5F6737DC 
  89 0166 578AD2F9 		.ascii	"W\212\322\371\340\220\317.\036H{\356Kn\003xZ+.t{7\365"
  89      E090CF2E 
  89      1E487BEE 
  89      4B6E0378 
  89      5A2B2E74 
  90 017d 4451F7F9 		.ascii	"DQ\367\371\234\300C\004\230\217f\"\207\357\326WZ\251"
  90      9CC04304 
  90      988F6622 
  90      87EFD657 
  90      5AA9
  91 018f ECA2390C 		.ascii	"\354\2429\014\306|\356\302#xRj4\257\307\310JA\246\232"
  91      C67CEEC2 
  91      2378526A 
  91      34AFC7C8 
  91      4A41A69A 
ARM GAS  /var/folders/qd/4mxf5pkd0zdf0b9dd1hp39180000gn/T//cceRnUYW.s 			page 7


  92 01a3 1F9F2EAF 		.ascii	"\037\237.\257%\177\227\363?d\335\010#2\374K\226\367"
  92      257F97F3 
  92      3F64DD08 
  92      2332FC4B 
  92      96F7
  93 01b5 39892786 		.ascii	"9\211'\206\314\216\310:\310\376}\327$\010k\222s\013"
  93      CC8EC83A 
  93      C8FE7DD7 
  93      24086B92 
  93      730B
  94 01c7 A5E0630D 		.ascii	"\245\340c\015\3214\215LI.\231\213\274\312\301L\306\213"
  94      D1348D4C 
  94      492E998B 
  94      BCCAC14C 
  94      C68B
  95 01d9 BFC2A877 		.ascii	"\277\302\250w\352\344\031\357la\344\334\250\227+\014"
  95      EAE419EF 
  95      6C61E4DC 
  95      A8972B0C 
  96 01e9 0F17F2DE 		.ascii	"\017\027\362\336\321\023C\307\206\316{\371\261\323\271"
  96      D11343C7 
  96      86CE7BF9 
  96      B1D3B9
  97 01f8 4C8E90FF 		.ascii	"L\216\220\377\005D\312\324\370"
  97      0544CAD4 
  97      F8
  98              		.text
  99              		.section	.gnu.lto_nvicSetSystemHandlerPriority.c3f2db8750bf9231,"",%progbits
 100 0000 789C6D51 		.ascii	"x\234mQ\315KTQ\024?\277{\336{\363\012\262\255\224\013"
 100      CD4B5451 
 100      143FBF7B 
 100      DE7BF30A 
 100      B2AD940B 
 101 0014 17C120C1 		.ascii	"\027\301 \301<\334\264h\027m\332\270\361?\220IP\320"
 101      3CDCB468 
 101      176DDAB8 
 101      F13F9049 
 101      50D0
 102 0026 79328AB4 		.ascii	"y2\212\264\363\316\214:f\005\242\243\306\360\210\267"
 102      F3CE8C3A 
 102      6605A2A3 
 102      C6F088B7 
 103 0036 1195080B 		.ascii	"\021\225\010\013\263\032\035\3551\2536}8D\220\320\242"
 103      B31A1DED 
 103      31AB367D 
 103      384490D0 
 103      A2
 104 0047 0F14268A 		.ascii	"\017\024&\212>\\\264\262\316}N\320\242\313\3758_\277"
 104      3E5CB4B2 
 104      CE7D4ED0 
 104      A2CBFD38 
 104      5FBF
 105 0059 737FE71C 		.ascii	"s\177\347\034\207\210~\202\350\242\274g\345\200\011"
 105      87887E82 
 105      E8A2BC67 
 105      E58009
 106 0068 6AE60551 		.ascii	"j\346\005Q\316U\200\021\264\013\032S\030\303M.1j\305"
ARM GAS  /var/folders/qd/4mxf5pkd0zdf0b9dd1hp39180000gn/T//cceRnUYW.s 			page 8


 106      CE558011 
 106      B40B1A53 
 106      18C34D2E 
 106      316AC5
 107 007b FD8AEA58 		.ascii	"\375\212\352X\326\262\242\305\2723\251'Z\003&Z\220c"
 107      D6B2A2C5 
 107      BA33A927 
 107      5A03265A 
 107      9063
 108 008d 16D6D121 		.ascii	"\026\326\321!Q\273\343\367\003\276\301\001\003\226\250"
 108      51BBE3F7 
 108      03BEC101 
 108      0396A8
 109 009c DF9F973F 		.ascii	"\337\237\227?\266\030U\241]\324\302\334N\325\345\024"
 109      B61855A1 
 109      5DD4C2DC 
 109      4ED5E514 
 110 00ac 48E4FAFA 		.ascii	"H\344\372\372\355+\311%\255\363:\372\264\304\372\\\300"
 110      ED2BC925 
 110      ADF33AFA 
 110      B4C4FA5C 
 110      C0
 111 00bd 8C4760C9 		.ascii	"\214G`\311\207\015\264\341!\332HL\204\307HJ\364\335"
 111      870DB4E1 
 111      21DA484C 
 111      84C7484A 
 111      F4DD
 112 00cf FCC117E6 		.ascii	"\374\301\027\346\0131\362\303\263\367%\273\011=\\nB"
 112      0B31F2C3 
 112      B3F725BB 
 112      093D5C6E 
 112      42
 113 00e0 9FFC075A 		.ascii	"\237\374\007ZA2\216\177p4\177\312\261\302\277l\261\011"
 113      41328E7F 
 113      70347FCA 
 113      B1C2BF6C 
 113      B109
 114 00f2 87A4725A 		.ascii	"\207\244rZ\253\333\221>\372]\024\006\255{\237\335\004"
 114      ABDB913E 
 114      FA5D1406 
 114      AD7B9FDD 
 114      04
 115 0103 04662973 		.ascii	"\004f)s\011}\001\3330\277\023M\011J\032\242#\272\316"
 115      097D01DB 
 115      30BF134D 
 115      094A1AA2 
 115      23BACE
 116 0116 CA488588 		.ascii	"\312H\205\210\032\310\377(\276\333\250\302d+3\312\362"
 116      1AC8FF28 
 116      BEDBA8C2 
 116      642B33CA 
 116      F2
 117 0127 6103856F 		.ascii	"a\003\205o\223M\203\022\333\277\375\260aaK\2105P{=\375"
 117      934D8312 
 117      DBBFFDB0 
 117      61614B88 
 117      35507B3D 
ARM GAS  /var/folders/qd/4mxf5pkd0zdf0b9dd1hp39180000gn/T//cceRnUYW.s 			page 9


 118 013c D63641E2 		.ascii	"\3266A\342^\230\250\275L\030\267\023W\226\253TK\366"
 118      5E98A8BD 
 118      4C18B713 
 118      5796AB54 
 118      4BF6
 119 014e B1AAF70A 		.ascii	"\261\252\367\012\272EL\215\335\303Wv\210;9\351{x&\340"
 119      BA454C8D 
 119      DDC35776 
 119      883B39E9 
 119      7B7826E0 
 120 0162 04B6A5C4 		.ascii	"\004\266\245\304\252d2\200\331\351\325\325\223\336="
 120      AA643280 
 120      D9E9D5D5 
 120      93DE3D
 121 0171 3D9ED3ED 		.ascii	"=\236\323\355\001\273\330A\210\371x\"\342|\263\362k"
 121      01BBD841 
 121      88F97822 
 121      E27CB3F2 
 121      6B
 122 0182 F174E79A 		.ascii	"\361t\347\232q\206\231\200O\340)\2742\333\361\264\""
 122      71869980 
 122      4FE029BC 
 122      32DBF1B4 
 122      22
 123 0193 740A47FA 		.ascii	"t\012G\372\212|\270u+\246\034Oq\212a\352SD\347S)\357"
 123      8A7CB875 
 123      2BA61C4F 
 123      718A61EA 
 123      5344E753 
 124 01a9 78FBC35E 		.ascii	"x\373\303^_\317\2007\344gG\206\275\264?8\350g\274K\335"
 124      5FCF8037 
 124      E4674786 
 124      BDB43F38 
 124      E867BC4B 
 125 01be 5D97BBAE 		.ascii	"]\227\273\256y\231\321\376t*M\211\276\236\314\325\201"
 125      7999D1FE 
 125      742A4D89 
 125      BE9ECCD5 
 125      81
 126 01cf DEAC3594 		.ascii	"\336\2545\224\355\367\377\000%\355\2619"
 126      EDF7FF00 
 126      25EDB139 
 127              		.text
 128              		.section	.gnu.lto_nvicClearPending.c3f2db8750bf9231,"",%progbits
 129 0000 789C3551 		.ascii	"x\2345Q\317KTQ\024>\337=\357\307\024:\353\240\241\\"
 129      CF4B5451 
 129      143EDF3D 
 129      EFC7143A 
 129      EBA0A15C 
 130 0014 0422C25C 		.ascii	"\004\"\302\\\374\023\302E+7\375\0071\033\203\234\211"
 130      FC13C245 
 130      2B37FD07 
 130      311B839C 
 130      89
 131 0025 0C69E79D 		.ascii	"\014i\347\235\031\235\321\2240\324\011\206\207<q\"Z"
 131      199DD194 
 131      30D40986 
ARM GAS  /var/folders/qd/4mxf5pkd0zdf0b9dd1hp39180000gn/T//cceRnUYW.s 			page 10


 131      873C7122 
 131      5A
 132 0036 94C56836 		.ascii	"\224\305h6\366\3531\344B\242\"\211V\2552\004\013$\005"
 132      F6EB31E4 
 132      42A22289 
 132      56AD3204 
 132      0B2405
 133 0049 2142AD73 		.ascii	"!B\255s\337\243\303\375q\316\271\347;\367\273\337\365"
 133      DFA3C3FD 
 133      71CEB9E7 
 133      3BF7BBDF 
 133      F5
 134 005a 88E81044 		.ascii	"\210\350\020DZ\366\2632\301\0045\363\201\250\230R\200"
 134      5AF6B332 
 134      C10435F3 
 134      81A89852 
 134      80
 135 006b 754C0A34 		.ascii	"uL\0124\2520\212i\236c\264\253;-\325\363\300\210E\367"
 135      AA308A69 
 135      9E63B4AB 
 135      3B2DD5F3 
 135      C08845F7 
 136 007f FE781533 		.ascii	"\376x\0253~&`\242\232Lkh\242G\252>\215=\011x\212\003"
 136      7E2660A2 
 136      9A4C6B68 
 136      A247AA3E 
 136      8D3D0978 
 137 0095 061C09F7 		.ascii	"\006\034\011\367\337\327\267\3236T\350\222\360\330\314"
 137      DFD7B7D3 
 137      3654E892 
 137      F0D8CC
 138 00a4 D5D29C05 		.ascii	"\325\322\234\005\211\377\375\335\322\214\337}\337\230"
 138      89FFFDDD 
 138      D28CDF7D 
 138      DF98
 139 00b2 9289DE36 		.ascii	"\222\211\3366\330\\\010\230\361\014,\015\261\212\014"
 139      D85C0898 
 139      F10C2C0D 
 139      B18A0C
 140 00c1 56902149 		.ascii	"V\220!I\021\326\320m\353\277==\231\357\364\234\344B"
 140      11D6D06D 
 140      EBBF3D3D 
 140      99EFF49C 
 140      E442
 141 00d3 3C874742 		.ascii	"<\207GB\236\226\267\334\310\234\374\255\232\350k\003"
 141      9E96B7DC 
 141      C89CFCAD 
 141      9AE86B03 
 142 00e3 772F09E3 		.ascii	"w/\011\343\200\035%\213\313\326s\354\342\"\356A\023"
 142      801D258B 
 142      CBD673EC 
 142      E222EE41 
 142      13
 143 00f4 82947799 		.ascii	"\202\224w\231\210&YY\257\034\321\017\224\217*\307k\241"
 143      88265959 
 143      AF1CD10F 
 143      948F2AC7 
ARM GAS  /var/folders/qd/4mxf5pkd0zdf0b9dd1hp39180000gn/T//cceRnUYW.s 			page 11


 143      6BA1
 144 0106 B21DEB8C 		.ascii	"\262\035\353\214:\273r\327l\343q\253\323\322vp\036-"
 144      3ABB72D7 
 144      6CE371AB 
 144      D3D27670 
 144      1E2D
 145 0118 212265BF 		.ascii	"!\"e\277*\017\375\244H\2417#\2456yP\231t\223$'\310\315"
 145      2A0FFDA4 
 145      48A13723 
 145      A5367950 
 145      99749324 
 146 012f C6FA5187 		.ascii	"\306\372Q\207E\272p\261\036#K\007\325\377HG\300\222"
 146      45BA70B1 
 146      1E234B07 
 146      D5FF4847 
 146      C092
 147 0141 697FBEBD 		.ascii	"i\177\276\275\033\303\004P\033o\177\364-\300\213UYY"
 147      1BC30450 
 147      1B6F7FF4 
 147      2DC08B55 
 147      5959
 148 0153 DCFBDD91 		.ascii	"\334\373\335\221\204\246]6iI5\177\316n\373!\026\212"
 148      84A65D36 
 148      6949357F 
 148      CE6EFB21 
 148      168A
 149 0165 A27C782E 		.ascii	"\242|x.`\037/E\236\027\322\333\0026\246\213\213\247"
 149      601F2F45 
 149      9E17D2DB 
 149      0236A68B 
 149      8BA7
 150 0177 F5233356 		.ascii	"\365#3V4]\001\247\360\012!\346\343?\221\303/[\253\315"
 150      345D01A7 
 150      F00A21E6 
 150      E33F91C3 
 150      2F5BABCD 
 151 018b 74DFB23D 		.ascii	"t\337\262=\014G\002>\205\327\320B5\376\2577\350\023"
 151      0C47023E 
 151      85D7D042 
 151      35FEAF37 
 151      E813
 152 019d 42B48752 		.ascii	"B\264\207R\270t\007\261\240\326&\344a\"\215\"\352\315"
 152      B87407B1 
 152      A0D626E4 
 152      61228D22 
 152      EACD
 153 01af 6675320A 		.ascii	"fu2\012\303z\360\3125}\275p\343\346\260\316\025\206"
 153      C37AF0CA 
 153      357DBD70 
 153      E3E6B0CE 
 153      1586
 154 01c1 860A797D 		.ascii	"\206\012y}\361\362@\377\300-\235\037\271\232\313\346"
 154      F1F240FF 
 154      C02D9D1F 
 154      B99ACBE6 
 155 01d1 08F97F0B 		.ascii	"\010\371\177\013\343\254\267"
 155      E3ACB7
ARM GAS  /var/folders/qd/4mxf5pkd0zdf0b9dd1hp39180000gn/T//cceRnUYW.s 			page 12


 156              		.text
 157              		.section	.gnu.lto_.symbol_nodes.c3f2db8750bf9231,"",%progbits
 158 0000 789C6363 		.ascii	"x\234cc``\360\002b\006\246\026\246z\006\206\011\347"
 158      6060F002 
 158      6206A616 
 158      A67A0686 
 158      09E7
 159 0012 181880D4 		.ascii	"\030\030\200\324\256\006G\240H+S=#\252H\033S=\023\252"
 159      AE0647A0 
 159      482B533D 
 159      23AA481B 
 159      533D13AA 
 160 0026 483B533D 		.ascii	"H;S=3\212\010\003\000\255\216\021\331"
 160      338A0803 
 160      00AD8E11 
 160      D9
 161              		.text
 162              		.section	.gnu.lto_.refs.c3f2db8750bf9231,"",%progbits
 163 0000 789C6363 		.ascii	"x\234cc```\004b\006\000\000D\000\010"
 163      60606004 
 163      62060000 
 163      440008
 164              		.text
 165              		.section	.gnu.lto_.decls.c3f2db8750bf9231,"",%progbits
 166 0000 789CC559 		.ascii	"x\234\305YkTT\327\025\236s\317\000\303\333\"\253\261"
 166      6B5454D7 
 166      159E73CF 
 166      00C3DB22 
 166      ABB1
 167 0012 E9743575 		.ascii	"\351t5u\231\025\332\006FM\032\363\253\015\031\261\362"
 167      9915DA06 
 167      464D1AF3 
 167      AB0D19B1 
 167      F2
 168 0023 C3943518 		.ascii	"\303\2245\030W\223\254fBp\022Iy\025\260+\376\352E0\242"
 168      5793AC66 
 168      42701249 
 168      7915B02B 
 168      FEEA4530 
 169 0038 A80125A8 		.ascii	"\250\001%\250\210\341\351\023T\210\012*\242\200\362"
 169      88E1E913 
 169      54880A2A 
 169      A280F2
 170 0047 10040D88 		.ascii	"\020\004\015\210\212<\006\021\020\021\221\207\212 J"
 170      8A3C0611 
 170      10119187 
 170      8A204A
 171 0056 F779DC99 		.ascii	"\367y\334\231\313\205\261\371\321\325\336\345\236;\373"
 171      CB85B1F9 
 171      D1D5DEE5 
 171      9E3BFB
 172 0065 9CEFECF3 		.ascii	"\234\357\354\363\235\275\317\331g\017\332\253T\252\317"
 172      9DBDCFD9 
 172      670FDAAB 
 172      54AACF
 173 0074 7EA152B9 		.ascii	"~\241R\271b\225*\023\251TS\360\330A[9\010\250\252R\025"
 173      62952A13 
ARM GAS  /var/folders/qd/4mxf5pkd0zdf0b9dd1hp39180000gn/T//cceRnUYW.s 			page 13


 173      A95453F0 
 173      D8415B39 
 173      08A8AA52 
 174 0089 7BD420D5 		.ascii	"{\324 \325 u \365 WT3\237oa\200\033\261\007\342\001"
 174      207520F5 
 174      20575433 
 174      9F6F6180 
 174      1BB107E2 
 175 009e E2C9C76B 		.ascii	"\342\311\307kA\336\000\371\030\344#\220\337\000\356"
 175      41DE00F9 
 175      18E42390 
 175      DF00EE
 176 00ad D7207DF0 		.ascii	"\327 }\360\375.\310S\2201\020\240\240\232\003\355Z\020"
 176      FD2EC853 
 176      903110A0 
 176      A09A03ED 
 176      5A10
 177 00bf 77C4E6AF 		.ascii	"w\304\346\257\236e\236\235\320\3412\313<\322\034\222"
 177      9E659E9D 
 177      D0E132CB 
 177      3CD21C92 
 178 00cf 7DC9AE34 		.ascii	"}\311\2564\217\0002\027\2619\020_\213\362\331\003\035"
 178      8F003217 
 178      B139105F 
 178      8BF2D903 
 178      1D
 179 00e0 4E36D640 		.ascii	"N6\326@\270GA\177$\310\007\210\331$v>\342\366\352\271"
 179      B847417F 
 179      24C80788 
 179      D924763E 
 179      E2F6EAB9 
 180 00f4 1E8BA6DB 		.ascii	"\036\213\246\333\314\260a\323\026_2\\\313m\316\346\347"
 180      CCB061D3 
 180      165F325C 
 180      CB6DCEE6 
 180      E7
 181 0105 148CDA6B 		.ascii	"\024\214\332k\016\345\341D\214\336pB$b\356\320tl\340"
 181      0EE5E144 
 181      8CDE7042 
 181      2462EED0 
 181      746CE0
 182 0118 F4B82B6B 		.ascii	"\364\270+k\"\210\306\362\024W,\320\257\235\371\361="
 182      2288C6F2 
 182      14572CD0 
 182      AF9DF9F1 
 182      3D
 183 0129 8E3EF922 		.ascii	"\216>\371\"{4\177S\241\223\010K\226\032\277\035\311"
 183      7B347F53 
 183      A193084B 
 183      961ABF1D 
 183      C9
 184 013a 75C0EF50 		.ascii	"u\300\357P\340\217\361\005\351\304\252\207\023R\203"
 184      E08FF105 
 184      E9C4AA87 
 184      135283
 185 0149 3A5C9F76 		.ascii	":\\\237v\307\015TO'\364Z\012\026\314-\317\332\334\220"
 185      C70D544F 
ARM GAS  /var/folders/qd/4mxf5pkd0zdf0b9dd1hp39180000gn/T//cceRnUYW.s 			page 14


 185      27F45A0A 
 185      16CC2DCF 
 185      DADC90
 186 015c 93578228 		.ascii	"\223W\202(\256\0273\343D\307\345*t\032i\321)\244U\241"
 186      AE1733E3 
 186      44C7E52A 
 186      741A69D1 
 186      29A455A1 
 187 0170 12E44566 		.ascii	"\022\344Ef.B>*t\002\032\217C\343~2]\331\225]\177\334"
 187      2E423E2A 
 187      74021A8F 
 187      43E37E32 
 187      5DD9955D 
 188 0186 3D228AAF 		.ascii	"=\"\212\257\2413\310\011\025#L1\260\2707\234\030\201"
 188      A133C809 
 188      15234C31 
 188      B0B8379C 
 188      1881
 189 0198 43B9C9D9 		.ascii	"C\271\311\331\366\270\031\021\006B\311\236\236J\301"
 189      F6B81911 
 189      0642C99E 
 189      9E4AC1
 190 01a7 D61CE76C 		.ascii	"\326\034\347l\3161V2\277j\203(\012\250\024\3468k\235"
 190      CE315632 
 190      BF6A8328 
 190      0AA814E6 
 190      386B9D
 191 01ba 03A6242F 		.ascii	"\003\246$/h\205\211\316\224\227\236w6\243v\004\373\000"
 191      688589CE 
 191      94979E77 
 191      36A37604 
 191      FB00
 192 01cc CDA1EB47 		.ascii	"\315\241\353G\210}\302\233\010\325\247\244\007\261v"
 192      887DC29B 
 192      08D5A7A4 
 192      07B176
 193 01db 6815D88B 		.ascii	"h\025\330\213C\211\"\015A\226\026\201\333\020$\273\364"
 193      4389220D 
 193      41961681 
 193      DB1024BB 
 193      F4
 194 01ec 1F3780E4 		.ascii	"\0377\200\344VY?\233NzX\324\331\027\3318\326$X'\223"
 194      56593F9B 
 194      4E7A58D4 
 194      D917D938 
 194      D6245827 
 195 0201 0D99C155 		.ascii	"\015\231\301Ue\351\266\220\262.\022\361p7\017l9\352"
 195      65E9B690 
 195      B22E12F1 
 195      70370F6C 
 195      39EA
 196 0213 D2893AA0 		.ascii	"\322\211:\240\027\266s\222&\214\006~\317\265\256\034"
 196      17B67392 
 196      268C067E 
 196      CFB5AE1C 
 197 0223 01DF65DB 		.ascii	"\001\337e\333\245\372\340\311r\244\026\230\337P\270"
 197      A5FAE0C9 
ARM GAS  /var/folders/qd/4mxf5pkd0zdf0b9dd1hp39180000gn/T//cceRnUYW.s 			page 15


 197      72A41698 
 197      DF50B8
 198 0232 9AB4D58D 		.ascii	"\232\264\325\215\0358\257\266\264U \332X95V\346\316"
 198      1D38AFB6 
 198      B45520DA 
 198      58393556 
 198      E6CE
 199 0244 B68B4076 		.ascii	"\266\213@v\322\320\345\275\316l\273\314!\273\347\\G"
 199      D2D0E5BD 
 199      CE6CBBCC 
 199      21BBE75C 
 199      47
 200 0255 AA302F95 		.ascii	"\2520/\225\304')N\234#\240\317~\216*!j\027!j*T\205\346"
 200      C427294E 
 200      9C23A0CF 
 200      7E8E2A21 
 200      6A17216A 
 201 026d C1E705A4 		.ascii	"\301\347\005\244f\264\012\023\237o\324\314\317\0243"
 201      66B40A13 
 201      9F6FD4CC 
 201      CF1433
 202 027c 3BC5B26A 		.ascii	";\305\262j\363\202\273'D\021\342)\252\011\016\225[\003"
 202      F382BB27 
 202      4411E229 
 202      AA090E95 
 202      5B03
 203 028e 5A4E362E 		.ascii	"ZN6.*C\235\010\235GfXD5\232OV\325Q:\204q.\266\311\177"
 203      2A439D08 
 203      9D476658 
 203      44359A4F 
 203      56D5513A 
 204 02a8 6753F619 		.ascii	"gS\366\031W\233dj)\231K\022\231\251\226\362>7N\246\177"
 204      579B646A 
 204      29994B12 
 204      99A996F2 
 204      3E374EA6 
 205 02bd 5E9A58B6 		.ascii	"^\232X\266^${\013P\250\306J\245FI\245\216R)|z?\016\343"
 205      5E247B0B 
 205      50A8C64A 
 205      A54649A5 
 205      8E52297C 
 206 02d5 22466547 		.ascii	"\"FeG|r\212#\267T\373\252\305\022Y\324e\253\245\313"
 206      7C728A23 
 206      B754FBAA 
 206      C51259D4 
 206      65ABA5CB 
 207 02e9 4A4BF5D4 		.ascii	"JK\365\324R\351\201\235\376\270\211\031\032>\033\373"
 207      52E9819D 
 207      FEB88919 
 207      1A3E1BFB 
 208 02f9 5789D12F 		.ascii	"W\211\321/\2471j\260\332iP\332\271B\355\3447g\224\270"
 208      A7316AB0 
 208      DA6950DA 
 208      B942EDE4 
 208      376794B8 
 209 030d B030895A 		.ascii	"\2600\211Zb\253|\343\011\256\0179\200\236r\344N1bz\222"
 209      62AB7CE3 
ARM GAS  /var/folders/qd/4mxf5pkd0zdf0b9dd1hp39180000gn/T//cceRnUYW.s 			page 16


 209      09AE0F39 
 209      809E72E4 
 209      4E31627A 
 210 0322 27E87DCD 		.ascii	"'\350}\315\007\322\\Y\034\305,\004\015{''\343\325\270"
 210      07D25C59 
 210      1CC52C04 
 210      0D7B2727 
 210      E3D5B8
 211 0335 9B31B97D 		.ascii	"\2331\271}\375E\035\317\021qvdg\364\264}\347\352\224"
 211      FD451DCF 
 211      11717664 
 211      67F4B47D 
 211      E7EA94
 212 0348 403C4BCF 		.ascii	"@<K\317+\351\220N\254\012]'\007\020\351\264\250\031"
 212      2BE9904E 
 212      AC0A5D27 
 212      0710E9B4 
 212      A819
 213 035a 5440E7A5 		.ascii	"T@\347\245f\237\304\036I4\016\242\370\236\232\206\250"
 213      669FC41E 
 213      49340EA2 
 213      F89E9A86 
 213      A8
 214 036b 09E08D14 		.ascii	"\011\340\215\024~\003yH\203\010\272{_w\246#gn\017\372"
 214      7E037948 
 214      8308BA7B 
 214      5F77A623 
 214      676E0FFA 
 215 037f 37C95D39 		.ascii	"7\311]9n\2349!v5y\313\0165gJR\340\266\033\311\177\302"
 215      6E9C3921 
 215      763579CB 
 215      0E35674A 
 215      52E0B61B 
 216 0396 838CE7CD 		.ascii	"\203\214\347\315\302\035\005v\014\373\220`\317\244]"
 216      C21D0576 
 216      0CFB9060 
 216      CFA45D
 217 03a5 4F73B6C9 		.ascii	"Os\266\311\263]\342\331\306x\036\333\320}H\003\243\265"
 217      B35DE2D9 
 217      C6781EDB 
 217      D07D4803 
 217      A3B5
 218 03b7 905F912C 		.ascii	"\220_\221,\271jYr=Q6zD\215\207\351LB\341\221\356\257"
 218      B96A5972 
 218      3D51367A 
 218      448D87E9 
 218      4C42E191 
 219 03cd 90979394 		.ascii	"\220\227\223\224\355|6l$\261\351\202\205uZc\243%K\242"
 219      ED7C366C 
 219      24B1E982 
 219      85755A63 
 219      A3254BA2 
 220 03e1 594DCC11 		.ascii	"YM\314\021\361<\025zK\213\026BN\273\0159M\313s\232\031"
 220      F13C157A 
 220      4B8B1642 
 220      4EBB0D39 
 220      4DCB739A 
ARM GAS  /var/folders/qd/4mxf5pkd0zdf0b9dd1hp39180000gn/T//cceRnUYW.s 			page 17


 221 03f6 E874B0F9 		.ascii	"\350t\260\371\017e\034\274\350\212\237\261\011:\216"
 221      0F651CBC 
 221      E88A9FB1 
 221      093A8E
 222 0405 3C6CC096 		.ascii	"<l\300\226\031 \327\035\247\271\256\007f\270c\235\241"
 222      1920D71D 
 222      A7B9AE07 
 222      66B8639D 
 222      A1
 223 0416 0BD998A2 		.ascii	"\013\331\230\242{\366)\232\315\251\255\316\326P j\357"
 223      7BF6299A 
 223      CDA9ADCE 
 223      D650206A 
 223      EF
 224 0427 16F4B750 		.ascii	"\026\364\267P\217\364\322P\264K\241X\177q\323}D\334"
 224      8FF4D250 
 224      B44BA158 
 224      7F71D37D 
 224      44DC
 225 0439 17F7D3AC 		.ascii	"\027\367\323\254\357\252\034\177\250\226[\277\3732\353"
 225      EFAA1C7F 
 225      A8965BBF 
 225      FB32EB
 226 0448 45E6944D 		.ascii	"E\346\224M|Kf\222\233\347L\373p\2313\323;\211\373\307"
 226      7C4B6692 
 226      9BE74CFB 
 226      709933D3 
 226      3B89FBC7 
 227 045c 0776356B 		.ascii	"\007v5kx\240\335@\2770\232>\354\202\343\3244\030\025"
 227      78A0DD40 
 227      BF309A3E 
 227      EC82E3D4 
 227      341815
 228 046f ADA5093C 		.ascii	"\255\245\011<\322K@\275\274\355t\217\355\0159(\005\372"
 228      D24B40BD 
 228      BCED748F 
 228      ED0D3928 
 228      05FA
 229 0481 01E3F922 		.ascii	"\001\343\371\"3\375\272\240\334\220\367\001\336O\341"
 229      33FDBAA0 
 229      DC90F701 
 229      DE4FE1
 230 0490 0F29CF41 		.ascii	"\017)\317A\211\347\316\007\343\257\362\375(\277 =\350"
 230      89E7CE07 
 230      E3AFF2FD 
 230      28BF203D 
 230      E8
 231 04a1 05898EF6 		.ascii	"\005\211\216\366\235Ow\342,IB\274\320\264'\317\001o"
 231      9D4F77E2 
 231      2C4942BC 
 231      D0B427CF 
 231      016F
 232 04b3 652C1F6D 		.ascii	"e,\037m\3360\306\317\0159t\335\265#?\270\331d\371Xb"
 232      DE30C6CF 
 232      0D3974DD 
 232      B5233FB8 
 232      D964F958 
ARM GAS  /var/folders/qd/4mxf5pkd0zdf0b9dd1hp39180000gn/T//cceRnUYW.s 			page 18


 233 04c8 F988B14C 		.ascii	"\371\210\261L\357\037\235rS\262\034\001\3700\205?\241"
 233      EF1F9D72 
 233      53B21C01 
 233      F830853F 
 233      A1
 234 04d9 2C1F4B2C 		.ascii	",\037K,w5\026\372\261P\375\224\033\024\0064\235\233"
 234      773516FA 
 234      B150FD94 
 234      1B140634 
 234      9D9B
 235 04eb B8E22E37 		.ascii	"\270\342.7?\3662\363cE\317Z\371\25231\331\032%-\311"
 235      3FF632F3 
 235      6345CF5A 
 235      F9AA3331 
 235      D91A252D 
 236 0500 FC1AE894 		.ascii	"\374\032\350\224\237ZO~jc\373\0126b\274\235\271at\347"
 236      9F5A4F7E 
 236      6A63FB0A 
 236      3662BC9D 
 236      B96174E7 
 237 0514 864D1A06 		.ascii	"\206M\032\006~\005\324\254c\203\003\032\233nx!\271\341"
 237      7E05D4AC 
 237      6383031A 
 237      9B6E7821 
 237      B9E1
 238 0526 39E3F9BC 		.ascii	"9\343\371\274\302\234\355\256t\3033\200OP\370\024\345"
 238      C29CEDAE 
 238      74C33380 
 238      4F50F814 
 238      E5
 239 0537 F942E279 		.ascii	"\371B\342y\242tx\237\224=\010\317\236\274\256\034'\234"
 239      A274789F 
 239      943D08CF 
 239      9EBCAE1C 
 239      279C
 240 0549 CE781C2E 		.ascii	"\316x\034.K\254\341\341\310$\261\232\3323\264\327\005"
 240      4BACE1E1 
 240      C824B19A 
 240      DA33B4D7 
 240      05
 241 055a 67B14E29 		.ascii	"g\261N)\220\036<\220W\356\025\025\0128\217u>7'%9\360"
 241      901E3C90 
 241      57EE1515 
 241      0A388F75 
 241      3E372725 
 242 0570 91646F9A 		.ascii	"\221do\232[\232\013]p\001\353,\352\275T%\215$\235\233"
 242      5B9A0B5D 
 242      7001EB2C 
 242      EABD5425 
 242      8D249D9B 
 243 0584 8E7525DA 		.ascii	"\216u%\332\341\323\254\363v\373\335\315n\370\034S\252"
 243      E1D3ACF3 
 243      76FBDDCD 
 243      6EF81C53 
 243      AA
 244 0595 ABD67F85 		.ascii	"\253\326\177\205k\330\367\272;\361o\262A\361$AW\346"
 244      6BD8F7BA 
ARM GAS  /var/folders/qd/4mxf5pkd0zdf0b9dd1hp39180000gn/T//cceRnUYW.s 			page 19


 244      3BF16FB2 
 244      41F12441 
 244      57E6
 245 05a7 166660E6 		.ascii	"\026f`\346\300L\272\375\217\227o\216s\307\365\024\354"
 245      C04CBAFD 
 245      8F976F8E 
 245      73C7F514 
 245      EC
 246 05b8 6E9E8833 		.ascii	"n\236\2103\273\240\005\354\231\273\300\213\276\263\305"
 246      BBA005EC 
 246      99BBC08B 
 246      BEB3C5
 247 05c7 F858B1EC 		.ascii	"\370X\261\354F\032>\234W\013\256\254@\350)\362@\211"
 247      461A3E9C 
 247      570BAEAC 
 247      40E829F2 
 247      4089
 248 05d9 0246A9C2 		.ascii	"\002F\251\302\\K(\301\225\340\240E\244\226e\003\272"
 248      5C4B28C1 
 248      95E0A045 
 248      A4966503 
 248      BA
 249 05ea 3E818F58 		.ascii	">\201\217XH\371\000nE\014,\035Rt\023\311\320$\363\324"
 249      48F9006E 
 249      450C2C1D 
 249      527413C9 
 249      D024F3D4 
 250 05fe 12743C26 		.ascii	"\022t<&~F\223\034-y\037\215#\205\355F\216&DF\221\202"
 250      7E46931C 
 250      2D791F8D 
 250      2385ED46 
 250      8E264446 
 251 0614 C89012DD 		.ascii	"\310\220\022\335\365\261\025\275II;AP0\231\370\330\312"
 251      F5B115BD 
 251      49493B41 
 251      503099F8 
 251      D8CA
 252 0626 244E5030 		.ascii	"$NP0Y/G\307\307\211e#\237\244Q4\331\325\3338\332r$\256"
 252      592F47C7 
 252      C7896523 
 252      9FA45134 
 252      D9D5DB38 
 253 063e 5A9924F3 		.ascii	"Z\231$\363\215%B!\200\266\012Z\264\205Z\"p81h\227\340"
 253      8D254221 
 253      80B60A5A 
 253      B4855A22 
 253      70383168 
 254 0654 85BE1516 		.ascii	"\205\276\025\026\2404\220\035 ;A\366\202\244\200\244"
 254      A034901D 
 254      203B41F6 
 254      82A480A4 
 255 0664 8324836C 		.ascii	"\203$\203l\007\331\003\222\004\262\033\344;a\001\255"
 255      07D90392 
 255      04B21BE4 
 255      3B6101AD 
 256 0674 C118ED7E 		.ascii	"\301\030\355~\031\355\215J\332\337Xi\263D_u\313#\026"
 256      19ED8D4A 
ARM GAS  /var/folders/qd/4mxf5pkd0zdf0b9dd1hp39180000gn/T//cceRnUYW.s 			page 20


 256      DADF5869 
 256      B3445F75 
 256      CB2316
 257 0687 B810948A 		.ascii	"\270\020\224\212'y\253\251\301V\217\355\242X\263\220"
 257      2779ABA9 
 257      C1568FED 
 257      A258B390 
 258 0697 5C99E81A 		.ascii	"\\\231\350\032w\257t\221\242\037\225\241\273%\233y\263"
 258      77AF7491 
 258      A21F95A1 
 258      BB259B79 
 258      B3
 259 06a8 72E6E119 		.ascii	"r\346\341\031h\036:\310~h\200\333\226r\"\272\247\014"
 259      681E3AC8 
 259      7E6880DB 
 259      967222BA 
 259      A70C
 260 06ba 5D852CD0 		.ascii	"]\205,\320\261\312\320\211\202\002=\"\013\364\006%:"
 260      B1CAD089 
 260      82023D22 
 260      0BF40625 
 260      3A
 261 06cb DE8A26B9 		.ascii	"\336\212&\271\371\272\371\"\302\223t\333\013\353'\012"
 261      F9BAF922 
 261      C29374DB 
 261      0BEB270A 
 262 06db 8BECD05C 		.ascii	"\213\354\320\\\257Y\203\004g\330\353\277\022'\346\371"
 262      AF598304 
 262      67D8EBBF 
 262      1227E6F9 
 263 06eb 17AD1AF8 		.ascii	"\027\255\032\370\235\2042\300\340\367\202\345\202%q"
 263      9D8432C0 
 263      E0F782E5 
 263      822571
 264 06fa A0BC36DD 		.ascii	"\240\2746\335\235\250\303.\233-?Q(\320\232\265\262\004"
 264      9DA8C32E 
 264      9B2D3F51 
 264      28D09AB5 
 264      B204
 265 070c 175A76C3 		.ascii	"\027Zv\303\233T_\365\325m<\321$\220\263<u\257%\207g"
 265      9B545FF5 
 265      D56D3CD1 
 265      2490B33C 
 265      75AF2587 
 266 0721 A5215AD9 		.ascii	"\245!Z\331M\356-\346\272\247,\273x\362\3542\260+1\316"
 266      4DEE2DE6 
 266      BAA72CBB 
 266      78F2EC32 
 266      B02B31CE 
 267 0735 DD6682DC 		.ascii	"\335f\202\334/\360\004y\212%\310k\355=\251.\312\004"
 267      2FF00479 
 267      8A25C86B 
 267      ED3DA92E 
 267      CA04
 268 0747 B90F9C94 		.ascii	"\271\017\234\224K\035{@\360\220\006\021\364\311\306"
 268      4B1D7B40 
 268      F0900611 
ARM GAS  /var/folders/qd/4mxf5pkd0zdf0b9dd1hp39180000gn/T//cceRnUYW.s 			page 21


 268      F4C9C6
 269 0756 1B4F1CF1 		.ascii	"\033O\034\3617v4\007\265\244n\036\260\223n\215\204\237"
 269      37763407 
 269      B5A46E1E 
 269      B0936E8D 
 269      849F
 270 0768 726BE4F6 		.ascii	"rk\344\366\026>t\224OvHx\311dM\275Y\361\374\212\277"
 270      163E7494 
 270      4F764878 
 270      C9644DBD 
 270      59F1FC8A 
 271 077d AA92FD5A 		.ascii	"\252\222\375Z\360`\277\026\244\304\351\311\023gIU\343"
 271      F060BF16 
 271      A4C4E9C9 
 271      13674955 
 271      E3
 272 078e 25841319 		.ascii	"%\204\023\031\267\212\221\202\003|,I\344\235I\027\246"
 272      B78A9182 
 272      037C2C49 
 272      E49D4917 
 272      A6
 273 079f 6CFBA440 		.ascii	"l\373\244@\362\3111\201\322|\234T\260L\351\222#\300"
 273      F2C93181 
 273      D27C9C54 
 273      B04CE992 
 273      23C0
 274 07b1 329FB22C 		.ascii	"2\237\262,\244,\013$\226\273\367\366\037\025\224k\262"
 274      A42C0B24 
 274      96BBF7F6 
 274      1F15946B 
 274      B2
 275 07c2 894EAC3C 		.ascii	"\211N\254<Y\305c[C\364\336\027\307k"
 275      59C5635B 
 275      43F4DE17 
 275      C76B
 276 07d0 1D701223 		.ascii	"\035p\022#\275c\373\323Z\015NaJ\361`^\261+C\226\021"
 276      BD63FBD3 
 276      5A0D4E61 
 276      4AF1605E 
 276      B12B4396 
 277 07e5 3DADE451 		.ascii	"=\255\344Q-\257Y4\262nO\336=\2327\264\317\036\357bc"
 277      2DAF5934 
 277      B26E4FDE 
 277      3D9A37B4 
 277      CF1EEF62 
 278 07fa 93874676 		.ascii	"\223\207Fv\330\333\\\356\031i\271\013\351j\213O\346"
 278      D8DB5CEE 
 278      1969B90B 
 278      E96A8B4F 
 278      E6
 279 080b 3CD42897 		.ascii	"<\324(\227{\012\026PL\027PB\027pFZ@Iln3V.\327&\372`"
 279      7B0A1650 
 279      4C175042 
 279      1770465A 
 279      40496C6E 
 280 0826 6FFA361E 		.ascii	"o\3726\036\206wI\2311\236\325\357\212\323\031\311\007"
 280      86774999 
ARM GAS  /var/folders/qd/4mxf5pkd0zdf0b9dd1hp39180000gn/T//cceRnUYW.s 			page 22


 280      319ED5EF 
 280      8AD319C9 
 280      07
 281 0837 8393C7DC 		.ascii	"\203\223\307\334p\026SJ\212\317V\361\325-$E\177~y\203"
 281      7016534A 
 281      8ACF56F1 
 281      D52D2445 
 281      7F7E7983 
 282 084b 33DECFFA 		.ascii	"3\336\317\372&\2232\216;\342|\246\354\031m\277\3077"
 282      2693328E 
 282      3BE27CA6 
 282      EC196DBF 
 282      C737
 283 085d BF178973 		.ascii	"\277\027\211s\316\367\333\035q!\353\233JJ\330\355\200"
 283      CEF7DB1D 
 283      7121EB9B 
 283      4A4AD8ED 
 283      80
 284 086e 8B9892D2 		.ascii	"\213\230\222\322\220\222\343\214K\2302\030\337\323\311"
 284      9092E38C 
 284      4B983218 
 284      DFD3C9
 285 087d B7CE3C50 		.ascii	"\267\316<P\237\365\245\264\360\337/.\262r\304\223\227"
 285      9FF5A5B4 
 285      F0DF2F2E 
 285      B272C493 
 285      97
 286 088e 23479F6C 		.ascii	"#G\237l\333\351\214\313\331\320\033-\361\2479\326\031"
 286      DBE98CCB 
 286      D9D01B2D 
 286      F1A739D6 
 286      19
 287 089f D4B8FC73 		.ascii	"\324\270\374sEv6]{Yrm\035\333I[\217\346\236\267WV\314"
 287      4576365D 
 287      7B59726D 
 287      1DDB495B 
 287      8FE69EB7 
 288 08b6 97C05B35 		.ascii	"\227\300[5\324[\365\324[\227%o5\364&^qVV\3006\321\245"
 288      D45BF5D4 
 288      5B97256F 
 288      35F4265E 
 288      715656C0 
 289 08cd 8D6DEFE1 		.ascii	"\215m\357\341JF\362qC\333m\204/1%\276\356\322\001\007"
 289      4A46F271 
 289      43DB6D84 
 289      2F3125BE 
 289      EED20107 
 290 08e1 5CCF9481 		.ascii	"\\\317\224\201C\3655\366\270\211)\335\275\023\2470\276"
 290      43F535F6 
 290      B88929DD 
 290      BD13A730 
 290      BE
 291 08f2 C994FD03 		.ascii	"\311\224\375\003\331[\035q;\037\323=\330\300\035\264"
 291      D95B1D71 
 291      3B1FD33D 
 291      D8C01DB4 
 292 0902 851CA667 		.ascii	"\205\034\246gCE\327$\227\220\355\326\377\270gJ\203\357"
ARM GAS  /var/folders/qd/4mxf5pkd0zdf0b9dd1hp39180000gn/T//cceRnUYW.s 			page 23


 292      4345D724 
 292      9790EDD6 
 292      FFB8674A 
 292      83EF
 293 0914 50F02B85 		.ascii	"P\360+\205\215\2273\035\021\255%\254\217\027\177g\213"
 293      8D97331D 
 293      11AD25AC 
 293      8F177F67 
 293      8B
 294 0925 2990AE3B 		.ascii	")\220\256;\372\370e\363\203\340\201\216BFl\205\204'"
 294      FAF865F3 
 294      83E0818E 
 294      42466C85 
 294      8427
 295 0937 9D0A94A7 		.ascii	"\235\012\224\247L\361\025FVU4\000\272\226\243\245\205"
 295      4CF11546 
 295      56553400 
 295      BA96A3A5 
 295      85
 296 0948 A36A393A 		.ascii	"\243j9:\005n\347\3065\354v&[\357\004G[R\317q\212>\215"
 296      056EE7C6 
 296      35EC7626 
 296      5BEF0447 
 296      5B52CF71 
 297 095f 665CCFD7 		.ascii	"f\\\317\327\301^3\355l\345i\377.\244\375~H\345\035 "
 297      C15E33ED 
 297      6CE569FF 
 297      2EA4FD7E 
 297      48E51D20 
 298 0973 7D200F40 		.ascii	"} \017@:An\203\264\200\334\003\271\017\322\015\322\013"
 298      3A416E83 
 298      B480DC03 
 298      B90FD20D 
 298      D20B
 299 0985 D203D206 		.ascii	"\322\003\322\0062\0002\010b\006\271\005r\023\244\035"
 299      32003208 
 299      6206B905 
 299      7213A41D 
 300 0995 E40E4897 		.ascii	"\344\016H\227\345\372\246u\204\321ZG\234W2-\235\266"
 300      E5FAA675 
 300      84D15A47 
 300      9C57322D 
 300      9DB6
 301 09a7 2E52D1AC 		.ascii	".R\321\254a\027\335a\360\302A\216\226\262#/Xe5\312\255"
 301      6117DD61 
 301      F0C2418E 
 301      96B2232F 
 301      586535CA 
 302 09bc 4FADB69B 		.ascii	"O\255\266\233\224\266uV'0\237\325\312|vrv\237\311\353"
 302      94B67556 
 302      27309FD5 
 302      CA7C7672 
 302      769FC9EB 
 303 09d0 1F99EDAB 		.ascii	"\037\231\355\253Jt\276\022=!C_\231\035-Q\241\306\327"
 303      4A74BE12 
 303      3D21435F 
 303      991D2D51 
ARM GAS  /var/folders/qd/4mxf5pkd0zdf0b9dd1hp39180000gn/T//cceRnUYW.s 			page 24


 303      A1C6D7
 304 09e3 58E13794 		.ascii	"X\3417\224\360le\341\326\317\235\002\227\003\255C\246"
 304      F06C65E1 
 304      D6CF9D02 
 304      9703AD43 
 304      A6
 305 09f4 39256786 		.ascii	"9%g\206\361[2\217_T\032\2770\003\336/\203\227+\341e"
 305      F15B328F 
 305      5F541ABF 
 305      3003DE2F 
 305      83972BE1 
 306 0a09 33E05D32 		.ascii	"3\340]2x\305\354py9\326\301\312\261Ve9FL\365vxd\307"
 306      78C5EC70 
 306      7939D6C1 
 306      CAB15665 
 306      39464CF5 
 307 0a21 9113426C 		.ascii	"\221\023Bl5*m\025+}\\+\233\271J\211f\345\230<\334\215"
 307      352A6D15 
 307      2B7D5C2B 
 307      9BB94A89 
 307      66E5983C 
 308 0a37 9F5AC37D 		.ascii	"\237Z\303}m\326\315!\263\335(\263]9\273\317\344\321"
 308      6DD6CD21 
 308      B3DD28B3 
 308      5D39BBCF 
 308      E4D1
 309 0a49 96A1CFCD 		.ascii	"\226\241\317\315\276\247\247yX\2669~\234}\231\026\342"
 309      BEA7A779 
 309      58B6397E 
 309      9C7D9916 
 309      E2
 310 0a5a 2413F070 		.ascii	"$\023\360p\237\205p\237\346p\351zAE\323\212\275\006"
 310      9F85709F 
 310      E670E97A 
 310      4145D38A 
 310      BD06
 311 0a6c F3770D6A 		.ascii	"\363w\015j|\217\346$\241\375\336\211Dge\261'\035y4\014"
 311      7C8FE624 
 311      A1FDDE89 
 311      446765B1 
 311      271D7934 
 312 0a81 27FD7F71 		.ascii	"'\375\177q\352y1\330gO\212\301!\230\360\241\265\030"
 312      EA7931D8 
 312      674F8AC1 
 312      2198F0A1 
 312      B518
 313 0a93 6C958AC1 		.ascii	"l\225\212\301\234\336\256\013jy184\255\030\034\341\305"
 313      9CDEAE0B 
 313      6A793138 
 313      34AD181C 
 313      E1C5
 314 0aa5 E0082D06 		.ascii	"\340\010-\006{\237\244~\211GX\222\316\356\253\277\304"
 314      7B9FA47E 
 314      89475892 
 314      CEEEABBF 
 314      C4
 315 0ab6 2FC95F91 		.ascii	"/\311_\221?\307\354\030\330\206X\216\356#9;\253~4\325"
ARM GAS  /var/folders/qd/4mxf5pkd0zdf0b9dd1hp39180000gn/T//cceRnUYW.s 			page 25


 315      3FC7EC18 
 315      D886588E 
 315      EE23393B 
 315      AB7E34D5 
 316 0aca 098BF614 		.ascii	"\011\213\366\024{\252\364\301b\006%\277\017\333\023"
 316      7BAAF4C1 
 316      620625BF 
 316      0FDB13
 317 0ad9 DB5A91CD 		.ascii	"\333Z\221\315[\353\251tk\215\261[\253\371i\351\204\013"
 317      5BEBA974 
 317      6B8DB15B 
 317      ABF969E9 
 317      840B
 318 0aeb DE440DA9 		.ascii	"\336D\015\251\363\343\016\017\251\221\227\026\001\034"
 318      F3E30E0F 
 318      A9919716 
 318      011C
 319 0af9 B13F2891 		.ascii	"\261?(\221\377\022P\241\347\260\265\306\005,\375\027"
 319      FF1250A1 
 319      E7B0B5C6 
 319      052CFD17 
 320 0b09 439A08E6 		.ascii	"C\232\010\346\207\376E\232\341\273\206\276g\371\323"
 320      87FE459A 
 320      E1BB86BE 
 320      67F9D3
 321 0b18 D20478FF 		.ascii	"\322\004x\3779\235o\022\202\363\214M\230\221q\356:\222"
 321      399D6F12 
 321      82F38C4D 
 321      989171EE 
 321      3A92
 322 0b2a 5F7CC4F6 		.ascii	"_|\304\366c\350\177D\003\376\202^|O\245\213\2570\275"
 322      63E87F44 
 322      03FE825E 
 322      7C4FA58B 
 322      AF30BD
 323 0b3d 66DCD189 		.ascii	"f\334\321\211\333N\370O\266\363Fr'\247]\252S/\263\035"
 323      DB4EF84F 
 323      B6F34672 
 323      27A75DAA 
 323      532FB31D 
 324 0b51 BFA5AE41 		.ascii	"\277\245\256Ax=G\274Z&\226]0\277\231\266\276L\214{\017"
 324      783D47BC 
 324      5A26965D 
 324      30BF99B6 
 324      BE4C8C7B 
 325 0b66 89D8033D 		.ascii	"\211\330\003=\201H\326\243\371\262\241\243\320\362\251"
 325      8148D6A3 
 325      F9B2A1A3 
 325      D0F2A9
 326 0b75 A042B1F8 		.ascii	"\240B\261\370u\325\357||t\354_D\264nMP\250.2\"*&Z\027"
 326      75D5EF7C 
 326      7C74EC5F 
 326      44B46E4D 
 326      50A82E32 
 327 0b8e 1C111616 		.ascii	"\034\021\026\026\021\256\3635\254\320\257\370Z\027\376"
 327      11AEF335 
 327      ACD0AFF8 
ARM GAS  /var/folders/qd/4mxf5pkd0zdf0b9dd1hp39180000gn/T//cceRnUYW.s 			page 26


 327      5A17FE
 328 0b9d CF90609F 		.ascii	"\317\220`\237`\315\237?\370\3605\375\242E*'\243qmHx"
 328      60CD9F3F 
 328      F8F035FD 
 328      A2452A27 
 328      A3716D48 
 329 0bb2 CC5B8B8D 		.ascii	"\314[\213\2151\333\221\3167224$8(&$\"<Z\347\027\034"
 329      31DB91CE 
 329      37323234 
 329      24382826 
 329      24223C5A 
 330 0bc9 1A12196D 		.ascii	"\032\022\031m2\232\274#\327\006\377}\261OPd\244N\037"
 330      329ABC23 
 330      D706FF7D 
 330      B14F5064 
 330      A44E1F
 331 0bdc 111E630A 		.ascii	"\021\036c\012\217\231\321\251[\031\021\021\032\255\373"
 331      8F99D1A9 
 331      5B191111 
 331      1AADFB
 332 0beb 3238D83B 		.ascii	"28\330;(*\314;<\"\334\344m\012\372<\304{\211\367\342"
 332      282ACC3B 
 332      3C22DCE4 
 332      6D0AFA3C 
 332      C47B89F7 
 333 0c00 858B9678 		.ascii	"\205\213\226x\377\343m\357\260\240\257\"\242t\323zu"
 333      FFE36DEF 
 333      B0A0AF22 
 333      A274D37A 
 333      75
 334 0c11 21E1C1A1 		.ascii	"!\341\301\241kW\233taA\301kB\302M:\343j\323\027AkCc"
 334      6B579B74 
 334      6141C16B 
 334      42C24D3A 
 334      E36AD317 
 335 0c29 8C31EB22 		.ascii	"\2141\353\"M\321>kT\032\211\334\306\377\037\271\350"
 335      4DD13E6B 
 335      541A89DC 
 335      C6FF1FB9 
 335      E8
 336 0c3a 75D13A63 		.ascii	"u\321:ct\314j`\002\214\346\020\007\372\205\007}\036"
 336      74CC6A60 
 336      028CE610 
 336      07FA8507 
 336      7D1E
 337 0c4c 6A5A650A 		.ascii	"jZe\012\216\211\210\372\375O\367\272\352g\344\2754$"
 337      8E8988FA 
 337      FD4FF7BA 
 337      EA67E4BD 
 337      3424
 338 0c5e DA3A5A4B 		.ascii	"\332:ZKZ\002M1\201\353\242cLa\313\203\302W\207\232\242"
 338      5A024D31 
 338      81EBA263 
 338      4C61CB83 
 338      C257879A 
 339 0c73 02A24222 		.ascii	"\002\242B\"\242Bb\326\321\271\364\241\246\240\250\000"
 339      A24262D6 
ARM GAS  /var/folders/qd/4mxf5pkd0zdf0b9dd1hp39180000gn/T//cceRnUYW.s 			page 27


 339      D1B9F4A1 
 339      A6A0A800 
 340 0c83 5338CCFF 		.ascii	"S8\314\377\245\243\301/\320\317\260\312o\351\037\004"
 340      A5A3C12F 
 340      D0CFB0CA 
 340      6FE91F04 
 341 0c93 FF004716 		.ascii	"\377\000G\026\272w\2151\016\374m\351~[\355\357\373\276"
 341      BA778D31 
 341      0EFC6DE9 
 341      7E5BEDEF 
 341      FBBE
 342 0ca5 C1A2BEA5 		.ascii	"\301\242\276\245\366\327\007X\325\305j\377\300\000\203"
 342      F6D70758 
 342      D5C56AFF 
 342      C00083
 343 0cb4 C6C0B445 		.ascii	"\306\300\264E\320\351g\355\\\010\235~\006u\340J\177"
 343      D0E967ED 
 343      5C089D7E 
 343      0675E04A 
 343      7F
 344 0cc5 C36FE52B 		.ascii	"\303o\345+3}\035\243\323\257\010\364\017\264\370%8\""
 344      337D1DA3 
 344      D3AF08F4 
 344      0FB4F825 
 344      3822
 345 0cd7 CA640C0E 		.ascii	"\312d\014\016{\033\234\342\370\301*\177\275q%\004\015"
 345      7B1B9CE2 
 345      F8C12A7F 
 345      BD712504 
 345      0D
 346 0ce8 46FB1AD4 		.ascii	"F\373\032\324+V,3`\337\245\006\274\024\336\001\313\014"
 346      2B562C33 
 346      60DFA506 
 346      BC14DE01 
 346      CB0C
 347 0cfa 6ADF6581 		.ascii	"j\337e\201\006\365\373\313|\015v\320\005\200\245D_N"
 347      06F5FBCB 
 347      7C0D76D0 
 347      0580A544 
 347      5F4E
 348 0d0c 3EF4F061 		.ascii	">\364\360a\027\270\\\037h\300\201\313\003\260^\017o"
 348      17B85C1F 
 348      68C081CB 
 348      03B05E0F 
 348      6F
 349 0d1d BDC1CED7 		.ascii	"\275\301\316\327\337\2407\250W\255\374\213\001\350\001"
 349      DFA037A8 
 349      57ADFC8B 
 349      01E801
 350 0d2c 421FF0A1 		.ascii	"B\037\360\241\377R\370\364\325\0334\201\372\367\351"
 350      FF52F8F4 
 350      D51B3481 
 350      FAF7E9
 351 0d3b 5CAE46E3 		.ascii	"\\\256F\343\027k\303\203\215F\237w\226\274\263H#i\352"
 351      176BC383 
 351      8D469F77 
 351      96BCB348 
ARM GAS  /var/folders/qd/4mxf5pkd0zdf0b9dd1hp39180000gn/T//cceRnUYW.s 			page 28


 351      2369EA
 352 0d4e E0354151 		.ascii	"\3405AQ\377\006VC,\217"
 352      FF065643 
 352      2C8F
 353              		.text
 354              		.section	.gnu.lto_.symtab.c3f2db8750bf9231,"",%progbits
 355 0000 6E766963 		.ascii	"nvicEnableVector\000"
 355      456E6162 
 355      6C655665 
 355      63746F72 
 355      00
 356 0011 00       		.ascii	"\000"
 357 0012 00       		.ascii	"\000"
 358 0013 00       		.ascii	"\000"
 359 0014 00000000 		.ascii	"\000\000\000\000\000\000\000\000"
 359      00000000 
 360 001c C7000000 		.ascii	"\307\000\000\000"
 361 0020 6E766963 		.ascii	"nvicDisableVector\000"
 361      44697361 
 361      626C6556 
 361      6563746F 
 361      7200
 362 0032 00       		.ascii	"\000"
 363 0033 00       		.ascii	"\000"
 364 0034 00       		.ascii	"\000"
 365 0035 00000000 		.ascii	"\000\000\000\000\000\000\000\000"
 365      00000000 
 366 003d CB000000 		.ascii	"\313\000\000\000"
 367 0041 6E766963 		.ascii	"nvicSetSystemHandlerPriority\000"
 367      53657453 
 367      79737465 
 367      6D48616E 
 367      646C6572 
 368 005e 00       		.ascii	"\000"
 369 005f 00       		.ascii	"\000"
 370 0060 00       		.ascii	"\000"
 371 0061 00000000 		.ascii	"\000\000\000\000\000\000\000\000"
 371      00000000 
 372 0069 CD000000 		.ascii	"\315\000\000\000"
 373 006d 6E766963 		.ascii	"nvicClearPending\000"
 373      436C6561 
 373      7250656E 
 373      64696E67 
 373      00
 374 007e 00       		.ascii	"\000"
 375 007f 00       		.ascii	"\000"
 376 0080 00       		.ascii	"\000"
 377 0081 00000000 		.ascii	"\000\000\000\000\000\000\000\000"
 377      00000000 
 378 0089 CF000000 		.ascii	"\317\000\000\000"
 379              		.text
 380              		.section	.gnu.lto_.opts,"",%progbits
 381 0000 272D666D 		.ascii	"'-fmath-errno' '-fsigned-zeros' '-ftrapping-math' '"
 381      6174682D 
 381      6572726E 
 381      6F272027 
 381      2D667369 
ARM GAS  /var/folders/qd/4mxf5pkd0zdf0b9dd1hp39180000gn/T//cceRnUYW.s 			page 29


 382 0033 2D666E6F 		.ascii	"-fno-trapv' '-fno-openmp' '-fno-openacc' '-mcpu=cor"
 382      2D747261 
 382      70762720 
 382      272D666E 
 382      6F2D6F70 
 383 0066 7465782D 		.ascii	"tex-m4' '-mno-thumb-interwork' '-mthumb' '-O2' '-fo"
 383      6D342720 
 383      272D6D6E 
 383      6F2D7468 
 383      756D622D 
 384 0099 6D69742D 		.ascii	"mit-frame-pointer' '-falign-functions=16' '-ffuncti"
 384      6672616D 
 384      652D706F 
 384      696E7465 
 384      72272027 
 385 00cc 6F6E2D73 		.ascii	"on-sections' '-fdata-sections' '-fno-common' '-flto"
 385      65637469 
 385      6F6E7327 
 385      20272D66 
 385      64617461 
 386 00ff 2700     		.ascii	"'\000"
 387              		.text
 388              		.comm	__gnu_lto_v1,1,1
 389              		.comm	__gnu_lto_slim,1,1
 390              		.ident	"GCC: (GNU Tools for Arm Embedded Processors 7-2017-q4-major) 7.2.1 20170904 (release) [ARM
ARM GAS  /var/folders/qd/4mxf5pkd0zdf0b9dd1hp39180000gn/T//cceRnUYW.s 			page 30


DEFINED SYMBOLS
                            *ABS*:0000000000000000 nvic.c
                            *COM*:0000000000000001 __gnu_lto_v1
                            *COM*:0000000000000001 __gnu_lto_slim

NO UNDEFINED SYMBOLS
