ARM GAS  /var/folders/qd/4mxf5pkd0zdf0b9dd1hp39180000gn/T//cccpRB1C.s 			page 1


   1              		.cpu cortex-m4
   2              		.eabi_attribute 20, 1
   3              		.eabi_attribute 21, 1
   4              		.eabi_attribute 23, 3
   5              		.eabi_attribute 24, 1
   6              		.eabi_attribute 25, 1
   7              		.eabi_attribute 26, 1
   8              		.eabi_attribute 30, 2
   9              		.eabi_attribute 34, 1
  10              		.eabi_attribute 18, 4
  11              		.file	"chmempools.c"
  12              		.section	.gnu.lto_.profile.658015751f85453b,"",%progbits
  13 0000 789C6363 		.ascii	"x\234cc```\001bF\206\030s\000\001g\000\237"
  13      60606001 
  13      62468618 
  13      73000167 
  13      009F
  14              		.text
  15              		.section	.gnu.lto_.icf.658015751f85453b,"",%progbits
  16 0000 789C6363 		.ascii	"x\234cc``\320a@\000v\206\373/\277\357ge|w{\326\"v\246"
  16      6060D061 
  16      40007686 
  16      FB2FBFEF 
  16      67657C77 
  17 0019 75AF7B97 		.ascii	"u\257{\227\3632o:\261z\027?K\307\233\2367<\254\277\336"
  17      F3326F3A 
  17      B17A173F 
  17      4BC79B9E 
  17      373CACBF 
  18 002e 7D3DC6C1 		.ascii	"}=\306\3016g\363\361N\016\006\000\374'\025\360"
  18      3667F3F1 
  18      4E0E0600 
  18      FC2715F0 
  19              		.text
  20              		.section	.gnu.lto_.jmpfuncs.658015751f85453b,"",%progbits
  21 0000 789C5D8C 		.ascii	"x\234]\214\261\015\2000\014\004\357\355\220\224\354"
  21      B10D8030 
  21      0C04EFED 
  21      9094EC
  22 000f C366544C 		.ascii	"\303fTLA\3070\331\014\354\"\"\312K_\370\317\272\012"
  22      41C730D9 
  22      0CEC2222 
  22      CA4B5FF8 
  22      CFBA0A
  23 0022 DCFC6948 		.ascii	"\334\374iH\272\036\307@\275\210\350\033\331\341\350"
  23      BA1EC740 
  23      BD88E81B 
  23      D9E1E8
  24 0031 C883B6C4 		.ascii	"\310\203\266\304\321|3\233\027\317\325\207\300N\264"
  24      D17C339B 
  24      17CFD587 
  24      C04EB4
  25 0040 38CAC456 		.ascii	"8\312\304V\377f\222\017Q\235\017>\024\253\"5"
  25      FF66920F 
  25      519D0F3E 
  25      14AB2235 
  26              		.text
ARM GAS  /var/folders/qd/4mxf5pkd0zdf0b9dd1hp39180000gn/T//cccpRB1C.s 			page 2


  27              		.section	.gnu.lto_.inline.658015751f85453b,"",%progbits
  28 0000 789C6D8E 		.ascii	"x\234m\216\255n\002Q\024\204g\316\271?\013\354\206E"
  28      AD6E0251 
  28      148467CE 
  28      B93F0BEC 
  28      8645
  29 0012 61485855 		.ascii	"aHXUT\221\353\232\364\011\352y\005x\016\010\011\242"
  29      5491EB9A 
  29      F409EA79 
  29      05780E08 
  29      09A2
  30 0024 154D1392 		.ascii	"\025M\023\222\212\212\232\352\0324\266\002$\026T%\217"
  30      8A8A9AEA 
  30      1A34B602 
  30      24165425 
  30      8F
  31 0035 C0BDBBB0 		.ascii	"\300\275\273\260\212+\3169\311\334\231o\034\200\007"
  31      8A2BCE39 
  31      C9DC996F 
  31      1C8007
  32 0044 A2791E48 		.ascii	"\242y\036H\3734(f\357\312\217\371v\347W\372\251B\360"
  32      FB342866 
  32      EFCA8FF9 
  32      76E757FA 
  32      A942F0
  33 0057 97037D46 		.ascii	"\227\003}F1\275\035\304u\026.\370\334\327P\300\177\237"
  33      31BD1DC4 
  33      75162EF8 
  33      DCD750C0 
  33      7F9F
  34 0069 0BEC7294 		.ascii	"\013\354r\224\203G_\030\251W\314\265=\030\360\355\205"
  34      83475F18 
  34      A957CCB5 
  34      3D18F0ED 
  34      85
  35 007a 709610DD 		.ascii	"p\226\020\335\364\321:\224\022%A\366DJ\210\202\364N"
  35      F4D13A94 
  35      122541F6 
  35      444A8882 
  35      F44E
  36 008c AF0EADC5 		.ascii	"\257\016\255\3057\005\321\246\350\264\251\241\014\307"
  36      3705D1A6 
  36      E8B4A9A1 
  36      0CC7
  37 009a 034584D7 		.ascii	"\003E\204\327;Pq\217\252\177\335@Y[S\005k\212$2\015"
  37      3B50718F 
  37      AA7FDD40 
  37      595B5305 
  37      6B8A2432 
  38 00af B24E60A6 		.ascii	"\262N`\246\253\011\222\237\307\233\024\025\033\333\260"
  38      AB09929F 
  38      C79B1415 
  38      1BDBB0
  39 00be CE33B2EF 		.ascii	"\3163\262\357\"9\217\253@S\317\370\325!\361\301\355"
  39      22398FAB 
  39      4053CFF8 
  39      D521F1C1 
ARM GAS  /var/folders/qd/4mxf5pkd0zdf0b9dd1hp39180000gn/T//cccpRB1C.s 			page 3


  39      ED
  40 00cf 0F65D318 		.ascii	"\017e\323\030\027>\363#\344"
  40      173EF323 
  40      E4
  41              		.text
  42              		.section	.gnu.lto_.pureconst.658015751f85453b,"",%progbits
  43 0000 789C6363 		.ascii	"x\234cc``\020\002bv\006IF)\246]\214\314R,\273\030Y\245"
  43      60601002 
  43      62760649 
  43      4629A65D 
  43      8CCC522C 
  44 0018 D8763102 		.ascii	"\330v1\002\000\026\364\002\315"
  44      0016F402 
  44      CD
  45              		.text
  46              		.section	.gnu.lto_chPoolAllocI.part.0.658015751f85453b,"",%progbits
  47 0000 789C8D52 		.ascii	"x\234\215R\317k\023A\024~\337\274\331\335\324\037\025"
  47      CF6B1341 
  47      147EDFBC 
  47      D9DDD41F 
  47      15
  48 0011 8AC71C02 		.ascii	"\212\307\034\002\332\226z\310\376\005\336\375;\014E"
  48      DA967AC8 
  48      FE05DEFD 
  48      3B0C45
  49 0020 298684C6 		.ascii	")\206\204\306{\247iBRZ\241\007[!,\272\245J\351AT\374"
  49      7BA76942 
  49      525AA107 
  49      5B212CBA 
  49      A54AE941 
  50 0036 5563D550 		.ascii	"Uc\325Pi\021$\225\210\007\321RP\261X\021\261\010\036"
  50      69112495 
  50      8807D152 
  50      50B15811 
  50      B1081E
  51 0049 1452DFCC 		.ascii	"\024R\337\314\366\240\340\301a\367\275\2317\357{\337"
  51      F6A0E0C1 
  51      61F7BD99 
  51      37EF7BDF 
  52 0059 376FC627 		.ascii	"7o\306'\2423\212\350\204\370\223\362\303'x3\0332\361"
  52      A2338AE8 
  52      84F893F2 
  52      C3277833 
  52      1B32F1
  53 006c A09C578A 		.ascii	"\240\234W\212\237\267\211\314\001\275&\366\020C\333"
  53      9FB789CC 
  53      01BD26F6 
  53      1043DB
  54 007b F0784A03 		.ascii	"\360xJ\003vbR\2401O\261\306\030\246\371\"\243S\271\031"
  54      766252A0 
  54      314FB1C6 
  54      18A6F922 
  54      A353B919 
  55 008f F114474C 		.ascii	"\361\024GL\320\262\334m7>\364\332%\220\221\345R\355"
  55      D0B2DC6D 
  55      373EF4DA 
  55      259091E5 
ARM GAS  /var/folders/qd/4mxf5pkd0zdf0b9dd1hp39180000gn/T//cccpRB1C.s 			page 4


  55      52ED
  56 00a1 7BC71F5A 		.ascii	"{\307\037Z4\246lZ\227\276\005\213\023\325S\021+\232"
  56      34A66C5A 
  56      97BE058B 
  56      13D55311 
  56      2B9A
  57 00b3 93EC3B48 		.ascii	"\223\354;H\3436\322V\304]\014I\356\247\345\365z\212"
  57      E336D256 
  57      C45D0C49 
  57      EEA7E5F5 
  57      7A8A
  58 00c5 8F8164FE 		.ascii	"\217\201d\376k|k\251w\360\232\303m^es<b\306=\360\237"
  58      6B7C6BA9 
  58      77F09AC3 
  58      6D5E6573 
  58      3C62C63D 
  59 00db 400911EE 		.ascii	"@\011\021\356c\320\346\357Tf\352Gx\300aw\273\027~\006"
  59      63D0E6EF 
  59      5466EA47 
  59      78C06177 
  59      BB177E06 
  60 00ef FD0B0EBB 		.ascii	"\375\013\016\273q\245o~\302<3ZX\261\3747\336\016I\177"
  60      71A56F7E 
  60      C23C335A 
  60      58B1FC37 
  60      DE0E497F 
  61 0103 7FAB3B7B 		.ascii	"\177\253;{\330\327x\200~\247\253i{\342\014\221\212%"
  61      D8D77880 
  61      7EA7AB69 
  61      7BE20C91 
  61      8A25
  62 0115 201B375E 		.ascii	" \0337^z\306t\367j\3064\007\372z\000K\253D\200f1\236"
  62      7AC674F7 
  62      6AC63407 
  62      FA7A004B 
  62      AB448066 
  63 012b 76399EB3 		.ascii	"v9\236\263Du&\262\235\252\263g=O\312y\255\377\214rs"
  63      447526B2 
  63      9DAAB367 
  63      3D4FCA79 
  63      ADFF8C72 
  64 0140 676A2DB0 		.ascii	"gj-\260\265\033\254\204y\256\272\372\"\260\275b\247"
  64      B51BAC84 
  64      79AEBAFA 
  64      22B0BD62 
  64      A7
  65 0151 7B65B5BD 		.ascii	"{e\265\275\356\307\270\214\210%\001xh5J\374U\355\365"
  65      EEC7B88C 
  65      88250178 
  65      68354AFC 
  65      55EDF5
  66 0164 D6C1F0BA 		.ascii	"\326\301\360\272\221\221\2118\300\012b\314\262U\217"
  66      91918938 
  66      C00A62CC 
  66      B2558F
  67 0173 4708E923 		.ascii	"G\010\351#*o\237n\342\037e\003\020\036\357\037tR\232"
  67      2A6F9F6E 
ARM GAS  /var/folders/qd/4mxf5pkd0zdf0b9dd1hp39180000gn/T//cccpRB1C.s 			page 5


  67      E21F6503 
  67      101EEF1F 
  67      74529A
  68 0186 25F79AA8 		.ascii	"%\367\232\250\230\256\356\253\340\377\246M\341\211\243"
  68      98AEEEAB 
  68      E0FFA64D 
  68      E189A3
  69 0195 85A56D09 		.ascii	"\205\245m\011\355\027T\342\221\244\212\026^\222b\021"
  69      ED1754E2 
  69      91A48A16 
  69      5E926211 
  70 01a5 F7D036CA 		.ascii	"\367\3206\312\031\033\265\275\220\035\307\254\335\371"
  70      191BB5BD 
  70      901DC7AC 
  70      DDF9
  71 01b3 B7A12889 		.ascii	"\267\241(\211z\364\025\345\370\335\321\004\355I\316"
  71      7AF415E5 
  71      F8DDD104 
  71      ED49CE
  72 01c2 0F797ED9 		.ascii	"\017y~\331\264z\263\327\202\200\270\261\320\201\364"
  72      B47AB3D7 
  72      8280B8B1 
  72      D081F4
  73 01d1 0F16278F 		.ascii	"\017\026'\2175\223\315\206\311W(\205\243\347\303\322"
  73      3593CD86 
  73      C9572885 
  73      A3E7C3D2 
  74 01e1 682ECC9D 		.ascii	"h.\314\235\315\017\347\213\205\302\271R6G*_\324\205"
  74      CD0FE78B 
  74      85C2B952 
  74      36472A5F 
  74      D485
  75 01f3 D323C5DF 		.ascii	"\323#\305\337\242-\311\251"
  75      A22DC9A9 
  76              		.text
  77              		.section	.gnu.lto_chPoolObjectInit.658015751f85453b,"",%progbits
  78 0000 789C9591 		.ascii	"x\234\225\221\337K\024Q\024\307\317\367\236\331\331"
  78      DF4B1451 
  78      14C7CFF7 
  78      9ED9D9
  79 000f 21D3DEC2 		.ascii	"!\323\336\302\310\207\205\242E\204\235\207\376\244m"
  79      C88785A2 
  79      45849D87 
  79      FEA46D
  80 001e 21A16596 		.ascii	"!\241e\226\335\350\241\027\357n\331\256\224\340C\032"
  80      DDE8A117 
  80      EF6ED9AE 
  80      94E0431A 
  81 002e 0C830DF6 		.ascii	"\014\203\015\366SB**\323\262\234\326\330\227\262(\012"
  81      53422A2A 
  81      D3B29CD6 
  81      D897B228 
  81      0A
  82 003f C440A20D 		.ascii	"\304@\242\015Q\037\202\302\267\300:\367\266\201\370"
  82      511F82C2 
  82      B7C03AF7 
  82      B681F8
ARM GAS  /var/folders/qd/4mxf5pkd0zdf0b9dd1hp39180000gn/T//cccpRB1C.s 			page 6


  83 004e E6652E73 		.ascii	"\346e.s\316\334\363\371\236s\277\343\022Q\240\210N\312"
  83      CEDCF3F9 
  83      9E73BFE3 
  83      1251A088 
  83      4ECA
  84 0060 FBA86C30 		.ascii	"\373\250l0A\215\275#\252z\0120\201\366@C\012C\270\302"
  84      418DBD23 
  84      AA7A0A30 
  84      81F64043 
  84      0A43B8C2 
  85 0074 5719CDFA 		.ascii	"W\031\315\372\372\274\352\277\243e%\327f\335Kz\2707"
  85      FABCEABF 
  85      A36525D7 
  85      66DD4B7A 
  85      B837
  86 0086 62A209D9 		.ascii	"b\242\011\331f\341\021\372\245\352\303\305\007\021_"
  86      66E111FA 
  86      A5EAC3C5 
  86      07115F
  87 0095 E6880147 		.ascii	"\346\210\001G\322\237\313a\273\307\244\012\031I7\346"
  87      D29FCB61 
  87      BBC7A40A 
  87      194937E6 
  88 00a5 5A0D8F8F 		.ascii	"Z\015\217\217\201$\376]]\233\356\311\336\322\272\246"
  88      8124FE5D 
  88      5D9BEEC9 
  88      DED2BAA6 
  89 00b5 93ED9BAC 		.ascii	"\223\355\233\254\217G\314\230\005\213 \236\240\017\217"
  89      8F47CC98 
  89      058B209E 
  89      A00F8F
  90 00c4 D147F289 		.ascii	"\321G\362\211\360\024Y)\237\252~~\323\315',\372udf\324"
  90      F0145929 
  90      9FAA7E7E 
  90      D3CD272C 
  90      FA756466 
  91 00d9 E9A06F6F 		.ascii	"\351\240oo[\324\301\334^\324!\314[\364\313dk\363 \017"
  91      5BD4C1DC 
  91      5ED421CC 
  91      5BF4CB64 
  91      6BF3200F 
  92 00ed 587471F5 		.ascii	"Xtq\365\327\215C\035\364{o\250\023'\342\024\236\355"
  92      D78D431D 
  92      F47B6FA8 
  92      1327E214 
  92      9EED
  93 00ff 655384E7 		.ascii	"eS\204\347\310\032\340\333\303\235\361n\327\211\377"
  93      C81AE0DB 
  93      C39DF16E 
  93      D789FF
  94 010e 5F150B70 		.ascii	"_\025\013p\011\022\334\377\230J\364\316\237\272L\177"
  94      0912DCFF 
  94      984AF4CE 
  94      9FBA4C7F 
  95 011e 6475CB33 		.ascii	"du\3133\246\311\244\016LS\027\026\247\206\020\342\244"
  95      A6C9A40E 
  95      4C531716 
ARM GAS  /var/folders/qd/4mxf5pkd0zdf0b9dd1hp39180000gn/T//cccpRB1C.s 			page 7


  95      A78610E2 
  95      A4
  96 012f 4E688495 		.ascii	"Nh\204\225\211.$\264\205\332\366\306\365v\332\010\211"
  96      892E24B4 
  96      85DAF6C6 
  96      F576DA08 
  96      89
  97 0140 FEC470F3 		.ascii	"\376\304p\363}\3328\304v\276\205\346r\313\2151Y\025"
  97      7DDA38C4 
  97      76BE85E6 
  97      72CB8D31 
  97      5915
  98 0152 9BE3C311 		.ascii	"\233\343\303\021\273\241X\367Bf2\207\237\352+k]\376"
  98      BBA158F7 
  98      42663287 
  98      9FEA2B6B 
  98      5DFE
  99 0164 8CF90599 		.ascii	"\214\371\005\231\210\323x\211\030\343\326\177,\302\337"
  99      88D37889 
  99      18E3D67F 
  99      2CC2DF
 100 0173 2D960621 		.ascii	"-\226\006!\021J\232\205\233w\227\272:\315\366\241\356"
 100      114A9A85 
 100      9B7797BA 
 100      3ACDF6A1 
 100      EE
 101 0184 E0955537 		.ascii	"\340\225U7WE\023~(~Z\265\351\366\201\375\253\245\260"
 101      5745137E 
 101      287E5AB5 
 101      E9F681FD 
 101      ABA5B0
 102 0197 64D59451 		.ascii	"d\325\224Q{m\324\\\372\201Z|o\024\326P\263\032\322K"
 102      7B6DD45C 
 102      FA815A7C 
 102      6F14D650 
 102      B31AD24B 
 103 01ab 2C92924C 		.ascii	",\222\222L.\347\377{\202\212_>\353W\312y?\177\272X("
 103      2EE7FF7B 
 103      828A5F3E 
 103      EB57CA79 
 103      3F7FBA58 
 104 01c0 9682E04C 		.ascii	"\226\202\340L%\227'U,9\225\301\363\005\257T\016\316"
 104      25972755 
 104      2C3995C1 
 104      F305AF54 
 104      0ECE
 105 01d2 0D9E2A94 		.ascii	"\015\236*\224\377\002\371j\330\360"
 105      FF02F96A 
 105      D8F0
 106              		.text
 107              		.section	.gnu.lto_chPoolLoadArray.658015751f85453b,"",%progbits
 108 0000 789C9D56 		.ascii	"x\234\235V_LSg\024\377\316\375\356mk\213@\266\027b\214"
 108      5F4C5367 
 108      14FFCEFD 
 108      EE6D6B8B 
 108      40B61762 
 109 0015 AB514408 		.ascii	"\253QD\010\241d/\333\303^\026\223%{\340E^\226l\331\242"
ARM GAS  /var/folders/qd/4mxf5pkd0zdf0b9dd1hp39180000gn/T//cccpRB1C.s 			page 8


 109      A1642FDB 
 109      C35E1693 
 109      257BE045 
 109      5E966CD9 
 110 002a 1D092E62 		.ascii	"\035\011.b\233\002F\236\274\024\344\317\334\034Q\354"
 110      9B02469E 
 110      BC14E4CF 
 110      DC1C51EC 
 111 003a 96A6198D 		.ascii	"\226\246\031\215H\224\007\346\037\330\206\202X\313D"
 111      489407E6 
 111      1FD88682 
 111      58CB44
 112 0049 36014571 		.ascii	"6\001Eq\2020T\376\024*\216\351\226\021\331&\354\234"
 112      823054FE 
 112      142A8EE9 
 112      9611D926 
 112      EC9C
 113 005b EFDE62B9 		.ascii	"\357\336b\271\002Kv\003\345\334\357;\277s\316\367;\277"
 113      024B7603 
 113      E5DCEF3B 
 113      BF73CEF7 
 113      3BBF
 114 006d F3511363 		.ascii	"\363Q\023cl\300\302\330\023\374\373\036\376\202\211"
 114      6CC0C2D8 
 114      13FCFB1E 
 114      FE8289
 115 007c 8154D3C7 		.ascii	"\201T\323\307X\251E\002Y3\270f\\\261\310\022o\0113\246"
 115      58A94502 
 115      5933B866 
 115      5CB1C812 
 115      6F0933A6 
 116 0090 5A95111B 		.ascii	"Z\225\021\033S\023\024\000ZW-\300\016J\\V\340\240$3"
 116      53131400 
 116      5A572DC0 
 116      0E4A5C56 
 116      E0A02433 
 117 00a4 08C9B088 		.ascii	"\010\311\260\210O\322\222\301\350\371\214\327r\010W"
 117      4FD292C1 
 117      E8F98CD7 
 117      720857
 118 00b3 462E48E9 		.ascii	"F.H\351\247T|B_\0365W\250\207R\002\2341\037\027.\014"
 118      A7547C42 
 118      5F1E3557 
 118      A8875202 
 118      9C311F17 
 119 00c9 9A211DBD 		.ascii	"\232!\035\275\372\313\317\006\370a\036\340\0002\276"
 119      FACBCF06 
 119      F8611EE0 
 119      0032BE
 120 00d8 3EEDF58F 		.ascii	">\355\365\217'\322\253\004v|\235n\355\252\262\360-\300"
 120      27D2AB04 
 120      767C9D6E 
 120      EDAAB2F0 
 120      2DC0
 121 00ea D0FEBB74 		.ascii	"\320\376\273t\26411\255AU\275j\350\361I\256n\015p\016"
 121      B43131AD 
 121      4155BD6A 
ARM GAS  /var/folders/qd/4mxf5pkd0zdf0b9dd1hp39180000gn/T//cccpRB1C.s 			page 9


 121      E8F149AE 
 121      6E0D700E 
 122 00fe DF01C780 		.ascii	"\337\001\307\200\360-l\204\026\330\310p\211\301\367"
 122      F02D6C84 
 122      16D8C870 
 122      89C1F7
 123 010d 9086EE3D 		.ascii	"\220\206\356=\241\3523V\276M@\307\253\347\247\254:\364"
 123      A1EA3356 
 123      BE4D40C7 
 123      ABE7A7AC 
 123      3AF4
 124 011f 9F060195 		.ascii	"\237\006\001\225\241\325\010\305\343\\\020\320\347j"
 124      A1D508C5 
 124      E35C10D0 
 124      E76A
 125 012d AD2F916F 		.ascii	"\255/\221o\027\320\211\353\3655f\035\332sJ@\025\270"
 125      17D089EB 
 125      F535661D 
 125      DA734A40 
 125      15B8
 126 013f 68842A0C 		.ascii	"h\204*\014\332 \215\374\307\316-\034_o\222\203\261\223"
 126      DA208DFC 
 126      C7CE2D1C 
 126      5F6F9283 
 126      B193
 127 0151 423B9800 		.ascii	"B;\230\000\327\243\3455UI<C\304|\272\360\371_\346\324"
 127      D7A3E535 
 127      55493C43 
 127      C47CBAF0 
 127      F95FE6D4 
 128 0165 7A11B365 		.ascii	"z\021\263eC\320\233L\345\\Z\036\223\036tm\273v\362\230"
 128      43D09B4C 
 128      E55C5A1E 
 128      931E746D 
 128      BB76F298 
 129 0179 ACBB2E36 		.ascii	"\254\273.6l\013_\255PkJ-+\234\\\367\327\322\227k\244"
 129      6C0B5FAD 
 129      506B4A2D 
 129      2B9C5CF7 
 129      D7D2976B 
 130 018e 07CC0A5C 		.ascii	"\007\314\012\\\206T\350\200TQ\207\217\303\377\211\031"
 130      8654E880 
 130      5451878F 
 130      C3FF8919 
 131 019e 5FEE4DE8 		.ascii	"_\356M\350V\345\325\313\215O?\332h\2020f\277B\331C\224"
 131      56E5D5CB 
 131      8D4F3FDA 
 131      68823066 
 131      BF42D943 
 132 01b3 5D32BA1C 		.ascii	"]2\272\034\363'2\350\244-\036\307\035\203\037\220\263"
 132      F32732E8 
 132      A42D1EC7 
 132      1D831F90 
 132      B3
 133 01c4 AB284E83 		.ascii	"\253(N\203\373\270?\363CF\033>\354\025\356M\265W\016"
 133      FBB83FF3 
 133      43461B3E 
ARM GAS  /var/folders/qd/4mxf5pkd0zdf0b9dd1hp39180000gn/T//cccpRB1C.s 			page 10


 133      EC15EE4D 
 133      B5570E
 134 01d7 002F1287 		.ascii	"\000/\022\207z\034\251\012\305\016u\267n\373\374\340"
 134      7A1CA90A 
 134      C50E75B7 
 134      6EFBFCE0 
 135 01e7 B4AA1E55 		.ascii	"\264\252\036U!\300Mp\355?K\235\2357A7\225\331E\261\225"
 135      21C04D70 
 135      ED3F4B9D 
 135      9D374137 
 135      95D945B1 
 136 01fc 65B5FC88 		.ascii	"e\265\374\210\265\374D\203\202\037\200\3203\267\224"
 136      B5FC4483 
 136      821F80D0 
 136      33B794
 137 020b 90BAB058 		.ascii	"\220\272\260X\211\374\276\022x\026\035\331\222\014("
 137      89FCBE12 
 137      78161DD9 
 137      920C28
 138 021a 00B324C4 		.ascii	"\000\263$\304\303\205\016pT\3206\001\331\026 =\256\023"
 138      C3850E70 
 138      54D03601 
 138      D916203D 
 138      AE13
 139 022c BB56B16B 		.ascii	"\273V\261kCw\234\301*T\307\210M\015\241!\241Q\026b\325"
 139      43779CC1 
 139      2A54C788 
 139      4D0DA121 
 139      A1511662 
 140 0241 C8024E1C 		.ascii	"\310\002N\034Z\021\360\006\333\216(\3243,\2456R\365"
 140      5A11F006 
 140      DB8E28D4 
 140      332CA536 
 140      52F5
 141 0253 6752C669 		.ascii	"gR\306iQ\351\\\253\344\017R\257\230>E\327!\303\217\341"
 141      51E95CAB 
 141      E40F52AF 
 141      983E45D7 
 141      21C38FE1 
 142 0267 E210D46E 		.ascii	"\342\020\324n?\306\214\200\340{Mt\017dP\004\341+\244"
 142      3FC68C80 
 142      E07B4D74 
 142      0F645004 
 142      E12BA4
 143 027a D2137BB9 		.ascii	"\322\023{\271\022\377\022^\026q9\325\331\277\255M5\364"
 143      12FF125E 
 143      167139D5 
 143      D9BFAD4D 
 143      35F4
 144 028c 422A822A 		.ascii	"B*\202*\243\352%\231\006\333\004v\350\303\275\031\360"
 144      A3EA2599 
 144      06DB0476 
 144      E8C3BD19 
 144      F0
 145 029d 8E35FB6A 		.ascii	"\2165\373j\307S\214\232\360\3054\261B\377\263\337gp"
 145      C7538C9A 
 145      F0C534B1 
ARM GAS  /var/folders/qd/4mxf5pkd0zdf0b9dd1hp39180000gn/T//cccpRB1C.s 			page 11


 145      42FFB3DF 
 145      6770
 146 02af 83F6CCC6 		.ascii	"\203\366\314\306\275\333uo\271(\025\203\233/\367\260"
 146      BDDB756F 
 146      B9281583 
 146      9B2FF7B0 
 147 02bf 1F59B945 		.ascii	"\037Y\271E=\274E=\004\326O\023y\242\356\3743\353\346"
 147      3DBC453D 
 147      04D64F13 
 147      79A2EEFC 
 147      33EBE6
 148 02d2 31A853BF 		.ascii	"1\250S\277\262\007\370:\0024\215\267\251x\357a\321\267"
 148      B207F83A 
 148      02348DB7 
 148      A978EF61 
 148      D1B7
 149 02e4 61B350C9 		.ascii	"a\263P\311\223\307\003\303\022\256\300\000\310\242l"
 149      93C703C3 
 149      12AEC000 
 149      C8A26C
 150 02f3 0677C445 		.ascii	"\006w\304Eu\272\243s2a\363\244\216\266\222\357\357\337"
 150      75BAA373 
 150      3261F3A4 
 150      8EB692EF 
 150      EFDF
 151 0305 9CBF6313 		.ascii	"\234\277c\023\350\237\011\015wA\246\276\330\005\005"
 151      E89F090D 
 151      7741A6BE 
 151      D80505
 152 0314 8CCC07D5 		.ascii	"\214\314\007\325\207\315\306\011\354kM\360\253\241r"
 152      87CDC609 
 152      EC6B4DF0 
 152      ABA172
 153 0323 FB2AF307 		.ascii	"\373*\363\007\203K\215\360\006\317\004\270q _\300W\234"
 153      834B8DF0 
 153      06CF04B8 
 153      71205FC0 
 153      579C
 154 0335 49188AB5 		.ascii	"I\030\212\265\316\033\374\303\3470\220\026i5\221\003"
 154      CE1BFCC3 
 154      E7309016 
 154      69359103 
 155 0345 E5D039B7 		.ascii	"\345\3209\267P\374\341\241\321\326\004\376+\210\301"
 155      50FCE1A1 
 155      D1D604FE 
 155      2B88C1
 156 0354 BA73BFF1 		.ascii	"\272s\277\361\003=W\244i\323\2112U\\\000\026\030^c\252"
 156      033D57A4 
 156      69D38932 
 156      555C0016 
 156      185E63AA 
 157 0368 6418A188 		.ascii	"d\030\241\210\367\220\355_\210v\374\240\025*\344\021"
 157      F790ED5F 
 157      8876FCA0 
 157      152AE411 
 158 0378 782F46A3 		.ascii	"x/F\243\207l\264\346\3476\204\370\016\205o\230I\031"
 158      876CB4E6 
ARM GAS  /var/folders/qd/4mxf5pkd0zdf0b9dd1hp39180000gn/T//cccpRB1C.s 			page 12


 158      E73684F8 
 158      0E856F98 
 158      4919
 159 038a 3691AF3D 		.ascii	"6\221\257=\334\333e\012\302\327\250'\013*\033F\005\351"
 159      DCDB650A 
 159      C2D7A827 
 159      0B2A1B46 
 159      05E9
 160 039c F7210884 		.ascii	"\367!\010\204\035\370\264Z!h<\316b\304%`\"x@8\\\037"
 160      1DF8B45A 
 160      21683CCE 
 160      62C42560 
 160      22784038 
 161 03b2 A81C1CB5 		.ascii	"\250\034\034\2659\232\350\274\301\015\344\374\020C\035"
 161      399AE8BC 
 161      C10DE4FC 
 161      10431D
 162 03c1 C709A0F2 		.ascii	"\307\011\240\362\030\214\201\003\313\240\320\276\350"
 162      188C8103 
 162      CBA0D0BE 
 162      E8
 163 03ce A349B31E 		.ascii	"\243I\263\036{\345\"\306\021\031#\263\031[!x\323[<\244"
 163      7BE522C6 
 163      111923B3 
 163      195B2178 
 163      D35B3CA4 
 164 03e2 99A8946E 		.ascii	"\231\250\224n\241\367\245\352Hp\023\272\336\317\371"
 164      A1F7A5EA 
 164      487013BA 
 164      DECFF9
 165 03f1 6A9DDA3D 		.ascii	"j\235\332=\242kp\241\356a\207-&\257\011\221dR\310\313"
 165      A26B70A1 
 165      EE61872D 
 165      26AF0991 
 165      6452C8CB 
 166 0405 A8A588A6 		.ascii	"\250\245\210\246\245\007\321/.n\022)4==?\237+F5VE8\266"
 166      A507D12F 
 166      2E6E1229 
 166      343D3D3F 
 166      9F2B4635 
 167 041d 71B8AF1E 		.ascii	"q\270\257\036b\227\001\323H\037\254\177\225V\374\034"
 167      629701D3 
 167      481FAC7F 
 167      9556FC1C 
 168 042d E2CBE3CB 		.ascii	"\342\313\343\313\310+E\226PJ\353\351\314S/\023h\247"
 168      C82B4596 
 168      504AEBE9 
 168      CC532F13 
 168      68A7
 169 043f 7F7ED382 		.ascii	"\177~\323\202?\272\012!\012\016\214]\026\250(\321\""
 169      3FBA0A21 
 169      0A0E8C5D 
 169      16A828D1 
 169      22
 170 0450 AF437630 		.ascii	"\257Cv0\276(Fd\307K\017W\311\307W\321\324\226\242yY"
 170      BE284664 
 170      C74B0F57 
ARM GAS  /var/folders/qd/4mxf5pkd0zdf0b9dd1hp39180000gn/T//cccpRB1C.s 			page 13


 170      C9C757D1 
 170      D496A279 
 171 0465 FD9CBE1F 		.ascii	"\375\234\276\037\314\264\237\035T\250\004E\377\012\361"
 171      CCB49F1D 
 171      54A80445 
 171      FF0AF1
 172 0474 08132E21 		.ascii	"\010\023.!\333\010i\305$\325x\327\343\027\017q+JL[\347"
 172      DB0869C5 
 172      24D578D7 
 172      E3170F71 
 172      2B4A4C5B 
 173 0489 9A2DA24B 		.ascii	"\232-\242Kl\022\312\207;g\003\257k\321y\374\351\024"
 173      6C12CA87 
 173      3B6703AF 
 173      6BD179FC 
 173      E914
 174 049b 647A4653 		.ascii	"dzFS\347\034`i\212\304\260\036\356\237{s\016\270\237"
 174      E71C6069 
 174      8AC4B01E 
 174      EE9F7B73 
 174      0EB89F
 175 04ae 9BE8D5CA 		.ascii	"\233\350\325\312\357\315ec\032E\273\205giR\216\010\362"
 175      EFCD6563 
 175      1A45BB85 
 175      6769528E 
 175      08F2
 176 04c0 84A8ABF0 		.ascii	"\204\250\253\360<#6\354\204=+\313\241\375\270\012\035"
 176      3C2336EC 
 176      843D2BCB 
 176      A1FDB80A 
 176      1D
 177 04d1 9E2247A1 		.ascii	"\236\"G\241\307\351p\346\027\344\025\270]\256\275\205"
 177      C7E970E6 
 177      17E415B8 
 177      5DAEBD85 
 178 04e1 594E2615 		.ascii	"YN&\025\270\301\015\373d\327\356O\334[\015\316{\366"
 178      B8C10DFB 
 178      64D7EE4F 
 178      DC5B0DCE 
 178      7BF6
 179 04f3 39F7167F 		.ascii	"9\367\026\177\234\027\017\310g\257\255\352TXB\373\312"
 179      9C170FC8 
 179      67AFADEA 
 179      545842FB 
 179      CA
 180 0504 FE5D7B8B 		.ascii	"\376]{\213\363\322\015^n\227\247\250\320\361\366\316"
 180      F3D20D5E 
 180      6E97A7A8 
 180      D0F1F6CE 
 181 0514 9C1D3907 		.ascii	"\234\0359\007\320\325\351\362\344}\264\377\215\002\364"
 181      D0D5E9F2 
 181      E47DB4FF 
 181      8D02F4
 182 0523 CF8CF7CC 		.ascii	"\317\214\367\314;P\344\330\221\223\373n\356\213\260"
 182      3B50E4D8 
 182      9193FB6E 
 182      EE8BB0
ARM GAS  /var/folders/qd/4mxf5pkd0zdf0b9dd1hp39180000gn/T//cccpRB1C.s 			page 14


 183 0532 E4E92C78 		.ascii	"\344\351,x\247x\237\023\235\223srw\332w\357*\314s{\366"
 183      A7789F13 
 183      9D937372 
 183      77DA77EF 
 183      2ACC737B 
 184 0547 64DA53B3 		.ascii	"d\332S\263\231\344af,\316\345)a\334\235\357\376\027"
 184      99E46166 
 184      2CCEE529 
 184      61DC9DEF 
 184      FE17
 185 0559 D3AB207E 		.ascii	"\323\253 ~"
 186              		.text
 187              		.section	.gnu.lto_chPoolAllocI.658015751f85453b,"",%progbits
 188 0000 789C8592 		.ascii	"x\234\205\222\313k\023Q\024\306\3177\367\316L\250\265"
 188      CB6B1351 
 188      14C6CF37 
 188      F7CE4CA8 
 188      B5
 189 0011 852E43D1 		.ascii	"\205.C\321\200\326R\027\231E\327\356\375;\032\004\021"
 189      80D65217 
 189      9945D7EE 
 189      FD3B1A04 
 189      11
 190 0022 4342E23E 		.ascii	"CB\342>7\217\222\304\007\024\332F\014\203FTj\027\242"
 190      378F92C4 
 190      0714DA46 
 190      0C834654 
 190      6A17A2
 191 0035 E2ABA955 		.ascii	"\342\253\251U\307\024\203\013\333R\351B\214ta\261X)"
 191      C714830B 
 191      DB52E942 
 191      8C7461B1 
 191      5829
 192 0047 62515C28 		.ascii	"bQ\\(I=w\246bU\304af\356\353\234\357\373\2353c\021Q"
 192      493D77A6 
 192      6255C461 
 192      66EEEB9C 
 192      EFFB9D33 
 193 005e CB203ACC 		.ascii	"\313 :\314\343\021~`\021\214\261E\242l\3100D{\230T\227"
 193      E3117E60 
 193      118CB145 
 193      A26CC830 
 193      447B9854 
 194 0073 1C0F93EA 		.ascii	"\034\017\223\352\0260\203m\031L`\002zT!P\306\020\322"
 194      1630836D 
 194      194C6002 
 194      7A542150 
 194      C610D2
 195 0086 440667C5 		.ascii	"D\006g\305\204\300r\341\226+\316\010W\020$/\267\026"
 195      84C072E1 
 195      962BCE08 
 195      5710242F 
 195      B716
 196 0098 AA6B3D7A 		.ascii	"\252k=z\011Dx9]\374\274l\015M)\225S\336\371O\366T~\364"
 196      09447839 
 196      5DFCBC6C 
 196      0D4D2995 
ARM GAS  /var/folders/qd/4mxf5pkd0zdf0b9dd1hp39180000gn/T//cccpRB1C.s 			page 15


 196      53DEF94F 
 197 00b0 A82B0CAA 		.ascii	"\250+\014\252p\364]\364\343\016\3725\304=\014q\354\373"
 197      70F45DF4 
 197      E30EFA35 
 197      C43D0C71 
 197      ECFB
 198 00c2 99662924 		.ascii	"\231f)$\016\200x\376=\273:\3353x\315\317{sU\250\203"
 198      0E8078FE 
 198      3DBB3ADD 
 198      3378CDCF 
 198      7B7355A8 
 199 00d7 AE10B80F 		.ascii	"\256\020\270\017\261;\221\267\010\0170\250\3437\012"
 199      B13B91B7 
 199      080F30A8 
 199      E3370A
 200 00e6 63A55E71 		.ascii	"c\245^q\310\317\335\352\234\373f\017\\\361s\027/\365"
 200      C8CFDDEA 
 200      9CFB660F 
 200      5CF17317 
 200      2FF5
 201 00f8 5DCEABE7 		.ascii	"]\316\253\347J\262+f~\317\327\027\207\277\275\335\231"
 201      4AB22B66 
 201      7ECFD717 
 201      87BFBDDD 
 201      99
 202 0109 DC6B49D4 		.ascii	"\334kI\3241P\023\244\321\230hV7\206G\275{\363\245\351"
 202      315013A4 
 202      D1986856 
 202      378647BD 
 202      7BF3A5E9 
 203 011d A9CE7651 		.ascii	"\251\316vQy\315\375K_^\364u\031l-Y\210\317\244\377\266"
 203      79CDFD4B 
 203      5F5EF475 
 203      196C2D59 
 203      88CFA4FF 
 204 0132 A0396C7F 		.ascii	"\2409l\177NTb\005n\225\362\250\314\245\362,\357\321"
 204      4E546205 
 204      6E95F2A8 
 204      CCA5F22C 
 204      EFD1
 205 0144 07E46637 		.ascii	"\007\344f7:yK\013W\205\315\266\225\321\306\222\255\033"
 205      3A794B0B 
 205      5785CDB6 
 205      95D1C692 
 205      AD1B
 206 0156 257CE8B9 		.ascii	"%|\350\271\306B\323\252\341bV)UK\261\201Y\025\026\036"
 206      C642D3AA 
 206      E1625629 
 206      554BB181 
 206      5915161E 
 207 016a 6A4C3E5D 		.ascii	"jL>])\276Z\335\343\334\3403\025ao\314\241\206I\015J"
 207      29BE5ADD 
 207      E3DCE033 
 207      15616FCC 
 207      A186490D 
 208 017f 780487D6 		.ascii	"x\004\207\326\221\253\215hi\015\300\362\364\016\205"
 208      91AB8D68 
ARM GAS  /var/folders/qd/4mxf5pkd0zdf0b9dd1hp39180000gn/T//cccpRB1C.s 			page 16


 208      690DC0F2 
 208      F40E85
 209 018e D67CF37A 		.ascii	"\326|\363z\367\216\035\242A\265e\356X{\370'N\371Yop"
 209      F78E1DA2 
 209      41B565EE 
 209      587BF827 
 209      4EF9596F 
 210 01a3 6EECC691 		.ascii	"n\354\306\221\177\341\260\243/\362\370\0370O|\030h\030"
 210      7FE1B0A3 
 210      2FF2F81F 
 210      304F7C18 
 210      6818
 211 01b5 8F61587B 		.ascii	"\217aX{\345\364\005SK\377Y\327\276\377\224\365\364W"
 211      E5F40553 
 211      4BFF59D7 
 211      BEFF94F5 
 211      F457
 212 01c7 590D380C 		.ascii	"Y\0158\014\3463K\032\0173\363&d\200\253\377\272z}\263"
 212      E6334B1A 
 212      0F33F326 
 212      6480ABFF 
 212      BA7A7DB3 
 213 01db 6567DA2A 		.ascii	"eg\332*\344\012\273\242\2751\217\014\261\266+B~\222"
 213      E40ABBA2 
 213      BD318F0C 
 213      B1B62B42 
 213      7E92
 214 01ed B9D3F875 		.ascii	"\271\323\370u\030\024tE\322Gn\323\332D8P\221\034\366"
 214      18147445 
 214      D2476ED3 
 214      DA443850 
 214      911CF6
 215 0200 15920B13 		.ascii	"\025\222\013\023\257\267=\260\254\324\237\016:\217}"
 215      AFB73DB0 
 215      ACD49F0E 
 215      3A8F7D
 216 020f 23D1A813 		.ascii	"#\321\250\023\334\211\264\223:\345\244S1'v<~,\236L$"
 216      DC89B493 
 216      3AE5A453 
 216      3127763C 
 216      7E2C9E4C 
 217 0224 4EA6A331 		.ascii	"N\246\24312\342I\231\0309\221\374\001}\034\366|"
 217      32E24999 
 217      183991FC 
 217      017D1CF6 
 217      7C
 218              		.text
 219              		.section	.gnu.lto_chPoolAlloc.658015751f85453b,"",%progbits
 220 0000 789C8D54 		.ascii	"x\234\215T\377oSU\024\277\347\335\373^k77\302O\373a"
 220      FF6F5355 
 220      14BFE7DD 
 220      FB5E6B37 
 220      37C24FFB 
 221 0015 C1B768C5 		.ascii	"\301\267h\305!i\371\315\304\230ECb4f\277\260?\300\260"
 221      2169F9CD 
 221      C4984543 
 221      623466BF 
ARM GAS  /var/folders/qd/4mxf5pkd0zdf0b9dd1hp39180000gn/T//cccpRB1C.s 			page 17


 221      B03FC0B0 
 222 0029 DA04CC4A 		.ascii	"\332\004\314J\233v#\360\323.[\227\256\"\201\010+\322"
 222      9B7623F0 
 222      D32E5B97 
 222      AE228108 
 222      2BD2
 223 003b 346E2A84 		.ascii	"4n*\204\201\301/\210\272nc\324\316\215\011\254sXp\256"
 223      81C12F88 
 223      BA6E63D4 
 223      CE8D09AC 
 223      735870AE 
 224 004f 66419601 		.ascii	"fA\226\001\323e|\321\020\221X<\347\276\016\273N\211"
 224      D3657CD1 
 224      1091583C 
 224      E7BE0EBB 
 224      4E89
 225 0061 4DFB7AEF 		.ascii	"M\373z\357=\237s\316\347|\316\271\317`\214U\031\214"
 225      3D9F73CE 
 225      E77CCEB9 
 225      CF608C55 
 225      198C
 226 0073 0DE37F1D 		.ascii	"\015\343\177\035\376\300`\240\355\3130\266\313\256i"
 226      FEC060A0 
 226      EDCB30B6 
 226      CBAE69
 227 0082 3C53C7A4 		.ascii	"<S\307\244C\244+\231,\347\240[\307bi\241\003\320B\332"
 227      43A42B99 
 227      2CE7A05B 
 227      C76269A1 
 227      03D042DA 
 228 0096 81B56A5C 		.ascii	"\201\265j\\\350\320\012o\363\003\034&\303\237&\370n"
 228      E8D00A6F 
 228      F3031C26 
 228      C39F26F8 
 228      6E
 229 00a7 9EE00C04 		.ascii	"\236\340\014\004no\217\307g+h\013`\342\366X\344\267"
 229      6E6F8FC7 
 229      672B680B 
 229      60E2F658 
 229      E4B7
 230 00b9 49A3F6A8 		.ascii	"I\243\366\250\224m2up\332q\264\275\343\225\004\327X"
 230      946D3275 
 230      70DA71B4 
 230      BDE39504 
 230      D758
 231 00cb 0CD1A7A0 		.ascii	"\014\321\247\240\032>\207jb\361\005\324\"\366F\337h"
 231      1A3E876A 
 231      62F105D4 
 231      22F646DF 
 231      68
 232 00dc A79D3F09 		.ascii	"\247\235?\011\014\327\367w\315\034\253X{D\371e\017s"
 232      0CD7F777 
 232      CD1CAB58 
 232      7B44F965 
 232      0F73
 233 00ee F9548273 		.ascii	"\371T\202s\370\022x\261#\0361\370\012\326\022~>\274"
 233      F81278B1 
ARM GAS  /var/folders/qd/4mxf5pkd0zdf0b9dd1hp39180000gn/T//cccpRB1C.s 			page 18


 233      231E31F8 
 233      0AD6127E 
 233      3EBC
 234 0100 AFB3923F 		.ascii	"\257\263\222?\255|o\347\367\374is~\250|\357\036_\375"
 234      AD7C6FE7 
 234      F7FC6973 
 234      7EA87CEF 
 234      1E5FFD
 235 0113 7EBB1C93 		.ascii	"~\273\034\223\002\263B\337r\177\372 \374\352g\371\256"
 235      02B342DF 
 235      727FFA20 
 235      FCEA67F9 
 235      AE
 236 0124 C70D0149 		.ascii	"\307\015\001Ip\022/\244\323\017\006<4\204%~R\227?2\324"
 236      70122FA4 
 236      D30F063C 
 236      3484257E 
 236      52973F32 
 237 0139 798C4391 		.ascii	"y\214C\221\017\203\001\204\016\242\212%\360\334\334"
 237      0F830184 
 237      0EA28A25 
 237      F0DCDC
 238 0148 F33A2343 		.ascii	"\363:#C\014\213E\333\365\301H\026\370k\312w\341ZgJ\024"
 238      0C8B45DB 
 238      F5C14816 
 238      F86BCA77 
 238      E15A674A 
 239 015d E84DC49F 		.ascii	"\350M\304\237\2717uC\312w$$\270\200\241G\020\264\002"
 239      B9377543 
 239      CA772424 
 239      B880A147 
 239      10B402
 240 0170 2FDE33E0 		.ascii	"/\3363\340\014\022\205\323\024\233/\343\222B._SG\361"
 240      0C1285D3 
 240      149B2FE3 
 240      92422E5F 
 240      5347F1
 241 0183 01584689 		.ascii	"\001XF\211\024\007\357\330\016\235\2222\372\342\177"
 241      1407EFD8 
 241      0E9D9232 
 241      FAE27F
 242 0192 48016970 		.ascii	"H\001ip~rQO\311\374\203\010&Z\227\371}fu\271\006\244"
 242      7E72514F 
 242      C9FC8308 
 242      265A97F9 
 242      7D6675B9 
 243 01a8 30574681 		.ascii	"0WF\201\212\353\272Z\032\352\311X'\352\205S!S,\212\205"
 243      8AEBBA5A 
 243      1AEAC958 
 243      27EA8553 
 243      21532C8A 
 244 01bd E2AA3DC5 		.ascii	"\342\252=\305\256\201\266\262\314\0157\037]&\014\203"
 244      AE81B6B2 
 244      CC0D371F 
 244      5D260C83 
 245 01cd 139D22F3 		.ascii	"\023\235\"\363\362\264\240\351\021`\3027h\373\025\332"
 245      F2B4A0E9 
ARM GAS  /var/folders/qd/4mxf5pkd0zdf0b9dd1hp39180000gn/T//cccpRB1C.s 			page 19


 245      1160C237 
 245      68FB15DA 
 246 01dd AEDEDC7B 		.ascii	"\256\336\334{`\266\252D\207\375\267\034\205~\210\025"
 246      60B6AA44 
 246      87FDB71C 
 246      857E8815 
 247 01ed DA77B891 		.ascii	"\332w\270\221\344\010\331\364R\333\371\370\013~J\305"
 247      E408D9F4 
 247      52DBF9F8 
 247      0B7E4AC5 
 248 01fd 6074A57E 		.ascii	"`t\245~gQ\2661\322o\214\364\003\326K\012~\320}\362\017"
 248      6751B631 
 248      D26F8CF4 
 248      03D64B0A 
 248      7ED07DF2 
 249 0212 474D12BA 		.ascii	"GM\022\272\345\273f\202\253F\237\230\035\220v\241!\351"
 249      E5BB6682 
 249      AB469F98 
 249      1D9076A1 
 249      21E9
 250 0224 6FA14675 		.ascii	"o\241Fu\350\326B6\247\341\011\234\003\241h38\257nC\357"
 250      E8D64236 
 250      A7E1099C 
 250      03A16833 
 250      38AF6E43 
 251 0239 D0F05C79 		.ascii	"\320\360\\y\315`\301\333F\330;\037\237\274T\246\274"
 251      CD60C1DB 
 251      46D83B1F 
 251      9FBC54A6 
 251      BC
 252 024a 2F90378C 		.ascii	"/\2207\214\203@\311\332L%\001\243\345\225h\237N\265"
 252      8340C9DA 
 252      4C2501A3 
 252      E595689F 
 252      4EB5
 253 025c 2178E0EC 		.ascii	"!x\340\354\341\375K\".\036\257\210\313T\330\374\227"
 253      E1FD4B22 
 253      2E1EAF88 
 253      CB54D8FC 
 253      97
 254 026d 9BA014CC 		.ascii	"\233\240\024\314\2003\216M\370\005\332\372\347\363\355"
 254      80338E4D 
 254      F805DAFA 
 254      E7F3ED
 255 027c 4649E5E7 		.ascii	"FI\345\347\236%@A3\243x\356\251\2210\201%\177G\265\343"
 255      9E254041 
 255      33A378EE 
 255      A9913081 
 255      257F47B5 
 256 0291 23CEE95E 		.ascii	"#\316\351^\307:\322\0236j\2055\361\203\351\361Q\243"
 256      C73AD213 
 256      366A8535 
 256      F183E9F1 
 256      51A3
 257 02a3 07DEC306 		.ascii	"\007\336\303\006\3321\015LRZ<\317F\246f\312\334'(G\317"
 257      DA310D4C 
 257      525A3CCF 
ARM GAS  /var/folders/qd/4mxf5pkd0zdf0b9dd1hp39180000gn/T//cccpRB1C.s 			page 20


 257      46A666CA 
 257      DC272847 
 258 02b8 FDBDD538 		.ascii	"\375\275\3258!p\021z\240\013\007\203\2022\370\036\334"
 258      2170117A 
 258      A00B0783 
 258      8232F81E 
 258      DC
 259 02c9 54544F23 		.ascii	"TTO#\205\246d\030\236\315A87<\332[^H\007.\253\206(\232"
 259      85A66418 
 259      9ECD4138 
 259      373CDA5B 
 259      5E48072E 
 260 02e1 32753843 		.ascii	"2u8C\252\210\350H\245e\027\305t\364R:\217Q\200\354J"
 260      AA88E848 
 260      A56517C5 
 260      74F4523A 
 260      8F5180EC 
 261 02f6 3A26612F 		.ascii	":&a/).P\340r\031\271`\350\354[\207t\212\374?\313ZC\201"
 261      292E50E0 
 261      7219B960 
 261      E8EC5B87 
 261      748AFC3F 
 262 030e 7E5856D4 		.ascii	"~XV\324\024\270\221\226b,X\272\022\031/`\347\025Y\035"
 262      14B89196 
 262      622C58BA 
 262      12192F60 
 262      E715591D 
 263 0322 BD93C985 		.ascii	"\275\223\311\205\234\255\365/iOpG\214\333,\237\037\241"
 263      9CADF52F 
 263      694F7047 
 263      8CDB2C9F 
 263      1FA1
 264 0334 95618A04 		.ascii	"\225a\212\004/S~z\321u\261d1\224N\327\273\252\324\013"
 264      2F537E7A 
 264      D175B164 
 264      31944ED7 
 264      BBAAD40B 
 265 0348 28539806 		.ascii	"(S\230\006S\355\322\313vIk\207\216g\324\265y(\216\300"
 265      53EDD2CB 
 265      76496B87 
 265      8E67D4B5 
 265      79288EC0 
 266 035c 4AA78BAF 		.ascii	"J\247\213\257\215\365.(\314r\276\373\347\241\262\245"
 266      8DF52E28 
 266      CC72BEFB 
 266      E7A1B2A5 
 267 036c 319D5663 		.ascii	"1\235Vc\232ScZ:\223?Y3y\345\310\236\3765*\007c\213\270"
 267      9A53635A 
 267      3A933F59 
 267      3379E5C8 
 267      9EFE352A 
 268 0384 DD3D3862 		.ascii	"\335=8bP~\242\312\330]\325:>\375 \005X\265\240\227\001"
 268      507EA2CA 
 268      D85DD53A 
 268      3EFD2005 
 268      58B5A097 
 269 0399 504D18C6 		.ascii	"PM\030\306t\271\334\326\327\037r\007\233\335\241\240"
ARM GAS  /var/folders/qd/4mxf5pkd0zdf0b9dd1hp39180000gn/T//cccpRB1C.s 			page 21


 269      74B9DCD6 
 269      D71F7207 
 269      9BDDA1A0 
 270 03a9 C7EDD9E2 		.ascii	"\307\355\331\342\363\372\002~\177S\310\345a\232/ \374"
 270      F3FA027E 
 270      7F53C8E5 
 270      619A2F20 
 270      FC
 271 03ba 8D6F069E 		.ascii	"\215o\006\236(\001n\335\346ijy\303\213\340\320\316\220"
 271      28016EDD 
 271      E6696A79 
 271      C38BE0D0 
 271      CE90
 272 03cc 6B0BD3B7 		.ascii	"k\013\323\267onj\361\326\226\240\002\376`s\310\375\322"
 272      6F6E6AF1 
 272      D696A002 
 272      FE6073C8 
 272      FDD2
 273 03de A6FA8DF5 		.ascii	"\246\372\215\365;\020\352\361\007\275\257o\177\316\207"
 273      3B10EAF1 
 273      07BDAF6F 
 273      7FCE87
 274 03ed F8F5C548 		.ascii	"\370\365\305H\357\216f\367\306\372\206W\033\376\011"
 274      EF8E66F7 
 274      C6FA8657 
 274      1BFE09
 275 03fc 4B488FEF 		.ascii	"KH\217\357\345\226m\036\004\257\252o\330d6n\016y\003"
 275      E5966D1E 
 275      04AFAA6F 
 275      D864366E 
 275      0E7903
 276 040f C1ADEB4D 		.ascii	"\301\255\353M\347\006\246\005\231\015I\372\203;\331"
 276      E706A605 
 276      990D49FA 
 276      833BD9
 277 041e DF0F512C 		.ascii	"\337\017Q,\021"
 277      11
 278              		.text
 279              		.section	.gnu.lto_chPoolFreeI.658015751f85453b,"",%progbits
 280 0000 789C8552 		.ascii	"x\234\205R\317k\023Q\020\236og7\011\244V\360 \242E\002"
 280      CF6B1351 
 280      109E6F67 
 280      3709A456 
 280      F020A245 
 281 0015 5A4311B3 		.ascii	"ZC\021\263\377\220'\203P\304\220\245\361\336\227\264"
 281      FF902783 
 281      50C490A5 
 281      F1DE97B4 
 282 0025 31A97AE8 		.ascii	"1\251z\350\301\246\020\026Y\324\"=\224*jMk\3255J\361"
 282      C1A61016 
 282      59D4223D 
 282      942A6A4D 
 282      6BD5354A 
 283 003a 6015A505 		.ascii	"`\025\245\005E\211\240\030\334\"\202\370\343\"Tg\266"
 283      4589A018 
 283      DC2282F8 
 283      E3225467 
ARM GAS  /var/folders/qd/4mxf5pkd0zdf0b9dd1hp39180000gn/T//cccpRB1C.s 			page 22


 283      B6
 284 004b 15AD220E 		.ascii	"\025\255\"\016\373\330yo\346\373\346{\337n\202\210\312"
 284      FBD8796F 
 284      E6FBE67B 
 284      DF6E8288 
 284      CA
 285 005c 16514EDE 		.ascii	"\026QN\336{d\201\011\326\370#9LY\200&&\005\032\2660"
 285      7B648109 
 285      D6F82339 
 285      4C598026 
 285      26051AB6 
 286 0071 8C337C96 		.ascii	"\2143|\226\321\256u\347\255\201KF\"\234\234K\2374\325"
 286      D1AE75E7 
 286      AD814B46 
 286      229C9C4B 
 286      9F34D5
 287 0084 5D3E1335 		.ascii	"]>\0235di\340*\006\244\353\311\350e\237O\263\317\200"
 287      6469E02A 
 287      06A4EBC9 
 287      E8659F4F 
 287      B3CF80
 288 0097 2DDB8FCB 		.ascii	"-\333\217\313\3157\275\272\265\220\221\355\273\326R"
 288      CD37BDBA 
 288      B59091ED 
 288      BBD652
 289 00a6 3DC5FB40 		.ascii	"=\305\373@\222\177+w\246{\263S\306TL\370\360\"\233\375"
 289      927F2B77 
 289      A67BB353 
 289      C6544CF8 
 289      F0229BFD 
 290 00ba 3E33E6C0 		.ascii	">3\346\300B\210\353\350\3035\364\221\034\021n +\355"
 290      4288EBE8 
 290      C335F491 
 290      1C116E20 
 290      2BED
 291 00cc D1E8787D 		.ascii	"\321\350x};\037\210\241_\337\2576{6\241/\247b\250\215"
 291      3B1F88A1 
 291      5FDFAF36 
 291      7B36A12F 
 291      A762A88D 
 292 00e0 D69F509B 		.ascii	"\326\237P\2330\217\254\366\277x\336i\365\360\301\030"
 292      308FACF6 
 292      BF78DE69 
 292      F5F0C118 
 293 00f0 BBFA6AFA 		.ascii	"\273\372j\372p\377\205\030\332\235\331{~\304<0\266\317"
 293      70FF8518 
 293      DA9DD97B 
 293      7EC43C30 
 293      B6CF
 294 0102 0E16B6C2 		.ascii	"\016\026\266\3025\244\373\365\225\365\211m\011\0337"
 294      35A4FBF5 
 294      95F5896D 
 294      091B37
 295 0111 D11FFCBC 		.ascii	"\321\037\374\274,\026\221 H2\373\324\011\315\372\367"
 295      2C169120 
 295      4832FBD4 
 295      09CDFAF7 
ARM GAS  /var/folders/qd/4mxf5pkd0zdf0b9dd1hp39180000gn/T//cccpRB1C.s 			page 23


 296 0121 9A093B87 		.ascii	"\232\011;\207\242\317_v$!S\0351O\306\332P\335DuA\210"
 296      A2CF5F76 
 296      2421531D 
 296      314FC6DA 
 296      50DD4475 
 297 0137 9726A431 		.ascii	"\227&\2441\2664\033\011\251\213J\360\251\341*\217\022"
 297      B6341B09 
 297      A98B4AF0 
 297      A9E12A8F 
 297      12
 298 0148 37A5B086 		.ascii	"7\245\260\206\312B\024U\323z\326d\310\344F\265\3758"
 298      CA421455 
 298      D37AD664 
 298      C8E446B5 
 298      FD38
 299 015a A9CE712C 		.ascii	"\251\316q,{\261\275\274\224\010p\256,\366g|\226&\033"
 299      7BB1BDBC 
 299      940870AE 
 299      2CF6677C 
 299      96261B
 300 016d B754A7D4 		.ascii	"\267T\247\324Vj\317:iw\306l\224\034\334F\200\211\370"
 300      566ACF3A 
 300      6977C66C 
 300      941CDC46 
 300      8089F8
 301 0180 B3E00E5C 		.ascii	"\263\340\016\\\345^95\346(\365\357\274\316_\274\301"
 301      E55E3935 
 301      E628F5EF 
 301      BCCE5FBC 
 301      C1
 302 0191 6E9F93A2 		.ascii	"n\237\223\242\006\341?\210\357\306\304zu\264\341\212"
 302      06E13F88 
 302      EFC6C47A 
 302      75B4E18A 
 303 01a1 4EE56E44 		.ascii	"N\345nDko\223\233\344[\330v\376G\346\275_2\357+\233"
 303      6B6F939B 
 303      E45BD876 
 303      FE47E6BD 
 303      5F32EF2B 
 304 01b6 451FC498 		.ascii	"E\037\304\230\331I\304\006k\324e\202X&?i&\227s7\236"
 304      D949C406 
 304      6BD46582 
 304      58263F69 
 304      26977337 
 305 01cb 62C91D3A 		.ascii	"b\311\035:\341\226\206\362n~\260p\264\340\025\213\307"
 305      E19686F2 
 305      6E7EB070 
 305      B4E0158B 
 305      C7
 306 01dc 4BB93C59 		.ascii	"K\271<Y\005\317.\0369\346\2617\350\375\000WC\334\332"
 306      05CF2E1E 
 306      39E6B137 
 306      E8FD0057 
 306      43DCDA
 307              		.text
 308              		.section	.gnu.lto_chPoolFree.658015751f85453b,"",%progbits
 309 0000 789C8D53 		.ascii	"x\234\215SmlSU\030~\337{no\013\233\223\370\303\020%"
ARM GAS  /var/folders/qd/4mxf5pkd0zdf0b9dd1hp39180000gn/T//cccpRB1C.s 			page 24


 309      6D6C5355 
 309      187EDF7B 
 309      6E6F0B9B 
 309      93F8C310 
 310 0015 7817AD75 		.ascii	"x\027\255u\011\331\345\237\211\361\217!11f\177\330_"
 310      09D9E59F 
 310      89F18F21 
 310      3131667F 
 310      D85F
 311 0027 1303B5C9 		.ascii	"\023\003\265\3110+m\332\215\300/\016c\263\235\223\217"
 311      302B6DDA 
 311      8DC02F0E 
 311      63B39D93 
 311      8F
 312 0038 C0A8A669 		.ascii	"\300\250\246i\\\203,\302\217\211\202\037\335\007[\035"
 312      5C832CC2 
 312      8F89821F 
 312      DD075B1D 
 313 0048 7343611B 		.ascii	"sCa\033`\247\303\352D\226U\212\023D\023#\232L\337\367"
 313      60A7C3EA 
 313      4496558A 
 313      13441323 
 313      9A4CDFF7 
 314 005c DC0B6EB7 		.ascii	"\334\013n\267\206x\323\217{\316y\336\347<\347y\237c"
 314      8678D38F 
 314      7BCE79DE 
 314      E73CE779 
 314      9F63
 315 006e 00C08807 		.ascii	"\000\300\210\007`\202\376\037\245/\012@\355\340\024"
 315      6082FE1F 
 315      A52F0A40 
 315      EDE014
 316 007d C01E9F86 		.ascii	"\300\036\237\206\310/\322\207\260[\303\335\370\206\350"
 316      C82FD287 
 316      B05BC3DD 
 316      F886E8
 317 008c 16389A28 		.ascii	"\0268\232(\365ku\357Jz\362o\036\252yMv\254\315\010\200"
 317      F56B75EF 
 317      4A7AF26F 
 317      1EAA794D 
 317      76ACCD08 
 318 00a1 147DF9C1 		.ascii	"\024}\371\301\323XG\250K\355\357gD\227\310\010D\235"
 318      D35847A8 
 318      4BEDEF67 
 318      4497C808 
 318      449D
 319 00b3 86B727D3 		.ascii	"\206\267'\323\3635<\324\320\244\341\365\334x\322'\036"
 319      F3353CD4 
 319      D0A4E1F5 
 319      DC78D227 
 319      1E
 320 00c4 47A0F7BF 		.ascii	"G\240\367\277\366\314\235\250\011\364J\331&\363c\307"
 320      F6CC9DA8 
 320      09F44AD9 
 320      26F363C7 
 321 00d4 847C2223 		.ascii	"\204|\"#\004~\214\202\010\361#\\\207\037\342:\240)\300"
 321      047E8C82 
ARM GAS  /var/folders/qd/4mxf5pkd0zdf0b9dd1hp39180000gn/T//cccpRB1C.s 			page 25


 321      08F1235C 
 321      871FE23A 
 321      A029C0
 322 00e7 4F3040F0 		.ascii	"O0@\360r\373\301\344\203\342IU\372\373\342L\272\332"
 322      72FBC1E4 
 322      83E24955 
 322      FAFBE24C 
 322      BADA
 323 00f9 292DF4AA 		.ascii	")-\364\252R\035s\356R\035\260\037\003\214\277\366\301"
 323      521D73EE 
 323      521DB01F 
 323      038CBFF6 
 323      C1
 324 010a D291070C 		.ascii	"\322\221\007\014\335\326\212\003h\340\275\311vu\236"
 324      DDD68A03 
 324      68E0BDC9 
 324      76759E
 325 0119 9B3943CD 		.ascii	"\2339C\315\247\004.\307\343 A\207\320\000\027\274\270"
 325      A7042EC7 
 325      E3204187 
 325      D00017BC 
 325      B8
 326 012a F08C0778 		.ascii	"\360\214\007x!%4^\373q(Q@\361\242\252],%\363\272\377"
 326      2125345E 
 326      FB712851 
 326      40F1A2AA 
 326      5D2C25F3 
 327 0140 1DA56D3A 		.ascii	"\035\245m:\375\324\235\331\353R\036\222\230\021\036"
 327      FDD49DD9 
 327      EB521E92 
 327      98111E
 328 014f 1C5EA990 		.ascii	"\034^\251\220\037\267\216;\006\216\240\037\360\014s"
 328      1FB78E3B 
 328      068EA01F 
 328      F00C73
 329 015e 8B155AF2 		.ascii	"\213\025Z\362\244\345S\322\302?H\245'/{\362r\351\357"
 329      A4E553D2 
 329      C23F48A5 
 329      272F7BF2 
 329      72E9EF
 330 0171 0475E3A1 		.ascii	"\004u\343\241\334\305\362\376\300*j\033yE\316\323\261"
 330      DCC5F2FE 
 330      C02A6A1B 
 330      7945CED3 
 330      B1
 331 0182 7532C000 		.ascii	"u2\300\000H\322\211\251\2252\017\235$\225\336\366\346"
 331      48D289A9 
 331      95320F9D 
 331      2495DEF6 
 331      E6
 332 0193 A1845AA5 		.ascii	"\241\204Z\245\320\215\267\356/\024G\321OE\211\262<\243"
 332      D08DB7EE 
 332      2F1447D1 
 332      4F4589B2 
 332      3CA3
 333 01a5 733F3D68 		.ascii	"s?=h\342YZ\373\011\333\256\335:\320=\277\326u\222\303"
 333      E2595AFB 
ARM GAS  /var/folders/qd/4mxf5pkd0zdf0b9dd1hp39180000gn/T//cccpRB1C.s 			page 26


 333      09DBAEDD 
 333      3AD03DBF 
 333      D67592C3 
 334 01b9 A91AC751 		.ascii	"\251\032\307Q\275\302\275\016\213\334\033\3435\217{"
 334      BDC2BD0E 
 334      8BDC1BE3 
 334      358F7B
 335 01c8 ED7CFAD9 		.ascii	"\355|\372\331\010o\005\370Y\245\003\343t\360\011v`\202"
 335      086F05F8 
 335      59A503E3 
 335      74F00976 
 335      6082
 336 01da 1D4038CE 		.ascii	"\035@8\316m<\332s\352\217\325\265\375\330#\33723\302"
 336      6D3CDA73 
 336      EA8FD5B5 
 336      FDD823DF 
 336      3233C2
 337 01ed CB057DF3 		.ascii	"\313\005}\363\203\322\247k$\372\034\326*\217\177Y,\024"
 337      83D2A76B 
 337      24FA1CD6 
 337      2A8F7F59 
 337      2C14
 338 01ff 359AC1CF 		.ascii	"5\232\301\317QW\262\001\277P\371<>|v\241\272v\310\251"
 338      5157B201 
 338      BF50F93C 
 338      3E7C76A1 
 338      BA76C8A9 
 339 0213 F631F6D7 		.ascii	"\3661\366\327\367N\315T\251\352\363\\\215\027P'\313"
 339      F74ECD54 
 339      A9EAF35C 
 339      8D175027 
 339      CB
 340 0224 DA4C6501 		.ascii	"\332Le\001\360\353\325\316./\237\215\300\203\023\307"
 340      F0EBD5CE 
 340      2E2F9F8D 
 340      C08313C7 
 341 0234 0EDF3571 		.ascii	"\016\3375q*W\235\226\371v\363?r\254\034\234D\177\232"
 341      2A579D96 
 341      F976F33F 
 341      72AC1C9C 
 341      447F9A
 342 0247 9A4004D9 		.ascii	"\232@\004\331\223t?l\202\333K\373\376\364V\020T\244"
 342      93743F6C 
 342      82DB4BFB 
 342      FEF45610 
 342      54A4
 343 0259 59114C31 		.ascii	"Y\021L1\201P\004\277\245,\227s\245\234\301\000\336\305"
 343      815004BF 
 343      A52C9773 
 343      A59CC100 
 343      DEC5
 344 026b 315EC5B6 		.ascii	"1^\305\266xe.W-\306Pes\346\373\023/9{\225\372\326\037"
 344      78652E57 
 344      2DC65065 
 344      73E6FB13 
 344      2F397B95 
 345 0282 DD2BCF49 		.ascii	"\335+\317I\235b\202\027\357\023L\035/1\3434Y~\231\275"
ARM GAS  /var/folders/qd/4mxf5pkd0zdf0b9dd1hp39180000gn/T//cccpRB1C.s 			page 27


 345      9D628217 
 345      EF134C1D 
 345      2F31E334 
 345      597E99BD 
 346 0296 A71F9E61 		.ascii	"\247\037\236a!7\260m\240\\\356\250\342\271\264`;S\035"
 346      2137B06D 
 346      A05CEEA8 
 346      E2B9B460 
 346      3B531D
 347 02a9 A3D35E8E 		.ascii	"\243\323^\216\207}\217\206F'\307\215,\276M\241ZEG\307"
 347      877D8F86 
 347      4627C78D 
 347      2CBE4DA1 
 347      5A4547C7 
 348 02bd 2F999CE6 		.ascii	"/\231\234\346\013\211\331\271*\253\217u\233\274\177"
 348      0B89D9B9 
 348      2AAB8F75 
 348      9BBC7F
 349 02cc 01B37884 		.ascii	"\001\263x\204\222\312\273\000\316\240\305\324\205\327"
 349      92CABB00 
 349      CEA0C5D4 
 349      85D7
 350 02da 3B3DCCBC 		.ascii	";=\314\274\234\326p\323\256&\035\370U%m\366\021\006"
 350      9CD670D3 
 350      AE261DF8 
 350      55256DF6 
 350      1106
 351 02ec 7FAD78D1 		.ascii	"\177\255x\321\341\235E\213T2u\252|c\301\353p\377\017"
 351      E19D458B 
 351      543275AA 
 351      7C63C1EB 
 351      70FF0F
 352 02ff 8DD98799 		.ascii	"\215\331\207\231\354\312\012\221\3370\231\335\213\323"
 352      ECCA0A91 
 352      DF3099DD 
 352      8BD3
 353 030d 763395F3 		.ascii	"v3\225\363*)j4e\217(s#\352\346\334;\203\207\364\024"
 353      2A296A34 
 353      658F2873 
 353      23EAE6DC 
 353      3B8387F4 
 354 0322 9D9BF3F3 		.ascii	"\235\233\363\363\201\356\240}\237\2354/\365\3740\\u"
 354      81EEA07D 
 354      9F9D342F 
 354      F5FC305C 
 354      75
 355 0333 37A84515 		.ascii	"7\250E\025\324oUP\335\251\374\316N\345\325\336}\003"
 355      D46F5550 
 355      DDA9FCCE 
 355      4EE5D5DE 
 355      7D03
 356 0345 EBD51600 		.ascii	"\353\325\026\0007i\330\265?\300\273\253\026&\351\344"
 356      3769D8B5 
 356      3FC0BBAB 
 356      1626E9E4 
 357 0355 74E3A9C6 		.ascii	"t\343\251\306\254\257\267\354O$n\305Z\254x,h\005\233"
 357      ACAFB7EC 
ARM GAS  /var/folders/qd/4mxf5pkd0zdf0b9dd1hp39180000gn/T//cccpRB1C.s 			page 28


 357      4F246EC5 
 357      5AAC782C 
 357      68059B
 358 0368 C2A17034 		.ascii	"\302\241p4\022i\216\327\007A\013G\365\310\326W\243\217"
 358      12698ED7 
 358      07410B47 
 358      F5C8D657 
 358      A38F
 359 037a B980DBB6 		.ascii	"\271\200\333\266\007\233[_\011\0218\276+^\337\004\236"
 359      079B5B5F 
 359      091138BE 
 359      2B5EDF04 
 359      9E
 360 038b 1D5B9A5B 		.ascii	"\035[\232[Cu.T4\022k\211[\317mn\330\324\260\223\240"
 360      43752E54 
 360      34126B89 
 360      5BCF6D6E 
 360      D8D4B093 
 361 03a0 C1482CF4 		.ascii	"\301H,\364\362\216\247\303\204\337\260\034\031\332\331"
 361      F28EA7C3 
 361      84DFB01C 
 361      19DAD9
 362 03af 626D6A68 		.ascii	"bmjh|\241\361_ZF\006\303\317\267n\017\022xMC\343fs\353"
 362      7CA1F15F 
 362      5A4606C3 
 362      CFB76E0F 
 362      12784D43 
 363 03c7 9678281A 		.ascii	"\226x(\032\333\266\301\364o\004-\006^\022\031\211\355"
 363      DBB6C1F4 
 363      6F042D06 
 363      5E121989 
 363      ED
 364 03d8 02116D8A 		.ascii	"\002\021m\212\376\003\263]\021\200"
 364      FE03B35D 
 364      1180
 365              		.text
 366              		.section	.gnu.lto_.symbol_nodes.658015751f85453b,"",%progbits
 367 0000 789C55C8 		.ascii	"x\234U\310\275\025@@\020E\341\367\314R\215\"\250l6p"
 367      BD154040 
 367      1045E1F7 
 367      CC528D22 
 367      A86C3670 
 368 0014 C4028902 		.ascii	"\304\002\211\002\024Af\023\231\002\374fz\22086\220L"
 368      14416613 
 368      9902FC66 
 368      7A903836 
 368      904C
 369 0026 7083FB65 		.ascii	"p\203\373e\000\272\030\222\233\0124\013\240\340PM\276"
 369      00BA1892 
 369      9B0A340B 
 369      A0E0504D 
 369      BE
 370 0037 88B652F9 		.ascii	"\210\266R\371\033F_F\331\250\211\225\235*V\016\252\263"
 370      1B465F46 
 370      D9A88995 
 370      9D2A560E 
 370      AAB3
ARM GAS  /var/folders/qd/4mxf5pkd0zdf0b9dd1hp39180000gn/T//cccpRB1C.s 			page 29


 371 0049 7252532B 		.ascii	"rRS+\02753\342\200\266\177\011\021 <\271\304\017\365"
 371      173533E2 
 371      80B67F09 
 371      11203CB9 
 371      C40FF5
 372 005c 2CF800CC 		.ascii	",\370\000\314f)B"
 372      662942
 373              		.text
 374              		.section	.gnu.lto_.refs.658015751f85453b,"",%progbits
 375 0000 789C6363 		.ascii	"x\234cc```\004b\006\000\000D\000\010"
 375      60606004 
 375      62060000 
 375      440008
 376              		.text
 377              		.section	.gnu.lto_.decls.658015751f85453b,"",%progbits
 378 0000 789CC557 		.ascii	"x\234\305WkP\024W\026\356\333=\3000\314\200Ak\223\255"
 378      6B501457 
 378      16EEDB3D 
 378      C030CC80 
 378      416B93AD 
 379 0014 622B9621 		.ascii	"b+\226!\025\222\0123>\222\230\335\332\037q\335dc*\356"
 379      15920A33 
 379      3E9298DD 
 379      DA1F71DD 
 379      64632AEE 
 380 0028 A6E2E647 		.ascii	"\246\342\346G\252\266v2\031&\201\004ffg\306l\334\037"
 380      AAB67632 
 380      19268104 
 380      666667C6 
 380      6CDC1F
 381 003b BB0DF8C0 		.ascii	"\273\015\370\300\200\010\212\362\020\005\205\340\013"
 381      80088AF2 
 381      100585E0 
 381      0B
 382 0048 F0052820 		.ascii	"\360\005( a\004\025\024Q\004\0255\274\242H\010\272<"
 382      61041514 
 382      51041535 
 382      BCA24808 
 382      BA3C
 383 005a 444544C3 		.ascii	"DED\303\236\373\350\231\2366c\252\366\307n\027\227\356"
 383      9EFBE899 
 383      9E3663AA 
 383      F6C76E17 
 383      97EE
 384 006c 7BFB9CEF 		.ascii	"{\373\234\357|\347\234{O\237\011\3448\356\351p\216\213"
 384      7CE79C7B 
 384      4F9F09E4 
 384      38EEE970 
 384      8E8B
 385 007e 5471DC2C 		.ascii	"Tq\334,\201\343\246\341R\303\3321\030\260\304]\206q"
 385      81E3A6E1 
 385      52C3DA31 
 385      18B0C45D 
 385      8671
 386 0090 14C63918 		.ascii	"\024\3069\030F\216^A0z`\364\303\030\2021\014c\024\306"
 386      468E5E41 
 386      307A60F4 
ARM GAS  /var/folders/qd/4mxf5pkd0zdf0b9dd1hp39180000gn/T//cccpRB1C.s 			page 30


 386      C3188231 
 386      0C6314C6 
 387 00a4 5D1813DC 		.ascii	"]\030\023\334\343W\035\3428\015\334\301\0147\213\341"
 387      E3571DE2 
 387      380DDCC1 
 387      0C378BE1 
 388 00b4 60DC3330 		.ascii	"`\33430>\204\321\311\360\261\235\026\030<\2146\030\027"
 388      3E84D1C9 
 388      F0B19D16 
 388      183C8C36 
 388      1817
 389 00c6 6020660B 		.ascii	"` f\013\337\003\220/\356)\230c\256\037\311\260\345|"
 389      DF03902F 
 389      EE299863 
 389      AE1FC9B0 
 389      E57C
 390 00d8 316E230C 		.ascii	"1n#\014p\213kgxm\014\253\237\335u\012\314\2130\017\375"
 390      708B6B67 
 390      786D0CAB 
 390      9FDD750A 
 390      CC8B300F 
 391 00ed 094C23C3 		.ascii	"\011L#\303\235\205(g\214\3734<G\300\370\025\242\361"
 391      9D852867 
 391      8CFB343C 
 391      47C0F815 
 391      A2F1
 392 00ff EA64DC1B 		.ascii	"\352d\334\033\230\255`\026\237g\021\215\313\034\270"
 392      98AD6016 
 392      9F67118D 
 392      CB1CB8
 393 010e 47C27809 		.ascii	"G\302x\011\306\3130\364\210\306\014SxU\301\243\033Q"
 393      C6CB30F4 
 393      88C60C53 
 393      7855C1A3 
 393      1B51
 394 0120 7D65CC1A 		.ascii	"}e\314\032\231\035l\3575\220\351f6\333\231]\236\345"
 394      991D6CEF 
 394      3590E966 
 394      36DB995D 
 394      9EE5
 395 0132 C35FCCBE 		.ascii	"\303_\314\276\203\271\366'p\261_r\237\236d\003\307|"
 395      83B9F627 
 395      70B15F72 
 395      9F9E6403 
 395      C77C
 396 0144 D48F3F92 		.ascii	"\324\217?\222m\345u\323O\256\214\012\237\344v0u)>\277"
 396      6DE575D3 
 396      4FAE8C0A 
 396      9FE47630 
 396      75293EBF 
 397 0158 55F83102 		.ascii	"U\3701\002\363\020?x\376|\221c\343=\374\244\234(\257"
 397      F3103F78 
 397      FE7C9163 
 397      E33DFCA4 
 397      9C28AF
 398 016b 2C019D5F 		.ascii	",\001\235_\271?_H\025P\270\006\251`:\326\232w=\024\246"
 398      B93F5F48 
ARM GAS  /var/folders/qd/4mxf5pkd0zdf0b9dd1hp39180000gn/T//cccpRB1C.s 			page 31


 398      1550B806 
 398      A9603AD6 
 398      9A773D14 
 399 0180 B3346836 		.ascii	"\2634h6L\363j\357\234\016\240o\3250\3352\231\373\027"
 399      4CF36AEF 
 399      9C0EA06F 
 399      D530DD32 
 399      99FB17
 400 0193 814758AF 		.ascii	"\201GX\257\273y\367^\254\367\241\006\341\323\025\006"
 400      BB79F75E 
 400      ACF7A106 
 400      E1D31506 
 401 01a3 4BFB6E55 		.ascii	"K\373nUO\352\350\022\226\370\2563o{\200\360\024y\256"
 401      4FEAE812 
 401      96F8AE33 
 401      6F7B80F0 
 401      1479AE
 402 01b6 98AC9812 		.ascii	"\230\254\230\022\364\245\"\275\324q\034\252F\202D\241"
 402      F4A522BD 
 402      D4711CAA 
 402      468244A1 
 403 01c6 7872E4B0 		.ascii	"xr\344\260V\370\015\026\344[\333&j\324H\023\225\"\212"
 403      56F80D16 
 403      E45BDB26 
 403      6AD44813 
 403      95228A
 404 01d9 496261B2 		.ascii	"Iba\262\030\3746\207*P\004:\204\"8T\207\2420x\015\322"
 404      18FC3687 
 404      2A50043A 
 404      84223854 
 404      87A23078 
 405 01ef 73E8082C 		.ascii	"s\350\010,\036\206\305\022\014\350>\2273\247\266G\024"
 405      1E86C512 
 405      0CE83E97 
 405      33A7B647 
 405      14
 406 0200 67A3A348 		.ascii	"g\243\243H\203j\221@d \306\037j\250\211\246\206\272"
 406      836A9140 
 406      6420C61F 
 406      6AA889A6 
 406      86BA
 407 0212 EC50A103 		.ascii	"\354P\241\003\0212)W\222;\264\302\267t\222\263\241\024"
 407      11322957 
 407      923BB4C2 
 407      B77492B3 
 407      A114
 408 0224 A85C2713 		.ascii	"\250\\'\023\325\271\323]G4hf\2446*\023\303\202}\021"
 408      D5B9D35D 
 408      47346866 
 408      A4362A13 
 408      C3827D11 
 409 0238 A96404DC 		.ascii	"\251d\004\334\200|\014\315\304\350\3508\220i@\221\304"
 409      807C0CCD 
 409      C4E8E838 
 409      90694091 
 409      C4
 410 0249 891D98AD 		.ascii	"\211\035\230\255{\272.rg\323j1\303\204\032\221\026\325"
ARM GAS  /var/folders/qd/4mxf5pkd0zdf0b9dd1hp39180000gn/T//cccpRB1C.s 			page 32


 410      7BBA2E72 
 410      67D36A31 
 410      C3841A91 
 410      16D5
 411 025b 33598FB2 		.ascii	"3Y\217\262!\002\010\315\203\177\334W\036\347|$8\254"
 411      210208CD 
 411      837FDC57 
 411      1EE77C24 
 411      38AC
 412 026d 87E1A84F 		.ascii	"\207\341\250O'\327\010\020*,\3011wX\274\246\006\263"
 412      27D70810 
 412      2A2CC131 
 412      7758BCA6 
 412      06B3
 413 027f AE209A14 		.ascii	"\256 \232\024-L\223j\257d\206\321\224\365\341\327\007"
 413      2D4C936A 
 413      AF6486D1 
 413      94F5E1D7 
 413      07
 414 0290 2FAD3C1A 		.ascii	"/\255<\032\"d\3214\345\367\257K\017P\301\036!\221\261"
 414      2264D134 
 414      E5F7AF4B 
 414      0F50C11E 
 414      2191B1
 415 02a3 AAF0DA89 		.ascii	"\252\360\332\211\351\011w\030\325\347a\332>zfk\010\325"
 415      E9097718 
 415      D5E761DA 
 415      3E7A666B 
 415      08D5
 416 02b5 9F81B3B1 		.ascii	"\237\201\263\261ek\275\372\231\315\230BF\2628\203GF"
 416      656BBDFA 
 416      99CD9842 
 416      46B23883 
 416      4746
 417 02c7 2D3A0D0C 		.ascii	"-:\015\014O\021\206-\350\031\370\337\214T\224\312\336"
 417      4F11862D 
 417      E819F8DF 
 417      8C5494CA 
 417      DE
 418 02d8 CBCD17B4 		.ascii	"\313\315\027\264Z\231?\360^\346\317\031\210\003\245"
 418      5A993FF0 
 418      5EE6CF19 
 418      8803A5
 419 02e7 0EB2877A 		.ascii	"\016\262\207z\322\033uB!\341\305o\3701\351p \212\322"
 419      D21B7542 
 419      21E1C56F 
 419      F831E970 
 419      208AD2
 420 02fa 5257475A 		.ascii	"RWGZ_\337\274J\024yt\016\024Z\275\351;C\342\341\007"
 420      5FDFBC4A 
 420      1479740E 
 420      145ABDE9 
 420      3B43E2E1 
 421 030f 1E9D850C 		.ascii	"\036\235\205\014\310-\004\024\364l+\016C\2213#\243\""
 421      C82D0414 
 421      F46C2B0E 
 421      43913323 
ARM GAS  /var/folders/qd/4mxf5pkd0zdf0b9dd1hp39180000gn/T//cccpRB1C.s 			page 33


 421      A322
 422 0321 A58CCCCD 		.ascii	"\245\214\314\315\271=(\212\033\264\004\271\011\220\317"
 422      B93D288A 
 422      1BB404B9 
 422      0990CF
 423 0330 CB535289 		.ascii	"\313SR\211<9!\011\317\020i\302O\202\300\011\362\356"
 423      3C392109 
 423      CF1069C2 
 423      4F82C009 
 423      F2EE
 424 0342 3CCB7607 		.ascii	"<\313v\007\330jG\221\350\002\2146\237\254\237\315\231"
 424      D86A4791 
 424      E8028C36 
 424      9FAC9FCD 
 424      99
 425 0353 55942C36 		.ascii	"U\224,6\317%I\377Fi\301\233t\226\324\234\360D\260\201"
 425      CF2549FF 
 425      4669C19B 
 425      7496D49C 
 425      F044B081 
 426 0367 85E459A5 		.ascii	"\205\344Y\245P\227r\302)\024\316U\325OBU`V8\232\355"
 426      509772C2 
 426      2914CE55 
 426      D54F4255 
 426      6056389A 
 427 037c 9B4FEC0D 		.ascii	"\233O\354\015\022\316\323h\016\357\270\237\036\206\242"
 427      12CED368 
 427      0EEFB89F 
 427      1E86A2
 428 038b 66521BF7 		.ascii	"fR\033\367r\002\361\306\351\004\345\213\336Xb\213~\334"
 428      7202F1C6 
 428      E904E58B 
 428      DE58628B 
 428      7EDC
 429 039d 4497C0BB 		.ascii	"D\227\300\273'y\012\366\266\377X\2626H\236\351N\237"
 429      27790AF6 
 429      B6FF58B2 
 429      36489EE9 
 429      4E9F
 430 03af 9D7B99EE 		.ascii	"\235{\231\356\\|\007\341\232cu\365!\275\250\033\341"
 430      5C7C07E1 
 430      9A6375F5 
 430      21BDA81B 
 430      E1
 431 03c0 8D378340 		.ascii	"\2157\203@ D\377\303\035\0172\237\226.D\327a\225\247"
 431      2044FFC3 
 431      1D0F329F 
 431      962E44D7 
 431      6195A7
 432 03d3 37268A27 		.ascii	"7&\212'\222\012\362\254\360\014\203\227p\311\037\003"
 432      920AF2AC 
 432      F00C8397 
 432      70C91F03 
 433 03e3 407254FA 		.ascii	"@rT\372\236\232\223.Zz\351\203L\217.\361^c2\225\307"
 433      9E9A932E 
 433      5A7AE983 
 433      4C8F2EF1 
ARM GAS  /var/folders/qd/4mxf5pkd0zdf0b9dd1hp39180000gn/T//cccpRB1C.s 			page 34


 433      5E633295 
 434 03f8 B8729ED7 		.ascii	"\270r\236\327\036R^'\021\213\330\305[i\345\332>\324"
 434      1E525E27 
 434      118BD8C5 
 434      5B69E5DA 
 434      3ED4
 435 040a 036FE1DB 		.ascii	"\003o\341\333\232\241N \007r\355\303\253\227\004\241"
 435      9AA14E20 
 435      0772EDC3 
 435      AB9704A1 
 436 041a 979ECE91 		.ascii	"\227\236\316\221\356\334\033jr:!n\354t\356<q}\037\357"
 436      EEDC1B6A 
 436      723A216E 
 436      EC74EE3C 
 436      717D1FEF 
 437 042e F7FC7593 		.ascii	"\367\374u\223\363\327%\235\277\312\264\201\027\347\024"
 437      F3D7259D 
 437      BFCAB481 
 437      17E714
 438 043d 8AEE3ED1 		.ascii	"\212\356>\321\335\3333\273\340\354\352\2246\320\373"
 438      DDDB33BB 
 438      E0ECEA94 
 438      36D0FB
 439 044c 88C8A16F 		.ascii	"\210\310\241o\275\311\377\026W[t\025\365!t\005\365\002"
 439      BDC9FF16 
 439      575B7415 
 439      F5217405 
 439      F502
 440 045e A31E3407 		.ascii	"\243\0364\007\324\037U\035\215\025\340\216\241\326d"
 440      D41F551D 
 440      8D15E08E 
 440      A1D664
 441 046d 96F76B08 		.ascii	"\226\367k\010\227s\036.{\252\352\357\007{\252G\037\""
 441      97731E2E 
 441      7BAAEAEF 
 441      077BAA47 
 441      1F22
 442 047f 8BD72E1E 		.ascii	"\213\327.\036\315\323yH\177G\027\217w\036\276\346\303"
 442      CDD37948 
 442      7F47178F 
 442      771EBEE6 
 442      C3
 443 0490 FAA35FC8 		.ascii	"\372\243_\310X_'\254\257I\254;7\265\256\017\002\332"
 443      585F27AC 
 443      AF49AC3B 
 443      37B5AE0F 
 443      02DA
 444 04a2 8540BB27 		.ascii	"\205@\273'W\233'\272\223D|\372A\014\310yH\367*I\367"
 444      579B27BA 
 444      93447CFA 
 444      410CC879 
 444      48F72A49 
 445 04b7 13D2778A 		.ascii	"\023\322w\212s\216k\204\257\005\277\365\255\261l\312"
 445      738E6B84 
 445      AF05BFF5 
 445      ADB16CCA 
 446 04c7 2D903508 		.ascii	"-\2205\010\335\000\3457\336^Y\026\350!\375=]\254N9\264"
ARM GAS  /var/folders/qd/4mxf5pkd0zdf0b9dd1hp39180000gn/T//cccpRB1C.s 			page 35


 446      DD00E537 
 446      DE5E5916 
 446      E821FD3D 
 446      5DAC4E39 
 447 04dc 2ED02FE9 		.ascii	".\320/\351\037\010\351A\211t\311\310\315w\030\347\323"
 447      1F08E941 
 447      8974C9C8 
 447      CD7718E7 
 447      D3
 448 04ed 111ECA20 		.ascii	"\021\036\312 \204nx)\337PR\036\"\224\257w^\033\324\011"
 448      846E7829 
 448      DF50521E 
 448      2294AF77 
 448      5E1BD409 
 449 0501 95C27F99 		.ascii	"\225\302\177\231\364\177\023&\267<L\366\237\374=0\351"
 449      F47F1326 
 449      B73C4CF6 
 449      9FFC3D30 
 449      E9
 450 0512 0326270B 		.ascii	"\003&'\013B)\225D\036K\241\233^*7\225T\206\011\225c"
 450      42299544 
 450      1E4BA19B 
 450      5E2A3795 
 450      54860995 
 451 0527 77D7AED3 		.ascii	"w\327\256\323\010\015\224\312\364TS\232\21295\364\222"
 451      080D94CA 
 451      F454539A 
 451      8A3935F4 
 451      92
 452 0538 C7298C34 		.ascii	"\307)\2144\342E\032Q\"\215\022\244\261\232\222qA8K\221"
 452      E2451A51 
 452      228D12A4 
 452      B19A9271 
 452      41384B91 
 453 054c CA4BA7F6 		.ascii	"\312K\247\366k\244\230S\237\334\3332Z\302<~\336\246"
 453      6BA49853 
 453      9FDCDB32 
 453      5AC23C7E 
 453      DEA6
 454 055e 211FEE49 		.ascii	"!\037\356I]\255\366\033\362;\304\321q\311\321\301#\207"
 454      5DADF61B 
 454      F23BC4D1 
 454      71C9D1C1 
 454      2387
 455 0570 57AB99A7 		.ascii	"W\253\231\247=eZ\217\247 \206\306\274\374\306\224\374"
 455      3D655A8F 
 455      A72086C6 
 455      BCFCC694 
 455      FC
 456 0581 EE127E1B 		.ascii	"\356\022~\033w\327\247\251\204\253\224\337\201\355-"
 456      77D7A7A9 
 456      84AB94DF 
 456      81ED2D
 457 0590 8F8219D4 		.ascii	"\217\202\031\324\351\327}\220\356y\221\356)\221&\010"
 457      E9D77D90 
 457      EE7991EE 
 457      29912608 
ARM GAS  /var/folders/qd/4mxf5pkd0zdf0b9dd1hp39180000gn/T//cccpRB1C.s 			page 36


 458 05a0 52E5A6D1 		.ascii	"R\345\246\321G\032\341\006E*\032\252nd-\221\016\246"
 458      471AE106 
 458      452A1AAA 
 458      6E642D91 
 458      0EA6
 459 05b2 5D3BB2BE 		.ascii	"];\262\276V\321\257\347 \251\223\255\343\2335\3028\225"
 459      56D1AFE7 
 459      20A993AD 
 459      E39B35C2 
 459      3895
 460 05c4 1DA8C93A 		.ascii	"\035\250\311:\256\321\244\260^\002\212&(yk\346C\004"
 460      AED1A4B0 
 460      5E028A26 
 460      28796BE6 
 460      4304
 461 05d6 DD099475 		.ascii	"\335\011\224uR\203q\301\270_\367@+<$\252\252\322\344"
 461      528371C1 
 461      B85FF740 
 461      2B3C24AA 
 461      AAD2E4
 462 05e9 3DA32A14 		.ascii	"=\243*\024\025\201@\034iJ\244\316\211C\211\274\006="
 462      1581401C 
 462      694AA4CE 
 462      894389BC 
 462      063D
 463 05fb 62CD135C 		.ascii	"b\315\023\\y\"\300\217\376\013/\303\263\232\334I\363"
 463      7922C08F 
 463      FE0B2FC3 
 463      B39ADC49 
 463      F3
 464 060c 241689C2 		.ascii	"$\026\211\3023\034Z\020\201\346B\205\377\021\252:~\305"
 464      331C5A10 
 464      81E64285 
 464      FF11AA3A 
 464      7EC5
 465 061e 21918F40 		.ascii	"!\221\217@\323\324\240(\266\215\004\204g\260O\302\033"
 465      D3D4A028 
 465      B68D0484 
 465      67B04FC2 
 465      1B
 466 062f 88603F00 		.ascii	"\210`?\000\203\223\204_\022\037.\261$!\314o\236\014"
 466      8393845F 
 466      121F2EB1 
 466      2421CC6F 
 466      9E0C
 467 0641 D630EC94 		.ascii	"\3260\354\224\237\303\236\316\316\037\013\222c'?\011"
 467      9FC39ECE 
 467      CE1F0B92 
 467      63273F09 
 468 0651 3BBB3AFF 		.ascii	";\273:\377\022z\276Hls\213\356\201\202\300\304Bw\342"
 468      127ABE48 
 468      6C738BEE 
 468      8182C0C4 
 468      4277E2
 469 0664 6CB4920F 		.ascii	"l\264\222\017GS\220\034\330\2702\315\373\260\362W\236"
 469      4753901C 
 469      D8B832CD 
ARM GAS  /var/folders/qd/4mxf5pkd0zdf0b9dd1hp39180000gn/T//cccpRB1C.s 			page 37


 469      FBB0F257 
 469      9E
 470 0675 43ABF8E7 		.ascii	"C\253\370\347A\361\373G;\217\204\012\211*\332\3305\365"
 470      41F1FB47 
 470      3B8F840A 
 470      892ADAD8 
 470      35F5
 471 0687 5C648DD1 		.ascii	"\\d\215\321S0-mm\352\022hjR\220\254\321\011\247\215"
 471      53302D6D 
 471      6DEA1268 
 471      6A5290AC 
 471      D109A78D 
 472 069b 4EDE85F6 		.ascii	"N\336\205\366{\310or\276\342Yr\326\362\304\237\241\037"
 472      7BC86F72 
 472      BEE25972 
 472      D6F2C49F 
 472      A11F
 473 06ad 763B94A1 		.ascii	"v;\224\241J\001w\327\360X:\225\270Ct\260\360\246\274"
 473      4A0177D7 
 473      F0583A95 
 473      B84374B0 
 473      F0A6BC
 474 06c0 07B0A270 		.ascii	"\007\260\242p\336\257tJC\362!\025s~\350\227\324\367"
 474      DEAF744A 
 474      43F22115 
 474      737EE897 
 474      D4F7
 475 06d2 34E63B94 		.ascii	"4\346;\224<\231\342j\236\372\276\216\370.\265\340/<"
 475      3C99E26A 
 475      9EFABE8E 
 475      F82EB5E0 
 475      2F3C
 476 06e4 DE82BF40 		.ascii	"\336\202\277@[\360\366\365\267\213\203\204\365$:|\357"
 476      5BF0F6F5 
 476      B78B8384 
 476      F5243A7C 
 476      EF
 477 06f5 95A9AE50 		.ascii	"\225\251\256P\177\255\365\006>\012+\221\326z=\330K\347"
 477      7FADF506 
 477      3E0A2B91 
 477      D67A3DD8 
 477      4BE7
 478 0707 A5D6BA33 		.ascii	"\245\326\2723\365\271\202\242tQT\241Lp\"\203\367\034"
 478      F5B982A2 
 478      745154A1 
 478      4C702283 
 478      F71C
 479 0719 961718FD 		.ascii	"\226\027\030\375\335\305\231;\002\205\362\000b\244v"
 479      DDC5993B 
 479      0285F200 
 479      62A476
 480 0728 CB8D13BC 		.ascii	"\313\215\023\274?#\233\374\032\231.\177n\3602\356\337"
 480      3F239BFC 
 480      1A992E7F 
 480      6EF032EE 
 480      DF
 481 0739 B3C0C646 		.ascii	"\263\300\306F\257\215L\022#\274\012\2062Goo\014\364"
ARM GAS  /var/folders/qd/4mxf5pkd0zdf0b9dd1hp39180000gn/T//cccpRB1C.s 			page 38


 481      AF8D4C12 
 481      23BC0A86 
 481      32476F6F 
 481      0CF4
 482 074b 9BB0CD52 		.ascii	"\233\260\315R\302\346\222|%\325\016O\251\224\011\363"
 482      C2E6927C 
 482      25D50E4F 
 482      A99409F3 
 483 075b 569A6C92 		.ascii	"V\232l\222\202\315\024\036&\240\321?UV\023J\267G L\353"
 483      82CD141E 
 483      26A0D13F 
 483      5556134A 
 483      B747204C 
 484 0770 CF401BED 		.ascii	"\317@\033\355\327Z\256d-\207n\217;_\255\232`?\243\202"
 484      D75AAE64 
 484      2D876E8F 
 484      3B5FAD9A 
 484      603FA382 
 485 0784 60BA6B20 		.ascii	"`\272k ?]K\267\336\353\270M\276\226\325\202\224d\266"
 485      3F5D4BB7 
 485      DEEBB84D 
 485      BE96D582 
 485      9464B6
 486 0797 4004F248 		.ascii	"@\004\362HZ\363\011\231\\J&\237\220\231\314\253\255"
 486      5AF30999 
 486      5C4A269F 
 486      9099CCAB 
 486      AD
 487 07a8 0B90B75B 		.ascii	"\013\220\267[\270\273\364\232\337\312\323v\013\356\370"
 487      B8BBF49A 
 487      DFCAD376 
 487      0BEEF8
 488 07b7 37CC60B9 		.ascii	"7\314`\271Np\007\222\2247On<\245b-\301T]\344\356\012"
 488      4E700792 
 488      94374F6E 
 488      3CA5622D 
 488      C1545DE4 
 489 07cd 5184CE   		.ascii	"Q\204\316"
 490 07d0 BA41454A 		.ascii	"\272AEJ\3356od\341\321\267\324\025\360\270\324\265\015"
 490      DD366F64 
 490      E1D1B7D4 
 490      15F0B8D4 
 490      B50D
 491 07e2 D7A68508 		.ascii	"\327\246\205\010\247)Vi\332tV\200\337b\275\235\307\305"
 491      A7295669 
 491      DA745680 
 491      DF62BD9D 
 491      C7C5
 492 07f4 DACA6A75 		.ascii	"\332\312ju}Zq\273\206\331\035\277*\234mY-B+R\3706\221"
 492      7D5A71BB 
 492      86D91DBF 
 492      2A9C6D59 
 492      2D422B52 
 493 080b 43855EC3 		.ascii	"C\205^\303\205J\303;\210\341\276\202\3577\352\204{\324"
 493      854AC33B 
 493      88E1BE82 
 493      EF37EA84 
ARM GAS  /var/folders/qd/4mxf5pkd0zdf0b9dd1hp39180000gn/T//cccpRB1C.s 			page 39


 493      7BD4
 494 081d 70EEA9A1 		.ascii	"p\356\251\241\003\022X\307\240\220w\316\007\254\310"
 494      031258C7 
 494      A09077CE 
 494      07ACC8
 495 082c 0B56A404 		.ascii	"\013V\244\004+&`\235\003\0151Bi\020\301\332S\266m\177"
 495      2B26609D 
 495      030D3142 
 495      6910C1DA 
 495      53B66D7F 
 496 0840 A8504327 		.ascii	"\250PC'\251\015\215\371\270\015@%X\221\3742\334Uy\014"
 496      A90D8DF9 
 496      B80D4025 
 496      5891FC32 
 496      DC55790C 
 497 0854 91AF14DE 		.ascii	"\221\257\024\336z\364\313\225\335\261\243F\347\327\357"
 497      7AF4CB95 
 497      DDB1A346 
 497      E7D7EF
 498 0863 DDC4EF5D 		.ascii	"\335\304\357]<s|\313X}n0\343\3324)4\037\350\357H\024"
 498      3C737CCB 
 498      587D6E30 
 498      E3DA3429 
 498      341FE8EF 
 499 0879 67AD7C11 		.ascii	"g\255|\021\313\241\257%\252h'\257\3023_\266{\010\333"
 499      CBA1AF25 
 499      AA6827AF 
 499      C2335FB6 
 499      7B08DB
 500 088c B4557B12 		.ascii	"\264U{\022\203\204\273\224a\327\241\212\2260\0067qU"
 500      8384BB94 
 500      61D7A18A 
 500      96300637 
 500      7155
 501 089e A8494D5D 		.ascii	"\250IM]'\026&\212o\274M\\\337\353u}\257\022\254\224"
 501      2716268A 
 501      6FBC4D5C 
 501      DFEB757D 
 501      AF12AC94 
 502 08b2 80954CDC 		.ascii	"\200\225L\334O\015\025\246)\330\330\304\301`o\030\037"
 502      4F0D15A6 
 502      29D8D8C4 
 502      C1606F18 
 502      1F
 503 08c3 B6FA84B1 		.ascii	"\266\372\204\261\314\213U\246\304*'X\033\366U\245j\204"
 503      CC8B55A6 
 503      C42A2758 
 503      1BF655A5 
 503      6A84
 504 08d5 B56A8255 		.ascii	"\265j\202U5p\352\244\206ni\021W\323\362\333w\312\003"
 504      3570EAA4 
 504      866E6911 
 504      57D3F2DB 
 504      77CA03
 505 08e8 E98EC795 		.ascii	"\351\216\307\225'\263\373\330\003\235\337\343rP:.\007"
 505      27B3FBD8 
 505      039DDFE3 
ARM GAS  /var/folders/qd/4mxf5pkd0zdf0b9dd1hp39180000gn/T//cccpRB1C.s 			page 40


 505      72503A2E 
 505      07
 506 08f9 E871494A 		.ascii	"\350qIJ>\1770Ty \366\363\264\332r\350\0209\020\007\245"
 506      3E7F3054 
 506      7920F6F3 
 506      B4DA72E8 
 506      10391007 
 507 090e 0279E0FE 		.ascii	"\002y\340\376\364x\200\262\234\372\225\336\332U\261"
 507      F47880B2 
 507      9CFA95DE 
 507      DA55B1
 508 091d 2B9095D3 		.ascii	"+\220\225\323\336\236\227\363K\304\224\375\360a\254"
 508      DE9E97F3 
 508      4BC494FD 
 508      F061AC
 509 092c 6015153A 		.ascii	"`\025\025:2\231\356>VQ+IE\235\354\310\316\027\344\247"
 509      3299EE3E 
 509      56512B49 
 509      459DECC8 
 509      CE17E4A7 
 510 0940 AEDBE7E7 		.ascii	"\256\333\347\347l\025;uU\344\324\245=\330rG+d\323\350"
 510      6C153B75 
 510      55E4D4A5 
 510      3DD87247 
 510      2B64D3E8 
 511 0954 745E5959 		.ascii	"t^YY\315>=!0M.\375\246*\300o4\252\245h\034\241\321\030"
 511      CD3E3D21 
 511      304D2EFD 
 511      A62AC06F 
 511      34AAA568 
 512 096c BE55B2F7 		.ascii	"\276U\262\367\261\357\260\3677h\015\361\257Z\362\257"
 512      B1EFB0F7 
 512      37680DF1 
 512      AF5AF2AF 
 513 097c EA64EE5D 		.ascii	"\352d\356]\2152\032~\245\317<J\377'\013\306\203h\372"
 513      8D321A7E 
 513      A5CF3C4A 
 513      FF270BC6 
 513      8368FA
 514 098f 6DA96591 		.ascii	"m\251e\221\2006I\246w\230E\342(\377<\027\232`7\332>"
 514      803649A6 
 514      779845E2 
 514      28FF3C17 
 514      9A6037DA 
 515 09a4 FECC6276 		.ascii	"\376\314bv\031\235q\377\260<\253\327\033\350\237\315"
 515      199D71FF 
 515      B03CABD7 
 515      1BE89FCD 
 516 09b4 6970B80C 		.ascii	"ip\270\014N\207\331`\216M\260$\330m\266x\247\336\254"
 516      4E87D960 
 516      8E4DB024 
 516      D86DB678 
 516      A7DEAC
 517 09c7 FEC31F3F 		.ascii	"\376\303\037?\230\275x\336<.\020K\033]\031\310\260\310"
 517      98BD78DE 
 517      3C2E104B 
 517      1B5D19C8 
ARM GAS  /var/folders/qd/4mxf5pkd0zdf0b9dd1hp39180000gn/T//cccpRB1C.s 			page 41


 517      B0C8
 518 09d9 6E8F8F33 		.ascii	"n\217\2173\233\\q6\253\323\360\2469>\316\356\264\030"
 518      9B5C7136 
 518      ABD3F0A6 
 518      393ECEEE 
 518      B418
 519 09eb 2DD1F6E5 		.ascii	"-\321\366\345\346\317\347\353Mv\273a\261\315\352\262"
 519      E6CFE7EB 
 519      4D76BB61 
 519      B1CDEAB2 
 520 09fb 585D8FBD 		.ascii	"X]\217\2754\374\031c\032>5\233\243M\216\204h\253\315"
 520      34FC1963 
 520      1A3E359B 
 520      A34D8E84 
 520      68ABCD
 521 0a0e 6A89B698 		.ascii	"j\211\266\230>\216\213^\030=\177\356\274\205\321\177"
 521      3E8E8B5E 
 521      183D7FEE 
 521      BC85D17F 
 522 0a1e 7B253AC1 		.ascii	"{%:\301\364\231\315a\210\217\373\030K\031|\244\014\013"
 522      F499CD61 
 522      888FFB18 
 522      4B197CA4 
 522      0C0B
 523 0a30 F5F3F5F3 		.ascii	"\365\363\365\363\014qVs\374\362\030\213\301\351\212"
 523      0C715673 
 523      FCF2188B 
 523      C1E98A
 524 0a3f 89B17CA2 		.ascii	"\211\261|\242\217\345\202\300!\253\345KW\220=\226\334"
 524      8FE582C0 
 524      21ABE54B 
 524      57903D96 
 524      DC
 525 0a50 43307363 		.ascii	"C0sc\254\305\024cqD*\274\223\224e\036\306r!\000`w\330"
 525      ACC51463 
 525      71442ABC 
 525      9394651E 
 525      C6722100 
 526 0a67 BE880305 		.ascii	"\276\210\003\005-\254\177jq}\262\334j6\272\236{\222"
 526      2DAC7F6A 
 526      717DB2DC 
 526      6A36BA9E 
 526      7B92
 527 0a79 B6D9E6B0 		.ascii	"\266\331\346\260\200\262\016\036m\216\025Fb\3245\323"
 527      80B20E1E 
 527      6D8E1546 
 527      62D435D3 
 528 0a89 1CFB1E3C 		.ascii	"\034\373\036<,\212\217\267\231\227\350\355&\207K?w\366"
 528      2C8A8FB7 
 528      9997E8ED 
 528      26874B3F 
 528      77F6
 529 0a9b CF44989B 		.ascii	"\317D\230\233A\225\376D\222\262\304\032\347\012\243"
 529      4195FE44 
 529      92B2C41A 
 529      E70AA3
 530 0aaa 0BEFDA4C 		.ascii	"\013\357\332L1\213\034\016\323\012\255\0345D6a\317o"
ARM GAS  /var/folders/qd/4mxf5pkd0zdf0b9dd1hp39180000gn/T//cccpRB1C.s 			page 42


 530      318B1C0E 
 530      D30AAD1C 
 530      35443661 
 530      CF6F
 531 0abc 392C9625 		.ascii	"9,\226%\032\357\263\316h$\016\030\365\257\315\177u\201"
 531      1AEFB3CE 
 531      68240E18 
 531      F5AFCD7F 
 531      7581
 532 0ace 5A9AA9CC 		.ascii	"Z\232\251\314\261&\207\374\335\202_k\214\306\345qV\327"
 532      B12687FC 
 532      DD825F6B 
 532      8CC6E571 
 532      56D7
 533 0ae0 82F946D7 		.ascii	"\202\371F\327\206\377Eb}\023*\3053\301d\216\215\263"
 533      86FF4562 
 533      7D132AC5 
 533      33C1648E 
 533      8DB3
 534 0af2 5A0C4648 		.ascii	"Z\014FH\250iy\274\313\350Za\267\340\314\250%rk\376\177"
 534      A86979BC 
 534      CBE85A61 
 534      B7E0CCA8 
 534      25726BFE 
 535 0b07 E49C2B9C 		.ascii	"\344\234+\234\006#l6`\002\214\202Y\364cb \366\313V8"
 535      06236C36 
 535      60028C82 
 535      59F46362 
 535      20F6CB56 
 536 0b1c 3FB0421A 		.ascii	"?\260B\032>W\036\"\357F\001m\274\303\3546\207\313\270"
 536      3E571E22 
 536      EF46016D 
 536      BCC3EC36 
 536      87CBB8
 537 0b2f 9CC8BEA8 		.ascii	"\234\310\276\250\220\305\257\234\206E\357/]\274\364"
 537      90C5AF9C 
 537      8645EF2F 
 537      5DBCF4
 538 0b3e 4B50C0DB 		.ascii	"KP\300\333\312\370\305\302\004\274\265\214F\247\305"
 538      CAF8C5C2 
 538      04BCB58C 
 538      46A7C5
 539 0b4d 65FCDDA2 		.ascii	"e\374\335\242eo\276\367\376\022\235)\376\357\246\025"
 539      656FBEF7 
 539      FE129D29 
 539      FEEFA615 
 540 0b5d 4E639C35 		.ascii	"Nc\2345\036b\365\262\034\0056\275a\361\322eK\226y\015"
 540      1E62F5B2 
 540      1C0536BD 
 540      61F1D265 
 540      4B96790D 
 541 0b71 631473C2 		.ascii	"c\024s\302[\220iJ\032\250\276\013\306\203\011\021LC"
 541      5B90694A 
 541      1AA8BE0B 
 541      C6830911 
 541      4C43
 542 0b83 BE0F5E79 		.ascii	"\276\017^yU>{m\301\177\000z\237\327F"
ARM GAS  /var/folders/qd/4mxf5pkd0zdf0b9dd1hp39180000gn/T//cccpRB1C.s 			page 43


 542      553E7B6D 
 542      C17F007A 
 542      9FD746
 543              		.text
 544              		.section	.gnu.lto_.symtab.658015751f85453b,"",%progbits
 545 0000 6368506F 		.ascii	"chPoolObjectInit\000"
 545      6F6C4F62 
 545      6A656374 
 545      496E6974 
 545      00
 546 0011 00       		.ascii	"\000"
 547 0012 00       		.ascii	"\000"
 548 0013 00       		.ascii	"\000"
 549 0014 00000000 		.ascii	"\000\000\000\000\000\000\000\000"
 549      00000000 
 550 001c E4000000 		.ascii	"\344\000\000\000"
 551 0020 6368506F 		.ascii	"chPoolLoadArray\000"
 551      6F6C4C6F 
 551      61644172 
 551      72617900 
 552 0030 00       		.ascii	"\000"
 553 0031 00       		.ascii	"\000"
 554 0032 00       		.ascii	"\000"
 555 0033 00000000 		.ascii	"\000\000\000\000\000\000\000\000"
 555      00000000 
 556 003b EA000000 		.ascii	"\352\000\000\000"
 557 003f 6368506F 		.ascii	"chPoolAllocI\000"
 557      6F6C416C 
 557      6C6F6349 
 557      00
 558 004c 00       		.ascii	"\000"
 559 004d 00       		.ascii	"\000"
 560 004e 00       		.ascii	"\000"
 561 004f 00000000 		.ascii	"\000\000\000\000\000\000\000\000"
 561      00000000 
 562 0057 EE000000 		.ascii	"\356\000\000\000"
 563 005b 6368506F 		.ascii	"chPoolAlloc\000"
 563      6F6C416C 
 563      6C6F6300 
 564 0067 00       		.ascii	"\000"
 565 0068 00       		.ascii	"\000"
 566 0069 00       		.ascii	"\000"
 567 006a 00000000 		.ascii	"\000\000\000\000\000\000\000\000"
 567      00000000 
 568 0072 F0000000 		.ascii	"\360\000\000\000"
 569 0076 6368506F 		.ascii	"chPoolFreeI\000"
 569      6F6C4672 
 569      65654900 
 570 0082 00       		.ascii	"\000"
 571 0083 00       		.ascii	"\000"
 572 0084 00       		.ascii	"\000"
 573 0085 00000000 		.ascii	"\000\000\000\000\000\000\000\000"
 573      00000000 
 574 008d F5000000 		.ascii	"\365\000\000\000"
 575 0091 6368506F 		.ascii	"chPoolFree\000"
 575      6F6C4672 
 575      656500
ARM GAS  /var/folders/qd/4mxf5pkd0zdf0b9dd1hp39180000gn/T//cccpRB1C.s 			page 44


 576 009c 00       		.ascii	"\000"
 577 009d 00       		.ascii	"\000"
 578 009e 00       		.ascii	"\000"
 579 009f 00000000 		.ascii	"\000\000\000\000\000\000\000\000"
 579      00000000 
 580 00a7 F7000000 		.ascii	"\367\000\000\000"
 581              		.text
 582              		.section	.gnu.lto_.opts,"",%progbits
 583 0000 272D666D 		.ascii	"'-fmath-errno' '-fsigned-zeros' '-ftrapping-math' '"
 583      6174682D 
 583      6572726E 
 583      6F272027 
 583      2D667369 
 584 0033 2D666E6F 		.ascii	"-fno-trapv' '-fno-openmp' '-fno-openacc' '-mcpu=cor"
 584      2D747261 
 584      70762720 
 584      272D666E 
 584      6F2D6F70 
 585 0066 7465782D 		.ascii	"tex-m4' '-mno-thumb-interwork' '-mthumb' '-O2' '-fo"
 585      6D342720 
 585      272D6D6E 
 585      6F2D7468 
 585      756D622D 
 586 0099 6D69742D 		.ascii	"mit-frame-pointer' '-falign-functions=16' '-ffuncti"
 586      6672616D 
 586      652D706F 
 586      696E7465 
 586      72272027 
 587 00cc 6F6E2D73 		.ascii	"on-sections' '-fdata-sections' '-fno-common' '-flto"
 587      65637469 
 587      6F6E7327 
 587      20272D66 
 587      64617461 
 588 00ff 2700     		.ascii	"'\000"
 589              		.text
 590              		.comm	__gnu_lto_v1,1,1
 591              		.comm	__gnu_lto_slim,1,1
 592              		.ident	"GCC: (GNU Tools for Arm Embedded Processors 7-2017-q4-major) 7.2.1 20170904 (release) [ARM
ARM GAS  /var/folders/qd/4mxf5pkd0zdf0b9dd1hp39180000gn/T//cccpRB1C.s 			page 45


DEFINED SYMBOLS
                            *ABS*:0000000000000000 chmempools.c
                            *COM*:0000000000000001 __gnu_lto_v1
                            *COM*:0000000000000001 __gnu_lto_slim

NO UNDEFINED SYMBOLS
