ARM GAS  /var/folders/qd/4mxf5pkd0zdf0b9dd1hp39180000gn/T//ccUccO7q.s 			page 1


   1              		.cpu cortex-m4
   2              		.eabi_attribute 20, 1
   3              		.eabi_attribute 21, 1
   4              		.eabi_attribute 23, 3
   5              		.eabi_attribute 24, 1
   6              		.eabi_attribute 25, 1
   7              		.eabi_attribute 26, 1
   8              		.eabi_attribute 30, 2
   9              		.eabi_attribute 34, 1
  10              		.eabi_attribute 18, 4
  11              		.file	"main.c"
  12              		.section	.gnu.lto_.profile.4bbdbc3f17acfc95,"",%progbits
  13 0000 789C6363 		.ascii	"x\234cc```\001bF\0067\011\000\001\034\000j"
  13      60606001 
  13      62460637 
  13      0900011C 
  13      006A
  14              		.text
  15              		.section	.gnu.lto_.icf.4bbdbc3f17acfc95,"",%progbits
  16 0000 789C6363 		.ascii	"x\234cc``\020a@\000f\206=\207\346\334be\234\276\260"
  16      60601061 
  16      40006686 
  16      3D87E6DC 
  16      62659CBE 
  17 0015 690233F3 		.ascii	"i\0023\363\254Ik\237p2\000\000X\343\010."
  17      AC496B9F 
  17      70320000 
  17      58E3082E 
  18              		.text
  19              		.section	.gnu.lto_.jmpfuncs.4bbdbc3f17acfc95,"",%progbits
  20 0000 789C7D8F 		.ascii	"x\234}\217\261\012\302@\020Dwnc\"\026\332Z\3447\374"
  20      B10AC240 
  20      1044776E 
  20      632216DA 
  20      5AE437FC 
  21 0014 3E032222 		.ascii	">\003\"\"\0266F\020R\244\267\222\0305ZD\254,\004;\033"
  21      16364610 
  21      52A4B792 
  21      18355A44 
  21      AC2C043B 
  22 0029 1B3FC04E 		.ascii	"\033?\300N\013\021C\334\215\301Fpa\216\275\233y{w6\021"
  22      0B1143DC 
  22      8DC14670 
  22      618EBD9B 
  22      797B7736 
  23 003e B540DF32 		.ascii	"\265@\3372d \333\200U\332\031\214\030~\346\017y\300"
  23      6420DB80 
  23      55DA198C 
  23      187EE60F 
  23      79C0
  24 0050 011BDC19 		.ascii	"\001\033\334\031\021\\\302\326\222V\026\"K\023Ir=;\355"
  24      115CC2D6 
  24      92561622 
  24      4B134972 
  24      3D3BED
  25 0063 CCAB0A19 		.ascii	"\314\253\012\031\012L\230\243]\244H\364\312\363\274"
  25      0A4C98A3 
ARM GAS  /var/folders/qd/4mxf5pkd0zdf0b9dd1hp39180000gn/T//ccUccO7q.s 			page 2


  25      5DA448F4 
  25      CAF3BC
  26 0072 0123B971 		.ascii	"\001#\271qwwtt\022\201\020\303-$\347\235gz\253\013\337"
  26      77777474 
  26      128110C3 
  26      2D24E79D 
  26      677AAB0B 
  27 0087 0C984396 		.ascii	"\014\230C\226\251X\374\347%\203\245\260\"[\007\304\321"
  27      A958FCE7 
  27      2583A5B0 
  27      225B07C4 
  27      D1
  28 0098 FE64AB61 		.ascii	"\376d\253a\301\273\244\236\205U\371J\345\037\277\274"
  28      C1BBA49E 
  28      8555F94A 
  28      E51FBFBC 
  29 00a8 1848844F 		.ascii	"\030H\204O>\367\307\275\303\254\246\347\025\000\353"
  29      3EF7C7BD 
  29      C3ACA6E7 
  29      1500EB
  30 00b7 122D7052 		.ascii	"\022-pR\273\037L\246\005f\203\261)\355\317\367\245\336"
  30      BB1F4CA6 
  30      056683B1 
  30      29EDCFF7 
  30      A5DE
  31 00c9 F1ED542F 		.ascii	"\361\355T/"
  32              		.text
  33              		.section	.gnu.lto_.inline.4bbdbc3f17acfc95,"",%progbits
  34 0000 789C6363 		.ascii	"x\234cc``\360`@\000&\006\0066VF\006&\266\017z\014l\013"
  34      6060F060 
  34      40002606 
  34      06365646 
  34      0626B60F 
  35 0018 E4994062 		.ascii	"\344\231@b\214\014bM\234@1\241\013=\214\014,\014`1&"
  35      8C0C624D 
  35      9C4031A1 
  35      0B3D8C0C 
  35      2C0C6031 
  36 002d 6E46A038 		.ascii	"nF\24083\017X\007\013/\003\0033H!\027\214`\000\000\366"
  36      330F5807 
  36      0B2F0303 
  36      33482117 
  36      8C600000 
  37 0042 EC04AE   		.ascii	"\354\004\256"
  38              		.text
  39              		.section	.gnu.lto_.pureconst.4bbdbc3f17acfc95,"",%progbits
  40 0000 789C6363 		.ascii	"x\234cc```\005b&\006)FS\000\001\027\000^"
  40      60606005 
  40      62260629 
  40      46530001 
  40      17005E
  41              		.text
  42              		.section	.gnu.lto_extcb1.4bbdbc3f17acfc95,"",%progbits
  43 0000 789C9550 		.ascii	"x\234\225PMK[Q\020\235s\347\275\227h\233\352J\204\272"
  43      4D4B5B51 
  43      109D73E7 
  43      BD97689B 
ARM GAS  /var/folders/qd/4mxf5pkd0zdf0b9dd1hp39180000gn/T//ccUccO7q.s 			page 3


  43      EA4A84BA 
  44 0014 705108D9 		.ascii	"pQ\010\3314\233\376\212\376\013\021A\301\006\027]t\227"
  44      349BFE8A 
  44      FE0B1141 
  44      C106175D 
  44      7497
  45 0026 1B93A88D 		.ascii	"\033\223\250\215.,4*\366\245\015\210\006\241\322J\355"
  45      2E2C342A 
  45      F6A50D88 
  45      06A1D24A 
  45      ED
  46 0037 47EC87CF 		.ascii	"G\354\207\317\270+~PqUB\300*\005\015\015-Et!\321\271"
  46      B82B7E50 
  46      715542C0 
  46      2A050D0D 
  46      2D457421 
  47 004d EF094277 		.ascii	"\357\011Bw\035\270\367\316\\\316\231sf\034\":\005Q\207"
  47      1DB8F7CE 
  47      5CCE9973 
  47      661C223A 
  47      055187
  48 0060 BCB7E580 		.ascii	"\274\267\345\200\011jr\233(\025V\200It\030\224THb\202"
  48      096A729B 
  48      28155680 
  48      49741894 
  48      54486282 
  49 0074 9F322AA3 		.ascii	"\2372*\243?\313*V\322\022\336\364\367{)\235\355t\231"
  49      3FCB2A56 
  49      D212DEF4 
  49      F77B299D 
  49      ED7499
  50 0087 684A8E09 		.ascii	"hJ\216\011\274ALP\3372\257]\036g\227\001K\312?[\263"
  50      BC414C50 
  50      DF32AF5D 
  50      1E679701 
  50      4BCA3F5B 
  51 009c 07B74CA9 		.ascii	"\007\267L\251\320-\345\213\221_\317\230[A\222\327\032"
  51      D02DE58B 
  51      915FCF98 
  51      5B4192D7 
  51      1A
  52 00ad 7FE75BA2 		.ascii	"\177\347[\242\363Z\017k\357|\216\365\035\227\031\357"
  52      F35A0F6B 
  52      EF7C8EF5 
  52      1D9719EF 
  53 00bd C0D2106F 		.ascii	"\300\322\020o\321\205\025t\221|\021\336#*\360\227\325"
  53      D1851574 
  53      917C11DE 
  53      232AF097 
  53      D5
  54 00ce 8D9AC36D 		.ascii	"\215\232\303m>\265\371\244>\321zE\335[\360\251\026>"
  54      3EB5F9A4 
  54      3ED17A45 
  54      DD5BF0A9 
  54      163E
  55 00e0 FC4BB508 		.ascii	"\374K\265\010eD\015\376\307r3\037q\254\300+V\341\220"
  55      65440DFE 
ARM GAS  /var/folders/qd/4mxf5pkd0zdf0b9dd1hp39180000gn/T//ccUccO7q.s 			page 4


  55      C772331F 
  55      71ACC02B 
  55      56E190
  56 00f3 CC4DAF76 		.ascii	"\314M\257vmO7/F\265W-\341\304\262!\034[\231\213hL\220"
  56      6D4F372F 
  56      46B5572D 
  56      E1C4B221 
  56      1C5B998B 
  57 010a B202EDD1 		.ascii	"\262\002\355\321cV&K{t\214\312\352Q\3311\374Y\206\264"
  57      6356264B 
  57      7B748CCA 
  57      EA51D931 
  57      FC5986B4 
  58 011e 9DCA5676 		.ascii	"\235\312VvBf8\307w59\263X\270\031\224\336\376\2326\343"
  58      426638C7 
  58      773539B3 
  58      58B81994 
  58      DEFE9A36 
  59 0133 17AAD5FB 		.ascii	"\027\252\325\373E<O\311\316\272]\016\341\223\230\373"
  59      453C4FC9 
  59      CEBA5D0E 
  59      E19398FB 
  60 0143 28E60C3C 		.ascii	"(\346\014<wx\3725\022_\322\031\270\034\306g\024\221"
  60      7778FA35 
  60      125FD219 
  60      B81CC667 
  60      1491
  61 0155 F757892F 		.ascii	"\367W\211/\210\213V\372l\004\201\224\012\324v\177o\026"
  61      888B56FA 
  61      6C048194 
  61      0AD4767F 
  61      6F16
  62 0167 6E98F636 		.ascii	"n\230\3666\332\261&M\304\317^\316\307\374\227\222w\255"
  62      DAB1264D 
  62      C4CF5ECE 
  62      C7FC9792 
  62      77AD
  63 0179 B48EB8B4 		.ascii	"\264\216\270\264\247\006\206\213\365\026\177/&\306\030"
  63      A706868B 
  63      F5167F2F 
  63      26C618
  64 0188 66624514 		.ascii	"fbE\024z\3203\220\270\333KV\337\243\207C\241\336\376"
  64      7AD03390 
  64      B8DB4B56 
  64      DFA38743 
  64      A1DEFE
  65 019b 9E44A26F 		.ascii	"\236D\242o\360\022\355\344\250\205"
  65      F012EDE4 
  65      A885
  66              		.text
  67              		.section	.gnu.lto_main.4bbdbc3f17acfc95,"",%progbits
  68 0000 789C9594 		.ascii	"x\234\225\224\333O\023A\024\306\347\353l\267\345\322"
  68      DB4F1341 
  68      14C6E7EB 
  68      6CB7E5D2 
  69 0010 5ABC24C6 		.ascii	"Z\274$\306\360\300+1\221\007\037|\366\325\377\302\370"
  69      F0C02B31 
ARM GAS  /var/folders/qd/4mxf5pkd0zdf0b9dd1hp39180000gn/T//ccUccO7q.s 			page 5


  69      91071F7C 
  69      F6D5FFC2 
  69      F8
  70 0021 8446FF85 		.ascii	"\204F\377\205.)\227\002&\022c+\326\255Y\211\211\022"
  70      2E299702 
  70      2612632B 
  70      D6AD5989 
  70      8912
  71 0033 E2850022 		.ascii	"\342\205\000\"\240\260\"j\255\\, b\344ADCb0\330@\274"
  71      A0B0226A 
  71      AD5C2C20 
  71      62E44144 
  71      436230D8 
  72 0049 A6E0393B 		.ascii	"\246\3409;\233\266i\372 \233\354\354\314\354\267\277"
  72      9BB669FA 
  72      209BECEC 
  72      CCECB7BF 
  73 0059 73BE3333 		.ascii	"s\27633\253\013!65!*\350y\202nx\005<]\263B4\371=\220"
  73      AB0B2136 
  73      35212AE8 
  73      79826E78 
  73      053C5DB3 
  74 0072 AA23A1A9 		.ascii	"\252#\241\251\216\246fNB\204=R\0035\302\275.\312+\022"
  74      8EA6664E 
  74      42843D52 
  74      0335C2BD 
  74      2ECA2B12 
  75 0086 99E607A6 		.ascii	"\231\346\007\246\354\224\246\024\320h\230\235I\254\005"
  75      EC94A614 
  75      D068989D 
  75      49AC05
  76 0095 7908D4D1 		.ascii	"y\010\324\321p\370z\346x\375m\203.\373j\342P\342\216"
  76      70F87AE6 
  76      78FD6D83 
  76      2EFB6AE2 
  76      50E28E
  77 00a8 AD99D223 		.ascii	"\255\231\322#\342$\036D-\006P\313\321\207P/H\373\251"
  77      E2241E44 
  77      2D0650CB 
  77      D187502F 
  77      48FBA9
  78 00bb 7F2716D0 		.ascii	"\177'\026\3205~K\223\017\241\013P\347\376\274\3276v"
  78      357E4B93 
  78      0FA10B50 
  78      E7FEBCD7 
  78      3676
  79 00cd 76DB0C7B 		.ascii	"v\333\014{\252\0079o\015\204)\011A\215\344F\343\306"
  79      AA07396F 
  79      0D842909 
  79      418DE446 
  79      E3C6
  80 00df CB8DCE8D 		.ascii	"\313\215\316\215\020Q\272a\330\242\235D\210\330b\003"
  80      1051BA61 
  80      D8A29D44 
  80      88D86203 
  81 00ef 11EBEF11 		.ascii	"\021\353\357\021\007G1FF6>\370\3029\303oJ-.\211\217"
  81      07473146 
ARM GAS  /var/folders/qd/4mxf5pkd0zdf0b9dd1hp39180000gn/T//ccUccO7q.s 			page 6


  81      46363EF8 
  81      C239C36F 
  81      4A2D2E89 
  82 0104 6184E943 		.ascii	"a\204\351C\257\243\313y\312\353<\244{\344\352\276br"
  82      AFA3CB79 
  82      CAEB3CA4 
  82      7BE4EABE 
  82      6272
  83 0116 B4B79175 		.ascii	"\264\267\221u\011\011R\306[&\347|lX\007\177h\245~\254"
  83      090952C6 
  83      5B26E77C 
  83      6C58077F 
  83      68A57EAC 
  84 012a 07D5D058 		.ascii	"\007\325\320X\2350\270$\211\335\233=\001\0137\232\250"
  84      9D30B824 
  84      89DD9B3D 
  84      010B379A 
  84      A8
  85 013b 0A75A6F4 		.ascii	"\012u\246\364a\224\254\217\260uz\271\260\336i\371\033"
  85      6194AC8F 
  85      B0757AB9 
  85      B0DE69F9 
  85      1B
  86 014c EE1ACD30 		.ascii	"\356\032\3150\245\037c\260\020s\352\213\307h\240X\221"
  86      A51F63B0 
  86      1073EA8B 
  86      C768A058 
  86      91
  87 015d 5FAD50B1 		.ascii	"_\255P\261<*\\bl;\355e\276\204\037O\010B\371,v8\232"
  87      3C2A5C62 
  87      6C3BED65 
  87      BE841F4F 
  87      0842F92C 
  88 0174 BD851A2F 		.ascii	"\275\205\032/\204\232@\003\361\225\263\263*\032\257"
  88      849A4003 
  88      F195B3B3 
  88      2A1AAF
  89 0183 6C57776F 		.ascii	"lWwo\262ZY\261]+\311\225\225S\305x\273\010\337\361\371"
  89      B25A59B1 
  89      5D2BC995 
  89      9553C578 
  89      BB08DFF1 
  90 0198 673A90C7 		.ascii	"g:\220\307?-\340'K\234h\012?\377}:Y\245\234\204\360"
  90      3F2DE027 
  90      4B9C680A 
  90      3FFF7D3A 
  90      59A59C84 
  91 01ad ACD4C9FF 		.ascii	"\254\324\311\377G\232*Dz\316F4e\344\234\012\346%\375"
  91      479A2A44 
  91      7ACE4634 
  91      65E49C0A 
  91      E625FD
  92 01c0 D0406A49 		.ascii	"\320@jIw\327\344\24322\233\272\227\254.\346\277(\342"
  92      77D7E4A3 
  92      32329BBA 
  92      97AC2EE6 
  92      BF28E2
ARM GAS  /var/folders/qd/4mxf5pkd0zdf0b9dd1hp39180000gn/T//ccUccO7q.s 			page 7


  93 01d3 6FF62D77 		.ascii	"o\366-wT\344\371/\013\374T\211\023\227\237?\002tf\360"
  93      54E4F92F 
  93      0BFC5489 
  93      13979F3F 
  93      027466F0 
  94 01e7 AAD4C91E 		.ascii	"\252\324\311\036B\245\013\241^\263\025\235ve\253\265"
  94      42A50BA1 
  94      5EB3159D 
  94      7665ABB5 
  95 01f7 2ACBECCA 		.ascii	"*\313\354\312\2128ovL\323\256d \273l\233\356\257\344"
  95      8A386F76 
  95      4CD3AE64 
  95      20BB6C9B 
  95      EEAFE4
  96 020a 2C2A01CC 		.ascii	",*\001\3148S\355\346\265>goV\201\362@\255)\253\211\330"
  96      3853EDE6 
  96      B53E676F 
  96      5681F240 
  96      AD29AB89 
  97 021f 627D2947 		.ascii	"b})G\014\304\251t\002sD,\336\326A\224\350\202\026gH"
  97      0CC4A974 
  97      0273442C 
  97      DED64194 
  97      E8821667 
  98 0234 738391EC 		.ascii	"s\203\221\354\345 \031\243\324\367!\2030\336\270\246"
  98      E52019A3 
  98      D4F72183 
  98      30DEB8A6 
  99 0244 C6B3E9B5 		.ascii	"\306\263\351\265 \211\243\216\341 \346\311\226:\317"
  99      2089A38E 
  99      E120E6C9 
  99      963ACF
 100 0253 0B0817B3 		.ascii	"\013\010\027\263C\016;\362gb\213\345\207i\302\3423I"
 100      430E3BF2 
 100      67628BE5 
 100      8769C2E2 
 100      3349
 101 0265 73BF33DF 		.ascii	"s\2773\337\242U\\\264\220)k\360\226\340\213.<rk\240"
 101      A2555CB4 
 101      90296BF0 
 101      96E08B2E 
 101      3C726BA0 
 102 0279 05A4EE76 		.ascii	"\005\244\356v\340!,\345\341\357\0206\345~\312\255\235"
 102      E0212CE5 
 102      E1EF1036 
 102      E57ECAAD 
 102      9D
 103 028a 4A43BF2C 		.ascii	"JC\277,\347\3607[[G\313\230=\020\247\243,\260\254\314"
 103      E7F0375B 
 103      5B47CB98 
 103      3D10A7A3 
 103      2CB0ACCC 
 104 029e C672B14B 		.ascii	"\306r\261K\356\002nK\274\347B\035\024\374+\321\230\203"
 104      EE026E4B 
 104      BCE7421D 
 104      14FC2BD1 
 104      9883
ARM GAS  /var/folders/qd/4mxf5pkd0zdf0b9dd1hp39180000gn/T//ccUccO7q.s 			page 8


 105 02b0 28274597 		.ascii	"('E\227\357\374\351\306\013\307\316\210\177\334X\224"
 105      EFFCE9C6 
 105      0BC7CE88 
 105      7FDC5894 
 106 02c0 1C       		.ascii	"\034"
 107              		.text
 108              		.section	.gnu.lto_extcfg.4bbdbc3f17acfc95,"",%progbits
 109 0000 789C6363 		.ascii	"x\234cc``\330\014\304\234\014\0200\205\231q\313\221"
 109      6060D80C 
 109      C49C0C10 
 109      30859971 
 109      CB91
 110 0012 E36D1CDD 		.ascii	"\343m\034\335\314s\230\031\030\031\201\334\017\277\347"
 110      CC739819 
 110      181981DC 
 110      0FBFE7
 111 0021 DC660271 		.ascii	"\334f\002q\031\031\033\026Lj`\001\012\355\334\371\346"
 111      19191B16 
 111      4C6A6001 
 111      0AEDDCF9 
 111      E6
 112 0032 367BFDDF 		.ascii	"6{\375\337\206\216\206\206\007\335\373\344\330\3460"
 112      868E8686 
 112      07DDFBE4 
 112      D8E630
 113 0041 334D6386 		.ascii	"3Mc\206h~\362{\355.>\210f6 \367\372\202s\027\371,\266"
 113      687EF27B 
 113      ED2E3E88 
 113      663620F7 
 113      FA827317 
 114 0058 35742C68 		.ascii	"5t,hp\230\303\314<\025(\274\215Qf*\320\254\255\214\365"
 114      7098C3CC 
 114      3C1528BC 
 114      8D51662A 
 114      D0ACAD8C 
 115 006d 53999918 		.ascii	"S\231\231\030\267\200x\314\214\233\031e@\272\037\367"
 115      B78078CC 
 115      8C9B1965 
 115      40BA1FF7 
 116 007d BD5B0E55 		.ascii	"\275[\016U.0\207\231\205\321P\206q;\243\005H\346\367"
 116      2E308799 
 116      85D15086 
 116      713BA305 
 116      48E6F7
 117 0090 9C39B359 		.ascii	"\2349\263Y\3412\254S\201\222;\2002\214;\201\004{nbf"
 117      E132AC53 
 117      81923B80 
 117      328C3B81 
 117      047B6E62 
 118 00a5 9E5E3203 		.ascii	"\236^2\003\0001q?)"
 118      0031713F 
 118      29
 119              		.text
 120              		.section	.gnu.lto_.symbol_nodes.4bbdbc3f17acfc95,"",%progbits
 121 0000 789C55CA 		.ascii	"x\234U\312\301\011\302@\020\205\341\177f\263\253](V"
 121      C109C240 
 121      1085E17F 
ARM GAS  /var/folders/qd/4mxf5pkd0zdf0b9dd1hp39180000gn/T//ccUccO7q.s 			page 9


 121      66B3AB5D 
 121      2856
 122 0012 624B5630 		.ascii	"bKV0\243F\367j\011\012)\"\344&\344\234\032<x\264\006"
 122      A346F76A 
 122      090A2922 
 122      E426E49C 
 122      1A3C78B4 
 123 0027 750908EE 		.ascii	"u\011\010\356\341\361\303\307K@_\206~\304\3402AI\177"
 123      E1F1C3C7 
 123      4B405F86 
 123      7EC4E032 
 123      41497F
 124 003a BD7B2AB6 		.ascii	"\275{*\266W\223\237\015~\023\210ge]\356\321U|\003A\262"
 124      57939F0D 
 124      7E138867 
 124      655DEED1 
 124      557C0341 
 125 004f 9ACE1F70 		.ascii	"\232\316\037p\337\202\234\324B\005\255ZS\301Q-VpPK\377"
 125      DF829CD4 
 125      4205AD5A 
 125      53C1512D 
 125      5670504B 
 126 0064 106449F7 		.ascii	"\020dI\367xK\220\005\343\334D\233_\253 \221nn\303\230"
 126      784B9005 
 126      E3DC449B 
 126      5FAB2091 
 126      6E6EC398 
 127 0078 9FC38E2F 		.ascii	"\237\303\216/\227(,\233"
 127      97282C9B 
 128              		.text
 129              		.section	.gnu.lto_.refs.4bbdbc3f17acfc95,"",%progbits
 130 0000 789C6363 		.ascii	"x\234cc``\340\005b&F&&^&f^Ff&\006\006\000\002\277\000"
 130      6060E005 
 130      62264626 
 130      265E2666 
 130      5E466626 
 131 001a 40       		.ascii	"@"
 132              		.text
 133              		.section	.gnu.lto_.decls.4bbdbc3f17acfc95,"",%progbits
 134 0000 789CC558 		.ascii	"x\234\305X{PSW\032\277\347\236\020B\010\302\200\355"
 134      7B505357 
 134      1ABFE79E 
 134      104208C2 
 134      80ED
 135 0012 381D66DB 		.ascii	"8\035f\333ii\315n\027\202\266\273\355?\335i\007\251"
 135      6969CD6E 
 135      1782B6BB 
 135      ED3FDD69 
 135      07A9
 136 0024 65EA2A03 		.ascii	"e\352*\003\330\355:;Mc\210%\025\002\013q\247\235\376"
 136      D8ED3A3B 
 136      4D638825 
 136      15020B71 
 136      A79DFE
 137 0037 B1174314 		.ascii	"\261\027C\024\241>\000\213h+ \330j\004|\341\033Q|\000"
 137      A13E008B 
 137      682B20D8 
ARM GAS  /var/folders/qd/4mxf5pkd0zdf0b9dd1hp39180000gn/T//ccUccO7q.s 			page 10


 137      6A047CE1 
 137      1B517C00 
 138 004b 8A820A3E 		.ascii	"\212\202\012>\012\212\200((*Z\260\342\003e\277s\316"
 138      0A8A8028 
 138      282A5AB0 
 138      E20365BF 
 138      73CE
 139 005d 4DEE0D26 		.ascii	"M\356\015&\216\377m\206s\357=\367\374\316\367\373\235"
 139      8EFF6D86 
 139      73EF3DF7 
 139      FCCEF7FB 
 139      9D
 140 006e EFFBCEE3 		.ascii	"\357\373\316\343\242\3448\316\3762\307ua\216+B\0347"
 140      A2E438CE 
 140      FE32C775 
 140      618E2B42 
 140      1C37
 141 0080 063F05BC 		.ascii	"\006?\005\274;\004\305\027\312K\360\356!\334'CQ\302"
 141      3B04C517 
 141      CA4BF0EE 
 141      21DC2743 
 141      51C2
 142 0092 732494BF 		.ascii	"s$\224\277By\037\012'b>\200\347\017\241L\2072\003\312"
 142      42791F0A 
 142      27623E80 
 142      E70FA14C 
 142      873203CA 
 143 00a6 6C289F43 		.ascii	"l(\237C\231\003\205\207\366\177\301\375\013\021\357"
 143      99038587 
 143      F67FC1FD 
 143      0B11EF
 144 00b5 FC7D070D 		.ascii	"\374}\007\015~p\377\022J0\224\211\343\270\010\217\016"
 144      7E70FF12 
 144      4A309489 
 144      E3B8088F 
 144      0E
 145 00c6 4A0F3C93 		.ascii	"J\017<\223\256o!v\377`\234\035\362\313\004[/\311\354"
 145      AE6F2176 
 145      FF609C1D 
 145      F2CB045B 
 145      2FC9EC
 146 00d9 CC116DE8 		.ascii	"\314\021m\350\001\373\017\344n\353K\231\376\004(\006"
 146      01FB0FE4 
 146      6EEB4B99 
 146      FE042806 
 147 00e9 C4785F46 		.ascii	"\304x_Fl|\276P>\2052\027\312\307\"\247\226\264ql\214"
 147      6C7CBE50 
 147      3E853217 
 147      CAC722A7 
 147      96B4716C 
 148 00fe 73C4B1CD 		.ascii	"s\304\261\315\026\307:\3759c\254\345Y?\242\345>\321"
 148      16C73AFD 
 148      3963ACE5 
 148      593FA2E5 
 148      3ED1
 149 0110 07ED1A28 		.ascii	"\007\355\032(\376\"\217\017\274{\005\356AP\002\241\004"
 149      FE228F0F 
ARM GAS  /var/folders/qd/4mxf5pkd0zdf0b9dd1hp39180000gn/T//ccUccO7q.s 			page 11


 149      BC7B05EE 
 149      415002A1 
 149      04
 150 0121 40513D67 		.ascii	"@Q=g\234+1:\223\265\365'\234\213Q\260\032)\240\372["
 150      9C2B313A 
 150      93B5F527 
 150      9C8B51B0 
 150      1A29A0FA 
 151 0136 F39ADE09 		.ascii	"\363\232\336\011P\235\250F\257A\265s\355\235a\005\346"
 151      509DA846 
 151      AF41B573 
 151      ED9D6105 
 151      E6
 152 0147 11416EB1 		.ascii	"\021An\261_u\250\240)T\215\306\020\251\337\332\3730"
 152      5F75A8A0 
 152      29548DC6 
 152      10A9DFDA 
 152      FB30
 153 0159 80D54973 		.ascii	"\200\325Is\375\330H] T\347\250\021\017\325\234\336-"
 153      FDD8485D 
 153      2054E7A8 
 153      110FD59C 
 153      DE2D
 154 016b 797E5845 		.ascii	"y~XE\233\256\036\316\357\361W\360\034\332\2130\332\203"
 154      9BAE1ECE 
 154      EFF157F0 
 154      1CDA8B30 
 154      DA83
 155 017d 4229F1EA 		.ascii	"B)\361\352\306\337k\374q\010\005\234\032\352\311S\020"
 155      C6DF6BFC 
 155      7108059C 
 155      1AEAC953 
 155      10
 156 018e 400D00DE 		.ascii	"@\015\000\336\016E\373\220\202\274\036\274\3203\254"
 156      0E45FB90 
 156      82BC1EBC 
 156      D033AC
 157 019d C2A114B2 		.ascii	"\302\241\024\262\250\253\253\220'\220Z\200\374)\024"
 157      A8ABAB90 
 157      27905A80 
 157      FC2914
 158 01ac ED6790DD 		.ascii	"\355g\220\335#Wn(\361d\012\271\237]\262/0\242R`?\325"
 158      23576E28 
 158      F1640AB9 
 158      9F5DB22F 
 158      30A25260 
 159 01c2 171C3A88 		.ascii	"\027\034:\210\2608N\336^[y^\201T\332E\202\260P\020l"
 159      B0384EDE 
 159      5E5B795E 
 159      8154DA45 
 159      82B05010 
 160 01d7 99781287 		.ascii	"\231x\022\207\336\011E\221 \006\035B*T\207\"\320a\244"
 160      DE094591 
 160      20061D42 
 160      2A548722 
 160      D061A4
 161 01ea 45079002 		.ascii	"E\007\220\002\355F\241h\027\310\374\205\330\251\033"
ARM GAS  /var/folders/qd/4mxf5pkd0zdf0b9dd1hp39180000gn/T//ccUccO7q.s 			page 12


 161      ED46A168 
 161      17C8FC85 
 161      D8A91B
 162 01f9 EB7BB558 		.ascii	"\353{\265X\020\202\010\212#0\311w=\275e+\324\3703B\316"
 162      1082088A 
 162      2330C977 
 162      3DBD652B 
 162      D4F83342 
 163 020e F717EEEC 		.ascii	"\367\027\356\354\343\221V\305\372\\.R\202\002T\017\206"
 163      E39156C5 
 163      FA5C2E52 
 163      8202540F 
 163      86
 164 021f 8F805ED6 		.ascii	"\217\200^\326\213Z\340\270g\025\240\243@\354M\004\360"
 164      8B5AE0B8 
 164      6715A0A3 
 164      40EC4D04 
 164      F0
 165 0230 F49577F4 		.ascii	"\364\225w\364\251\260\201\016rM\315\275&\037\026/\025"
 165      A9B0810E 
 165      724DCDBD 
 165      261F162F 
 165      15
 166 0241 19FF60C5 		.ascii	"\031\377`\305\356\000\026\257:\322|\343\351\226~\005"
 166      EE0016AF 
 166      3AD27CE3 
 166      E9967E05 
 167 0251 9E4FA1AD 		.ascii	"\236O\241\255wO\256\365g\320 \250\356\352;\336\240f"
 167      774FAEF5 
 167      67D020A8 
 167      EEEA3BDE 
 167      A066
 168 0263 5081C66F 		.ascii	"P\201\306o\310Q\356\213\323)4\357\356P\201R\235M\264"
 168      C851EE8B 
 168      D32934EF 
 168      EE508152 
 168      9D4DB4
 169 0276 97DA04BF 		.ascii	"\227\332\004\277OH\237\035 \240\232\004\0135#5\\u\241"
 169      4F489F1D 
 169      20A09A04 
 169      0B352335 
 169      5C75A1
 170 0289 F047C047 		.ascii	"\360G\300GZ\306\366\250\361w\264\343\223\256\025+|\031"
 170      5AC6F6A8 
 170      F177B4E3 
 170      93AE152B 
 170      7C19
 171 029b 4729315A 		.ascii	"G)1Z\331\334xIL\247lR\037\314\272\326-j\230\004\325"
 171      D9DC7849 
 171      4CA76C52 
 171      1FCCBAD6 
 171      2D6A9804 
 172 02b0 ADFBB36E 		.ascii	"\255\373\263n\213\351UG\232{:\373s&`\001Q[\307\327\357"
 172      8BE95547 
 172      9A7B3AFB 
 172      73266001 
 172      515BC7D7 
ARM GAS  /var/folders/qd/4mxf5pkd0zdf0b9dd1hp39180000gn/T//ccUccO7q.s 			page 13


 173 02c5 1BD530AC 		.ascii	"\033\3250\254\017T\3637\215\332\220WM\347\234\232\316"
 173      0F54F337 
 173      8DDA9057 
 173      4DE79C9A 
 173      CE
 174 02d6 321F751E 		.ascii	"2\037u\036sT\020\342\311\220\235\360\013\224%\350d\226"
 174      735410E2 
 174      C9909DF0 
 174      0B9425E8 
 174      6496
 175 02e8 A0ADCB87 		.ascii	"\240\255\313\207\326\373\342\034\312\305w\265?\2764"
 175      D6FBE21C 
 175      CAC577B5 
 175      3FBE34
 176 02f7 01A9B5D9 		.ascii	"\001\251\265\331$\030\324<\3472\216: \004\223\3254j"
 176      2418D43C 
 176      E7328E3A 
 176      200493D5 
 176      346A
 177 0309 E802BC3C 		.ascii	"\350\002\274<\357\312\205;\233\376\266zH\020^C\355H"
 177      EFCA853B 
 177      9BFEB67A 
 177      48105E43 
 177      ED48
 178 031b 8D7E9522 		.ascii	"\215~\225\";Y\3152\302\261>\257L\211\035t\302\3605?"
 178      3B59CD32 
 178      C2B13EAF 
 178      4C891D74 
 178      C2F0353F 
 179 032f 5EABE7BD 		.ascii	"^\253\347\275qtz\345\270\320\362z\203]\020xt\0118.J"
 179      71747AE5 
 179      B8D0F27A 
 179      835D1078 
 179      7409382E 
 180 0344 1CED4824 		.ascii	"\034\355H$\251\031^\335\254\010^A\300p\371PA\201\255"
 180      A9195EDD 
 180      AC085E41 
 180      C070F950 
 180      4181AD
 181 0357 60E30CF5 		.ascii	"`\343\014\365\314e\024\354\364\017'\013{\260\030\366"
 181      CC6514EC 
 181      F40F270B 
 181      7BB018F6 
 182 0367 AD3B2FDA 		.ascii	"\255;/\332\020\256\301\324'E\255\333\242\211\213m/\244"
 182      10AEC1D4 
 182      2745ADDB 
 182      A2898B6D 
 182      2FA4
 183 0379 0F3A3CB0 		.ascii	"\017:<\260\337\333\253\304\207X\357'\347o\036EbF\221"
 183      DFDBABC4 
 183      8758EF27 
 183      E76F1E45 
 183      624691
 184 038c 643C736D 		.ascii	"d<sm\254\325\0277\262\306\202\365\233\367\0060\336W"
 184      ACD51737 
 184      B2C682F5 
 184      9BF70630 
ARM GAS  /var/folders/qd/4mxf5pkd0zdf0b9dd1hp39180000gn/T//ccUccO7q.s 			page 14


 184      DE57
 185 039e A1DADCB6 		.ascii	"\241\332\334\2669W\3455\232}\316h^c4U\327\332G}\307"
 185      3957E535 
 185      9A7DCE68 
 185      5E633455 
 185      D7DA477D 
 186 03b3 0FB117E0 		.ascii	"\017\261\027\340]\024\336O\207\330\347\034beq\325\206"
 186      5D14DE4F 
 186      87D8E71C 
 186      626571D5 
 186      86
 187 03c4 4039BAE7 		.ascii	"@9\272\347y\350\334\355\303?\2133h=q\310\335\333\217"
 187      79E8DCED 
 187      C33F8B33 
 187      683D71C8 
 187      DDDB8F
 188 03d7 6A79368A 		.ascii	"jy6\212R5\324\013s\26331>AG\341k\257\376u\300\037\205"
 188      5235D40B 
 188      73B33331 
 188      3E4147E1 
 188      6BAFFE75 
 189 03ee C12F441B 		.ascii	"\301/D\033VF\343\323\370\350\375\212\326,A\310\327\020"
 189      5646E3D3 
 189      F8E8FD8A 
 189      D62C41C8 
 189      D710
 190 0400 57A33688 		.ascii	"W\2436\210\320]\024\342\012\000:MI\247\300\205+\023"
 190      D05D14E2 
 190      0A003A4D 
 190      49A7C085 
 190      2B13
 191 0412 B26C42DD 		.ascii	"\262lB\335\243\267\327\010uY\230\252\272)\242]~>5\036"
 191      A3B7D708 
 191      755998AA 
 191      BA29A25D 
 191      7E3E351E 
 192 0426 3D204377 		.ascii	"= Cw\217G\263\001\355@\"<S\250\353x;\223\302\257\203"
 192      8F47B301 
 192      ED40223C 
 192      53A8EB78 
 192      3B93C2AF 
 193 043b 94AB22DC 		.ascii	"\224\253\"\3349t2_E\333y\242s\004X6\321\000\264\337"
 193      3974325F 
 193      45DB79A2 
 193      73045836 
 193      D100B4DF 
 194 044f A096089A 		.ascii	"\240\226\010\232,:\277A\264\357\24004\004e\020\312-"
 194      2C3ABF41 
 194      B4EFA030 
 194      34046510 
 194      CA2D
 195 0461 28B75118 		.ascii	"(\267Q\030]\350XV\266T\004gBo\322C\276\0122\315}\025"
 195      5DE85856 
 195      B6540467 
 195      426FD243 
 195      BE0A32CD 
 196 0477 C16536E1 		.ascii	"\301e6\341X$\025}\305\263h*\003\334{eq\307\016\204\037"
ARM GAS  /var/folders/qd/4mxf5pkd0zdf0b9dd1hp39180000gn/T//ccUccO7q.s 			page 15


 196      5824157D 
 196      C5B3682A 
 196      03DC7B65 
 196      71C70E84 
 197 048c 50F7F255 		.ascii	"P\367\362U\253j\037\373\242\020\255Gy\350wP\365\342"
 197      AB6A1FFB 
 197      A210AD47 
 197      79E87750 
 197      F5E2
 198 049e 0A1B2AE9 		.ascii	"\012\033*\351\232{\017:\014K\263\206\350\245\274W\355"
 198      9A7B0F3A 
 198      0C4BB386 
 198      E8A5BC57 
 198      ED
 199 04af 2B37046A 		.ascii	"+7\004jr\\s\221\002\245\014\274\2174\342\252~\370\364"
 199      725C7391 
 199      02A50CBC 
 199      8F34E2AA 
 199      7EF8F4
 200 04c2 92C2406C 		.ascii	"\222\302@lW\320,^\\xr\263\012g\323\012\377\343\355\302"
 200      57D02C5E 
 200      5C7872B3 
 200      0A67D30A 
 200      FFE3EDC2 
 201 04d6 337EDE26 		.ascii	"3~\336&\364#\357\213F\016>q\004\210\025\350!\270\347"
 201      F423EF8B 
 201      460E3E71 
 201      048815E8 
 201      21B8E7
 202 04e9 81A4ED92 		.ascii	"\201\244\355\2223%\3336\016\337\303\260\271q\024aQ\310"
 202      3325DB36 
 202      0EDFC3B0 
 202      B9711461 
 202      51C8
 203 04fb F7D360B6 		.ascii	"\367\323`\266\237:\027\363\211l1\277\2637\347\276?>"
 203      9F3A17F3 
 203      896C31BF 
 203      B337E7BE 
 203      3F3E
 204 050d CC440E57 		.ascii	"\314D\016W\377\\\340\217O\263\312\366u\217\333\021>"
 204      FF5CE08F 
 204      4FB3CAF6 
 204      758FDB11 
 204      3E
 205 051e C72AF505 		.ascii	"\307*\365\005\213'\341v\366\274\261\363\314B\015\036"
 205      8B27E176 
 205      F6BCB1F3 
 205      CC420D1E 
 206 052e A095D09B 		.ascii	"\240\225\320\233%\003\017 \257C\3024!\220\331\301p\011"
 206      25030F20 
 206      AF43C234 
 206      2190D9C1 
 206      7009
 207 0540 0BD36826 		.ascii	"\013\323h&)4!Z\2556\014JH\031\031d]C\305+6\233P\024"
 207      2934215A 
 207      AD360C4A 
 207      48191964 
ARM GAS  /var/folders/qd/4mxf5pkd0zdf0b9dd1hp39180000gn/T//ccUccO7q.s 			page 16


 207      5D43C52B 
 208 0558 49B7B29D 		.ascii	"I\267\262\235 =\213\017q\356Z^\262\353\030\014\276\221"
 208      203D8B0F 
 208      71EE5A5E 
 208      B2EB180C 
 208      BE91
 209 056a 78A44184 		.ascii	"x\244A\204\223\360\255\342\265\310\306\207!;\037&\346"
 209      93F0ADE2 
 209      B5C8C687 
 209      213B1F26 
 209      E6
 210 057b 0DB1DE57 		.ascii	"\015\261\336W\021ZN\363f\021\257A\307E\270\313\243:"
 210      115A4EF3 
 210      6611AF41 
 210      C745B8CB 
 210      A33A
 211 058d 29D76561 		.ascii	")\327ea[\314\313\303\006\0359I@6\025p\002Z\233\210\201"
 211      5BCCCBC3 
 211      061D3949 
 211      40361570 
 211      025A9B88 
 212 05a2 B540BA84 		.ascii	"\265@\272\204\011\340P\266\304\0141\031t\004\027\010"
 212      09E050B6 
 212      C40C3119 
 212      74041708 
 213 05b2 8439970F 		.ascii	"\2049\227\017F'\201\231\340\\\035\275\214\314\331\316"
 213      46278199 
 213      E05C1DBD 
 213      8CCCD9CE 
 214 05c2 39ADA21C 		.ascii	"9\255\242\034`p\032\026\347\211\203\315\023@\310\347"
 214      60701A16 
 214      E78983CD 
 214      1340C8E7 
 215 05d2 896C71FA 		.ascii	"\211lq\372^\306\304\021~\347\016\353\231\014\375\004"
 215      5EC6C411 
 215      7EE70EEB 
 215      990CFD04 
 216 05e2 1CCB44BE 		.ascii	"\034\313D\276\037\341y\015\270q\005\224\345P\226\272"
 216      1FE1790D 
 216      B8710594 
 216      E55096BA 
 217 05f2 B9F3FCC6 		.ascii	"\271\363\374\306`\346N\262Z\012<\246\335\\\356l\224"
 217      60E64EB2 
 217      5A0A3CA6 
 217      DD5CEE6C 
 217      94
 218 0603 AD1D5E86 		.ascii	"\255\035^\206\365b4\203%\023\031\015\314\031\324\202"
 218      F5623483 
 218      2513190D 
 218      CC19D482 
 219 0613 3CD2880B 		.ascii	"<\322\210\013\032M\241\022QU\036\004yd<\334s\220\013"
 219      1A4DA112 
 219      51551E04 
 219      79643CDC 
 219      73900B
 220 0626 F8491264 		.ascii	"\370I\022d5\250\311\207\276\314\233^P\234\014RHGg\023"
 220      35A8C987 
ARM GAS  /var/folders/qd/4mxf5pkd0zdf0b9dd1hp39180000gn/T//ccUccO7q.s 			page 17


 220      BECC9B5E 
 220      509C0C52 
 220      48476713 
 221 063a 8278F4E5 		.ascii	"\202x\364\345\313\350\011 F)\002\360p]\311\223\317\021"
 221      CBE80920 
 221      462902F0 
 221      705DC993 
 221      CF11
 222 064c 32D97E80 		.ascii	"2\331~\200\036\217\301\0032\223\205n\331\365\203[v\215"
 222      1E8FC103 
 222      3293856E 
 222      D9F5835B 
 222      768D
 223 065e 4BEF2290 		.ascii	"K\357\"\220\345-\275Y.\364m\012\242\271\220\345\236"
 223      E52DBD59 
 223      2EF46D0A 
 223      A2B990E5 
 223      9E
 224 066f 0BE2B172 		.ascii	"\013\342\261r\321[\353\026\223m\236P6H\213\002\001s"
 224      D15BEB16 
 224      936D9E50 
 224      36488B02 
 224      0173
 225 0681 D2CA71D1 		.ascii	"\322\312q\321FW\016\342\273\247\022(\237\012\023'Q\261"
 225      46570EE2 
 225      BBA71228 
 225      9F0A1327 
 225      51B1
 226 0693 2CEA631E 		.ascii	",\352c\036\375K\243!\256\222\305,?\227y\322ty#]BI\206"
 226      FD4BA321 
 226      AE92C52C 
 226      3F9779D2 
 226      7479235D 
 227 06aa 66F22EB2 		.ascii	"f\362.\262e2E\217\376H\000\305\000X(\001\226P\200\347"
 227      6532458F 
 227      FE4800C5 
 227      00582801 
 227      965080E7 
 228 06be EC95CD41 		.ascii	"\354\225\315A\267\331B|\013\213R\303\205\023C\012|O"
 228      B7D9427C 
 228      0B8B52C3 
 228      8513430A 
 228      7C4F
 229 06d0 5CC7BA8F 		.ascii	"\\\307\272\217\326\006\342\207\254\322\265!k\241\017"
 229      D606E287 
 229      ACD2B521 
 229      6BA10F
 230 06df 7ECA2A27 		.ascii	"~\312*'\227m>\351\213m>\264\262\260i\325\230\037\316"
 230      976D3EE9 
 230      8B6D3EB4 
 230      B2B069D5 
 230      981FCE
 231 06f2 66155B43 		.ascii	"f\025[C\346p\000^J+\252\262\322\247O\002\331n\035F\266"
 231      E670005E 
 231      4A2BAAB2 
 231      D2A74F02 
 231      D96E1D46 
ARM GAS  /var/folders/qd/4mxf5pkd0zdf0b9dd1hp39180000gn/T//ccUccO7q.s 			page 18


 232 0707 6BB23735 		.ascii	"k\26275>z\267\243\365:\335\256\311\356T\002\262\035"
 232      3E7AB7A3 
 232      F53ADDAE 
 232      C9EE5402 
 232      B21D
 233 0719 7207358D 		.ascii	"r\0075\215\337\200\257\314\2216\340\322\361h\371$b\360"
 233      DF80AFCC 
 233      9136E0D2 
 233      F168F924 
 233      62F0
 234 072b 0E197C9D 		.ascii	"\016\031|\235g\270\314x\253\014]6\036\255\3632A\245"
 234      67B8CC78 
 234      AB0C5D36 
 234      1EADF332 
 234      41A5
 235 073d B39D43F4 		.ascii	"\263\235C\364d\005x\262\022\362m#\224\015P~\201\362"
 235      640578B2 
 235      12F26D23 
 235      940D507E 
 235      81F2
 236 074f 33944DAE 		.ascii	"3\224M\256\211J\310\206dd\353=\217\233\261\261\330>"
 236      894AC886 
 236      6464EB3D 
 236      8F9BB1B1 
 236      D83E
 237 0761 6D67A9E1 		.ascii	"mg\251\341\340=l\361-\035\262-\276\334\243r\347\016"
 237      E03D6CF1 
 237      2D1DB22D 
 237      BEDCA372 
 237      E70E
 238 0773 DF3BD2BF 		.ascii	"\337;\322\277;\020\347\323\220\360\005}\331-J\244\015"
 238      3B10E7D3 
 238      90F0057D 
 238      D92D4AA4 
 238      0D
 239 0784 11293A68 		.ascii	"\021):h\202m\201\276UR\3768\236\315\037\327ij3\214\364"
 239      826D81BE 
 239      5552FE38 
 239      9ECD1FD7 
 239      696A338C 
 240 0799 45470DDC 		.ascii	"EG\015\334c-\216\323X\276\313oq\233\320[]k\004y\004"
 240      632D8ED3 
 240      58BECB6F 
 240      719BD05B 
 240      5D6B0479 
 241 07ae FC8EBAE1 		.ascii	"\374\216\272\341*\005.aZ\267U]\375\032i\325\316\243"
 241      2A052E61 
 241      5AB7555D 
 241      FD1A69D5 
 241      CEA3
 242 07c0 7E849DCE 		.ascii	"~\204\235\316\317j^\215\266IbC\311JMO"
 242      CF6A5E8D 
 242      B6496243 
 242      C94A4D4F 
 243 07d0 0042B920 		.ascii	"\000B\271 \373\206\333\016\342B\305\375_\366\355\346"
 243      FB86DB0E 
 243      E242C5FD 
ARM GAS  /var/folders/qd/4mxf5pkd0zdf0b9dd1hp39180000gn/T//ccUccO7q.s 			page 19


 243      5FF6EDE6 
 244 07e0 28D97834 		.ascii	"(\331x4\000;\030\301\345\252;-\330\305\000\007\375j"
 244      003B18C1 
 244      E5AA3B2D 
 244      D8C50007 
 244      FD6A
 245 07f2 7AD0DF05 		.ascii	"z\320\337\005\014;$\006 \364L\261\323\003\005\351\014"
 245      0C3B2406 
 245      20F44CB1 
 245      D30305E9 
 245      0C
 246 0803 349B9A1D 		.ascii	"4\233\232\035\243\012\274\215\321\334?\332_\256\362"
 246      A30ABC8D 
 246      D1DC3FDA 
 246      5FAEF2
 247 0812 764ED9CB 		.ascii	"vN\331\313{\375\360\330\202\227\261s\312\036\020\264"
 247      7BFDF0D8 
 247      8297B173 
 247      CA1E10B4 
 248 0822 9B1F774E 		.ascii	"\233\037wN!o\201i\337\241\332\203\376]\360}@V\320 6"
 248      216F8169 
 248      DFA1DA83 
 248      FE5DF07D 
 248      4056D020 
 249 0837 9711BBC2 		.ascii	"\227\021\273\302\235\024Z\037s\376\020{\017oyv\023\241"
 249      9D145A1F 
 249      73FE107B 
 249      0F6F7976 
 249      13A1
 250 0849 A4E2EC82 		.ascii	"\244\342\354\202\\ox\321\006\357\264K\377D\003Hn\225"
 250      5C6F78D1 
 250      06EFB44B 
 250      FF440348 
 250      6E95
 251 085b B5333AE7 		.ascii	"\2653:\347\217cx\246G\352\307^\361\022\231\254\3133"
 251      8F6378A6 
 251      47EAC75E 
 251      F11299AC 
 251      CB33
 252 086d 5A3957B3 		.ascii	"Z9W\263K\2244H$\246\331\271[\337o\326t\303\371\237C"
 252      4B943448 
 252      24A6D9B9 
 252      5BDF6FD6 
 252      74C3F99F 
 253 0882 FF84CD5D 		.ascii	"\377\204\315]\225\302\2760+\252\3635\370:[\230*\317"
 253      95C2BE30 
 253      2BAAF335 
 253      F83A5B98 
 253      2ACF
 254 0894 AFD8EAFF 		.ascii	"\257\330\352\377z\251P\327\015k}-\256\332\007k\220Z"
 254      7AA950D7 
 254      0D6B7D2D 
 254      AEDA076B 
 254      905A
 255 08a6 41F7ACFD 		.ascii	"A\367\254\375\222k\341\021\2565|7B\373\370.0W\313\277"
 255      926BE111 
 255      AE357C37 
ARM GAS  /var/folders/qd/4mxf5pkd0zdf0b9dd1hp39180000gn/T//ccUccO7q.s 			page 20


 255      42FBF82E 
 255      3057CBBF 
 256 08ba 4EFE3972 		.ascii	"N\3769r\362D\001\306#\242\245\357\307V\372L\222mjs\324"
 256      F24401C6 
 256      23A2A5EF 
 256      C756FA4C 
 256      926D6A73 
 257 08cf B24DED20 		.ascii	"\262M\355 \335\324,\012&l\240\342\026e-\355\201}:\001"
 257      DDD42C0A 
 257      266CA0E2 
 257      16652DED 
 257      817D3A01 
 258 08e3 A63FE410 		.ascii	"\246?\344\020d\030\200\320\001\211\365\300x\326:\312"
 258      641880D0 
 258      0189F5C0 
 258      78D63ACA 
 259 08f3 BA66C592 		.ascii	"\272f\305\222c\023\360(c]\276\363\342h ^\254\244\031"
 259      6313F028 
 259      635DBEF3 
 259      E268205E 
 259      ACA419
 260 0906 653FB5EB 		.ascii	"e?\265\353\206\327O\331\243^3\352T\023\276y\226|.\037"
 260      86D74FD9 
 260      A35E33EA 
 260      5413BE79 
 260      967C2E1F 
 261 091a 81843A3C 		.ascii	"\201\204:<>\241\310\307heU\247\212\036|\011\202\035"
 261      3EA1C8C7 
 261      686555A7 
 261      8A1E7C09 
 261      821D
 262 092c 7C85DCB3 		.ascii	"|\205\334\263\371\201\223\274\355\341\015t\270\365\274"
 262      F98193BC 
 262      EDE10D74 
 262      B8F5BC
 263 093b 38DE8AD5 		.ascii	"8\336\212\325\007\376\013\303\355\006\262\221\026\274"
 263      07FE0BC3 
 263      ED06B291 
 263      16BC
 264 0949 D9BE68A9 		.ascii	"\331\276h\251\260\016Q\024:$\361\035\342\331\377\201"
 264      B00E5114 
 264      3A24F11D 
 264      E2D9FF81 
 265 0959 50231D67 		.ascii	"P#\035g\315\345\007%j\334A\207\206\016\026-\355\015"
 265      CDE50725 
 265      6ADC4187 
 265      860E162D 
 265      ED0D
 266 096b A012C821 		.ascii	"\240\022\310!\224Ixz\371\272]\243p\036\021\216\363\364"
 266      9449787A 
 266      F9BA5DA3 
 266      701E118E 
 266      F3F4
 267 097d E5F6FEEA 		.ascii	"\345\366\376\352=*\257\272NP]MN]\215-\373\266\253Da"
 267      3D2AAFBA 
 267      4E505D4D 
 267      4E5D8D2D 
ARM GAS  /var/folders/qd/4mxf5pkd0zdf0b9dd1hp39180000gn/T//ccUccO7q.s 			page 21


 267      FBB6AB44 
 268 0992 8FFBDE28 		.ascii	"\217\373\336(\263\225j\011\004\035\223D\035s\212:IE"
 268      B3956A09 
 268      041D9344 
 268      1D738A3A 
 268      4945
 269 09a4 D937E46C 		.ascii	"\3317\344lU\342^&j\367\261\203\331j*`\217\313/\303\033"
 269      55E25E26 
 269      6AF7B183 
 269      D96A2A60 
 269      8FCB2FC3 
 270 09b9 D69EE5E9 		.ascii	"\326\236\345\351;\262^\2640Q\273\227\024\365\007\340"
 270      3BB25EB4 
 270      3051BB97 
 270      14F507E0 
 271 09c9 1116A581 		.ascii	"\021\026\245\201\3037\273TH\253qM\347\342\336\\2\235"
 271      C337BB54 
 271      48AB714D 
 271      E7E2DE5C 
 271      329D
 272 09db 5B6110A7 		.ascii	"[a\020\247%\342\255\364\360\340e\215Dg \232\3222\011"
 272      25E2ADF4 
 272      F0E0658D 
 272      4467209A 
 272      D23209
 273 09ee 14C5F6B6 		.ascii	"\024\305\366\266<\246\205\3309\305x\213\216\257/V{u"
 273      3CA685D8 
 273      39C5788B 
 273      8EAF2F56 
 273      7B75
 274 0a00 C659EA8C 		.ascii	"\306Y\352\2146\2473N5\325\036U\212\316\350\353\014Z"
 274      36A7334E 
 274      35D51E55 
 274      8ACEE8EB 
 274      0C5A
 275 0a12 479C0110 		.ascii	"G\234\001\020\324,ijv:\343\034uF\355\275\372z\015^\350"
 275      D42C696A 
 275      763AE31C 
 275      7546EDBD 
 275      FA7A0D5E 
 276 0a27 EB39FFDD 		.ascii	"\3539\377\335\270.\270\345\177\336\223\321\207\023D"
 276      B82EB8E5 
 276      7FDE93D1 
 276      871344
 277 0a36 AADE1BB8 		.ascii	"\252\336\033\270\352\370\242\272X\212A\347%\262\363"
 277      EAF8A2BA 
 277      588A41E7 
 277      25B2F3
 278 0a45 4EB25F29 		.ascii	"N\262_)\331\335j\341\212\032W2\262\222\276\266\235\376"
 278      D9DD6AE1 
 278      8A1A5732 
 278      B292BEB6 
 278      9DFE
 279 0a57 4E038378 		.ascii	"N\003\203xo\275\313@\273d\240\335i\240\203\251m)o\233"
 279      6FBDCB40 
 279      BB64A0DD 
 279      69A083A9 
ARM GAS  /var/folders/qd/4mxf5pkd0zdf0b9dd1hp39180000gn/T//ccUccO7q.s 			page 22


 279      6D296F9B 
 280 0a6b 80DB4403 		.ascii	"\200\333D\003\325#;\324o\226S\003p~k\257o\022\204u\354"
 280      D5233BD4 
 280      6F965303 
 280      707E6BAF 
 280      6F128475 
 281 0a80 94779159 		.ascii	"\224w\221Yp\035!9\362\206L\007\376M\022\337'\203e\001"
 281      701D2139 
 281      F2864C07 
 281      FE4D12DF 
 281      27836501 
 282 0a94 B89D59F9 		.ascii	"\270\235Y\371=\357\366o~`\345t\035]=\366\337\315\022"
 282      3DEFF66F 
 282      7E60E574 
 282      1D5D3DF6 
 282      DFCD12
 283 0aa7 8460FAED 		.ascii	"\204`\372\355\323)\032\221N\355\344\315\027<\207.S3"
 283      D3291A91 
 283      4EEDE4CD 
 283      173C872E 
 283      5333
 284 0ab9 25A38F57 		.ascii	"%\243\217WO\220\357\200\027\334N\311]\354HK\356\000"
 284      4F90EF80 
 284      17DC4EC9 
 284      5DEC484B 
 284      EE00
 285 0acb EE160A06 		.ascii	"\356\026\012\006}\344\340\263n\340n\021\334M\301\275"
 285      7DE4E0B3 
 285      6EE06E11 
 285      DC4DC1BD 
 286 0adb BB7A4A95 		.ascii	"\273zJ\225r\360\0117p\217\010\356\241\340\326\345\271"
 286      72F00937 
 286      708F08EE 
 286      A1E0D6E5 
 286      B9
 287 0aec 3BDD3EB7 		.ascii	";\335>\267\033\334\300WD0\271\373dX\015V\223:\372\363"
 287      1BDCC057 
 287      4430B9FB 
 287      64580D56 
 287      933AFAF3 
 288 0b00 04FD4751 		.ascii	"\004\375GQ\0111\237E\253\310c|\302\254X\372n\366\314"
 288      09319F45 
 288      ABC8637C 
 288      C2AC58FA 
 288      6EF6CC
 289 0b13 98993109 		.ascii	"\230\2311\011\312\024\203\331\022aTM\2379\373\265\250"
 289      CA1483D9 
 289      1261544D 
 289      9F39FBB5 
 289      A8
 290 0b24 2953B83F 		.ascii	")S\270?DD\350\330_j\206.\311\220\2543[\214\311\013\022"
 290      4444E8D8 
 290      5F6A862E 
 290      C990AC33 
 290      5B8CC90B 
 291 0b39 4D3AD337 		.ascii	"M:\3237\326\210$N\0157jVo\365\003#\323\322\315\3771"
 291      D688244E 
ARM GAS  /var/folders/qd/4mxf5pkd0zdf0b9dd1hp39180000gn/T//ccUccO7q.s 			page 23


 291      0D376A56 
 291      6FF50323 
 291      D3D2CDFF 
 292 0b4e A52B8DA9 		.ascii	"\245+\215\251\226y\346\257T\306$\203\305bJ\316P\244"
 292      9679E6AF 
 292      54C62483 
 292      C5624ACE 
 292      50A4
 293 0b60 A5A65BFD 		.ascii	"\245\246[\375\342\242\343\243\343>\213\236\026\251\326"
 293      E2A2E3A3 
 293      E33E8B9E 
 293      16A9D6
 294 0b6f EB17982D 		.ascii	"\353\027\230-\326w\246\352\255\371H\367QZZ\262\331h"
 294      D677A6EA 
 294      ADF948F7 
 294      515A5AB2 
 294      D968
 295 0b81 B09A532D 		.ascii	"\260\232S-\031\272hc\2629-\303\2447\205\247-0\316\237"
 295      19BA6863 
 295      B2392DC3 
 295      A43785A7 
 295      2D30CE9F 
 296 0b95 1A61484B 		.ascii	"\032aHK\323E\245Z\254&\213\365\231F]Bjjr\206\356+\243"
 296      D345A55A 
 296      AC268BF5 
 296      99465D42 
 296      6A6A7286 
 297 0bac 31DC909E 		.ascii	"1\334\220\236\022nI\265\230\302M\206\271\346\360\367"
 297      126E49B5 
 297      98C24D86 
 297      B9E6F0F7 
 298 0bbc C2A7464E 		.ascii	"\302\247FNy/\374\337\357\206\247\030\276NM\327\271\265"
 298      792FFCDF 
 298      EF86A718 
 298      BE4E4DD7 
 298      B9B5
 299 0bce BAF4A718 		.ascii	"\272\364\247\030\214If\213I\247O4\3153,H\266\352\255"
 299      8C49668B 
 299      49A74F34 
 299      CD332C48 
 299      B6EAAD
 300 0be1 DFA69932 		.ascii	"\337\246\2312`H*\247\270\305\377?q\031\337f\350\364"
 300      60482AA7 
 300      B8C5FF3F 
 300      7119DF66 
 300      E8F4
 301 0bf3 19D64450 		.ascii	"\031\326DP\002\212|\246\307F}\022G\2563\342plT\234\""
 301      028A7CA6 
 301      C7467D12 
 301      47AE33E2 
 301      706C549C 
 302 0c08 26FEE3B8 		.ascii	"&\376\343\270\311\362\300@\024tQ\177\217\217\211\327"
 302      C9F2C040 
 302      1474517F 
 302      8F8F89D7 
 303 0c18 7D1A3333 		.ascii	"}\03233:\001\356)\363\247F&\376\005:kbg\305%\350\023"
 303      3A01EE29 
ARM GAS  /var/folders/qd/4mxf5pkd0zdf0b9dd1hp39180000gn/T//ccUccO7q.s 			page 24


 303      F3A74626 
 303      FE053A6B 
 303      6267C525 
 304 0c2e 6070D34C 		.ascii	"`p\323L\363x\343\\\215\351\233410z\353\237\307G\227"
 304      F378E35C 
 304      8DE99B34 
 304      31307AEB 
 304      9FC74797 
 305 0c42 442AC365 		.ascii	"D*\303ed\306\214i\304\264>99\021,\005\300\243\321\220"
 305      64C68C69 
 305      C4B43E39 
 305      39112C05 
 305      C0A3D190 
 306 0c56 9C3CD760 		.ascii	"\234<\327`\234\257\267*RR\023M8\315l\011\202\270G1\203"
 306      9CAFB72A 
 306      5252134D 
 306      38CD6C09 
 306      82B84731 
 307 0c6b 5134EE24 		.ascii	"Q4\356$\021\330\223\"vZL\234\"6a\026\\\242\310%\236"
 307      11D89322 
 307      765A4C9C 
 307      22366116 
 307      5CA2C825 
 308 0c80 5CA6D1CB 		.ascii	"\\\246\321\313\2648\315\364\330\230YNe~,)\336\327[}"
 308      B438CDF4 
 308      D898594E 
 308      657E2C29 
 308      DED75B7D 
 309 0c94 C5BBCA9C 		.ascii	"\305\273\312\234J(\364\326\360\347\213\374tj\3447\272"
 309      4A28F4D6 
 309      F0E78BFC 
 309      746AE437 
 309      BA
 310 0ca5 3443B2A8 		.ascii	"4C\262\250RIT\316\235\342\313\362\230S\220\273\332\230"
 310      524954CE 
 310      9DE2CBF2 
 310      985390BB 
 310      DA98
 311 0cb7 94909418 		.ascii	"\224\220\224\030\237l2\245\371\201k\255\346\0240\033"
 311      9F6C32A5 
 311      F9816BAD 
 311      E614301B 
 312 0cc7 26379B6E 		.ascii	"&7\233nu\371\336\230D b2\274\341\025dMJ7\031\022i\302"
 312      75F9DE98 
 312      44206232 
 312      BCE11564 
 312      4D4A3719 
 313 0cde 0063BCD5 		.ascii	"\000c\274\325\220n\015\321\2132\364\031&k\232!\221\310"
 313      906E0DD1 
 313      8B32F419 
 313      266B9A21 
 313      91C8
 314 0cf0 579B5389 		.ascii	"W\233S\211\\s\"L\020cR\374\267\0311\026\263\365\325"
 314      5C73224C 
 314      106352FC 
 314      B7193116 
 314      B3F5D5
ARM GAS  /var/folders/qd/4mxf5pkd0zdf0b9dd1hp39180000gn/T//ccUccO7q.s 			page 25


 315 0d03 E7518345 		.ascii	"\347Q\203E_\030%\301y\235|\360L\362\202\314\270)t\300"
 315      5F1825C1 
 315      799D7CF0 
 315      4CF282CC 
 315      B82974C0 
 316 0d17 F3BEFA1F 		.ascii	"\363\276\372\037 a\207\303"
 316      206187C3 
 317              		.text
 318              		.section	.gnu.lto_.symtab.4bbdbc3f17acfc95,"",%progbits
 319 0000 6D61696E 		.ascii	"main\000"
 319      00
 320 0005 00       		.ascii	"\000"
 321 0006 00       		.ascii	"\000"
 322 0007 00       		.ascii	"\000"
 323 0008 00000000 		.ascii	"\000\000\000\000\000\000\000\000"
 323      00000000 
 324 0010 40010000 		.ascii	"@\001\000\000"
 325 0014 45585444 		.ascii	"EXTD1\000"
 325      3100
 326 001a 00       		.ascii	"\000"
 327 001b 02       		.ascii	"\002"
 328 001c 00       		.ascii	"\000"
 329 001d 00000000 		.ascii	"\000\000\000\000\000\000\000\000"
 329      00000000 
 330 0025 5C010000 		.ascii	"\\\001\000\000"
 331 0029 63685468 		.ascii	"chThdSleep\000"
 331      64536C65 
 331      657000
 332 0034 00       		.ascii	"\000"
 333 0035 02       		.ascii	"\002"
 334 0036 00       		.ascii	"\000"
 335 0037 00000000 		.ascii	"\000\000\000\000\000\000\000\000"
 335      00000000 
 336 003f 47010000 		.ascii	"G\001\000\000"
 337 0043 65787453 		.ascii	"extStart\000"
 337      74617274 
 337      00
 338 004c 00       		.ascii	"\000"
 339 004d 02       		.ascii	"\002"
 340 004e 00       		.ascii	"\000"
 341 004f 00000000 		.ascii	"\000\000\000\000\000\000\000\000"
 341      00000000 
 342 0057 4C010000 		.ascii	"L\001\000\000"
 343 005b 5F70616C 		.ascii	"_pal_lld_setpadmode\000"
 343      5F6C6C64 
 343      5F736574 
 343      7061646D 
 343      6F646500 
 344 006f 00       		.ascii	"\000"
 345 0070 02       		.ascii	"\002"
 346 0071 00       		.ascii	"\000"
 347 0072 00000000 		.ascii	"\000\000\000\000\000\000\000\000"
 347      00000000 
 348 007a 55010000 		.ascii	"U\001\000\000"
 349 007e 63685379 		.ascii	"chSysInit\000"
 349      73496E69 
 349      7400
ARM GAS  /var/folders/qd/4mxf5pkd0zdf0b9dd1hp39180000gn/T//ccUccO7q.s 			page 26


 350 0088 00       		.ascii	"\000"
 351 0089 02       		.ascii	"\002"
 352 008a 00       		.ascii	"\000"
 353 008b 00000000 		.ascii	"\000\000\000\000\000\000\000\000"
 353      00000000 
 354 0093 58010000 		.ascii	"X\001\000\000"
 355 0097 68616C49 		.ascii	"halInit\000"
 355      6E697400 
 356 009f 00       		.ascii	"\000"
 357 00a0 02       		.ascii	"\002"
 358 00a1 00       		.ascii	"\000"
 359 00a2 00000000 		.ascii	"\000\000\000\000\000\000\000\000"
 359      00000000 
 360 00aa 5A010000 		.ascii	"Z\001\000\000"
 361              		.text
 362              		.section	.gnu.lto_.opts,"",%progbits
 363 0000 272D666D 		.ascii	"'-fmath-errno' '-fsigned-zeros' '-ftrapping-math' '"
 363      6174682D 
 363      6572726E 
 363      6F272027 
 363      2D667369 
 364 0033 2D666E6F 		.ascii	"-fno-trapv' '-fno-openmp' '-fno-openacc' '-mcpu=cor"
 364      2D747261 
 364      70762720 
 364      272D666E 
 364      6F2D6F70 
 365 0066 7465782D 		.ascii	"tex-m4' '-mno-thumb-interwork' '-mthumb' '-O2' '-fo"
 365      6D342720 
 365      272D6D6E 
 365      6F2D7468 
 365      756D622D 
 366 0099 6D69742D 		.ascii	"mit-frame-pointer' '-falign-functions=16' '-ffuncti"
 366      6672616D 
 366      652D706F 
 366      696E7465 
 366      72272027 
 367 00cc 6F6E2D73 		.ascii	"on-sections' '-fdata-sections' '-fno-common' '-flto"
 367      65637469 
 367      6F6E7327 
 367      20272D66 
 367      64617461 
 368 00ff 2700     		.ascii	"'\000"
 369              		.text
 370              		.comm	__gnu_lto_v1,1,1
 371              		.comm	__gnu_lto_slim,1,1
 372              		.ident	"GCC: (GNU Tools for Arm Embedded Processors 7-2017-q4-major) 7.2.1 20170904 (release) [ARM
ARM GAS  /var/folders/qd/4mxf5pkd0zdf0b9dd1hp39180000gn/T//ccUccO7q.s 			page 27


DEFINED SYMBOLS
                            *ABS*:0000000000000000 main.c
                            *COM*:0000000000000001 __gnu_lto_v1
                            *COM*:0000000000000001 __gnu_lto_slim

NO UNDEFINED SYMBOLS
