ARM GAS  /var/folders/qd/4mxf5pkd0zdf0b9dd1hp39180000gn/T//cc4tV20m.s 			page 1


   1              		.cpu cortex-m4
   2              		.eabi_attribute 20, 1
   3              		.eabi_attribute 21, 1
   4              		.eabi_attribute 23, 3
   5              		.eabi_attribute 24, 1
   6              		.eabi_attribute 25, 1
   7              		.eabi_attribute 26, 1
   8              		.eabi_attribute 30, 2
   9              		.eabi_attribute 34, 1
  10              		.eabi_attribute 18, 4
  11              		.file	"st_lld.c"
  12              		.section	.gnu.lto_.profile.81e894a73332240,"",%progbits
  13 0000 789C6363 		.ascii	"x\234cc```\001bF\006M\036\000\000\326\000A"
  13      60606001 
  13      6246064D 
  13      1E0000D6 
  13      0041
  14              		.text
  15              		.section	.gnu.lto_.icf.81e894a73332240,"",%progbits
  16 0000 789C6363 		.ascii	"x\234cc``\340c@\000&\206\015K\337?cf\\\362s\327b6\006"
  16      6060E063 
  16      40002686 
  16      0D4BDF3F 
  16      63665CF2 
  17 0019 0030CE06 		.ascii	"\0000\316\006E"
  17      45
  18              		.text
  19              		.section	.gnu.lto_.jmpfuncs.81e894a73332240,"",%progbits
  20 0000 789C6363 		.ascii	"x\234cc``\360d@\000&0\311\310\300\300\3028\205\231\361"
  20      6060F064 
  20      40002630 
  20      C9C8C0C0 
  20      C2388599 
  21 0015 F78F737B 		.ascii	"\367\217s{\331\273\231\347030r3nf\224a`<\300\302\310"
  21      D9BB99E7 
  21      30333072 
  21      336E6694 
  21      61603CC0 
  22 002b 0DC44025 		.ascii	"\015\304@%@\351\256_\327\3738 \322\034\214[\240\322"
  22      40E9AE5F 
  22      D7FB3820 
  22      D21C8C5B 
  22      A0D2
  23 003d 1C606906 		.ascii	"\034`i\006\000Ck\017:"
  23      00436B0F 
  23      3A
  24              		.text
  25              		.section	.gnu.lto_.inline.81e894a73332240,"",%progbits
  26 0000 789C6363 		.ascii	"x\234cc``\260d@\000&\006\006v\011F\006&\226\005\362"
  26      6060B064 
  26      40002606 
  26      06760946 
  26      06269605 
  27 0015 0C6C0BE4 		.ascii	"\014l\013\344\231@b\214\\p\202\201S\020(\311\366A\017"
  27      9940628C 
  27      5C708281 
  27      531028C9 
ARM GAS  /var/folders/qd/4mxf5pkd0zdf0b9dd1hp39180000gn/T//cc4tV20m.s 			page 2


  27      F6410F
  28 0028 2EC9CC03 		.ascii	".\311\314\003\326\304\000\000\206\240\004\036"
  28      D6C40000 
  28      86A0041E 
  29              		.text
  30              		.section	.gnu.lto_.pureconst.81e894a73332240,"",%progbits
  31 0000 789C6363 		.ascii	"x\234cc```\003b&\206]\214\214R\000\003\261\000\345"
  31      60606003 
  31      6226865D 
  31      8C8C5200 
  31      03B100E5 
  32              		.text
  33              		.section	.gnu.lto_SysTick_Handler.81e894a73332240,"",%progbits
  34 0000 789C7D53 		.ascii	"x\234}S]H\024Q\024>g\356\354Oj\321c\220\320\372`$\310"
  34      5D481451 
  34      143E67EE 
  34      EC4F6AD1 
  34      6390D0FA 
  35 0017 8E64D063 		.ascii	"\216d\320c\204$\210l\017\332\273\350\272\260\322\256"
  35      8424886C 
  35      0FDABBE8 
  35      BAB0D2AE 
  36 0027 2BBBAB68 		.ascii	"+\273\253h\004;\256\346*\031Hm\026\265`T\220=\330\217"
  36      043BAEE6 
  36      2A19486D 
  36      16B56054 
  36      903DD88F 
  37 003b FDD8E64F 		.ascii	"\375\330\346O\223\346\252\345O\212=Ya.\255\224Ke\017"
  37      93E6AAE5 
  37      4F8A3D59 
  37      612EAD94 
  37      4B650F
  38 004e 2141DAB9 		.ascii	"!A\332\271\263\256\350,x\231\271s\357\375\3169\363\235"
  38      B3AEE82C 
  38      7899B973 
  38      EFFDCE39 
  38      F39D
  39 0060 EFE3EA01 		.ascii	"\357\343\352\001\3403\003X\246\357Az\221\001\012\035"
  39      E0330358 
  39      A6EF417A 
  39      91010A1D 
  40 0070 D3008D46 		.ascii	"\323\000\215F\001\221/d#\202O@\037\266\263 \303\341"
  40      01912F64 
  40      23824F40 
  40      1FB6B320 
  40      C3E1
  41 0082 402C2CE4 		.ascii	"@,,\344\334\223i(\327\326tr\267\202!J\357\244\227\017"
  41      DC936928 
  41      D7D67472 
  41      B782214A 
  41      EFA4970F 
  42 0096 7C823940 		.ascii	"|\2029@aK\217\327\257\356\325\213\211s|\212z@Z<\234"
  42      614B8FD7 
  42      AFEED58B 
  42      89737C8A 
  42      7A405A3C 
  43 00ab D329F2FA 		.ascii	"\323)\362\372F@V>\336\305\233\205z\200V\302\351'\262"
ARM GAS  /var/folders/qd/4mxf5pkd0zdf0b9dd1hp39180000gn/T//cc4tV20m.s 			page 3


  43      4640563E 
  43      DEC59B85 
  43      7A8056C2 
  43      E927B2
  44 00be 026D4CE0 		.ascii	"\002mL\340\253&\005b(\360\022\263\315\217B\354\"\013"
  44      AB260562 
  44      28F012B3 
  44      CD8F42EC 
  44      220B
  45 00d0 314491B6 		.ascii	"1D\221\266\253S7\242\373\370V@\023m\227\007\002\363"
  45      AB5337A2 
  45      FBF85640 
  45      136D9707 
  45      02F3
  46 00e2 C824E491 		.ascii	"\310$\344\221\361X\253\"f\337\221e\277\254\374l9\021"
  46      F158AB22 
  46      66DF9165 
  46      BFACFC6C 
  46      3911
  47 00f4 196D913B 		.ascii	"\031m\221;\032\215!\306\260\017\0311\300\347\230\211"
  47      1A8D21C6 
  47      B00F1931 
  47      C0E79889 
  48 0104 CF3033C1 		.ascii	"\31703\301\360\005fSN\340\233<(\362r\014M\030&l\005"
  48      F0056653 
  48      4EE09B3C 
  48      28F2720C 
  48      4D18266C 
  49 0119 FD4B1B97 		.ascii	"\375K\033\227\202\321\003[\354\233\325&\257t\350\325"
  49      82D1035B 
  49      EC9BD526 
  49      AF74E8D5 
  50 0129 063A1982 		.ascii	"\006:\031\202\006\212\336?v\016\360%\307\204\024\254"
  50      068ADE3F 
  50      760EF025 
  50      C78414AC 
  51 0139 27CF0ED8 		.ascii	"'\317\016\330\3171\246\305Vbf\003\340\000\307D-\366"
  51      CF31A6C5 
  51      56626603 
  51      E000C744 
  51      2DF6
  52 014b D7C50902 		.ascii	"\327\305\011\002\016rT\267]J\034B=\276\342J\322\204"
  52      0E7254B7 
  52      5D4A1C42 
  52      3DBEE24A 
  52      D284
  53 015d A4E72412 		.ascii	"\244\347$\022z\273\253w--\353\023v\311\327M\241D\271"
  53      7ABBAB77 
  53      2D2DEB13 
  53      76C9D74D 
  53      A144B9
  54 0170 9E68BF6C 		.ascii	"\236h\277l\024\005jU\301,\340'\277\342\363\013\002\235"
  54      14056A55 
  54      C12CE027 
  54      BFE2F30B 
  54      029D
  55 0182 E06B14D5 		.ascii	"\340k\024\325f\001\207UQ\273\207F\276fd-nf\253\277\373"
ARM GAS  /var/folders/qd/4mxf5pkd0zdf0b9dd1hp39180000gn/T//cc4tV20m.s 			page 4


  55      66018755 
  55      51BB8746 
  55      BE66642D 
  55      6E66ABBF 
  56 0197 FDA0F743 		.ascii	"\375\240\367C\272\232=\302\263\361\015\212\344\210\337"
  56      BA9A3DC2 
  56      B3F10D8A 
  56      E488DF
  57 01a6 A40A0710 		.ascii	"\244\012\007\020\307\246\305\325\340\237\012\255J\227"
  57      C7A6C5D5 
  57      E09F0AAD 
  57      4A97
  58 01b4 932AE977 		.ascii	"\223*\351wp\036%\252\021\316\231O\004\204\303\361\005"
  58      701E25AA 
  58      11CE994F 
  58      0484C3F1 
  58      05
  59 01c5 83EF9F4C 		.ascii	"\203\357\237L\356P\254\201\343\200c\350\203\0203$\215"
  59      EE50AC81 
  59      E38063E8 
  59      83103324 
  59      8D
  60 01d6 DF6167E4 		.ascii	"\337ag\344\360\330\356v\216\253vv^\030\2361$\354\004"
  60      F0D8EE76 
  60      8EAB7676 
  60      5E189E31 
  60      24EC04
  61 01e9 9CD8CDCE 		.ascii	"\234\330\315\316`\222\2501\325N\323y\300\267\034\333"
  61      6092A831 
  61      D54ED379 
  61      C0B71CDB 
  62 01f9 936AE791 		.ascii	"\223j\347\221\263\200\3578\226\226bg$\237\354\234\344"
  62      B380EF38 
  62      96966267 
  62      249FEC9C 
  62      E4
  63 020a 58BA16FB 		.ascii	"X\272\026\373\336\300\011\002N\245\3329M\322\314\360"
  63      DEC00902 
  63      4EA5DA39 
  63      4DD2CCF0 
  64 021a F667B6D9 		.ascii	"\366g\266\331\271\336\365e(=\351\324\204\352\324{\325"
  64      B9DEF565 
  64      283DE9D4 
  64      84EAD47B 
  64      D5
  65 022b 29AD2DB3 		.ascii	")\255-\263[\266\214'mikg\352MK\2219\203\342\34765\376"
  65      5BB68C27 
  65      6D696B67 
  65      EA4D4B91 
  65      3983E2E7 
  66 0242 81FE5B7D 		.ascii	"\201\376[}\355\250\006\362\321J\202\321\265\243\302"
  66      EDA806F2 
  66      D14A82D1 
  66      B5A3C2
  67 0251 B966B394 		.ascii	"\271f\263\224x\\\036\311^\356\220j\\n\257G*.:}\352L"
  67      785C1EC9 
  67      5EEE906A 
ARM GAS  /var/folders/qd/4mxf5pkd0zdf0b9dd1hp39180000gn/T//cc4tV20m.s 			page 5


  67      5C6EAF47 
  67      2A2E3A7D 
  68 0267 51A9547C 		.ascii	"Q\251T|4\257^\362x\313\034\216J\263\025tu\345\216Z["
  68      34AF5EF2 
  68      78CB1C8E 
  68      4AB31574 
  68      75E58E5A 
  69 027c CEF614B7 		.ascii	"\316\366\024\267w3\343d\211\245\300R/Y\355V\227\333"
  69      7733E364 
  69      89A5C052 
  69      2F59ED56 
  69      97DB
  70 028e 565677DC 		.ascii	"VVw\334i\266\357,n\253\367J\005\226R*ZUmu\324V\332$"
  70      69B6EF2C 
  70      6EABF74A 
  70      0596522A 
  70      5A556D75 
  71 02a6 35D2EA2C 		.ascii	"5\322\352,\254\255\266R\360!-\023\227\207&\252\317\277"
  71      ACADB652 
  71      F0212D13 
  71      978726AA 
  71      CFBF
  72 02b8 5A9C8EB7 		.ascii	"Z\234\216\267\252\330=\015\036\302\367[JKL\025\345\036"
  72      AAD83D0D 
  72      1EC2F75B 
  72      4A4B4C15 
  72      E51E
  73 02ca 5B8DBB2A 		.ascii	"[\215\273*\327\224\235\007\202\033\014N\233\323\345"
  73      D7949D07 
  73      821B0C4E 
  73      9BD3E5
  74 02d9 6E80FF7A 		.ascii	"n\200\377z\330\215P"
  74      D88D50
  75              		.text
  76              		.section	.gnu.lto_st_lld_init.81e894a73332240,"",%progbits
  77 0000 789C9D91 		.ascii	"x\234\235\221\277KcA\020\307\347\273\253/O\017\275\346"
  77      BF4B6341 
  77      10C7E7BB 
  77      AB2F4F0F 
  77      BDE6
  78 0012 0AC114B6 		.ascii	"\012\301\024\266\202\344\211\377\203\202\0106\332\037"
  78      82E489FF 
  78      83820836 
  78      DA1F
  79 0020 8757C811 		.ascii	"\207W\310\021\210\030\013\273l\214\361\267\022Es\315"
  79      88180BBB 
  79      6C8CF1B7 
  79      124573CD 
  80 0030 431EA4B8 		.ascii	"C\036\244\270JE\356N\215\032}\006\301\316\343l,,\004"
  80      4A45EE4E 
  80      8D1A7D06 
  80      C1CEE36C 
  80      2C2C04
  81 0043 8B4324D8 		.ascii	"\213C$\330(\376D\343\354>\264\367\206\267\274\331\231"
  81      28FE44E3 
  81      EC3EB4F7 
  81      86B7BCD9 
ARM GAS  /var/folders/qd/4mxf5pkd0zdf0b9dd1hp39180000gn/T//cc4tV20m.s 			page 6


  81      99
  82 0054 9DCF7C67 		.ascii	"\235\317|g\327\"\242O\202(\302\377z^\220\004\2219$J"
  82      D722A24F 
  82      8228C2FF 
  82      7A5E9004 
  82      9139244A 
  83 0068 DA02D08E 		.ascii	"\332\002\320\216\262A\011\201\004\246\344\274Dq\364"
  83      B2410981 
  83      04A6E4BC 
  83      4471F4
  84 0077 5F5E34FE 		.ascii	"_^4\376Pl\376\367#kD\245\353\\I\224\345\245\015?\321"
  84      506CFEF7 
  84      236B44A5 
  84      EB5C4994 
  84      E5A50D3F 
  85 008c 487CEC6C 		.ascii	"H|\354l\365y\241\306\252\010\342\370\005\213\300\316"
  85      F579A1C6 
  85      AA08E2F8 
  85      058BC0CE 
  86 009c CA51A5AF 		.ascii	"\312Q\245\257\236\313\243\312\337\317\341\251\315\""
  86      9ECBA3CA 
  86      DFCFE1A9 
  86      CD22
  87 00aa 1AE33C37 		.ascii	"\032\343<7Q>\215K\241\275\224O\027(^\237/\345\252u\031"
  87      513E8D4B 
  87      A1BD944F 
  87      17285E9F 
  87      2FE5AA75 
  88 00bf A3B2E9E2 		.ascii	"\243\262\351\342\237\320\244t%\240\311\247\227\231r"
  88      9FD0A474 
  88      25A0C9A7 
  88      979972
  89 00ce 55B0CDF8 		.ascii	"U\260\315\370)U\313\241\305\302\337\003\333\303b\222"
  89      2955CBA1 
  89      C5C2DF03 
  89      DBC36292 
  90 00de 4579DFC8 		.ascii	"Ey\337\310\225\002k\010\3437\302\244+\216\325\331\354"
  90      95026B08 
  90      E337C2A4 
  90      2B8ED5D9 
  90      EC
  91 00ef 4767490D 		.ascii	"GgI\015'U\203+%\326\341a\301\350\305\006\034>025w_\253"
  91      2755832B 
  91      25D6E161 
  91      C1E8C506 
  91      1C3E3032 
  92 0107 911528DF 		.ascii	"\221\025(\337\010\344\271\316hXN\275jxg\207M\323AO\214"
  92      08E4B9CE 
  92      68584EBD 
  92      6A786787 
  92      4DD3414F 
  93 011c 2DD3E16D 		.ascii	"-\323\341m\006\016b\373\225\277\222\373O~\301\360\205"
  93      060E62FB 
  93      95BF92FB 
  93      4F7EC1F0 
  93      85
  94 012d E6EF18FE 		.ascii	"\346\357\030\376\365D\372V\006\023\204\260\313U%\244"
ARM GAS  /var/folders/qd/4mxf5pkd0zdf0b9dd1hp39180000gn/T//cc4tV20m.s 			page 7


  94      F544FA56 
  94      061384B0 
  94      CB5525A4 
  95 013d BDAB6969 		.ascii	"\275\253iin\236\363\371|\351$\224xR\266++\263Z\030|"
  95      6E9EF3F9 
  95      7CE92494 
  95      7852B62B 
  95      2BB35A18 
  96 0152 2474E2F1 		.ascii	"$t\342\361\356\260`\204Y\370\200=\20494\361p<c\007!"
  96      EEB06084 
  96      59F8803D 
  96      843934F1 
  96      703C6307 
  97 0167 1B45845D 		.ascii	"\033E\204]\031\242K\014y\217\32308mc\314\340\307b\005"
  97      19A24B0C 
  97      798FD330 
  97      386D63CC 
  97      E0C76205 
  98 017b 4D918813 		.ascii	"M\221\210\023|\261\270\323\373%\352\364\305\372\007"
  98      7CB1B8D3 
  98      FB25EAF4 
  98      C5FA07
  99 018a E24E477B 		.ascii	"\342NG{gkw{\227\323\321\322<\350\304\007>G\243_#=\364"
  99      676B777B 
  99      97D3D1D2 
  99      3CE8C407 
  99      3E47A35F 
 100 01a1 02A41BBE 		.ascii	"\002\244\033\276\356"
 100      EE
 101              		.text
 102              		.section	.gnu.lto_.symbol_nodes.81e894a73332240,"",%progbits
 103 0000 789C55C8 		.ascii	"x\234U\310\301\015\2000\014\003@\307\251X\203U`$&H\200"
 103      C10D8030 
 103      0C0340C7 
 103      A9588355 
 103      60242648 
 104 0015 8A77E7E9 		.ascii	"\212w\347\351\020\354\300\237\031\200\250/*\313\262"
 104      10ECC09F 
 104      1980A82F 
 104      2ACBB2
 105 0024 7C038025 		.ascii	"|\003\200%\012\276b@9\201\230\352s\210\323\244\023Y"
 105      0ABE6240 
 105      398198EA 
 105      7388D3A4 
 105      1359
 106 0036 696C02B8 		.ascii	"il\002\270O\001\033M;\330i\351\017\032\311\327#\012"
 106      4F011B4D 
 106      3BD869E9 
 106      0F1AC9D7 
 106      230A
 107 0048 221FF7A8 		.ascii	"\"\037\367\250\222\332\307\007,\215\033\214"
 107      92DAC707 
 107      2C8D1B8C 
 108              		.text
 109              		.section	.gnu.lto_.refs.81e894a73332240,"",%progbits
 110 0000 789C6363 		.ascii	"x\234cc```\004b\006\000\000D\000\010"
 110      60606004 
ARM GAS  /var/folders/qd/4mxf5pkd0zdf0b9dd1hp39180000gn/T//cc4tV20m.s 			page 8


 110      62060000 
 110      440008
 111              		.text
 112              		.section	.gnu.lto_.decls.81e894a73332240,"",%progbits
 113 0000 789CC596 		.ascii	"x\234\305\226kPTG\026\307\357\271=\214\303\360\320B"
 113      6B505447 
 113      16C7EFB9 
 113      3D8CC3F0 
 113      D042
 114 0012 6ACB0F54 		.ascii	"j\313\017T\305\262\250\022k\027\006M\252\314\247\255"
 114      C5B2A812 
 114      6B17064D 
 114      AACCA7AD 
 115 0022 10D6AC54 		.ascii	"\020\326\254T0\261\304l\325~\331\311\3540\011\263\316"
 115      30B1C46C 
 115      D57ED9C9 
 115      EC3009B3 
 115      CE
 116 0033 83CC0C59 		.ascii	"\203\314\014Y\251\375\260W@\203\217D]Y\023\214\032d"
 116      A9FDB057 
 116      40838F44 
 116      5D59138C 
 116      1A64
 117 0045 8DD1280A 		.ascii	"\215\321(\012\"&\012\204\227\3626\"\006\220,\002\002"
 117      22260A84 
 117      97F23622 
 117      06902C02 
 117      02
 118 0056 824F9E2A 		.ascii	"\202O\236*DT\366t\367\275\334\231Qj\335O{k\316\334\333"
 118      4454F674 
 118      F7BDDC99 
 118      516ADD4F 
 118      7B6BCEDC 
 119 006b 7D4FFFCE 		.ascii	"}O\377\316\277O\237\356\031\255 \0107\202\004\241\222"
 119      BF4F9FEE 
 119      19AD2008 
 119      378204A1 
 119      92
 120 007c 08820604 		.ascii	"\010\202\006\004a\006/|\024\252\320\260)\224\013\374"
 120      61062F7C 
 120      14AAD0B0 
 120      29940BFC 
 121 008c 0A40BB88 		.ascii	"\012@\273\210V\207\326\200\326\204\326\"<\177m\307A"
 121      5687D680 
 121      D684D622 
 121      3C7F6DC7 
 121      41
 122 009d 3ABCBF8F 		.ascii	":\274\277\217\026\206\026.3:\320\272\320\256\243]\220"
 122      1686162E 
 122      333AD0BA 
 122      D0AEA35D 
 122      90
 123 00ae 7D436466 		.ascii	"}Cdf\017\325\200\326\217v\023\355.\332}9\306\010\332"
 123      0FD580D6 
 123      8F7613ED 
 123      2EDA7D39 
 123      C608DA
ARM GAS  /var/folders/qd/4mxf5pkd0zdf0b9dd1hp39180000gn/T//cc4tV20m.s 			page 9


 124 00c1 18DA04DA 		.ascii	"\030\332\004\332C9\266\377\265\323+\246\016\237\265"
 124      4339B6FF 
 124      B5D32BA6 
 124      0E9FB5
 125 00d0 6853F8BC 		.ascii	"hS\370\274\024-\020x\374\313ht^\200mB\347\211\317\242"
 125      142D1078 
 125      FCCB6874 
 125      5E806D42 
 125      E789CFA2 
 126 00e4 3C9F17CD 		.ascii	"<\237\027\315#\207\300\365\372c\307\311v\002K\365@\263"
 126      2387C0F5 
 126      FA63C7C9 
 126      76024BF5 
 126      40B3
 127 00f6 321FBB4E 		.ascii	"2\037\273N\335;\367K\010\357\242\036}g\353\244@\"\262"
 127      DD3BF74B 
 127      08EFA21E 
 127      7D67EBA4 
 127      4022B2
 128 0109 E703157D 		.ascii	"\347\003\025}\335\372\230\023\022\277t\177\022\240\004"
 128      DDFA9813 
 128      12BF747F 
 128      12A004
 129 0118 88826ADD 		.ascii	"\210\202j\3359~x\036Y\311\034\257d\025\356\247\3300"
 129      397E781E 
 129      59C91CAF 
 129      6415EEA7 
 129      D830
 130 012a 3D68B039 		.ascii	"=h\2609vi_\177(6\303\365\2608\207\210=\235\323]\241"
 130      76695F7F 
 130      2836C3F5 
 130      B0388788 
 130      3D9DD35D 
 131 013f A08FCA96 		.ascii	"\240\217\312\226\244\014)/S\012\\-\3009\210\200\357"
 131      A40C292F 
 131      530A5C2D 
 131      C0398880 
 131      EF
 132 0150 21428052 		.ascii	"!B\200R\210\242\241\317B\214\000g\260\263\030;\217\320"
 132      88A2A1CF 
 132      428C0067 
 132      B0B3183B 
 132      8FD0
 133 0162 70951D5F 		.ascii	"p\225\035_\3746w\\\222\026\303y\320\303w@\230\017\316"
 133      FC36775C 
 133      9216C379 
 133      D0C37740 
 133      980FCE
 134 0175 76A99E0B 		.ascii	"v\251\236\0138vxw\276\226\264\003U \226~y\363\2428W"
 134      38767877 
 134      BE96B403 
 134      5520967E 
 134      79F3A238 
 135 018a 8C1FE68C 		.ascii	"\214\037\346\2141S\272\244v\263$\211P\2161\312\324\030"
 135      3153BAA4 
 135      76B32489 
 135      508E31CA 
ARM GAS  /var/folders/qd/4mxf5pkd0zdf0b9dd1hp39180000gn/T//cc4tV20m.s 			page 10


 135      D418
 136 019c 1892DEB0 		.ascii	"\030\222\336\260\027\003\235\257*\257\010\352\201\353"
 136      17039DAF 
 136      2AAF08EA 
 136      81EB
 137 01aa 80C98505 		.ascii	"\200\311\205\005l\3764\345\364\033\357\324X{F\271\200"
 137      6CFE34E5 
 137      F41BEFD4 
 137      587B46B9 
 137      80
 138 01bb F763AFC8 		.ascii	"\367c\257\310o\262+m(C`\266G\224\031\242\302e\037\031"
 138      6FB22B6D 
 138      284360B6 
 138      479419A2 
 138      C2651F19 
 139 01cf 00DE54FE 		.ascii	"\000\336T\376\236\207S.^\322\374\301k\034\357\022\325"
 139      9E87532E 
 139      5ED2FCC1 
 139      6B1CEF12 
 139      D5
 140 01e0 605E439E 		.ascii	"`^C\236\323*\314\276\236\025\245N\022\344\345n\273\267"
 140      D32ACCBE 
 140      9E15A54E 
 140      12E4E56E 
 140      BBB7
 141 01f2 E364702F 		.ascii	"\343dp/t\343\333?\012\302.\235\235-|\375\346\342\311"
 141      74E3DB3F 
 141      0AC22E9D 
 141      9D2D7CFD 
 141      E6E2C9
 142 0205 50728B97 		.ascii	"Pr\213\227\313\305\231\311\312\371\274\012DZ \243\315"
 142      CBC599C9 
 142      CAF9BC0A 
 142      445A20A3 
 142      CD
 143 0216 07827815 		.ascii	"\007\202x\025,\300\346\211\03539\001\213\366\322\264"
 143      2CC0E689 
 143      1D333901 
 143      8BF6D2B4 
 144 0226 EFCA9416 		.ascii	"\357\312\224\026\210\360\376\257\240\006\027\243\032"
 144      88F0FEAF 
 144      A00617A3 
 144      1A
 145 0233 1743800B 		.ascii	"\027C\200\013\260\010\277\035\032\036lw{\327\036\262"
 145      B008BF1D 
 145      1A1E6C77 
 145      7BD71EB2 
 146 0243 244FCAEB 		.ascii	"$O\312\353\225*\353zb??#I\270J\222\206\272A\225\272"
 146      952AEB7A 
 146      623F3F23 
 146      49B84A92 
 146      86BA4195 
 147 0258 4C55B41C 		.ascii	"LU\264\034\241\022z\001*\240\007\245]\204%\264\376v"
 147      A1127A01 
 147      2AA007A5 
 147      5D8425B4 
 147      FE76
ARM GAS  /var/folders/qd/4mxf5pkd0zdf0b9dd1hp39180000gn/T//cc4tV20m.s 			page 11


 148 026a 8CE4CD27 		.ascii	"\214\344\315'_\023\246\352jc\333T\200\314\372q_\360"
 148      5F13A6EA 
 148      6A63DB54 
 148      80CCFA71 
 148      5FF0
 149 027c 3EA93243 		.ascii	">\2512C\242+NQ\265*\252\326\037U\307P=\243\023uA\244"
 149      A22B4E51 
 149      B52AAAD6 
 149      1F55C750 
 149      3DA31375 
 150 0292 88A35ACB 		.ascii	"\210\243Z\313\252\373C\020\325\213\22534\365zW\341-"
 150      AAFB4310 
 150      D58B9533 
 150      34F57A57 
 150      E12D
 151 02a4 295BCFB4 		.ascii	")[\317\264C\275J\252\227\367\01040\302\326\357j>%d\230"
 151      43BD4AAA 
 151      97F70834 
 151      30C2D6EF 
 151      6A3E2564 
 152 02b9 131A4B26 		.ascii	"\023\032K&\232A&4e\223\357\033\266T\256\345\200F\025"
 152      9A412634 
 152      6593EF1B 
 152      B654AEE5 
 152      804615
 153 02cc D0A8009A 		.ascii	"\320\250\000\232\030\240h\352n&!\2074\014Pw\264\244"
 153      18A068EA 
 153      6E262187 
 153      340C5077 
 153      B4A4
 154 02de 0A3422AF 		.ascii	"\0124\"\257M\232/\354k\232\374\246B3\333w\011X\347\330"
 154      4D9A2FEC 
 154      6B9AFCA6 
 154      4233DB77 
 154      0958E7D8 
 155 02f2 0FDD7BC5 		.ascii	"\017\335{\3059\323}\231\245\373G\220\363\375\354\340"
 155      39D37D99 
 155      A5FB4790 
 155      F3FDECE0 
 156 0302 CF238AAC 		.ascii	"\317#\212\254\211\235\344h\015\223\205N\320\254\312"
 156      899DE468 
 156      0D93854E 
 156      D0ACCA
 157 0311 6A5664B5 		.ascii	"jVd\2650Y\273G\307\367h\365\3314\000\333ot\331\225\035"
 157      3059BB47 
 157      C7F768F5 
 157      D93400DB 
 157      6F74D995 
 158 0326 27C015BA 		.ascii	"'\300\025\272\201\300\020\001\261\021\254z\246\312\037"
 158      81C01001 
 158      B111AC7A 
 158      A6CA1F
 159 0335 07933B6C 		.ascii	"\007\223;l\016\232\023\231\337\216j *\002\320\033\364"
 159      0E9A1399 
 159      DF8E6A20 
 159      2A02D01B 
 159      F4
ARM GAS  /var/folders/qd/4mxf5pkd0zdf0b9dd1hp39180000gn/T//cc4tV20m.s 			page 12


 160 0346 4794E345 		.ascii	"G\224\343E\200v\224\337*G\301k\237\204\364\321\277\323"
 160      807694DF 
 160      2A47C16B 
 160      9F84F4D1 
 160      BFD3
 161 0358 6E7CD6B1 		.ascii	"n|\326\261;\333\337\322\277$\262H\200W\031\035\256\342"
 161      3BDBDFD2 
 161      BF24B248 
 161      8057191D 
 161      AEE2
 162 036a EE6E67E1 		.ascii	"\356ng\341\332\020\370\023\260\200\031\245\303\323\232"
 162      DA10F813 
 162      B08019A5 
 162      C3D39A
 163 0379 B05D6CFA 		.ascii	"\260]l\372\222\364\0060\266:\377\016\010SD\262\006\216"
 163      92F40630 
 163      B63AFF0E 
 163      085344B2 
 163      068E
 164 038b 18982E38 		.ascii	"\030\230.8\037\312\253W\213\315\212\346\254\262\240"
 164      1FCAAB57 
 164      8BCD8AE6 
 164      ACB2A0
 165 039a 39A7D7A9 		.ascii	"9\247\327\251L\357\032\017\367`\333\346I\371\000\234"
 165      4CEF1A0F 
 165      F760DBE6 
 165      49F9009C 
 166 03aa 87CDA383 		.ascii	"\207\315\243\203\373?\013\346\245\377:6\217\367\345"
 166      FB3F0BE6 
 166      A5FF3A36 
 166      8FF7E5
 167 03b9 3481BF98 		.ascii	"4\201\277\230\177#\354g\006\353bb:\271\230.&\346\253"
 167      7F23EC67 
 167      06EB6262 
 167      3AB9982E 
 167      26E6AB
 168 03cc 27D3B9A1 		.ascii	"'\323\271\241\301\333f\0173V\"j\370\353\020\314V\002"
 168      C1DB660F 
 168      3356226A 
 168      F8EB10CC 
 168      5602
 169 03de EFE83CF4 		.ascii	"\357\350<\364\215\204\233p\204\027\310\251\251\336L"
 169      8D849B70 
 169      8417C8A9 
 169      A9DE4C
 170 03ed 3D2E6525 		.ascii	"=.e%\226{\307Qr|\347\366O\245\274M\322\033\034\321\255"
 170      967BC751 
 170      727CE7F6 
 170      4FA5BC4D 
 170      D21B1CD1 
 171 0402 2E67B77F 		.ascii	".g\267\177\301\367\260e\035}\324\264\233\220\374\000"
 171      C1F7B065 
 171      1D7DD4B4 
 171      9B90FC00 
 172 0412 061BBC71 		.ascii	"\006\033\274q\362\224F\206a\271n\273\264Ej\301|\254"
 172      F2944686 
 172      61B96EBB 
ARM GAS  /var/folders/qd/4mxf5pkd0zdf0b9dd1hp39180000gn/T//cc4tV20m.s 			page 13


 172      B4456AC1 
 172      7CAC
 173 0424 E625DBAB 		.ascii	"\346%\333\253\302z\375a7\030\254\346Q{\301<R\314a\235"
 173      C27AFD61 
 173      3718ACE6 
 173      517BC13C 
 173      52CC619D 
 174 0438 974A0364 		.ascii	"\227J\003dV\377T\3444\337\323\325|O\367\251\250>\177"
 174      56FF54E4 
 174      34DFD3D5 
 174      7C4FF7A9 
 174      A83E7F
 175 044b 543F431D 		.ascii	"T?C\035\231\234\332\036Jj9jl\362t\240\214\352s\362\035"
 175      999CDA1E 
 175      4A6A396A 
 175      6CF274A0 
 175      8CEA73F2 
 176 0460 7D88EFE8 		.ascii	"}\210\357\350\001\0254\340\017\272\311@\035\203\325"
 176      011534E0 
 176      0FBAC940 
 176      1D83D5
 177 046f C9A48573 		.ascii	"\311\244\205s\276-8X\030J\272yc{u\315~-n#\030b%8\307"
 177      BE2D3858 
 177      184ABA79 
 177      637B75CD 
 177      7E2D6E23 
 178 0488 66FBFC6A 		.ascii	"f\373\374j\376\371\2209\367\325\035\266\257n+\373\352"
 178      FEF99039 
 178      F7D51DB6 
 178      AF6E2BFB 
 178      EA
 179 0499 CBB18A5C 		.ascii	"\313\261\212\\E\350P9\251/\032\270\272I\012\317ZF\375"
 179      45E85039 
 179      A92F1AB8 
 179      BA490ACF 
 179      5A46FD
 180 04ac 6050910A 		.ascii	"`P\221\012\267@C[\276j\3572\265S\017\253\252t$W\313"
 180      B740435B 
 180      BE6AEF32 
 180      B5530FAB 
 180      AA742457 
 181 04c1 1496955C 		.ascii	"\024\226\225\\\333\031\250\256\355\271\242\302+\024"
 181      DB19A8AE 
 181      EDB9A2C2 
 181      2B14
 182 04cf 17C8667E 		.ascii	"\027\310f~O\235\371=\177\326}\306\312\277\326yZK\012"
 182      4F9DF93D 
 182      7FD67DC6 
 182      CABFD679 
 182      5A4B0A
 183 04e2 386BF4D0 		.ascii	"8k\364\320\335\021\2055\3767\237\034\016\253\244a\177"
 183      DD118535 
 183      FE379F1C 
 183      0EABA461 
 183      7F
 184 04f3 D20823E5 		.ascii	"\322\010#\345|]\267UC\2529\251\267x\244-X-\222\223\276"
 184      7C5DB755 
ARM GAS  /var/folders/qd/4mxf5pkd0zdf0b9dd1hp39180000gn/T//cc4tV20m.s 			page 14


 184      43AA39A9 
 184      B778A42D 
 184      582D9293 
 185 0508 4532AAC2 		.ascii	"E2\252\302F\375ac\014\3260PP\035J\3328\354d\337?\307"
 185      46FD6163 
 185      0CD63050 
 185      501D4ADA 
 185      38EC64DF 
 186 051e D52A897D 		.ascii	"\325*\211}\342S%\343*k\334\2375\301X\275_\015\355\011"
 186      E25325E3 
 186      2A6BDC9F 
 186      35C158BD 
 186      5F0DED09 
 187 0532 2177382B 		.ascii	"!w8+\267\341N\221\262\025Z\323}\246\370@%=\360'=d\244"
 187      B7E14E91 
 187      B2155AD3 
 187      7DA6F840 
 187      253DF027 
 188 0549 7DA50F1A 		.ascii	"}\245\017\032\003\370\216\326a\363f\311\323\313\301"
 188      03F88ED6 
 188      61F366C9 
 188      D3CBC1
 189 0558 E411077F 		.ascii	"\344\021\007\177\321Z\264\212\036\015\231/\365O\003"
 189      D15AB48A 
 189      1E0D992F 
 189      F54F03
 190 0567 0774ED29 		.ascii	"\007t\355)\224\200<\346\243O\317\014\266\350\310\014"
 190      94803CE6 
 190      A34FCF0C 
 190      B6E8C80C 
 191 0577 6F283F92 		.ascii	"o(?\222a\374G\362\354`C\255\236\037\034\022\320\263"
 191      61FC47F2 
 191      EC6043AD 
 191      9E1F1C12 
 191      D0B3
 192 0589 BFE059B3 		.ascii	"\277\340Y\263H\262\346\361\015\264w\333\275\000%n\366"
 192      48B2E6F1 
 192      0DB477DB 
 192      BD00256E 
 192      F6
 193 059a 4BC4D5DE 		.ascii	"K\304\325\336\1778R\026\010\221\221\221Q\221\013\363"
 193      7F385216 
 193      08919191 
 193      51910BF3 
 194 05aa A5AC4C2C 		.ascii	"\245\254L,\233\333\344v\361a,\233\303\213`\012\213\372"
 194      9BDBE476 
 194      F1612C9B 
 194      C38B600A 
 194      8BFA
 195 05bc 3126224B 		.ascii	"1&\"K\\\250\222\014\264\214\227\343\227\220/\345\340"
 195      5CA8920C 
 195      B48C97E3 
 195      97902FE5 
 195      E0
 196 05cd 80BE8304 		.ascii	"\200\276\203\0043\227\205\277\021\350\375\324\337\373"
 196      339785BF 
 196      11E8FDD4 
ARM GAS  /var/folders/qd/4mxf5pkd0zdf0b9dd1hp39180000gn/T//cc4tV20m.s 			page 15


 196      DFFB
 197 05db 11ABFA73 		.ascii	"\021\253\372s\300\375i\200V\305\237\322\177y!\235\273"
 197      C0FD6980 
 197      56C59FD2 
 197      7F79219D 
 197      BB
 198 05ec F33F60CF 		.ascii	"\363?`\317\016\220\\IZ@\275\004yE\204YV\367Ar\014\013"
 198      0E905C49 
 198      5A40BD04 
 198      79458459 
 198      56F74172 
 199 0602 60AB96C1 		.ascii	"`\253\226\301&_\034\234i\335-\237\255\022\356<x\202"
 199      265F1C9C 
 199      69DD2D9F 
 199      AD12EE3C 
 199      7882
 200 0614 0ED3EC1D 		.ascii	"\016\323\354\035uG(d\210Q0\003\221\260I\214\204L4I\214"
 200      75472864 
 200      88513003 
 200      91B0498C 
 200      844C3449 
 201 0629 54FEC6FE 		.ascii	"T\376\306\376t\341V\356|r\206eX,z\332\363Y ,\214z!\016"
 201      74E156EE 
 201      7C728665 
 201      582C7ADA 
 201      F359202C 
 202 0641 3E41CA7F 		.ascii	">A\312\177#\362Y\015\037$\2318\030\266\240\367fq\266"
 202      23F2590D 
 202      1F249938 
 202      18B6A0F7 
 202      6671B6
 203 0654 D4E82459 		.ascii	"\324\350$Y\320\322\356\356\252\000\357\343}\213\327"
 203      D0D2EEEE 
 203      AA00EFE3 
 203      7D8BD7
 204 0663 BC04C816 		.ascii	"\274\004\310\026\371\361\216wZ\211\031\205}Zo\347\313"
 204      F9F18E77 
 204      5A891985 
 204      7D5A6FE7 
 204      CB
 205 0674 3EBF055B 		.ascii	">\277\005[egz\377uL\214\201\177\234nC\212\311fHu\272"
 205      65677AFF 
 205      754C8C81 
 205      7F9C6E43 
 205      8AC96648 
 206 068a 3C6EC3DB 		.ascii	"<n\303\333\011\357\254Z\237\220dx{E\354F\203\333c\264"
 206      09EFAC5A 
 206      9F906478 
 206      7B45EC46 
 206      83DB63B4 
 207 069e D99263CC 		.ascii	"\331\222c\314\272\337\277\363\336\342\370\345\313\005"
 207      BADFBFF3 
 207      DEE2F8E5 
 207      CB05
 208 06ac BDD19866 		.ascii	"\275\321\230fux^]a\364\374\003\014q\251\2516\253\331"
 208      75785E5D 
 208      61F4FC03 
ARM GAS  /var/folders/qd/4mxf5pkd0zdf0b9dd1hp39180000gn/T//cc4tV20m.s 			page 16


 208      0C71A9A9 
 208      36ABD9
 209 06bf E4B13A1D 		.ascii	"\344\261:\035n\303*\263\315\232\352\266\030-\321\251"
 209      6EC32AB3 
 209      CD9AEAB6 
 209      182DD1A9 
 210 06cf 69E60D2B 		.ascii	"i\346\015+bL\251\251\206x\247\303cqx\236{iX\357t\332"
 210      624CA9A9 
 210      8678A7C3 
 210      6371789E 
 210      7B6958EF 
 211 06e5 DC860FCD 		.ascii	"\334\206\017\315\346h\223\313\036\355p:,\321\026\323"
 211      E66893CB 
 211      1EED703A 
 211      2CD116D3 
 212 06f5 9FADD12B 		.ascii	"\237\255\321+\243W\304._\031\375\321k\321v\323_\234"
 212      A357C42E 
 212      5F19FDD1 
 212      6BD176D3 
 212      5F9C
 213 0707 2E83CF5B 		.ascii	".\203\317[\203\325a\266\245%[\014v\2239\305\352\260"
 213      83D561B6 
 213      A5255B0C 
 213      769339C5 
 213      EAB0
 214 0719 188CC996 		.ascii	"\030\214\311\226\017Li6\217\321\223\236jq\307\244\010"
 214      0F4C6936 
 214      8FD1939E 
 214      6A71C7A4 
 214      08
 215 072a 3A45DC27 		.ascii	":E\334'\377?q\356t\267\301\350\366$\243\022T4?)\335"
 215      FF3F71EE 
 215      74B7C1E8 
 215      F624A312 
 215      54343F29 
 216 073f BDDE6ADE 		.ascii	"\275\336j\336`\\mr$\333,\256\337\374\017Y\027\202\370"
 216      605C6D72 
 216      24DB2CAE 
 216      DFFC0F59 
 216      1782F8
 217 0752 93D1EAB0 		.ascii	"\223\321\352\260z\302\214\324\323hu}d\264\244Zm\316"
 217      7AC28CD4 
 217      D368757D 
 217      64B4A45A 
 217      6DCE
 218 0764 0FD32CCB 		.ascii	"\017\323,\313\274Y.\217\214\212[\267&~\315F\2039\305"
 218      BC592E8F 
 218      8C8A5BB7 
 218      267ECD46 
 218      8339C5
 219 0777 EC74598C 		.ascii	"\354tY\214\037\257\264\243\2120s\012\323a\267\270d\035"
 219      1FAFB4A3 
 219      8A30730A 
 219      D361B7B8 
 219      641D
 220 0789 09AFF80D 		.ascii	"\011\257\370\015V\344\233Sp\0028$\302\361\261\325\234"
 220      56E49B53 
ARM GAS  /var/folders/qd/4mxf5pkd0zdf0b9dd1hp39180000gn/T//cc4tV20m.s 			page 17


 220      70023824 
 220      C2F1B1D5 
 220      9C
 221 079a 64F1E038 		.ascii	"d\361\3408\217\305.\217Z\353\262:]VO\372\034\265cv\332"
 221      8FC52E8F 
 221      5AEBB23A 
 221      5D564FFA 
 221      1CB56376 
 222 07af ED4E87A2 		.ascii	"\355N\207\242\200\002\020\2441\247\230\\aN\267\311\206"
 222      800210A4 
 222      31A7985C 
 222      614EB7C9 
 222      86
 223 07c0 A844A779 		.ascii	"\250D\247y\303[.\247=!i\335+\376\014\352"
 223      C35B2EA7 
 223      3D2169DD 
 223      2BFE0CEA 
 224 07d0 4295D03B 		.ascii	"B\225\320;\216[\3004{\015\010c\011\260a\207\361\003"
 224      8E5BC034 
 224      7B0D0863 
 224      09B06187 
 224      F103
 225 07e2 EC315ADD 		.ascii	"\3541Z\335\256\300\331\256\020\243\321m\361\030\337"
 225      AEC0D9AE 
 225      10A3D16D 
 225      F118DF
 226 07f1 8C4B5AB5 		.ascii	"\214KZ\265v]B\210\311\366WS\272\033\023g\303:\361\311"
 226      765D4288 
 226      C9F65753 
 226      BA1B1367 
 226      C33AF1C9 
 227 0805 B965A3C7 		.ascii	"\271e\243\307\020\277&\011s=;c\232'\263\375\2554\007"
 227      10BF2609 
 227      733D3B63 
 227      9A27B3FD 
 227      AD3407
 228 0818 95BB9086 		.ascii	"\225\273\220\206\177\3277W\341\262\372\367\0346/9L\237"
 228      7FD73757 
 228      E1B2FAF7 
 228      1C362F39 
 228      4C9F
 229 082a 4F573893 		.ascii	"OW8\223\223\346\360\321\030\344\325I\376\020\227\250"
 229      93E6F0D1 
 229      18E4D549 
 229      FE1097A8 
 230 083a 497C37EE 		.ascii	"I|7\356w\232\370\365\353\022\003\342\343\022\023\336"
 230      779AF8F5 
 230      EB1203E2 
 230      E31213DE 
 231 084a 5CF652EA 		.ascii	"\\\366R\352^Ci\301J-\255\307r\377\017\035\002\331\037"
 231      5E4369C1 
 231      4A2DADC7 
 231      72FF0F1D 
 231      02D91F
 232              		.text
 233              		.section	.gnu.lto_.symtab.81e894a73332240,"",%progbits
 234 0000 53797354 		.ascii	"SysTick_Handler\000"
ARM GAS  /var/folders/qd/4mxf5pkd0zdf0b9dd1hp39180000gn/T//cc4tV20m.s 			page 18


 234      69636B5F 
 234      48616E64 
 234      6C657200 
 235 0010 00       		.ascii	"\000"
 236 0011 00       		.ascii	"\000"
 237 0012 00       		.ascii	"\000"
 238 0013 00000000 		.ascii	"\000\000\000\000\000\000\000\000"
 238      00000000 
 239 001b C5000000 		.ascii	"\305\000\000\000"
 240 001f 73745F6C 		.ascii	"st_lld_init\000"
 240      6C645F69 
 240      6E697400 
 241 002b 00       		.ascii	"\000"
 242 002c 00       		.ascii	"\000"
 243 002d 00       		.ascii	"\000"
 244 002e 00000000 		.ascii	"\000\000\000\000\000\000\000\000"
 244      00000000 
 245 0036 C7000000 		.ascii	"\307\000\000\000"
 246 003a 5F706F72 		.ascii	"_port_irq_epilogue\000"
 246      745F6972 
 246      715F6570 
 246      696C6F67 
 246      756500
 247 004d 00       		.ascii	"\000"
 248 004e 02       		.ascii	"\002"
 249 004f 00       		.ascii	"\000"
 250 0050 00000000 		.ascii	"\000\000\000\000\000\000\000\000"
 250      00000000 
 251 0058 C9000000 		.ascii	"\311\000\000\000"
 252 005c 63685379 		.ascii	"chSysTimerHandlerI\000"
 252      7354696D 
 252      65724861 
 252      6E646C65 
 252      724900
 253 006f 00       		.ascii	"\000"
 254 0070 02       		.ascii	"\002"
 255 0071 00       		.ascii	"\000"
 256 0072 00000000 		.ascii	"\000\000\000\000\000\000\000\000"
 256      00000000 
 257 007a CB000000 		.ascii	"\313\000\000\000"
 258 007e 6E766963 		.ascii	"nvicSetSystemHandlerPriority\000"
 258      53657453 
 258      79737465 
 258      6D48616E 
 258      646C6572 
 259 009b 00       		.ascii	"\000"
 260 009c 02       		.ascii	"\002"
 261 009d 00       		.ascii	"\000"
 262 009e 00000000 		.ascii	"\000\000\000\000\000\000\000\000"
 262      00000000 
 263 00a6 D0000000 		.ascii	"\320\000\000\000"
 264              		.text
 265              		.section	.gnu.lto_.opts,"",%progbits
 266 0000 272D666D 		.ascii	"'-fmath-errno' '-fsigned-zeros' '-ftrapping-math' '"
 266      6174682D 
 266      6572726E 
 266      6F272027 
ARM GAS  /var/folders/qd/4mxf5pkd0zdf0b9dd1hp39180000gn/T//cc4tV20m.s 			page 19


 266      2D667369 
 267 0033 2D666E6F 		.ascii	"-fno-trapv' '-fno-openmp' '-fno-openacc' '-mcpu=cor"
 267      2D747261 
 267      70762720 
 267      272D666E 
 267      6F2D6F70 
 268 0066 7465782D 		.ascii	"tex-m4' '-mno-thumb-interwork' '-mthumb' '-O2' '-fo"
 268      6D342720 
 268      272D6D6E 
 268      6F2D7468 
 268      756D622D 
 269 0099 6D69742D 		.ascii	"mit-frame-pointer' '-falign-functions=16' '-ffuncti"
 269      6672616D 
 269      652D706F 
 269      696E7465 
 269      72272027 
 270 00cc 6F6E2D73 		.ascii	"on-sections' '-fdata-sections' '-fno-common' '-flto"
 270      65637469 
 270      6F6E7327 
 270      20272D66 
 270      64617461 
 271 00ff 2700     		.ascii	"'\000"
 272              		.text
 273              		.comm	__gnu_lto_v1,1,1
 274              		.comm	__gnu_lto_slim,1,1
 275              		.ident	"GCC: (GNU Tools for Arm Embedded Processors 7-2017-q4-major) 7.2.1 20170904 (release) [ARM
ARM GAS  /var/folders/qd/4mxf5pkd0zdf0b9dd1hp39180000gn/T//cc4tV20m.s 			page 20


DEFINED SYMBOLS
                            *ABS*:0000000000000000 st_lld.c
                            *COM*:0000000000000001 __gnu_lto_v1
                            *COM*:0000000000000001 __gnu_lto_slim

NO UNDEFINED SYMBOLS
