ARM GAS  /var/folders/qd/4mxf5pkd0zdf0b9dd1hp39180000gn/T//cccAtQur.s 			page 1


   1              		.cpu cortex-m4
   2              		.eabi_attribute 20, 1
   3              		.eabi_attribute 21, 1
   4              		.eabi_attribute 23, 3
   5              		.eabi_attribute 24, 1
   6              		.eabi_attribute 25, 1
   7              		.eabi_attribute 26, 1
   8              		.eabi_attribute 30, 2
   9              		.eabi_attribute 34, 1
  10              		.eabi_attribute 18, 4
  11              		.file	"chmemcore.c"
  12              		.section	.gnu.lto_.profile.7628f6062de9c3b3,"",%progbits
  13 0000 789C6363 		.ascii	"x\234cc```\001bF\006\025\005\000\000\340\000P"
  13      60606001 
  13      62460615 
  13      050000E0 
  13      0050
  14              		.text
  15              		.section	.gnu.lto_.icf.7628f6062de9c3b3,"",%progbits
  16 0000 789C6363 		.ascii	"x\234cc``Pc@\0006\206\223;\336w\2630\355}\370\256\235"
  16      60605063 
  16      40003686 
  16      933BDE77 
  16      B330ED7D 
  17 0017 95054CB2 		.ascii	"\225\005L\262\356\\\324=\207\237m\333\256\227\247\370"
  17      EE5CD43D 
  17      879F6DDB 
  17      AE97A7F8 
  18 0027 D91B975E 		.ascii	"\331\033\227^\375\300\303\000\000iI\0224"
  18      FDC0C300 
  18      00694912 
  18      34
  19              		.text
  20              		.section	.gnu.lto_.jmpfuncs.7628f6062de9c3b3,"",%progbits
  21 0000 789C6363 		.ascii	"x\234cc``\220`@\000\026 fedd\254\237\303\314\300\006"
  21      60609060 
  21      40001620 
  21      66656464 
  21      AC9FC3CC 
  22 0016 A5D98162 		.ascii	"\245\331\201b\000\037\200\002w"
  22      001F8002 
  22      77
  23              		.text
  24              		.section	.gnu.lto_.inline.7628f6062de9c3b3,"",%progbits
  25 0000 789C6363 		.ascii	"x\234cc``Hf@\000\026\006\006V\026F\006&\226\005\362"
  25      60604866 
  25      40001606 
  25      06561646 
  25      06269605 
  26 0015 0C6C0BE4 		.ascii	"\014l\013\344\231@b\254\014|\274\214\214\014\012\214"
  26      994062AC 
  26      0C7CBC8C 
  26      8C0C0A8C 
  27 0025 0C0CCC42 		.ascii	"\014\014\314B/:\031!\022@\025, Y6\006\036n\230,\337"
  27      2F3A1921 
  27      1240152C 
  27      20593606 
ARM GAS  /var/folders/qd/4mxf5pkd0zdf0b9dd1hp39180000gn/T//cccAtQur.s 			page 2


  27      1E6E982C 
  28 003a 892C5449 		.ascii	"\211,TIv\0066V\240il\037\364\340\2461\000\000\010\312"
  28      76063656 
  28      A0696C1F 
  28      F4E0A631 
  28      000008CA 
  29 004e 0A6D     		.ascii	"\012m"
  30              		.text
  31              		.section	.gnu.lto_.pureconst.7628f6062de9c3b3,"",%progbits
  32 0000 789C6363 		.ascii	"x\234cc``\340\002b\026\006\011\326]\214l\022\354,\000"
  32      6060E002 
  32      62160609 
  32      D65D8C6C 
  32      12EC2C00 
  33 0014 06E80116 		.ascii	"\006\350\001\026"
  34              		.text
  35              		.section	.gnu.lto__core_init.7628f6062de9c3b3,"",%progbits
  36 0000 789C7D52 		.ascii	"x\234}R[k\023Q\020\2369\263\227\210\246E\360\301\033"
  36      5B6B1351 
  36      109E39B3 
  36      9788A645 
  36      F0C11B
  37 0013 58843CF4 		.ascii	"X\204<\364%\373\007\374/K\215\013}\251\225\304\367\234"
  37      25FB07FC 
  37      2F4B8D0B 
  37      7DA995C4 
  37      F79C
  38 0025 34A68951 		.ascii	"4\246\211QA\212F)A\026\024\304\027K0\251\256\306v]/"
  38      418A4629 
  38      411614C4 
  38      174B30A9 
  38      AEC6765D 
  39 003a A0600B52 		.ascii	"\240`\013R\020\021k\361\366 \"Tk\365\301v\235\263\273"
  39      10116BF1 
  39      F6202254 
  39      6BF5C176 
  39      9DB3BB
  40 004d 6DB5010F 		.ascii	"m\265\001\017{f\347\314\371f\346\373f\327\000\200U\001"
  40      7B66E7CC 
  40      F966E6FB 
  40      66D70080 
  40      5501
  41 005f 7084DF07 		.ascii	"p\204\337\007x#\001\212\363s\000\245\224@T\216L!\024"
  41      7823018A 
  41      F37300A5 
  41      9440548E 
  41      4C2114
  42 0072 0516F12C 		.ascii	"\005\026\361,] \014\252\237<1x]\362\362/u\215qY\331"
  42      5D200CAA 
  42      9F3C3178 
  42      5DF2F22F 
  42      758D7159 
  43 0087 DB248006 		.ascii	"\333$\200\006o\265\360\026\016\002\303~\324\277\177"
  43      6FB5F016 
  43      0E02C37E 
  43      D4BF7F
  44 0096 4CD36154 		.ascii	"L\323aT\276;\033\314\367g\256\312%N\231\233\3343!\335"
ARM GAS  /var/folders/qd/4mxf5pkd0zdf0b9dd1hp39180000gn/T//cccAtQur.s 			page 3


  44      BE3B1BCC 
  44      F767AECA 
  44      254E999B 
  44      DC3321DD 
  45 00aa CB526B12 		.ascii	"\313Rk\022b\033)\311S.(\354\313\017\355\026\222\025"
  45      621B29C9 
  45      532E28EC 
  45      CB0FED16 
  45      9215
  46 00bc E52D7A37 		.ascii	"\345-z7[F\222\027\354/\311\2404\240\262\246\267\262"
  46      5B469217 
  46      EC2FC9A0 
  46      34A0B2A6 
  46      B7B2
  47 00ce A693AC77 		.ascii	"\246\223\254w\255\365\213iC\303\333\230\301\016fb6x"
  47      ADF58B69 
  47      43C3DB98 
  47      C10E6662 
  47      3678
  48 00e0 070D4076 		.ascii	"\007\015@v\246^\350\276\\\017\253\322_\3357\265\362"
  48      A65EE8BE 
  48      5C0FABD2 
  48      5FDD37B5 
  48      F2
  49 00f1 76F74E84 		.ascii	"v\367N\204&\011\241\014)\243\261!]y\2062\246:\002\324"
  49      2609A10C 
  49      29A3B121 
  49      5D798632 
  49      A63A02D4 
  50 0105 78B37CE9 		.ascii	"x\263|\351\303i\022\312+\373\360\031\307\276U\237w\226"
  50      C36912CA 
  50      2BFBF019 
  50      C7BE559F 
  50      7796
  51 0117 50D59E24 		.ascii	"P\325\236$\344\326\215J0o\236\241&i\021g\317\373\362"
  51      E4D68D4A 
  51      306F9EA1 
  51      26691167 
  51      CFFBF2
  52 012a DA2CAEC9 		.ascii	"\332,\256\311\024\007\\\305\202c\355\362\362D\237\213"
  52      14075CC5 
  52      8263EDF2 
  52      F2449F8B 
  53 013a 5750B1BF 		.ascii	"WP\261\277\313\203\364\360`t1\263\374\354}\037\203k"
  53      CB83F4F0 
  53      607431B3 
  53      FCEC7D1F 
  53      836B
  54 014c 520EA802 		.ascii	"R\016\250\002\367\320e\276\330\305\"w*7\306\2236\"\356"
  54      F7D065BE 
  54      D8C52277 
  54      2A37C693 
  54      3622EE
  55 015f B452AFFC 		.ascii	"\264R\257\374$\325I\240\211\367\271\004c~o`\210a\214"
  55      24D549A0 
  55      89F7B904 
  55      637E6F60 
ARM GAS  /var/folders/qd/4mxf5pkd0zdf0b9dd1hp39180000gn/T//cccAtQur.s 			page 4


  55      88618C
  56 0172 5938756D 		.ascii	"Y8umqG\214\371\025\206a?\316D8f\375\212b\240\306X\025"
  56      71478CF9 
  56      1586613F 
  56      CE443866 
  56      FD8A62A0 
  57 0189 59A87B51 		.ascii	"Y\250{Q\344o\011\372v\011\272K\270]\002\241\317\022"
  57      E46F09FA 
  57      7609BA4B 
  57      B85D02A1 
  57      CF12
  58 019b 6695047C 		.ascii	"f\225\004|\300\204\271d\334\341M\247\233\220\321{\006"
  58      C084B964 
  58      DCE14DA7 
  58      9B90D17B 
  58      06
  59 01ac 217A0711 		.ascii	"!z\007\021\374g\020\017\343A<\212\007\261)R\225\336"
  59      FC67100F 
  59      E3413C8A 
  59      07B12952 
  59      95DE
  60 01be 52F43451 		.ascii	"R\3644Qd\362E\254\350\306\206\242\177%P\257\204\307"
  60      64F245AC 
  60      E8C686A2 
  60      7F2550AF 
  60      84C7
  61 01d0 9B129E44 		.ascii	"\233\022\236D\022L\370\212cnx.j\024\375[5V\316\037\235"
  61      124CF88A 
  61      636E782E 
  61      6A14FD5B 
  61      3556CE1F 
  62 01e5 891FCA66 		.ascii	"\211\037\312f\255\370\031-X\371\223V!\237\263r\303#"
  62      ADF8192D 
  62      58F99356 
  62      219FB372 
  62      C323
  63 01f7 CE486E34 		.ascii	"\316Hn4\357ds\260\313\266\207\235\241\023\266s\374\230"
  63      EF6473B0 
  63      CBB6879D 
  63      A113B673 
  63      FC98
  64 0209 6DA793C3 		.ascii	"m\247\223\303\321\241\202c\333\177\000\267\363\011?"
  64      D1A18263 
  64      DB7F00B7 
  64      F3093F
  65              		.text
  66              		.section	.gnu.lto_chCoreAlloc.7628f6062de9c3b3,"",%progbits
  67 0000 789C8D54 		.ascii	"x\234\215T\377oSU\024\277\347\335\373\336\3537\020\375"
  67      FF6F5355 
  67      14BFE7DD 
  67      FBDEEB37 
  67      10FD
  68 0012 C91F16ED 		.ascii	"\311\037\026\355\214\315\\BV~\320\230\030\1771$*?\354"
  68      8CCD5C42 
  68      567ED098 
  68      187F3124 
  68      2A3FEC
ARM GAS  /var/folders/qd/4mxf5pkd0zdf0b9dd1hp39180000gn/T//cccAtQur.s 			page 5


  69 0025 17F607E8 		.ascii	"\027\366\007\350\254M\266d\245K\273\021\306/{k\273\225"
  69      AC4DB664 
  69      A54BBB11 
  69      C62F7B6B 
  69      BB95
  70 0037 C2080667 		.ascii	"\302\010\006g\205\246n\225\241\003\015\242\210\342\312"
  70      85A66E95 
  70      A1030DA2 
  70      88E2CA
  71 0046 1885214C 		.ascii	"\030\205!L\007\033c\035Nf\314`\331\000]P\320\340\010"
  71      071B631D 
  71      4E66CC60 
  71      D9005D50 
  71      D0E008
  72 0059 6EF59CFB 		.ascii	"n\365\234\373J\035mBx\331n\357=\367s\316\371\334\317"
  72      4A1D6D42 
  72      78D96EEF 
  72      3DF773CE 
  72      F9DCCF
  73 006c 3DE76A8C 		.ascii	"=\347j\2141\237\306\330)\374}\011\377Ae\240\2747\312"
  73      319FC6D8 
  73      29FC7D09 
  73      FF4165A0 
  73      BC37CA
  74 007f 589B4551 		.ascii	"X\233EQDDg\206\215w\236c\314pp\020\246]\000\320\304"
  74      44446786 
  74      8D779E63 
  74      CC707010 
  74      A65D00D0 
  75 0094 B0006B55 		.ascii	"\260\000kU\270\200V\350\344]\034\306#_&\371\016\236"
  75      B88056E8 
  75      E45D1CC6 
  75      235F26F9 
  75      0E9E
  76 00a6 E40C042E 		.ascii	"\344\014\004.o_H\314\256\246%\200\023\227\007\243\177"
  76      6F5F48CC 
  76      AEA62580 
  76      139707A3 
  76      7F
  77 00b7 8D6B957D 		.ascii	"\215k\225}\206\02122\037\246\365\276p\373\233I\256\260"
  77      86113232 
  77      1FA6F5BE 
  77      70FB9B49 
  77      AEB0
  78 00c9 38A28F42 		.ascii	"8\242\217B\031|\015e\224\374\033\250D\354\276\266\311"
  78      197C0D65 
  78      94FC1BA8 
  78      44ECBEB6 
  78      C9
  79 00da 9155FC39 		.ascii	"\221U\3749`8\237\211\035\332)*>\221~\331^n<\237\344"
  79      60389F89 
  79      1DDA292A 
  79      3E917ED9 
  79      5E6E3C9F 
  80 00ef 1CBE05BE 		.ascii	"\034\276\005\276\322\021M\014\216A\005\341\317gb\207"
  80      D2114D0C 
  80      8E4105E1 
ARM GAS  /var/folders/qd/4mxf5pkd0zdf0b9dd1hp39180000gn/T//cccAtQur.s 			page 6


  80      CF676287 
  81 00ff 6DBC42FA 		.ascii	"m\274B\372\236]\354\255u\365J\327\273\037=\365q\330"
  81      9E5DECAD 
  81      75F54AD7 
  81      BB1F3DF5 
  81      71D8
  82 0111 18360426 		.ascii	"\0306\004&\205\357\036v\247\017\321\327\276Z\376`\225"
  82      85EF1E76 
  82      A70FD1D7 
  82      BE5AFE60 
  82      95
  83 0122 26A01F5C 		.ascii	"&\240\037\\D\013\331\244A\203\302F\304\300/s\271[\223"
  83      440BD9A4 
  83      4183C246 
  83      C4C02F73 
  83      B95B93
  84 0135 F6388715 		.ascii	"\3668\207\025>\014\216#t\0004V\004\037\231{\005\365"
  84      3E0C8E23 
  84      74003456 
  84      041F997B 
  84      05F5
  85 0147 1C20BC42 		.ascii	"\034 \274B{\327\007\242Y\340\033\244\357\302\374\266"
  85      7BD707A2 
  85      59E01BA4 
  85      EFC2FCB6 
  86 0157 8CC8D3CB 		.ascii	"\214\310\323\313\355}\341\336\324\015\303\330m@\022"
  86      ED7DE1DE 
  86      D40DC3D8 
  86      6D4012
  87 0166 151D7C04 		.ascii	"\025\035|\004A3\360\255{\032\234D\242p\202b\363\207"
  87      4133F0AD 
  87      7B1A9C44 
  87      A2708262 
  87      F387
  88 0178 B86490CB 		.ascii	"\270d\220\313)\344B\003\3401p\357\363\236\266\203\266"
  88      29E44203 
  88      E03170EF 
  88      F39EB683 
  88      B6
  89 0189 7C2EA9BE 		.ascii	"|.\251\276)E\211\222\364\301ip\035\276\244f\214\345"
  89      29458992 
  89      F4C16970 
  89      1DBEA466 
  89      8CE5
  90 019b 5CD4C89C 		.ascii	"\\\324\310\234\331\017\323o<\251\000\351\313QiUH\200"
  90      D90FD36F 
  90      3CA900E9 
  90      CB516955 
  90      4880
  91 01ad 8A534DC3 		.ascii	"\212SM\303A\327if\241\231\225\006\033a\354ds0\272`\266"
  91      41D76966 
  91      A1999506 
  91      1B61EC64 
  91      7330BA60 
  92 01c2 0DA5C472 		.ascii	"\015\245\304r12,\206K\234\2053l\036\224R\005\326\375"
  92      31322C86 
  92      4B9C8533 
ARM GAS  /var/folders/qd/4mxf5pkd0zdf0b9dd1hp39180000gn/T//cccAtQur.s 			page 7


  92      6C1E9452 
  92      05D6FD
  93 01d5 F1680560 		.ascii	"\361h\005`\010\\\350\024\275i\234\020TW\002\234p\006"
  93      085CE814 
  93      BD699C10 
  93      5457029C 
  93      7006
  94 01e7 F77E87D0 		.ascii	"\367~\207\320\265\353\273\272f\237.\222\350\375\213"
  94      B5EBBBBA 
  94      669F2E92 
  94      E8FD8B
  95 01f6 7AFEAA44 		.ascii	"z\376\252D\311\265\264\273\361Z\276\247=\265x\357\376"
  95      C9B5B4BB 
  95      F15ABEA7 
  95      3DB578EF 
  95      FE
  96 0207 DE57FD94 		.ascii	"\336W\375\224\212\301\331Ri\317\241\242\303$\3550I\013"
  96      8AC1D952 
  96      69CFA1A2 
  96      C324ED30 
  96      490B
  97 0219 EC531277 		.ascii	"\354S\022w_\317\221E[\3711\3501\3668\223\334B\016\207"
  97      5FCF9145 
  97      5BF931E8 
  97      31F63893 
  97      DC420E87 
  98 022d 668F1B16 		.ascii	"f\217\033\026\201\247\207\037\240\\^\336\237\013\331"
  98      81A7871F 
  98      A05C5EDE 
  98      9F0BD9
  99 023c 69052DF0 		.ascii	"i\005-\360#\010I\233\301\210\354\223\003\203Cs\216\362"
  99      2308499B 
  99      C188EC93 
  99      03834373 
  99      8EF2
 100 024e 74DEDB4A 		.ascii	"t\336\333J\330;_\034\231\264K\357\363\344\015\027@\240"
 100      D83B5F1C 
 100      99B44BEF 
 100      F3E40D17 
 100      40A0
 101 0260 6421A794 		.ascii	"d!\247\224\200\321t&v\203\313\362\304\253H\240\254\277"
 101      80D17426 
 101      7683CBF2 
 101      C4AB48A0 
 101      ACBF
 102 0272 4138DEB1 		.ascii	"A8\336\261s\242\256\350,\243\3356B\344e\320\212zb\376"
 102      73A2AEE8 
 102      2CA3DD36 
 102      42E465D0 
 102      8A7A62FE 
 103 0286 C063F7C4 		.ascii	"\300c\367\304\030\005\031\305|\027\351\3608$8\307\274"
 103      180519C5 
 103      7C17E9F0 
 103      382438C7 
 103      BC
 104 0297 88F87B7B 		.ascii	"\210\370{{\373?\262\353U\320a\034=\221\312\277H\345"
 104      FB3FB2EB 
ARM GAS  /var/folders/qd/4mxf5pkd0zdf0b9dd1hp39180000gn/T//cccAtQur.s 			page 8


 104      55D0611C 
 104      3D91CABF 
 104      48E5
 105 02a9 6D132510 		.ascii	"m\023%\020\210\250ld\377\257V\023\265\230\313\345\236"
 105      88A86C64 
 105      FFAF5613 
 105      B598CBE5 
 105      9E
 106 02ba 804B88A4 		.ascii	"\200K\210\244#\021\312<\204@\317P\374fb\316nz\252\350"
 106      2311CA3C 
 106      8440CF50 
 106      FC6662CE 
 106      6E7AAAE8 
 107 02ce 166F3F3D 		.ascii	"\026o?=\246\223\233MvL\177\377\302\264\336\272dX\320"
 107      A6939B4D 
 107      764C7FFF 
 107      C2B4DEBA 
 107      6458D0
 108 02e1 90E226C3 		.ascii	"\220\342&\303\243\341\333\273W\247\240\033\253F\203"
 108      A3E1DBBB 
 108      57A7A01B 
 108      AB4683
 109 02f0 2CBE4513 		.ascii	",\276E\023R\333IH\001\005\274\023\0053\034E\224\031"
 109      52DB4948 
 109      0105BC13 
 109      05331C45 
 109      9419
 110 0302 ACE65A2F 		.ascii	"\254\346Z/\211\007\245\361.\027\342\375T\034\317\202"
 110      8907A5F1 
 110      2E17E2FD 
 110      541CCF82 
 111 0312 21E8AC7B 		.ascii	"!\350\254{:\362\006\253\314a1A-\246\315\206f6\007\221"
 111      3AF206AB 
 111      CC613141 
 111      2DA6CD86 
 111      66360791 
 112 0326 A9A1170B 		.ascii	"\251\241\027\013r\330\244\2661,,|Ve/\204R\367\273T)"
 112      72D8A4B6 
 112      312C2C7C 
 112      56652F84 
 112      52F7BB54 
 113 033b C4180921 		.ascii	"\304\030\011!\303&;\226&\032L\037;\232\362\362d\267"
 113      C3263B96 
 113      261A4C1F 
 113      3B9AF2F2 
 113      64B7
 114 034d CB648F43 		.ascii	"\313d\217C}\252@\375g\244\216QdRQh\300P\252o\227\372"
 114      7DAA40FD 
 114      67A48E51 
 114      64525168 
 114      C050AA6F 
 115 0363 A0849879 		.ascii	"\240\204\230y\027\264\3527WX\250'e\273\025\256@`\275"
 115      17B4EA37 
 115      5758A827 
 115      65BB15AE 
 115      4060BD
 116 0376 5F59D96E 		.ascii	"_Y\331n\346\363\222\357\201\345\236\253\203\366\007"
ARM GAS  /var/folders/qd/4mxf5pkd0zdf0b9dd1hp39180000gn/T//cccAtQur.s 			page 9


 116      E6F392EF 
 116      81E59EAB 
 116      83F607
 117 0385 E57D45E6 		.ascii	"\345}E\346\235\226\345]\\\313\277\230\265<\263\324\231"
 117      9D96E55D 
 117      5CCBBF98 
 117      B53CB3D4 
 117      99
 118 0396 7E46E660 		.ascii	"~F\346`\354\026.w,\014i\224?\301\035H\364.8\240\252"
 118      EC162E77 
 118      2C0C6994 
 118      3FC11D48 
 118      F42E38A0 
 119 03ab 4C49F45D 		.ascii	"LI\364]E\346:O\1776\016\370\216\000\221\307H\317VU\271"
 119      45E63A4F 
 119      7F360EF8 
 119      8E0091C7 
 119      48CF5655 
 120 03c0 CD3F7FD0 		.ascii	"\315?\177\320\035hr\007\003\036\267\247\316\347\365"
 120      1D687207 
 120      031EB7A7 
 120      CEE7F5
 121 03cf 79FC016F 		.ascii	"y\374\001o\225\207\211`\375V/4\026\303\3527y\032\232"
 121      95878960 
 121      FD562F34 
 121      16C3EA37 
 121      791A9A
 122 03e2 DFF52234 		.ascii	"\337\365\"4\330\022\254\252c\352\346\332\206foe\021"
 122      D812ACAA 
 122      63EAE6DA 
 122      86666F65 
 122      11
 123 03f3 AAD11F68 		.ascii	"\252\321\037h\012\272_\333X\275\276z\013B)\344[\233"
 123      0ABA5FDB 
 123      58BDBE7A 
 123      0B4229E4 
 123      5B9B
 124 0405 5FF6217E 		.ascii	"_\366!~\355J\244wK\223{}u\315\206\232\377\303\022\322"
 124      ED4AA477 
 124      4B937B7D 
 124      75CD869A 
 124      FFC312D2 
 125 0419 E37BBD79 		.ascii	"\343{\275y\223\007\301k\252k6:\337\251\015z\033\003"
 125      9307C16B 
 125      AA6B363A 
 125      DFA90D7A 
 125      1B03
 126 042b F56B9DAE 		.ascii	"\365k\235\256uL\0110\035)\372\003-\354?\362\332CM"
 126      754C0930 
 126      1D29FA03 
 126      2DEC3FF2 
 126      DA434D
 127              		.text
 128              		.section	.gnu.lto_chCoreAllocI.7628f6062de9c3b3,"",%progbits
 129 0000 789C8D52 		.ascii	"x\234\215R[k\023A\024>\337\316l6\267\266\320\347\200"
 129      5B6B1341 
 129      143EDFCE 
ARM GAS  /var/folders/qd/4mxf5pkd0zdf0b9dd1hp39180000gn/T//cccAtQur.s 			page 10


 129      6C36B7B6 
 129      D0E780
 130 0013 452C695F 		.ascii	"E,i_\022\037\364?\3707$\024*X*\211/\372\222i\256\246"
 130      121FF43F 
 130      F8372414 
 130      2A582A89 
 130      2FFA9269 
 131 0029 B62052A3 		.ascii	"\266 R\243\204 \321(UA\252X/\251\267\265\005/\250\225"
 131      8420D128 
 131      5541AA58 
 131      2FA9B7B5 
 131      052FA895 
 132 003d DAF64929 		.ascii	"\332\366I)^hA\021\241*Z\3206\236\331\011E\355\213\313"
 132      5E684111 
 132      A12A5AD0 
 132      369ED909 
 132      45ED8BCB 
 133 0051 EEEC996F 		.ascii	"\356\354\231o\277\357;g\316Y\037\021\355\024D=\374\336"
 133      BFEF3B67 
 133      CE591F11 
 133      ED14443D 
 133      FCDE
 134 0063 CD0F6C82 		.ascii	"\315\017l\202ul\226h\310oY2\347\220\012\212\221GD*,"
 134      756C9668 
 134      C86F5932 
 134      E7900A8A 
 134      9147442A 
 135 0078 200D2E01 		.ascii	" \015.\001\035(?(m\011\2114F\304\230\300\\\356JU\034"
 135      1D283F28 
 135      6D098934 
 135      46C498C0 
 135      5CEE4A55 
 136 008d 15554190 		.ascii	"\025UA\220\274]}^y\337\256\267@\027o/\026\277\316\371"
 136      BC5D7D5E 
 136      79DFAEB7 
 136      40176F2F 
 136      16BFCEF9 
 137 00a1 7AC795CA 		.ascii	"z\307\225\312(\367d98\236\315\357\251\012\213\312\314"
 137      28F76439 
 137      389ECDEF 
 137      A90A8BCA 
 137      CC
 138 00b2 9E4404D7 		.ascii	"\236D\004\327\020\321\311\257\243\227\271g\207\026\237"
 138      10D1C9AF 
 138      A397B967 
 138      87169F
 139 00c1 B689ED20 		.ascii	"\266\211\355 \216\337\224.\217\312\350yO\367\272.\324"
 139      8EDF942E 
 139      8FCAE879 
 139      4FF7BA2E 
 139      D4
 140 00d2 8EAA10B8 		.ascii	"\216\252\020\270\001\361\247\220!\302MD5\377\231[\232"
 140      01F1A790 
 140      21C24D44 
 140      35FF995B 
 140      9A
 141 00e3 088AA8A7 		.ascii	"\010\212\250\247}\270V\337\333]\367\244+\027:\317d\325"
ARM GAS  /var/folders/qd/4mxf5pkd0zdf0b9dd1hp39180000gn/T//cccAtQur.s 			page 11


 141      7DB856DF 
 141      DB5DF7A4 
 141      2B173ACF 
 141      64D5
 142 00f5 63253929 		.ascii	"c%9)n\375-\327\027\263\337]\3358\321\346\223h\240[\227"
 142      6EFD2DD7 
 142      17B3DF5D 
 142      DD38D1E6 
 142      9368A05B 
 143 010a C5D54CC1 		.ascii	"\305\325L\301G\340`\342\245\355\252\215fQ\271K=O&\027"
 143      47E060E2 
 143      A5EDAA8D 
 143      6651B94B 
 143      3D4F2617 
 144 011e 3B3BC029 		.ascii	";;\300)\245\305\213-x\361I\035\331:\362\351\305\321"
 144      A5C58B2D 
 144      78F1491D 
 144      D93AF2E9 
 144      C5D1
 145 0130 5FFD1A0B 		.ascii	"_\375\032\013\360b\205\240k\013\233\012\351\010;s\367"
 145      F06285A0 
 145      6B0B9B0A 
 145      E9083B73 
 145      F7
 146 0141 944B253E 		.ascii	"\224K%>>GY\227>\"[.\214\316\367\353\204\025\201\212"
 146      3E475997 
 146      3E225B2E 
 146      8CCEF7EB 
 146      8415818A 
 147 0155 087139DF 		.ascii	"\010q9\337\206\363?\274vJ8\270\315e2\353W\241$\014)"
 147      86F33FBC 
 147      764A38B8 
 147      CD6532EB 
 147      57A1240C 
 148 016a CC3C262D 		.ascii	"\314<&-\344\316-\005\014i\255\331lv\340\016\023W\220"
 148      E4CE2D05 
 148      0C69ADD9 
 148      6C76E00E 
 148      135790
 149 017d E9D22C9D 		.ascii	"\351\322,\235\220\231,\314\224?T\226CFi\261\254\234"
 149      90992CCC 
 149      943F5496 
 149      434669B1 
 149      AC9C
 150 018f 9F7EE168 		.ascii	"\237~\341h\231\343\365\251\321\370\364\312I\257+?\003"
 150      99E3F5A9 
 150      D1F8F4CA 
 150      49AF2B3F 
 150      03
 151 01a0 3561BA31 		.ascii	"5a\2721\231]=\336^\303i\3601p\217g|Ww\012\367Q\2036"
 151      995D3DDE 
 151      5EC369F0 
 151      31708F67 
 151      7C57770A 
 152 01b8 FC5284B1 		.ascii	"\374R\204\261\023\354\350e\010\230\275\334\342\207\255"
 152      13ECE865 
 152      0898BDDC 
ARM GAS  /var/folders/qd/4mxf5pkd0zdf0b9dd1hp39180000gn/T//cccAtQur.s 			page 12


 152      E287AD
 153 01c7 7EEEA6DF 		.ascii	"~\356\246\337\203\177\375l\266\320G=Uh\001&\207mH\207"
 153      837FFD6C 
 153      B6D0473D 
 153      55680126 
 153      876D4887 
 154 01db 0CE6304C 		.ascii	"\014\3460L\313\310\315\316\354\332\004\302\336\034K"
 154      CBC8CDCE 
 154      ECDA04C2 
 154      DE1C4B
 155 01ea FC2BF0EF 		.ascii	"\374+\360\357\312M\345.\324~\216\331^#x\244-\333ja}"
 155      CA4DE52E 
 155      D47E8ED9 
 155      5E2378A4 
 155      2DDB6A61 
 156 01ff 7EBFD1F8 		.ascii	"~\277\321\370\031j\265ga\330K\366?\245Oo\226>\303\245"
 156      196AB567 
 156      61D84BF6 
 156      3FA54F6F 
 156      963EC3A5 
 157 0213 B38B9754 		.ascii	"\263\213\227T\266&\371\031\026UD\200\261\357\010 \026"
 157      B626F919 
 157      16554480 
 157      B1EF0820 
 157      16
 158 0224 B12AE36F 		.ascii	"\261*\343o\231$\305\324\2459\360\354\241y\026\321\266"
 158      9924C5D4 
 158      A539F0EC 
 158      A17916D1 
 158      B6
 159 0235 582C6EEE 		.ascii	"X,n\356\301T<y0\236J&\342\211\376\201\276\201\304`\262"
 159      C1543C79 
 159      309E4A26 
 159      E289FE81 
 159      BE81C460 
 160 024a 2F962099 		.ascii	"/\226 \231\332w\270\017\007~\003\337\023\010\276"
 160      DA77B80F 
 160      077E03DF 
 160      1308BE
 161              		.text
 162              		.section	.gnu.lto_chCoreGetStatusX.7628f6062de9c3b3,"",%progbits
 163 0000 789C6590 		.ascii	"x\234e\220MK\002a\024\205\357\231w\306\321(\377@B\266"
 163      4D4B0261 
 163      1485EF99 
 163      77C6D128 
 163      FF4042B6 
 164 0014 74E3FC90 		.ascii	"t\343\374\220~\306 \264\021A\333\373\246\225E-*\312"
 164      7EC620B4 
 164      1141DBFB 
 164      A695452D 
 164      2ACA
 165 0026 C486105A 		.ascii	"\304\206\020ZD\253\012\247\017\013b\010j\327\347\266"
 165      44AB0AA7 
 165      0F0B6208 
 165      6AD7E7B6 
 166 0036 5DAD0A11 		.ascii	"]\255\012\021l\321\252\254{\035i\2210\037\367\234\367"
 166      6CD1AAAC 
ARM GAS  /var/folders/qd/4mxf5pkd0zdf0b9dd1hp39180000gn/T//cccAtQur.s 			page 13


 166      7B1D6991 
 166      301FF79C 
 166      F7
 167 0047 CE73EE9D 		.ascii	"\316s\356\235\010\021m\203h\222\337\343|C\021\214\325"
 167      08116D83 
 167      6892DFE3 
 167      7C43118C 
 167      D5
 168 0058 3BA2D9A8 		.ascii	";\242\331\250\001H\241\243\240\242\201\"V\324\206\302"
 168      0148A1A3 
 168      A0A28122 
 168      56D486C2 
 169 0068 E3DCA1A7 		.ascii	"\343\334\241\247\226\225\307m&\313\356m\3755.\022H\262"
 169      9695C76D 
 169      26CBEE6D 
 169      FD352E12 
 169      48B2
 170 007a 6C776EFC 		.ascii	"lwn\374\321\324\236\326%\035l}\216\324\374\007\035\363"
 170      D1D49ED6 
 170      251D6C7D 
 170      8ED4FC07 
 170      1DF3
 171 008c 9441556E 		.ascii	"\224AUn\367\221@\023\011\3118F\212\270\373\345\250\267"
 171      F7914013 
 171      09C93846 
 171      8AB8FBE5 
 171      A8B7
 172 009e 391631E5 		.ascii	"9\0261\345\224\315\023D\210\007\241\203'+\320\275\237"
 172      94CD1344 
 172      8807A183 
 172      272BD0BD 
 172      9F
 173 00af 8A0EBE76 		.ascii	"\212\016\276v\2616\305\351\236b\204\247L%\225)\225%"
 173      B136C5E9 
 173      9E6284A7 
 173      4C259529 
 173      9525
 174 00c1 0F9B044D 		.ascii	"\017\233\004M\213\3745\317\251\003Zb\311U9\240w\224"
 174      8BFC35CF 
 174      A9035A62 
 174      C95539A0 
 174      7794
 175 00d3 AA6F97D7 		.ascii	"\252o\227\327q\201\326\0258\253:\177uo\313\240\026$"
 175      7181D615 
 175      38AB3A7F 
 175      756FCBA0 
 175      1624
 176 00e5 BAD56A3F 		.ascii	"\272\325j?\333\305o\035e\243!\361\354\371\345\356z\274"
 176      DBC56F1D 
 176      65A321F1 
 176      ECF9E5EE 
 176      7ABC
 177 00f7 811D700A 		.ascii	"\201\035p\012\316x\341S\231\026-4 \300\217\012B\234"
 177      CE78E153 
 177      99162D34 
 177      20C08F0A 
 177      429C
ARM GAS  /var/folders/qd/4mxf5pkd0zdf0b9dd1hp39180000gn/T//cccAtQur.s 			page 14


 178 0109 C1C47E42 		.ascii	"\301\304~B,\324j\210\207a\336\371\037\357\342?\317d"
 178      2CD46A88 
 178      8761DEF9 
 178      1FEFE23F 
 178      CF64
 179 011b 041BE5DA 		.ascii	"\004\033\345\332\302\300\260\372\031f\330\264\257B\323"
 179      C2C0B0FA 
 179      1966D8B4 
 179      AF42D3
 180 012a 669F3A28 		.ascii	"f\237:(%\007\222g\346\325!\013\363O\230H\247\235\360"
 180      25079267 
 180      E6D5210B 
 180      F34F9848 
 180      A79DF0
 181 013d CA159CFC 		.ascii	"\312\025\234\374\214S\310\273\216;\235\315d\335\\>\223"
 181      8C53C8BB 
 181      8E3B9DCD 
 181      64DD5C3E 
 181      93
 182 014e 76E917ED 		.ascii	"v\351\027\355\316\210P"
 182      CE8850
 183              		.text
 184              		.section	.gnu.lto_.symbol_nodes.7628f6062de9c3b3,"",%progbits
 185 0000 789C55CB 		.ascii	"x\234U\313[\015\2000\020D\321;\333\024\035\004'\370"
 185      5B0D8030 
 185      1044D13B 
 185      DB141D04 
 185      27F8
 186 0012 C1C35602 		.ascii	"\301\303V\002z\020\201\213\362\026\301\246\177\375\230"
 186      7A10818B 
 186      F216C1A6 
 186      7FFD98
 187 0021 4C722633 		.ascii	"Lr&3\000K\004;\345\260\356\020\265\225\031\362+\306"
 187      004B043B 
 187      E5B0EE10 
 187      B59519F2 
 187      2BC6
 188 0033 587295CA 		.ascii	"Xr\225\312\004)\177\262\006\207R\003\273\344\352>v\313"
 188      04297FB2 
 188      06875203 
 188      BBE4EA3E 
 188      76CB
 189 0045 AD97479E 		.ascii	"\255\227G\236:\341\0074\025\030\315"
 189      3AE10734 
 189      1518CD
 190              		.text
 191              		.section	.gnu.lto_.refs.7628f6062de9c3b3,"",%progbits
 192 0000 789C0DC9 		.ascii	"x\234\015\311\261\021\300 \020\003\301\223^<\3303\016"
 192      B111C020 
 192      1003C193 
 192      5E3CD833 
 192      0E
 193 0011 5C08FDB7 		.ascii	"\\\010\375\267\007\301F\333\300\276\202%y\270Zyj\220"
 193      07C146DB 
 193      C0BE8225 
 193      79B85A79 
 193      6A90
ARM GAS  /var/folders/qd/4mxf5pkd0zdf0b9dd1hp39180000gn/T//cccAtQur.s 			page 15


 194 0023 855FF9AF 		.ascii	"\205_\371\257&7[\376<\211pq\000\027\247\000\315"
 194      26375BFE 
 194      3C897071 
 194      0017A700 
 194      CD
 195              		.text
 196              		.section	.gnu.lto_.decls.7628f6062de9c3b3,"",%progbits
 197 0000 789CC555 		.ascii	"x\234\305UmPT\327\031\276\357=\313\262\354\0070\214"
 197      6D5054D7 
 197      19BEEF3D 
 197      CBB2EC07 
 197      308C
 198 0012 D3F107D3 		.ascii	"\323\361\007\323:\316d$\235\2607\232\316\350\257L\014"
 198      3ACE6424 
 198      9DB0379A 
 198      CEE8AF4C 
 198      0C
 199 0023 9346676A 		.ascii	"\223Fgj\247\023\232\231\332?7\353\262\011\233,\273["
 199      A7139A99 
 199      DA3F37EB 
 199      B2099B2C 
 199      BB5B
 200 0035 764963FF 		.ascii	"vIc\377\344\242\020\035\300\004#\015\0051\222\350\020"
 200      E4A2101D 
 200      C004230D 
 200      053192E8 
 200      10
 201 0046 41A952F0 		.ascii	"A\251R\360\0134|\251`A$\022?H\370jD4\026\221\017qU\014"
 201      0B347CA9 
 201      60412412 
 201      3F48F86A 
 201      44341691 
 202 005e F43DE7DC 		.ascii	"\364=\347\334\335\275\273\212\375\327\336\331w\3579"
 202      DDBDBB8A 
 202      FDD7DED9 
 202      77EF39
 203 006d E7BEE779 		.ascii	"\347\276\347y\236\367\274\3579G/\010B\276Q\020\326\021"
 203      9EF7BCEF 
 203      39472F08 
 203      42BE5110 
 203      D611
 204 007f 41280141 		.ascii	"A(\001AX\300'\006\307Z\321\260+4\012\374\321\241\265"
 204      58C02706 
 204      C75AD1B0 
 204      2B340AFC 
 204      D1A1B5
 205 0092 A19D43EB 		.ascii	"\241\235C\353D\353R\307\256\240\365\243}\2176(D>\371"
 205      44EB52C7 
 205      AEA0F5A3 
 205      7D8F3628 
 205      443EF9
 206 00a5 08A0C7F7 		.ascii	"\010\240\307\367[h\227\3216\242]C\033B\033V}@\305\375"
 206      5B6897D1 
 206      36A25D43 
 206      1B421B56 
 206      7D40C5FD 
 207 00b9 6F583BD0 		.ascii	"oX;\320\321\204\357$\264%h\262\252mL\203\373G\264\011"
ARM GAS  /var/folders/qd/4mxf5pkd0zdf0b9dd1hp39180000gn/T//cccAtQur.s 			page 16


 207      D184EF24 
 207      B42568B2 
 207      AA6D4C83 
 207      FB47B409 
 208 00cd B4190D7E 		.ascii	"\264\031\015~\254\252y\026-\200\366\023\332\002\345"
 208      ACAA7916 
 208      2D80F613 
 208      DA02E5
 209 00dc 051E87A8 		.ascii	"\005\036\207\250r\365G\361\355\304\357\206\247\360i"
 209      72F547F1 
 209      EDC4EF86 
 209      A7F069
 210 00eb B9B4313C 		.ascii	"\271\2641<\013\253T]\207 V\343\"\030]\317\300(!0\330"
 210      0BAB545D 
 210      872056E3 
 210      22185DCF 
 210      C0282130 
 211 0100 597D9014 		.ascii	"Y}\220\024\022\330h\004\232\245\004\034:<~\362\241\205"
 211      12D86804 
 211      9AA5041C 
 211      3A3C7EF2 
 211      A185
 212 0112 0F518FF6 		.ascii	"\017Q\217\366\356+\363f\"\262v\336\330\370Wf\353!\205"
 212      EE2BF366 
 212      22B276DE 
 212      D8F85766 
 212      EB2185
 213 0125 3F86F502 		.ascii	"?\206\365\002\034\005\022\204\332\377\360\356q3\371"
 213      1C051284 
 213      DAFFF0EE 
 213      7133F9
 214 0134 2573FC26 		.ascii	"%s\374&\357H\005\205M2\202\016\273S\027\312\257\307"
 214      EF480585 
 214      4D32820E 
 214      BB5317CA 
 214      AFC7
 215 0146 63778911 		.ascii	"cw\211\021\226\225\020\361Bo\240\321\000\306\224\355"
 215      969510F1 
 215      426FA0D1 
 215      00C694ED 
 216 0156 8AB245A9 		.ascii	"\212\262E\251\334\252\304\255\023\340$$\303\011H\026"
 216      DCAAC4AD 
 216      13E02424 
 216      C3094816 
 217 0166 A0095228 		.ascii	"\240\011R(\3651\260\012\320\200\203\3658XE\351Z.~f\235"
 217      F531B00A 
 217      D08083F5 
 217      385845E9 
 217      5A2E7E66 
 218 017b C9571411 		.ascii	"\311W\024\021\032\301\010\307\2010\037\214r\243\221"
 218      1AC108C7 
 218      81301F8C 
 218      72A391
 219 018a FEE32032 		.ascii	"\376\343 25\266\236n6\015\303 `\314\220\310W\001\370"
 219      35B69E6E 
 219      360DC320 
 219      60CC90C8 
ARM GAS  /var/folders/qd/4mxf5pkd0zdf0b9dd1hp39180000gn/T//cccAtQur.s 			page 17


 219      5701F8
 220 019d 3FBEA9B1 		.ascii	"?\276\251\261\376B\360\001>\216\243\"\177\251\256\264"
 220      FE42F001 
 220      3E8EA322 
 220      7FA9AEB4 
 221 01ad 139C02A1 		.ascii	"\023\234\002\241\021Q\305\020\203\270\354\247\002\200"
 221      1151C510 
 221      83B8ECA7 
 221      0280
 222 01bb 16957FE7 		.ascii	"\026\225\177\347t\301\207g\20474\363\370\220\030&\323"
 222      74C18767 
 222      843734F3 
 222      F8901826 
 222      D3
 223 01cc 4C7942AB 		.ascii	"LyB\253\020\372\034\022\025\016\022\324L\\\036/\372"
 223      10FA1C12 
 223      150E12D4 
 223      4C5C1E2F 
 223      FA
 224 01dd BB790486 		.ascii	"\273y\004\206\360+\226V\261!\213\345\344v\335\300\027"
 224      F02B9656 
 224      B1218BE5 
 224      E476DDC0 
 224      17
 225 01ee F1A41D58 		.ascii	"\361\244\035X\347\354B\240%\201'H\304\356\245\311\356"
 225      E7EC42A0 
 225      25812748 
 225      C4EEA5C9 
 225      EE
 226 01ff 3D269EA0 		.ascii	"=&\236\240D\354\036*Z(\211Y\372\031]\365\342\255J\242"
 226      44EC1E2A 
 226      5A288959 
 226      FA195DF5 
 226      E2AD4AA2 
 227 0213 086FFD0C 		.ascii	"\010o\375\014Z0\027\315\230\013\001Za)\376\273u\234"
 227      5A3017CD 
 227      980B015A 
 227      6129FEBB 
 227      759C
 228 0225 ECABAAF6 		.ascii	"\354\253\252\366&qy\245R9\242\264\004N\256)\353\376"
 228      267179A5 
 228      5239A2B4 
 228      044EAE29 
 228      EBFE
 229 0237 48E9C579 		.ascii	"H\351\305y\2570?\370:\234\246\257i\251\300i\030\001"
 229      AF303FF8 
 229      3A9CA6AF 
 229      69A9C069 
 229      1801
 230 0249 3805C3A8 		.ascii	"8\005\303\250\255\015\226\343\374\276\276#\217c\311"
 230      AD0D96E3 
 230      FCBEBE23 
 230      8F63C9
 231 0258 04975531 		.ascii	"\004\227U1\272\343\343\030\235\310\323I)h]\355\336\323"
 231      BAE3E318 
 231      9DC8D349 
 231      29685DED 
ARM GAS  /var/folders/qd/4mxf5pkd0zdf0b9dd1hp39180000gn/T//cccAtQur.s 			page 18


 231      DED3
 232 026a 6CD08A91 		.ascii	"l\320\212\221\315\0321g\231\2303\240\252\351\336\333"
 232      CD1A3167 
 232      999833A0 
 232      AAE9DEDB 
 233 027a 7B2B4155 		.ascii	"{+AU3\261'\276\\i\331\242\320\222A7h\017ki\217\326r"
 233      33B127BE 
 233      5C69D9A2 
 233      D0924137 
 233      680F6B69 
 234 0291 8E69B91B 		.ascii	"\216i\271\033\370|\316B\036q-'\206\246'\315\0105\202"
 234      F87CCE42 
 234      1E712D27 
 234      86A627CD 
 234      083582
 235 02a4 50DFA570 		.ascii	"P\337\245p\244\\\216\324\021F\352\210F\352dH\207\247"
 235      A45C8ED4 
 235      1146EA88 
 235      46EA6448 
 235      87A7
 236 02b6 8EEC8E25 		.ascii	"\216\354\216%\333\370\266\231\371\250}\273N\033\001"
 236      DBF8B699 
 236      F9A87DBB 
 236      4E1B01
 237 02c5 0D2E1CC2 		.ascii	"\015.\034\302?#\326\263\253\362Z\201I\215`\350`\342"
 237      3F23D6B3 
 237      ABF25A81 
 237      498D60E8 
 237      60E2
 238 02d7 175B9503 		.ascii	"\027[\225\0038\257R\244np>L|>\232\270\213\021_\035m"
 238      38AF52A4 
 238      6E703E4C 
 238      7C3E9AB8 
 238      8B115F1D 
 239 02ec A803F237 		.ascii	"\250\003\3627N|8\177\264\332\200iM\306\335\015\232\255"
 239      4E7C387F 
 239      B4DA8069 
 239      4DC6DD0D 
 239      9AAD
 240 02fe 9DCCB776 		.ascii	"\235\314\267vC\313L\255\216T1_\261\256v\364]H1\362\255"
 240      43CB4CAD 
 240      8E54315F 
 240      B1AE76F4 
 240      5D4831F2 
 241 0313 D6D163CD 		.ascii	"\326\321c\315\337F\327\355\033Tz1L\232L\267\032\333"
 241      DF46D7ED 
 241      1B547A31 
 241      4C9A4CB7 
 241      1ADB
 242 0325 B6CA3E85 		.ascii	"\266\312>\205,\025\340\245dx\0217m/n\332du\323\366`"
 242      2C15E0A5 
 242      64781137 
 242      6D2F6EDA 
 242      6475D3F6 
 243 033a 60173030 		.ascii	"`\02700$\250\336{\340\214\205\234!\214`\250\366n\017"
 243      24A8DE7B 
 243      E08C859C 
ARM GAS  /var/folders/qd/4mxf5pkd0zdf0b9dd1hp39180000gn/T//cccAtQur.s 			page 19


 243      218C60A8 
 243      F66E0F
 244 034d 0931DC7C 		.ascii	"\0111\334|\270\274\236m\346o\221\341R\230\001\011\237"
 244      B8BC9E6D 
 244      E66F91E1 
 244      52980109 
 244      9F
 245 035e 4ED1F774 		.ascii	"N\321\367t\212\331\326\372N}R1[[\254:\240xlC\\\206\244"
 245      8AD9D6FA 
 245      4E7D5231 
 245      5B5BAC3A 
 245      A0786C43 
 246 0375 D02977AA 		.ascii	"\320)w\252l\276V\377\334>eD\2415\272\254\374\333<e\273"
 246      6CBE56FF 
 246      DC3E6544 
 246      A135BAAC 
 246      FCDB3C65 
 247 038a 9E7A40B7 		.ascii	"\236z@\267z~\361\006\\\201\347\350N)\234\255\027\311"
 247      7A7EF106 
 247      5C81E7E8 
 247      4E299CAD 
 247      17C9
 248 039c 651D5BA4 		.ascii	"e\035[\244\232\206CU\011\346\202\320Q\305\004\007O+"
 248      9A864355 
 248      09E682D0 
 248      51C50407 
 248      4F2B
 249 03ae 01AE8159 		.ascii	"\001\256\201Y%\271\365I\351\217&$Q\332\224\226\373\245"
 249      25B9F549 
 249      E98F2624 
 249      51DA9496 
 249      FBA5
 250 03c0 3158303A 		.ascii	"1X0:\372\025\256\362\3404s\2562\256~\3065[0s\303B\006"
 250      FA15AEF2 
 250      E03473AE 
 250      32AE7EC6 
 250      355B3073 
 251 03d7 39576975 		.ascii	"9Wiu\3551\242\352\354)_\362\251R\271\224\251\374.\250"
 251      ED31A2EA 
 251      EC295FF2 
 251      A952B994 
 251      A9FC2EA8 
 252 03eb 9235E07B 		.ascii	"\2225\340{6s\352\257\375\273\010\271\315g6O\325.XT\362"
 252      3673EAAF 
 252      FDBB08B9 
 252      CD67364F 
 252      D52E5854 
 253 0400 790DF9C0 		.ascii	"y\015\371\300\023\344\003\014b\220At\225\355(6kc\243"
 253      13E4030C 
 253      62904174 
 253      95ED2836 
 253      6B63A3
 254 0413 6461D721 		.ascii	"da\327!\036\033}\243se\305\276\343&\2553\305\017;\017"
 254      1E1B7DA3 
 254      7365C5BE 
 254      E326AD33 
 254      C50F3B0F 
ARM GAS  /var/folders/qd/4mxf5pkd0zdf0b9dd1hp39180000gn/T//cccAtQur.s 			page 20


 255 0427 ABCEC3CC 		.ascii	"\253\316\303\3149x\257\254x\362^Y\301\213\357\322'\323"
 255      3978AFAC 
 255      78F25E59 
 255      C18BEFD2 
 255      27D3
 256 0439 FB63C914 		.ascii	"\373c\311\024\223/\016\367\317\015\304/v#\214b\346W"
 256      932F0EF7 
 256      CF0DC42F 
 256      76238C62 
 256      E657
 257 044b A899FF17 		.ascii	"\250\231\377\027\016\216\204n\204\216\236\227\313\246"
 257      0E8E846E 
 257      848E9E97 
 257      CBA6
 258 0459 1565195C 		.ascii	"\025e\031\\\307\234\374\020.\242\025F\236\222\352\375"
 258      C79CFC10 
 258      2EA21546 
 258      9E92EAFD 
 259 0469 3BBFD493 		.ascii	";\277\324\223\307\234\243i\367\215\263\342b\0347\027"
 259      C79CA369 
 259      F78DB3E2 
 259      621C3717 
 260 0479 E5C0423D 		.ascii	"\345\300B=\307\012u\0149n\2049\256\263:\243\243H\264"
 260      C70A750C 
 260      396E8439 
 260      AEB33AA3 
 260      A348B4
 261 048c 73727A97 		.ascii	"srz\227\336\270\235N\340k\223\244\255\221[\324\025$"
 261      DEB89D4E 
 261      E06B93A4 
 261      AD915BD4 
 261      1524
 262 049e 56C7F478 		.ascii	"V\307\364x~p\372\221\231\344\307PU\272C[k&u\220\222"
 262      7E70FA91 
 262      99E4C750 
 262      55BA435B 
 262      6B267590 
 263 04b3 0CE80D7C 		.ascii	"\014\350\015|o\320\253U\200;H\367\243\232w|\312\025"
 263      6FD0AB55 
 263      803B48F7 
 263      A39A777C 
 263      CA15
 264 04c5 449FFC90 		.ascii	"D\237\374\220\016c\333\300\336O\331%\2671\216;\214n"
 264      0E63DBC0 
 264      DE4FD925 
 264      B7318E3B 
 264      8C6E
 265 04d7 1C01FFCD 		.ascii	"\034\001\377\315\367\310\226\246\2119\235v\217\334\211"
 265      F7C896A6 
 265      89399D76 
 265      8FDC89
 266 04e6 387F26E8 		.ascii	"8\177&\350N\341\"Y\007g\214\316\3256\306\363\353AO\253"
 266      4EE12259 
 266      07678CCE 
 266      D536C6F3 
 266      EB414FAB 
 267 04fa AB3BEF94 		.ascii	"\253;\357\224i\321\360&\203\341\335\345t\367\012\362"
ARM GAS  /var/folders/qd/4mxf5pkd0zdf0b9dd1hp39180000gn/T//cccAtQur.s 			page 21


 267      69D1F026 
 267      83E1DDE5 
 267      74F70AF2 
 268 050a 03EAE51F 		.ascii	"\003\352\345\037\213\335\003c\025\037\233\371\335\262"
 268      8BDD0363 
 268      151F9BF9 
 268      DDB2
 269 0518 06BB077F 		.ascii	"\006\273\007\177(\351\202h1\323\0106\305\300f\230\230"
 269      28E98268 
 269      31D30836 
 269      C5C06698 
 269      98
 270 0529 492E6686 		.ascii	"I.f\206\211\351\235h*2\221\202\030^\350E\373/\031\361"
 270      89E99D68 
 270      2A329182 
 270      185EE845 
 270      FB2F19F1 
 271 053d 786CC1E3 		.ascii	"xl\301\343q\246\206\364t\261\353\246r\035\277n\356\205"
 271      71A686F4 
 271      74B1EBA6 
 271      721DBF6E 
 271      EE85
 272 054f F3732FFA 		.ascii	"\363s/\372|\234e\347\343\310\336\233\273,\344\030\007"
 272      7C9C65E7 
 272      E3C8DE9B 
 272      BB2CE418 
 272      07
 273 0560 2B3B7FBB 		.ascii	"+;\177\273.\010\326w\202\224_\214\000\273\037\006\273"
 273      2E08D677 
 273      82945F8C 
 273      00BB1F06 
 273      BB
 274 0571 1F0D16E0 		.ascii	"\037\015\026\340\207\355X[\006\031\347X5\265\237\037"
 274      87ED585B 
 274      0619E758 
 274      35B59F1F 
 275 0581 89278F78 		.ascii	"\211'\217x\247\260\255\275B\217\367\030<d\031\304\221"
 275      A7B0ADBD 
 275      428FF718 
 275      3C6419C4 
 275      91
 276 0592 8E03475B 		.ascii	"\216\003G[\201\335lc\241\233\255\264\357\313F\313\242"
 276      81DD6C63 
 276      A19BADB4 
 276      EFCB46CB 
 276      A2
 277 05a3 D7EC6376 		.ascii	"\327\354cv-\314\005o\266\335S\315eq\252\326\216\363"
 277      2DCC056F 
 277      B6DD53CD 
 277      6571AAD6 
 277      8EF3
 278 05b5 A4B36EB4 		.ascii	"\244\263n\264/WY\222\367<\365\203\007A\251\360\010t"
 278      2F575992 
 278      F73CF583 
 278      0741A9F0 
 278      0874
 279 05c7 B417A9F6 		.ascii	"\264\027\251\366'\246\266(\277&7\226\034\3253\205\003"
ARM GAS  /var/folders/qd/4mxf5pkd0zdf0b9dd1hp39180000gn/T//cccAtQur.s 			page 22


 279      27A6B628 
 279      BF263796 
 279      1CD53385 
 279      03
 280 05d8 F50D5D09 		.ascii	"\365\015]\011*\\\240\2064\026\026\356P*s\225W\326\261"
 280      2A5CA086 
 280      341616EE 
 280      502A7395 
 280      57D6B1
 281 05eb D0E7C3A1 		.ascii	"\320\347\303\241\317G\203-0\260\252\300\203\302x\322"
 281      CF47832D 
 281      30B0AAC0 
 281      83C278D2 
 282 05fb CCC1A602 		.ascii	"\314\301\246\002\377\210\013/\343\343\013\021\313\250"
 282      FF880B2F 
 282      E3E30B11 
 282      CBA8
 283 0609 88212C6C 		.ascii	"\210!,lFb\345\212\313\205\237[\255\022\377y|R\266_\362"
 283      4662E58A 
 283      CB859F5B 
 283      AD12FF79 
 283      7C52B65F 
 284 061e 65DB257B 		.ascii	"e\333%{f\226#\313\356\311vX\355\206\327\177\373\346"
 284      669623CB 
 284      EEC97658 
 284      ED86D77F 
 284      FBE6
 285 0630 B2B4952B 		.ascii	"\262\264\225+\005\275\317\371\027\207\354/\006i\255"
 285      05BDCFF9 
 285      1787EC2F 
 285      0669AD
 286 063f D7EB72DA 		.ascii	"\327\353r\332m~\247\307\355\223^\263\273\234^\237Cv"
 286      6D7EA7C7 
 286      ED935EB3 
 286      BB9C5E9F 
 286      4376
 287 0651 A47A73EC 		.ascii	"\244zs\354\357\255\262\332\274^)\315\343\366;\334\376"
 287      EFADB2DA 
 287      BC5E29CD 
 287      E3F63BDC 
 287      FE
 288 0662 273E4ABF 		.ascii	"'>J\277\367x\\>\351\035\273=\325\226\235\225\352\366"
 288      F7785C3E 
 288      E91DBB3D 
 288      D5969D95 
 288      EAF6
 289 0674 B81DA90E 		.ascii	"\270\035\251\016\333&g\352\352\324U/\256\\\235\372\247"
 289      DB2667EA 
 289      EAD4552F 
 289      AE5C9DFA 
 289      A7
 290 0685 5FA566D9 		.ascii	"_\245f\331\336\365dK.\347&\352%ExI\253\255\253\254+"
 290      DEF5644B 
 290      2EE726EA 
 290      25457849 
 290      ABADABAC 
 291 069a 25A7DBEE 		.ascii	"%\247\333\356\312\311pH>\177F\206\343mk\246`\224\251"
ARM GAS  /var/folders/qd/4mxf5pkd0zdf0b9dd1hp39180000gn/T//cccAtQur.s 			page 23


 291      CAC97048 
 291      3E7F4686 
 291      E36D6BA6 
 291      6094A9
 292 06ad 52D9E976 		.ascii	"R\331\351v\372\177\361\354X\004\223=3\015[k].\217\335"
 292      FA7FF1EC 
 292      5804933D 
 292      330D5B6B 
 292      5D2E8FDD 
 293 06c1 AC69AF4F 		.ascii	"\254i\257O\344\235\327\035\376t\277\315\237\343\373"
 293      E49DD71D 
 293      FE74BFCD 
 293      9FE3FB
 294 06d0 83459633 		.ascii	"\203E\2263\0356\257\274\311\206\362\3458Y\316q\272\375"
 294      1D36AFBC 
 294      C986F2E5 
 294      3859CE71 
 294      BAFD
 295 06e2 6B64FFA7 		.ascii	"kd\377\247\377\213\360#\303\016\006\234e\263g:\335\016"
 295      FF8BF023 
 295      C30E069C 
 295      65B3673A 
 295      DD0E
 296 06f4 49C6B06D 		.ascii	"I\306\260m9.\277\354\337\354u\370p\001bUm\333\376\177"
 296      392EBFEC 
 296      DFEC75F8 
 296      70016255 
 296      6DDBFE7F 
 297 0708 DA7C9B7D 		.ascii	"\332|\233}\222\214\031A!T\220\333\361\201\037W\335\254"
 297      928C1941 
 297      215490DB 
 297      F1811F57 
 297      DDAC
 298 071a 2EA2C39D 		.ascii	".\242\303\235!\313z\374\3071#_\312\227V\311~C\260\241"
 298      21CB7AFC 
 298      C731235F 
 298      CA9756C9 
 298      7E43B0A1 
 299 072e B367DAB2 		.ascii	"\263g\332\26217\351\233}o\2721\035\357E\3471Hc\317D"
 299      3137E99B 
 299      7D6FBA31 
 299      1DEF45E7 
 299      314863CF 
 300 0743 22243079 		.ascii	"\"$0y=\331~9\207\371>\037\345K?\371\244\265olH\333\360"
 300      3DD97E39 
 300      87F93E1F 
 300      E54B3FF9 
 300      A4B56F6C 
 301 075a 014E60B5 		.ascii	"\001N`\265\361\376\352,\234\2059\3659\374\362\253k\323"
 301      F1FEEA2C 
 301      9C8539F5 
 301      39FCF2AB 
 301      6BD3
 302 076c 5FFBDD1B 		.ascii	"_\373\335\033\353-6\327\237m\233}X7.\\\325\027\264("
 302      EB2D36D7 
 302      9F6D9B7D 
 302      58372E5C 
ARM GAS  /var/folders/qd/4mxf5pkd0zdf0b9dd1hp39180000gn/T//cccAtQur.s 			page 24


 302      D517B428 
 303 0780 A85E4ADB 		.ascii	"\250^J\333\220\276>=LLQ\354Y\277\316q\333\021(\216I"
 303      90BE3E3D 
 303      4C4C51EC 
 303      59BFCE71 
 303      DB11288E 
 304 0795 FD0D92C7 		.ascii	"\375\015\222\3071!T\306\177\000y'ZP"
 304      312154C6 
 304      7F007927 
 304      5A50
 305              		.text
 306              		.section	.gnu.lto_.symtab.7628f6062de9c3b3,"",%progbits
 307 0000 5F636F72 		.ascii	"_core_init\000"
 307      655F696E 
 307      697400
 308 000b 00       		.ascii	"\000"
 309 000c 00       		.ascii	"\000"
 310 000d 00       		.ascii	"\000"
 311 000e 00000000 		.ascii	"\000\000\000\000\000\000\000\000"
 311      00000000 
 312 0016 C2000000 		.ascii	"\302\000\000\000"
 313 001a 6368436F 		.ascii	"chCoreAlloc\000"
 313      7265416C 
 313      6C6F6300 
 314 0026 00       		.ascii	"\000"
 315 0027 00       		.ascii	"\000"
 316 0028 00       		.ascii	"\000"
 317 0029 00000000 		.ascii	"\000\000\000\000\000\000\000\000"
 317      00000000 
 318 0031 C6000000 		.ascii	"\306\000\000\000"
 319 0035 6368436F 		.ascii	"chCoreAllocI\000"
 319      7265416C 
 319      6C6F6349 
 319      00
 320 0042 00       		.ascii	"\000"
 321 0043 00       		.ascii	"\000"
 322 0044 00       		.ascii	"\000"
 323 0045 00000000 		.ascii	"\000\000\000\000\000\000\000\000"
 323      00000000 
 324 004d C8000000 		.ascii	"\310\000\000\000"
 325 0051 6368436F 		.ascii	"chCoreGetStatusX\000"
 325      72654765 
 325      74537461 
 325      74757358 
 325      00
 326 0062 00       		.ascii	"\000"
 327 0063 00       		.ascii	"\000"
 328 0064 00       		.ascii	"\000"
 329 0065 00000000 		.ascii	"\000\000\000\000\000\000\000\000"
 329      00000000 
 330 006d CB000000 		.ascii	"\313\000\000\000"
 331 0071 5F5F6865 		.ascii	"__heap_base__\000"
 331      61705F62 
 331      6173655F 
 331      5F00
 332 007f 00       		.ascii	"\000"
 333 0080 02       		.ascii	"\002"
ARM GAS  /var/folders/qd/4mxf5pkd0zdf0b9dd1hp39180000gn/T//cccAtQur.s 			page 25


 334 0081 00       		.ascii	"\000"
 335 0082 00000000 		.ascii	"\000\000\000\000\000\000\000\000"
 335      00000000 
 336 008a D6000000 		.ascii	"\326\000\000\000"
 337 008e 5F5F6865 		.ascii	"__heap_end__\000"
 337      61705F65 
 337      6E645F5F 
 337      00
 338 009b 00       		.ascii	"\000"
 339 009c 02       		.ascii	"\002"
 340 009d 00       		.ascii	"\000"
 341 009e 00000000 		.ascii	"\000\000\000\000\000\000\000\000"
 341      00000000 
 342 00a6 DB000000 		.ascii	"\333\000\000\000"
 343              		.text
 344              		.section	.gnu.lto_.opts,"",%progbits
 345 0000 272D666D 		.ascii	"'-fmath-errno' '-fsigned-zeros' '-ftrapping-math' '"
 345      6174682D 
 345      6572726E 
 345      6F272027 
 345      2D667369 
 346 0033 2D666E6F 		.ascii	"-fno-trapv' '-fno-openmp' '-fno-openacc' '-mcpu=cor"
 346      2D747261 
 346      70762720 
 346      272D666E 
 346      6F2D6F70 
 347 0066 7465782D 		.ascii	"tex-m4' '-mno-thumb-interwork' '-mthumb' '-O2' '-fo"
 347      6D342720 
 347      272D6D6E 
 347      6F2D7468 
 347      756D622D 
 348 0099 6D69742D 		.ascii	"mit-frame-pointer' '-falign-functions=16' '-ffuncti"
 348      6672616D 
 348      652D706F 
 348      696E7465 
 348      72272027 
 349 00cc 6F6E2D73 		.ascii	"on-sections' '-fdata-sections' '-fno-common' '-flto"
 349      65637469 
 349      6F6E7327 
 349      20272D66 
 349      64617461 
 350 00ff 2700     		.ascii	"'\000"
 351              		.text
 352              		.comm	__gnu_lto_v1,1,1
 353              		.comm	__gnu_lto_slim,1,1
 354              		.ident	"GCC: (GNU Tools for Arm Embedded Processors 7-2017-q4-major) 7.2.1 20170904 (release) [ARM
ARM GAS  /var/folders/qd/4mxf5pkd0zdf0b9dd1hp39180000gn/T//cccAtQur.s 			page 26


DEFINED SYMBOLS
                            *ABS*:0000000000000000 chmemcore.c
                            *COM*:0000000000000001 __gnu_lto_v1
                            *COM*:0000000000000001 __gnu_lto_slim

NO UNDEFINED SYMBOLS
