ARM GAS  /var/folders/qd/4mxf5pkd0zdf0b9dd1hp39180000gn/T//cc3THZsE.s 			page 1


   1              		.cpu cortex-m4
   2              		.eabi_attribute 20, 1
   3              		.eabi_attribute 21, 1
   4              		.eabi_attribute 23, 3
   5              		.eabi_attribute 24, 1
   6              		.eabi_attribute 25, 1
   7              		.eabi_attribute 26, 1
   8              		.eabi_attribute 30, 2
   9              		.eabi_attribute 34, 1
  10              		.eabi_attribute 18, 4
  11              		.file	"nvic.c"
  12              		.section	.gnu.lto_.profile.97300c0169a746d6,"",%progbits
  13 0000 789C6363 		.ascii	"x\234cc```\001bF\006)1\000\000\302\000<"
  13      60606001 
  13      62460629 
  13      310000C2 
  13      003C
  14              		.text
  15              		.section	.gnu.lto_.icf.97300c0169a746d6,"",%progbits
  16 0000 789C6363 		.ascii	"x\234cc``\220b@\000\026\206\333\333\226\254be\354\\"
  16      60609062 
  16      40001686 
  16      DBDB96AC 
  16      6265EC5C 
  17 0014 F7E12E13 		.ascii	"\367\341.\023\323\243\203\263\367\3603/z\275\367\005"
  17      D3A383B3 
  17      F7F0332F 
  17      7ABDF705 
  18 0024 330300A6 		.ascii	"3\003\000\246U\014S"
  18      550C53
  19              		.text
  20              		.section	.gnu.lto_.jmpfuncs.97300c0169a746d6,"",%progbits
  21 0000 789C6363 		.ascii	"x\234cc``\320a@\000\026\006&FF\346\3729\314\014 \314"
  21      6060D061 
  21      40001606 
  21      264646E6 
  21      FA39CC0C 
  22 0016 0804209A 		.ascii	"\010\004 \232\011Y\220\031*\310\000\000\237-\007\005"
  22      09599019 
  22      2AC80000 
  22      9F2D0705 
  23              		.text
  24              		.section	.gnu.lto_.inline.97300c0169a746d6,"",%progbits
  25 0000 789C4D8C 		.ascii	"x\234M\214\321\021\2000\014B!\215i\364\307\021\352\004"
  25      D1118030 
  25      0C42218D 
  25      69F4C711 
  25      EA04
  26 0012 2ED9453A 		.ascii	".\331E:\222\2438\202\261\236U>\270\343\036`\000*>)\260"
  26      92A33882 
  26      B19E553E 
  26      B8E31E60 
  26      002A3E29 
  27 0027 CC146E8C 		.ascii	"\314\024n\214p\233\332\271\303Z\021\310\261*\"y\020"
  27      709BDAB9 
  27      C35A11C8 
  27      B12A2279 
ARM GAS  /var/folders/qd/4mxf5pkd0zdf0b9dd1hp39180000gn/T//cc3THZsE.s 			page 2


  27      10
  28 0038 07E199EC 		.ascii	"\007\341\231\354\225\244\255<\225\240\332O\004\223\222"
  28      95A4AD3C 
  28      95A0DA4F 
  28      049392
  29 0047 FD25C5EE 		.ascii	"\375%\305\356w\020J\310\366N\007\034S\\\2260\015\244"
  29      77104AC8 
  29      F64E071C 
  29      535C9630 
  29      0DA4
  30              		.text
  31              		.section	.gnu.lto_.pureconst.97300c0169a746d6,"",%progbits
  32 0000 789C6363 		.ascii	"x\234cc``\340\004b\026\006)F)&)f)\000\002\304\000\202"
  32      6060E004 
  32      62160629 
  32      46292629 
  32      66290002 
  33              		.text
  34              		.section	.gnu.lto_nvicEnableVector.97300c0169a746d6,"",%progbits
  35 0000 789C9D53 		.ascii	"x\234\235S\317KTQ\024\276\337;\357\207\243\316,\332"
  35      CF4B5451 
  35      14BEDF3B 
  35      EF87A3CE 
  35      2CDA
  36 0012 45522E82 		.ascii	"ER.\202A\204y\011\375\003\321\332\026\375\007\341&!"
  36      41847909 
  36      FD03D1DA 
  36      16FD07E1 
  36      2621
  37 0024 674443DA 		.ascii	"gDC\332yg\306f\264\004\005G\203\341\021#\215\375 \312"
  37      7967C666 
  37      B4040547 
  37      83E11123 
  37      8DFD20CA 
  38 0038 42ADC6B2 		.ascii	"B\255\306\262^\223\226\021&\211\264kQJ\241\221\324\254"
  38      5E939611 
  38      2689B46B 
  38      514AA191 
  38      D4AC
  39 004a 82D43AF7 		.ascii	"\202\324:\367>\243\350\307\242.\357\236w\3569\347\273"
  39      3EA3E8C7 
  39      A22EEF9E 
  39      77EE39E7 
  39      BB
  40 005b E7FBEE7D 		.ascii	"\347\373\356}\317\026B\034!!\016\362{\017O\220\2001"
  40      CF16421C 
  40      21210EF2 
  40      7B0F4F90 
  40      8031
  41 006d F85C8864 		.ascii	"\370\\\210d\225\001(GVAt\033\350F?\345\010\345\354\333"
  41      95012847 
  41      5641741B 
  41      E8463FE5 
  41      08E5ECDB 
  42 0081 92D17049 		.ascii	"\222\321pI\362\360\317Uv\313\313><\206\217\360T\003"
  42      F2F0CF55 
  42      76CBCB3E 
ARM GAS  /var/folders/qd/4mxf5pkd0zdf0b9dd1hp39180000gn/T//cc3THZsE.s 			page 3


  42      3C868FF0 
  42      5403
  43 0093 1368E0AA 		.ascii	"\023h\340\252\027=7<:K\036\001&/?-\344W\"ji\240\236"
  43      173D373C 
  43      3A4B1E01 
  43      262F3F2D 
  43      E457226A 
  44 00aa 975B3237 		.ascii	"\227[27\022\241\030\004\373\253\317.\014:\3211)S\322"
  44      12A11804 
  44      FBABCF2E 
  44      0C3AD131 
  44      2953D2
  45 00bd 9F2D92DC 		.ascii	"\237-\222\334\357\021\341\026\2107\304\024\3520\211"
  45      EF11E116 
  45      8837C414 
  45      EA3089
  46 00cc 3AC12181 		.ascii	":\301!\201\333\210r\371\325\324\273\017D\0074\364\315"
  46      DB8872F9 
  46      D5D4BB0F 
  46      440734F4 
  46      CD
  47 00dd FCEB9CB5 		.ascii	"\374\353\234\265\003]\035\333\201\336\371\003\264\204"
  47      035D1DDB 
  47      81DEF903 
  47      B484
  48 00eb A8AEBFB9 		.ascii	"\250\256\277\271=\034\266\315\200+\246a\013\2603\276"
  48      3D1CB6CD 
  48      802BA661 
  48      0BB033BE 
  49 00fb 64F972FB 		.ascii	"d\371r\373kV\372\313\027\261e\205\301\030\323P\206\330"
  49      6B56FACB 
  49      17B16585 
  49      C118D350 
  49      86D8
  50 010d 58261BDB 		.ascii	"X&\033\333R\236\255\214\003\265[\010\212\216\020\275"
  50      529EAD8C 
  50      03B55B08 
  50      8A8E10BD 
  51 011d BC131F91 		.ascii	"\274\023\037\221\364E\037\031\312K\373b\035\251Jvf "
  51      F4451F19 
  51      CA4BFB62 
  51      1DA94A76 
  51      6620
  52 012f A21AE409 		.ascii	"\242\032\344\011yr8\224\376\230A\02008\366\363\0019"
  52      79723894 
  52      FE984110 
  52      3038F6F3 
  52      0139
  53 0141 30719789 		.ascii	"0q\227\211\256\243\274|f\315RE\234\0369]^tT\272J+\235"
  53      AEA3BC7C 
  53      66CD5245 
  53      9C1E395D 
  53      5E7454BA 
  54 0158 1CDDF85C 		.ascii	"\034\335\370\\\033,e9-#\034\232x?\264\342\024p>\311"
  54      1B2C6539 
  54      2D231C9A 
  54      783FB4E2 
ARM GAS  /var/folders/qd/4mxf5pkd0zdf0b9dd1hp39180000gn/T//cc3THZsE.s 			page 4


  54      14703EC9 
  55 016c 1751D8EB 		.ascii	"\027Q\330\353Q\0103,\371\036\357\244\000s\375\311\321"
  55      5108332C 
  55      F91EEFA4 
  55      0073FDC9 
  55      D1
  56 017d 6AF79AEC 		.ascii	"j\367\232\354I\312z\217\252q\037\005\014\353+\342\344"
  56      49CA7A8F 
  56      AA711F05 
  56      0CEB2BE2 
  56      E4
  57 018e CBA5A989 		.ascii	"\313\245\251\211H\323\270J\026\342\036\325\340\001\334"
  57      48D3B84A 
  57      16E21ED5 
  57      E001DC
  58 019d 3C85F4F5 		.ascii	"<\205\364\365\371hb\216\212\361ffa`W\300\2318\313\270"
  58      F968628E 
  58      8AF16666 
  58      616057C0 
  58      9938CBB8 
  59 01b1 A1E2F552 		.ascii	"\241\342\365RX\261\260\260\017\0175g\326u\305\011\212"
  59      58B1B0B0 
  59      0F0F3567 
  59      D675C509 
  59      8A
  60 01c2 4C34D671 		.ascii	"L4\326q\251\012V2}V\020\264\002\344\323\342\364\246"
  60      A90A5632 
  60      7D5610B4 
  60      02E4D3E2 
  60      F4A6
  61 01d4 E66FC342 		.ascii	"\346o\303BY#\371\220\276#\025\370\027\375\377\242\256"
  61      5923F990 
  61      BE2315F8 
  61      17FDFFA2 
  61      AE
  62 01e5 168FB43A 		.ascii	"\026\217\264:\374\256\256\313\2430f\225:K\253\233S\352"
  62      FCAEAECB 
  62      A3306695 
  62      3A4BAB9B 
  62      53EA
  63 01f7 ECA0D7AB 		.ascii	"\354\240\327\253\305\232\377j\366X73\376\322\354\311"
  63      C59AFF6A 
  63      F6583733 
  63      FED2ECC9 
  64 0207 8F66F341 		.ascii	"\217f\363A\263\015\244\012_t+\375\203\3642O\376P\030"
  64      B30DA40A 
  64      5F742BFD 
  64      83F4324F 
  64      FE5018
  65 021a DF188BB9 		.ascii	"\337\030\213\271\301\223\350t\217\037;\341\266':Nv\272"
  65      C193E874 
  65      8F1F3BE1 
  65      B6273A4E 
  65      76BA
  66 022c 2D89B6B6 		.ascii	"-\211\266\266D\334=t\264\371p\363)7\336\325\332\022"
  66      44DC3D74 
  66      B4F970F3 
ARM GAS  /var/folders/qd/4mxf5pkd0zdf0b9dd1hp39180000gn/T//cc3THZsE.s 			page 5


  66      2937DED5 
  66      DA12
  67 023e 6B11889B 		.ascii	"k\021\210\233\355\035\255\211o\247\372\031\260"
  67      ED1DAD89 
  67      6FA7FA19 
  67      B0
  68              		.text
  69              		.section	.gnu.lto_nvicDisableVector.97300c0169a746d6,"",%progbits
  70 0000 789C9552 		.ascii	"x\234\225RKkSQ\020\236\357\314}\244M\233\265`\320.\204"
  70      4B6B5351 
  70      109EEFCC 
  70      7DA44D9B 
  70      B560D02E 
  71 0015 520AB9E4 		.ascii	"R\012\271\344'\210\340\256\033\377\201d\243`\023i\245"
  71      2788E0AE 
  71      1BFF8164 
  71      A3601369 
  71      A5
  72 0026 B8EB49D2 		.ascii	"\270\353I\322&\255fQh\033%\\\344\026#\342BkI\253\246"
  72      26AD6651 
  72      681B255C 
  72      E41623E2 
  72      426B49AB 
  73 003b BEAE292E 		.ascii	"\276\256).\304\027\026\361\007\330\342\023\212\026\027"
  73      C41716F1 
  73      07D8E213 
  73      8A1617
  74 004a 2EFA70CE 		.ascii	".\372p\316\275\012\202+\207{\316\235\2313\337|sf\216"
  74      BD0A822B 
  74      877BCE9D 
  74      9933DF7C 
  74      73668E
  75 005d 4344238A 		.ascii	"CD#\212\310\223\377AY`\202\232yETL(\300(:\001\032W\030"
  75      C893FF41 
  75      5960829A 
  75      7945544C 
  75      28C0283A 
  76 0075 478DE718 		.ascii	"G\215\347\030\235\352\207\266\032\270\256E\302K\015"
  76      9DEA87B6 
  76      1AB8AE45 
  76      C24B0D
  77 0084 A7A2270F 		.ascii	"\247\242'\017\370LT\227e\004-\014H\324\233\211\333>"
  77      F84C5497 
  77      65042D0C 
  77      48D49B89 
  77      DB3E
  78 0096 5F649F01 		.ascii	"_d\237\001K\314\357/\033\033)c*\364\211\271\253\347"
  78      4BCCEF2F 
  78      1B1B2963 
  78      2AF489B9 
  78      ABE7
  79 00a8 EA29CE80 		.ascii	"\352)\316\200D\337|~u\306\355\277\246uI\207/\232\254"
  79      44DF7C7E 
  79      75C6EDBF 
  79      A6754987 
  79      2F9AAC
  80 00bb 8FF8CCB8 		.ascii	"\217\370\314\270\003\226\204XA\032\313H\223\270\010"
ARM GAS  /var/folders/qd/4mxf5pkd0zdf0b9dd1hp39180000gn/T//cc3THZsE.s 			page 6


  80      03968458 
  80      411ACB48 
  80      93B808
  81 00ca 77D16FE2 		.ascii	"w\321o\342\337/\355\315\367:VL\210{p\010\242,\256\333"
  81      DF2FEDCD 
  81      F73A564C 
  81      887B7008 
  81      A22CAEDB 
  82 00de A1DEDBAF 		.ascii	"\241\336\333\257\352p\263\211\326\361.\010\306R\262"
  82      EA70B389 
  82      D6F12E08 
  82      C652B2
  83 00ed D96C34CB 		.ascii	"\331l4\313l6\242\0344%H\271\227\016i\232\225\321\312"
  83      6C36A21C 
  83      342548B9 
  83      970E699A 
  83      95D1CA
  84 0100 217D4179 		.ascii	"!}Ay\247\262\273\024(\223\261\301h\260-\\\263\315[\355"
  84      A7B2BB14 
  84      2893B1C1 
  84      68B02D5C 
  84      B3CD5BED 
  85 0114 5E53B685 		.ascii	"^S\266\205\303hK!\022\366\255r\303\215\203\024\006\323"
  85      C3684B21 
  85      12F6AD72 
  85      C38D8314 
  85      06D3
  86 0126 126A9CDB 		.ascii	"\022j\234\333\225i;vr\214|\326\\\335\3511H\0336V#di"
  86      95693B76 
  86      728C7CD6 
  86      5CDDE931 
  86      481B3656 
  87 013d BBFA0769 		.ascii	"\273\372\007i\011X<\235\267\027>G0\001\324';\257]\003"
  87      09583C9D 
  87      B7173E47 
  87      3001D427 
  87      3BAF5D03 
  88 0151 70A2AE2C 		.ascii	"p\242\256,/l\375\354\211M\335)\353\224\270Z_g7\334\000"
  88      2F6CFDEC 
  88      894DDD29 
  88      EB94B85A 
  88      5F6737DC 
  89 0166 578AD2F9 		.ascii	"W\212\322\371\340\220\317.\036H{\356Kn\003xZ+.t{7\365"
  89      E090CF2E 
  89      1E487BEE 
  89      4B6E0378 
  89      5A2B2E74 
  90 017d 4451F7F9 		.ascii	"DQ\367\371\234\300C\004\230\217f\"\207\357\326WZ\251"
  90      9CC04304 
  90      988F6622 
  90      87EFD657 
  90      5AA9
  91 018f ECA2390C 		.ascii	"\354\2429\014\306|\356\302#xRj4\257\307\310JA\246\232"
  91      C67CEEC2 
  91      2378526A 
  91      34AFC7C8 
  91      4A41A69A 
ARM GAS  /var/folders/qd/4mxf5pkd0zdf0b9dd1hp39180000gn/T//cc3THZsE.s 			page 7


  92 01a3 1F9F2EAF 		.ascii	"\037\237.\257%\177\227\363?d\335\010#2\374K\226\367"
  92      257F97F3 
  92      3F64DD08 
  92      2332FC4B 
  92      96F7
  93 01b5 39892786 		.ascii	"9\211'\206\314\216\310:\310\376}\327$\010k\222s\013"
  93      CC8EC83A 
  93      C8FE7DD7 
  93      24086B92 
  93      730B
  94 01c7 A5E0630D 		.ascii	"\245\340c\015\3214\215LI.\231\213\274\312\301L\306\213"
  94      D1348D4C 
  94      492E998B 
  94      BCCAC14C 
  94      C68B
  95 01d9 BFC2A877 		.ascii	"\277\302\250w\352\344\031\357la\344\334\250\227+\014"
  95      EAE419EF 
  95      6C61E4DC 
  95      A8972B0C 
  96 01e9 0F17F2DE 		.ascii	"\017\027\362\336\321\023C\307\206\316{\371\261\323\271"
  96      D11343C7 
  96      86CE7BF9 
  96      B1D3B9
  97 01f8 4C8E90FF 		.ascii	"L\216\220\377\005D\312\324\370"
  97      0544CAD4 
  97      F8
  98              		.text
  99              		.section	.gnu.lto_nvicSetSystemHandlerPriority.97300c0169a746d6,"",%progbits
 100 0000 789C6D51 		.ascii	"x\234mQ\315KTQ\024?\277{\336{\363\012\262\255\224\013"
 100      CD4B5451 
 100      143FBF7B 
 100      DE7BF30A 
 100      B2AD940B 
 101 0014 17C120C1 		.ascii	"\027\301 \301<\334\264h\027m\332\270\361?\220IP\320"
 101      3CDCB468 
 101      176DDAB8 
 101      F13F9049 
 101      50D0
 102 0026 79328AB4 		.ascii	"y2\212\264\363\316\214:f\005\242\243\306\360\210\267"
 102      F3CE8C3A 
 102      6605A2A3 
 102      C6F088B7 
 103 0036 1195080B 		.ascii	"\021\225\010\013\263\032\035\3551\2536}8D\220\320\242"
 103      B31A1DED 
 103      31AB367D 
 103      384490D0 
 103      A2
 104 0047 0F14268A 		.ascii	"\017\024&\212>\\\264\262\316}N\320\242\313\3758_\277"
 104      3E5CB4B2 
 104      CE7D4ED0 
 104      A2CBFD38 
 104      5FBF
 105 0059 737FE71C 		.ascii	"s\177\347\034\207\210~\202\350\242\274g\345\200\011"
 105      87887E82 
 105      E8A2BC67 
 105      E58009
 106 0068 6AE60551 		.ascii	"j\346\005Q\316U\200\021\264\013\032S\030\303M.1j\305"
ARM GAS  /var/folders/qd/4mxf5pkd0zdf0b9dd1hp39180000gn/T//cc3THZsE.s 			page 8


 106      CE558011 
 106      B40B1A53 
 106      18C34D2E 
 106      316AC5
 107 007b FD8AEA58 		.ascii	"\375\212\352X\326\262\242\305\2723\251'Z\003&Z\220c"
 107      D6B2A2C5 
 107      BA33A927 
 107      5A03265A 
 107      9063
 108 008d 16D6D121 		.ascii	"\026\326\321!Q\273\343\367\003\276\301\001\003\226\250"
 108      51BBE3F7 
 108      03BEC101 
 108      0396A8
 109 009c DF9F973F 		.ascii	"\337\237\227?\266\030U\241]\324\302\334N\325\345\024"
 109      B61855A1 
 109      5DD4C2DC 
 109      4ED5E514 
 110 00ac 48E4FAFA 		.ascii	"H\344\372\372\355+\311%\255\363:\372\264\304\372\\\300"
 110      ED2BC925 
 110      ADF33AFA 
 110      B4C4FA5C 
 110      C0
 111 00bd 8C4760C9 		.ascii	"\214G`\311\207\015\264\341!\332HL\204\307HJ\364\335"
 111      870DB4E1 
 111      21DA484C 
 111      84C7484A 
 111      F4DD
 112 00cf FCC117E6 		.ascii	"\374\301\027\346\0131\362\303\263\367%\273\011=\\nB"
 112      0B31F2C3 
 112      B3F725BB 
 112      093D5C6E 
 112      42
 113 00e0 9FFC075A 		.ascii	"\237\374\007ZA2\216\177p4\177\312\261\302\277l\261\011"
 113      41328E7F 
 113      70347FCA 
 113      B1C2BF6C 
 113      B109
 114 00f2 87A4725A 		.ascii	"\207\244rZ\253\333\221>\372]\024\006\255{\237\335\004"
 114      ABDB913E 
 114      FA5D1406 
 114      AD7B9FDD 
 114      04
 115 0103 04662973 		.ascii	"\004f)s\011}\001\3330\277\023M\011J\032\242#\272\316"
 115      097D01DB 
 115      30BF134D 
 115      094A1AA2 
 115      23BACE
 116 0116 CA488588 		.ascii	"\312H\205\210\032\310\377(\276\333\250\302d+3\312\362"
 116      1AC8FF28 
 116      BEDBA8C2 
 116      642B33CA 
 116      F2
 117 0127 6103856F 		.ascii	"a\003\205o\223M\203\022\333\277\375\260aaK\2105P{=\375"
 117      934D8312 
 117      DBBFFDB0 
 117      61614B88 
 117      35507B3D 
ARM GAS  /var/folders/qd/4mxf5pkd0zdf0b9dd1hp39180000gn/T//cc3THZsE.s 			page 9


 118 013c D63641E2 		.ascii	"\3266A\342^\230\250\275L\030\267\023W\226\253TK\366"
 118      5E98A8BD 
 118      4C18B713 
 118      5796AB54 
 118      4BF6
 119 014e B1AAF70A 		.ascii	"\261\252\367\012\272EL\215\335\303Wv\210;9\351{x&\340"
 119      BA454C8D 
 119      DDC35776 
 119      883B39E9 
 119      7B7826E0 
 120 0162 04B6A5C4 		.ascii	"\004\266\245\304\252d2\200\331\351\325\325\223\336="
 120      AA643280 
 120      D9E9D5D5 
 120      93DE3D
 121 0171 3D9ED3ED 		.ascii	"=\236\323\355\001\273\330A\210\371x\"\342|\263\362k"
 121      01BBD841 
 121      88F97822 
 121      E27CB3F2 
 121      6B
 122 0182 F174E79A 		.ascii	"\361t\347\232q\206\231\200O\340)\2742\333\361\264\""
 122      71869980 
 122      4FE029BC 
 122      32DBF1B4 
 122      22
 123 0193 740A47FA 		.ascii	"t\012G\372\212|\270u+\246\034Oq\212a\352SD\347S)\357"
 123      8A7CB875 
 123      2BA61C4F 
 123      718A61EA 
 123      5344E753 
 124 01a9 78FBC35E 		.ascii	"x\373\303^_\317\2007\344gG\206\275\264?8\350g\274K\335"
 124      5FCF8037 
 124      E4674786 
 124      BDB43F38 
 124      E867BC4B 
 125 01be 5D97BBAE 		.ascii	"]\227\273\256y\231\321\376t*M\211\276\236\314\325\201"
 125      7999D1FE 
 125      742A4D89 
 125      BE9ECCD5 
 125      81
 126 01cf DEAC3594 		.ascii	"\336\2545\224\355\367\377\000%\355\2619"
 126      EDF7FF00 
 126      25EDB139 
 127              		.text
 128              		.section	.gnu.lto_nvicClearPending.97300c0169a746d6,"",%progbits
 129 0000 789C3551 		.ascii	"x\2345Q\317KTQ\024>\337=\357\307\024:\353\240\241\\"
 129      CF4B5451 
 129      143EDF3D 
 129      EFC7143A 
 129      EBA0A15C 
 130 0014 0422C25C 		.ascii	"\004\"\302\\\374\023\302E+7\375\0071\033\203\234\211"
 130      FC13C245 
 130      2B37FD07 
 130      311B839C 
 130      89
 131 0025 0C69E79D 		.ascii	"\014i\347\235\031\235\321\2240\324\011\206\207<q\"Z"
 131      199DD194 
 131      30D40986 
ARM GAS  /var/folders/qd/4mxf5pkd0zdf0b9dd1hp39180000gn/T//cc3THZsE.s 			page 10


 131      873C7122 
 131      5A
 132 0036 94C56836 		.ascii	"\224\305h6\366\3531\344B\242\"\211V\2552\004\013$\005"
 132      F6EB31E4 
 132      42A22289 
 132      56AD3204 
 132      0B2405
 133 0049 2142AD73 		.ascii	"!B\255s\337\243\303\375q\316\271\347;\367\273\337\365"
 133      DFA3C3FD 
 133      71CEB9E7 
 133      3BF7BBDF 
 133      F5
 134 005a 88E81044 		.ascii	"\210\350\020DZ\366\2632\301\0045\363\201\250\230R\200"
 134      5AF6B332 
 134      C10435F3 
 134      81A89852 
 134      80
 135 006b 754C0A34 		.ascii	"uL\0124\2520\212i\236c\264\253;-\325\363\300\210E\367"
 135      AA308A69 
 135      9E63B4AB 
 135      3B2DD5F3 
 135      C08845F7 
 136 007f FE781533 		.ascii	"\376x\0253~&`\242\232Lkh\242G\252>\215=\011x\212\003"
 136      7E2660A2 
 136      9A4C6B68 
 136      A247AA3E 
 136      8D3D0978 
 137 0095 061C09F7 		.ascii	"\006\034\011\367\337\327\267\3236T\350\222\360\330\314"
 137      DFD7B7D3 
 137      3654E892 
 137      F0D8CC
 138 00a4 D5D29C05 		.ascii	"\325\322\234\005\211\377\375\335\322\214\337}\337\230"
 138      89FFFDDD 
 138      D28CDF7D 
 138      DF98
 139 00b2 9289DE36 		.ascii	"\222\211\3366\330\\\010\230\361\014,\015\261\212\014"
 139      D85C0898 
 139      F10C2C0D 
 139      B18A0C
 140 00c1 56902149 		.ascii	"V\220!I\021\326\320m\353\277==\231\357\364\234\344B"
 140      11D6D06D 
 140      EBBF3D3D 
 140      99EFF49C 
 140      E442
 141 00d3 3C874742 		.ascii	"<\207GB\236\226\267\334\310\234\374\255\232\350k\003"
 141      9E96B7DC 
 141      C89CFCAD 
 141      9AE86B03 
 142 00e3 772F09E3 		.ascii	"w/\011\343\200\035%\213\313\326s\354\342\"\356A\023"
 142      801D258B 
 142      CBD673EC 
 142      E222EE41 
 142      13
 143 00f4 82947799 		.ascii	"\202\224w\231\210&YY\257\034\321\017\224\217*\307k\241"
 143      88265959 
 143      AF1CD10F 
 143      948F2AC7 
ARM GAS  /var/folders/qd/4mxf5pkd0zdf0b9dd1hp39180000gn/T//cc3THZsE.s 			page 11


 143      6BA1
 144 0106 B21DEB8C 		.ascii	"\262\035\353\214:\273r\327l\343q\253\323\322vp\036-"
 144      3ABB72D7 
 144      6CE371AB 
 144      D3D27670 
 144      1E2D
 145 0118 212265BF 		.ascii	"!\"e\277*\017\375\244H\2417#\2456yP\231t\223$'\310\315"
 145      2A0FFDA4 
 145      48A13723 
 145      A5367950 
 145      99749324 
 146 012f C6FA5187 		.ascii	"\306\372Q\207E\272p\261\036#K\007\325\377HG\300\222"
 146      45BA70B1 
 146      1E234B07 
 146      D5FF4847 
 146      C092
 147 0141 697FBEBD 		.ascii	"i\177\276\275\033\303\004P\033o\177\364-\300\213UYY"
 147      1BC30450 
 147      1B6F7FF4 
 147      2DC08B55 
 147      5959
 148 0153 DCFBDD91 		.ascii	"\334\373\335\221\204\246]6iI5\177\316n\373!\026\212"
 148      84A65D36 
 148      6949357F 
 148      CE6EFB21 
 148      168A
 149 0165 A27C782E 		.ascii	"\242|x.`\037/E\236\027\322\333\0026\246\213\213\247"
 149      601F2F45 
 149      9E17D2DB 
 149      0236A68B 
 149      8BA7
 150 0177 F5233356 		.ascii	"\365#3V4]\001\247\360\012!\346\343?\221\303/[\253\315"
 150      345D01A7 
 150      F00A21E6 
 150      E33F91C3 
 150      2F5BABCD 
 151 018b 74DFB23D 		.ascii	"t\337\262=\014G\002>\205\327\320B5\376\2577\350\023"
 151      0C47023E 
 151      85D7D042 
 151      35FEAF37 
 151      E813
 152 019d 42B48752 		.ascii	"B\264\207R\270t\007\261\240\326&\344a\"\215\"\352\315"
 152      B87407B1 
 152      A0D626E4 
 152      61228D22 
 152      EACD
 153 01af 6675320A 		.ascii	"fu2\012\303z\360\3125}\275p\343\346\260\316\025\206"
 153      C37AF0CA 
 153      357DBD70 
 153      E3E6B0CE 
 153      1586
 154 01c1 860A797D 		.ascii	"\206\012y}\361\362@\377\300-\235\037\271\232\313\346"
 154      F1F240FF 
 154      C02D9D1F 
 154      B99ACBE6 
 155 01d1 08F97F0B 		.ascii	"\010\371\177\013\343\254\267"
 155      E3ACB7
ARM GAS  /var/folders/qd/4mxf5pkd0zdf0b9dd1hp39180000gn/T//cc3THZsE.s 			page 12


 156              		.text
 157              		.section	.gnu.lto_.symbol_nodes.97300c0169a746d6,"",%progbits
 158 0000 789C6363 		.ascii	"x\234cc``\360\002b\006\246\026\246z\006\206\011\347"
 158      6060F002 
 158      6206A616 
 158      A67A0686 
 158      09E7
 159 0012 181880D4 		.ascii	"\030\030\200\324\256\006G\240H+S=#\252H\033S=\023\252"
 159      AE0647A0 
 159      482B533D 
 159      23AA481B 
 159      533D13AA 
 160 0026 483B533D 		.ascii	"H;S=3\212\010\003\000\255\216\021\331"
 160      338A0803 
 160      00AD8E11 
 160      D9
 161              		.text
 162              		.section	.gnu.lto_.refs.97300c0169a746d6,"",%progbits
 163 0000 789C6363 		.ascii	"x\234cc```\004b\006\000\000D\000\010"
 163      60606004 
 163      62060000 
 163      440008
 164              		.text
 165              		.section	.gnu.lto_.decls.97300c0169a746d6,"",%progbits
 166 0000 789CC559 		.ascii	"x\234\305YkTT\327\025\236s\317\000\303\333\"\253\261"
 166      6B5454D7 
 166      159E73CF 
 166      00C3DB22 
 166      ABB1
 167 0012 295D4D5D 		.ascii	")]M]f\205\266\201Q\223\306\374jCF\254\3740e\015\306"
 167      6685B681 
 167      5193C6FC 
 167      6A4346AC 
 167      FC30650D 
 168 0027 D524AB99 		.ascii	"\325$\253\231\020\234DR^\005\354\212\277z\021\214(j"
 168      109C4452 
 168      5E05EC8A 
 168      BF7A118C 
 168      286A
 169 0039 40092262 		.ascii	"@\011\"bx\372\004\025\242\202\210(\240<\004A\003\202"
 169      78FA0415 
 169      A2828828 
 169      A03C0441 
 169      0382
 170 004b 228F4104 		.ascii	"\"\217A\004DD\344\241\"\210\322}\036w\346rel~t\265w"
 170      4444E4A1 
 170      2288D27D 
 170      1E77E672 
 170      656C7E74 
 171 0061 B9E7CE3E 		.ascii	"\271\347\316>\347;\373|g\357s\366\331\203\266*\225*"
 171      E73BFB7C 
 171      67EF73F6 
 171      D983B62A 
 171      952A
 172 0073 F0172A95 		.ascii	"\360\027*\2253V\2512\221J5\003\217\015\264U\200\200"
 172      3356A932 
 172      914A3503 
ARM GAS  /var/folders/qd/4mxf5pkd0zdf0b9dd1hp39180000gn/T//cc3THZsE.s 			page 13


 172      8F0DB455 
 172      8080
 173 0085 AA2A53B1 		.ascii	"\252*S\261G\015R\003R\017\322\000rE\365\342\363-\014"
 173      470D5203 
 173      520FD200 
 173      7245F5E2 
 173      F32D0C
 174 0098 7081F767 		.ascii	"p\201\367g n \356|\274\007\310\033 \037\203|\004\362"
 174      206E20EE 
 174      7CBC07C8 
 174      1B201F83 
 174      7C04F2
 175 00ab 1BC0FD1A 		.ascii	"\033\300\375\032d\000\276\337\001y\0022\001\002\024"
 175      6400BEDF 
 175      01790232 
 175      010214
 176 00ba 54F3A0DD 		.ascii	"T\363\240\335\003\304\025\261\371k\346\230g7t8\3151"
 176      03C415B1 
 176      F96BE698 
 176      67377438 
 176      CD31
 177 00cc 8F348764 		.ascii	"\2174\207d_\262+\315#\200\314Gl\016\304\327\242|\366"
 177      5FB22BCD 
 177      2380CC47 
 177      6C0EC4D7 
 177      A27CF6
 178 00df 42878395 		.ascii	"B\207\203\2255\020\356\221\320\037\001\362\001b6\211"
 178      3510EE91 
 178      D01F01F2 
 178      01623689 
 179 00ef 9D8FB8BD 		.ascii	"\235\217\270\275\006\256\307\240\33163\254\330\264\306"
 179      06AEC7A0 
 179      D93633AC 
 179      D8B4C6
 180 00fe 970CF7E0 		.ascii	"\227\014\367\3406\347\362s2F\235\265\207\363p\002Fo"
 180      36E7F273 
 180      32469DB5 
 180      87F37002 
 180      466F
 181 0110 38201231 		.ascii	"8 \0221Wh:>T2\351\314\232\010\242\251\"\331\031\013"
 181      57683A3E 
 181      5432E9CC 
 181      9A08A2A9 
 181      22D9190B 
 182 0124 F46B777E 		.ascii	"\364kw~\\\237\275w\276\310\036\315\337T\350\024\302"
 182      5C9FBD77 
 182      BEC81ECD 
 182      DF54E814 
 182      C2
 183 0135 92A5A66F 		.ascii	"\222\245\246o\307r\355\360;\024\370c\\A:\261\352\346"
 183      C772EDF0 
 183      3B14F863 
 183      5C413AB1 
 183      EAE6
 184 0147 80D4A08E 		.ascii	"\200\324\240\2166\244\335v\001\325\335\001\275\226\214"
 184      36A4DD76 
 184      01D5DD01 
ARM GAS  /var/folders/qd/4mxf5pkd0zdf0b9dd1hp39180000gn/T//cc3THZsE.s 			page 14


 184      BD968C
 185 0156 0553DBD3 		.ascii	"\005S\333\323\016\027\344\340\031/\212\033\305\314X"
 185      0E17E4E0 
 185      192F8A1B 
 185      C5CC58
 186 0165 D17EA50A 		.ascii	"\321~\245\012\225 \017t\032y\250P)\362$3\027!o\025:"
 186      95200F74 
 186      1A79A850 
 186      29F22433 
 186      17216F15 
 187 017a 098D27A0 		.ascii	"\011\215'\240\361\000\231\256\374J\352\037\367\214\211"
 187      F10099AE 
 187      FC4AEA1F 
 187      F78C89
 188 0189 E26BE80C 		.ascii	"\342k\350\014r@\305\010S\014,\356\015\007F\340pnR\266"
 188      7240C508 
 188      530C2CEE 
 188      0D0746E0 
 188      706E52B6 
 189 019d 2D6E4184 		.ascii	"-nA\204\201P\272\267\257J\2606\3079\253sL\224.\254\336"
 189      8150BAB7 
 189      AF4AB036 
 189      C739AB73 
 189      4C942EAC 
 190 01b2 248A022A 		.ascii	"$\212\002*\2039\316Z\346\200)\311\013Za\2423\025e\347"
 190      8339CE5A 
 190      E68029C9 
 190      0B5A61A2 
 190      331565E7 
 191 01c6 1D4DA813 		.ascii	"\035M\250\023\301>@\363\350\372\021b\237\360&B\365\031"
 191      C13E40F3 
 191      E8FA1162 
 191      9FF02642 
 191      F519
 192 01d8 E941AC1D 		.ascii	"\351A\254\035Z\005\366\342P\242HC\220\271E\3406\004"
 192      5A05F6E2 
 192      50A24843 
 192      90B945E0 
 192      3604
 193 01ea C92EFDC7 		.ascii	"\311.\375\307\015 \271U\326\317\246\223\036\026u\366"
 193      0D20B955 
 193      D6CFA693 
 193      1E1675F6 
 194 01fa 45368E35 		.ascii	"E6\2165\011\226\311dC^\340\2522w\233IY\026\211x\270"
 194      0996C964 
 194      435EE0AA 
 194      32779B49 
 194      59168978 
 195 020f 5B86B61D 		.ascii	"[\206\266\035s\352F]\320\013\3339Q\023J\003\277\367"
 195      73EA465D 
 195      D00BDB39 
 195      51134A03 
 195      BFF7
 196 0221 5A4F8E80 		.ascii	"ZO\216\200\357\260\355Rs\350T\005R\013\314o(LM\332\352"
 196      EFB0ED52 
 196      73E85405 
 196      520BCC6F 
ARM GAS  /var/folders/qd/4mxf5pkd0zdf0b9dd1hp39180000gn/T//cc3THZsE.s 			page 15


 196      284C4DDA 
 197 0236 270E9E57 		.ascii	"'\016\236W\233\333*\021m\254\232\231(we\333E ;i\344"
 197      9BDB2A11 
 197      6DAC9A99 
 197      287765DB 
 197      45203B69 
 198 024b F23E47B6 		.ascii	"\362>G\266]\346\221\335s\256+EX\220B\342\223\030+\316"
 198      5DE691DD 
 198      73AE2B45 
 198      589042E2 
 198      93182BCE 
 199 025f 13D0673F 		.ascii	"\023\320g?GU\020\265\213\0205\025\252F\013\340\363\002"
 199      475510B5 
 199      8B103515 
 199      AA460BE0 
 199      F302
 200 0271 52335A85 		.ascii	"R3Z\205\011\3176k\026f\212\231\335by\215i\321\235\223"
 200      09CF366B 
 200      16668A99 
 200      DD62798D 
 200      69D19D93 
 201 0285 A208F114 		.ascii	"\242\010\361\024\325\004\207*,\001\255 \033\027\225"
 201      D504872A 
 201      2C01AD20 
 201      1B1795
 202 0294 A36E84CE 		.ascii	"\243n\204\316#\023,\242\006-$\253\352*\033\3018\027"
 202      23132CA2 
 202      062D24AB 
 202      EA2A1BC1 
 202      3817
 203 02a6 5BE5BFBB 		.ascii	"[\345\277\2739\373\214\263U2u\224\314%\211\314L[\305"
 203      39FB8CB3 
 203      55327594 
 203      CC2589CC 
 203      4C5BC5
 204 02b9 800B2733 		.ascii	"\200\013'3\270 M,\337(\222\275\005(Tk\241R\253\244R"
 204      B8204D2C 
 204      DF2892BD 
 204      0528546B 
 204      A152ABA4 
 205 02ce 4FA9143E 		.ascii	"O\251\024>\271\027\213q\021\243\262+.)\331\236[\252"
 205      B9178B71 
 205      11A3B22B 
 205      2E29D99E 
 205      5BAA
 206 02e0 7BD56C89 		.ascii	"{\325l\211,\352\262\305\322e\245\245\006j\251\354\340"
 206      2CEAB2C5 
 206      D265A5A5 
 206      066AA9EC 
 206      E0
 207 02f1 6E3FDCCC 		.ascii	"n?\334\314\014\215\236\215\371\253\304\350\227\263\030"
 207      0C8D9E8D 
 207      F9ABC4E8 
 207      97B318
 208 0300 355AEC34 		.ascii	"5Z\3544*\355\\\241v\362[2J\235X\230D\017b\253b\363I"
 208      2AED5CA1 
 208      76F25B32 
ARM GAS  /var/folders/qd/4mxf5pkd0zdf0b9dd1hp39180000gn/T//cc3THZsE.s 			page 16


 208      4A9D5898 
 208      440F62AB 
 209 0317 AE8FD881 		.ascii	"\256\217\330\201\236|\364v1bz\242;\350\003-\007\323"
 209      9E7CF476 
 209      31627AA2 
 209      3BE8032D 
 209      07D3
 210 0329 9C591CC5 		.ascii	"\234Y\034\305,\004\015\373\246\247\343\324\270\2271"
 210      2C040DFB 
 210      A6A7E3D4 
 210      B89731
 211 0338 B9D5FABC 		.ascii	"\271\325\372\274\236\347\210X\033\2623\372:\276sv\210"
 211      9EE78858 
 211      1BB233FA 
 211      3ABE7376 
 211      88
 212 0349 279EA5E7 		.ascii	"'\236\245\347\225tH'V\205Z\311\001DZ\017\324\002*\240"
 212      95744827 
 212      56855AC9 
 212      01445A0F 
 212      D4022AA0 
 213 035d F352B24F 		.ascii	"\363R\262Oa\267D\032\007Q|OMC\324\014\360&\012\277\216"
 213      61B7441A 
 213      07517C4F 
 213      4D43D40C 
 213      F0260ABF 
 214 0372 DCA44104 		.ascii	"\334\244A\004\335\273\2777\323\2363\267\005\375\233"
 214      DDBBBF37 
 214      D39E33B7 
 214      05FD9B
 215 0381 A49E1C17 		.ascii	"\244\236\034\027\316\234\020\273\232\264m\227\2323%"
 215      CE9C10BB 
 215      9AB46D97 
 215      9A3325
 216 0390 2970C7F5 		.ascii	")p\307\365\244?\341a\306\363F\341\256\002\033\206}@"
 216      A43FE161 
 216      C6F346E1 
 216      AE021B86 
 216      7D40
 217 03a2 B067D25A 		.ascii	"\260g\322Z\323\034\255\362\354\224xv0\236\3077\365\036"
 217      D31CADF2 
 217      EC947876 
 217      309EC737 
 217      F51E
 218 03b4 D6C0680F 		.ascii	"\326\300h\017\310\257H\226\\=Xr=Y>~T\215G\351LB\341"
 218      C8AF4896 
 218      5C3D5872 
 218      3D593E7E 
 218      548D47E9 
 219 03cb D1DEAF90 		.ascii	"\321\336\257\220\247\203\224\355\2747m&\261\351\201"
 219      A78394ED 
 219      BC376D26 
 219      B1E981
 220 03da 85755B62 		.ascii	"\205u[b\343A\226D\263\232\230#\342\005*\364\226\007"
 220      E3419644 
 220      B39A9823 
 220      E2052AF4 
ARM GAS  /var/folders/qd/4mxf5pkd0zdf0b9dd1hp39180000gn/T//cc3THZsE.s 			page 17


 220      9607
 221 03ec 5A0C39ED 		.ascii	"Z\0149\355\026\3444\017\236\323L@\247\213\315\1778\343"
 221      16E4340F 
 221      9ED34C40 
 221      A78BCD7F 
 221      38E3
 222 03fe D04567FC 		.ascii	"\320Eg\374\224M\320u\364A#6\317\000\271\356\004\315"
 222      944DD075 
 222      F4412336 
 222      CF00B9EE 
 222      04CD
 223 0410 757D30C3 		.ascii	"u}0\303m\313\014=\310\312\024\275sO\321bJiw\264\204"
 223      6DCB0C3D 
 223      C8CA14BD 
 223      734FD162 
 223      4A6977B4 
 224 0425 02517B37 		.ascii	"\002Q{7\241\277\215z\244\237\206\242S\012\305\306\213"
 224      A1BF8D7A 
 224      A49F86A2 
 224      530AC5C6 
 224      8B
 225 0436 5BEE21E2 		.ascii	"[\356!\342\276\330\237f=\265j\362\201Zn\375\316\313"
 225      BED89F66 
 225      3DB56AF2 
 225      815A6EFD 
 225      CECB
 226 0448 AC179992 		.ascii	"\254\027\231\222\267\360-\231In\2363\235\243\345\216"
 226      B7F02D99 
 226      496E9E33 
 226      9DA3E58E 
 227 0458 4CEF26EE 		.ascii	"L\357&\356\237\034Jm\321\360@\273\200~a<}\324\011\307"
 227      9F1C4A6D 
 227      D1F040BB 
 227      807E613C 
 227      7DD409C7 
 228 046c AA69302A 		.ascii	"\252i0*\333\313\342y\244\227\201zyGI\237\365\0159,\005"
 228      DBCBE279 
 228      A497817A 
 228      7947499F 
 228      F50D392C 
 229 0481 FA3EE3F9 		.ascii	"\372>\343\371<3\275UPn\310{\000\037\244\360\007\224"
 229      3C33BD55 
 229      506EC87B 
 229      001FA4F0 
 229      0794
 230 0493 E7B0C473 		.ascii	"\347\260\304s\367\375\311W\371~\224_\220n\364\202D\307"
 230      F7FDC957 
 230      F97E945F 
 230      906EF482 
 230      44C7
 231 04a5 06CEA73B 		.ascii	"\006\316\247;p\226$!^h\336\233g\207\2673\226\017\267"
 231      70962421 
 231      5E68DE9B 
 231      6787B733 
 231      960FB7
 232 04b8 6E9AE0E7 		.ascii	"n\232\340\347\206\034\272\336\272\261\037\\\254\262"
 232      861CBADE 
ARM GAS  /var/folders/qd/4mxf5pkd0zdf0b9dd1hp39180000gn/T//cc3THZsE.s 			page 18


 232      BAB11F5C 
 232      ACB2
 233 04c6 7C24B17C 		.ascii	"|$\261|\310X\246\017\216\317\270(Y\216\001|\224\302"
 233      C858A60F 
 233      8ECFB828 
 233      598E017C 
 233      94C2
 234 04d8 1F53968F 		.ascii	"\037S\226\217$\226\251M\205\276,T?\345\006\205\001\315"
 234      2496A94D 
 234      85BE2C54 
 234      3FE50685 
 234      01CD
 235 04ea E7A6AEB8 		.ascii	"\347\246\256\270\312\315O\274\314\374D\321\323v\276"
 235      CACD4FBC 
 235      CCFC44D1 
 235      D376BE
 236 04f9 EA4C4CB6 		.ascii	"\352LL\266Fi[\022\277\006\272\345\247\326\235\237\332"
 236      46695B12 
 236      BF06BAE5 
 236      A7D69D9F 
 236      DA
 237 050a 988182CD 		.ascii	"\230\201\202\315\030\357dn\030\337\275i\213\206\201"
 237      18EF646E 
 237      18DFBD69 
 237      8B8681
 238 0519 5F0135EB 		.ascii	"_\0015\353\370\360\220\306\252\033\236Knx\306x>\253"
 238      F8F090C6 
 238      AA1B9E4B 
 238      6E78C678 
 238      3EAB
 239 052b 3465BB2A 		.ascii	"4e\273*\335\360\024\340S\024>Cy>\227x\236,\033\335/"
 239      DDF014E0 
 239      53143E43 
 239      793E9778 
 239      9E2C1BDD 
 240 0540 650FC2B3 		.ascii	"e\017\302\263/\257'\307\001\2473\036G\312\023jy82I\254"
 240      2FAF27C7 
 240      01A7331E 
 240      47CA136A 
 240      79383249 
 241 0555 66F68EEC 		.ascii	"f\366\216\354s\302Y\254S\012\244\033\017\344\225\273"
 241      73C259AC 
 241      530AA41B 
 241      0FE495BB 
 242 0565 458502CE 		.ascii	"E\205\002\316c\235\317L\211\211v|$\331\233\246\266\226"
 242      639DCF4C 
 242      8989767C 
 242      24D99BA6 
 242      B696
 243 0577 42275CC0 		.ascii	"B'\\\300:\213\372/UK#I\347\226\343=\0116\270\204u\336"
 243      3A8BFA2F 
 243      554B2349 
 243      E796E33D 
 243      0936B884 
 244 058d EABCB3D5 		.ascii	"\352\274\263\325\005\237cJM\365\306\257p-\373^\177;"
 244      059F634A 
 244      4DF5C6AF 
ARM GAS  /var/folders/qd/4mxf5pkd0zdf0b9dd1hp39180000gn/T//cc3THZsE.s 			page 19


 244      702DFB5E 
 244      7F3B
 245 059f EE4D3628 		.ascii	"\356M6(\216$\350\252\334\302\014\314\034\230I\267\377"
 245      8E24E8AA 
 245      DCC20CCC 
 245      1C9849B7 
 245      FF
 246 05b0 898AADB1 		.ascii	"\211\212\255\261\256\270\201\202]MS\261&'\264\210=\363"
 246      AEB88182 
 246      5D4D53B1 
 246      2627B488 
 246      3DF3
 247 05c2 1779D277 		.ascii	"\027y\322w\266\030\027#\226_O\303G\362\352\300\225\225"
 247      B6181723 
 247      965F4FC3 
 247      47F2EAC0 
 247      9595
 248 05d4 083D416E 		.ascii	"\010=An(A\300(E\230o\016%\270\022\034\264\204\324\262"
 248      2841C028 
 248      45986F0E 
 248      25B8121C 
 248      B484D4B2 
 249 05e8 6C40CF27 		.ascii	"l@\317'\360\021\003)\037\300\355\210\201\245C\212n "
 249      F0110329 
 249      1FC0ED88 
 249      81A5438A 
 249      6E20
 250 05fa 199A649E 		.ascii	"\031\232d\236:\202\216\303\304\317h\232\243%\357\243"
 250      3A828EC3 
 250      C4CF689A 
 250      A325EFA3 
 251 060a 49A4B0DD 		.ascii	"I\244\260\335\304\321\204\3108R\020\031Q\242{>\266\240"
 251      C4D184C8 
 251      38521019 
 251      51A27B3E 
 251      B6A0
 252 061c B72869C7 		.ascii	"\267(i\307\013\012&S\037[\230\304\012\012&\033\345\350"
 252      0B0A2653 
 252      1F5B98C4 
 252      0A0A261B 
 252      E5E8
 253 062e B858B17C 		.ascii	"\270X\261|\354\2234\212&\273z\007G\233\217\304U\013"
 253      EC93348A 
 253      26BB7A07 
 253      479B8FC4 
 253      550B
 254 0640 9324BEB1 		.ascii	"\223$\276\261D(\004\320v\301\003m\243\226\010\034N\014"
 254      442804D0 
 254      76C1036D 
 254      A396081C 
 254      4E0C
 255 0652 4A153CD1 		.ascii	"J\025<\321\267\302\"\224\006\262\013d7\310>\220d\220"
 255      B7C22294 
 255      06B20B64 
 255      37C83E90 
 255      6490
 256 0664 74902490 		.ascii	"t\220$\220\235 {A\022A\366\200|',\2425\030\243=(\243"
ARM GAS  /var/folders/qd/4mxf5pkd0zdf0b9dd1hp39180000gn/T//cc3THZsE.s 			page 20


 256      9D207B41 
 256      1241F680 
 256      7C272CA2 
 256      3518A33D 
 257 067a BD5949FB 		.ascii	"\275YI\373\033\013m\226\350\253o\272\305\000\027\202"
 257      1B0B6D96 
 257      E8AB6FBA 
 257      C5001782 
 258 068a 52F1246F 		.ascii	"R\361$o15\334\356\266S\024k\027\223+\023]\343\356\225"
 258      3135DCEE 
 258      B653146B 
 258      17932B13 
 258      5DE3EE95 
 259 069e 2E52F4A3 		.ascii	".R\364\2432t7e3oU\316<\372\002\232\207\016\262\037\032"
 259      32743765 
 259      336F55CE 
 259      3CFA029A 
 259      870EB21F 
 260 06b3 E2B6A59C 		.ascii	"\342\266\245\234\210\356*CW)\013t\2142t\242\240@\217"
 260      88EE2A43 
 260      57290B74 
 260      8C3274A2 
 260      A0408F
 261 06c6 C902BD49 		.ascii	"\311\002\275I\211\216\263\240Inn5]Dx\232n{a\343Ta\221"
 261      898EB3A0 
 261      496E6E35 
 261      5D44789A 
 261      6E7B61E3 
 262 06dd 0D9AEF39 		.ascii	"\015\232\3579g\220\340\014{\376W\342\304<\377\274]\003"
 262      6790E00C 
 262      7BFE57E2 
 262      C43CFFBC 
 262      5D03
 263 06ef BF935006 		.ascii	"\277\223P\006\030\374^0_\260$\016\224\327\226;S\365"
 263      18FC5E30 
 263      5FB0240E 
 263      94D7963B 
 263      53F5
 264 0701 D869ABF9 		.ascii	"\330i\253\371'\012\005Z\262V\226\340D\313nx\223\352"
 264      270A055A 
 264      B25696E0 
 264      44CB6E78 
 264      93EA
 265 0713 ABA1A683 		.ascii	"\253\241\246\203'\232xr\226g\356\266\345\360\2544B+"
 265      279A7872 
 265      9667EEB6 
 265      E5F0AC34 
 265      422B
 266 0725 BBE97DC5 		.ascii	"\273\351}\305\\w\227e\027w\236]\206R\023b]\255&\310"
 266      5C779765 
 266      17779E5D 
 266      86521362 
 266      5DAD26C8 
 267 0739 03024F90 		.ascii	"\003\002O\220\247Y\202\274\326\331\227\342\244L\220"
 267      A75982BC 
 267      D6D997E2 
 267      A44C90
ARM GAS  /var/folders/qd/4mxf5pkd0zdf0b9dd1hp39180000gn/T//cc3THZsE.s 			page 21


 268 0748 FBC149B9 		.ascii	"\373\301I\271\324\261\007\0057i\020A\237j\272\376\330"
 268      D4B10705 
 268      37691041 
 268      9F6ABAFE 
 268      D8
 269 0759 1E7F6343 		.ascii	"\036\177cCsP[\312\326!\033\351\326\210\377)\267Fn\177"
 269      73505BCA 
 269      D6211BE9 
 269      D688FF29 
 269      B7466E7F 
 270 076d E1037BF9 		.ascii	"\341\003{\371d\207\205\227L\326\334\237\025\307\257"
 270      64878597 
 270      4CD6DC9F 
 270      15C7AF
 271 077c F8AB2AD9 		.ascii	"\370\253*\331\257\0057\366kAJ\234\356<q\226V7]B8\201"
 271      AF0537F6 
 271      6B414A9C 
 271      EE3C7196 
 271      56375D42 
 272 0792 71AB1C2B 		.ascii	"q\253\034+8\310\307\222D\336\235xa\306\272O\012$\237"
 272      38C8C792 
 272      44DE9D78 
 272      61C6BA4F 
 272      0A249F
 273 07a5 1C1728CD 		.ascii	"\034\027(\315G\211\005+\224.9\012,\363)\313B\312\262"
 273      4789052B 
 273      942E390A 
 273      2CF329CB 
 273      42CAB2
 274 07b8 4062B967 		.ascii	"@b\271g\337\3401A\271&\253\350\204\252S\325<\266\265"
 274      DFE03141 
 274      B926ABE8 
 274      84AA53D5 
 274      3CB6B5
 275 07cb 44EF7F7E 		.ascii	"D\357\177~\242"
 275      A2
 276 07d0 CE0E2732 		.ascii	"\316\016'2\322\273v>\251\323\340d\246\024\017\347\025"
 276      D2BB763E 
 276      A9D3E064 
 276      A6140FE7 
 276      15
 277 07e1 3B336439 		.ascii	";3d9\321\323J\037\326\361\232E#\353v\347\335\343y#\373"
 277      D1D34A1F 
 277      D6F19A45 
 277      23EB76E7 
 277      DDE37923 
 278 07f6 6D712A1B 		.ascii	"mq*\033\23342\266\313\326\352r\317H\313]LW[|*\347\201"
 278      9B3432B6 
 278      CBD6EA72 
 278      CF48CB5D 
 278      4C575B7C 
 279 080d 46B9DCD3 		.ascii	"F\271\334\323\260\200b\272\200R\272\2003\322\002Jcr"
 279      B08062BA 
 279      8052BA80 
 279      33D2024A 
 279      6372
 280 081f 5BB072B9 		.ascii	"[\260r\271V\321\207\372\323w\3600\274K\312\214\311\254"
ARM GAS  /var/folders/qd/4mxf5pkd0zdf0b9dd1hp39180000gn/T//cc3THZsE.s 			page 22


 280      56D187FA 
 280      D377F030 
 280      BC4BCA8C 
 280      C9AC
 281 0831 41679CCE 		.ascii	"Ag\234\316H\336\037\236>\356\202\263\230RZ|\266\232"
 281      48DE1F9E 
 281      3EEE82B3 
 281      98525A7C 
 281      B69A
 282 0843 AF6E3129 		.ascii	"\257n1)\372\363+\032\035\361\001\3267\235\230q\302\036"
 282      FAF32B1A 
 282      1DF101D6 
 282      379D9871 
 282      C21E
 283 0855 E73365EF 		.ascii	"\3473e\357x\347]\276\371=I\234s\276\337i\217\013Y\337"
 283      78E75DBE 
 283      F93D499C 
 283      73BEDF69 
 283      8F0B59DF 
 284 0869 4C62FC1E 		.ascii	"Lb\374\036;\\\304\224\344\306\344\034G\\\312\224\341"
 284      3B5CC494 
 284      E4C6E41C 
 284      475CCA94 
 284      E1
 285 087a B8BE6EBE 		.ascii	"\270\276n\276u\026\200\372t \271\215\377~q\222\225#"
 285      751680FA 
 285      7420B98D 
 285      FF7E7192 
 285      9523
 286 088c EEBC1C39 		.ascii	"\356\274\0349\366x\307nG\\\301\206^o\213+\341XGPc\363"
 286      F678C76E 
 286      475CC186 
 286      5E6F8B2B 
 286      E1584750 
 287 08a2 CF15D958 		.ascii	"\317\025\331Xu\355e\311\265\365l'm?\226{\336VY1_\002"
 287      75ED65C9 
 287      B5F56C27 
 287      6D3F967B 
 287      DE565931 
 288 08b8 6FD5526F 		.ascii	"o\325Ro5Po]\226\274\325\330\237p\305QY\001[E\2275u\274"
 288      35506F5D 
 288      96BCD5D8 
 288      9F70C551 
 288      59015B45 
 289 08d0 87AB18C9 		.ascii	"\207\253\030\311G\215\035\267\020\276\304\224\270\372"
 289      478D1DB7 
 289      10BEC494 
 289      B8FA
 290 08de 4B07ED70 		.ascii	"K\007\355p\003S\206\0167\324\332\342f\246\364\366O\235"
 290      0353860E 
 290      37D4DAE2 
 290      66A6F4F6 
 290      4F9D
 291 08f0 C6F80653 		.ascii	"\306\370\006S\016\014eo\267\307\235|L\357p#w\3206r\230"
 291      0E0C656F 
 291      B7C79D7C 
 291      4CEF7023 
ARM GAS  /var/folders/qd/4mxf5pkd0zdf0b9dd1hp39180000gn/T//cc3THZsE.s 			page 23


 291      77D03672 
 292 0905 9E8E145D 		.ascii	"\236\216\024]\223\\B\266\333\340\243\276\031\015\276"
 292      935C42B6 
 292      DBE0A3BE 
 292      190DBE
 293 0914 4DC1AF14 		.ascii	"M\301\257\0246]\316\264G\264\226\260<\236\374\235-&"
 293      365DCEB4 
 293      47B496B0 
 293      3C9EFC9D 
 293      2D26
 294 0926 43BAEE1A 		.ascii	"C\272\356\032\340\227\315\017\202\033:\006\031\261\035"
 294      E097CD0F 
 294      821B3A06 
 294      19B11D
 295 0935 129E742A 		.ascii	"\022\236t*P\2362\305W\032XU\321\010\350:\216\226\026"
 295      509E32C5 
 295      571A5855 
 295      D108E83A 
 295      8E9616
 296 0948 8E6AE4E8 		.ascii	"\216j\344\350d\270\235\233\326\261\333\231l\275\223"
 296      64B89D9B 
 296      D6B1DB99 
 296      6CBD93
 297 0957 1C6D4E3D 		.ascii	"\034mN='(\272\004\275p=\267\202\275\026\332\331\316"
 297      2728BA04 
 297      BD703DB7 
 297      82BD16DA 
 297      D9CE
 298 0969 D3FE1D48 		.ascii	"\323\376\035H\373\203\220\312\273@\006@\356\203t\203"
 298      FB8390CA 
 298      BB400640 
 298      EE837483 
 299 0979 DC026903 		.ascii	"\334\002i\003\271\013r\017\244\027\244\037\244\017\244"
 299      B90B720F 
 299      A417A41F 
 299      A40FA4
 300 0988 03640864 		.ascii	"\003d\010d\030\304\004r\023\344\006H'\310m\220\036\363"
 300      18C40472 
 300      13E40648 
 300      27C86D90 
 300      1EF3
 301 099a F54DEB08 		.ascii	"\365M\353\010\203\245\2168\257dZ6k]\244\242Y\307.\272"
 301      83A58E38 
 301      AF645A36 
 301      6B5DA4A2 
 301      59C72EBA 
 302 09ae 23E08543 		.ascii	"#\340\205C\034-eG^\260\312j\224\233\237Zl7+mk-N`>\253"
 302      1C2D6547 
 302      5EB0CA6A 
 302      949B9F5A 
 302      6C372B6D 
 303 09c8 93F9ECD4 		.ascii	"\223\371\354\324\334>\223\327?2\333W\225\350|%zJ\206"
 303      DC3E93D7 
 303      3F32DB57 
 303      95E87C25 
 303      7A4A86
 304 09db BE32375A 		.ascii	"\27627Z\242B\215\257\263\300\257+\341\331\312\302m\220"
ARM GAS  /var/folders/qd/4mxf5pkd0zdf0b9dd1hp39180000gn/T//cc3THZsE.s 			page 24


 304      A2428DAF 
 304      B3C0AF2B 
 304      E1D9CAC2 
 304      6D90
 305 09ed 3B052E07 		.ascii	";\005.\007Z\207\314rJ\316\013\306o\312<~Qi\374\302\013"
 305      5A87CC72 
 305      4ACE0BC6 
 305      6FCA3C7E 
 305      5169FCC2 
 306 0a02 F04119BC 		.ascii	"\360A\031\274B\011/\177\001\336#\203W\316\015\227\227"
 306      42092F7F 
 306      01DE2383 
 306      57CE0D97 
 306      97
 307 0a13 635DAC1C 		.ascii	"c]\254\034kW\226c\304T\177\227[v,9!\304V\223\322V\261"
 307      6B579663 
 307      C4547F97 
 307      5B762C39 
 307      21C45693 
 308 0a2a D2C775B2 		.ascii	"\322\307u\262\231\253\225hV\216\311\303\335\364\251"
 308      99AB9568 
 308      568EC9C3 
 308      DDF4A9
 309 0a39 25DCD7E6 		.ascii	"%\334\327\346\334\0342\333M2\333Us\373L\036m\031\372"
 309      DC1C32DB 
 309      4D32DB55 
 309      73FB4C1E 
 309      6D19FA
 310 0a4c DCDC7B7A 		.ascii	"\334\334{z\226\207e\233\343\307\271\227i&N2\001\017"
 310      9687659B 
 310      E3C7B997 
 310      69264E32 
 310      010F
 311 0a5e F7590877 		.ascii	"\367Y\010w\011\207K\327\013*\232U\3545\232\276kT\343"
 311      09874BD7 
 311      0B2A9A55 
 311      EC359ABE 
 311      6B54E3
 312 0a71 BB342709 		.ascii	"\2734'\011\235wO&8*\213=\351\310\243Q8\351\377\213S"
 312      9D774F26 
 312      382A8B3D 
 312      E9C8A351 
 312      38E9FF8B 
 313 0a86 CF8BC101 		.ascii	"\317\213\301\001[R\014\216\300\204\017,\305`\273T\014"
 313      5B520C8E 
 313      C0840F2C 
 313      C560BB54 
 313      0C
 314 0a97 E6F4F75C 		.ascii	"\346\364\367\\P\313\213\301\221Y\305\340\030/\006\307"
 314      50CB8BC1 
 314      9159C5E0 
 314      182F06C7 
 315 0aa7 6831983A 		.ascii	"h1\230:]\322\355\204\307X\226\316\036h\270\304o\311"
 315      5DD2ED84 
 315      C75896CE 
 315      1E68B8C4 
 315      6FC9
ARM GAS  /var/folders/qd/4mxf5pkd0zdf0b9dd1hp39180000gn/T//cc3THZsE.s 			page 25


 316 0ab9 5F91BFC7 		.ascii	"_\221\277\307\354\032\332\201X\222\036 I;\253a<\305"
 316      EC1ADA81 
 316      58921E20 
 316      493BAB61 
 316      3CC5
 317 0acb 018BB614 		.ascii	"\001\213\266\024{\272\354\376R\006%?\020;\023:\332\221"
 317      7BBAECFE 
 317      5206253F 
 317      103B133A 
 317      DA91
 318 0add D56BEB89 		.ascii	"\325k\353\211tmM\260k\253\345I\331\224\023\336B\015"
 318      746D4DB0 
 318      6BABE549 
 318      D99413DE 
 318      420D
 319 0aef A9F3638F 		.ascii	"\251\363c\217\214\250\221\247\007\0028b\177Q\"\377'"
 319      8CA891A7 
 319      07023862 
 319      7F5122FF 
 319      27
 320 0b00 A042CF60 		.ascii	"\240B\317`oM\012X\372?\2064\021\314\217\374\2134\303"
 320      6F4D0A58 
 320      FA3F8634 
 320      11CC8FFC 
 320      8B34C3
 321 0b13 770D7DCF 		.ascii	"w\015}\317\361\267\245)p\3773:\3374D\347)\2330#\343"
 321      F1B7A529 
 321      70FF333A 
 321      DF3444E7 
 321      299B3023 
 322 0b28 5C2B92DF 		.ascii	"\\+\222\337|\304\366#\350\177H#\376\234\336|O\244\233"
 322      7CC4F623 
 322      E87F4823 
 322      FE9CDE7C 
 322      4FA49B
 323 0b3b AF30BD76 		.ascii	"\2570\275v\322\336\201\333\216\377O\266\363\306r\247"
 323      D2DE81DB 
 323      8EFF4FB6 
 323      F3C672A7 
 324 0b4b 67DDAA33 		.ascii	"g\335\2523/\263\035\337*\336\263y=G\274Z.\226_0\275"
 324      2FB31DDF 
 324      2ADEB379 
 324      3D47BC5A 
 324      2E965F30 
 325 0b60 99B6B15C 		.ascii	"\231\266\261\\\214}\017\211\330\015=\206P6\240\205\262"
 325      8C7D0F89 
 325      D80D3D86 
 325      5036A085 
 325      B2
 326 0b71 A1E3D0F2 		.ascii	"\241\343\320\362\251\240B1\370u\325\357\274\275\265"
 326      A9A04231 
 326      F875D5EF 
 326      BCBDB5
 327 0b80 EC5F7894 		.ascii	"\354_x\224v]`\2106\"<2:J\033\024\036\032\032\036\246"
 327      765D6088 
 327      36223C32 
 327      3A4A1B14 
ARM GAS  /var/folders/qd/4mxf5pkd0zdf0b9dd1hp39180000gn/T//cc3THZsE.s 			page 26


 327      1E1A1A1E 
 328 0b95 F5D1AFD2 		.ascii	"\365\321\257\322\255\372Z\033\366\317\340 \357 \315"
 328      ADFA5A1B 
 328      F6CFE020 
 328      EF20CD
 329 0ba4 9F3FF8F0 		.ascii	"\237?\370\3605\335\222%*\007\203a}pX\364[K\015\321;"
 329      35DD9225 
 329      2A078361 
 329      7D7058F4 
 329      5B4B0DD1 
 330 0bb9 91D62722 		.ascii	"\221\326'\"\"$8(0:8<,J\353\033\024\022\034\021e4\030"
 330      22243828 
 330      303A383C 
 330      2C4AEB1B 
 330      14121C11 
 331 0bd0 BD22D607 		.ascii	"\275\"\326\007\375}\251w`D\204V\027\036\026m\014\213"
 331      FD7DA977 
 331      60448456 
 331      171E166D 
 331      0C8B
 332 0be2 7EA153BB 		.ascii	"~\241S\273:<<$J\373eP\220W`d\250WXx\230\321\313\030"
 332      3A3C3C24 
 332      4AFB6550 
 332      90576064 
 332      A8575878 
 333 0bfa F879B0D7 		.ascii	"\370y\260\3272\257\245\213\227,\363\372\307\333^\241"
 333      32AFA58B 
 333      972CF3FA 
 333      C7DB5EA1 
 334 0c0a 815F8547 		.ascii	"\201_\205Gjg\365j\203\303\202B\326\2575jC\003\203\326"
 334      6A67F56A 
 334      83C38242 
 334      D6AF356A 
 334      430383D6 
 335 0c1e 058719B5 		.ascii	"\005\207\031\265\206\265\306/\002\327\207D\033\2427"
 335      86B5C62F 
 335      02D78744 
 335      1BA237
 336 0c2d 4418A3BC 		.ascii	"D\030\243\274\327\2514\022\271\315\377?rQ\033\242\264"
 336      D7A93412 
 336      B9CDFF3F 
 336      72511BA2 
 336      B4
 337 0c3e 86A8E8B5 		.ascii	"\206\250\350\265\300\004\030\315#\016\364\015\013\374"
 337      C00418CD 
 337      230EF40D 
 337      0BFC
 338 0c4c 3CC4B8C6 		.ascii	"<\304\270\306\030\024\035\036\371\373\237\356u\325\317"
 338      18141D1E 
 338      F9FB9FEE 
 338      75D5CF
 339 0c5b C87B7970 		.ascii	"\310{yp\224e\264\007i\0110F\007l\210\2126\206\256\014"
 339      9465B407 
 339      69093046 
 339      076C888A 
 339      3686AE0C 
 340 0c6f 0C5B1B62 		.ascii	"\014[\033b\214\364\217\014\016\217\014\216\336@\347"
ARM GAS  /var/folders/qd/4mxf5pkd0zdf0b9dd1hp39180000gn/T//cc3THZsE.s 			page 27


 340      8CF48F0C 
 340      0E8F0C8E 
 340      DE40E7
 341 0c7e D2851803 		.ascii	"\322\205\030\003#\375\215a0\377\227\366z\337\000_\375"
 341      23FD8D61 
 341      30FF97F6 
 341      7ADF005F 
 341      FD
 342 0c8f 1ADFE57F 		.ascii	"\032\337\345\177\020\374\374\355Y\350\3365D\333\361"
 342      10FCFCED 
 342      59E8DE35 
 342      44DBF1
 343 0c9e B7B9FB6D 		.ascii	"\267\271\373m\265\237\317\373z\263\372\226\332O\347"
 343      B59FCFFB 
 343      7AB3FA96 
 343      DA4FE7
 344 0cad 6F5197AA 		.ascii	"oQ\227\252\375\002\374\365\032=\323\226@\247\257\245"
 344      FD02FCF5 
 344      1A3DD396 
 344      40A7AFA5 
 345 0cbd 733174FA 		.ascii	"s1t\372\352\325\001\253\375\364\277\225\257\314\370"
 345      EAD501AB 
 345      FDF4BF95 
 345      AFCCF8
 346 0ccc 75B456B7 		.ascii	"u\264V\267*\300/\300\354\227\240\360H\243!(\364mp\212"
 346      2AC02FC0 
 346      EC97A0F0 
 346      48A32128 
 346      F46D708A 
 347 0ce0 FD076BFC 		.ascii	"\375\007k\374t\206\325\0204\030\355\243W\257Z\265B\217"
 347      7486D510 
 347      3418EDA3 
 347      57AF5AB5 
 347      428F
 348 0cf2 7D96EBF1 		.ascii	"}\226\353\361rx\373\257\320\253}V\004\350\325\357\257"
 348      7278FBAF 
 348      D0AB7D56 
 348      04E8D5EF 
 348      AF
 349 0d03 F0D1DB40 		.ascii	"\360\321\333@\027\000\226\023}%\371\320\301\207M\300"
 349      17009613 
 349      7D25F9D0 
 349      C1874DC0 
 350 0d13 4A5D801E 		.ascii	"J]\200\036\007\254\364\307:\035\274uz\033\037?\275N"
 350      07ACF4C7 
 350      3A1DBC75 
 350      7A1B1F3F 
 350      BD4E
 351 0d25 AF5EB3FA 		.ascii	"\257^\263\372/z\240\007\010\235\377\207~\313\341\323"
 351      2F7AA007 
 351      089DFF87 
 351      7ECBE1D3 
 352 0d35 47A7D704 		.ascii	"G\247\327\004\350\336\247s9\033\014_\254\017\0132\030"
 352      E8DEA773 
 352      391B0C5F 
 352      AC0F0B32 
 352      18
ARM GAS  /var/folders/qd/4mxf5pkd0zdf0b9dd1hp39180000gn/T//cc3THZsE.s 			page 28


 353 0d46 BCDF59F6 		.ascii	"\274\337Y\366\316b\215\244\251\203\326\005F\376\033"
 353      CE628DA4 
 353      A983D605 
 353      46FE1B
 354 0d55 61962D12 		.ascii	"a\226-\022"
 355              		.text
 356              		.section	.gnu.lto_.symtab.97300c0169a746d6,"",%progbits
 357 0000 6E766963 		.ascii	"nvicEnableVector\000"
 357      456E6162 
 357      6C655665 
 357      63746F72 
 357      00
 358 0011 00       		.ascii	"\000"
 359 0012 00       		.ascii	"\000"
 360 0013 00       		.ascii	"\000"
 361 0014 00000000 		.ascii	"\000\000\000\000\000\000\000\000"
 361      00000000 
 362 001c C7000000 		.ascii	"\307\000\000\000"
 363 0020 6E766963 		.ascii	"nvicDisableVector\000"
 363      44697361 
 363      626C6556 
 363      6563746F 
 363      7200
 364 0032 00       		.ascii	"\000"
 365 0033 00       		.ascii	"\000"
 366 0034 00       		.ascii	"\000"
 367 0035 00000000 		.ascii	"\000\000\000\000\000\000\000\000"
 367      00000000 
 368 003d CB000000 		.ascii	"\313\000\000\000"
 369 0041 6E766963 		.ascii	"nvicSetSystemHandlerPriority\000"
 369      53657453 
 369      79737465 
 369      6D48616E 
 369      646C6572 
 370 005e 00       		.ascii	"\000"
 371 005f 00       		.ascii	"\000"
 372 0060 00       		.ascii	"\000"
 373 0061 00000000 		.ascii	"\000\000\000\000\000\000\000\000"
 373      00000000 
 374 0069 CD000000 		.ascii	"\315\000\000\000"
 375 006d 6E766963 		.ascii	"nvicClearPending\000"
 375      436C6561 
 375      7250656E 
 375      64696E67 
 375      00
 376 007e 00       		.ascii	"\000"
 377 007f 00       		.ascii	"\000"
 378 0080 00       		.ascii	"\000"
 379 0081 00000000 		.ascii	"\000\000\000\000\000\000\000\000"
 379      00000000 
 380 0089 CF000000 		.ascii	"\317\000\000\000"
 381              		.text
 382              		.section	.gnu.lto_.opts,"",%progbits
 383 0000 272D666D 		.ascii	"'-fmath-errno' '-fsigned-zeros' '-ftrapping-math' '"
 383      6174682D 
 383      6572726E 
 383      6F272027 
ARM GAS  /var/folders/qd/4mxf5pkd0zdf0b9dd1hp39180000gn/T//cc3THZsE.s 			page 29


 383      2D667369 
 384 0033 2D666E6F 		.ascii	"-fno-trapv' '-fno-openmp' '-fno-openacc' '-mcpu=cor"
 384      2D747261 
 384      70762720 
 384      272D666E 
 384      6F2D6F70 
 385 0066 7465782D 		.ascii	"tex-m4' '-mno-thumb-interwork' '-mthumb' '-O2' '-fo"
 385      6D342720 
 385      272D6D6E 
 385      6F2D7468 
 385      756D622D 
 386 0099 6D69742D 		.ascii	"mit-frame-pointer' '-falign-functions=16' '-ffuncti"
 386      6672616D 
 386      652D706F 
 386      696E7465 
 386      72272027 
 387 00cc 6F6E2D73 		.ascii	"on-sections' '-fdata-sections' '-fno-common' '-flto"
 387      65637469 
 387      6F6E7327 
 387      20272D66 
 387      64617461 
 388 00ff 2700     		.ascii	"'\000"
 389              		.text
 390              		.comm	__gnu_lto_v1,1,1
 391              		.comm	__gnu_lto_slim,1,1
 392              		.ident	"GCC: (GNU Tools for Arm Embedded Processors 7-2017-q4-major) 7.2.1 20170904 (release) [ARM
ARM GAS  /var/folders/qd/4mxf5pkd0zdf0b9dd1hp39180000gn/T//cc3THZsE.s 			page 30


DEFINED SYMBOLS
                            *ABS*:0000000000000000 nvic.c
                            *COM*:0000000000000001 __gnu_lto_v1
                            *COM*:0000000000000001 __gnu_lto_slim

NO UNDEFINED SYMBOLS
