ARM GAS  /var/folders/qd/4mxf5pkd0zdf0b9dd1hp39180000gn/T//ccvL0I3X.s 			page 1


   1              		.cpu cortex-m4
   2              		.eabi_attribute 20, 1
   3              		.eabi_attribute 21, 1
   4              		.eabi_attribute 23, 3
   5              		.eabi_attribute 24, 1
   6              		.eabi_attribute 25, 1
   7              		.eabi_attribute 26, 1
   8              		.eabi_attribute 30, 2
   9              		.eabi_attribute 34, 1
  10              		.eabi_attribute 18, 4
  11              		.file	"pal.c"
  12              		.section	.gnu.lto_.profile.81d50a6a420951de,"",%progbits
  13 0000 789C6363 		.ascii	"x\234cc```\001bF\006\015\031\000\000\344\000P"
  13      60606001 
  13      6246060D 
  13      190000E4 
  13      0050
  14              		.text
  15              		.section	.gnu.lto_.icf.81d50a6a420951de,"",%progbits
  16 0000 789C6363 		.ascii	"x\234cc``\020a@\000f\206y\373\236\335gb\3345\373u\013"
  16      60601061 
  16      40006686 
  16      79FB9EDD 
  16      6762DC35 
  17 0017 07D3EB57 		.ascii	"\007\323\353W[\257\3612\000\000d\021\011}"
  17      5BAFF132 
  17      00006411 
  17      097D
  18              		.text
  19              		.section	.gnu.lto_.jmpfuncs.81d50a6a420951de,"",%progbits
  20 0000 789C6363 		.ascii	"x\234cc``hf@\000f\006FF\306\3729@\212\211\221\221\031"
  20      60606866 
  20      40006606 
  20      4646C6FA 
  20      39408A89 
  21 0017 C4006246 		.ascii	"\304\000bF&\030\207q\0163\023\033\003\003\343\001\026"
  21      26188771 
  21      0E33131B 
  21      0303E301 
  21      16
  22 0028 460620FE 		.ascii	"F\006 \376\017\004\374\014h|F\306)\314\214\323Z\017"
  22      0F04FC0C 
  22      687C46C6 
  22      29CC8CD3 
  22      5A0F
  23 003a 9D67EF66 		.ascii	"\235g\357f\006\352ed`\334\314(\003\024z\275g\303\015"
  23      06EA6564 
  23      60DCCC28 
  23      03147ABD 
  23      67C30D
  24 004d 56881044 		.ascii	"V\210\020D\335\026F\031\246JF\014\323\000\214y&%"
  24      DD164619 
  24      A64A460C 
  24      D3008C79 
  24      2625
  25              		.text
  26              		.section	.gnu.lto_.inline.81d50a6a420951de,"",%progbits
ARM GAS  /var/folders/qd/4mxf5pkd0zdf0b9dd1hp39180000gn/T//ccvL0I3X.s 			page 2


  27 0000 789C6363 		.ascii	"x\234cc``\370\316\200\000\314\014\014\234\034\214\314"
  27      6060F8CE 
  27      8000CC0C 
  27      0C9C1C8C 
  27      CC
  28 0011 0C0A8C20 		.ascii	"\014\012\214 &\210t\000\223\012\034l\037\364\030\330"
  28      26887400 
  28      930A1C6C 
  28      1FF418D8 
  29 0021 16C83331 		.ascii	"\026\310310\276`g\201\220 \202\003\314\344\000\021\002"
  29      30BE6067 
  29      81902082 
  29      03CCE400 
  29      1102
  30 0033 60A600C8 		.ascii	"`\246\000\310\030F\006>^F\026F\240N\210!\012HF1p3]\340"
  30      1846063E 
  30      5E461646 
  30      A04E8821 
  30      0A484631 
  31 004b 87180564 		.ascii	"\207\030\005d\240\030\302\262@\236\007j\022\363\016"
  31      A018C2B2 
  31      409E076A 
  31      12F30E
  32 005a 710106A0 		.ascii	"q\001\006\240\2352 \276\002X^\001d2\023\003\2670\212"
  32      9D3220BE 
  32      02585E01 
  32      64321303 
  32      B7308A
  33 006d FBA04673 		.ascii	"\373\240Fs\002\345\210s\036\320R\011\220I,\274@\357"
  33      02E58873 
  33      1ED05209 
  33      90492CBC 
  33      40EF
  34 007f 4EF00341 		.ascii	"N\360\003A\006\000\373F \246"
  34      0600FB46 
  34      20A6
  35              		.text
  36              		.section	.gnu.lto_.pureconst.81d50a6a420951de,"",%progbits
  37 0000 789C6363 		.ascii	"x\234cc```\007bf\006)F)&I\000\001\274\000a"
  37      60606007 
  37      62660629 
  37      46292649 
  37      0001BC00 
  38              		.text
  39              		.section	.gnu.lto_palReadBus.81d50a6a420951de,"",%progbits
  40 0000 789C9591 		.ascii	"x\234\225\221\337KTQ\020\307\347{\346\356\331\273\231"
  40      DF4B5451 
  40      10C7E77B 
  40      E6EED9BB 
  40      99
  41 0011 FE0169B0 		.ascii	"\376\001i\260\017\202\370\262\367\277\350\3770_z\020"
  41      0F82F8B2 
  41      F7BFE8FF 
  41      305F7A10 
  42 0021 8A16C137 		.ascii	"\212\026\3017\317\256?\243\002\011\177\300r\223}0\202"
  42      CFAE3FA3 
  42      02097FC0 
ARM GAS  /var/folders/qd/4mxf5pkd0zdf0b9dd1hp39180000gn/T//ccvL0I3X.s 			page 3


  42      72937D30 
  42      82
  43 0032 204A5C5D 		.ascii	" J\\]]\255\256\253\370\246fD\024D\017\365\224\210\250"
  43      5DADAEAB 
  43      F8A66644 
  43      14440FF5 
  43      9488A8
  44 0045 CFA1CE9C 		.ascii	"\317\241\316\234\253\260\017\275\010\367\316\23593\363"
  44      ABB00FBD 
  44      08F7CE9D 
  44      3933F3
  45 0054 99EFDC63 		.ascii	"\231\357\334c\211h\310\020\345\345\333)/\230`\246\366"
  45      8968C810 
  45      E5E5DB29 
  45      2F9860A6 
  45      F6
  46 0065 884AA101 		.ascii	"\210J\241\001\324q!h\330`\030\317x\232q0\372>\346\247"
  46      D4712168 
  46      D86018CF 
  46      789A7130 
  46      FA3EE6A7 
  47 0079 1C4B5920 		.ascii	"\034KY \341\351n\345O\207\206@^\302\243\343\235\332"
  47      E1E96EE5 
  47      4F878640 
  47      5EC2A3E3 
  47      9DDA
  48 008b EDDED7CE 		.ascii	"\355\336\327\316\225]2\367\302\316\327>\273\\\314\206"
  48      955D32F7 
  48      C2CED73E 
  48      BB5CCC86 
  49 009b 66A5BC86 		.ascii	"f\245\274\206.,\241Kg,\243W\212\307\016\346\306\231"
  49      2E2CA14B 
  49      672CA357 
  49      8AC70EE6 
  49      C699
  50 00ad EF82C4FF 		.ascii	"\357\202\304\377q\362\346gG\317+\337\270\275\300\256"
  50      71F2E667 
  50      47CF2BDF 
  50      B8BDC0AE 
  51 00bd 3B66C60A 		.ascii	";f\306\012\270\265Q\216\010u\364h\375\357\305\363\231"
  51      B8B5518E 
  51      0875F468 
  51      FDEFC5F3 
  51      99
  52 00ce 761B5499 		.ascii	"v\033T\231\224-\310UX\2028\357\276d\022w~1\341\222\243"
  52      942DC855 
  52      588238EF 
  52      BE641277 
  52      7E31E192 
  53 00e3 05BCBC97 		.ascii	"\005\274\274\2273\322\026\260\230L \306f\324\263j\262"
  53      33D216B0 
  53      984C20C6 
  53      66D4B36A 
  53      B2
  54 00f4 5056482A 		.ascii	"PVH*\217&\205!\273\272\204\236H(\336HB\207(7\376>\337"
  54      8F268521 
  54      BBBA849E 
ARM GAS  /var/folders/qd/4mxf5pkd0zdf0b9dd1hp39180000gn/T//ccvL0I3X.s 			page 4


  54      4828DE48 
  54      42872837 
  55 010b B28AAEB0 		.ascii	"\262\212\256\260\221\241\263c\315\375\254.\313^\363"
  55      91A1B363 
  55      CDFDAC2E 
  55      CB5EF3
  56 011a 467377C7 		.ascii	"Fsw\307V1_r\316\345c\316V8\2135]Pr_'\276\377j\213\336"
  56      56315F72 
  56      CEE563CE 
  56      56388B35 
  56      5D50725F 
  57 0134 BA3415A2 		.ascii	"\2724\025\242\201*fT(a\035\221\260\233\215\\\012\346"
  57      812A6654 
  57      28611D91 
  57      B09B8D5C 
  57      0AE6
  58 0146 5670F83F 		.ascii	"Vp\370?pN\246c\343\012\374\255\336\250\267\013x\264"
  58      704EA663 
  58      E30AFCAD 
  58      DEA8B70B 
  58      78B4
  59 0158 A4A95BF8 		.ascii	"\244\251[\370\340\301\2729>zp\371\032\034\334Hb\033"
  59      E0C1BA39 
  59      3E7A70F9 
  59      1A1CDC48 
  59      621B
  60 016a 3E799251 		.ascii	">y\222QR\342I#g\343HQ\031\221)\300V\272\275\021\335"
  60      52E24923 
  60      67E34851 
  60      199129C0 
  60      56BABD11 
  61 017f 60D3D3FD 		.ascii	"`\323\323\375U5S\372\277kz\350\007X:F9\177u\242?jR\266"
  61      553553FA 
  61      BF6B7AE8 
  61      07583A46 
  61      397F75A2 
  62 0197 929B1041 		.ascii	"\222\233\020Aw\012\205(}\036\026\243\007}\003Q\361q"
  62      770A8528 
  62      7D1E16A3 
  62      077D0351 
  62      F171
  63 01a9 7FF4A86F 		.ascii	"\177\364\250o\240\320O|\177\260x\011F\231\313\001"
  63      A0D04F7C 
  63      7FB07809 
  63      4699CB01 
  64              		.text
  65              		.section	.gnu.lto_palWriteBus.81d50a6a420951de,"",%progbits
  66 0000 789C9553 		.ascii	"x\234\225SKk\023a\024\375\316\334\231\311c:\325\245"
  66      4B6B1361 
  66      14FDCEDC 
  66      99C9633A 
  66      D5A5
  67 0012 68850A4A 		.ascii	"h\205\012J\350&\363/\374\003\375\005m6\012\005\305\350"
  67      E826F32F 
  67      FC03FD05 
  67      6D360A05 
  67      C5E8
ARM GAS  /var/folders/qd/4mxf5pkd0zdf0b9dd1hp39180000gn/T//ccvL0I3X.s 			page 5


  68 0024 BA93B449 		.ascii	"\272\223\264I\352\013\\\230\024\302\264\204J\253\010"
  68      EA0B5C98 
  68      14C2B484 
  68      4AAB08
  69 0033 A2E22336 		.ascii	"\242\342#6\255u\214Z7\255\322RD\241\270Pp!(\021\\\270"
  69      AD758C5A 
  69      37ADD252 
  69      44A1B850 
  69      70212811 
  70 0049 90C47BBF 		.ascii	"\220\304{\277I4\212\233\0163w\356\363\3343gfl\245\324"
  70      49348A9B 
  70      0E3377EE 
  70      F3DC3367 
  70      666CA5D4 
  71 005d 2829758C 		.ascii	"()u\214\357\207\370\002)\030W^)\225\213\033\2008~\034"
  71      EF87F802 
  71      2918575E 
  71      29958B1B 
  71      80387E1C 
  72 0071 6AD2C024 		.ascii	"j\322\300$.\321UB\263\364i\331\030\271\356\363\021\316"
  72      2ED15542 
  72      B3F469D9 
  72      18B9EEF3 
  72      11CE
  73 0083 7EB78B7E 		.ascii	"~\267\213~\341@\300\343\025\276\344\300=\214p\327\326"
  73      E140C0E3 
  73      15BEE4C0 
  73      3D8C70D7 
  73      D6
  74 0094 F49D802E 		.ascii	"\364\235\200.R@\200\311\341\267\315\352\307A\011\015"
  74      524080C9 
  74      E1B7CDEA 
  74      C741090D 
  75 00a4 0C7358D8 		.ascii	"\014sX\330\232-\022\035\206b\377]\353\346\356`j\321"
  75      9A2D121D 
  75      8662FF5D 
  75      EBE6EE60 
  75      6AD1
  76 00b6 F7F37EB8 		.ascii	"\367\363~\270q\215\374\243\001\021\036\202\030\020\017"
  76      718DFCA3 
  76      01111E82 
  76      18100F
  77 00c5 3084FB18 		.ascii	"0\204\373\030R\234R\250#\305\355s\355\205\227\016\035"
  77      529C52A8 
  77      23C5ED73 
  77      ED85970E 
  77      1D
  78 00d6 D1A34B6B 		.ascii	"\321\243KkA\246;\271\273\250'M<\372w\322TXFJ\332?\334"
  78      41A63BB9 
  78      BBA8274D 
  78      3CFA77D2 
  78      5458464A 
  79 00ed 6D975DDB 		.ascii	"m\227]\333\254\365\330\242\001[\201\235\333\333V\350"
  79      ACF5D8A2 
  79      015B819D 
  79      DBDB56E8 
  80 00fd B73B2526 		.ascii	"\267;%&\260\204\316\361}\200\214\030<l\221\030S\214"
ARM GAS  /var/folders/qd/4mxf5pkd0zdf0b9dd1hp39180000gn/T//ccvL0I3X.s 			page 6


  80      B084CEF1 
  80      7D808C18 
  80      3C6C9118 
  80      538C
  81 010f C5C6B6C5 		.ascii	"\305\306\266\305\304$\214\213I\210I\262\2119\342\271"
  81      C4248C8B 
  81      498849B2 
  81      8939E2B9 
  82 011f 10924ACD 		.ascii	"\020\222J\3150:\013\347\207\352<\031\342M\205\3523\362"
  82      303A0BE7 
  82      87EA3C19 
  82      E24D85EA 
  82      33F2
  83 0131 EDE297FA 		.ascii	"\355\342\227\372\200,\255\222Q%H\252\221\210b\021\266"
  83      802CAD92 
  83      512548AA 
  83      91886211 
  83      B6
  84 0142 5268BE8E 		.ascii	"Rh\276\216\211F\244\037n\265\271\271n\3270\237c\241"
  84      8946A41F 
  84      6EB5B9B9 
  84      6ED7309F 
  84      63A1
  85 0154 87038A57 		.ascii	"\207\003\212W\311\305\012?\221\324vJo\337;\336-?*\231"
  85      C9C50A3F 
  85      91D4764A 
  85      6FDF3BDE 
  85      2D3F2A99 
  86 0168 58450D65 		.ascii	"XE\015e\375\002\360\030\036\003O\375,\"B6\3652\352_"
  86      FD02F018 
  86      1E034FFD 
  86      2C224236 
  86      F532EA5F 
  87 017c 66ED093D 		.ascii	"f\355\011=\2015\215.B\341I\204^\351\241w\321\266[\033"
  87      81358D2E 
  87      42E14984 
  87      5EE9A177 
  87      D1B65B1B 
  88 0190 738E50B7 		.ascii	"s\216P\267\261\037!\303pO\253\327\023\323$\354\277X"
  88      B11F21C3 
  88      704FABD7 
  88      13D324EC 
  88      BF58
  89 01a2 F13E44AC 		.ascii	"\361>D\254\376\364%t\332\352g\232\334\023\323$\236j"
  89      FEF42574 
  89      DAEA679A 
  89      DC13D324 
  89      9E6A
  90 01b4 A686306D 		.ascii	"\246\2060mFL\177\364\320\035M$\301\271\346\316\005\235"
  90      464C7FF4 
  90      D01D4D24 
  90      C1B9E6CE 
  90      059D
  91 01c6 EB973CF9 		.ascii	"\353\227<\371?\311y$\211g\335Uo\352\215\272\313\253"
  91      3FC97924 
  91      8967DD55 
  91      6FEA8DBA 
ARM GAS  /var/folders/qd/4mxf5pkd0zdf0b9dd1hp39180000gn/T//ccvL0I3X.s 			page 7


  91      CBAB
  92 01d8 A673521A 		.ascii	"\246sR\032\300s\275J4\347\342\312\374\302\015\374.\272"
  92      C073BD4A 
  92      34E7E2CA 
  92      FCC20DFC 
  92      2EBA
  93 01ea 7801AFCC 		.ascii	"x\001\257\314\037\036\323X\207\307\273\325W\344k\235"
  93      1F1ED358 
  93      87C7BBD5 
  93      57E46B9D 
  94 01fa CB7AADFE 		.ascii	"\313z\255\376KfXN\376.\230\351\301t\332\213\316SY\357"
  94      4B66584E 
  94      FE2E98E9 
  94      C174DA8B 
  94      CE5359EF 
  95 020e C4D88497 		.ascii	"\304\330\204\227=\223\361N\217M\2443\212\306\317e\315"
  95      3D93F14E 
  95      8F4DA433 
  95      8AC6CF65 
  95      CD
  96 021f F19367B3 		.ascii	"\361\223g\263\277\000\266\337\012\015"
  96      BF00B6DF 
  96      0A0D
  97              		.text
  98              		.section	.gnu.lto_palSetBusMode.81d50a6a420951de,"",%progbits
  99 0000 789C9592 		.ascii	"x\234\225\222\317K\033A\024\307\337w\336f7?\252gi\025"
  99      CF4B1B41 
  99      14C7DF77 
  99      DE66373F 
  99      AA676915 
 100 0014 22548297 		.ascii	"\"T\202\227\354\237\321\277\303FA\304\222b\360\2341"
 100      EC9FD1BF 
 100      C34641C4 
 100      9262F09C 
 100      31
 101 0025 69124B85 		.ascii	"i\022K\205\026Z#\304E\002\022\204\202\264\305\364G\374"
 101      165A23C4 
 101      45021284 
 101      82B4C5F4 
 101      47FC
 102 0037 B9E6D053 		.ascii	"\271\346\320SmQ<\264\324zh\241\320\242b\351Um\337L\332"
 102      6D513CB4 
 102      D47A68A1 
 102      D0A262E9 
 102      556DDF4C 
 103 004c 437B73D8 		.ascii	"C{s\330\231}o\347}?\363\235\307\272D4\246\210\006\344"
 103      997D6FE7 
 103      7D3FF39D 
 103      C7BA4434 
 103      A68806E4 
 104 0060 7D4D2698 		.ascii	"}M&\230\240\036\274%\232\212*\300\004:\012\312+\344"
 104      A01EBC25 
 104      9A8A2AC0 
 104      043A0ACA 
 104      2BE4
 105 0072 31C38F18 		.ascii	"1\303\217\030\355\312\327\226\032\\\3222\302\271=\257"
 105      EDCAD796 
ARM GAS  /var/folders/qd/4mxf5pkd0zdf0b9dd1hp39180000gn/T//ccvL0I3X.s 			page 8


 105      1A5CD232 
 105      C2B93DAF 
 106 0082 AC4B3D01 		.ascii	"\254K=\001\023Ue\232\201\025\014J\325\356\235\247\001"
 106      1355659A 
 106      81150C4A 
 106      D5EE9DA7 
 106      01
 107 0093 DFE38001 		.ascii	"\337\343\200\001G\322\037;\265/\335&UHJZ\332\235+3\367"
 107      47D21F3B 
 107      B52FDD26 
 107      55484A5A 
 107      DA9D2B33 
 108 00a8 8124FE70 		.ascii	"\201$\376p\372\370\240;\325\320\272\240\303\203E\326"
 108      FAF8A03B 
 108      D5D0BAA0 
 108      C38345D6 
 109 00b8 D70366BC 		.ascii	"\327\003f\274\000\013\020\317\321\213&zI>\021^\"%\345"
 109      000B10CF 
 109      D18B267A 
 109      493E115E 
 109      2225E5
 110 00cb 3F571A0F 		.ascii	"?W\032\017\023\334o\245\207'\315\371\370\037\351\233"
 110      13DC6FA5 
 110      8727CDF9 
 110      F81FE99B 
 111 00db 86953A78 		.ascii	"\206\225:x\365\277\324!\264\2202\365\237\237]\314v\271"
 111      F5BFD421 
 111      B49032F5 
 111      9F9F5DCC 
 111      76B9
 112 00ed 4EFDAF5D 		.ascii	"N\375\257]\254\302%H\360d/\022\352\213_\025\035\236"
 112      ACC22548 
 112      F0642F12 
 112      EA8B5F15 
 112      1D9E
 113 00ff 35F0E946 		.ascii	"5\360\351FL\211,\302\262\270\216,^\304D.\214\003\017"
 113      4C892CC2 
 113      B2B88E2C 
 113      5EC4442E 
 113      8C030F
 114 0112 1646D3A2 		.ascii	"\026F\323\242\227\336\350\220\356\2622Q1\244\357(\254"
 114      97DEE890 
 114      EEB23251 
 114      31A4EF28 
 114      AC
 115 0123 7E3BCE18 		.ascii	"~;\316\030j\215\225\234W-\265\337y\346\326l\355\256"
 115      6A8D959C 
 115      572DB5DF 
 115      79E6D66C 
 115      EDAE
 116 0135 B7775EBB 		.ascii	"\267w^\273u,LI\353\222\001Gk\354bM,\232\275\375\312"
 116      752C4C49 
 116      EB920147 
 116      6BEC624D 
 116      2C9ABDFD 
 117 014a FBC384BF 		.ascii	"\373\303\204\277\254;[1\254\243\216Y\333Rl\300\267\350"
 117      AC3B5B31 
ARM GAS  /var/folders/qd/4mxf5pkd0zdf0b9dd1hp39180000gn/T//ccvL0I3X.s 			page 9


 117      ACA38E59 
 117      DB526CC0 
 117      B7E8
 118 015c 5807CC97 		.ascii	"X\007\314\227\"\305\261iI\346\226\330\372\227\344\\"
 118      22C5B169 
 118      49E696D8 
 118      FA97E45C 
 119 016c 8A944068 		.ascii	"\212\224@hI\312\220\266-\251xZF\007\025\021_\002\244"
 119      49CA90B6 
 119      2DA9785A 
 119      46071511 
 119      5F02A4
 120 017f 239493B6 		.ascii	"#\224\223\266\253\"o\265\216>z\371s\035\015\370J\325"
 120      AB226FB5 
 120      8E3E7AF9 
 120      731D0DF8 
 120      4AD5
 121 0191 18401B79 		.ascii	"\030@\033y\222\316\330r/\340.:A\241\276v\3372\354\317"
 121      92CED872 
 121      2FE02E3A 
 121      41A1BE76 
 121      DF32ECCF 
 122 01a5 332D65D2 		.ascii	"3-e\322K9\342j:\355w\236l\316\037\035\032\367s\023\031"
 122      4B39E26A 
 122      3AED779E 
 122      6CCE1F1D 
 122      1AF77313 
 123 01ba FFF6D078 		.ascii	"\377\366\320x:C|s2\347\334\312\016\217\374\006J\366"
 123      3A437C73 
 123      32E7DCCA 
 123      0E8FFC06 
 123      4AF6
 124 01cc C91B     		.ascii	"\311\033"
 125              		.text
 126              		.section	.gnu.lto_.symbol_nodes.81d50a6a420951de,"",%progbits
 127 0000 789C6363 		.ascii	"x\234cc``\010\004b\006\246\026\246z\006\206\011\347"
 127      60600804 
 127      6206A616 
 127      A67A0686 
 127      09E7
 128 0012 181880D4 		.ascii	"\030\030\200\324\256\006G\240H+S=#\252H\033S=\023\212"
 128      AE0647A0 
 128      482B533D 
 128      23AA481B 
 128      533D138A 
 129 0026 08632753 		.ascii	"\010c'S=3X\204\201\241\241\301\201\201\201\231\211\231"
 129      3D335884 
 129      81A1A1C1 
 129      81818199 
 129      8999
 130 0038 61C9C37F 		.ascii	"a\311\303\177\214\014\000->\023\263"
 130      8C0C002D 
 130      3E13B3
 131              		.text
 132              		.section	.gnu.lto_.refs.81d50a6a420951de,"",%progbits
 133 0000 789C6363 		.ascii	"x\234cc```\004b\006\000\000D\000\010"
 133      60606004 
ARM GAS  /var/folders/qd/4mxf5pkd0zdf0b9dd1hp39180000gn/T//ccvL0I3X.s 			page 10


 133      62060000 
 133      440008
 134              		.text
 135              		.section	.gnu.lto_.decls.81d50a6a420951de,"",%progbits
 136 0000 789CC558 		.ascii	"x\234\305XkPTG\026\276}{\006\207a\000\027\335-wcYT\202"
 136      6B505447 
 136      16BE7D7B 
 136      06876100 
 136      17DD2D77 
 137 0018 4A650323 		.ascii	"Je\003#\230\325\324\376\330\215Q7Z\321\325\032\223J"
 137      98D5D4FE 
 137      D88D5137 
 137      5AD1D51A 
 137      934A
 138 002a F96727B3 		.ascii	"\371g'\2630\352l\200a\231a\253\362k/\314D|\007\210\361"
 138      30EA6C80 
 138      619961AB 
 138      F26B2FCC 
 138      447C0788 
 139 003f 812F1443 		.ascii	"\201/\024C\004\024\211\"\206\227\214#\002\202(\202`"
 139      04148922 
 139      86978C23 
 139      02822882 
 139      60
 140 0050 5014129F 		.ascii	"P\024\022\2371>\020\014/y\354\351\356{\347^F&\273U\373"
 140      313E100C 
 140      2F79ECE9 
 140      EE7BE75E 
 140      4626BB55 
 141 0065 23B7E8E9 		.ascii	"#\267\350\351\333}O\237\357;_\237\356\276\027?\216\343"
 141      DB7D4F9F 
 141      EF3B5F9F 
 141      EEBE173F 
 141      8EE3
 142 0077 A2A6709C 		.ascii	"\242\246p\234\005s\334\026\304qcp\251\240\357,\024\350"
 142      0573DC16 
 142      C4716370 
 142      A9A0EF2C 
 142      14E8
 143 0089 E242A0CF 		.ascii	"\342B\240\317\015\365T\250\311E\236\275\002\367\241"
 143      0DF554A8 
 143      C9459EBD 
 143      02F7A1
 144 0098 506642F9 		.ascii	"PfB\371\275\330\257\274\346\363\034\247#c\3118\216\215"
 144      BDD8AFBC 
 144      E6F31CA7 
 144      2363C938 
 144      8E8D
 145 00aa 277E46A1 		.ascii	"'~F\241\236\015e5\224_A\033A\031\201\373:(\032\304|"
 145      9E0D6535 
 145      945F411B 
 145      411981FB 
 145      3A281AC4 
 146 00bf 0740DD03 		.ascii	"\007@\335\003u \324A\304F\304#\365\037\275\260\026\000"
 146      7520D441 
 146      C446C423 
 146      F51FBDB0 
ARM GAS  /var/folders/qd/4mxf5pkd0zdf0b9dd1hp39180000gn/T//ccvL0I3X.s 			page 11


 146      1600
 147 00d1 4E10D41F 		.ascii	"N\020\324\037)\260$\276\022\316\250\210\245Q\340\335"
 147      29B024BE 
 147      12CEA888 
 147      A551E0DD 
 148 00e1 1631D51C 		.ascii	"\0261\325\034\303 X\004w\010\332\235\034\303\012\025"
 148      C3205804 
 148      7708DA9D 
 148      1CC30A15 
 149 00f1 31FFEC85 		.ascii	"1\377\354\205\371\236\017\314\251>\342s\213\261\275"
 149      F99E0FCC 
 149      A93EE273 
 149      8BB1BD
 150 0100 0DE575C4 		.ascii	"\015\345u\3044\015@2.\270\363\350H\240\226x\341m\307"
 150      340D4032 
 150      2EB8F3E8 
 150      48A09678 
 150      E16DC7
 151 0113 E88AB368 		.ascii	"\350\212\263h/\336\214Q\210\026\251\240\371\2541\353"
 151      2FDE8C51 
 151      8816A9A0 
 151      F9AC31EB 
 152 0123 761034A7 		.ascii	"v\0204\247jQ(4\263\312\237\327\253\331S\0154\307r\213"
 152      6A512834 
 152      B3CA9FD7 
 152      ABD9530D 
 152      34C7728B 
 153 0137 366A308F 		.ascii	"6j0\217\310\300\233uy\005d\340l-\"\323\032\014]\307"
 153      C8C09B75 
 153      790564E0 
 153      6C2D22D3 
 153      1A0C5DC7 
 154 014b 1F950E06 		.ascii	"\037\225\016\006\262.b\221\322\\=\250\306\223\350\375"
 154      B22E6291 
 154      D25C3DA8 
 154      C693E8FD 
 155 015b B3C39923 		.ascii	"\263\303\231#(\362\250\300.\315R\016\225\",qh\376\254"
 155      28F2A8C0 
 155      2ECD520E 
 155      95222C71 
 155      68FEAC
 156 016e E7F024FC 		.ascii	"\347\360$\374:1\344;\333_t\004!m\370\006AH\025\262\035"
 156      3A31E43B 
 156      DB5F7404 
 156      216DF806 
 156      414815B2 
 157 0183 82FF120E 		.ascii	"\202\377\022\016\025\243\351\350$\232\316\241J\024N"
 157      15A3E9E8 
 157      249ACEA1 
 157      4A144E
 158 0192 9C97A148 		.ascii	"\234\227\241H\016}\003\235\247\2413\2278t=\355\233\235"
 158      0E7D039D 
 158      A7A13397 
 158      38743DED 
 158      9B9D
 159 01a4 9126083C 		.ascii	"\221&\010<\252@ZT\2160\265\201\240gk\031D\336\341\214"
 159      AA405A54 
ARM GAS  /var/folders/qd/4mxf5pkd0zdf0b9dd1hp39180000gn/T//ccvL0I3X.s 			page 12


 159      8E30B581 
 159      A0676B19 
 159      44DEE18C 
 160 01b8 437EF802 		.ascii	"C~\370\002\242\030\345{\356\236\347}a\270|b\\+{\265"
 160      A218E57B 
 160      EE9EE77D 
 160      61B87C62 
 160      5C2B7BB5 
 161 01cc E6538251 		.ascii	"\346S\202Q\005\030gd\014\200d \316\352\276\214@|\203"
 161      05186764 
 161      0C806420 
 161      CEEABE8C 
 161      407C83
 162 01df EAC3DF1B 		.ascii	"\352\303\337\033t\026\007\370\0029\347\023\244\366\346"
 162      741607F8 
 162      0239E713 
 162      A4F6E6
 163 01ee 5B17AE0A 		.ascii	"[\027\256\012B(r\003\310Y\031\244J\002i}\326\263#\010"
 163      42287203 
 163      C85919A4 
 163      4A02697D 
 163      D6B32308 
 164 0202 67612AEB 		.ascii	"ga*\353\236\336\233?\370\263\371\011W\314^\010\233\275"
 164      9EDE9B3F 
 164      F8B3F909 
 164      57CC5E08 
 164      9BBD
 165 0214 81837732 		.ascii	"\201\203w2y|\220\231\356j\376z\261\026\3108\376\247"
 165      797C9099 
 165      EE6AFE7A 
 165      B116C838 
 165      FEA7
 166 0226 886140D1 		.ascii	"\210a@\321\330\366\256@\234\313F?q\336\355\012`\236"
 166      D8F6AE40 
 166      9CCB463F 
 166      71DEED0A 
 166      609E
 167 0238 A741F3D8 		.ascii	"\247A\363\330@g\211\032\027\260g[\267\273\335*\\\304"
 167      4067891A 
 167      17B0675B 
 167      B7BBDD2A 
 167      5CC4
 168 024a 1A39BB33 		.ascii	"\0329\2733\322\324\370\024k\344e\246\027i\361i\326h"
 168      D2D4F814 
 168      6BE465A6 
 168      1769F169 
 168      D668
 169 025c EEBEB82F 		.ascii	"\356\276\270/\200\245\326dh\236\037\353w\0053\217<\241"
 169      80A5D664 
 169      689E1FEB 
 169      7705338F 
 169      3CA1
 170 026e 977F6DC8 		.ascii	"\227\177m\310\037\2272\323/\207^t\223\334\232Er\013"
 170      1F9732D3 
 170      2F875E74 
 170      93DC9A45 
 170      720B
ARM GAS  /var/folders/qd/4mxf5pkd0zdf0b9dd1hp39180000gn/T//ccvL0I3X.s 			page 13


 171 0280 2B326B16 		.ascii	"+2k\026\313\254\252\206\013\271:\\E\215\371\302\254"
 171      CBACAA86 
 171      0BB93A5C 
 171      458DF9C2 
 171      AC
 172 0291 E1E16049 		.ascii	"\341\341`I\350t\207\240\016\347\320e\010\243\211\304"
 172      E87487A0 
 172      0EE7D065 
 172      08A389C4 
 173 02a1 D606B1CD 		.ascii	"\326\006\261\315\022ck\201\316f9cJf\224\012\302d\324"
 173      12636B81 
 173      CE663963 
 173      4A66940A 
 173      C264D4
 174 02b4 0A3A5F95 		.ascii	"\012:_\225u\236%\312|&\343\306=-\256g\020\251M_\364"
 174      759E25CA 
 174      7C26E3C6 
 174      3D2DAE67 
 174      10A94D5F 
 175 02c9 FA8468F7 		.ascii	"\372\204h\367\011q\255,\272\232&\314\267\200qM\306h"
 175      0971AD2C 
 175      BA9A26CC 
 175      B780714D 
 175      C668
 176 02db 95E63275 		.ascii	"\225\3462u\340P\205\006\267P\020U\337\221SmAhJXXx\006"
 176      E0508506 
 176      B7501055 
 176      DF91536D 
 176      41684A58 
 177 02f2 199D0E05 		.ascii	"\031\235\016\005\361\3624q\350\006\232B<\240[\000\330"
 177      F1F23471 
 177      E8069A42 
 177      3CA05B00 
 177      D8
 178 0303 81C2D04D 		.ascii	"\201\302\320M\024FW\320!\302\012\022gNa\317\035A\330"
 178      144657D0 
 178      21C20A12 
 178      674E61CF 
 178      1D41D8
 179 0316 A4A370D7 		.ascii	"\244\243p\327\001\216\014\360\320\324\023\027Q\323="
 179      018E0CF0 
 179      D0D41317 
 179      51D33D
 180 0325 F60F2377 		.ascii	"\366\017#w\013\256TL\215\257Lh|\231\240\212\241\334"
 180      0BAE544C 
 180      8DAF4C68 
 180      7C99A08A 
 180      A1DC
 181 0337 2AD4C2B2 		.ascii	"*\324\302\262%F\234\030\005[\273\252Z\367\217\305Z\024"
 181      25469C18 
 181      055BBBAA 
 181      5AF78FC5 
 181      5A14
 182 0349 1636359C 		.ascii	"\02665\234\271m+\014\311q\010us\350\"i\004\277\337\241"
 182      B96D2B0C 
 182      C9710875 
 182      73E82269 
ARM GAS  /var/folders/qd/4mxf5pkd0zdf0b9dd1hp39180000gn/T//ccvL0I3X.s 			page 14


 182      04BFDFA1 
 183 035d A972AA8D 		.ascii	"\251r\252\215#\001n\373\012\203R(\013\202~\311\267u"
 183      23016EFB 
 183      0A835228 
 183      0B827EC9 
 183      B775
 184 036f 26B186BC 		.ascii	"&\261\206\274\025\220J\251\010\261&\212|\017\212t\202"
 184      15904AA9 
 184      08B1268A 
 184      7C0F8A74 
 184      82
 185 0380 225DA222 		.ascii	"\"]\242\"\214\363\245\302i)0\202X\215'\215\032\3132"
 185      8CF3A5C2 
 185      69293082 
 185      588D278D 
 185      1ACB32
 186 0393 8BFDA782 		.ascii	"\213\375\247\202\323\024\337N\271q\036\025\371\033\302"
 186      D314DF4E 
 186      B9711E15 
 186      F91BC2
 187 03a2 F2D779AE 		.ascii	"\362\327y\256\365\224\016_c\011{\267\341x\252\006\337"
 187      F5940E5F 
 187      63097BB7 
 187      E178AA06 
 187      DF
 188 03b3 608DFD8D 		.ascii	"`\215\375\215\205\015j\334\311\032\345\005\205\315<"
 188      850D6ADC 
 188      C91AE505 
 188      85CD3C
 189 03c2 BECB1A47 		.ascii	"\276\313\032GK\2737#\374\2305\236\245\035\267\343\347"
 189      4BBB3723 
 189      FC98359E 
 189      A51DB7E3 
 189      E7
 190 03d3 ECDEB92F 		.ascii	"\354\336\271/\3752\317|\277\001\315\035\033\367v\251"
 190      FD32CF7C 
 190      BF01CD1D 
 190      1BF776A9 
 191 03e3 D852E922 		.ascii	"\330R\351\"\213\343D\333\221r\015\036\242\266\201\203"
 191      8BE344DB 
 191      91720D1E 
 191      A2B68183 
 192 03f3 8D777E0C 		.ascii	"\215w~\014\006\305!S\340\012'?\207\004\247Cp\335;&J"
 192      06C52153 
 192      E00A273F 
 192      8704A743 
 192      70DD3B26 
 193 0408 5F07D2FF 		.ascii	"_\007\322\377\000bv\203\250\343\305,FL{b\356\216\314"
 193      00627683 
 193      A8E3C52C 
 193      464C7B62 
 193      EE8ECC
 194 041b 125C4E4C 		.ascii	"\022\\NL\255\357z[\337A\262\271\234\216\240\323#\260"
 194      ADEF7A5B 
 194      DF41B2B9 
 194      9C8EA0D3 
 194      23B0
ARM GAS  /var/folders/qd/4mxf5pkd0zdf0b9dd1hp39180000gn/T//ccvL0I3X.s 			page 15


 195 042d F8913EEC 		.ascii	"\370\221>\354\026\323\261\017\304\357\007\251\236@\031"
 195      16D3B10F 
 195      C4EF07A9 
 195      9E4019
 196 043c 84F21C4A 		.ascii	"\204\362\034J\017\224\247P\206\240\364B\371\011\312"
 196      0F94A750 
 196      86A0F442 
 196      F909CA
 197 044b 0094679E 		.ascii	"\000\224g\236\224%\014\256\353e\006\217\275\031\234"
 197      94250CAE 
 197      EB65068F 
 197      BD199C
 198 045a 478A5C21 		.ascii	"G\212\\!\326C\021\262\365\275\211\371*\254\335\012\337"
 198      D64311B2 
 198      F5BD89F9 
 198      2AACDD0A 
 198      DF
 199 046b 0DDED6F5 		.ascii	"\015\336\326\365\310[\214\036\205\363\373\336\346\247"
 199      C85B8C1E 
 199      85F3FBDE 
 199      E6A7
 200 0479 5E32AF57 		.ascii	"^2\257Wx\277\340m^#s\021\023\361X\010M\304\356\361\253"
 200      78BFE06D 
 200      5E237311 
 200      13F15808 
 200      4DC4EEF1 
 201 048e 87B9BAA5 		.ascii	"\207\271\272\245\234\265\207\023\316\232\"\254f\005"
 201      9CB58713 
 201      CE9A22AC 
 201      6605
 202 049c 70EDC4C0 		.ascii	"p\355\304\300J\236\017\025a=\2308,\3119\254\303\321"
 202      4A9E0F15 
 202      613D9838 
 202      2CC939AC 
 202      C3D1
 203 04ae 422D33BF 		.ascii	"B-3\277\015K\340\342\304\242QsHIW\343@\261\032\217\262"
 203      0D4BE0E2 
 203      C4A25173 
 203      484957E3 
 203      40B11A8F 
 204 04c3 FDB1B2C2 		.ascii	"\375\261\262\302\361&\012\237\302\242\275w\334\217l"
 204      F1260A9F 
 204      C2A2BD77 
 204      DC8F6C
 205 04d2 152330F6 		.ascii	"\025#0\366\205\274\347\221\330}\244\022\032\206\014"
 205      85BCE791 
 205      D87DA412 
 205      1A860C
 206 04e1 FA7FB209 		.ascii	"\372\177\262\011\350|u\361\305\035\255n\223\347\254"
 206      E87C75F1 
 206      C51DAD6E 
 206      93E7AC
 207 04f0 A5F0F29A 		.ascii	"\245\360\362\232\036E:\221\010\330\236\336\270\353~"
 207      1E453A91 
 207      08D89EDE 
 207      B8EB7E
 208 04ff 20DEACA2 		.ascii	" \336\254\242\324\263j\367g\373\243p\235\270\3155L&"
ARM GAS  /var/folders/qd/4mxf5pkd0zdf0b9dd1hp39180000gn/T//ccvL0I3X.s 			page 16


 208      D4B36AF7 
 208      67FBA370 
 208      9DB8CD35 
 208      4C26
 209 0511 FB014AE1 		.ascii	"\373\001J\341uhL&\017\303\241\362\341\035\011|\370x"
 209      75684C26 
 209      0FC3A1F2 
 209      E11D097C 
 209      F878
 210 0523 80170FB6 		.ascii	"\200\027\017\266\267#\266\232ud\227/o\317\010\026W3"
 210      B723B69A 
 210      7564972F 
 210      6FCF0816 
 210      5733
 211 0535 79FCFCF3 		.ascii	"y\374\374\363\353\235Ax\207j\334k\324\352\227_\243V"
 211      EB9D4178 
 211      876ADC6B 
 211      D4EA975F 
 211      A356
 212 0547 B3C3EE51 		.ascii	"\263\303\356Q\323\345\026\204\3671\272\327{\256`_/\025"
 212      D3E51684 
 212      F731BAD7 
 212      7BAE605F 
 212      2F15
 213 0559 1B81C76A 		.ascii	"\033\201\307j\361 Z\317OG\237\362\236\203h\353k\217"
 213      F1205ACF 
 213      4F479FF2 
 213      9E8368EB 
 213      6B8F
 214 056b 46C94BC5 		.ascii	"F\311K\305\006^\213\322xO\\\253\3319\244.(\332\346\014"
 214      065E8BD2 
 214      784F5CAB 
 214      D939A42E 
 214      28DAE60C 
 215 057f 86A30736 		.ascii	"\206\243\0076\223q3\344\000/\251<\021p\023\317\246g"
 215      937133E4 
 215      002FA93C 
 215      117013CF 
 215      A667
 216 0591 0B606CE6 		.ascii	"\013`l\346\303\3206([y\345\371\323\177\014\217\346l"
 216      C3D03628 
 216      5B79E5F9 
 216      D37F0C8F 
 216      E66C
 217 05a3 DB2A64BB 		.ascii	"\333*d\273\231|\325 \037\0315A*3Rm\007\330\252\000\243"
 217      997CD520 
 217      1F193541 
 217      2A33526D 
 217      07D8AA00 
 218 05b8 F1AB8278 		.ascii	"\361\253\202x\253\311\023W\005a\354\344\275\\\215\313"
 218      ABC91357 
 218      0561ECE4 
 218      BD5C8DCB 
 219 05c8 5C62FE7D 		.ascii	"\\b\376}8K\\\362\322T2!0[\025 \347`^\357s\214\033\325"
 219      384B5CF2 
 219      D2543221 
 219      305B1520 
ARM GAS  /var/folders/qd/4mxf5pkd0zdf0b9dd1hp39180000gn/T//ccvL0I3X.s 			page 17


 219      E7605EEF 
 220 05e0 54CEB433 		.ascii	"T\316\2643\375\305\330\223\271\227\362h\346f\300\340"
 220      FDC5D893 
 220      B997F268 
 220      E666C0E0 
 221 05f0 CF649108 		.ascii	"\317d\221\010?\257\314\225tA\351 \307\317I\003x\017"
 221      3FAFCC95 
 221      7441E920 
 221      C7CF4903 
 221      780F
 222 0602 6B1CB5BC 		.ascii	"k\034\265\274233xeff\362$\265h\015\306\371\215y\303"
 222      32333378 
 222      656666F2 
 222      24B5680D 
 222      C6F98D79 
 223 0617 2ADCC2C8 		.ascii	"*\334\302\310\365U\337\317\321\370\232\354/x\337o\220"
 223      F555DFCF 
 223      D1F89AEC 
 223      2F78DF6F 
 223      90
 224 0628 6FD4D337 		.ascii	"o\324\3237\310\355 \335\347\274\327\033$\351\005\240"
 224      C8ED20DD 
 224      E7BCD71B 
 224      24E905A0 
 225 0638 B2B39555 		.ascii	"\262\263\225U\001\235\360\012\001\237\010h2\345\212"
 225      019DF00A 
 225      019F0868 
 225      32E58A
 226 0647 10FB859A 		.ascii	"\020\373\205\232\024\332\036\223.\304\372\241\227g\225"
 226      14DA1E93 
 226      2EC4FAA1 
 226      976795
 227 0656 684A1AD2 		.ascii	"hJ\032\322\020\344\351\341E\037\274\344\227\376\211"
 227      10E4E9E1 
 227      451FBCE4 
 227      97FE89
 228 0665 0E90D22B 		.ascii	"\016\220\322+{\316\340\244\213c\366\214\217<\216u\361"
 228      7BCEE0A4 
 228      8B63F68C 
 228      8F3C8E75 
 228      F1
 229 0676 329862C8 		.ascii	"2\230b\310K\\9\317c\017)9H$NM\353\243-\205\272.x\237"
 229      4B5C39CF 
 229      630F2939 
 229      48244E4D 
 229      EBA32D85 
 230 068e 8295C071 		.ascii	"\202\225\300q\351\232x\272\336\276k\256\030\321\340"
 230      E99A78BA 
 230      DEBE6BAE 
 230      18D1E0
 231 069d 0E3A07E8 		.ascii	"\016:\007\350~\177\337Y\177\025\317&\010%\250H_\272"
 231      7E7FDF59 
 231      7F15CF26 
 231      0825A848 
 231      5FBA
 232 06af 23BF423D 		.ascii	"#\277B=m\007M\010\2070\231\247Y'\275:q(\213\237\006"
 232      6D074D08 
ARM GAS  /var/folders/qd/4mxf5pkd0zdf0b9dd1hp39180000gn/T//ccvL0I3X.s 			page 18


 232      873099A7 
 232      5927BD3A 
 232      71288B9F 
 233 06c4 BFBB7915 		.ascii	"\277\273y\025\003\3518\331=\214^\315\026\262\273\004"
 233      03E938D9 
 233      3D8C5ECD 
 233      16B2BB04 
 234 06d4 D75805DE 		.ascii	"\327X\005\336x.\015\326\010z\233\230\241]\362\354\300"
 234      782E0DD6 
 234      087A9B98 
 234      A15DF2EC 
 234      C0
 235 06e5 2DFCEEE4 		.ascii	"-\374\356\344\273\020\332\301w\002\243=\374\253d_\333"
 235      BB10DAC1 
 235      7702A33D 
 235      FCAB645F 
 235      DB
 236 06f6 E56808C0 		.ascii	"\345h\010\300\251~\224\314\372\332\026\367$J\206 22"
 236      A97E94CC 
 236      FADA16F7 
 236      244A8620 
 236      3232
 237 0708 7D1B3A1E 		.ascii	"}\033:\036\373y\010\356\343i\347\251\247\235W\203\224"
 237      FB7908EE 
 237      E369E7A9 
 237      A79D5783 
 237      94
 238 0719 0C3FFA8D 		.ascii	"\014?\372\215\202\340\001Jp\277D\260\274\341P\207\237"
 238      82E0014A 
 238      70BF44B0 
 238      BCE15087 
 238      9F
 239 072a 48B06D8F 		.ascii	"H\260m\217\016\026R\252@^Z\301\014\355\225\011\356\365"
 239      0E1652AA 
 239      405E5AC1 
 239      0CED9509 
 239      EEF5
 240 073c 26984D09 		.ascii	"&\230M\011\216\334\272\335\303\343m\214\340\351\272"
 240      8EDCBADD 
 240      C3E36D8C 
 240      E0E9BA
 241 074b AA0D5A4A 		.ascii	"\252\015ZJ\206\344\036#\230;\274\347\246\312C\360\020"
 241      86E41E23 
 241      983BBCE7 
 241      A6CA43F0 
 241      10
 242 075c 2328B41C 		.ascii	"#(\264\034\275\031\354\223\340aJ0G\"\270\261eO\227F"
 242      BD19EC93 
 242      E0614A30 
 242      4722B8B1 
 242      654F9746 
 243 0770 24583FC3 		.ascii	"$X?\303\303\017\254\320A\231\337Ao~_R~\217\277t|\036"
 243      C30FACD0 
 243      4199DF41 
 243      6F7E5F52 
 243      7E8FBF74 
 244 0786 8CF7FAE6 		.ascii	"\214\367\372\3467\266{[\216\237G\324\257\030\277\206"
ARM GAS  /var/folders/qd/4mxf5pkd0zdf0b9dd1hp39180000gn/T//ccvL0I3X.s 			page 19


 244      37B67B5B 
 244      8E9F47D4 
 244      AF18BF86 
 245 0796 BB350D6C 		.ascii	"\2735\015l\332\311Vv\204u^\315\177\376'\237\234\363"
 245      DAC95676 
 245      84755ECD 
 245      7FFE279F 
 245      9CF3
 246 07a8 29E73C89 		.ascii	")\347<\211\363\366\323\325\225\376\300\271\213.\310"
 246      F3F6D3D5 
 246      95FEC0B9 
 246      8B2EC8
 247 07b7 D0E1A207 		.ascii	"\320\341\242\007\302\006-\265B\2712\347\\\236}\003\243"
 247      C2062DB5 
 247      42B932E7 
 247      5C9E7D03 
 247      A3
 248 07c8 02A6E558 		.ascii	"\002\246\345XQ7\302'"
 248      5137C227 
 249 07d0 18D76BED 		.ascii	"\030\327k\355\316R\361\020\011 \324\277\373\242\312"
 249      CE52F110 
 249      0920D4BF 
 249      FBA2CA
 250 07df 9F1D22DF 		.ascii	"\237\035\"\337\222\307\007\033{wh\261\213\331\216t7"
 250      92C7071B 
 250      7B7768B1 
 250      8BD98E74 
 250      37
 251 07f0 8DE8982D 		.ascii	"\215\350\230-Y\334/\352\326\037@\344[O\020\267\034\350"
 251      59DC2FEA 
 251      D61F40E4 
 251      5B4F10B7 
 251      1CE8
 252 0802 97779CAF 		.ascii	"\227w\234\257y\330\007`SDE<\375\316k\035\250\034\322"
 252      79D80760 
 252      5344453C 
 252      FDCE6B1D 
 252      A81CD2
 253 0815 E10BD493 		.ascii	"\341\013\324\223\352\250#\277[\205\302\247#0G\332\\"
 253      EAA823BF 
 253      5B85C2A7 
 253      233047DA 
 253      5C
 254 0826 E97B9D43 		.ascii	"\351{\235C% \330\011\221.\\Y\002\270\357\3767\351\206"
 254      2520D809 
 254      912E5C59 
 254      02B8EFFE 
 254      37E986
 255 0839 7B0DADE9 		.ascii	"{\015\255\351>%\344\010x\032\207\346NGs`\227:\011\273"
 255      3E25E408 
 255      781A87E6 
 255      4E477360 
 255      973A09BB 
 256 084d 5409C53B 		.ascii	"T\011\305;\005[f1\003<\323\320\334\036\024\222.n\250"
 256      055B6631 
 256      033CD3D0 
 256      DC1E1492 
ARM GAS  /var/folders/qd/4mxf5pkd0zdf0b9dd1hp39180000gn/T//ccvL0I3X.s 			page 20


 256      2E6EA8
 257 0860 6F23EABB 		.ascii	"o#\352\273\020\236\037\243G\315i>DbI\254\277\336[7\350"
 257      109E1FA3 
 257      47CD693E 
 257      446249AC 
 257      BFDE5B37 
 258 0875 AF157D6F 		.ascii	"\257\025}o\370o\276\257\336\332\262P\351\372\233\237"
 258      F86FBEAF 
 258      DEDAB250 
 258      E9FA9B9F 
 259 0885 735DD6DB 		.ascii	"s]\326\333\224\241\236\231#4\271\350\322\334|\333)\244"
 259      94A19E99 
 259      2334B9E8 
 259      D2DC7CDB 
 259      29A4
 260 0897 AC8713A9 		.ascii	"\254\207\023\251\224\017A\307a\226`\011*\006\037\205"
 260      940F41C7 
 260      61966009 
 260      2A061F85 
 261 08a7 9EBFC107 		.ascii	"\236\277\301\007Y\031?\023\306>=\320\273>\030_b\372"
 261      59193F13 
 261      C63E3DD0 
 261      BB3E185F 
 261      62FA
 262 08b9 3B8E9E29 		.ascii	";\216\236)Q\373\024\274B\022\374\030\343\370\344Qn\201"
 262      51FB14BC 
 262      4212FC18 
 262      E3F8E451 
 262      6E81
 263 08cb DA3B7EF9 		.ascii	"\332;~\371\250\255\244$+$\222%5\273\177\322z\207\344"
 263      A8ADA424 
 263      2B249225 
 263      35BB7FD2 
 263      7A87E4
 264 08de D37AE768 		.ascii	"\323z\347hA~\240\030\322\367\257\244d\273RB\321\031"
 264      417EA018 
 264      D2F7AFA4 
 264      64BB5242 
 264      D119
 265 08f0 311C58B0 		.ascii	"1\034X\260\212\201\345b8U4\234\312\202\201\247:\345"
 265      8A81E562 
 265      3855349C 
 265      CA8281A7 
 265      3AE5
 266 0902 29453255 		.ascii	")E2U\016\301%\236R.zJ\365\327\271>\015\300\035b\356"
 266      0EC1259E 
 266      522E7A4A 
 266      F5D7B93E 
 266      0DC01D62 
 267 0917 75A48C8A 		.ascii	"u\244\214\212\237.Ad9\375\320\236#\346i7\375\177\300"
 267      9F2E4164 
 267      39FDD09E 
 267      23E66937 
 267      FD7FC0
 268 092a C3D273E2 		.ascii	"\303\322s\342\177\220\002\311\227\214\373\360\023\177"
 268      7F9002C9 
 268      978CFBF0 
ARM GAS  /var/folders/qd/4mxf5pkd0zdf0b9dd1hp39180000gn/T//ccvL0I3X.s 			page 21


 268      137F
 269 0938 9F4A9D97 		.ascii	"\237J\235\227\224\252fJ\011\216\376{:o\245\316A\010"
 269      94AA664A 
 269      098EFE7B 
 269      3A6FA5CE 
 269      4108
 270 094a 6E1A420D 		.ascii	"n\032B\015\215\375\274\024\373Wng\371KJ\371\264\256"
 270      8DFDBC14 
 270      FB576E67 
 270      F94B4AF9 
 270      B4AE
 271 095c ADD97944 		.ascii	"\255\331yD'*u}\006S\252VT\012\266\016\305\300\263\242"
 271      272A757D 
 271      0653AA56 
 271      540AB60E 
 271      C5C0B3A2 
 272 0970 5275FC4C 		.ascii	"Ru\374LN\025o\262}\374\333\310H=\373\263\332\364\353"
 272      4E156FB2 
 272      7DFCDBC8 
 272      483DFBB3 
 272      DAF4EB
 273 0983 4C717A5B 		.ascii	"Lqz[R\214>\321\024\027\031\243y\367\257\037\204.\214"
 273      528C3ED1 
 273      141719A3 
 273      79F7AF1F 
 273      842E8C
 274 0996 8AE2B446 		.ascii	"\212\342\264Fc\262%\301>7\332h\317D\372\005\211\211"
 274      63B225C1 
 274      3E37DA68 
 274      CF44FA05 
 274      8989
 275 09a8 71961893 		.ascii	"q\226\030\223\335bM\260\351\027\307\304Y\022mf\2439"
 275      DD624DB0 
 275      E917C7C4 
 275      59126D66 
 275      A339
 276 09ba 223139E6 		.ascii	"\"19\346\343\350HSb\242~\2415\301nN\260\277\364P\377"
 276      E3E84853 
 276      62A27EA1 
 276      35C16E4E 
 276      B0BFF450 
 277 09cf BED51A67 		.ascii	"\276\325\032g\323\257\215\211\2110%\305G$X\023\314\021"
 277      D3AF8D89 
 277      893025C5 
 277      47245813 
 277      CC11
 278 09e1 66D3DF2D 		.ascii	"f\323\337-\021\363#\242\347D\315\217\370\347\233\021"
 278      11F323A2 
 278      E744CD8F 
 278      F8E79B11 
 279 09f1 F1A67F58 		.ascii	"\361\246\177X\223\364\343\236\352-\0111q\311\261f}\274"
 279      93F4E39E 
 279      EA2D0931 
 279      71C9B166 
 279      7DBC
 280 0a03 29669D25 		.ascii	")f\235%\301\2547\306\232\327\230\222\343\354F\373'\211"
 280      C1AC37C6 
ARM GAS  /var/folders/qd/4mxf5pkd0zdf0b9dd1hp39180000gn/T//ccvL0I3X.s 			page 22


 280      9AD79892 
 280      E3EC46FB 
 280      2789
 281 0a15 665BE43A 		.ascii	"f[\344:N#\221K\373\345\310\331>\261\351\2156{,0\001"
 281      4E23914B 
 281      FBE5C8D9 
 281      3EB1E98D 
 281      367B2C30 
 282 0a2a 463A8B35 		.ascii	"F:\2135\321\232d'\362\032\355Q\336\002\223G6\375\252"
 282      D19A6427 
 282      F21AED51 
 282      DE029347 
 282      36FDAA
 283 0a3d F797CF8D 		.ascii	"\367\227\317\215\326/[\266H\377\356\312\245+\376\025"
 283      D62F5BB6 
 283      48FFEECA 
 283      A52BFE15 
 284 0a4d 4D3437C6 		.ascii	"M47\306\305\305\302p?ba\211U-\370\213a\011\371Y\246"
 284      C5C5C270 
 284      3F626189 
 284      552DF88B 
 284      6109F959 
 285 0a62 5AB6F03D 		.ascii	"Z\266\360=\203\352\235U\006\003\372\020-Q\307\304\231"
 285      83EA9D55 
 285      0603FA10 
 285      2D51C7C4 
 285      99
 286 0a73 4D49E2A4 		.ascii	"MI\342\244D\3153\3325\322\015\266\231\355x\305\"\003"
 286      44CD33DA 
 286      35D20DB6 
 286      99ED78C5 
 286      2203
 287 0a85 5EBAC8A0 		.ascii	"^\272\310\240^\371\301\312E\206I+V\255\\\274x\221\301"
 287      5EF9C1CA 
 287      4586492B 
 287      56AD5CBC 
 287      7891C1
 288 0a98 6FC5FBAB 		.ascii	"o\305\373\253W.6\250\227\257X\264\330\200\3371\030t"
 288      572E36A8 
 288      97AF58B4 
 288      D880DF31 
 288      1874
 289 0aaa 367B3C68 		.ascii	"6{<h\2666\321b5\332\265\214\257%\326h\367\263\256Y\003"
 289      B636D162 
 289      35DAB58C 
 289      AF25D668 
 289      F7B3AE59 
 290 0abf 5E74C4A5 		.ascii	"^t\304\245q\215\311f\177\313hO\375\005u\225$\235\341"
 290      718DC966 
 290      7FCB684F 
 290      FD057595 
 290      249DE1
 291 0ad2 ADA26441 		.ascii	"\255\242dARu\035\247^\272\342\235d\233\306b\215\267"
 291      52751DA7 
 291      5EBAE29D 
 291      649BC662 
 291      8DB7
ARM GAS  /var/folders/qd/4mxf5pkd0zdf0b9dd1hp39180000gn/T//ccvL0I3X.s 			page 23


 292 0ae4 C69A2120 		.ascii	"\306\232! \3505\230M\261\320\367;\237\371\315\005@\365"
 292      E835984D 
 292      B1D0F73B 
 292      9FF9CD05 
 292      40F5
 293 0af6 6192C56E 		.ascii	"a\222\305n\006\263@\270_e\266\303\335r\360\360k\243"
 293      06B340B8 
 293      5F65B6C3 
 293      DD72F0F0 
 293      6BA3
 294 0b08 381B46D0 		.ascii	"8\033F\320bm\22259\221\370\0154\032\327$'\304\030\215"
 294      626D9235 
 294      3991F80D 
 294      341AD724 
 294      27C4188D 
 295 0b1c 91F3E6FF 		.ascii	"\221\363\346\377!Z#\265T1\353LI\343\236\315W\266\346"
 295      215A23B5 
 295      5431EB4C 
 295      49E39ECD 
 295      57B6E6
 296 0b2f 45FF07FE 		.ascii	"E\377\007\376\222\205V"
 296      928556
 297              		.text
 298              		.section	.gnu.lto_.symtab.81d50a6a420951de,"",%progbits
 299 0000 70616C52 		.ascii	"palReadBus\000"
 299      65616442 
 299      757300
 300 000b 00       		.ascii	"\000"
 301 000c 00       		.ascii	"\000"
 302 000d 00       		.ascii	"\000"
 303 000e 00000000 		.ascii	"\000\000\000\000\000\000\000\000"
 303      00000000 
 304 0016 1B010000 		.ascii	"\033\001\000\000"
 305 001a 70616C57 		.ascii	"palWriteBus\000"
 305      72697465 
 305      42757300 
 306 0026 00       		.ascii	"\000"
 307 0027 00       		.ascii	"\000"
 308 0028 00       		.ascii	"\000"
 309 0029 00000000 		.ascii	"\000\000\000\000\000\000\000\000"
 309      00000000 
 310 0031 20010000 		.ascii	" \001\000\000"
 311 0035 70616C53 		.ascii	"palSetBusMode\000"
 311      65744275 
 311      734D6F64 
 311      6500
 312 0043 00       		.ascii	"\000"
 313 0044 00       		.ascii	"\000"
 314 0045 00       		.ascii	"\000"
 315 0046 00000000 		.ascii	"\000\000\000\000\000\000\000\000"
 315      00000000 
 316 004e 25010000 		.ascii	"%\001\000\000"
 317 0052 5F70616C 		.ascii	"_pal_lld_setgroupmode\000"
 317      5F6C6C64 
 317      5F736574 
 317      67726F75 
 317      706D6F64 
ARM GAS  /var/folders/qd/4mxf5pkd0zdf0b9dd1hp39180000gn/T//ccvL0I3X.s 			page 24


 318 0068 00       		.ascii	"\000"
 319 0069 02       		.ascii	"\002"
 320 006a 00       		.ascii	"\000"
 321 006b 00000000 		.ascii	"\000\000\000\000\000\000\000\000"
 321      00000000 
 322 0073 2B010000 		.ascii	"+\001\000\000"
 323              		.text
 324              		.section	.gnu.lto_.opts,"",%progbits
 325 0000 272D666D 		.ascii	"'-fmath-errno' '-fsigned-zeros' '-ftrapping-math' '"
 325      6174682D 
 325      6572726E 
 325      6F272027 
 325      2D667369 
 326 0033 2D666E6F 		.ascii	"-fno-trapv' '-fno-openmp' '-fno-openacc' '-mcpu=cor"
 326      2D747261 
 326      70762720 
 326      272D666E 
 326      6F2D6F70 
 327 0066 7465782D 		.ascii	"tex-m4' '-mno-thumb-interwork' '-mthumb' '-O2' '-fo"
 327      6D342720 
 327      272D6D6E 
 327      6F2D7468 
 327      756D622D 
 328 0099 6D69742D 		.ascii	"mit-frame-pointer' '-falign-functions=16' '-ffuncti"
 328      6672616D 
 328      652D706F 
 328      696E7465 
 328      72272027 
 329 00cc 6F6E2D73 		.ascii	"on-sections' '-fdata-sections' '-fno-common' '-flto"
 329      65637469 
 329      6F6E7327 
 329      20272D66 
 329      64617461 
 330 00ff 2700     		.ascii	"'\000"
 331              		.text
 332              		.comm	__gnu_lto_v1,1,1
 333              		.comm	__gnu_lto_slim,1,1
 334              		.ident	"GCC: (GNU Tools for Arm Embedded Processors 7-2017-q4-major) 7.2.1 20170904 (release) [ARM
ARM GAS  /var/folders/qd/4mxf5pkd0zdf0b9dd1hp39180000gn/T//ccvL0I3X.s 			page 25


DEFINED SYMBOLS
                            *ABS*:0000000000000000 pal.c
                            *COM*:0000000000000001 __gnu_lto_v1
                            *COM*:0000000000000001 __gnu_lto_slim

NO UNDEFINED SYMBOLS
