ARM GAS  /var/folders/qd/4mxf5pkd0zdf0b9dd1hp39180000gn/T//ccVxHz8y.s 			page 1


   1              		.cpu cortex-m4
   2              		.eabi_attribute 20, 1
   3              		.eabi_attribute 21, 1
   4              		.eabi_attribute 23, 3
   5              		.eabi_attribute 24, 1
   6              		.eabi_attribute 25, 1
   7              		.eabi_attribute 26, 1
   8              		.eabi_attribute 30, 2
   9              		.eabi_attribute 34, 1
  10              		.eabi_attribute 18, 4
  11              		.file	"pal_lld.c"
  12              		.section	.gnu.lto_.profile.4e0bdc1fcf2a0ace,"",%progbits
  13 0000 789C6363 		.ascii	"x\234cc```\003bF\206\351\214S\031\001\004.\001<"
  13      60606003 
  13      624686E9 
  13      8C531901 
  13      042E013C 
  14              		.text
  15              		.section	.gnu.lto_.icf.4e0bdc1fcf2a0ace,"",%progbits
  16 0000 789C6363 		.ascii	"x\234cc``\340c@\000&\206\323+Wn\344g\354\275\277x);"
  16      6060E063 
  16      40002686 
  16      D32B576E 
  16      E467ECBD 
  17 0018 03002CA5 		.ascii	"\003\000,\245\005\260"
  17      05B0
  18              		.text
  19              		.section	.gnu.lto_.jmpfuncs.4e0bdc1fcf2a0ace,"",%progbits
  20 0000 789C6363 		.ascii	"x\234cc``\220a@\000&\006FF\306\3729\314\014\214\314"
  20      60609061 
  20      40002606 
  20      4646C6FA 
  20      39CC0C8C 
  21 0015 40063B90 		.ascii	"@\006;\220\005\3421\00113\003\000<b\004\264"
  21      05E23101 
  21      31330300 
  21      3C6204B4 
  22              		.text
  23              		.section	.gnu.lto_.inline.4e0bdc1fcf2a0ace,"",%progbits
  24 0000 789C45CE 		.ascii	"x\234E\316\241\015\002A\020\005\320\377\347.\354\311"
  24      A10D0241 
  24      1005D0FF 
  24      E72EECC9 
  25 0010 CDD1C05A 		.ascii	"\315\321\300Zz@l\021\024@)\233`)\202\004\205C\002\212"
  25      7A406C11 
  25      1440299B 
  25      60298204 
  25      8543028A 
  26 0024 122E2804 		.ascii	"\022.(\004x\272\200\233?\202\025\357\1771\231\235\005"
  26      78BA809B 
  26      3F8215EF 
  26      7F31999D 
  26      05
  27 0035 802BFECF 		.ascii	"\200+\376\317\2007^`B!\272\"\253\334\312F\305!\342\036"
  27      80375E60 
  27      4221BA22 
  27      ABDCCA46 
ARM GAS  /var/folders/qd/4mxf5pkd0zdf0b9dd1hp39180000gn/T//ccVxHz8y.s 			page 2


  27      C521E21E 
  28 0049 81BCE3E5 		.ascii	"\201\274\343\345\233\260z\236\315\300O\352CgP\035\234"
  28      9BB07A9E 
  28      CDC04FEA 
  28      4367501D 
  28      9C
  29 005a AC9A9DA2 		.ascii	"\254\232\235\242Z\234\252Z\235F\213\220\261\252\231"
  29      5A9CAA5A 
  29      9D468B90 
  29      B1AA99
  30 0069 9F45AC6F 		.ascii	"\237E\254o$m\376\015\335\346qZb\234\216\363\3008\355"
  30      246DFE0D 
  30      DDE6715A 
  30      629C8EF3 
  30      C038ED
  31 007c D9EBF01F 		.ascii	"\331\353\360\0373\" S"
  31      33222053 
  32              		.text
  33              		.section	.gnu.lto_.pureconst.4e0bdc1fcf2a0ace,"",%progbits
  34 0000 789C6363 		.ascii	"x\234cc```\005b&\006)F)\000\000\374\000C"
  34      60606005 
  34      62260629 
  34      46290000 
  34      FC0043
  35              		.text
  36              		.section	.gnu.lto__pal_lld_init.4e0bdc1fcf2a0ace,"",%progbits
  37 0000 789CA59A 		.ascii	"x\234\245\232[P\024W\032\307\373\364\031\306\201\201"
  37      5B501457 
  37      1AC7FBF4 
  37      19C68181 
  38 0010 C10BDE51 		.ascii	"\301\013\336Q\361\202\010*\243\354>le_\366a\253\266"
  38      F182082A 
  38      A3EC3E6C 
  38      655FF661 
  38      ABB6
  39 0022 762B5BD9 		.ascii	"v+[\331\252\335\327\324V.\265\331TY\253\265\331\332"
  39      AADDD7D4 
  39      562EB5D9 
  39      5459ABB5 
  39      D9DA
  40 0034 57878B88 		.ascii	"W\207\213\210\016\012\253#\3028\312$\240h\214\022\202"
  40      0E0AAB23 
  40      C238CA24 
  40      A0688C12 
  40      82
  41 0045 8A80C82D 		.ascii	"\212\200\310-\240\220\200\021\211Q\360\2122\210\340"
  41      A0908011 
  41      8951F08A 
  41      3288E0
  42 0054 05052112 		.ascii	"\005\005!\022a\317\367\3659tO\310\024\323\323\224|N"
  42      61CFF7F5 
  42      39744FC8 
  42      14D3D394 
  42      7C4E
  43 0066 D367FEE7 		.ascii	"\323g\376\347w\316\371\372\007\205\232%I\252\210\227"
  43      77CEF9FA 
  43      07859A25 
ARM GAS  /var/folders/qd/4mxf5pkd0zdf0b9dd1hp39180000gn/T//ccVxHz8y.s 			page 3


  43      49AA8897 
  44 0076 A4DFB1BF 		.ascii	"\244\337\261\277\227\262OB%\"\347\266KR\252E&\004^8"
  44      97B24F42 
  44      2522E7B6 
  44      4B52AA45 
  44      26045E38 
  45 008a 2C44DA2E 		.ascii	",D\332.\223\355$\233\272(i\330\351\253\224\023K\034"
  45      93ED249B 
  45      BA2869D8 
  45      E9AB9413 
  45      4B1C
  46 009c ECA3EEE0 		.ascii	"\354\243\356\340\2309\323\261c\221\207JR\036\373\204"
  46      9839D3B1 
  46      6391874A 
  46      521EFB84 
  47 00ac 0F524E12 		.ascii	"\017RN\022\331\250\253\031_z\250\223z(!&v9\324\346~"
  47      D9A8AB19 
  47      5F7AA893 
  47      7A282126 
  47      7639D4E6 
  48 00c1 60834B99 		.ascii	"`\203K\231\304\261\313\376\211\322>\023\3755\221\330"
  48      C4B1CBFE 
  48      89D23E13 
  48      FD3591D8 
  49 00d1 EB738385 		.ascii	"\353s\203\205\315\326\204\243\016G\232\243n\260\230"
  49      CDD684A3 
  49      0E479AA3 
  49      6EB098
  50 00e0 3AD67828 		.ascii	":\326x(\373\"\241,\220\234%\261\344\014\211\225\330"
  50      FB22A12C 
  50      909C25B1 
  50      E40C8995 
  50      D8
  51 00f1 97245241 		.ascii	"\227$RA\022`|O\331\304\201(\263I\231\220\234'f\211\260"
  51      12607C4F 
  51      D9C48128 
  51      B3499990 
  51      9C276689 
  52 0106 17A51D61 		.ascii	"\027\245\035au\216\211\311\235,\343(\251\370\323\273"
  52      758E89C9 
  52      9D2CE328 
  52      A9F8D3BB 
  53 0116 84BDC724 		.ascii	"\204\275\307$C\241PLP,\0042\302\341e\004\024+\224H("
  53      43A1504C 
  53      502C0432 
  53      C2E16504 
  53      142B9448 
  54 012b 51506C50 		.ascii	"QPlP\242\241\314\2062\007\312\\(\363\240\304@\231\017"
  54      A2A1CC86 
  54      3207CA5C 
  54      28F3A0C4 
  54      40990F
  55 013e 65019485 		.ascii	"e\001\224\205P\026AY\014e\011\224\245P\000\326\264\014"
  55      50164159 
  55      0C650994 
  55      A55000D6 
  55      B40C
ARM GAS  /var/folders/qd/4mxf5pkd0zdf0b9dd1hp39180000gn/T//ccVxHz8y.s 			page 4


  56 0150 CA72282B 		.ascii	"\312r(+\240\304AY\011e\025\224\325P\326@\211\207\262"
  56      A0C44159 
  56      09651594 
  56      D550D640 
  56      8987B2
  57 0163 164A0294 		.ascii	"\026J\002\224uP\022\241$AY\017e\003\224\215P\222\241"
  57      755012A1 
  57      2441590F 
  57      6503948D 
  57      5092A1
  58 0176 D8A16C82 		.ascii	"\330\241l\202\262\031J\012\024I\312b{\301N\312Q'\355"
  58      B2194A0A 
  58      1449CA62 
  58      7BC14ECA 
  58      5127ED
  59 0189 A232BC4A 		.ascii	"\2422\274J\257\223\036\223\206\252\376\233\215\021\260"
  59      AF931E93 
  59      86AAFE9B 
  59      8D11B0
  60 0198 456E4AD8 		.ascii	"EnJ\330\316\345\355h\2702\013\016!\0147>\343p\223/\\"
  60      CEE5ED68 
  60      B8320B0E 
  60      210C373E 
  60      E370932F 
  61 01ad B9743CCF 		.ascii	"\271t<\317r\3001uW\367\3341{\311\221Tv\270q\036j&U\354"
  61      72C03175 
  61      57F7DC31 
  61      7BC99154 
  61      76B8711E 
  62 01c5 002AD901 		.ascii	"\000*\331\001\300\370\201\207-56\373)G\006\361\320Y"
  62      C0F88187 
  62      2D3536FB 
  62      294706F1 
  62      D059
  63 01d7 A49A78C9 		.ascii	"\244\232x\311\001<sr\201\330\331l\351c\231D\231KV\246"
  63      013C7372 
  63      81D8D96C 
  63      E9639944 
  63      994B56A6 
  64 01eb DB5F7CBA 		.ascii	"\333_|\2722\012\362Md\005\251a!\214\250s7\216\3217\325"
  64      320AF24D 
  64      6405A961 
  64      218CA873 
  64      378ED137 
  65 0200 4575AA5A 		.ascii	"Eu\252Zbg\371\270\266\023]T\231\216\352K\253\3034\350"
  65      6267F9B8 
  65      B6135D54 
  65      998EEA4B 
  65      ABC334E8 
  66 0214 1952FF33 		.ascii	"\031R\3773p\023\0133D\332\240f7\002\251I\362\2214oI"
  66      70130B33 
  66      44DAA066 
  66      3702A949 
  66      F291346F 
  67 0229 0EE5512E 		.ascii	"\016\345Q._\326Ht\322q|v&Je\267\327\342\241\026\211"
  67      5FD64874 
  67      D2717C76 
ARM GAS  /var/folders/qd/4mxf5pkd0zdf0b9dd1hp39180000gn/T//ccVxHz8y.s 			page 5


  67      264A65B7 
  67      D7E2A116 
  68 023e 3F385F93 		.ascii	"?8_\223$\355!Q<\244\013\015m\315br\026\364\026;\357"
  68      24ED2151 
  68      3CA40B0D 
  68      6DCD6272 
  68      16F4163B 
  69 0253 7037B590 		.ascii	"p7\265\220&>\377\220s\337\015\302\346\317E\266\010\322"
  69      263EFF90 
  69      73DF0DC2 
  69      E6CF45B6 
  69      08D2
  70 0265 8C04B284 		.ascii	"\214\004\262\2047\013j:r#\266\277\201\233^\033\233\211"
  70      370B6A3A 
  70      7223B6BF 
  70      819B5E1B 
  70      9B89
  71 0277 5C2276E5 		.ascii	"\\\"v\345\211\271L\266\003Z\034\347r\366\036O\225\351"
  71      89B94CB6 
  71      035A1CE7 
  71      72F61E4F 
  71      95E9
  72 0289 6F95E771 		.ascii	"o\225\347q\350\340)\022_\204\317\243\357P\244\333Q\227"
  72      E8E02912 
  72      5F84CFA3 
  72      EF50A4DB 
  72      5197
  73 029b C192ADA4 		.ascii	"\301\222\255\244\305\377\221D\344V\022\317\3361\334"
  73      C5FF9144 
  73      E45612CF 
  73      DE31DC
  74 02aa DDD34E00 		.ascii	"\335\323N\000\331J\034\016\326H\344\033v\337\177\341"
  74      D94A1C0E 
  74      D648E41B 
  74      76DF7FE1 
  75 02ba 93170B47 		.ascii	"\223\027\013GL\323B-?\177\3161\364[\022\017{\301\016"
  75      4CD3422D 
  75      3F7FCE31 
  75      F45B120F 
  75      7BC10E
  76 02cd 21ADAADF 		.ascii	"!\255\252\337\331h\233z\3463p\337\332\217\230q\010\233"
  76      D9689B7A 
  76      E63370DF 
  76      DA8F9871 
  76      089B
  77 02df 1B1FFF3C 		.ascii	"\033\037\377<e\243\204\026H\0331\223vXc;\034\351\006"
  77      65A38416 
  77      481B3193 
  77      7658633B 
  77      1CE906
  78 02f2 ED965AFC 		.ascii	"\355\226Z\374\266\224\235X$l\345\225\351[\351-\315~"
  78      B6949D58 
  78      246CE595 
  78      E95BE92D 
  78      CD7E
  79 0304 CB43A3C8 		.ascii	"\313C\243\310w\270\233\024C%r\025\333\205u\306\2110"
  79      77B89B14 
ARM GAS  /var/folders/qd/4mxf5pkd0zdf0b9dd1hp39180000gn/T//ccVxHz8y.s 			page 6


  79      43257215 
  79      DB8575C6 
  79      8930
  80 0316 08D7265B 		.ascii	"\010\327&[1\271\305]s\233*\3116\330\004\322\301\243"
  80      31B9C55D 
  80      739B2AC9 
  80      36D804D2 
  80      C1A3
  81 0328 CF8E37DD 		.ascii	"\317\2167\335\261@\227\244:\274\357C\243\\\303`\023"
  81      B14097A4 
  81      3ABCEF43 
  81      A35CC360 
  81      13
  82 0339 0FEE845E 		.ascii	"\017\356\204^\331\240,8\273\321\246\220o\014\0165\016"
  82      D9A02C38 
  82      BBD1A690 
  82      6F0C0E35 
  82      0E
  83 034a 38BFC7B8 		.ascii	"8\277\307\2700\036w}\032g\360`?`\222\231'\335\000\260"
  83      301E777D 
  83      1A67F060 
  83      3F609299 
  83      27DD00B0 
  84 035e 8D0AD81E 		.ascii	"\215\012\330\036\001\226\254\003\354&\306\315\342q]"
  84      0196AC03 
  84      EC26C6CD 
  84      E2715D
  85 036d 06C0BA31 		.ascii	"\006\300\2721\311\302\223n\001X\262\002\266W\200\331"
  85      C9C2936E 
  85      0158B202 
  85      B65780D9 
  86 037d 7580DDC6 		.ascii	"u\200\335\306\270p\036w\307\000\330]L\212\340I\367\000"
  86      B8701E77 
  86      C700D85D 
  86      4C8AE049 
  86      F700
  87 038f CCAE80E5 		.ascii	"\314\256\200\345\010\260M:\300\356c\234\225\307\365"
  87      08B04D3A 
  87      C0EE639C 
  87      95C7F5
  88 039e 18007B80 		.ascii	"\030\000{\200I\221<\351!\200mR\300\362\005\330f\035"
  88      49913CE9 
  88      21806D52 
  88      C0F205D8 
  88      661D
  89 03b0 60BD1817 		.ascii	"`\275\030\027\305\343|\006\300\3720\311\306\223\036"
  89      C5E37C06 
  89      C0FA30C9 
  89      C6931E
  90 03bf 01D86605 		.ascii	"\001\330f\005\254@\200\245\350\000\353\307\270h\036"
  90      AC4080A5 
  90      E800EBC7 
  90      B8681E
  91 03ce F7D800D8 		.ascii	"\367\330\000\330\000&\315\346I\203\000\226\242\025\031"
  91      0026CDE6 
  91      49830096 
  91      A21519
ARM GAS  /var/folders/qd/4mxf5pkd0zdf0b9dd1hp39180000gn/T//ccVxHz8y.s 			page 7


  92 03dd 3A67CA9B 		.ascii	":g\312\233`!\274\362\226E\007\343\367'\350w?\241\227"
  92      6021BCF2 
  92      964507E3 
  92      F727E877 
  92      3FA197
  93 03f0 CF2CF4A7 		.ascii	"\317,\364\247\3104'\200\320\237\011\241?\367\027\272"
  93      C8342780 
  93      D09F09A1 
  93      3FF717BA 
  94 0400 1E890FA1 		.ascii	"\036\211\017\241\304\335\015\343\215\341\\\342Y \361"
  94      C4DD0DE3 
  94      8DE15CE2 
  94      5920F1
  95 040f 175CE2E5 		.ascii	"\027\\\342\345!I\374%3\364\223\300\022\3671\211\303"
  95      2149FC25 
  95      33F493C0 
  95      12F73189 
  95      C3
  96 0420 90A10012 		.ascii	"\220\241\000\022\037f\333;\002\353\032\201n\000\276"
  96      1F66DB3B 
  96      02EB1A81 
  96      6E00BE
  97 042f DE96FD99 		.ascii	"\336\226\375\231\221\212\304c\331\245c\334\273\333\244"
  97      918AC463 
  97      D9A563DC 
  97      BBDBA4
  98 043e 698E577C 		.ascii	"i\216W|\373J\\\215N\233\277\304G\205\304\207!pL\323"
  98      FB4A5C8D 
  98      4E9BBFC4 
  98      4785C487 
  98      21704CD3 
  99 0452 1F23B8AC 		.ascii	"\037#\270\254\372\216\261\327a\242?^h\372\343r~a\273"
  99      FA8EB1D7 
  99      61A23F5E 
  99      68FAE372 
  99      7E61BB
 100 0465 55DB1F3F 		.ascii	"U\333\037?\012kc\322k\350\217x\325\332\210\272686l\334"
 100      0A6B63D2 
 100      6BE88F78 
 100      D5DA88BA 
 100      3638366C 
 101 047a 71616D8C 		.ascii	"qam\214\373\311\000\330\033amL\232\000\260\265\252\265"
 101      FBC900D8 
 101      1B616D4C 
 101      9A00B0B5 
 101      AAB5
 102 048c 112C4107 		.ascii	"\021,A\007\330\244\2606\3069\344\320\301RenmLJ\223\031"
 102      D8A4B036 
 102      C639E4D0 
 102      C152656E 
 102      6D4C4A93 
 103 04a1 58826A6D 		.ascii	"X\202jm\004[\247\003,]\346\326\306\270\014\003`;dnm"
 103      045BA703 
 103      2C5DE6D6 
 103      C6B80C03 
 103      603B646E 
 104 04b6 4CCA04B0 		.ascii	"L\312\004\260u\252\265\021,Q\007\330N\231[\033\343\262"
ARM GAS  /var/folders/qd/4mxf5pkd0zdf0b9dd1hp39180000gn/T//ccVxHz8y.s 			page 8


 104      75AAB511 
 104      2C5107D8 
 104      4E995B1B 
 104      E3B2
 105 04c8 0C80ED92 		.ascii	"\014\200\355\222\271\2651i7\200%\252\326F\260$\035`"
 105      B9B53169 
 105      378025AA 
 105      D646B024 
 105      1D60
 106 04da 4E995B1B 		.ascii	"N\231[\033\343\262\015\200\355\221\271\2651i/\200%\251"
 106      E3B20D80 
 106      ED91B9B5 
 106      31692F80 
 106      25A9
 107 04ec D646B0F5 		.ascii	"\326F\260\365:\300rdnm\214\3135\000\366?\231[\033\223"
 107      3AC07264 
 107      6E6D8CCB 
 107      3500F63F 
 107      995B1B93 
 108 0500 F601D87A 		.ascii	"\366\001\330z\255\271P2\252\265_\012k\327\004e\355\375"
 108      ADB95032 
 108      AAB55F0A 
 108      6BD70465 
 108      EDFD
 109 0512 F2346BD7 		.ascii	"\3624k\327\316lm\0272\315\015`\355\0032\267v\236\034"
 109      CE6C6D17 
 109      32CD0D60 
 109      ED0332B7 
 109      769E1C
 110 0525 B2B50FCA 		.ascii	"\262\265\017\312`EWCAg\024\267v.X;_V\254]\033\222\265"
 110      60455743 
 110      416714B7 
 110      762E583B 
 110      5F56AC5D 
 111 053c 0BE47858 		.ascii	"\013\344xXp kO0k\303\0206\367/Z\333-\233\311!\231\255"
 111      70206B4F 
 111      306BC310 
 111      36F72F5A 
 111      DB2D9BC9 
 112 0553 8B15375D 		.ascii	"\213\0257]\016\326\3568w\311\246X\3737\354\322\333\326"
 112      0ED6EE38 
 112      77C9A658 
 112      FB37ECD2 
 112      DBD6
 113 0565 5A2A6B9A 		.ascii	"Z*k\232\303#+\333\367EsE\227\325\337\332\207enm7\004"
 113      C3232BDB 
 113      F7457345 
 113      97D5DFDA 
 113      87656E6D 
 114 057b 1ED1F407 		.ascii	"\036\321\364\007\013go\251*z\344\233\372\256\316V=\325"
 114      0B676FA9 
 114      2A7AE49B 
 114      FAAECE56 
 114      3DD5
 115 058d 1FDDDD95 		.ascii	"\037\335\335\225]\321\332\376(\224\271\2651\311\013"
 115      5DD1DAFE 
 115      2894B9B5 
ARM GAS  /var/folders/qd/4mxf5pkd0zdf0b9dd1hp39180000gn/T//ccVxHz8y.s 			page 9


 115      31C90B
 116 059c FDB15CB5 		.ascii	"\375\261\\\2656\242\256\010\216\015\033\367S\231[\033"
 116      36A2AE08 
 116      8E0D1BF7 
 116      53995B1B 
 117 05ac E33E3300 		.ascii	"\343>3\000V$skcR1\200\255P\255\215`q:\300\216\312\334"
 117      5624736B 
 117      63523180 
 117      AD50AD8D 
 117      60713AC0 
 118 05c3 DA1877CC 		.ascii	"\332\030w\314\000X\211\2606&\035\007\2608\325\332\010"
 118      005889B0 
 118      36261D07 
 118      B038D5DA 
 118      08
 119 05d4 B65207D8 		.ascii	"\266R\007\330\011am\214\373\334\000\330IamL\372\002"
 119      09616D8C 
 119      FBDC00D8 
 119      49616D4C 
 119      FA02
 120 05e6 C056AAD6 		.ascii	"\300V\252\326F\260U:\300N\011kc\334i\003`\245\302\332"
 120      46B0553A 
 120      C04E096B 
 120      63DC6903 
 120      60A5C2DA 
 121 05fa 98F42580 		.ascii	"\230\364%\200\255R\255\215`\253u\200\225\011kc\334W"
 121      AD52AD8D 
 121      60AB7580 
 121      95096B63 
 121      DC57
 122 060c 06C0CA85 		.ascii	"\006\300\312\205\2651\351\014\200\255V\255\215`kt\200"
 122      B531E90C 
 122      80AD56AD 
 122      8D606B74 
 122      80
 123 061d 9D15D6C6 		.ascii	"\235\025\326\306\270s\006\300*\204\2651\351<\200\255"
 123      B87306C0 
 123      2A84B531 
 123      E93C80AD 
 124 062d D19A0B25 		.ascii	"\321\232\013%\243Z\273\200_y\373\203\262v\345tk\017"
 124      A35ABB80 
 124      5F79FB83 
 124      B276E574 
 124      6B0F
 125 063f CC6CED2A 		.ascii	"\314l\355*d\232\027\300\332\325\302\332\027B\267v\015"
 125      649A17C0 
 125      DAD5C2DA 
 125      1742B776 
 125      0D
 126 0650 5A3BEBA4 		.ascii	"Z;\353\244\253\210rk\347\203\265/rk\017\204d\355Z\246"
 126      AB88726B 
 126      E783B52F 
 126      726B0F84 
 126      64ED5AA6 
 127 0664 E4CAC0D6 		.ascii	"\344\312\300\326\276^h\306!5\001\254]\307\254]\017\207"
 127      BE5E68C6 
 127      213501AC 
ARM GAS  /var/folders/qd/4mxf5pkd0zdf0b9dd1hp39180000gn/T//ccVxHz8y.s 			page 10


 127      5DC7AC5D 
 127      0F87
 128 0676 500FDDB0 		.ascii	"P\017\335\260\220\335z]~\272\237\377\254\335\011CO}"
 128      90DD7A5D 
 128      7EBA9FFF 
 128      ACDD0943 
 128      4F7D
 129 0688 55702152 		.ascii	"Up!R\323\035\015\274;\234\371\327\336\310\376\332n\024"
 129      D31D0DBC 
 129      3B9CF9D7 
 129      DEC8FEDA 
 129      6E14
 130 069a DAAE83C4 		.ascii	"\332\256\203\304\2575\015R\217\015r\343Uik\224h\220"
 130      AF350D52 
 130      8F0D72E3 
 130      55696B94 
 130      6890
 131 06ac 8B9A0639 		.ascii	"\213\232\0069\271\253\263\306\257A\232\204\2661\251"
 131      B9ABB3C6 
 131      AF419A84 
 131      B631A9
 132 06bb 191A64A1 		.ascii	"\031\032d\241\252md]\024\034\033v\356%\241m\214\273"
 132      AA6D645D 
 132      141C1B76 
 132      EE25A16D 
 132      8CBB
 133 06cd 6C00AC45 		.ascii	"l\000\254Eh\033\223Z\001l\221\252m\004[\254\003\354"
 133      681B935A 
 133      016C91AA 
 133      6D045BAC 
 133      03EC
 134 06df 1BA16D8C 		.ascii	"\033\241m\214\373\326\000X\233\3206&\265\003\330bU\333"
 134      FBD60058 
 134      9BD03626 
 134      B503D862 
 134      55DB
 135 06f1 08B64407 		.ascii	"\010\266D\007\330\025\241m\214\373\316\000\330U\241"
 135      D815A16D 
 135      8CFBCE00 
 135      D855A1
 136 0700 6D4CEA00 		.ascii	"mL\352\000\260%\252\266\021l\251\016\260kB\333\030\327"
 136      B025AAB6 
 136      116CA90E 
 136      B06B42DB 
 136      18D7
 137 0712 6900EC7B 		.ascii	"i\000\354{\241mL\272\016`KUm#X\254\016\260\037\204\266"
 137      A16D4CBA 
 137      0E604B55 
 137      6D2358AC 
 137      0EB01F84 
 138 0727 31EE8601 		.ascii	"1\356\206\001\260\233B\333\230\324\005`\261\252\266"
 138      B09B42DB 
 138      98D40560 
 138      B1AAB6
 139 0736 116C990E 		.ascii	"\021l\231\016\260n\241m\214\273e\000\354\266\3206&\335"
 139      B06EA16D 
 139      8CBB6500 
ARM GAS  /var/folders/qd/4mxf5pkd0zdf0b9dd1hp39180000gn/T//ccVxHz8y.s 			page 11


 139      ECB6D036 
 139      26DD
 140 0748 01B0655A 		.ascii	"\001\260eZu\241eTm\327\012m\217\004\245\355\273\323"
 140      75A16554 
 140      6DD70A6D 
 140      8F04A5ED 
 140      BBD3
 141 075a B53D3AB3 		.ascii	"\265=:\263\266\357!SL\000m\337\027\332\356\011]\333"
 141      B6EF2153 
 141      4C006DDF 
 141      17DAEE09 
 141      5DDB
 142 076c 0F50DBDD 		.ascii	"\017P\333\335\245m\003\026\256m/h\373!\327\366hH\332"
 142      A56D0316 
 142      AE6D2F68 
 142      FB21D7F6 
 142      6848DA
 143 077f EE654EBE 		.ascii	"\356eN\276\033X\333O\231\266a\310\203\000\332\3661m"
 143      1B58DB4F 
 143      99B661C8 
 143      8300DAF6 
 143      316D
 144 0791 F7C121F4 		.ascii	"\367\301!\364A7\314f\267\356\247^ydU\264\375\034\206"
 144      4137CC66 
 144      B7EEA75E 
 144      796455B4 
 144      FD1C86
 145 07a4 A6DF4AEB 		.ascii	"\246\337J\353\237\245\351\216G\342\233\272\263\265\205"
 145      9FA5E98E 
 145      47E29BBA 
 145      B3B585
 146 07b3 FA6BBB5F 		.ascii	"\372k\273_h\333\007\211\2175\015\322\207\015R\\Zv\210"
 146      68DB0789 
 146      8F350DD2 
 146      870D525C 
 146      5A7688
 147 07c6 880679A8 		.ascii	"\210\006y\250i\220}\345\235\357"
 147      69907DE5 
 147      9DEF
 148 07d0 FAFD0A4D 		.ascii	"\372\375\012MX\033\203\006\241?f\253\326F\3249\301\241"
 148      581B8306 
 148      A13F66AB 
 148      D646D439 
 148      C1A1
 149 07e2 61E33E11 		.ascii	"a\343>\021\326\306\270\247\241s=\023\322\306\240\347"
 149      D6C6B8A7 
 149      A1733D13 
 149      D2C6A0E7 
 150 07f2 C0354795 		.ascii	"\3005G\2256r\315\325\3015$\244\215q/B\347z)\234\215"
 150      3672CDD5 
 150      C13524A4 
 150      8D712F42 
 150      E77A299C 
 151 0807 41C3C035 		.ascii	"A\303\3005Wu6r\315\323\3015\"\234\215q\257B\347\032"
 151      57753672 
 151      CDD3C135 
 151      229C8D71 
ARM GAS  /var/folders/qd/4mxf5pkd0zdf0b9dd1hp39180000gn/T//ccVxHz8y.s 			page 12


 151      AF42E71A 
 152 081b 15CAC6A0 		.ascii	"\025\312\306\2401\340\232\247*\033\271btp\375(\224\215"
 152      31E09AA7 
 152      2A1BB962 
 152      7470FD28 
 152      948D
 153 082d 71AF43E7 		.ascii	"q\257C\347\032\027\306\306\240\237\200+F56r\315\327"
 153      1A17C6C6 
 153      A09F802B 
 153      46353672 
 153      CDD7
 154 083f C1F54618 		.ascii	"\301\365F\030\033\343&B\347\232\024\302\306 \007e\\"
 154      1BE32642 
 154      E79A14C2 
 154      C6200765 
 154      5C
 155 0850 F3556123 		.ascii	"\363Ua#\327\002\035\\\251\224\013\033\343\322h\310\\"
 155      D7021D5C 
 155      A9940B1B 
 155      E3D268C8 
 155      5C
 156 0861 E994FB1A 		.ascii	"\351\224\373\032\2032\200k\201\326Y\250\027\325\327"
 156      8332806B 
 156      81D659A8 
 156      17D5D7
 157 0870 BDC2D795 		.ascii	"\275\302\327\2251\301\370z\007\235\346\353j\327\214"
 157      31C1F87A 
 157      079DE6EB 
 157      6AD78C
 158 087f BECE44A6 		.ascii	"\276\316D\246\371\001|\275\223r_g\321\220}\275\013\177"
 158      F9017CBD 
 158      93725F67 
 158      D1907DBD 
 158      0B7F
 159 0891 65DC74E6 		.ascii	"e\334t\346dg\030\367\365y\360\365n\252\370\272\332\025"
 159      646718F7 
 159      F579F0F5 
 159      6EAAF8BA 
 159      DA15
 160 08a3 8AAF9D34 		.ascii	"\212\257\2354\036\026\034\310\327\257\216\233q\010\233"
 160      1E161CC8 
 160      D7AF8E9B 
 160      71089B
 161 08b2 FB177D9D 		.ascii	"\373\027}\235M\315d\017\030\210\0257\015g\267N\217\036"
 161      4DCD640F 
 161      18881537 
 161      0D67B74E 
 161      8F1E
 162 08c4 6B218AAF 		.ascii	"k!\212\257\263\341\037\314s_\246\017i\233c/U\366\257"
 162      B3E11FCC 
 162      735FA60F 
 162      699B632F 
 162      55F6AF
 163 08d7 B026A72C 		.ascii	"\260&\247,\302\337\3279\224\373:\033\022s5\375\301\322"
 163      C2DFD739 
 163      94FB3A1B 
 163      127335FD 
ARM GAS  /var/folders/qd/4mxf5pkd0zdf0b9dd1hp39180000gn/T//ccVxHz8y.s 			page 13


 163      C1D2
 164 08e9 D95B8A06 		.ascii	"\331[\212\006\373\357[E\177\260eO\365\307\344\275\341"
 164      FBEF5B45 
 164      7FB0654F 
 164      F5C7E4BD 
 164      E1
 165 08fa 8670BFDF 		.ascii	"\206p\277\337\236Q.lL\332\007\015\022\256\012\033Y#"
 165      9E512E6C 
 165      4CDA070D 
 165      12AE0A1B 
 165      5923
 166 090c 8263C3C6 		.ascii	"\202c\303\306\335O\271\2601\316e\000\354\000\345\306"
 166      DD4FB9B0 
 166      31CE6500 
 166      EC00E5C6 
 167 091c C6A43C00 		.ascii	"\306\244<\000\213P\215\215`V\035`\007)76\306\345\033"
 167      8B508D8D 
 167      60561D60 
 167      07293736 
 167      C6E51B
 168 092f 002BA05C 		.ascii	"\000+\240\\\331\230\344\0060\253\252l\004\213\324\001"
 168      D998E406 
 168      30ABAA6C 
 168      048BD401 
 169 093f 76887265 		.ascii	"v\210rec\234\307\000\330a\312\235\215IG\000,Ru6\202"
 169      639CC700 
 169      D861CA9D 
 169      8D494700 
 169      2C527536 
 170 0954 45E9002B 		.ascii	"E\351\000+\244\334\331\030\3475\000\366)\345\322\306"
 170      A4DCD918 
 170      E73500F6 
 170      29E5D2C6 
 171 0964 A4CF002C 		.ascii	"\244\317\000,J\2256\202\331t\200\025Q.m\214+6\000v\224"
 171      4A953682 
 171      D9748015 
 171      512E6D8C 
 171      2B360076 
 172 0979 726B63D2 		.ascii	"rkc\3221\000\263\251\326F\260h\035`%\302\332\030w\334"
 172      3100B3A9 
 172      D646B068 
 172      1D6025C2 
 172      DA1877DC 
 173 098d 00D809A1 		.ascii	"\000\330\011\241mL\372\034\300\242\265\352B\313\250"
 173      6D4CFA1C 
 173      C0A2B5EA 
 173      42CBA8
 174 099c DA76C2D5 		.ascii	"\332v\302\325Sv\373\231\013\377\327\012\012+\213\011"
 174      5376FB99 
 174      0BFFD70A 
 174      0A2B8B09 
 175 09ac 28B75D92 		.ascii	"(\267]\222%isr\262]\371\263\365\023\373?\337\333b\337"
 175      25697372 
 175      B25DF9B3 
 175      F513FB3F 
 175      DFDB62DF 
 176 09c0 B6F5DFFF 		.ascii	"\266\365\337\377\371\304\376\327\277\375\371W)\366\267"
ARM GAS  /var/folders/qd/4mxf5pkd0zdf0b9dd1hp39180000gn/T//ccVxHz8y.s 			page 14


 176      F9C4FED7 
 176      BFFDF957 
 176      29F6B7
 177 09cf DFFEBDFD 		.ascii	"\337\376\275\375\017\177\371\343;\377M\261o{o\313\337"
 177      0F7FF9E3 
 177      3BFF4DB1 
 177      6F7B6FCB 
 177      DF
 178 09e0 B76CF930 		.ascii	"\267l\3710\371\003\311\374\301\326\177\375\343\343\217"
 178      F903C9FC 
 178      C1D67FFD 
 178      E3E38F
 179 09ef C23EDAF6 		.ascii	"\302>\332\366\361\326m\377\007y\251\370\201"
 179      F1D66DFF 
 179      0779A9F8 
 179      81
 180              		.text
 181              		.section	.gnu.lto__pal_lld_setgroupmode.4e0bdc1fcf2a0ace,"",%progbits
 182 0000 789CA557 		.ascii	"x\234\245W{P\224\327\025\277\347\273\337\356\367\355"
 182      7B5094D7 
 182      15BFE7BB 
 182      DFEEF7ED 
 183 0010 F232BE62 		.ascii	"\3622\276b\224(*\270\223AY\037d\306\372\007>\310L\332"
 183      94282AB8 
 183      9341591F 
 183      64C6FA07 
 183      3EC84CDA 
 184 0024 193BC9B4 		.ascii	"\031;\311\264\375\253\377\244\264:M[(\014\322L:\223"
 184      FDABFFA4 
 184      B43A4D5B 
 184      280CD24C 
 184      3A93
 185 0036 997E0A2E 		.ascii	"\231~\012.b\222jk\325\311\026;\244\301*\361I$UID\344"
 185      62926A6B 
 185      D5C9163B 
 185      A4C12AF1 
 185      49245549 
 186 004c 61842A46 		.ascii	"a\204*Fkc\026T4\3265\370DB\360\021\201\236s\356\267"
 186      6B631654 
 186      34D635F8 
 186      4442F011 
 186      819E73EE 
 187 0061 ECA3DB66 		.ascii	"\354\243\333f\030w\370\216w\317\376~\347\236\363;\367"
 187      1877F88E 
 187      77CFFE7E 
 187      E79EF33B 
 187      F7
 188 0072 7EF7EA14 		.ascii	"~\367\352\024BlJ\021\342u\374\267\014\037H\020\240m"
 188      426C4A11 
 188      E275FCB7 
 188      0C1F4810 
 188      A06D
 189 0084 EC1062B5 		.ascii	"\354\020b\265\251\201T\003\251\351\353<\302r\233d\023"
 189      A9815403 
 189      A9E9EB3C 
 189      C2729B64 
 189      13
ARM GAS  /var/folders/qd/4mxf5pkd0zdf0b9dd1hp39180000gn/T//ccVxHz8y.s 			page 15


 190 0095 75CDC1DF 		.ascii	"u\315\301\337\234\374\315\001\206\0029C\003\003L505"
 190      9CFCCD01 
 190      86023943 
 190      03034C35 
 190      3035
 191 00a7 F7850404 		.ascii	"\367\205\004\004\272\352\232\004\"]*\3341\323\015@\003"
 191      BAEA9A04 
 191      225D2ADC 
 191      31D30D40 
 191      03
 192 00b8 CB04F13B 		.ascii	"\313\004\361;M\352\016\247a\272\334\200Ca\177\336\222"
 192      4DEA0EA7 
 192      61BADC80 
 192      43617FDE 
 192      92
 193 00c9 7F92D054 		.ascii	"\177\222\320T\036<\254=\267\303\302O\343\326\001\267"
 193      1E3CAC3D 
 193      B7C3C24F 
 193      E3D601B7 
 194 00d9 CF5A3BA9 		.ascii	"\317Z;\251\022\021[l\024\034\200\347\020u\246l\177\245"
 194      12115B6C 
 194      141C80E7 
 194      1075A66C 
 194      7FA5
 195 00eb 7C53564A 		.ascii	"|SVJ\000\035\277\336;\345\277\232L_5H\303\257\315\035"
 195      001DBFDE 
 195      3BE5BF9A 
 195      4C5F3548 
 195      C3AFCD1D 
 196 00ff C387DC32 		.ascii	"\303\207\3342\033\004\216\007\217\017\004M\317v\313"
 196      1B048E07 
 196      8F0F044D 
 196      CF76CB
 197 010e 5A63353E 		.ascii	"Zc5>\256\226Vz\245\224\360w\220\030\020>\204T\250\203"
 197      AE96567A 
 197      A594F077 
 197      9018103E 
 197      8454A883 
 198 0122 54812E01 		.ascii	"T\201.\001\007\301\203\360\341\277\355\2570\345w\230"
 198      07C183F0 
 198      E1BFEDAF 
 198      30E57798 
 199 0132 7A7E47B9 		.ascii	"z~G\271\337mS\203\273\306n/\265\276[)u8\024K\326\005"
 199      DF6D5383 
 199      BBC66E2F 
 199      B5BE5B29 
 199      7538144B 
 200 0148 1C66F257 		.ascii	"\034f\362W\007\266oJ\2209L\276t\247\356\317!\362\235"
 200      07B66F4A 
 200      90394CBE 
 200      74A7EECF 
 200      21F29D
 201 015b 5D93AB99 		.ascii	"]\223\253\231\354\200\372X\262C\300G\340!\306[\253k"
 201      EC80FA58 
 201      B243C047 
 201      E021C65B 
 201      AB6B
ARM GAS  /var/folders/qd/4mxf5pkd0zdf0b9dd1hp39180000gn/T//ccVxHz8y.s 			page 16


 202 016d 2E4B99CB 		.ascii	".K\231\313\354+\275\275\207\334\031\357\251\251wOz\267"
 202      EC2BBDBD 
 202      87DC19EF 
 202      A9A9774F 
 202      7AB7
 203 017f D43A61E9 		.ascii	"\324:a\351\225\322\011\037G\363\351\203\360\232\341"
 203      95D2091F 
 203      47F3E983 
 203      F09AE1
 204 018e D37F34E5 		.ascii	"\323\1774\345\213L\375\375\206?T\245\330\324\316\331"
 204      8B4CFDFD 
 204      863F54A5 
 204      D8D4CED9 
 205 019e 7EABB12C 		.ascii	"~\253\261,\215\210\015q\211w7\265\236\322\344r&n\275"
 205      8D880D71 
 205      897737B5 
 205      9ED2E472 
 205      266EBD
 206 01b1 BDF35E82 		.ascii	"\275\363^\202M<\033&6\306%\006?/}\307)\177\300\304\316"
 206      4D3C1B26 
 206      36C62506 
 206      3F2F7DC7 
 206      297FC0C4 
 207 01c6 133BAF27 		.ascii	"\023;\257'\333\304\3660\261).q\343`\300r\312\0373\261"
 207      DBC4F630 
 207      B1292E71 
 207      E360C072 
 207      CA1F33B1 
 208 01da A33B5809 		.ascii	"\243;X\0116\261)Ll\211K|\373\356\203wu\231\307\304\232"
 208      36B1294C 
 208      6C894B7C 
 208      FBEE8377 
 208      7599C7C4 
 209 01ef 8DEBBF71 		.ascii	"\215\353\277q\331\304G\231#\304\343q\211_\324\016mN"
 209      D9C44799 
 209      23C4E371 
 209      895FD40E 
 209      6D4E
 210 0201 72EAF009 		.ascii	"r\352\360\011d@+>\315\370\034\303\347(>G C--8\001N\240"
 210      64402B3E 
 210      CDF81CC3 
 210      E7283E47 
 210      20432D2D 
 211 0219 265CA9DA 		.ascii	"&\\\251\332\341\222?\347Y*\033\266\237\323\354Y\206"
 211      E1923FE7 
 211      592A1BB6 
 211      9FD3EC59 
 211      86
 212 022a 768FAF1E 		.ascii	"v\217\257\036iB[\374\004onx\023\344/\231z\355\233\257"
 212      69425BFC 
 212      046F6E78 
 212      13E42F99 
 212      7AED9BAF 
 213 023e 3786FAD7 		.ascii	"7\206\372\327\377\236\264\252-\215\210\377\210K\334"
 213      FF9EB4AA 
 213      2D8D88FF 
 213      884BDC
ARM GAS  /var/folders/qd/4mxf5pkd0zdf0b9dd1hp39180000gn/T//ccVxHz8y.s 			page 17


 214 024d DC13ACD5 		.ascii	"\334\023\254\325e\001\0237\234\360]\0175\341\\\230x"
 214      65011337 
 214      9CF05D0F 
 214      35E15C98 
 214      78
 215 025e 2A2E71B0 		.ascii	"*.q\260\247v\227[\0261\361H{\177y(\331\226\277\216\020"
 215      A776975B 
 215      1631F148 
 215      7B7F7928 
 215      D996BF8E 
 216 0273 4FFF5F49 		.ascii	"O\377_I>E\011:\3609\211O;JA*\240\026gP\013!\334\377"
 216      3E45093A 
 216      F039894F 
 216      3B4A412A 
 216      A0166750 
 217 028b 4BB158DA 		.ascii	"K\261X\332\276\263\216Fkh\270\034\027zfW\377\360\330"
 217      BEB38E46 
 217      6B68B81C 
 217      177A6657 
 217      FFF0D8
 218 029e 1700D7B5 		.ascii	"\027\000\327\265\241\221\221dt2\0162N2\006\031\023\215"
 218      A1919164 
 218      74320E32 
 218      4E320619 
 218      138D
 219 02b0 E9A2919B 		.ascii	"\351\242\221\233L\002\231D2Id\222\311\244\220\031C\346"
 219      4C029944 
 219      32496492 
 219      C9A49019 
 219      43E6
 220 02c2 29028FA5 		.ascii	")\002\217\245\32182\343\311L 3\221\314\323\364\353$"
 220      D13832E3 
 220      C94C2033 
 220      91CCD3F4 
 220      EB24
 221 02d4 1A3D4366 		.ascii	"\032=Cf2\231)dh{\031\317\222\231Jf\032\23142\323\311"
 221      32992964 
 221      687B19CF 
 221      92994A66 
 221      1A993432 
 222 02ea CCE05D3B 		.ascii	"\314\340];SP\225\351\202\352\304\372\261\322Y\202j\365"
 222      535095E9 
 222      82EAC4FA 
 222      B1D25982 
 222      6AF5
 223 02fc 08AA3413 		.ascii	"\010\2524\023hs\316f\314\034\306d1\306\313\230\271\202"
 223      6873CE66 
 223      CC1CC664 
 223      31C6CB98 
 223      B982
 224 030e 14990714 		.ascii	"\024\231\007\024g\201 U\262\005\351\361<\320\313d\241"
 224      67812055 
 224      B205E9F1 
 224      3CD0CB64 
 224      A1
 225 031f 208D1609 		.ascii	" \215\026\011R)\207\347Z\314\021\226p\204\245\034a\031"
 225      522987E7 
ARM GAS  /var/folders/qd/4mxf5pkd0zdf0b9dd1hp39180000gn/T//ccVxHz8y.s 			page 18


 225      5ACC1196 
 225      7084A51C 
 225      6119
 226 0331 47CEE5B9 		.ascii	"G\316\345\271\204X\207\013\361B\202\325(*\244\206\203"
 226      8458870B 
 226      F14282D5 
 226      282AA486 
 226      83
 227 0342 D2467103 		.ascii	"\322Fq\003J\037\373\006\317\027Q_\374r\266_f\322\033"
 227      4A1FFB06 
 227      CF17515F 
 227      FC72B65F 
 227      66D21B
 228 0355 B26FFF8E 		.ascii	"\262o\377\216Dz\331\031 \341,65\010k\322x\375b,D\021"
 228      447AD919 
 228      20E12C36 
 228      35086BD2 
 228      78FD622C 
 229 036b ABCFF776 		.ascii	"\253\317\367v`\277T4P\264\326\341\373\215)D3A\203\177"
 229      60BF5434 
 229      50B4D6E1 
 229      FB8D2944 
 229      3341837F 
 230 037f 228D83B7 		.ascii	"\"\215\203\267\331\2409\210CP]\313'>S\305\0068\027\031"
 230      D9A03988 
 230      43505DCB 
 230      273E53C5 
 230      06381719 
 231 0393 BB9562CF 		.ascii	"\273\225b\317Q\261\267\005\352l\232\206\261avL\254,"
 231      51B1B705 
 231      EA6C9A86 
 231      B161764C 
 231      AC2C
 232 03a5 F44727D6 		.ascii	"\364G'\326L\344,E\336\023\330m\343\244J\254\255\272"
 232      4CE42C45 
 232      DE13D86D 
 232      E3A44AAC 
 232      ADBA
 233 03b7 FE71A24A 		.ascii	"\376q\242J\314\001\377\212M\314\213\270\350`\307(\230"
 233      CC01FF8A 
 233      4DCC8BB8 
 233      E860C728 
 233      98
 234 03c8 57053B12 		.ascii	"W\005;\022\270l\343t\025\254\177\375\332\373R\0053\340"
 234      B86CE374 
 234      15AC7FFD 
 234      DAFB5205 
 234      33E0
 235 03da B3D86073 		.ascii	"\263\330`s\021\207\240\275}\375{\235\252\312\0248\037"
 235      1187A0BD 
 235      7DFD7B9D 
 235      AACA1438 
 235      1F
 236 03eb 19FB28C5 		.ascii	"\031\373(\305\236K\337\253j'\262\007;\203\214-k\233"
 236      9E4BDFAB 
 236      6A27B207 
 236      3B838C2D 
ARM GAS  /var/folders/qd/4mxf5pkd0zdf0b9dd1hp39180000gn/T//ccVxHz8y.s 			page 19


 236      6B9B
 237 03fd 4E1BC4C0 		.ascii	"N\033\304\300\215\001\237\363F\252\300C\003\3173\354"
 237      8D019FF3 
 237      46AAC043 
 237      03CF33EC 
 238 040d 521034EE 		.ascii	"R\0204\356\240_z\324\2303\234\245\306\\z\206\032\263"
 238      A05F7AD4 
 238      98339CA5 
 238      C65C7A86 
 238      1AB3
 239 041f 86E96ACC 		.ascii	"\206\351j\314\275\232\251\306\2706\374r\206J\365v\340"
 239      BD9AA9C6 
 239      B836FC72 
 239      864AF576 
 239      E0
 240 0430 0D95AB03 		.ascii	"\015\225\253\003]\334\202kP\326\325\334\002\266\027"
 240      5DDC826B 
 240      50D6D5DC 
 240      02B617
 241 043f 93D977EB 		.ascii	"\223\331w\353\360\303$\225\276\200\200\332\325\0030"
 241      F0C32495 
 241      BE8080DA 
 241      D50330
 242 044e C32FE769 		.ascii	"\303/\347i\302/s\\\235\037\235\201\001\230\211KA{\264"
 242      C22F735C 
 242      9D1F9D81 
 242      0198894B 
 242      417BB4
 243 0461 EF0AB67F 		.ascii	"\357\012\266\177\231\313\1774\200\256t\354\240\346\377"
 243      99CB7F34 
 243      80AE74EC 
 243      A0E6FF
 244 0470 805C8B5D 		.ascii	"\200\\\213]\3577\240\207\332\242\275\377\001:\226\270"
 244      EF37A087 
 244      DAA2BDFF 
 244      013A96B8 
 245 0480 3A1B7AD0 		.ascii	":\033z\3203\013\265\325:\031\263\324\365\250\201h\036"
 245      330BB5D5 
 245      3A19B3D4 
 245      F5A88168 
 245      1E
 246 0491 AA58F31F 		.ascii	"\252X\363\037 _\256\253\376\3501\300\342u\261\316\023"
 246      205FAEAB 
 246      FEE831C0 
 246      E275B1CE 
 246      13
 247 04a2 5AA1DBBA 		.ascii	"Z\241\333\272\2524zi\370%\376y\"\273``\027:U\027\374"
 247      AA347A69 
 247      F825FE79 
 247      22BB6060 
 247      173A5517 
 248 04b7 BE804B81 		.ascii	"\276\200K\201\014\304E\236\341\006\350\320\245@\275"
 248      0CC4459E 
 248      E106E8D0 
 248      A540BD
 249 04c6 BE0A8702 		.ascii	"\276\012\207\002-\340n\031\2525\364B\372\224\222]\240"
 249      2DE06E19 
ARM GAS  /var/folders/qd/4mxf5pkd0zdf0b9dd1hp39180000gn/T//ccVxHz8y.s 			page 20


 249      AA35F442 
 249      FA94925D 
 249      A0
 250 04d7 407BBADE 		.ascii	"@{\272\336P(3\262\233&v\363\002\244\022\353\006\254"
 250      502833B2 
 250      9B2676F3 
 250      02A412EB 
 250      06AC
 251 04e9 E92BAF91 		.ascii	"\351+\257\221\012\224\215\270p\234v\212\223M\252\236"
 251      0A948DB8 
 251      709C768A 
 251      934DAA9E 
 252 04f9 6EEE9CA3 		.ascii	"n\356\234\243\020\224s[\373\326\235\211\252\305\006"
 252      1094735B 
 252      FBD69D89 
 252      AAC506
 253 0508 5CB4DF95 		.ascii	"\\\264\337\225\025x>\267\214\343:\233\352{.\\KVxW\344"
 253      15783EB7 
 253      8CE33A9B 
 253      EA7B2E5C 
 253      4B567857 
 254 051d 9290FCFE 		.ascii	"\222\220\374\376\375\270\351\324qg\025\374e5^\\\360"
 254      FDB8E9D4 
 254      716715FC 
 254      65355E5C 
 254      F0
 255 052e 3072F9E5 		.ascii	"0r\371\345\363p\211\242\340o\237\035\254?\230\344\335"
 255      F37089A2 
 255      E06F9F1D 
 255      AC3F98E4 
 255      DD
 256 053f 6395ADA6 		.ascii	"c\225\255\246\237\334\320\015U\260\231/4p\031h%\257"
 256      9FDCD00D 
 256      55B0992F 
 256      34701968 
 256      25AF
 257 0551 19F2B5D9 		.ascii	"\031\362\265\331\342\270)9V\265\306\366$\370)\232\233"
 257      E2B82939 
 257      56B5C6F6 
 257      24F8299A 
 257      9B
 258 0562 9C0F7CEF 		.ascii	"\234\017|\357$(g\"\373I\216\246s\353\333X\263\230$\252"
 258      24286722 
 258      FB498EA6 
 258      73EBDB58 
 258      B39824AA 
 259 0576 5E13DF92 		.ascii	"^\023\337\222\306\225p\032_\000\356\263D.\330\031Q\360"
 259      C695701A 
 259      5F00EEB3 
 259      442ED819 
 259      51F0
 260 0588 A550C149 		.ascii	"\245P\301I\243\254\360*\207\006\012\375\357\330\012"
 260      A3ACF02A 
 260      87060AFD 
 260      EFD80A
 261 0597 93FFABC2 		.ascii	"\223\377\253\302\024\234\000\375\321\025\216a\377\223"
 261      149C00FD 
ARM GAS  /var/folders/qd/4mxf5pkd0zdf0b9dd1hp39180000gn/T//ccVxHz8y.s 			page 21


 261      D1158E61 
 261      FF93
 262 05a5 55782D9C 		.ascii	"Ux-\234F\220*\034\303\025\032#K\267\3277\330\365\272"
 262      46902A1C 
 262      C3151A23 
 262      4BB7D737 
 262      D8F5BA
 263 05b8 9AEE29C8 		.ascii	"\232\356)\310L\245\015\034\265r\026\242?\274r:h\345"
 263      4CA50D1C 
 263      B57216A2 
 263      3FBC723A 
 263      68E5
 264 05ca 2C54CA7C 		.ascii	",T\312|\2716EA\306\216R\231\353\234\222F)}\031R\346"
 264      B9364541 
 264      C68E5299 
 264      EB9C9246 
 264      297D1952 
 265 05df A1ADC338 		.ascii	"\241\255\3038\025\036\225\011m\225\3618\001\372\225"
 265      151E9509 
 265      6D95F138 
 265      01FA95
 266 05ee 326DB632 		.ascii	"2m\2662\023\330\237\256\224\011\304U\346\327\337\246"
 266      13D89FAE 
 266      9409C455 
 266      E6D7DFA6 
 267 05fe 4C4F388D 		.ascii	"LO8\215\033\244\314\004\265E\267]<\004j\222\211jW\214"
 267      1BA4CC04 
 267      B545B75D 
 267      3C046A92 
 267      896A578C 
 268 0612 9C1A069E 		.ascii	"\234\032\006\236\0327C\233\264\307\326\347i|\367#4Z"
 268      1A37439B 
 268      B4C7D6E7 
 268      697CF723 
 268      345A
 269 0624 B445E80F 		.ascii	"\264E\350\017\213v\222D[\244D\273\021\022m\322(E\273"
 269      8B769244 
 269      5BA444BB 
 269      11126DD2 
 269      2845BB
 270 0637 C5D9F23D 		.ascii	"\305\331\362=\355vH\264\012[\215gTx\024\255\307\026"
 270      ED7648B4 
 270      0A5B8D67 
 270      547814AD 
 270      C716
 271 0649 6D324E80 		.ascii	"m2N\200~%Z\300\206Ma\177\306\023\211v'\234\306]\022"
 271      7E255AC0 
 271      864D617F 
 271      C6138976 
 271      279CC65D 
 272 065e 6D8A2AEB 		.ascii	"m\212*\353f\250\254\324Q\226\325\313\361t\212w\217\313"
 272      66A8ACD4 
 272      5196D5CB 
 272      F1748A77 
 272      8FCB
 273 0670 A2A3CA2E 		.ascii	"\242\243\312.\342Y\256,U\025q\330.b*\373g=Q\021}\341"
 273      E259AE2C 
ARM GAS  /var/folders/qd/4mxf5pkd0zdf0b9dd1hp39180000gn/T//ccVxHz8y.s 			page 22


 273      551571D8 
 273      2E622AFB 
 273      673D5111 
 274 0686 49BFA222 		.ascii	"I\277\242\"\246\252\"n\205\212\2306\312\"\3729\236\203"
 274      A6AA226E 
 274      858A9836 
 274      CA22FA39 
 274      9E83
 275 0698 E27D1D5B 		.ascii	"\342}\035[D\032\0271-\272\210\351\354\237\371DE\014"
 275      441A1731 
 275      2DBA88E9 
 275      EC9FF944 
 275      450C
 276 06aa 8427BD4F 		.ascii	"\204'\275OEL\347\215m\332\0072_\015n_|U\035\2319t\220"
 276      454CE78D 
 276      6DDA0732 
 276      5F0D6E5F 
 276      7C551D99 
 277 06c1 66461CF2 		.ascii	"fF\034\362|\334\346\320\011\320\331<\264w\256\215\212"
 277      7CDCE6D0 
 277      09D0D93C 
 277      B477AE8D 
 277      8A
 278 06d2 7CA5EB78 		.ascii	"|\245\353x\260>\0309\002\\\002\377'\033zal\353\266o"
 278      B03E1839 
 278      025C02FF 
 278      271B7A61 
 278      6CEBB66F 
 279 06e6 638B710B 		.ascii	"c\213q\013F\205\345\323}\261}@u\227(\324\022\\s|\333"
 279      4685E5D3 
 279      7DB17D40 
 279      759728D4 
 279      125C737C 
 280 06fb 8ABE0B2D 		.ascii	"\212\276\013-Q\260#\335\371\012\266\024\273\032\015"
 280      51B023DD 
 280      F90AB614 
 280      BB1A0D
 281 070a E33BC452 		.ascii	"\343;\304R\005k}E\241\226\241l\321(\276E,#\324\026\337"
 281      056B7D45 
 281      A196A16C 
 281      D128BE45 
 281      2C23D416 
 282 071f C5EE9F28 		.ascii	"\305\356\237(X\256\332\272\037\226\237\254u\253\003"
 282      58AEDABA 
 282      1F969FAC 
 282      75AB03
 283 072e 0DE06124 		.ascii	"\015\340a$\213\357*\271\\\233[]4\357\340\205\347\352"
 283      8BEF2AB9 
 283      5C9B5B5D 
 283      34EFE085 
 283      E7EA
 284 0740 5643DDFF 		.ascii	"VC\335\377\005]E\001\177\300\327\303\274\254,\257\372"
 284      055D4501 
 284      7FC0D7C3 
 284      BCAC2CAF 
 284      FA
 285 0751 2B5CE57D 		.ascii	"+\\\345}5/\337[TX\\\262\312\373\303\037}\177\301|\357"
ARM GAS  /var/folders/qd/4mxf5pkd0zdf0b9dd1hp39180000gn/T//ccVxHz8y.s 			page 23


 285      352FDF5B 
 285      54585CB2 
 285      CAFBC31F 
 285      7D7FC17C 
 286 0766 F2E52F78 		.ascii	"\362\345/x_|\371{/\2756\337[\224\227\377J~\376\212\254"
 286      5F7CF97B 
 286      2FBD36DF 
 286      5B9497FF 
 286      4A7EFE8A 
 287 077b 9F099D10 		.ascii	"\237\011\235\020zA\336\252_\351\005\205+V\312\237\376"
 287      7A41DEAA 
 287      5FE90585 
 287      2B56CA9F 
 287      FE
 288 078c A244CFCB 		.ascii	"\242D\317\313/)v\024\375\246hE\261Q\270\252h\345\312"
 288      2F297614 
 288      FDA66845 
 288      B151B8AA 
 288      68E5CA
 289 079f 15C5CEC2 		.ascii	"\025\305\316\302\222\337\026\255,v\020\244X+\310\326"
 289      92DF16AD 
 289      2C7610A4 
 289      582BC8D6 
 290 07af 0AE66B05 		.ascii	"\012\346k\005\363L\002\022\365?\377o\012\346"
 290      F34C0212 
 290      F53FFF6F 
 290      0AE6
 291              		.text
 292              		.section	.gnu.lto_.symbol_nodes.4e0bdc1fcf2a0ace,"",%progbits
 293 0000 789C6363 		.ascii	"x\234cc``P\003b\006\246V\246z\006\206\011\347\030\030"
 293      60605003 
 293      6206A656 
 293      A67A0686 
 293      09E71818 
 294 0014 80D4AE06 		.ascii	"\200\324\256\006G\240H\033S=#\212\010\003\000\264!\010"
 294      47A0481B 
 294      533D238A 
 294      080300B4 
 294      2108
 295 0026 EF       		.ascii	"\357"
 296              		.text
 297              		.section	.gnu.lto_.refs.4e0bdc1fcf2a0ace,"",%progbits
 298 0000 789C6363 		.ascii	"x\234cc```\004b\006\000\000D\000\010"
 298      60606004 
 298      62060000 
 298      440008
 299              		.text
 300              		.section	.gnu.lto_.decls.4e0bdc1fcf2a0ace,"",%progbits
 301 0000 789CCD59 		.ascii	"x\234\315Y}TT\307\025\177\363fw\331]\276<hS\3770=\326"
 301      7D5454C7 
 301      157FF366 
 301      77D95DBE 
 301      3C6853FF 
 302 0017 C3514E1B 		.ascii	"\303QN\033XA\233\244\347\244i\024\210\330\232\310YL"
 302      58419BA4 
 302      E7A46914 
 302      88D89AC8 
ARM GAS  /var/folders/qd/4mxf5pkd0zdf0b9dd1hp39180000gn/T//ccVxHz8y.s 			page 24


 302      594C
 303 0029 7BD2D364 		.ascii	"{\322\323dCaU\032\004\012kO\322\177\272\002\312\207"
 303      4361551A 
 303      040A6B4F 
 303      D27FBA02 
 303      CA87
 304 003b A27C1905 		.ascii	"\242|\031\005?\242\342\267\010\232\250\310\207\262\362"
 304      3FA2E2B7 
 304      089AA8C8 
 304      87B2F2
 305 004a E507A288 		.ascii	"\345\007\242\210\212\202 \210\202(\012\010\212\202("
 305      8A822088 
 305      82280A08 
 305      8A8228
 306 0059 BDF3E62D 		.ascii	"\275\363\346-ox\273\333&\247\177\264{\274\314\2733\277"
 306      6F78BBDB 
 306      26A77FB4 
 306      7BBCCCBB 
 306      33BF
 307 006b B9F7CE9D 		.ascii	"\271\367\316\235\373\346\336y\2528\216\323\277\311q"
 307      FBE6DE79 
 307      AA388ED3 
 307      BFC971
 308 007a B3141CF7 		.ascii	"\263\024\034\367\005\342\2701\370a\350;\003\004]\\\037"
 308      05E2B831 
 308      F861E83B 
 308      03045D5C 
 308      1F
 309 008b D02FA0FF 		.ascii	"\320/\240\377- \035\020\371\361@o\303\363{\"\317\376"
 309      2D201D10 
 309      F9F1406F 
 309      C3F37B22 
 309      CFFE
 310 009d 56C0A03B 		.ascii	"V\300\240;\264_\000y\000M\021e\314\002J\005|2\320 <"
 310      B45F0079 
 310      004D1165 
 310      CC024A05 
 310      7C32D020 
 311 00b2 AF83B617 		.ascii	"\257\203\266\027\3324hg\001\255\005Z\0174\023\350\015"
 311      DA346867 
 311      01AD055A 
 311      0F3413E8 
 311      0D
 312 00c3 E88F87F6 		.ascii	"\350\217\207\366\037@\017\340\271\021\350\247\360|\005"
 312      1F400FE0 
 312      B911E8A7 
 312      F07C05
 313 00d2 DA19D05E 		.ascii	"\332\031\320^\205\366Mh/C;\025\332\353\320\376\014\332"
 313      85F64D68 
 313      2F433B15 
 313      DAEBD0FE 
 313      0CDA
 314 00e4 4BD0FE1C 		.ascii	"K\320\376\034\332\006h\247C{\027\332\207@\235@\367\201"
 314      DA0668A7 
 314      437B17DA 
 314      87409D40 
 314      F781
ARM GAS  /var/folders/qd/4mxf5pkd0zdf0b9dd1hp39180000gn/T//ccVxHz8y.s 			page 25


 315 00f6 EE31B667 		.ascii	"\3561\266g\331\261\375k\030t\226\331\316\256\275Z\\"
 315      D9B1FD6B 
 315      187496D9 
 315      CEAEBD5A 
 315      5C
 316 0107 C79F386A 		.ascii	"\307\2378j'Y\207J\324M\364\022\033\211}\3046\242\237"
 316      2759874A 
 316      D44DF412 
 316      1B897DC4 
 316      36A29F
 317 011a A8B0E7A3 		.ascii	"\250\260\347\243l\214\256$\036\331\212\327b\344\241"
 317      6C8CAE24 
 317      1ED98AD7 
 317      62E4A1
 318 0129 450A609F 		.ascii	"E\012`\237\324\345\336u\003v\212\026M\0076\277\356l"
 318      D4E5DE75 
 318      03768A16 
 318      4D0736BF 
 318      EE6C
 319 013b 8B389A8C 		.ascii	"\2138\232\214\200?y\352\261\037e\247\001W\322\372\304"
 319      803F79EA 
 319      B11F65A7 
 319      0157D2FA 
 319      C4
 320 014c E24CC1ED 		.ascii	"\342L\301\355dt\354AS\236\206\016\367\023\331\251\307"
 320      6474EC41 
 320      539E860E 
 320      F713D9A9 
 320      C7
 321 015d B3F2DC31 		.ascii	"\263\362\3341\217\310sobg\2733\035\233\012lC\377\305"
 321      8FC8736F 
 321      6267BB33 
 321      1D9B0A6C 
 321      43FFC5
 322 0170 6D223B09 		.ascii	"m\";\011\330\226\2245\333UX# [\317\0358Dt\316\322\""
 322      D8969435 
 322      DB555823 
 322      205BCF1D 
 322      384474CE 
 323 0186 1203EED0 		.ascii	"\022\003\356\320U\370\250x\330\225v\021\304\365\332"
 323      55F8A878 
 323      D8957611 
 323      C4F5DA
 324 0195 6DCD5AEC 		.ascii	"m\315Z\354&<\327\227\367[\234}\362\315\364\247\376'"
 324      263CD797 
 324      F75B9C7D 
 324      F2CDF4A7 
 324      FE27
 325 01a7 87CA11B6 		.ascii	"\207\312\021\266.\256a\303\300n'\034D\200|[\323\313"
 325      2EAE61C3 
 325      C06E271C 
 325      44807C5B 
 325      D3CB
 326 01b9 1637A4F5 		.ascii	"\0267\244\365J6\233\343\315;\022\314\232 \016\035C\323"
 326      4A369BE3 
 326      CD3B12CC 
 326      9A200E1D 
ARM GAS  /var/folders/qd/4mxf5pkd0zdf0b9dd1hp39180000gn/T//ccVxHz8y.s 			page 26


 326      43D3
 327 01cb D0F7681A 		.ascii	"\320\367h\032\207*\221\027\021nA>\034:\015\235\247\240"
 327      872A9117 
 327      116E413E 
 327      1C3A0D9D 
 327      A7A0
 328 01dd 732F1168 		.ascii	"s/\021hi\313}?g\300l\236\216*\220\026\235AX\300\200"
 328      69CB7D3F 
 328      67C06C9E 
 328      8E2A9016 
 328      9D4158C0 
 329 01f2 476769A9 		.ascii	"Ggi\251\212\003\2733v\251\360}$\350(\335\322Y\315;\322"
 329      8A03BB33 
 329      76A9F07D 
 329      24E828DD 
 329      D259CD3B 
 330 0207 51E350C7 		.ascii	"Q\343P\307\331\3233jV\233\315<\252\006\035U\222\016"
 330      D9D3336A 
 330      569BCD3C 
 330      AA061D55 
 330      920E
 331 0219 50499574 		.ascii	"PI\225t\224\264\254\342\3610\365dn\351\323\013J\352"
 331      94B4ACE2 
 331      F130F564 
 331      6EE9D30B 
 331      4AEA
 332 022b 3A35B07D 		.ascii	":5\260}Y\325u<~E\307\272n&\344\250p\002\026\230\364"
 332      59D5753C 
 332      7E45C7BA 
 332      6E26E4A8 
 332      70021698 
 333 0240 574D6615 		.ascii	"WMf\025\361$a\322\372^\354T\340L\3124%<ot\305\233\005"
 333      F12461D2 
 333      FA5EEC54 
 333      E04CCA34 
 333      253C6F74 
 334 0257 46137F73 		.ascii	"F\023\177s\250R\211<='{zzzyz\356\"\266[\372z\336+\036"
 334      A852893C 
 334      3D277B7A 
 334      7A7A797A 
 334      EE22B65B 
 335 0270 E8369B33 		.ascii	"\3506\2333]\004\243\352\300\250z4YZL\011\374\341\220"
 335      5D04A3EA 
 335      C0A87A34 
 335      595A4C09 
 335      FCE190
 336 0283 2FFCE1E8 		.ascii	"/\374\341\350\204\346_\347\232-\211X@\237\225\243K%"
 336      84E65FE7 
 336      9A2D8958 
 336      409F95A3 
 336      4B25
 337 0295 74065971 		.ascii	"t\006Yq:\020Rp\250\010\000'\2041\002\207U\243k\340\244"
 337      3A105270 
 337      A8080027 
 337      84310287 
 337      55A36BE0 
 338 02aa 06E4891A 		.ascii	"\006\344\211\032\201\256\000]\005\272\014t\035\350\022"
ARM GAS  /var/folders/qd/4mxf5pkd0zdf0b9dd1hp39180000gn/T//ccVxHz8y.s 			page 27


 338      81AE005D 
 338      05BA0C74 
 338      1DE812
 339 02b9 F2143696 		.ascii	"\362\0246\226*\034yWRxA\256\360\234\215y\014\372\242"
 339      2A1C7957 
 339      527841AE 
 339      F09C8D79 
 339      0CFAA2
 340 02cc 1CAD9381 		.ascii	"\034\255\223\201/0k9o_\3641\362W\334\276K'=V\301z\010"
 340      2F306B39 
 340      6F5FF431 
 340      F257DCBE 
 340      4B273D56 
 341 02e3 8C13B74E 		.ascii	"\214\023\267N2\263\267\330#/\301|n\266 \254\314\276"
 341      32B3B7D8 
 341      232FC17C 
 341      6EB620AC 
 341      CCBE
 342 02f5 63A8308A 		.ascii	"c\2500\212\177\310\030Zk\327P\212\206],\177\235X\257"
 342      7FC8185A 
 342      6BD7508A 
 342      865D2C7F 
 342      9D58AF
 343 0308 C297855D 		.ascii	"\302\227\205]\344\017\226\265\364(\321d/\273\376EM\340"
 343      E40F96B5 
 343      F428D164 
 343      2FBBFE45 
 343      4DE0
 344 031a D61FE362 		.ascii	"\326\037\343b\272\260\232\022\025\274R\350&L\274!E%"
 344      BAB09A12 
 344      15BC52E8 
 344      264CBC21 
 344      4525
 345 032c 59A6A0FF 		.ascii	"Y\246\240\377j\327\316D\027\032\210\365\204_\277\341"
 345      6AD7CE44 
 345      171A88F5 
 345      845FBFE1 
 346 033c FBA35ADC 		.ascii	"\373\243Z\334ACl\177\327\326\365\342\340\273\300\036"
 346      41436C7F 
 346      D7D6F5E2 
 346      E0BBC01E 
 347 034c AF3B795B 		.ascii	"\257;y[\211\037\320\261\226\201\306$g\334O\231\302\321"
 347      891FD0B1 
 347      9681C624 
 347      67DC4F99 
 347      C2D1
 348 035e EC7D2AFC 		.ascii	"\354}*\374\2342\203\373\277\333\256\246\263\366\223"
 348      9C3283FB 
 348      BFDBAEA6 
 348      B3F693
 349 036d 13655B92 		.ascii	"\023e[\222\345\230x\302X\264\300\257]\275!\305\011\277"
 349      E59878C2 
 349      58B4C0AF 
 349      5DBD21C5 
 349      09BF
 350 037f 16C0EAC2 		.ascii	"\026\300\352\302\033\211Uj\010\\\210\\\032\267\304\344"
 350      1B89556A 
ARM GAS  /var/folders/qd/4mxf5pkd0zdf0b9dd1hp39180000gn/T//ccVxHz8y.s 			page 28


 350      085C885C 
 350      1AB7C4E4 
 351 038f 328F2C33 		.ascii	"2\217,3q71\3726\030\335\005\355\270\033J&\272\033\360"
 351      713731FA 
 351      3618DD05 
 351      EDB81B4A 
 351      26BA1BF0 
 352 03a3 15BF5D25 		.ascii	"\025\277]%\270\233\300;\344\360\343\266\360\337H\360"
 352      B89BC03B 
 352      E4F0E3B6 
 352      F0DF48F0 
 353 03b3 5B727833 		.ascii	"[rx3\003\237\260\015w\000\321.\014v\211{\320\015{\360"
 353      039FB00D 
 353      7700D12E 
 353      0C76897B 
 353      D00D7BF0 
 354 03c7 00FC7D17 		.ascii	"\000\374}\027\350!P'\320}\240{R\210\203\266\016F[\261"
 354      E8215027 
 354      D07DA07B 
 354      528883B6 
 354      0E465BB1 
 355 03db 5CDB4929 		.ascii	"\\\333I)\304\3050,\245a\330e\023\2060\330U\312\370\245"
 355      C4C5302C 
 355      A561D865 
 355      138630D8 
 355      55CAF8A5 
 356 03ef 4D2E6BC2 		.ascii	"M.k\302\013@\024\277')n\225\203[$\305\260#g\206\037"
 356      0B4014BF 
 356      27296E95 
 356      835B24C5 
 356      B0236786 
 357 0404 AD76C7AB 		.ascii	"\255v\307\253\025B\020\336\252\255\252v\226\007\241"
 357      154210DE 
 357      AAADAA76 
 357      9607A1
 358 0413 75F5E831 		.ascii	"u\365\3501,\372\207:\200.i\250\\\010\300G0\251G\012"
 358      2CFA873A 
 358      802E69A8 
 358      5C08C047 
 358      30A9470A 
 359 0427 C02E6B00 		.ascii	"\300.k\000nIx\324\354:YT\226\354P\031\367o5\0219\271"
 359      6E4978D4 
 359      EC3A5954 
 359      96EC5019 
 359      F76F3511 
 360 043d 9BA6BBA4 		.ascii	"\233\246\273\244\216\237\331\250\227y\3478\324\207\\"
 360      8E9FD9A8 
 360      9779E738 
 360      D4875C
 361 044c 088EB404 		.ascii	"\010\216\264\004;\330\372@\314q^L\276\364\240\371\362"
 361      3BD8FA40 
 361      CC715E4C 
 361      BEF4A0F9 
 361      F2
 362 045d C5CE7B99 		.ascii	"\305\316{\231<\336 x\003mn8\032\250\205T\220\360\203"
 362      3CDE2078 
 362      036D6E38 
ARM GAS  /var/folders/qd/4mxf5pkd0zdf0b9dd1hp39180000gn/T//ccVxHz8y.s 			page 29


 362      1AA88554 
 362      90F083
 363 0470 52014C38 		.ascii	"R\001L82\226\335\356\212\263\351\354\303/\332N(q\016"
 363      3296DDEE 
 363      8AB3E9EC 
 363      C32FDA4E 
 363      28710E
 364 0483 65D2B22B 		.ascii	"e\322\262+*\024x;e\362r2\222\2248\2172\0072\323\217"
 364      2A14783B 
 364      65F27232 
 364      9294388F 
 364      320732D3 
 365 0498 68F11ECA 		.ascii	"h\361\036\312X\263\352\024\232U\253\307\236[\334\251"
 365      58B3EA14 
 365      9A55ABC7 
 365      9E5BDCA9 
 366 04a8 713CB1E7 		.ascii	"q<\261\347\340\215\021\015\336G\241{F^\366\223\3340"
 366      E08D110D 
 366      DE47A17B 
 366      465EF693 
 366      DC30
 367 04ba 936459CC 		.ascii	"\223dY\314\344\330\2314\307\226\327\236\337\353\202"
 367      E4D89934 
 367      C796D79E 
 367      DFEB82
 368 04c9 0FD37D2D 		.ascii	"\017\323}-\310\035\035u\267\346\265\364\004\263\322"
 368      C81D1D75 
 368      B7E6B5F4 
 368      04B3D2
 369 04d8 8B43C360 		.ascii	"\213C\303`\367\010Y\214\231\367\"\223\204\305\274\202"
 369      F708598C 
 369      99F72293 
 369      84C5BC82 
 370 04e8 CE512677 		.ascii	"\316Q&w\316\334\224D\362\332\030\034f\257\245\015\234"
 370      CEDC9444 
 370      F2DA181C 
 370      66AFA50D 
 370      9C
 371 04f9 29A6B5D3 		.ascii	")\246\265\323\031\267\272\264\370$\325\021_\277q\320"
 371      19B7BAB4 
 371      F824D511 
 371      5FBF71D0 
 372 0509 A18E0487 		.ascii	"\241\216\004\207:\316\236\366\253\022rg<\257E\220$\255"
 372      3ACE9EF6 
 372      AB127267 
 372      3CAF4590 
 372      24AD
 373 051b 3AC6ACB9 		.ascii	":\306\254\2713\376\305\25625>#(Q\014\355?\336\350\206"
 373      33FEC5AE 
 373      32353E23 
 373      28510CED 
 373      3FDEE886 
 374 052f 20D33121 		.ascii	" \3231!\312s\314f\257\346i|&\203\3025\274'J\342\331"
 374      CA73CC66 
 374      AFE6697C 
 374      2683C235 
 374      BC274AE2 
ARM GAS  /var/folders/qd/4mxf5pkd0zdf0b9dd1hp39180000gn/T//ccVxHz8y.s 			page 30


 375 0544 9CD3D733 		.ascii	"\234\323\3273\273`\340\236\331\234\352\"\250K\004ud"
 375      BB60E09E 
 375      D99CEA22 
 375      A84B0475 
 375      64
 376 0555 C2B899F2 		.ascii	"\302\270\231\362D\362\320'\307l\211\307\002\370%\262"
 376      44F2D027 
 376      C76C89C7 
 376      02F825B2 
 377 0565 071E66F2 		.ascii	"\007\036f\362\310\355\002-\211v\000\261\357/X}\266\242"
 377      C8ED022D 
 377      897600B1 
 377      EF2F587D 
 377      B6A2
 378 0577 E798160E 		.ascii	"\347\230\026\016\272)^Tlc\001\223S\236\203\334\265\374"
 378      BA295E54 
 378      6C630193 
 378      539E83DC 
 378      B5FC
 379 0589 1407D98C 		.ascii	"\024\007\331\214\274D\005n\253\004+\210\366\027\216"
 379      BC44056E 
 379      AB042B88 
 379      F6178E
 380 0598 D199040D 		.ascii	"\321\231\004\015\221*\274G\222G\010\232xd\035x$\005"
 380      912ABC47 
 380      9247089A 
 380      78641D78 
 380      2405
 381 05aa 3C92CAB3 		.ascii	"<\222\312\263o\350\245\202\251\302\241\003\250\211F"
 381      6FE8A582 
 381      A9C2A103 
 381      A88946
 382 05b9 A3BA92CC 		.ascii	"\243\272\222\314c\232) t\225c\241\334\004\2110)\261"
 382      639A2920 
 382      749563A1 
 382      DC048930 
 382      29B1
 383 05cb F2FA7117 		.ascii	"\362\372q\027\\MC\264\263\2660^\215\317Sf{]A\255\022"
 383      5C4D43B4 
 383      B3B6305E 
 383      8DCF5366 
 383      7B5D41AD 
 384 05e0 D751A6F4 		.ascii	"\327Q\246\364PA\003\217\257R&\277\270\177-\302\267("
 384      5041038F 
 384      AF5226BF 
 384      B87F2DC2 
 384      B728
 385 05f2 F324A9D0 		.ascii	"\363$\251\320\204;\350s\342\266\364\313<\015\377\267"
 385      843BE873 
 385      E2B6F4CB 
 385      3C0DFFB7 
 386 0602 80FD2665 		.ascii	"\200\375&ek\273B\254V\311\353\360]\343\376R5\356\026"
 386      6BBB42AC 
 386      56C9EBF0 
 386      5DE3FE52 
 386      35EE16
 387 0615 B0AEC375 		.ascii	"\260\256\303u\367z\334\305\"H(\203HBIL\200\203\363\260"
ARM GAS  /var/folders/qd/4mxf5pkd0zdf0b9dd1hp39180000gn/T//ccVxHz8y.s 			page 31


 387      F77ADCC5 
 387      22482883 
 387      4842494C 
 387      8083F3B0 
 388 0629 E8EB41F0 		.ascii	"\350\353A\3605\274\333(\207\267\237\220)\274\302\207"
 388      35BCDB28 
 388      87B79F90 
 388      29BCC287 
 389 0639 A66F825E 		.ascii	"\246o\202^/G\227:J\020\033\371i(\233'\2039b\374}\013"
 389      2F47973A 
 389      4A101BF9 
 389      69289B27 
 389      833962FC 
 390 064f DEDE01BE 		.ascii	"\336\336\001\276\331\004\264\013h\033\320\026\240\315"
 390      D904B40B 
 390      681BD016 
 390      A0CD
 391 065d 4079405B 		.ascii	"@y@[\201\266\003\355\004\312\035\217QbA\263N\262\340"
 391      81B603ED 
 391      04CA1D8F 
 391      516241B3 
 391      4EB2E0
 392 0670 1BB905FD 		.ascii	"\033\271\005\375l]D\320#\336\022z\203}{\031t\005#\373"
 392      6C5D44D0 
 392      23DE127A 
 392      837D7B19 
 392      740523FB 
 393 0684 1992A127 		.ascii	"\031\222\241'&W\002\037`\204\247\313\205\237\263\201"
 393      2657021F 
 393      6084A7CB 
 393      859FB381 
 394 0694 5F60A43F 		.ascii	"_`\244?\225K\177b\223\356\016\323t\227\303\313\322\035"
 394      954B7F62 
 394      93EE0ED3 
 394      7497C3CB 
 394      D21D
 395 06a6 11759BDD 		.ascii	"\021u\233\335\265,\273\273\306,\253\201Q<`_1k\347Cf"
 395      B52CBBBB 
 395      C62CAB81 
 395      513C605F 
 395      316BE743 
 396 06bb 5919F697 		.ascii	"Y\031\366\227e\025\016/\336\353\002-\205\247A\314\017"
 396      65150E2F 
 396      DEEB022D 
 396      85A741CC 
 396      0F
 397 06cc D9779A35 		.ascii	"\331w\2325\231Z\352^\034S\342G\364@<U\2260\027yM\246"
 397      995AEA5E 
 397      1C53E247 
 397      F4403C55 
 397      96301779 
 398 06e2 ABED2A14 		.ascii	"\253\355*\0242\341^\230\273[:\344\310\332\035\204\022"
 398      32E15E98 
 398      BB5B3AE4 
 398      C8DA1D84 
 398      12
 399 06f3 DA0311F4 		.ascii	"\332\003\021\364\337D\023\230\263\357\342\313{Z61\356"
ARM GAS  /var/folders/qd/4mxf5pkd0zdf0b9dd1hp39180000gn/T//ccVxHz8y.s 			page 32


 399      DF441398 
 399      B3EFE2CB 
 399      7B5A3631 
 399      EE
 400 0704 E5D9C4B8 		.ascii	"\345\331\304\270\217w\021\015\001lQ\312\346\373\256"
 400      8F77110D 
 400      016C51CA 
 400      E6FBAE
 401 0713 78989A9E 		.ascii	"x\230\232\236{v\373\016\015\362r\021\317\265\332I\344"
 401      7B76FB0E 
 401      0DF27211 
 401      CFB5DA49 
 401      E4
 402 0724 00400701 		.ascii	"\000@\007\001\277_2\036\246C\343@::\000&K\012\310\\"
 402      BF5F321E 
 402      A643E340 
 402      3A3A0026 
 402      4B0AC85C 
 403 0738 F246570D 		.ascii	"\362FW\015e\270\342D\245\240\244k8\361\230\263\243\313"
 403      65B8E244 
 403      A5A0A46B 
 403      38F198B3 
 403      A3CB
 404 074a D661DED1 		.ascii	"\326a\336\321ek\350\374\224xbM>\234\311\207$k\252\205"
 404      656BE8FC 
 404      9478624D 
 404      3E9CC987 
 404      246BAA85 
 405 075e 7C417A41 		.ascii	"|AzA\317\301\272\003\243\012\234A\365\014U\335\317S"
 405      CFC1BA03 
 405      A30A9C41 
 405      F50C55DD 
 405      CF53
 406 0770 3BD273C4 		.ascii	";\322s\304\241\236\346\337\221\015+\004-\0056Z\012\005"
 406      A19EE6DF 
 406      910D2B04 
 406      2D05365A 
 406      0A05
 407 0782 2D25674E 		.ascii	"-%gN\225;\267A\201\005\267}4Ip:B\364/\264\204\004~\314"
 407      953BB741 
 407      8105B77D 
 407      3449703A 
 407      42F42FB4 
 408 079a FA43B41F 		.ascii	"\372C\264\037zy\332\210P\302X\247\240\361\036^\224\301"
 408      7A79DA88 
 408      50C258A7 
 408      A0F11E5E 
 408      94C1
 409 07ac 5BE50AFF 		.ascii	"[\345\012\377D\001\210\225J\307\251:\353\217\243xj\217"
 409      44018895 
 409      4AC7A93A 
 409      EB8FA378 
 409      6A8F
 410 07be 348F76F1 		.ascii	"4\217v\361\2222f\212\215\255\334\370\360\270Q\322\""
 410      9232668A 
 410      8DADDCF8 
 410      F0B851D2 
ARM GAS  /var/folders/qd/4mxf5pkd0zdf0b9dd1hp39180000gn/T//ccVxHz8y.s 			page 33


 410      22
 411 07cf 91       		.ascii	"\221"
 412 07d0 1863D71F 		.ascii	"\030c\327\037\255+pi\207R\235C\237r\\\272z\205pt\037"
 412      AD2B7069 
 412      87529D43 
 412      9F725CBA 
 412      7A857074 
 413 07e5 CCCFE9D4 		.ascii	"\314\317\351\324\340\\a\003Pq\341\303\315\356\012\236"
 413      E05C6103 
 413      5071E1C3 
 413      CDEE0A9E 
 414 07f5 9660284A 		.ascii	"\226`(JA\372\2666\247\235\306S\277\021\"?\301<\211G"
 414      41FAB636 
 414      A79DC653 
 414      BF11223F 
 414      C13C8947 
 415 0809 5FBC319E 		.ascii	"_\2741\236Y\241p\347\247\222w\226WP\035y\247\033\303"
 415      59A170E7 
 415      A7927796 
 415      57501D79 
 415      A71BC3
 416 081c 66EC30EF 		.ascii	"f\3540\357h\207r\3410.\253|`6k\025\004\204\276\227\266"
 416      688772E1 
 416      302EAB7C 
 416      60366B15 
 416      0484BE97 
 417 0831 061EE1EF 		.ascii	"\006\036\341\357w|;BG\37160\347\004?\003\346>\336\223"
 417      777C3B42 
 417      47F93630 
 417      E7043F03 
 417      E63EDE93 
 418 0845 90E58E9B 		.ascii	"\220\345\216\233\251%E\347\312\223\265\202%d_\251%c"
 418      A92545E7 
 418      CA93B582 
 418      25645FA9 
 418      2563
 419 0857 39EBF354 		.ascii	"9\353\363TB\037\211\250\223\274\320Y\333YS\253\021:"
 419      421F89A8 
 419      93BCD059 
 419      DB5953AB 
 419      113A
 420 0869 49D017D3 		.ascii	"I\320\027\323\316k\007\237\276\357\320\344R\301\344"
 420      CE6B079F 
 420      BEEFD0E4 
 420      52C1E4
 421 0878 12ABC98F 		.ascii	"\022\253\311\217\212k\343D\223\233\177\011\347\007\204"
 421      8A6BE344 
 421      939B7F09 
 421      E70784
 422 0887 2CD43800 		.ascii	",\3248\000BE\222\311Er\223\313\004\223Ot\235\257\321"
 422      424592C9 
 422      457293CB 
 422      04934F74 
 422      9DAFD1
 423 089a D2BC6726 		.ascii	"\322\274g&\227(K\315\272\307\010\367\323%$\337I\272"
 423      97284BCD 
 423      BAC708F7 
ARM GAS  /var/folders/qd/4mxf5pkd0zdf0b9dd1hp39180000gn/T//ccVxHz8y.s 			page 34


 423      D32524DF 
 423      49BA
 424 08ac 2A0EBE10 		.ascii	"*\016\276\020\226\324{\250\310U\274a\011\313\251x~\323"
 424      96D47BA8 
 424      C855BC61 
 424      09CBA978 
 424      7ED3
 425 08be 150F5170 		.ascii	"\025\017QpF\377@\226\212\224\260f\361\025\205Y\322\373"
 425      46FF4096 
 425      8A94B066 
 425      F1158559 
 425      D2FB
 426 08d0 5FC14330 		.ascii	"_\301C0\303a\212f\013\325k\321\361\274>\265G\272x\030"
 426      C3618A66 
 426      0BD56BD1 
 426      F1BC3EB5 
 426      47BA7818 
 427 08e4 7DA010AA 		.ascii	"}\240\020\252\023\013\034G\364H\254\344=\254s\010zS"
 427      130B1C47 
 427      F448ACE4 
 427      3DAC7308 
 427      7A53
 428 08f6 7147BF1B 		.ascii	"qG\277\0336\253\250\236\312g\203\3168\2212-\273\262"
 428      36ABA89E 
 428      CA6783CE 
 428      3891322D 
 428      BBB2
 429 0908 F728A885 		.ascii	"\367(\250\205\335\204\3376:\232\250\300)t0\276\264)"
 429      DD84DF36 
 429      3A9AA8C0 
 429      297430BE 
 429      B429
 430 091a 432C69DB 		.ascii	"C,i\333\205\2127>k\267\012g\321\301\227\275\373\372"
 430      858A373E 
 430      6BB70A67 
 430      D1C197BD 
 430      FBFA
 431 092c 55781B65 		.ascii	"Ux\033e\212\356l,\027\013\365\233\204\257\034\334\372"
 431      8AEE6C2C 
 431      170BF59B 
 431      84AF1CDC 
 431      FA
 432 093d C405EFA3 		.ascii	"\304\005\357\243\203\253w_[\347\204\217Rf\360VZ\215"
 432      83AB775F 
 432      5BE7848F 
 432      5266F056 
 432      5A8D
 433 094f 0B2EA54C 		.ascii	"\013.\245L\325\271\273W\325\270\2322k\253\217\327\210"
 433      D5B9BB57 
 433      D5B89A32 
 433      6BAB8FD7 
 433      88
 434 0960 9FBFCE11 		.ascii	"\237\277\316\021~U\367\221$\214/\213\012D\317y\210\236"
 434      7E55F791 
 434      248C2F8B 
 434      0A44CF79 
 434      889E
ARM GAS  /var/folders/qd/4mxf5pkd0zdf0b9dd1hp39180000gn/T//ccVxHz8y.s 			page 35


 435 0972 7B525F99 		.ascii	"{R_\231\252\301Mt\260.%s#\217\357PflK\3776\027\374\200"
 435      AAC14D74 
 435      B02E2573 
 435      238FEF50 
 435      666C4BFF 
 436 098a 326579AB 		.ascii	"2ey\253\017\250\361 eJ\213\312j\304o9\263\311\371v)"
 436      0FA8F120 
 436      654A8BCA 
 436      6AC46F39 
 436      B3C9F976 
 437 099f ADC505BF 		.ascii	"\255\305\005\277\244c\005\335I\026'\234\340Dg\325\015"
 437      A46305DD 
 437      4916279C 
 437      E04467D5 
 437      0D
 438 09b0 E7BBE1B5 		.ascii	"\347\273\341\265\"s\353\270\016o\244\317;\273\213!>"
 438      2273EBB8 
 438      0E6FA4CF 
 438      3BBB8B21 
 438      3E
 439 09c1 B753E64E 		.ascii	"\267S\346N\353\375T7\274\2172k\3127\236\322\340\243"
 439      EBFD5437 
 439      BC8F326B 
 439      CA379ED2 
 439      E0A3
 440 09d3 94A96A87 		.ascii	"\224\251j\207\313p\011}\356I\2654\361\270\2222\007\212"
 440      CB70097D 
 440      EE49B534 
 440      F1B89232 
 440      078A
 441 09e5 D3EE28F1 		.ascii	"\323\356(\361E\312\334-J\034R\340z\312\034\032\335^"
 441      45CADC2D 
 441      4A1C52E0 
 441      7ACA1C1A 
 441      DD5E
 442 09f7 AFC1D729 		.ascii	"\257\301\327)S_\322\336\351\206[)\223\277\277\265\313"
 442      535FD2DE 
 442      E9865B29 
 442      93BFBFB5 
 442      CB
 443 0a08 498C19F2 		.ascii	"I\214\031\362\011j\367\311\366Q\204\333\205\301\351"
 443      096AF7C9 
 443      F65184DB 
 443      85C1E9
 444 0a17 279E651F 		.ascii	"'\236e\037R!O\233\037SY\215\027Wm\257\360\310\241\324"
 444      52214F9B 
 444      1F53598D 
 444      17576DAF 
 444      F0C8A1D4 
 445 0a2b 34F38E0A 		.ascii	"4\363\216\012$d\323:\210\355a6\013\324\362\362\212\372"
 445      2464D33A 
 445      88ED6136 
 445      0BD4F2F2 
 445      8AFA
 446 0a3d 33E9F348 		.ascii	"3\351\363H\253\034m[\2014|&\245\352v9\334\246\274\031"
 446      AB1C6D5B 
 446      81347C26 
ARM GAS  /var/folders/qd/4mxf5pkd0zdf0b9dd1hp39180000gn/T//ccVxHz8y.s 			page 36


 446      A5EA7639 
 446      DCA6BC19 
 447 0a51 F9B384BE 		.ascii	"\371\263\204\276+GO(\365\310\001?`\240\227d\010ltVD"
 447      2B474F28 
 447      F5C8013F 
 447      60A09764 
 447      086C7456 
 448 0a66 5BC31DD5 		.ascii	"[\303\035\325\360r\331\214%\267\344\262mk\214\201\317"
 448      F072D98C 
 448      25B7E4B2 
 448      6D6B8C81 
 448      CF
 449 0a77 25F85539 		.ascii	"%\370U9\274\201\267\2013\322[\354Kgn\004#\237K\226_"
 449      BC81B781 
 449      33D25BEC 
 449      4B676E04 
 449      239F4B96 
 450 0a8c 915B5ECF 		.ascii	"\221[^\317\313\320\027\226K\3503rt\271|\235\003\214"
 450      CBD01796 
 450      4BE83372 
 450      74B97C9D 
 450      038C
 451 0a9e 0FEFD9F5 		.ascii	"\017\357\331\365!\263\233\035\237K\273y]\016n\261\375"
 451      21B39B1D 
 451      9F4BBB79 
 451      5D0E6EB1 
 451      FD
 452 0aaf FAC2D8DD 		.ascii	"\372\302\330\335,\267\304\246\264\275\300\370\344\216"
 452      2CB7C4A6 
 452      B4BDC0F8 
 452      E48E
 453 0abd 5CB86DF5 		.ascii	"\\\270m\365\331\301\300o\333\217,\266dd\366\347\246"
 453      D9C1C06F 
 453      DB8F2CB6 
 453      6464F6E7 
 453      A6
 454 0ace 1C7DC366 		.ascii	"\034}\303f\177\232\031x\243\375\205\262\261b\220\320"
 454      7F9A1978 
 454      A3FD85B2 
 454      B16290D0 
 455 0ade D57234F3 		.ascii	"\325r4\363\335gB\341\327\011\216\240\037\254\206\305"
 455      DD6742E1 
 455      D7098EA0 
 455      1FAC86C5 
 456 0aee AA6F0C6A 		.ascii	"\252o\014j\223'P\321=\004z\005\364\024\350\001\320K"
 456      932750D1 
 456      3D047A05 
 456      F414E801 
 456      D04B
 457 0b00 A06740DD 		.ascii	"\240g@\335@\275@\217\200\006\201\342\261'\032\202\366"
 457      40BD408F 
 457      800681E2 
 457      B1271A82 
 457      F6
 458 0b11 39D00050 		.ascii	"9\320\000P\002\360\217\241\355\003\032\001Z\015\374"
 458      02F08FA1 
 458      ED031A01 
ARM GAS  /var/folders/qd/4mxf5pkd0zdf0b9dd1hp39180000gn/T//ccVxHz8y.s 			page 37


 458      5A0DFC
 459 0b20 7D684781 		.ascii	"}hG\201^\003\231\201\357\201\366\005\320\032x\356\207"
 459      5E039981 
 459      EF81F605 
 459      D01A78EE 
 459      87
 460 0b31 3611DA55 		.ascii	"6\021\332U\230\275\217T0\213\271,_L\263|\351\315\314"
 460      98BD8F54 
 460      308BB92C 
 460      5F4CB37C 
 460      E9CDCC
 461 0b44 2EB4D97F 		.ascii	".\264\331\177a\331\257\245\315\006\346\263\256\375\303"
 461      61D9AFA5 
 461      CD06E6B3 
 461      AEFDC3
 462 0b53 63C2ED8C 		.ascii	"c\302\355\214\221\336a?$\030[:\030\313/\330\240\245"
 462      91DE613F 
 462      24185B3A 
 462      18CB2FD8 
 462      A0A5
 463 0b65 C0172BF4 		.ascii	"\300\027+\364\026z\037\031\266w\037\351m\363\3305~\037"
 463      167A1F19 
 463      B6771FE9 
 463      6DF3D835 
 463      7E1F
 464 0b77 396F5FD6 		.ascii	"9o_\326\204xY.\251\356\222\303O\331\300/0\341\325d?"
 464      8478592E 
 464      A9EE92C3 
 464      4FD9C02F 
 464      30E1D564 
 465 0b8c 1A99753D 		.ascii	"\032\231u=d\320\327\354\237-l\2443\246\234\266o\012"
 465      64D0D7EC 
 465      9F2D6CA4 
 465      33A69CB6 
 465      6F0A
 466 0b9e FBD2313E 		.ascii	"\373\3221>\273d\177\267'l\010#\274\312~\244\217\177"
 466      BB647FB7 
 466      276C0823 
 466      BCCA7EA4 
 466      8F7F
 467 0bb0 EE7E969F 		.ascii	"\356~\226\237\337\352\214\263\324BQ~\347y\361\026^\376"
 467      DFEA8CB3 
 467      D442517E 
 467      E779F116 
 467      5EFE
 468 0bc2 A5D1FA0A 		.ascii	"\245\321\372\012\240\024\354\365\177\363\026\320\350"
 468      A014ECF5 
 468      7FF316D0 
 468      E8
 469 0bcf E8ED16EE 		.ascii	"\350\355\026\356o\311x2\202\012\302Z\300\015\363\342"
 469      6FC97832 
 469      820AC25A 
 469      C00DF3E2 
 470 0bdf 97CCF2C6 		.ascii	"\227\314\362\306\213\215N\354M\213\000\245J+\025\323"
 470      8B8D4EEC 
 470      4D8B00A5 
 470      4A2B15D3 
ARM GAS  /var/folders/qd/4mxf5pkd0zdf0b9dd1hp39180000gn/T//ccVxHz8y.s 			page 38


 471 0bef 4F90D092 		.ascii	"O\220\320\222r\366\344\350\016\347\211\237=\355}\350"
 471      72F6E4E8 
 471      0EE7899F 
 471      3DED7DE8 
 472 0bff E7FEE357 		.ascii	"\347\376\343W~\362\031\360|\337\025\314*^;A\361:Q\361"
 472      7EF219F0 
 472      7CDF15CC 
 472      2A5E3B41 
 472      F13A51F1 
 473 0c13 3A41F1B5 		.ascii	":A\361\265\373\361\3475\366\025s?\\+J\303\223\311\177"
 473      FBF1E735 
 473      F615733F 
 473      5C2B4AC3 
 473      93C97F
 474 0c26 F39D2A5E 		.ascii	"\363\235*^\343\246\025/U\311\377\361\363(Z\217\311\235"
 474      E3A6152F 
 474      55C9FFF1 
 474      F3285A8F 
 474      C99D
 475 0c38 29754DDF 		.ascii	")uM\337\015\214\277U\323\012\251\255l\210^\014\300>"
 475      0D8CBF55 
 475      D30AA9AD 
 475      6C885E0C 
 475      C03E
 476 0c4a B11C2FDF 		.ascii	"\261\034/\337\331R\344*\364\221\333c:\026:/U\234:\341"
 476      D952E42A 
 476      F491DB63 
 476      3A163A2F 
 476      559C3AE1 
 477 0c5e E6B0F4CE 		.ascii	"\346\260\364\316\304\244\364\316\300b\351\375l\243\245"
 477      C4A4F4CE 
 477      C062E9FD 
 477      6CA3A5
 478 0c6d 470DB5B7 		.ascii	"G\015\265\267\205^\027R\362\222\240@Ye\376\340\003\002"
 478      855E1752 
 478      F292A040 
 478      5965FEE0 
 478      0302
 479 0c7f 441BA4DD 		.ascii	"D\033\244\335\203\307\211\345w\026\236\301\251\202\003"
 479      83C789E5 
 479      77169EC1 
 479      A98203
 480 0c8e 03424DA1 		.ascii	"\003BM\241\212\320\245\261\221\263}|t\364_t\234nyh\244"
 480      8AD0A5B1 
 480      91B37D7C 
 480      74F45F74 
 480      9C6E7968 
 481 0ca3 2E263AD6 		.ascii	".&:\326\024\247\013Y\362\321\034?\335\242E\001\272\005"
 481      14A70B59 
 481      F2D11C3F 
 481      DDA24501 
 481      BA05
 482 0cb5 C10B17FF 		.ascii	"\301\013\027\377\335O\027\023\032i\210\214\014\367\011"
 482      DD4F1713 
 482      1A69888C 
 482      0CF709
 483 0cc4 532FF8F8 		.ascii	"S/\370\370\223\351\376\276\276\234\326`X\031\021e\232"
ARM GAS  /var/folders/qd/4mxf5pkd0zdf0b9dd1hp39180000gn/T//ccVxHz8y.s 			page 39


 483      93E9FEBE 
 483      BE9CD660 
 483      58191165 
 483      9A
 484 0cd5 E3673065 		.ascii	"\343g0e\"\335\274\230\230\310\210\260PSDtT\234.0,2\""
 484      22DDBC98 
 484      98C888B0 
 484      50534474 
 484      549C2E30 
 485 0cec 26CE6830 		.ascii	"&\316h0z\307\254\014\373\322\317'4&F\347\037\035e2F"
 485      7AC7AC0C 
 485      FBD2CF27 
 485      342646E7 
 485      1F1D6532 
 486 0d01 996C0675 		.ascii	"\231l\006uK\242\243#\343t\313\302\302\274CcWxGEG\031"
 486      4BA2A323 
 486      E374CBC2 
 486      C2BC4363 
 486      57784745 
 487 0d17 BD8DA17F 		.ascii	"\275\215\241\177\211\360~\307\333o\266\357;\336\177"
 487      89F07EC7 
 487      DB6FB6EF 
 487      3BDE7F
 488 0d26 9BEBBD22 		.ascii	"\233\353\275\"\364\257\321\261\272\011\243\272\210\250"
 488      F4AFD1B1 
 488      BA09A3BA 
 488      88A8
 489 0d34 B0C895E1 		.ascii	"\260\310\225\341F\335\212\320\260\345\021QF\235!\334"
 489      46DD8AD0 
 489      B0E51151 
 489      469D21DC 
 490 0d44 B8347465 		.ascii	"\2704te\244\311`\372:\306\030\347\263\234S[\215K\372"
 490      A4C960FA 
 490      3AC618E7 
 490      B39C535B 
 490      8D4BFA
 491 0d57 DF1917F7 		.ascii	"\337\031\027\367u\234\316\020g\012\007K\300\"\034\035"
 491      759CCE10 
 491      670A074B 
 491      C0221C1D 
 492 0d67 1EAB8C59 		.ascii	"\036\253\214Y\031\023\036\353\024\035\027c4\206\307"
 492      19131EEB 
 492      141D1763 
 492      3486C7
 493 0d76 AAA289B5 		.ascii	"\252\242\211\265\261\312\025\321\341\306X\262\035\313"
 493      B1CA15D1 
 493      E1C658B2 
 493      1DCB
 494 0d84 7D7FE476 		.ascii	"}\177\344v,\347<\342L+`\231\313b\"\242\015qF\323\312"
 494      2CE73CE2 
 494      4C2B6099 
 494      CB6222A2 
 494      0D7146D3 
 495 0d99 18834915 		.ascii	"\030\203I\025\034@\366W\025\354O\233\371\264\231G\233"
 495      1C40F657 
 495      15EC4F9B 
 495      F9B49947 
ARM GAS  /var/folders/qd/4mxf5pkd0zdf0b9dd1hp39180000gn/T//ccVxHz8y.s 			page 40


 495      9B
 496 0daa 20D26882 		.ascii	" \322h\202\347-\202E/\215X\246\230\367\241>\210\374"
 496      E72D8245 
 496      2F8D58A6 
 496      98F7A13E 
 496      88FC
 497 0dbc 59A458E4 		.ascii	"Y\244X\344\377{\275b~\210^\217\376\210\202\224a\221"
 497      FF7BBD62 
 497      7E885E8F 
 497      FE888294 
 497      6191
 498 0dce C6D05871 		.ascii	"\306\320Xq\223}\3376\230\324\326\007\014j\360\342\000"
 498      937DDF36 
 498      98D4D607 
 498      0C6AF0E2 
 498      00
 499 0ddf 3D5E18A0 		.ascii	"=^\030\240W\006\177\022\034\240wZ\034\022\034\030\030"
 499      57067F12 
 499      1CA0775A 
 499      1C121C18 
 499      18
 500 0df0 A0572D5E 		.ascii	"\240W-^\362ip\240^\371\321\342\200@=\236\257\327\273"
 500      F26970A0 
 500      5EF9D1E2 
 500      80403D9E 
 500      AFD7BB
 501 0e03 30C699B4 		.ascii	"0\306\231\264\021\321d5\021\341\006\223\013}\\\021\032"
 501      11D16435 
 501      11E10693 
 501      0B7D5C11 
 501      1A
 502 0e14 F725088E 		.ascii	"\367%\010\216\210&\0160\230\\\015\342\262\014\021Q\021"
 502      88260E30 
 502      985C0DE2 
 502      B20C1151 
 502      11
 503 0e25 A61FEB8A 		.ascii	"\246\037\353\2120\356'\343\363\301\302e\261\321+c\210"
 503      30EE27E3 
 503      F3C1C265 
 503      B1D12B63 
 503      88
 504 0e36 5C654888 		.ascii	"\\eH\210\377\002\275F\037\030\022\250\377C`\300\333"
 504      FF02BD46 
 504      1F1812A8 
 504      FF4360C0 
 504      DB
 505 0e47 D83F0456 		.ascii	"\330?\004V\031\340/u\375J3/x\276\337\242\340\300\217"
 505      19E02F75 
 505      FD4A332F 
 505      78BEDFA2 
 505      E0C08F
 506 0e5a F5E4C997 		.ascii	"\365\344\311\227>YG\347j\346\005\315\237#\216\006\215"
 506      3E5947E7 
 506      6AE605CD 
 506      9F238E06 
 506      8D
 507 0e6b E382E4B8 		.ascii	"\343\202\344\2709ND\012\364\220\326\227\035\361s\"\022"
ARM GAS  /var/folders/qd/4mxf5pkd0zdf0b9dd1hp39180000gn/T//ccVxHz8y.s 			page 41


 507      394E440A 
 507      F490D697 
 507      1DF17322 
 507      12
 508 0e7c 84912011 		.ascii	"\204\221 \021\0214\021\341\253&s\365!K\364\344\301\227"
 508      113411E1 
 508      AB2673F5 
 508      214BF4E4 
 508      C197
 509 0e8e 3C8C8FCD 		.ascii	"<\214\217\315V\223\331t,\310\012\012\242 \354\277P\257"
 509      5693D974 
 509      2CC80A0A 
 509      A220ECBF 
 509      50AF
 510 0ea0 F0FF7081 		.ascii	"\360\377p\201\336)x\321\"\322\362\376z-<.\364\013!\334"
 510      DE2978D1 
 510      22D2F2FE 
 510      7A2D3C2E 
 510      F40B21DC 
 511 0eb4 2CD685C6 		.ascii	",\326\205\306\257L:\377\217B\026\206\200\013u\302\276"
 511      AF4C3AFF 
 511      8F421686 
 511      800B75C2 
 511      BE
 512 0ec5 2C9D3BDB 		.ascii	",\235;\333\367+#\304\220\263\336\337\337\260\004B1\300"
 512      F72B23C4 
 512      90B3DEDF 
 512      DFB00442 
 512      31C0
 513 0ed7 B8544D7C 		.ascii	"\270TM|O6\354_\367\225\201\277"
 513      4F36EC5F 
 513      F79581BF 
 514              		.text
 515              		.section	.gnu.lto_.symtab.4e0bdc1fcf2a0ace,"",%progbits
 516 0000 5F70616C 		.ascii	"_pal_lld_init\000"
 516      5F6C6C64 
 516      5F696E69 
 516      7400
 517 000e 00       		.ascii	"\000"
 518 000f 00       		.ascii	"\000"
 519 0010 00       		.ascii	"\000"
 520 0011 00000000 		.ascii	"\000\000\000\000\000\000\000\000"
 520      00000000 
 521 0019 36010000 		.ascii	"6\001\000\000"
 522 001d 5F70616C 		.ascii	"_pal_lld_setgroupmode\000"
 522      5F6C6C64 
 522      5F736574 
 522      67726F75 
 522      706D6F64 
 523 0033 00       		.ascii	"\000"
 524 0034 00       		.ascii	"\000"
 525 0035 00       		.ascii	"\000"
 526 0036 00000000 		.ascii	"\000\000\000\000\000\000\000\000"
 526      00000000 
 527 003e 3C010000 		.ascii	"<\001\000\000"
 528              		.text
 529              		.section	.gnu.lto_.opts,"",%progbits
ARM GAS  /var/folders/qd/4mxf5pkd0zdf0b9dd1hp39180000gn/T//ccVxHz8y.s 			page 42


 530 0000 272D666D 		.ascii	"'-fmath-errno' '-fsigned-zeros' '-ftrapping-math' '"
 530      6174682D 
 530      6572726E 
 530      6F272027 
 530      2D667369 
 531 0033 2D666E6F 		.ascii	"-fno-trapv' '-fno-openmp' '-fno-openacc' '-mcpu=cor"
 531      2D747261 
 531      70762720 
 531      272D666E 
 531      6F2D6F70 
 532 0066 7465782D 		.ascii	"tex-m4' '-mno-thumb-interwork' '-mthumb' '-O2' '-fo"
 532      6D342720 
 532      272D6D6E 
 532      6F2D7468 
 532      756D622D 
 533 0099 6D69742D 		.ascii	"mit-frame-pointer' '-falign-functions=16' '-ffuncti"
 533      6672616D 
 533      652D706F 
 533      696E7465 
 533      72272027 
 534 00cc 6F6E2D73 		.ascii	"on-sections' '-fdata-sections' '-fno-common' '-flto"
 534      65637469 
 534      6F6E7327 
 534      20272D66 
 534      64617461 
 535 00ff 2700     		.ascii	"'\000"
 536              		.text
 537              		.comm	__gnu_lto_v1,1,1
 538              		.comm	__gnu_lto_slim,1,1
 539              		.ident	"GCC: (GNU Tools for Arm Embedded Processors 7-2017-q4-major) 7.2.1 20170904 (release) [ARM
ARM GAS  /var/folders/qd/4mxf5pkd0zdf0b9dd1hp39180000gn/T//ccVxHz8y.s 			page 43


DEFINED SYMBOLS
                            *ABS*:0000000000000000 pal_lld.c
                            *COM*:0000000000000001 __gnu_lto_v1
                            *COM*:0000000000000001 __gnu_lto_slim

NO UNDEFINED SYMBOLS
