ARM GAS  /var/folders/qd/4mxf5pkd0zdf0b9dd1hp39180000gn/T//cc96cu56.s 			page 1


   1              		.cpu cortex-m0
   2              		.eabi_attribute 20, 1
   3              		.eabi_attribute 21, 1
   4              		.eabi_attribute 23, 3
   5              		.eabi_attribute 24, 1
   6              		.eabi_attribute 25, 1
   7              		.eabi_attribute 26, 1
   8              		.eabi_attribute 30, 2
   9              		.eabi_attribute 34, 0
  10              		.eabi_attribute 18, 4
  11              		.file	"chregistry.c"
  12              		.section	.gnu.lto_.profile.6262d91c9997c5a5,"",%progbits
  13 0000 789C6363 		.ascii	"x\234cc```\001bF\006Y!\000\000\304\000;"
  13      60606001 
  13      62460659 
  13      210000C4 
  13      003B
  14              		.text
  15              		.section	.gnu.lto_.icf.6262d91c9997c5a5,"",%progbits
  16 0000 789C6363 		.ascii	"x\234cc``\020a@\000f\206\267\373~\337dc\372\321u\364"
  16      60601061 
  16      40006686 
  16      B7FB7EDF 
  16      6463FAD1 
  17 0016 0423F3CE 		.ascii	"\004#\363\316\311\213\03701\000\000j\237\011\211"
  17      C98B1F30 
  17      3100006A 
  17      9F0989
  18              		.text
  19              		.section	.gnu.lto_.jmpfuncs.6262d91c9997c5a5,"",%progbits
  20 0000 789C6363 		.ascii	"x\234cc``Pd@\000&\020fdd\254\237\303\314\300\304T\011"
  20      60605064 
  20      40002610 
  20      666464AC 
  20      9FC3CCC0 
  21 0017 E4311E60 		.ascii	"\3441\036`ad\000\342\377@\300\317\300\000\000U\034\007"
  21      616400E2 
  21      FF40C0CF 
  21      C0000055 
  21      1C07
  22 0029 60       		.ascii	"`"
  23              		.text
  24              		.section	.gnu.lto_.inline.6262d91c9997c5a5,"",%progbits
  25 0000 789C6363 		.ascii	"x\234cc``\320g@\000&\006\006N\016F\006&\236\007\261"
  25      6060D067 
  25      40002606 
  25      064E0E46 
  25      06269E07 
  26 0015 0C6C0BE4 		.ascii	"\014l\013\344\231 b\274\242@!\376E\305\014\354\035\352"
  26      992062BC 
  26      A24021FE 
  26      45C50CEC 
  26      1DEA
  27 0027 10216E06 		.ascii	"\020!n\006\006\306\011~\014\000\201m\005K"
  27      06C6097E 
  27      0C00816D 
  27      054B
ARM GAS  /var/folders/qd/4mxf5pkd0zdf0b9dd1hp39180000gn/T//cc96cu56.s 			page 2


  28              		.text
  29              		.section	.gnu.lto_.pureconst.6262d91c9997c5a5,"",%progbits
  30 0000 789C6363 		.ascii	"x\234cc```\007b&\206]\214L\273\030\001\005\345\001\210"
  30      60606007 
  30      6226865D 
  30      8C4CBB18 
  30      0105E501 
  31              		.text
  32              		.section	.gnu.lto_chRegFirstThread.6262d91c9997c5a5,"",%progbits
  33 0000 789C8552 		.ascii	"x\234\205RKL\023Q\024\275w^;\035>\272d\201$\226\030"
  33      4B4C1351 
  33      14BD775E 
  33      3B1D3EBA 
  33      64812496 
  34 0015 1624A6A3 		.ascii	"\026$\246\243\211q\341\316\220\230\270`#+\335\270\030"
  34      8971E1CE 
  34      9098B860 
  34      232BDDB8 
  34      18
  35 0026 1AA9B194 		.ascii	"\032\251\261\224L\213\201\025C\013\202b\242Q\250\210"
  35      4C8B8115 
  35      430B8262 
  35      A251A888 
  36 0036 03568982 		.ascii	"\003V\211\202\013Q\264TA\304\312\267*?\011\242FB\014"
  36      0B51B454 
  36      41C4CAB7 
  36      2A3F09A2 
  36      46420C
  37 0049 0A099F90 		.ascii	"\012\011\237\220\240+\177\350}3\215@Y\320\264\257\357"
  37      A02B7FE8 
  37      7D338D40 
  37      59D0B4AF 
  37      EF
  38 005a BD73EEB9 		.ascii	"\275s\356\271\347\335{E\000\2101\200\010\375\357\242"
  38      E7DD7B45 
  38      00883180 
  38      08FDEFA2 
  39 006a 1F3240E1 		.ascii	"\0372@\341\362(@\271$ \362\215&!\224\011X\206\027Y-"
  39      F22840B9 
  39      2420F28D 
  39      26219409 
  39      58861759 
  40 007f C3B7150F 		.ascii	"\303\267\025\017uV\303t\242Y\350\270:\322\360e'?\"\332"
  40      7556C374 
  40      A259E8B8 
  40      3AD2F065 
  40      273F22DA 
  41 0093 E9B8BC32 		.ascii	"\351\270\2742\030N\315n\3214\277\026\275\026L\276\021"
  41      184ECD6E 
  41      D134BF16 
  41      BD164CBE 
  41      11
  42 00a4 1ED79274 		.ascii	"\036\327\222t&@\220\350a\314\300\307\230\301st`6\020"
  42      264090E8 
  42      61CCC0C7 
  42      98C17374 
  42      603610
ARM GAS  /var/folders/qd/4mxf5pkd0zdf0b9dd1hp39180000gn/T//cc96cu56.s 			page 3


  43 00b7 BB7FEEF7 		.ascii	"\273\177\356\367D\012\333\203|\277T\035k\221\262\232"
  43      440ADB83 
  43      7CBF541D 
  43      6B91B29A 
  44 00c7 8DC8F9D6 		.ascii	"\215\310\371\326\364[\001-\246Y(\024#\3106G\003\247"
  44      F45B012D 
  44      A6592814 
  44      23C83647 
  44      03A7
  45 00d9 CFB6AFD5 		.ascii	"\317\266\257\325\355\020-\370\004\263\2708i>E\021\377"
  45      ED102DF8 
  45      04B3B838 
  45      693E4511 
  45      FF
  46 00ea 03151A7D 		.ascii	"\003\025\032}\2423\367D\343>\310pC\014`'Q\273P\204\004"
  46      A233F744 
  46      E33EC870 
  46      430C6027 
  46      51BB5084 
  47 00ff FAF7AF87 		.ascii	"\372\367\257\207\254\300\201 9N\304\352\017\234\000"
  47      ACC08120 
  47      394EC4EA 
  47      0F9C00
  48 010e 7CC631B6 		.ascii	"|\3061\266I\253\233\264\236\223\026_\220lpG\017&\254"
  48      49AB9BB4 
  48      9E93165F 
  48      906C7047 
  48      0F26AC
  49 0121 516DED6F 		.ascii	"Qm\355o\025\325 \255\265v\241)\213*\2503\022\245\205"
  49      15D520AD 
  49      B576A129 
  49      8B2AA833 
  49      12A585
  50 0134 42B867A8 		.ascii	"B\270g\250&\323T]-\012\347\011\240] \012KX>\333|iz*"
  50      26D3545D 
  50      2D0AE709 
  50      A05D200A 
  50      4B583EDB 
  51 014c F11D57F5 		.ascii	"\361\035W\365\344\370;,[|U\310\344\271\207c\326\255"
  51      E4F83B2C 
  51      5B7C55C8 
  51      E4B98763 
  51      D6AD
  52 015e 9EF71D07 		.ascii	"\236\367\035\007|\3011q\223\347(Y}\311=\363\005\020"
  52      7CC13171 
  52      93E72859 
  52      7DC93DF3 
  52      0510
  53 0170 1A79C2D6 		.ascii	"\032y\302\326\236\276\271\324\314\273xS\253\267\353"
  53      9EBEB9D4 
  53      CCBB7853 
  53      ABB7EB
  54 017f 66A26F6D 		.ascii	"f\242om\217\336\245X\004\242\364b&\255}h\201E\364w\375"
  54      8FDEA558 
  54      04A2F462 
  54      26AD7D68 
  54      8145F477 
ARM GAS  /var/folders/qd/4mxf5pkd0zdf0b9dd1hp39180000gn/T//cc96cu56.s 			page 4


  55 0194 986DDECF 		.ascii	"\230m\336\317\37540>\002\301\312\3361\033\037\001\253"
  55      FD34303E 
  55      02C1CADE 
  55      311B1F01 
  55      AB
  56 01a5 51E5CECE 		.ascii	"Q\345\316\316\345O\266\262?\232D\027!fv+\034X\275\262"
  56      E54FB6B2 
  56      3F9A4417 
  56      2166762B 
  56      1C58BDB2 
  57 01b9 33844DA8 		.ascii	"3\204M\2503\021\007h\224\372y'\011\210\014M\377\222"
  57      33110768 
  57      94FA7927 
  57      09880C4D 
  57      FF92
  58 01cb E4FBDC6E 		.ascii	"\344\373\334n\350\264\316l8\210!\254c\361&\377|\037"
  58      E8B4CE6C 
  58      388821AC 
  58      63F126FF 
  58      7C1F
  59 01dd A814E2E8 		.ascii	"\250\024\342\350m\344\3030\204r\0355\223\274\304P\206"
  59      6DE4C330 
  59      84721D35 
  59      93BCC450 
  59      86
  60 01ee 79F487D2 		.ascii	"y\364\207\322\215\306SI\311\214an\341\372\0354\315\341"
  60      8DC65349 
  60      C98C616E 
  60      E1FA1D34 
  60      CDE1
  61 0200 46738261 		.ascii	"Fs\202a\256\273wdP$#\345$I\257\224(\010_\305\275LV}"
  61      AEBB7764 
  61      502423E5 
  61      2449AF94 
  61      28085FC5 
  62 0218 984931B3 		.ascii	"\230I1\263\021\224\204\257\015+\002O\366\206\222-b "
  62      119484AF 
  62      0D2B024F 
  62      F686922D 
  62      6220
  63 022a 78EE2333 		.ascii	"x\356#3\245\005S\275\243j\270=\231\253'!\3420\351\220"
  63      A50553BD 
  63      A36AB83D 
  63      99AB2721 
  63      E230E990 
  64 023e 81C90B46 		.ascii	"\201\311\013F\372\204d\241\264m\262\215\254g\033E\231"
  64      FA8464A1 
  64      B46DB28D 
  64      AC671B45 
  64      99
  65 024f 32C4A721 		.ascii	"2\304\247!2\205\306|Q\233\332\266m\323\230\321\246q"
  65      3285C67C 
  65      519BDAB6 
  65      6DD398D1 
  65      A671
  66 0261 6AD30AFA 		.ascii	"j\323\012\372?\3274\016\210\3616\361\202VS\341h\316"
  66      3FD7340E 
ARM GAS  /var/folders/qd/4mxf5pkd0zdf0b9dd1hp39180000gn/T//cc96cu56.s 			page 5


  66      88F136F1 
  66      825653E1 
  66      68CE
  67 0273 88677738 		.ascii	"\210gw8d\363\353\361\312\252O\366\252\212\254\024\250"
  67      64F3EBF1 
  67      CAAA4FF6 
  67      AA8AAC14 
  67      A8
  68 0284 CE532EAF 		.ascii	"\316S.\257O-u( \370\212v'p\\\205\312\231\342|'\361\274"
  68      4F2D7528 
  68      20F88A76 
  68      27705C85 
  68      CA99E27C 
  69 029b A55E4701 		.ascii	"\245^G\001d'\340E\036\325\347\225\017\037\313\315\311"
  69      6427E045 
  69      1ED5E795 
  69      0F1FCBCD 
  69      C9
  70 02ac 2D2192E2 		.ascii	"-!\222\342Q\235'\317\036t\023s\357F\246\263\304'\347"
  70      519D27CF 
  70      1E741373 
  70      EF46A6B3 
  70      C427E7
  71 02bf E4E61DCD 		.ascii	"\344\346\035\315[\027\344L\305}\244\270P!\262\244\024"
  71      5B17E44C 
  71      C57DA4B8 
  71      5021B2A4 
  71      14
  72 02d0 795DF976 		.ascii	"y]\371v\027\330\334N\267G-5/\234t\361\017\253Gt\232"
  72      17D8DC4E 
  72      B7472D35 
  72      2F9C74F1 
  72      0FAB4774 
  73              		.text
  74              		.section	.gnu.lto_chRegNextThread.6262d91c9997c5a5,"",%progbits
  75 0000 789C8553 		.ascii	"x\234\205S]L\024g\024\275g\276\331\331uw\345\321\007"
  75      5D4C1467 
  75      14BD67BE 
  75      D9D97577 
  75      E5D107
  76 0013 63EA1A4B 		.ascii	"c\352\032K\015I\303\364AM\354[c\322\304\007^\352\223"
  76      0D49C3F4 
  76      414DEC5B 
  76      63D2C407 
  76      5EEA93
  77 0026 BE9874DD 		.ascii	"\276\230t\335T\222\362\223\335\265\221'\006X\304\355"
  77      5492F293 
  77      DDB59127 
  77      0658C4ED 
  78 0036 4FDAB475 		.ascii	"O\332\264u\261\270\261k\254\361\257J\005\244\005\251"
  78      B1B8B16B 
  78      ACF1AF4A 
  78      05A405A9 
  79 0046 DD024514 		.ascii	"\335\002E\024AE4\304Z\323\320@\002\245$\366\201Dk\255"
  79      414534C4 
  79      5AD3D040 
  79      02A524F6 
ARM GAS  /var/folders/qd/4mxf5pkd0zdf0b9dd1hp39180000gn/T//cc96cu56.s 			page 6


  79      81446BAD 
  80 005a E79B2115 		.ascii	"\347\233!\025\026\215\223\335of\356=\367\236s\177\306"
  80      168D93DD 
  80      6F66EE3D 
  80      F79E737F 
  80      C6
  81 006b 12913E53 		.ascii	"\022\221>S\244\233\367M\374\303'0>\033\021\251\013\030"
  81      A49BF74D 
  81      FCC32730 
  81      3E1B11A9 
  81      0B18
  82 007d 86D9ACC4 		.ascii	"\206\331\254\304\011\252\207WE\234\260\202\351\331M"
  82      09AA8757 
  82      459CB082 
  82      E9D94D
  83 008c 403F3801 		.ascii	"@?8\001H\255\241L\324\342c\365\245\302\315\324wY\365"
  83      48ADA14C 
  83      D4E263F5 
  83      A5C2CDD4 
  83      7759F5
  84 009f 91CA2A81 		.ascii	"\221\312*\201\311\327\007\303-\177\024\351W \302\327"
  84      C9D707C3 
  84      2D7F14E9 
  84      5720C2D7 
  85 00af D9B9818E 		.ascii	"\331\271\201\216p\311\011\307\251w\362\315\363\301\303"
  85      70C909C7 
  85      A977F2CD 
  85      F3C1C3
  86 00be 1D379C15 		.ascii	"\0357\234\025YeH\206\360\016\254A;\326h\366\013(!\270"
  86      59654886 
  86      F00EAC41 
  86      3BD668F6 
  86      0B2821B8 
  87 00d2 7FF2F168 		.ascii	"\177\362\361hH\255\207\360y(54nm8\356\006\316~\243\234"
  87      48AD87F0 
  87      79283534 
  87      6E6D38EE 
  87      06CE7EA3 
  88 00e7 5719854E 		.ascii	"W\031\205N\250\305\201:\021\276\307\006\215\037\037"
  88      A8C5813A 
  88      11BEC706 
  88      8D1F1F
  89 00f6 3B772AA4 		.ascii	";w*\244^sc\323s\243\177\025\025\037sc\247\316\254>\332"
  89      5E7363D3 
  89      73A37F15 
  89      151F7363 
  89      A7CEAC3E 
  90 010b E00C3AA6 		.ascii	"\340\014:\246\216\377ai\274\276\010\2378\377\344\340"
  90      8EFF6169 
  90      BCBE089F 
  90      38FFE4E0 
  91 011b 4ACB4417 		.ascii	"J\313D\027\212sJ\2644*\352\206\205\377})\207W\376\376"
  91      8A734AB4 
  91      342AEA86 
  91      85FF7D29 
  91      8757FEFE 
  92 012f 59CBB567 		.ascii	"Y\313\265g\024\026\205\011.\022\332\003K\012\340\267"
ARM GAS  /var/folders/qd/4mxf5pkd0zdf0b9dd1hp39180000gn/T//cc96cu56.s 			page 7


  92      14168509 
  92      2E12DA03 
  92      4B0AE0B7 
  93 013f 26DF6453 		.ascii	"&\337dS{4\336X\346\373j\343N\301\217\332\247\226\344"
  93      7B34DE58 
  93      E6FB6AE3 
  93      4EC18FDA 
  93      A796E4
  94 0152 BAC45C3F 		.ascii	"\272\304\\?1\227>@\031ZT\353\250/\357<\371\257\211\035"
  94      31973E40 
  94      195A54EB 
  94      A82FEF3C 
  94      F9AF891D 
  95 0166 5C75A66D 		.ascii	"\\u\246mz\2728\014\321v\203\015`8\017\013\272\015~\327"
  95      7ABA380C 
  95      D176830D 
  95      60380F0B 
  95      BA0D7ED7 
  96 017a 2A728005 		.ascii	"*r\200\005pRN^\322d\346SC^\376D\335D\373\247\367\356"
  96      70524E5E 
  96      D264E653 
  96      435EFE44 
  96      DD44FBA7 
  97 0190 14D6F4C5 		.ascii	"\024\326\364\305\343\340BM\3462\215\2156\365\347\265"
  97      E3E0424D 
  97      E6328D8D 
  97      36F5E7B5 
  98 01a0 CFB75CFF 		.ascii	"\317\267\\\377\033;\004?k\237\265D\177/e\367i\375\372"
  98      1B3B043F 
  98      6B9FB544 
  98      7F2F65F7 
  98      69FDFA
  99 01b3 10C8514D 		.ascii	"\020\310QMx\362R\337dx\335i|\355\034\212d=\242\277\317"
  99      78F252DF 
  99      6478DD69 
  99      7CED1C8A 
  99      643DA2BF 
 100 01c8 B5DD0E99 		.ascii	"\265\335\016\231\006!\375X\307\363\027\2302\203\372"
 100      0621FD58 
 100      C7F31798 
 100      3283FA
 101 01d7 EE8713AD 		.ascii	"\356\207\023\255[\264\236\026\345'*\323\330{\335\257"
 101      5BB49E16 
 101      E5272AD3 
 101      D87BDDAF 
 102 01e7 97C9703B 		.ascii	"\227\311p;\336\323;<`\345p\244\216\022r\225,\334\327"
 102      DED33B3C 
 102      60E570A4 
 102      8E127295 
 102      2CDCD7
 103 01fa C2D207F4 		.ascii	"\302\322\007\364$\351\035k\032\277\037\262\317j}\021"
 103      24E91D6B 
 103      1ABF1FB2 
 103      CF6A7D11 
 104 020a 1D711939 		.ascii	"\035q\0319\034\324\263\024\014\302\226)\324\347^q\307"
 104      1CD4B314 
 104      0CC29629 
ARM GAS  /var/folders/qd/4mxf5pkd0zdf0b9dd1hp39180000gn/T//cc96cu56.s 			page 8


 104      D4E75E71 
 104      C7
 105 021b CA2631BD 		.ascii	"\312&1\275L\"u\267o\344\333\360s\350,\227\256\253k\366"
 105      4C2275B7 
 105      6FE4DBF0 
 105      73E82C97 
 105      AEAB6BF6 
 106 022f 577FEDBF 		.ascii	"W\177\355\277N\200\206\034g\256m\035\015\017>/\242\004"
 106      4E80861C 
 106      67AE6D1D 
 106      0D0F3E2F 
 106      A204
 107 0241 64951F57 		.ascii	"d\225\037W\371\015\\Y`\357\274|\357\237\200\307\236"
 107      F90D5C59 
 107      60EFBC7C 
 107      EF9F80C7 
 107      9E
 108 0252 9BA73780 		.ascii	"\233\2477\200!\227\037\336\216\235\034\374\244\275\210"
 108      21971FDE 
 108      8E9D1CFC 
 108      A4BD88
 109 0261 B90ED03D 		.ascii	"\271\016\320=C\367\012\\\243&\3010j\3355Ls\220\374\336"
 109      43F70A5C 
 109      A326C130 
 109      6ADD354C 
 109      7390FCDE 
 110 0275 3829DD85 		.ascii	"8)\335\205\351\361F\313\223e\024\224\035q\213\366\277"
 110      E9F146CB 
 110      93651494 
 110      1D718BF6 
 110      BF
 111 0286 A0E82046 		.ascii	"\240\350 F\\RC\027}\235\0043h\310\354O\373\274\\\312"
 111      5C524317 
 111      7D9D0433 
 111      68C8EC4F 
 111      FBBC5CCA 
 112 029a 4B77A1E9 		.ascii	"Kw\241\351\332\371\240\2562\010\340\006\363\220q\354"
 112      DAF9A0AE 
 112      3208E006 
 112      F39071EC 
 113 02aa 43684C61 		.ascii	"ChLa\217\337\225\227\320\335|F7\012\233\024n)\346\302"
 113      8FDF9597 
 113      D0DD7C46 
 113      370A9B14 
 113      6E29E6C2 
 114 02be D24DC110 		.ascii	"\322M\301\020\257\333XX\300\316;p\327\233\233\321\366"
 114      AFDB5858 
 114      C0CE3B70 
 114      D79B9BD1 
 114      F6
 115 02cf D2CDB8E5 		.ascii	"\322\315\270\345n\306\0307c\026\251\337\323\277\271"
 115      6EC61837 
 115      6316A9DF 
 115      D3BFB9
 116 02de 65140C26 		.ascii	"e\024\014&\224\341$\005\267\331F\356BV\205e\216s>\326"
 116      94E12405 
 116      B7D946EE 
ARM GAS  /var/folders/qd/4mxf5pkd0zdf0b9dd1hp39180000gn/T//cc96cu56.s 			page 9


 116      42568565 
 116      8E733ED6 
 117 02f2 BCDA2B59 		.ascii	"\274\332+Yw\177\236eR\277\361\250\355\012X\213z\324"
 117      777F9E65 
 117      52BFF1A8 
 117      ED0A588B 
 117      7AD4
 118 0304 BA859F08 		.ascii	"\272\205\237\010\264F\262DJKm\357W\225\260\343I;\021"
 118      B446B244 
 118      4A4B6DEF 
 118      5795B0E3 
 118      493B11
 119 0317 8FDAD13D 		.ascii	"\217\332\321=\361\330{\345\211d\274\2464*F\262ZU&\253"
 119      F1D87BE5 
 119      8964BCA6 
 119      342A46B2 
 119      5A5526AB 
 120 032b D716E0CA 		.ascii	"\327\026\340\312+\243\357\357\335\035#6Q\223(\335#%"
 120      2BA3EFEF 
 120      DD1D2336 
 120      519328DD 
 120      2325
 121 033d 05FEEAAA 		.ascii	"\005\376\352\252x2a\277\365N\331\326\262}\004E\253\342"
 121      783261BF 
 121      F54ED9D6 
 121      B27D0445 
 121      ABE2
 122 034f B15D1F6C 		.ascii	"\261]\037l\256 \362\365\305\310\330\276\244\275\265"
 122      AE20F2F5 
 122      C5C8D8BE 
 122      A4BDB5
 123 035e 6CFBB6ED 		.ascii	"l\373\266\355\317\022jd\264\342\355\275\225Q\202\003"
 123      CF126A64 
 123      B4E2EDBD 
 123      95518203 
 124 036e D1EA44F9 		.ascii	"\321\352D\371\356H\271\370+b\025U\361\032\317\020\243"
 124      EE48B9F8 
 124      2B621555 
 124      F11ACF10 
 124      A3
 125 037f E129E7A1 		.ascii	"\341)\347\241\313\037"
 125      CB1F
 126              		.text
 127              		.section	.gnu.lto_ch_debug.6262d91c9997c5a5,"",%progbits
 128 0000 789C2D8E 		.ascii	"x\234-\216MKBQ\020\206\317\353\361\226\3465\015\"Z\334"
 128      4D4B4251 
 128      1086CFEB 
 128      F196E635 
 128      0D225ADC 
 129 0014 DAB52F57 		.ascii	"\332\265/W.\373\011\375$#\213(\010\002\335\304\025\244"
 129      2EFB09FD 
 129      24238B28 
 129      0802DDC4 
 129      15A4
 130 0026 16152D12 		.ascii	"\026\025-\022*?\263\314\264HrQ\030\324\246\014\261\014"
 130      2A3FB3CC 
 130      B4487251 
ARM GAS  /var/folders/qd/4mxf5pkd0zdf0b9dd1hp39180000gn/T//cc96cu56.s 			page 10


 130      18D4A60C 
 130      B10C
 131 0038 D42CFA40 		.ascii	"\324,\372@\012j\306s/gxx\356;3L\237\020\342\031B\320"
 131      0A6AC673 
 131      2F677878 
 131      EE3B334C 
 131      9F10E219 
 132 004e EB7D2189 		.ascii	"\353}!\211\335f\252\353^\226\246\244\237\244\351\271"
 132      DD66AAEB 
 132      5E96A6A4 
 132      9FA4E9B9 
 133 005e 9D98A5E3 		.ascii	"\235\230\245\343\244\353\215\362\205\246t\2144\231m"
 133      A4EB8DF2 
 133      85A6748C 
 133      34996D
 134 006d F9941964 		.ascii	"\371\224\031d\355`\275\352R:J\372\366\033I8\225\016"
 134      ED60BDEA 
 134      523A4AFA 
 134      F61B4938 
 134      950E
 135 007f 935E772E 		.ascii	"\223^w.#V\352%\375i\204\356\240T']\313|\224\254\305"
 135      2356EA25 
 135      FD6984EE 
 135      A054275D 
 135      CB7C94AC 
 136 0094 0E52F321 		.ascii	"\016R\363!\177o\315\026\370\214\253`\314\224\312\355"
 136      7F6FCD16 
 136      F88CAB60 
 136      CC94CAED 
 137 00a4 A4E5D0EB 		.ascii	"\244\345\320\353\014\0330;I\372\331]j[\335#\244\225"
 137      0C1B303B 
 137      49FAD95D 
 137      6A5BDD23 
 137      A495
 138 00b6 4473ABD7 		.ascii	"Ds\253\327lC\233\207\363\357\261M\235]B\222v6j\013\272"
 138      6C439B87 
 138      F3EFB14D 
 138      9D5D4292 
 138      76366A0B 
 139 00cb 8A5F382E 		.ascii	"\212_8.\376}\347<*\266\221\336>\325\263.\025?r\\Y1\253"
 139      FE7DE73C 
 139      2AB691DE 
 139      3ED5B32E 
 139      153F725C 
 140 00e2 0EE52DF6 		.ascii	"\016\345-\366\325\371\355\033\233?\036X\214\006\246"
 140      D5F9ED1B 
 140      9B3F1E58 
 140      8C06A6
 141 00f1 4D69C794 		.ascii	"Mi\307\224\201\"\014\370\014\024\010\247Ty\252\023\252"
 141      81220CF8 
 141      0C1408A7 
 141      5479AA13 
 141      AA
 142 0102 1C0C1EF8 		.ascii	"\034\014\036\370\252\225&T\177T3\245\026\246+\317\340"
 142      AA952654 
 142      7F5433A5 
 142      16A62BCF 
ARM GAS  /var/folders/qd/4mxf5pkd0zdf0b9dd1hp39180000gn/T//cc96cu56.s 			page 11


 142      E0
 143 0113 0FD3F17B 		.ascii	"\017\323\361{0\302\264\366\230!q\304\260#\313\320\024"
 143      30C2B4F6 
 143      982171C4 
 143      B023CBD0 
 143      14
 144 0124 FA70C8E8 		.ascii	"\372p\310\350G\206\341@\232\341D\2121\200$\303\205\004"
 144      4786E140 
 144      9AE1448A 
 144      318024C3 
 144      8504
 145 0136 4357CBDC 		.ascii	"CW\313\334\2103\006q\300\360`\237\341U\331\020C\340"
 145      88330671 
 145      C0F0609F 
 145      E155D910 
 145      43E0
 146 0148 1C7EF10F 		.ascii	"\034~\361\017}r\223\260"
 146      7D7293B0 
 147              		.text
 148              		.section	.gnu.lto_.symbol_nodes.6262d91c9997c5a5,"",%progbits
 149 0000 789C6363 		.ascii	"x\234cc``\010\000b\006\246n\306z\006\206\011\347\030"
 149      60600800 
 149      6206A66E 
 149      C67A0686 
 149      09E718
 150 0013 1880D4AE 		.ascii	"\030\200\324\256\006G\006\006\326^F\006\005\220L\017"
 150      06470606 
 150      D65E4606 
 150      05904C0F 
 151 0023 633D23AA 		.ascii	"c=#\252L\027#c\243\022P\212\261\237\261\236\011,\305"
 151      4C172363 
 151      A312508A 
 151      B19FB19E 
 151      092CC5
 152 0036 C0D0D0E0 		.ascii	"\300\320\320\340\300\300\300\314\304\302\360\244\355"
 152      C0C0C0CC 
 152      C4C2F0A4 
 152      ED
 153 0043 8D3C0300 		.ascii	"\215<\003\000\267\315\0218"
 153      B7CD1138 
 154              		.text
 155              		.section	.gnu.lto_.refs.6262d91c9997c5a5,"",%progbits
 156 0000 789C6363 		.ascii	"x\234cc``\340\006bF bbdbbda\000\000\001n\000 "
 156      6060E006 
 156      62462062 
 156      62646262 
 156      64610000 
 157              		.text
 158              		.section	.gnu.lto_.decls.6262d91c9997c5a5,"",%progbits
 159 0000 789CC53B 		.ascii	"x\234\305;kT\024\351\225\375\325\327tC\323\200+f\326"
 159      6B5414E9 
 159      95FDD5D7 
 159      7443D380 
 159      2B66D6
 160 0013 64DDCDEC 		.ascii	"d\335\315\354\204\231\260\233(\352\030g\222\315\331"
 160      8499B09B 
 160      28EA1867 
ARM GAS  /var/folders/qd/4mxf5pkd0zdf0b9dd1hp39180000gn/T//cc96cu56.s 			page 12


 160      92CDD9
 161 0022 33D9D924 		.ascii	"3\331\331$\223\335\235\354\236<\316\331s\366\354v\030"
 161      93DD9DEC 
 161      9E3CCED9 
 161      73F6EC76 
 161      18
 162 0033 68B533BC 		.ascii	"h\2653\274\322\264\216\346O\232\267\010*\010* **(\312"
 162      D2B48EE6 
 162      4F9AB708 
 162      2A082A20 
 162      2A2A28CA 
 163 0047 5345415E 		.ascii	"SEA^6\240\210\240\010\276\020\221\207\250\200(*\017"
 163      36A088A0 
 163      08BE1091 
 163      87A88028 
 163      2A0F
 164 0059 050465EF 		.ascii	"\005\004e\357\367\250\256\352\246\332\361\307\346l\037"
 164      F7A8AEEA 
 164      A6DAF1C7 
 164      E66C1F
 165 0068 2F55B7EA 		.ascii	"/U\267\352~\367}o}\337W\245F\245R\355^\245R\005\270"
 165      7EF77D6F 
 165      7DDF57A5 
 165      46A552ED 
 165      5EA55205 
 166 007d AB541548 		.ascii	"\253T\025H\245\232\203\237\032\256\325\001\000\252\372"
 166      A59A839F 
 166      1AAED501 
 166      00AAFA
 167 008c 29F9033F 		.ascii	")\371\003?\014\020\007\347\211\000[\001\004\300'\341"
 167      0C1007E7 
 167      89005B01 
 167      04C027E1 
 168 009c B8525039 		.ascii	"\270RP9\374<\201P\007\307\205\000\213\370\370%p\\\015"
 168      FC3C8150 
 168      07C78500 
 168      8BF8F825 
 168      705C0D
 169 00af 741F01BC 		.ascii	"t\037\001\274\000\274\013\340g\000Z\304\370\216\303"
 169      00BC0BE0 
 169      67005AC4 
 169      F88EC3
 170 00be F1164024 		.ascii	"\361\026@$\271\306\345\374\010h\177\014\360\011\300"
 170      B9C6E5FC 
 170      08687F0C 
 170      F009C0
 171 00cd 3F01FC33 		.ascii	"?\001\3743\300\317\005\246\323$r\224\351\013L\274\\"
 171      C0CF05A6 
 171      D3247294 
 171      E90B4CBC 
 171      5C
 172 00de C82472E4 		.ascii	"\310$r\344r?\023\230\334_\3001\231\313\337\210\230\016"
 172      723F1398 
 172      DC5FC031 
 172      99CBDF88 
 172      980E
 173 00f0 443EB881 		.ascii	"D>\270\201\332\350J\276h\373\177\010\363\3650\202\343"
ARM GAS  /var/folders/qd/4mxf5pkd0zdf0b9dd1hp39180000gn/T//cc96cu56.s 			page 13


 173      DAE84ABE 
 173      68FB7F08 
 173      F3F53082 
 173      E3
 174 0101 342A26FB 		.ascii	"4*&\373\003\200\277DL\237\305@\273B`\372}\027\216\357"
 174      0380BF44 
 174      4C9FC540 
 174      BB4260FA 
 174      7D178EEF 
 175 0115 012C01F8 		.ascii	"\001,\001\370\033\000?\200\277\007\370\026\300\367\000"
 175      1B003F80 
 175      BF07F816 
 175      C0F700
 176 0124 3E00F86B 		.ascii	">\000\370k\200\357\003\374-\300_\001\274\013\340\017"
 176      80EF03FC 
 176      2DC05F01 
 176      BC0BE00F 
 177 0134 F06D80F7 		.ascii	"\360m\200\367\001\276\343\344s\361\227\216\321\310^"
 177      01BEE3E4 
 177      73F1978E 
 177      D1C85E
 178 0143 6B933716 		.ascii	"k\2237\026\0209\277c{ds_Vhe?\367\177Q\241\223\010\213"
 178      1039BF63 
 178      7B64735F 
 178      5668653F 
 178      F77F51A1 
 179 015a 84EDB1A5 		.ascii	"\204\355\261\245\3318\011\243\205:\244\006t\364r\326"
 179      D93809A3 
 179      853AA406 
 179      74F472D6 
 180 016a 3D6F4017 		.ascii	"=o@\027\351\320\273\200\226?)(\367bwm\204:\177 {\233"
 180      E9D0BB80 
 180      963F2928 
 180      F762776D 
 180      843A7F20 
 181 0180 9EE11F03 		.ascii	"\236\341\037\003\232\020\363\262C\215\277G\245t7\035"
 181      9A10F3B2 
 181      438DBF47 
 181      A574371D 
 182 0190 2D208CBE 		.ascii	"- \214\276\253C$w|\340R\311\3433\323^\354\022\241\270"
 182      AB432477 
 182      7CE052C9 
 182      E333D35E 
 182      EC12A1B8 
 183 01a4 BA7D2C57 		.ascii	"\272},W\213W\223s\241\267s\346\2167\322\371o\266Z\243"
 183      8B579373 
 183      A1B773E6 
 183      8E37D2F9 
 183      6FB65AA3 
 184 01b8 AD393156 		.ascii	"\25591V\217\317T\3504Z\202N\241%*T\213\374\311\2302"
 184      8FCF54E8 
 184      345A824E 
 184      A1252A54 
 184      8BFCC998 
 185 01cd B44C85AA 		.ascii	"\264L\205\252\340b%\\<Lt\267]\311\370\307\3141\253\365"
 185      E062255C 
 185      3C4C74B7 
ARM GAS  /var/folders/qd/4mxf5pkd0zdf0b9dd1hp39180000gn/T//cc96cu56.s 			page 14


 185      5DC9F8C7 
 185      CC31ABF5 
 186 01e1 5D548374 		.ascii	"]T\203t\250\032aJ\003\311\360]\035\263\346hn\352A\015"
 186      A81A614A 
 186      03C9F05D 
 186      1DB3E668 
 186      6EEA410D 
 187 01f5 BE81A88C 		.ascii	"\276\201\250\214\252=\017\316\013\256d\324\271\2241"
 187      AA3D0FCE 
 187      0BAE64D4 
 187      B99431
 188 0204 59F55E63 		.ascii	"Y\365^c\234\325* \033\3108+\311\000\221L\2105}f\277"
 188      9CD52A20 
 188      1BC8382B 
 188      C900914C 
 188      88357D66 
 189 0219 171EA4CE 		.ascii	"\027\036\244\316\025\236\306\354\311si\3109\227B\346"
 189      159EC6EC 
 189      C97369C8 
 189      399742E6 
 190 0229 BA9767BE 		.ascii	"\272\227g\276$\2064\200\220zI\210M\024r\347\351\256"
 190      24863480 
 190      907A4988 
 190      4D1472E7 
 190      E9AE
 191 023b 780DCEC5 		.ascii	"x\015\316\305\324sYU\023\315n\314\355\356\200NW<\312"
 191      D4735955 
 191      13CD6ECC 
 191      EDEE804E 
 191      573CCA
 192 024e D6E06276 		.ascii	"\326\340bv\257\271?\275[\300\247\030\"\306k\021\217"
 192      AFB93FBD 
 192      5BC0A718 
 192      22C66B11 
 192      8F
 193 025f D7DE99B2 		.ascii	"\327\336\231\262\363\236\270\206\335<1\221\364M|\236"
 193      F39EB886 
 193      DD3C3191 
 193      F44D7C9E 
 194 026f 9D9FBB77 		.ascii	"\235\237\273w\255\311\015_bH\322\311\330\003j\334\315"
 194      ADC90D5F 
 194      6248D2C9 
 194      D8036ADC 
 194      CD
 195 0280 90CA9DD5 		.ascii	"\220\312\235\325#\356\370>C\352^uf\353\360\004C\256"
 195      23EEF83E 
 195      43EA5E75 
 195      66EBF004 
 195      43AE
 196 0292 3EBBB4D7 		.ascii	">\273\264\327\223i\261\000\320\323\003\027\033uL\226"
 196      9369B100 
 196      D0D30317 
 196      1B754C96 
 197 02a2 15013E9B 		.ascii	"\025\001>\233w\345\226;\236e\264U\345\325\215\\\343"
 197      77E5963B 
 197      9E65B455 
 197      E5D58D5C 
ARM GAS  /var/folders/qd/4mxf5pkd0zdf0b9dd1hp39180000gn/T//cc96cu56.s 			page 15


 197      E3
 198 02b3 E58026A7 		.ascii	"\345\200&\247X/x\34285\275\327\270=6Y\207S(\"<o\177"
 198      582F78E2 
 198      3835BDD7 
 198      B83D3659 
 198      87532822 
 199 02ca 9CA971E5 		.ascii	"\234\251q\345\277\016\227\376{\371M\310dt\023\234wC"
 199      BF0E97FE 
 199      7BF94DC8 
 199      6474139C 
 199      7743
 200 02dc C1798D7D 		.ascii	"\301y\215}\257\306|p6\023\027\267\265h7\321S\303\022"
 200      AFC67C70 
 200      361317B7 
 200      B56837D1 
 200      53C312
 201 02ef 530B97EE 		.ascii	"S\013\227\356?{yZ\315.\021n\033\211\2472\357\034\367"
 201      3F7B795A 
 201      CD2E116E 
 201      1B89A732 
 201      EF1CF7
 202 0302 C6079952 		.ascii	"\306\007\231R\265\327*b\275\220\277NL\272\325\231\317"
 202      B5D72A62 
 202      BD90BF4E 
 202      4CBAD599 
 202      CF
 203 0313 48ACBA41 		.ascii	"H\254\272A\\\227$NC\244m&$\316z\337\001\2755\\\357\333"
 203      5C97244E 
 203      43A46D26 
 203      24CE7ADF 
 203      01BD355C 
 204 0329 70B1132E 		.ascii	"p\261\023.\202\214\261\351gej\\\310d\234L\233\315\360"
 204      828CB1E9 
 204      67656A5C 
 204      C8649C4C 
 204      9BCDF0
 205 033c B6CB98AC 		.ascii	"\266\313\230\254Zy\212&]\037\310\350\221dt#\227Bz\225"
 205      5A798A26 
 205      5D1FC8E8 
 205      91647423 
 205      97427A95 
 206 0350 8574245F 		.ascii	"\205t$_\353\322\3402&\244\274\345\316\014\266\013\231"
 206      EBD2E032 
 206      26A4BCE5 
 206      CE0CB60B 
 206      99
 207 0361 EB5EC592 		.ascii	"\353^\305\222\356\036\010\271+\011\351s-\244_Y\310\236"
 207      EE1E08B9 
 207      2B09E973 
 207      2DA45F59 
 207      C89E
 208 0373 F1EE871E 		.ascii	"\361\356\207\036,\274\376\200n\037O\355p\303\225\314"
 208      2CBCFE80 
 208      6E1F4FED 
 208      70C395CC 
 209 0383 DF620B59 		.ascii	"\337b\013Y\310Z\310\336\3557Nc|\236\335K,Ll\364\306"
 209      C85AC8DE 
ARM GAS  /var/folders/qd/4mxf5pkd0zdf0b9dd1hp39180000gn/T//cc96cu56.s 			page 16


 209      ED374E63 
 209      7C9EDD4B 
 209      2C4C6CF4 
 210 0398 571872F0 		.ascii	"W\030r\360l\325c-\356\345\243nF\337\323\341'\014\271"
 210      6CD5632D 
 210      EEE5A36E 
 210      46DFD3E1 
 210      270CB9
 211 03ab 7BE742A9 		.ascii	"{\347B\2517\036cH\325\344\236*\037<\315\220\313\367"
 211      371E6348 
 211      D5E49E2A 
 211      1F3CCD90 
 211      CBF7
 212 03bd E6C674D8 		.ascii	"\346\306t\330\352F\221\366\250\003\220\252\011\014\271"
 212      EA4691F6 
 212      A80390AA 
 212      090CB9
 213 03cc 6B9DC9D4 		.ascii	"k\235\311\324\343\255\024\021\366\324\037<)\330\355"
 213      E3AD1411 
 213      F6D41F3C 
 213      29D8ED
 214 03db 6EFE1649 		.ascii	"n\376\026I\226Q0\372\351[\031\375L\331\350\326\321-"
 214      965130FA 
 214      E95B19FD 
 214      4CD9E8D6 
 214      D12D
 215 03ed B33E388D 		.ascii	"\263>8\215\211K\3329r\330\033\357a\310\314Pz'b&\353"
 215      894BDA39 
 215      72D81BEF 
 215      61C8CC50 
 215      7A276226 
 216 0402 018DAEEA 		.ascii	"\001\215\256\352L\365a\225\321G\323\361J\316\270;\316"
 216      4CF56195 
 216      D147D3F1 
 216      4ACEB83B 
 216      CE
 217 0413 67B46752 		.ascii	"g\264gRw\200\322\305\014\351\311H\252\362\304u\014\251"
 217      7780D2C5 
 217      0CE9C948 
 217      AAF2C475 
 217      0CA9
 218 0425 DD3E56E1 		.ascii	"\335>V\341\201\233\030\2220\325_\352\203\333\335\034"
 218      819B1892 
 218      30D55FEA 
 218      83DBDD1C 
 219 0435 AA6911AB 		.ascii	"\252i\021\253\246'\261\017\372x!.\006\364\320\365\206"
 219      A627B10F 
 219      FA78212E 
 219      06F4D0F5 
 219      86
 220 0446 31377C8B 		.ascii	"17|\213\221\226\304\335?\352\016\367\226@\266#Y\017"
 220      9196C4DD 
 220      3FEA0EF7 
 220      9640B623 
 220      590F
 221 0458 5EC27A70 		.ascii	"^\302zp\231m\274H\215{\231\227\216\027\335\377\275,"
 221      996DBC48 
ARM GAS  /var/folders/qd/4mxf5pkd0zdf0b9dd1hp39180000gn/T//cc96cu56.s 			page 17


 221      8D7B9997 
 221      8E17DDFF 
 221      BD2C
 222 046a CB97C525 		.ascii	"\313\227\305%\220\014\214\026\240*\004\273\237\226p"
 222      900C8C16 
 222      A02A04BB 
 222      9F9670
 223 0479 37455BAD 		.ascii	"7E[\255\207\254x\261\012}\270\004-\007'E\011\376\204"
 223      87AC78B1 
 223      0A7DB804 
 223      2D072745 
 223      09FE84
 224 048c 2975D21C 		.ascii	")u\322\0348\3515s\322\321\375\371\347\274\360C&\240"
 224      38E93573 
 224      D2D1FDF9 
 224      E7BCF043 
 224      26A0
 225 049e A7E8692B 		.ascii	"\247\350i+\226\345\370{'i\216\307\201\204\030I\002\010"
 225      96E5F87B 
 225      27698EC7 
 225      81841849 
 225      0208
 226 04b0 541611AB 		.ascii	"T\026\021\253,\":\355Z\241\007\036e\"\242\317\247\264"
 226      2C223AED 
 226      5AA1071E 
 226      6522A2CF 
 226      A7B4
 227 04c2 6BC5FEE1 		.ascii	"k\305\376\3418|\263\302p\261\020\374Y!$\200&\361\222"
 227      387CB3C2 
 227      70B110FC 
 227      59212480 
 227      26F192
 228 04d5 2671026F 		.ascii	"&q\002o b~/b\371}.\377L\217\027\236\346\221O~]\202q"
 228      20627E2F 
 228      62F97D2E 
 228      FF4C8F17 
 228      9EE6914F 
 229 04ed 94868A1F 		.ascii	"\224\206\212\037\331\226_\256Q\026\277\325\245\370z"
 229      D9965FAE 
 229      5116BFD5 
 229      A5F87A
 230 04fc DABC9241 		.ascii	"\332\274\222Av\222\202\354\232\370\261\010\234H\331"
 230      769282EC 
 230      9AF8B108 
 230      9C48D9
 231 050b A3DC8692 		.ascii	"\243\334\206\222v-Ne\262:\237\267\244\311\222\2322I"
 231      762D4E65 
 231      B23A9FB7 
 231      A4C9929A 
 231      3249
 232 051d 0526DB9D 		.ascii	"\005&\333\235\231((\223\242\354\312\3755\355G\3258\213"
 232      99282893 
 232      A2ECCAFD 
 232      35ED47D5 
 232      388B
 233 052f 09BB3155 		.ascii	"\011\2731U\363R\217\017PD]\030s\354\231\032\371/A@\214"
 233      F3528F0F 
ARM GAS  /var/folders/qd/4mxf5pkd0zdf0b9dd1hp39180000gn/T//cc96cu56.s 			page 18


 233      50445D18 
 233      73EC991A 
 233      F92F4140 
 234 0544 98483279 		.ascii	"\230H2yP\241\335 1M\300\342\\#\313\012\322\236\375\211"
 234      50A1DD20 
 234      314DC0E2 
 234      5C23CB0A 
 234      D29EFD89 
 235 0558 5C867377 		.ascii	"\\\206swzT\220\237\016\362\311-\025\332%,A;\005*\375"
 235      7A54909F 
 235      0EF2C92D 
 235      15DA252C 
 235      413B052A 
 236 056d 7876D3B4 		.ascii	"xv\323\264\207\216So\376:\352\273Ss\347\364\372-\366"
 236      878E536F 
 236      FE3AEABB 
 236      5373E7F4 
 236      FA2DF6
 237 0580 E704CA00 		.ascii	"\347\004\312\000M\304\232U\241LA\317\2474\373o\235\351"
 237      4DC49A55 
 237      A14C41CF 
 237      A734FB6F 
 237      9DE9
 238 0592 51E3C3CC 		.ascii	"Q\343\303\314\250{\326\206k\002.fH\321\241\236<\017"
 238      A87BD686 
 238      6B022E66 
 238      48D1A19E 
 238      3C0F
 239 05a4 7C9A2135 		.ascii	"|\232!5\267w\014y\341j\206\364\024\277\256\326`\033"
 239      B7770C79 
 239      E16A86F4 
 239      14BFAED6 
 239      601B
 240 05b6 43F6DF19 		.ascii	"C\366\337\031-\322\342\006\346\365\233sCCP\326\3762"
 240      2DD2E206 
 240      E6F59B73 
 240      434350D6 
 240      FE32
 241 05c8 C1BF7B47 		.ascii	"\301\277{G\352\025\007@U\203\236\373\237Ef\260\023_"
 241      EA150740 
 241      55839EFB 
 241      9F4566B0 
 241      135F
 242 05da BE07A5A4 		.ascii	"\276\007\245\244F9\202\036\355\227\242c\3203\005\233"
 242      4639821E 
 242      ED97A263 
 242      D033059B 
 243 05ea 6E249D55 		.ascii	"n$\235U\3431&\354HK\237\325\015?gH\365\226\226Yw<\305"
 243      E33126EC 
 243      484B9FD5 
 243      0D3F6748 
 243      F5969659 
 244 0601 90ACCA84 		.ascii	"\220\254\312\204h\035\236aH_t\3435w\374\232!\243O\256"
 244      681D9E61 
 244      485F74E3 
 244      3577FC9A 
 244      21A34FAE 
ARM GAS  /var/folders/qd/4mxf5pkd0zdf0b9dd1hp39180000gn/T//cc96cu56.s 			page 19


 245 0615 CF7AE168 		.ascii	"\317z\341h-E\254\323\265\26758\236!];\247\372<p\"C\012"
 245      2D45ACD3 
 245      B5B73538 
 245      9E215D3B 
 245      A7FA3C70 
 246 062c E6C6B7EB 		.ascii	"\346\306\267\353q2C\246\252\333\017\012\254i\370\001"
 246      713243A6 
 246      AADB0F0A 
 246      AC69F801 
 247 063c 7ACC96D4 		.ascii	"z\314\226\324\204Y\206\347\010\351\330\263\263`\346"
 247      845986E7 
 247      08E9D8B3 
 247      B360E6
 248 064b B037F263 		.ascii	"\2607\362c?_\177?\277\203\304^\333\205G\270+o\313Vk"
 248      3F5F7F3F 
 248      BF83C45E 
 248      DB8547B8 
 248      2B6FCB56 
 249 0660 4E3DA2D6 		.ascii	"N=\242\326\034\"\326\010\276\222\375\263\324\371+\310"
 249      1C22D608 
 249      BE92FDB3 
 249      D4F92BC8 
 250 0670 54978DE8 		.ascii	"T\227\215\350_\232e\265\305bJ}P\231\3724\222\310\207"
 250      5F9A65B5 
 250      C5624A7D 
 250      5099FA34 
 250      92C887
 251 0683 65E4FB9C 		.ascii	"e\344\373\234\311\007\234\231\017\177_\242>\352L\035"
 251      C9079C99 
 251      0F7F5FA2 
 251      3EEA4C1D 
 252 0693 E0447C55 		.ascii	"\340D|U\306:\327\231\270m\236&\3152\362<er\031\3631"
 252      C63AD799 
 252      B86D9E26 
 252      CD32F23C 
 252      657219F3 
 253 06a8 9926F98A 		.ascii	"\231&\371\212\2320\336\251$%R\000\220Z\205\012!\233"
 253      9A30DEA9 
 253      24255200 
 253      905A850A 
 253      219B
 254 06ba 0B209BD1 		.ascii	"\013 \233\3211>\002\022\003\235\202\014*\025\374\320"
 254      313E0212 
 254      039D820C 
 254      2A15FCD0 
 255 06ca 4980D300 		.ascii	"I\200\323\000\345\000'\000\216\003\024\001\024\003\224"
 255      E5002700 
 255      8E031401 
 255      140394
 256 06d9 087EB4DA 		.ascii	"\010~\264\332X\202\015\024.\210\002\206\204\203\212"
 256      58820D14 
 256      2E880286 
 256      84838A
 257 06e8 E796CAAE 		.ascii	"\347\226\312\256\330\353\302\205\007c\254M\313\251f"
 257      D8EBC285 
 257      0763AC4D 
 257      CBA966
ARM GAS  /var/folders/qd/4mxf5pkd0zdf0b9dd1hp39180000gn/T//cc96cu56.s 			page 20


 258 06f7 479C356B 		.ascii	"G\2345kt\266\243^f\365aejf\010)\237\203\005\205X^\201"
 258      74B6A35E 
 258      66F56165 
 258      6A660829 
 258      9F830585 
 259 070e 726215AA 		.ascii	"rb\025\252\260W`\371\334\36037\\O\023\017\357\213\032"
 259      B05760F9 
 259      DCF03337 
 259      5C4F130F 
 259      EF8B1A
 260 0721 CCD0235F 		.ascii	"\314\320#_?\377T\376\254\245\256\260\3138\003B+\271"
 260      3FFF54FE 
 260      ACA5AEB0 
 260      CB380342 
 260      2BB9
 261 0733 2BAAC115 		.ascii	"+\252\301\025U\334T\246\036\324R\326\203$\226\177\300"
 261      55DC54A6 
 261      1ED452D6 
 261      8324967F 
 261      C0
 262 0744 1FEDE5D4 		.ascii	"\037\355\345\324\012Ag\276i=\312|S\351\350\0332I\271"
 262      0A4167BE 
 262      693DCA7C 
 262      53E9E81B 
 262      3249B9
 263 0757 53372CE0 		.ascii	"S7,\340fV\015\217\006\012n\012\270\235!\331\275\365"
 263      66560D8F 
 263      060A6E0A 
 263      B89D21D9 
 263      BDF5
 264 0769 3D7C3673 		.ascii	"=|6s\216\340\247{\323\023\365\2746\310\242\250\261}"
 264      8EE0A77B 
 264      D313F5BC 
 264      36C8A2A8 
 264      B17D
 265 077b AED60377 		.ascii	"\256\326\003w1\342\223sG\3431\276G\221\037\247\227l"
 265      31E29373 
 265      47E331BE 
 265      47911FA7 
 265      976C
 266 078d 81479DAF 		.ascii	"\201G\235\257\237\336\327\317\327\217\374\205\177~\344"
 266      9FDED7CF 
 266      D78FFC85 
 266      7F7EE4
 267 079c DC1F7EAC 		.ascii	"\334\037~\254\222\374\375\026\371\321[~\376~z=\271\350"
 267      92FCFD16 
 267      F9D15B7E 
 267      FE7E7A3D 
 267      B9E8
 268 07ae EF67FFF9 		.ascii	"\357g\377\371\273p\312\020\314S\032\270Sz\301)\347\034"
 268      BB70CA10 
 268      CC531AB8 
 268      537AC129 
 268      E71C
 269 07c0 9DF20A3F 		.ascii	"\235\362\012?<\277\2159\345<8\245\205S+8"
 269      3CBF8D39 
 269      E53C38A5 
ARM GAS  /var/folders/qd/4mxf5pkd0zdf0b9dd1hp39180000gn/T//cc96cu56.s 			page 21


 269      85532B38 
 270 07d0 4516AC46 		.ascii	"E\026\254F\207`\221q\314=\016\031j\203\014=K2\3645H"
 270      87609171 
 270      CC3D0E19 
 270      6A830C3D 
 270      4B32F435 
 271 07e5 6DE21ABC 		.ascii	"m\342\032\274\202\363Y\310\302\031\200\227\000\323\000"
 271      82F359C8 
 271      C2198097 
 271      00D300
 272 07f4 53009300 		.ascii	"S\000\223\000/\000\236\003L\000\214\003\334\005\350"
 272      2F009E03 
 272      4C008C03 
 272      DC05E8
 273 0803 06B803D0 		.ascii	"\006\270\003\320\005p\033\240\031\340\"\300\005\007"
 273      05701BA0 
 273      19E022C0 
 273      0507
 274 0811 2BEAFF8B 		.ascii	"+\352\377\213e\036t\317:\210j\223\334\200r)M\225\325"
 274      651E74CF 
 274      3A886A93 
 274      DC807229 
 274      4D95D5
 275 0824 ABE523FE 		.ascii	"\253\345#\376|\352\265\336^x\210\326\021Y\241\235AN"
 275      7CEAB5DE 
 275      5E7888D6 
 275      1159A19D 
 275      414E
 276 0836 0A56CC6B 		.ascii	"\012V\314k\037O:\0271\372\026\360\354yez\347\220\\r"
 276      1F4F3A17 
 276      31FA16F0 
 276      EC79657A 
 276      E7905C72 
 277 084a 08490BAB 		.ascii	"\010I\013\253\037\007\203\333\341.\351=\350*p\274\304"
 277      1F0783DB 
 277      E12EE93D 
 277      E82A70BC 
 277      C4
 278 085b 0DBE0506 		.ascii	"\015\276\005\006\267\203\302m\000\227\035\224~\224\350"
 278      B783C26D 
 278      00971D94 
 278      7E94E8
 279 086a F6BACC6A 		.ascii	"\366\272\314j\205\331C+hq\201\217Q\254g\231\032W\034"
 279      85D9432B 
 279      6871818F 
 279      51AC6799 
 279      1A571C
 280 087d D4687D93 		.ascii	"\324h}\223\032\235 \372\353\325\350?\202\255\271\213"
 280      1A9D20FA 
 280      EBD5E83F 
 280      82ADB98B 
 281 088d 698E3529 		.ascii	"i\2165)\353 v \250\330\233\273\265Q4\021\256\002Y3'"
 281      EB207620 
 281      A8D89BBB 
 281      B5513411 
 281      AE025933 
 282 08a2 BF08E48D 		.ascii	"\277\010\344\215\216\251\354\240\220\375~\007(q\235"
ARM GAS  /var/folders/qd/4mxf5pkd0zdf0b9dd1hp39180000gn/T//cc96cu56.s 			page 22


 282      8EA9ECA0 
 282      90FD7E07 
 282      28719D
 283 08b1 2B7413CE 		.ascii	"+t\023\316o\2002\327\234\253eZ^-\227A\304\365\267\351"
 283      6F8032D7 
 283      9CAB655A 
 283      5E2D9741 
 283      C4F5B7E9 
 284 08c5 D6761997 		.ascii	"\326v\031\227\370\010\3272\352\003X.\213\3258\237\277"
 284      F808D732 
 284      EA03582E 
 284      8BD5389F 
 284      BF
 285 08d6 AC45BD2E 		.ascii	"\254E\275.f-\352\272c\213b7\237nu\313?\264\203L\036"
 285      662DEABA 
 285      638B6237 
 285      9F6E75CB 
 285      3FB4834C 
 286 08eb 883B5AA5 		.ascii	"\210;Z\245\365\012\241\266\023%\272M\227\222\371\353"
 286      F50AA1B6 
 286      1325BA4D 
 286      9792F9EB 
 287 08fb 25251603 		.ascii	"%%\026\003\273\264djH\242zE\032\177\211\216g\352\336"
 287      BBB4646A 
 287      48A27A45 
 287      1A7F898E 
 287      67EADE
 288 090e 7B85B7B5 		.ascii	"{\205\267\265\304[S\002\351\012\372\272s\262^sLn2c\375"
 288      C45B5302 
 288      E90AFABA 
 288      73B25E73 
 288      4C6E3263 
 289 0923 4F661F59 		.ascii	"Of\037Y8\336R&\227E\264\377\337\245\200>\340\324vg\336"
 289      38DE5226 
 289      9745B4FF 
 289      DFA5803E 
 289      E0D47667 
 290 0938 77A61EFB 		.ascii	"w\246\036\373%\343\335\003T\203\316\274\007\220Sp\346"
 290      25E3DD03 
 290      5483CEBC 
 290      07905370 
 290      E6
 291 0949 B5CA3E08 		.ascii	"\265\312>\010\210R\253d\276h\344\276np\341\353\314\030"
 291      8852AB64 
 291      BE68E4BE 
 291      6E70E1EB 
 291      CC18
 292 095b EA6B22FB 		.ascii	"\352k\"\373\241\344\253\006\321WV\326l\217\362\364\351"
 292      A1E4AB06 
 292      D15756D6 
 292      6C8FF2F4 
 292      E9
 293 096c 1716A161 		.ascii	"\027\026\241ae\025\251A;\2244T\321aD\2751Po\024r\347"
 293      6515A941 
 293      3B943454 
 293      D16144BD 
 293      31506F14 
ARM GAS  /var/folders/qd/4mxf5pkd0zdf0b9dd1hp39180000gn/T//cc96cu56.s 			page 23


 294 0982 19C05380 		.ascii	"\031\300S\200G\000\017\000\356\003\334s\310\247\227"
 294      47000F00 
 294      EE03DC73 
 294      C8A797
 295 0991 9F339F90 		.ascii	"\2373\237\220\360<\002\201\204\203\313y\316\353K\262"
 295      F03C0281 
 295      8483CB79 
 295      CEEB4BB2 
 296 09a1 CEF3F8EB 		.ascii	"\316\363\370\353\250\307\376\225\261\036\000\342\021"
 296      A8C7FE95 
 296      B11E00E2 
 296      11
 297 09ae D7C4B2F6 		.ascii	"\327\304\262\3660\350\320\036\006\024\332\303s\270;"
 297      30E8D01E 
 297      0614DAC3 
 297      73B83B
 298 09bd 41C68F03 		.ascii	"A\306\217\003\303A\036\214a\260\366!X6$Y\006\356\354"
 298      C3411E8C 
 298      61B0F621 
 298      58362459 
 298      06EEEC
 299 09d0 C8727B3A 		.ascii	"\310r{:6d\265\356\320\323\005\371\023>\300u{\030~\207"
 299      3664B5EE 
 299      D0D305F9 
 299      133EC075 
 299      7B187E87 
 300 09e4 B412924A 		.ascii	"\264\022\222Jc\234V\2417\360\304\217w#\211?\2504-\202"
 300      639C56A1 
 300      37F0C48F 
 300      7723893F 
 300      A8342D82 
 301 09f8 30165FE4 		.ascii	"0\026_\344a|\014\246\277x+\323G\200R2\37513\335\305"
 301      617C0CA6 
 301      BF782BD3 
 301      47805232 
 301      FD3133DD 
 302 0a0d 33153D01 		.ascii	"3\025=\001\203\245\307\252=\305\222c\222H\212\021V\223"
 302      83A5C7AA 
 302      3DC59263 
 302      92488A11 
 302      5693
 303 0a1f 528A9DA7 		.ascii	"R\212\235\247\274\354\272\355\027u\203\247\341\324\033"
 303      BCECBAED 
 303      177583A7 
 303      E1D41B
 304 0a2e 434892FA 		.ascii	"CH\222\372\"\1774\221r\234\376:\352\346\317\244\332"
 304      227F3491 
 304      729CFE3A 
 304      EAE6CFA4 
 304      DA
 305 0a3f 7DE99A98 		.ascii	"}\351\232\230\351{\363\254\206\270\020h\346\273\360"
 305      E97BF3AC 
 305      86B81068 
 305      E6BBF0
 306 0a4e 45F5C298 		.ascii	"E\365\302\230\030k\306r\272j~\305\313\200\257\330\330"
 306      186BC672 
 306      BA6A7EC5 
ARM GAS  /var/folders/qd/4mxf5pkd0zdf0b9dd1hp39180000gn/T//cc96cu56.s 			page 24


 306      CB80AFD8 
 306      D8
 307 0a5f C47E463E 		.ascii	"\304~F>\235\376q\206\325\026\205\3512w\213\240@\234"
 307      9DFE7186 
 307      D51685E9 
 307      32778BA0 
 307      409C
 308 0a71 28C8E6F5 		.ascii	"(\310\346\365\377\300\210\311rv\233\022\261\374I{\263"
 308      FFC088C9 
 308      72769B12 
 308      B1FC497B 
 308      B3
 309 0a82 92E73B2C 		.ascii	"\222\347;,\371\320\016\347\251\303\274\005\311\355\037"
 309      F9D00EE7 
 309      A9C3BC05 
 309      C9ED1F
 310 0a91 4ABD39CB 		.ascii	"J\2759\313\231z\3762\340\252\214|\2172\271<\024gx(\310"
 310      997AFE32 
 310      E0AA8C7C 
 310      8F32B93C 
 310      14677828 
 311 0aa6 A434DB99 		.ascii	"\2444\333\231\274q\036\367\227\0373\356dRQ\243L.S\375"
 311      BC711EF7 
 311      971F33EE 
 311      645251A3 
 311      4C2E53FD 
 312 0aba 4905B754 		.ascii	"I\005\267T|n5\271xnqK?v|\012\315\247\226G\272\202u\306"
 312      7C6E35B9 
 312      786E714B 
 312      3F767C0A 
 312      CDA79647 
 313 0ad2 26179D71 		.ascii	"&\027\235qn\202<`H\202\327K+\330&\332\030\211\000\262"
 313      6E823C60 
 313      4882D74B 
 313      2BD826DA 
 313      188900B2 
 314 0ae6 93551FDF 		.ascii	"\223U\037\337\356\325\213\272\021y\035\263\200\216F"
 314      EED58BBA 
 314      11791DB3 
 314      808E46
 315 0af5 88FD8523 		.ascii	"\210\375\205#\001\212\317\211?\304\256\303U\201\035"
 315      018ACF89 
 315      3FC4AEC3 
 315      55811D
 316 0b04 382941C4 		.ascii	"8)A\304!\374\034\376\012\234\207 \362\245\3778\003$"
 316      21FC1CFE 
 316      0A9C8720 
 316      F2A5FF38 
 316      0324
 317 0b16 E7CAEE33 		.ascii	"\347\312\3563q\342O%\262gj\211\343T\214\245\2430\331"
 317      71E24F25 
 317      B2676A89 
 317      E3548CA5 
 317      A330D9
 318 0b29 20075D55 		.ascii	" \007]U\366\333v5%#\3519\331.?P<\250\356C=\344U\226"
 318      F6DB7635 
 318      2523E939 
ARM GAS  /var/folders/qd/4mxf5pkd0zdf0b9dd1hp39180000gn/T//cc96cu56.s 			page 25


 318      D92E3F50 
 318      3CA8EE43 
 319 0b41 4A95E21E 		.ascii	"J\225\342\036J\257>?Uw\\\203\307\334\351\212\341\374"
 319      4AAF3E3F 
 319      55775C83 
 319      C7DCE98A 
 319      E1FC
 320 0b53 DCA4CD87 		.ascii	"\334\244\315\207-/\004\3316\372\"\266\215\336\034[\236"
 320      2D2F04D9 
 320      36FA22B6 
 320      8DDE1C5B 
 320      9E
 321 0b64 E8B97817 		.ascii	"\350\271x\027m\2471\326\005\002\215^\014^\202\2421\211"
 321      6DA731D6 
 321      05028D5E 
 321      0C5E82A2 
 321      3189
 322 0b76 582C5E0C 		.ascii	"X,^\014\177\303\324LZS\353\255I\357\367r\2549}V[o\276"
 322      7FC3D44C 
 322      5A53EBAD 
 322      49EFF772 
 322      AC397D56 
 323 0b8d 5BD28378 		.ascii	"[\322\203x\350\032\350\023B\205\242\260=Lp\012\177\255"
 323      E81AE813 
 323      4285A2B0 
 323      3D4C700A 
 323      7FAD
 324 0b9f B80FA139 		.ascii	"\270\017\2419\241\027\024\217\303\357\301\350}9}\261"
 324      A117148F 
 324      C3EFC1E8 
 324      7D397DB1 
 325 0baf 1E38D783 		.ascii	"\0368\327\203ju\275bk\261N-\360\245\000\010 ;@O\316"
 325      6A75BD62 
 325      6BB14E2D 
 325      F0A50008 
 325      203B404F 
 326 0bc4 56FAB8D6 		.ascii	"V\372\270\326e3\325%\001seRs\267Mj\2712\267\277\007"
 326      6533D525 
 326      01736552 
 326      73B74D6A 
 326      B932B7BF 
 327 0bd9 A9176D25 		.ascii	"\251\027m%\273{@\205\342%]\342\235uI\244\272\314$\336"
 327      BB7B4085 
 327      E2255DE2 
 327      9D7549A4 
 327      BACC24DE 
 328 0bed 9DD6E332 		.ascii	"\235\326\3432\327\272\224\246\034\177\201\345\272\374"
 328      D7BA94A6 
 328      1C7F81E5 
 328      BAFC
 329 0bfb EE1D992A 		.ascii	"\356\035\231*\311T\225$Q\225\307\327K\362\274@\225>"
 329      C9549524 
 329      5195C7D7 
 329      4BF2BC40 
 329      953E
 330 0c0d B29159E1 		.ascii	"\262\221Y\341\266'\006\374r\000Q2\264E\322e\013f\373"
 330      B62706FC 
ARM GAS  /var/folders/qd/4mxf5pkd0zdf0b9dd1hp39180000gn/T//cc96cu56.s 			page 26


 330      72005132 
 330      B445D265 
 330      0B66FB
 331 0c20 56682BD5 		.ascii	"Vh+\325\241cb\262^\207\0370\035j\323K2\370\253\2566"
 331      A16362B2 
 331      5E871F30 
 331      1D6AD34B 
 331      32F8ABAE 
 332 0c35 12A6E6C9 		.ascii	"\022\246\346\311\324\032\376*\305\372\015\3007\337M"
 332      D41AFE2A 
 332      C5FA0DC0 
 332      37DF4D
 333 0c44 B8A663F7 		.ascii	"\270\246c\367\247\350Nj\374\376\313|\023\366\026\331"
 333      A7E84E6A 
 333      FCFECB7C 
 333      13F616D9 
 334 0c54 68AD7A95 		.ascii	"h\255z\225S\256\346\257^\274\000\3375py\314\003\017"
 334      53AEE6AF 
 334      5EBC00DF 
 334      357079CC 
 334      030F
 335 0c66 31E64FEF 		.ascii	"1\346O\357\306\344\372\340q\206\344\264ln\365\300\223"
 335      C6E4FAE0 
 335      7186E4B4 
 335      6C6EF5C0 
 335      93
 336 0c77 0C294D89 		.ascii	"\014)M\211\202h%\260\335\331\230\350\334\033\002Y`\307"
 336      826825B0 
 336      DDD998E8 
 336      DC1B0259 
 336      60C7
 337 0c89 BC798B0B 		.ascii	"\274y\213\013\337:^\226\353\215`uy\320\032\033C\037"
 337      DF3A5E96 
 337      EB8D6075 
 337      79D01A1B 
 337      431F
 338 0c9b 20B7B7A6 		.ascii	" \267\267\246\261\007H\006\326\243\335`r\026V,~\345"
 338      B1074806 
 338      D6A3DD60 
 338      7216562C 
 338      7EE5
 339 0cad 49D42E3E 		.ascii	"I\324.>\200<\267\367`\177\224\211\345\223\250\233\217"
 339      803CB7F7 
 339      607F9489 
 339      E593A89B 
 339      8F
 340 0cbe 59AB000A 		.ascii	"Y\253\000\012\2475\365\335\304\347%j\234J\265\027\252"
 340      A735F5DD 
 340      C4E7256A 
 340      9C4AB517 
 340      AA
 341 0ccf 1BB75DF7 		.ascii	"\033\267]\367D\376\276\366\026\322\305&W\373\200q\266"
 341      44FEBEF6 
 341      16D2C526 
 341      57FB8071 
 341      B6
 342 0ce0 1404C2C5 		.ascii	"\024\004\302\305\225\036{A\266\222\036\344\245W\306"
ARM GAS  /var/folders/qd/4mxf5pkd0zdf0b9dd1hp39180000gn/T//cc96cu56.s 			page 27


 342      951E7B41 
 342      B6921EE4 
 342      A557C6
 343 0cef C3442F9C 		.ascii	"\303D/\234\303\034\225p\273\256\321\013\037a\310\366"
 343      C31C9570 
 343      BBAED10B 
 343      1F61C8F6 
 344 0cff 535DB33E 		.ascii	"S]\263>\270\224)\021w\345\364C\227/\375\016aW\357\223"
 344      B8942911 
 344      77E5F443 
 344      972FFD0E 
 344      6157EF93 
 345 0d13 7A0ED3A9 		.ascii	"z\016\323\251\303A\254C\007\360\374\027Jw\223\373ae"
 345      C341AC43 
 345      07F0FC17 
 345      4A7793FB 
 345      6165
 346 0d25 52C9E4A5 		.ascii	"R\311\344\245\234\315\251\321\342z\206\024\027\316\224"
 346      9CCDA9D1 
 346      E27A8614 
 346      17CE94
 347 0d34 B2D43588 		.ascii	"\262\3245\210\231\233\223\225T\352\3452s\217\320\314"
 347      999B9395 
 347      54EAE532 
 347      738FD0CC 
 348 0d44 3D2C666E 		.ascii	"=,fnNT\32257\371\236\012\334\227\205<\037\213\363\011"
 348      4E54D235 
 348      37F99E0A 
 348      DC97853C 
 348      1F8BF309 
 349 0d58 A0CD2F4F 		.ascii	"\240\315/O/\360\304\315\314\320\262\351\330\036\001"
 349      2FF0C4CD 
 349      CCD0B2E9 
 349      D81E01
 350 0d67 F9EBF9D4 		.ascii	"\371\353\371\324g\317\202h\022\242\002\240?*\031\000"
 350      67CF8268 
 350      12A202A0 
 350      3F2A1900 
 351 0d77 C31D272C 		.ascii	"\303\035',r\356\350\030\270\303A\300\350\213\264>\037"
 351      72EEE818 
 351      B8C341C0 
 351      E88BB43E 
 351      1F
 352 0d88 7C8D5966 		.ascii	"|\215Yf+\253<\251\307]\014\031\235\335[\316\267H\026"
 352      2BAB3CA9 
 352      C75D0C19 
 352      9DDD5BCE 
 352      B74816
 353 0d9b 01FAAA37 		.ascii	"\001\372\2527%E\313wHH\362\217_\354M\364\304\217\371"
 353      2545CB77 
 353      4848F28F 
 353      5FEC4DF4 
 353      C48FF9
 354 0dae C0998A2E 		.ascii	"\300\231\212.=\036\247\210\356v\367\276x\035\331\375"
 354      3D1EA788 
 354      EE76F7BE 
 354      781DD9FD 
ARM GAS  /var/folders/qd/4mxf5pkd0zdf0b9dd1hp39180000gn/T//cc96cu56.s 			page 28


 355 0dbe F1F3D3FB 		.ascii	"\361\363\323\373\371\373\3729\314\033K\300+\305\340"
 355      F9FBFA39 
 355      CC1B4BC0 
 355      2BC5E0
 356 0dcd 1554069A 		.ascii	"\025T\006\232T\362\270\237\201\363\012\354\207N\003"
 356      54F2B89F 
 356      81F30AEC 
 356      874E03
 357 0ddc 54019C04 		.ascii	"T\001\234\0048\205\235Vt\275\005|\276D\014\316\003\203"
 357      38859D56 
 357      74BD057C 
 357      BE440CCE 
 357      0383
 358 0dee 2BB18BE7 		.ascii	"+\261\213\347\256=\033/\262e\325\011 <.y\250\022\373"
 358      AE3D1B2F 
 358      B265D509 
 358      203C2E79 
 358      A812FB
 359 0e01 CAF93E6C 		.ascii	"\312\371>l\221\346a\245\316l\347m\002\016\3777{\340"
 359      91E661A5 
 359      CE6CE76D 
 359      020EFF37 
 359      7BE0
 360 0e13 968312B9 		.ascii	"\226\203\022\271\316\324\262\307\263,\000'\260|2]N\343"
 360      CED4B2C7 
 360      B32C0027 
 360      B07C325D 
 360      4EE3
 361 0e25 23AE9A65 		.ascii	"#\256\232e\334\012\025\271\311\036\337=\335|\237\313"
 361      DC0A15B9 
 361      C91EDF3D 
 361      DD7C9FCB 
 362 0e35 B12695DD 		.ascii	"\261&\225\335[\304\271\275\235{_t\3639\015\251\206\034"
 362      5BC4B9BD 
 362      9D7B5F74 
 362      F3390DA9 
 362      861C
 363 0e47 65DFAEE0 		.ascii	"e\337\256\340[\202yu/l:\034\343\311^\354\266\266\355"
 363      5B827975 
 363      2F6C3A1C 
 363      E3C95EEC 
 363      B6B6ED
 364 0e5a 77C3590C 		.ascii	"w\303Y\0149\325|\344\262\206l\356\307\274U\031\246c"
 364      39D57CE4 
 364      B2866CEE 
 364      C7BC5519 
 364      A663
 365 0e6c CDA9EA98 		.ascii	"\315\251\352\230:\204\374h\256\260\276vu\035\363H-("
 365      3A84FC68 
 365      AEB0BE76 
 365      751DF348 
 365      2D28
 366 0e7e 52038AD8 		.ascii	"R\003\212\330\\\005Yy\263\242\232\017!f\327\203\314"
 366      5C055979 
 366      B3A29A0F 
 366      2166D783 
 366      CC
ARM GAS  /var/folders/qd/4mxf5pkd0zdf0b9dd1hp39180000gn/T//cc96cu56.s 			page 29


 367 0e8f 73606A1D 		.ascii	"s`j\035@\003\300YG\223{\371DK\214\244\315E$\271\363"
 367      4003C059 
 367      47937BF9 
 367      444B8CA4 
 367      CD4524B9 
 368 0ea4 7B99F36D 		.ascii	"{\231\363mXa\245\3218\344\344>\005\255e94 \027]\250"
 368      5861A5D1 
 368      38E4E43E 
 368      05AD6539 
 368      3420175D 
 369 0eb9 285A7476 		.ascii	"(ZtvZ\363\211a-\316\243\376\0252\207\237d\250\221\257"
 369      5AF38961 
 369      2DCEA3FE 
 369      1532879F 
 369      64A891AF 
 370 0ecd BFB2E917 		.ascii	"\277\262\351\027\300\334\2573\335^\031\2551\273He4\002"
 370      C0DCAF33 
 370      DD5E19AD 
 370      31BB4865 
 370      3402
 371 0edf FD7959F3 		.ascii	"\375yY\363\243\225\001b+jFV\262\322_B&<\335\2436>}\351"
 371      A3950162 
 371      2B6A4656 
 371      B2D25F42 
 371      263CDDA3 
 372 0ef7 23A55FDA 		.ascii	"#\245_\332\272-\333\013W\261\240\247\275\276\320\240"
 372      BA2DDB0B 
 372      57B1A0A7 
 372      BDBED0A0 
 373 0f07 C5750CA9 		.ascii	"\305u\014\251\261\215\327\252\361E\206d\236-\275\200"
 373      B18DD7AA 
 373      F1458664 
 373      9E2DBD80 
 374 0f17 713B439E 		.ascii	"q;C\236\036\314\035\022p\007CRcs\006}p\017C\212R\243"
 374      1ECC1D12 
 374      70074352 
 374      6373067D 
 374      700F438A 
 375 0f2d D2043CC0 		.ascii	"\322\004<\300\220\342\350\376\363Z<A\021\367c\205Q\340"
 375      90E2E8FE 
 375      F35A3C41 
 375      11F76385 
 375      51E0
 376 0f3f 71BA69EA 		.ascii	"q\272i\352K\337N\260\265\371\321\242V+-X\262B\274\002"
 376      4BDF4EB0 
 376      B5F9D1A2 
 376      562B2D58 
 376      B242BC02 
 377 0f53 DA7760C5 		.ascii	"\332w`\305\025\"\217\315#\331\204\272\205S\273Z\014"
 377      15228FCD 
 377      23D984BA 
 377      8553BB5A 
 377      0C
 378 0f64 90B63A2C 		.ascii	"\220\266:,\233\336_v\246\237?\275\357\221\363ow\246"
 378      9BDE5F76 
 378      A69F3FBD 
 378      EF91F36F 
ARM GAS  /var/folders/qd/4mxf5pkd0zdf0b9dd1hp39180000gn/T//cc96cu56.s 			page 30


 378      77A6
 379 0f76 972D4DF8 		.ascii	"\227-M\370\356\3040\313\243\2167\024\361E(\342&R\304"
 379      EEC430CB 
 379      A38E3714 
 379      F14528E2 
 379      2652C4
 380 0f89 6D9C1DDD 		.ascii	"m\234\035\335\205\202\220^\205Pv\002\\\007\270\005p"
 380      8582905E 
 380      85507602 
 380      5C07B805 
 380      70
 381 0f9a 0DE08643 		.ascii	"\015\340\206CV\277"
 381      56BF
 382 0fa0 1E966973 		.ascii	"\036\226isI\331Z\231sn\016\313v<[\225\215\025S\361\376"
 382      49D95A99 
 382      736E0ECB 
 382      763C5B95 
 382      8D1553F1 
 383 0fb5 D35D0FD5 		.ascii	"\323]\017\325\3705K\305\302\223\355#\3109\025\355z\337"
 383      F8354BC5 
 383      C293ED23 
 383      C83915ED 
 383      7ADF
 384 0fc7 015DDF56 		.ascii	"\001]\337Vo{J\2264l')\331\005\343nK)\331!\246d\333\304"
 384      6F7B4A96 
 384      346C2729 
 384      D905E36E 
 384      4B29D921 
 385 0fdf A1440D4E 		.ascii	"\241D\015N\322\3234\211m\213\372\021\336\311\316\007"
 385      D2D33489 
 385      6D8BFA11 
 385      DEC9CE07 
 386 0fef 070FA4F3 		.ascii	"\007\017\244\363\017\224\276\005\350\315\232]g\004\235"
 386      0F94BE05 
 386      E8CD9A5D 
 386      67049D
 387 0ffe F492     		.ascii	"\364\222"
 388 1000 9F5C97BA 		.ascii	"\237\\\227\272o\037&\257\030\003\226\240^L\3370\216"
 388      6F1F26AF 
 388      180396A0 
 388      5E4CDF30 
 388      8E
 389 1011 E4B59E20 		.ascii	"\344\265\236 \0179\177\035\372\223\354\325\271?{\254"
 389      0F397F1D 
 389      FA93ECD5 
 389      B93F7BAC 
 390 1021 65A7F6EF 		.ascii	"e\247\366\357\206\331\263\236U\337\363\262\031\373g"
 390      86D9B39E 
 390      55DFF3B2 
 390      19FB67
 391 1030 3FA531D6 		.ascii	"?\2451\326\277\210Z!\3330|\000f\372\363\006\327\017"
 391      BF885A21 
 391      DB307C00 
 391      66FAF306 
 391      D70F
 392 1042 7EB88BA5 		.ascii	"~\270\213\245\017\230>\330K?`\272\017\315\341\236d\231"
 392      0F983ED8 
ARM GAS  /var/folders/qd/4mxf5pkd0zdf0b9dd1hp39180000gn/T//cc96cu56.s 			page 31


 392      4B3F60BA 
 392      0FCDE19E 
 392      6499
 393 1054 3F9F6824 		.ascii	"?\237h$\304\346o\367\304%LH\372\366\376.\255\374\023"
 393      C4E66FF7 
 393      C4254C48 
 393      FAF6FE2E 
 393      ADFC13
 394 1067 910BF4F5 		.ascii	"\221\013\364\365\371\020\014\035\220\206\336\307\366"
 394      F9100C1D 
 394      9086DEC7 
 394      F6
 395 1074 77BEF314 		.ascii	"w\276\363\024\031TP\204\274\355,\351:\247\306\025L\312"
 395      19545084 
 395      BCED2CE9 
 395      3AA7C615 
 395      4CCA
 396 1086 F3C4911C 		.ascii	"\363\304\221\034\327\246<ri\312`'\356n\330B\2424\014"
 396      D7A63C72 
 396      69CA6027 
 396      EE6ED842 
 396      A2340C
 397 1099 0A3D9414 		.ascii	"\012=\224\024\032\302\334\230G\003\211\217\265\013S"
 397      1AC2DC98 
 397      4703898F 
 397      B50B53
 398 10a8 78567CB2 		.ascii	"xV|\262\230\022\246\001\223\035t&\364\030/\024\203\000"
 398      9812A601 
 398      931D7426 
 398      F4182F14 
 398      8300
 399 10ba D4DA9982 		.ascii	"\324\332\231\202\272'\254\300}\375\245\372\316*\341"
 399      BA27ACC0 
 399      7DFDA5FA 
 399      CE2AE1
 400 10c9 F54DBAD3 		.ascii	"\365M\272\323~\0202\012G{\233\233\235W\261=\263\232"
 400      7E10320A 
 400      477B9B9B 
 400      9D57B13D 
 400      B39A
 401 10db 28AB2D63 		.ascii	"(\253-c9\341\216z8\275(\023\245b\247\365\373\213i\236"
 401      39E18E7A 
 401      38BD2813 
 401      A562A7F5 
 401      FB8B699E 
 402 10ef F36492BA 		.ascii	"\363d\222\272\223\223\333s\376\376<\366W\377\310\266"
 402      9393DB73 
 402      FEFE3CF6 
 402      57FFC8B6 
 403 10ff 36C9BA38 		.ascii	"6\311\2728\235\223\333_J\3106B\245RX\254B) ~;\021\337"
 403      9D93DB5F 
 403      4AC83642 
 403      A55258AC 
 403      4229207E 
 404 1116 CD47D0CD 		.ascii	"\315G\320\315@p\3548\244\376\010\300S\200g\000O\034"
 404      4070EC38 
 404      A4FE08C0 
ARM GAS  /var/folders/qd/4mxf5pkd0zdf0b9dd1hp39180000gn/T//cc96cu56.s 			page 32


 404      53806700 
 404      4F1C
 405 1128 A7DD53AC 		.ascii	"\247\335S\254;\214\316{\312\020\305\247\026\246Y\211"
 405      3B8CCE7B 
 405      CA10C5A7 
 405      16A65989 
 406 1138 E2A4449A 		.ascii	"\342\244D\2329_{\3159<6j\342b_x\341\006\026\355\343"
 406      395F7BCD 
 406      393C366A 
 406      E2625F78 
 406      E10616ED 
 407 114d 8FF2766B 		.ascii	"\217\362vk\344\223\364\241\206m$\206/`\370\204\024\303"
 407      E493F4A1 
 407      866D2486 
 407      2F60F884 
 407      14C3
 408 115f 5169923E 		.ascii	"Qi\222>\317\212\347\240\371\333XAf\004g\356\244\371"
 408      CF8AE7A0 
 408      F9DB5841 
 408      660467EE 
 408      A4F9
 409 1171 BC7F88AE 		.ascii	"\274\177\210\256\313 \230\231\307K\023\255)\347`aF\304"
 409      CB209899 
 409      C74B13AD 
 409      29E76061 
 409      46C4
 410 1183 6D63E2EC 		.ascii	"mc\342\354\214U\344\012\374\235\304\357\223o.\036]\214"
 410      8C55E40A 
 410      FC9DC4EF 
 410      936F2E1E 
 410      5D8C
 411 1195 D5E02BAC 		.ascii	"\325\340+\254\254\237Ooy\302\247\237\357\220\365\342"
 411      AC9F4F6F 
 411      79C2A79F 
 411      EF90F5E2 
 412 11a5 81DD7DFC 		.ascii	"\201\335}\374\031TJ\236Am\351\365\035\356\370\026\243"
 412      19544A9E 
 412      416DE9F5 
 412      1DEEF816 
 412      A3
 413 11b6 15BF8E59 		.ascii	"\025\277\216Y\304\276\216\211\037\254<\207\360 \273"
 413      C4BE8E89 
 413      1FAC3C87 
 413      F020BB
 414 11c5 77A6BEE3 		.ascii	"w\246\276\343\034\306\343\014i\352\334\334\342\203\255"
 414      1CC6E30C 
 414      69EADCDC 
 414      E283AD
 415 11d4 5E14D931 		.ascii	"^\024\3311\233\234\252\306[\031\"~\346\270\210}\346"
 415      9B9CAAC6 
 415      5B19227E 
 415      E6B8887D 
 415      E6
 416 11e5 7870744F 		.ascii	"xptO\203\006\357e\367n\347\345\336@\370(C\222;\362/"
 416      8306EF65 
 416      F76EE7E5 
 416      DE40F828 
ARM GAS  /var/folders/qd/4mxf5pkd0zdf0b9dd1hp39180000gn/T//cc96cu56.s 			page 33


 416      43923BF2 
 417 11fa E9F06986 		.ascii	"\351\360i\206T\326&\014{\342\006\206\324\016\327\307"
 417      54D6260C 
 417      7BE20686 
 417      D40ED7C7 
 418 120a 62DCCA90 		.ascii	"b\334\312\220\246\253\005\203j|\233!7N\227\247k\361"
 418      A6AB0583 
 418      6A7C9B21 
 418      374E97A7 
 418      6BF1
 419 121c 10439EDD 		.ascii	"\020C\236\335\270\276\313\003O0\344bY\261\325\015\317"
 419      B8BECB03 
 419      4F30E462 
 419      59B1D50D 
 419      CF
 420 122d 3124EFE5 		.ascii	"1$\357\345\3143\362\202\376\003\362\331\032\226\265"
 420      CC33F282 
 420      FE03F2D9 
 420      1A96B5
 421 123c A30F583B 		.ascii	"\243\017X;:\333r\361\260\036o\361\246Q-\316\232\235"
 421      3ADB72F1 
 421      B01E6FF1 
 421      A6512DCE 
 421      9A9D
 422 124e F5116B18 		.ascii	"\365\021k\030\026\035n\376*\373\222\003mW\373\223A\264"
 422      161D6EFE 
 422      2AFB9203 
 422      6D57FB93 
 422      41B4
 423 1260 8493D54B 		.ascii	"\204\223\325KP\222Z\326\215v\323o~\266\251uh\253\332"
 423      50925AD6 
 423      8D76D36F 
 423      7EB6A975 
 423      68ABDA
 424 1273 1EFD0F78 		.ascii	"\036\375\017x\001\327\246v\015\350\360N&#\272m\347\270"
 424      01D7A676 
 424      0DE8F04E 
 424      2623BA6D 
 424      E7B8
 425 1285 4B193B5C 		.ascii	"K\031;\\\312\200\266u\216\266\255T\220\221\"\311\000"
 425      CA80B675 
 425      8EB6AD54 
 425      909122C9 
 425      00
 426 1296 917C5573 		.ascii	"\221|Us8\306\246\306\373\250\020\3240\220\263\313\023"
 426      38C6A6C6 
 426      FBA810D4 
 426      3090B3CB 
 426      13
 427 12a7 1F66C8D0 		.ascii	"\037f\310\320\334\304\230\200\213\031R?Vz\204wv\342"
 427      DCC49880 
 427      8B19523F 
 427      567A8477 
 427      76E2
 428 12b9 8DBE9486 		.ascii	"\215\276\224\2069\037\227\235}\267\232w\366]j\366\311"
 428      391F979D 
 428      7DB79A77 
ARM GAS  /var/folders/qd/4mxf5pkd0zdf0b9dd1hp39180000gn/T//cc96cu56.s 			page 34


 428      F65D6AF6 
 428      C9
 429 12ca 505D76BA 		.ascii	"P]v\272\273\324\211\020\375\212E\"\317P/\024\007\321"
 429      BBD48910 
 429      FD8A4522 
 429      CF502F14 
 429      07D1
 430 12dc A57D6F63 		.ascii	"\245}oc\211\007\256\246r\027\275\350\030\313\363@~\216"
 430      8907AEA6 
 430      7217BDE8 
 430      18CBF340 
 430      7E8E
 431 12ee 3FF20AD7 		.ascii	"?\362\012\327\227\177!\321\251\235\251\204\374\216\327"
 431      977F21D1 
 431      A99DA984 
 431      FC8ED7
 432 12fd D3EF9A12 		.ascii	"\323\357\232\022\300\302\"\265}\367\222=5c\260l_t1\333"
 432      C0C222B5 
 432      7DF7923D 
 432      3563B06C 
 432      5F7431DB 
 433 1311 EA24C456 		.ascii	"\352$\304VG\342yO\344\227\361\330\232\274\230\222\246"
 433      47E2794F 
 433      E497F1D8 
 433      9ABC9892 
 433      A6
 434 1322 39920638 		.ascii	"9\222\0068\357\240\216%\330Ic\225T\220\323\326\357\306"
 434      EFA08E25 
 434      D8496395 
 434      5490D3D6 
 434      EFC6
 435 1334 D6F4C534 		.ascii	"\326\364\3054 [8\255=\220\001\316\373\270\3032}_a\005"
 435      205B38AD 
 435      3D9001CE 
 435      FBB8C332 
 435      7D5F6105 
 436 1348 7D6765C6 		.ascii	"}ge\306\335\226\021\317)\021\177(\323BF\033\255\244"
 436      DD9611CF 
 436      29117F28 
 436      D342461B 
 436      ADA4
 437 135a 72945A66 		.ascii	"r\224Zf\236\344\211t\005O\310\347`\365\337\224\370f"
 437      9EE48974 
 437      054FC8E7 
 437      60F5DF94 
 437      F866
 438 136c 2A3958EE 		.ascii	"*9X\356\212f\311m\211J:\310_\234\310\364\235Q\262\315"
 438      8A66C96D 
 438      894A3AC8 
 438      5F9CC8F4 
 438      9D51B2CD 
 439 1380 E1B31689 		.ascii	"\341\263\026\211o\234\022_\3713e\370\035B\0129\210v"
 439      6F9C125F 
 439      F93365F8 
 439      1D420A39 
 439      8876
 440 1392 7252972F 		.ascii	"rR\227/o\372e:\274V\322\201e\232\370\036\020\223=\015"
ARM GAS  /var/folders/qd/4mxf5pkd0zdf0b9dd1hp39180000gn/T//cc96cu56.s 			page 35


 440      6FFA653A 
 440      BC56D281 
 440      659AF81E 
 440      10933D0D 
 441 13a6 A099BF48 		.ascii	"\240\231\277H\271\331\201%N\233\2254\224E\252_2&^\211"
 441      B9D98125 
 441      4E9B9534 
 441      9445AA5F 
 441      32265E89 
 442 13ba 549E012F 		.ascii	"T\236\001/%\332\030%\332\031\247\365\232\240B/!\367"
 442      25DA1825 
 442      DA19A7F5 
 442      9AA0422F 
 442      21F7
 443 13cc A669FF27 		.ascii	"\246i\377'\324\344\211p\024\272\311\021\265\037:\010"
 443      D4E48970 
 443      14BAC911 
 443      B51F3A08 
 444 13dc 900DB00F 		.ascii	"\220\015\260\017 \027\340\030@\026@\001\300a\200\275"
 444      2017E018 
 444      40164001 
 444      C06180BD 
 445 13ec 00850007 		.ascii	"\000\205\000\007\000\366\000\344\000\344\003\354\007"
 445      00F600E4 
 445      00E403EC 
 445      07
 446 13f9 C80338A4 		.ascii	"\310\0038\244\266?\211n\216\265\225h\360\010ke\317\253"
 446      B63F896E 
 446      8EB59568 
 446      F0086B65 
 446      CFAB
 447 140b ABA61C27 		.ascii	"\253\246\034'\25425P)H\377si\302?R\311\244oYJ@H\261"
 447      AC323550 
 447      2948FF73 
 447      69C23F52 
 447      C9A46F59 
 448 1423 D41149A0 		.ascii	"\324\021I\240\330\267\337\30355n\276\\\271\315.\225"
 448      D8B7DFC3 
 448      35356EBE 
 448      5CB9CD2E 
 448      95
 449 1434 53FD5FFB 		.ascii	"S\375_\373hhw\357\214\033<\255Kmtw9?\246\005\232\253"
 449      686877EF 
 449      8C1B3CAD 
 449      4B6D7477 
 449      393FA605 
 450 144a 808E83B8 		.ascii	"\200\216\203\270)\376\254\226bE\256\374\017hvBM\236"
 450      29FEAC96 
 450      6245AEFC 
 450      0F687642 
 450      4D9E
 451 145c D6F7678A 		.ascii	"\326\367g\212*\371G\277\032\362p\272\024[\355\351\262"
 451      2AF947BF 
 451      1AF270BA 
 451      145BEDE9 
 451      B2
 452 146d 3B9789DD 		.ascii	";\227\211\335\371$\353\316\023[\342&\371\377A _g\027"
ARM GAS  /var/folders/qd/4mxf5pkd0zdf0b9dd1hp39180000gn/T//cc96cu56.s 			page 36


 452      F924EBCE 
 452      135BE226 
 452      F9FF4120 
 452      5F6717
 453 1480 F4A7B720 		.ascii	"\364\247\267 \347f\015\315\000\235R\323\322\241\315"
 453      E7660DCD 
 453      009D52D3 
 453      D2A1CD
 454 148f 9AF2A008 		.ascii	"\232\362\240\010\214x\235<5\214\344\233h/\034wY\324"
 454      8C789D3C 
 454      358CE49B 
 454      682F1C77 
 454      59D4
 455 14a1 7497851C 		.ascii	"t\227\205\034\311d\341IU\262'\236dO\225\302\344\271"
 455      C964E149 
 455      55B2279E 
 455      644F95C2 
 455      E4B9
 456 14b3 7437977B 		.ascii	"t7\227{ug\324\362\315\367\273\265\243#d\277\333\326"
 456      7567D4F2 
 456      CDF7BBB5 
 456      A32364BF 
 456      DBD6
 457 14c5 67B5750D 		.ascii	"g\265u\015i[[\342\255m`\337g\224\016UH\201\204S\307"
 457      695B5BE2 
 457      AD6D60DF 
 457      67940E55 
 457      48818453 
 458 14da 2DEF4A35 		.ascii	"-\357J5\331n\356\333?\230\346\205\017\371P\301\023\351"
 458      D96EEEDB 
 458      3F98E685 
 458      0FF950C1 
 458      13E9
 459 14ec 2F863D38 		.ascii	"/\206=8\263\206G\270\300\221Y\225\304\254\312\231Y5"
 459      B38647B8 
 459      C0915995 
 459      C4ACCA99 
 459      5935
 460 14fe 6576E4EE 		.ascii	"ev\344\356\266\\-.a\314\216\025\355+\365\306\325\014"
 460      B65C2D2E 
 460      61CC8E15 
 460      ED2BF5C6 
 460      D50C
 461 1510 49AA6FC8 		.ascii	"I\252o\310\326\250!2\265d$\271\2629gO\235;\227\3251"
 461      D6A82132 
 461      B56424B9 
 461      B239674F 
 461      9D3B97D5 
 462 1525 ADCD2CD8 		.ascii	"\255\315,\330\267\325\232\023e\375\244I\240\302jDa\350"
 462      B7D59A13 
 462      65FDA449 
 462      A0C26A44 
 462      61E8
 463 1537 AC5A4D30 		.ascii	"\254ZM0Gy6*/9\356X\224\026O2\021\325IE\217=9\303\336"
 463      4779362A 
 463      2F39EE58 
 463      94164F32 
ARM GAS  /var/folders/qd/4mxf5pkd0zdf0b9dd1hp39180000gn/T//cc96cu56.s 			page 37


 463      11D54945 
 464 1550 216D6552 		.ascii	"!meR\022c\370\031\345W')_\347\314\254\2362;<9\225\344"
 464      1263F819 
 464      E5572729 
 464      5FE7CCAC 
 464      9E323B3C 
 465 1567 8DA31650 		.ascii	"\215\243\026Pf\217o\346\267\351%Od9z\242Ab\326\340\314"
 465      668F6FE6 
 465      B7E9254F 
 465      64397AA2 
 465      4162D6E0 
 466 157c EC1C6536 		.ascii	"\354\034e6\021\225V\342\216\223\026\2700~\372j\312u"
 466      119556E2 
 466      8E9316B8 
 466      307EFA6A 
 466      CA75
 467 158e BD647CA1 		.ascii	"\275d|\241\223\361\347\355\3067\202\361\347\235E\\\240"
 467      93F1E7ED 
 467      C63782F1 
 467      E79D455C 
 467      A0
 468 159f 222EBC4A 		.ascii	"\".\274J\2679l\322v9\344W\023\317\257&\232_\205\311"
 468      B7396CD2 
 468      7639E457 
 468      13CFAF26 
 468      9A5F85C9 
 469 15b3 B9530EDF 		.ascii	"\271S\016\337\251&;\354\350^\344\304\027)\361\376kG"
 469      A9263BEC 
 469      E85EE4C4 
 469      1729F1FE 
 469      6B47
 470 15c5 EE79E04C 		.ascii	"\356y\340L\246\374\201\313\343\273t\370\010C\212\307"
 470      A6FC81CB 
 470      E3BB74F8 
 470      08438AC7 
 471 15d5 268A35AC 		.ascii	"&\2125\254(\310\377\245I\355\256{\351\345\262\242.\213"
 471      28C8FFA5 
 471      49EDAE7B 
 471      E9E5B2A2 
 471      2E8B
 472 15e7 157589CF 		.ascii	"\025u\211\317wb\332Ox;\227\220\270jR\241VZB\227\305"
 472      7762DA4F 
 472      783B9790 
 472      B86A52A1 
 472      565A4297 
 473 15fc F9CEF1A9 		.ascii	"\371\316\361\251\271q79u\306\233\250\333F.d\353\240"
 473      B9713739 
 473      75C69BA8 
 473      DB462E64 
 473      EBA0
 474 160e 4BB4B12E 		.ascii	"K\264\261.q%/\316\032\025\017\313\224+\360\000k\001"
 474      71252FCE 
 474      1A150FCB 
 474      942BF000 
 474      6B01
 475 1620 6F26E2F7 		.ascii	"o&\342\367d\203\233\325\254M\264\251\337W}{\331\262"
 475      64839BD5 
ARM GAS  /var/folders/qd/4mxf5pkd0zdf0b9dd1hp39180000gn/T//cc96cu56.s 			page 38


 475      AC4DB4A9 
 475      DF577D7B 
 475      D9B2
 476 1632 00F62F3C 		.ascii	"\000\366/<2\300l\011\2104\007\005\004\2553\033\327\232"
 476      32C06C09 
 476      88340705 
 476      04AD331B 
 476      D79A
 477 1644 222DE64D 		.ascii	"\"-\346M\313\202\334\177\376\313\337\276\373\351\212"
 477      CB82DC7F 
 477      FECBDFBE 
 477      FBE98A
 478 1653 152A5D84 		.ascii	"\025*]\204\301l\014\014\2110\233\302u\006\303zS\230"
 478      C16C0C0C 
 478      89309BC2 
 478      7506C37A 
 478      5398
 479 1665 E5C39506 		.ascii	"\345\303\225\006\313\016\024\360\223\210\210\020SP\240"
 479      CB0E14F0 
 479      93888810 
 479      5350A0
 480 1674 C5141E16 		.ascii	"\305\024\036\026\031\360\323\240\020SD\244\321`\\\032"
 480      19F0D3A0 
 480      105344A4 
 480      D1605C1A 
 481 1684 B13EE8CB 		.ascii	"\261>\350\313\225\313\002#\"\002>\015\017\263\030\303"
 481      95CB0223 
 481      22023E0D 
 481      0FB318C3 
 482 1694 2CF36E06 		.ascii	",\363n\006\374&<<$2`mP\320\322@s\350\322\260\3600\343"
 482      FC263C3C 
 482      2432606D 
 482      50D0D240 
 482      73E8D2B0 
 483 16ab 5263E017 		.ascii	"Rc\340\027\246\245\037-]\271|\305GK\377\260jih\340\357"
 483      A6A51F2D 
 483      5DB97CC5 
 483      474BFFB0 
 483      6A6968E0 
 484 16c0 C3CD010E 		.ascii	"\303\315\001\016w\003LaA!\353\203\215\001\241\201A\353"
 484      77034C61 
 484      4121EB83 
 484      8D01A181 
 484      41EB
 485 16d2 4C61C600 		.ascii	"La\306\000C\260qM\340\372\020\213\301\262)\302\030\271"
 485      43B0714D 
 485      E0FA108B 
 485      C1B229C2 
 485      18B9
 486 16e4 6C9DCA5D 		.ascii	"l\235\312]T.\341\377O\271\310M\221\001\206HK0h\002\032"
 486      542EE1FF 
 486      4FB9C84D 
 486      91018648 
 486      4B306802 
 487 16f9 692DC46D 		.ascii	"i-\304m\006\313*'gG\204\233A\362O~\365\371\247\237o"
 487      06CB2A27 
 487      6747849B 
ARM GAS  /var/folders/qd/4mxf5pkd0zdf0b9dd1hp39180000gn/T//cc96cu56.s 			page 39


 487      41F24F7E 
 487      F5F9A79F 
 488 170e 0C080A0F 		.ascii	"\014\010\012\017\2150\205\030\315\221\001?\377\364S"
 488      8D308518 
 488      CD91013F 
 488      FFF453
 489 171d 8881688E 		.ascii	"\210\201h\216G\204!\324\2621\004\342\241\0115\204\031"
 489      478421D4 
 489      B23104E2 
 489      A1093584 
 489      19
 490 172e 375AB4A1 		.ascii	"7Z\264\241\206\360\257\302\214f8\376a\275q\275Q\023"
 490      86F0AFC2 
 490      8C6638FE 
 490      61BD71BD 
 490      5113
 491 1740 412F2F08 		.ascii	"A//\010Zg\260@\344\002\203#\355\327#\314\306\015>\016"
 491      5A67B040 
 491      E4028323 
 491      EDD723CC 
 491      C60D3E0E 
 492 1754 170D307C 		.ascii	"\027\0150|\275\305\270\321`q\007zz\012\2215F\030\303"
 492      BDC5B8D1 
 492      6071077A 
 492      7A0A9135 
 492      4618C3
 493 1767 40D7B59E 		.ascii	"@\327\265\236\306\015\340\214\320\300\310/\015\0267"
 493      C60DE08C 
 493      D0C0C82F 
 493      0D1637
 494 1776 901BB9D6 		.ascii	"\220\033\271\326\303`\340\336\324\362\243\033\\5Xt\364"
 494      C360E0DE 
 494      D4F2A31B 
 494      5C355874 
 494      F4
 495 1787 2E65090A 		.ascii	".e\011\012~\025h\262\300p\037\231\012Dao9b\260\340\010"
 495      7E1568B2 
 495      C0701F99 
 495      0A44616F 
 495      3962B0E0 
 496 179c C37A8DF1 		.ascii	"\303z\215\361+\302^\363\225\005\214\212\200C\24414\302"
 496      2BC25EF3 
 496      95058C8A 
 496      8043A431 
 496      34C2
 497 17ae 2DD21014 		.ascii	"-\322\020\024fq\003\0001\\Q=\360\202{\201\021\353\302"
 497      66710300 
 497      315C513D 
 497      F0827B81 
 497      11EBC2
 498 17c1 CD46B7AF 		.ascii	"\315F\267\257,\026s\304B\306\016\362p\215\321"
 498      2C1673C4 
 498      42C60EF2 
 498      708DD1
 499 17d0 6C0C0B02 		.ascii	"l\014\013\002c\200A\370\027\277\217p7n4Y\202\302\203"
 499      638041F8 
 499      17BF8F70 
ARM GAS  /var/folders/qd/4mxf5pkd0zdf0b9dd1hp39180000gn/T//cc96cu56.s 			page 40


 499      376E3459 
 499      82C283
 500 17e3 8D1A73F0 		.ascii	"\215\032s\360&\320KC\222uM\244\007K\324\217\201\253"
 500      26D04B43 
 500      92754DA4 
 500      074BD48F 
 500      81AB
 501 17f5 78B490EB 		.ascii	"x\264\220\353p\2140\254\011\011\\\033\251\265\204\302"
 501      708C30AC 
 501      09095C1B 
 501      A9B584C2 
 502 1805 288A475A 		.ascii	"(\212GZ\002-Fw\013=\000cpj`\250Q\035\264.\320\0147\303"
 502      022D4677 
 502      0B3D0063 
 502      706A60A8 
 502      511DB42E 
 503 181d 43828DE4 		.ascii	"C\202\215\344\030f\374\312h\006\317\004Y6b\363\212\017"
 503      1866FCCA 
 503      6806CF04 
 503      593662F3 
 503      8A0F
 504 182f 8510B33B 		.ascii	"\205\020\263;\324\012\344\200\301\362\376\033\203\273"
 504      D40AE480 
 504      C1F2FE1B 
 504      83BB
 505 183d 2E08CC80 		.ascii	".\010\314\200h\012\346\217\004\363j\301\374\003\301"
 505      680AE68F 
 505      04F36AC1 
 505      FC03C1
 506 184c BC0A38AC 		.ascii	"\274\0128\254\000X.\230\177(\230?\366$\003\210\263\201"
 506      00582E98 
 506      7F28983F 
 506      F6240388 
 506      B381
 507 185e F7DF7D3D 		.ascii	"\367\337}=/\303\206\325\241$\265\202H\002o\264\320`"
 507      2FC386D5 
 507      A124B582 
 507      48026FB4 
 507      D060
 508 1870 9BC23DEC 		.ascii	"\233\302=\354\021\000eC# \207\335\271\323,\357:\361"
 508      11006543 
 508      232087DD 
 508      B9D32CEF 
 508      3AF1
 509 1882 14533568 		.ascii	"\024S5h]d\320\272``\345\334\012$\002\010\025\334\367"
 509      5D64D0BA 
 509      6060E5DC 
 509      0A240208 
 509      15DCF7
 510 1895 73CD6053 		.ascii	"s\315`S\244\230\255\256\231@0\341>d\351\257\214k\177"
 510      A498ADAE 
 510      994030E1 
 510      3E64E9AF 
 510      8C6B7F
 511 18a8 6632475A 		.ascii	"f2GZ~C\025sV\313\271\001\251|\350\210_\202\215l\000"
 511      7E431573 
 511      56CBB901 
ARM GAS  /var/folders/qd/4mxf5pkd0zdf0b9dd1hp39180000gn/T//cc96cu56.s 			page 41


 511      A97CE888 
 511      5F828D6C 
 512 18bd 24C66FD6 		.ascii	"$\306o\326\005\377\312\030b\014\2144~\307\245\270\340"
 512      05FFCA18 
 512      620C8C34 
 512      7EC7A5B8 
 512      E0
 513 18ce 4D103F53 		.ascii	"M\020?S\020qy\320:]h 8\226\016\307\301_\320<%:\033C"
 513      107179D0 
 513      3A5D6820 
 513      38960EC7 
 513      C15FD03C 
 514 18e6 A1797CB1 		.ascii	"\241y|\261~\255GD`\230)\210$\264\267\3742d\301\006\013"
 514      7EAD4744 
 514      60982988 
 514      24B4B7FC 
 514      3264C106 
 515 18fb 495DF70D 		.ascii	"I]\367\015\026\270\022b\011\364 \267M\241$a\340\022"
 515      16B81262 
 515      09F420B7 
 515      4DA12461 
 515      E012
 516 190d A92E725C 		.ascii	"\251.r\\\263>,\010H\310\201\335\020\313q\203\311lY\037"
 516      B33E2C08 
 516      48C881DD 
 516      10CB7183 
 516      C96C591F 
 517 1921 18622043 		.ascii	"\030b C\314\0322\"\320\354\343p\321`y\307\231\216U\213"
 517      CC1A3222 
 517      D0ECE370 
 517      D16079C7 
 517      998E558B 
 518 1935 0EA8B9B0 		.ascii	"\016\250\271\260o(\334\20624\223\243\326\314S\323\314"
 518      6F28DC86 
 518      323493A3 
 518      D6CC53D3 
 518      CC
 519 1946 53D34C52 		.ascii	"S\323LRSc\246\311\000\027i)y\201\010b\372&:\324\003"
 519      5363A6C9 
 519      00176929 
 519      79810862 
 519      FA263AD4 
 520 195b 48D69BA1 		.ascii	"H\326\233\241~,z\351\242\301\342a\367\211\267)8\304"
 520      7E2C7AE9 
 520      A2C1E261 
 520      F789B729 
 520      38C4
 521 196d C8B3082A 		.ascii	"\310\263\010*\233w\373\325\253\240e\210'\272H\313\227"
 521      9B77FBD5 
 521      ABA06588 
 521      27BA48CB 
 521      97
 522 197e 8121A6B5 		.ascii	"\201!\246\265a\006\213\247\344K\332R\250\347\274\203"
 522      61068BA7 
 522      E44BDA52 
 522      A8E7BC83 
 523 198e D618C2D7 		.ascii	"\326\030\302\327\254!\036\202\362\006\032\206\222\332"
ARM GAS  /var/folders/qd/4mxf5pkd0zdf0b9dd1hp39180000gn/T//cc96cu56.s 			page 42


 523      AC211E82 
 523      F2061A86 
 523      92DA
 524 199c D3F3735A 		.ascii	"\323\363sZ~\"B\213\316\307\216|\031b\0125\331G\221:"
 524      7E22428B 
 524      CEC78E7C 
 524      19620A35 
 524      D947913A 
 525 19b0 1409A9B1 		.ascii	"\024\011\251\261\"B-\326q\004\314\366\264K5\205{I\255"
 525      22422DD6 
 525      7104CCF6 
 525      B44B3585 
 525      7B49AD
 526 19c3 C8F44723 		.ascii	"\310\364G#Q\222x\217\234\353\340<\302b\026O7\200K\341"
 526      5192788F 
 526      9CEBE03C 
 526      C262164F 
 526      37804BE1 
 527 19d7 E9C0AD5C 		.ascii	"\351\300\255\\\261\232[IN\264\3044 #\307?\032\315\224"
 527      B19A5B49 
 527      4EB4C434 
 527      2023C73F 
 527      1ACD94
 528 19ea A729181C 		.ascii	"\247)\030\034gZc2\232Ei\204\257\353\322\260'24rHJ\226"
 528      675A6332 
 528      9A456984 
 528      AFEBD2B0 
 528      27323472 
 529 1a01 56A0CEAF 		.ascii	"V\240\316\2577E\3766,$<\350\3137\024\314&RP\254-\254"
 529      3745FE36 
 529      2C243CE8 
 529      CB3714CC 
 529      265250AC 
 530 1a17 A7B47A83 		.ascii	"\247\264z\203\301\030\026\370\005D\307d\376\203W`\310"
 530      C11816F8 
 530      0544C764 
 530      FE835760 
 530      C8
 531 1a28 57819B22 		.ascii	"W\201\233\"\241c\204\300c\360\373r6\220~\001\237~\376"
 531      A16384C0 
 531      63F0FB72 
 531      36907E01 
 531      9F7EFE
 532 1a3b EB5FFC5A 		.ascii	"\353_\374Z\342F:FP\350\317 E\231& \377\337\200\243\007"
 532      E2463A46 
 532      50E8CF20 
 532      45992620 
 532      FFDF80A3 
 533 1a50 E54E787B 		.ascii	"\345Nx{\031\014\301\246H;s\003\315j\203a\331\017V\257"
 533      190CC1A6 
 533      483B7303 
 533      CD6A8361 
 533      D90F56AF 
 534 1a64 5AE92E62 		.ascii	"Z\351.b\377\013\222\326\250\201"
 534      FF0B92D6 
 534      A881
 535              		.text
ARM GAS  /var/folders/qd/4mxf5pkd0zdf0b9dd1hp39180000gn/T//cc96cu56.s 			page 43


 536              		.section	.gnu.lto_.symtab.6262d91c9997c5a5,"",%progbits
 537 0000 63685265 		.ascii	"chRegFirstThread\000"
 537      67466972 
 537      73745468 
 537      72656164 
 537      00
 538 0011 00       		.ascii	"\000"
 539 0012 00       		.ascii	"\000"
 540 0013 00       		.ascii	"\000"
 541 0014 00000000 		.ascii	"\000\000\000\000\000\000\000\000"
 541      00000000 
 542 001c 85010000 		.ascii	"\205\001\000\000"
 543 0020 63685265 		.ascii	"chRegNextThread\000"
 543      674E6578 
 543      74546872 
 543      65616400 
 544 0030 00       		.ascii	"\000"
 545 0031 00       		.ascii	"\000"
 546 0032 00       		.ascii	"\000"
 547 0033 00000000 		.ascii	"\000\000\000\000\000\000\000\000"
 547      00000000 
 548 003b 89010000 		.ascii	"\211\001\000\000"
 549 003f 63685F64 		.ascii	"ch_debug\000"
 549      65627567 
 549      00
 550 0048 00       		.ascii	"\000"
 551 0049 00       		.ascii	"\000"
 552 004a 00       		.ascii	"\000"
 553 004b 00000000 		.ascii	"\000\000\000\000\000\000\000\000"
 553      00000000 
 554 0053 32020000 		.ascii	"2\002\000\000"
 555 0057 636800   		.ascii	"ch\000"
 556 005a 00       		.ascii	"\000"
 557 005b 02       		.ascii	"\002"
 558 005c 00       		.ascii	"\000"
 559 005d 00000000 		.ascii	"\000\000\000\000\000\000\000\000"
 559      00000000 
 560 0065 F7010000 		.ascii	"\367\001\000\000"
 561 0069 63685468 		.ascii	"chThdRelease\000"
 561      6452656C 
 561      65617365 
 561      00
 562 0076 00       		.ascii	"\000"
 563 0077 02       		.ascii	"\002"
 564 0078 00       		.ascii	"\000"
 565 0079 00000000 		.ascii	"\000\000\000\000\000\000\000\000"
 565      00000000 
 566 0081 8D010000 		.ascii	"\215\001\000\000"
 567              		.text
 568              		.section	.gnu.lto_.opts,"",%progbits
 569 0000 272D666D 		.ascii	"'-fmath-errno' '-fsigned-zeros' '-ftrapping-math' '"
 569      6174682D 
 569      6572726E 
 569      6F272027 
 569      2D667369 
 570 0033 2D666E6F 		.ascii	"-fno-trapv' '-fno-openmp' '-fno-openacc' '-mcpu=cor"
 570      2D747261 
ARM GAS  /var/folders/qd/4mxf5pkd0zdf0b9dd1hp39180000gn/T//cc96cu56.s 			page 44


 570      70762720 
 570      272D666E 
 570      6F2D6F70 
 571 0066 7465782D 		.ascii	"tex-m0' '-mno-thumb-interwork' '-mthumb' '-O2' '-fo"
 571      6D302720 
 571      272D6D6E 
 571      6F2D7468 
 571      756D622D 
 572 0099 6D69742D 		.ascii	"mit-frame-pointer' '-falign-functions=16' '-ffuncti"
 572      6672616D 
 572      652D706F 
 572      696E7465 
 572      72272027 
 573 00cc 6F6E2D73 		.ascii	"on-sections' '-fdata-sections' '-fno-common' '-flto"
 573      65637469 
 573      6F6E7327 
 573      20272D66 
 573      64617461 
 574 00ff 2700     		.ascii	"'\000"
 575              		.text
 576              		.comm	__gnu_lto_v1,1,1
 577              		.comm	__gnu_lto_slim,1,1
 578              		.ident	"GCC: (GNU Tools for Arm Embedded Processors 7-2017-q4-major) 7.2.1 20170904 (release) [ARM
ARM GAS  /var/folders/qd/4mxf5pkd0zdf0b9dd1hp39180000gn/T//cc96cu56.s 			page 45


DEFINED SYMBOLS
                            *ABS*:0000000000000000 chregistry.c
                            *COM*:0000000000000001 __gnu_lto_v1
                            *COM*:0000000000000001 __gnu_lto_slim

NO UNDEFINED SYMBOLS
