ARM GAS  /var/folders/qd/4mxf5pkd0zdf0b9dd1hp39180000gn/T//cchBr9u4.s 			page 1


   1              		.cpu cortex-m4
   2              		.eabi_attribute 27, 1
   3              		.eabi_attribute 28, 1
   4              		.eabi_attribute 20, 1
   5              		.eabi_attribute 21, 1
   6              		.eabi_attribute 23, 3
   7              		.eabi_attribute 24, 1
   8              		.eabi_attribute 25, 1
   9              		.eabi_attribute 26, 1
  10              		.eabi_attribute 30, 2
  11              		.eabi_attribute 34, 1
  12              		.eabi_attribute 18, 4
  13              		.file	"board.c"
  14              		.section	.gnu.lto_.profile.c4fd36e7d84b1738,"",%progbits
  15 0000 789C6363 		.ascii	"x\234cc```\001bF\006>f\000\000\227\000\035"
  15      60606001 
  15      6246063E 
  15      66000097 
  15      001D
  16              		.text
  17              		.section	.gnu.lto_.icf.c4fd36e7d84b1738,"",%progbits
  18 0000 789C6363 		.ascii	"x\234cc``\020a@\000f\206W\377\266}\342el9?a\026\013"
  18      60601061 
  18      40006686 
  18      57FFB67D 
  18      E2656C39 
  19 0018 D3BA2BCB 		.ascii	"\323\272+\313\036\3621\000\000g7\011V"
  19      1EF23100 
  19      00673709 
  19      56
  20              		.text
  21              		.section	.gnu.lto_.jmpfuncs.c4fd36e7d84b1738,"",%progbits
  22 0000 789C6363 		.ascii	"x\234cc``\340d@\000&\020\301\010\304\000\001\202\000"
  22      6060E064 
  22      40002610 
  22      C108C400 
  22      018200
  23 0013 13       		.ascii	"\023"
  24              		.text
  25              		.section	.gnu.lto_.inline.c4fd36e7d84b1738,"",%progbits
  26 0000 789C6363 		.ascii	"x\234cc``\320f@\000&\006\006\026\036F\020\305\300\266"
  26      6060D066 
  26      40002606 
  26      06161E46 
  26      10C5C0B6 
  27 0014 401E4431 		.ascii	"@\036D10r\201\010\006f&Ta\006\000-\266\001\351"
  27      30728108 
  27      06662654 
  27      6106002D 
  27      B601E9
  28              		.text
  29              		.section	.gnu.lto_.pureconst.c4fd36e7d84b1738,"",%progbits
  30 0000 789C6363 		.ascii	"x\234cc```\005b&\006\011F\006\000\000\334\000'"
  30      60606005 
  30      62260609 
  30      46060000 
  30      DC0027
ARM GAS  /var/folders/qd/4mxf5pkd0zdf0b9dd1hp39180000gn/T//cchBr9u4.s 			page 2


  31              		.text
  32              		.section	.gnu.lto___early_init.c4fd36e7d84b1738,"",%progbits
  33 0000 789C6363 		.ascii	"x\234cc``X\005\304\226@,\015\304\214\314\014\214L\023"
  33      60605805 
  33      C496402C 
  33      0DC48CCC 
  33      0C8C4C13 
  34 0014 CE313034 		.ascii	"\316104r012\202\030\015\034\214\014\365L\214\365\214"
  34      72303132 
  34      82180D1C 
  34      8C0CF54C 
  34      8CF58C
  35 0027 3DCC5398 		.ascii	"=\314S\230\031\017\265?\333\311\244\271\274\001\010"
  35      190FB53F 
  35      DBC9A4B9 
  35      BC0108
  36 0036 0E4C9FC7 		.ascii	"\016L\237\307\326\326\320*1\207\231\201a\032\020\203"
  36      D6D6D02A 
  36      31879981 
  36      611A1083 
  37 0046 00E36646 		.ascii	"\000\343fFM\006\240\262G\033\377M\345ec\201\2103nad"
  37      4D06A0B2 
  37      471BFF4D 
  37      E5656381 
  37      88336E61 
  38 005b 63600432 		.ascii	"c`\0042\326_b=\320\360\357\177{\303\2013\213\031\267"
  38      D65F623D 
  38      D0F0EF7F 
  38      7BC38133 
  38      8B19B7
  39 006e BA01E53A 		.ascii	"\272\001\345:\200\030hI\303\001\206Nf&\020\253\371\000"
  39      80186849 
  39      C301864E 
  39      662610AB 
  39      F900
  40 0080 C31BC6E6 		.ascii	"\303\033\306\346\005\317{\230\301\272\200F\355\334\371"
  40      05CF7B98 
  40      C1BA8046 
  40      EDDCF9
  41 008f E6367BFD 		.ascii	"\3466{\375\337\006\2169\314\214\323\230\201\3060ne\254"
  41      DF068E39 
  41      CC8CD398 
  41      81C6306E 
  41      65AC
  42 00a1 67980354 		.ascii	"g\230\003T\376\216\261i\301\353\036F\260B\020\350\000"
  42      FE8EB169 
  42      C1EB1E46 
  42      B04210E8 
  42      00
  43 00b2 CA028D60 		.ascii	"\312\002\215`b`0\327\323\323\207\240\374b\375\214\304"
  43      626030D7 
  43      D3D387A0 
  43      FC62FD8C 
  43      C4
  44 00c3 1CFDA4FC 		.ascii	"\034\375\244\374\304\242\224b\375\340\220\370\340\020"
  44      C4A29462 
  44      FDE090F8 
ARM GAS  /var/folders/qd/4mxf5pkd0zdf0b9dd1hp39180000gn/T//cchBr9u4.s 			page 3


  44      E010
  45 00d1 5F632337 		.ascii	"_c#7\023\003C\347x\027\317`g\3770\327\240H\210\264^"
  45      130343E7 
  45      7817CF60 
  45      67FF30D7 
  45      A04888B4 
  46 00e6 32030068 		.ascii	"2\003\000h\220J\243"
  46      904AA3
  47              		.text
  48              		.section	.gnu.lto_boardInit.c4fd36e7d84b1738,"",%progbits
  49 0000 789C6363 		.ascii	"x\234cc``\250\003bK \226\006bFf\006F\246\011\347\030"
  49      6060A803 
  49      624B2096 
  49      06624666 
  49      0646A609 
  50 0016 181A3998 		.ascii	"\030\0329\230\030\031A\214\006\016F\206z&\306z\306\036"
  50      1819418C 
  50      060E4686 
  50      7A26C67A 
  50      C61E
  51 0028 E629CC8C 		.ascii	"\346)\314\214\207\332\237\355d\322\\\336\000\004\007"
  51      87DA9FED 
  51      64D25CDE 
  51      000407
  52 0037 A6FF606F 		.ascii	"\246\377`okh\225\230\303\314\3000\015\210A\200q3\243"
  52      6B689598 
  52      C3CCC030 
  52      0D884180 
  52      7133A3
  53 004a 260350D9 		.ascii	"&\003P\331\243\215\377\246\362\262\261@\304\031\267"
  53      A38DFFA6 
  53      F2B2B140 
  53      C419B7
  54 0059 30B23130 		.ascii	"0\26210\002\031\353/\261\036h\370\367\277\275\341\300"
  54      0219EB2F 
  54      B11E68F8 
  54      F7BFBDE1 
  54      C0
  55 006a 97458CBF 		.ascii	"\227E\214\277\335\231\030\030:\200\362@K\032\0160t2"
  55      DD991818 
  55      3A80F240 
  55      4B1A0E30 
  55      7432
  56 007c 338158CD 		.ascii	"3\201X\315\007\030\33616)\200\265\200@\0073#H\030\250"
  56      0718DE31 
  56      362980B5 
  56      80400733 
  56      234818A8 
  57 0090 D45C4F4F 		.ascii	"\324\\OO\037\202\362\213\3653\022s\364\223\362\023\213"
  57      1F82F28B 
  57      F5331273 
  57      F493F213 
  57      8B
  58 00a1 528AF583 		.ascii	"R\212\365\203C\342\203C|\215\215\334L\014\014\235\343"
  58      43E28343 
  58      7C8D8DDC 
  58      4C0C0C9D 
ARM GAS  /var/folders/qd/4mxf5pkd0zdf0b9dd1hp39180000gn/T//cchBr9u4.s 			page 4


  58      E3
  59 00b2 5D3C839D 		.ascii	"]<\203\235\375\303\\\203\"!\322z\311\014\000\332M<\030"
  59      FDC35C83 
  59      2221D27A 
  59      C90C00DA 
  59      4D3C18
  60              		.text
  61              		.section	.gnu.lto_pal_default_config.c4fd36e7d84b1738,"",%progbits
  62 0000 789C6D92 		.ascii	"x\234m\222\311N\002A\024E\373Q\320(8\304\235\013\023"
  62      C94E0241 
  62      1445FB51 
  62      D02838C4 
  62      9D0B13
  63 0013 5DBB70CD 		.ascii	"]\273p\315\267\270\362\023\374\204\262\035\342\0245"
  63      B7B8F213 
  63      FC84B21D 
  63      E21435
  64 0022 6A1B074C 		.ascii	"j\033\007L\034\203B\342\204\2128\321\240 \016\350\006"
  64      1C8342E2 
  64      848A38D1 
  64      A0200EE8 
  64      06
  65 0033 D48D09C6 		.ascii	"\324\215\011\306!\321\0304\350\002\034\300*^iR\011\275"
  65      21D11834 
  65      E8021CC0 
  65      2A5E6952 
  65      09BD
  66 0045 E89B7BD3 		.ascii	"\350\233{\323\365\356\351\252R\025Ei$\212\002\012>\303"
  66      F5EEE9AA 
  66      52154569 
  66      248A020A 
  66      3EC3
  67 0057 04965FFC 		.ascii	"\004\226_\374\331\362\036\342$,d6\224^q\225\241%\314"
  67      D9F21EE2 
  67      242C6436 
  67      945E7195 
  67      A125CC
  68 006a 2EA53F96 		.ascii	".\245?\226T\264\225\314\032\203Z\217\331\261I;\247h"
  68      54B495CC 
  68      1A835A8F 
  68      D9B1493B 
  68      A768
  69 007c B39380CE 		.ascii	"\263\223\200\316b/\324\350\004PL\260\301\205\2403\303"
  69      622FD4E8 
  69      04504CB0 
  69      C185A033 
  69      C3
  70 008d 3A170B3A 		.ascii	":\027\013:\225\013o\230\377\374z#82\237\347\0357\321"
  70      950B6F98 
  70      FFFC7A23 
  70      38329FE7 
  70      1D37D1
  71 00a0 45CF7F90 		.ascii	"E\317\177\220\317\363\036_\312\343\023P\006_3\020\364"
  71      CFF31E5F 
  71      CAE31350 
  71      065F3310 
  71      F4
ARM GAS  /var/folders/qd/4mxf5pkd0zdf0b9dd1hp39180000gn/T//cchBr9u4.s 			page 5


  72 00b1 BAAC72AF 		.ascii	"\272\254r\257_\352\335\222z}\305z\027\343\261g\233\250"
  72      5FEADD92 
  72      7A7DC57A 
  72      17E3B167 
  72      9BA8
  73 00c3 A965FEE0 		.ascii	"\251e\376\340'\322aE\237\230J\230X\362p\236~\027_P\215"
  73      27D26145 
  73      9F984A98 
  73      58F2709E 
  73      7E175F50 
  74 00d8 2E585874 		.ascii	".XXt7\343\315\332\345\342\275b\305\273X\274S\254\370"
  74      37E3CDDA 
  74      E5E2BD62 
  74      C5BB58BC 
  74      53ACF8
  75 00eb 3EB37A66 		.ascii	">\263zf\027c{\253Y\340\351Ov\225\212\200=*\213\264\241"
  75      17637BAB 
  75      59E0E94F 
  75      76958A80 
  75      3D2A8BB4 
  76 0100 9136511D 		.ascii	"\2216Q\035w\017\317\360j\367\343\267_lK\013\325\252"
  76      770FCFF0 
  76      6AF7E3B7 
  76      5F6C4B0B 
  76      D5AA
  77 0112 58925CCB 		.ascii	"X\222\\\313M\332d\230P1\230\240\264\013\006\302\004"
  77      4DDA6498 
  77      503198A0 
  77      B40B06C2 
  77      04
  78 0123 10E6E572 		.ascii	"\020\346\345r9\245\376w\327\261\3442\032\033\024\211"
  78      39A5FE77 
  78      D7B1E432 
  78      1A1B1489 
  79 0133 DE1D2EFC 		.ascii	"\336\035.\374u\344vv\\\000\032f\346i\352\220Z\304\242"
  79      75E47676 
  79      5C001A66 
  79      E669EA90 
  79      5AC4A2
  80 0146 205F3334 		.ascii	" _34=qb\221I\216\220$\"\221\204%\222C$\361#Ifm< n\032"
  80      3D716291 
  80      498E9024 
  80      22918425 
  80      924324F1 
  81 0162 8DD7B360 		.ascii	"\215\327\263`b\364\325\250\370C\273vs\220\254+7 \242"
  81      62F4D5A8 
  81      F843BB76 
  81      7390AC2B 
  81      3720A2
  82 0175 386DA39C 		.ascii	"8m\243\234%1\226I\230\3041^\345\012\267\2455\031\356"
  82      25319649 
  82      98C4315E 
  82      E50AB7A5 
  82      3519EE
  83 0188 83BF495A 		.ascii	"\203\277IZ\341(\237~\364\006\231/&\355\324\031\362\235"
  83      E1289F7E 
  83      F406992F 
ARM GAS  /var/folders/qd/4mxf5pkd0zdf0b9dd1hp39180000gn/T//cchBr9u4.s 			page 6


  83      26EDD419 
  83      F29D
  84 019a 4A7C27C8 		.ascii	"J|'\310w\214|\357\355sa\025g49\211I'V8\007\207NJ \312"
  84      778C7CEF 
  84      ED736115 
  84      67343989 
  84      49275638 
  85 01b4 A5140EB8 		.ascii	"\245\024\016\270\330`\237\213\035\266\271\224\301&8"
  85      D8609F8B 
  85      1DB6B994 
  85      C12638
  86 01c3 14B860AF 		.ascii	"\024\270`\257_\266)\017M"
  86      5FB6290F 
  86      4D
  87              		.text
  88              		.section	.gnu.lto_.symbol_nodes.c4fd36e7d84b1738,"",%progbits
  89 0000 789C6363 		.ascii	"x\234cc``\360\000b\006\246V\246z\006\206\011\347\030"
  89      6060F000 
  89      6206A656 
  89      A67A0686 
  89      09E718
  90 0013 1880D4AE 		.ascii	"\030\200\324\256\006G\240H\033S=#\212\010k\013\023C"
  90      0647A048 
  90      1B533D23 
  90      8A086B0B 
  90      1343
  91 0025 A3125031 		.ascii	"\243\022P1c;S=\023X\212\201\241\241\301\201\201\201"
  91      633B533D 
  91      13588A81 
  91      A1A1C181 
  91      8181
  92 0037 1908973C 		.ascii	"\031\010\227<\370\307\310\000\000b!\020q"
  92      F8C7C800 
  92      00622110 
  92      71
  93              		.text
  94              		.section	.gnu.lto_.refs.c4fd36e7d84b1738,"",%progbits
  95 0000 789C6363 		.ascii	"x\234cc```\004b\006\000\000D\000\010"
  95      60606004 
  95      62060000 
  95      440008
  96              		.text
  97              		.section	.gnu.lto_.decls.c4fd36e7d84b1738,"",%progbits
  98 0000 789CC555 		.ascii	"x\234\305UiPSW\024~\347]\022C@`\260\323\361\2073u\234"
  98      69505357 
  98      147EE75D 
  98      12434060 
  98      B0D3F187 
  99 0017 38FAA3F0 		.ascii	"8\372\243\360\000\235jg\354b\301\2523\2662\325v\306"
  99      009D6A67 
  99      EC62C1AA 
  99      33B632D5 
  99      76C6
 100 0029 3F8D3189 		.ascii	"?\2151\211\232\032\2224\011\255\216\177\236\202\242"
 100      9A1A9234 
 100      09AD8E7F 
 100      9E82A2
ARM GAS  /var/folders/qd/4mxf5pkd0zdf0b9dd1hp39180000gn/T//cchBr9u4.s 			page 7


 101 0038 B820C569 		.ascii	"\270 \305i\305\245.\330\272\324\212Vi\021P\342\202\342"
 101      C5A52ED8 
 101      BAD48A56 
 101      691150E2 
 101      82E2
 102 004a 82756955 		.ascii	"\202uiU4\010n\324\005\331TP\260\245\347\336\373\302"
 102      34086ED4 
 102      05D95450 
 102      B0A5E7DE 
 102      FBC2
 103 005c 0B019DB6 		.ascii	"\013\001\235\266\177z'\337\273\357\334s\316w\316=\347"
 103      7F7A27DF 
 103      BBEFDC73 
 103      CE77CE3D 
 103      E7
 104 006d 24D10A82 		.ascii	"$\321\012\202p \\\020\212EAh\306\367.\\a\270\037\026"
 104      70205C10 
 104      8A454168 
 104      C6F72E5C 
 104      61B81F16 
 105 0081 D44510A5 		.ascii	"\324E\020\245\210\203\210r\004 :\205\236\353K\340v\323"
 105      88838872 
 105      04203A85 
 105      9EEB4BE0 
 105      76D3
 106 0093 11CF1125 		.ascii	"\021\317\021%\312\271\250\370\226\013\275\327|\340\\"
 106      CAB9A8F8 
 106      960BBDD7 
 106      7CE05C
 107 00a2 D3151994 		.ascii	"\323\025\031\224\030\241\253]\341\036\206\250Gt \372"
 107      18A1AB5D 
 107      E11E86A8 
 107      477420FA 
 108 00b2 23EA10B7 		.ascii	"#\352\020\267\021\265\210\033\210\032\304-\204\037\361"
 108      11B5881B 
 108      881AC42D 
 108      841FF1
 109 00c1 04D18468 		.ascii	"\004\321\204hC\264 \036\011\374~}\255\325\004\032;\375"
 109      43B4201E 
 109      09FC7E7D 
 109      ADD5041A 
 109      3BFD
 110 00d3 4D622DD4 		.ascii	"Mb-\324\000\346\0131<\033\340O\334)\230\334\025X\300"
 110      00E60B31 
 110      3C1BE04F 
 110      DC2998DC 
 110      1558C0
 111 00e6 CFF154E4 		.ascii	"\317\361T\344\233bJ\205\200\013t\237\210\012\207\030"
 111      9B624A85 
 111      800B749F 
 111      880A8718 
 112 00f6 E0651F85 		.ascii	"\340e\037\205\000\202Y\271\236\207\013,^\031\376\322"
 112      008259B9 
 112      9E870B2C 
 112      5E19FED2 
 113 0106 EDA79850 		.ascii	"\355\247\230P\352@\260 \227^\271\012\335\352\356\244"
 113      EA40B020 
ARM GAS  /var/folders/qd/4mxf5pkd0zdf0b9dd1hp39180000gn/T//cchBr9u4.s 			page 8


 113      975EB90A 
 113      DDEAEEA4 
 114 0116 D44B8252 		.ascii	"\324K\202R\004\177as\245\246\016\256\243vZ\224\260J"
 114      047F6173 
 114      A5A60EAE 
 114      A3765A94 
 114      B04A
 115 0128 9706F4B4 		.ascii	"\227\006\364\264\345a\316\331h\"\262\367\025\273\013"
 115      E561CED9 
 115      6822B2F7 
 115      15BB0B
 116 0137 3A088966 		.ascii	":\010\211f\357'\033\316~\023\025\277K\346K\267\222\010"
 116      EF271BCE 
 116      7E1315BF 
 116      4BE64BB7 
 116      9208
 117 0149 F0339040 		.ascii	"\3603\220@A+\272\332}\321\313\010\304\352AD\361B\363"
 117      412BBADA 
 117      7DD1CB08 
 117      C4EA4144 
 117      F142F3
 118 015c 990D1128 		.ascii	"\231\015\021(\276\242\207\030\024w-\357Z\255\031\370"
 118      BEA28718 
 118      14772DEF 
 118      5AAD19F8 
 119 016c 35755C95 		.ascii	"5u\\\225!\307\2100\375U8\000\203\240\030\006a:%0\020"
 119      21C78830 
 119      FD553800 
 119      83A01806 
 119      613A2530 
 120 0181 9F8E30CE 		.ascii	"\237\2160\316\364\350\306\322\201C6\311\233\352d_W\376"
 120      F4E8C6D2 
 120      814336C9 
 120      9BEA645F 
 120      57FE
 121 0193 98356716 		.ascii	"\2305g\026\313\347\320\355]f\006E@\340\027\210\247\227"
 121      CBE7D0ED 
 121      5D660645 
 121      40E01788 
 121      A797
 122 01a5 28A2C161 		.ascii	"(\242\301a?\324\001\354\203Z\274C)\014A\3673\3655\363"
 122      3FD401EC 
 122      835ABC43 
 122      290C41F7 
 122      33F535F3 
 123 01b9 4916B094 		.ascii	"I\026\260\224\357\355\313~\240C\256=\310u\363\265\265"
 123      EFEDCB7E 
 123      A043AE3D 
 123      C875F3B5 
 123      B5
 124 01ca B26F2132 		.ascii	"\262o!2\211\214\250L%*\013%:\310\210\344\273\245\376"
 124      898CA84C 
 124      252A0B25 
 124      3AC888E4 
 124      BBA5FE
 125 01dd 6892CB99 		.ascii	"h\222\313\231rvf\037\012G\246:Y\366]\336\365zv\326\342"
 125      7276661F 
ARM GAS  /var/folders/qd/4mxf5pkd0zdf0b9dd1hp39180000gn/T//cchBr9u4.s 			page 9


 125      0A47A63A 
 125      59F65DDE 
 125      F57A76D6 
 126 01f2 15F266E0 		.ascii	"\025\362f\3409\035R\251\016)\005\201rFQytw[\004\271"
 126      391D52A9 
 126      0E290581 
 126      72465179 
 126      74775B04 
 127 0207 C8291E6D 		.ascii	"\310)\036m\377\351[\035\257\320v@yC\226o\277R\"\237"
 127      FFE95B1D 
 127      AFD07640 
 127      7943966F 
 127      BF52229F 
 128 021b 9ED6BD6A 		.ascii	"\236\326\275j\355\255(.\017\246%\253:\341'\334|\011"
 128      EDAD282E 
 128      0FA625AB 
 128      3AE127DC 
 128      7C09
 129 022d 352F3EF8 		.ascii	"5/>\3700\211\213\203P*\251i\361)\316uT\333u\257\272"
 129      30898B83 
 129      502AA969 
 129      F129CE75 
 129      54DB75AF 
 130 0242 209CAB9B 		.ascii	" \234\253\233i\260\354\242\274\202hR\317#7f\336\251"
 130      69B0ECA2 
 130      BC826852 
 130      CF233766 
 130      DEA9
 131 0254 8BE0CA81 		.ascii	"\213\340\312\201(\236\317\334\263^a\016\013jU,o\225"
 131      289ECFDC 
 131      B35E610E 
 131      0B6A552C 
 131      6F95
 132 0266 7FE9E26F 		.ascii	"\177\351\342o\265\344!\367\254\251\334\361\0035\035"
 132      B5E421F7 
 132      ACA9DCF1 
 132      03351D
 133 0275 A6073A59 		.ascii	"\246\007:Y\321xT\330p\340Y\177~D-.\344\264n\355GZ\231"
 133      D17854D8 
 133      70E0597F 
 133      7E442D2E 
 133      E4B46EED 
 134 028c B9585BDD 		.ascii	"\271X[\335\351\217\002\375\360%\262\274P\336\224!\207"
 134      E98F02FD 
 134      F025B2BC 
 134      50DE9421 
 134      87
 135 029d 4F10E028 		.ascii	"O\020\340(\266\371\024\266\031\316\303p\352D+\005g\361"
 135      B6F914B6 
 135      19CEC370 
 135      EA442B05 
 135      67F1
 136 02af B00A0FBF 		.ascii	"\260\012\017\277\247\023\341k*\177;\277U\226\007\303"
 136      A713E16B 
 136      2A7F3BBF 
 136      559607C3 
 137 02bf 39D0C3AF 		.ascii	"9\320\303\257j5\207\351\371D\354\330\232\273EKr\011"
ARM GAS  /var/folders/qd/4mxf5pkd0zdf0b9dd1hp39180000gn/T//cchBr9u4.s 			page 10


 137      6A3587E9 
 137      F944ECD8 
 137      9ABB454B 
 137      7209
 138 02d1 8B51BAEE 		.ascii	"\213Q\272\356N\205\370\242\030\277\2750\306\345\007"
 138      4E85F8A2 
 138      18BFBD30 
 138      C6E507
 139 02e0 438E2FA2 		.ascii	"C\216/\242\315\277\2101.\25010$\017r\263\304\277@$\005"
 139      CDBF8831 
 139      2EA83130 
 139      240F72B3 
 139      C4BF4024 
 140 02f5 61EC566B 		.ascii	"a\354VkK\037\237\322\360\232\350Pl\312\253\250\022\311"
 140      4B1F9FD2 
 140      F09AE850 
 140      6CCAABA8 
 140      12C9
 141 0307 36AEABBF 		.ascii	"6\256\253\277\222\221\257%?ra\325\237\325\262\226\024"
 141      9291AF25 
 141      3F7261D5 
 141      9FD5B296 
 141      14
 142 0318 716145D3 		.ascii	"qaE\323\323\315a\244\214\013\325\031\355\227\372\223"
 142      D3CD61A4 
 142      8C0BD519 
 142      ED97FA93 
 143 0328 234C085F 		.ascii	"#L\010_x\245\355\250\006\014\206\001\006\203a\270\301"
 143      78A5EDA8 
 143      060C8601 
 143      068361B8 
 143      C1
 144 0339 B085E6EE 		.ascii	"\260\205\346\356\353ZC6n[\271B\336t\004XV\3270\253\353"
 144      EB5A4336 
 144      6E5BB942 
 144      DE740458 
 144      56D730AB 
 145 034e 3040BDCD 		.ascii	"0@\275\315I\366\355H\304\207\300=\256\276\2113\234I"
 145      49F6ED48 
 145      C487C03D 
 145      AEBE8933 
 145      9C49
 146 0360 98F5EFA1 		.ascii	"\230\365\357\241\326\247U\353\\\366EC@\230\000\307\321"
 146      D6A755EB 
 146      5CF64543 
 146      409800C7 
 146      D1
 147 0371 A082E9A8 		.ascii	"\240\202\351\2509^\033nb\225\352\300\000\267\021\265"
 147      395E1B6E 
 147      6295EAC0 
 147      00B711B5 
 148 0381 881B881A 		.ascii	"\210\033\210\032\304-\204\037\014l\202y\300\216\321"
 148      C42D841F 
 148      0C6C8279 
 148      C08ED1
 149 0390 6AC02BA1 		.ascii	"j\300+\241\001/\365J/\310\372j\250\265\024b|*\350.\227"
 149      012FF54A 
ARM GAS  /var/folders/qd/4mxf5pkd0zdf0b9dd1hp39180000gn/T//cchBr9u4.s 			page 11


 149      2FC8FA6A 
 149      A8B51462 
 149      7C2AE82E 
 150 03a5 FBA63E4A 		.ascii	"\373\246>J\237J\377\316\026\307.\300\373P3A\351\235"
 150      9F4AFFCE 
 150      16C72EC0 
 150      FB503341 
 150      E99D
 151 03b7 9A66E381 		.ascii	"\232f\343\201\330\202\014\2712\201\221\235\351\2730"
 151      D8820CB9 
 151      3281919D 
 151      E9BB30
 152 03c6 9C8CDBDF 		.ascii	"\234\214\333\337\017J\264\272\317D\2715\266\261\374"
 152      0F4AB4BA 
 152      CF44B935 
 152      B6B1FC
 153 03d5 AFCC735A 		.ascii	"\257\314sZ\362\214\265Q\334Y\346\177\240\201\001\303"
 153      F28CB551 
 153      DC59E67F 
 153      A08101C3 
 154 03e5 FBAC2FFC 		.ascii	"\373\254/\374\201e\3757%\346\027;^\242\305_S\250G\307"
 154      8165FD37 
 154      25E6173B 
 154      5EA2C55F 
 154      53A847C7 
 155 03f9 3BEA58D2 		.ascii	";\352X\322k\262\370\027\3537gF\362I<G\345\2259\373\366"
 155      6BB2F817 
 155      EB376746 
 155      F2493C47 
 155      E59539FB 
 156 040e EAC9720D 		.ascii	"\352\311r\015\233\261\355\365\353W*\312\321(\026U\025"
 156      9BB1EDF5 
 156      EB572ACA 
 156      D1281655 
 156      15
 157 041f 5FD7903C 		.ascii	"_\327\220<\256\363\267^\312\212 k\271P\370|\3656-\331"
 157      AEF3B75E 
 157      CA8A206B 
 157      B950F87C 
 157      F5362DD9 
 158 0433 CC85658B 		.ascii	"\314\205e\213r\226\366#\333\231\240+\274\234yL\207\223"
 158      7296F623 
 158      DB99A02B 
 158      BC9C794C 
 158      8793
 159 0445 89A3C907 		.ascii	"\211\243\311\007\223\246T\026\233'\323r\322\244\032"
 159      93A65416 
 159      9B27D372 
 159      D2A41A
 160 0454 30A956DC 		.ascii	"0\251V\334\273\257y\262g9\321\376\310;\013X9\251yc\250"
 160      BBAF79B2 
 160      6739D1FE 
 160      C83B0B58 
 160      39A97963 
 161 0469 F9B1DEE6 		.ascii	"\371\261\336\346o\251\346\367B\315\357\006\231\367("
 161      6FA9E6F7 
 161      42CDEF06 
ARM GAS  /var/folders/qd/4mxf5pkd0zdf0b9dd1hp39180000gn/T//cchBr9u4.s 			page 12


 161      99F728
 162 0478 F311B438 		.ascii	"\363\021\2648\314\224\255J\215\037c\215\237`=\233\020"
 162      CC94AD4A 
 162      8D1F638D 
 162      9F603D9B 
 162      10
 163 0489 6D8816C4 		.ascii	"m\210\026\304#D\263:\302\030\355fP\264\312\320h'\324"
 163      2344B33A 
 163      C218ED66 
 163      50B4CAD0 
 163      6827D4
 164 049c 1156C6AC 		.ascii	"\021V\306\254\224\217Yk\2571Ce}iP]\036\206r\365\030"
 164      948F596B 
 164      AF314365 
 164      7D69505D 
 164      1E8672F5 
 165 04b1 701A788C 		.ascii	"p\032x\214\032\370A\250\361}50v\344\360\263\206E\321"
 165      1AF841A8 
 165      F17D3530 
 165      76E4F0B3 
 165      8645D1
 166 04c4 A4907544 		.ascii	"\244\220uD\274v\372XED\350\220\005n\017\317\360\322"
 166      BC76FA58 
 166      4544E890 
 166      056E0FCF 
 166      F0D2
 167 04d6 FFB400FC 		.ascii	"\377\264\000\374Jm\345l\300\236\242S\273:`\255\201\001"
 167      4A6DE56C 
 167      C09EA253 
 167      BB3A60AD 
 167      8101
 168 04e8 5B97D170 		.ascii	"[\227\321p\265\377\000%\330\222\027\006\023^\032\011"
 168      B5FF0025 
 168      D8921706 
 168      135E1A09 
 169 04f8 7972F776 		.ascii	"yr\367v\224\301\320\002y\217\217\376o\033\362\276C>"
 169      94C1D002 
 169      798F8FFE 
 169      6F1BF2BE 
 169      433E
 170 050a 800EF4F6 		.ascii	"\200\016\364\366\361\250A\035\244'\237\212\002t\302"
 170      F1A8411D 
 170      A4279F8A 
 170      0274C2
 171 0519 50F4DCF8 		.ascii	"P\364\334\370\2743?*2\273\373\367\234\375\251\006\276"
 171      BC333F2A 
 171      32BBFBF7 
 171      9CFDA906 
 171      BE
 172 052a 8E023C87 		.ascii	"\216\002<\207H\366\227J\367H\243\321jr\333\347\031m"
 172      48F6974A 
 172      F748A3D1 
 172      6A72DBE7 
 172      196D
 173 053c 0E9BF78D 		.ascii	"\016\233\367\215\370x\211\177\234\036i\266\311.\315"
 173      F878897F 
 173      9C1E69B6 
ARM GAS  /var/folders/qd/4mxf5pkd0zdf0b9dd1hp39180000gn/T//cchBr9u4.s 			page 13


 173      C92ECD
 174 054b 709ADC16 		.ascii	"p\232\334\026\2174e\252q\312\324\017F$\275?2!1\331\230"
 174      8F3465AA 
 174      71CAD40F 
 174      4624BD3F 
 174      322131D9 
 175 0560 32714AF2 		.ascii	"2qJ\362\344O\306}4\215\253\343\315\272\361\037~<891"
 175      E44FC67D 
 175      348DABE3 
 175      CDBAF11F 
 175      7E3C3839 
 176 0575 5118F5DF 		.ascii	"Q\030\365\337\374\205p\3662\0213\210\361x\323F$\031"
 176      FC8570F6 
 176      32113388 
 176      F178D346 
 176      2419
 177 0587 CD76A779 		.ascii	"\315v\247y\016K)!\224\322\345t{)#\322I\012\351\334\271"
 177      0E4B2921 
 177      94D2E574 
 177      7B2923D2 
 177      490AE9DC 
 178 059c 5463B4DB 		.ascii	"Tc\264\333-\361\263\205X\027\276Z\2543M\351v\257\321"
 178      2DF1B385 
 178      5817BE5A 
 178      AC334DE9 
 178      76AFD1
 179 05af EC74CCB4 		.ascii	"\354t\314\264\315\322\246\216K1yMa\246\231n\273\336"
 179      CDD2A68E 
 179      4B31794D 
 179      61A6996E 
 179      BBDE
 180 05c1 684CB739 		.ascii	"hL\2679\274\030\303\373\025Hc].\273\315l\362\332\234"
 180      BC18C3FB 
 180      1548635D 
 180      2EBBCD6C 
 180      F2DA9C
 181 05d4 0E8F34CE 		.ascii	"\016\2174\316l\267\271<V\2435\316\225n\236\223\024o"
 181      6CB7B93C 
 181      56A335CE 
 181      956E9E93 
 181      146F
 182 05e6 72B9A464 		.ascii	"r\271\244d\247\303kux{)\245\251N\247\335#\3152\233\343"
 182      A7C36B75 
 182      787B29A5 
 182      A94EA7DD 
 182      23CD329B 
 183 05fb 4CEEB438 		.ascii	"L\356\2648\207\323a\215\263\232f\330\342F\305%%$\216"
 183      87D3618D 
 183      B39A66D8 
 183      E246C525 
 183      25248E
 184 060e 8AFB7C64 		.ascii	"\212\373|d\\\232\3513\247[\352\241\225l\016\263=\335"
 184      5C9AE933 
 184      A75BEAA1 
 184      956C0EB3 
 184      3DDD
 185 0620 6295D24C 		.ascii	"b\225\322L\346\3316\207U\352N\324;\317e\365`\366\272"
ARM GAS  /var/folders/qd/4mxf5pkd0zdf0b9dd1hp39180000gn/T//cchBr9u4.s 			page 14


 185      E6D93687 
 185      55EA4ED4 
 185      3BCF65F5 
 185      60F6BA
 186 0633 407259FF 		.ascii	"@rY\377_r\236y\036\311\350\361Z0\023\314\2108-n\215"
 186      5F729E79 
 186      1EC9E8F1 
 186      5A3013CC 
 186      88382D6E 
 187 0648 2BDD6571 		.ascii	"+\335eq\367sz\\V\253\305\255u\322l\335\2324\247\305"
 187      F7737A5C 
 187      56ABC5AD 
 187      75D26CDD 
 187      9A34A7C5 
 188 065c EAA6459D 		.ascii	"\352\246E\235\235\370\262&M\232\224\"\215O\2358\371"
 188      9DF8B226 
 188      4D9A9422 
 188      8D4F9D38 
 188      F9
 189 066d 8B24C9A5 		.ascii	"\213$\311\245v\211\367y\226\313\3464z\254\336t\227\321"
 189      7689F779 
 189      96CBE634 
 189      7AACDE74 
 189      97D1
 190 067f AB4D4DA1 		.ascii	"\253MM\241]\322\246&\363\355=\276\215\345\333\004\272"
 190      5DD2A626 
 190      F3ED3DBE 
 190      8DE5DB04 
 190      BA
 191 0690 85A78E9D 		.ascii	"\205\247\216\235\224\314Z\3727\0036\266\255"
 191      94CC5AFA 
 191      370336B6 
 191      AD
 192              		.text
 193              		.section	.gnu.lto_.symtab.c4fd36e7d84b1738,"",%progbits
 194 0000 5F5F6561 		.ascii	"__early_init\000"
 194      726C795F 
 194      696E6974 
 194      00
 195 000d 00       		.ascii	"\000"
 196 000e 00       		.ascii	"\000"
 197 000f 00       		.ascii	"\000"
 198 0010 00000000 		.ascii	"\000\000\000\000\000\000\000\000"
 198      00000000 
 199 0018 BB000000 		.ascii	"\273\000\000\000"
 200 001c 626F6172 		.ascii	"boardInit\000"
 200      64496E69 
 200      7400
 201 0026 00       		.ascii	"\000"
 202 0027 00       		.ascii	"\000"
 203 0028 00       		.ascii	"\000"
 204 0029 00000000 		.ascii	"\000\000\000\000\000\000\000\000"
 204      00000000 
 205 0031 BD000000 		.ascii	"\275\000\000\000"
 206 0035 70616C5F 		.ascii	"pal_default_config\000"
 206      64656661 
 206      756C745F 
ARM GAS  /var/folders/qd/4mxf5pkd0zdf0b9dd1hp39180000gn/T//cchBr9u4.s 			page 15


 206      636F6E66 
 206      696700
 207 0048 00       		.ascii	"\000"
 208 0049 00       		.ascii	"\000"
 209 004a 00       		.ascii	"\000"
 210 004b 00000000 		.ascii	"\000\000\000\000\000\000\000\000"
 210      00000000 
 211 0053 FB000000 		.ascii	"\373\000\000\000"
 212 0057 73746D33 		.ascii	"stm32_clock_init\000"
 212      325F636C 
 212      6F636B5F 
 212      696E6974 
 212      00
 213 0068 00       		.ascii	"\000"
 214 0069 02       		.ascii	"\002"
 215 006a 00       		.ascii	"\000"
 216 006b 00000000 		.ascii	"\000\000\000\000\000\000\000\000"
 216      00000000 
 217 0073 BF000000 		.ascii	"\277\000\000\000"
 218              		.text
 219              		.section	.gnu.lto_.opts,"",%progbits
 220 0000 272D666D 		.ascii	"'-fmath-errno' '-fsigned-zeros' '-ftrapping-math' '"
 220      6174682D 
 220      6572726E 
 220      6F272027 
 220      2D667369 
 221 0033 2D666E6F 		.ascii	"-fno-trapv' '-fno-openmp' '-fno-openacc' '-mcpu=cor"
 221      2D747261 
 221      70762720 
 221      272D666E 
 221      6F2D6F70 
 222 0066 7465782D 		.ascii	"tex-m4' '-mfloat-abi=hard' '-mfpu=fpv4-sp-d16' '-mn"
 222      6D342720 
 222      272D6D66 
 222      6C6F6174 
 222      2D616269 
 223 0099 6F2D7468 		.ascii	"o-thumb-interwork' '-mthumb' '-O2' '-fomit-frame-po"
 223      756D622D 
 223      696E7465 
 223      72776F72 
 223      6B272027 
 224 00cc 696E7465 		.ascii	"inter' '-falign-functions=16' '-ffunction-sections'"
 224      72272027 
 224      2D66616C 
 224      69676E2D 
 224      66756E63 
 225 00ff 20272D66 		.ascii	" '-fdata-sections' '-fno-common' '-flto' '-fsingle-"
 225      64617461 
 225      2D736563 
 225      74696F6E 
 225      73272027 
 226 0132 70726563 		.ascii	"precision-constant'\000"
 226      6973696F 
 226      6E2D636F 
 226      6E737461 
 226      6E742700 
 227              		.text
ARM GAS  /var/folders/qd/4mxf5pkd0zdf0b9dd1hp39180000gn/T//cchBr9u4.s 			page 16


 228              		.comm	__gnu_lto_v1,1,1
 229              		.comm	__gnu_lto_slim,1,1
 230              		.ident	"GCC: (GNU Tools for Arm Embedded Processors 7-2017-q4-major) 7.2.1 20170904 (release) [ARM
ARM GAS  /var/folders/qd/4mxf5pkd0zdf0b9dd1hp39180000gn/T//cchBr9u4.s 			page 17


DEFINED SYMBOLS
                            *ABS*:0000000000000000 board.c
                            *COM*:0000000000000001 __gnu_lto_v1
                            *COM*:0000000000000001 __gnu_lto_slim

NO UNDEFINED SYMBOLS
