ARM GAS  /var/folders/qd/4mxf5pkd0zdf0b9dd1hp39180000gn/T//ccHfIRZO.s 			page 1


   1              		.cpu cortex-m4
   2              		.eabi_attribute 27, 1
   3              		.eabi_attribute 28, 1
   4              		.eabi_attribute 20, 1
   5              		.eabi_attribute 21, 1
   6              		.eabi_attribute 23, 3
   7              		.eabi_attribute 24, 1
   8              		.eabi_attribute 25, 1
   9              		.eabi_attribute 26, 1
  10              		.eabi_attribute 30, 2
  11              		.eabi_attribute 34, 1
  12              		.eabi_attribute 18, 4
  13              		.file	"chregistry.c"
  14              		.section	.gnu.lto_.profile.13525e6d6bc34522,"",%progbits
  15 0000 789C6363 		.ascii	"x\234cc```\001bF\006Y!\000\000\304\000;"
  15      60606001 
  15      62460659 
  15      210000C4 
  15      003B
  16              		.text
  17              		.section	.gnu.lto_.icf.13525e6d6bc34522,"",%progbits
  18 0000 789C6363 		.ascii	"x\234cc``\020a@\000f\206u\027\272~11}\231\320\276\221"
  18      60601061 
  18      40006686 
  18      7517BA7E 
  18      31317D99 
  19 0017 9979E7E4 		.ascii	"\231y\347\344\305\017\230\030\000^\361\010\267"
  19      C50F9818 
  19      005EF108 
  19      B7
  20              		.text
  21              		.section	.gnu.lto_.jmpfuncs.13525e6d6bc34522,"",%progbits
  22 0000 789C6363 		.ascii	"x\234cc``Pd@\000&\020fdd\254\237\303\314\300\304T\011"
  22      60605064 
  22      40002610 
  22      666464AC 
  22      9FC3CCC0 
  23 0017 E4311E60 		.ascii	"\3441\036`ad\000\342\377@\300\317\300\000\000U\034\007"
  23      616400E2 
  23      FF40C0CF 
  23      C0000055 
  23      1C07
  24 0029 60       		.ascii	"`"
  25              		.text
  26              		.section	.gnu.lto_.inline.13525e6d6bc34522,"",%progbits
  27 0000 789C6363 		.ascii	"x\234cc``\320g@\000&\006\006N\016F\006&\236\007\261"
  27      6060D067 
  27      40002606 
  27      064E0E46 
  27      06269E07 
  28 0015 0C6C0BE4 		.ascii	"\014l\013\344\231 b\274\242@!\376E\305\014\354\035\352"
  28      992062BC 
  28      A24021FE 
  28      45C50CEC 
  28      1DEA
  29 0027 10216E06 		.ascii	"\020!n\006\006\306\011~\014\000\201m\005K"
  29      06C6097E 
ARM GAS  /var/folders/qd/4mxf5pkd0zdf0b9dd1hp39180000gn/T//ccHfIRZO.s 			page 2


  29      0C00816D 
  29      054B
  30              		.text
  31              		.section	.gnu.lto_.pureconst.13525e6d6bc34522,"",%progbits
  32 0000 789C6363 		.ascii	"x\234cc```\007b&\206]\214L\273\030\001\005\345\001\210"
  32      60606007 
  32      6226865D 
  32      8C4CBB18 
  32      0105E501 
  33              		.text
  34              		.section	.gnu.lto_chRegFirstThread.13525e6d6bc34522,"",%progbits
  35 0000 789C8553 		.ascii	"x\234\205S[oLQ\024\336\337\331\247\3231\203x\022A\230"
  35      5B6F4C51 
  35      14DEDFD9 
  35      A7D33183 
  35      78124198 
  36 0014 4626D144 		.ascii	"F&\321Dzx\222\210\027\2214\361\320\027\375\001\302\230"
  36      7A789288 
  36      179134F1 
  36      D017FD01 
  36      C298
  37 0026 5051D39C 		.ascii	"PQ\323\234\231\212>u\353\264\246.\011\241\035\312\320"
  37      998A3E75 
  37      EBB4A62E 
  37      09A11DCA 
  37      D0
  38 0037 A111F5E0 		.ascii	"\241\021\365\340>.\275\250QZu\251K\015*\025\241\245"
  38      3E2EBDA8 
  38      515A75A9 
  38      4B0D2A15 
  38      A1A5
  39 0049 B49A525E 		.ascii	"\264\232R^\324\245\254\275\317`L\023&3g\3169\353[k}"
  39      D4A5ACBD 
  39      CF604C13 
  39      263367CE 
  39      39EB5B6B 
  40 005e EBFBD6B6 		.ascii	"\353\373\326\2661\306\036\352\214\265\320\377\014\372"
  40      31C61EEA 
  40      8CB5D0FF 
  40      0CFA
  41 006c 813368BB 		.ascii	"\2013h\273\3562\266\331\256\001\362F\330\301J5\224b"
  41      EE32B6D9 
  41      AE01F246 
  41      D8C14A35 
  41      9462
  42 007e 07AFE278 		.ascii	"\007\257\342xP~:\302\267\363\010\301tz\034\351\334\337"
  42      507E3AC2 
  42      B7F308C1 
  42      747A1CE9 
  42      DCDF
  43 0090 37593E02 		.ascii	"7Y>\002.z\034\032n\217M\314>&D\231\210\357\015;\016"
  43      2E7A1C1A 
  43      6E8F4DCC 
  43      3E264499 
  43      88EF0D3B 
  44 00a5 C4EE8B09 		.ascii	"\304\356\213\011\021\256\2610\301c\230\211s\230){\234"
  44      11AEB130 
ARM GAS  /var/folders/qd/4mxf5pkd0zdf0b9dd1hp39180000gn/T//ccHfIRZO.s 			page 3


  44      C1639889 
  44      7398297B 
  44      9C
  45 00b6 473623F4 		.ascii	"G6#\364\365\327\337\272\234|\016\344\375\273\312\216"
  45      F5D7DFBA 
  45      9C7C0EE4 
  45      FDBBCA8E 
  46 00c6 6376779D 		.ascii	"cvw\235\312\354\257\237~8(:\204N\251\270\000\376w6\223"
  46      CAECAF9F 
  46      7E38283A 
  46      844EA9B8 
  46      00FE7736 
  47 00db F0DE3363 		.ascii	"\360\3363c\325\223l:.\302-\213S\315K\260\341w\240\\"
  47      D5936C3A 
  47      2EC22D8B 
  47      53CD4BB0 
  47      E177A05C 
  48 00ef D027FEFC 		.ascii	"\320'\376\374\270M\275\017s\244\34404\020\264\0216\226"
  48      B84DBD0F 
  48      73A4E430 
  48      3410B411 
  48      3696
  49 0101 06FFF46A 		.ascii	"\006\377\364jQ\006\223\20101\246\330\233\346P\002<W"
  49      51069381 
  49      3031A6D8 
  49      9BE65002 
  49      3C57
  50 0113 E50EF557 		.ascii	"\345\016\365W\306\365$\27575sG\273\337\012\261[ \302"
  50      C6F524BD 
  50      37357347 
  50      BBDF0AB1 
  50      5B20C2
  51 0126 399AFF41 		.ascii	"9\232\377A\320*<<j\303e\"\212&Y\233\377\305\245\205"
  51      D02A3C3C 
  51      6AC36522 
  51      8A26599B 
  51      FFC5A585 
  52 013a B85C212E 		.ascii	"\270\\!.\362\002\032CNt\252+#.\306~\204H\303\251\365"
  52      F2021A43 
  52      4E74AA2B 
  52      232EC67E 
  52      8448C3A9 
  53 014f 550387DC 		.ascii	"U\003\207\334\344@\204\353\232\274P\212\234\231U\322"
  53      E44084EB 
  53      9ABC508A 
  53      9C9955D2 
  54 015f D0E48E88 		.ascii	"\320\344\216\210\263\255\304\226\356\202q\326\017m<"
  54      B3ADC496 
  54      EE8271D6 
  54      0F6D3C
  55 016e D7F9EFFF 		.ascii	"\327\371\357\377\315\025q\270))4 .\353\322H\016\027"
  55      CD1571B8 
  55      29293420 
  55      2EEBD248 
  55      0E17
  56 0180 AE52EC1D 		.ascii	"\256R\354\035\312z\233vV\365MK\033fO\304\221\024U\037"
  56      CA7A9B76 
ARM GAS  /var/folders/qd/4mxf5pkd0zdf0b9dd1hp39180000gn/T//ccHfIRZO.s 			page 4


  56      56F54D4B 
  56      1B664FC4 
  56      9114551F 
  57 0194 2760B941 		.ascii	"'`\271A\002\266\312XFz\254\257f\261O\266b\2706^\204"
  57      02B6CA58 
  57      467AACAF 
  57      66B14FB6 
  57      62B8365E 
  58 01a9 EB347B9B 		.ascii	"\3534{\233\024\241M\212\000V'\235<R{\366\263#+\206Z"
  58      14A14D8A 
  58      0056279D 
  58      3C527BF6 
  58      B3232B86 
  59 01be B1CF15B1 		.ascii	"\261\317\025\261\012\236\350k\022v\322\201\241\035Y"
  59      0A9EE86B 
  59      1276D281 
  59      A11D59
  60 01cd 4AE60F43 		.ascii	"J\346\017C\211\036\215\336\340\006tE\233\241C-f}\313"
  60      891E8DDE 
  60      E0067445 
  60      9BA1432D 
  60      667DCB
  61 01e0 B5D713B3 		.ascii	"\265\327\023\263.&\263\225\327\037O\236}\344T\3317e"
  61      2E26B395 
  61      D71F4F9E 
  61      7DE454D9 
  61      3765
  62 01f2 366E4127 		.ascii	"6nA'\311\312\\J\002\306\006Q\3268\332[\267@\016\267"
  62      C9CA5C4A 
  62      02C60651 
  62      D638DA5B 
  62      B7400EB7 
  63 0206 9FCB1AE1 		.ascii	"\237\313\032\341\212\326{\231R\223L\265\003\015\015"
  63      8AD67B99 
  63      52934CB5 
  63      030D0D
  64 0215 433D99A5 		.ascii	"C=\231\245\337\205\235^D\271es,8\262{r\024\207H];\356"
  64      DF859D5E 
  64      44B96573 
  64      2C38B27B 
  64      72148748 
  65 022c D021B92D 		.ascii	"\320!\271-9P\340\302\215g_\355\306\0119{t]\204O@'\242"
  65      3950E0C2 
  65      8D675FED 
  65      C609397B 
  65      745D844F 
  66 0243 A8E6C9ED 		.ascii	"\250\346\311\355\370\362$X\241%\243G \327\374.\214j"
  66      F8F22458 
  66      A125A347 
  66      20D7FC2E 
  66      8C6A
  67 0255 5A53A275 		.ascii	"ZS\242u\017\206\244\025\235\256V\232\314&2\212\334@"
  67      0F86A415 
  67      9DAE569A 
  67      CC26328A 
  67      DC40
  68 0267 CD5158E4 		.ascii	"\315QX\344\220JNS\344\232[;\333mDd3\225\244\201\035"
ARM GAS  /var/folders/qd/4mxf5pkd0zdf0b9dd1hp39180000gn/T//ccHfIRZO.s 			page 5


  68      904A4E53 
  68      E49A5B3B 
  68      DB6D4464 
  68      3395A481 
  69 027c 9484FB49 		.ascii	"\224\204\373I.\211P\367s\247\325\215BN<PT4\331\254\213"
  69      2E8950F7 
  69      73A7D58D 
  69      424E3C50 
  69      5434D9AC 
  70 0291 9A0D2218 		.ascii	"\232\015\"\030\336\362\224[\2455\253\372\371\320\235"
  70      DEF2945B 
  70      A535ABFA 
  70      F9D09D
  71 02a0 330E59DD 		.ascii	"3\016Y\335\011\340!\325!\002\211m\252}Z\263\350\324"
  71      09E021D5 
  71      2102896D 
  71      AA7D5AB3 
  71      E8D4
  72 02b2 FF744BFC 		.ascii	"\377tK\374\351\366\010\006uP{*\017D\352\0244;\036\247"
  72      E9F60806 
  72      75507B2A 
  72      0F44EA14 
  72      343B1EA7 
  73 02c6 AE9D7520 		.ascii	"\256\235u \222\2730V\373\262\305\371\313\346\307\312"
  73      92BB3056 
  73      FBB2C5F9 
  73      CBE6C7CA 
  74 02d6 E627CAE6 		.ascii	"\346'\312\346tO\273-O_\214\354h\234\245z06L\217\333"
  74      744FBB2D 
  74      4F5F8CEC 
  74      689CA57A 
  74      30364C8F 
  75 02eb 0FB6D992 		.ascii	"\017\266\331\222\276J\007*\251\033\035\031Js\345\344"
  75      BE4A072A 
  75      A91B1D19 
  75      4A73E5E4 
  76 02fb 18D6D7E7 		.ascii	"\030\326\327\3477\314\200\3417=\206g\255\351]S\340\017"
  76      37CC80E1 
  76      373D8667 
  76      ADE95D53 
  76      E00F
  77 030d 9825391E 		.ascii	"\230%9\036\246\005\212f\247a\0126x\326\027\257\366\022"
  77      A6058A66 
  77      A7610A36 
  77      78D617AF 
  77      F612
  78 031f CE5FE2CF 		.ascii	"\316_\342\317Y\31326\256\\_\354\315NC\025\371\314\200"
  78      59CB3236 
  78      AE5C5FEC 
  78      CD4E4315 
  78      F9CC80
  79 0332 DF58B23C 		.ascii	"\337X\262<oi\336&\202z|\246w\305\306\205\205\204\237"
  79      6F69DE26 
  79      827A7CA6 
  79      77C5C685 
  79      85849F
  80 0345 978AF46E 		.ascii	"\227\212\364n\012\030K\363\362\227\345\377)+\221\236"
ARM GAS  /var/folders/qd/4mxf5pkd0zdf0b9dd1hp39180000gn/T//ccHfIRZO.s 			page 6


  80      0A184BF3 
  80      F297E5FF 
  80      292B919E 
  81 0355 C2DCE20D 		.ascii	"\302\334\342\015\036\002O\311\313_\356Z\265\322\357"
  81      1E024FC9 
  81      CB5FEE5A 
  81      B5D2EF
  82 0364 2D320BE6 		.ascii	"-2\013\346\271\334\363\231f\262\314Bo\241\317,a?\001"
  82      B9DCF399 
  82      66B2CC42 
  82      6FA1CF2C 
  82      613F01
  83 0377 3F7AC771 		.ascii	"?z\307q"
  84              		.text
  85              		.section	.gnu.lto_chRegNextThread.13525e6d6bc34522,"",%progbits
  86 0000 789C8554 		.ascii	"x\234\205T\335oSe\030\177~\347==-mi\2742\206\020\354"
  86      DD6F5365 
  86      187F7EE7 
  86      3D3D2D6D 
  86      69BC3286 
  87 0016 A2159790 		.ascii	"\242\025\227\220\225\033C0\336\030\022\023Mv\303\376"
  87      951B4330 
  87      DE181213 
  87      4D76C3FE 
  88 0026 0003B591 		.ascii	"\000\003\265\221%\354#mG\330\325\016\373\260\233J4\010"
  88      25EC236D 
  88      47D8D50E 
  88      FBB09B4A 
  88      3408
  89 0038 9DA98D2B 		.ascii	"\235\251\215+\242\001\203c2\006\262\017F\331p\033\214"
  89      A2018363 
  89      3206B20F 
  89      46D9701B 
  89      8C
  90 0049 0D1805EB 		.ascii	"\015\030\005\353\006\004\267l\272Q\247x\2618\304\351"
  90      0604B76C 
  90      BA51A778 
  90      B138C4E9 
  91 0059 F3BE6742 		.ascii	"\363\276gB\351\024O\332\323s\236\257\337\363\374\236"
  91      E9144FDA 
  91      D3739EAF 
  91      DFF3FC9E 
  92 0069 DF5B8388 		.ascii	"\337[\203\210FmD}\374\373\022\177a#h\037\216\022\355"
  92      466D447D 
  92      FCFB127F 
  92      6123681F 
  92      8E12ED
  93 007c 71689ADE 		.ascii	"qh\232\336,\310t\212\305\213D\246[@\267\354: \037L\007"
  93      2CC8748A 
  93      C58B44A6 
  93      5B40B7EC 
  93      3A201F4C 
  94 0091 A846133A 		.ascii	"\250F\023:j\360\276\330/p\265\376\353\204xO$\004A\347"
  94      6AF0BED8 
  94      2F70B5FE 
  94      EB84784F 
  94      240441E7 
ARM GAS  /var/folders/qd/4mxf5pkd0zdf0b9dd1hp39180000gn/T//ccHfIRZO.s 			page 7


  95 00a5 D77B23F1 		.ascii	"\327{#\361)\217|\005\274\374\232\235\037\350p\027\036"
  95      298F7C05 
  95      BCFC9A9D 
  95      1FE87017 
  95      1E
  96 00b6 36CD5A33 		.ascii	"6\315Z3\325\274\340\374\244\343\212\271*!4\212qx\007"
  96      D5BCE0FC 
  96      A4E38AB9 
  96      2A21348A 
  96      717807
  97 00c9 D6E204D6 		.ascii	"\326\342\004\326J\364\223(\344\340\363\323\017\306\\"
  97      4AF49328 
  97      E4E0F3D3 
  97      0FC65C
  98 00d8 E239103F 		.ascii	"\3429\020?\017\327\017g\214\365_\250\304\354\347\302"
  98      0FD70F67 
  98      8CF55FA8 
  98      C4ECE7C2 
  99 00e8 7C9EB370 		.ascii	"|\236\263p\012\"7Q\026\3027X/\3433\351c_\272\304\013"
  99      0A223751 
  99      16C23758 
  99      2FE333E9 
  99      635FBAC4 
 100 00fd 2AB7697E 		.ascii	"*\267i~\354g\217\357\220\312\2359\272\346`\2359d\352"
 100      EC678FEF 
 100      90CA9D39 
 100      BAE6609D 
 100      3964EA
 101 0110 32FFF4E3 		.ascii	"2\377\364\343\371\362\342\360\311\343K\007V\033::\341"
 101      F9F2E2F0 
 101      C9E34B07 
 101      561B3A3A 
 101      E1
 102 0121 4B0A92AD 		.ascii	"K\012\222\255qG]0\360\320Wo\362\225\272\335j({L '\215"
 102      71475D30 
 102      F0D0576F 
 102      F295BADD 
 102      6A287B4C 
 103 0138 D0CDA13D 		.ascii	"\320\315\241=0(/\374\332\364\313Lj\217\214\327\244\357"
 103      30282FFC 
 103      DAF4CB4C 
 103      6A8F8CD7 
 103      A4EF
 104 014a C79E681A 		.ascii	"\307\236h\032\342\015\225\233\235iL\351\313\035\016"
 104      E20D959B 
 104      9D694CE9 
 104      CB1D0E
 105 0159 C65F5CCC 		.ascii	"\306_\\\314\374d\232\373L$\204@\357\023z\264\012\317"
 105      FC649AFB 
 105      4C248440 
 105      EF137AB4 
 105      0ACF
 106 016b 2F1A380B 		.ascii	"/\0328\013\037\341\214\254-\036\353%\305\275\234\343"
 106      1FE18CAC 
 106      2D1EEB25 
 106      C5BD9CE3 
 107 017b 5EE40D3C 		.ascii	"^\344\015<\206\034\252m\314\2262\227\376\212\362\006"
ARM GAS  /var/folders/qd/4mxf5pkd0zdf0b9dd1hp39180000gn/T//ccHfIRZO.s 			page 8


 107      861CAA6D 
 107      CC963297 
 107      FE8AF206 
 108 018b 9E3EDA3E 		.ascii	"\236>\332>;\353s\203\244]c\002u!o\006$\215ve%jd\002"
 108      3BEB7383 
 108      A45D6302 
 108      75216F06 
 108      248D7665 
 109 01a3 78D3668A 		.ascii	"x\323f\212\232\270s~\252K\321\014\264\225}o\374\345"
 109      9AB8737E 
 109      AA4BD10C 
 109      B4957D6F 
 109      FCE5
 110 01b5 C97DA30F 		.ascii	"\311}\243\017>N\212\316\232gt)\011\001/\372\331w\027"
 110      3E4E8ACE 
 110      9A677429 
 110      09012FFA 
 110      D97717
 111 01c8 B593773F 		.ascii	"\265\223w?\330?\365L\336`\037=p.\023\254\257 \263\301"
 111      D83FF54C 
 111      DE601F3D 
 111      702E13AC 
 111      AF20B3C1 
 112 01dc CF649E97 		.ascii	"\317d\236\227>[\276\257?\376J\205\204\"|\273\222\220"
 112      3E5BBEAF 
 112      3FFE4A85 
 112      84227CBB 
 112      9290
 113 01ee 01E66150 		.ascii	"\001\346aP\0222(\011\001\035\226[\375\254\245\375wg"
 113      12322809 
 113      011D965B 
 113      FDACA5FD 
 113      7767
 114 0200 C169B498 		.ascii	"\301i\264\230\037{\023V\301\326\251n\323\241k\334\364"
 114      1F7B1356 
 114      C1D6A96E 
 114      D3A16BDC 
 114      F4
 115 0211 100A14E5 		.ascii	"\020\012\024\345\277f\323\023\032[p\001\272j\233pQI"
 115      BF66D313 
 115      1A5B7001 
 115      BA6A9B70 
 115      5149
 116 0223 FC486FFF 		.ascii	"\374Ho\377\264\273\240{9[\355\375\267c\355\327]*{Xf"
 116      B4BBA07B 
 116      395BEDFD 
 116      B763EDD7 
 116      5D2A7B58 
 117 0238 E31274A6 		.ascii	"\343\022t\246\254\326\253( \232Cm\327\342d\333f9\\\\"
 117      ACD6AB28 
 117      209A436D 
 117      D7E264DB 
 117      66395C5C 
 118 024c D83921D6 		.ascii	"\3309!\326\320w\331.9\321\224\036z\372F\006\214$>\335"
 118      D077D92E 
 118      39D1941E 
 118      7AFA4606 
ARM GAS  /var/folders/qd/4mxf5pkd0zdf0b9dd1hp39180000gn/T//ccHfIRZO.s 			page 9


 118      8C243EDD 
 119 0260 C3F324CB 		.ascii	"\303\363$\313y%\366\27000\"A\331\233\216fn\273\374\255"
 119      7925F6B8 
 119      30302241 
 119      D99B8E66 
 119      6EBBFCAD 
 120 0274 7258AFCC 		.ascii	"rX\257\314\030E\022\007\204b\3702\374\022(\271N\011"
 120      18451207 
 120      8462F832 
 120      FC1228B9 
 120      4E09
 121 0286 96D7C7E5 		.ascii	"\226\327\307\345i\032\365\343\375\243_\271\377\005\316"
 121      691AF5E3 
 121      FDA35FB9 
 121      FF05CE
 122 0295 A1E03A3B 		.ascii	"\241\340:;\263\023\366\232?M\007\033\222\254fi\353\250"
 122      B313F69A 
 122      3F4D071B 
 122      92AC6669 
 122      EBA8
 123 02a7 BBB7CFC3 		.ascii	"\273\267\317\303-\3602W\341*\237\356+\313\350\247\006"
 123      2DF03257 
 123      E12A9FEE 
 123      2BCBE8A7 
 123      06
 124 02b8 6FFEE1B0 		.ascii	"o\376\341\260\320\223\013\354ubL\341\303R\346\221\241"
 124      D0930BEC 
 124      75624CE1 
 124      C352E691 
 124      A1
 125 02c9 BD273C5C 		.ascii	"\275'<\\\253\221\335s\354v\341\032\367DH\243F\211\240"
 125      AB91DD73 
 125      EC76E11A 
 125      F74448A3 
 125      4689A0
 126 02dc 8917C2FF 		.ascii	"\211\027\302\377$\254!\311\302l\246\301\260\332\322"
 126      24AC21C9 
 126      C26CA6C1 
 126      B0DAD2
 127 02eb F2C6F6AA 		.ascii	"\362\306\366\252\241\355\3771\264\033\327\025\250&\207"
 127      A1EDFF31 
 127      B41BD715 
 127      A82687
 128 02fa BEC10073 		.ascii	"\276\301\000s\250\213\275\323d\263j\011\253\334\311"
 128      A88BBDD3 
 128      64B36A09 
 128      ABDCC9
 129 0309 E8A5E34E 		.ascii	"\350\245\343N9\245\033\300w\\\207\021\323\357B\306\344"
 129      39A51BC0 
 129      775C8711 
 129      D3EF42C6 
 129      E4
 130 031a 73BC9DFE 		.ascii	"s\274\235\376\007.\363\010\356{\370\031B\215\242\347"
 130      072EF308 
 130      EE7BF819 
 130      428DA2E7 
 131 032a 1C078B6D 		.ascii	"\034\007\213mX\317g\225\322\037\322\314f\214\347*\335"
ARM GAS  /var/folders/qd/4mxf5pkd0zdf0b9dd1hp39180000gn/T//ccHfIRZO.s 			page 10


 131      58CF6795 
 131      D21FD2CC 
 131      668CE72A 
 131      DD
 132 033b 3A8FCBF2 		.ascii	":\217\313\362[j\371\241\327\365\217\262\306\225\262"
 132      5B6AF9A1 
 132      D7F58FB2 
 132      C695B2
 133 034a 2694B2F2 		.ascii	"&\224\262\362et\323\222\321\235\203{\273\326)\014\242"
 133      6574D392 
 133      D19D837B 
 133      BBD6290C 
 133      A2
 134 035b 2CEAEF34 		.ascii	",\352\3574\335Rs\347mru\214\265H\270\305\274\263x\022"
 134      DD5273E7 
 134      6D72758C 
 134      B548B8C5 
 134      BCB37812 
 135 036f C243F32C 		.ascii	"\302C\363,\214C\315k,\216\344\272\026\230\027\036X\273"
 135      8C43CD6B 
 135      2C8EE4BA 
 135      1698171E 
 135      58BB
 136 0381 DF7E013C 		.ascii	"\337~\001<\274\270\337\266\231O;\344P\014\352-*\362"
 136      BCB8DFB6 
 136      994F3BE4 
 136      500CEA2D 
 136      2AF2
 137 0393 5B9F8AB0 		.ascii	"[\237\212\260?\024\361\207C\001\177`G(\370vi8\022\252"
 137      3F14F187 
 137      43017F60 
 137      4728F876 
 137      693812AA 
 138 03a7 2E0A9016 		.ascii	".\012\220\026\251\024\345\221\312g\363\342J\313\003"
 138      A914E591 
 138      CA67F3E2 
 138      4ACB03
 139 03b6 3BABDE0A 		.ascii	";\253\336\012rl\270:\\\264\203l\273\266\355\254\012"
 139      726CB83A 
 139      5CB4836C 
 139      BBB6EDAC 
 139      0A
 140 03c7 16E64555 		.ascii	"\026\346EUV\204\"a\377\253[\213\267\024\357\346\320"
 140      56842261 
 140      FFAB5B8B 
 140      B714EFE6 
 140      D0
 141 03d8 404528F8 		.ascii	"@E(\370\346\256Me\034\277!72\270;\342\337R\\\362z\311"
 141      E6AE4D65 
 141      1CBF2137 
 141      32B83BE2 
 141      DF525CF2 
 142 03ee A3B23232 		.ascii	"\243\26222P\366ZUy\200\203\237*.\331\352\335\276-\034"
 142      50F65A55 
 142      7980839F 
 142      2A2ED9EA 
 142      DDBE2D1C 
ARM GAS  /var/folders/qd/4mxf5pkd0zdf0b9dd1hp39180000gn/T//ccHfIRZO.s 			page 11


 143 0402 AC0C956E 		.ascii	"\254\014\225n\360\3726\222\026\"{Y\260\254\"TM\177\003"
 143      F0FA3692 
 143      16227B59 
 143      B0AC2254 
 143      4D7F03
 144 0415 A3A61E2C 		.ascii	"\243\246\036,"
 145              		.text
 146              		.section	.gnu.lto_ch_debug.13525e6d6bc34522,"",%progbits
 147 0000 789C2D8E 		.ascii	"x\234-\216MKBQ\020\206\317\353\361\226\3465\015\"Z\334"
 147      4D4B4251 
 147      1086CFEB 
 147      F196E635 
 147      0D225ADC 
 148 0014 DAB52F57 		.ascii	"\332\265/W.\373\011\375$#\213(\010\002\335\304\025\244"
 148      2EFB09FD 
 148      24238B28 
 148      0802DDC4 
 148      15A4
 149 0026 16152D12 		.ascii	"\026\025-\022*?\263\314\264HrQ\030\324\246\014\261\014"
 149      2A3FB3CC 
 149      B4487251 
 149      18D4A60C 
 149      B10C
 150 0038 D42CFA40 		.ascii	"\324,\372@\012j\306s/gxx\356;3L\237\020\342\031B\320"
 150      0A6AC673 
 150      2F677878 
 150      EE3B334C 
 150      9F10E219 
 151 004e EB7D2189 		.ascii	"\353}!\211\335f\252\353^\226\246\244\237\244\351\271"
 151      DD66AAEB 
 151      5E96A6A4 
 151      9FA4E9B9 
 152 005e 9D98A5E3 		.ascii	"\235\230\245\343\244\353\215\362\205\246t\2144\231m"
 152      A4EB8DF2 
 152      85A6748C 
 152      34996D
 153 006d F9941964 		.ascii	"\371\224\031d\355`\275\352R:J\372\366\033I8\225\016"
 153      ED60BDEA 
 153      523A4AFA 
 153      F61B4938 
 153      950E
 154 007f 935E772E 		.ascii	"\223^w.#V\352%\375i\204\356\240T']\313|\224\254\305"
 154      2356EA25 
 154      FD6984EE 
 154      A054275D 
 154      CB7C94AC 
 155 0094 0E52F321 		.ascii	"\016R\363!\177o\315\026\370\214\253`\314\224\312\355"
 155      7F6FCD16 
 155      F88CAB60 
 155      CC94CAED 
 156 00a4 A4E5D0EB 		.ascii	"\244\345\320\353\014\0330;I\372\331]j[\335#\244\225"
 156      0C1B303B 
 156      49FAD95D 
 156      6A5BDD23 
 156      A495
 157 00b6 4473ABD7 		.ascii	"Ds\253\327lC\233\207\363\357\261M\235]B\222v6j\013\272"
 157      6C439B87 
ARM GAS  /var/folders/qd/4mxf5pkd0zdf0b9dd1hp39180000gn/T//ccHfIRZO.s 			page 12


 157      F3EFB14D 
 157      9D5D4292 
 157      76366A0B 
 158 00cb 8A5F382E 		.ascii	"\212_8.\376}\347<*\266\221\336>\325\263.\025?r\\Y1\253"
 158      FE7DE73C 
 158      2AB691DE 
 158      3ED5B32E 
 158      153F725C 
 159 00e2 0EE52DF6 		.ascii	"\016\345-\366\325\371\355\033\233?\036X\214\006\246"
 159      D5F9ED1B 
 159      9B3F1E58 
 159      8C06A6
 160 00f1 4D69C794 		.ascii	"Mi\307\224\201\"\014\370\014\024\010\247Ty\252\023\252"
 160      81220CF8 
 160      0C1408A7 
 160      5479AA13 
 160      AA
 161 0102 1C0C1EF8 		.ascii	"\034\014\036\370\252\225&T\177T3\245\026\246+\317\340"
 161      AA952654 
 161      7F5433A5 
 161      16A62BCF 
 161      E0
 162 0113 0FD3F17B 		.ascii	"\017\323\361{0\302\264\366\230!q\304\260#\313\320\024"
 162      30C2B4F6 
 162      982171C4 
 162      B023CBD0 
 162      14
 163 0124 FA70C8E8 		.ascii	"\372p\310\350G\206\341@\232\341D\2121\200$\303\205\004"
 163      4786E140 
 163      9AE1448A 
 163      318024C3 
 163      8504
 164 0136 4357CBDC 		.ascii	"CW\313\334\2103\006q\300\360`\237\341U\331\020C\340"
 164      88330671 
 164      C0F0609F 
 164      E155D910 
 164      43E0
 165 0148 1C7EF10F 		.ascii	"\034~\361\017}r\223\260"
 165      7D7293B0 
 166              		.text
 167              		.section	.gnu.lto_.symbol_nodes.13525e6d6bc34522,"",%progbits
 168 0000 789C6363 		.ascii	"x\234cc``\010\000b\006\246g\214\365\014\014\023\316"
 168      60600800 
 168      6206A667 
 168      8CF50C0C 
 168      13CE
 169 0012 313000A9 		.ascii	"10\000\251]\015\216\014\014\254/\030\031\024@2\317\031"
 169      5D0D8E0C 
 169      0CAC2F18 
 169      19144032 
 169      CF19
 170 0024 EB195165 		.ascii	"\353\031Qe\236226*\001\245\030_1\3263\201\245\030\030"
 170      9E323236 
 170      2A01A518 
 170      5F31D633 
 170      81A51818 
 171 0038 1A1A1C18 		.ascii	"\032\032\034\030\030\230\231X\030\236\264\277\221g\000"
ARM GAS  /var/folders/qd/4mxf5pkd0zdf0b9dd1hp39180000gn/T//ccHfIRZO.s 			page 13


 171      18989958 
 171      189EB4BF 
 171      916700
 172 0047 00106313 		.ascii	"\000\020c\023\000"
 172      00
 173              		.text
 174              		.section	.gnu.lto_.refs.13525e6d6bc34522,"",%progbits
 175 0000 789C6363 		.ascii	"x\234cc``\340\006bF badbbdc\000\000\001\200\000$"
 175      6060E006 
 175      62462062 
 175      61646262 
 175      64630000 
 176              		.text
 177              		.section	.gnu.lto_.decls.13525e6d6bc34522,"",%progbits
 178 0000 789CC53B 		.ascii	"x\234\305;iXT\331\225u\353\326\002E\001\0355=f\306\311"
 178      695854D9 
 178      9575EBD6 
 178      0245011D 
 178      353D66C6 
 179 0015 F4D76377 		.ascii	"\364\327cw\223/\243\270t\354N&_&\231\376\222t\226\356"
 179      932FA3B8 
 179      74EC4E26 
 179      5F2699FE 
 179      927496EE 
 180 0029 64BA3B33 		.ascii	"d\272;3\231df*4\226J7[\212r\353?)vY\024\020TPTdQpAP"
 180      9964662A 
 180      34964A37 
 180      5B8A72EB 
 180      3F297659 
 181 0047 DCD83711 		.ascii	"\334\3307\021\301\035\001AYDdS\221]6e\316]^\275W\305"
 181      C11D0141 
 181      59446453 
 181      915D3665 
 181      CE5D5EBD 
 182 005d 2BED1F93 		.ascii	"+\355\037\223o\352\363\360\336y\367\334\263\335s\316"
 182      6FEAF3F0 
 182      DE79F7DC 
 182      B3DD73CE 
 183 006d 5DDE53A3 		.ascii	"]\336S\243P(v\374@\241\310rR(\312\221B1\007?\025<\253"
 183      502876FC 
 183      40A1C872 
 183      5228CA91 
 183      4231073F 
 184 0084 000054E1 		.ascii	"\000\000T\341C\376\300\017\003\344\300\375\011\200|"
 184      43FEC00F 
 184      03E4C0FD 
 184      09807C
 185 0093 0025E0EF 		.ascii	"\000%\340\357\300\237\317\225\012\233\337\247@\250\207"
 185      C09FCF95 
 185      0A9BDFA7 
 185      40A887
 186 00a2 EB028045 		.ascii	"\353\002\200E\274\1779\\\227\000\254\005\332\015\000"
 186      BC7F395C 
 186      9700AC05 
 186      DA0D00
 187 00b1 3E006F01 		.ascii	">\000o\001\350\000\276\200v-b\374\277\015\270\032`\017"
 187      E800BE80 
ARM GAS  /var/folders/qd/4mxf5pkd0zdf0b9dd1hp39180000gn/T//ccHfIRZO.s 			page 14


 187      762D62FC 
 187      BF0DB81A 
 187      600F
 188 00c3 E01A2ECF 		.ascii	"\340\032.\317\027p\177\0003\300&\200-J\246\327;vr\377"
 188      17707F00 
 188      33C02680 
 188      2D4AA6D7 
 188      3B7672FF 
 189 00d7 080CDC5F 		.ascii	"\010\014\334_!\227\310\222\312\336\252d\262\277\202"
 189      2197C892 
 189      CADEAA64 
 189      B2BF82
 190 00e6 6B1ED721 		.ascii	"k\036\327!\0251=\210\016Z\005\263WN\007\301\007\301"
 190      15313D88 
 190      0E5A05B3 
 190      574E07C1 
 190      07C1
 191 00f8 CAF9BA5C 		.ascii	"\312\371\272\\T1\375\211\354\267\001\376\0061\235>\004"
 191      5431FD89 
 191      ECB701FE 
 191      06319D3E 
 191      04
 192 0109 3A2F25D3 		.ascii	":/%\323\361?\340\372\011\300\257\001>\006\370\014\340"
 192      F13FE0FA 
 192      09C0AF01 
 192      3E06F80C 
 192      E0
 193 011a 0F00BF04 		.ascii	"\017\000\277\004\370#\300\277\003|\004\360_\000\377"
 193      F823C0BF 
 193      037C04F0 
 193      5F00FF
 194 0129 06F02B80 		.ascii	"\006\360+\200\337\002\374\036\3407\000\277\003\370\324"
 194      DF02FC1E 
 194      E03700BF 
 194      03F8D4
 195 0138 4EAEF04B 		.ascii	"N\256\360K\302\350\311~K\255\033V\"r\177\257\374Q\271"
 195      C2E8C97E 
 195      4BAD1B56 
 195      22727FAF 
 195      FC51B9
 196 014b D3F2E316 		.ascii	"\323\362\343\026\366s\372\245\002\235FX \274\031\226"
 196      F673FAA5 
 196      029D4658 
 196      20BC1996 
 197 015b 978A6330 		.ascii	"\227\212c0Z\240C*@\207\257\356}\340\006\350\"\035z\003"
 197      5AA0432A 
 197      4087AFEE 
 197      7DE006E8 
 197      221D7A03 
 198 016f D07383C7 		.ascii	"\320s\203\307\316\271\262\326rB\235\335\223\272C\317"
 198      CEB9B2D6 
 198      72429DDD 
 198      93BA43CF 
 199 017f F0F7018D 		.ascii	"\360\367\001\215\014\235nV\341\357R)m\2659\307\010\243"
 199      0C9D6E56 
 199      E1EF5229 
 199      6DB539C7 
ARM GAS  /var/folders/qd/4mxf5pkd0zdf0b9dd1hp39180000gn/T//ccHfIRZO.s 			page 15


 199      08A3
 200 0191 777488C4 		.ascii	"wt\210\304\220;<:\371\370\302\224+{D(n\305\215dj\361"
 200      903B3C3A 
 200      F9F8C294 
 200      2B7B4428 
 200      6EC58D64 
 201 01a7 1A72AFEC 		.ascii	"\032r\257\354h\231\271\347\206t\036\333,\226\020KZ\250"
 201      6899B9E7 
 201      86741EDB 
 201      2C96104B 
 201      5AA8
 202 01b9 C5F94305 		.ascii	"\305\371C\005:\213\226\2403h\211\002\225\"\017\322\247"
 202      3A8B96A0 
 202      33688902 
 202      95220FD2 
 202      A7
 203 01ca 002D57A0 		.ascii	"\000-W\240\"xX\010\017\017\023\335\313\257'\377(e\304"
 203      22785808 
 203      0F0F13DD 
 203      CBAF27FF 
 203      2865C4
 204 01dd 62790395 		.ascii	"by\003\225 \035*F\230\322@@\274\243c\326\344d&\244k"
 204      201D2A46 
 204      98D24040 
 204      BCA363D6 
 204      E46426A4 
 205 01f2 7023A232 		.ascii	"p#\2422\212\366=\274\250t$\243\302\241\214gEo\326\204"
 205      8AF63DBC 
 205      A87424A3 
 205      C2A18C67 
 205      456FD684 
 206 0206 5B2C4A54 		.ascii	"[,JT\0162\312D\031 \222\011\261$\315\034t\305\275\324"
 206      0E32CA44 
 206      19209209 
 206      B124CD1C 
 206      74C5BDD4 
 207 021a B9CAA7A1 		.ascii	"\271\312\247\241\373\262\034\032R\355P\310\\\333\212"
 207      FBB21C1A 
 207      52ED50C8 
 207      5CDB8A
 208 0229 94696248 		.ascii	"\224ibH\025\010\251\024\205\224\013B\356=\335\035\241"
 208      1508A914 
 208      85940B42 
 208      EE3DDD1D 
 208      A1
 209 023a C199987A 		.ascii	"\301\231\230zno\321X\235\232\271\335\011\320\251\363"
 209      6E6FD158 
 209      9D9AB9DD 
 209      09D0A9F3 
 210 024a 8F523538 		.ascii	"\217R58\227\265\325u%\265)\361\031\206\010\343\265\210"
 210      97B5D575 
 210      25B529F1 
 210      198608E3 
 210      B588
 211 025c 8FD7FE99 		.ascii	"\217\327\376\231\202\213.\270\2045\236\032\213\371\026"
 211      828B2EB8 
 211      84359E1A 
ARM GAS  /var/folders/qd/4mxf5pkd0zdf0b9dd1hp39180000gn/T//ccHfIRZO.s 			page 16


 211      8BF916
 212 026b BEC8EEAB 		.ascii	"\276\310\356\253\0374\324\252\361\025\206\304\234\016"
 212      1F34D4AA 
 212      F11586C4 
 212      9C0E
 213 0279 3BA4C26D 		.ascii	";\244\302m\014)\334U\374\304\011w3\244\342yK\252\016"
 213      0C29DC55 
 213      FCC40977 
 213      33A4E279 
 213      4BAA0E
 214 028c 8F31E4D6 		.ascii	"\2171\344\326\320\225\375.L\213\327\000=\333s\271F\307"
 214      D095FD2E 
 214      4C8BD700 
 214      3DDB73B9 
 214      46C7
 215 029e 645910E0 		.ascii	"dY\020\340\263Y\327\3578\341YF[t\256\270\206k\274\002"
 215      B359D7EF 
 215      38E15946 
 215      5B74AEB8 
 215      866BBC02 
 216 02b2 D0D878CB 		.ascii	"\320\330x\313%\027\034\256\242m5qa\261:\034O\021\345"
 216      25171CAE 
 216      A26D3571 
 216      61B13A1C 
 216      4F11E5
 217 02c5 F8CDC729 		.ascii	"\370\315\307)\032G\376kv\350\277\351oA$\243&p^\243\214"
 217      1A47FE6B 
 217      76E8BFE9 
 217      6F4124A3 
 217      26705EA3 
 218 02da F36A3A9F 		.ascii	"\363j:\237\217\270\343T&.|\373\211=DO\015\013L-<\352"
 218      8FB8E354 
 218      262E7CFB 
 218      893D444F 
 218      0D0B4C2D 
 219 02f0 1E9A3EAB 		.ascii	"\036\232>\253b\217\010\267-\304S)\367\362\335p:S\252"
 219      628F08B7 
 219      2DC45329 
 219      F7F2DD70 
 219      3A53AA
 220 0303 B4E17C98 		.ascii	"\264\341|\230+\362\320\011A\267&e\210\214U\033\210\273"
 220      2BF2D009 
 220      41B72665 
 220      888C551B 
 220      88BB
 221 0315 2B8AD310 		.ascii	"+\212\323\020i\333\010\211\275\336\367@o\015\327\273"
 221      69DB0889 
 221      BDDEF740 
 221      6F0DD7BB 
 222 0325 151EB6C0 		.ascii	"\025\036\266\300C\220125T\240\302\307\231\214\323\211"
 222      43903132 
 222      3554A0C2 
 222      C7998CD3 
 222      89
 223 0336 B3C96E56 		.ascii	"\263\311nV\031\317\212V\235\241A\327\0112\332E\031m"
 223      19CF8A56 
 223      9DA141D7 
ARM GAS  /var/folders/qd/4mxf5pkd0zdf0b9dd1hp39180000gn/T//ccHfIRZO.s 			page 17


 223      0932DA45 
 223      196D
 224 0348 C8A1900E 		.ascii	"\310\241\220\016y!\315\261\015w5\270\200\0119W\177o"
 224      7921CDB1 
 224      0D7735B8 
 224      80093957 
 224      7F6F
 225 035a 065B85CC 		.ascii	"\006[\205\314\265\275\313\202\356\001\010\271/\012\351"
 225      B5BDCB82 
 225      EE0108B9 
 225      2F0AE9
 226 0369 742CA44B 		.ascii	"t,\244K^\310\276\321\266~g6\274\036\200\306\215&4\253"
 226      5EC8BED1 
 226      B67E6736 
 226      BC1E80C6 
 226      8D2634AB 
 227 037d 7121F3B7 		.ascii	"q!\363\267PB\026\260\022\262?\256\361,\306\027Y[\324"
 227      504216B0 
 227      12B23FAE 
 227      F12CC617 
 227      595BD4
 228 0390 F1A81A37 		.ascii	"\361\250\0327|\235!\351eE\217\265\270\203\367j\012y"
 228      7C9D21E9 
 228      65458FB5 
 228      B883F76A 
 228      0A79
 229 03a2 A0C3830C 		.ascii	"\240\303\203\014\271\177\357R\236\033\036aH\321\263"
 229      B97FEF52 
 229      9E1B1E61 
 229      48D1B3
 230 03b1 7D45EE78 		.ascii	"}E\356x\212!W\037\314\215\350\260EM\221\233\301\207"
 230      8A21571F 
 230      CC8DE8B0 
 230      454D919B 
 230      C187
 231 03c3 20542319 		.ascii	" T#\031r\3372\223\242\307\333)\242\334W\231~Zi\265\273"
 231      72DF3293 
 231      A2C7DB29 
 231      A2DC5799 
 231      7E5A69B5 
 232 03d8 EE6F49B0 		.ascii	"\356oI\260\014\203\321O\277\226\321C\362F_\033\216\236"
 232      0C83D14F 
 232      BF96D143 
 232      F2465F1B 
 232      8E9E
 233 03ea 75C7894C 		.ascii	"u\307\211L\\\314\256'\207\335\360>\206\314\364%\265"
 233      5CCCAE27 
 233      87DDF03E 
 233      86CCF425 
 233      B5
 234 03fb 2066B21E 		.ascii	" f\262\036\320\220\242\226\004w\226\031\2354\034\257"
 234      D090A296 
 234      04779619 
 234      9D341CAF 
 235 040b A78D3AE1 		.ascii	"\247\215:\341lF{!a'(\235\313\220\366\344\230\"\027\\"
 235      6C467B21 
 235      6127289D 
ARM GAS  /var/folders/qd/4mxf5pkd0zdf0b9dd1hp39180000gn/T//ccHfIRZO.s 			page 18


 235      CB90F6E4 
 235      9822175C 
 236 041f C190D2B8 		.ascii	"\301\220\322\270\221\363\316\270\226!\221\223]y\356"
 236      91F3CEB8 
 236      96219193 
 236      5D79EE
 237 042e F8A6DA26 		.ascii	"\370\246\332&\233\026\261l\032\014{\330\311\023q1\240"
 237      9B16B16C 
 237      1A0C7BD8 
 237      C9137131 
 237      A0
 238 043f 19B7AB46 		.ascii	"\031\267\253F\324\370\016#=\031\336\235\343\004mK \332"
 238      D4F80E23 
 238      3D19DE9D 
 238      E3046D4B 
 238      20DA
 239 0451 91A4062F 		.ascii	"\221\244\006/a5\270\240|\364\204\012w0/\345\237\350"
 239      6135B8A0 
 239      7CF4840A 
 239      77302FE5 
 239      9FE8
 240 0463 FE4212E5 		.ascii	"\376B\022\345\313\303#I\004\206(!+\224V?-\341n\012\261"
 240      CBC32349 
 240      04862821 
 240      2B94563F 
 240      2DE16E0A 
 241 0478 58322C78 		.ascii	"X2,x\261\002\255^\202V\200\223\202\225\036\204)u\322"
 241      B102AD5E 
 241      82568093 
 241      82951E84 
 241      2975D2
 242 048b 1C38E905 		.ascii	"\0348\351\005sR\316\301\354jW\334\317\004\264\237xz"
 242      7352CEC1 
 242      EC6A57DC 
 242      CF04B49F 
 242      787A
 243 049d 0D4B62FC 		.ascii	"\015Kb\374\315\3234\306\303AB\250(\001\004\312\213\010"
 243      CDD334C6 
 243      C34142A8 
 243      280104CA 
 243      8B08
 244 04af 93171192 		.ascii	"\223\027\021\222\330p\334\031\0173\021!\027\343oj\205"
 244      D870DC19 
 244      0F331121 
 244      17E36F6A 
 244      85
 245 04c0 FA61DB7D 		.ascii	"\372a\333}\233Lw!\021<X\"D\202&\021\242&\341J^@\204"
 245      9B4C7721 
 245      113C5822 
 245      44822611 
 245      A226E14A 
 246 04d7 F85EC4E2 		.ascii	"\370^\304\342\273:\373B\273+\236\342#\037\373\342$\306"
 246      BB3AFB42 
 246      BB2B9EE2 
 246      231FFBE2 
 246      24C6
 247 04e9 C11A2AFE 		.ascii	"\301\032*\376\311\216\354s\032y\361\333\035\212\257"
ARM GAS  /var/folders/qd/4mxf5pkd0zdf0b9dd1hp39180000gn/T//ccHfIRZO.s 			page 19


 247      C98EEC73 
 247      1A79F1DB 
 247      1D8AAF
 248 04f8 A4C52B16 		.ascii	"\244\305+\026d\307\310\310.\211\030\011\304Q\224=\312"
 248      64C7C8C8 
 248      2E891809 
 248      C451943D 
 248      CA
 249 0509 AC3A7953 		.ascii	"\254:yS\213\023\230\254\226\361\372DIPS&\011\300$\316"
 249      8B1398AC 
 249      96F1FA44 
 249      49505326 
 249      09C024CE 
 250 051d 9E898C32 		.ascii	"\236\211\2142\361\362\256<Xr3G\205\3672a\215\223%\323"
 250      F1F2AE3C 
 250      58723347 
 250      85F73261 
 250      8D9325D3 
 251 0531 7A7C8822 		.ascii	"z|\210\"\252\343\241G\207T\310c\011\002b\304D\222\305"
 251      AAE3A147 
 251      8754C863 
 251      090262C4 
 251      4492C5
 252 0544 8302ED01 		.ascii	"\203\002\355\001\211\211J,\2545\366Z@\332\320_\310c"
 252      89894A2C 
 252      AC35F65A 
 252      40DAD05F 
 252      C863
 253 0556 B877A257 		.ascii	"\270w\242W\031\371I \2374)\320n\345\022\264KI\245\347"
 253      19F94920 
 253      9F3429D0 
 253      6EE512B4 
 253      4B49A5E7 
 254 056a A7D64E39 		.ascii	"\247\326N9\3538\365\266WQ\337\237\234\253\326\353\243"
 254      EB38F5B6 
 254      5751DF9F 
 254      9CABD6EB 
 254      A3
 255 057b ADF3044A 		.ascii	"\255\363\004J\006M\204\234U\240\024\245\236/i\016\336"
 255      064D849C 
 255      55A014A5 
 255      9E2F690E 
 255      DE
 256 058c B9D0AEC2 		.ascii	"\271\320\256\302\207\231Q\017,U\015J\234\313\220\023"
 256      8799510F 
 256      2C550D4A 
 256      9CCB9013 
 257 059c 19ED59CE 		.ascii	"\031\355Y\316\370,CJZw\366\271\342b\206\010)\273\200"
 257      F82C434A 
 257      5A77F6B9 
 257      E2628608 
 257      29BB80
 258 05af A76C7BEE 		.ascii	"\247l{\356\213b\015.g\215\007\357\015\237\320\342*6"
 258      8B620D2E 
 258      678D07EF 
 258      0D9FD0E2 
 258      2A36
ARM GAS  /var/folders/qd/4mxf5pkd0zdf0b9dd1hp39180000gn/T//ccHfIRZO.s 			page 20


 259 05c1 0A4D737D 		.ascii	"\012Ms}}\220\346\036\022E\376\364\272X;\322Au\203\236"
 259      7D90E61E 
 259      1245FEF4 
 259      BA583BD2 
 259      4175839E 
 260 05d5 8F071BA9 		.ascii	"\217\007\033\251\336\026|\365\001\244\226\012\035R\352"
 260      DE167CF5 
 260      01A4960A 
 260      1D52EA
 261 05e4 519A385A 		.ascii	"Q\2328Z\006=S\370\334\375]e\274\232\336!xgHM\203\023"
 261      063D53F8 
 261      DCFD5D65 
 261      BC9ADE21 
 261      7867484D 
 262 05fa 1E61C287 		.ascii	"\036a\302\207\007o\317\272\342\011\2064\364\034\012"
 262      076FCFBA 
 262      E2098634 
 262      F41C0A
 263 0609 E3EBAF1B 		.ascii	"\343\353\257\033t)2U\332\252\301\323\254\361\356\256"
 263      74293255 
 263      DAAAC1D3 
 263      ACF1EEAE 
 264 0619 C94E67FC 		.ascii	"\311Ng\374\234!1\027\317\324\360u]-\301k\033c\312T\330"
 264      9C213117 
 264      CFD4F075 
 264      5D2DC16B 
 264      1B63CA54 
 265 062e A2A58D47 		.ascii	"\242\245\215G\352;-j\034\312\220\342\350\372Y'\034\301"
 265      EA3B2D6A 
 265      1CCA90E2 
 265      E8FA5927 
 265      1CC1
 266 0640 90BD8591 		.ascii	"\220\275\205\221!:\034\305\220\246\272\326h\027\034"
 266      213A1CC5 
 266      90A6BAD6 
 266      68171C
 267 064f CB90CAC6 		.ascii	"\313\220\312\306\364\353j\034\317\220\304\321\311\343"
 267      F4EB6A1C 
 267      CF90C4D1 
 267      C9E3
 268 065d 082731E4 		.ascii	"\010'1\344\341\251\273W\2658\231!i\027:.kp*CF.\245n"
 268      E1A9BB57 
 268      B5389921 
 268      69173A2E 
 268      6B702A43 
 269 0675 C669EC7E 		.ascii	"\306i\354~[A\353N\035\316dHF\341\343\012\214\263\031"
 269      5B41EB4E 
 269      1DCE6448 
 269      46E1E30A 
 269      8CB319
 270 0688 321D991F 		.ascii	"2\035\231\037\353\214\2173\244\267n\373j\234\307\356"
 270      EB8C8F33 
 270      A4B76EFB 
 270      6A9CC7EE 
 271 0698 53FBE7CC 		.ascii	"S\373\347\314\270\200\335\037\177PT\252\305\347\031"
 271      B880DD1F 
 271      7F5054AA 
ARM GAS  /var/folders/qd/4mxf5pkd0zdf0b9dd1hp39180000gn/T//ccHfIRZO.s 			page 21


 271      C5E719
 272 06a7 92DC9E1F 		.ascii	"\222\334\236\037\246\302\305\014i>0=\355\202\313\031"
 272      A6C2C50C 
 272      693E303D 
 272      ED82CB19 
 273 06b7 D2B1BDFD 		.ascii	"\322\261\275\375\017\270\232\335\2275E\317\352q-C\216"
 273      0FB89ADD 
 273      973545CF 
 273      EA712D43 
 273      8E
 274 06c8 CD8DC6E9 		.ascii	"\315\215\306\351\361\025\206\324eLT\362\325I7\301\247"
 274      F11586D4 
 274      654C54F2 
 274      D54937C1 
 274      A7
 275 06d9 F287C79C 		.ascii	"\362\207\307\234X\272\247i\222\360\337E\035\276W\210"
 275      58BAA769 
 275      92F0DF45 
 275      1DBE5788 
 276 06e9 D052F25B 		.ascii	"\320R\362[\270\324\366\347A\377\246\223\301/\2774\203"
 276      B8D4F6E7 
 276      41FFA693 
 276      C12FBF34 
 276      83
 277 06fa E372A2B7 		.ascii	"\343r\242\267[\322*\021\035\332\0230\2645\312\205b0"
 277      5BD22A11 
 277      1DDA1330 
 277      B435CA85 
 277      6230
 278 070c 9CA391B9 		.ascii	"\234\243\221\271\222\354\003X\217\256\177\331k)\017"
 278      92EC0358 
 278      8FAE7FD9 
 278      6B290F
 279 071b C394FA9C 		.ascii	"\303\224\372\234=\365\254=u\353\207\"u\236=u\003\245"
 279      3DF5AC3D 
 279      75EB8722 
 279      759E3D75 
 279      03A5
 280 072d 3E8B44F2 		.ascii	">\213D\362\221_\210\344\231\366\344\031J{\362J\011\371"
 280      915F88E4 
 280      99F6E419 
 280      4A7BF24A 
 280      09F9
 281 073f 7179CD19 		.ascii	"qy\315\031y\002\211\342x\000\244\2025\026$d\231\222"
 281      790289E2 
 281      7800A482 
 281      35162464 
 281      9992
 282 0751 2CD27917 		.ascii	",\322y\027\210e\324\004A\177G\271\024\335\002\270\014"
 282      8865D404 
 282      417F47B9 
 282      14DD02B8 
 282      0C
 283 0762 700DE02E 		.ascii	"p\015\340.\300m\200J\200\253\000\315\000\265\0007\000"
 283      C06D804A 
 283      80AB00CD 
 283      00B50037 
ARM GAS  /var/folders/qd/4mxf5pkd0zdf0b9dd1hp39180000gn/T//ccHfIRZO.s 			page 22


 283      00
 284 0773 1A011A00 		.ascii	"\032\001\032\000\252\000\256\003\324\001T\000\\\004"
 284      AA00AE03 
 284      D4015400 
 284      5C04
 285 0781 B8047005 		.ascii	"\270\004p\005\240\036\340&@+@5@\213r)-8L\371:\211\362"
 285      A01EE026 
 285      402B4035 
 285      408B7229 
 285      2D384CF9 
 286 0798 C7EC95CF 		.ascii	"\307\354\225\317Q\3329rZ\342\366\002{\352\236y\216\254"
 286      51DA3972 
 286      5AE2F602 
 286      7BEA9E79 
 286      8EAC
 287 07aa 949017D9 		.ascii	"\224\220\027\331\223\327\330\217\322\200d\224r\355\251"
 287      93D7D88F 
 287      D2806494 
 287      72EDA9
 288 07b9 CFCF63DE 		.ascii	"\317\317c\336*\321<\333\236\374\260\275\346\267$\324"
 288      2AD13CDB 
 288      9EFCB0BD 
 288      E6B724D4 
 289 07c9 47E5ED94 		.ascii	"G\345\355\2242\037\220"
 289      321F90
 290 07d0 687E563E 		.ascii	"h~V>\276\244\344u\022\362ByC\245\344]\022KO\312[*Q\275"
 290      BEA4E475 
 290      12F24279 
 290      43A5E45D 
 290      124B4FCA 
 291 07e8 52427DDA 		.ascii	"RB}\332\236\272{^fH\014=\"\357\026\251*\323?\022\311"
 291      9EBA7B5E 
 291      66480C3D 
 291      22EF16A9 
 291      2AD33F12 
 292 07fd 8BEDC93D 		.ascii	"\213\355\311=\355\251oIT\311\227O$i\332I\274r\336\236"
 292      EDA96F49 
 292      54C9974F 
 292      2469DA49 
 292      BC72DE9E 
 293 0811 FAC67C27 		.ascii	"\372\306|'J\230\237\222\267\223\221\263\331\240\247"
 293      4A989F92 
 293      B79391B3 
 293      D9A0A7
 294 0820 F4B56048 		.ascii	"\364\265`H%B\246\340\023\201\030\326\023e\013\322C-"
 294      2542A6E0 
 294      138118D6 
 294      13650BD2 
 294      432D
 295 0832 B52B28B3 		.ascii	"\265+(\2633\362\221*\321tD\342\205\022Y/H\223@\342\341"
 295      33F2912A 
 295      D17444E2 
 295      8512592F 
 295      489340E2 
 296 0847 83F6C407 		.ascii	"\203\366\304\007\354\003o@B\235%_L\244a*q\331\005y\227"
 296      EC036F40 
 296      429D255F 
ARM GAS  /var/folders/qd/4mxf5pkd0zdf0b9dd1hp39180000gn/T//ccHfIRZO.s 			page 23


 296      4CA4612A 
 296      71D90579 
 297 085c 516AA8B5 		.ascii	"Qj\250\265-\251\373\013]\245\323\270\224\026\266N\326"
 297      2DA9FB0B 
 297      5DA5D3B8 
 297      9416B64E 
 297      D6
 298 086d 69FCDCDC 		.ascii	"i\374\334\334\300\220\032\2078\221\212\215#\303'\212"
 298      C0901A87 
 298      38918A8D 
 298      23C3278A 
 299 087d 9568A1C7 		.ascii	"\225h\241\307\322\004\276`\247\305\310*\002v\300\250"
 299      D204BE60 
 299      A7C5C82A 
 299      0276C0A8 
 300 088d 9D17A30E 		.ascii	"\235\027\243\016(F\235\274XX'\340\224\360\0102\001\267"
 300      28469DBC 
 300      585827E0 
 300      94F00832 
 300      01B7
 301 089f CB39BD29 		.ascii	"\3139\275)\347\333\314\351 \033\355\347\234d\334H6:"
 301      E7DBCCE9 
 301      201BEDE7 
 301      9C64DC48 
 301      363A
 302 08b1 F72A0694 		.ascii	"\367*\006\2248\232\352\204\036\365\034kR\342\004\206"
 302      389AEA84 
 302      1EF51C6B 
 302      52E20486 
 303 08c1 A47654B6 		.ascii	"\244vT\266\3639\274\232\340g;\222\242\364|J!\007+57"
 303      F339BC9A 
 303      E0673B92 
 303      A2F47C4A 
 303      21072B35 
 304 08d6 E74A9DF1 		.ascii	"\347J\235\361>F|z.'\002\343\014\212\374\260e \363\030"
 304      3E467C7A 
 304      2E2702E3 
 304      0C8AFCB0 
 304      6520F318 
 305 08ea 460B97EA 		.ascii	"F\013\227\352\027\222\311FOo\226\222{\017\370\321)\010"
 305      1792C946 
 305      4F6F9692 
 305      7B0FF8D1 
 305      2908
 306 08fc 2E8B96D2 		.ascii	".\213\226\322&\230~\364z\017\3534\304f$\017y\237\364"
 306      26987EF4 
 306      7A0FEB34 
 306      C466240F 
 306      799FF4
 307 090f C15EA797 		.ascii	"\301^\247\227\373$\024{\240>\233\002\332\273]\335\177"
 307      FB24147B 
 307      A03E9B02 
 307      DABB5DDD 
 307      7F
 308 0920 71079BBB 		.ascii	"q\007\233\273\372\301\356zN-c\267d\254\006l\306\212"
 308      FAC1EE7A 
 308      4E2D63B7 
ARM GAS  /var/folders/qd/4mxf5pkd0zdf0b9dd1hp39180000gn/T//ccHfIRZO.s 			page 24


 308      64AC066C 
 308      C68A
 309 0932 F463CEB4 		.ascii	"\364c\316\264\231\"\272a\212x@\246\210t\220\372\230"
 309      9922BA61 
 309      8A7840A6 
 309      887490FA 
 309      98
 310 0943 6B7008EE 		.ascii	"kp\010\356\323\360Rt\020\340\000\300~\200T\200}\000"
 310      D3F05274 
 310      10E000C0 
 310      7E805480 
 310      7D00
 311 0955 7B015200 		.ascii	"{\001R\000\222\001\366\000\204\003\004\003X\000\346"
 311      9201F600 
 311      84030403 
 311      5800E6
 312 0964 A0F4BF00 		.ascii	"\240\364\277\000\030\004x\002\360\310\306\212\312?\262"
 312      18047802 
 312      F0C8C68A 
 312      CA3FB2
 313 0973 B88315D7 		.ascii	"\270\203\025\327C\030\270\307\016&_y\365\272x\217\277"
 313      4318B8C7 
 313      0E265F79 
 313      F5BA788F 
 313      BF
 314 0984 9E7AD75A 		.ascii	"\236z\327Z\027d\320\310\"\247<\027\220\235\202\363\347"
 314      1764D0C8 
 314      22A73C17 
 314      909D82F3 
 314      E7
 315 0995 86C19645 		.ascii	"\206\301\226E\214\376)x\366\242<\275\375\220\014\331"
 315      8CFE2978 
 315      F6A23CBD 
 315      FD900CD9 
 316 09a5 0CC95396 		.ascii	"\014\311S\226>6\006\337\204V\222\203\350\026p\034\342"
 316      3E3606DF 
 316      84569283 
 316      E816701C 
 316      E2
 317 09b6 06CF4296 		.ascii	"\006\317B\226\214\203\302c\000\3036J?JQ\277(\260X`\007"
 317      8C83C263 
 317      00C3364A 
 317      3F4A51BF 
 317      28B05860 
 318 09cb 32025A5C 		.ascii	"2\002Z\\\342}d\247\005\211\032\2436j\214\274L\215\347"
 318      E27D64A7 
 318      05891AA3 
 318      366A8CBC 
 318      4C8DE7
 319 09de 20FAD56A 		.ascii	" \372\325jt\035\301\226\314\3054\306j\345u\020\352\017"
 319      741DC196 
 319      CCC534C6 
 319      6AE57510 
 319      EA0F
 320 09f0 6478D31E 		.ascii	"dx\323\036m0\015\204\011 \253\343\344\227\201\274\306"
 320      6D300D84 
 320      0920ABE3 
ARM GAS  /var/folders/qd/4mxf5pkd0zdf0b9dd1hp39180000gn/T//ccHfIRZO.s 			page 25


 320      E49781BC 
 320      C6
 321 0a01 36946D14 		.ascii	"6\224m\024\262\266\317\200\022\223\\\241i\270\237\002"
 321      B2B6CF80 
 321      12935CA1 
 321      69B89F02 
 322 0a11 659ED967 		.ascii	"e\236\331g\313\2244[\256\202\210I\007S\216\274\214+"
 322      CB94345B 
 322      AE828849 
 322      07538EBC 
 322      8C2B
 323 0a23 BC876319 		.ascii	"\274\207c\031\225\236,\226\205l\234\317\177\2458\213"
 323      959E2C96 
 323      856C9CCF 
 323      7FA5388B 
 324 0a33 BCC865B3 		.ascii	"\274\310e\263\310\244mAc\215O\367\253\2633v\222zG\334"
 324      C8A46D41 
 324      638D4FF7 
 324      ABB33376 
 324      927A47DC 
 325 0a47 714D3CF3 		.ascii	"qM<\363 \324V\242\024\365T\036\331\003\017\311\261\350"
 325      20D456A2 
 325      14F5541E 
 325      D9030FC9 
 325      B1E8
 326 0a59 D9AD25DB 		.ascii	"\331\255%\333K2\252\327\305\376C\264?S\367\301v\365"
 326      4B32AAD7 
 326      C5FE43B4 
 326      3F53F7C1 
 326      76F5
 327 0a6b 8EFA084B 		.ascii	"\216\372\010K\274\027=\205\273m\037\254v\313S\262\353"
 327      BC173D85 
 327      BB6D1FAC 
 327      76CB53B2 
 327      EB
 328 0a7c FD3DB38F 		.ascii	"\375=\263\217\034>\335\221'\227\214h\327o\304\001}\310"
 328      1C3EDD91 
 328      27978C68 
 328      D76FC401 
 328      7DC8
 329 0a8e A9ADCEEC 		.ascii	"\251\255\316\354\266\247\036\371\230\361\016\301\013"
 329      B6A71EF9 
 329      98F10EC1 
 329      0B
 330 0a9b 51AF3D6F 		.ascii	"Q\257=o\351\002O\276T\206A\366\313\225J\346\213\032"
 330      E9024FBE 
 330      548641F6 
 330      CB954AE6 
 330      8B1A
 331 0aad EEEB5E07 		.ascii	"\356\353^\007\276N\011\245\276&\262\373E_\365\012\276"
 331      BE4E09A5 
 331      BE26B2FB 
 331      455FF50A 
 331      BE
 332 0abe B2B0629B 		.ascii	"\262\260b\233\303\303'\002/B\003\362*R\203v\312i\250"
 332      C3C32702 
 332      2F4203F2 
ARM GAS  /var/folders/qd/4mxf5pkd0zdf0b9dd1hp39180000gn/T//ccHfIRZO.s 			page 26


 332      2A528376 
 332      CA69A8
 333 0ad1 A0DD887A 		.ascii	"\240\335\210z\273A\275]Px\222\000\022\001\342\000\242"
 333      BB41BD5D 
 333      50789200 
 333      1201E200 
 333      A2
 334 0ae2 00B60144 		.ascii	"\000\266\001Dbi<M\177\304|B\206\347\021\010$\034\034"
 334      62693C4D 
 334      7FC47C42 
 334      86E71108 
 334      241C1C
 335 0af5 2E0E5E5C 		.ascii	".\016^\\\221T\236\307\257\242\036\371\025c\035\215\365"
 335      91549EC7 
 335      AFA21EF9 
 335      15631D8D 
 335      F5
 336 0b06 E8896362 		.ascii	"\350\211cbIy\210\301\322\362\000\375\346\225\207qh\035"
 336      497988C1 
 336      D2F200FD 
 336      E6958771 
 336      681D
 337 0b18 23FD4781 		.ascii	"#\375G\201!!'\326\356\000k\267\203e\261\242e\340\316"
 337      212127D6 
 337      EE006BB7 
 337      8365B1A2 
 337      65E0CE
 338 0b2b E6A3EAA7 		.ascii	"\346\243\352\247#}\026\313N==\324\033\344\035\034\227"
 338      237D16CB 
 338      4E3D3DD4 
 338      1BE41D1C 
 338      97
 339 0b3c 8781D749 		.ascii	"\207\201\327I)!\2414\302iej\003\017\374\0105\011|\240"
 339      2921A134 
 339      C269656A 
 339      030FFC08 
 339      35097CA0 
 340 0b50 99BF5080 		.ascii	"\231\277P\200a\314\275\314\2071\036L\237\370Z\246'\000"
 340      61CCBDCC 
 340      87311E4C 
 340      9FF85AA6 
 340      2700
 341 0b62 A5687A3C 		.ascii	"\245hz<3\335\301\234\212v\202\301\342\264j\015\261\330"
 341      33DDC19C 
 341      8A7682C1 
 341      E2B46A0D 
 341      B1D8
 342 0b74 D0181262 		.ascii	"\320\030\022b\204\32531\304\372i\225\265\352vP\320\015"
 342      84D53331 
 342      C4FA6995 
 342      B5EA7650 
 342      D00D
 343 0b86 66C3C997 		.ascii	"f\303\311\227\016!\011\352\313|j\"\3518\365*ja\215K"
 343      0E2109EA 
 343      CB7C6A22 
 343      E938F52A 
 343      6A618D4B 
ARM GAS  /var/folders/qd/4mxf5pkd0zdf0b9dd1hp39180000gn/T//ccHfIRZO.s 			page 27


 344 0b9a 88A71D13 		.ascii	"\210\247\035\0233}\233\3124\304\205@#\263\300-^\020"
 344      337D9BCA 
 344      34C48540 
 344      23B3C02D 
 344      5E10
 345 0bac 1A6A495E 		.ascii	"\032jI^AO\336\236\3634\340\247>l\1772#]Z\3770\331R\036"
 345      414FDE9E 
 345      F334E0A7 
 345      3E6C7F32 
 345      235D5AFF 
 346 0bc4 8CE95159 		.ascii	"\214\351QY\264R\2068J)Y\261\3763#&Gb;\344\210\2453m"
 346      B4528638 
 346      4A2959B1 
 346      FE332326 
 346      47623BE4 
 347 0bdc 53218FF7 		.ascii	"S!\217\367\024p\366N\373\245\303\374\235\370\367\305"
 347      1470F64E 
 347      FBA5C3FC 
 347      9DF8F7C5 
 348 0bec DABCD79E 		.ascii	"\332\274\327\236z\376\226\340\226\204|\237<\271t(.\360"
 348      7AFE96E0 
 348      96847C9F 
 348      3CB97428 
 348      2EF0
 349 0bfe A120EBCE 		.ascii	"\241 \353\316T{\362\371\333\260\351\367\031w\262\250"
 349      547BF2F9 
 349      DBB0E9F7 
 349      1977B2A8 
 350 0c0e B82F4F2E 		.ascii	"\270/O.Q}\360<\267T\230\267\036;\230\267\270\245\357"
 350      517DF03C 
 350      B75498B7 
 350      1E3B98B7 
 350      B8A5EF
 351 0c21 DBCE42F3 		.ascii	"\333\316B\363\251\245#}\236U\306\307\016*\343\334\030"
 351      A9A5237D 
 351      9E55C6C7 
 351      0E2AE3DC 
 351      18
 352 0c32 99604880 		.ascii	"\231`H\200\367\210\247^\217ia$\002\310Q\366\314\275"
 352      F788A75E 
 352      8F696124 
 352      02C851F6 
 352      CCBD
 353 0c44 A7CA0ED4 		.ascii	"\247\312\016\324\206\310k\335\327ho\204\330_\270\022"
 353      86C86BDD 
 353      D7686F84 
 353      D85FB812 
 354 0c54 A0F89CF0 		.ascii	"\240\370\234\360C\3549<U\262\013'%\210\320\005Y\237"
 354      43EC393C 
 354      55B20B27 
 354      2588D005 
 354      599F
 355 0c66 28390FA5 		.ascii	"(9\017\245\300\227\376\343\014\220\224+kg\342\204\237"
 355      C097FEE3 
 355      0C90942B 
 355      6B67E284 
 355      9F
ARM GAS  /var/folders/qd/4mxf5pkd0zdf0b9dd1hp39180000gn/T//ccHfIRZO.s 			page 28


 356 0c77 82D1337D 		.ascii	"\202\3213}\204~\234\204\260\026\204I\272\314\323Uam"
 356      847E9C84 
 356      B0168449 
 356      BACCD355 
 356      616D
 357 0c89 B62A251A 		.ascii	"\266*%\032I\357\311\273\276\223C\265\352N\324\016\255"
 357      49EFC9BB 
 357      BE9343B5 
 357      EA4ED40E 
 357      AD
 358 0c9a FFE9A688 		.ascii	"\377\351\246\210w\362\243\233\204\3613\025\371\032|"
 358      77F2A39B 
 358      84F13315 
 358      F91A7C
 359 0ca9 CA992217 		.ascii	"\312\231\"\027\347\236\225\363\363I\245\344U\334\"\366"
 359      E79E95F3 
 359      F349A5E4 
 359      55DC22F6 
 360 0cb9 2AAEB8AF 		.ascii	"*\256\270\257\271\324m\361nZNC-\257)\351\350\035\301"
 360      B9D46DF1 
 360      6E5A4E43 
 360      2DAF29E9 
 360      E81DC1
 361 0ccc 4BD0614C 		.ascii	"K\320aLF,\033/\206\277\376*&-\270;\363<z3\315\222\326"
 361      462C1B2F 
 361      86BFFE2A 
 361      262DB83B 
 361      F33C7A33 
 362 0ce3 6929EF38 		.ascii	"i)\3578\257\216y\030\001U\003\375\230P\241,l\035&\270"
 362      AF8E7918 
 362      015503FD 
 362      9850A12C 
 362      6C1D26B8 
 363 0cf7 85BF99B8 		.ascii	"\205\277\231\270\023\241\014\334\001\252\345\3407\241"
 363      13A10CDC 
 363      01AAE5E0 
 363      37A1
 364 0d05 F781B4CE 		.ascii	"\367\201\264\3160g\334\315\264*\356\336=\216TJ\276\025"
 364      3067DCCD 
 364      B42AEEDE 
 364      3D8E544A 
 364      BE15
 365 0d17 0001E448 		.ascii	"\000\001\344Hrwn\"r\254\313q\252\3131\314\225\311\272"
 365      72776E22 
 365      72ACCB71 
 365      AACB31CC 
 365      95C9BA
 366 0d2a 7C76C29D 		.ascii	"|v\302\235+\323\372]\010\275\020\013yC\000T\350\250"
 366      2BD3FA5D 
 366      08BD100B 
 366      79430054 
 366      E8A8
 367 0d3c A8CB517B 		.ascii	"\250\313Q{]NP]f\242\356O\351\361\230c]*o5^t\225\352"
 367      5D4E505D 
 367      66A2EE4F 
 367      E9F19863 
 367      5D2A6F35 
ARM GAS  /var/folders/qd/4mxf5pkd0zdf0b9dd1hp39180000gn/T//ccHfIRZO.s 			page 29


 368 0d54 F2A7D725 		.ascii	"\362\247\327%\252\344QUN\012\252<\012)\216T\203*\235"
 368      AAE45155 
 368      4E0AAA3C 
 368      0A298E54 
 368      832A9D
 369 0d67 E46548AD 		.ascii	"\344eH\255z_(\370\345\020\242d(W\324%\027\263\263o\224"
 369      7A5F28F8 
 369      E510A264 
 369      2857D425 
 369      17B3B36F 
 370 0d7c 4F75681E 		.ascii	"Ouh\036{V\251\303Y\354\355\312\243\301[S|\224\356`r"
 370      7B56A9C3 
 370      59ECEDCA 
 370      A3C15B53 
 370      7C94EE60 
 371 0d91 C47CECD2 		.ascii	"\304|\354\322\031\3766\275\374\357\311\031\350\375\310"
 371      19FE36BD 
 371      FCEFC919 
 371      E8FDC8
 372 0da0 061D6B9F 		.ascii	"\006\035k\237$\364\273\243R;U\374\324\231\014\353\323"
 372      24F4BBA3 
 372      523B55FC 
 372      D4990CEB 
 372      D3
 373 0db1 FEF131BE 		.ascii	"\376\3611\276i\264\274\016\370\\\177K\006\337T\016Q"
 373      69B4BC0E 
 373      F85C7F4B 
 373      06DF540E 
 373      51
 374 0dc2 7BD20AFF 		.ascii	"{\322\012\377\036g3Yc\211\255\035n\370\030C\372O44`"
 374      1E673359 
 374      6389AD1D 
 374      6EF81843 
 374      FA4F3434 
 375 0dd7 7C8A22CA 		.ascii	"|\212\"\312\313\223qC\330\321+\325\022\354\370\225\364"
 375      CB937143 
 375      D8D12BD5 
 375      12ECF895 
 375      F4
 376 0de8 BBC9F4A5 		.ascii	"\273\311\364\245H1\326\241\"<\357\255*N\017+:\351\346"
 376      4831D6A1 
 376      223CEFAD 
 376      2A4E0F2B 
 376      3AE9E6
 377 0dfb 700FAE40 		.ascii	"p\017\256@\245|\322.\003\021\345X\272\202j\276\256\236"
 377      A57CD22E 
 377      0311E558 
 377      BA826ABE 
 377      AE9E
 378 0e0d 3C455897 		.ascii	"<EX\227\312M\253={\264\254\346\020\301\205 \270\024"
 378      CA4DAB3D 
 378      7BB4ACE6 
 378      10C18520 
 378      B814
 379 0e1f 3BDA7F0F 		.ascii	";\332\177\017g\3645jp\013\263\363a\331\335\337#\217"
 379      67F4356A 
 379      700BB3F3 
ARM GAS  /var/folders/qd/4mxf5pkd0zdf0b9dd1hp39180000gn/T//ccHfIRZO.s 			page 30


 379      61D9DDDF 
 379      238F
 380 0e31 854CC4E0 		.ascii	"\205L\304\340{d\316\251\202\236\025\242\352D\234\243"
 380      7B64CEA9 
 380      829E15A2 
 380      EA449CA3 
 381 0e41 355F2568 		.ascii	"5_%h)\2471\031\226\236\253#\316x\200\271\366\351\375"
 381      29A73119 
 381      969EAB23 
 381      CE7880B9 
 381      F6E9FD
 382 0e54 D04C773C 		.ascii	"\320Lw<\316\220\264\372m\327\234\361\024C\362\342\203"
 382      CE90B4FA 
 382      6DD79CF1 
 382      1443F2E2 
 382      83
 383 0e65 83318E72 		.ascii	"\2031\216r\241HhHf\243\222\034k\204\276\374\355\004"
 383      A1486848 
 383      66A3921C 
 383      6B84BEFC 
 383      ED04
 384 0e77 BE935F90 		.ascii	"\276\223_\220\351\206`S\237n\011\013\245\363v\353\366"
 384      E9866053 
 384      9F6E090B 
 384      A5F376EB 
 384      F6
 385 0e88 44366FD7 		.ascii	"D6o\327\302\364~\011\264\257\223\267_\336\216\032\336"
 385      C2F47E09 
 385      B4AF93B7 
 385      5FDE8E1A 
 385      DE
 386 0e99 81D8510F 		.ascii	"\201\330Q\017v\\\266\361|\323cV\241\353l\035O^\247D"
 386      765CB6F1 
 386      7CD36356 
 386      A1EB6C1D 
 386      4F5EA744 
 387 0ead 8D9F54E1 		.ascii	"\215\237T\341D\252\275\262\270f\307m\027\253/\241r\337"
 387      44AABDB2 
 387      B866C76D 
 387      17AB2FA1 
 387      72DF
 388 0ebf 656BDA6B 		.ascii	"ek\332k\300\370\212\350\317\272\227\370\363*\310\226"
 388      C0F88AE8 
 388      CFBA97F8 
 388      F32AC896 
 389 0ecf D3831CAF 		.ascii	"\323\203\034\257'\367G\271\342t\346\250\310\326\212"
 389      27F747B9 
 389      E274E6A8 
 389      C8D68A
 390 0ede 1A579CC3 		.ascii	"\032W\234\303\220\2703wg\335\361)\246D\370\365\263\375"
 390      90B83377 
 390      67DDF129 
 390      A644F8F5 
 390      B3FD
 391 0ef0 0EBFD768 		.ascii	"\016\277\327hp\030\267\355\207\351\212\355\026\004\317"
 391      7018B7ED 
 391      87E98AED 
ARM GAS  /var/folders/qd/4mxf5pkd0zdf0b9dd1hp39180000gn/T//ccHfIRZO.s 			page 31


 391      1604CF
 392 0eff CDF9518B 		.ascii	"\315\371Q\213\356\307v\301\206\260\230\311\213/K+\321"
 392      EEC776C1 
 392      86B098C9 
 392      8B2F4B2B 
 392      D1
 393 0f10 E26A86E4 		.ascii	"\342j\206\344\036\237\311\323\321\212a\020\012F\332"
 393      1E9FC9D3 
 393      D18A6110 
 393      0A46DA
 394 0f1f DE983CC7 		.ascii	"\336\230<\307\005\243\231\026\214&\241`\244\005\307"
 394      05A39916 
 394      8C26A160 
 394      A405C7
 395 0f2e 34A8A527 		.ascii	"4\250\245'Y\320.\031\362;XX\306\001m\366\271\244c.\370"
 395      59D02E19 
 395      F23B5858 
 395      C6016DF6 
 395      B9A4632E 
 396 0f43 0A33B460 		.ascii	"\0123\264`*\254]\211<\364|\305\271\357\265\0202Dw\201"
 396      2AAC5D89 
 396      3CF47CC5 
 396      B9EFB510 
 396      32447781 
 397 0f57 BE4534E0 		.ascii	"\276E4\340\016](:\340\216Z\301\0356\002\206'\022;\335"
 397      0E5D283A 
 397      E08E5AC1 
 397      1D360286 
 397      27123BDD 
 398 0f6b 7123B3AC 		.ascii	"q#\263\254\274\240\360\264\036\2671dxv\3779^D\026\001"
 398      BCA0F0B4 
 398      1EB73164 
 398      7876FF39 
 398      5E441601 
 399 0f7f FABC233E 		.ascii	"\372\274#>^\313\017\246\310\013\342\321\313\035Q.x\220"
 399      5ECB0FA6 
 399      C80BE2D1 
 399      CB1D512E 
 399      7890
 400 0f91 779C397F 		.ascii	"w\2349\177W\217\307)\242km;\020\241C"
 400      578FC729 
 400      A26B6D3B 
 400      10A143
 401 0fa0 0BC95993 		.ascii	"\013\311Y\223~\251\307\302\2456\313\365\016\360J;&{"
 401      7EA9C7C2 
 401      A536CBF5 
 401      0EF04A3B 
 401      267B
 402 0fb2 31D06480 		.ascii	"1\320d\200\217{?\331;\301r\275\007\340\021\300\003\200"
 402      8F7B3FD9 
 402      3BC172BD 
 402      07E011C0 
 402      0380
 403 0fc4 87D86E23 		.ascii	"\207\330n#\335q\214/S\211\301\215`\360\300\374\265\273"
 403      DD718C2F 
 403      5389C18D 
 403      60F0C0FC 
ARM GAS  /var/folders/qd/4mxf5pkd0zdf0b9dd1hp39180000gn/T//ccHfIRZO.s 			page 32


 403      B5BB
 404 0fd6 F4C014A2 		.ascii	"\364\300\024\242\3612\333\315v\001\341}\321C\003x\241"
 404      F132DBCD 
 404      7601E17D 
 404      D1430378 
 404      A1
 405 0fe7 946F7FBD 		.ascii	"\224o\177\275\270\374\355\264g{\303~Y4\360\337\254\346"
 405      B8FCEDB4 
 405      677BC37E 
 405      5934F0DF 
 405      ACE6
 406 0ff9 F48212B7 		.ascii	"\364\202\022\267\355\251%"
 406      EDA925
 407 1000 AB22C900 		.ascii	"\253\"\311\000t\331\354az\331B\236\037VH\270\335\223"
 407      74D9EC61 
 407      7AD9429E 
 407      1F5648B8 
 407      DD93
 408 1012 E5265935 		.ascii	"\345&Y5\265\267\261\234\034\260\315Iy\367\266qn_\317"
 408      B5B7B19C 
 408      1CB0CD49 
 408      79F7B671 
 408      6E5FCF
 409 1025 BD136D7C 		.ascii	"\275\023m|)I\262\341\206\274o\205Z\232U1Q\256\303\341"
 409      2949B2E1 
 409      86BC6F85 
 409      5A9A5531 
 409      51AEC3E1 
 410 1039 7A3AF067 		.ascii	"z:\360g\303z\236\273\343T\212h\016$&V8!z\332\270T\376"
 410      C37A9EBB 
 410      E3548A68 
 410      0E242656 
 410      38217ADA 
 411 1050 08E731B0 		.ascii	"\010\3471\260\036\344Z\015\203V\243\240\311\020\300"
 411      1EE45A0D 
 411      8356A3A0 
 411      C910C0
 412 105f 08C0531B 		.ascii	"\010\300S\033\215*}\230g\210BOx\257\227\254m':\370j"
 412      8D2A7D98 
 412      6788424F 
 412      78AF97AC 
 412      6D273AF8 
 413 1074 55189741 		.ascii	"U\030\227A\007\343\302]\331\301\\9(7\257\324\364\331"
 413      07E3C25D 
 413      D9C15C39 
 413      2837AFD4 
 413      F4D9
 414 1086 394346B6 		.ascii	"9CF\266$\"z\244\242\357\311\212\026\\\227Xwj@\213\263"
 414      24227AA4 
 414      A2EFC98A 
 414      165C9758 
 414      776A408B 
 415 109b F5EC0BA6 		.ascii	"\365\354\013\246s\321\025\3560-\312{j\002\274\363*O"
 415      73D115EE 
 415      302DCA7B 
 415      6A02BCF3 
 415      2A4F
ARM GAS  /var/folders/qd/4mxf5pkd0zdf0b9dd1hp39180000gn/T//ccHfIRZO.s 			page 33


 416 10ad 59E3FC5A 		.ascii	"Y\343\374Z\350n\022\347\343@?&\306\371 \215s\020{\276"
 416      E86E12E7 
 416      E3403F26 
 416      C6F9208D 
 416      73107BBE 
 417 10c1 E4C92A96 		.ascii	"\344\311*\226\310K\000+l\033.\347k\300N\222\310y\327"
 417      C84B002B 
 417      6C1B2EE7 
 417      6BC04E92 
 417      C879D7
 418 10d4 76A4BAE2 		.ascii	"v\244\272\342R6\236\211/.UA\241cHI\371h\251\012_aHJ"
 418      52369E89 
 418      2F2E5541 
 418      A1634849 
 418      F968A90A 
 419 10ec 591ECC31 		.ascii	"Y\036\3141\267\031\3624=\263O\211[\031\222\020\226\326"
 419      B719F234 
 419      3DB34F89 
 419      5B199210 
 419      96D6
 420 10fe EB8EEF33 		.ascii	"\353\216\3573\344DBp\242\022\3673$7\244\353\242\026"
 420      E4444270 
 420      A212F733 
 420      2437A4EB 
 420      A216
 421 1110 3FA38853 		.ascii	"?\243\210St\305\355q=\242g\320\013\2057\241\220~\347"
 421      74C5ED71 
 421      3DA267D0 
 421      0B8537A1 
 421      907EE7
 422 1123 AF4ACEC7 		.ascii	"\257J\316\307\246A\373\010\225\343=\022\230{m`A\242"
 422      A641FB08 
 422      95E33D12 
 422      987B6D60 
 422      41A2
 423 1135 85B89B6C 		.ascii	"\205\270\233l\313_pz\231m9\023\320\376H\262\213\261"
 423      CB5F707A 
 423      996D3913 
 423      D0FE48B2 
 423      8BB1
 424 1147 A8ECB84B 		.ascii	"\250\354\270K\366k\374\310f\200\305\005P\315\217\213"
 424      F66BFCC8 
 424      6680C505 
 424      50CD8F8B 
 425 1157 1703125E 		.ascii	"\027\003\022^3\362\232\316?-\234\204\214|F2r\216\367"
 425      33F29ACE 
 425      3F2D9C84 
 425      8C7C4632 
 425      728EF7
 426 116a 20231AA6 		.ascii	" #\032\246\362@!\252\245(\022`\033@8@0@\250J\232\003"
 426      F24021AA 
 426      A5281260 
 426      1B403840 
 426      3040A84A 
 427 1180 4D039263 		.ascii	"M\003\222c\340\347\366\002\347\235Vt}\301R\206l\007"
 427      E0E7F602 
 427      E79D5674 
ARM GAS  /var/folders/qd/4mxf5pkd0zdf0b9dd1hp39180000gn/T//ccHfIRZO.s 			page 34


 427      7DC15286 
 427      6C07
 428 1192 67E5A999 		.ascii	"g\345\251\231#ad\272\237\356\356W\341`W\266 \272\023"
 428      236164BA 
 428      9FEEEE57 
 428      E16057B6 
 428      20BA13
 429 11a5 7C04D947 		.ascii	"|\004\331G\242U\357\030\320\365\353\352m\215\310\223"
 429      A255EF18 
 429      D0F5EBEA 
 429      6D8DC893 
 430 11b5 55712422 		.ascii	"Uq$\"\243\241_\224\312\032\221\304\255T\374\215\261"
 430      A3A15F94 
 430      CA1A91C4 
 430      AD54FC8D 
 430      B1
 431 11c6 8C280DDE 		.ascii	"\214(\015\336A\305\243\260\033\301?\300\311\354\376"
 431      41C5A3B0 
 431      1BC13FC0 
 431      C9ECFE
 432 11d5 D2685F03 		.ascii	"\322h_\003\237t\276K\346\240\266\222\014\372\245\007"
 432      9F74BE4B 
 432      E6A0B692 
 432      0CFAA507 
 433 11e5 FFD88A3C 		.ascii	"\377\330\212<\027Ki\234\212|\352\341\271\004\355P\321"
 433      174B699C 
 433      8A7CEAE1 
 433      B904ED50 
 433      D1
 434 11f6 2F3D9E64 		.ascii	"/=\236d];E:{\350\320_$\2370y\260eWjB\327\036g|\204\231"
 434      5D3B453A 
 434      7BE8D05F 
 434      249F3079 
 434      B065576A 
 435 1211 9C325E30 		.ascii	"\2342^0c\375\3742/\324\362\215\340\225\222C\327$0\323"
 435      63FDFC32 
 435      2FD4F28D 
 435      E0959243 
 435      D72430D3 
 436 1225 832F1A12 		.ascii	"\203/\032\022TKP\274J\374\220\364\355\375\364C\322D"
 436      544B50BC 
 436      4AFC90F4 
 436      EDFDF443 
 436      D244
 437 1237 950EED14 		.ascii	"\225\016\355\024-\363\340\253\206\310\260\3548\027|"
 437      2DF3E0AB 
 437      86C8B0EC 
 437      38177C
 438 1246 8A09498A 		.ascii	"\212\011I\212\353\272\253\225~\252w\211~\306\264\007"
 438      EBBAAB95 
 438      7EAA7789 
 438      7EC6B407 
 439 1256 BAEE12BB 		.ascii	"\272\356\022\273&\252\254\337\336\314Sd\267\214\"\344"
 439      26AAACDF 
 439      DECC5364 
 439      B78C22E4 
 440 1266 2B939377 		.ascii	"+\223\223w\253U\270\210I\031\217z\222\346\330\224\275"
ARM GAS  /var/folders/qd/4mxf5pkd0zdf0b9dd1hp39180000gn/T//ccHfIRZO.s 			page 35


 440      AB55B888 
 440      49198F7A 
 440      92E6D894 
 440      BD
 441 1277 0E4DE96D 		.ascii	"\016M\351m\301mU\321d\224R@\241dQ\241=*n\314d\365\341"
 441      C16D55D1 
 441      64945240 
 441      A16451A1 
 441      3D2A6ECC 
 442 128e 9D68413C 		.ascii	"\235hA<\217\212\037/\246\204\347 .\316\322e\315>\325"
 442      8F8A1F2F 
 442      A684E720 
 442      2ECED265 
 442      CD3ED5
 443 12a1 02611048 		.ascii	"\002a\020H~\357\357.\272\252E\374\335\322B\353\001\346"
 443      7EEFEF2E 
 443      BAAA45FC 
 443      DDD242EB 
 443      01E6
 444 12b3 D193D72C 		.ascii	"\321\223\327,4\277\311v\276\032\3022\003b\302\372.e"
 444      34BFC976 
 444      BE1AC232 
 444      0362C2FA 
 444      2E65
 445 12c5 DEF9EDC8 		.ascii	"\336\371\355\310V\026\304d\005y\221S\313\276\025\345"
 445      5616C464 
 445      05799153 
 445      CBBE15E5 
 446 12d5 E45BD871 		.ascii	"\344[\330q/\011\264)Nn\215\\\373\323\250\351\257\370"
 446      2F09B429 
 446      4E6E8D5C 
 446      FBD3A8E9 
 446      AFF8
 447 12e7 0108F0BE 		.ascii	"\001\010\360\276`\317\373<\266\347}k+\343M\312\352u"
 447      60CFFB3C 
 447      B6E77D6B 
 447      2BE34DCA 
 447      EA75
 448 12f9 4E6EADCF 		.ascii	"Nn\255\317\263\363Ti\237\325\000}\362\012\342\027\264"
 448      B3F35469 
 448      9FD5007D 
 448      F20AE217 
 448      B4
 449 130a 5DC5E805 		.ascii	"]\305\350\005o\2413\330\376\014d\222\225\232\014\225"
 449      6FA133D8 
 449      FE0C6492 
 449      959A0C95 
 450 131a 83D97C31 		.ascii	"\203\331|1<\206\336\247I\357X\316\216\344`:\214\350"
 450      3C86DEA7 
 450      49EF58CE 
 450      8EE4603A 
 450      8CE8
 451 132c 01C8B934 		.ascii	"\001\310\2714\200\375\000\251\000\007\001\016\251\254"
 451      80FD00A9 
 451      0007010E 
 451      A9AC
 452 133a 0BE792F0 		.ascii	"\013\347\222\360\260\011W\\\303\342#m*\357\222mvK9\037"
ARM GAS  /var/folders/qd/4mxf5pkd0zdf0b9dd1hp39180000gn/T//ccHfIRZO.s 			page 36


 452      B009575C 
 452      C3E2236D 
 452      2AEF926D 
 452      764B391F 
 453 134e 066E5F97 		.ascii	"\006n_\227\2635\273\373\252v\220\270\311\202~\231b\334"
 453      B335BBFB 
 453      AA7690B8 
 453      C9827E99 
 453      62DC
 454 1360 6408D99D 		.ascii	"d\010\331\235s{0A\375V\006\335\021C\004\244\344\347"
 454      737B3041 
 454      FD5606DD 
 454      114304A4 
 454      E4E7
 455 1372 4559E2AB 		.ascii	"EY\342\253aKL:\234b\023\224U\003\005y\002\177\217\250"
 455      614B4C3A 
 455      9C621394 
 455      55030579 
 455      027F8FA8 
 456 1386 DE225FCC 		.ascii	"\336\"_\314=\272\034\246\301\267X1\030\237\212\036\344"
 456      3DBA1CA6 
 456      C1B75831 
 456      189F8A1E 
 456      E4
 457 1397 C580EC6A 		.ascii	"\305\200\354jo\037\332\323\311'\256<2q\335H\252lv\302"
 457      6F1FDAD3 
 457      C927AE3C 
 457      3271DD48 
 457      AA6C76C2 
 458 13ab 7719ADF0 		.ascii	"w\031\255\360m\343\"\366mcDoa5\302\003\254\355Be3\004"
 458      6DE322F6 
 458      6D63446F 
 458      6135C203 
 458      ACED4265 
 459 13c1 DE04436A 		.ascii	"\336\004Cj[\266\325\273\343P7\212\354\234\215MP\341"
 459      5BB6D5BB 
 459      E350378A 
 459      EC9C8D4D 
 459      50E1
 460 13d3 7886081F 		.ascii	"x\206\010\037\251/b\037\251\247\017\357\253\322\340"
 460      A92F621F 
 460      A9A70FEF 
 460      ABD2E0
 461 13e2 34D6D69A 		.ascii	"4\326\326\232\225\331\210\360q\206\3046g_\321\341\013"
 461      95D988F0 
 461      7186C436 
 461      675FD1E1 
 461      0B
 462 13f3 0C292C8D 		.ascii	"\014),\215\034p\3015\014)\035\250\014\303\370&Cjo\035"
 462      1C70C135 
 462      0C291DA8 
 462      0CC3F826 
 462      436A6F1D 
 463 1407 EB55E136 		.ascii	"\353U\3416\2064\236=\227\244\305\217\0302\324x{\267"
 463      86349E3D 
 463      97A4C58F 
 463      1832D478 
ARM GAS  /var/folders/qd/4mxf5pkd0zdf0b9dd1hp39180000gn/T//ccHfIRZO.s 			page 37


 463      7BB7
 464 1419 337EC690 		.ascii	"3~\306\220\313\005\271\0265\016q\247H\326\364\314\020"
 464      CB05B916 
 464      350E71A7 
 464      48D6F4CC 
 464      10
 465 142a F9FCEA6D 		.ascii	"\371\374\352m\362\3211\226\024\261\267Y\021+\253\277"
 465      F2D13196 
 465      14B1B759 
 465      112BABBF 
 466 143a 7C588FB7 		.ascii	"|X\217\267Sbe\356\336\331Yw!\363a\337\241\366PXw\035"
 466      536265EE 
 466      DED95977 
 466      21F361DF 
 466      A1F65058 
 467 1450 A80C06F3 		.ascii	"\250\014\006\363m\236\370\305\220\370E\322\032\266\207"
 467      6D9EF8C5 
 467      90F845D2 
 467      1AB687
 468 145f 7EB1590A 		.ascii	"~\261Y\012\351\\\"\216\337\333<\355K\023\356\366\350"
 468      E95C228E 
 468      DFDB3CED 
 468      4B13EEF6 
 468      E8
 469 1470 70329311 		.ascii	"p2\223\021rc\327\250C\031\225\016e@\261\253\246\305"
 469      7263D7A8 
 469      4319950E 
 469      6540B1AB 
 469      A6C5
 470 1482 AE026494 		.ascii	"\256\002d\224\2132J\205\332\222}8\024\036\037bVW\365"
 470      8B324A85 
 470      DA927D38 
 470      141E1F62 
 470      5657F5
 471 1495 A4ED76C1 		.ascii	"\244\355v\3019\014\351\233\033\033Q\342|\206T\216\344"
 471      390CE99B 
 471      1B1B51E2 
 471      7C86548E 
 471      E4
 472 14a6 1DE11FAE 		.ascii	"\035\341\037\256\021ot\306W\315\271;\234\017.\011\363"
 472      116F74C6 
 472      57CDB93B 
 472      9C0F2E09 
 472      F3
 473 14b7 410D2B93 		.ascii	"A\015+\223!\025\251INb\375B\364\033D\221\274\226\326"
 473      2115A949 
 473      4E62FD42 
 473      F41B4491 
 473      BC96D6
 474 14ca AF4B8246 		.ascii	"\257K\202F\005\0355'\235q\031\225\273h\242y$\313\031"
 474      051D3527 
 474      9D711995 
 474      BB68A279 
 474      24CB19
 475 14dd C97CC3B5 		.ascii	"\311|\303\265\220M\315\035S\332\231B\210\357\010=\375"
 475      904DCD1D 
 475      53DA9942 
ARM GAS  /var/folders/qd/4mxf5pkd0zdf0b9dd1hp39180000gn/T//ccHfIRZO.s 			page 38


 475      88EF083D 
 475      FD
 476 14ee 2AF51C58 		.ascii	"*\365\034X\330\246\262\236\033\263\311\366\010\226\234"
 476      D8A6B29E 
 476      1BB3C9F6 
 476      08969C
 477 14fd 482F6687 		.ascii	"H/f\207\314\2048\317\226x\336\026c:\002[b\027S\322*"
 477      CC8438CF 
 477      9678DE16 
 477      633A025B 
 477      621753D2 
 478 1512 5B524FFB 		.ascii	"[RO\373\263\353\221H+i\201\234\012R\332\312=\330\222"
 478      B3EB9148 
 478      2B69819C 
 478      0A52DACA 
 478      3DD892
 479 1525 B4980E48 		.ascii	"\264\230\016H!\247\265\016\244\247\375\011\372\200D"
 479      21A7B50E 
 479      A4A7FD09 
 479      FA8044
 480 1534 DF1372FA 		.ascii	"\337\023r\372\036WI\316~%\304'\345\210WK\264\220\320"
 480      1E5749CE 
 480      7E25C427 
 480      E588574B 
 480      B490D0
 481 1547 9E925339 		.ascii	"\236\222S9_\302xD\364D\265\214'l\276\275\372\226\310"
 481      5FC27844 
 481      F444B58C 
 481      276CBEBD 
 481      FA96C8
 482 155a F7B29C0E 		.ascii	"\367\262\234\016RW\324\211n\273 \247\203\364\225\225"
 482      5257D489 
 482      6EBB20A7 
 482      83F49595 
 483 156a 44DF6372 		.ascii	"D\337cr|m>\243\022\371\236\221\343+\235.\006^'\244\020"
 483      7C6D3EA3 
 483      12F99E91 
 483      E32B9D2E 
 483      065E27A4 
 484 157f 83E82227 		.ascii	"\203\350\"'u\370\332\254K\242C\256\234\016,\322\204"
 484      75F8DAAC 
 484      4BA243AE 
 484      9C0E2CD2 
 484      84
 485 1590 37B0981C 		.ascii	"7\260\230\034k\264\311\255`\233\232\261\310\351\274"
 485      6BB4C9AD 
 485      609B9AB1 
 485      C8E9BC
 486 159f 9C869291 		.ascii	"\234\206\222\221\352\022\2159+G*\215\200i\221\366\264"
 486      EA128D39 
 486      2B472A8D 
 486      806991F6 
 486      B4
 487 15b0 1CED8CF8 		.ascii	"\034\355\214\370\022\225\316@J\005:\012\365\"\207\260"
 487      1295CE40 
 487      4A053A0A 
 487      F52287B0 
ARM GAS  /var/folders/qd/4mxf5pkd0zdf0b9dd1hp39180000gn/T//ccHfIRZO.s 			page 39


 488 15c0 A0D46446 		.ascii	"\240\324dFh\201j\322\014\323\315-\200+\000\327\000n"
 488      68816AD2 
 488      0CD3CD2D 
 488      802B00D7 
 488      006E
 489 15d2 03B402D4 		.ascii	"\003\264\002\324\001\334\005h\002\270\012p\017\340&"
 489      01DC0568 
 489      02B80A70 
 489      0FE026
 490 15e1 403DC00D 		.ascii	"@=\300\015\200;\000\327\001\032\001\032\304\211\260"
 490      803B00D7 
 490      011A011A 
 490      C489B0
 491 15f0 69E4C649 		.ascii	"i\344\306I\015\036b\245l\274\270h\322v\"\224\250\201"
 491      0D1E62A5 
 491      6CBCB868 
 491      D2762294 
 491      A881
 492 1602 3A41FA5F 		.ascii	":A\372_K\02362\327R\350\373\255\016\020\322.V\3046a"
 492      4B133632 
 492      D752E8FB 
 492      AD0E10D2 
 492      2E56C436 
 493 1617 D6BC3750 		.ascii	"\326\2747PR\242^\310\225\333\346P9\305\377\265\217\372"
 493      52A25EC8 
 493      95DBE650 
 493      39C5FFB5 
 493      8FFA
 494 1629 F674CC90 		.ascii	"\366t\314\220\331:\257\234\236\353g\207\326CqU\242\373"
 494      D93AAF9C 
 494      9EEB6787 
 494      D6437155 
 494      A2FB
 495 163b 202E9BA9 		.ascii	" .\233\251)\031+\362\344\177@\263.:['\014\215$j\034"
 495      29192BF2 
 495      E47F40B3 
 495      2E3A5B27 
 495      0C8D246A 
 496 1650 96E30742 		.ascii	"\226\343\007B9^\301\252q\321\340\214\312\276\032\213"
 496      395EC1AA 
 496      71D1E08C 
 496      CABE1A8B 
 497 1660 8764DDB4 		.ascii	"\207d\335\264\032\323>\024!\233\224\231\023\205\374"
 497      1AD33E14 
 497      219B9499 
 497      1385FC
 498 166f 7F8468C8 		.ascii	"\177\204h\310\334w%\254\330\305\241\264\036A\332CV\374"
 498      DC7725AC 
 498      D8C5A1B4 
 498      1E41DA43 
 498      56FC
 499 1681 C7A2C39F 		.ascii	"\307\242\303\237\361\017\231\311\177\3359\326\225T\217"
 499      F10F99C9 
 499      7FDD39D6 
 499      95548F
 500 1690 ECA543AD 		.ascii	"\354\245C\255A\275\324\256>*\275\207I\357\243\322\207"
 500      41BDD4AE 
ARM GAS  /var/folders/qd/4mxf5pkd0zdf0b9dd1hp39180000gn/T//ccHfIRZO.s 			page 40


 500      3E2ABD87 
 500      49EFA3D2 
 500      87
 501 16a1 0F2784AB 		.ascii	"\017'\204\253\244\307tY*\3519N\277\212\236\343\220+"
 501      A4C77459 
 501      2AE9394E 
 501      BF8A9EE3 
 501      902B
 502 16b3 598B0C16 		.ascii	"Y\213\014\026\305\272\340i6i\035\217\235KR;<\015|\244"
 502      C5BAE069 
 502      36691D8F 
 502      9D4B523B 
 502      3C0D7CA4 
 503 16c7 92BE5509 		.ascii	"\222\276U\011y\220\324\255z3\315R\336i)\037\335\346"
 503      7990D4AD 
 503      7A33CD52 
 503      DE69291F 
 503      DDE6
 504 16d9 7CAD3EC2 		.ascii	"|\255>\302r\003\354\373\220\322\241\0011N\340\326\366"
 504      7203ECFB 
 504      90D2A101 
 504      314EE0D6 
 504      F6
 505 16ea 5DC66315 		.ascii	"]\306c\025y\217\320y\2607\321\025\037~\215\012\336\337"
 505      798FD079 
 505      B037D115 
 505      1F7E8D0A 
 505      DEDF
 506 16fc 3E77C785 		.ascii	">w\307\2053\253\232\301{\257\3330{\"2{b\317l\2202k\356"
 506      33AB9AC1 
 506      7BAFDB30 
 506      7B22327B 
 506      62CF6C90 
 507 1713 A95C8B4F 		.ascii	"\251\\\213O1^GO\034\310s\303\345\014\211\251\254J\325"
 507      315E474F 
 507      1CC873C3 
 507      E50C89A9 
 507      AC4AD5
 508 1726 A860DC87 		.ascii	"\250`\334\207HG\272Q\313>S\301^\233\220\377\356\306"
 508      4847BA51 
 508      CB3E53C1 
 508      5E9B90FF 
 508      EEC6
 509 1738 4E41F734 		.ascii	"NA\3674\244\027:>\005\035\245v\217\250\270\341E\327"
 509      A4173A3E 
 509      051DA576 
 509      8FA8B8E1 
 509      45D7
 510 174a ABBEC955 		.ascii	"\253\276\311U}\226\342\\\233\337\335\020lY\024\366\035"
 510      7D96E25C 
 510      9BDFDD10 
 510      6C5914F6 
 510      1D
 511 175b 42869E0A 		.ascii	"B\206\236\012\232\242a\225\212`\266\312\216Qec\303\217"
 511      9AA26195 
 511      8A60B6CA 
 511      8E516563 
ARM GAS  /var/folders/qd/4mxf5pkd0zdf0b9dd1hp39180000gn/T//ccHfIRZO.s 			page 41


 511      C38F
 512 176d 066BF10C 		.ascii	"\006k\361\014\267<!\265\320Y`\267\315\2710&f\273%-\330"
 512      B73C21B5 
 512      D05960B7 
 512      CDB93026 
 512      66BB252D 
 513 1782 F2E30FA9 		.ascii	"\362\343\017\251\345\343\242\345\343\366\314&(\263\303"
 513      E5E3A2E5 
 513      E3F6CC26 
 513      28B3C3
 514 1791 CF2663DC 		.ascii	"\317&c\334p\3707\330\242\343\320\341\027j\321\215\263"
 514      70F837D8 
 514      A2E3D0E1 
 514      176AD18D 
 514      B3
 515 17a2 576DDCF8 		.ascii	"Wm\334\370Ld\366\314\236\331$ev{*\376\022\222FN\264"
 515      4C64F6CC 
 515      9ED92465 
 515      767B2AFE 
 515      1292464E 
 516 17b7 4DE44CF1 		.ascii	"M\344L\361\310\231\242\221\023U{lJ'%\316\2639\015\236"
 516      C899A291 
 516      13557B6C 
 516      4A2725CE 
 516      B3390D9E 
 517 17cb E6C4D394 		.ascii	"\346\304\323\224\370"
 517      F8
 518 17d0 6178D943 		.ascii	"ax\331C'\034\307\324<tut\267\016\357gH\356\310X\256"
 518      271CC7D4 
 518      3C747574 
 518      B70EEF67 
 518      48EEC858 
 519 17e5 86853BF9 		.ascii	"\206\205;\371/\224\011m\025\323\256\016s\345\205\220"
 519      2F94096D 
 519      15D3AE0E 
 519      73E58590 
 520 17f5 2BCFF942 		.ascii	"+\317\371B)\364\346)7\373\344\020\266:\0124G\223\343"
 520      29F4E629 
 520      37FBE410 
 520      B63A0A34 
 520      4793E3
 521 1808 85B050CA 		.ascii	"\205\260P\312\237\234\033UK\251\223_F]\237v0Q\013\345"
 521      9F9C1B55 
 521      4BA9935F 
 521      465D9F76 
 521      30510BE5 
 522 181c E5062B2F 		.ascii	"\345\006+/\327\263\302-\301\021\260\357\261\250\027"
 522      D7B3C22D 
 522      C111B0EF 
 522      B1A817
 523 182b A05970E5 		.ascii	"\240Yp\345\011\374\246\244\363\014\257/\301\352\267"
 523      09FCA6A4 
 523      F30CAF2F 
 523      C1EAB7
 524 183a 14FFB07C 		.ascii	"\024\377\260|\271'\373\027\020\344i2{\006\231\274=\275"
 524      B927FB17 
 524      10E46932 
ARM GAS  /var/folders/qd/4mxf5pkd0zdf0b9dd1hp39180000gn/T//ccHfIRZO.s 			page 42


 524      7B0699BC 
 524      3DBD
 525 184c 37988CEB 		.ascii	"7\230\214\353}\202\314\246\255\313\275\235~\376\361"
 525      7D82CCA6 
 525      ADCBBD9D 
 525      7EFEF1
 526 185b EFDEF860 		.ascii	"\357\336\370`\345J\205.\320`2z\371\006\232|\002t\006"
 526      E54A852E 
 526      D060327A 
 526      F9069A7C 
 526      027406
 527 186e C3461F7F 		.ascii	"\303F\037\177\363\352U\006\363N\344\371\223\300@_\037"
 527      F3EA5506 
 527      F34EE4F9 
 527      93C0405F 
 527      1F
 528 187f 6F2FB34F 		.ascii	"o/\263O\200\177\220\347O\275}}\002\203\214\006\343\262"
 528      807F90E7 
 528      4FBD7D7D 
 528      02838C06 
 528      E3B2
 529 1891 C08DDE5F 		.ascii	"\300\215\336_\256Z\356\025\030\350\371A\200\277\331"
 529      AE5AEE15 
 529      18E8F941 
 529      80BFD9
 530 18a0 E86F9ED7 		.ascii	"\350o\236\327\350\371Y@\200o\220\347zo\357e^&\277e\376"
 530      E8F95940 
 530      806F90E7 
 530      7A6FEF65 
 530      5E26BF65 
 531 18b5 01FEC665 		.ascii	"\001\376\306eF\257\317}\226\275\267l\325\212\225\357"
 531      46AFCF7D 
 531      96BDB76C 
 531      D58A95EF 
 532 18c5 2DFBF3BB 		.ascii	"-\373\363\273\313\374\274\276\0100y\332\264z\372\370"
 532      CBFCBCBE 
 532      083079DA 
 532      B47AFAF8 
 533 18d5 7BFB6E5C 		.ascii	"{\373n\\k\364\364\363\362\336\340\343o\3644\2545\256"
 533      6BF4F4F3 
 533      F2DEE0E3 
 533      6FF434AC 
 533      35AE
 534 18e7 F3DAE86B 		.ascii	"\363\332\350k6\230\267\006\032\203\226oP8\011\312E\376"
 534      3698B706 
 534      1A83966F 
 534      503809CA 
 534      45FE
 535 18f9 FF2917B4 		.ascii	"\377)\027\2645\310\323\020d^\013\232\200FZ3q\233\301"
 535      35C8D310 
 535      645E0B9A 
 535      80465A33 
 535      719BC1
 536 190c FCAE9DB3 		.ascii	"\374\256\235\263\003\003L \371'\237|\364\301G[<\275"
 536      03034C20 
 536      F9279F7C 
 536      F4C1475B 
ARM GAS  /var/folders/qd/4mxf5pkd0zdf0b9dd1hp39180000gn/T//ccHfIRZO.s 			page 43


 536      3CBD
 537 191e 03FC027D 		.ascii	"\003\374\002}|\215\246 \317\237\177\360\001\214\201"
 537      7C8DA620 
 537      CF9F7FF0 
 537      018C81
 538 192d 608E73A0 		.ascii	"`\216s\240\301\317\274\305\027\306C\343g\3607n1k\375"
 538      C1CFBCC5 
 538      17C643E3 
 538      67F0376E 
 538      316BFD
 539 1940 0C019BFD 		.ascii	"\014\001\233\375\215&\270\376y\243q\243Q\023H\037\277"
 539      8D26B8FE 
 539      79A371A3 
 539      5113481F 
 539      BF
 540 1951 E6BDC160 		.ascii	"\346\275\301`\206\221\363Z\033d}\036h2nr\267yh\200\356"
 540      8691F35A 
 540      1B647D1E 
 540      68326E72 
 540      B7796880 
 541 1966 1BCDC62D 		.ascii	"\033\315\306-\006\263\023\320\323[\030Yc\240\321\037"
 541      06B313D0 
 541      D35B1859 
 541      63A0D11F 
 542 1976 745DEF62 		.ascii	"t]\357b\334\004\316\360\363\012\372\322`V\203\334\240"
 542      DC04CEF0 
 542      F30AFAD2 
 542      605683DC 
 542      A0
 543 1987 F5CE0603 		.ascii	"\365\316\006\003\367\246\226_\325\360\324`\326\321V"
 543      F7A6965F 
 543      D5F0D460 
 543      D6D156
 544 1996 CA1214DC 		.ascii	"\312\022\024\334\354\345c\206\356\356\022\025\210\302"
 544      ECE56386 
 544      EEEE1215 
 544      88C2
 545 19a4 6E52C460 		.ascii	"nR\304`\306\201\206\215\032\343f\302^\263\331\014F\005"
 545      C681868D 
 545      1AE366C2 
 545      5EB3D90C 
 545      4605
 546 19b6 C225C8E8 		.ascii	"\302%\310\350\027\250\0162x\373\233\325\000 \206+\252"
 546      17A80E32 
 546      78FB9BD5 
 546      0020862B 
 546      AA
 547 19c7 075ED0E6 		.ascii	"\007^\320\346\025\270!\300dTo6\233M\201\013\030;\210"
 547      15B821C0 
 547      64546F36 
 547      9B4D810B 
 547      183B88
 548 19da C3754693 		.ascii	"\303uF\223\321\337\033\214\001\006\001\237\177\021\350"
 548      D1DF1B8C 
 548      0106019F 
 548      7F11E8
 549 19e9 64DCE263 		.ascii	"d\334\342c\366\016Xk\324\230\326n\005\2754$X\327\005"
ARM GAS  /var/folders/qd/4mxf5pkd0zdf0b9dd1hp39180000gn/T//ccHfIRZO.s 			page 44


 549      F60E586B 
 549      D498D66E 
 549      05BD3424 
 549      58D705
 550 19fc 39B3407D 		.ascii	"9\263@}\037\270\012W3y\016\327@\303:_\257\365AZ\263"
 550      1FB80A57 
 550      33790ED7 
 550      40C33A5F 
 550      AFF5415A 
 551 1a11 1FF4A278 		.ascii	"\037\364\242x\220\331\313lt2\323\0130\006\247z\371\031"
 551      90D9CB6C 
 551      7432D30B 
 551      3006A77A 
 551      F919
 552 1a23 55DE1BBC 		.ascii	"U\336\033\274L\320\030\340\273\326H\256\376\306\315"
 552      4CD018E0 
 552      BBD648AE 
 552      FEC6CD
 553 1a32 461378C6 		.ascii	"F\023x\306\333\274\005\233V\256V\372\232\234 W \006"
 553      DBBC059B 
 553      56AE56FA 
 553      9A9C2057 
 553      2006
 554 1a44 0CE6B75E 		.ascii	"\014\346\267^:\270\033\274\301\014\030M\350\265\022"
 554      3AB81BBC 
 554      C10C184D 
 554      E8B512
 555 1a53 6085D2F4 		.ascii	"`\205\322\364}\245\351}\245\351=\245i\215\322\364=\245"
 555      7DA5E97D 
 555      A5E93DA5 
 555      698DD2F4 
 555      3DA5
 556 1a65 E95D1CB4 		.ascii	"\351]\034\264z%\300\012\034\264\352\373\000\357\003"
 556      7A25C00A 
 556      1CB4EAFB 
 556      00EF03
 557 1a74 BC07B006 		.ascii	"\274\007\260\006\340{\000\320\276j5\300*\000\240[\005"
 557      E07B00D0 
 557      BE6A35C0 
 557      2A00A05B 
 557      05
 558 1a85 742B816E 		.ascii	"t+\201n%\320\255\004\272\225k\\\210@2X\240\333w^\255"
 558      25D0AD04 
 558      BA956B5C 
 558      88403258 
 558      A0DB775E 
 559 1a9a 8B61D37B 		.ascii	"\213a\323{~$4\275I\002l1\323`\361\011p\266\216 \030"
 559      7E2434BD 
 559      49026C31 
 559      D360F109 
 559      70B68E20 
 560 1aaf EB170839 		.ascii	"\353\027\0109\340\304\235n~\303\216\247\020\352\336"
 560      E0C49D6E 
 560      7EC38EA7 
 560      10EADE
 561 1abe 1B82BC37 		.ascii	"\033\202\2747\254\005V\366\245D$\200\241\206\366\245"
 561      AC0556F6 
ARM GAS  /var/folders/qd/4mxf5pkd0zdf0b9dd1hp39180000gn/T//ccHfIRZO.s 			page 45


 561      A5442480 
 561      A186F6A5 
 562 1ace 8E196C0D 		.ascii	"\216\031l\015\022\242\3351\023\010\006h\207(\377\304"
 562      12A2DD31 
 562      13080668 
 562      8728FFC4 
 563 1ade B8FE673E 		.ascii	"\270\376g>\246 \363gT1{\265\354\013\230\302\235\366"
 563      A620F367 
 563      54317BB5 
 563      EC0B98C2 
 563      9DF6
 564 1af0 F8186C64 		.ascii	"\370\030ld\035 \260>\333\260\366\023\243\257\321+\310"
 564      1D20B03E 
 564      DBB0F613 
 564      A3AFD12B 
 564      C8
 565 1b01 F88F0EC5 		.ascii	"\370\217\016\305\255\335\012\343\357\343\015\"\225\336"
 565      ADDD0AE3 
 565      EFE30D22 
 565      95DE
 566 1b0f 1B94663F 		.ascii	"\033\224f?M\300\272uAF\263\326d\246a\372m\207\035\315"
 566      4DC0BA75 
 566      4146B3D6 
 566      64A661FA 
 566      6D871DCD 
 567 1b23 544DB39F 		.ascii	"TM\263\237\301\333\313\327\347s\023\255=\220/~^04T\001"
 567      C1DBCBD7 
 567      E77313AD 
 567      3D902F7E 
 567      5E303454 
 568 1b38 BCF6739A 		.ascii	"\274\366s\232)\304j\243\037\224\257\3177\256w\016\364"
 568      29C46AA3 
 568      1F94AFCF 
 568      37AE770E 
 568      F4
 569 1b49 F2F7F126 		.ascii	"\362\367\361&)\345&}\014q\270\311L\222\307i\223\031"
 569      29E5267D 
 569      0C71B8C9 
 569      4C92C769 
 569      9319
 570 1b5b 9EF89ABD 		.ascii	"\236\370\232\275\234I\263\217\037\011YxD\362\233\\\327"
 570      9C49B38F 
 570      1F095978 
 570      44F29B5C 
 570      D7
 571 1b6c 6DF4F706 		.ascii	"m\364\367\006\022ra\015BA\330\344c2o\364\3625\220.&"
 571      1272610D 
 571      4241D8E4 
 571      63326FF4 
 571      F235902E 
 572 1b81 0DE9E165 		.ascii	"\015\351\341er\267yh0\277nO\307\362\325\005\250}\275"
 572      72B77968 
 572      30BF6E4F 
 572      C7F2D505 
 572      A87DBD
 573 1b94 82CCE4D1 		.ascii	"\202\314\344\3217e\332\241\022\230\310Uk\342\331a\342"
 573      3765DAA1 
ARM GAS  /var/folders/qd/4mxf5pkd0zdf0b9dd1hp39180000gn/T//ccHfIRZO.s 			page 46


 573      1298C855 
 573      6BE2D961 
 573      E2
 574 1ba5 D96122D9 		.ascii	"\331a\"\331\2411\321x\202\2074\233]A\006\261}+\355\352"
 574      A131D178 
 574      8287349B 
 574      5D4106B1 
 574      7D2BEDEA 
 575 1bb9 0C241B4D 		.ascii	"\014$\033M\220\302f\275\370\320`v\266:\305\315g\255"
 575      90C266BD 
 575      F8D06076 
 575      B63AC5CD 
 575      67AD
 576 1bcb AF910722 		.ascii	"\257\221\007\"\024\027>\341\254y\027\252\226p\243\013"
 576      14173EE1 
 576      AC7917AA 
 576      9670A30B 
 577 1bdb 327F090E 		.ascii	"2\177\011\016^\017\276u\021\235I\253\032u\235\233\367"
 577      5E0FBE75 
 577      119D49AB 
 577      1A759D9B 
 577      F7
 578 1bec 3A030C19 		.ascii	":\003\014\031q\021T\030\240a(I\177=\277\247\025@@h\336"
 578      71115418 
 578      A0612849 
 578      7F3DBFA7 
 578      15404068 
 579 1c01 BB5B912F 		.ascii	"\273[\221/}}\374|\254\275H)\020\010\251\261\002B-\326"
 579      7D7DFC7C 
 579      ACBD4829 
 579      1008A9B1 
 579      02422DD6 
 580 1c15 7104CC76 		.ascii	"q\004\314v\261J\365\011p\025\253\241\317WF\242$\361"
 580      B14AF509 
 580      7015ABA1 
 580      CF5746A2 
 580      24F1
 581 1c27 1EB9D7C1 		.ascii	"\036\271\327\301}\240\331$\334n\002\227B\220p+W\256"
 581      7DA0D924 
 581      DC6E0297 
 581      4290702B 
 581      57AE
 582 1c39 E156921B 		.ascii	"\341V\222\033-1\015\310\310\365+\243\211\362\364Y\013"
 582      2D310DC8 
 582      C8F52BA3 
 582      89F2F459 
 582      0B
 583 1c4a 8EF359E7 		.ascii	"\216\363Y\347c4\011\322\010_\307\331e\315\005\230K "
 583      633409D2 
 583      085FC7D9 
 583      65CD0598 
 583      4B20
 584 1c5c AE595C81 		.ascii	"\256Y\\\201:\237n\015\372\235\277o\200\367\227/\311"
 584      3A9F6E0D 
 584      FA9DBF6F 
 584      80F7972F 
 584      C9
ARM GAS  /var/folders/qd/4mxf5pkd0zdf0b9dd1hp39180000gn/T//ccHfIRZO.s 			page 47


 585 1c6d B9AD2427 		.ascii	"\271\255$'Ye\331Hi]\015P\225\315\206\177\375\311\247"
 585      5965D948 
 585      695D0D50 
 585      95CD867F 
 585      FDC9A7
 586 1c80 3FFDED27 		.ascii	"?\375\355'\277p\365\362\335\354\2655\010\252\216/L\305"
 586      BF70F5F2 
 586      DDECB535 
 586      08AA8E2F 
 586      4CC5
 587 1c92 FF24E503 		.ascii	"\377$\345\003\001\350\371\301G\237\376\342S\221\035"
 587      01E8F9C1 
 587      479FFEE2 
 587      53911D
 588 1ca1 A93ADE7E 		.ascii	"\251:\336~?\203 e\252\200\002\277\006\226\316\224=g"
 588      3F832065 
 588      AA8002BF 
 588      0696CE94 
 588      3D67
 589 1cb3 4E43D8B0 		.ascii	"NC\330\260\374\2755\337[\355$`\377\013\276o\177\310"
 589      FCBD35DF 
 589      5BED2460 
 589      FF0BBE6F 
 589      7FC8
 590              		.text
 591              		.section	.gnu.lto_.symtab.13525e6d6bc34522,"",%progbits
 592 0000 63685265 		.ascii	"chRegFirstThread\000"
 592      67466972 
 592      73745468 
 592      72656164 
 592      00
 593 0011 00       		.ascii	"\000"
 594 0012 00       		.ascii	"\000"
 595 0013 00       		.ascii	"\000"
 596 0014 00000000 		.ascii	"\000\000\000\000\000\000\000\000"
 596      00000000 
 597 001c A9010000 		.ascii	"\251\001\000\000"
 598 0020 63685265 		.ascii	"chRegNextThread\000"
 598      674E6578 
 598      74546872 
 598      65616400 
 599 0030 00       		.ascii	"\000"
 600 0031 00       		.ascii	"\000"
 601 0032 00       		.ascii	"\000"
 602 0033 00000000 		.ascii	"\000\000\000\000\000\000\000\000"
 602      00000000 
 603 003b AD010000 		.ascii	"\255\001\000\000"
 604 003f 63685F64 		.ascii	"ch_debug\000"
 604      65627567 
 604      00
 605 0048 00       		.ascii	"\000"
 606 0049 00       		.ascii	"\000"
 607 004a 00       		.ascii	"\000"
 608 004b 00000000 		.ascii	"\000\000\000\000\000\000\000\000"
 608      00000000 
 609 0053 62020000 		.ascii	"b\002\000\000"
 610 0057 636800   		.ascii	"ch\000"
ARM GAS  /var/folders/qd/4mxf5pkd0zdf0b9dd1hp39180000gn/T//ccHfIRZO.s 			page 48


 611 005a 00       		.ascii	"\000"
 612 005b 02       		.ascii	"\002"
 613 005c 00       		.ascii	"\000"
 614 005d 00000000 		.ascii	"\000\000\000\000\000\000\000\000"
 614      00000000 
 615 0065 27020000 		.ascii	"'\002\000\000"
 616 0069 63685468 		.ascii	"chThdRelease\000"
 616      6452656C 
 616      65617365 
 616      00
 617 0076 00       		.ascii	"\000"
 618 0077 02       		.ascii	"\002"
 619 0078 00       		.ascii	"\000"
 620 0079 00000000 		.ascii	"\000\000\000\000\000\000\000\000"
 620      00000000 
 621 0081 B1010000 		.ascii	"\261\001\000\000"
 622              		.text
 623              		.section	.gnu.lto_.opts,"",%progbits
 624 0000 272D666D 		.ascii	"'-fmath-errno' '-fsigned-zeros' '-ftrapping-math' '"
 624      6174682D 
 624      6572726E 
 624      6F272027 
 624      2D667369 
 625 0033 2D666E6F 		.ascii	"-fno-trapv' '-fno-openmp' '-fno-openacc' '-mcpu=cor"
 625      2D747261 
 625      70762720 
 625      272D666E 
 625      6F2D6F70 
 626 0066 7465782D 		.ascii	"tex-m4' '-mfloat-abi=hard' '-mfpu=fpv4-sp-d16' '-mn"
 626      6D342720 
 626      272D6D66 
 626      6C6F6174 
 626      2D616269 
 627 0099 6F2D7468 		.ascii	"o-thumb-interwork' '-mthumb' '-O2' '-fomit-frame-po"
 627      756D622D 
 627      696E7465 
 627      72776F72 
 627      6B272027 
 628 00cc 696E7465 		.ascii	"inter' '-falign-functions=16' '-ffunction-sections'"
 628      72272027 
 628      2D66616C 
 628      69676E2D 
 628      66756E63 
 629 00ff 20272D66 		.ascii	" '-fdata-sections' '-fno-common' '-flto' '-fsingle-"
 629      64617461 
 629      2D736563 
 629      74696F6E 
 629      73272027 
 630 0132 70726563 		.ascii	"precision-constant'\000"
 630      6973696F 
 630      6E2D636F 
 630      6E737461 
 630      6E742700 
 631              		.text
 632              		.comm	__gnu_lto_v1,1,1
 633              		.comm	__gnu_lto_slim,1,1
 634              		.ident	"GCC: (GNU Tools for Arm Embedded Processors 7-2017-q4-major) 7.2.1 20170904 (release) [ARM
ARM GAS  /var/folders/qd/4mxf5pkd0zdf0b9dd1hp39180000gn/T//ccHfIRZO.s 			page 49


ARM GAS  /var/folders/qd/4mxf5pkd0zdf0b9dd1hp39180000gn/T//ccHfIRZO.s 			page 50


DEFINED SYMBOLS
                            *ABS*:0000000000000000 chregistry.c
                            *COM*:0000000000000001 __gnu_lto_v1
                            *COM*:0000000000000001 __gnu_lto_slim

NO UNDEFINED SYMBOLS
