ARM GAS  /var/folders/qd/4mxf5pkd0zdf0b9dd1hp39180000gn/T//ccLUJrzb.s 			page 1


   1              		.cpu cortex-m4
   2              		.eabi_attribute 27, 1
   3              		.eabi_attribute 28, 1
   4              		.eabi_attribute 20, 1
   5              		.eabi_attribute 21, 1
   6              		.eabi_attribute 23, 3
   7              		.eabi_attribute 24, 1
   8              		.eabi_attribute 25, 1
   9              		.eabi_attribute 26, 1
  10              		.eabi_attribute 30, 2
  11              		.eabi_attribute 34, 1
  12              		.eabi_attribute 18, 4
  13              		.file	"crt1.c"
  14              		.section	.gnu.lto_.profile.367ce7e75e76ce6e,"",%progbits
  15 0000 789C6363 		.ascii	"x\234cc```\001bF\006\026&\000\000\202\000\022"
  15      60606001 
  15      62460616 
  15      26000082 
  15      0012
  16              		.text
  17              		.section	.gnu.lto_.icf.367ce7e75e76ce6e,"",%progbits
  18 0000 789C6363 		.ascii	"x\234cc``\020a@\000f\206\226\363\023f\2610\202I\246"
  18      60601061 
  18      40006686 
  18      96F31366 
  18      B1308249 
  19 0015 CEB5ED87 		.ascii	"\316\265\355\207Y\031\000R]\007\250"
  19      59190052 
  19      5D07A8
  20              		.text
  21              		.section	.gnu.lto_.jmpfuncs.367ce7e75e76ce6e,"",%progbits
  22 0000 789C6363 		.ascii	"x\234cc``\340f@\000f fd``\002R\000\001\352\000\030"
  22      6060E066 
  22      40006620 
  22      66646060 
  22      02520001 
  23              		.text
  24              		.section	.gnu.lto_.inline.367ce7e75e76ce6e,"",%progbits
  25 0000 789C6363 		.ascii	"x\234cc``0g@\000f bbd`\0022\331\026\310\203(\006F\014"
  25      60603067 
  25      40006620 
  25      62626460 
  25      0232D916 
  26 001a 11262084 		.ascii	"\021& \204\210\260\200I\006\006\000H\357\001\355"
  26      88B08049 
  26      06060048 
  26      EF01ED
  27              		.text
  28              		.section	.gnu.lto_.pureconst.367ce7e75e76ce6e,"",%progbits
  29 0000 789C6363 		.ascii	"x\234cc```\007bf\006\011F\011&\023\000\001\307\000x"
  29      60606007 
  29      62660609 
  29      46092613 
  29      0001C700 
  30              		.text
  31              		.section	.gnu.lto___early_init.367ce7e75e76ce6e,"",%progbits
  32 0000 789C6363 		.ascii	"x\234cc``\250\001bs \226\006bFf\006F\246\011\347\030"
ARM GAS  /var/folders/qd/4mxf5pkd0zdf0b9dd1hp39180000gn/T//ccLUJrzb.s 			page 2


  32      6060A801 
  32      62732096 
  32      06624666 
  32      0646A609 
  33 0016 181A3998 		.ascii	"\030\0329\230\030\031A\214\006\016F\206z&\306z\306\036"
  33      1819418C 
  33      060E4686 
  33      7A26C67A 
  33      C61E
  34 0028 E629CC8C 		.ascii	"\346)\314\214\207\332\237\355d\322\\\336\000\004\007"
  34      87DA9FED 
  34      64D25CDE 
  34      000407
  35 0037 A66F926C 		.ascii	"\246o\222lXq\200q\0163\003\3034 \006\001\306\315\214"
  35      58718071 
  35      0E3303C3 
  35      34200601 
  35      C6CD8C
  36 004a 9A0C4065 		.ascii	"\232\014@e\2176\376\233\312\313\306\002\021g\334\302"
  36      8F36FE9B 
  36      CACBC602 
  36      1167DCC2 
  37 005a C8C6C008 		.ascii	"\310\306\300\010d\254\277\304z\240\341\337\377\366\206"
  37      64ACBFC4 
  37      7AA0E1DF 
  37      FFF686
  38 0069 03679499 		.ascii	"\003g\224\231\231\030\030:\200\262@+\032\0160t\002\271"
  38      9918183A 
  38      80B2402B 
  38      1A0E3074 
  38      02B9
  39 007b 4056F301 		.ascii	"@V\363\001\206w\214M\012`\015 \320\301\314\010\022\006"
  39      86778C4D 
  39      0A600D20 
  39      D0C1CC08 
  39      1206
  40 008d 2A35D5D3 		.ascii	"*5\325\323\323\207\240\374b\375\344\374\334\334\374"
  40      D387A0FC 
  40      62FDE4FC 
  40      DCDCFC
  41 009c 3CFD82FC 		.ascii	"<\375\202\374\242\222b}\307 _g\337\012\220XAfNjQ\261"
  41      A292627D 
  41      C7205F67 
  41      DF0A9058 
  41      41664E6A 
  42 00b2 BEBBB3B3 		.ascii	"\276\273\263\263~rQ\211\241^2\003\000\214\201;\015"
  42      7E725189 
  42      A15E3203 
  42      008C813B 
  42      0D
  43              		.text
  44              		.section	.gnu.lto___late_init.367ce7e75e76ce6e,"",%progbits
  45 0000 789C6363 		.ascii	"x\234cc``\250\001bs \226\006bFf\006F\246\011\347\030"
  45      6060A801 
  45      62732096 
  45      06624666 
  45      0646A609 
ARM GAS  /var/folders/qd/4mxf5pkd0zdf0b9dd1hp39180000gn/T//ccLUJrzb.s 			page 3


  46 0016 181A3998 		.ascii	"\030\0329\230\030\031A\214\006\016F\206z&\306z\306\036"
  46      1819418C 
  46      060E4686 
  46      7A26C67A 
  46      C61E
  47 0028 E629CC8C 		.ascii	"\346)\314\214\207\332\237\355d\322\\\336\000\004\007"
  47      87DA9FED 
  47      64D25CDE 
  47      000407
  48 0037 A6DF936C 		.ascii	"\246\337\223lXq\200q\0163\003\3034 \006\001\306\315"
  48      58718071 
  48      0E3303C3 
  48      34200601 
  48      C6CD
  49 0049 8C9A0C40 		.ascii	"\214\232\014@e\2176\376\233\312\313\306\002\021g\334"
  49      658F36FE 
  49      9BCACBC6 
  49      021167DC 
  50 0059 C2C8C6C0 		.ascii	"\302\310\306\300\010d\254\277\304z\240\341\337\377\366"
  50      0864ACBF 
  50      C47AA0E1 
  50      DFFFF6
  51 0068 86034794 		.ascii	"\206\003G\224\231\231\030\030:\200\262@+\032\0160t\002"
  51      99991818 
  51      3A80B240 
  51      2B1A0E30 
  51      7402
  52 007a B94056F3 		.ascii	"\271@V\363\001\206w\214M\012`\015 \320\301\314\010\022"
  52      0186778C 
  52      4D0A600D 
  52      20D0C1CC 
  52      0812
  53 008c 062A35D5 		.ascii	"\006*5\325\323\323\207\240\374b\375\344\374\334\334"
  53      D3D387A0 
  53      FC62FDE4 
  53      FCDCDC
  54 009b FC3CFD82 		.ascii	"\374<\375\202\374\242\222b}\307 _g\337\012\220XAfNj"
  54      FCA29262 
  54      7DC7205F 
  54      67DF0A90 
  54      5841664E 
  55 00b0 51B1BEBB 		.ascii	"Q\261\276\273\263\263~rQ\211\241^2\003\000\244\365;"
  55      B3B37E72 
  55      5189A15E 
  55      320300A4 
  55      F53B
  56 00c2 31       		.ascii	"1"
  57              		.text
  58              		.section	.gnu.lto___default_exit.367ce7e75e76ce6e,"",%progbits
  59 0000 789C6363 		.ascii	"x\234cc``\250\005bs(fde`d\232p\216\201\241\221\203\211"
  59      6060A805 
  59      62732866 
  59      64656064 
  59      9A708E81 
  60 0018 9119C260 		.ascii	"\221\031\302`fd\2010X \"\216\214\014\365L\314,\214@"
  60      66648130 
  60      5820228E 
ARM GAS  /var/folders/qd/4mxf5pkd0zdf0b9dd1hp39180000gn/T//ccLUJrzb.s 			page 4


  60      8C0CF54C 
  60      CC2C8C40 
  61 002c 82010A7A 		.ascii	"\202\001\012z\230\24703\036j\177\266\223Isy\003\020"
  61      98A73033 
  61      1E6A7FB6 
  61      93497379 
  61      0310
  62 003e 1C983E83 		.ascii	"\034\230>\203\255\255\241Ub\016P\3054\250*\306\315\214"
  62      ADADA155 
  62      620E50C5 
  62      34A82AC6 
  62      CD8C
  63 0050 9A0C4065 		.ascii	"\232\014@e\2176\376\233\312\313\306\002\021g\334\302"
  63      8F36FE9B 
  63      CACBC602 
  63      1167DCC2 
  64 0060 C8C6C008 		.ascii	"\310\306\300\010d\254\277\304z\240\341\337\377\366\206"
  64      64ACBFC4 
  64      7AA0E1DF 
  64      FFF686
  65 006f 03771633 		.ascii	"\003w\0263nv\003\012u\000\345\031\033\016\000i&\006"
  65      6E76030A 
  65      7500E519 
  65      1B0E0069 
  65      2606
  66 0081 C64610CD 		.ascii	"\306F\020\315\314\000\264\276\031\304b\001\261\030;"
  66      CC00B4BE 
  66      19C46201 
  66      B1183B
  67 0090 9819C126 		.ascii	"\230\031\301&\233\352\351\351CP~\261~r~nn~\236~A~QI"
  67      9BEAE9E9 
  67      43507EB1 
  67      7E727E6E 
  67      6E7E9E7E 
  68 00a8 B1BE6390 		.ascii	"\261\276c\220\257\263o\005H\254 3'\265\250X\337\335"
  68      AFB36F05 
  68      48AC2033 
  68      27B5A858 
  68      DFDD
  69 00ba D9593FB9 		.ascii	"\331Y?\271\250\304P/\231\001\000\036\373>\226"
  69      A8C4502F 
  69      9901001E 
  69      FB3E96
  70              		.text
  71              		.section	.gnu.lto_.symbol_nodes.367ce7e75e76ce6e,"",%progbits
  72 0000 789C6363 		.ascii	"x\234cc``0\005b\006&\206z\006\206\011\347\030@\324\256"
  72      60603005 
  72      62062686 
  72      7A068609 
  72      E71840D4 
  73 0015 0647A000 		.ascii	"\006G\240\000c=#\252\000S=\023B@\021\250\007\000A\355"
  73      633D23AA 
  73      00533D13 
  73      424011A8 
  73      070041ED 
  74 0029 0BAD     		.ascii	"\013\255"
  75              		.text
ARM GAS  /var/folders/qd/4mxf5pkd0zdf0b9dd1hp39180000gn/T//ccLUJrzb.s 			page 5


  76              		.section	.gnu.lto_.refs.367ce7e75e76ce6e,"",%progbits
  77 0000 789C6363 		.ascii	"x\234cc```\004b\006\000\000D\000\010"
  77      60606004 
  77      62060000 
  77      440008
  78              		.text
  79              		.section	.gnu.lto_.decls.367ce7e75e76ce6e,"",%progbits
  80 0000 789C9D50 		.ascii	"x\234\235P\315k\023Q\020\177\263o\243\261\011M\220\""
  80      CD6B1351 
  80      107FB36F 
  80      A3B1094D 
  80      9022
  81 0012 39F420C1 		.ascii	"9\364 \301s\226\200\376\001\222CO\365 x\360\264\015"
  81      739680FE 
  81      0192434F 
  81      F52078F0 
  81      B40D
  82 0024 7185603E 		.ascii	"q\205`>\312f\213\025/\257U!R\301\036\202`i\260\"\210"
  82      CA668B15 
  82      2FAF5521 
  82      52C11E82 
  82      6069B022 
  83 0039 62208546 		.ascii	"b \205F\353G[7\325\200\202\026\252\005Q\323\017*\202"
  83      EB475B37 
  83      D5808216 
  83      AA0551D3 
  83      0F2A82
  84 004c 1E6AA350 		.ascii	"\036j\243P\012U\210\263\357\355nK\033/\016o\366\315"
  84      0A5588B3 
  84      EFED6E4B 
  84      1B2F0E6F 
  84      F6CD
  85 005e CCFBCD6F 		.ascii	"\314\373\315o~\263\373\010!\237$B\036\340}\017\275\211"
  85      7EB3FB08 
  85      219F2442 
  85      1EE07D0F 
  85      BD89
  86 0070 26E35D25 		.ascii	"&\343]%\333F\321\247\321M\364\032\331k\027\201\020<"
  86      DB46D1A7 
  86      D14DF41A 
  86      D96B1781 
  86      103C
  87 0082 A4C7CEC1 		.ascii	"\244\307\316\301\306\357\266\201\0268\263\005n\250\005"
  87      C6EFB681 
  87      1638B305 
  87      6EA805
  88 0091 AED5DC02 		.ascii	"\256\325\334\002\205\037\277\353\353\3222,\002\256\000"
  88      851FBFEB 
  88      EBD2322C 
  88      02AE00
  89 00a0 418106F1 		.ascii	"A\201\006\361\305\333r\2367\035\003Q\307\252$.\033j"
  89      C5DB729E 
  89      371D0351 
  89      C7AA242E 
  89      1B6A
  90 00b2 254E0BB8 		.ascii	"%N\013\270\025\311\346\220\034^~l\002\330\311*\336\305"
  90      15C9E690 
ARM GAS  /var/folders/qd/4mxf5pkd0zdf0b9dd1hp39180000gn/T//ccLUJrzb.s 			page 6


  90      1C5E7E6C 
  90      02D8C92A 
  90      DEC5
  91 00c4 38C78472 		.ascii	"8\307\204r\021\270}6\304\242v\206\355h\331\243\225\270"
  91      11B87D36 
  91      C4A27686 
  91      ED68D9A3 
  91      95B8
  92 00d6 CFAEA8ED 		.ascii	"\317\256\250\355%\301\376\011\365r\343\225g\005\226"
  92      25C1FE09 
  92      F572E395 
  92      670596
  93 00e5 F0F5743B 		.ascii	"\360\365t;\031\366\246\301\252\376\\\273>\027\240\022"
  93      19F6A6C1 
  93      AAFE5CBB 
  93      3E17A012 
  94 00f5 8FDFD6D7 		.ascii	"\217\337\326\327J\036\032\340\361\370\350\237y\257,"
  94      4A1E1AE0 
  94      F1F8E89F 
  94      79AF2C
  95 0104 11780454 		.ascii	"\021x\004T\364\217/^\256xh\007\177}\277\365k\316\023"
  95      F48F2F5E 
  95      AE786807 
  95      7F7DBFF5 
  95      6BCE13
  96 0117 293161DE 		.ascii	")1a\336\233\224\300c\216\343\310Zs\323\014\014Q8\330"
  96      9B94C063 
  96      8EE3C85A 
  96      73D30C0C 
  96      5138D8
  97 012a 0612A6EF 		.ascii	"\006\022\246\357\032o\212>L;\332 \210i\351Z\263\340"
  97      1A6F8A3E 
  97      4C3BDA20 
  97      8869E95A 
  97      B3E0
  98 013c 09DDB01A 		.ascii	"\011\335\260\032\207/\261\240\004=\207\340\031t\302"
  98      872FB1A0 
  98      043D87E0 
  98      1974C2
  99 014b 53E844B1 		.ascii	"S\350D\261S\020\302oF\026L\225\211r\321\037\036cc&3"
  99      5310C26F 
  99      46164C95 
  99      8972D11F 
  99      1E636326 
 100 0160 3F8C1CF9 		.ascii	"?\214\034\371Za\354\312 c\262\005\203\207@\341\011D"
 100      5A61ECCA 
 100      2063B205 
 100      838740E1 
 100      0944
 101 0172 103E09B2 		.ascii	"\020>\011\262\225aT\201\025\200\011X\306%\247!\214\014"
 101      95615481 
 101      15800958 
 101      C625A721 
 101      8C0C
 102 0184 EB0B8D25 		.ascii	"\353\013\215%J\363\360\217\245\352\233\223\033\324\036"
 102      4AF3F08F 
 102      A5EA9B93 
ARM GAS  /var/folders/qd/4mxf5pkd0zdf0b9dd1hp39180000gn/T//ccLUJrzb.s 			page 7


 102      1BD41E
 103 0193 B07597B2 		.ascii	"\260u\227\262B\236\261 g\237q\331\237#\373\314nv\223"
 103      429EB120 
 103      679F71D9 
 103      9F23FBCC 
 103      6E7693
 104 01a6 B3DFFFB8 		.ascii	"\263\337\377\2701\353\243\005\301~\353\365\352m?\275"
 104      31EBA305 
 104      C17EEBF5 
 104      EA6D3FBD 
 105 01b6 2392EFDF 		.ascii	"#\222\357\337\026>\007\254Q\263\316\250/W\347\247\016"
 105      163E07AC 
 105      51B3CEA8 
 105      2F57E7A7 
 105      0E
 106 01c7 38C3E105 		.ascii	"8\303\341\005\310Vq4_,\357\267\346W\231\271\032\032"
 106      C8567134 
 106      5F2CEFB7 
 106      E65799B9 
 106      1A1A
 107 01d9 61E6E000 		.ascii	"a\346\340\000c\022\027Pu\005\274D\001\325\335\002j\020"
 107      63121750 
 107      7505BC44 
 107      01D5DD02 
 107      6A10
 108 01eb 267E55D5 		.ascii	"&~U\325\342z\352\202\232\314$\015\371\274\026?w4\022"
 108      E27AEA82 
 108      9ACC240D 
 108      F9BC163F 
 108      773412
 109 01fe 51C4C9E6 		.ascii	"Q\304\311\346\224D6\235\316f\224\336\254n\344\224\343"
 109      9444369D 
 109      CE6694DE 
 109      AC6EE494 
 109      E3
 110 020f 27BB63DD 		.ascii	"'\273c\335\375V\2557\231\322\364\234\322\025\213)\011"
 110      FD56AD37 
 110      99D2F49C 
 110      D2158B29 
 110      09
 111 0220 DD884612 		.ascii	"\335\210F\022\336\256\023\247\016\307\242Qr\354\177"
 111      DEAE13A7 
 111      0EC7A251 
 111      72EC7F
 112 022f BA894F55 		.ascii	"\272\211OUSqC\343\"\332U\365\214v6\336\2272T\255?ix"
 112      537143E3 
 112      22DA55F5 
 112      8C7636DE 
 112      973254AD 
 113 0246 33595D33 		.ascii	"3Y]3\372\364\314_\271$\367."
 113      FAF4CC5F 
 113      B924F72E 
 114              		.text
 115              		.section	.gnu.lto_.symtab.367ce7e75e76ce6e,"",%progbits
 116 0000 5F5F6561 		.ascii	"__early_init\000"
 116      726C795F 
 116      696E6974 
ARM GAS  /var/folders/qd/4mxf5pkd0zdf0b9dd1hp39180000gn/T//ccLUJrzb.s 			page 8


 116      00
 117 000d 00       		.ascii	"\000"
 118 000e 01       		.ascii	"\001"
 119 000f 00       		.ascii	"\000"
 120 0010 00000000 		.ascii	"\000\000\000\000\000\000\000\000"
 120      00000000 
 121 0018 BD000000 		.ascii	"\275\000\000\000"
 122 001c 5F5F6C61 		.ascii	"__late_init\000"
 122      74655F69 
 122      6E697400 
 123 0028 00       		.ascii	"\000"
 124 0029 01       		.ascii	"\001"
 125 002a 00       		.ascii	"\000"
 126 002b 00000000 		.ascii	"\000\000\000\000\000\000\000\000"
 126      00000000 
 127 0033 C0000000 		.ascii	"\300\000\000\000"
 128 0037 5F5F6465 		.ascii	"__default_exit\000"
 128      6661756C 
 128      745F6578 
 128      697400
 129 0046 00       		.ascii	"\000"
 130 0047 01       		.ascii	"\001"
 131 0048 00       		.ascii	"\000"
 132 0049 00000000 		.ascii	"\000\000\000\000\000\000\000\000"
 132      00000000 
 133 0051 C5000000 		.ascii	"\305\000\000\000"
 134              		.text
 135              		.section	.gnu.lto_.opts,"",%progbits
 136 0000 272D666D 		.ascii	"'-fmath-errno' '-fsigned-zeros' '-ftrapping-math' '"
 136      6174682D 
 136      6572726E 
 136      6F272027 
 136      2D667369 
 137 0033 2D666E6F 		.ascii	"-fno-trapv' '-fno-openmp' '-fno-openacc' '-mcpu=cor"
 137      2D747261 
 137      70762720 
 137      272D666E 
 137      6F2D6F70 
 138 0066 7465782D 		.ascii	"tex-m4' '-mfloat-abi=hard' '-mfpu=fpv4-sp-d16' '-mn"
 138      6D342720 
 138      272D6D66 
 138      6C6F6174 
 138      2D616269 
 139 0099 6F2D7468 		.ascii	"o-thumb-interwork' '-mthumb' '-O2' '-fomit-frame-po"
 139      756D622D 
 139      696E7465 
 139      72776F72 
 139      6B272027 
 140 00cc 696E7465 		.ascii	"inter' '-falign-functions=16' '-ffunction-sections'"
 140      72272027 
 140      2D66616C 
 140      69676E2D 
 140      66756E63 
 141 00ff 20272D66 		.ascii	" '-fdata-sections' '-fno-common' '-flto' '-fsingle-"
 141      64617461 
 141      2D736563 
 141      74696F6E 
ARM GAS  /var/folders/qd/4mxf5pkd0zdf0b9dd1hp39180000gn/T//ccLUJrzb.s 			page 9


 141      73272027 
 142 0132 70726563 		.ascii	"precision-constant'\000"
 142      6973696F 
 142      6E2D636F 
 142      6E737461 
 142      6E742700 
 143              		.text
 144              		.comm	__gnu_lto_v1,1,1
 145              		.comm	__gnu_lto_slim,1,1
 146              		.ident	"GCC: (GNU Tools for Arm Embedded Processors 7-2017-q4-major) 7.2.1 20170904 (release) [ARM
ARM GAS  /var/folders/qd/4mxf5pkd0zdf0b9dd1hp39180000gn/T//ccLUJrzb.s 			page 10


DEFINED SYMBOLS
                            *ABS*:0000000000000000 crt1.c
                            *COM*:0000000000000001 __gnu_lto_v1
                            *COM*:0000000000000001 __gnu_lto_slim

NO UNDEFINED SYMBOLS
