ARM GAS  /var/folders/qd/4mxf5pkd0zdf0b9dd1hp39180000gn/T//ccoviVai.s 			page 1


   1              		.cpu cortex-m4
   2              		.eabi_attribute 20, 1
   3              		.eabi_attribute 21, 1
   4              		.eabi_attribute 23, 3
   5              		.eabi_attribute 24, 1
   6              		.eabi_attribute 25, 1
   7              		.eabi_attribute 26, 1
   8              		.eabi_attribute 30, 2
   9              		.eabi_attribute 34, 1
  10              		.eabi_attribute 18, 4
  11              		.file	"nvic.c"
  12              		.section	.gnu.lto_.profile.4617243eba165780,"",%progbits
  13 0000 789C6363 		.ascii	"x\234cc```\001bF\006)1\000\000\302\000<"
  13      60606001 
  13      62460629 
  13      310000C2 
  13      003C
  14              		.text
  15              		.section	.gnu.lto_.icf.4617243eba165780,"",%progbits
  16 0000 789C6363 		.ascii	"x\234cc``\220b@\000\026\206\333\333\226\254be\354\\"
  16      60609062 
  16      40001686 
  16      DBDB96AC 
  16      6265EC5C 
  17 0014 F7E12E13 		.ascii	"\367\341.\023\323\243\203\263\367\3603/z\275\367\005"
  17      D3A383B3 
  17      F7F0332F 
  17      7ABDF705 
  18 0024 330300A6 		.ascii	"3\003\000\246U\014S"
  18      550C53
  19              		.text
  20              		.section	.gnu.lto_.jmpfuncs.4617243eba165780,"",%progbits
  21 0000 789C6363 		.ascii	"x\234cc``\320a@\000\026\006&FF\346\3729\314\014 \314"
  21      6060D061 
  21      40001606 
  21      264646E6 
  21      FA39CC0C 
  22 0016 0804209A 		.ascii	"\010\004 \232\011Y\220\031*\310\000\000\237-\007\005"
  22      09599019 
  22      2AC80000 
  22      9F2D0705 
  23              		.text
  24              		.section	.gnu.lto_.inline.4617243eba165780,"",%progbits
  25 0000 789C4D8C 		.ascii	"x\234M\214\321\021\2000\014B!\215i\364\307\021\352\004"
  25      D1118030 
  25      0C42218D 
  25      69F4C711 
  25      EA04
  26 0012 2ED9453A 		.ascii	".\331E:\222\2438\202\261\236U>\270\343\036`\000*>)\260"
  26      92A33882 
  26      B19E553E 
  26      B8E31E60 
  26      002A3E29 
  27 0027 CC146E8C 		.ascii	"\314\024n\214p\233\332\271\303Z\021\310\261*\"y\020"
  27      709BDAB9 
  27      C35A11C8 
  27      B12A2279 
ARM GAS  /var/folders/qd/4mxf5pkd0zdf0b9dd1hp39180000gn/T//ccoviVai.s 			page 2


  27      10
  28 0038 07E199EC 		.ascii	"\007\341\231\354\225\244\255<\225\240\332O\004\223\222"
  28      95A4AD3C 
  28      95A0DA4F 
  28      049392
  29 0047 FD25C5EE 		.ascii	"\375%\305\356w\020J\310\366N\007\034S\\\2260\015\244"
  29      77104AC8 
  29      F64E071C 
  29      535C9630 
  29      0DA4
  30              		.text
  31              		.section	.gnu.lto_.pureconst.4617243eba165780,"",%progbits
  32 0000 789C6363 		.ascii	"x\234cc``\340\004b\026\006)F)&)f)\000\002\304\000\202"
  32      6060E004 
  32      62160629 
  32      46292629 
  32      66290002 
  33              		.text
  34              		.section	.gnu.lto_nvicEnableVector.4617243eba165780,"",%progbits
  35 0000 789C9D53 		.ascii	"x\234\235S\317KTQ\024\276\337;\357\207\243\316,\332"
  35      CF4B5451 
  35      14BEDF3B 
  35      EF87A3CE 
  35      2CDA
  36 0012 45522E82 		.ascii	"ER.\202A\204y\011\375\003\321\332\026\375\007\341&!"
  36      41847909 
  36      FD03D1DA 
  36      16FD07E1 
  36      2621
  37 0024 674443DA 		.ascii	"gDC\332yg\306f\264\004\005G\203\341\021#\215\375 \312"
  37      7967C666 
  37      B4040547 
  37      83E11123 
  37      8DFD20CA 
  38 0038 42ADC6B2 		.ascii	"B\255\306\262^\223\226\021&\211\264kQJ\241\221\324\254"
  38      5E939611 
  38      2689B46B 
  38      514AA191 
  38      D4AC
  39 004a 82D43AF7 		.ascii	"\202\324:\367>\243\350\307\242.\357\236w\3569\347\273"
  39      3EA3E8C7 
  39      A22EEF9E 
  39      77EE39E7 
  39      BB
  40 005b E7FBEE7D 		.ascii	"\347\373\356}\317\026B\034!!\016\362{\017O\220\2001"
  40      CF16421C 
  40      21210EF2 
  40      7B0F4F90 
  40      8031
  41 006d F85C8864 		.ascii	"\370\\\210d\225\001(GVAt\033\350F?\345\010\345\354\333"
  41      95012847 
  41      5641741B 
  41      E8463FE5 
  41      08E5ECDB 
  42 0081 92D17049 		.ascii	"\222\321pI\362\360\317Uv\313\313><\206\217\360T\003"
  42      F2F0CF55 
  42      76CBCB3E 
ARM GAS  /var/folders/qd/4mxf5pkd0zdf0b9dd1hp39180000gn/T//ccoviVai.s 			page 3


  42      3C868FF0 
  42      5403
  43 0093 1368E0AA 		.ascii	"\023h\340\252\027=7<:K\036\001&/?-\344W\"ji\240\236"
  43      173D373C 
  43      3A4B1E01 
  43      262F3F2D 
  43      E457226A 
  44 00aa 975B3237 		.ascii	"\227[27\022\241\030\004\373\253\317.\014:\3211)S\322"
  44      12A11804 
  44      FBABCF2E 
  44      0C3AD131 
  44      2953D2
  45 00bd 9F2D92DC 		.ascii	"\237-\222\334\357\021\341\026\2107\304\024\3520\211"
  45      EF11E116 
  45      8837C414 
  45      EA3089
  46 00cc 3AC12181 		.ascii	":\301!\201\333\210r\371\325\324\273\017D\0074\364\315"
  46      DB8872F9 
  46      D5D4BB0F 
  46      440734F4 
  46      CD
  47 00dd FCEB9CB5 		.ascii	"\374\353\234\265\003]\035\333\201\336\371\003\264\204"
  47      035D1DDB 
  47      81DEF903 
  47      B484
  48 00eb A8AEBFB9 		.ascii	"\250\256\277\271=\034\266\315\200+\246a\013\2603\276"
  48      3D1CB6CD 
  48      802BA661 
  48      0BB033BE 
  49 00fb 64F972FB 		.ascii	"d\371r\373kV\372\313\027\261e\205\301\030\323P\206\330"
  49      6B56FACB 
  49      17B16585 
  49      C118D350 
  49      86D8
  50 010d 58261BDB 		.ascii	"X&\033\333R\236\255\214\003\265[\010\212\216\020\275"
  50      529EAD8C 
  50      03B55B08 
  50      8A8E10BD 
  51 011d BC131F91 		.ascii	"\274\023\037\221\364E\037\031\312K\373b\035\251Jvf "
  51      F4451F19 
  51      CA4BFB62 
  51      1DA94A76 
  51      6620
  52 012f A21AE409 		.ascii	"\242\032\344\011yr8\224\376\230A\02008\366\363\0019"
  52      79723894 
  52      FE984110 
  52      3038F6F3 
  52      0139
  53 0141 30719789 		.ascii	"0q\227\211\256\243\274|f\315RE\234\0369]^tT\272J+\235"
  53      AEA3BC7C 
  53      66CD5245 
  53      9C1E395D 
  53      5E7454BA 
  54 0158 1CDDF85C 		.ascii	"\034\335\370\\\033,e9-#\034\232x?\264\342\024p>\311"
  54      1B2C6539 
  54      2D231C9A 
  54      783FB4E2 
ARM GAS  /var/folders/qd/4mxf5pkd0zdf0b9dd1hp39180000gn/T//ccoviVai.s 			page 4


  54      14703EC9 
  55 016c 1751D8EB 		.ascii	"\027Q\330\353Q\0103,\371\036\357\244\000s\375\311\321"
  55      5108332C 
  55      F91EEFA4 
  55      0073FDC9 
  55      D1
  56 017d 6AF79AEC 		.ascii	"j\367\232\354I\312z\217\252q\037\005\014\353+\342\344"
  56      49CA7A8F 
  56      AA711F05 
  56      0CEB2BE2 
  56      E4
  57 018e CBA5A989 		.ascii	"\313\245\251\211H\323\270J\026\342\036\325\340\001\334"
  57      48D3B84A 
  57      16E21ED5 
  57      E001DC
  58 019d 3C85F4F5 		.ascii	"<\205\364\365\371hb\216\212\361ffa`W\300\2318\313\270"
  58      F968628E 
  58      8AF16666 
  58      616057C0 
  58      9938CBB8 
  59 01b1 A1E2F552 		.ascii	"\241\342\365RX\261\260\260\017\0175g\326u\305\011\212"
  59      58B1B0B0 
  59      0F0F3567 
  59      D675C509 
  59      8A
  60 01c2 4C34D671 		.ascii	"L4\326q\251\012V2}V\020\264\002\344\323\342\364\246"
  60      A90A5632 
  60      7D5610B4 
  60      02E4D3E2 
  60      F4A6
  61 01d4 E66FC342 		.ascii	"\346o\303BY#\371\220\276#\025\370\027\375\377\242\256"
  61      5923F990 
  61      BE2315F8 
  61      17FDFFA2 
  61      AE
  62 01e5 168FB43A 		.ascii	"\026\217\264:\374\256\256\313\2430f\225:K\253\233S\352"
  62      FCAEAECB 
  62      A3306695 
  62      3A4BAB9B 
  62      53EA
  63 01f7 ECA0D7AB 		.ascii	"\354\240\327\253\305\232\377j\366X73\376\322\354\311"
  63      C59AFF6A 
  63      F6583733 
  63      FED2ECC9 
  64 0207 8F66F341 		.ascii	"\217f\363A\263\015\244\012_t+\375\203\3642O\376P\030"
  64      B30DA40A 
  64      5F742BFD 
  64      83F4324F 
  64      FE5018
  65 021a DF188BB9 		.ascii	"\337\030\213\271\301\223\350t\217\037;\341\266':Nv\272"
  65      C193E874 
  65      8F1F3BE1 
  65      B6273A4E 
  65      76BA
  66 022c 2D89B6B6 		.ascii	"-\211\266\266D\334=t\264\371p\363)7\336\325\332\022"
  66      44DC3D74 
  66      B4F970F3 
ARM GAS  /var/folders/qd/4mxf5pkd0zdf0b9dd1hp39180000gn/T//ccoviVai.s 			page 5


  66      2937DED5 
  66      DA12
  67 023e 6B11889B 		.ascii	"k\021\210\233\355\035\255\211o\247\372\031\260"
  67      ED1DAD89 
  67      6FA7FA19 
  67      B0
  68              		.text
  69              		.section	.gnu.lto_nvicDisableVector.4617243eba165780,"",%progbits
  70 0000 789C9552 		.ascii	"x\234\225RKkSQ\020\236\357\314}\244M\233\265`\320.\204"
  70      4B6B5351 
  70      109EEFCC 
  70      7DA44D9B 
  70      B560D02E 
  71 0015 520AB9E4 		.ascii	"R\012\271\344'\210\340\256\033\377\201d\243`\023i\245"
  71      2788E0AE 
  71      1BFF8164 
  71      A3601369 
  71      A5
  72 0026 B8EB49D2 		.ascii	"\270\353I\322&\255fQh\033%\\\344\026#\342BkI\253\246"
  72      26AD6651 
  72      681B255C 
  72      E41623E2 
  72      426B49AB 
  73 003b BEAE292E 		.ascii	"\276\256).\304\027\026\361\007\330\342\023\212\026\027"
  73      C41716F1 
  73      07D8E213 
  73      8A1617
  74 004a 2EFA70CE 		.ascii	".\372p\316\275\012\202+\207{\316\235\2313\337|sf\216"
  74      BD0A822B 
  74      877BCE9D 
  74      9933DF7C 
  74      73668E
  75 005d 4344238A 		.ascii	"CD#\212\310\223\377AY`\202\232yETL(\300(:\001\032W\030"
  75      C893FF41 
  75      5960829A 
  75      7945544C 
  75      28C0283A 
  76 0075 478DE718 		.ascii	"G\215\347\030\235\352\207\266\032\270\256E\302K\015"
  76      9DEA87B6 
  76      1AB8AE45 
  76      C24B0D
  77 0084 A7A2270F 		.ascii	"\247\242'\017\370LT\227e\004-\014H\324\233\211\333>"
  77      F84C5497 
  77      65042D0C 
  77      48D49B89 
  77      DB3E
  78 0096 5F649F01 		.ascii	"_d\237\001K\314\357/\033\033)c*\364\211\271\253\347"
  78      4BCCEF2F 
  78      1B1B2963 
  78      2AF489B9 
  78      ABE7
  79 00a8 EA29CE80 		.ascii	"\352)\316\200D\337|~u\306\355\277\246uI\207/\232\254"
  79      44DF7C7E 
  79      75C6EDBF 
  79      A6754987 
  79      2F9AAC
  80 00bb 8FF8CCB8 		.ascii	"\217\370\314\270\003\226\204XA\032\313H\223\270\010"
ARM GAS  /var/folders/qd/4mxf5pkd0zdf0b9dd1hp39180000gn/T//ccoviVai.s 			page 6


  80      03968458 
  80      411ACB48 
  80      93B808
  81 00ca 77D16FE2 		.ascii	"w\321o\342\337/\355\315\367:VL\210{p\010\242,\256\333"
  81      DF2FEDCD 
  81      F73A564C 
  81      887B7008 
  81      A22CAEDB 
  82 00de A1DEDBAF 		.ascii	"\241\336\333\257\352p\263\211\326\361.\010\306R\262"
  82      EA70B389 
  82      D6F12E08 
  82      C652B2
  83 00ed D96C34CB 		.ascii	"\331l4\313l6\242\0344%H\271\227\016i\232\225\321\312"
  83      6C36A21C 
  83      342548B9 
  83      970E699A 
  83      95D1CA
  84 0100 217D4179 		.ascii	"!}Ay\247\262\273\024(\223\261\301h\260-\\\263\315[\355"
  84      A7B2BB14 
  84      2893B1C1 
  84      68B02D5C 
  84      B3CD5BED 
  85 0114 5E53B685 		.ascii	"^S\266\205\303hK!\022\366\255r\303\215\203\024\006\323"
  85      C3684B21 
  85      12F6AD72 
  85      C38D8314 
  85      06D3
  86 0126 126A9CDB 		.ascii	"\022j\234\333\225i;vr\214|\326\\\335\3511H\0336V#di"
  86      95693B76 
  86      728C7CD6 
  86      5CDDE931 
  86      481B3656 
  87 013d BBFA0769 		.ascii	"\273\372\007i\011X<\235\267\027>G0\001\324';\257]\003"
  87      09583C9D 
  87      B7173E47 
  87      3001D427 
  87      3BAF5D03 
  88 0151 70A2AE2C 		.ascii	"p\242\256,/l\375\354\211M\335)\353\224\270Z_g7\334\000"
  88      2F6CFDEC 
  88      894DDD29 
  88      EB94B85A 
  88      5F6737DC 
  89 0166 578AD2F9 		.ascii	"W\212\322\371\340\220\317.\036H{\356Kn\003xZ+.t{7\365"
  89      E090CF2E 
  89      1E487BEE 
  89      4B6E0378 
  89      5A2B2E74 
  90 017d 4451F7F9 		.ascii	"DQ\367\371\234\300C\004\230\217f\"\207\357\326WZ\251"
  90      9CC04304 
  90      988F6622 
  90      87EFD657 
  90      5AA9
  91 018f ECA2390C 		.ascii	"\354\2429\014\306|\356\302#xRj4\257\307\310JA\246\232"
  91      C67CEEC2 
  91      2378526A 
  91      34AFC7C8 
  91      4A41A69A 
ARM GAS  /var/folders/qd/4mxf5pkd0zdf0b9dd1hp39180000gn/T//ccoviVai.s 			page 7


  92 01a3 1F9F2EAF 		.ascii	"\037\237.\257%\177\227\363?d\335\010#2\374K\226\367"
  92      257F97F3 
  92      3F64DD08 
  92      2332FC4B 
  92      96F7
  93 01b5 39892786 		.ascii	"9\211'\206\314\216\310:\310\376}\327$\010k\222s\013"
  93      CC8EC83A 
  93      C8FE7DD7 
  93      24086B92 
  93      730B
  94 01c7 A5E0630D 		.ascii	"\245\340c\015\3214\215LI.\231\213\274\312\301L\306\213"
  94      D1348D4C 
  94      492E998B 
  94      BCCAC14C 
  94      C68B
  95 01d9 BFC2A877 		.ascii	"\277\302\250w\352\344\031\357la\344\334\250\227+\014"
  95      EAE419EF 
  95      6C61E4DC 
  95      A8972B0C 
  96 01e9 0F17F2DE 		.ascii	"\017\027\362\336\321\023C\307\206\316{\371\261\323\271"
  96      D11343C7 
  96      86CE7BF9 
  96      B1D3B9
  97 01f8 4C8E90FF 		.ascii	"L\216\220\377\005D\312\324\370"
  97      0544CAD4 
  97      F8
  98              		.text
  99              		.section	.gnu.lto_nvicSetSystemHandlerPriority.4617243eba165780,"",%progbits
 100 0000 789C6D51 		.ascii	"x\234mQ\315KTQ\024?\277{\336{\363\012\262\255\224\013"
 100      CD4B5451 
 100      143FBF7B 
 100      DE7BF30A 
 100      B2AD940B 
 101 0014 17C120C1 		.ascii	"\027\301 \301<\334\264h\027m\332\270\361?\220IP\320"
 101      3CDCB468 
 101      176DDAB8 
 101      F13F9049 
 101      50D0
 102 0026 79328AB4 		.ascii	"y2\212\264\363\316\214:f\005\242\243\306\360\210\267"
 102      F3CE8C3A 
 102      6605A2A3 
 102      C6F088B7 
 103 0036 1195080B 		.ascii	"\021\225\010\013\263\032\035\3551\2536}8D\220\320\242"
 103      B31A1DED 
 103      31AB367D 
 103      384490D0 
 103      A2
 104 0047 0F14268A 		.ascii	"\017\024&\212>\\\264\262\316}N\320\242\313\3758_\277"
 104      3E5CB4B2 
 104      CE7D4ED0 
 104      A2CBFD38 
 104      5FBF
 105 0059 737FE71C 		.ascii	"s\177\347\034\207\210~\202\350\242\274g\345\200\011"
 105      87887E82 
 105      E8A2BC67 
 105      E58009
 106 0068 6AE60551 		.ascii	"j\346\005Q\316U\200\021\264\013\032S\030\303M.1j\305"
ARM GAS  /var/folders/qd/4mxf5pkd0zdf0b9dd1hp39180000gn/T//ccoviVai.s 			page 8


 106      CE558011 
 106      B40B1A53 
 106      18C34D2E 
 106      316AC5
 107 007b FD8AEA58 		.ascii	"\375\212\352X\326\262\242\305\2723\251'Z\003&Z\220c"
 107      D6B2A2C5 
 107      BA33A927 
 107      5A03265A 
 107      9063
 108 008d 16D6D121 		.ascii	"\026\326\321!Q\273\343\367\003\276\301\001\003\226\250"
 108      51BBE3F7 
 108      03BEC101 
 108      0396A8
 109 009c DF9F973F 		.ascii	"\337\237\227?\266\030U\241]\324\302\334N\325\345\024"
 109      B61855A1 
 109      5DD4C2DC 
 109      4ED5E514 
 110 00ac 48E4FAFA 		.ascii	"H\344\372\372\355+\311%\255\363:\372\264\304\372\\\300"
 110      ED2BC925 
 110      ADF33AFA 
 110      B4C4FA5C 
 110      C0
 111 00bd 8C4760C9 		.ascii	"\214G`\311\207\015\264\341!\332HL\204\307HJ\364\335"
 111      870DB4E1 
 111      21DA484C 
 111      84C7484A 
 111      F4DD
 112 00cf FCC117E6 		.ascii	"\374\301\027\346\0131\362\303\263\367%\273\011=\\nB"
 112      0B31F2C3 
 112      B3F725BB 
 112      093D5C6E 
 112      42
 113 00e0 9FFC075A 		.ascii	"\237\374\007ZA2\216\177p4\177\312\261\302\277l\261\011"
 113      41328E7F 
 113      70347FCA 
 113      B1C2BF6C 
 113      B109
 114 00f2 87A4725A 		.ascii	"\207\244rZ\253\333\221>\372]\024\006\255{\237\335\004"
 114      ABDB913E 
 114      FA5D1406 
 114      AD7B9FDD 
 114      04
 115 0103 04662973 		.ascii	"\004f)s\011}\001\3330\277\023M\011J\032\242#\272\316"
 115      097D01DB 
 115      30BF134D 
 115      094A1AA2 
 115      23BACE
 116 0116 CA488588 		.ascii	"\312H\205\210\032\310\377(\276\333\250\302d+3\312\362"
 116      1AC8FF28 
 116      BEDBA8C2 
 116      642B33CA 
 116      F2
 117 0127 6103856F 		.ascii	"a\003\205o\223M\203\022\333\277\375\260aaK\2105P{=\375"
 117      934D8312 
 117      DBBFFDB0 
 117      61614B88 
 117      35507B3D 
ARM GAS  /var/folders/qd/4mxf5pkd0zdf0b9dd1hp39180000gn/T//ccoviVai.s 			page 9


 118 013c D63641E2 		.ascii	"\3266A\342^\230\250\275L\030\267\023W\226\253TK\366"
 118      5E98A8BD 
 118      4C18B713 
 118      5796AB54 
 118      4BF6
 119 014e B1AAF70A 		.ascii	"\261\252\367\012\272EL\215\335\303Wv\210;9\351{x&\340"
 119      BA454C8D 
 119      DDC35776 
 119      883B39E9 
 119      7B7826E0 
 120 0162 04B6A5C4 		.ascii	"\004\266\245\304\252d2\200\331\351\325\325\223\336="
 120      AA643280 
 120      D9E9D5D5 
 120      93DE3D
 121 0171 3D9ED3ED 		.ascii	"=\236\323\355\001\273\330A\210\371x\"\342|\263\362k"
 121      01BBD841 
 121      88F97822 
 121      E27CB3F2 
 121      6B
 122 0182 F174E79A 		.ascii	"\361t\347\232q\206\231\200O\340)\2742\333\361\264\""
 122      71869980 
 122      4FE029BC 
 122      32DBF1B4 
 122      22
 123 0193 740A47FA 		.ascii	"t\012G\372\212|\270u+\246\034Oq\212a\352SD\347S)\357"
 123      8A7CB875 
 123      2BA61C4F 
 123      718A61EA 
 123      5344E753 
 124 01a9 78FBC35E 		.ascii	"x\373\303^_\317\2007\344gG\206\275\264?8\350g\274K\335"
 124      5FCF8037 
 124      E4674786 
 124      BDB43F38 
 124      E867BC4B 
 125 01be 5D97BBAE 		.ascii	"]\227\273\256y\231\321\376t*M\211\276\236\314\325\201"
 125      7999D1FE 
 125      742A4D89 
 125      BE9ECCD5 
 125      81
 126 01cf DEAC3594 		.ascii	"\336\2545\224\355\367\377\000%\355\2619"
 126      EDF7FF00 
 126      25EDB139 
 127              		.text
 128              		.section	.gnu.lto_nvicClearPending.4617243eba165780,"",%progbits
 129 0000 789C3551 		.ascii	"x\2345Q\317KTQ\024>\337=\357\307\024:\353\240\241\\"
 129      CF4B5451 
 129      143EDF3D 
 129      EFC7143A 
 129      EBA0A15C 
 130 0014 0422C25C 		.ascii	"\004\"\302\\\374\023\302E+7\375\0071\033\203\234\211"
 130      FC13C245 
 130      2B37FD07 
 130      311B839C 
 130      89
 131 0025 0C69E79D 		.ascii	"\014i\347\235\031\235\321\2240\324\011\206\207<q\"Z"
 131      199DD194 
 131      30D40986 
ARM GAS  /var/folders/qd/4mxf5pkd0zdf0b9dd1hp39180000gn/T//ccoviVai.s 			page 10


 131      873C7122 
 131      5A
 132 0036 94C56836 		.ascii	"\224\305h6\366\3531\344B\242\"\211V\2552\004\013$\005"
 132      F6EB31E4 
 132      42A22289 
 132      56AD3204 
 132      0B2405
 133 0049 2142AD73 		.ascii	"!B\255s\337\243\303\375q\316\271\347;\367\273\337\365"
 133      DFA3C3FD 
 133      71CEB9E7 
 133      3BF7BBDF 
 133      F5
 134 005a 88E81044 		.ascii	"\210\350\020DZ\366\2632\301\0045\363\201\250\230R\200"
 134      5AF6B332 
 134      C10435F3 
 134      81A89852 
 134      80
 135 006b 754C0A34 		.ascii	"uL\0124\2520\212i\236c\264\253;-\325\363\300\210E\367"
 135      AA308A69 
 135      9E63B4AB 
 135      3B2DD5F3 
 135      C08845F7 
 136 007f FE781533 		.ascii	"\376x\0253~&`\242\232Lkh\242G\252>\215=\011x\212\003"
 136      7E2660A2 
 136      9A4C6B68 
 136      A247AA3E 
 136      8D3D0978 
 137 0095 061C09F7 		.ascii	"\006\034\011\367\337\327\267\3236T\350\222\360\330\314"
 137      DFD7B7D3 
 137      3654E892 
 137      F0D8CC
 138 00a4 D5D29C05 		.ascii	"\325\322\234\005\211\377\375\335\322\214\337}\337\230"
 138      89FFFDDD 
 138      D28CDF7D 
 138      DF98
 139 00b2 9289DE36 		.ascii	"\222\211\3366\330\\\010\230\361\014,\015\261\212\014"
 139      D85C0898 
 139      F10C2C0D 
 139      B18A0C
 140 00c1 56902149 		.ascii	"V\220!I\021\326\320m\353\277==\231\357\364\234\344B"
 140      11D6D06D 
 140      EBBF3D3D 
 140      99EFF49C 
 140      E442
 141 00d3 3C874742 		.ascii	"<\207GB\236\226\267\334\310\234\374\255\232\350k\003"
 141      9E96B7DC 
 141      C89CFCAD 
 141      9AE86B03 
 142 00e3 772F09E3 		.ascii	"w/\011\343\200\035%\213\313\326s\354\342\"\356A\023"
 142      801D258B 
 142      CBD673EC 
 142      E222EE41 
 142      13
 143 00f4 82947799 		.ascii	"\202\224w\231\210&YY\257\034\321\017\224\217*\307k\241"
 143      88265959 
 143      AF1CD10F 
 143      948F2AC7 
ARM GAS  /var/folders/qd/4mxf5pkd0zdf0b9dd1hp39180000gn/T//ccoviVai.s 			page 11


 143      6BA1
 144 0106 B21DEB8C 		.ascii	"\262\035\353\214:\273r\327l\343q\253\323\322vp\036-"
 144      3ABB72D7 
 144      6CE371AB 
 144      D3D27670 
 144      1E2D
 145 0118 212265BF 		.ascii	"!\"e\277*\017\375\244H\2417#\2456yP\231t\223$'\310\315"
 145      2A0FFDA4 
 145      48A13723 
 145      A5367950 
 145      99749324 
 146 012f C6FA5187 		.ascii	"\306\372Q\207E\272p\261\036#K\007\325\377HG\300\222"
 146      45BA70B1 
 146      1E234B07 
 146      D5FF4847 
 146      C092
 147 0141 697FBEBD 		.ascii	"i\177\276\275\033\303\004P\033o\177\364-\300\213UYY"
 147      1BC30450 
 147      1B6F7FF4 
 147      2DC08B55 
 147      5959
 148 0153 DCFBDD91 		.ascii	"\334\373\335\221\204\246]6iI5\177\316n\373!\026\212"
 148      84A65D36 
 148      6949357F 
 148      CE6EFB21 
 148      168A
 149 0165 A27C782E 		.ascii	"\242|x.`\037/E\236\027\322\333\0026\246\213\213\247"
 149      601F2F45 
 149      9E17D2DB 
 149      0236A68B 
 149      8BA7
 150 0177 F5233356 		.ascii	"\365#3V4]\001\247\360\012!\346\343?\221\303/[\253\315"
 150      345D01A7 
 150      F00A21E6 
 150      E33F91C3 
 150      2F5BABCD 
 151 018b 74DFB23D 		.ascii	"t\337\262=\014G\002>\205\327\320B5\376\2577\350\023"
 151      0C47023E 
 151      85D7D042 
 151      35FEAF37 
 151      E813
 152 019d 42B48752 		.ascii	"B\264\207R\270t\007\261\240\326&\344a\"\215\"\352\315"
 152      B87407B1 
 152      A0D626E4 
 152      61228D22 
 152      EACD
 153 01af 6675320A 		.ascii	"fu2\012\303z\360\3125}\275p\343\346\260\316\025\206"
 153      C37AF0CA 
 153      357DBD70 
 153      E3E6B0CE 
 153      1586
 154 01c1 860A797D 		.ascii	"\206\012y}\361\362@\377\300-\235\037\271\232\313\346"
 154      F1F240FF 
 154      C02D9D1F 
 154      B99ACBE6 
 155 01d1 08F97F0B 		.ascii	"\010\371\177\013\343\254\267"
 155      E3ACB7
ARM GAS  /var/folders/qd/4mxf5pkd0zdf0b9dd1hp39180000gn/T//ccoviVai.s 			page 12


 156              		.text
 157              		.section	.gnu.lto_.symbol_nodes.4617243eba165780,"",%progbits
 158 0000 789C6363 		.ascii	"x\234cc``\360\002b\006\246\026\246z\006\206\011\347"
 158      6060F002 
 158      6206A616 
 158      A67A0686 
 158      09E7
 159 0012 181880D4 		.ascii	"\030\030\200\324\256\006G\240H+S=#\252H\033S=\023\252"
 159      AE0647A0 
 159      482B533D 
 159      23AA481B 
 159      533D13AA 
 160 0026 483B533D 		.ascii	"H;S=3\212\010\003\000\255\216\021\331"
 160      338A0803 
 160      00AD8E11 
 160      D9
 161              		.text
 162              		.section	.gnu.lto_.refs.4617243eba165780,"",%progbits
 163 0000 789C6363 		.ascii	"x\234cc```\004b\006\000\000D\000\010"
 163      60606004 
 163      62060000 
 163      440008
 164              		.text
 165              		.section	.gnu.lto_.decls.4617243eba165780,"",%progbits
 166 0000 789CC559 		.ascii	"x\234\305YkTT\327\025\236s\317\000\303\333\"\253\261"
 166      6B5454D7 
 166      159E73CF 
 166      00C3DB22 
 166      ABB1
 167 0012 295D4D5D 		.ascii	")]M]f\205\266\201Q\223\324\374jCF\254\3740e\015\306"
 167      6685B681 
 167      5193D4FC 
 167      6A4346AC 
 167      FC30650D 
 168 0027 D524AB99 		.ascii	"\325$\253\231\020\234DR^\005\354\212\277z\021\214(j"
 168      109C4452 
 168      5E05EC8A 
 168      BF7A118C 
 168      286A
 169 0039 40092A62 		.ascii	"@\011*bx\372\004\025\242\202\212\350\000\362\020\004"
 169      78FA0415 
 169      A2828AE8 
 169      00F21004 
 170 0049 0D888A3C 		.ascii	"\015\210\212<\006\021\020\021\221\207\212 J\367y\334"
 170      06111011 
 170      91878A20 
 170      4AF779DC 
 171 0059 99CB95B1 		.ascii	"\231\313\225\261\371\321\325\336\345\236;\373\234\357"
 171      F9D1D5DE 
 171      E59E3BFB 
 171      9CEF
 172 0067 ECF39DBD 		.ascii	"\354\363\235\275\317\331g\017\332\253T\252\340_\250"
 172      CFD9670F 
 172      DAAB54AA 
 172      E05FA8
 173 0076 54AE58A5 		.ascii	"T\256X\245\312B*\3254<v\320V\016\002\252\252L\305\036"
 173      CA422AD5 
ARM GAS  /var/folders/qd/4mxf5pkd0zdf0b9dd1hp39180000gn/T//ccoviVai.s 			page 13


 173      343C76D0 
 173      560E02AA 
 173      AA4CC51E 
 174 008a 35480D48 		.ascii	"5H\015H=H\003\310e\325\213\317\2670\300\015\336\237"
 174      3D4803C8 
 174      65D58BCF 
 174      B730C00D 
 174      DE9F
 175 009c 81788078 		.ascii	"\201x\200x\362\361^ o\200|\014\362\021\310o\000\367"
 175      F2F15E20 
 175      6F807C0C 
 175      F211C86F 
 175      00F7
 176 00ae 6B907EF8 		.ascii	"k\220~\370~\007\344\011\3108\010PP\315\201v/\020w\304"
 176      7E07E409 
 176      C8380850 
 176      50CD8176 
 176      2F1077C4 
 177 00c2 E6AF9965 		.ascii	"\346\257\231e\236\235\320\3412\313<\322\034\222}\311"
 177      9E9DD0E1 
 177      32CB3CD2 
 177      1C927DC9 
 178 00d2 AE348F00 		.ascii	"\2564\217\0002\027\2619\020_\213\362\331\003\035N6\326"
 178      3217B139 
 178      105F8BF2 
 178      D9031D4E 
 178      36D6
 179 00e4 40B84743 		.ascii	"@\270GC\177\024\310\007\210\331$v>\342\366\032\270\036"
 179      7F14C807 
 179      88D92476 
 179      3EE2F61A 
 179      B81E
 180 00f6 8766DACC 		.ascii	"\207f\332\314\264a\323\026_2\334\213\333\234\315\317"
 180      B461D316 
 180      5F32DC8B 
 180      DB9CCDCF 
 181 0106 A91875D4 		.ascii	"\251\030u\324\036\312\307I\030\275\341\204H\304\334"
 181      1ECAC749 
 181      18BDE184 
 181      48C4DC
 182 0115 A1E9D8E0 		.ascii	"\241\351\330\340\351\011W\326D\020M\345\251\256X\240"
 182      E90957D6 
 182      44104DE5 
 182      A9AE58A0 
 183 0125 5FBB0A12 		.ascii	"_\273\012\022z\035}\013D\366h\376\246B'\021\226,5};"
 183      7A1D7D0B 
 183      44F668FE 
 183      A6422711 
 183      962C357D 
 184 013a 9AE780FF 		.ascii	"\232\347\200\377@\201?&\024f\020\253\036NH\015\352H"
 184      40813F26 
 184      146610AB 
 184      1E4E480D 
 184      EA48
 185 014c 43FA6D37 		.ascii	"C\372m7P=\235\320k\251X0\267>mwCN\336\211\242\270^\314"
 185      503D9DD0 
 185      6BA95830 
ARM GAS  /var/folders/qd/4mxf5pkd0zdf0b9dd1hp39180000gn/T//ccoviVai.s 			page 14


 185      B73E6D77 
 185      434EDE89 
 186 0164 8A171D97 		.ascii	"\212\027\035\227\253\320i\344\205N!/\025*E\336d\346"
 186      ABD069E4 
 186      854E212F 
 186      152A45DE 
 186      64E6
 187 0176 62E4AB42 		.ascii	"b\344\253B'\240\36184\356'\323\231.\357\372\343\356"
 187      27A0F138 
 187      34EE27D3 
 187      992EEFFA 
 187      E3EE
 188 0188 51517C0D 		.ascii	"QQ|\015\235AN\250\004a\212\201\305\275\341\304\010\034"
 188      9D414EA8 
 188      04618A81 
 188      C5BDE1C4 
 188      081C
 189 019a CA4BC9B1 		.ascii	"\312K\311\261\307-\2100\020J\367\364V\011\266\3468g"
 189      C72D8830 
 189      104AF7F4 
 189      5609B6E6 
 189      3867
 190 01ac 738EF1D2 		.ascii	"s\216\361\322\371\325\033DQ@e0\307Y\353\0340%yA+Lt\246"
 190      F9D51B44 
 190      51406530 
 190      C759EB1C 
 190      30257941 
 191 01c4 BCECBCB3 		.ascii	"\274\354\274\263\031u \330\007h\016]?B\354\023\336D"
 191      197520D8 
 191      07680E5D 
 191      3F42EC13 
 191      DE44
 192 01d6 A83E2D3D 		.ascii	"\250>-=\210\265C\253\300^\034J\024i\010\262\264\010"
 192      88B543AB 
 192      C05E1C4A 
 192      146908B2 
 192      B408
 193 01e8 DC8620D9 		.ascii	"\334\206 \331\245\377\270\001$\267\312\372\331t\322"
 193      A5FFB801 
 193      24B7CAFA 
 193      D974D2
 194 01f7 C3A2CEBE 		.ascii	"\303\242\316\276\310\306\261&\301:\231l\310\013\\U\226"
 194      C8C6B126 
 194      C13A996C 
 194      C80B5C55 
 194      96
 195 0208 6E0B29EB 		.ascii	"n\013)\353\"\021\017w\313\340\226\243.]\250\023za;'"
 195      22110F77 
 195      CBE096A3 
 195      2E5DA813 
 195      7A613B27 
 196 021c 6BC269E0 		.ascii	"k\302i\340\367\\\355\316\025\360\035\266]j\016\236,"
 196      F75CEDCE 
 196      15F01DB6 
 196      5D6A0E9E 
 196      2C
 197 022d 476A81F9 		.ascii	"Gj\201\371\015E\250I[\375\370\201\363jK[\005\242\215"
ARM GAS  /var/folders/qd/4mxf5pkd0zdf0b9dd1hp39180000gn/T//ccoviVai.s 			page 15


 197      0D45A849 
 197      5BFDF881 
 197      F36A4B5B 
 197      05A28D
 198 0240 55D3E326 		.ascii	"U\323\343&w\266]\004\262\223\206/\355uf\333e\016\331"
 198      77B65D04 
 198      B293862F 
 198      ED7566DB 
 198      650ED9
 199 0253 3DE73AD3 		.ascii	"=\347:\323\204yi$>\311\361\342\034\001}\366sT\005Q\273"
 199      84796924 
 199      3EC9F1E2 
 199      1C017DF6 
 199      73540551 
 200 0268 005153A1 		.ascii	"\000QS\241j4\017>+\221\232\321*Jz\266Q3?K\314\352\022"
 200      6A340F3E 
 200      2B919AD1 
 200      2A4A7AB6 
 200      51333F4B 
 201 027f 4D35E605 		.ascii	"M5\346\005wN\210\"\304ST\023\034*\267\006\264\234l\\"
 201      774E8822 
 201      C4535413 
 201      1C2AB706 
 201      B49C6C5C 
 202 0293 64425D08 		.ascii	"dB]\010\235GfXD\015\232OV\325Y6\214q\036\266\311\177"
 202      9D476658 
 202      440D9A4F 
 202      56D55936 
 202      8C711EB6 
 203 02a9 6773CE19 		.ascii	"gs\316\031W\233d\352(\231\213\022\231\351\326\362~7"
 203      579B64EA 
 203      28998B12 
 203      99E9D6F2 
 203      7E37
 204 02bb 4E66605E 		.ascii	"Nf`^\272hZ/\222\275\005(Tk\245R\253\244RO\251\024=\271"
 204      BA685A2F 
 204      92BD0528 
 204      546BA552 
 204      ABA4524F 
 205 02d3 178F7131 		.ascii	"\027\217q1\243\262#!%\325\221[\252{\325b\211,\352\222"
 205      A3B22321 
 205      25D5915B 
 205      AA7BD562 
 205      892CEA92 
 206 02e7 D5D225A5 		.ascii	"\325\322%\245\245\006j\251\354\300\316\000\334\314\014"
 206      A5066AA9 
 206      ECC0CE00 
 206      DCCC0C
 207 02f6 8D9C8DFB 		.ascii	"\215\234\215\373\253\304\350\2273\0305Z\3554*\355\\"
 207      ABC4E897 
 207      3318355A 
 207      ED342AED 
 207      5C
 208 0307 A6760A5A 		.ascii	"\246v\012Z2K]X\230D/b\253|\343\011\256\017;\200\236"
 208      324B5D58 
 208      98442F62 
 208      AB7CE309 
ARM GAS  /var/folders/qd/4mxf5pkd0zdf0b9dd1hp39180000gn/T//ccoviVai.s 			page 16


 208      AE0F3B80 
 209 031c 7AE47609 		.ascii	"z\344v\011bz\262'\350\375-\007\322]Y\034\305l\004\015"
 209      627AB227 
 209      E8FD2D07 
 209      D25D591C 
 209      C56C040D 
 210 0330 7BA7A612 		.ascii	"{\247\246\022\324\270\2071\271u\355y=\317\021\361vd"
 210      D4B88731 
 210      B975ED79 
 210      3DCF11F1 
 210      7664
 211 0342 67F4B67F 		.ascii	"g\364\266\177\347\352\224H<K\317+\351\220N\254\012]"
 211      E7EA9448 
 211      3C4BCF2B 
 211      E9904EAC 
 211      0A5D
 212 0354 23071069 		.ascii	"#\007\020i\275P\013\250\200\316O\3139\211=\222i\034"
 212      BD500BA8 
 212      80CE4FCB 
 212      39893D92 
 212      691C
 213 0366 44F13D35 		.ascii	"D\361=5\015Q3\300\233(\374:\362\220\006\021t\317\276"
 213      0D5133C0 
 213      9B28FC3A 
 213      F2900611 
 213      74CFBE
 214 0379 9E2C47CE 		.ascii	"\236,G\316\334\036\364oR\272s\3358sB\354J\312\226\035"
 214      DC1EF46F 
 214      52BA73DD 
 214      387342EC 
 214      4ACA961D 
 215 038d 6ACE94A4 		.ascii	"j\316\224\244\300m\327S\376\204\207\030\317\033E;\012"
 215      C06DD753 
 215      FE848718 
 215      CF1B453B 
 215      0A
 216 039e ED18F601 		.ascii	"\355\030\366\001\301\236I\277\226\356l\223g\207\304"
 216      C19E49BF 
 216      96EE6C93 
 216      6787C4
 217 03ad B39DF13C 		.ascii	"\263\235\361<\266\241\347\220\006F{A~E\262\344\352\305"
 217      B6A1E790 
 217      06467B41 
 217      7E45B2E4 
 217      EAC5
 218 03bf 92EB09D3 		.ascii	"\222\353\011\323\330\0215\036\2413\011EGz\276B\336N"
 218      D811351E 
 218      A1330945 
 218      477ABE42 
 218      DE4E
 219 03d1 52B6F3DD 		.ascii	"R\266\363\335\260\221\304\246\033\026\326e\215\215\027"
 219      B091C4A6 
 219      1B16D665 
 219      8D8D17
 220 03e0 5912CD6A 		.ascii	"Y\022\315jb\256\210\347\251\320[^h!\344\264[\220\323"
 220      62AE88E7 
 220      A9D05B5E 
ARM GAS  /var/folders/qd/4mxf5pkd0zdf0b9dd1hp39180000gn/T//ccoviVai.s 			page 17


 220      6821E4B4 
 220      5B90D3
 221 03f3 BC784E33 		.ascii	"\274xN3\003\235N6\377\241\314\203\027\\\361S6A\347\221"
 221      039D4E36 
 221      FFA1CC83 
 221      175CF153 
 221      3641E791 
 222 0407 078DD832 		.ascii	"\007\215\3302\003\344\272\3434\327\365\302\014\267\255"
 222      03E4BAE3 
 222      34D7F5C2 
 222      0CB7AD
 223 0416 3374231B 		.ascii	"3t#\033S\364\314>E\2139\255\315\331\032\012D\355\335"
 223      53F4CC3E 
 223      458B39AD 
 223      CDD91A0A 
 223      44EDDD
 224 0429 84FE56EA 		.ascii	"\204\376V\352\221>\032\212\016)\024\353/l\272\207\210"
 224      913E1A8A 
 224      0E2914EB 
 224      2F6CBA87 
 224      88
 225 043a FBE27F9A 		.ascii	"\373\342\177\232\365]U\023\017\324r\353w^f\275\330\234"
 225      F55D5513 
 225      0FD472EB 
 225      775E66BD 
 225      D89C
 226 044c BA896FC9 		.ascii	"\272\211o\311,r\363\234\351\030193\275\213\270\177b"
 226      2C72F39C 
 226      E9183139 
 226      33BD8BB8 
 226      7F62
 227 045e 70578B86 		.ascii	"pW\213\206\007\332\015\364\312\261\214\021\027\034\257"
 227      07DA0DF4 
 227      CAB18C11 
 227      171CAF
 228 046d A6C1A868 		.ascii	"\246\301\250h+K\344\221^\002\352\245m\247{mo\310!)\320"
 228      2B4BE491 
 228      5E02EAA5 
 228      6DA77B6D 
 228      6FC82129 
 229 0482 F719CFE7 		.ascii	"\367\031\317\347Y\031\327\004\345\206\274\007\360\001"
 229      5919D704 
 229      E586BC07 
 229      F001
 230 0490 0A7F4079 		.ascii	"\012\177@y\016I<w\336\237x\225\357G\371\005\351A/Ht"
 230      0E493C77 
 230      DE9F7895 
 230      EF47F905 
 230      E9412F48 
 231 04a5 B4FF7C86 		.ascii	"\264\377|\206\023gI\022be\363\236|\007\274\225\261|"
 231      13674912 
 231      6265F39E 
 231      7C07BC95 
 231      B17C
 232 04b7 B879C338 		.ascii	"\270y\3038?7\344\320\365\324\215\376\340f\223\345#\211"
 232      3F37E4D0 
 232      F5D48DFE 
ARM GAS  /var/folders/qd/4mxf5pkd0zdf0b9dd1hp39180000gn/T//ccoviVai.s 			page 18


 232      E06693E5 
 232      2389
 233 04c9 E543C632 		.ascii	"\345C\3062c`l\332M\311r\024\340#\024\376\230\262|$\261"
 233      63606CDA 
 233      4DC97214 
 233      E02314FE 
 233      98B27C24 
 234 04de DCD554E4 		.ascii	"\334\325T\344\317B\365SnP\030\320|n\362\262\273\334"
 234      CF42F553 
 234      6E5018D0 
 234      7C6EF2B2 
 234      BBDC
 235 04f0 FCF8CBCC 		.ascii	"\374\370\313\314\217\027?m\343\253\316\302dk\224\266"
 235      8F173F6D 
 235      E3ABCEC2 
 235      646B94B6 
 236 0500 A6F06BA0 		.ascii	"\246\360k\240K~j=\371\251\215\353/\334\210\361v\346"
 236      4B7E6A3D 
 236      F9A98DEB 
 236      2FDC88F1 
 236      76E6
 237 0512 86B19D1B 		.ascii	"\206\261\235\0336i\030\370\025P\263\217\015\015jl\272"
 237      366918F8 
 237      1550B38F 
 237      0D0D6A6C 
 237      BA
 238 0523 E1B9E486 		.ascii	"\341\271\344\206g\214\347\263\012s\216\273\322\015O"
 238      678CE7B3 
 238      0A738EBB 
 238      D20D4F
 239 0532 013E49E1 		.ascii	"\001>I\341\323\224\347s\211\347\211\262\221}R\366 <"
 239      D394E773 
 239      89E789B2 
 239      917D52F6 
 239      203C
 240 0544 7BF3BB73 		.ascii	"{\363\273s\235p\006\343q\330\224T\313\303\221Eb5\275"
 240      9D7006E3 
 240      71D89454 
 240      CBC39145 
 240      6235BD
 241 0557 6778AF0B 		.ascii	"gx\257\013\316f\235R =x /\337-.\022p>\353|fNNv\340#"
 241      CE669D52 
 241      203D7820 
 241      2FDF2D2E 
 241      12703EEB 
 242 0572 C9DE34B7 		.ascii	"\311\3364\267\266\024\271\340B\326Y\334w\261Z\032I:"
 242      B614B9E0 
 242      42D659DC 
 242      77B15A1A 
 242      493A
 243 0584 371DEB4E 		.ascii	"7\035\353N\262\303\247Y\347\255\216;\233\335\3609\246"
 243      B2C3A759 
 243      E7AD8E3B 
 243      9BDDF039 
 243      A6
 244 0595 D454AFFF 		.ascii	"\324T\257\377\012\327\262\357\365\267\023\336d\203\022"
 244      0AD7B2EF 
ARM GAS  /var/folders/qd/4mxf5pkd0zdf0b9dd1hp39180000gn/T//ccoviVai.s 			page 19


 244      F5B713DE 
 244      648312
 245 05a4 4882AECA 		.ascii	"H\202\256\312+\312\304\314\201Yt\373\037/\337\034\357"
 245      2BCAC4CC 
 245      815974FB 
 245      1F2FDF1C 
 245      EF
 246 05b5 8E1B28D8 		.ascii	"\216\033(\330\335<\031ovA\013\3303w\2017}\347\210\011"
 246      DD3C196F 
 246      76410BD8 
 246      33778137 
 246      7DE78809 
 247 05c9 71A2E97A 		.ascii	"q\242\351z:>\234_\007\256\254@\350\011\362@I\002Fi\302"
 247      3A3E9C5F 
 247      07AEAC40 
 247      E809F240 
 247      49024669 
 248 05de 5C4B28C1 		.ascii	"\\K(\301\225\340\240E\244\226e\003\272?\201\2178H\371"
 248      95E0A045 
 248      A4966503 
 248      BA3F818F 
 248      3848F9
 249 05f1 006E430C 		.ascii	"\000nC\014,\035Rt\003\311\320$\363\324\021t\002&~FS"
 249      2C1D5274 
 249      03C9D024 
 249      F3D41174 
 249      02267E46 
 250 0606 1C2D791F 		.ascii	"\034-y\037M \205\355&\216&D\306\220\202\310\260\022"
 250      4D2085ED 
 250      268E2644 
 250      C69082C8 
 250      B012
 251 0618 DDFDB115 		.ascii	"\335\375\261\025\275II;QP0\231\374\330\312$^P0Y/G'\304"
 251      BD49493B 
 251      51503099 
 251      FCD8CA24 
 251      5E503059 
 252 0630 8BA6D14F 		.ascii	"\213\246\321O\322)\232\354\352m\034m9\022W\254LR\370"
 252      D2299AEC 
 252      EA6D1C6D 
 252      391257AC 
 252      4C52F8
 253 0643 C612A110 		.ascii	"\306\022\241\020@[\005/\264\205Z\"p81h\227\340\215\276"
 253      405B052F 
 253      B4855A22 
 253      70383168 
 253      97E08DBE 
 254 0657 1516A074 		.ascii	"\025\026\240t\220\035 ;A\366\202\244\202d\200\244\200"
 254      901D203B 
 254      41F682A4 
 254      826480A4 
 254      80
 255 0668 6C07D903 		.ascii	"l\007\331\003\222\014\262\033\344;a\001\255\301\030"
 255      920CB21B 
 255      E43B6101 
 255      ADC118
 256 0677 ED0119ED 		.ascii	"\355\001\031\355\215J\332\337Xi\263D_}\323#\016\270"
ARM GAS  /var/folders/qd/4mxf5pkd0zdf0b9dd1hp39180000gn/T//ccoviVai.s 			page 20


 256      8D4ADADF 
 256      5869B344 
 256      5F7DD323 
 256      0EB8
 257 0689 10948A27 		.ascii	"\020\224\212'y\253\251\2416\217\355\242X\273\220\\\231"
 257      79ABA9A1 
 257      368FEDA2 
 257      58BB905C 
 257      99
 258 069a E82A77AF 		.ascii	"\350*w\257t\221\242\037\225\241\273)\233y\263r\346\221"
 258      7491A21F 
 258      95A1BB29 
 258      9B79B372 
 258      E691
 259 06ac 17D03C74 		.ascii	"\027\320<t\220\375\320 \267-\345DtW\031\272\012Y\240"
 259      90FDD020 
 259      B72DE544 
 259      745719BA 
 259      0A59A0
 260 06bf E394A113 		.ascii	"\343\224\241\023\005\005zT\026\350\015Jt\202\025Mr\363"
 260      05057A54 
 260      16E80D4A 
 260      7482154D 
 260      72F3
 261 06d1 35F30584 		.ascii	"5\363\005\204\247\350\266\027\326O\026\025\333\241\271"
 261      A7E8B617 
 261      D64F1615 
 261      DBA1B9
 262 06e0 DEB30609 		.ascii	"\336\263\006\011\316\260\367\177%N\314\363\317\3334"
 262      CEB0F77F 
 262      254ECCF3 
 262      CFDB34
 263 06ef F03B0965 		.ascii	"\360;\011e\202\301\357\005\313\005K\342@ym\2723Y\217"
 263      82C1EF05 
 263      CB054BE2 
 263      40796DBA 
 263      33598F
 264 0702 5D365B7E 		.ascii	"]6[~\242P\2405ke\013.\264\354\2067\251\276\032j\332"
 264      A250A035 
 264      6B650B2E 
 264      B4EC8637 
 264      A9BE1A6A 
 265 0717 79A24924 		.ascii	"y\242I$gy\372nk.\317J\303\264\262\233\332[\302uOYv\361"
 265      6779FA6E 
 265      6B2ECF4A 
 265      C3B4B29B 
 265      DA5BC275 
 266 072f E4D96570 		.ascii	"\344\331epWR\274\273\315\004\271_\340\011\362\024K\220"
 266      5752BCBB 
 266      CD04B95F 
 266      E009F214 
 266      4B90
 267 0741 573B7AD3 		.ascii	"W;z\323\\\224\011r\0378)\217:\366\200\340!\015\"\350"
 267      5C940972 
 267      1F38298F 
 267      3AF680E0 
 267      210D22E8 
ARM GAS  /var/folders/qd/4mxf5pkd0zdf0b9dd1hp39180000gn/T//ccoviVai.s 			page 21


 268 0755 934DD71F 		.ascii	"\223M\327\037;\342o\354h\016jM\333<h'\335\032\211?\345"
 268      3BE26FEC 
 268      680E6A4D 
 268      DB3C6827 
 268      DD1A893F 
 269 076a D6C8EB2B 		.ascii	"\326\310\353+z\340(\237\354\220\360\222\311\232\373"
 269      7AE0289F 
 269      EC90F092 
 269      C99AFB
 270 0779 B213F815 		.ascii	"\262\023\370\025\177E%\373\265\340\301~-H\211\323\223"
 270      7F4525FB 
 270      B5E0C17E 
 270      2D4889D3 
 270      93
 271 078a 27CED2EA 		.ascii	"'\316\322\352\246\213\010'1n\025\243\205\007\370X\222"
 271      A68B0827 
 271      316E15A3 
 271      8507F858 
 271      92
 272 079b C8BB922B 		.ascii	"\310\273\222+\247m\373\244P\362\3111\201\322|\224\\"
 272      A76DFBA4 
 272      50F2C931 
 272      81D27C94 
 272      5C
 273 07ac B84CE992 		.ascii	"\270L\351\222#\300\262\200\262,\242,\013%\226\273\367"
 273      23C0B280 
 273      B22CA22C 
 273      0B2596BB 
 273      F7
 274 07bd 0E1C1594 		.ascii	"\016\034\025\224k\262\211N\252:Y\315c[K\364\276\347"
 274      6BB2894E 
 274      AA3A59CD 
 274      635B4BF4 
 274      BEE7
 275 07cf C7       		.ascii	"\307"
 276 07d0 EB1C7032 		.ascii	"\353\034p2#\275c\373\223:\015NeJ\311P~\211+C\232\210"
 276      23BD63FB 
 276      933A0D4E 
 276      654AC950 
 276      7E892B43 
 277 07e6 9E5EFAB0 		.ascii	"\236^\372\260\216\327,\032Y\267'\357\036\313\037\336"
 277      8ED72C1A 
 277      59B727EF 
 277      1ECB1FDE 
 278 07f6 678F77B1 		.ascii	"g\217w\261\261)\303\243;\354m.\367\214\264\334\205t"
 278      B129C3A3 
 278      3BEC6D2E 
 278      F78CB4DC 
 278      8574
 279 0808 B5252773 		.ascii	"\265%'s\037h\224\313=\005\013(\241\013(\245\0138#-\240"
 279      1F6894CB 
 279      3D050B28 
 279      A10B28A5 
 279      0B38232D 
 280 081d 342EAF05 		.ascii	"4.\257\005+\227k\023}\260/c\033\017\303\273\244\314"
 280      2B976B13 
 280      7DB02F63 
ARM GAS  /var/folders/qd/4mxf5pkd0zdf0b9dd1hp39180000gn/T//ccoviVai.s 			page 22


 280      1B0FC3BB 
 280      A4CC
 281 082f 98C81E70 		.ascii	"\230\310\036p\305\031\214\344\375\241\251cn8\233)\245"
 281      C5198CE4 
 281      FDA1A963 
 281      6E389B29 
 281      A5
 282 0840 2567ABF9 		.ascii	"%g\253\371\352\026\222\242\277\240\274\321\031\357g"
 282      EA1692A2 
 282      BFA0BCD1 
 282      19EF67
 283 084f 7D53C999 		.ascii	"}S\311\231\307\035q\001S\366\214u\334\345\233\337\233"
 283      C71D7101 
 283      53F68C75 
 283      DCE59BDF 
 283      9B
 284 0860 C439F7FB 		.ascii	"\3049\367\373\355\216\270\210\365M''\356v\300\305LI"
 284      ED8EB888 
 284      F54D2727 
 284      EE76C0C5 
 284      4C49
 285 0872 6D4CCD75 		.ascii	"mL\315u\306\245L\031J\350\355\342[g\036\250O\373S[\371"
 285      C6A54C19 
 285      4AE8EDE2 
 285      5B671EA8 
 285      4FFB535B 
 286 0887 EF171759 		.ascii	"\357\027\027Y9\342\311\313\221\243\217\267\355t\306"
 286      39E2C9CB 
 286      91A38FB7 
 286      ED74C6
 287 0896 E56CE8F5 		.ascii	"\345l\350\365\326\204\323\034\353\014j|\301\271b;\233"
 287      D684D31C 
 287      EB0C6A7C 
 287      C1B9623B 
 287      9B
 288 08a7 AEBD24B9 		.ascii	"\256\275$\271\266\236\355\244\255G\363\316\333++\346"
 288      B69EEDA4 
 288      AD47F3CE 
 288      DB2B2BE6 
 289 08b7 8BE0AD5A 		.ascii	"\213\340\255Z\352\255\006\352\255K\222\267\032\373\222"
 289      EAAD06EA 
 289      AD4B92B7 
 289      1AFB92
 290 08c6 2E3B2B2B 		.ascii	".;++`\233\350\262\246\366\367p\025#\371\250\261\375"
 290      609BE8B2 
 290      A6F6F770 
 290      1523F9A8 
 290      B1FD
 291 08d8 16C21799 		.ascii	"\026\302\027\231\222P\177\361\200\003n`\312\340\241"
 291      92507FF1 
 291      80036E60 
 291      CAE0A1
 292 08e7 865A7BDC 		.ascii	"\206Z{\334\314\224\236\276\311S\030\337`\312\376\301"
 292      CC949EBE 
 292      C95318DF 
 292      60CAFEC1 
 293 08f7 9CAD8EB8 		.ascii	"\234\255\216\270\203\217\351\031j\344\016\332B\016\323"
ARM GAS  /var/folders/qd/4mxf5pkd0zdf0b9dd1hp39180000gn/T//ccoviVai.s 			page 23


 293      838FE919 
 293      6AE40EDA 
 293      420ED3
 294 0906 D3E1E2AB 		.ascii	"\323\341\342\253\222K\310v\033x\324;\255\301\267)\370"
 294      924BC876 
 294      1B78D43B 
 294      ADC1B729 
 294      F8
 295 0917 95A2A64B 		.ascii	"\225\242\246KY\216\210\326\022\326\307\233\277s\304"
 295      598E88D6 
 295      12D6C79B 
 295      BF73C4
 296 0926 5448D79D 		.ascii	"TH\327\235\375\374\262\371A\360@G!#\266A\302\223N\005"
 296      FDFCB2F9 
 296      41F04047 
 296      2123B641 
 296      C2934E05 
 297 093a CA57A6F8 		.ascii	"\312W\246\370\012\003\253*\032\001]\307\321\322\302"
 297      0A03AB2A 
 297      1A015DC7 
 297      D1D2C2
 298 0949 518D1C9D 		.ascii	"Q\215\034\235\012\267s\323\032v;\223\255w\202\243-\251"
 298      0AB773D3 
 298      1A763B93 
 298      AD7782A3 
 298      2DA9
 299 095b E738459F 		.ascii	"\3478E\237F/\\\317\327\300^\013\355l\343i\377\016\244"
 299      462F5CCF 
 299      D7C05E0B 
 299      ED6CE369 
 299      FF0EA4
 300 096e FD0148E5 		.ascii	"\375\001H\345\235 \375 \367A\272@n\201\264\202\334\005"
 300      9D20FD20 
 300      F741BA40 
 300      6E81B482 
 300      DC05
 301 0980 B907D203 		.ascii	"\271\007\322\003\322\007\322\013\322\0162\0102\004b"
 301      D207D20B 
 301      D20E3208 
 301      320462
 302 098f 06B90972 		.ascii	"\006\271\011r\003\244\003\3446H\267\345\372\246u\204"
 302      03A403E4 
 302      3648B7E5 
 302      FAA67584 
 303 099f C15A479C 		.ascii	"\301ZG\234W2-\233\261.R\321\254a\027\335a\360\302A\216"
 303      57322D9B 
 303      B12E52D1 
 303      AC6117DD 
 303      61F0C241 
 304 09b4 96B2232F 		.ascii	"\226\262#/Xe5\312\315O\255\266\233\225\266\265V'0\237"
 304      586535CA 
 304      CD4FADB6 
 304      9B95B6B5 
 304      5627309F 
 305 09c8 D5C97C76 		.ascii	"\325\311|vrv\237\311\353\037\231\355+Jt\201\022=)C_"
 305      72769FC9 
 305      EB1F99ED 
ARM GAS  /var/folders/qd/4mxf5pkd0zdf0b9dd1hp39180000gn/T//ccoviVai.s 			page 24


 305      2B4A7481 
 305      123D2943 
 306 09dd 9E1D2D51 		.ascii	"\236\035-Q\241\306\327X\341\327\225\360\034e\3416\300"
 306      A1C6D758 
 306      E1D795F0 
 306      1C65E136 
 306      C0
 307 09ee 9D029703 		.ascii	"\235\002\227\003\255Cf8%\367\005\3437e\036\277\2404"
 307      AD436638 
 307      25F705E3 
 307      37651EBF 
 307      A034
 308 0a00 5EF9027C 		.ascii	"^\371\002|@\006/W\302M/\300\273e\360\212\331\341\362"
 308      40062F57 
 308      C24D2FC0 
 308      BB65F08A 
 308      D9E1F2
 309 0a13 72AC9395 		.ascii	"r\254\223\225cm\312r\214\230\352\353\364\310\211''\204"
 309      636DCA72 
 309      8C98EAEB 
 309      F4C88927 
 309      2784
 310 0a25 D86A52DA 		.ascii	"\330jR\332*Q\372\270N6s\265\022\315\3121y\270\233>\265"
 310      2A51FAB8 
 310      4E3673B5 
 310      12CDCA31 
 310      79B89B3E 
 311 0a3a 86FBEAAC 		.ascii	"\206\373\352\254\233Cf\273If\273jv\237\311\243-C\237"
 311      9B4366BB 
 311      4966BB6A 
 311      769FC9A3 
 311      2D439F
 312 0a4d 9B7D4FCF 		.ascii	"\233}O\317\360\260ls\3748\3732-\304I&\340\341>\013\341"
 312      F0B06C73 
 312      FC38FB32 
 312      2DC44926 
 312      E0E13E0B 
 313 0a62 3ECDE1D2 		.ascii	">\315\341\322\365\202\212g\024{\215\346\357\032\325"
 313      F5828A67 
 313      147B8DE6 
 313      EF1AD5
 314 0a71 F82ECD49 		.ascii	"\370.\315IB\307\335\023I\316\312bO:\362h\004N\372\377"
 314      42C7DD13 
 314      49CECA62 
 314      4F3AF268 
 314      044EFAFF 
 315 0a85 E2D4F362 		.ascii	"\342\324\363b\260\337\236\024\203\3030\341\003k1\330"
 315      B0DF9E14 
 315      83C330E1 
 315      036B31D8 
 316 0a95 261583B9 		.ascii	"&\025\203\271}\335\225jy18<\243\030\034\345\305\340"
 316      7DDD956A 
 316      7931383C 
 316      A3181CE5 
 316      C5E0
 317 0aa7 282D062B 		.ascii	"(-\006+\033F\342\034\360(\313\3229\375\015\027\371-"
 317      1B46E21C 
ARM GAS  /var/folders/qd/4mxf5pkd0zdf0b9dd1hp39180000gn/T//ccoviVai.s 			page 25


 317      F028CBD2 
 317      39FD0D17 
 317      F92D
 318 0ab9 F92BF2F7 		.ascii	"\371+\362\367\230\035\203\333\020K\322\375$ig7\214\245"
 318      981D83DB 
 318      104BD2FD 
 318      24696737 
 318      8CA5
 319 0acb 3961D19E 		.ascii	"9a\321\236bO\225\335_\314\240\344\007bGR{\033\262ym"
 319      624F95DD 
 319      5FCCA0E4 
 319      07624752 
 319      7B1BB279 
 320 0ae0 3D91AEAD 		.ascii	"=\221\256\255qvm\265<)\233t\301\233\250!uA\374\341a"
 320      71766DB5 
 320      3C299B74 
 320      C19BA821 
 320      7541FCE1 
 321 0af5 35F2F642 		.ascii	"5\362\366B\000G\354/J\344\377\004T\350\031\354\255\011"
 321      0047EC2F 
 321      4AE4FF04 
 321      54E819EC 
 321      AD09
 322 0b07 014BFFC7 		.ascii	"\001K\377\307\220.\202\371\341\177\221f\370\256\241"
 322      902E82F9 
 322      E17F9166 
 322      F8AEA1
 323 0b16 EF59FEB6 		.ascii	"\357Y\376\2664\011\356\177F\347\233\202\350<e\023ff"
 323      3409EE7F 
 323      46E79B82 
 323      E83C6513 
 323      6666
 324 0b28 9EBB86E4 		.ascii	"\236\273\206\3447\037\261\375\010\372\037\322\210?\247"
 324      371FB1FD 
 324      08FA1FD2 
 324      883FA7
 325 0b37 37DF13E9 		.ascii	"7\337\023\351\346+\312\250\235pt\342\266\023\377\223"
 325      E62BCAA8 
 325      9D7074E2 
 325      B613FF93 
 326 0b47 EDFCD1BC 		.ascii	"\355\374\321\274\251\031\267\352\364\313l'\344m79\276"
 326      A919B7EA 
 326      F4CB6C27 
 326      E46D3739 
 326      BE
 327 0b58 9E2B5E31 		.ascii	"\236+^1\211\246J\363\233\351\353Mb\374{H\304\036\350"
 327      89A64AF3 
 327      9BE9EB4D 
 327      62FC7B48 
 327      C41EE8
 328 0b6b 3184B201 		.ascii	"1\204\262\001\315\227\015\035\203\226O\005\025\212\303"
 328      CD970D1D 
 328      83964F05 
 328      158AC3
 329 0b7a AFAB7EE7 		.ascii	"\257\253~\347\353\253e\377\"c\264k\202\303\264Q\221"
 329      EBAB65FF 
 329      2263B46B 
ARM GAS  /var/folders/qd/4mxf5pkd0zdf0b9dd1hp39180000gn/T//ccoviVai.s 			page 26


 329      82C3B451 
 329      91
 330 0b8b D1B131DA 		.ascii	"\321\2611\332\220\310\360\360\310\010\255\237~\205n"
 330      90C8F0F0 
 330      C808AD9F 
 330      7E856E
 331 0b9a C5D7DA88 		.ascii	"\305\327\332\210\177\206\206\370\206h\376\374\301\207"
 331      7F8686F8 
 331      8668FEFC 
 331      C187
 332 0ba8 AFE9162D 		.ascii	"\257\351\026-R9\031\014kC#b\337Zl\210\335\216\264~Q"
 332      5239190C 
 332      6B432362 
 332      DF5A6C88 
 332      DD8EB47E 
 333 0bbd 5161A121 		.ascii	"Qa\241!\301\261\241\221\0211Z\377\220\260\320\250\030"
 333      C1B1A191 
 333      11315AFF 
 333      90B0D0A8 
 333      18
 334 0bce A3C1E813 		.ascii	"\243\301\350\023\2656\344\357\213}\203\243\242\264\272"
 334      B536E4EF 
 334      8B7D83A3 
 334      A2B4BA
 335 0bdd C8885863 		.ascii	"\310\210XcD\354\013\235\332\225\221\221a1\332/CB|\202"
 335      44EC0B9D 
 335      DA959191 
 335      6131DA2F 
 335      43427C82 
 336 0bf1 A3C37D22 		.ascii	"\243\303}\"\"#\214>\306\340\317C}\226\370,^\270h\211"
 336      22238C3E 
 336      C6E0CF43 
 336      7D96F82C 
 336      5EB86889 
 337 0c05 CF3FDEF6 		.ascii	"\317?\336\366\011\017\376*2Z;\243W\033\032\021\022\266"
 337      090FFE2A 
 337      325A3BA3 
 337      571B1A11 
 337      12B6
 338 0c17 76B5511B 		.ascii	"v\265Q\033\036\034\262&4\302\2505\2546~\021\2746,\326"
 338      1E1CB226 
 338      34C2A835 
 338      AC367E11 
 338      BC362CD6 
 339 0c2b 10BB2ECA 		.ascii	"\020\273.\312\030\343\273F\245\221\310m\374\377\221"
 339      18E3BB46 
 339      A591C86D 
 339      FCFF91
 340 0c3a 8B5917A3 		.ascii	"\213Y\027\2435\304\304\256\006&\300h\016q\240\177D\360"
 340      35C4C4AE 
 340      0626C068 
 340      0E71A07F 
 340      44F0
 341 0c4c E761C655 		.ascii	"\347a\306U\306\220\330\310\350\337\377t\257\253~F\336"
 341      C690D8C8 
 341      E8DFFF74 
 341      AFAB7E46 
ARM GAS  /var/folders/qd/4mxf5pkd0zdf0b9dd1hp39180000gn/T//ccoviVai.s 			page 27


 341      DE
 342 0c5d 4B4363AC 		.ascii	"KCc\254\243\275HK\22016h]L\2541|yp\304\3520ct`thdth"
 342      A3BD484B 
 342      90313668 
 342      5D4CAC31 
 342      7C7970C4 
 343 0c7b EC3A3A97 		.ascii	"\354::\227.\314\030\034\035h\214\200\371\277t\324\373"
 343      2ECC181C 
 343      1D688C80 
 343      F9BF74D4 
 343      FB
 344 0c8c 07F9EB57 		.ascii	"\007\371\353W\371/}G\010\010td\241{\327\020\353\300"
 344      F92F7D47 
 344      08087464 
 344      A17BD710 
 344      EBC0
 345 0c9e DF96EEB7 		.ascii	"\337\226\356\267\325\001~\357\353-\352[\352\000]\240"
 345      D5017EEF 
 345      EB2DEA5B 
 345      EA005DA0 
 346 0cae 555DAC0E 		.ascii	"U]\254\016\010\012\324k\364L[\004\235\376\326\316\205"
 346      080AD46B 
 346      F44C5B04 
 346      9DFED6CE 
 346      85
 347 0cbf D0E9AF57 		.ascii	"\320\351\257W\007\255\014\320\377V\2762\343\327\261"
 347      07AD0CD0 
 347      FF56BE32 
 347      E3D7B1
 348 0cce 5ADD8AA0 		.ascii	"Z\335\212\240\200 \213_B\"\243\215\206\220\360\267\301"
 348      80208B5F 
 348      4222A38D 
 348      8690F0B7 
 348      C1
 349 0cdf 298E1FAC 		.ascii	")\216\037\254\012\320\031VB\320`\264\237^\275b\3052"
 349      0AD01956 
 349      42D060B4 
 349      9F5EBD62 
 349      C532
 350 0cf1 3DF65BAA 		.ascii	"=\366[\252\307K\341\035\270L\257\366[\026\244W\277\277"
 350      C74BE11D 
 350      B84CAFF6 
 350      5B16A457 
 350      BFBF
 351 0d03 CC4F6F07 		.ascii	"\314Oo\007]\000XJ\364\345\344C\007\037vA\313uAz\034"
 351      5D00584A 
 351      F4E5E443 
 351      071F7641 
 351      CB75417A 
 352 0d18 B43C10EB 		.ascii	"\264<\020\353t\360\326\351\355\374\002\364:\275z\325"
 352      74F0D6E9 
 352      EDFC02F4 
 352      3ABD7AD5 
 353 0d28 CABFE881 		.ascii	"\312\277\350\201\036 t\201\037\006,\205O?\235^\023\244"
 353      1E207481 
 353      1F062C85 
 353      4F3F9D5E 
ARM GAS  /var/folders/qd/4mxf5pkd0zdf0b9dd1hp39180000gn/T//ccoviVai.s 			page 28


 353      13A4
 354 0d3a 7B9FCEE5 		.ascii	"{\237\316\345j0|\2616\"\304`\360]\362\316;K4\222\246"
 354      6A307CB1 
 354      3622C460 
 354      F05DF2CE 
 354      3B4B3492 
 355 0d4f 0E59131C 		.ascii	"\016Y\023\034\375o\214\204,\234"
 355      FD6F8C84 
 355      2C9C
 356              		.text
 357              		.section	.gnu.lto_.symtab.4617243eba165780,"",%progbits
 358 0000 6E766963 		.ascii	"nvicEnableVector\000"
 358      456E6162 
 358      6C655665 
 358      63746F72 
 358      00
 359 0011 00       		.ascii	"\000"
 360 0012 00       		.ascii	"\000"
 361 0013 00       		.ascii	"\000"
 362 0014 00000000 		.ascii	"\000\000\000\000\000\000\000\000"
 362      00000000 
 363 001c C7000000 		.ascii	"\307\000\000\000"
 364 0020 6E766963 		.ascii	"nvicDisableVector\000"
 364      44697361 
 364      626C6556 
 364      6563746F 
 364      7200
 365 0032 00       		.ascii	"\000"
 366 0033 00       		.ascii	"\000"
 367 0034 00       		.ascii	"\000"
 368 0035 00000000 		.ascii	"\000\000\000\000\000\000\000\000"
 368      00000000 
 369 003d CB000000 		.ascii	"\313\000\000\000"
 370 0041 6E766963 		.ascii	"nvicSetSystemHandlerPriority\000"
 370      53657453 
 370      79737465 
 370      6D48616E 
 370      646C6572 
 371 005e 00       		.ascii	"\000"
 372 005f 00       		.ascii	"\000"
 373 0060 00       		.ascii	"\000"
 374 0061 00000000 		.ascii	"\000\000\000\000\000\000\000\000"
 374      00000000 
 375 0069 CD000000 		.ascii	"\315\000\000\000"
 376 006d 6E766963 		.ascii	"nvicClearPending\000"
 376      436C6561 
 376      7250656E 
 376      64696E67 
 376      00
 377 007e 00       		.ascii	"\000"
 378 007f 00       		.ascii	"\000"
 379 0080 00       		.ascii	"\000"
 380 0081 00000000 		.ascii	"\000\000\000\000\000\000\000\000"
 380      00000000 
 381 0089 CF000000 		.ascii	"\317\000\000\000"
 382              		.text
 383              		.section	.gnu.lto_.opts,"",%progbits
ARM GAS  /var/folders/qd/4mxf5pkd0zdf0b9dd1hp39180000gn/T//ccoviVai.s 			page 29


 384 0000 272D666D 		.ascii	"'-fmath-errno' '-fsigned-zeros' '-ftrapping-math' '"
 384      6174682D 
 384      6572726E 
 384      6F272027 
 384      2D667369 
 385 0033 2D666E6F 		.ascii	"-fno-trapv' '-fno-openmp' '-fno-openacc' '-mcpu=cor"
 385      2D747261 
 385      70762720 
 385      272D666E 
 385      6F2D6F70 
 386 0066 7465782D 		.ascii	"tex-m4' '-mno-thumb-interwork' '-mthumb' '-O2' '-fo"
 386      6D342720 
 386      272D6D6E 
 386      6F2D7468 
 386      756D622D 
 387 0099 6D69742D 		.ascii	"mit-frame-pointer' '-falign-functions=16' '-ffuncti"
 387      6672616D 
 387      652D706F 
 387      696E7465 
 387      72272027 
 388 00cc 6F6E2D73 		.ascii	"on-sections' '-fdata-sections' '-fno-common' '-flto"
 388      65637469 
 388      6F6E7327 
 388      20272D66 
 388      64617461 
 389 00ff 2700     		.ascii	"'\000"
 390              		.text
 391              		.comm	__gnu_lto_v1,1,1
 392              		.comm	__gnu_lto_slim,1,1
 393              		.ident	"GCC: (GNU Tools for Arm Embedded Processors 7-2017-q4-major) 7.2.1 20170904 (release) [ARM
ARM GAS  /var/folders/qd/4mxf5pkd0zdf0b9dd1hp39180000gn/T//ccoviVai.s 			page 30


DEFINED SYMBOLS
                            *ABS*:0000000000000000 nvic.c
                            *COM*:0000000000000001 __gnu_lto_v1
                            *COM*:0000000000000001 __gnu_lto_slim

NO UNDEFINED SYMBOLS
