ARM GAS  /var/folders/qd/4mxf5pkd0zdf0b9dd1hp39180000gn/T//ccUGrjEI.s 			page 1


   1              		.cpu cortex-m4
   2              		.eabi_attribute 20, 1
   3              		.eabi_attribute 21, 1
   4              		.eabi_attribute 23, 3
   5              		.eabi_attribute 24, 1
   6              		.eabi_attribute 25, 1
   7              		.eabi_attribute 26, 1
   8              		.eabi_attribute 30, 2
   9              		.eabi_attribute 34, 1
  10              		.eabi_attribute 18, 4
  11              		.file	"pal.c"
  12              		.section	.gnu.lto_.profile.f4c296cf79da34cf,"",%progbits
  13 0000 789C6363 		.ascii	"x\234cc```\001bF\006\015\031\000\000\344\000P"
  13      60606001 
  13      6246060D 
  13      190000E4 
  13      0050
  14              		.text
  15              		.section	.gnu.lto_.icf.f4c296cf79da34cf,"",%progbits
  16 0000 789C6363 		.ascii	"x\234cc``\020a@\000f\206y\373\236\335gb\3345\373u\013"
  16      60601061 
  16      40006686 
  16      79FB9EDD 
  16      6762DC35 
  17 0017 07D3EB57 		.ascii	"\007\323\353W[\257\3612\000\000d\021\011}"
  17      5BAFF132 
  17      00006411 
  17      097D
  18              		.text
  19              		.section	.gnu.lto_.jmpfuncs.f4c296cf79da34cf,"",%progbits
  20 0000 789C6363 		.ascii	"x\234cc``hf@\000f\006FF\306\3729@\212\211\221\221\031"
  20      60606866 
  20      40006606 
  20      4646C6FA 
  20      39408A89 
  21 0017 C4006246 		.ascii	"\304\000bF&\030\207q\0163\023\033\003\003\343\001\026"
  21      26188771 
  21      0E33131B 
  21      0303E301 
  21      16
  22 0028 460620FE 		.ascii	"F\006 \376\017\004\374\014h|F\306)\314\214\323Z\017"
  22      0F04FC0C 
  22      687C46C6 
  22      29CC8CD3 
  22      5A0F
  23 003a 9D67EF66 		.ascii	"\235g\357f\006\352ed`\334\314(\003\024z\275g\303\015"
  23      06EA6564 
  23      60DCCC28 
  23      03147ABD 
  23      67C30D
  24 004d 56881044 		.ascii	"V\210\020D\335\026F\031\246JF\014\323\000\214y&%"
  24      DD164619 
  24      A64A460C 
  24      D3008C79 
  24      2625
  25              		.text
  26              		.section	.gnu.lto_.inline.f4c296cf79da34cf,"",%progbits
ARM GAS  /var/folders/qd/4mxf5pkd0zdf0b9dd1hp39180000gn/T//ccUGrjEI.s 			page 2


  27 0000 789C6363 		.ascii	"x\234cc``\370\316\200\000\314\014\014\234\034\214\314"
  27      6060F8CE 
  27      8000CC0C 
  27      0C9C1C8C 
  27      CC
  28 0011 0C0A8C20 		.ascii	"\014\012\214 &\210t\000\223\012\034l\037\364\030\330"
  28      26887400 
  28      930A1C6C 
  28      1FF418D8 
  29 0021 16C83331 		.ascii	"\026\310310\276`g\201\220 \202\003\314\344\000\021\002"
  29      30BE6067 
  29      81902082 
  29      03CCE400 
  29      1102
  30 0033 60A600C8 		.ascii	"`\246\000\310\030F\006>^F\026F\240N\210!\012HF1p3]\340"
  30      1846063E 
  30      5E461646 
  30      A04E8821 
  30      0A484631 
  31 004b 87180564 		.ascii	"\207\030\005d\240\030\302\262@\236\007j\022\363\016"
  31      A018C2B2 
  31      409E076A 
  31      12F30E
  32 005a 710106A0 		.ascii	"q\001\006\240\2352 \276\002X^\001d2\023\003\2670\212"
  32      9D3220BE 
  32      02585E01 
  32      64321303 
  32      B7308A
  33 006d FBA04673 		.ascii	"\373\240Fs\002\345\210s\036\320R\011\220I,\274@\357"
  33      02E58873 
  33      1ED05209 
  33      90492CBC 
  33      40EF
  34 007f 4EF00341 		.ascii	"N\360\003A\006\000\373F \246"
  34      0600FB46 
  34      20A6
  35              		.text
  36              		.section	.gnu.lto_.pureconst.f4c296cf79da34cf,"",%progbits
  37 0000 789C6363 		.ascii	"x\234cc```\007bf\006)F)&I\000\001\274\000a"
  37      60606007 
  37      62660629 
  37      46292649 
  37      0001BC00 
  38              		.text
  39              		.section	.gnu.lto_palReadBus.f4c296cf79da34cf,"",%progbits
  40 0000 789C9591 		.ascii	"x\234\225\221\337KTQ\020\307\347{\346\356\331\273\231"
  40      DF4B5451 
  40      10C7E77B 
  40      E6EED9BB 
  40      99
  41 0011 FE0169B0 		.ascii	"\376\001i\260\017\202\370\262\367\277\350\3770_z\020"
  41      0F82F8B2 
  41      F7BFE8FF 
  41      305F7A10 
  42 0021 8A16C137 		.ascii	"\212\026\3017\317\256?\243\002\011\177\300r\223}0\202"
  42      CFAE3FA3 
  42      02097FC0 
ARM GAS  /var/folders/qd/4mxf5pkd0zdf0b9dd1hp39180000gn/T//ccUGrjEI.s 			page 3


  42      72937D30 
  42      82
  43 0032 204A5C5D 		.ascii	" J\\]]\255\256\253\370\246fD\024D\017\365\224\210\250"
  43      5DADAEAB 
  43      F8A66644 
  43      14440FF5 
  43      9488A8
  44 0045 CFA1CE9C 		.ascii	"\317\241\316\234\253\260\017\275\010\367\316\23593\363"
  44      ABB00FBD 
  44      08F7CE9D 
  44      3933F3
  45 0054 99EFDC63 		.ascii	"\231\357\334c\211h\310\020\345\345\333)/\230`\246\366"
  45      8968C810 
  45      E5E5DB29 
  45      2F9860A6 
  45      F6
  46 0065 884AA101 		.ascii	"\210J\241\001\324q!h\330`\030\317x\232q0\372>\346\247"
  46      D4712168 
  46      D86018CF 
  46      789A7130 
  46      FA3EE6A7 
  47 0079 1C4B5920 		.ascii	"\034KY \341\351n\345O\207\206@^\302\243\343\235\332"
  47      E1E96EE5 
  47      4F878640 
  47      5EC2A3E3 
  47      9DDA
  48 008b EDDED7CE 		.ascii	"\355\336\327\316\225]2\367\302\316\327>\273\\\314\206"
  48      955D32F7 
  48      C2CED73E 
  48      BB5CCC86 
  49 009b 66A5BC86 		.ascii	"f\245\274\206.,\241Kg,\243W\212\307\016\346\306\231"
  49      2E2CA14B 
  49      672CA357 
  49      8AC70EE6 
  49      C699
  50 00ad EF82C4FF 		.ascii	"\357\202\304\377q\362\346gG\317+\337\270\275\300\256"
  50      71F2E667 
  50      47CF2BDF 
  50      B8BDC0AE 
  51 00bd 3B66C60A 		.ascii	";f\306\012\270\265Q\216\010u\364h\375\357\305\363\231"
  51      B8B5518E 
  51      0875F468 
  51      FDEFC5F3 
  51      99
  52 00ce 761B5499 		.ascii	"v\033T\231\224-\310UX\2028\357\276d\022w~1\341\222\243"
  52      942DC855 
  52      588238EF 
  52      BE641277 
  52      7E31E192 
  53 00e3 05BCBC97 		.ascii	"\005\274\274\2273\322\026\260\230L \306f\324\263j\262"
  53      33D216B0 
  53      984C20C6 
  53      66D4B36A 
  53      B2
  54 00f4 5056482A 		.ascii	"PVH*\217&\205!\273\272\204\236H(\336HB\207(7\376>\337"
  54      8F268521 
  54      BBBA849E 
ARM GAS  /var/folders/qd/4mxf5pkd0zdf0b9dd1hp39180000gn/T//ccUGrjEI.s 			page 4


  54      4828DE48 
  54      42872837 
  55 010b B28AAEB0 		.ascii	"\262\212\256\260\221\241\263c\315\375\254.\313^\363"
  55      91A1B363 
  55      CDFDAC2E 
  55      CB5EF3
  56 011a 467377C7 		.ascii	"Fsw\307V1_r\316\345c\316V8\2135]Pr_'\276\377j\213\336"
  56      56315F72 
  56      CEE563CE 
  56      56388B35 
  56      5D50725F 
  57 0134 BA3415A2 		.ascii	"\2724\025\242\201*fT(a\035\221\260\233\215\\\012\346"
  57      812A6654 
  57      28611D91 
  57      B09B8D5C 
  57      0AE6
  58 0146 5670F83F 		.ascii	"Vp\370?pN\246c\343\012\374\255\336\250\267\013x\264"
  58      704EA663 
  58      E30AFCAD 
  58      DEA8B70B 
  58      78B4
  59 0158 A4A95BF8 		.ascii	"\244\251[\370\340\301\2729>zp\371\032\034\334Hb\033"
  59      E0C1BA39 
  59      3E7A70F9 
  59      1A1CDC48 
  59      621B
  60 016a 3E799251 		.ascii	">y\222QR\342I#g\343HQ\031\221)\300V\272\275\021\335"
  60      52E24923 
  60      67E34851 
  60      199129C0 
  60      56BABD11 
  61 017f 60D3D3FD 		.ascii	"`\323\323\375U5S\372\277kz\350\007X:F9\177u\242?jR\266"
  61      553553FA 
  61      BF6B7AE8 
  61      07583A46 
  61      397F75A2 
  62 0197 929B1041 		.ascii	"\222\233\020Aw\012\205(}\036\026\243\007}\003Q\361q"
  62      770A8528 
  62      7D1E16A3 
  62      077D0351 
  62      F171
  63 01a9 7FF4A86F 		.ascii	"\177\364\250o\240\320O|\177\260x\011F\231\313\001"
  63      A0D04F7C 
  63      7FB07809 
  63      4699CB01 
  64              		.text
  65              		.section	.gnu.lto_palWriteBus.f4c296cf79da34cf,"",%progbits
  66 0000 789C9553 		.ascii	"x\234\225SKk\023a\024\375\316\334\231\311c:\325\245"
  66      4B6B1361 
  66      14FDCEDC 
  66      99C9633A 
  66      D5A5
  67 0012 68850A4A 		.ascii	"h\205\012J\350&\363/\374\003\375\005m6\012\005\305\350"
  67      E826F32F 
  67      FC03FD05 
  67      6D360A05 
  67      C5E8
ARM GAS  /var/folders/qd/4mxf5pkd0zdf0b9dd1hp39180000gn/T//ccUGrjEI.s 			page 5


  68 0024 BA93B449 		.ascii	"\272\223\264I\352\013\\\230\024\302\264\204J\253\010"
  68      EA0B5C98 
  68      14C2B484 
  68      4AAB08
  69 0033 A2E22336 		.ascii	"\242\342#6\255u\214Z7\255\322RD\241\270Pp!(\021\\\270"
  69      AD758C5A 
  69      37ADD252 
  69      44A1B850 
  69      70212811 
  70 0049 90C47BBF 		.ascii	"\220\304{\277I4\212\233\0163w\356\363\3343gfl\245\324"
  70      49348A9B 
  70      0E3377EE 
  70      F3DC3367 
  70      666CA5D4 
  71 005d 2829758C 		.ascii	"()u\214\357\207\370\002)\030W^)\225\213\033\2008~\034"
  71      EF87F802 
  71      2918575E 
  71      29958B1B 
  71      80387E1C 
  72 0071 6AD2C024 		.ascii	"j\322\300$.\321UB\263\364i\331\030\271\356\363\021\316"
  72      2ED15542 
  72      B3F469D9 
  72      18B9EEF3 
  72      11CE
  73 0083 7EB78B7E 		.ascii	"~\267\213~\341@\300\343\025\276\344\300=\214p\327\326"
  73      E140C0E3 
  73      15BEE4C0 
  73      3D8C70D7 
  73      D6
  74 0094 F49D802E 		.ascii	"\364\235\200.R@\200\311\341\267\315\352\307A\011\015"
  74      524080C9 
  74      E1B7CDEA 
  74      C741090D 
  75 00a4 0C7358D8 		.ascii	"\014sX\330\232-\022\035\206b\377]\353\346\356`j\321"
  75      9A2D121D 
  75      8662FF5D 
  75      EBE6EE60 
  75      6AD1
  76 00b6 F7F37EB8 		.ascii	"\367\363~\270q\215\374\243\001\021\036\202\030\020\017"
  76      718DFCA3 
  76      01111E82 
  76      18100F
  77 00c5 3084FB18 		.ascii	"0\204\373\030R\234R\250#\305\355s\355\205\227\016\035"
  77      529C52A8 
  77      23C5ED73 
  77      ED85970E 
  77      1D
  78 00d6 D1A34B6B 		.ascii	"\321\243KkA\246;\271\273\250'M<\372w\322TXFJ\332?\334"
  78      41A63BB9 
  78      BBA8274D 
  78      3CFA77D2 
  78      5458464A 
  79 00ed 6D975DDB 		.ascii	"m\227]\333\254\365\330\242\001[\201\235\333\333V\350"
  79      ACF5D8A2 
  79      015B819D 
  79      DBDB56E8 
  80 00fd B73B2526 		.ascii	"\267;%&\260\204\316\361}\200\214\030<l\221\030S\214"
ARM GAS  /var/folders/qd/4mxf5pkd0zdf0b9dd1hp39180000gn/T//ccUGrjEI.s 			page 6


  80      B084CEF1 
  80      7D808C18 
  80      3C6C9118 
  80      538C
  81 010f C5C6B6C5 		.ascii	"\305\306\266\305\304$\214\213I\210I\262\2119\342\271"
  81      C4248C8B 
  81      498849B2 
  81      8939E2B9 
  82 011f 10924ACD 		.ascii	"\020\222J\3150:\013\347\207\352<\031\342M\205\3523\362"
  82      303A0BE7 
  82      87EA3C19 
  82      E24D85EA 
  82      33F2
  83 0131 EDE297FA 		.ascii	"\355\342\227\372\200,\255\222Q%H\252\221\210b\021\266"
  83      802CAD92 
  83      512548AA 
  83      91886211 
  83      B6
  84 0142 5268BE8E 		.ascii	"Rh\276\216\211F\244\037n\265\271\271n\3270\237c\241"
  84      8946A41F 
  84      6EB5B9B9 
  84      6ED7309F 
  84      63A1
  85 0154 87038A57 		.ascii	"\207\003\212W\311\305\012?\221\324vJo\337;\336-?*\231"
  85      C9C50A3F 
  85      91D4764A 
  85      6FDF3BDE 
  85      2D3F2A99 
  86 0168 58450D65 		.ascii	"XE\015e\375\002\360\030\036\003O\375,\"B6\3652\352_"
  86      FD02F018 
  86      1E034FFD 
  86      2C224236 
  86      F532EA5F 
  87 017c 66ED093D 		.ascii	"f\355\011=\2015\215.B\341I\204^\351\241w\321\266[\033"
  87      81358D2E 
  87      42E14984 
  87      5EE9A177 
  87      D1B65B1B 
  88 0190 738E50B7 		.ascii	"s\216P\267\261\037!\303pO\253\327\023\323$\354\277X"
  88      B11F21C3 
  88      704FABD7 
  88      13D324EC 
  88      BF58
  89 01a2 F13E44AC 		.ascii	"\361>D\254\376\364%t\332\352g\232\334\023\323$\236j"
  89      FEF42574 
  89      DAEA679A 
  89      DC13D324 
  89      9E6A
  90 01b4 A686306D 		.ascii	"\246\2060mFL\177\364\320\035M$\301\271\346\316\005\235"
  90      464C7FF4 
  90      D01D4D24 
  90      C1B9E6CE 
  90      059D
  91 01c6 EB973CF9 		.ascii	"\353\227<\371?\311y$\211g\335Uo\352\215\272\313\253"
  91      3FC97924 
  91      8967DD55 
  91      6FEA8DBA 
ARM GAS  /var/folders/qd/4mxf5pkd0zdf0b9dd1hp39180000gn/T//ccUGrjEI.s 			page 7


  91      CBAB
  92 01d8 A673521A 		.ascii	"\246sR\032\300s\275J4\347\342\312\374\302\015\374.\272"
  92      C073BD4A 
  92      34E7E2CA 
  92      FCC20DFC 
  92      2EBA
  93 01ea 7801AFCC 		.ascii	"x\001\257\314\037\036\323X\207\307\273\325W\344k\235"
  93      1F1ED358 
  93      87C7BBD5 
  93      57E46B9D 
  94 01fa CB7AADFE 		.ascii	"\313z\255\376KfXN\376.\230\351\301t\332\213\316SY\357"
  94      4B66584E 
  94      FE2E98E9 
  94      C174DA8B 
  94      CE5359EF 
  95 020e C4D88497 		.ascii	"\304\330\204\227=\223\361N\217M\2443\212\306\317e\315"
  95      3D93F14E 
  95      8F4DA433 
  95      8AC6CF65 
  95      CD
  96 021f F19367B3 		.ascii	"\361\223g\263\277\000\266\337\012\015"
  96      BF00B6DF 
  96      0A0D
  97              		.text
  98              		.section	.gnu.lto_palSetBusMode.f4c296cf79da34cf,"",%progbits
  99 0000 789C9592 		.ascii	"x\234\225\222\317K\033A\024\307\337w\336f7?\252gi\025"
  99      CF4B1B41 
  99      14C7DF77 
  99      DE66373F 
  99      AA676915 
 100 0014 22548297 		.ascii	"\"T\202\227\354\237\321\277\303FA\304\222b\360\2341"
 100      EC9FD1BF 
 100      C34641C4 
 100      9262F09C 
 100      31
 101 0025 69124B85 		.ascii	"i\022K\205\026Z#\304E\002\022\204\202\264\305\364G\374"
 101      165A23C4 
 101      45021284 
 101      82B4C5F4 
 101      47FC
 102 0037 B9E6D053 		.ascii	"\271\346\320SmQ<\264\324zh\241\320\242b\351Um\337L\332"
 102      6D513CB4 
 102      D47A68A1 
 102      D0A262E9 
 102      556DDF4C 
 103 004c 437B73D8 		.ascii	"C{s\330\231}o\347}?\363\235\307\272D4\246\210\006\344"
 103      997D6FE7 
 103      7D3FF39D 
 103      C7BA4434 
 103      A68806E4 
 104 0060 7D4D2698 		.ascii	"}M&\230\240\036\274%\232\212*\300\004:\012\312+\344"
 104      A01EBC25 
 104      9A8A2AC0 
 104      043A0ACA 
 104      2BE4
 105 0072 31C38F18 		.ascii	"1\303\217\030\355\312\327\226\032\\\3222\302\271=\257"
 105      EDCAD796 
ARM GAS  /var/folders/qd/4mxf5pkd0zdf0b9dd1hp39180000gn/T//ccUGrjEI.s 			page 8


 105      1A5CD232 
 105      C2B93DAF 
 106 0082 AC4B3D01 		.ascii	"\254K=\001\023Ue\232\201\025\014J\325\356\235\247\001"
 106      1355659A 
 106      81150C4A 
 106      D5EE9DA7 
 106      01
 107 0093 DFE38001 		.ascii	"\337\343\200\001G\322\037;\265/\335&UHJZ\332\235+3\367"
 107      47D21F3B 
 107      B52FDD26 
 107      55484A5A 
 107      DA9D2B33 
 108 00a8 8124FE70 		.ascii	"\201$\376p\372\370\240;\325\320\272\240\303\203E\326"
 108      FAF8A03B 
 108      D5D0BAA0 
 108      C38345D6 
 109 00b8 D70366BC 		.ascii	"\327\003f\274\000\013\020\317\321\213&zI>\021^\"%\345"
 109      000B10CF 
 109      D18B267A 
 109      493E115E 
 109      2225E5
 110 00cb 3F571A0F 		.ascii	"?W\032\017\023\334o\245\207'\315\371\370\037\351\233"
 110      13DC6FA5 
 110      8727CDF9 
 110      F81FE99B 
 111 00db 86953A78 		.ascii	"\206\225:x\365\277\324!\264\2202\365\237\237]\314v\271"
 111      F5BFD421 
 111      B49032F5 
 111      9F9F5DCC 
 111      76B9
 112 00ed 4EFDAF5D 		.ascii	"N\375\257]\254\302%H\360d/\022\352\213_\025\035\236"
 112      ACC22548 
 112      F0642F12 
 112      EA8B5F15 
 112      1D9E
 113 00ff 35F0E946 		.ascii	"5\360\351FL\211,\302\262\270\216,^\304D.\214\003\017"
 113      4C892CC2 
 113      B2B88E2C 
 113      5EC4442E 
 113      8C030F
 114 0112 1646D3A2 		.ascii	"\026F\323\242\227\336\350\220\356\2622Q1\244\357(\254"
 114      97DEE890 
 114      EEB23251 
 114      31A4EF28 
 114      AC
 115 0123 7E3BCE18 		.ascii	"~;\316\030j\215\225\234W-\265\337y\346\326l\355\256"
 115      6A8D959C 
 115      572DB5DF 
 115      79E6D66C 
 115      EDAE
 116 0135 B7775EBB 		.ascii	"\267w^\273u,LI\353\222\001Gk\354bM,\232\275\375\312"
 116      752C4C49 
 116      EB920147 
 116      6BEC624D 
 116      2C9ABDFD 
 117 014a FBC384BF 		.ascii	"\373\303\204\277\254;[1\254\243\216Y\333Rl\300\267\350"
 117      AC3B5B31 
ARM GAS  /var/folders/qd/4mxf5pkd0zdf0b9dd1hp39180000gn/T//ccUGrjEI.s 			page 9


 117      ACA38E59 
 117      DB526CC0 
 117      B7E8
 118 015c 5807CC97 		.ascii	"X\007\314\227\"\305\261iI\346\226\330\372\227\344\\"
 118      22C5B169 
 118      49E696D8 
 118      FA97E45C 
 119 016c 8A944068 		.ascii	"\212\224@hI\312\220\266-\251xZF\007\025\021_\002\244"
 119      49CA90B6 
 119      2DA9785A 
 119      46071511 
 119      5F02A4
 120 017f 239493B6 		.ascii	"#\224\223\266\253\"o\265\216>z\371s\035\015\370J\325"
 120      AB226FB5 
 120      8E3E7AF9 
 120      731D0DF8 
 120      4AD5
 121 0191 18401B79 		.ascii	"\030@\033y\222\316\330r/\340.:A\241\276v\3372\354\317"
 121      92CED872 
 121      2FE02E3A 
 121      41A1BE76 
 121      DF32ECCF 
 122 01a5 332D65D2 		.ascii	"3-e\322K9\342j:\355w\236l\316\037\035\032\367s\023\031"
 122      4B39E26A 
 122      3AED779E 
 122      6CCE1F1D 
 122      1AF77313 
 123 01ba FFF6D078 		.ascii	"\377\366\320x:C|s2\347\334\312\016\217\374\006J\366"
 123      3A437C73 
 123      32E7DCCA 
 123      0E8FFC06 
 123      4AF6
 124 01cc C91B     		.ascii	"\311\033"
 125              		.text
 126              		.section	.gnu.lto_.symbol_nodes.f4c296cf79da34cf,"",%progbits
 127 0000 789C6363 		.ascii	"x\234cc``\010\004b\006\246\026\246z\006\206\011\347"
 127      60600804 
 127      6206A616 
 127      A67A0686 
 127      09E7
 128 0012 181880D4 		.ascii	"\030\030\200\324\256\006G\240H+S=#\252H\033S=\023\212"
 128      AE0647A0 
 128      482B533D 
 128      23AA481B 
 128      533D138A 
 129 0026 08632753 		.ascii	"\010c'S=3X\204\201\241\241\301\201\201\201\231\211\231"
 129      3D335884 
 129      81A1A1C1 
 129      81818199 
 129      8999
 130 0038 61C9C37F 		.ascii	"a\311\303\177\214\014\000->\023\263"
 130      8C0C002D 
 130      3E13B3
 131              		.text
 132              		.section	.gnu.lto_.refs.f4c296cf79da34cf,"",%progbits
 133 0000 789C6363 		.ascii	"x\234cc```\004b\006\000\000D\000\010"
 133      60606004 
ARM GAS  /var/folders/qd/4mxf5pkd0zdf0b9dd1hp39180000gn/T//ccUGrjEI.s 			page 10


 133      62060000 
 133      440008
 134              		.text
 135              		.section	.gnu.lto_.decls.f4c296cf79da34cf,"",%progbits
 136 0000 789CC558 		.ascii	"x\234\305XmP\024G\032\236\236\336\305eY\300C\357\312"
 136      6D501447 
 136      1A9E9EDE 
 136      C56559C0 
 136      43EFCA
 137 0013 BB581695 		.ascii	"\273X\026\225C\245r\201Uc\316\344~\334%~\\\264\242\247"
 137      43A57281 
 137      5563CEE4 
 137      7EDC257E 
 137      5CB4A2A7 
 138 0027 B59A4AF9 		.ascii	"\265\232J\371\3476{\260\352^\200\345\330\345\252\362"
 138      E7367BB0 
 138      EA5E80E5 
 138      D8E5AAF2 
 139 0037 EB067623 		.ascii	"\353\006v#\022?\002h8EM\370P\024QDE\014\002\262\256"
 139      123F0268 
 139      38454DF8 
 139      50145144 
 139      450C02B2 
 140 004c 0808A206 		.ascii	"\010\010\242\006\004\202\202\220\370\225\030TD\203|"
 140      04828290 
 140      F8951854 
 140      44837C
 141 005b 736F77CF 		.ascii	"sow\317\354\014+\233\273\252\373\221)z{\272\347\355"
 141      EC0C2B9B 
 141      BBAAFB91 
 141      297A7BBA 
 141      E7ED
 142 006d F779DEA7 		.ascii	"\367y\336\247\337\356\236\301\217\343\270y\3238\316"
 142      DFEE9EC1 
 142      8FE3B879 
 142      D338CE
 143 007c 82396E1B 		.ascii	"\2029n\033\342\270q\270T\320w\036\012tq!\320\347\206"
 143      E2B871B8 
 143      54D0771E 
 143      0A747121 
 143      D0E786
 144 008f 7A3AD4E4 		.ascii	"z:\324\344\"\317^\202\373P(\263\241\374N\354W^\213x"
 144      22CF5E82 
 144      FB5028B3 
 144      A1FC4EEC 
 144      575E8B78 
 145 00a3 8ED391B1 		.ascii	"\216\323\221\261d\034\307\306\023?cP\317\205\262\036"
 145      641CC7C6 
 145      133F6350 
 145      CF85B21E 
 146 00b3 CA2FA08D 		.ascii	"\312/\240\215\240\214\302}\035\024\015b\276\003\240"
 146      A08CC27D 
 146      1D140D62 
 146      BE03A0
 147 00c2 EE833A10 		.ascii	"\356\203:\020\352 b#\342\221\372\017^Xo\003N\020\324"
 147      EA206223 
 147      E291FA0F 
ARM GAS  /var/folders/qd/4mxf5pkd0zdf0b9dd1hp39180000gn/T//ccUGrjEI.s 			page 11


 147      5E586F03 
 147      4E10D4
 148 00d5 1F28B024 		.ascii	"\037(\260$\276\022\316\230\210\245Q\340\335\0261\325"
 148      BE12CE98 
 148      88A551E0 
 148      DD1631D5 
 149 00e5 1CC32058 		.ascii	"\034\303 X\004w\010\332]\034\303\012\0251\377\344\205"
 149      047708DA 
 149      5D1CC30A 
 149      1531FFE4 
 149      85
 150 00f6 F9AE0FCC 		.ascii	"\371\256\017\314\351>\342s\213\261\275\005\345\025\304"
 150      E93EE273 
 150      8BB1BD05 
 150      E515C4
 151 0105 340D4032 		.ascii	"4\015@2.\270\363\350H\240\226{\341\355\302\350+g\361"
 151      2EB8F3E8 
 151      48A0967B 
 151      E1EDC2E8 
 151      2B67F1
 152 0118 3EBC15A3 		.ascii	">\274\025\243\020-RA\363Ic\326\355 hN\327\242Phf\225"
 152      102D5241 
 152      F34963D6 
 152      ED20684E 
 152      D7A25068 
 153 012e 3FAB57B3 		.ascii	"?\253W\263\247\032h\216\347\027\247j0\217\310\300\316"
 153      A71A688E 
 153      E717A76A 
 153      308FC8C0 
 153      CE
 154 013f BA824232 		.ascii	"\272\202B2p\256\026\221i\015\206\256\343=e\203\201\254"
 154      70AE1691 
 154      690D86AE 
 154      E33D6583 
 154      81AC
 155 0151 8B582435 		.ascii	"\213X$5U\017\252\361\024z\377\344@\306(\212<*\260K\263"
 155      550FAAF1 
 155      147AFFE4 
 155      40C6288A 
 155      3C2AB04B 
 156 0166 82436508 		.ascii	"\202Ce\010K\034\232>\355;0\005\277B\014\371\256\366"
 156      4B1C9A3E 
 156      ED3B3005 
 156      BF420CF9 
 156      AEF6
 157 0178 E18E20A4 		.ascii	"\341\216 \244\015\337\"\010\311B\266C\360_\316\241\022"
 157      0DDF2208 
 157      C942B643 
 157      F05FCEA1 
 157      12
 158 0189 34139D42 		.ascii	"4\023\235B39T\211\302\211\363\263(\222C_B\347\031\350"
 158      33395489 
 158      C289F3B3 
 158      2892435F 
 158      42E719E8 
 159 019d CC270E5D 		.ascii	"\314'\016]\217\373\347\246\247\010\002\217*\220\026"
 159      8FFBE7A6 
ARM GAS  /var/folders/qd/4mxf5pkd0zdf0b9dd1hp39180000gn/T//ccUGrjEI.s 			page 12


 159      A708028F 
 159      2A9016
 160 01ac 95234C6D 		.ascii	"\225#Lm \350\271Z\006Qp =\327\017_B\024\243|\357\335"
 160      20E8B95A 
 160      06517020 
 160      3DD70F5F 
 160      4214A37C 
 161 01c2 8BBC2F0C 		.ascii	"\213\274/\014\227O\214\266\263/\327|L0\252\000\343\234"
 161      974F8CB6 
 161      B32FD77C 
 161      4C30AA00 
 161      E39C
 162 01d4 8C01900C 		.ascii	"\214\001\220\014\304Y\335\237\036\210oR}\370{\203\316"
 162      C459DD9F 
 162      1E886F52 
 162      7DF87B83 
 162      CE
 163 01e5 92005F20 		.ascii	"\222\000_ \027|\202\324v\276q\351\272 \204\"7\200\234"
 163      177C82D4 
 163      76BE71E9 
 163      BA208422 
 163      37809C
 164 01f8 9741AA24 		.ascii	"\227A\252$\220\226'}\231A8\013SY\367>\355\374\336\237"
 164      9096277D 
 164      9941380B 
 164      5359F73E 
 164      EDFCDE9F 
 165 020c CD4FB862 		.ascii	"\315O\270b\366B\330\354\015\344\334\311\340q\0163\335"
 165      F642D8EC 
 165      0DE4DCC9 
 165      E0710E33 
 165      DD
 166 021d DD746299 		.ascii	"\335tb\231\026\3108\376\247\210a@\361\370\256\356@\234"
 166      16C838FE 
 166      A7886140 
 166      F1F8AEEE 
 166      409C
 167 022f CF463F72 		.ascii	"\317F?r\336\355\016`\236g@\363\330@W\251\032\027\262"
 167      DEED0E60 
 167      9E6740F3 
 167      D84057A9 
 167      1A17B2
 168 0242 67DB77B9 		.ascii	"g\333w\271\335*\\\314\032y{\322S\324\3704k\024d\244"
 168      DD2A5CCC 
 168      1A797BD2 
 168      53D4F834 
 168      6B1464A4 
 169 0256 156BF119 		.ascii	"\025k\361\031\326h\352\275\274?\200\245\326Th^\034\177"
 169      D668EABD 
 169      BC3F80A5 
 169      D654685E 
 169      1C7F
 170 0268 EE0A661E 		.ascii	"\356\012f\036yB\357H\333\220?.c\246\007\207\206{In\315"
 170      7942EF48 
 170      DB903F2E 
 170      63A60787 
 170      867B496E 
ARM GAS  /var/folders/qd/4mxf5pkd0zdf0b9dd1hp39180000gn/T//ccUGrjEI.s 			page 13


 171 027d 21B98515 		.ascii	"!\271\205\025\2315\207eVU\303\245|\035\256\242\306|"
 171      99358765 
 171      5655C3A5 
 171      7C1DAEA2 
 171      C67C
 172 028f 51D6C848 		.ascii	"Q\326\310H\260$t\232CP\207s\350*\204q\215\304\326\012"
 172      B024749A 
 172      43508773 
 172      E82A8471 
 172      8DC4D60A 
 173 02a3 B1CD1163 		.ascii	"\261\315\021ck\206\316&9cJg\225\011\302T\324\002:_\227"
 173      6B86CE26 
 173      39634A67 
 173      9509C254 
 173      D4023A5F 
 174 02b8 759E23CA 		.ascii	"u\236#\312|.\375\346=-\256g\020\311\327>{\352\023\242"
 174      7C2EFDE6 
 174      3D2DAE67 
 174      10C9D73E 
 174      7BEA13A2 
 175 02cc DD2744DB 		.ascii	"\335'D\333\331\005\3254a\276\006\2146\031\243E\232\313"
 175      D905D534 
 175      61BE068C 
 175      3619A345 
 175      9ACB
 176 02de E481DC0A 		.ascii	"\344\201\334\012\015n\246 \252\376\303\247[\203\320"
 176      0D6EA620 
 176      AAFEC3A7 
 176      5B83D0
 177 02ed B4B0B0F0 		.ascii	"\264\260\260\360t2:\015\012\342\345i\342\320M4\215x"
 177      74323A0D 
 177      0AE2E569 
 177      E2D04D34 
 177      8D78
 178 02ff 40B700B0 		.ascii	"@\267\000\260\003\205\241N\024FWP.a\005\2113\257\250"
 178      0385A14E 
 178      14465750 
 178      2E610589 
 178      33AFA8
 179 0312 EF8E207C 		.ascii	"\357\216 |\242\243p7\000\216\014\360\320\324\023\027"
 179      A2A37037 
 179      008E0CF0 
 179      D0D41317 
 180 0322 F3677AEC 		.ascii	"\363gz\354\037D\356\021\\\311\230\032\1775\251\361U"
 180      1F44EE11 
 180      5CC9981A 
 180      7F35A9F1 
 180      55
 181 0333 822A8672 		.ascii	"\202*\206r\253H\013\313\226\030qb\024l\355\252j\335"
 181      AB480BCB 
 181      96187162 
 181      146CEDAA 
 181      6ADD
 182 0345 3F946851 		.ascii	"?\224hQX\330\364p\346\266\265($\317!\324\315\243\213"
 182      58D8F470 
 182      E6B6B528 
 182      24CF21D4 
ARM GAS  /var/folders/qd/4mxf5pkd0zdf0b9dd1hp39180000gn/T//ccUGrjEI.s 			page 14


 182      CDA38B
 183 0358 A411FC7E 		.ascii	"\244\021\374~\203\246\313\2516\201\004\270\355/\012"
 183      83A6CBA9 
 183      368104B8 
 183      ED2F0A
 184 0367 4AA22C08 		.ascii	"J\242,\010\372\025\337\326\031\304\032\362V@*\245\""
 184      FA15DFD6 
 184      19C41AF2 
 184      56402AA5 
 184      22
 185 0378 C49A28F2 		.ascii	"\304\232(\362-(\322\005\212t\213\2120\316W\212f$\301"
 185      2D28D205 
 185      8A748B8A 
 185      30CE578A 
 185      6624C1
 186 038b 08623591 		.ascii	"\010b5\2214j<\233Q\342?\035\234&\371v\312M\360\250\310"
 186      346A3C9B 
 186      51E23F1D 
 186      9C26F976 
 186      CA4DF0A8 
 187 03a0 DF1096BF 		.ascii	"\337\020\226\277\316\013-\247u\270\215%\354\335\206"
 187      CE0B2DA7 
 187      75B88D25 
 187      ECDD86
 188 03af E3C91A7C 		.ascii	"\343\311\032|\2235>o,jP\343.\326(/,j\342\361]\3268Z"
 188      93353E6F 
 188      2C6A50E3 
 188      2ED6282F 
 188      2C6AE2F1 
 189 03c7 D6BB15E1 		.ascii	"\326\273\025\341\207\254\361$\345\270\035?c\367\316"
 189      87ACF124 
 189      E5B81D3F 
 189      63F7CE
 190 03d6 FD695779 		.ascii	"\375iWy\346\373Uhf\246\356\353V\261\245\322M\026\307"
 190      E6FB5568 
 190      66A6EEEB 
 190      56B1A5D2 
 190      4D16C7
 191 03e9 C9D6C3E5 		.ascii	"\311\326\303\345\032<Dm\003\007\033\357\374\020\014"
 191      1A3C446D 
 191      03071BEF 
 191      FC100C
 192 03f8 8A43A6C0 		.ascii	"\212C\246\300\025N~r\005\247Cp\335;&J_\007\322\177\017"
 192      154E7E72 
 192      05A74370 
 192      DD3B264A 
 192      5F07D27F 
 193 040d 62F682A8 		.ascii	"b\366\202\250\023\305,AL{b\356\216\314\022\\NL\255\357"
 193      13C52C41 
 193      4C7B62EE 
 193      8ECC125C 
 193      4E4CADEF 
 194 0421 7A5BDF41 		.ascii	"z[\337A\262\271\234\216\240S\017X\374@\037\366\212\351"
 194      B2B99C8E 
 194      A0530F58 
 194      FC401FF6 
 194      8AE9
ARM GAS  /var/folders/qd/4mxf5pkd0zdf0b9dd1hp39180000gn/T//ccUGrjEI.s 			page 15


 195 0433 D80FE23F 		.ascii	"\330\017\342?\007\251\036A\031\204\362\014J\037\224"
 195      07A91E41 
 195      1984F20C 
 195      4A1F94
 196 0442 C75086A0 		.ascii	"\307P\206\240<\205\362#\224\001(O<)K\030\334\320\313"
 196      3C85F223 
 196      9401284F 
 196      3C294B18 
 196      DCD0CB
 197 0455 0C1E7A33 		.ascii	"\014\036z3\270\210\024\271B\254\207\"d\353{\223\363"
 197      B88814B9 
 197      42AC8722 
 197      64EB7B93 
 197      F3
 198 0466 5558BB15 		.ascii	"UX\273\025\276\033\274\255\353\221\267\030}\012\347"
 198      BE1BBCAD 
 198      EB91B718 
 198      7D0AE7
 199 0475 F7BDCD4F 		.ascii	"\367\275\315O\277`^\257\360~\311\333\274F\346\"&\342"
 199      BF605EAF 
 199      F07EC9DB 
 199      BC46E622 
 199      26E2
 200 0487 B1109A88 		.ascii	"\261\020\232\210\275\023W\017suK9k\017&\2355EXM\012"
 200      BD13570F 
 200      73754B39 
 200      6B0F269D 
 200      3545584D 
 201 049c E0DAC981 		.ascii	"\340\332\311\201\225<\037(\302\372n\362\260$\347\260"
 201      953C1F28 
 201      C2FA6EF2 
 201      B024E7B0 
 202 04ac 0EC78AB4 		.ascii	"\016\307\212\264\314\3746,\201\313\223\213F\315!%]\215"
 202      CCFC362C 
 202      81CB938B 
 202      46CD2125 
 202      5D8D
 203 04be 03256A3C 		.ascii	"\003%j<\306\366\307\312\012\307B\024>\215E{\357\270"
 203      C6F6C7CA 
 203      0AC74214 
 203      3E8D457B 
 203      EFB8
 204 04d0 1FD92A46 		.ascii	"\037\331*Fa\354\260\274\347\221\330}\244\022\032\201"
 204      61ECB0BC 
 204      E791D87D 
 204      A4121A81 
 205 04e0 0CFA7FB2 		.ascii	"\014\372\177\262\011\350\034\272<|G\253\373\304s\326"
 205      09E81CBA 
 205      3C7C47AB 
 205      FBC473D6 
 206 04f0 5278794D 		.ascii	"RxyM\217!\235H\004l\317\244\356\276\037\210\267\252"
 206      8F219D48 
 206      046CCFA4 
 206      EEBE1F88 
 206      B7AA
 207 0502 28F5ACDA 		.ascii	"(\365\254\332\317\263\375Q\270N\334\346\032\246\222"
 207      CFB3FD51 
ARM GAS  /var/folders/qd/4mxf5pkd0zdf0b9dd1hp39180000gn/T//ccUGrjEI.s 			page 16


 207      B84EDCE6 
 207      1AA692
 208 0511 FD0025F1 		.ascii	"\375\000%\361:4.\223\207\341P\371\360\216\004>|\"\300"
 208      3A342E93 
 208      87E150F9 
 208      F08E043E 
 208      7C22C0
 209 0524 F077BBDA 		.ascii	"\360w\273\332\021[\315:\262\313\227\267\247\007\213"
 209      115BCD3A 
 209      B2CB97B7 
 209      A7078B
 210 0533 AB993C7E 		.ascii	"\253\231<~\266\363FW\020\316TMx\215Z\377\342k\324zv"
 210      B6F34657 
 210      10CE544D 
 210      788D5AFF 
 210      E26BD47A 
 211 0548 D8F55CBB 		.ascii	"\330\365\\\273\332\214\360~F\367F\337W\330\327KE*\360"
 211      DA8CF07E 
 211      46F746DF 
 211      57D8D74B 
 211      452AF0
 212 055b 582F1E44 		.ascii	"X/\036D\233\371\231\350c\336s\020m\377m\317\030y\251"
 212      9BF999E8 
 212      63DE7310 
 212      6DFF6DCF 
 212      1879A9
 213 056e D8C26B51 		.ascii	"\330\302kQ\012\357\211k=;\207\324\205\305;\234\301p"
 213      0AEF896B 
 213      3D3B87D4 
 213      85C53B9C 
 213      C170
 214 0580 F4C06632 		.ascii	"\364\300f2a\206\034\340%\231'\002~\302\263\351\331\006"
 214      61861CE0 
 214      25992702 
 214      7EC2B3E9 
 214      D906
 215 0592 185BF930 		.ascii	"\030[\3710\264\003\312v^y\376<?\206\307\362vl\027\262"
 215      B403CA76 
 215      5E79FE3C 
 215      3F86C7F2 
 215      766C17B2 
 216 05a6 DD4CBE6A 		.ascii	"\335L\276j\220\217\214\232$\225\031\251\326/\330\252"
 216      908F8C9A 
 216      249519A9 
 216      D62FD8AA 
 217 05b6 00A389AB 		.ascii	"\000\243\211\253\202x\253)\020W\005a\354\344\275\\M"
 217      8278AB29 
 217      10570561 
 217      ECE4BD5C 
 217      4D
 218 05c7 C85C62FE 		.ascii	"\310\\b\376m8K\\\362\322T:)0[\025 \347`\301\323g\030"
 218      6D384B5C 
 218      F2D2543A 
 218      29305B15 
 218      20E760C1 
 219 05de 37AAA99C 		.ascii	"7\252\251\234)\347\236\227`O\346^)\240\231\233\016\203"
 219      29E79E97 
ARM GAS  /var/folders/qd/4mxf5pkd0zdf0b9dd1hp39180000gn/T//ccUGrjEI.s 			page 17


 219      604FE65E 
 219      29A0999B 
 219      0E83
 220 05f0 3F954522 		.ascii	"?\225E\"\374\2742W\322\005\245\201\034?%\015\340=\250"
 220      FCBC3257 
 220      D205A581 
 220      1C3F250D 
 220      E03DA8
 221 0603 71D4F2CA 		.ascii	"q\324\362\312\314L\347\225\231\231\301\223\324\2425"
 221      CC4CE795 
 221      9999C193 
 221      D4A235
 222 0612 181F692C 		.ascii	"\030\037i,\030Q\341fF\256\277\372~\236\306\327d\177"
 222      1851E166 
 222      46AEBFFA 
 222      7E9EC6D7 
 222      647F
 223 0624 C6FB7E83 		.ascii	"\306\373~\203|\265\236\276A\356\002\351v\362^o\220\244"
 223      7CB59EBE 
 223      41EE02E9 
 223      76F25E6F 
 223      90A4
 224 0636 1780CE9E 		.ascii	"\027\200\316\236\257\254\012\350\202W\010\370D@S)W\204"
 224      AFAC0AE8 
 224      825708F8 
 224      44405329 
 224      5784
 225 0648 D82FD4A4 		.ascii	"\330/\324\244\320\366\270t!\326\017\275<\253DS\322\220"
 225      D0F6B874 
 225      21D60FBD 
 225      3CAB4453 
 225      D290
 226 065a 86204F0F 		.ascii	"\206 O\017/\372\340%\277\364Ot\200\224^\331s\006']\034"
 226      2FFAE025 
 226      BFF44F74 
 226      80945ED9 
 226      7306275D 
 227 066f B3677CE4 		.ascii	"\263g|\344q\254\213\227\301\024C^\340\312y\036{H\311"
 227      71AC8B97 
 227      C114435E 
 227      E0CA791E 
 227      7B48C9
 228 0682 4122716A 		.ascii	"A\"qjZz\266\025\351\272\341}\012V\002\307\245ib\351"
 228      5A7AB615 
 228      E9BAE17D 
 228      0A5602C7 
 228      A56962E9 
 229 0696 7AFBA6A9 		.ascii	"z\373\246\251bT\203;\350\034\240\373\317\373\317\373"
 229      6254833B 
 229      E81CA0FB 
 229      CFFBCFFB 
 230 06a6 AB783641 		.ascii	"\253x6A(NE\372\322\034G*\32432iB8\204\251<\315:\351"
 230      284E45FA 
 230      D21C472A 
 230      D4333269 
 230      423884A9 
 231 06be D5894359 		.ascii	"\325\211CY\374\014\370\335\303\253\030H\307\251\336"
ARM GAS  /var/folders/qd/4mxf5pkd0zdf0b9dd1hp39180000gn/T//ccUGrjEI.s 			page 18


 231      FC0CF8DD 
 231      C3AB1848 
 231      C7A9DE
 232 06cd 11F472B6 		.ascii	"\021\364r\266\220\335-\270\306+p\352\205\024X#\350-"
 232      90DD2DB8 
 232      C62B70EA 
 232      85145823 
 232      E82D
 233 06df 628676CB 		.ascii	"b\206v\313\263\003\267\360\373o\276\033\241L\276\013"
 233      B303B7F0 
 233      FB6FBE1B 
 233      A14CBE0B 
 234 06ef 18EDE55F 		.ascii	"\030\355\345_&\373\332nGC\000N\366\243d6\3276\273\247"
 234      26FBDA6E 
 234      4743004E 
 234      F6A36436 
 234      D736BBA7 
 235 0703 50320491 		.ascii	"P2\004\221\221\351\337\322\361\320\317Cp?O;O?\356\272"
 235      91E9DFD2 
 235      F1D0CF43 
 235      703F4F3B 
 235      4F3FEEBA 
 236 0717 1EA464F8 		.ascii	"\036\244d\370\301\257\024\004\277\240\004?\227\010\226"
 236      C1AF1404 
 236      BFA0043F 
 236      970896
 237 0726 37E476F8 		.ascii	"7\344v\370\211\004[\367\352`!%\013\344\245\025\314\320"
 237      89045BF7 
 237      EA602125 
 237      0BE4A515 
 237      CCD0
 238 0738 3E99E03E 		.ascii	">\231\340>o\202\331\224\340\350\255\333}<\336\301\010"
 238      6F82D994 
 238      E0E8ADDB 
 238      7D3CDEC1 
 238      08
 239 0749 9EA9ABDA 		.ascii	"\236\251\253\332\242\245dH\3561\202\371#{;U\036\202"
 239      A2A56448 
 239      EE3182F9 
 239      237B3B55 
 239      1E82
 240 075b B98CA0D0 		.ascii	"\271\214\240\320|\2643\330'\301\003\224`\236D0\265y"
 240      7CB433D8 
 240      27C10394 
 240      609E4430 
 240      B579
 241 076d 6FB74624 		.ascii	"o\267F$X?\313\303\017\254P\216\314/\307\233\337A\312"
 241      583FCBC3 
 241      0FAC508E 
 241      CC2FC79B 
 241      DF41CA
 242 0780 EFE141C7 		.ascii	"\357\341A\307\316`\274\3177\277\361=;\362\374<\242\036"
 242      CE60BCCF 
 242      37BFF13D 
 242      3BF2FC3C 
 242      A21E
 243 0792 62FC1AEE 		.ascii	"b\374\032\356\3264\260i'[\331a\326y\375\310\263?\372"
ARM GAS  /var/folders/qd/4mxf5pkd0zdf0b9dd1hp39180000gn/T//ccUGrjEI.s 			page 19


 243      D634B069 
 243      275BD961 
 243      D679FDC8 
 243      B33FFA
 244 07a5 E47C8472 		.ascii	"\344|\204r.\2208\357:S]\351\017\234\273\351\202\014"
 244      2E9038EF 
 244      3A535DE9 
 244      0F9CBBE9 
 244      820C
 245 07b7 1D29FE4E 		.ascii	"\035)\376N\330\242\245V(_\346\234\317\263o`TH\271>\252"
 245      D8A2A556 
 245      285FE69C 
 245      CFB36F60 
 245      5448B93E 
 246 07cc 4F5E874F 		.ascii	"O^\207O"
 247 07d0 32AA6DED 		.ascii	"2\252m\355\3162\361\014\011 \314\277\371\254\312\237"
 247      CE32F10C 
 247      0920CCBF 
 247      F9ACCA9F 
 248 07e0 9D215F93 		.ascii	"\235!_\223\3079\215O3\265\330\305lG{\257\215\352\230"
 248      C7398D4F 
 248      33B5D8C5 
 248      6C477BAF 
 248      8DEA98
 249 07f3 2D59DBC3 		.ascii	"-Y\333\303u\233\277@\344SO\020w\034\350\2277\234\023"
 249      759BBF40 
 249      E4534F10 
 249      771CE897 
 249      379C13
 250 0806 3C6C03B0 		.ascii	"<l\003\260'\242b\236~\346\265\014T\016\351\360%\352"
 250      27A2629E 
 250      7EE6B50C 
 250      540EE9F0 
 250      25EA
 251 0818 4975D471 		.ascii	"Iu\324q\244W\205\302g\"0G\332|\351s\235C\245\240\327"
 251      A45785C2 
 251      67223047 
 251      DA7CE973 
 251      9D43A5A0 
 252 082d 49912D5C 		.ascii	"I\221-\\Y\002\270\357\375\027\351\206{\015\255\3516"
 252      5902B8EF 
 252      FD17E986 
 252      7B0DADE9 
 252      36
 253 083e 25E40978 		.ascii	"%\344\011x\006\207^\233\211\346\301&u\0126\251R\212"
 253      06875E9B 
 253      89E6C126 
 253      750A36A9 
 253      528A
 254 0850 771A76CC 		.ascii	"w\032v\314\022\006x\256\241\251=($M\334O\337B\324w\021"
 254      120678AE 
 254      A1A93D28 
 254      244DDC4F 
 254      DF42D477 
 255 0865 3C3F464F 		.ascii	"<?FO\2323|\210\304\222X\237\330W7\350\257\025}o\371"
 255      9A337C88 
 255      C492589F 
ARM GAS  /var/folders/qd/4mxf5pkd0zdf0b9dd1hp39180000gn/T//ccUGrjEI.s 			page 20


 255      D85737E8 
 255      AF157D6F 
 256 087a 6FBEAFDF 		.ascii	"o\276\257\337\332\266D\351\372\313\237r\375\270\265"
 256      DAB644E9 
 256      FACB9F72 
 256      FDB8B5
 257 0889 BC5F3B3B 		.ascii	"\274_;;O\270\346\242+s\353m\247\220\264\031\016\244"
 257      4FB8E6A2 
 257      2B73EB6D 
 257      A790B419 
 257      0EA4
 258 089b 323E041D 		.ascii	"2>\004\035\207I\202\025\250\030|\024z\376\012\337cg"
 258      87498215 
 258      A8187C14 
 258      7AFE0ADF 
 258      6367
 259 08ad F9D930B6 		.ascii	"\371\3310\266\367d\352\307Z|\205\351\3578z\256T\355"
 259      F764EAC7 
 259      5A7C85E9 
 259      EF387AAE 
 259      54ED
 260 08bf 53F00A49 		.ascii	"S\360\012I\360c\214\343\243\236\374B\265w\374\362I["
 260      F0638CE3 
 260      A39EFC42 
 260      B577FCF2 
 260      495B
 261 08d1 49495648 		.ascii	"IIVH$Kk\366\374\250\365\016\311\247uNz\316~\235\030"
 261      244B6BF6 
 261      FCA8F50E 
 261      C9A7754E 
 261      7ACE7E9D 
 262 08e6 D2B72F25 		.ascii	"\322\267/%e\273\222B\32191\034X\257\212\201\345b8U4"
 262      65BB9242 
 262      D139311C 
 262      58AF8A81 
 262      E5623855 
 263 08fb 9CCAC281 		.ascii	"\234\312\302\201\307:\345!E\022U\016\301%\036R.zH\345"
 263      C73AE521 
 263      4512550E 
 263      C1251E52 
 263      2E7A48E5 
 264 090f 0ADD3D08 		.ascii	"\012\335=\010w\210\271\327\2214&~\271\004\221\325\364"
 264      7788B9D7 
 264      9134267E 
 264      B90491D5 
 264      F4
 265 0920 7D7B9E98 		.ascii	"}{\236\230\247\275\364\337\001\017\312.\210\377@\012"
 265      A7BDF4DF 
 265      010FCA2E 
 265      88FF400A 
 266 0930 241F32EE 		.ascii	"$\0372\356\003\217\374}*uQR\252\232)%8\236\337\323y"
 266      038FFC7D 
 266      2A755152 
 266      AA9A2925 
 266      389EDFD3 
 267 0945 2B750142 		.ascii	"+u\001Bp\323\020jh\354\027\245\330\017\271\235\345/"
 267      70D3106A 
ARM GAS  /var/folders/qd/4mxf5pkd0zdf0b9dd1hp39180000gn/T//ccUGrjEI.s 			page 21


 267      68EC17A5 
 267      D80FB99D 
 267      E52F
 268 0957 28E5D3FA 		.ascii	"(\345\323\372\353\244\236\021i\362o\314bJ\325\212J\301"
 268      EBA49E11 
 268      69F26FCC 
 268      624AD58A 
 268      4AC1
 269 0969 CEA11878 		.ascii	"\316\241\030x^T\252\216\237\315\251bM\266\017\177\035"
 269      5E54AA8E 
 269      9FCDA962 
 269      4DB60F7F 
 269      1D
 270 097a 19A9677F 		.ascii	"\031\251g\177V\233~\223)FoK\210\322\307\233b\"\2434"
 270      569B7E93 
 270      29466F4B 
 270      88D2C79B 
 270      6222A334 
 271 098e EFFCE5BD 		.ascii	"\357\374\345\275\320%\363\347sZ\2431\321\022g\177m\201"
 271      D025F3E7 
 271      735AA331 
 271      D112677F 
 271      6D81
 272 09a0 D19E81F4 		.ascii	"\321\236\201\364o\307\307\307X\242Lv\2135\316\246_\026"
 272      6FC7C7C7 
 272      58A24C76 
 272      8B35CEA6 
 272      5F16
 273 09b2 156389B7 		.ascii	"\025c\211\267\231\215\346\210\370\304\250\017\027D\232"
 273      998DE688 
 273      F8C4A80F 
 273      17449A
 274 09c1 E2E3F54B 		.ascii	"\342\343\365K\254qvs\234\375\205\207\372uVk\214M\277"
 274      AC717673 
 274      9CFD8587 
 274      FA75566B 
 274      8C4DBF
 275 09d4 312A2AC2 		.ascii	"1**\302\224\020\033\021g\2153G\230M\177\263D,\212X0"
 275      94101B11 
 275      678D3347 
 275      984D7FB3 
 275      442C8A58 
 276 09e9 6FFEA288 		.ascii	"o\376\242\210\177,\214\2105\375\335\232\240\237\360"
 276      7F2C8C88 
 276      35FDDD9A 
 276      A09FF0
 277 09f8 546F898B 		.ascii	"To\211\213\212I\2146\353cMQ\233,qf\2751\332\274\301"
 277      8A498C36 
 277      EB634D51 
 277      9B2C7166 
 277      BD31DABC 
 278 0a0d 94186337 		.ascii	"\224\030c7\332?\2127\333\"7q\032\211\\\312\317G\316"
 278      DA3F8A37 
 278      DB223771 
 278      1A895CCA 
 278      CF47CE
 279 0a20 F6914D6F 		.ascii	"\366\221Mo\264\331\243\201\0110\322Y\254\361\326\004"
ARM GAS  /var/folders/qd/4mxf5pkd0zdf0b9dd1hp39180000gn/T//ccUGrjEI.s 			page 22


 279      B4D9A381 
 279      0930D259 
 279      ACF1D604 
 280 0a30 3B91D768 		.ascii	";\221\327h\237\357-0yd\323\257]\267\352\265\005\372"
 280      9FEF2D30 
 280      7964D3AF 
 280      5DB7EAB5 
 280      05FA
 281 0a42 952B97EA 		.ascii	"\225+\227\352\337Y\263b\365?\027\020\315\21511\3210"
 281      DF59B362 
 281      F53F1710 
 281      CD8D3131 
 281      D130
 282 0a54 DC8F5858 		.ascii	"\334\217XX\242Uo\377\331\260\234\374\254T\255\\\362"
 282      A2556FFF 
 282      D9B09CFC 
 282      AC54AD5C 
 282      F2
 283 0a65 AE41B578 		.ascii	"\256A\265x\255\301\200\336G\313\325Q1fS\2028)\363\177"
 283      ADC180DE 
 283      47CBD551 
 283      31665382 
 283      3829F37F 
 284 0a79 6FB46BA4 		.ascii	"o\264k\244\033l3\333\361\352\245\006\274b\251A\275\346"
 284      1B6C33DB 
 284      F1EAA506 
 284      BC62A941 
 284      BDE6
 285 0a8b BD354B0D 		.ascii	"\2755K\015SV\257]\263l\331R\203\337\352u\353\327,3\250"
 285      5356AF5D 
 285      B36CD952 
 285      83DFEA75 
 285      EBD72C33 
 286 0aa0 57AD5EBA 		.ascii	"W\255^\272\314\200\027\033\014:\233=\0264\333\030o\261"
 286      CC80171B 
 286      0C3A9B3D 
 286      1634DB18 
 286      6FB1
 287 0ab2 1AED5AC6 		.ascii	"\032\355Z\306\327\022m\264\373Y7l\000/:\342\322\270"
 287      D7126DB4 
 287      FB59376C 
 287      002F3AE2 
 287      D2B8
 288 0ac4 C164B3BF 		.ascii	"\301d\263\277a\264'\377\214\272J\222\316\362VQ\262 "
 288      61B427FF 
 288      8CBA4A92 
 288      CEF25651 
 288      B220
 289 0ad6 A9BA8953 		.ascii	"\251\272\211S\257X\2758\321\246\261Xc\255\321f\010\010"
 289      AF58BD38 
 289      D1A6B158 
 289      63ADD166 
 289      0808
 290 0ae8 7A0D6653 		.ascii	"z\015fS4\364\375\306g~s\001P\275\237`\261\233\301,\020"
 290      34F4FDC6 
 290      677E7301 
 290      50BD9F60 
ARM GAS  /var/folders/qd/4mxf5pkd0zdf0b9dd1hp39180000gn/T//ccUGrjEI.s 			page 23


 290      B19BC12C 
 291 0afd EED79AED 		.ascii	"\356\327\232\355p\267\012<\374\322(\316\206\021\264"
 291      70B70A3C 
 291      FCD228CE 
 291      8611B4
 292 0b0c D898604D 		.ascii	"\330\230`M\214'~\003\215\306\015\211qQFc\344\242\327"
 292      8C277E03 
 292      8DC60D89 
 292      71514663 
 292      E4A2D7
 293 0b1f 17BEA991 		.ascii	"\027\276\251\221Z\252\250M\246\004\345\263\327\027N"
 293      5AAAA84D 
 293      A604E5B3 
 293      D7174E
 294 0b2e 68BDF91F 		.ascii	"h\275\371\037N\300\2045"
 294      4EC08435 
 295              		.text
 296              		.section	.gnu.lto_.symtab.f4c296cf79da34cf,"",%progbits
 297 0000 70616C52 		.ascii	"palReadBus\000"
 297      65616442 
 297      757300
 298 000b 00       		.ascii	"\000"
 299 000c 00       		.ascii	"\000"
 300 000d 00       		.ascii	"\000"
 301 000e 00000000 		.ascii	"\000\000\000\000\000\000\000\000"
 301      00000000 
 302 0016 1B010000 		.ascii	"\033\001\000\000"
 303 001a 70616C57 		.ascii	"palWriteBus\000"
 303      72697465 
 303      42757300 
 304 0026 00       		.ascii	"\000"
 305 0027 00       		.ascii	"\000"
 306 0028 00       		.ascii	"\000"
 307 0029 00000000 		.ascii	"\000\000\000\000\000\000\000\000"
 307      00000000 
 308 0031 20010000 		.ascii	" \001\000\000"
 309 0035 70616C53 		.ascii	"palSetBusMode\000"
 309      65744275 
 309      734D6F64 
 309      6500
 310 0043 00       		.ascii	"\000"
 311 0044 00       		.ascii	"\000"
 312 0045 00       		.ascii	"\000"
 313 0046 00000000 		.ascii	"\000\000\000\000\000\000\000\000"
 313      00000000 
 314 004e 25010000 		.ascii	"%\001\000\000"
 315 0052 5F70616C 		.ascii	"_pal_lld_setgroupmode\000"
 315      5F6C6C64 
 315      5F736574 
 315      67726F75 
 315      706D6F64 
 316 0068 00       		.ascii	"\000"
 317 0069 02       		.ascii	"\002"
 318 006a 00       		.ascii	"\000"
 319 006b 00000000 		.ascii	"\000\000\000\000\000\000\000\000"
 319      00000000 
 320 0073 2B010000 		.ascii	"+\001\000\000"
ARM GAS  /var/folders/qd/4mxf5pkd0zdf0b9dd1hp39180000gn/T//ccUGrjEI.s 			page 24


 321              		.text
 322              		.section	.gnu.lto_.opts,"",%progbits
 323 0000 272D666D 		.ascii	"'-fmath-errno' '-fsigned-zeros' '-ftrapping-math' '"
 323      6174682D 
 323      6572726E 
 323      6F272027 
 323      2D667369 
 324 0033 2D666E6F 		.ascii	"-fno-trapv' '-fno-openmp' '-fno-openacc' '-mcpu=cor"
 324      2D747261 
 324      70762720 
 324      272D666E 
 324      6F2D6F70 
 325 0066 7465782D 		.ascii	"tex-m4' '-mno-thumb-interwork' '-mthumb' '-O2' '-fo"
 325      6D342720 
 325      272D6D6E 
 325      6F2D7468 
 325      756D622D 
 326 0099 6D69742D 		.ascii	"mit-frame-pointer' '-falign-functions=16' '-ffuncti"
 326      6672616D 
 326      652D706F 
 326      696E7465 
 326      72272027 
 327 00cc 6F6E2D73 		.ascii	"on-sections' '-fdata-sections' '-fno-common' '-flto"
 327      65637469 
 327      6F6E7327 
 327      20272D66 
 327      64617461 
 328 00ff 2700     		.ascii	"'\000"
 329              		.text
 330              		.comm	__gnu_lto_v1,1,1
 331              		.comm	__gnu_lto_slim,1,1
 332              		.ident	"GCC: (GNU Tools for Arm Embedded Processors 7-2017-q4-major) 7.2.1 20170904 (release) [ARM
ARM GAS  /var/folders/qd/4mxf5pkd0zdf0b9dd1hp39180000gn/T//ccUGrjEI.s 			page 25


DEFINED SYMBOLS
                            *ABS*:0000000000000000 pal.c
                            *COM*:0000000000000001 __gnu_lto_v1
                            *COM*:0000000000000001 __gnu_lto_slim

NO UNDEFINED SYMBOLS
