ARM GAS  /var/folders/qd/4mxf5pkd0zdf0b9dd1hp39180000gn/T//ccmstDfg.s 			page 1


   1              		.cpu cortex-m4
   2              		.eabi_attribute 20, 1
   3              		.eabi_attribute 21, 1
   4              		.eabi_attribute 23, 3
   5              		.eabi_attribute 24, 1
   6              		.eabi_attribute 25, 1
   7              		.eabi_attribute 26, 1
   8              		.eabi_attribute 30, 2
   9              		.eabi_attribute 34, 1
  10              		.eabi_attribute 18, 4
  11              		.file	"pal_lld.c"
  12              		.section	.gnu.lto_.profile.68833098254d12c,"",%progbits
  13 0000 789C6363 		.ascii	"x\234cc```\003bF\2066\306\026F\000\003\310\001\032"
  13      60606003 
  13      62468636 
  13      C6164600 
  13      03C8011A 
  14              		.text
  15              		.section	.gnu.lto_.icf.68833098254d12c,"",%progbits
  16 0000 789C6363 		.ascii	"x\234cc``\340c@\000&\206I\357\036\354\342g\354\275\277"
  16      6060E063 
  16      40002686 
  16      49EF1EEC 
  16      E267ECBD 
  17 0015 78293B03 		.ascii	"x);\003\000/g\005\374"
  17      002F6705 
  17      FC
  18              		.text
  19              		.section	.gnu.lto_.jmpfuncs.68833098254d12c,"",%progbits
  20 0000 789C6363 		.ascii	"x\234cc``\220a@\000&\006FF\306\3729\314\014\214\314"
  20      60609061 
  20      40002606 
  20      4646C6FA 
  20      39CC0C8C 
  21 0015 40063B90 		.ascii	"@\006;\220\005\3421\00113\003\000<b\004\264"
  21      05E23101 
  21      31330300 
  21      3C6204B4 
  22              		.text
  23              		.section	.gnu.lto_.inline.68833098254d12c,"",%progbits
  24 0000 789C6363 		.ascii	"x\234cc``\330\301\200\000L\014\014g\030N30\2623(020"
  24      6060D8C1 
  24      80004C0C 
  24      0C67184E 
  24      3330B233 
  25 0018 2B804907 		.ascii	"+\200I\0070\231\000&\033\030\301\324\002\010u\000B1"
  25      30990026 
  25      1B18C1D4 
  25      02087500 
  25      4231
  26 002a 08641C58 		.ascii	"\010d\034X\303\306\240\324\360\213\221\211\201\361\005"
  26      C3C6A0D4 
  26      F08B9189 
  26      81F105
  27 0039 3B0B8404 		.ascii	";\013\204\004\021\034`&\007\210\020\0003\005@\204\002"
  27      111C6026 
  27      07881000 
ARM GAS  /var/folders/qd/4mxf5pkd0zdf0b9dd1hp39180000gn/T//ccmstDfg.s 			page 2


  27      33054084 
  27      02
  28 004a 98A90022 		.ascii	"\230\251\000\"\034\300L\007\020\321\000\321\015\264"
  28      1CC04C07 
  28      10D100D1 
  28      0DB4
  29 0058 02443241 		.ascii	"\002D2A8L W12\330\354bddd\002Z\306\300\034ri\2450\203"
  29      384C2057 
  29      3132D8EC 
  29      62646464 
  29      025AC6C0 
  30 0072 D085C540 		.ascii	"\320\205\305@\005B\027z\030Y\300\356\006\000\325\012"
  30      0542177A 
  30      1859C0EE 
  30      0600D50A 
  31 0082 1FB2     		.ascii	"\037\262"
  32              		.text
  33              		.section	.gnu.lto_.pureconst.68833098254d12c,"",%progbits
  34 0000 789C6363 		.ascii	"x\234cc```\005b&\006)F)\000\000\374\000C"
  34      60606005 
  34      62260629 
  34      46290000 
  34      FC0043
  35              		.text
  36              		.section	.gnu.lto__pal_lld_init.68833098254d12c,"",%progbits
  37 0000 789CA599 		.ascii	"x\234\245\231YPSW\030\307\35797\204@Bp\337\027\\\020"
  37      59505357 
  37      18C7EF39 
  37      37844042 
  37      70DF175C 
  38 0015 F5C14C6D 		.ascii	"\365\301Lm\037:\366\245\017\235\351\264c\247\355\264"
  38      1F3AF6A5 
  38      0F9DE9B4 
  38      63A7EDB4 
  39 0025 AF9D8EB5 		.ascii	"\257\235\216\265S\353\214S\235\332\351\253\227ED\343"
  39      53EB8C53 
  39      9DDAE9AB 
  39      974544E3 
  40 0035 42115031 		.ascii	"B\021P1\225X\265\240U#\242\242\010\022AQQ@\021Q\301"
  40      9558B5A0 
  40      5523A2A2 
  40      08124151 
  40      51401151 
  41 004a 0541D108 		.ascii	"\005A\321\010.\270\342\006=\337w\317\361\336\224f\314"
  41      2EB8E206 
  41      3DDF77CF 
  41      F1DE9466 
  41      CC
  42 005b CD65E433 		.ascii	"\315e\3443\227\234\374\317\357|\367\313/\214Z%I\232"
  42      979CFCCF 
  42      EF7CF7CB 
  42      2F8C5A25 
  42      499A
  43 006d 3A5E923E 		.ascii	":^\222>f\177\217f\337D\226\010\315\254\223\244d\033"
  43      667F8F66 
  43      DF449608 
  43      CDAC93A4 
ARM GAS  /var/folders/qd/4mxf5pkd0zdf0b9dd1hp39180000gn/T//ccmstDfg.s 			page 3


  43      641B
  44 007f 25041E28 		.ascii	"%\004\036(6\"-\241d\011Y)g\313\244rY\307!:\255@a_\376"
  44      36222DA1 
  44      64095929 
  44      67CBA472 
  44      59C7213A 
  45 0098 753DD674 		.ascii	"u=\326te\351\010\217,I\271\354\033\276H1\231\306V\235"
  45      65E9088F 
  45      2C49B9EC 
  45      1BBE4831 
  45      99C6569D 
  46 00ac 4BDBE391 		.ascii	"K\333\343\221\335\262G&\304\302.\273k\363\332\235pI"
  46      DDB24726 
  46      C4C22EBB 
  46      6BF3DA9D 
  46      7049
  47 00be 4902BB0C 		.ascii	"I\002\273\014\364\372n[\344\017\210\304\036\037\350"
  47      F4FA6E5B 
  47      E40F88C4 
  47      1E1FE8
  48 00cd CAAFB627 		.ascii	"\312\257\266'mS\224\024\305\337\265UV&{d\366C\"\263"
  48      6D539414 
  48      C5DFB555 
  48      56267B64 
  48      F64322B3 
  49 00e1 40B29F8C 		.ascii	"@\262\237\214!\373\310\030\211\375H\"%$\011\326\267"
  49      21FBC818 
  49      89FD4822 
  49      252409D6 
  49      B7
  50 00f2 15F5E6C4 		.ascii	"\025\365\346\304Y-\352\206\344 \261J\204=\3605D\371"
  50      592DEA86 
  50      E420B14A 
  50      843DF035 
  50      44F9
  51 0104 95DEBE65 		.ascii	"\225\336\276e,c\033)\371|6a\257\261P(Q\004^i\205\207"
  51      2C631B29 
  51      F97C3661 
  51      AFB15028 
  51      51045E69 
  52 011a D1506C50 		.ascii	"\321PlPb\240\304B\261Cq@\211\203\342\204\022\017e\000"
  52      62A0C442 
  52      B1437140 
  52      8983E284 
  52      120F6500 
  53 012e 94815006 		.ascii	"\224\201P\006A\031\014e\010\224\241P\206A\031\016e\004"
  53      41190C65 
  53      0894A150 
  53      8641190E 
  53      6504
  54 0140 94915046 		.ascii	"\224\221PFA\031\015\005\210-c\241\214\2032\036J\002"
  54      41190D05 
  54      882D63A1 
  54      8C83321E 
  54      4A02
  55 0152 94095026 		.ascii	"\224\011P&B\231\004e2\224D(S\240$A\231\012E\2222\330"
  55      42990465 
ARM GAS  /var/folders/qd/4mxf5pkd0zdf0b9dd1hp39180000gn/T//ccmstDfg.s 			page 4


  55      32944428 
  55      53A02441 
  55      990A4592 
  56 0168 F158F315 		.ascii	"\361X\363\025\277\264\\\246\360(\325/\335%\225\245\201"
  56      BFB45CA6 
  56      F028D52F 
  56      DD2595A5 
  56      81
  57 0179 FAB970E8 		.ascii	"\372\271p\350<\231\260^\344.\255\254\217\206\266Fa+"
  57      3C99B05E 
  57      E42EADAC 
  57      8F86B646 
  57      612B
  58 018b 5B7CB59D 		.ascii	"[|\265\2356\365R\361f(\320\370\255\276\242\215\304K"
  58      36F552F1 
  58      6628D0F8 
  58      ADBEA28D 
  58      C44B
  59 019d 3625B3DB 		.ascii	"6%\263\333\225\340\221\255\244\224\265\364\020k)\254"
  59      95E091AD 
  59      A494B5F4 
  59      106B29AC 
  60 01ad CF2A6EFC 		.ascii	"\317*n\374\316\265KI#\0369\232\034f\313r\360&\2222\342"
  60      CEB54B49 
  60      231E399A 
  60      1C66CB72 
  60      F0269232 
  61 01c2 627BA5F6 		.ascii	"b{\245\366\244\023u+\252\356\226\325U\322\034\003\361"
  61      A413752B 
  61      AAEE96D5 
  61      55D21C03 
  61      F1
  62 01d3 16A2283D 		.ascii	"\026\242(=\224\224\263\030\206\324\270\002\227\031\332"
  62      9494B318 
  62      86D4B802 
  62      9719DA
  63 01e2 EC88B659 		.ascii	"\354\210\266Y\005q\261\035\244\016\222\342\335\026\317"
  63      0571B11D 
  63      A40E92E2 
  63      DD16CF
  64 01f1 83B23B32 		.ascii	"\203\262;2\236\306O/\304\031\353\365\321<\257\315#\333"
  64      9EC64F2F 
  64      C419EBF5 
  64      D13CAFCD 
  64      23DB
  65 0203 243E607E 		.ascii	"$>`~2]\177t\031\217^VY[m\345[{\013\326\314bM\214\311"
  65      325D7F74 
  65      198F5E56 
  65      595B6DE5 
  65      5B7B0BD6 
  66 021c 637D38CA 		.ascii	"c}8\312w\357vg]\"l\373L$\213%\225\010\000\223\303\236"
  66      77EF7667 
  66      5D226CFB 
  66      4C248B25 
  66      95080093 
  67 0232 DC50DE90 		.ascii	"\334P\336\220\031\273\344\015<\351u\262\235H\025q\251"
  67      19BBE40D 
ARM GAS  /var/folders/qd/4mxf5pkd0zdf0b9dd1hp39180000gn/T//ccmstDfg.s 			page 5


  67      3CE975B2 
  67      9D481571 
  67      A9
  68 0243 93758C2C 		.ascii	"\223u\214,\001\262\004\316\345\276U\230L\345\217\324"
  68      01B204CE 
  68      E5BE5598 
  68      4CE58FD4 
  69 0253 B9ED5EB7 		.ascii	"\271\355^\267\213$n\301\271\355\330\350\310S\374i,\331"
  69      8B246EC1 
  69      B9EDD8E8 
  69      C853FC69 
  69      2CD9
  70 0265 4E8E078F 		.ascii	"N\216\007\217.\"W\223D\230\334\224\034\025\331N\340"
  70      2E225793 
  70      4498DC94 
  70      1C15D94E 
  70      E0
  71 0276 60167282 		.ascii	"`\026r\202=\017\347.X#\363\015\372\216\344?\265\364"
  71      3D0FE72E 
  71      5823F30D 
  71      FA8EE43F 
  71      B5F4
  72 0288 0BB5FDF7 		.ascii	"\013\265\375\367\375\200\241'I\"\364\202\335\202\224"
  72      FD80A127 
  72      4922F482 
  72      DD8294
  73 0297 D280BBCA 		.ascii	"\322\200\273\312\371\366\275\221\206}\253\333d\305%"
  73      F9F6BD91 
  73      867DABDB 
  73      64C525
  74 02a6 6C6F7C9B 		.ascii	"lo|\233\344\252\215\022o\037r\212XI\015\234\261\006"
  74      E4AA8D12 
  74      6F1F728A 
  74      58490D9C 
  74      B106
  75 02b8 6EF1447D 		.ascii	"n\361D}KmA-e7\314\001\255<\335\277\225^\337\312Y\036"
  75      4B6D412D 
  75      6537CC01 
  75      AD3CDDBF 
  75      955EDFCA 
  76 02ce 398E9CC1 		.ascii	"9\216\234\301nR\014\225H-\216\017\233\213\355Q\020\256"
  76      6E520C95 
  76      482D8E0F 
  76      9B8BED51 
  76      10AE
  77 02e0 4FB663F2 		.ascii	"O\266c\362\356\246\332\333N5\331\011M u<\372f\335\306"
  77      EEA6DADB 
  77      4E35D909 
  77      4D20753C 
  77      FA66DDC6 
  78 02f4 6A270C49 		.ascii	"j'\014I\262\342\375\001\346\244\036\203e\036|\026Fe"
  78      B2E2FD01 
  78      E6A41E83 
  78      651E7C16 
  78      4665
  79 0306 A27AE095 		.ascii	"\242z\340\225UN\225|Rx\250\011\300y\016\343,<\256\241"
  79      554E957C 
ARM GAS  /var/folders/qd/4mxf5pkd0zdf0b9dd1hp39180000gn/T//ccmstDfg.s 			page 6


  79      5278A809 
  79      C0790EE3 
  79      2C3CAEA1 
  80 031a 1F67F860 		.ascii	"\037g\370`\3471)\212'5\002\330$\025l\225\000\233l\000"
  80      E731298A 
  80      273502D8 
  80      24156C95 
  80      009B6C00 
  81 032e EC02C659 		.ascii	"\354\002\306Yy\\\223\011\260\213\230\024\315\223.\001"
  81      795C9309 
  81      B08B9814 
  81      CD932E01 
  82 033e D864156C 		.ascii	"\330d\025l\265\000K4\000v\031\343l<\256\331\004X\013"
  82      B5004B34 
  82      007619E3 
  82      6C3CAED9 
  82      04580B
  83 0351 26C5F0A4 		.ascii	"&\305\360\244+\000\226\250\202\255\021`S\014\200]\305"
  83      2B0096A8 
  83      82AD1160 
  83      530C805D 
  83      C5
  84 0362 B8581E77 		.ascii	"\270X\036w\315\004\330uL\262\363\244V\000\233\242\202"
  84      CD04D875 
  84      4CB2F3A4 
  84      56009BA2 
  84      82
  85 0373 AD176049 		.ascii	"\255\027`I\006\300n`\234\203\307\265\231\000k\307\244"
  85      06C06E60 
  85      9C83C7B5 
  85      99006BC7 
  85      A4
  86 0384 389E7413 		.ascii	"8\236t\023\300\222T\260\015\002l\252\001\260[\030\347"
  86      C09254B0 
  86      0D026CAA 
  86      01B05B18 
  86      E7
  87 0395 E4711D26 		.ascii	"\344q\035&\300ncR<O\272\003`S\365\"C\347\274\365&X\010"
  87      C06E6352 
  87      3C4FBA03 
  87      6053F522 
  87      43E7BCF5 
  88 03ac AFBC4561 		.ascii	"\257\274Ea\371=\200~\017\022z\361\273\205~\027\231\006"
  88      F93D807E 
  88      0F127AF1 
  88      BB857E17 
  88      9906
  89 03be 84107AA7 		.ascii	"\204\020z\247\020zW\260\320\215H\374\036J\334[Rr\333"
  89      107A57B0 
  89      D08D48FC 
  89      1E4ADC5B 
  89      5272DB
  90 03d1 C6259E01 		.ascii	"\306%\236\001\022\277\317%^\034\221\304\0370C\007BK"
  90      12BFCF25 
  90      5E1C91C4 
  90      1F304307 
  90      424B
ARM GAS  /var/folders/qd/4mxf5pkd0zdf0b9dd1hp39180000gn/T//ccmstDfg.s 			page 7


  91 03e3 BC83491C 		.ascii	"\274\203I\034\226\334\013!\361\207\254\275\335p\256"
  91      96DC0B21 
  91      F187ACBD 
  91      DD70AE
  92 03f2 6E9886D1 		.ascii	"n\230\206\321\354\251[\247\326\246;T\211\217a\227\312"
  92      ECA95BA7 
  92      D6A63B54 
  92      898F6197 
  92      CA
  93 0403 2BEF0A8B 		.ascii	"+\357\012\213n8\036\361\366\025dW\271\235\301\022\177"
  93      6E381EF1 
  93      F6156457 
  93      B99DC112 
  93      7F
  94 0414 2C24FE10 		.ascii	",$\376\020\002\237\350\346\243\033\217U\2766\023\254"
  94      029FE8E6 
  94      A31B8F55 
  94      BE3613AC 
  95 0424 A7CEC77D 		.ascii	"\247\316\307}\335|\344\3465\235\211\322\317\307SamL"
  95      DD7CE4E6 
  95      359D89D2 
  95      CFC75361 
  95      6D4C
  96 0436 7A06F331 		.ascii	"z\006\3631Z\2636\242\206\311\206\203\373\\X\033\343"
  96      5AB336A2 
  96      86C98683 
  96      FB5C581B 
  96      E3
  97 0447 7A4C80BD 		.ascii	"zL\200\275\020\326\306\244\227\0006F\2636\202\2155\000"
  97      10D6C6A4 
  97      97003646 
  97      B336828D 
  97      3500
  98 0459 F64A581B 		.ascii	"\366JX\033\343^\233\000{#\254\215I\275\0006V\2636\202"
  98      E35E9B00 
  98      7B23AC8D 
  98      49BD0036 
  98      56B33682 
  99 046d 8D3300D6 		.ascii	"\2153\000\326'\254\215q\012\215\034,\231rkcR\012e`\343"
  99      27AC8D71 
  99      0A8D1C2C 
  99      99726B63 
  99      520A6560 
 100 0482 346B23D8 		.ascii	"4k#\330x\003`\251\224[\033\343\322L\200-\245\334\332"
 100      780360A9 
 100      945B1BE3 
 100      D24C802D 
 100      A5DCDA
 101 0495 98940E60 		.ascii	"\230\224\016`\3435k#X\202\001\260e\224[\033\3432L\200"
 101      E3356B23 
 101      588201B0 
 101      65945B1B 
 101      E3324C80 
 102 04a9 2DA7DCDA 		.ascii	"-\247\334\332\230\264\002\300\0224k#\330\004\003`n\312"
 102      98B402C0 
 102      12346B23 
 102      D8040360 
ARM GAS  /var/folders/qd/4mxf5pkd0zdf0b9dd1hp39180000gn/T//ccmstDfg.s 			page 8


 102      6ECA
 103 04bb AD8D712B 		.ascii	"\255\215q+M\200\255\242\334\332\230\264\032\300&\350"
 103      4D80ADA2 
 103      DCDA98B4 
 103      1AC026E8 
 104 04cb CD8592D1 		.ascii	"\315\205\222\321\254\375@X\273<,k\257\241\375\254]\361"
 104      ACFD4058 
 104      BB3C2C6B 
 104      AFA1FDAC 
 104      5DF1
 105 04dd 6E6B6722 		.ascii	"nkg\"\323\300\020\326\376\203rkg\321\210\255\275\226"
 105      D3C010D6 
 105      FE83726B 
 105      67D188AD 
 105      BD96
 106 04ef 82B58FDC 		.ascii	"\202\265\217\334\3616\305skg\202\265\263\251j\355\212"
 106      F136C573 
 106      6B6782B5 
 106      B3A96AED 
 106      8A
 107 0500 88AC9D43 		.ascii	"\210\254\235C\023\341\300\241\254\335\313\254\015K\330"
 107      13E1C0A1 
 107      ACDDCBAC 
 107      0D4BD8
 108 050f DEFF6BED 		.ascii	"\336\377k\355\\j%\353(;\027+y\362\020\260v\303\201\023"
 108      5C6A25EB 
 108      283B172B 
 108      79F210B0 
 108      76C38113 
 109 0523 4ED5DA1F 		.ascii	"N\325\332\037\302\207Lm\215\217\352\206c=U\333\267\263"
 109      C2874C6D 
 109      8D8FEA86 
 109      633D55DB 
 109      B7B3
 110 0535 BAA4D91E 		.ascii	"\272\244\331\036l\355\015\224[;\027\002\363t\363\301"
 110      6CED0D94 
 110      5B3B1702 
 110      F374F3C1 
 111 0545 C2D94B32 		.ascii	"\302\331K2\237=\257\210\026\363\301N\375v>\352\323\373"
 111      9F3DAF88 
 111      16F3C14E 
 111      FD763EEA 
 111      D3FB
 112 0557 BED68FC7 		.ascii	"\276\326\217\307F\312\245\215A\036\030\217!\232\264"
 112      46CAA58D 
 112      411E188F 
 112      219AB4
 113 0566 91746878 		.ascii	"\221thxh8\267\177R.m\214\333\0249W>\345\316\306 /p\015"
 113      6838B77F 
 113      522E6D8C 
 113      DB143957 
 113      3EE5CEC6 
 114 057e D59C8D5C 		.ascii	"\325\234\215\\\303\014pm\246\334\331\030\367W\344\\"
 114      C30C706D 
 114      A6DCD918 
 114      F757E45C 
 115 058e 5B285736 		.ascii	"[(W6\006m\005\256a\232\262\221k\270\001\256m\224+\033"
ARM GAS  /var/folders/qd/4mxf5pkd0zdf0b9dd1hp39180000gn/T//ccmstDfg.s 			page 9


 115      066D05AE 
 115      619AB291 
 115      6BB801AE 
 115      6D942B1B 
 116 05a2 E3FE8E9C 		.ascii	"\343\376\216\234\253@\030\033\203\012\201k\270fl\344"
 116      AB40181B 
 116      830A816B 
 116      B8666CE4 
 117 05b2 1A61806B 		.ascii	"\032a\200k\27306\306\355\210\234\353\037!l\014\332\011"
 117      BB3036C6 
 117      ED889CEB 
 117      1F216C0C 
 117      DA09
 118 05c4 5C233461 		.ascii	"\\#4a#\327H\003\\\273\204\2601nw\344\\>\341k\014\332"
 118      23D74803 
 118      5CBB84B0 
 118      316E77E4 
 118      5C3EE16B 
 119 05da 035C2335 		.ascii	"\003\\#5_#\327(\003\\E\302\327\030\2677r\256b\241k\014"
 119      5F23D728 
 119      035C45C2 
 119      D718B737 
 119      72AE62A1 
 120 05f0 DA075CA3 		.ascii	"\332\007\\\243\364\312B\273h\272\316\341W\336@X\272"
 120      F4CA42BB 
 120      68BACEE1 
 120      57DE4058 
 120      BA
 121 0601 DEDF5FD7 		.ascii	"\336\337_\327\235\357\326\365\001d\032\024B\327%B\327"
 121      9DEFD6F5 
 121      01641A14 
 121      42D72542 
 121      D7
 122 0612 0723D7F5 		.ascii	"\007#\327\365!\324ukEks\024\327\365z\320u)\327ugD\272"
 122      21D4756B 
 122      456B7314 
 122      D7F57AD0 
 122      7529D775 
 123 0629 3ECC5CBC 		.ascii	">\314\\\274?\264\256\233\362\255\270\344P\010]\2271"
 123      3FB4AE9B 
 123      F2ADB8E4 
 123      50085D97 
 123      31
 124 063a 5D97C34D 		.ascii	"]\227\303M(\207a\210cO\275,\336\035\340\277d7\302\322"
 124      28876188 
 124      634FBD2C 
 124      DE1DE0BF 
 124      6437C2D2 
 125 064e 5D7B3794 		.ascii	"]{7\2249t\303q\204\017\207{\375\37174\330\327\025\302"
 125      3974C371 
 125      840F877B 
 125      FDF93734 
 125      D8D715C2 
 126 0662 D76590E8 		.ascii	"\327e\220\350\327\315G9\316\207\273>\365\332\333\317"
 126      D7CD4739 
 126      CE87BB3E 
 126      F5DADBCF 
ARM GAS  /var/folders/qd/4mxf5pkd0zdf0b9dd1hp39180000gn/T//ccmstDfg.s 			page 10


 127 0672 F352DD7C 		.ascii	"\363R\335|d\245\025\265\330\364\003rT\010\033\223*a"
 127      64A515B5 
 127      D8F40372 
 127      54081B93 
 127      2A61
 128 0684 40E23461 		.ascii	"@\3424a#\2533<6\034\334*!l\214;f\002\354\27006&U\003"
 128      23AB333C 
 128      361CDC2A 
 128      216C8C3B 
 128      6602ECB8 
 129 069d 98533336 		.ascii	"\230S36\202\305\033\000;!\214\215q'M\200\235\022\312"
 129      82C51B00 
 129      3B218C8D 
 129      71274D80 
 129      9D12CA
 130 06b0 C6A41A00 		.ascii	"\306\244\032\000\213\327\224\215`\003\014\200\235\026"
 130      8BD7948D 
 130      60030C80 
 130      9D16
 131 06be CAC6B833 		.ascii	"\312\306\2703&\300j\205\2631\251\016\300\006h\316F\260"
 131      26C06A85 
 131      B331A90E 
 131      C00668CE 
 131      46B0
 132 06d0 8106C0EA 		.ascii	"\201\006\300\352\205\2631\356\254\011\260sB\332\230"
 132      85B331EE 
 132      AC09B073 
 132      42DA98
 133 06df D4006003 		.ascii	"\324\000`\0035i#\330 \003`\347\205\2641\256\321\004"
 133      356923D8 
 133      200360E7 
 133      85B431AE 
 133      D104
 134 06f1 D805616D 		.ascii	"\330\005amLj\002\260A\232\265\021l\260\001\260\213\302"
 134      4C6A02B0 
 134      419AB511 
 134      6CB001B0 
 134      8BC2
 135 0703 DA1877C9 		.ascii	"\332\030w\311\004\330e\241mLj\006\260\301zu\241e4m\037"
 135      04D865A1 
 135      6D4C6A06 
 135      B0C17A75 
 135      A165346D 
 136 0718 16DADE3C 		.ascii	"\026\332\336<$\034m\267\364\327\366\226\354wj\373\012"
 136      241C6DB7 
 136      F4D7F696 
 136      EC776AFB 
 136      0A
 137 0729 320D0EA1 		.ascii	"2\015\016\241\355\253B\333\327\"\327\366u\324\366\216"
 137      EDAB42DB 
 137      D722D7F6 
 137      75D4F68E 
 138 0739 409B2F96 		.ascii	"@\233/\226k\273\020\264\335\312\265\275%;\022m\337`"
 138      6BBB10B4 
 138      DDCAB5BD 
 138      253B126D 
 138      DF60
ARM GAS  /var/folders/qd/4mxf5pkd0zdf0b9dd1hp39180000gn/T//ccmstDfg.s 			page 11


 139 074b 4E6E09AD 		.ascii	"Nn\011\255\355\352B+.\271\036B\333mL\333\355p\023\332"
 139      EDEA422B 
 139      2EB91E42 
 139      DB6D4CDB 
 139      ED7013DA 
 140 075f 611A60F3 		.ascii	"a\032`\363\033\311\365w\354\252\266\037\302\322\324"
 140      1BC9F577 
 140      ECAAB61F 
 140      C2D2D4
 141 076e 2B298168 		.ascii	"+)\201h\335t\334\024\237\351\356\232Sr\260\266o\011"
 141      DD74DC14 
 141      9FE9EE9A 
 141      5372B0B6 
 141      6F09
 142 0780 6DB74162 		.ascii	"m\267Ab\207n@\332q@\262\236\227U\305\212\001i\325\015"
 142      876E40DA 
 142      7140B29E 
 142      9755C58A 
 142      0169D50D 
 143 0794 48FE6EFF 		.ascii	"H\376n\377~G\320?\236\011mc\322\035\030\020\253\246"
 143      7E47D03F 
 143      9E096D63 
 143      D21D1810 
 143      ABA6
 144 07a6 6D648D0E 		.ascii	"md\215\016\217\015'7 \264\215qwM\200u\012mcR\027\200"
 144      8F0D2737 
 144      20B48D71 
 144      774D8075 
 144      0A6D6352 
 145 07bc 456BDA46 		.ascii	"Ek\332F0\233\001\260{B\333\030w\337\004\330\003\241"
 145      309B01B0 
 145      7B42DB18 
 145      77DF04D8 
 145      03A1
 146 07ce 6D4C     		.ascii	"mL"
 147 07d0 7A086036 		.ascii	"z\010`6M\333\010\026c\000\254[h\033\343\036\231\000"
 147      4DDB0816 
 147      6300AC5B 
 147      681BE31E 
 147      9900
 148 07e2 7B2CB48D 		.ascii	"{,\264\215IO\000,F\3236\202\305\032\000{*\264\215q\317"
 148      494F002C 
 148      46D33682 
 148      C51A007B 
 148      2AB48D71 
 149 07f7 4C803D17 		.ascii	"L\200=\027\332\306\244\036\000\213\325\264\215`v\003"
 149      DAC6A41E 
 149      008BD5B4 
 149      8D607603 
 150 0807 602F84B6 		.ascii	"`/\204\2661\356\245\011\260WB\333\230\364\032\300\354"
 150      31EEA509 
 150      B05742DB 
 150      98F41AC0 
 150      EC
 151 0818 9AB611CC 		.ascii	"\232\266\021\314a\000\354\215\3206\306\365\232\000\353"
 151      6100EC8D 
 151      D036C6F5 
ARM GAS  /var/folders/qd/4mxf5pkd0zdf0b9dd1hp39180000gn/T//ccmstDfg.s 			page 12


 151      9A00EB
 152 0827 13DAC624 		.ascii	"\023\332\306$Ef`\016\275\272\3202\232\266o\300\325}"
 152      4566600E 
 152      BDBAD032 
 152      9AB66FC0 
 152      D57D
 153 0839 F6F4836C 		.ascii	"\366\364\203l\374\317O\024V\006\023Pf\235D%\351\275"
 153      FCCF4F14 
 153      56061350 
 153      669D4425 
 153      E9BD
 154 084b 19335CEA 		.ascii	"\0313\\\352\237\205\213]?\317Y\340Z\264\360\327\337"
 154      9F858B5D 
 154      3FCF59E0 
 154      5AB4F0D7 
 154      DF
 155 085c 16BBBEF9 		.ascii	"\026\273\276\371\366\213\367g\272f\317\376\304\365\351"
 155      F68BF767 
 155      BA66CFFE 
 155      C4F5E9
 156 086b 579F7DF9 		.ascii	"W\237}\371\373L\327\2429\013\276_\260\340\307\031s%"
 156      FB4CD7A2 
 156      390BBE5F 
 156      B0E0C719 
 156      7325
 157 087d EBDC85BF 		.ascii	"\353\334\205\277\3744\177^\324\274E\363\027.\372\027"
 157      FC347F5E 
 157      D4BC45F3 
 157      172EFA17 
 158 088d 9BA7E171 		.ascii	"\233\247\341q"
 159              		.text
 160              		.section	.gnu.lto__pal_lld_setgroupmode.68833098254d12c,"",%progbits
 161 0000 789CA557 		.ascii	"x\234\245W{P\224\327\025\277\347\273\337\356\367\355"
 161      7B5094D7 
 161      15BFE7BB 
 161      DFEEF7ED 
 162 0010 F232BE62 		.ascii	"\3622\276b\224(*\270\223AY\037d\306\372\007>\310L\332"
 162      94282AB8 
 162      9341591F 
 162      64C6FA07 
 162      3EC84CDA 
 163 0024 193BC9B4 		.ascii	"\031;\311\264\375\253\377\244\264:M[(\014\322L:\223"
 163      FDABFFA4 
 163      B43A4D5B 
 163      280CD24C 
 163      3A93
 164 0036 997E0A2E 		.ascii	"\231~\012.b\222jk\325\311\026;\244\301*\361I$UID\344"
 164      62926A6B 
 164      D5C9163B 
 164      A4C12AF1 
 164      49245549 
 165 004c 61842A46 		.ascii	"a\204*Fkc\026T4\3265\370DB\360\021\201\236s\356\267"
 165      6B631654 
 165      34D635F8 
 165      4442F011 
 165      819E73EE 
 166 0061 ECA3DB66 		.ascii	"\354\243\333f\030w\370\216w\317\376~\347\236\363;\367"
ARM GAS  /var/folders/qd/4mxf5pkd0zdf0b9dd1hp39180000gn/T//ccmstDfg.s 			page 13


 166      1877F88E 
 166      77CFFE7E 
 166      E79EF33B 
 166      F7
 167 0072 7EF7EA14 		.ascii	"~\367\352\024BlJ\021\342u\374\267\014\037H\020\240m"
 167      426C4A11 
 167      E275FCB7 
 167      0C1F4810 
 167      A06D
 168 0084 EC1062B5 		.ascii	"\354\020b\265\251\201T\003\251\351\353<\302r\233d\023"
 168      A9815403 
 168      A9E9EB3C 
 168      C2729B64 
 168      13
 169 0095 75CDC1DF 		.ascii	"u\315\301\337\234\374\315\001\206\0029C\003\003L505"
 169      9CFCCD01 
 169      86023943 
 169      03034C35 
 169      3035
 170 00a7 F7850404 		.ascii	"\367\205\004\004\272\352\232\004\"]*\3341\323\015@\003"
 170      BAEA9A04 
 170      225D2ADC 
 170      31D30D40 
 170      03
 171 00b8 CB04F13B 		.ascii	"\313\004\361;M\352\016\247a\272\334\200Ca\177\336\222"
 171      4DEA0EA7 
 171      61BADC80 
 171      43617FDE 
 171      92
 172 00c9 7F92D054 		.ascii	"\177\222\320T\036<\254=\267\303\302O\343\326\001\267"
 172      1E3CAC3D 
 172      B7C3C24F 
 172      E3D601B7 
 173 00d9 CF5A3BA9 		.ascii	"\317Z;\251\022\021[l\024\034\200\347\020u\246l\177\245"
 173      12115B6C 
 173      141C80E7 
 173      1075A66C 
 173      7FA5
 174 00eb 7C53564A 		.ascii	"|SVJ\000\035\277\336;\345\277\232L_5H\303\257\315\035"
 174      001DBFDE 
 174      3BE5BF9A 
 174      4C5F3548 
 174      C3AFCD1D 
 175 00ff C387DC32 		.ascii	"\303\207\3342\033\004\216\007\217\017\004M\317v\313"
 175      1B048E07 
 175      8F0F044D 
 175      CF76CB
 176 010e 5A63353E 		.ascii	"Zc5>\256\226Vz\245\224\360w\220\030\020>\204T\250\203"
 176      AE96567A 
 176      A594F077 
 176      9018103E 
 176      8454A883 
 177 0122 54812E01 		.ascii	"T\201.\001\007\301\203\360\341\277\355\2570\345w\230"
 177      07C183F0 
 177      E1BFEDAF 
 177      30E57798 
 178 0132 7A7E47B9 		.ascii	"z~G\271\337mS\203\273\306n/\265\276[)u8\024K\326\005"
ARM GAS  /var/folders/qd/4mxf5pkd0zdf0b9dd1hp39180000gn/T//ccmstDfg.s 			page 14


 178      DF6D5383 
 178      BBC66E2F 
 178      B5BE5B29 
 178      7538144B 
 179 0148 1C66F257 		.ascii	"\034f\362W\007\266oJ\2209L\276t\247\356\317!\362\235"
 179      07B66F4A 
 179      90394CBE 
 179      74A7EECF 
 179      21F29D
 180 015b 5D93AB99 		.ascii	"]\223\253\231\354\200\372X\262C\300G\340!\306[\253k"
 180      EC80FA58 
 180      B243C047 
 180      E021C65B 
 180      AB6B
 181 016d 2E4B99CB 		.ascii	".K\231\313\354+\275\275\207\334\031\357\251\251wOz\267"
 181      EC2BBDBD 
 181      87DC19EF 
 181      A9A9774F 
 181      7AB7
 182 017f D43A61E9 		.ascii	"\324:a\351\225\322\011\037G\363\351\203\360\232\341"
 182      95D2091F 
 182      47F3E983 
 182      F09AE1
 183 018e D37F34E5 		.ascii	"\323\1774\345\213L\375\375\206?T\245\330\324\316\331"
 183      8B4CFDFD 
 183      863F54A5 
 183      D8D4CED9 
 184 019e 7EABB12C 		.ascii	"~\253\261,\215\210\015q\211w7\265\236\322\344r&n\275"
 184      8D880D71 
 184      897737B5 
 184      9ED2E472 
 184      266EBD
 185 01b1 BDF35E82 		.ascii	"\275\363^\202M<\033&6\306%\006?/}\307)\177\300\304\316"
 185      4D3C1B26 
 185      36C62506 
 185      3F2F7DC7 
 185      297FC0C4 
 186 01c6 133BAF27 		.ascii	"\023;\257'\333\304\3660\261).q\343`\300r\312\0373\261"
 186      DBC4F630 
 186      B1292E71 
 186      E360C072 
 186      CA1F33B1 
 187 01da A33B5809 		.ascii	"\243;X\0116\261)Ll\211K|\373\356\203wu\231\307\304\232"
 187      36B1294C 
 187      6C894B7C 
 187      FBEE8377 
 187      7599C7C4 
 188 01ef 8DEBBF71 		.ascii	"\215\353\277q\331\304G\231#\304\343q\211_\324\016mN"
 188      D9C44799 
 188      23C4E371 
 188      895FD40E 
 188      6D4E
 189 0201 72EAF009 		.ascii	"r\352\360\011d@+>\315\370\034\303\347(>G C--8\001N\240"
 189      64402B3E 
 189      CDF81CC3 
 189      E7283E47 
 189      20432D2D 
ARM GAS  /var/folders/qd/4mxf5pkd0zdf0b9dd1hp39180000gn/T//ccmstDfg.s 			page 15


 190 0219 265CA9DA 		.ascii	"&\\\251\332\341\222?\347Y*\033\266\237\323\354Y\206"
 190      E1923FE7 
 190      592A1BB6 
 190      9FD3EC59 
 190      86
 191 022a 768FAF1E 		.ascii	"v\217\257\036iB[\374\004onx\023\344/\231z\355\233\257"
 191      69425BFC 
 191      046F6E78 
 191      13E42F99 
 191      7AED9BAF 
 192 023e 3786FAD7 		.ascii	"7\206\372\327\377\236\264\252-\215\210\377\210K\334"
 192      FF9EB4AA 
 192      2D8D88FF 
 192      884BDC
 193 024d DC13ACD5 		.ascii	"\334\023\254\325e\001\0237\234\360]\0175\341\\\230x"
 193      65011337 
 193      9CF05D0F 
 193      35E15C98 
 193      78
 194 025e 2A2E71B0 		.ascii	"*.q\260\247v\227[\0261\361H{\177y(\331\226\277\216\020"
 194      A776975B 
 194      1631F148 
 194      7B7F7928 
 194      D996BF8E 
 195 0273 4FFF5F49 		.ascii	"O\377_I>E\011:\3609\211O;JA*\240\026gP\013!\334\377"
 195      3E45093A 
 195      F039894F 
 195      3B4A412A 
 195      A0166750 
 196 028b 4BB158DA 		.ascii	"K\261X\332\276\263\216Fkh\270\034\027zfW\377\360\330"
 196      BEB38E46 
 196      6B68B81C 
 196      177A6657 
 196      FFF0D8
 197 029e 1700D7B5 		.ascii	"\027\000\327\265\241\221\221dt2\0162N2\006\031\023\215"
 197      A1919164 
 197      74320E32 
 197      4E320619 
 197      138D
 198 02b0 E9A2919B 		.ascii	"\351\242\221\233L\002\231D2Id\222\311\244\220\031C\346"
 198      4C029944 
 198      32496492 
 198      C9A49019 
 198      43E6
 199 02c2 29028FA5 		.ascii	")\002\217\245\32182\343\311L 3\221\314\323\364\353$"
 199      D13832E3 
 199      C94C2033 
 199      91CCD3F4 
 199      EB24
 200 02d4 1A3D4366 		.ascii	"\032=Cf2\231)dh{\031\317\222\231Jf\032\23142\323\311"
 200      32992964 
 200      687B19CF 
 200      92994A66 
 200      1A993432 
 201 02ea CCE05D3B 		.ascii	"\314\340];SP\225\351\202\352\304\372\261\322Y\202j\365"
 201      535095E9 
 201      82EAC4FA 
ARM GAS  /var/folders/qd/4mxf5pkd0zdf0b9dd1hp39180000gn/T//ccmstDfg.s 			page 16


 201      B1D25982 
 201      6AF5
 202 02fc 08AA3413 		.ascii	"\010\2524\023hs\316f\314\034\306d1\306\313\230\271\202"
 202      6873CE66 
 202      CC1CC664 
 202      31C6CB98 
 202      B982
 203 030e 14990714 		.ascii	"\024\231\007\024g\201 U\262\005\351\361<\320\313d\241"
 203      67812055 
 203      B205E9F1 
 203      3CD0CB64 
 203      A1
 204 031f 208D1609 		.ascii	" \215\026\011R)\207\347Z\314\021\226p\204\245\034a\031"
 204      522987E7 
 204      5ACC1196 
 204      7084A51C 
 204      6119
 205 0331 47CEE5B9 		.ascii	"G\316\345\271\204X\207\013\361B\202\325(*\244\206\203"
 205      8458870B 
 205      F14282D5 
 205      282AA486 
 205      83
 206 0342 D2467103 		.ascii	"\322Fq\003J\037\373\006\317\027Q_\374r\266_f\322\033"
 206      4A1FFB06 
 206      CF17515F 
 206      FC72B65F 
 206      66D21B
 207 0355 B26FFF8E 		.ascii	"\262o\377\216Dz\331\031 \341,65\010k\322x\375b,D\021"
 207      447AD919 
 207      20E12C36 
 207      35086BD2 
 207      78FD622C 
 208 036b ABCFF776 		.ascii	"\253\317\367v`\277T4P\264\326\341\373\215)D3A\203\177"
 208      60BF5434 
 208      50B4D6E1 
 208      FB8D2944 
 208      3341837F 
 209 037f 228D83B7 		.ascii	"\"\215\203\267\331\2409\210CP]\313'>S\305\0068\027\031"
 209      D9A03988 
 209      43505DCB 
 209      273E53C5 
 209      06381719 
 210 0393 BB9562CF 		.ascii	"\273\225b\317Q\261\267\005\352l\232\206\261avL\254,"
 210      51B1B705 
 210      EA6C9A86 
 210      B161764C 
 210      AC2C
 211 03a5 F44727D6 		.ascii	"\364G'\326L\344,E\336\023\330m\343\244J\254\255\272"
 211      4CE42C45 
 211      DE13D86D 
 211      E3A44AAC 
 211      ADBA
 212 03b7 FE71A24A 		.ascii	"\376q\242J\314\001\377\212M\314\213\270\350`\307(\230"
 212      CC01FF8A 
 212      4DCC8BB8 
 212      E860C728 
 212      98
ARM GAS  /var/folders/qd/4mxf5pkd0zdf0b9dd1hp39180000gn/T//ccmstDfg.s 			page 17


 213 03c8 57053B12 		.ascii	"W\005;\022\270l\343t\025\254\177\375\332\373R\0053\340"
 213      B86CE374 
 213      15AC7FFD 
 213      DAFB5205 
 213      33E0
 214 03da B3D86073 		.ascii	"\263\330`s\021\207\240\275}\375{\235\252\312\0248\037"
 214      1187A0BD 
 214      7DFD7B9D 
 214      AACA1438 
 214      1F
 215 03eb 19FB28C5 		.ascii	"\031\373(\305\236K\337\253j'\262\007;\203\214-k\233"
 215      9E4BDFAB 
 215      6A27B207 
 215      3B838C2D 
 215      6B9B
 216 03fd 4E1BC4C0 		.ascii	"N\033\304\300\215\001\237\363F\252\300C\003\3173\354"
 216      8D019FF3 
 216      46AAC043 
 216      03CF33EC 
 217 040d 521034EE 		.ascii	"R\0204\356\240_z\324\2303\234\245\306\\z\206\032\263"
 217      A05F7AD4 
 217      98339CA5 
 217      C65C7A86 
 217      1AB3
 218 041f 86E96ACC 		.ascii	"\206\351j\314\275\232\251\306\2706\374r\206J\365v\340"
 218      BD9AA9C6 
 218      B836FC72 
 218      864AF576 
 218      E0
 219 0430 0D95AB03 		.ascii	"\015\225\253\003]\334\202kP\326\325\334\002\266\027"
 219      5DDC826B 
 219      50D6D5DC 
 219      02B617
 220 043f 93D977EB 		.ascii	"\223\331w\353\360\303$\225\276\200\200\332\325\0030"
 220      F0C32495 
 220      BE8080DA 
 220      D50330
 221 044e C32FE769 		.ascii	"\303/\347i\302/s\\\235\037\235\201\001\230\211KA{\264"
 221      C22F735C 
 221      9D1F9D81 
 221      0198894B 
 221      417BB4
 222 0461 EF0AB67F 		.ascii	"\357\012\266\177\231\313\1774\200\256t\354\240\346\377"
 222      99CB7F34 
 222      80AE74EC 
 222      A0E6FF
 223 0470 805C8B5D 		.ascii	"\200\\\213]\3577\240\207\332\242\275\377\001:\226\270"
 223      EF37A087 
 223      DAA2BDFF 
 223      013A96B8 
 224 0480 3A1B7AD0 		.ascii	":\033z\3203\013\265\325:\031\263\324\365\250\201h\036"
 224      330BB5D5 
 224      3A19B3D4 
 224      F5A88168 
 224      1E
 225 0491 AA58F31F 		.ascii	"\252X\363\037 _\256\253\376\3501\300\342u\261\316\023"
 225      205FAEAB 
ARM GAS  /var/folders/qd/4mxf5pkd0zdf0b9dd1hp39180000gn/T//ccmstDfg.s 			page 18


 225      FEE831C0 
 225      E275B1CE 
 225      13
 226 04a2 5AA1DBBA 		.ascii	"Z\241\333\272\2524zi\370%\376y\"\273``\027:U\027\374"
 226      AA347A69 
 226      F825FE79 
 226      22BB6060 
 226      173A5517 
 227 04b7 BE804B81 		.ascii	"\276\200K\201\014\304E\236\341\006\350\320\245@\275"
 227      0CC4459E 
 227      E106E8D0 
 227      A540BD
 228 04c6 BE0A8702 		.ascii	"\276\012\207\002-\340n\031\2525\364B\372\224\222]\240"
 228      2DE06E19 
 228      AA35F442 
 228      FA94925D 
 228      A0
 229 04d7 407BBADE 		.ascii	"@{\272\336P(3\262\233&v\363\002\244\022\353\006\254"
 229      502833B2 
 229      9B2676F3 
 229      02A412EB 
 229      06AC
 230 04e9 E92BAF91 		.ascii	"\351+\257\221\012\224\215\270p\234v\212\223M\252\236"
 230      0A948DB8 
 230      709C768A 
 230      934DAA9E 
 231 04f9 6EEE9CA3 		.ascii	"n\356\234\243\020\224s[\373\326\235\211\252\305\006"
 231      1094735B 
 231      FBD69D89 
 231      AAC506
 232 0508 5CB4DF95 		.ascii	"\\\264\337\225\025x>\267\214\343:\233\352{.\\KVxW\344"
 232      15783EB7 
 232      8CE33A9B 
 232      EA7B2E5C 
 232      4B567857 
 233 051d 9290FCFE 		.ascii	"\222\220\374\376\375\270\351\324qg\025\374e5^\\\360"
 233      FDB8E9D4 
 233      716715FC 
 233      65355E5C 
 233      F0
 234 052e 3072F9E5 		.ascii	"0r\371\345\363p\211\242\340o\237\035\254?\230\344\335"
 234      F37089A2 
 234      E06F9F1D 
 234      AC3F98E4 
 234      DD
 235 053f 6395ADA6 		.ascii	"c\225\255\246\237\334\320\015U\260\231/4p\031h%\257"
 235      9FDCD00D 
 235      55B0992F 
 235      34701968 
 235      25AF
 236 0551 19F2B5D9 		.ascii	"\031\362\265\331\342\270)9V\265\306\366$\370)\232\233"
 236      E2B82939 
 236      56B5C6F6 
 236      24F8299A 
 236      9B
 237 0562 9C0F7CEF 		.ascii	"\234\017|\357$(g\"\373I\216\246s\353\333X\263\230$\252"
 237      24286722 
ARM GAS  /var/folders/qd/4mxf5pkd0zdf0b9dd1hp39180000gn/T//ccmstDfg.s 			page 19


 237      FB498EA6 
 237      73EBDB58 
 237      B39824AA 
 238 0576 5E13DF92 		.ascii	"^\023\337\222\306\225p\032_\000\356\263D.\330\031Q\360"
 238      C695701A 
 238      5F00EEB3 
 238      442ED819 
 238      51F0
 239 0588 A550C149 		.ascii	"\245P\301I\243\254\360*\207\006\012\375\357\330\012"
 239      A3ACF02A 
 239      87060AFD 
 239      EFD80A
 240 0597 93FFABC2 		.ascii	"\223\377\253\302\024\234\000\375\321\025\216a\377\223"
 240      149C00FD 
 240      D1158E61 
 240      FF93
 241 05a5 55782D9C 		.ascii	"Ux-\234F\220*\034\303\025\032#K\267\3277\330\365\272"
 241      46902A1C 
 241      C3151A23 
 241      4BB7D737 
 241      D8F5BA
 242 05b8 9AEE29C8 		.ascii	"\232\356)\310L\245\015\034\265r\026\242?\274r:h\345"
 242      4CA50D1C 
 242      B57216A2 
 242      3FBC723A 
 242      68E5
 243 05ca 2C54CA7C 		.ascii	",T\312|\2716EA\306\216R\231\353\234\222F)}\031R\346"
 243      B9364541 
 243      C68E5299 
 243      EB9C9246 
 243      297D1952 
 244 05df A1ADC338 		.ascii	"\241\255\3038\025\036\225\011m\225\3618\001\372\225"
 244      151E9509 
 244      6D95F138 
 244      01FA95
 245 05ee 326DB632 		.ascii	"2m\2662\023\330\237\256\224\011\304U\346\327\337\246"
 245      13D89FAE 
 245      9409C455 
 245      E6D7DFA6 
 246 05fe 4C4F388D 		.ascii	"LO8\215\033\244\314\004\265E\267]<\004j\222\211jW\214"
 246      1BA4CC04 
 246      B545B75D 
 246      3C046A92 
 246      896A578C 
 247 0612 9C1A069E 		.ascii	"\234\032\006\236\0327C\233\264\307\326\347i|\367#4Z"
 247      1A37439B 
 247      B4C7D6E7 
 247      697CF723 
 247      345A
 248 0624 B445E80F 		.ascii	"\264E\350\017\213v\222D[\244D\273\021\022m\322(E\273"
 248      8B769244 
 248      5BA444BB 
 248      11126DD2 
 248      2845BB
 249 0637 C5D9F23D 		.ascii	"\305\331\362=\355vH\264\012[\215gTx\024\255\307\026"
 249      ED7648B4 
 249      0A5B8D67 
ARM GAS  /var/folders/qd/4mxf5pkd0zdf0b9dd1hp39180000gn/T//ccmstDfg.s 			page 20


 249      547814AD 
 249      C716
 250 0649 6D324E80 		.ascii	"m2N\200~%Z\300\206Ma\177\306\023\211v'\234\306]\022"
 250      7E255AC0 
 250      864D617F 
 250      C6138976 
 250      279CC65D 
 251 065e 6D8A2AEB 		.ascii	"m\212*\353f\250\254\324Q\226\325\313\361t\212w\217\313"
 251      66A8ACD4 
 251      5196D5CB 
 251      F1748A77 
 251      8FCB
 252 0670 A2A3CA2E 		.ascii	"\242\243\312.\342Y\256,U\025q\330.b*\373g=Q\021}\341"
 252      E259AE2C 
 252      551571D8 
 252      2E622AFB 
 252      673D5111 
 253 0686 49BFA222 		.ascii	"I\277\242\"\246\252\"n\205\212\2306\312\"\3729\236\203"
 253      A6AA226E 
 253      858A9836 
 253      CA22FA39 
 253      9E83
 254 0698 E27D1D5B 		.ascii	"\342}\035[D\032\0271-\272\210\351\354\237\371DE\014"
 254      441A1731 
 254      2DBA88E9 
 254      EC9FF944 
 254      450C
 255 06aa 8427BD4F 		.ascii	"\204'\275OEL\347\215m\332\0072_\015n_|U\035\2319t\220"
 255      454CE78D 
 255      6DDA0732 
 255      5F0D6E5F 
 255      7C551D99 
 256 06c1 66461CF2 		.ascii	"fF\034\362|\334\346\320\011\320\331<\264w\256\215\212"
 256      7CDCE6D0 
 256      09D0D93C 
 256      B477AE8D 
 256      8A
 257 06d2 7CA5EB78 		.ascii	"|\245\353x\260>\0309\002\\\002\377'\033zal\353\266o"
 257      B03E1839 
 257      025C02FF 
 257      271B7A61 
 257      6CEBB66F 
 258 06e6 638B710B 		.ascii	"c\213q\013F\205\345\323}\261}@u\227(\324\022\\s|\333"
 258      4685E5D3 
 258      7DB17D40 
 258      759728D4 
 258      125C737C 
 259 06fb 8ABE0B2D 		.ascii	"\212\276\013-Q\260#\335\371\012\266\024\273\032\015"
 259      51B023DD 
 259      F90AB614 
 259      BB1A0D
 260 070a E33BC452 		.ascii	"\343;\304R\005k}E\241\226\241l\321(\276E,#\324\026\337"
 260      056B7D45 
 260      A196A16C 
 260      D128BE45 
 260      2C23D416 
 261 071f C5EE9F28 		.ascii	"\305\356\237(X\256\332\272\037\226\237\254u\253\003"
ARM GAS  /var/folders/qd/4mxf5pkd0zdf0b9dd1hp39180000gn/T//ccmstDfg.s 			page 21


 261      58AEDABA 
 261      1F969FAC 
 261      75AB03
 262 072e 0DE06124 		.ascii	"\015\340a$\213\357*\271\\\233[]4\357\340\205\347\352"
 262      8BEF2AB9 
 262      5C9B5B5D 
 262      34EFE085 
 262      E7EA
 263 0740 5643DDFF 		.ascii	"VC\335\377\005]E\001\177\300\327\303\274\254,\257\372"
 263      055D4501 
 263      7FC0D7C3 
 263      BCAC2CAF 
 263      FA
 264 0751 2B5CE57D 		.ascii	"+\\\345}5/\337[TX\\\262\312\373\303\037}\177\301|\357"
 264      352FDF5B 
 264      54585CB2 
 264      CAFBC31F 
 264      7D7FC17C 
 265 0766 F2E52F78 		.ascii	"\362\345/x_|\371{/\2756\337[\224\227\377J~\376\212\254"
 265      5F7CF97B 
 265      2FBD36DF 
 265      5B9497FF 
 265      4A7EFE8A 
 266 077b 9F099D10 		.ascii	"\237\011\235\020zA\336\252_\351\005\205+V\312\237\376"
 266      7A41DEAA 
 266      5FE90585 
 266      2B56CA9F 
 266      FE
 267 078c A244CFCB 		.ascii	"\242D\317\313/)v\024\375\246hE\261Q\270\252h\345\312"
 267      2F297614 
 267      FDA66845 
 267      B151B8AA 
 267      68E5CA
 268 079f 15C5CEC2 		.ascii	"\025\305\316\302\222\337\026\255,v\020\244X+\310\326"
 268      92DF16AD 
 268      2C7610A4 
 268      582BC8D6 
 269 07af 0AE66B05 		.ascii	"\012\346k\005\363L\002\022\365?\377o\012\346"
 269      F34C0212 
 269      F53FFF6F 
 269      0AE6
 270              		.text
 271              		.section	.gnu.lto_.symbol_nodes.68833098254d12c,"",%progbits
 272 0000 789C6363 		.ascii	"x\234cc``P\003b\006\246V\246z\006\206\011\347\030\030"
 272      60605003 
 272      6206A656 
 272      A67A0686 
 272      09E71818 
 273 0014 80D4AE06 		.ascii	"\200\324\256\006G\240H\033S=#\212\010\003\000\264!\010"
 273      47A0481B 
 273      533D238A 
 273      080300B4 
 273      2108
 274 0026 EF       		.ascii	"\357"
 275              		.text
 276              		.section	.gnu.lto_.refs.68833098254d12c,"",%progbits
 277 0000 789C6363 		.ascii	"x\234cc```\004b\006\000\000D\000\010"
ARM GAS  /var/folders/qd/4mxf5pkd0zdf0b9dd1hp39180000gn/T//ccmstDfg.s 			page 22


 277      60606004 
 277      62060000 
 277      440008
 278              		.text
 279              		.section	.gnu.lto_.decls.68833098254d12c,"",%progbits
 280 0000 789CC558 		.ascii	"x\234\305X{PT\327\031\277\347\236\335eY^\216\220\326"
 280      7B5054D7 
 280      19BFE79E 
 280      DD65595E 
 280      8E90D6
 281 0013 696D9BB1 		.ascii	"im\233\261\214\322i`\005\235&\231I3Q \321\306Df5\323"
 281      8CD26960 
 281      059D2699 
 281      49335120 
 281      D1C64466 
 282 0029 26D37643 		.ascii	"&\323vCa\325m\200\335\262k\233\374\325+\240<\022\025"
 282      61D56D80 
 282      DDB26B9B 
 282      FCD52BA0 
 282      3C1215
 283 003c F1093E0A 		.ascii	"\361\011>\012\342\013\203\340\003T^\202 \250 O\005\005"
 283      E20B83E0 
 283      03545E82 
 283      20A8204F 
 283      0505
 284 004e 511001A3 		.ascii	"Q\020\001\243\250 F|\200\332\357\234s\227{Yv\233d\332"
 284      A820467C 
 284      80DAEF9C 
 284      73977B59 
 284      769B64DA 
 285 0062 99EEECB7 		.ascii	"\231\356\354\267\347~\347\376\316\367\375\276\357\234"
 285      E77EE7FE 
 285      CEF7FDBE 
 285      EF9C
 286 0070 7BBE7357 		.ascii	"{\276sW\305q\334\221\037s\334?0\307\375\001q\334K\370"
 286      C571DC91 
 286      1F73DC3F 
 286      30C7FD01 
 286      71DC4BF8 
 287 0084 C025771A 		.ascii	"\300%w\032D\001r\027d\026\364\377\012\3445\020\362\341"
 287      44017217 
 287      6416F4FF 
 287      0AE43510 
 287      F2E1
 288 0096 41E6C0F5 		.ascii	"A\346\300\365\233\242.\377,\207\233^\320~\0122\025\304"
 288      9BA22EFF 
 288      2C879B5E 
 288      D07E0A32 
 288      15C4
 289 00a8 C76603E4 		.ascii	"\307f\003\344\217\200\377\004d\010\256\377\014\355\000"
 289      8F80FF04 
 289      6408AEFF 
 289      0CED00
 290 00b7 B47A687D 		.ascii	"\264zh}A\376\004\362)\310/\021\033\363>\264\375\320"
 290      41FE04F2 
 290      29C82F11 
 290      1BF33EB4 
ARM GAS  /var/folders/qd/4mxf5pkd0zdf0b9dd1hp39180000gn/T//ccmstDfg.s 			page 23


 290      FDD0
 291 00c9 B6111B70 		.ascii	"\266\021\033p\335\014\355/\240\275\010\355O\240m\204"
 291      DD0CED2F 
 291      A0BD08ED 
 291      4FA06D84 
 292 00d9 F615685B 		.ascii	"\366\025h[\241\375)\264\015\320\376\034\332\026h\177"
 292      A1FD29B4 
 292      0DD0FE1C 
 292      DA16687F 
 293 00e9 06ED0D68 		.ascii	"\006\355\015ho\201\334\004\351\225q68\340l\201\233n"
 293      6F81DC04 
 293      E9957136 
 293      38E06C81 
 293      9B6E
 294 00fb 769CE531 		.ascii	"v\234\3451W\213\374?\341\030?\302_%\372%>\011?\302\215"
 294      578BFC3F 
 294      E1183FC2 
 294      5F25FA25 
 294      3E093FC2 
 295 0110 F022BE89 		.ascii	"\360\"\276\211\013G\271\331\204Qs\302\341\035\370K\214"
 295      0B47B9D9 
 295      845173C2 
 295      E11DF84B 
 295      8C
 296 0121 A66A9002 		.ascii	"\246j\220\002\324\007\365\0317=A\365\321\240WA}y\273"
 296      D407F519 
 296      373D41F5 
 296      D1A05741 
 296      7D79BB
 297 0134 3DDB95DD 		.ascii	"=\333\225\335\035\"\350\223e\367\202\230:\035\264\342"
 297      1D22E893 
 297      65F78298 
 297      3A1DB4E2 
 298 0144 6B0F2ADC 		.ascii	"k\017*\334\030\270\033\201~\261?+\301\235\335n\"\350"
 298      18B81B81 
 298      7EB13F2B 
 298      C19DDD6E 
 298      22E8
 299 0156 75EB8F1D 		.ascii	"u\353\217\035\321`\036\221\353\373\011}\335n\354\336"
 299      D1601E91 
 299      EBFB097D 
 299      DD6EECDE 
 300 0166 34505B86 		.ascii	"4P[\206.\354\024\325)\240v&\257\331\245\302\256\024"
 300      2EEC14D5 
 300      29A07626 
 300      AFD9A5C2 
 300      AE14
 301 0178 79ED5CCE 		.ascii	"y\355\\\316\327\204\321,\015\"s\357\005]\371w\213\236"
 301      D784D12C 
 301      0D2273EF 
 301      055DF977 
 301      8B9E
 302 018a 7AB02E82 		.ascii	"z\260.\202h\255\333\331\241\301\236\364\272\251|\250"
 302      68ADDBD9 
 302      A1C19EF4 
 302      BAA97CA8 
 303 019a C22D2057 		.ascii	"\302- W`\037\365?9T\216\260-\270\226\365\303{\\\360"
ARM GAS  /var/folders/qd/4mxf5pkd0zdf0b9dd1hp39180000gn/T//ccmstDfg.s 			page 24


 303      601FF53F 
 303      39548EB0 
 303      2DB896F5 
 303      C37B5CF0 
 304 01ae 0202E4BB 		.ascii	"\002\002\344\273\332G;=\221\306/I\020\342\204\314x\301"
 304      DA473B3D 
 304      91C62F49 
 304      10E284CC 
 304      78C1
 305 01c0 7501870A 		.ascii	"u\001\207\012\320tt\014M\347P\025\362#\306+P\000\207"
 305      D074740C 
 305      4DE75015 
 305      F223C62B 
 305      500087
 306 01d3 4E416719 		.ascii	"NAg\031t\356#\006+\2722\336N\037\026\204WQ%\322\240"
 306      74EE2306 
 306      2BBA32DE 
 306      4E1F1684 
 306      575125D2 
 307 01e8 D308530C 		.ascii	"\323\010S\014dt\226\206\271\310\331\263a\267\012\337"
 307      64749686 
 307      B9C8D9B3 
 307      61B70ADF 
 308 01f8 42D447C9 		.ascii	"B\324G\311\366\276j\336\231\217\032\247>\316\236\232"
 308      F6BE6ADE 
 308      998F1AA7 
 308      3ECE9E9A 
 309 0208 51B35A10 		.ascii	"Q\263Z\020xT\015>\316H>\300%s\322S\334\271\212\307O"
 309      78540D3E 
 309      CE483EC0 
 309      2573D253 
 309      DCB98AC7 
 310 021d 5926334A 		.ascii	"Y&3J\276\255U\262\324\251A\035\334X]\317\343\347\354"
 310      BEAD55B2 
 310      D4A9411D 
 310      DC585DCF 
 310      E3E7EC
 311 0230 5EFF95F8 		.ascii	"^\377\225\370t\025\216\307TI}\336.\250H&\211\262v\360"
 311      74158EC7 
 311      54497DDE 
 311      2EA84826 
 311      89B276F0 
 312 0244 499602A7 		.ascii	"I\226\002\2471\245=\376q\233\007\336F\025\327\270+#"
 312      31A53DFE 
 312      719B07DE 
 312      4615D7B8 
 312      2B23
 313 0256 554AE4EB 		.ascii	"UJ\344\353\353\355\353\353\353\347\353\273\233p\257"
 313      EBEDEBEB 
 313      EBE7EBBB 
 313      9B70AF
 314 0265 181C78AB 		.ascii	"\030\034x\253h\370\033AHs\247\244\352\201T\023\362\226"
 314      68F81B41 
 314      4873A7A4 
 314      EA815413 
 314      F296
 315 0277 8229861F 		.ascii	"\202)\206\037\016\005\302\017\307\006t\274\231!T$`\212"
ARM GAS  /var/folders/qd/4mxf5pkd0zdf0b9dd1hp39180000gn/T//ccmstDfg.s 			page 25


 315      0E05C20F 
 315      C70674BC 
 315      99215424 
 315      608A
 316 0289 3E6B8F2E 		.ascii	">k\217.\221\320\033H\304\251 H\301\241\023\0008N\357"
 316      91D01B48 
 316      C4A92048 
 316      C1A11300 
 316      384EEF
 317 029c 1138448D 		.ascii	"\0218D\215.A\222Z\220/j\003i\006\271\010\322\010\322"
 317      2E41925A 
 317      902F6A03 
 317      6906B908 
 317      D208D2
 318 02af 0AD2807C 		.ascii	"\012\322\200|\351\3042\207\317\336\220\034\326\332;"
 318      E9C43287 
 318      CFDE901C 
 318      D6DA3B
 319 02be 3C37899E 		.ascii	"<7\211\236\014}\301\036\255\265\003\327\312b9\357\330"
 319      0C7DC11E 
 319      ADB503D7 
 319      CA6239EF 
 319      D8
 320 02cf 7401F915 		.ascii	"t\001\371\025\247\257\341\344\324U\020\017\201q\342"
 320      A7AFE1E4 
 320      D455100F 
 320      8171E2
 321 02de D44934EF 		.ascii	"\324I4\357\027M\315\216\027\316\315\246\306J\035'\206"
 321      174DCD8E 
 321      17CECDA6 
 321      C64A1D27 
 321      86
 322 02ef 1963F83B 		.ascii	"\031c\370;2\242u\016\21124\314b\371\213\204&\025n\244"
 322      32A2750E 
 322      893234CC 
 322      62F98B84 
 322      26156EA4 
 323 0303 B3C81F2C 		.ascii	"\263\310\037,\355\034P\"o?\207\371E\355\220\326\037"
 323      ED1C5022 
 323      6F3F87F9 
 323      45ED90D6 
 323      1F
 324 0314 92621658 		.ascii	"\222b\026XM\261\012\036)t\005\006^\226V%\011\223\372"
 324      4DB10A1E 
 324      29740506 
 324      5E965625 
 324      0993FA
 325 0327 3FD0BF63 		.ascii	"?\320\277c\235\370\270\277\001ja\375\311\353J\334\303"
 325      9DF8B8BF 
 325      016A61FD 
 325      C9EB4ADC 
 325      C3
 326 0338 5658E770 		.ascii	"VX\347p[\242\033\276\315\224\374\261M\373Ux\210)\011"
 326      5BA21BBE 
 326      CD94FCB1 
 326      4DFB5578 
 326      882909
ARM GAS  /var/folders/qd/4mxf5pkd0zdf0b9dd1hp39180000gn/T//ccmstDfg.s 			page 26


 327 034b BDF71BC4 		.ascii	"\275\367\033\304'\377+\262i\214\016\035\277\344%n\""
 327      27FF2BB2 
 327      698C0E1D 
 327      BFE4256E 
 327      22
 328 035c 643D5F7C 		.ascii	"d=_|\334\224\250\301\217)\330\345^\317\326tX\233\336"
 328      DC94A8C1 
 328      8F29D8E5 
 328      5ECFD674 
 328      589BDE
 329 036f B6954948 		.ascii	"\266\225IH\225N\335(\220\204\022Z\235@\253\007\332\361"
 329      954EDD28 
 329      9084125A 
 329      9D40AB07 
 329      DAF1
 330 0381 408B6509 		.ascii	"@\213e\011\235\220\212.@\\\2477{\304<\364A\036\372!"
 330      9D908A2E 
 330      405CA737 
 330      7BC43CF4 
 330      411EFA21 
 331 0395 E61B20B7 		.ascii	"\346\033 \267@n\202\364JK\014\\U\376v\025\235\013\342"
 331      406E82F4 
 331      4A4B0C5C 
 331      55FE7615 
 331      9D0BE2
 332 03a8 A9C8DED3 		.ascii	"\251\310\336\323\311\211SG\340oK\360n{x\241\264\"\305"
 332      C9895347 
 332      E06F4BF0 
 332      6E7B78A1 
 332      B422C5
 333 03bb 5553C256 		.ascii	"US\302VM\317\244U\0037\373KdA^\263\2675a\275\002\272"
 333      4DCFA455 
 333      0337FB4B 
 333      64415EB3 
 333      B73561BD 
 334 03d1 E72DC9F1 		.ascii	"\347-\311\361U{p\207\344\030\262{\372\351\335\325^\370"
 334      557B7087 
 334      E418B27B 
 334      FAE9DDD5 
 334      5EF8
 335 03e3 055B338D 		.ascii	"\005[3\215{3jy\344\347\315\010\215\224\323\331\276\003"
 335      7B336A79 
 335      E4E7CD08 
 335      8D94D3D9 
 335      BE03
 336 03f5 83BF9166 		.ascii	"\203\277\221f\273\207\316\266\303T\242\333\220\301\357"
 336      BB87CEB6 
 336      C354A2DB 
 336      90C1EF
 337 0404 934DF05B 		.ascii	"\223M\360[V_\230\240\362\026\315$95\303\375'\033\253"
 337      565F98A0 
 337      F216CD24 
 337      3935C3FD 
 337      271BAB
 338 0417 8F37B77A 		.ascii	"\2177\267z\272\247\214\357\255h@\366lp\350.r'@\322\002"
 338      BAA78CEF 
 338      AD6840F6 
ARM GAS  /var/folders/qd/4mxf5pkd0zdf0b9dd1hp39180000gn/T//ccmstDfg.s 			page 27


 338      6C70E82E 
 338      722740D2 
 339 042c 78FBC36B 		.ascii	"x\373\303k\267\305\312\345'\253kSY]{\222\325\233\306"
 339      B7C5CAE5 
 339      27AB6B53 
 339      595D7B92 
 339      D59BC6
 340 043f E324055D 		.ascii	"\343$\005]\221\333Z\216\204j`\313\216\377^[6\0148\374"
 340      91DB5A8E 
 340      846A60CB 
 340      8EFF5E5B 
 340      360C38FC 
 341 0453 7253B707 		.ascii	"rS\267\007^\313F\037z\322u\\\211\323\230\262vSe\245"
 341      5ECB461F 
 341      7AD2755C 
 341      89D398B2 
 341      765365A5 
 342 0467 026F654A 		.ascii	"\002oeJv\372\206D%\336\301\224\234\264\324\303\032\274"
 342      76FA8644 
 342      25DEC194 
 342      9CB4D4C3 
 342      1ABC
 343 0479 8B29B6EA 		.ascii	"\213)\266\352\347\303\252_\365\313\307\025^\214\034"
 343      E7C3AA5F 
 343      F5CBC715 
 343      5E8C1C
 344 0488 4FF81CBC 		.ascii	"O\370\034\274\374\314\025g2\350\336g\243Cd\017\237I"
 344      FCCC1567 
 344      32E8DE67 
 344      A343640F 
 344      9F49
 345 049a AA2196D5 		.ascii	"\252!\226\325\302\231\254\026\226\327\235\337\347\216"
 345      C299AC16 
 345      96D79DDF 
 345      E78E
 346 04a8 F751309F 		.ascii	"\367Q0\237\22716\346e\253?\251\361\202\322\217C#\300"
 346      973136E6 
 346      65AB3FA9 
 346      F182D28F 
 346      4323C0
 347 04bb FB3109E6 		.ascii	"\3731\011\3469\0043S\014\346\031t>\225\325\270\231["
 347      39043353 
 347      0CE61974 
 347      3E95D5B8 
 347      995B
 348 04cd 1349FD19 		.ascii	"\023I\375\031\203MgT\232\373\231b\3719\265\341j\277"
 348      834D6754 
 348      9AFB9962 
 348      F939B5E1 
 348      6ABF
 349 04df 061F613E 		.ascii	"\006\037a>\342\2326?t\352C\340\235\3718{*\350\014\255"
 349      E29A363F 
 349      74EA43E0 
 349      9DF9387B 
 349      2AE80CAD 
 350 04f3 712FC1C7 		.ascii	"q/\301\307\013\311\307\230\255\306\305=\331]\252\306"
 350      0BC9C798 
ARM GAS  /var/folders/qd/4mxf5pkd0zdf0b9dd1hp39180000gn/T//ccmstDfg.s 			page 28


 350      ADC6C53D 
 350      D95DAAC6 
 351 0503 C5D48962 		.ascii	"\305\324\211b\344@a\233'\"\217\275\264\362xN6\331q<"
 351      E440619B 
 351      27228FBD 
 351      B4F2784E 
 351      36D9713C 
 352 0517 5B76ABC1 		.ascii	"[v\253\301a<\357\213\022xym\030\034\230\2357\334+\010"
 352      613CEF8B 
 352      1278796D 
 352      181C989D 
 352      37DC2B08 
 353 052b 29EED41D 		.ascii	")\356\324\035\324N:`\234\246\375\206\177' ]\250\210"
 353      D44E3A60 
 353      9CA6FD86 
 353      7F27205D 
 353      A888
 354 053d C314FC04 		.ascii	"\303\024\374\0049\002\217\310\366\373\353y\032\362\240"
 354      39028FC8 
 354      F6FBEB79 
 354      1AF2A0
 355 054c 0048FEE0 		.ascii	"\000H\376\340\002\353\263\225\003\005\032\250\244>~"
 355      02EBB395 
 355      03051AA8 
 355      A43E7E
 356 055b CC6C5B9E 		.ascii	"\314l[\236l\357\377\026\354&\361>N\252\016y\376\362"
 356      6CEFFF16 
 356      EC26F13E 
 356      4EAA0E79 
 356      FEF2
 357 056d 3C575116 		.ascii	"<WQ\026\304\373#\347\3504\202\206\225J\037\")#\004M"
 357      C4FB23E7 
 357      E8348286 
 357      954A1F22 
 357      2923044D 
 358 0581 32920C19 		.ascii	"2\222\014\031Y\003\031I\344\345[yC\3364\272\333\000"
 358      59031949 
 358      E4E55B79 
 358      43DE34BA 
 358      DB00
 359 0593 6A226954 		.ascii	"j\"iT_\234V\340\352\003FW97\312M\260H6\361\252\326B"
 359      5F9C56E0 
 359      EA034657 
 359      3937CA4D 
 359      B04836F1 
 360 05aa 777C8A2D 		.ascii	"w|\212-\321\276\272\37485\256d\312\256\372\274:%\256"
 360      D1BEBAFC 
 360      3835AE64 
 360      CAAEFABC 
 360      3A25AE
 361 05bd 614AC9D7 		.ascii	"aJ\311\327y-<\276\300\224\334\242\241/\021\276\304\224"
 361      792D3CBE 
 361      C094DCA2 
 361      A12F11BE 
 361      C494
 362 05cf 0789F956 		.ascii	"\007\211\371V|\225]'\354Lm\344\331\362\177\015\324-"
 362      7C955D27 
ARM GAS  /var/folders/qd/4mxf5pkd0zdf0b9dd1hp39180000gn/T//ccmstDfg.s 			page 29


 362      EC4C6DE4 
 362      D9F27F0D 
 362      D42D
 363 05e1 C93BBA15 		.ascii	"\311;\272\025bA \217\303\321\266\003%j|\203b=\236\326"
 363      6241208F 
 363      C3D1B603 
 363      256A7C83 
 363      623D9ED6 
 364 05f5 F70E7889 		.ascii	"\367\016x\211\207\025Z\024HYH\210\207\035\363\220\230"
 364      87155A14 
 364      48594888 
 364      871DF390 
 364      98
 365 0606 EB21C8F5 		.ascii	"\353!\310\365z\230\360-\274\343\302\311\340\225\001"
 365      7A98F02D 
 365      BCE3C2C9 
 365      E09501
 366 0615 ACCC12F4 		.ascii	"\254\314\022\364\227\366\350\022gE$\215\237\2166\360"
 366      97F6E812 
 366      6745248D 
 366      9F8E36F0 
 367 0625 E4E61671 		.ascii	"\344\346\026q\375\355\200l\357\204\334l\002\371\027"
 367      FDED806C 
 367      EF84DC6C 
 367      02F917
 368 0634 4806C836 		.ascii	"H\006\3106\220\315 \231 \351 \333Av\201l\035_\243\204"
 368      90CD2099 
 368      20E920DB 
 368      4176816C 
 368      1D5FA384 
 369 0648 41875662 		.ascii	"A\207Vb\260\321\236\301=\371\371\205\240\237\371K\350"
 369      B0D19EC1 
 369      3DF9F985 
 369      A09FF94B 
 369      E8
 370 0659 AF1CF395 		.ascii	"\257\034\363\225\241+e\266\207\221\035Z^\"\031|Xf|\255"
 370      A12B65B6 
 370      87911D5A 
 370      5E22197C 
 370      58667CAD 
 371 066d BDF17393 		.ascii	"\275\361s\223\340\2652\353\017\354\255\337\237T\347"
 371      E0B532EB 
 371      0FECADDF 
 371      9F54E7
 372 067c 0EB13AB7 		.ascii	"\016\261:\267\205\267\253s\304\324u\371\254\245:\234"
 372      85B7AB73 
 372      C4D475F9 
 372      ACA53A9C 
 373 068c 3559582D 		.ascii	"5YX-2\307\203\216\035\313y\336\221\205\265\316qX6\343"
 373      32C7838E 
 373      1DCB79DE 
 373      9185B5CE 
 373      715836E3 
 374 06a0 F0E0BDC8 		.ascii	"\360\340\275\310\3230x\012\254\371\207\216\223f\253"
 374      D330780A 
 374      ACF9878E 
 374      9366AB
ARM GAS  /var/folders/qd/4mxf5pkd0zdf0b9dd1hp39180000gn/T//ccmstDfg.s 			page 30


 375 06af A215F54F 		.ascii	"\242\025\365O\012\224\270\217m\210e\245\361s\307\213"
 375      0A94B88F 
 375      6D8865A5 
 375      F173C78B 
 376 06bf 687F3E2D 		.ascii	"h\177>-\242\33106\213\037\337\344H\354N\226\022\332"
 376      A2D93036 
 376      8B1FDFE4 
 376      48EC4E96 
 376      12DA
 377 06d1 0D2BE8BF 		.ascii	"\015+\350\277YM@g\377\205\321^\215\2740f\363\362\302"
 377      594D4067 
 377      FF85D15E 
 377      8DBC3066 
 377      F3F2C2
 378 06e4 B8877717 		.ascii	"\270\207w\027\211\000\366D\362\266[\036x\230Q\3178\273"
 378      8900F644 
 378      F2B65B1E 
 378      789851CF 
 378      38BB
 379 06f6 2BD315F9 		.ascii	"+\323\025\371\271\213\373Z\335\024\262\001\240\375\200"
 379      B98BFB5A 
 379      DD14B201 
 379      A0FD80
 380 0705 DF2B9187 		.ascii	"\337+\221\207\341\3208\261\216\366\001e\311\001\031"
 380      E1D038B1 
 380      8EF60165 
 380      C90119
 381 0714 4B9EE833 		.ascii	"K\236\3503#\033<\360s\346\244\377iB\201\233\263\227"
 381      231B3CF0 
 381      73E6A4FF 
 381      6942819B 
 381      B397
 382 0726 A283BCB3 		.ascii	"\242\203\274\263\227\242\221\363>q\204M\016\257A\007"
 382      97A291F3 
 382      3E71844D 
 382      0EAF4107 
 383 0736 2436D5B4 		.ascii	"$6\325\264^\220^\360s\260>gL\201S\224\324\317\310\231"
 383      5E905EF0 
 383      73B03E67 
 383      4C815394 
 383      D4CFC899 
 384 074a 5BD96A67 		.ascii	"[\331jg~\0169\365\323\361;2a\271\340\345\353I^r\251"
 384      7E0E39F5 
 384      D3F13B32 
 384      61B9E0E5 
 384      EB495E72 
 385 075f 97E2D365 		.ascii	"\227\342\323e\345n]p\014\203\267r4\205&\035!\366\013"
 385      E56E5D70 
 385      0C83B772 
 385      3485261D 
 385      21F60B
 386 0772 2D11AABF 		.ascii	"-\021\252\277\264}\020\353\207^\2365\"\224(\266!h\274"
 386      B47D10EB 
 386      875E9E35 
 386      229428B6 
 386      2168BC
 387 0785 87176DF0 		.ascii	"\207\027m\3606\273\364+\032@r\253\354>sg\373p\014\317"
ARM GAS  /var/folders/qd/4mxf5pkd0zdf0b9dd1hp39180000gn/T//ccmstDfg.s 			page 31


 387      36BBF42B 
 387      1A4072AB 
 387      EC3E7367 
 387      FB700CCF 
 388 0799 F848E358 		.ascii	"\370H\343X\027/9\223\015\231\304\225\033\277=NJ\012"
 388      172F3993 
 388      0D99C495 
 388      1BBF3D4E 
 388      4A0A
 389 07ab 12896BAC 		.ascii	"\022\211k\254\365\356Wy\356\335p`\343\320\307\034\227"
 389      F5EE5779 
 389      EEDD7060 
 389      E3D0C71C 
 389      97
 390 07bc AA8EA65B 		.ascii	"\252\216\246[\367\301\334\364>W\274\221N\000*\353\310"
 390      F7C1DCF4 
 390      3E57BC91 
 390      4E002AEB 
 390      C8
 391 07cd CD5728   		.ascii	"\315W("
 392 07d0 78760443 		.ascii	"xv\004C1\012\322\327\266~\3606\236\266\205\256\374x"
 392      310AD2D7 
 392      B67EF036 
 392      9EB685AE 
 392      FC78
 393 07e2 610A8F3E 		.ascii	"a\012\217>\375\321xe\345\320Q~\032\374\036\341\025\314"
 393      FDD17865 
 393      E5D0517E 
 393      1AFC1EE1 
 393      15CC
 394 07f4 C7EEEB47 		.ascii	"\307\356\353Gk]fd\012\231\335BEc..\255\272-\010\032"
 394      6B5D6664 
 394      0A99DD42 
 394      45632E2E 
 394      ADBA2D08 
 395 0809 0541A1C3 		.ascii	"\005A\241\303\322\334\300%\374\346\363\335\010\345\361"
 395      D2DCC025 
 395      FCE6F3DD 
 395      08E5F1
 396 0818 5DC0E718 		.ascii	"]\300\347\030?\003\006\337\333\033\277\321\013_dTN\234"
 396      3F0306DF 
 396      DB1BBFD1 
 396      0B5F6454 
 396      4E9C
 397 082a 2B4FD250 		.ascii	"+O\322P*db\031\225\227\351\353\262U\264\217,\251B\236"
 397      2A646219 
 397      9597E9EB 
 397      B255B48F 
 397      2CA9429E 
 398 083e 76D6F5D5 		.ascii	"v\326\365\325\324\271\322N\262\352\217\263\316K\007"
 398      D4B9D24E 
 398      B2EA8FB3 
 398      CE4B07
 399 084d BF7DDB29 		.ascii	"\277}\333)\347\223\224\363\011\033\347\273Eu\026\221"
 399      E79394F3 
 399      091BE7BB 
 399      45751691 
ARM GAS  /var/folders/qd/4mxf5pkd0zdf0b9dd1hp39180000gn/T//ccmstDfg.s 			page 32


 400 085d 72C7AF61 		.ascii	"r\307\257a\003\2015\013\207\034\000\241\002\211r\201"
 400      0381350B 
 400      871C00A1 
 400      02897281 
 401 086d 3DE5224A 		.ascii	"=\345\"J\271\344Di\215\370&?\233pi\313\312S\342\333"
 401      B9E44469 
 401      8DF8263F 
 401      9B7069CB 
 401      CA53E2DB 
 402 0881 2C82FA5B 		.ascii	",\202\372[GZ\\\360 S\266\026\365\014y\342\307L\331P"
 402      475A5CF0 
 402      2053B616 
 402      F50C79E2 
 402      C74CD950 
 403 0895 F5E8A11B 		.ascii	"\365\350\241\033\036\025a\311i\233y,\250XQm\252Jq\305"
 403      1E1561C9 
 403      699B792C 
 403      A858516D 
 403      AA4A71C5 
 404 08a9 494C4939 		.ascii	"ILI9\335\276\306\025\2472%\353\233\"H\316V\246\224^"
 404      DDBEC615 
 404      A73225EB 
 404      9B2248CE 
 404      56A6945E 
 405 08bd 2DD4E24C 		.ascii	"-\324\342Lv\235S\264\366\206\022\3470\345\346\211\204"
 405      769D53B4 
 405      F68612E7 
 405      30E5E689 
 405      84
 406 08ce 11053EC4 		.ascii	"\021\005>\304\224\246\342\356>O|\224)\227\233z\0260"
 406      94A6E2EE 
 406      3E4F7C94 
 406      29979B7A 
 406      1630
 407 08e0 A273417B 		.ascii	"\242sA{||\364\252\370'Q&9\222>\331\266z?\302\205\024"
 407      7C7CF4AA 
 407      F8275126 
 407      39923ED9 
 407      B67A3FC2 
 408 08f6 EA2534AD 		.ascii	"\352%4\255\313B\310W\372x\373\331jtW#\256;\266\247y"
 408      CB42C857 
 408      FA78FBD9 
 408      6A745723 
 408      AE3BB6A7 
 409 090b 95B0671A 		.ascii	"\225\260g\032\335\224\313!C\255\377\2714\325\356\300"
 409      DD94CB21 
 409      43ADFFB9 
 409      34D5EEC0 
 410 091b D2267EDA 		.ascii	"\322&~\332\036_2\011_\271S\206??\311>o_V\345\346K\354"
 410      1E5F3209 
 410      5FB95386 
 410      3F3FC93E 
 410      6F5F56E5 
 411 0932 E1F72697 		.ascii	"\341\367&\227\224\3552|\265=~\322)\243G\016\257q\010"
 411      94ED327C 
 411      B53D7ED2 
 411      29A3470E 
ARM GAS  /var/folders/qd/4mxf5pkd0zdf0b9dd1hp39180000gn/T//ccmstDfg.s 			page 33


 411      AF7108
 412 0945 979391A3 		.ascii	"\227\223\221\243\253\354\321\223\353p\213\234|\205\343"
 412      ABECD193 
 412      EB708B9C 
 412      7C85E3
 413 0954 5CCACCF7 		.ascii	"\\\312\314\367\310\341\247\354\341\367\355\341\225r"
 413      C8E1A7EC 
 413      E1F7EDE1 
 413      9572
 414 0962 78A5E3CC 		.ascii	"x\245\343\314\313\340w\344\3602\307\326\035\234\250"
 414      CBE077E4 
 414      F032C7D6 
 414      1D9CA8
 415 0971 CE41193C 		.ascii	"\316A\031<Kg\245U\254\201m\260S7B}k\000\271\002\322"
 415      4B67A555 
 415      AC816DB0 
 415      5337427D 
 415      6B00B902 
 416 0986 047211A4 		.ascii	"\004r\021\244\016\244\031\244\026\244\005\344\022\310"
 416      0EA419A4 
 416      16A405E4 
 416      12C8
 417 0994 65907A90 		.ascii	"e\220z\220\013\023\316\272m\333q\272 L!\026'\2378Fv"
 417      0B13CEBA 
 417      6DDB71BA 
 417      204C2116 
 417      279F3846 
 418 09a9 E09C0241 		.ascii	"\340\234\002AHVQ\242\245\216\247\\\026\327\260|R\316"
 418      485651A2 
 418      A58EA75C 
 418      16D7B07C 
 418      52CE
 419 09bb 389E14DB 		.ascii	"8\236\024\333\261\340Qn\35657|\223>\007|NI\361\015\265"
 419      B1E0516E 
 419      EE35377C 
 419      933E077C 
 419      4E49F10D 
 420 09d0 FD1F32B6 		.ascii	"\375\0372\266p\321U\210\362\177\027q\303NL+w\007Xl\227"
 420      70D15588 
 420      F27F1771 
 420      C34E4C2B 
 420      7707586C 
 421 09e5 B69D565E 		.ascii	"\266\235V^\374\247\246\251\177\377\250\253\374\200\320"
 421      FCA7A6A9 
 421      7FFFA8AB 
 421      FC80D0
 422 09f4 31E180D0 		.ascii	"1\341\200\320\311\2637\347NZ\274\263O\216e\272M|Uw\364"
 422      C9B337E7 
 422      4E5ABCB3 
 422      4F8E65BA 
 422      4D7C5577 
 423 0a09 3F12F79D 		.ascii	"?\022\367\235\177\"\221\267\327\363\203\315X\356\370"
 423      7F2291B7 
 423      D7F383CD 
 423      58EEF8
 424 0a18 DA04C7D7 		.ascii	"\332\004\307\327E\307\327\251\343K\267\342\316\273:"
 424      45C7D7A9 
ARM GAS  /var/folders/qd/4mxf5pkd0zdf0b9dd1hp39180000gn/T//ccmstDfg.s 			page 34


 424      E34BB7E2 
 424      CEBB3A
 425 0a27 76CC7D7F 		.ascii	"v\314}\177\257\250\213\367&\377\"\227\025\255\361\324"
 425      AFA88BF7 
 425      26FF2297 
 425      15ADF1D4 
 426 0a37 886781A4 		.ascii	"\210g\201\244\357|\253\207W\015R\352S\326\014^\306x"
 426      EF7CAB87 
 426      570D52EA 
 426      53D60C5E 
 426      C678
 427 0a49 906D7A79 		.ascii	"\220mzy]\245#^\2646\000?\261\210\224gu\236\360\240}"
 427      5DA5235E 
 427      B436003F 
 427      B1889467 
 427      759EF0A0 
 428 0a5e E4D0D3C3 		.ascii	"\344\320\323\303\352ECe\331qO\247\005\243\227\026\214"
 428      EA454365 
 428      D9714FA7 
 428      05A39716 
 428      8C
 429 0a6f 9BB682F1 		.ascii	"\233\266\202\361hs\305\200\032*F\005+r\311\331\211k"
 429      6873C580 
 429      1A2A4605 
 429      2B72C9D9 
 429      896B
 430 0a81 85CC55C2 		.ascii	"\205\314U\302;\357\020 \272!\315\336\015\373\242\321"
 430      3BEF1020 
 430      BA21CDDE 
 430      0DFBA2D1 
 431 0a91 C7CFE054 		.ascii	"\307\317\340Ta!!\341\326pE\370\262\330\250\331\001\001"
 431      612121E1 
 431      D67045F8 
 431      B2D8A8D9 
 431      0101
 432 0aa3 5AF63559 		.ascii	"Z\3665Y\264+\302\243\264fS\254\325\242]\262\364\203"
 432      B42BC2A3 
 432      B46653AC 
 432      D5A25DB2 
 432      F483
 433 0ab5 3941DA45 		.ascii	"9A\332E\213B\264\357\205-\\\374\367 \2559<J\037\025"
 433      8B42B4EF 
 433      852D5CFC 
 433      F720AD39 
 433      3C4A1F15 
 434 0ac9 151910A1 		.ascii	"\025\031\020\241~\357\303\217^\015\016\014\3444z\375"
 434      7EEFC38F 
 434      5E0D0E0C 
 434      E4347AFD 
 435 0ad9 4A638C75 		.ascii	"Jc\214uN\220\336\232\206\264\363\314\346(cD\270\325"
 435      4E90DE9A 
 435      86B4F3CC 
 435      E6286344 
 435      B8D5
 436 0aeb 688AB168 		.ascii	"h\212\261hC#\242\214f\213Ao\3607\257\214\370,( \334"
 436      4323A28C 
 436      668B416F 
ARM GAS  /var/folders/qd/4mxf5pkd0zdf0b9dd1hp39180000gn/T//ccmstDfg.s 			page 35


 436      F037AF8C 
 436      F82C2820 
 437 0b00 6CD6069B 		.ascii	"l\326\006\233b\254\206\030\353\244\233\332\245&S\224"
 437      62AC8618 
 437      EBA49BDA 
 437      A5265394 
 438 0b10 45BB3C22 		.ascii	"E\273<\"\302?<6\332?\306\024c\3607\204\377\305\350\377"
 438      C23F3C36 
 438      DA3FC614 
 438      63F03784 
 438      FFC5E8FF 
 439 0b24 BA7FD0EC 		.ascii	"\272\177\320\354\300\327\375\3776\327?:\374\257\246"
 439      C0D7FDFF 
 439      36D73F3A 
 439      FCAFA6
 440 0b33 58ED84BB 		.ascii	"X\355\204\273ZcLD\324\312H\2036:<b\2051\306\240\325"
 440      5A634C44 
 440      D4CA4883 
 440      363A3C62 
 440      8531C6A0 
 441 0b48 471A9685 		.ascii	"G\032\226\205\257\214\262\352\255_\230\015\226\200\025"
 441      AF8CB2EA 
 441      AD5F980D 
 441      968015
 442 0b57 9CDA462E 		.ascii	"\234\332F.\361\377G\316\362\205E\253\267X#\201\0110"
 442      F1FF47CE 
 442      F28545AB 
 442      B7582381 
 442      0930
 443 0b69 C2A6C858 		.ascii	"\302\246\310X\245y\24592\326\305d1\033\014\221\261*"
 443      A579A539 
 443      32D6C564 
 443      311B0C91 
 443      B12A
 444 0b7b 13611BAB 		.ascii	"\023a\033\253\2146E\032b\311t\254\010\374\201\323\261"
 444      8C36451A 
 444      62C974AC 
 444      08FC81D3 
 444      B1
 445 0b8c 829B6AB1 		.ascii	"\202\233j\261FC\230\313\315F\223\336b\260\2564\353\255"
 445      464398CB 
 445      CD4693DE 
 445      62B0AE34 
 445      EBAD
 446 0b9e AAB06032 		.ascii	"\252\260`2\277\252\260\371\254\231\307\232wI\343\032"
 446      BFAAB0F9 
 446      AC99C79A 
 446      7749E31A 
 447 0bae 366F1144 		.ascii	"6o\021D\273\314\270\\1\357]\335\002\362\263H\261(\370"
 447      BBCCB85C 
 447      31EF5DDD 
 447      02F2B348 
 447      B128F8
 448 0bc1 7D9D62FE 		.ascii	"}\235b\376\022\235\016\375\036-PFD\031\302c\305\331"
 448      129D0EFD 
 448      1E2D5046 
 448      4419C263 
ARM GAS  /var/folders/qd/4mxf5pkd0zdf0b9dd1hp39180000gn/T//ccmstDfg.s 			page 36


 448      C5D9
 449 0bd3 0DFC8DDE 		.ascii	"\015\374\215\336\252\266]`\260\217\027\207\350\360\302"
 449      AAB65D60 
 449      B08F1787 
 449      E8F0C2
 450 0be2 109D32EC 		.ascii	"\020\2352\354\243\260\020\235\313\342%a\241\241!:\325"
 450      A3B0109D 
 450      CBE22561 
 450      A1A1213A 
 450      D5
 451 0bf3 E2A51F87 		.ascii	"\342\245\037\207\205\352\224\037,\016\011\325\341\371"
 451      85EA941F 
 451      2C0E09D5 
 451      E1F9
 452 0c01 3A9DBB8C 		.ascii	":\235\273\214\225Uc4\2210\214\221z\253;\273\214\016"
 452      95556334 
 452      91308C91 
 452      7AAB3BBB 
 452      8C0E
 453 0c13 B77C0686 		.ascii	"\267|\006\206\215&\022\271\336\352\241\027\343\321\033"
 453      8D2612B9 
 453      DEEAA117 
 453      E3D11B
 454 0c22 638CD61F 		.ascii	"c\214\326\037\232\203\010\356\225\361\361\300py\254"
 454      9A8308EE 
 454      95F1F1C0 
 454      7079AC
 455 0c31 69A599D8 		.ascii	"i\245\231\330U\006\277\373\236.\310e\336\202\371\272"
 455      5506BFFB 
 455      9E2EC865 
 455      DE82F9BA 
 456 0c41 254B7538 		.ascii	"%Ku8x\011\304\030\022\254s\231\0276?0\364C\332\006A"
 456      7809C418 
 456      12AC7399 
 456      17363F30 
 456      F443DA06 
 457 0c56 AB020034 		.ascii	"\253\002\0004j\322M\200\344\"\210\215X\250S\020\033"
 457      6AD24D80 
 457      E422888D 
 457      58A85310 
 457      1B
 458 0c67 7CB08EDA 		.ascii	"|\260\216\332\2323K\316\314\360\271U\033\374\301\222"
 458      9A334BCE 
 458      CCF0B955 
 458      1BFCC192 
 459 0c77 854B8099 		.ascii	"\205K\200\231\226\206\273l\316\234\271\237\277\001s"
 459      9686BB6C 
 459      CE9CB99F 
 459      BF0173
 460 0c86 E2A60B0E 		.ascii	"\342\246\013\016\326/\205\251\0151,S\223\220H\036\376"
 460      D62F85A9 
 460      0D312C53 
 460      9390481E 
 460      FE
 461 0c97 0DB0BCB9 		.ascii	"\015\260\274\271v"
 461      76
 462              		.text
ARM GAS  /var/folders/qd/4mxf5pkd0zdf0b9dd1hp39180000gn/T//ccmstDfg.s 			page 37


 463              		.section	.gnu.lto_.symtab.68833098254d12c,"",%progbits
 464 0000 5F70616C 		.ascii	"_pal_lld_init\000"
 464      5F6C6C64 
 464      5F696E69 
 464      7400
 465 000e 00       		.ascii	"\000"
 466 000f 00       		.ascii	"\000"
 467 0010 00       		.ascii	"\000"
 468 0011 00000000 		.ascii	"\000\000\000\000\000\000\000\000"
 468      00000000 
 469 0019 33010000 		.ascii	"3\001\000\000"
 470 001d 5F70616C 		.ascii	"_pal_lld_setgroupmode\000"
 470      5F6C6C64 
 470      5F736574 
 470      67726F75 
 470      706D6F64 
 471 0033 00       		.ascii	"\000"
 472 0034 00       		.ascii	"\000"
 473 0035 00       		.ascii	"\000"
 474 0036 00000000 		.ascii	"\000\000\000\000\000\000\000\000"
 474      00000000 
 475 003e 39010000 		.ascii	"9\001\000\000"
 476              		.text
 477              		.section	.gnu.lto_.opts,"",%progbits
 478 0000 272D666D 		.ascii	"'-fmath-errno' '-fsigned-zeros' '-ftrapping-math' '"
 478      6174682D 
 478      6572726E 
 478      6F272027 
 478      2D667369 
 479 0033 2D666E6F 		.ascii	"-fno-trapv' '-fno-openmp' '-fno-openacc' '-mcpu=cor"
 479      2D747261 
 479      70762720 
 479      272D666E 
 479      6F2D6F70 
 480 0066 7465782D 		.ascii	"tex-m4' '-mno-thumb-interwork' '-mthumb' '-O2' '-fo"
 480      6D342720 
 480      272D6D6E 
 480      6F2D7468 
 480      756D622D 
 481 0099 6D69742D 		.ascii	"mit-frame-pointer' '-falign-functions=16' '-ffuncti"
 481      6672616D 
 481      652D706F 
 481      696E7465 
 481      72272027 
 482 00cc 6F6E2D73 		.ascii	"on-sections' '-fdata-sections' '-fno-common' '-flto"
 482      65637469 
 482      6F6E7327 
 482      20272D66 
 482      64617461 
 483 00ff 2700     		.ascii	"'\000"
 484              		.text
 485              		.comm	__gnu_lto_v1,1,1
 486              		.comm	__gnu_lto_slim,1,1
 487              		.ident	"GCC: (GNU Tools for Arm Embedded Processors 7-2017-q4-major) 7.2.1 20170904 (release) [ARM
ARM GAS  /var/folders/qd/4mxf5pkd0zdf0b9dd1hp39180000gn/T//ccmstDfg.s 			page 38


DEFINED SYMBOLS
                            *ABS*:0000000000000000 pal_lld.c
                            *COM*:0000000000000001 __gnu_lto_v1
                            *COM*:0000000000000001 __gnu_lto_slim

NO UNDEFINED SYMBOLS
