ARM GAS  /var/folders/qd/4mxf5pkd0zdf0b9dd1hp39180000gn/T//cchHpljy.s 			page 1


   1              		.cpu cortex-m4
   2              		.eabi_attribute 20, 1
   3              		.eabi_attribute 21, 1
   4              		.eabi_attribute 23, 3
   5              		.eabi_attribute 24, 1
   6              		.eabi_attribute 25, 1
   7              		.eabi_attribute 26, 1
   8              		.eabi_attribute 30, 2
   9              		.eabi_attribute 34, 1
  10              		.eabi_attribute 18, 4
  11              		.file	"hal.c"
  12              		.section	.gnu.lto_.profile.86132e1158193d2a,"",%progbits
  13 0000 789C6363 		.ascii	"x\234cc```\001bF\006Sv\000\000\351\000H"
  13      60606001 
  13      62460653 
  13      760000E9 
  13      0048
  14              		.text
  15              		.section	.gnu.lto_.icf.86132e1158193d2a,"",%progbits
  16 0000 789C6363 		.ascii	"x\234cc``\340`@\000F\206_O\372_\3611\000\000\020\266"
  16      6060E060 
  16      40004686 
  16      5F4FFA5F 
  16      F1310000 
  17 0016 0375     		.ascii	"\003u"
  18              		.text
  19              		.section	.gnu.lto_.jmpfuncs.86132e1158193d2a,"",%progbits
  20 0000 789C6363 		.ascii	"x\234cc``\360b@\000F\010\305\3048\205\231\261\371\327"
  20      6060F062 
  20      40004608 
  20      C5C43885 
  20      99B1F9D7 
  21 0014 FECF7CF5 		.ascii	"\376\317|\365\177\033$\34603,`\006Inf\254g`<\300\302"
  21      7F1B24E6 
  21      30332C60 
  21      06496E66 
  21      AC67603C 
  22 002a C800C47F 		.ascii	"\310\000\304\177\376\377\377\317\317\310\004T7\255\365"
  22      FEFFFFCF 
  22      CFC80454 
  22      37ADF5
  23 0039 D079F66E 		.ascii	"\320y\366nf\240*F\006\306-\2142 \314\300\000\000\006"
  23      66A02A46 
  23      06C62D8C 
  23      3220CCC0 
  23      000006
  24 004c D81467   		.ascii	"\330\024g"
  25              		.text
  26              		.section	.gnu.lto_.inline.86132e1158193d2a,"",%progbits
  27 0000 789C6363 		.ascii	"x\234cc``\320c@\000F\006\006NSF\006& \223m\201<\023"
  27      6060D063 
  27      40004606 
  27      064E5346 
  27      06262093 
  28 0018 58880B85 		.ascii	"X\210\013\205`\342\006\251\0023\031\0004\322\001x"
  28      60E206A9 
  28      02331900 
ARM GAS  /var/folders/qd/4mxf5pkd0zdf0b9dd1hp39180000gn/T//cchHpljy.s 			page 2


  28      34D20178 
  29              		.text
  30              		.section	.gnu.lto_.pureconst.86132e1158193d2a,"",%progbits
  31 0000 789C6363 		.ascii	"x\234cc```\006bF\006\011\000\000}\000#"
  31      60606006 
  31      62460609 
  31      00007D00 
  31      23
  32              		.text
  33              		.section	.gnu.lto_halInit.86132e1158193d2a,"",%progbits
  34 0000 789C7590 		.ascii	"x\234u\220\273J\003A\024\206\317\277\223\033\250\301"
  34      BB4A0341 
  34      1486CFBF 
  34      931BA8C1 
  35 0010 C2424D0A 		.ascii	"\302BM\012\3334\311{\370\026\222\306B\020\314\003\354"
  35      DB34C97B 
  35      F81692C6 
  35      4210CC03 
  35      EC
  36 0021 C43524A2 		.ascii	"\3045$\242\205E\\-\026Y\304k%\342%\256\027\\\362\000"
  36      85455C2D 
  36      1659C46B 
  36      25E225AE 
  36      175CF200 
  37 0035 8AB676A2 		.ascii	"\212\266v\242V\361\002V*F\377\311\212X\304\303\034f"
  37      56F10256 
  37      2A46FFC9 
  37      8A58C4C3 
  37      1C66
  38 0047 E69C6FCE 		.ascii	"\346\234o\316\371\317$Dd\003\"Y\356\031:\224\300Z\270"
  38      F9CF2444 
  38      64032259 
  38      EE193A94 
  38      C05AB8
  39 005a 1029A72C 		.ascii	"\020)\247,\300\034t\012b[\2601\257\352\012\315\352C"
  39      C01C740A 
  39      625BB031 
  39      AFEA0ACD 
  39      EA43
  40 006c 60E53635 		.ascii	"`\34565-\\z\031\322[!<%\342\322\215a\0179!v\273\333"
  40      2D5C7A19 
  40      D25B213C 
  40      25E2D28D 
  40      610F3921 
  41 0083 5EEC4BC4 		.ascii	"^\354K\304\2428\366\221\020\366\220\235\353x\250\333"
  41      A238F691 
  41      10F6909D 
  41      EB78A8DB 
  42 0093 5F551DDE 		.ascii	"_U\035\336\255\2421\232\024\2511\317&:\224Ye\231\223"
  42      ADA2319A 
  42      14A931CF 
  42      263A9459 
  42      659993
  43 00a6 134A0B8E 		.ascii	"\023J\013\216\377\221\351<b\245 h\335$\355O\235\362"
  43      FF91E93C 
  43      62A52068 
  43      DD24ED4F 
ARM GAS  /var/folders/qd/4mxf5pkd0zdf0b9dd1hp39180000gn/T//cchHpljy.s 			page 3


  43      9DF2
  44 00b8 145CC52A 		.ascii	"\024\\\305*8\200-\036\351\026f\374\365\336.\234r\231"
  44      38802D1E 
  44      E91666FC 
  44      F5DE2E9C 
  44      7299
  45 00ca 151C9263 		.ascii	"\025\034\222c\302\2554/\223s\312S1\230\253\363~\376"
  45      C2AD342F 
  45      9373CA53 
  45      3198ABF3 
  45      7EFE
  46 00dc 9A2637C8 		.ascii	"\232&7\310\200o\3241\366v\365X\353\361\261R\356\367"
  46      806FD431 
  46      F676F558 
  46      EBF1B152 
  46      EEF7
  47 00ee 541C479C 		.ascii	"T\034G\234\265\201l'\343\254\355U@zY\353\021S!\200\217"
  47      B5816C27 
  47      E3ACED55 
  47      407A59EB 
  47      11532180 
  48 0103 689C63D8 		.ascii	"h\234c\330\236Jt\304n\247\273\213eu\234\374\212%7\320"
  48      9E4A74C4 
  48      6EA7BB8B 
  48      65759CFC 
  48      8A2537D0 
  49 0117 9D8B913B 		.ascii	"\235\213\221;\375\303\335\377\303\305\311\235\375pO"
  49      FDC3DDFF 
  49      C3C5C99D 
  49      FD704F
  50 0126 98F69FEB 		.ascii	"\230\366\237\353\221\026c5~\015\277\217s\017\347\363"
  50      91166335 
  50      7E0DBF8F 
  50      730FE7F3 
  51 0136 85684D96 		.ascii	"\205hM\226\012\343c\023\205\322T\321\354\371\242|\003"
  51      0AE36313 
  51      85D254D1 
  51      ECF9A27C 
  51      03
  52 0147 82A092F0 		.ascii	"\202\240\222\360"
  53              		.text
  54              		.section	.gnu.lto_.symbol_nodes.86132e1158193d2a,"",%progbits
  55 0000 789C55C9 		.ascii	"x\234U\311\275\015\2030\024E\341sm\314\034\031\005&"
  55      BD0D8330 
  55      1445E173 
  55      6DCC1C19 
  55      0526
  56 0012 7B2E3200 		.ascii	"{.2\000-=S\244\246\344'\311\004\211\2249\"\036\256p"
  56      2D3D53A4 
  56      A6E427C9 
  56      04899439 
  56      221EAE70 
  57 0026 71F549E7 		.ascii	"q\365I\347\266\300\350#,2\0306p\036\271\207\264\213"
  57      B6C0E823 
  57      2C321836 
  57      701EB987 
  57      B48B
ARM GAS  /var/folders/qd/4mxf5pkd0zdf0b9dd1hp39180000gn/T//cchHpljy.s 			page 4


  58 0038 9B3F7ACB 		.ascii	"\233?z\313T\036\310\271\363\360\222\205*<e\261\012\233"
  58      541EC8B9 
  58      F3F09285 
  58      2A3C65B1 
  58      0A9B
  59 004a ACA9C22A 		.ascii	"\254\251\302*K\327\020i\231>\177E\022s\261\341W\214"
  59      4BD71069 
  59      993E7F45 
  59      1273B1E1 
  59      578C
  60 005c DCBFA781 		.ascii	"\334\277\247\201\311\345\000\021\241&\347"
  60      C9E50011 
  60      A126E7
  61              		.text
  62              		.section	.gnu.lto_.refs.86132e1158193d2a,"",%progbits
  63 0000 789C6363 		.ascii	"x\234cc```\003bF\006&F&\006\000\000\263\000\023"
  63      60606003 
  63      62460626 
  63      46260600 
  63      00B30013 
  64              		.text
  65              		.section	.gnu.lto_.decls.86132e1158193d2a,"",%progbits
  66 0000 789CC556 		.ascii	"x\234\305V}lSU\024\177\347\335\266\353\272\215\221A"
  66      7D6C5355 
  66      147FE7DD 
  66      B6EBBA8D 
  66      9141
  67 0012 0C1A4C90 		.ascii	"\014\032L\220\324\260\177\266\307\246FM0\212@\224d\302"
  67      D4B07FB6 
  67      C7A6464D 
  67      308A4094 
  67      64C2
  68 0024 A298E85F 		.ascii	"\242\230\350_\265\266\205U\273\266\266\235\321\370\317"
  68      B5B68555 
  68      BBB6B69D 
  68      D1F8CF
  69 0033 1B2DDBF8 		.ascii	"\033-\333\370\034\010A\007\210\300\210\202.L\371\320"
  69      1C084107 
  69      88C08882 
  69      2E4CF9D0 
  70 0043 6D055784 		.ascii	"m\005W\204\001\302\006\203\311\307\346\2209\244\014"
  70      01C20683 
  70      C9C7E690 
  70      39A40C
  71 0052 1C630CDC 		.ascii	"\034c\014\334\007\035\316s\357}\335\353\272\315\350"
  71      071DCE73 
  71      EF7DDDEB 
  71      BACDE8
  72 0061 5FBEF4BC 		.ascii	"_\276\364\274\373\316=\277\373;\037\367\334\367\252"
  72      FBCE3DBF 
  72      FB3B1FF7 
  72      DCF7AA
  73 0070 13042131 		.ascii	"\023\004!1I\020D\"\010[\360y\010/\021\307\303(\200r"
  73      49104422 
  73      085BF079 
  73      082F11C7 
  73      C3288072 
ARM GAS  /var/folders/qd/4mxf5pkd0zdf0b9dd1hp39180000gn/T//cchHpljy.s 			page 5


  74 0084 5BE0970E 		.ascii	"[\340\227\016\245\027\245\037\345>\312\240\300\001\""
  74      A517A51F 
  74      E53ECAA0 
  74      C00122
  75 0093 709C0684 		.ascii	"p\234\006\204\021\327-\324\023p|\013E\213\317\177R\016"
  75      11D72DD4 
  75      13707C0B 
  75      458BCF7F 
  75      520E
  76 00a5 E07C5DD4 		.ascii	"\340|]\324O\034/\345\241D\203\012\177\27706\357\006"
  76      4F1C2FE5 
  76      A144830A 
  76      7FBF3036 
  76      EF06
  77 00b7 026703DF 		.ascii	"\002g\003\337l!+\011\244\031@\203\352\235\206MW'\240"
  77      6C212B09 
  77      A4194083 
  77      EA9D864D 
  77      5727A0
  78 00ca 3AD900D3 		.ascii	":\331\000\323P\255h8\336\252XK\000\365\252C\267\262"
  78      50AD6838 
  78      DEAA584B 
  78      00F5AA43 
  78      B7B2
  79 00dc B93A15B5 		.ascii	"\271:\025\265\232\313wBI\034\334F\255C7\232\313\023"
  79      9ACB7742 
  79      491CDC46 
  79      AD43379A 
  79      CB13
  80 00ee B9B99B72 		.ascii	"\271\271\233r\2578\260\276<\225`0\370\334\025\270\326"
  80      AF38B0BE 
  80      3C956030 
  80      F8DC15B8 
  80      D6
  81 00ff 96C46D53 		.ascii	"\226\304mSP=\327]\377\231\242ND\265uy\321V\035Id\310"
  81      503DD75D 
  81      FF99A24E 
  81      44B57579 
  81      D1561D49 
  82 0115 CB27767F 		.ascii	"\313'v\177M}\3160\000\255_*NUvV\017\244\360)\212\370"
  82      4D7DCE30 
  82      00AD5F2A 
  82      4E557656 
  82      0FA4F029 
  83 012b B9B77487 		.ascii	"\271\267t\207\236L`\317\345-;6&dV\310\374\322\277!@"
  83      9E4C60CF 
  83      E52D3B36 
  83      266456C8 
  83      FCD2BF21 
  84 0140 2D906872 		.ascii	"-\220hr\347J{v&\220,\012\024\2574GZ'\200!\275D\226\227"
  84      E74A7B76 
  84      26902C0A 
  84      14AF3447 
  84      5A278021 
  85 0158 CADBFC72 		.ascii	"\312\333\374r\342\313\002\354\207\251\260\017\246\012"
  85      E2CB02EC 
  85      87A9B00F 
ARM GAS  /var/folders/qd/4mxf5pkd0zdf0b9dd1hp39180000gn/T//cchHpljy.s 			page 6


  85      A60A
  86 0166 7004D229 		.ascii	"p\004\322)y\0102\005\370\001'\017\341\344\027\2240t"
  86      79083205 
  86      F801270F 
  86      E1E41794 
  86      3074
  87 0178 BD6FC6BA 		.ascii	"\275o\306\272bY\026\341G0\300a \014\203\325\234a\340"
  87      625916E1 
  87      4730C061 
  87      200C83D5 
  87      9C61E0
  88 018b 2E76EF5C 		.ascii	".v\357\\\267CG\032\201\371\010n\276V'\216\347\343\330"
  88      B743471A 
  88      81F9086E 
  88      BE56278E 
  88      E7E3D8
  89 019e B83ECE04 		.ascii	"\270>\316\004\247\037[F}\324\241\217\243\252\017t\311"
  89      A71F5B46 
  89      7DD4A18F 
  89      A3AA0F74 
  89      C9
  90 01af 9DB4D7B4 		.ascii	"\235\264\327\264\026\212\244\235WrS\360\336I-/\235\036"
  90      168AA49D 
  90      577253F0 
  90      DE492D2F 
  90      9D1E
  91 01c1 D5DBEBEB 		.ascii	"\325\333\353\353\032D\022\346\266\360%\177\231\216t"
  91      1A4412E6 
  91      B6F0257F 
  91      998E74
  92 01d0 7265ED83 		.ascii	"re\355\203fYG\356qe\365\355\376\355\032\022\341J\263"
  92      665947EE 
  92      7165F5ED 
  92      FEED1A12 
  92      E14AB3
  93 01e3 BFEF420A 		.ascii	"\277\357B\012)$TI\\z\251\367\210\026\214\306IF\2431"
  93      29245449 
  93      5C7AA9F7 
  93      88168CC6 
  93      4946A331 
  94 01f7 DD68DC41 		.ascii	"\335h\334Ac\017\365u\314\252\356\351\220\345\217\223"
  94      630FF575 
  94      CCAAEEE9 
  94      90E58F93 
  95 0207 59500D18 		.ascii	"YP\015\030T#LR\223\251\301\233\000Yx\023\370\202\226"
  95      54234C52 
  95      93A9C19B 
  95      00597813 
  95      F88296
  96 021a 6737C9A1 		.ascii	"g7\311\241\000a\350\343\361\350\240\212^G3^\213\002"
  96      0061E8E3 
  96      F1E8A08A 
  96      5E47335E 
  96      8B02
  97 022c 1A01BE47 		.ascii	"\032\001\276G\300w\314F\341\2305\374\214E:\007F\270"
  97      C077CC46 
  97      E19835FC 
ARM GAS  /var/folders/qd/4mxf5pkd0zdf0b9dd1hp39180000gn/T//cchHpljy.s 			page 7


  97      8C453A07 
  97      46B8
  98 023e 807216A5 		.ascii	"\200r\026\245\011\345\014\312y\224\323`d\033\313\035"
  98      09E50CCA 
  98      7994D360 
  98      641BCB1D 
  99 024e DE7F4675 		.ascii	"\336\177Fux2\336\341\211Q\341\305\240\353\343\321R\034"
  99      7832DEE1 
  99      8951E1C5 
  99      A0EBE3D1 
  99      521C
 100 0260 F8644C2E 		.ascii	"\370dL.?\215M\275\237\336\225\355;]\225V\210\371P\230"
 100      3F8D4DBD 
 100      9FDE95ED 
 100      3B5D9556 
 100      88F95098 
 101 0274 A06C9D1A 		.ascii	"\240l\235\032fWuZ\271_>1\223\221\035\034\2730\234\214"
 101      6657755A 
 101      B95F3E31 
 101      93911D1C 
 101      BB309C8C 
 102 0288 E36FC604 		.ascii	"\343o\306\004zj\314@9\032w\261\366\257@\243\216T\261"
 102      7A6ACC40 
 102      391A77B1 
 102      F6AF40A3 
 102      8E54B1
 103 029b 5D14BF3A 		.ascii	"]\024\277:\330\372\207\026&\245\217Y_h\306\262\376\227"
 103      D8FA8716 
 103      26A58F59 
 103      5F68C6B2 
 103      FE97
 104 02ad 12F3C48E 		.ascii	"\022\363\304\216\325\350\360H\301%\\xQ\355J\232&\363"
 104      D5E8F048 
 104      C1255C78 
 104      51ED4A9A 
 104      26F3
 105 02bf DF14DE1E 		.ascii	"\337\024\336\036H\346\215\330H\3655\245\373\2765\220"
 105      48E68DD8 
 105      48F535A5 
 105      FBBE3590 
 106 02cf 532C1ED8 		.ascii	"S,\036\330\025\336\262F1>\203\352\201\206\252_\265\344"
 106      15DEB246 
 106      313E83EA 
 106      8186AA5F 
 106      B5E4
 107 02e1 1CB7B5F6 		.ascii	"\034\267\265\366\\(N\"\315\\\251\034\334\360\245\216"
 107      5C284E22 
 107      CD5CA91C 
 107      DCF0A58E 
 108 02f1 B471E5EE 		.ascii	"\264q\345\356\256\275[\365|\325.\372F\371\2548\264_"
 108      AEBD5BF5 
 108      7CD52EFA 
 108      46F9AC38 
 108      B45F
 109 0303 79C3840C 		.ascii	"y\303\204\014\250\257\\V\272<\201\\g`}\345\305\300Q"
 109      A8AF5C56 
 109      BA3C815C 
ARM GAS  /var/folders/qd/4mxf5pkd0zdf0b9dd1hp39180000gn/T//cchHpljy.s 			page 8


 109      67607DE5 
 109      C5C051
 110 0316 3D362E76 		.ascii	"=6.v.\357[\032\362\301\264\3652-7\015\372W\014:\214"
 110      2EEF5B1A 
 110      F2C1B4F5 
 110      322D370D 
 110      FA570C3A 
 111 032b E370196A 		.ascii	"\343p\031jF\226\033\361?>_\310\312M\341\355\361\360"
 111      46961BF1 
 111      3F3E5FC8 
 111      CA4DE1ED 
 111      F1F0
 112 033d 03A3E1CF 		.ascii	"\003\243\341\317\251\360_\342\341-1\360\021\333\360"
 112      A9F05FE2 
 112      E12D31F0 
 112      11DBF0
 113 034c 1B22DA98 		.ascii	"\033\"\332\2301\254\354A\007\356\301\015\254\367U\224"
 113      31ACEC41 
 113      07EEC10D 
 113      ACF75594 
 114 035c 9B28D750 		.ascii	"\233(\327P\256\243\374\256\2668zk\217\361V\035\357\255"
 114      AEA3FCAE 
 114      B6387A6B 
 114      8FF1561D 
 114      EFAD
 115 036e 4A6D71A5 		.ascii	"Jmq\245\015\203\274\015\303\243\332\020\215\341`L]\256"
 115      0D83BC0D 
 115      C3A3DA10 
 115      8DE1604C 
 115      5DAE
 116 0380 C4738D38 		.ascii	"\304s\2158\000\324\361,\325\361\345xp\253\352\030w\344"
 116      00D4F12C 
 116      D5F1E578 
 116      70ABEA18 
 116      77E4
 117 0392 F040E7B2 		.ascii	"\360@\347\262T\322\305\233\360\227SG\353\222\342\233"
 117      54D2C59B 
 117      F0975347 
 117      EB92E29B 
 118 03a2 309A3DDC 		.ascii	"0\232=\334\302\244\377m\001xJ\275\265\254\001;q\321"
 118      C2A4FF6D 
 118      01784ABD 
 118      B5AC013B 
 118      71D1
 119 03b4 1F6A0386 		.ascii	"\037j\003\206\243\015\270\331\337\331\2222IqV2\2563"
 119      A30DB8D9 
 119      DFD99232 
 119      49715632 
 119      AE33
 120 03c6 E11F3D51 		.ascii	"\341\037=Q\236M\237LK^1\374\316\206\256\2303'\300mH"
 120      9E4D9F4C 
 120      4B5E31FC 
 120      CE86AE98 
 120      3327C06D 
 121 03db 669F671C 		.ascii	"f\237g\034\3517\357\360\241\332\244+X\025\374\256\303"
 121      E937EFF0 
 121      A1DAA42B 
ARM GAS  /var/folders/qd/4mxf5pkd0zdf0b9dd1hp39180000gn/T//cchHpljy.s 			page 9


 121      5815FCAE 
 121      C3
 122 03ec 44C600C0 		.ascii	"D\306\000\300\3578Ra\372P\364\002>\217\263\"\037\024"
 122      EF385261 
 122      FA50F402 
 122      3E8FB322 
 122      1F14
 123 03fe 2855A24B 		.ascii	"(U\242K`xFT8\304(/\373)\004\020\313\312\355\334]\364"
 123      60784654 
 123      38C4282F 
 123      FB290410 
 123      CBCAEDDC 
 124 0414 E25F79FE 		.ascii	"\342_y\376\020\263\216O\211\252\263\230%\243b\025\206"
 124      10B38E4F 
 124      89AAB398 
 124      25A36215 
 124      86
 125 0425 CDC341A9 		.ascii	"\315\303A\251I\202R\260\363\235\253\366$\267\341\371"
 125      498252B0 
 125      F39DABF6 
 125      24B7E1F9 
 126 0435 12E04D41 		.ascii	"\022\340MAX\253\317g\207\267{\237\334n \375\374$\327"
 126      58ABCF67 
 126      87B77B9F 
 126      DC6E20FD 
 126      FC24D7
 127 0448 0DF58552 		.ascii	"\015\365\205R\371I\026c\276\367\223\371\367\276b\325"
 127      F9491663 
 127      BEF793F9 
 127      F7BE62D5 
 128 0458 D006ED94 		.ascii	"\320\006\355\224\215l\347\374\362D\021\336z\010\356"
 128      8D6CE7FC 
 128      F24411DE 
 128      7A08EE
 129 0467 61C5EFB2 		.ascii	"a\305\357\262\212\377\011S\360\356\324pgW\217v=\020"
 129      8AFF0953 
 129      F0EED470 
 129      67578F76 
 129      3D10
 130 0479 A76F93B7 		.ascii	"\247o\223\267\265\311\241\343%\244\277\276Hn\304u/0"
 130      B5C9A1E3 
 130      25A4BFBE 
 130      486EC475 
 130      2F30
 131 048b 1CF4A87D 		.ascii	"\034\364\250}\321C?\374p\007\367\037\272\261\307\005"
 131      D1433FFC 
 131      7007F71F 
 131      BAB1C705 
 132 049b E885E9B8 		.ascii	"\350\205\351\270\276xo\327\025-\331\254aa\255\372=x"
 132      BE786FD7 
 132      152DD9AC 
 132      6161ADFA 
 132      3D78
 133 04ad 2015C9DA 		.ascii	" \025\311\332\260\273.\256\"{\374E\253\345\355\300\251"
 133      B0BB2EAE 
 133      227BFC45 
 133      ABE5EDC0 
ARM GAS  /var/folders/qd/4mxf5pkd0zdf0b9dd1hp39180000gn/T//cchHpljy.s 			page 10


 133      A9
 134 04be FA54AA3E 		.ascii	"\372T\252>\345?\004\3643\212\372\360\345\217H\2103|"
 134      E53F04F4 
 134      338AFAF0 
 134      E58F4888 
 134      337C
 135 04d0 5DB7A250 		.ascii	"]\267\242P\24304\225\221\222\363\035r\211\201\023\014"
 135      A3303495 
 135      9192F31D 
 135      72898113 
 135      0C
 136 04e1 A8040351 		.ascii	"\250\004\003Q\202\373\214\340\314\311\362\301\024\022"
 136      82FB8CE0 
 136      CCC9F2C1 
 136      1412
 137 04ef E10C4D1B 		.ascii	"\341\014M\033v\017\244D\031v\221\323?\025\205r9AD%\210"
 137      760FA444 
 137      197691D3 
 137      3F158572 
 137      39414425 
 138 0504 44090619 		.ascii	"D\011\006\031\301W\025e\327\022\311N-#\250\256\274\371"
 138      C1571565 
 138      D712C94E 
 138      2D23A8AE 
 138      BCF9
 139 0516 69AA46E4 		.ascii	"i\252F\344=I\353\204s[ZV\377@\306\255\350\020\253\350"
 139      3D49EB84 
 139      735B5A56 
 139      FF40C6AD 
 139      E810ABE8 
 140 052a 5FA094B4 		.ascii	"_\240\224\264*\330\264>A\211\340n\307\254\310~9\240"
 140      2AD8B43E 
 140      4189E06E 
 140      C7ACC87E 
 140      39A0
 141 053c A51878A0 		.ascii	"\245\030x\240\006\360 \032\200,\322\000\312\266\226"
 141      06F0201A 
 141      802CD200 
 141      CAB696
 142 054b 7E43C85E 		.ascii	"~C\310^\036@W\355\335\033\321\032D*IiP\255\001\376O"
 142      1E4057ED 
 142      DD1BD11A 
 142      442A4969 
 142      50AD01FE 
 143 0560 8932148A 		.ascii	"\2112\024\212\012\303R\306p\342\310\236\336$\322\315"
 143      0AC352C6 
 143      70E2C89E 
 143      DE24D2CD 
 144 0570 19D65C58 		.ascii	"\031\326\\XZ\221\374x\271\334-\323\377\032\351\221\356"
 144      5A91FC78 
 144      B9DC2DD3 
 144      FF1AE991 
 144      EE
 145 0581 805C92C6 		.ascii	"\200\\\222\306\016\236\237\023\304\2744\375\224\007"
 145      0E9E9F13 
 145      C4BC34FD 
 145      9407
ARM GAS  /var/folders/qd/4mxf5pkd0zdf0b9dd1hp39180000gn/T//cchHpljy.s 			page 11


 146 058f 02E2E3B8 		.ascii	"\002\342\343\270\356\363\301H\331\204\330\263J}\252"
 146      EEF3C148 
 146      D984D8B3 
 146      4A7DAA
 147 059e 677599C8 		.ascii	"gu\231\310\317*\216\010\036\250\277\332\250\213\005"
 147      CF2A8E08 
 147      1EA8BFDA 
 147      A88B05
 148 05ad 0F8D0017 		.ascii	"\017\215\000\027)`:\352r\347\3155\373\314\032\363b\217"
 148      29603AEA 
 148      72E7CD35 
 148      FBCC1AF3 
 148      628F
 149 05bf E3E1CC4C 		.ascii	"\343\341\314L\211\377\\^)\317\354\220\274\036\013\035"
 149      89FF5C5E 
 149      29CFEC90 
 149      BC1E0B1D 
 150 05cf 332DFA97 		.ascii	"3-\372\227\026\274>mNV\226`0\231\012\354N\337\023\331"
 150      16BC3E6D 
 150      4E569660 
 150      30990AEC 
 150      4EDF13D9 
 151 05e3 26DFC720 		.ascii	"&\337\307 \315v\273\035v\213\331gw9\275\322<\213\303"
 151      CD76BB1D 
 151      768BD967 
 151      7739BDD2 
 151      3C8BC3
 152 05f6 EEF6DA4C 		.ascii	"\356\366\332L\266\014w\201\345\335\354L\263\333-\315"
 152      B60C7781 
 152      E5DDEC4C 
 152      B3DB2DCD 
 153 0606 71397D36 		.ascii	"q9}6\247o\224QZ\344r9\274\322\022\213%\303\354\311\317"
 153      A76F9451 
 153      5AE47239 
 153      BCD2128B 
 153      25C3ECC9 
 154 061b 70BA9CB6 		.ascii	"p\272\234\266\014\233\371m{\306\323\031\3313\263\236"
 154      0C9BF96D 
 154      7BC6D319 
 154      D933B39E 
 155 062b CE78EFC9 		.ascii	"\316x\357\311\214|\363;.\2174\302*\331\235\026G\201"
 155      8C7CF33B 
 155      2E8F34C2 
 155      2AD99D16 
 155      4781
 156 063d D526E59B 		.ascii	"\325&\345\233-yv\247M2Ym\213\315\005\016\237\311\367"
 156      2D7976A7 
 156      4D32596D 
 156      8BCD050E 
 156      9FC9F7
 157 0650 A1DBE6CD 		.ascii	"\241\333\346\315\314\023\364\321\340\212\377\277\340"
 157      CC13F4D1 
 157      E08AFFBF 
 157      E0
 158 065d BC1F7A25 		.ascii	"\274\037z%\223\327g\305H0\"\342\262z\264\356\002\267"
 158      93D767C5 
 158      483022E2 
ARM GAS  /var/folders/qd/4mxf5pkd0zdf0b9dd1hp39180000gn/T//cchHpljy.s 			page 12


 158      B27AB4EE 
 158      02B7
 159 066f D593E0F2 		.ascii	"\325\223\340\362\272m6\253G\347\242\321z\264\371.\253"
 159      BA6D36AB 
 159      47E7A2D1 
 159      7AB4F92E 
 159      AB
 160 0680 CD43EB9E 		.ascii	"\315C\353\236\227\025_w\267\313\203a\275\266\350\225"
 160      97155F77 
 160      B7CB8361 
 160      BDB6E895 
 161 0690 27B2A59C 		.ascii	"'\262\245\234\234\271\322K\271\363\027\276\237-\271"
 161      9CB9D24B 
 161      B9F317BE 
 161      9F2DB9
 162 069f CD0E93C3 		.ascii	"\315\016\223\303aE\3264\257/\037\323\\\342\266\273L"
 162      6145D634 
 162      AF2F1FD3 
 162      5CE2B6BB 
 162      4C
 163 06b0 5E9BAFC0 		.ascii	"^\233\257\300m\362\351r\347\322\215\324\345\316\341"
 163      6DF2E972 
 163      E7D28DD4 
 163      E5CEE1
 164 06bf C38B7C98 		.ascii	"\303\213|\230\315\207\227\351\220\230;;\007\223^l_\222"
 164      CD8797E9 
 164      90983B3B 
 164      07935E6C 
 164      5F92
 165 06d1 805EE63B 		.ascii	"\200^\346;\355\276G\306\335qA\347\365Q\304\243\361\210"
 165      EDBE47C6 
 165      DD7141E7 
 165      F551C4A3 
 165      F188
 166 06e3 E1346976 		.ascii	"\3414iv\211o\273\314\036+\305\315\214\3071\013M\302"
 166      896FBBCC 
 166      1E2BC5CD 
 166      8CC7310B 
 166      4DC2
 167 06f5 B4E0F539 		.ascii	"\264\340\36599\363\026\232r\262\236\312~u\036\237\307"
 167      39F3169A 
 167      72B29ECA 
 167      7E751E9F 
 167      C7
 168 0706 A53A2F5B 		.ascii	"\245:/[\367\330\270\3746\217\035\003\311\023RLJ\336"
 168      F7D8B8FC 
 168      368F1D03 
 168      C913524C 
 168      4ADE
 169 0718 263BE293 		.ascii	"&;\342\223\363b\224QNc\013\307\3569Y\037| \345\251u"
 169      F3629451 
 169      4E630BC7 
 169      EE39591F 
 169      7C20E5A9 
 170 072d A354D1A6 		.ascii	"\243T\321\246\261\260R\374\015Y\263#\002"
 170      B1B052FC 
 170      0D59B323 
ARM GAS  /var/folders/qd/4mxf5pkd0zdf0b9dd1hp39180000gn/T//cchHpljy.s 			page 13


 170      02
 171              		.text
 172              		.section	.gnu.lto_.symtab.86132e1158193d2a,"",%progbits
 173 0000 68616C49 		.ascii	"halInit\000"
 173      6E697400 
 174 0008 00       		.ascii	"\000"
 175 0009 00       		.ascii	"\000"
 176 000a 00       		.ascii	"\000"
 177 000b 00000000 		.ascii	"\000\000\000\000\000\000\000\000"
 177      00000000 
 178 0013 F6000000 		.ascii	"\366\000\000\000"
 179 0017 70616C5F 		.ascii	"pal_default_config\000"
 179      64656661 
 179      756C745F 
 179      636F6E66 
 179      696700
 180 002a 00       		.ascii	"\000"
 181 002b 02       		.ascii	"\002"
 182 002c 00       		.ascii	"\000"
 183 002d 00000000 		.ascii	"\000\000\000\000\000\000\000\000"
 183      00000000 
 184 0035 04010000 		.ascii	"\004\001\000\000"
 185 0039 7374496E 		.ascii	"stInit\000"
 185      697400
 186 0040 00       		.ascii	"\000"
 187 0041 02       		.ascii	"\002"
 188 0042 00       		.ascii	"\000"
 189 0043 00000000 		.ascii	"\000\000\000\000\000\000\000\000"
 189      00000000 
 190 004b F8000000 		.ascii	"\370\000\000\000"
 191 004f 626F6172 		.ascii	"boardInit\000"
 191      64496E69 
 191      7400
 192 0059 00       		.ascii	"\000"
 193 005a 02       		.ascii	"\002"
 194 005b 00       		.ascii	"\000"
 195 005c 00000000 		.ascii	"\000\000\000\000\000\000\000\000"
 195      00000000 
 196 0064 FA000000 		.ascii	"\372\000\000\000"
 197 0068 7364496E 		.ascii	"sdInit\000"
 197      697400
 198 006f 00       		.ascii	"\000"
 199 0070 02       		.ascii	"\002"
 200 0071 00       		.ascii	"\000"
 201 0072 00000000 		.ascii	"\000\000\000\000\000\000\000\000"
 201      00000000 
 202 007a FC000000 		.ascii	"\374\000\000\000"
 203 007e 5F70616C 		.ascii	"_pal_lld_init\000"
 203      5F6C6C64 
 203      5F696E69 
 203      7400
 204 008c 00       		.ascii	"\000"
 205 008d 02       		.ascii	"\002"
 206 008e 00       		.ascii	"\000"
 207 008f 00000000 		.ascii	"\000\000\000\000\000\000\000\000"
 207      00000000 
 208 0097 00010000 		.ascii	"\000\001\000\000"
ARM GAS  /var/folders/qd/4mxf5pkd0zdf0b9dd1hp39180000gn/T//cchHpljy.s 			page 14


 209 009b 68616C5F 		.ascii	"hal_lld_init\000"
 209      6C6C645F 
 209      696E6974 
 209      00
 210 00a8 00       		.ascii	"\000"
 211 00a9 02       		.ascii	"\002"
 212 00aa 00       		.ascii	"\000"
 213 00ab 00000000 		.ascii	"\000\000\000\000\000\000\000\000"
 213      00000000 
 214 00b3 02010000 		.ascii	"\002\001\000\000"
 215              		.text
 216              		.section	.gnu.lto_.opts,"",%progbits
 217 0000 272D666D 		.ascii	"'-fmath-errno' '-fsigned-zeros' '-ftrapping-math' '"
 217      6174682D 
 217      6572726E 
 217      6F272027 
 217      2D667369 
 218 0033 2D666E6F 		.ascii	"-fno-trapv' '-fno-openmp' '-fno-openacc' '-mcpu=cor"
 218      2D747261 
 218      70762720 
 218      272D666E 
 218      6F2D6F70 
 219 0066 7465782D 		.ascii	"tex-m4' '-mno-thumb-interwork' '-mthumb' '-O2' '-fo"
 219      6D342720 
 219      272D6D6E 
 219      6F2D7468 
 219      756D622D 
 220 0099 6D69742D 		.ascii	"mit-frame-pointer' '-falign-functions=16' '-ffuncti"
 220      6672616D 
 220      652D706F 
 220      696E7465 
 220      72272027 
 221 00cc 6F6E2D73 		.ascii	"on-sections' '-fdata-sections' '-fno-common' '-flto"
 221      65637469 
 221      6F6E7327 
 221      20272D66 
 221      64617461 
 222 00ff 2700     		.ascii	"'\000"
 223              		.text
 224              		.comm	__gnu_lto_v1,1,1
 225              		.comm	__gnu_lto_slim,1,1
 226              		.ident	"GCC: (GNU Tools for Arm Embedded Processors 7-2017-q4-major) 7.2.1 20170904 (release) [ARM
ARM GAS  /var/folders/qd/4mxf5pkd0zdf0b9dd1hp39180000gn/T//cchHpljy.s 			page 15


DEFINED SYMBOLS
                            *ABS*:0000000000000000 hal.c
                            *COM*:0000000000000001 __gnu_lto_v1
                            *COM*:0000000000000001 __gnu_lto_slim

NO UNDEFINED SYMBOLS
