ARM GAS  /var/folders/qd/4mxf5pkd0zdf0b9dd1hp39180000gn/T//ccg4Dj4X.s 			page 1


   1              		.cpu cortex-m4
   2              		.eabi_attribute 20, 1
   3              		.eabi_attribute 21, 1
   4              		.eabi_attribute 23, 3
   5              		.eabi_attribute 24, 1
   6              		.eabi_attribute 25, 1
   7              		.eabi_attribute 26, 1
   8              		.eabi_attribute 30, 2
   9              		.eabi_attribute 34, 1
  10              		.eabi_attribute 18, 4
  11              		.file	"hal_lld.c"
  12              		.section	.gnu.lto_.profile.bb5c74cdb9a5db,"",%progbits
  13 0000 789C6363 		.ascii	"x\234cc```\001bF\206\234\004\000\001\260\000\330"
  13      60606001 
  13      6246869C 
  13      040001B0 
  13      00D8
  14              		.text
  15              		.section	.gnu.lto_.icf.bb5c74cdb9a5db,"",%progbits
  16 0000 789C6363 		.ascii	"x\234cc``\220b@\000\026\206\037[>5p0n\270}w\0257\323"
  16      60609062 
  16      40001686 
  16      1F5B3E35 
  16      70306EB8 
  17 0019 C79D0BF7 		.ascii	"\307\235\013\367\3601\257\376w\367*\017\003\000\257"
  17      F031AFFE 
  17      77F72A0F 
  17      0300AF
  18 0028 E70CEA   		.ascii	"\347\014\352"
  19              		.text
  20              		.section	.gnu.lto_.jmpfuncs.bb5c74cdb9a5db,"",%progbits
  21 0000 789C6363 		.ascii	"x\234cc``\340a@\000f f\004b& \006\000\002\030\000\031"
  21      6060E061 
  21      40006620 
  21      66046226 
  21      20060002 
  22              		.text
  23              		.section	.gnu.lto_.inline.bb5c74cdb9a5db,"",%progbits
  24 0000 789C6363 		.ascii	"x\234cc``pe@\000f\006\006N\016F\006&\236\007\261\014"
  24      60607065 
  24      40006606 
  24      064E0E46 
  24      06269E07 
  25 0016 6C0BE499 		.ascii	"l\013\344\231@b\214\014\2222@!\255\011'\230\020b\\@"
  25      40628C0C 
  25      92324021 
  25      AD092798 
  25      10625C40 
  26 002a 8289E108 		.ascii	"\202\211\341\010\303#F\240T\023\343\201e\322p9\006\000"
  26      C32346A0 
  26      5413E381 
  26      65D27039 
  26      0600
  27 003c 3EA80979 		.ascii	">\250\011y"
  28              		.text
  29              		.section	.gnu.lto_.pureconst.bb5c74cdb9a5db,"",%progbits
  30 0000 789C6363 		.ascii	"x\234cc```\007bf\006)F)&)\000\001\275\000b"
ARM GAS  /var/folders/qd/4mxf5pkd0zdf0b9dd1hp39180000gn/T//ccg4Dj4X.s 			page 2


  30      60606007 
  30      62660629 
  30      46292629 
  30      0001BD00 
  31              		.text
  32              		.section	.gnu.lto_hal_lld_init.part.0.bb5c74cdb9a5db,"",%progbits
  33 0000 789C9D52 		.ascii	"x\234\235R=K\\A\024\2353w|\253\205J\272\024\376\001"
  33      3D4B5C41 
  33      149D3377 
  33      7CAB854A 
  33      BA14FE01 
  34 0014 0BF7F9D1 		.ascii	"\013\367\371\321J~\201\251b\037D\013\301\005%Z\330\355"
  34      4A7E81A9 
  34      621F440B 
  34      C105255A 
  34      D8ED
  35 0026 A8EBBA7E 		.ascii	"\250\353\272~@R\350\006d\325\355DAD\374\212\353\367"
  35      4052E806 
  35      64D5ED44 
  35      4144FC8A 
  35      EBF7
  36 0038 82888D82 		.ascii	"\202\210\215\202\244\013Xl\202\340J\304\306DPvs\357"
  36      A40B586C 
  36      82E04AC4 
  36      C6445076 
  36      73EF
  37 004a 1B916C27 		.ascii	"\033\221l'\016o\316\235w\357}\347\234\307\\O)\325\245"
  37      0E6FCE9D 
  37      77EF7DE7 
  37      9CC75C4F 
  37      29D5A5
  38 005d 956AE458 		.ascii	"\225j\344X\307\033e\012\346\313)\037\014t\0205H\342"
  38      C71B650A 
  38      E6CB291F 
  38      0C741035 
  38      48E2
  39 006f 40390172 		.ascii	"@9\001r\260\345PQ\243\011QL\320$!;r\271\245k\347-\257"
  39      B0E55051 
  39      A309514C 
  39      D024213B 
  39      72B9A56B 
  40 0086 83AFC950 		.ascii	"\203\257\311P\334\016\277M\221RI\336\262\260\212Z\305"
  40      DC0EBF4D 
  40      915249DE 
  40      B2B08A5A 
  40      C5
  41 0097 6DB995C2 		.ascii	"m\271\225\302T\245g$\2175xO\300\015\313\347e\326\026"
  41      54A56724 
  41      8F35784F 
  41      C00DCBE7 
  41      65D616
  42 00aa 8A23D64E 		.ascii	"\212#\326N\277{\303\334)\202\026 \001#\240T\202\311"
  42      BF7BC3DC 
  42      29821620 
  42      0123A054 
  42      82C9
  43 00bc 443B4146 		.ascii	"D;AF\"\215\222\016b\036\331\314U\241\371\231>\026\270"
ARM GAS  /var/folders/qd/4mxf5pkd0zdf0b9dd1hp39180000gn/T//ccg4Dj4X.s 			page 3


  43      228D920E 
  43      621ED9CC 
  43      55A1F999 
  43      3E16B8
  44 00cf F833E3E8 		.ascii	"\3703\343\350\223\374\351\177\312X\207\207\015Qe\230"
  44      93FCE97F 
  44      CA588787 
  44      0D516598 
  45 00df 26702939 		.ascii	"&p)9\234=\013\215S\212t\320\031\2339\272\254p\257\366"
  45      9C3D0B8D 
  45      538A74D0 
  45      199B39BA 
  45      AC70AFF6 
  46 00f3 36610DA7 		.ascii	"6a\015\247~l\347.\2744f\221\"\3027\324`\0235Jz\257\177"
  46      7E6CE72E 
  46      BC346691 
  46      22C237D4 
  46      6013354A 
  47 010a 9DEC56F9 		.ascii	"\235\354V\371K6\306\025\203-\2441\305&EC!\003_\3451"
  47      4B36C615 
  47      832DA431 
  47      C5264543 
  47      21035FE5 
  48 011f 741FFF7D 		.ascii	"t\037\377}\026rb\332\351\345\346\036\027\003\001\200"
  48      167262DA 
  48      E9E5E61E 
  48      17030180 
  49 012f 8D1A6C33 		.ascii	"\215\032l3\031\377\303\3671H\333\313\345vJ\344v\341"
  49      19FFC3F7 
  49      3148DBCB 
  49      E5764AE4 
  49      76E1
  50 0141 B3821065 		.ascii	"\263\202\020e\026\242N\217^\316\265W\302\265\357\254"
  50      16A24E8F 
  50      5ECEB557 
  50      C2B5EFAC 
  51 0151 3FC6E188 		.ascii	"?\306\341\210\214\343\372\233?\276\253t\306\213\305"
  51      8CE3FA9B 
  51      3FBEAB74 
  51      C68BC5
  52 0160 E243350E 		.ascii	"\342C5\016^\351\374\260D-+\316\015\017\301(Qp\2417\030"
  52      5EE9FCB0 
  52      442D2BCE 
  52      0D0FC128 
  52      5170A137 
  53 0175 4CFFFC8C 		.ascii	"L\377\374\214`8d%\370\0129\317\003Z\037\016\373\356"
  53      60386425 
  53      F80A39CF 
  53      035A1F0E 
  53      FBEE
  54 0187 E9EEF53B 		.ascii	"\351\356\365;\333\"~O\367\247\276^\377C\353\373\246"
  54      DB227E4F 
  54      F7A7BE5E 
  54      FF43EBFB 
  54      A6
  55 0198 46872D0D 		.ascii	"F\207-\015\375\375R\371\030\211t\204\333\325?\035\027"
  55      FDFD52F9 
ARM GAS  /var/folders/qd/4mxf5pkd0zdf0b9dd1hp39180000gn/T//ccg4Dj4X.s 			page 4


  55      18897484 
  55      DBD53F1D 
  55      17
  56 01a9 D351     		.ascii	"\323Q"
  57              		.text
  58              		.section	.gnu.lto_hal_lld_init.bb5c74cdb9a5db,"",%progbits
  59 0000 789CA554 		.ascii	"x\234\245TKO\324P\024\276\247\267\323)\004\206\204G"
  59      4B4FD450 
  59      14BEA7B7 
  59      D3290486 
  59      8447
  60 0012 74C1C2C4 		.ascii	"t\301\302\304\025,\250\202\361/\270\321\225\356\215"
  60      152CA882 
  60      F12FB8D1 
  60      95EE8D
  61 0021 C1850B12 		.ascii	"\301\205\013\022\214\270`a2\035\030^>\242&2\240)\006"
  61      8CB86061 
  61      321D185E 
  61      3EA22632 
  61      A02906
  62 0034 E3428911 		.ascii	"\343B\211\021\242\342c\006\201a\020\004EP@DG\300\240"
  62      A2E26306 
  62      81611004 
  62      45504044 
  62      47C0A0
  63 0047 E28BF888 		.ascii	"\342\213\370\210\306\200q\030\317\271\267\320\221\215"
  63      C6807118 
  63      CFB9B7D0 
  63      918D
  64 0055 0E34ED69 		.ascii	"\0164\355i{{\362}\337\371\316\355\321\030c\265\032c"
  64      7B7BF27D 
  64      DFF9CEED 
  64      D11863B5 
  64      1A63
  65 0067 85782FC2 		.ascii	"\205x/\302\013\\\014\224S\303\214\371tE\341\215\371"
  65      0B5C0C94 
  65      53C38CF9 
  65      7445E18D 
  65      F9
  66 0078 CC4C5517 		.ascii	"\314LU\027633\215\203J\313\240\002\320\335\324\201y"
  66      3633338D 
  66      834ACBA0 
  66      02D0DDD4 
  66      8179
  67 008a 15AE8217 		.ascii	"\025\256\202\027\216\3633\034\"5sA%\357\222\211G\270"
  67      8EF3331C 
  67      22357341 
  67      25EF9289 
  67      47B8
  68 009c 21E0AE36 		.ascii	"!\340\2566\2536Z\234\261\000^t\300\015\310c\2306{m\251"
  68      AB365A9C 
  68      B1005E74 
  68      C00DC863 
  68      98367B6D 
  69 00b1 3E5D53E5 		.ascii	">]S\345:\264\203\306\000\037\332F]as)^c\206\207.\302"
  69      3AB483C6 
  69      001FDA46 
ARM GAS  /var/folders/qd/4mxf5pkd0zdf0b9dd1hp39180000gn/T//ccg4Dj4X.s 			page 5


  69      5D617329 
  69      5E638687 
  70 00c7 B71D1B14 		.ascii	"\267\035\033\024f!\035\005\027\005\215\202\233\202N"
  70      66211D05 
  70      17058D82 
  70      9B824E
  71 00d6 C1432193 		.ascii	"\301C!\223B\026\205l\0129\024\260\022\204Euf\230\325"
  71      4216856C 
  71      0A3914B0 
  71      12844575 
  71      6698D5
  72 00e9 71859E2A 		.ascii	"q\205\236*\303\354#DB\037\206\213\211\354\034WPC\240"
  72      C3EC2344 
  72      421F868B 
  72      89EC1C57 
  72      5043A0
  73 00fc 2A32E23E 		.ascii	"*2\342>\306-\256\000I\3627\365\315\245\310W\363k\255"
  73      C62DAE00 
  73      49F237F5 
  73      CDA5C857 
  73      F36BAD
  74 010f A9E252B4 		.ascii	"\251\342R\264cvZk\206\363>\254f\223\3059\334\202\\\270"
  74      63765A6B 
  74      86F33EAC 
  74      6693C539 
  74      DC825CB8 
  75 0123 09B98CF2 		.ascii	"\011\271\214\362?\275\031\354\364\030WM?XX\376mh\206"
  75      3FBD19EC 
  75      F418574D 
  75      3F5858FE 
  75      6D6886
  76 0136 7A5124DC 		.ascii	"zQ$\334\001\003\311*\027\252Ar\251\222\256\242\353]"
  76      0103C92A 
  76      17AA4172 
  76      A992AEA2 
  76      EB5D
  77 0148 50277C80 		.ascii	"P'|\200x<\026\317\200 \002\241\250\361\243\"/9\272\220"
  77      783C16CF 
  77      802002A1 
  77      A8F1A322 
  77      2F39BA90 
  78 015c 43D70106 		.ascii	"C\327\001\006r\020\322\017=) \037}S\341\256\003\325"
  78      7210D20F 
  78      3D29201F 
  78      7D53E1AE 
  78      03D5
  79 016e 0946A22F 		.ascii	"\011F\242/*0\350\222\"C-#\\V\343JNh\267@\247\346Bx\225"
  79      2A30E892 
  79      22432D23 
  79      5C56E34A 
  79      4E68B740 
  80 0187 2F36D889 		.ascii	"/6\330\211\330L\017_\366%\036\367@\317:|\2118t\275\344"
  80      D84C0F5F 
  80      F6251EF7 
  80      40CF3A7C 
  80      893874BD 
  81 019c 8BB6765F 		.ascii	"\213\266v_\3569P}`8FL\332Fx\222S\326/\340\024\202\273"
ARM GAS  /var/folders/qd/4mxf5pkd0zdf0b9dd1hp39180000gn/T//ccg4Dj4X.s 			page 6


  81      EE39507D 
  81      6038464C 
  81      DA467892 
  81      53D62FE0 
  82 01b3 2F8C4856 		.ascii	"/\214HV\226@\031pP\006E\263\246\006Z\256$\270\227\001"
  82      96401970 
  82      500645B3 
  82      A6065AAE 
  82      24B89701 
  83 01c7 0FA4CEB5 		.ascii	"\017\244\316\265\325\374\320\201\037J\2549j\327\354"
  83      D5FCD081 
  83      1F4AAC39 
  83      6AD7EC
  84 01d6 4E4EED23 		.ascii	"NN\355#\001'~\361\341U\315\327%X\177\350\327\3674)\237"
  84      01277EF1 
  84      E155CDD7 
  84      25587FE8 
  84      D7F73429 
  85 01eb 4606C0C8 		.ascii	"F\006\300\310:\232\377\330\241{B\315\327\345?\277\270"
  85      3A9AFFD8 
  85      A17B42CD 
  85      D7E53FBF 
  85      B8
  86 01fc 7D65E0F8 		.ascii	"}e\340\370\305\\\372\331\244\211\231\023\340\2208\213"
  86      C55CFAD9 
  86      A4899913 
  86      E090388B 
  87 020c 60143418 		.ascii	"`\0244\030\243Q4F\0123\023\177\005\227\310\274\020\363"
  87      A3513446 
  87      0A33137F 
  87      0597C8BC 
  87      10F3
  88 021e B7A6C857 		.ascii	"\267\246\310W\363\225O\214\210\313=!3\005\345\241\000"
  88      F3954F8C 
  88      88CB3D21 
  88      3305E5A1 
  88      00
  89 022f 0D9EA2B4 		.ascii	"\015\236\242\264q[ZgC{\015\254H\233\020\322$\007\203"
  89      715B5A67 
  89      437B0DAC 
  89      489B10D2 
  89      240783
  90 0242 67CB6634 		.ascii	"g\313f4}\321$Y\226\344k}\337m\245\332v(0\351x1&\274"
  90      7DD12459 
  90      96E46B7D 
  90      DF6DA5DA 
  90      762830E9 
  91 025a F84FB2E7 		.ascii	"\370O\262\347\177\221\275 +\262d\037\217H\266\354\004"
  91      7F91BD20 
  91      2BB2641F 
  91      8F48B6EC 
  91      04
  92 026b 5FE15F7B 		.ascii	"_\341_{\"*\320\\6\332K)\375w\365Y\227\304\312\221p\247"
  92      222AD05C 
  92      36DA4B29 
  92      FD77F559 
  92      97C4CA91 
ARM GAS  /var/folders/qd/4mxf5pkd0zdf0b9dd1hp39180000gn/T//ccg4Dj4X.s 			page 7


  93 0281 AF075B60 		.ascii	"\257\007[`\271\221i0\205`o\301\037\355\335fgaJ\333|"
  93      B9916930 
  93      85606FC1 
  93      1FEDDD66 
  93      67614ADB 
  94 0296 70315DA6 		.ascii	"p1]\2460\230&6<\352\260_\215\3718\236\347A\3541R\020"
  94      30982636 
  94      3CEAB05F 
  94      8DF9389E 
  94      E741EC31 
  95 02ac 0CCE47DD 		.ascii	"\014\316G\335\336\230\251[\334\035\240\335\0103\340"
  95      DE98A95B 
  95      DC1DA0DD 
  95      0833E0
  96 02bb C5C1AE8B 		.ascii	"\305\301\256\213|\325\236\347\237\241\242\371\365I\261"
  96      7CD59EE7 
  96      9FA1A2F9 
  96      F549B1
  97 02ca 4D04522D 		.ascii	"M\004R-v\023\277`\372\226\202\002C\236\245e\306\201"
  97      7613BF60 
  97      FA968202 
  97      439EA565 
  97      C681
  98 02dc 7D25C6C1 		.ascii	"}%\306\301\322C\207\313\214\335{v\025\025\312\270sk"
  98      D24387CB 
  98      8CDD7B76 
  98      1515CAB8 
  98      736B
  99 02ee 79397DD9 		.ascii	"y9}\331[R\262\277\240\230\375\0013\213(A"
  99      5B52B2BF 
  99      A098FD01 
  99      338B2841 
 100              		.text
 101              		.section	.gnu.lto_stm32_clock_init.bb5c74cdb9a5db,"",%progbits
 102 0000 789CA557 		.ascii	"x\234\245WIs\023G\024\356\3273\222F\273dY\2261\233\341"
 102      49731347 
 102      14EED733 
 102      9246BB64 
 102      5996319B 
 103 0015 C60525A4 		.ascii	"\306\005%\244\362\003t\317rH\356\251,U\311\201*R!\007"
 103      F20374CF 
 103      7248EEA9 
 103      2C55C981 
 103      2A522107 
 104 0029 6E8CB1E5 		.ascii	"n\214\261\345\005H )\300\024\261)\247R\025H*\030\022"
 104      05482029 
 104      C014B129 
 104      A7521548 
 104      2A1812
 105 003c 9CC50683 		.ascii	"\234\305\006\203l0\216\301\201`\310\302f\210\301\306"
 105      6C308EC1 
 105      8160C8C2 
 105      6688C1C6 
 106 004c 665F8331 		.ascii	"f_\2031\213\322\257_\217f\020\251\220\261\\\256O\255"
 106      8BD2AF5F 
 106      8F6610A9 
 106      90B15CAE 
ARM GAS  /var/folders/qd/4mxf5pkd0zdf0b9dd1hp39180000gn/T//ccg4Dj4X.s 			page 8


 106      4FAD
 107 005e 7EADEF7D 		.ascii	"~\255\357}\357\353\247\236\226\2271v9\312\330\"\361"
 107      EFEBA79E 
 107      96973176 
 107      39CAD822 
 107      F1
 108 006f FA2A3006 		.ascii	"\372*0\006\225\014\370\332\303\214\325\030\0344\032"
 108      950CF8DA 
 108      C38CD518 
 108      1C341A
 109 007e 683CD5D1 		.ascii	"h<\325\321\313\230\031\320O\007\231\031J\321|F\007\017"
 109      CB9819D0 
 109      4F079919 
 109      4AD17C46 
 109      070F
 110 0090 C53DBC82 		.ascii	"\305=\274\202\342^\031\257\240\371\214\027|\024\367"
 110      E25E19AF 
 110      A0F98C17 
 110      7C14F7
 111 009f F124C50D 		.ascii	"\361$\305\015\031O\322|\306\000?\305\375\274\234\342"
 111      194FD27C 
 111      C6003FC5 
 111      FDBC9CE2 
 112 00af 01192FA7 		.ascii	"\001\031/\247\371L\000\202\024\017\362\004\305C2\236"
 112      F94C0082 
 112      140FF204 
 112      C543329E 
 113 00bf A0F94C08 		.ascii	"\240\371L\010\302\024\017\3632\212Gd\274\214\3463\021"
 113      C2140FF3 
 113      328A4764 
 113      BC8CE633 
 113      11
 114 00d0 88523CCA 		.ascii	"\210R<\312\343\024\217\311x\234\34631\000|5\015`\313"
 114      E3148FC9 
 114      789CE633 
 114      31007C35 
 114      0D60CB
 115 00e3 B996D23D 		.ascii	"\271\226\322=\025^_\322\360\227\007\202\211P\270,\022"
 115      155E5FD2 
 115      F0970782 
 115      8950B82C 
 115      12
 116 00f4 8DC760B9 		.ascii	"\215\307`\271\2411\365\347\261\006>k\340\267\006Ak\020"
 116      A131F5E7 
 116      B1063E6B 
 116      E0B70641 
 116      6B10
 117 0106 B606516B 		.ascii	"\266\006Qk\260Z[\247Ao\303X'_\260\305\024\177\271\346"
 117      B05A5BA7 
 117      416FC358 
 117      275FB0C5 
 117      147FB9E6 
 118 011a 8D817A33 		.ascii	"\215\201z3[\331\"x7(n\330\011\013\230X6\362\355\343"
 118      5BD92278 
 118      37286ED8 
 118      090B9858 
 118      36F2EDE3 
ARM GAS  /var/folders/qd/4mxf5pkd0zdf0b9dd1hp39180000gn/T//ccg4Dj4X.s 			page 9


 119 012e F561AF4E 		.ascii	"\365a\257N\363\320\001^&\366\203m\037\362\344\314\307"
 119      F3D0015E 
 119      26F6836D 
 119      1FF2E4CC 
 119      C7
 120 013f F9063377 		.ascii	"\371\0063w\345\013\310\277\362\"\260\026\0158\202\206"
 120      E50BC8BF 
 120      F222B016 
 120      0D388286 
 121 014f A0237810 		.ascii	"\240#x\020\274\010>\004\003\301\217\020@\010\"\204\020"
 121      BC083E04 
 121      03C18F10 
 121      40082284 
 121      10
 122 0160 C2081184 		.ascii	"\302\010\021\204(B\014!\216P\206\220@(GH\"T \244\020"
 122      28420C21 
 122      8E508690 
 122      40284748 
 122      225420A4 
 123 0175 2A116620 		.ascii	"*\021f T!\314D\230\2050\033a\016\302\\\204j\204y\010"
 123      5421CC44 
 123      9885301B 
 123      610EC25C 
 123      846A8479 
 124 018a F311186B 		.ascii	"\363\021\030k\024\225\234\016\2329\326\244q1\250\315"
 124      14959C0E 
 124      9A39D6A4 
 124      7131A8CD 
 125 019a B14BD07B 		.ascii	"\261K\320{g|c6\200\345\211\2227d{\217\370Vi-\032\007"
 125      677C6336 
 125      80E58992 
 125      37647B8F 
 125      F856692D 
 126 01b0 74A0AEB5 		.ascii	"t\240\256\265o\314Oo\315\033\215\246.\246N\355\032\031"
 126      6FCC4F6F 
 126      CD1B8DA6 
 126      2EA64EED 
 126      1A19
 127 01c2 F6B6C1E6 		.ascii	"\366\266\301\346\032a^[U\213\246\301\0170\013\276\027"
 127      1A615E5B 
 127      558BA6C1 
 127      0F300BBE 
 127      17
 128 01d3 F9F10397 		.ascii	"\371\361\003\227/\014tG\322\333\314\272\032\263\272"
 128      2F0C7447 
 128      D2DBCCBA 
 128      1AB3BA
 129 01e2 45D3E147 		.ascii	"E\323\341Gh\203\365\322V\370\011\322b\301\201\256\251"
 129      6883F5D2 
 129      56F809D2 
 129      62C181AE 
 129      A9
 130 01f3 DB216404 		.ascii	"\333!d\004@\373\001:\361\223B\217\306\304\336\223\240"
 130      40FB013A 
 130      F193428F 
 130      C6C4DE93 
 130      A0
ARM GAS  /var/folders/qd/4mxf5pkd0zdf0b9dd1hp39180000gn/T//ccg4Dj4X.s 			page 10


 131 0204 AE89CFFA 		.ascii	"\256\211\317\372|(h\223\006NM\036\251\351\363Gu\355"
 131      7C286893 
 131      064E4D1E 
 131      A9E9F347 
 131      75ED
 132 0216 7E7A6B9E 		.ascii	"~zk\236\253\221\232\266\366t\231~\245I\244\365\302."
 132      AB919AB6 
 132      F674997E 
 132      A549A4F5 
 132      C22E
 133 0228 21A94B49 		.ascii	"!\251KI\352n\356h\000\207\244\335R\022\356$tCZ\344\253"
 133      EA6EEE68 
 133      0087A4DD 
 133      5212EE24 
 133      74435AE4 
 134 023d 7D583FE0 		.ascii	"}X?\340\241t\2342\016\335\030l\015\222\310\030\354\021"
 134      A1749C32 
 134      0EDD186C 
 134      0D92C818 
 134      EC11
 135 024f 3CA35077 		.ascii	"<\243Pwj\337 \250Eb\305\366+\235\367\303\264\202\301"
 135      6ADF20A8 
 135      4562C5F6 
 135      2B9DF7C3 
 135      B482C1
 136 0262 5E5902BA 		.ascii	"^Y\002\272\233b\242\257\241I\323\035\346\266\216z\225"
 136      9B62A2AF 
 136      A149D31D 
 136      E6B68E7A 
 136      95
 137 0273 B94E9968 		.ascii	"\271N\231h\335\177\353\314I\235\034u\366H\353v\234\031"
 137      DD7FEBCC 
 137      499D1C75 
 137      F648EB76 
 137      9C19
 138 0285 BCEEC59C 		.ascii	"\274\356\305\234:\2301\350U\276y\234\276m\266|\323\334"
 138      3A9831E8 
 138      55BE799C 
 138      BE6DB67C 
 138      D3DC
 139 0297 BAB2CF76 		.ascii	"\272\262\317ve\177\261+\272\340{\332\006\335Qw\205\252"
 139      657FB12B 
 139      BAE07BDA 
 139      06DD5177 
 139      85AA
 140 02a9 DBEBA8FB 		.ascii	"\333\353\250\373\033\322\342\272e\372\244\022\371\225"
 140      1BD2E2BA 
 140      65FAA412 
 140      F995
 141 02b7 3B20EB2E 		.ascii	"; \353.\354\277.\274\356\027\237\222\245n\313\006I\207"
 141      ECBF2EBC 
 141      EE179F92 
 141      A56ECB06 
 141      4987
 142 02c9 A72843F5 		.ascii	"\247(C\365\263\022\374,\023\350\230`\240P\252\362M\361"
 142      B312FC2C 
 142      13E89860 
ARM GAS  /var/folders/qd/4mxf5pkd0zdf0b9dd1hp39180000gn/T//ccg4Dj4X.s 			page 11


 142      A050AAF2 
 142      4DF1
 143 02db 99F9E1FD 		.ascii	"\231\371\341\375\001\332\336\374\336\207\371(\034\224"
 143      01DADEFC 
 143      DE87F928 
 143      1C94
 144 02e9 696B27EB 		.ascii	"ik'\353\007\302\264\320'\326\212\205\023w\307\276\216"
 144      07C2B4D0 
 144      27D68A85 
 144      1377C7BE 
 144      8E
 145 02fa A876CE71 		.ascii	"\250v\316q8D\352\216\257\234\320\246U\373\240-\355\027"
 145      3844EA8E 
 145      AF9CD0A6 
 145      55FBA02D 
 145      ED17
 146 030c 488B2C64 		.ascii	"H\213,de\3734\255<,\351\360\240\204#\322\312\366\361"
 146      65FB34AD 
 146      3C2CE9F0 
 146      A08423D2 
 146      CAF6F1
 147 031f BD2DAA2E 		.ascii	"\275-\252.\223\303\257\252\205|\316\026\332n\265\220"
 147      93C3AFAA 
 147      857CCE16 
 147      DA6EB590 
 148 032f E1D6D7A3 		.ascii	"\341\326\327\243v\266!\313\327N\325B~\342k\276z\277"
 148      76B621CB 
 148      D74ED542 
 148      7EE26BBE 
 148      7ABF
 149 0341 4AA5D7E1 		.ascii	"J\245\327\341\030u\324\311BG\371\035\035\225T\035e\024"
 149      1875D4C9 
 149      4247F91D 
 149      1D95541D 
 149      6514
 150 0353 3AAA6B62 		.ascii	":\252kb7}\2236i\201\377-\015P\330q[\330o$l\262^\245"
 150      377D9336 
 150      6981FF2D 
 150      0D50D871 
 150      5BD86F24 
 151 036b 0C1259C7 		.ascii	"\014\022Y\307\376\376z\203\204\001\374nm\"\374\213\351"
 151      FEFE7A83 
 151      8401FC6E 
 151      6D22FC8B 
 151      E9
 152 037c CF48F587 		.ascii	"\317H\365\207\235\352O\334\300\2404\330\3574\270\333"
 152      9DEA4FDC 
 152      C0A034D8 
 152      EF34B8DB 
 153 038c 3238E4D6 		.ascii	"28\344\326\340\0236\371\311b\203\303\304\327\227\277"
 153      E01336F9 
 153      C96283C3 
 153      C4D797BF 
 154 039c 978B5221 		.ascii	"\227\213R!\034N\025\033\034v\030\\\256\014\0168\014"
 154      1C4E151B 
 154      1C76185C 
 154      AE0C0E38 
ARM GAS  /var/folders/qd/4mxf5pkd0zdf0b9dd1hp39180000gn/T//ccg4Dj4X.s 			page 12


 154      0C
 155 03ad 1ECE2A69 		.ascii	"\036\316*i\021wU\237\226\302\274(\354L\221\301QAV\222"
 155      1177559F 
 155      96C2BC28 
 155      EC4C91C1 
 155      51415692 
 156 03c1 A3C336F7 		.ascii	"\243\3036\367Yt4*\035\015:\035=k9\032s\353\3509\233"
 156      5974342A 
 156      1D0D3A1D 
 156      3D6B391A 
 156      73EBE839 
 157 03d6 FCAFE253 		.ascii	"\374\257\342S/.\370\236\2660\356\2600\241,\0149,l\334"
 157      2F2EF89E 
 157      B630EEB0 
 157      30A12C0C 
 157      392C6CDC 
 158 03ea A2B494B9 		.ascii	"\242\264\224\271+s\304>\365\316\027Y\230 \262\221\354"
 158      2B73C43E 
 158      F5CE1759 
 158      9820B291 
 158      EC
 159 03fb CD63DC7A 		.ascii	"\315c\334zr\266\351p\241\004SG\355lchjB\212\377\252"
 159      72B6E970 
 159      A1045347 
 159      ED6C6368 
 159      6A428AFF 
 160 0410 49692F77 		.ascii	"Ii/w\307v\321\356\313\361\"\355I\";::u\304_x\352\033"
 160      C776D1EE 
 160      CBF122ED 
 160      49223B3A 
 160      3A75C45F 
 161 0427 305182F6 		.ascii	"0Q\202\366Kv\266\313\250=)\033\"\354l\210\225\027U!"
 161      4B76B6CB 
 161      A83D291B 
 161      22EC6C88 
 161      95175521 
 162 043b 156E1BE2 		.ascii	"\025n\033\342\212M~\265\270!R\304w(\277\372\272\247"
 162      8A4D7EB5 
 162      B82152C4 
 162      7728BFFA 
 162      BAA7
 163 044d 504B0CAE 		.ascii	"PK\014\256\025\267H\312\321\"e\252E\"\216\026Yc\265"
 163      15B748CA 
 163      D12265AA 
 163      45228E16 
 163      5963B5
 164 0460 48A5BBC2 		.ascii	"H\245\273\302\257\333\332nHm\323\363\357\246Ms\013\375"
 164      AFDBDA6E 
 164      486DD3F3 
 164      EFA64D73 
 164      0BFD
 165 0472 ABA4BDDF 		.ascii	"\253\244\275\337\250D\315p\307v\333\356\244;%\210\272"
 165      A844CD70 
 165      C776DBEE 
 165      A43B2588 
 165      BA
 166 0483 6BD3FC8D 		.ascii	"k\323\374\215\242f\220\250MJT\225;\266{\366\327z\262"
ARM GAS  /var/folders/qd/4mxf5pkd0zdf0b9dd1hp39180000gn/T//ccg4Dj4X.s 			page 13


 166      A26690A8 
 166      4D4A5495 
 166      3BB67BF6 
 166      D77AB2
 167 0496 0451F76D 		.ascii	"\004Q\367m\232)\024UEO\343\315\375\326\323\270p3\361"
 167      9A291455 
 167      454FE3CD 
 167      FDD6D3B8 
 167      7033F1
 168 04a9 C99BE9F8 		.ascii	"\311\233\351\370\216\376\2510\2755'\351\266<\364\345"
 168      8EFEA930 
 168      BD3527E9 
 168      B63CF4E5 
 169 04b9 D61EC37A 		.ascii	"\326\036\303z^\277%.\341\006<\024\371\036\250|\371\363"
 169      5EBF252E 
 169      E1063C14 
 169      F91EA87C 
 169      F9F3
 170 04cb 533B9DB7 		.ascii	"S;\235\267\260G2#\376\240\201\307\362\201\335s\356\273"
 170      B0473223 
 170      FEA081C7 
 170      F281DD73 
 170      EEBB
 171 04dd 9B41BAFB 		.ascii	"\233A\272\373\350\220\247o\315\235\361\257\012\012\\"
 171      E890A76F 
 171      CD9DF1AF 
 171      0A0A5C
 172 04ec F29BBCC0 		.ascii	"\362\233\274\300_\303\221\177\340`\363\326\020\361\373"
 172      5FC3917F 
 172      E060F3D6 
 172      10F1FB
 173 04fb 60055777 		.ascii	"`\005Ww\253v\253Cg\2723\254\226\027v\261\216?y\020\314"
 173      AB76AB43 
 173      67BA33AC 
 173      961776B1 
 173      8E3F7910 
 174 0510 22B2DE5B 		.ascii	"\"\262\336[;\266\250\353\277\006Y>\375S\240\336N\325"
 174      3BB6A8EB 
 174      BF06593E 
 174      FD53A0DE 
 174      4ED5
 175 0522 C0C5DED0 		.ascii	"\300\305\336\320M&\372\304M\246_U1\333\355)\320h\223"
 175      4D26FAC4 
 175      4DA65F55 
 175      31DBED29 
 175      D06893
 176 0535 3771750A 		.ascii	"7qu\012\234P\247\300\034\342{0\276\356\004P!!X\311\213"
 176      9C50A7C0 
 176      1CE27B30 
 176      BEEE0450 
 176      212158C9 
 177 054a EEC673E4 		.ascii	"\356\306s\344\024\035\001qu\004\304\034G\300\236wi\335"
 177      141D0171 
 177      7504C41C 
 177      47C09E77 
 177      69DD
 178 055c 5C7745AF 		.ascii	"\\wE\257\222\272\014\324\265\272\310\337jAV\322s\366"
ARM GAS  /var/folders/qd/4mxf5pkd0zdf0b9dd1hp39180000gn/T//ccg4Dj4X.s 			page 14


 178      92BA0CD4 
 178      B5BAC8DF 
 178      6A4156D2 
 178      73F6
 179 056e 239BFB63 		.ascii	"#\233\373c4\264Z*\365\023\373<w\\k$\027\376\034\207"
 179      34B45A2A 
 179      F513FB3C 
 179      775C6B24 
 179      17FE1C87 
 180 0582 B5453AE7 		.ascii	"\265E:\347\013\262\222t~bs\177\212:\347\263k\260\242"
 180      0BB29274 
 180      7E62737F 
 180      8A3AE7B3 
 180      6BB0A2
 181 0595 2DDF2AA9 		.ascii	"-\337*\251\224\345 \254\026?\234\236[\2700M\377K\226"
 181      94E520AC 
 181      163F9C9E 
 181      5BB8304D 
 181      FF4B96
 182 05a8 A6DF7B73 		.ascii	"\246\337{sq\372\375%\037|\2704\375\332\353/\277\260"
 182      71FAFD25 
 182      1F7CB834 
 182      FDDAEB2F 
 182      BFB0
 183 05ba 88F0A5E7 		.ascii	"\210\360\245\347\227-\303\310\033\213\027\277\263\360"
 183      972DC3C8 
 183      1B8B17BF 
 183      B3F0
 184 05c8 6DF60F64 		.ascii	"m\366\017dKM<"
 184      4B4D3C
 185              		.text
 186              		.section	.gnu.lto_.symbol_nodes.bb5c74cdb9a5db,"",%progbits
 187 0000 789C6363 		.ascii	"x\234cc``\360\006b\006\246\013\214\365\014\014\023\316"
 187      6060F006 
 187      6206A60B 
 187      8CF50C0C 
 187      13CE
 188 0012 3130D433 		.ascii	"10\32430\356l9\330\340\000\024;\307X\317\010\025c\330"
 188      30EE6C39 
 188      D8E00014 
 188      3BC758CF 
 188      081563D8 
 189 0026 D5E00814 		.ascii	"\325\340\010\0249\317X\317\204\"\302z\206\221\241Q\011"
 189      39CF58CF 
 189      8422C27A 
 189      8691A151 
 189      09
 190 0037 68003323 		.ascii	"h\0003#\003\303\242\356{\022\014\000\021~\0230"
 190      03C3A2EE 
 190      7B120C00 
 190      117E1330 
 191              		.text
 192              		.section	.gnu.lto_.refs.bb5c74cdb9a5db,"",%progbits
 193 0000 789C6363 		.ascii	"x\234cc```\004b\006\000\000D\000\010"
 193      60606004 
 193      62060000 
 193      440008
ARM GAS  /var/folders/qd/4mxf5pkd0zdf0b9dd1hp39180000gn/T//ccg4Dj4X.s 			page 15


 194              		.text
 195              		.section	.gnu.lto_.decls.bb5c74cdb9a5db,"",%progbits
 196 0000 789CC557 		.ascii	"x\234\305W}PT\327\025\177\347\335e\201\005\201\201\216"
 196      7D5054D7 
 196      157FE7DD 
 196      65810581 
 196      818E
 197 0012 E374FCC3 		.ascii	"\343t\374\303\261\353H;\205\005\354L\362W'\272\022u"
 197      B1EB483B 
 197      8505EC4C 
 197      F25727BA 
 197      1275
 198 0024 6A1266B1 		.ascii	"j\022f\261\315\344\257u\263n\352V\330\245\356:\325\231"
 198      CDE4AF75 
 198      B36EEA56 
 198      D8A5EE3A 
 198      D599
 199 0036 A6F31444 		.ascii	"\246\363\024D\305/\024\277P\004D4\240$b\242\022\004"
 199      C52F14BF 
 199      50044434 
 199      A02462A2 
 199      1204
 200 0048 05115189 		.ascii	"\005\021Q\211(\222h\020\027A\005\024?\210\342'\012\322"
 200      28926810 
 200      17410514 
 200      3F88E227 
 200      0AD2
 201 005a 73EF7DCB 		.ascii	"s\357}\313{,k\233N;\3237\376\366\276s\357\357\236s\356"
 201      7B2C6B9B 
 201      4E3BD337 
 201      FEF6BE73 
 201      EFEF9E73 
 202 006f 39F79D83 		.ascii	"9\367\235\203ZA\020\304\010Ax,\012\302\\\020\204a|4"
 202      5A4110C4 
 202      0841782C 
 202      0AC25C10 
 202      84617C34 
 203 0083 38774A50 		.ascii	"8wJP\036\202\250B\234D\324\"\220&4\011\243\237\277\341"
 203      1E82A842 
 203      9C44D422 
 203      90263409 
 203      A39FBFE1 
 204 0097 64008EF3 		.ascii	"d\000\216\363\021S\021/\021\317\021\3152\277\217\332"
 204      1153112F 
 204      11CF11CD 
 204      32BF8FDA 
 205 00a7 91F5BC12 		.ascii	"\221\365\274\022\306>\237#)\370-\373\011\256\001B\203"
 205      C63E9F23 
 205      29F82DFB 
 205      09AE0142 
 205      83
 206 00b8 388EB216 		.ascii	"8\216\262\026\361\024\321\213x\200\270\213\030\224m"
 206      F114D18B 
 206      7880B88B 
 206      18946D
 207 00c7 10D9CF57 		.ascii	"\020\331\317W\262-\337g\371\317\260\363\033\304\257"
 207      B22DDF67 
ARM GAS  /var/folders/qd/4mxf5pkd0zdf0b9dd1hp39180000gn/T//ccg4Dj4X.s 			page 16


 207      F9CFB0F3 
 207      1BC4AF
 208 00d6 113A59F7 		.ascii	"\021:Y\367\260\254\3771\342\011\342\236lK\217\234\036"
 208      B0ACFF31 
 208      E209E29E 
 208      6C4B8F9C 
 208      1E
 209 00e7 1C1FC967 		.ascii	"\034\037\311g\254\365co\013\201\343\247N\324\204t@;"
 209      ACF5636F 
 209      0B81E3A7 
 209      4ED48474 
 209      403B
 210 00f9 E0F92182 		.ascii	"\340\371!\202\315R+\364\027G\012&\017{\037\340\3638"
 210      CD522BF4 
 210      17470A26 
 210      0F7B1FE0 
 210      F338
 211 010b 2BF241A6 		.ascii	"+\362A\246R\301\273\005FfDY\207\350\325\313\376\311"
 211      52C1BB05 
 211      46664459 
 211      87E8D5CB 
 211      FEC9
 212 011d 0A40AD95 		.ascii	"\012@\255\225\257ss\336\207{\316_T\373\370\224\250\030"
 212      AF7373DE 
 212      877BCE5F 
 212      54FBF894 
 212      A818
 213 012f 536D19E3 		.ascii	"Sm\031\343\2530\262<\342\224rH\220\203p\345\301\272"
 213      AB30B23C 
 213      E2947248 
 213      908370E5 
 213      C1BA
 214 0141 AF423BE1 		.ascii	"\257B;\341\006\256~\"\010\331A\251@g\313<\255k\203\210"
 214      06AE7E22 
 214      08D941A9 
 214      4067CB3C 
 214      AD6B8388 
 215 0155 C8DE1F9E 		.ascii	"\310\336\037\236\271\276FK\306\263\367\266\243=\271"
 215      B9BE464B 
 215      C6B3F7B6 
 215      A33DB9
 216 0164 C1B16512 		.ascii	"\301\261e\022\177\2026\020\001\216\001\361\006\364\314"
 216      7F823610 
 216      018E01F1 
 216      06F4CC
 217 0173 F08BDAF0 		.ascii	"\360\213\332\360\265\004\"u \242\330\362\350\302\356"
 217      B5042275 
 217      20A2D8F2 
 217      E8C2EE
 218 0182 10147FA1 		.ascii	"\020\024\177\241\203\010\252s\335\360\226\200\011\333"
 218      8308AA73 
 218      DDF09680 
 218      09DB
 219 0190 E8C6EC74 		.ascii	"\350\306\354t)B\204\371\343\241\022&\302\2670\021\335"
 219      294284F9 
 219      E3A11226 
 219      C2B73011 
ARM GAS  /var/folders/qd/4mxf5pkd0zdf0b9dd1hp39180000gn/T//ccg4Dj4X.s 			page 17


 219      DD
 220 01a1 390E13F0 		.ascii	"9\016\023\360\327\241\341\232\326\337\330u.tr\241T\333"
 220      D7A1E19A 
 220      D6DFD875 
 220      2E7472A1 
 220      54DB
 221 01b3 29D50EE7 		.ascii	")\325\016\347\3766\357B\346\352f\3347\237\361\340(\020"
 221      FE36EF42 
 221      E6EA66DC 
 221      379FF1E0 
 221      2810
 222 01c5 A880587A 		.ascii	"\250\200Xz\212\243\324:\034\201N\200o\240\003\017Q\005"
 222      8AA3D43A 
 222      1C814E80 
 222      6FA0030F 
 222      5105
 223 01d7 93717F6E 		.ascii	"\223q\177n\376\306rB$\340\207\371\227\206O\2142\\\355"
 223      FEC67242 
 223      24E087F9 
 223      97864F8C 
 223      325CED
 224 01ea D93E0DED 		.ascii	"\331>\015\355\026\242\335f(\301\015\223(\001\252\025"
 224      16A2DD66 
 224      28C10D93 
 224      2801AA15 
 225 01fa 8BD5BE16 		.ascii	"\213\325\276\026O2\213\322\335*O8Y\317-f\266\375\364"
 225      4F328BD2 
 225      DD2A4F38 
 225      59CF2D66 
 225      B6FDF4
 226 020d 32505673 		.ascii	"2PVs+z\247T\273\002m\213LS\215\242\251\306WS-\323\324"
 226      2B7AA754 
 226      BB026D8B 
 226      4C538DA2 
 226      A9C65753 
 227 0224 7EAEF420 		.ascii	"~\256\364 \301\260M\325\001\315d8N\035zP90\216OQ\365"
 227      C1B04DD5 
 227      01CD6438 
 227      4E1D7A50 
 227      39308E4F 
 228 023a 2D1BFB8B 		.ascii	"-\033\373\213\003I>\267u9\243<\217\360\240kP|\334\264"
 228      03493EB7 
 228      7539A33C 
 228      8FF0A06B 
 228      507CDCB4 
 229 024e F376180F 		.ascii	"\363v\030\017\372\244-D\354\270\366\332\023\006\272"
 229      FAA42D44 
 229      ECB8F6DA 
 229      1306BA
 230 025d E8D592B4 		.ascii	"\350\325\222\264B*L\227\202g\013p\006\317^\217g\207"
 230      422A4C97 
 230      82670B70 
 230      06CF5E8F 
 230      6787
 231 026f B3104D55 		.ascii	"\263\020MURw\240\016'O\341\344~\032\246\332K_\376>\267"
 231      5277A00E 
 231      274FE1E4 
ARM GAS  /var/folders/qd/4mxf5pkd0zdf0b9dd1hp39180000gn/T//ccg4Dj4X.s 			page 18


 231      7E1AA6DA 
 231      4B5FFE3E 
 232 0284 5F922641 		.ascii	"_\222&A\003\350\340\264\342\362T\035\017Si\361\246\""
 232      03E8E0B4 
 232      E2F2541D 
 232      0F5369F1 
 232      A622
 233 0296 2D39C12E 		.ascii	"-9\301.\210X\265\253\373\214\3706\033\215o\265\361\242"
 233      8858B5AB 
 233      FB8CF836 
 233      1B8D6FB5 
 233      F1A2
 234 02a8 7572C34A 		.ascii	"ur\303J\032\226\363h\343\234b\003Mr#[\233N\267\002\036"
 234      1A96F368 
 234      E39C6203 
 234      4D72235B 
 234      9B4EB702 
 235 02bd 85AE4BD9 		.ascii	"\205\256K\331{h \312\213\273\177E.\021v\360\015%\227"
 235      7B6820CA 
 235      8BBB7F45 
 235      2E1176F0 
 235      0D2597
 236 02d0 3CDA297B 		.ascii	"<\332){\245\302:zG\364\373NgJ\331\300\310\027\270\262"
 236      A5C23A7A 
 236      47F4FB4E 
 236      674AD9C0 
 236      C817B8B2 
 237 02e4 11270436 		.ascii	"\021'\0046\363\035u\247\011\246\340\326\252\212\352"
 237      F31D75A7 
 237      09A6E0D6 
 237      AA8AEA
 238 02f3 86001EB3 		.ascii	"\206\000\036\2638\024_\367}\361HK:\270\332\035-\207"
 238      38145FF7 
 238      7DF1484B 
 238      3AB8DA1D 
 238      2D87
 239 0305 13757894 		.ascii	"\023ux\224\364\237u\024\334\260\353I{o0W\026M\223\263"
 239      F49F7514 
 239      DCB0EB49 
 239      7B6F3057 
 239      164D93B3 
 240 0319 22A7584B 		.ascii	"\"\247XKz\271\262\234\247\317nj\311\023.xS\023\311R"
 240      7AB9B29C 
 240      A7CF6E6A 
 240      C9132E78 
 240      5313C952 
 241 032d 034D6B36 		.ascii	"\003Mk6o\025\311\240\274\326|:+\230dh\230\320\227\321"
 241      6F15C9A0 
 241      BCD67C3A 
 241      2B986468 
 241      98D097D1 
 242 0341 DD19C289 		.ascii	"\335\031\302\211\023P\314:u-3\230\254\343k{\356V\346"
 242      1350CC3A 
 242      752D3398 
 242      ACE36B7B 
 242      EE56E6
 243 0354 84931C2E 		.ascii	"\204\223\034.x\277\260H\376\205U_?j y|\251\351\316\341"
ARM GAS  /var/folders/qd/4mxf5pkd0zdf0b9dd1hp39180000gn/T//ccg4Dj4X.s 			page 19


 243      78BFB048 
 243      FE85555F 
 243      3F6A2079 
 243      7CA9E9CE 
 244 0369 9640B28F 		.ascii	"\226@\262\217\013;\253\2366\312\347\015\242\331\253"
 244      0B3BAB9E 
 244      36CAE70D 
 244      A2D9AB
 245 0378 5C7F3380 		.ascii	"\\\1773\200|\311\327nWd<\327\220\303\\\250?\226?\231"
 245      7CC9D76E 
 245      57643CD7 
 245      90C35CA8 
 245      3F963F99 
 246 038c 1CE3EFCD 		.ascii	"\034\343\357\315\307;\273\303H5\027Jz\3626\204r\015"
 246      C73BBBC3 
 246      4835174A 
 246      7AF23684 
 246      720D
 247 039e EFA2D8BF 		.ascii	"\357\242\330\277\367P\001\360[VKP\336^y\353Q\030\251"
 247      F75001F0 
 247      5B564B50 
 247      DE5E79EB 
 247      5118A9
 248 03b1 61DC88EF 		.ascii	"a\334\210\357\267w\035\002\320\353\243\364#O\264^_$"
 248      B7771D02 
 248      D0EBA3F4 
 248      234FB45E 
 248      5F24
 249 03c3 65A44BB5 		.ascii	"e\244K\265\035;\310\301\243\305\227\227K\305\023\240"
 249      1D3BC8C1 
 249      A3C59797 
 249      4BC513A0 
 250 03d3 19537509 		.ascii	"\031Su\011\023s\007\242\224 _d\371\212\307\037\201\357"
 250      137307A2 
 250      94205F64 
 250      F98AC71F 
 250      81EF
 251 03e5 78554AF0 		.ascii	"xUJ\360\003\312 \214~\325\227\376\203B\337\304>p\004"
 251      03CA208C 
 251      7ED597FE 
 251      8342DFC4 
 251      3E7004
 252 03f8 6804B88D 		.ascii	"h\004\270\215\204[l\215\322\351e\350\307\354\335\003"
 252      845B6C8D 
 252      D2E965E8 
 252      C7ECDD03 
 253 0408 3D3C413C 		.ascii	"=<A<F\374\204x\212x\200\350E<D\364 \356\"\356#\036!"
 253      46FC8478 
 253      8A7880E8 
 253      453C44F4 
 253      20EE22EE 
 254 041f BA117DA0 		.ascii	"\272\021}\240g\365\215{Sw@\345\315\025\377\336\234\001"
 254      67F58D7B 
 254      537740E5 
 254      CD15FFDE 
 254      9C01
 255 0431 C5FB7B6A 		.ascii	"\305\373{j\357\257\371\362\177\034s\330\022\025\375"
ARM GAS  /var/folders/qd/4mxf5pkd0zdf0b9dd1hp39180000gn/T//ccg4Dj4X.s 			page 20


 255      EFAFF9F2 
 255      7F1C73D8 
 255      1215FD
 256 0440 A62FDDE0 		.ascii	"\246/\335\340\303nT;\363\275/\373\262\257\362[j_\256"
 256      C36E543B 
 256      F3BD2FFB 
 256      B2AFF25B 
 256      6A5FAE
 257 0453 FBD2DBC6 		.ascii	"\373\322\333\306\370\336\257\346\267\372\367]\315\277"
 257      F8DEAFE6 
 257      B7FAF75D 
 257      CDBF
 258 0461 A576A7CB 		.ascii	"\245v\247\313\177b\325\374\026\265\376\033\276\374\366"
 258      7F62D5FC 
 258      16B5FE1B 
 258      BEFCF6
 259 0470 B17CB5FE 		.ascii	"\261|\265\376\026\377\307U\363\033\325\372;\374\353"
 259      16FFC755 
 259      F31BD5FA 
 259      3BFCEB
 260 047f 67E1E1F5 		.ascii	"g\341\341\365\250\257\204\344JR\004e\011r-R\362\336"
 260      A8AF84E4 
 260      4A520465 
 260      09722D52 
 260      F2DE
 261 0491 504A4A8F 		.ascii	"PJJ\217H\322\032-S\326\35173j\333mj\333\036\377\261"
 261      48D21A2D 
 261      53D6E937 
 261      336ADB6D 
 261      6ADB1EFF 
 262 04a6 66B6F1E3 		.ascii	"f\266\361\343yVV\326\036Bz\331\307#^-\356\356\013\206"
 262      795656D6 
 262      1E427AD9 
 262      C7235E2D 
 262      EEEE0B86 
 263 04ba A868BFB7 		.ascii	"\250h\277\267\031^\340%\376_]h\371\324\007H:\032\201"
 263      195EE025 
 263      FE5F5D68 
 263      F9D40748 
 263      3A1A81
 264 04cd E7A8F599 		.ascii	"\347\250\365\231R\204i\020\230s+\245\037\273\264\241"
 264      52846910 
 264      98732BA5 
 264      1FBBB4A1 
 265 04dd 5923A59D 		.ascii	"Y#\245\235\021\225\302\372\022B\331\237\0248\"ywk\321"
 265      1195C2FA 
 265      1242D99F 
 265      14382279 
 265      776BD1
 266 04f0 49913CE3 		.ascii	"I\221<\343%c\373\246\375Y\232\221\036\376\356U\254\317"
 266      2563FBA6 
 266      FD599A91 
 266      1EFEEE55 
 266      ACCF
 267 0502 D8C30BDF 		.ascii	"\330\303\013\337c-\027\006\024[\003\276}\360\025\353"
 267      632D1706 
 267      145B03BE 
ARM GAS  /var/folders/qd/4mxf5pkd0zdf0b9dd1hp39180000gn/T//ccg4Dj4X.s 			page 21


 267      7DF015EB 
 268 0512 83157D07 		.ascii	"\203\025}\007+\306\3115\006\365i<e\253\356kA\037\025"
 268      2BC6C935 
 268      06F5693C 
 268      65ABEE6B 
 268      411F15
 269 0525 AD9492A1 		.ascii	"\255\224\222\241oT\245\204~.C\376?\227Q\301|\215\353"
 269      6F54A584 
 269      7E2E43FE 
 269      3F9751C1 
 269      7C8DEB
 270 0538 3CF94372 		.ascii	"<\371Cr$\337`$\00712\303\243\"s\243\200\337\207!\177"
 270      24DF6024 
 270      073132C3 
 270      A32273A3 
 270      80DF8721 
 271 054d F7E17981 		.ascii	"\367\341y\201\372>t\3715\315\357\003-\277_\327\327\004"
 271      FA3E74F9 
 271      35CDEF03 
 271      2DBF5FD7 
 271      D704
 272 055f 92EC0096 		.ascii	"\222\354\000\226\340\365U\257\313\3017\301^\237`\205"
 272      E0F555AF 
 272      CBC137C1 
 272      5E9F6085 
 273 056f 18FD6FDC 		.ascii	"\030\375o\334zS\300\023\266\\\214\002I\034\011\342\220"
 273      7A53C013 
 273      B65C8C02 
 273      491C09E2 
 273      90
 274 0580 37619ED6 		.ascii	"7a\236\326\226F\242N\030%*\011K\027y\302pDr\301\340"
 274      9646A24E 
 274      18252A09 
 274      4B1779C2 
 274      704472C1 
 275 0595 EBDC3035 		.ascii	"\353\33405\231\376y\245\2203dr\006#\037\3539\337\240"
 275      99FE79A5 
 275      90336472 
 275      06231FEB 
 275      39DFA0
 276 05a8 E33D4002 		.ascii	"\343=@\002\2247o\313,\011'y\354Xp0\363\332\356 \276"
 276      94376FCB 
 276      2C092779 
 276      EC587030 
 276      F3DAEE20 
 277 05bd E8A17257 		.ascii	"\350\241rWc_\217\334!:\003hO\253\333l'E\234\373l \253"
 277      635F8FDC 
 277      213A0368 
 277      4FABDB6C 
 277      27459CFB 
 278 05d4 4FEE98E3 		.ascii	"O\356\230\343Q\274z\347\207\363\204\266\\Iv\002\347"
 278      51BC7AE7 
 278      87F384B6 
 278      5C497602 
 278      E7
 279 05e5 151FD68A 		.ascii	"\025\037\326\212\370\347\000\006\024\262D\326n\313K"
 279      F8E70006 
ARM GAS  /var/folders/qd/4mxf5pkd0zdf0b9dd1hp39180000gn/T//ccg4Dj4X.s 			page 22


 279      14B244D6 
 279      6ECB4B
 280 05f4 0A332032 		.ascii	"\0123 2[\216\336{\032\326\361W\213\023a\225H\351\353"
 280      5B8EDE7B 
 280      1AD6F157 
 280      8B136195 
 280      48E9EB
 281 0607 C448EF26 		.ascii	"\304H\357&\312\336\177i`\013\220\203\334nOq\345E\221"
 281      CADE7F69 
 281      600B9083 
 281      DC6E4F71 
 281      E54591
 282 061a 9473A17F 		.ascii	"\224s\241\177g\303}\0359\302\205]_\035\310 \244\202"
 282      67C37D1D 
 282      39C2855D 
 282      5F1DC820 
 282      A482
 283 062c 0BAD9BBE 		.ascii	"\013\255\233\276\333\241!5\\\0308\\z7\204\234\345B}"
 283      DBA12135 
 283      5C18385C 
 283      7A37849C 
 283      E5427D
 284 063f D3D3AFC3 		.ascii	"\323\323\257\303\310E.\364~\333\220\033B\256p\341f\301"
 284      C8452EF4 
 284      7EDB901B 
 284      42AE70E1 
 284      66C1
 285 0651 8AAE00D2 		.ascii	"\212\256\000\322\306\205\262\246\263\036\371O\262\325"
 285      C685B2A6 
 285      B31EF94F 
 285      B2D5
 286 065f 34506525 		.ascii	"4Pe%\355=\201\362M\246\375\367B~s\207\226\334`\344\260"
 286      ED3D81F2 
 286      4DA6FDF7 
 286      427E7387 
 286      96DC60E4 
 287 0674 7BF58F73 		.ascii	"{\365\217s\202\2016\311(\271Sz{e\337PdQ\272t.\216]\261"
 287      828136C9 
 287      28B9537A 
 287      7B65DF50 
 287      6451BA74 
 288 068c F598EADD 		.ascii	"\365\230\352\335\242\377\316'\227\273\317\225\212\263"
 288      A2FFCE27 
 288      97BBCF95 
 288      8AB3
 289 069a C997DDA6 		.ascii	"\311\227\335\246f\323k\364|h\"\336@T\216\001\20352\335"
 289      66D36BF4 
 289      7C6822DE 
 289      40548E01 
 289      833532DD 
 290 06ae 1B463F8D 		.ascii	"\033F?\215\354\252\332\231l\377\3529\177\324\305\336"
 290      ECAADA99 
 290      6CFFEA39 
 290      7FD4C5DE 
 291 06be 8E1AB7B1 		.ascii	"\216\032\267\261\304P>\275\325Ex\303\213E=\344#\366"
 291      C4503EBD 
 291      D54578C3 
ARM GAS  /var/folders/qd/4mxf5pkd0zdf0b9dd1hp39180000gn/T//ccg4Dj4X.s 			page 23


 291      8B453DE4 
 291      23F6
 292 06d0 22F62076 		.ascii	"\"\366 v\"\362\020\373\021\373\020\271\210]\210BD\201"
 292      22F210FB 
 292      11FB10B9 
 292      885D8842 
 292      4481
 293 06e2 A8EEBFFD 		.ascii	"\250\356\277\375\177W\016\271\305\327\2131U\270\356"
 293      7F570EB9 
 293      C5D78B31 
 293      55B8EE
 294 06f1 1F0A7B87 		.ascii	"\037\012{\207/{\245\350K\177\245\212`\246\177\272*\336"
 294      2F7BA5E8 
 294      4B7FA58A 
 294      60A67FBA 
 294      2ADE
 295 0703 752AF666 		.ascii	"u*\366f_\266\272{\311\345d0r9\375n\2216\266\234\274"
 295      5FB6BA7B 
 295      C9E56430 
 295      7239FD6E 
 295      9136B69C 
 296 0718 19544537 		.ascii	"\031TE7\307\2772\225\351{\252(l\365\033\005u\333W\371"
 296      C7BF3295 
 296      E97BAA28 
 296      6CF51B05 
 296      75DB57F9 
 297 072c B9C1973C 		.ascii	"\271\301\227<\266\213\267\251\350\033\375\323\275\215"
 297      B68BB7A9 
 297      E81BFDD3 
 297      BD8D
 298 073a 2BF39AD4 		.ascii	"+\363\232\324\032B\272x]\363l{R\244\201\350(~\332\213"
 298      1A42BA78 
 298      5DF36C7B 
 298      52A481E8 
 298      287EDA8B 
 299 074e 6FB4F8FF 		.ascii	"o\264\370\377C(\305\315_(E\212\236\375-\027\004J\360"
 299      4328C5CD 
 299      5F28458A 
 299      9EFD2D17 
 299      044AF0
 300 0761 5EFCB777 		.ascii	"^\374\267w\004}Z^\370\260,\\]\321JG\225\277\003rE\243"
 300      047D5A5E 
 300      F8B02C5C 
 300      5DD14A47 
 300      95BF0372 
 301 0777 63D4424B 		.ascii	"c\324BK\2129%e\201\331\356\260\273c\323,\213\335\261"
 301      8A392565 
 301      81D9EEB0 
 301      BB63D32C 
 301      8BDDB1
 302 078a 7186D858 		.ascii	"q\206\330X\371\237\323e\300uC\232s\261\333eH\236\367"
 302      F99FD365 
 302      C075439A 
 302      73B1DB65 
 302      489EF7
 303 079d C1B404FE 		.ascii	"\301\264\004\376;7~\351R\203\2743\326\0324\353\303?"
 303      3B377EE9 
ARM GAS  /var/folders/qd/4mxf5pkd0zdf0b9dd1hp39180000gn/T//ccg4Dj4X.s 			page 24


 303      5283BC33 
 303      D61A34EB 
 303      C33F
 304 07af 4E32C6C7 		.ascii	"N2\306\307\013q\377\341F!Tm=\302\345N\235\226`\266\246"
 304      0B71FFE1 
 304      4621546D 
 304      3DC2E54E 
 304      9D9660B6 
 305 07c4 38AD8BD8 		.ascii	"8\255\213\330\204\316l^bw\270q"
 305      84CE6C5E 
 305      6277B871 
 306 07d0 CEBD190C 		.ascii	"\316\275\031\014\323\323\322R\354V\213\333\356t\270"
 306      D3D3D252 
 306      EC568BDB 
 306      EE74B8
 307 07df 0C89D614 		.ascii	"\014\211\326\024{\232\313f\266\305\244-\261.J\210\265"
 307      7B9ACB66 
 307      B6C5A42D 
 307      B12E4A88 
 307      B5
 308 07f0 A4A5198C 		.ascii	"\244\245\031\214N\207\333\346p\217Y4\314s:S\\\206?["
 308      4E87DBE6 
 308      708F5934 
 308      CC733A53 
 308      5C863F5B 
 309 0804 AD3196C5 		.ascii	"\2551\226\305\2511\016\247\303\026c\263|j\217y'&!.\376"
 309      A9310EA7 
 309      C31663B3 
 309      7C6A8F79 
 309      2726212E 
 310 0819 9D98BFFE 		.ascii	"\235\230\277\376.&\325\362\027\347b\303\250U\203\335"
 310      2E26D5F2 
 310      17E762C3 
 310      A85583DD 
 311 0829 614D59B2 		.ascii	"aMY\262\300fH\265X\027\332\0356\203y\201\3553\313\222"
 311      C06648B5 
 311      5817DA1D 
 311      36837981 
 311      ED33CB92 
 312 083d 14B7D9BD 		.ascii	"\024\267\331\275,\315\346\212](\004y\235[\365\377s\316"
 312      2CCDE68A 
 312      5D280479 
 312      9D5BF5FF 
 312      73CE
 313 084f B5CC6530 		.ascii	"\265\314e0\273\334\013\320\023\364(<y\231\313mK5:\027"
 313      BBDC0BD0 
 313      13F4283C 
 313      7999CB6D 
 313      4B353A17 
 314 0863 DB8C348A 		.ascii	"\333\2144\212\301\323\223f\304\317MJ\374\320D\337\022"
 314      C1D39366 
 314      C4CF4D4A 
 314      FCD044DF 
 314      12
 315 0874 D85BD0F4 		.ascii	"\330[\320\364\3313\330K ]\224\307\004\034\265\270\300"
 315      D933D84B 
 315      205D94C7 
ARM GAS  /var/folders/qd/4mxf5pkd0zdf0b9dd1hp39180000gn/T//ccg4Dj4X.s 			page 25


 315      041CB5B8 
 315      C0
 316 0885 D671DA94 		.ascii	"\326q\332\224<\217\275$\320\227@\\\240#1\3161i\214\357"
 316      3C8FBD24 
 316      D097405C 
 316      A02331CE 
 316      31698CEF 
 317 0899 CF3205CC 		.ascii	"\3172\005\3141&\033M\242\021g\222MS\3249\267-u\033\214"
 317      31261B4D 
 317      A2116792 
 317      4D53D439 
 317      B72D751B 
 318 08ae 1F24CF49 		.ascii	"\037$\317I\306l\033X:S0\341\350Y\210\311h4\317\303\300"
 318      C66C1B58 
 318      3A5330E1 
 318      E85988C9 
 318      6834CFC3 
 319 08c3 CDB47DF6 		.ascii	"\315\264}\366Ko\322?\265X\027-I3/p\246Z\354\016\226"
 319      4B6FD23F 
 319      B558172D 
 319      49332F70 
 319      A65AEC0E 
 320 08d8 F190A48F 		.ascii	"\361\220\244\217M^Z\300\307\246$S|\220)19\321\364\247"
 320      4D5E5AC0 
 320      C7A62453 
 320      7C902931 
 320      39D1F4A7 
 321 08ec C4991A2A 		.ascii	"\304\231\032*\222\217f\230\304dS\340GI\363\376\220\370"
 321      928F6698 
 321      C46453E0 
 321      4749F3FE 
 321      90F8
 322 08fe 892930C9 		.ascii	"\211)0\3114\213\216\332\244D>\314\244\203&)\021]\233"
 322      348B8EDA 
 322      A4443ECC 
 322      A4832629 
 322      115D9B
 323 0911 6E34310D 		.ascii	"n41\015\011\343\336\237;=y\266W\353?\001\343\353\212"
 323      09E3DE9F 
 323      3B3D79B6 
 323      57EB3F01 
 323      E3EB8A
 324 0924 82       		.ascii	"\202"
 325              		.text
 326              		.section	.gnu.lto_.symtab.bb5c74cdb9a5db,"",%progbits
 327 0000 68616C5F 		.ascii	"hal_lld_init\000"
 327      6C6C645F 
 327      696E6974 
 327      00
 328 000d 00       		.ascii	"\000"
 329 000e 00       		.ascii	"\000"
 330 000f 00       		.ascii	"\000"
 331 0010 00000000 		.ascii	"\000\000\000\000\000\000\000\000"
 331      00000000 
 332 0018 BE000000 		.ascii	"\276\000\000\000"
 333 001c 73746D33 		.ascii	"stm32_clock_init\000"
 333      325F636C 
ARM GAS  /var/folders/qd/4mxf5pkd0zdf0b9dd1hp39180000gn/T//ccg4Dj4X.s 			page 26


 333      6F636B5F 
 333      696E6974 
 333      00
 334 002d 00       		.ascii	"\000"
 335 002e 00       		.ascii	"\000"
 336 002f 00       		.ascii	"\000"
 337 0030 00000000 		.ascii	"\000\000\000\000\000\000\000\000"
 337      00000000 
 338 0038 C0000000 		.ascii	"\300\000\000\000"
 339 003c 53797374 		.ascii	"SystemCoreClock\000"
 339      656D436F 
 339      7265436C 
 339      6F636B00 
 340 004c 00       		.ascii	"\000"
 341 004d 00       		.ascii	"\000"
 342 004e 00       		.ascii	"\000"
 343 004f 00000000 		.ascii	"\000\000\000\000\000\000\000\000"
 343      00000000 
 344 0057 CD000000 		.ascii	"\315\000\000\000"
 345              		.text
 346              		.section	.gnu.lto_.opts,"",%progbits
 347 0000 272D666D 		.ascii	"'-fmath-errno' '-fsigned-zeros' '-ftrapping-math' '"
 347      6174682D 
 347      6572726E 
 347      6F272027 
 347      2D667369 
 348 0033 2D666E6F 		.ascii	"-fno-trapv' '-fno-openmp' '-fno-openacc' '-mcpu=cor"
 348      2D747261 
 348      70762720 
 348      272D666E 
 348      6F2D6F70 
 349 0066 7465782D 		.ascii	"tex-m4' '-mno-thumb-interwork' '-mthumb' '-O2' '-fo"
 349      6D342720 
 349      272D6D6E 
 349      6F2D7468 
 349      756D622D 
 350 0099 6D69742D 		.ascii	"mit-frame-pointer' '-falign-functions=16' '-ffuncti"
 350      6672616D 
 350      652D706F 
 350      696E7465 
 350      72272027 
 351 00cc 6F6E2D73 		.ascii	"on-sections' '-fdata-sections' '-fno-common' '-flto"
 351      65637469 
 351      6F6E7327 
 351      20272D66 
 351      64617461 
 352 00ff 2700     		.ascii	"'\000"
 353              		.text
 354              		.comm	__gnu_lto_v1,1,1
 355              		.comm	__gnu_lto_slim,1,1
 356              		.ident	"GCC: (GNU Tools for Arm Embedded Processors 7-2017-q4-major) 7.2.1 20170904 (release) [ARM
ARM GAS  /var/folders/qd/4mxf5pkd0zdf0b9dd1hp39180000gn/T//ccg4Dj4X.s 			page 27


DEFINED SYMBOLS
                            *ABS*:0000000000000000 hal_lld.c
                            *COM*:0000000000000001 __gnu_lto_v1
                            *COM*:0000000000000001 __gnu_lto_slim

NO UNDEFINED SYMBOLS
