ARM GAS  /var/folders/qd/4mxf5pkd0zdf0b9dd1hp39180000gn/T//ccaFmQnf.s 			page 1


   1              		.cpu cortex-m4
   2              		.eabi_attribute 20, 1
   3              		.eabi_attribute 21, 1
   4              		.eabi_attribute 23, 3
   5              		.eabi_attribute 24, 1
   6              		.eabi_attribute 25, 1
   7              		.eabi_attribute 26, 1
   8              		.eabi_attribute 30, 2
   9              		.eabi_attribute 34, 1
  10              		.eabi_attribute 18, 4
  11              		.file	"st_lld.c"
  12              		.section	.gnu.lto_.profile.658f54fa4e3460a3,"",%progbits
  13 0000 789C6363 		.ascii	"x\234cc```\001bF\006K\031\000\001\006\000a"
  13      60606001 
  13      6246064B 
  13      19000106 
  13      0061
  14              		.text
  15              		.section	.gnu.lto_.icf.658f54fa4e3460a3,"",%progbits
  16 0000 789C6363 		.ascii	"x\234cc``\340c@\000&\206\2757\226o\341d\274\274\367"
  16      6060E063 
  16      40002686 
  16      BD37966F 
  16      E164BCBC 
  17 0015 4F2F3703 		.ascii	"O/7\003\000/\367\0065"
  17      002FF706 
  17      35
  18              		.text
  19              		.section	.gnu.lto_.jmpfuncs.658f54fa4e3460a3,"",%progbits
  20 0000 789C6363 		.ascii	"x\234cc``\360d@\000&0\311\310\300\300\3028\205\231\361"
  20      6060F064 
  20      40002630 
  20      C9C8C0C0 
  20      C2388599 
  21 0015 E9C9C96D 		.ascii	"\351\311\311m<\335\314s\230\031\030e\03073\31200\036"
  21      3CDDCC73 
  21      98191865 
  21      183733CA 
  21      30301E
  22 0028 60619401 		.ascii	"`a\224\001b\240\022\240t\327\257\353}\034\020i\016\306"
  22      62A012A0 
  22      74D7AFEB 
  22      7D1C1069 
  22      0EC6
  23 003a 2D50690E 		.ascii	"-Pi\016\2604\003\000!Q\016\252"
  23      B0340300 
  23      21510EAA 
  24              		.text
  25              		.section	.gnu.lto_.inline.658f54fa4e3460a3,"",%progbits
  26 0000 789C6363 		.ascii	"x\234cc``\260b@\000&\006\006\036QF\006&\276+\376\014"
  26      6060B062 
  26      40002606 
  26      061E5146 
  26      0626BE2B 
  27 0016 6C0BE499 		.ascii	"l\013\344\231@b\214\\p\202AD\006()\363\340\026#\\\226"
  27      40628C5C 
  27      70824144 
ARM GAS  /var/folders/qd/4mxf5pkd0zdf0b9dd1hp39180000gn/T//ccaFmQnf.s 			page 2


  27      062829F3 
  27      E016235C 
  28 002b 9907AC8B 		.ascii	"\231\007\254\213\001\000\257\032\005X"
  28      0100AF1A 
  28      0558
  29              		.text
  30              		.section	.gnu.lto_.pureconst.658f54fa4e3460a3,"",%progbits
  31 0000 789C6363 		.ascii	"x\234cc```\003b&\206]\214\214R\000\003\261\000\345"
  31      60606003 
  31      6226865D 
  31      8C8C5200 
  31      03B100E5 
  32              		.text
  33              		.section	.gnu.lto_VectorB0.658f54fa4e3460a3,"",%progbits
  34 0000 789C7D54 		.ascii	"x\234}T]lSe\030~\237\363\235\376\254\035\310%\211K\354"
  34      5D6C5365 
  34      187E9FF3 
  34      9DFEAC1D 
  34      C825894B 
  35 0015 2E665C42 		.ascii	".f\\Bz\370Y\342\2451\030\023\"\275a\334\223Q\232\224"
  35      7AF859E2 
  35      A5311813 
  35      22BD61DC 
  35      93519A94 
  36 0029 D851D26E 		.ascii	"\330Q\322n\013\273\332\351~\350\026\215\341b\014%\325"
  36      0BBBDAE9 
  36      7EE8168D 
  36      E1620C25 
  36      D5
  37 003a 3592F813 		.ascii	"5\222\370\0233Q\374\355\200y\334\034E\221m\214\241\350"
  37      3351FCED 
  37      8079DC1C 
  37      45916D8C 
  37      A1E8
  38 004c 12832C6C 		.ascii	"\022\203,l2\253\231\2048\205\261\371\276\247\245vm\262"
  38      32AB9984 
  38      3885B1F9 
  38      BEA7A576 
  38      6DB2
  39 005e 2F3DDF39 		.ascii	"/=\3379\347{\336\237\347{\236\257\307IDO:\210\026\371"
  39      E77BDE9F 
  39      E77B9EAF 
  39      C749444F 
  39      3A8816F9 
  40 0072 DEC0171C 		.ascii	"\336\300\027\034\004\355\304\004Q\302\255ij\252\206"
  40      04EDC404 
  40      51C2AD69 
  40      6AAA86
  41 0081 4C8F6EED 		.ascii	"L\217n\355 \263ZA\317/\353\200<\230nP\207\246tt\340"
  41      20B35A41 
  41      CF2FEB80 
  41      3C986E50 
  41      87A67474 
  42 0096 55D5AF30 		.ascii	"U\325\2570\232\234\317h\365\357\232<\254S\303\336\204"
  42      9A9CCF68 
  42      F5EF9A3C 
  42      AC53C3DE 
ARM GAS  /var/folders/qd/4mxf5pkd0zdf0b9dd1hp39180000gn/T//ccaFmQnf.s 			page 3


  42      84
  43 00a7 D9B335A5 		.ascii	"\331\2635\245\210\006\370\222\201OPO\034v\373\343\325"
  43      8806F892 
  43      814F504F 
  43      1C76FBE3 
  43      D5
  44 00b8 939B9C7A 		.ascii	"\223\233\234z~\035\237\302I\340\207\263\323\016\313"
  44      7E1D9FC2 
  44      49E087B3 
  44      D30ECB
  45 00c7 5C5D4B9A 		.ascii	"\\]K\232\326\3753x\370\222\007\224R\320d\"\352\345H"
  45      D6FD3378 
  45      F8920794 
  45      52D06422 
  45      EAE548
  46 00da 6E685AD4 		.ascii	"nhZ\324\2474y\352\262h\021\243\303ws=^)pZ\201\353\016"
  46      A73479EA 
  46      B26811A3 
  46      C377733D 
  46      5E29705A 
  47 00f1 F48C4EBA 		.ascii	"\364\214N\272^Q)\245A\332L\014-/y\362\257\302H\347\245"
  47      5E5129A5 
  47      41DA4C0C 
  47      2D2F79F2 
  47      AFC248E7 
  48 0106 F49B0B55 		.ascii	"\364\233\013Ui\274\225\340W_J)|\216\032|\206\032\222"
  48      69BC95E0 
  48      575F4A29 
  48      7C8E1A7C 
  48      861A92
  49 0119 F0E4FC95 		.ascii	"\360\344\374\225\251\315\306\220\331\235\020L\307\027"
  49      A9CDC690 
  49      D99D104C 
  49      C717
  50 0127 48E3A4CD 		.ascii	"H\343\244\315\034_\302\340v]+\307\337p\345\273i\371"
  50      1C5FC2E0 
  50      765D2BC7 
  50      DF70E5BB 
  50      69F9
  51 0139 86E36BCB 		.ascii	"\206\343k\313\326\023\322\001\320\220\341:w\320=;\326"
  51      D613D201 
  51      D090E13A 
  51      77D03D3B 
  51      D6
  52 014a 5088E180 		.ascii	"P\210\341\200\263\271\314\277\233\362\001\204ai\304"
  52      B3B9CCBF 
  52      9BF20184 
  52      6169C4
  53 0159 A34F299A 		.ascii	"\243O)\232\252\311\357\340\376o\177\214\333;XO.\375"
  53      AAC9EFE0 
  53      FE6F7F8C 
  53      DB3B584F 
  53      2EFD
  54 016b 8EEC7E63 		.ascii	"\216\354~c~\347\377\347w\001F\351\366unv\221\263\346"
  54      7EE7FFE7 
  54      770146E9 
  54      F6756E76 
ARM GAS  /var/folders/qd/4mxf5pkd0zdf0b9dd1hp39180000gn/T//ccaFmQnf.s 			page 4


  54      91B3E6
  55 017e 593E5EBF 		.ascii	"Y>^\277\326\375QJ\311\272\003\242\301_WO\317m\226W'"
  55      D6FD514A 
  55      C9BA03A2 
  55      C15F574F 
  55      CF6D9657 
  56 0193 7CFCBA70 		.ascii	"|\374\272p!9\003\265\323V,7\337k\351ugL\263\323\264"
  56      213903B5 
  56      D3562C37 
  56      DF6BE975 
  56      674CB3D3 
  57 01a8 B2C9E72E 		.ascii	"\262\311\347.\215\0377O$\334)\345\202\005\305n\341+"
  57      8D1F374F 
  57      24DC29E5 
  57      8205C56E 
  57      E12B
  58 01ba E63352D8 		.ascii	"\3463R\330\006\276F\235\320\272k^\324\245\234\013>\214"
  58      06BE469D 
  58      D0BA6B5E 
  58      D4A59C0B 
  58      3E8C
  59 01cc 32F63B3A 		.ascii	"2\366;:o\177\360Z\377\334\326\242\323\335\371\003\361"
  59      6F7FF05A 
  59      FFDCD6A2 
  59      D3DDF903 
  59      F1
  60 01dd 8BD761BB 		.ascii	"\213\327a\273=\240@e\330\332\373\015\017\370\024\214"
  60      3DA04065 
  60      D8DAFB0D 
  60      0FF8148C 
  61 01ed 09A89583 		.ascii	"\011\250\225\203\017\207\266\207\011\337\010\246\312"
  61      0F87B687 
  61      09DF08A6 
  61      CA
  62 01fa B1B105BF 		.ascii	"\261\261\005\277\2130.\230^\216=\210\012E\302%A\035"
  62      8B302E98 
  62      5E8E3D88 
  62      0A45C225 
  62      411D
  63 020c A5070F59 		.ascii	"\245\007\017Y8qY\316\035O,\026M\212\233o\017\236\373"
  63      387159CE 
  63      1D4F2C16 
  63      4D8A9B6F 
  63      0F9EFB
  64 021f C7537B0B 		.ascii	"\307S{\013\203\346\353,\260[\022\206\346\316\233n]\343"
  64      83E6EB2C 
  64      B05B1286 
  64      E6CE9B6E 
  64      5DE3
  65 0231 CD7E8B5A 		.ascii	"\315~\213Z\333\205\245\334\314\254\306+\370\016\272"
  65      DB85A5DC 
  65      CCACC62B 
  65      F80EBA
  66 0240 BD5DC215 		.ascii	"\275]\302\025[\326\367F\306\356T\327\316\025\262\253"
  66      5BD6F746 
  66      C6EE54D7 
  66      CE15B2AB 
ARM GAS  /var/folders/qd/4mxf5pkd0zdf0b9dd1hp39180000gn/T//ccaFmQnf.s 			page 5


  67 0250 24F6DE87 		.ascii	"$\366\336\207\347nx\355\354\357%\033W\241\263'\235>"
  67      E76E78ED 
  67      ECEF251B 
  67      57A1B327 
  67      9D3E
  68 0262 5B3AA21C 		.ascii	"[:\242\034\272n=\352\377\373`\271NKE\235\234\353HO0"
  68      BA6E3DEA 
  68      FFFB60B9 
  68      4E4B459D 
  68      9CEB484F 
  69 0277 D749212D 		.ascii	"\327I!-\023\003\231Ln\326\325\361\310d\203<\003,\377"
  69      1303994C 
  69      6ED6D5F1 
  69      C864833C 
  69      032CFF
  70 028a 846053E8 		.ascii	"\204`S\350\340\223\343}\354\375:G\263Og7v\364\232\355"
  70      E093E37D 
  70      ECFD3A47 
  70      B34F6737 
  70      76F49AED 
  71 029e 68F11CB9 		.ascii	"h\361\034\271X\232\351\215\034\275Wd\352\256t\324\267"
  71      589AE98D 
  71      1CBD5764 
  71      EAAE74D4 
  71      B7
  72 02af C274AE0B 		.ascii	"\302t\256\013XU\351\3503/\023f\004\363T8\232\335\305"
  72      5855E9E8 
  72      332F1366 
  72      04F35438 
  72      9ADDC5
  73 02c2 8EDE10CC 		.ascii	"\216\336\020\314[\216-\266\013E\302\017\225\216\376"
  73      5B8E2DB6 
  73      0B45C20F 
  73      958EFE
  74 02d1 C8E2DC14 		.ascii	"\310\342\334\024\001n\2268\272:\370\353\210\367\261"
  74      016E9638 
  74      BA3AF8EB 
  74      88F7B1
  75 02e0 59D3B659 		.ascii	"Y\323\266Y?\331f\225;\363s\321\031\251o\377G\365\302"
  75      3FD96695 
  75      3BF373D1 
  75      19A96FFF 
  75      47F5C2
  76 02f3 67465CEA 		.ascii	"gF\\\352[q\330\237\251\012\321\2539w\266\240\370\237"
  76      5B71D89F 
  76      A90AD1AB 
  76      3977B6A0 
  76      F89F
  77 0305 E84C2F9F 		.ascii	"\350L/\237\202\035(\243\227\2179\227\340&\206\337_\370"
  77      821D28A3 
  77      978F3997 
  77      E02686DF 
  77      5FF8
  78 0317 45E346B8 		.ascii	"E\343F\270)b\034\215\306Z\342F\343\376\300\256\235\306"
  78      29621C8D 
  78      C65AE246 
  78      E3FEC0AE 
ARM GAS  /var/folders/qd/4mxf5pkd0zdf0b9dd1hp39180000gn/T//ccaFmQnf.s 			page 6


  78      9DC6
  79 0329 DEBD2F18 		.ascii	"\336\275/\030\373\367\004\332v\030\361\226\003\221\310"
  79      FBF704DA 
  79      7618F196 
  79      0391C8
  80 0338 217F901C 		.ascii	"!\177\220\034mM\221\326P}iV\254\245\220\364\374\276"
  80      6D4D91D6 
  80      507D6956 
  80      ACA590F4 
  80      FCBE
  81 034a C0EEC031 		.ascii	"\300\356\3001#\030\016Fc\241\003m\3176\373\303\264\255"
  81      23180E46 
  81      63A1036D 
  81      CF36FBC3 
  81      B4AD
  82 035c 343274AC 		.ascii	"42t\254\305\330\035h\334\323h\034>\022\214\264\036\012"
  82      C5D81D68 
  82      DCD3681C 
  82      3E128CB4 
  82      1E0A
  83 036e 197664B0 		.ascii	"\031vd\260\371\305\326#A\016~\252\234L4\316\023\327"
  83      F9C5D623 
  83      410E7EAA 
  83      9C4C34CE 
  83      13D7
  84 0380 977B39CE 		.ascii	"\227{9\316\313\305*\341x{\234\361-\201\306}\276\203"
  84      CBC52AE1 
  84      787B9CF1 
  84      2D81C67D 
  84      BE83
  85 0392 4DF1D0D1 		.ascii	"M\361\320\321\330\341m\276\272\355\244\305\310\325\034"
  85      D8E16DBE 
  85      BAEDA4C5 
  85      C8D51C
  86 03a1 6A8EC6DA 		.ascii	"j\216\306\332\351?h\246\367l"
  86      E93F68A6 
  86      F76C
  87              		.text
  88              		.section	.gnu.lto_st_lld_init.658f54fa4e3460a3,"",%progbits
  89 0000 789C9D94 		.ascii	"x\234\235\224\315O\023A\030\207\347\267S\272[\300&\336"
  89      CD4F1341 
  89      1887E7B7 
  89      53BA5BC0 
  89      26DE
  90 0012 4CECC12B 		.ascii	"L\354\301+\036\330T\017\376\003^L \036\344n\214&z \301"
  90      1ED8540F 
  90      FE035E4C 
  90      201EE46E 
  90      8C267A20 
  91 0027 08F16897 		.ascii	"\010\361h\227\257\026\201\030\022\005\023\263`\023\017"
  91      AF168118 
  91      120513B3 
  91      60130F
  92 0036 06132420 		.ascii	"\006\023$ \010-T\227\012\"\202\200\010\002b<\020ET4"
  92      082D5497 
  92      0A228280 
  92      0802623C 
ARM GAS  /var/folders/qd/4mxf5pkd0zdf0b9dd1hp39180000gn/T//ccaFmQnf.s 			page 7


  92      10455434 
  93 004a 1C48FC8A 		.ascii	"\034H\374\212\324\367\235--\321\023\235t\247\363\265"
  93      D4F79D2D 
  93      2DD1139D 
  93      74A7F3B5 
  94 005a CF33EFCC 		.ascii	"\3173\357\314\316x\205\020MyB\004\351\377 =\220\002"
  94      CE788510 
  94      4D794204 
  94      E9FF203D 
  94      9002
  95 006c 5ACBB410 		.ascii	"Z\313\264\020\325\206\006p\3012 B\032Bh\2267$\222\221"
  95      D5860670 
  95      C1322042 
  95      1A426896 
  95      37249291 
  96 0080 B5985674 		.ascii	"\265\230Vt\327\242\344\334\354\365\207\255\372\003\266"
  96      D7A2E4DC 
  96      ECF587AD 
  96      FA03B6
  97 008f 14A28D1E 		.ascii	"\024\242\215\036Nx\200\"A\303V{\266[\367y=n;\372\340"
  97      4E788022 
  97      41C3567B 
  97      B65BF779 
  97      3D6E3BFA 
  98 00a4 15A042F7 		.ascii	"\025\240B\367\\\236cm\247\"\2263z\007\211\223\373!l"
  98      5C9E636D 
  98      A7229633 
  98      7A078993 
  98      FB216C
  99 00b7 098D339D 		.ascii	"\011\2153\2353\2033!\032\350\035\022[\216\270*5.\325"
  99      33833321 
  99      1AE81D12 
  99      5B8EB82A 
  99      352ED5
 100 00ca 3AE23392 		.ascii	":\3423\222\361O\267\3173\351\226\004\011\332\352\223"
 100      F14FB7CF 
 100      33E99604 
 100      09DAEA93 
 101 00da 337A93B4 		.ascii	"3z\223\264\245\006\366\325\265\217\255\371\334\252\265"
 101      A506F6D5 
 101      B58FADF9 
 101      DCAAB5
 102 00e9 D96079A8 		.ascii	"\331`y\250ieh\365\2357\212\216j\232\352![J<D\000\375"
 102      696568F5 
 102      9D378A8E 
 102      6A9AEA21 
 102      5B4A3C44 
 103 00ff 08081EFF 		.ascii	"\010\010\036\377\345\375D\302ovYu\260\245\007\003\210"
 103      E5FD44C2 
 103      6F765975 
 103      B0A50703 
 103      88
 104 0110 A2554580 		.ascii	"\242UE\200A\230$\253\375\021\206\353\322\\]\337\350"
 104      419824AB 
 104      FD1186EB 
 104      D25C5DDF 
 104      E8
ARM GAS  /var/folders/qd/4mxf5pkd0zdf0b9dd1hp39180000gn/T//ccaFmQnf.s 			page 8


 105 0121 78D8603E 		.ascii	"x\330`>(\305\010B\023\232oTc\366\246\212gUC0\211\257"
 105      28C50842 
 105      139A6F54 
 105      63F6A68A 
 105      67554330 
 106 0137 42EBBCA7 		.ascii	"B\353\274\247\273:}why*\264\306\332\221^\303\255ZN\213"
 106      BB3A7D77 
 106      68792AB4 
 106      C6DA915E 
 106      C3AD5A4E 
 107 014c E5A7A6E5 		.ascii	"\345\247\246\345\257u=\005Y\237\027\011\362\015\247"
 107      AF753D05 
 107      599F1709 
 107      F20DA7
 108 015b 7DF18DCE 		.ascii	"}\361\215\316\001o\306\367H\371x\361\361\370\237\320"
 108      016FC6F7 
 108      48F978F1 
 108      F1F89FD0 
 109 016b 0CD2FD1F 		.ascii	"\014\322\375\037\313\036\330N\226=\302\261\030L\332"
 109      CB1ED84E 
 109      963DC2B1 
 109      184CDA
 110 017a 5AEF8AF8 		.ascii	"Z\357\212\370\323\254L$\272\212d\272\353\373f\276[\345"
 110      D3AC4C24 
 110      BA8A64BA 
 110      EBFB66BE 
 110      5BE5
 111 018c EF873729 		.ascii	"\357\2077)\332\376\321\227\226E\257\320\366\033xB\272"
 111      DAFED197 
 111      9645AFD0 
 111      F61B7842 
 111      BA
 112 019d 645A1759 		.ascii	"dZ\027Y\233\234UKW\315S\361`T\0115\026\216\301\244\001"
 112      9B9C554B 
 112      57CD53F1 
 112      60540935 
 112      168EC1A4 
 113 01b2 899AD5B7 		.ascii	"\211\232\325\267\222\211\036\244~\002O\335`\266\326"
 113      92891EA4 
 113      7E024FDD 
 113      60B6D6
 114 01c1 EF67A6B0 		.ascii	"\357g\246\2607\301\270\022\250o\366\231\022\304\227"
 114      37C1B812 
 114      A86FF699 
 114      12C497
 115 01d0 168EA5F9 		.ascii	"\026\216\245\371)\211\211\035~w\216\374\347\212\357"
 115      2989891D 
 115      7E778EFC 
 115      E78AEF
 116 01df 61FEA4E2 		.ascii	"a\376\244\342gV\310\003\201\251\035\374`Nx\037^(<\235"
 116      6756C803 
 116      81A91DFC 
 116      604E781F 
 116      5E283C9D 
 117 01f3 66EE749A 		.ascii	"f\356t\232k:\365`7wF{\325~M\303\304\341\200\372\366"
 117      6B3AF560 
 117      3777467B 
ARM GAS  /var/folders/qd/4mxf5pkd0zdf0b9dd1hp39180000gn/T//ccaFmQnf.s 			page 9


 117      D57E4DC3 
 117      C4E180FA 
 118 0208 6610CCEA 		.ascii	"f\020\314\352b9F3\253t^\346\275$t\206\027\317\2217\247"
 118      62394633 
 118      AB745EE6 
 118      BD247486 
 118      17CF9137 
 119 021d 783AF35E 		.ascii	"x:\363^\355\346\015\345\310\233W<\203y\013j\265\373"
 119      EDE60DE5 
 119      C89B573C 
 119      83790B6A 
 119      B5FB
 120 022f 23533DF9 		.ascii	"#S=\371\356j\003\257w\360\3039\342\027\025\336\307\370"
 120      EE6A03AF 
 120      77F0C339 
 120      E21715DE 
 120      C7F8
 121 0241 259A2EF3 		.ascii	"%\232.\3636P\037M\265Ku\341\321\033\261\330\306\212"
 121      36501F4D 
 121      B54B75E1 
 121      D11BB1D8 
 121      C68A
 122 0253 1EFA6319 		.ascii	"\036\372c\031\266\314o\343\203\202e\204\270\343\303"
 122      B6CC6FE3 
 122      83826584 
 122      B8E3C3
 123 0262 C4F57021 		.ascii	"\304\365p!O\244\200\370o\020\340c\376k\361\232\3416"
 123      4FA480F8 
 123      6F10E063 
 123      FE6BF19A 
 123      E136
 124 0274 195841C0 		.ascii	"\031XA\300\226\205\342\033j\242\277;\324\311T\267k\003"
 124      9685E21B 
 124      6AA2BF3B 
 124      D4C954B7 
 124      6B03
 125 0286 31E83EA4 		.ascii	"1\350>\244\003`\026\027\247\177\025\225\346\2053\345"
 125      03601617 
 125      A77F1595 
 125      E68533E5 
 126 0296 E6C58A4B 		.ascii	"\346\305\212KU\225\346\251\262\322\243G\314\222\222"
 126      5595E6A9 
 126      B2D2A347 
 126      CC9292
 127 02a5 E366D989 		.ascii	"\343f\331\211\322\313A\263\262\352ty\371\271\342\263"
 127      D2CB41B3 
 127      B2EA7479 
 127      F9B9E2B3 
 128 02b5 E22FECCE 		.ascii	"\342/\354\316\332\306"
 128      DAC6
 129              		.text
 130              		.section	.gnu.lto_.symbol_nodes.658f54fa4e3460a3,"",%progbits
 131 0000 789C6363 		.ascii	"x\234cc``(\004b\006\2463\214\365\014\014\023\31610\000"
 131      60602804 
 131      6206A633 
 131      8CF50C0C 
 131      13CE3130 
ARM GAS  /var/folders/qd/4mxf5pkd0zdf0b9dd1hp39180000gn/T//ccaFmQnf.s 			page 10


 132 0015 A95D0D8E 		.ascii	"\251]\015\216@\221\263\214\365\214(\"\214\347\030\353"
 132      4091B38C 
 132      F58C2822 
 132      8CE718EB 
 133 0025 99C0220C 		.ascii	"\231\300\"\014\014\015\015\016@\201\363\214\365\314"
 133      0C0D0D0E 
 133      4081F38C 
 133      F5CC
 134 0033 28021718 		.ascii	"(\002\027\030\353Y\220\005\230\201\260\245\355=+3\003"
 134      EB599005 
 134      9881B0A5 
 134      ED3D2B33 
 134      03
 135 0044 13434BFB 		.ascii	"\023CK\373\033yfF\026\206'@\232\001\000^Q\0346"
 135      1B796646 
 135      16862740 
 135      9A01005E 
 135      511C36
 136              		.text
 137              		.section	.gnu.lto_.refs.658f54fa4e3460a3,"",%progbits
 138 0000 789C6363 		.ascii	"x\234cc```\004b\006\000\000D\000\010"
 138      60606004 
 138      62060000 
 138      440008
 139              		.text
 140              		.section	.gnu.lto_.decls.658f54fa4e3460a3,"",%progbits
 141 0000 789CC558 		.ascii	"x\234\305XkLTI\026\356\272\3254\320<4\255\231\230\215"
 141      6B4C5449 
 141      16EEBAD5 
 141      34D03C34 
 141      AD99988D 
 142 0014 C918E3AE 		.ascii	"\311\030\343\256Lv\241\005';\223\375\261Q\033T\022\231"
 142      4C76A105 
 142      273B93FD 
 142      B1511B54 
 142      1299
 143 0026 310DB3D9 		.ascii	"1\015\263\331\235l\322\303\264=c\3174\335\014\264\263"
 143      9D6CD2C3 
 143      B43D63CF 
 143      34DD0CB4 
 143      B3
 144 0037 9AFDB157 		.ascii	"\232\375\261W@E|\342\373-\312\313\027/\035D\004\345"
 144      40457CE2 
 144      FB2DCACB 
 144      172F1D44 
 144      04E5
 145 0049 A5BC51C4 		.ascii	"\245\274Q\304'*O\001\237\003\210\012(*{\252\3526\367"
 145      272A4F01 
 145      9F03880A 
 145      282A7BAA 
 145      EA36F7
 146 005c F6A599DD 		.ascii	"\366\245\231\335Mv\2637\234\276\367T}\365\325\251s\316"
 146      4D76B337 
 146      9CBEF754 
 146      7DF5D5A9 
 146      73CE
 147 006e AD3A1795 		.ascii	"\255:\027\225B\241\2307M\241(R*\024\213\221B1\012\027"
ARM GAS  /var/folders/qd/4mxf5pkd0zdf0b9dd1hp39180000gn/T//ccaFmQnf.s 			page 11


 147      42A19837 
 147      4DA12852 
 147      2A148B91 
 147      42310A17 
 148 0082 86B63210 		.ascii	"\206\2662\020P\025\027\024\354r\003\271\014R\005R\003"
 148      50151714 
 148      EC7203B9 
 148      0C520552 
 148      03
 149 0093 5207D2A8 		.ascii	"R\007\322\250\030\177m\200A\336p\377\012d6\310T\320"
 149      187F6D80 
 149      41DE70FF 
 149      0A6436C8 
 149      54D0
 150 00a5 A780DC82 		.ascii	"\247\200\334\202g\015\321\005\316_A\333\207 3@.\011"
 150      670DD105 
 150      CE5F41DB 
 150      87203340 
 150      2E09
 151 00b7 73911F1F 		.ascii	"s\221\037\037a\236\231\360<\013\3447 ~ \001 s\020\233"
 151      619E99F0 
 151      3C0BE437 
 151      207E2001 
 151      2073109B 
 152 00cb 3708EE1F 		.ascii	"7\010\356\037\203\374\036\344S\304\354\221_[\004.\207"
 152      83FC1EE4 
 152      53C4EC91 
 152      5F5B042E 
 152      87
 153 00dc 1D7F05FD 		.ascii	"\035\177\005\375K\301\0163\334\277E\242m]\320\366\035"
 153      4BC10E33 
 153      DCBF45A2 
 153      6D5DD0F6 
 153      1D
 154 00ed 62765D05 		.ascii	"bv]\005Q\203,\001\335\0102\031d\004\364\267 \357AFA"
 154      51832C01 
 154      DD083219 
 154      6404F4B7 
 154      20EF4146 
 155 0102 30B4F982 		.ascii	"0\264\371\202\250@8\301'\256|\261\003\243\226\352\343"
 155      A84038C1 
 155      27AE7CB1 
 155      03A396EA 
 155      E3
 156 0113 27F1068C 		.ascii	"'\361\006\214f\253\021\361\354$h\312yV\370\332\2075"
 156      66AB11F1 
 156      EC2468CA 
 156      7956F8DA 
 156      8735
 157 0125 11446943 		.ascii	"\021DiC\313{\025\346\350s\326\335\356L\024p\212g\227"
 157      CB7B15E6 
 157      E873D6DD 
 157      EE4C1470 
 157      8A6797
 158 0138 875981F2 		.ascii	"\207Y\201\362\021vP5m\031Hs\307\177\240\300k\011\271"
 158      11765035 
 158      6D194873 
ARM GAS  /var/folders/qd/4mxf5pkd0zdf0b9dd1hp39180000gn/T//ccaFmQnf.s 			page 12


 158      C77FA0C0 
 158      6B09B9
 159 014b 0708AD46 		.ascii	"\007\010\255F\215\224\240>o\330\367\300\027\324\251"
 159      8D94A03E 
 159      6FD8F7C0 
 159      17D4A9
 160 015a 6A346307 		.ascii	"j4c\007\346\332\232G\356\373\"\265_\"\317\307\361)\361"
 160      E6DA9A47 
 160      EEFB22B5 
 160      5F22CFC7 
 160      F129F1
 161 016d BCE76205 		.ascii	"\274\347b\005*D\323\32194]\201\212\220\037\231\372,"
 161      2A44D3D1 
 161      39345D81 
 161      8A901F99 
 161      FA2C
 162 017f 0A50A09F 		.ascii	"\012P\240\237\240\361\0144f\220\351J\373\366\374q\357"
 162      A0F10C34 
 162      6690E94A 
 162      FBF6FC71 
 162      EF
 163 0190 00CFCF40 		.ascii	"\000\317\317@\347\221\032\025 L1\020\224\331jf\300\361"
 163      E7911A15 
 163      204C3110 
 163      94D96A66 
 163      C0F1
 164 01a2 B4E4A32A 		.ascii	"\264\344\243*\334\214\210\005\\\321\376\356\313\334"
 164      DC8C8805 
 164      5CD1FEEE 
 164      CBDC
 165 01b0 44735C9C 		.ascii	"Ds\\\234p\216\333\3053+\327\360<\207.\300\034\305\342"
 165      708EDBC5 
 165      332BD7F0 
 165      3C872EC0 
 165      1CC5E2
 166 01c3 1C3025B9 		.ascii	"\0340%\271A+Lt\276\354B\211W\033jA\340\\4\231\256\037"
 166      412B4C74 
 166      BEEC4289 
 166      571B6A41 
 166      E05C3499 
 167 01d9 B1FC808B 		.ascii	"\261\374\200\213\3740}\324q!\326\016\255\034\273\011"
 167      FC307DD4 
 167      7121D60E 
 167      AD1CBB09 
 168 01e9 50A23886 		.ascii	"P\2428\206\240\261\026N\340\340\034\274\364O @RV\326"
 168      A0B1164E 
 168      E0E01CBC 
 168      F44F2040 
 168      5256D6
 169 01fc CFA6735C 		.ascii	"\317\246s\\,K\331\203d\034k\342\304\311$C\306\331\252"
 169      2C4BD983 
 169      641C6BE2 
 169      C4C92443 
 169      C6D9AA
 170 020f 18EB1E33 		.ascii	"\030\353\0363J\\$\022\302}\363\331\306l\357v\324\012"
 170      4A5C2412 
 170      C27DF3D9 
ARM GAS  /var/folders/qd/4mxf5pkd0zdf0b9dd1hp39180000gn/T//ccaFmQnf.s 			page 13


 170      C66CEF76 
 170      D40A
 171 0221 BD7F5128 		.ascii	"\275\177Q(\266zD\321\300\377\334\367,\323\027?e\351"
 171      B67A44D1 
 171      C0FFDCF7 
 171      2CD3173F 
 171      65E9
 172 0233 727974A8 		.ascii	"ryt\250t\022\313\002\216$H\177\375A/\226\005\223A=\265"
 172      7412CB02 
 172      8E24487F 
 172      FD412F96 
 172      0593413D 
 173 0248 717487DB 		.ascii	"qt\207\333\264]\304\355[\343\371\311\034\372\352\003"
 173      B45DC4ED 
 173      5BE3F9C9 
 173      1CFAEA03 
 174 0258 5401C128 		.ascii	"T\001\301(\207`(\320%\004/=\262*\331d\353\372^'\253"
 174      876028D0 
 174      25042F3D 
 174      B22AD964 
 174      EBFA5E27 
 175 026d 66A6F029 		.ascii	"f\246\360)\355|\351\303\326\217\263\312\327\362\215"
 175      ED7CE9C3 
 175      D68FB3CA 
 175      D7F28D
 176 027c 306E1EC5 		.ascii	"0n\036\305\24121Ne$\037Q)jG\250\004\265\201m\227\321"
 176      A132314E 
 176      65241F51 
 176      296A47A8 
 176      04B5816D 
 177 0292 4C92801B 		.ascii	"L\222\200\033\373R&\3414L\315\272^{s\330M \273R\350"
 177      FB5226E1 
 177      344CCDBA 
 177      5E7B73D8 
 177      4D20BB52 
 178 02a7 BD8F2F8D 		.ascii	"\275\217/\215\343I\310\011U\245HU)\247\252\242Tm\375"
 178      E349C809 
 178      55A54855 
 178      29A7AAA2 
 178      546DFD
 179 02ba 2FAABC70 		.ascii	"/\252\274p.\243j*.\177\340\003T\355\220:m\303\237\336"
 179      2EA36A2A 
 179      2E7FE003 
 179      54ED903A 
 179      6DC39FDE 
 180 02ce CF7DC427 		.ascii	"\317}\304'\252\231Q\325\"S\265\360\222\240\032\312\260"
 180      AA9951D5 
 180      2253B5F0 
 180      92A01ACA 
 180      B0
 181 02df BEA06213 		.ascii	"\276\240b\023\306?3\206\332\374\027\365H`\250H\304\347"
 181      C63F3386 
 181      DAFC17F5 
 181      4860A848 
 181      C4E7
 182 02f1 6AD6962E 		.ascii	"j\326\226.e\004\265\"A\255\203\240\216\022\354\277\321"
 182      6504B522 
ARM GAS  /var/folders/qd/4mxf5pkd0zdf0b9dd1hp39180000gn/T//ccaFmQnf.s 			page 14


 182      41AD83A0 
 182      8E12ECBF 
 182      D1
 183 0302 99CAE114 		.ascii	"\231\312\341\024%%\250:\226_\206\224\034KN\3420h\253"
 183      2525A83A 
 183      965F8694 
 183      1C4B4EE2 
 183      3068AB
 184 0315 1BCA2C51 		.ascii	"\033\312,Q\216\2655 \332\370\374b\353.nB\177_\245\376"
 184      8EB53520 
 184      DAF8FC62 
 184      EB2E6E42 
 184      7F5FA5FE 
 185 0329 BE820487 		.ascii	"\276\202\004\207\247\235>p\322[0\253n3>TA\315\002\020"
 185      A79D3E70 
 185      D25B30AB 
 185      6E333E54 
 185      41CD0210 
 186 033d AA17CDAA 		.ascii	"\252\027\315\252w\230\325H\315*\350\330Y\342\311\302"
 186      7798D548 
 186      CD2AE8D8 
 186      59E2C9C2 
 187 034d 7D8770EC 		.ascii	"}\207p\354+zY\353\306t\017\322\335{\262\300\207\205"
 187      2B7A59EB 
 187      C6740FD2 
 187      DD7BB2C0 
 187      8785
 188 035f BF9486A1 		.ascii	"\277\224\206\241\347H\2027\353n$z\305\255\252~%na\253"
 188      E7488237 
 188      EB6E247A 
 188      C5ADAA7E 
 188      256E61AB 
 189 0373 DAD39417 		.ascii	"\332\323\224\027\242\206w7\376\337zwa@}\375H\203\033"
 189      A2867737 
 189      FEDF7A77 
 189      61407DFD 
 189      48831B
 190 0386 7EC0466F 		.ascii	"~\300Fo\270\234_)l?\325D\337q\276\242\310\013\367\260"
 190      B89C5F29 
 190      6C3FD544 
 190      DF71BEA2 
 190      C80BF7B0 
 191 039a CE07499D 		.ascii	"\316\007I\235\025*\374\224)\016\2434\202Q\207\357\275"
 191      152AFC94 
 191      290EA334 
 191      825187EF 
 191      BD
 192 03ab 0267F7B1 		.ascii	"\002g\367\261\316\242\202\342Ja\001s$\371\253a\371{"
 192      CEA282E2 
 192      4A610173 
 192      24F9AB61 
 192      F97B
 193 03bd B6A7A652 		.ascii	"\266\247\246R\315\326\303#\320/4\335\237\207_\262\221"
 193      CDD6C323 
 193      D02F34DD 
 193      9F875FB2 
 193      91
ARM GAS  /var/folders/qd/4mxf5pkd0zdf0b9dd1hp39180000gn/T//ccaFmQnf.s 			page 15


 194 03ce E503B999 		.ascii	"\345\003\271\231\302\3320\250\355[+F'\221\345\360l9"
 194      C2DA30A8 
 194      ED5B2B46 
 194      2791E5F0 
 194      6C39
 195 03e0 A4DDB120 		.ascii	"\244\335\261 \005\352${\013\322NG\035l)\257\266\346"
 195      05EA247B 
 195      0BD24E47 
 195      1D6C29AF 
 195      B6E6
 196 03f2 2ED46CA5 		.ascii	".\324l\245q\202\024W\322\030\266\001\272\225\242\037"
 196      71821457 
 196      D218B601 
 196      BA95A21F 
 197 0402 208D630C 		.ascii	" \215c\014\001\257\356Ho\365\225\242o\375\022:;5}\267"
 197      01AFEE48 
 197      6FF595A2 
 197      6FFD123A 
 197      3B357DB7 
 198 0416 1A0F3323 		.ascii	"\032\0173#\367\277hy,\304\313\017\324\214\301\242x\017"
 198      F7BF6879 
 198      2CC4CB0F 
 198      D48CC1A2 
 198      780F
 199 0428 FC96F56D 		.ascii	"\374\226\365m\277x\260\301\035\363nTql\337\032\272}"
 199      BF78B0C1 
 199      1DF36E54 
 199      716CDF1A 
 199      BA7D
 200 043a A3B8DB0B 		.ascii	"\243\270\333\013p\002\353)I\336\326\202p\"Sz\023\272"
 200      7002EB29 
 200      49DED682 
 200      7022537A 
 200      13BA
 201 044c DB05FF4C 		.ascii	"\333\005\377L\003ug\335\323\331x\023\353z_]1\033og\317"
 201      037567DD 
 201      D3D97813 
 201      EB7A5F5D 
 201      311B6F67 
 202 0461 95678F65 		.ascii	"\225g\217e\"\274\227)\003\373*\237\252\361A\246\244"
 202      22BC9729 
 202      03FB2A9F 
 202      AAF141A6 
 202      A4
 203 0472 341D38E7 		.ascii	"4\0358\347\201S\230\2221\274+\303\033\2473\345F\341"
 203      81539892 
 203      31BC2BC3 
 203      1BA733E5 
 203      46E1
 204 0484 CD442F7C 		.ascii	"\315D/|\202)\211yy{\274p6S\342\212\232\223\205=\246"
 204      82298979 
 204      797BBC70 
 204      3653E28A 
 204      9A93853D 
 205 0499 9DE85DE9 		.ascii	"\235\350]\351])\236BTT\240'5\325\017!|\232\201\223\373"
 205      5D299E42 
 205      5454A027 
ARM GAS  /var/folders/qd/4mxf5pkd0zdf0b9dd1hp39180000gn/T//ccaFmQnf.s 			page 16


 205      35D50F21 
 205      7C9A8193 
 206 04ae 07B6AB26 		.ascii	"\007\266\253&\214\303\260#\016sh\030\012\362S\373<\344"
 206      8CC3B023 
 206      0E736818 
 206      0AF253FB 
 206      3CE4
 207 04c0 71B80EE8 		.ascii	"q\270\016\350&\212~M=;\354\360\354\245K\027\336!y\034"
 207      268A7E4D 
 207      3D3BECF0 
 207      ECA54B17 
 207      DE21791C 
 208 04d4 26427F50 		.ascii	"&B\177P\272.e\215\027\232\305\256)\263\034\227\037\371"
 208      BA2E658D 
 208      179AC5AE 
 208      29B31C97 
 208      1FF9
 209 04e6 39CA27C4 		.ascii	"9\312'\304\363\245\243\331\370n\326\346M|J9\242T\017"
 209      F3A5A3D9 
 209      F86ED6E6 
 209      4D7C4A39 
 209      A2540F
 210 04f9 E1B58BE3 		.ascii	"\341\265\213\343\246\210\357A\017\345-$\277\0126\344"
 210      A688EF41 
 210      0FE52D24 
 210      BF0A36E4 
 211 0509 8905B6B2 		.ascii	"\211\005\266\262\004L\341\275r\3703\012\017\024\321"
 211      044CE1BD 
 211      72F8330A 
 211      0F14D1
 212 0518 B512F480 		.ascii	"\265\022\364\200\034\335\344\204^\315\227vF\255\246"
 212      1CDDE484 
 212      5ECD9776 
 212      46ADA6
 213 0527 E82EA481 		.ascii	"\350.\244\201\015\221\241\035Y\006\007\241\334\224&"
 213      0D91A11D 
 213      590607A1 
 213      DC9426
 214 0536 09F973D7 		.ascii	"\011\371s\327\344R\370]\011\274_\016o\225[\376&JD7\313"
 214      E452F85D 
 214      09BC5F0E 
 214      6F955BFE 
 214      264A4437 
 215 054b D17724E4 		.ascii	"\321w$\344\311B4x\330\325\320  ^\321N\202\207\355\003"
 215      C9423478 
 215      D8D5D020 
 215      205ED14E 
 215      8287ED03 
 216 055f 6DE4FCD0 		.ascii	"m\344\374\320Zn\026\212\007y\207f\241Q\020\036\2367"
 216      5A6E168A 
 216      07798766 
 216      A151101E 
 216      9E37
 217 0571 83BC85E7 		.ascii	"\203\274\205\347\004\270'\202\254\003\331\0122\002m"
 217      04B82782 
 217      AC03D90A 
 217      32026D
ARM GAS  /var/folders/qd/4mxf5pkd0zdf0b9dd1hp39180000gn/T//ccaFmQnf.s 			page 17


 218 0580 5BE0FE1E 		.ascii	"[\340\376\036\356Ip_\003\262\032d\023\310z\220\015\334"
 218      EE49705F 
 218      03B21A64 
 218      13C87A90 
 218      0DDC
 219 0592 2CBA1D32 		.ascii	",\272\0352+\313%kz!\267R+\367\300\200\004\375\263\353"
 219      2BCB256B 
 219      7A21B752 
 219      2BF7C080 
 219      04FDB3EB 
 220 05a6 D839C125 		.ascii	"\3309\301%.\270\353\332\005R\207}/\242_\2724E\002.\227"
 220      2EB8EBDA 
 220      0552877D 
 220      2FA25FBA 
 220      3445022E 
 221 05bb 503F9183 		.ascii	"P?\221\203\037\217\263\344\215\304\360\247\256\341\322"
 221      1F8FB3E4 
 221      8DC4F0A7 
 221      AEE1D2
 222 05ca A4B38AE8 		.ascii	"\244\263\212\350\233r\364\215\361\031-\261\345\276\034"
 222      9B72F48D 
 222      F1192DB1 
 222      E5BE1C
 223 05d9 7ECF190E 		.ascii	"~\317\031\016\371\331deI\372\006\222tH\200;^AtM\264"
 223      F9D96465 
 223      49FA0692 
 223      7448803B 
 223      5E41744D 
 224 05ee 85957A83 		.ascii	"\205\225z\203O5\253!5\010J!\234hb\364*{5\251\361|\365"
 224      4F35AB21 
 224      35084A21 
 224      9C6862F4 
 224      2A7B35A9 
 225 0605 1C3AF56D 		.ascii	"\034:\365m\327\226J\326\325)\361B\237\353\004v\312w"
 225      D7964AD6 
 225      D529F142 
 225      9FEB0476 
 225      CA77
 226 0617 C9BABAE5 		.ascii	"\311\272\272\345\360\226qN\223\240\037\271\336\006("
 226      F096714E 
 226      93A01FB9 
 226      DE0628
 227 0626 9A94F3F5 		.ascii	"\232\224\363\365\267\216\371\342't\267\343\362\023\233"
 227      B78EF9E2 
 227      2774B7E3 
 227      F2139B
 228 0635 4F4D427E 		.ascii	"OMB~S\330r[{UP\262\243\35508\231\033;\302\311\342'x"
 228      53D8725B 
 228      7B5550B2 
 228      A3ED3038 
 228      991B3BC2 
 229 064d 51D03678 		.ascii	"Q\3206x?\376\327\357\012\251\246K\216\024(\275\223\306"
 229      3FFED7EF 
 229      0AA9A64B 
 229      8E1428BD 
 229      93C6
 230 065f EA746AA2 		.ascii	"\352tj\242\270+\357\340\274i\215\001wRu\016_x\343\215"
ARM GAS  /var/folders/qd/4mxf5pkd0zdf0b9dd1hp39180000gn/T//ccaFmQnf.s 			page 18


 230      B82BEFE0 
 230      BC698D01 
 230      7752750E 
 230      5F78E38D 
 231 0673 07E90295 		.ascii	"\007\351\002\225\247\342O\364+\221\337t\004`\244\316"
 231      A7E24FF4 
 231      2B91DF74 
 231      0460A4CE 
 232 0683 707C9628 		.ascii	"p|\226(\320^N\215vr\330\361\235\263\217\207-\277\377"
 232      D05E4E8D 
 232      7672D8F1 
 232      9DB38F87 
 232      2DBFFF
 233 0696 1FA4199E 		.ascii	"\037\244\031\236=\350\235~\027\360\251<\236\246@s\351"
 233      3DE89D7E 
 233      17F0A93C 
 233      9EA64073 
 233      E9
 234 06a7 968F76C1 		.ascii	"\226\217v\301\032I\227\002\355\341\246\243\335\334t"
 234      1A499702 
 234      EDE1A6A3 
 234      DDDC74
 235 06b6 76BEF48E 		.ascii	"v\276\364\216(\305}\035Qn\261l\332\307\211\373:Q\310"
 235      28C57D1D 
 235      516EB16C 
 235      DAC789FB 
 235      3A51C8
 236 06c9 09349275 		.ascii	"\0114\222u^8-\311\001TR\237P\3545\341\231s\200\023\316"
 236      5E382DC9 
 236      0154529F 
 236      50EC35E1 
 236      99738013 
 237 06de 9CFD6CBA 		.ascii	"\234\375l\272\227Ik\206\204\312\305\035\324c=\0076{"
 237      97496B86 
 237      84CAC51D 
 237      D4633D07 
 237      367B
 238 06f0 B3D3EC53 		.ascii	"\263\323\354SPOv\356\250Crc\016\201\261\0079Bv\230\032"
 238      504F76EE 
 238      A8437263 
 238      0E81B107 
 238      39427698 
 239 0705 4329A942 		.ascii	"C)\251B\352\231\267#{}\245\316%\225\2458}\212\340\334"
 239      EA99B723 
 239      7B7DA5CE 
 239      2595A538 
 239      7D8AE0DC 
 240 0719 14EADC87 		.ascii	"\024\352\334\207\231\374\220/\036age\316p{\274\032*"
 240      99FC902F 
 240      1E616765 
 240      CE707BBC 
 240      1A2A
 241 072b C052A892 		.ascii	"\300R\250\222\207j\360\311-\033\3400Z\315\317c\024G"
 241      876AF0C9 
 241      2D1BE030 
 241      5ACDCF63 
 241      1447
ARM GAS  /var/folders/qd/4mxf5pkd0zdf0b9dd1hp39180000gn/T//ccaFmQnf.s 			page 19


 242 073d C4143AC2 		.ascii	"\304\024:\302\311\352\344\243\034\251\006\373\007\353"
 242      C9EAE4A3 
 242      1CA906FB 
 242      07EB
 243 074b 9231CE56 		.ascii	"\2221\316VQ\262\236\216\354\034\245@\006UnR\003\255"
 243      51B29E8E 
 243      EC1CA540 
 243      06556E52 
 243      03AD
 244 075d DF5316B3 		.ascii	"\337S\026\263J7U$K\225\223\245Q\262\212\301[Y\356\270"
 244      4A375524 
 244      4B9593A5 
 244      51B28AC1 
 244      5B59EEB8 
 245 0771 84913537 		.ascii	"\204\22157\024\271\011\\\367\206g\215\374\304\363\360"
 245      14B9095C 
 245      F786678D 
 245      FCC4F3F0 
 246 0781 C556AEA4 		.ascii	"\305V\256\244T\351\"U\272\234*\203Re\014\015o\360\305"
 246      54E92255 
 246      BA9C2A83 
 246      52650C0D 
 246      6FF0C5
 247 0794 4D8CEAF9 		.ascii	"M\214\352\371\320iO\201\252\323\306>\004\216\260\017"
 247      D0694F81 
 247      AAD3C63E 
 247      048EB00F 
 248 07a4 814C9128 		.ascii	"\201L\221(SNt\214\022\335\356)_\206\3573\236\023Y\207"
 248      534E748C 
 248      12DDEE29 
 248      5F86EF33 
 248      9E135987 
 249 07b8 72E1BD63 		.ascii	"r\341\275c\312\206\362\212\003*\250\276\321\011\232"
 249      CA86F28A 
 249      032AA8BE 
 249      D1099A
 250 07c7 8213D4E8 		.ascii	"\202\023\324\350\273\257\037=\357"
 250      BBAF1F3D 
 250      EF
 251 07d0 3361399E 		.ascii	"3a9\236\305\221r\374\024'\224\343\373\237\227\354u\030"
 251      C59172FC 
 251      142794E3 
 251      FB9F97EC 
 251      7518
 252 07e2 5AD586AB 		.ascii	"Z\325\206\253\363\272\256\257\346\247&|Dp\350\270\303"
 252      F3BAAEAF 
 252      E6A7267C 
 252      4470E8B8 
 252      C3
 253 07f3 54749253 		.ascii	"Tt\222S\022\315\331\332lj\355\360\253\2622\017\234\356"
 253      12CDD9DA 
 253      6C6AEDF0 
 253      ABB2320F 
 253      9CEE
 254 0805 4E2D2CCE 		.ascii	"N-,\316\277\263\305S\214ma^\3565B\347IW\236#\256<G\316"
 254      BFB3C553 
 254      8C6D615E 
ARM GAS  /var/folders/qd/4mxf5pkd0zdf0b9dd1hp39180000gn/T//ccaFmQnf.s 			page 20


 254      EE3542E7 
 254      49579E23 
 255 081d 954BB98E 		.ascii	"\225K\271\216\336i>\255\302\205\214\253\377\310\323"
 255      DE693EAD 
 255      C2858CAB 
 255      FFC8D3
 256 082c 3E07D7C0 		.ascii	">\007\327\300\337\235|\230'2\345\311\231NS\246\035\351"
 256      DF9D7C98 
 256      2732E5C9 
 256      994E53A6 
 256      1DE9
 257 083e 55EB95F8 		.ascii	"U\353\225\370\012cj?\323w\323[L\222l\347$9#\222\235"
 257      0A636A3F 
 257      D377D35B 
 257      4C926CE7 
 257      24392392 
 258 0853 9193FD44 		.ascii	"\221\223\375D\311j\272\262\312}q\007#\313\356\3349 "
 258      C96ABAB2 
 258      CA7D7107 
 258      23CBEEDC 
 258      3920
 259 0865 66C99CB7 		.ascii	"f\311\234\267NY\222/r\345\313\271\316R\256\366\303\017"
 259      4E59922F 
 259      72E5CBB9 
 259      CE52AEF6 
 259      C30F
 260 0877 B7FBE041 		.ascii	"\267\373\340A\306\265\267\346I\236\343UhZ\345\264\304"
 260      C6B5B7E6 
 260      499EE355 
 260      685AE5B4 
 260      C4
 261 0888 0291A940 		.ascii	"\002\221\251@\316t\2162\215\364f\366\253p\234\007\373"
 261      CE748E32 
 261      8DF466F6 
 261      AB709C07 
 261      FB
 262 0899 5E8CDB9E 		.ascii	"^\214\333\236\246\302\033\231\262\375\345\253\016\025"
 262      A6C21B99 
 262      B2FDE5AB 
 262      0E15
 263 08a7 DEC59486 		.ascii	"\336\305\224\206\365\333`\307:\314\224\347\215\025I"
 263      F5DB60C7 
 263      3ACC94E7 
 263      8D1549
 264 08b6 9E389329 		.ascii	"\2368\223)Ie\315k=q\016S\216<*\334>\011\237eJ\361\275"
 264      4965CD6B 
 264      3D710E53 
 264      8E3C2ADC 
 264      3E099F65 
 265 08cd 7C2D2E11 		.ascii	"|-.\021\306?\314kr\307\325L9^\270\251\303\01572\345"
 265      C63FCC6B 
 265      72C7D54C 
 265      395EB8A9 
 265      C30D3732 
 266 08e2 4141C2A0 		.ascii	"AA\302\240\022\337`\312\245\263\207f\342f\366\334x\276"
 266      12DF60CA 
 266      A5B38766 
ARM GAS  /var/folders/qd/4mxf5pkd0zdf0b9dd1hp39180000gn/T//ccaFmQnf.s 			page 21


 266      E266F6DC 
 266      78BE
 267 08f4 BDDB17B7 		.ascii	"\275\333\027\2671\305\261\323h\330N3\220\232s\030\011"
 267      31C5B1D3 
 267      68D84E33 
 267      909A7318 
 267      09
 268 0905 1F6BE40B 		.ascii	"\037k\344\013fwag\277/\356\244\330\311\327ww\345 $-"
 268      66776167 
 268      BF2FEEA4 
 268      D8C9D777 
 268      77E52024 
 269 091a 5C49E5CA 		.ascii	"\\I\345\312\016\253\241\003n'\363\323 \235\322\246\321"
 269      0EABA103 
 269      6E27F3D3 
 269      209DD2A6 
 269      D1
 270 092b 03AB101C 		.ascii	"\003\253\020\034T\367\213\307\333\233\343X<\337.\310"
 270      54F78BC7 
 270      DB9BE358 
 270      3CDF2EC8 
 271 093b E19212C2 		.ascii	"\341\222\022\302\351\224\252\202]\257\222\356zu\302"
 271      E994AA82 
 271      5DAF92EE 
 271      7A75C2
 272 094a 11750BB6 		.ascii	"\021u\013\266\357+p\264\334\006\271\011r\035\344\016"
 272      EF2B70B4 
 272      DC06B909 
 272      721DE40E 
 273 095a 48234803 		.ascii	"H#H\003\3105\220Z\220z\220\253 7@j@\232\234\313\266"
 273      C835905A 
 273      907A90AB 
 273      2037406A 
 273      409A9CCB 
 274 096f 13126B8A 		.ascii	"\023\022k\212][\343T\242H\255/\221\343\307U\335o\216"
 274      5D5BE354 
 274      A248AD2F 
 274      91E3C755 
 274      DD6F8E
 275 0982 49E097E5 		.ascii	"I\340\227\345py-V+5\246H\216\356\031W\205Hm)\225\303"
 275      70792D56 
 275      2B35A648 
 275      8EEE1957 
 275      85486D29 
 276 0998 C7972103 		.ascii	"\307\227!\003R\374E\327\266K\361\235Rs\252]\007\326"
 276      52FC45D7 
 276      B64BF19D 
 276      5273AA5D 
 276      07D6
 277 09aa E92B40CA 		.ascii	"\351+@\312_.\307\217\377\014h\222\362\237w\275\\)\276"
 277      5F2EC78F 
 277      FF0C6892 
 277      F29F77BD 
 277      5C29BE
 278 09bd 56CA5FE1 		.ascii	"V\312_\341\232_R\360\365\036\303{y~2A\271(\370\216\343"
 278      9A5F52F0 
 278      F51EC37B 
ARM GAS  /var/folders/qd/4mxf5pkd0zdf0b9dd1hp39180000gn/T//ccaFmQnf.s 			page 22


 278      797E3241 
 278      B928F88E 
 279 09d2 E3B047AC 		.ascii	"\343\260G\254WQ\262K.#\343T\302I\347.s\355kGU\366\352"
 279      5751B24B 
 279      2E23E354 
 279      C249E72E 
 279      73ED6B47 
 280 09e9 D4A9162F 		.ascii	"\324\251\026/\274\321\223Ve\267\322\272{=\321\024?\227"
 280      BCD19356 
 280      65B7D2BA 
 280      7B3DD114 
 280      3F97
 281 09fb D98CEE41 		.ascii	"\331\214\356A\022\377\267\022ZX\365\011\034O\312\334"
 281      12FFB712 
 281      5A58F509 
 281      1C4FCADC 
 282 0a0b BBC0DA2C 		.ascii	"\273\300\332,\356Vu\264\360\003\343\326\360\267\273"
 282      EE5675B4 
 282      F003E3D6 
 282      F0B7BB
 283 0a1a 54D20AE1 		.ascii	"T\322\012\341\256S\371u_\250\020\356\323\012\341u\323"
 283      AE53F975 
 283      5FA810EE 
 283      D30AE175 
 283      D3
 284 0a2b E6356E78 		.ascii	"\3465nx\017]\011\252h\311\315\365\300\207\231\362\256"
 284      0F5D09AA 
 284      68C9CDF5 
 284      C08799F2 
 284      AE
 285 0a3c ABA4DD13 		.ascii	"\253\244\335\023gPE\2250\260-\336\235~\336\372Ma\356"
 285      67504595 
 285      30B02DDE 
 285      9D7EDEFA 
 285      4D61EE
 286 0a4f BAD2A739 		.ascii	"\272\322\2479:VO\267\202\031\335\277\224\367\364,\026"
 286      3A564FB7 
 286      8219DDBF 
 286      94F7F42C 
 286      16
 287 0a60 7CDB2607 		.ascii	"|\333&\007\273\310\033\233\363;5\236\333)r\022t\213"
 287      BBC81B9B 
 287      F33B359E 
 287      DB297212 
 287      748B
 288 0a72 6B7249D2 		.ascii	"krI\322\274\357e_\011\335\316I\343\024=\361\337-\335"
 288      BCEF655F 
 288      09DDCE49 
 288      E3143DF1 
 288      DF2DDD
 289 0a85 42E8BA20 		.ascii	"B\350\272 t\355\020\212N\220\007 \035b\271\273\247\353"
 289      74ED108A 
 289      4E900720 
 289      1D62B9BB 
 289      A7EB
 290 0a97 1D7C4067 		.ascii	"\035|@g\261d\310\336S}\302K\236\014c\337\325\217\200"
 290      B164C8DE 
ARM GAS  /var/folders/qd/4mxf5pkd0zdf0b9dd1hp39180000gn/T//ccaFmQnf.s 			page 23


 290      537DC24B 
 290      9E0C63DF 
 290      D58F80
 291 0aaa E55F310A 		.ascii	"\345_1\012A\356S\222\342\376!\200{\304\030w;b\\|pt\215"
 291      41EE5392 
 291      E2FE2180 
 291      7BC41877 
 291      3B625C7C 
 292 0ac1 A734C60F 		.ascii	"\2474\306\017\235b\374X\210\361c\032\343}q\271\235N"
 292      9D62FC58 
 292      88F1631A 
 292      E37D71B9 
 292      9D4E
 293 0ad3 0971D5A9 		.ascii	"\011q\325\251d|\"\200\311=  @\313\376l\261\332\345\221"
 293      647C2280 
 293      C93D2020 
 293      40CBFE6C 
 293      B1DAE591 
 294 0ae7 166DB42D 		.ascii	"\026m\264-\306\036\253\015\217\010\233\033\244]\262"
 294      C61EAB0D 
 294      8F089B1B 
 294      A45DB2
 295 0af6 24581B11 		.ascii	"$X\033\021\032\366c\2406\326n\260X\226\005\030=\026"
 295      1AF663A0 
 295      36D66EB0 
 295      58960518 
 295      3D16
 296 0b08 7DF6C50C 		.ascii	"}\366\305\014]`\240Bm0\2540[\355s\203\014\366mH;?:\332"
 296      5D60A042 
 296      6D30AC30 
 296      5BED7383 
 296      0CF66D48 
 297 0b20 623646DA 		.ascii	"b6F\332\3156k\2546\304h1G\307\232\014&\377\350\025\306"
 297      CD366BAC 
 297      36C46831 
 297      47C79A0C 
 297      26FFE815 
 298 0b35 EF830222 		.ascii	"\357\203\002\"\243\243\265:\233\325n\262\332\307uj#"
 298      A3A3B53A 
 298      9BD56EB2 
 298      DAC7756A 
 298      23
 299 0b46 6C364BAC 		.ascii	"l6K\254\366[\243\321?2&\312\337j\263\232\374M\221_\233"
 299      F65BA3D1 
 299      3F3226CA 
 299      DF6AB39A 
 299      FC4D915F 
 300 0b5b FD3FF10F 		.ascii	"\375?\361\017\232\023\370\211\377\017\037\373GE~g\213"
 300      9A13F889 
 300      FF0F1FFB 
 300      47457E67 
 300      8B
 301 0b6c D13AF56A 		.ascii	"\321:\365j\315V\243e\3052\2236*\322\270\334l5i\015\313"
 301      CD56A365 
 301      C5329336 
 301      2AD2B8DC 
 301      6C35690D 
ARM GAS  /var/folders/qd/4mxf5pkd0zdf0b9dd1hp39180000gn/T//ccaFmQnf.s 			page 24


 302 0b81 4CDF44AE 		.ascii	"L\337D\256\260\330\015\366U\321\246\330\200\345\012"
 302      B0D80DF6 
 302      55D1A6D8 
 302      80E50A
 303 0b90 0F8771EB 		.ascii	"\017\207q\353\376\177\306\305\256\212\325\032b\355\313"
 303      FE7FC6C5 
 303      AE8AD51A 
 303      62EDCB
 304 0b9f C01262D1 		.ascii	"\300\022b\321\237LF\273-f\301\034\355\177\346q\205\027"
 304      9F4C46BB 
 304      2D66C11C 
 304      ED7FE671 
 304      8517
 305 0bb1 7B3298AD 		.ascii	"{2\230\255f\273\306@\300\006s\314\017\006S\264\331b"
 305      66BBC640 
 305      C00673CC 
 305      0F0653B4 
 305      D962
 306 0bc3 FB7685E9 		.ascii	"\373v\205\351#)]\214]`\233\257\017\323\205\255\324\032"
 306      23295D8C 
 306      5D609BAF 
 306      0FD385AD 
 306      D41A
 307 0bd5 971B6D31 		.ascii	"\227\033m1&\303\217\237D\201\005\032\343\362\360U\261"
 307      26C38F9F 
 307      4481051A 
 307      E3F2F055 
 307      B1
 308 0be6 11E62853 		.ascii	"\021\346(S\314\342H\3532\213)&\364C\331`\207\351\306"
 308      CCE248EB 
 308      328B2926 
 308      F443D960 
 308      87E9C6
 309 0bf9 E5603C0C 		.ascii	"\345`<\014\231l\375\321l\014\261F~m11\363\177\353\332"
 309      996CFDD1 
 309      6C0CB146 
 309      7E6D3131 
 309      F37FEBDA 
 310 0c0d 78A32D2A 		.ascii	"x\243-*\312fu\314J\006\301`7\235.L?\227\373\\\257\014"
 310      CA6675CC 
 310      4A06C160 
 310      379D2E4C 
 310      3F97FB5C 
 311 0c23 0E9BAFC7 		.ascii	"\016\233\257\307\301:\275rAp\204\036\353tz\254\007\231"
 311      C13ABD72 
 311      4170841E 
 311      EB747AAC 
 311      0799
 312 0c35 AFD7E3A5 		.ascii	"\257\327\343\245\341:\254\373,B\251\323\205\350)>\210"
 312      E13AACFB 
 312      2C42A9D3 
 312      85E8293E 
 312      88
 313 0c46 FE06E290 		.ascii	"\376\006\342\220Ez.\034F\206\206\350\225\341a\200\326"
 313      457A2E1C 
 313      468686E8 
 313      95E16180 
ARM GAS  /var/folders/qd/4mxf5pkd0zdf0b9dd1hp39180000gn/T//ccaFmQnf.s 			page 25


 313      D6
 314 0c57 E9834002 		.ascii	"\351\203@\002\001\371g}\320\277\353\302(\222\002f\262"
 314      01F9677D 
 314      D0BFEBC2 
 314      28920266 
 314      B2
 315 0c68 78AF31C5 		.ascii	"x\2571\305`W\032\227G\306hl\261\221\026\360\307\022"
 315      60571A97 
 315      47C6686C 
 315      B19116F0 
 315      C712
 316 0c7a 9BF1FB85 		.ascii	"\233\361\373\2051\266\250\320p\375\207rZ\002!n!w\342"
 316      31B6A8D0 
 316      70FD8772 
 316      5A02216E 
 316      2177E2
 317 0c8d 0DEA40C9 		.ascii	"\015\352@\311\000\015\215\206\005\032\014\337@\213\301"
 317      000D8D86 
 317      051A0CDF 
 317      408BC1
 318 0c9c 1C1BE339 		.ascii	"\034\033\3439\326\344c0\304\232\354\206\005\363\303"
 318      D6E46330 
 318      C49AEC86 
 318      05F3C3
 319 0cab 4396EA43 		.ascii	"C\226\352C}\"-\177\213\\\025\013Q\264@\302\376N:\223"
 319      7D222D7F 
 319      8B5C150B 
 319      51B440C2 
 319      FE4E3A93 
 320 0cbf 69A55DAB 		.ascii	"i\245]\253\013\013\017\015\027\335O\202f\214Z\270\302"
 320      0B0B0F0D 
 320      17DD4F82 
 320      668C5AB8 
 320      C2
 321 0cd0 4AFC3885 		.ascii	"J\3748\205L\377\271s\340\246\012\326\177a\265H\314\241"
 321      4CFFB973 
 321      E0A60AD6 
 321      7F61B548 
 321      CCA1
 322 0ce2 F639354D 		.ascii	"\36695M\245\346\254\260:\331\350%i\364\234\277tA\340"
 322      A5E6ACB0 
 322      3AD9E825 
 322      69F49CBF 
 322      7441E0
 323 0cf5 92A5219F 		.ascii	"\222\245!\237\351\311S\020}\362\230\277x\001}p'\235"
 323      E9C95310 
 323      7DF298BF 
 323      78017D70 
 323      279D
 324 0d07 C23D08EE 		.ascii	"\302=\010\356*\350\240\375\320\254\017\217\240\017A"
 324      2AE8A0FD 
 324      D0AC0F8F 
 324      A00F41
 325 0d16 E4C11D3A 		.ascii	"\344\301\035:\310\035\353B\365J\335\302Ez\267P]\270"
 325      C81DEB42 
 325      F54ADDC2 
 325      457AB750 
ARM GAS  /var/folders/qd/4mxf5pkd0zdf0b9dd1hp39180000gn/T//ccaFmQnf.s 			page 26


 325      5DB8
 326 0d28 4ECF91B8 		.ascii	"N\317\221\270\205\353\177\355z\265\341\021,B\226\300"
 326      85EB7FED 
 326      7AB5E111 
 326      2C4296C0 
 327 0d38 952B4984 		.ascii	"\225+I\204\364:\235!\002\336\337`\3237*2\303\302/U\241"
 327      F43A9D21 
 327      02DEDF60 
 327      D3372A32 
 327      C3C22F55 
 328 0d4d C1BACF83 		.ascii	"\301\272\317\203C\210\026\264\360K\337\340\005\213\302"
 328      438816B4 
 328      F04BDFE0 
 328      058BC2
 329 0d5c 745F3830 		.ascii	"t_80\377\004\332\263}H"
 329      FF04DAB3 
 329      7D48
 330              		.text
 331              		.section	.gnu.lto_.symtab.658f54fa4e3460a3,"",%progbits
 332 0000 56656374 		.ascii	"VectorB0\000"
 332      6F724230 
 332      00
 333 0009 00       		.ascii	"\000"
 334 000a 00       		.ascii	"\000"
 335 000b 00       		.ascii	"\000"
 336 000c 00000000 		.ascii	"\000\000\000\000\000\000\000\000"
 336      00000000 
 337 0014 C5000000 		.ascii	"\305\000\000\000"
 338 0018 73745F6C 		.ascii	"st_lld_init\000"
 338      6C645F69 
 338      6E697400 
 339 0024 00       		.ascii	"\000"
 340 0025 00       		.ascii	"\000"
 341 0026 00       		.ascii	"\000"
 342 0027 00000000 		.ascii	"\000\000\000\000\000\000\000\000"
 342      00000000 
 343 002f C7000000 		.ascii	"\307\000\000\000"
 344 0033 5F706F72 		.ascii	"_port_irq_epilogue\000"
 344      745F6972 
 344      715F6570 
 344      696C6F67 
 344      756500
 345 0046 00       		.ascii	"\000"
 346 0047 02       		.ascii	"\002"
 347 0048 00       		.ascii	"\000"
 348 0049 00000000 		.ascii	"\000\000\000\000\000\000\000\000"
 348      00000000 
 349 0051 C9000000 		.ascii	"\311\000\000\000"
 350 0055 63685379 		.ascii	"chSysTimerHandlerI\000"
 350      7354696D 
 350      65724861 
 350      6E646C65 
 350      724900
 351 0068 00       		.ascii	"\000"
 352 0069 02       		.ascii	"\002"
 353 006a 00       		.ascii	"\000"
 354 006b 00000000 		.ascii	"\000\000\000\000\000\000\000\000"
ARM GAS  /var/folders/qd/4mxf5pkd0zdf0b9dd1hp39180000gn/T//ccaFmQnf.s 			page 27


 354      00000000 
 355 0073 CB000000 		.ascii	"\313\000\000\000"
 356 0077 6E766963 		.ascii	"nvicEnableVector\000"
 356      456E6162 
 356      6C655665 
 356      63746F72 
 356      00
 357 0088 00       		.ascii	"\000"
 358 0089 02       		.ascii	"\002"
 359 008a 00       		.ascii	"\000"
 360 008b 00000000 		.ascii	"\000\000\000\000\000\000\000\000"
 360      00000000 
 361 0093 D0000000 		.ascii	"\320\000\000\000"
 362              		.text
 363              		.section	.gnu.lto_.opts,"",%progbits
 364 0000 272D666D 		.ascii	"'-fmath-errno' '-fsigned-zeros' '-ftrapping-math' '"
 364      6174682D 
 364      6572726E 
 364      6F272027 
 364      2D667369 
 365 0033 2D666E6F 		.ascii	"-fno-trapv' '-fno-openmp' '-fno-openacc' '-mcpu=cor"
 365      2D747261 
 365      70762720 
 365      272D666E 
 365      6F2D6F70 
 366 0066 7465782D 		.ascii	"tex-m4' '-mno-thumb-interwork' '-mthumb' '-O2' '-fo"
 366      6D342720 
 366      272D6D6E 
 366      6F2D7468 
 366      756D622D 
 367 0099 6D69742D 		.ascii	"mit-frame-pointer' '-falign-functions=16' '-ffuncti"
 367      6672616D 
 367      652D706F 
 367      696E7465 
 367      72272027 
 368 00cc 6F6E2D73 		.ascii	"on-sections' '-fdata-sections' '-fno-common' '-flto"
 368      65637469 
 368      6F6E7327 
 368      20272D66 
 368      64617461 
 369 00ff 2700     		.ascii	"'\000"
 370              		.text
 371              		.comm	__gnu_lto_v1,1,1
 372              		.comm	__gnu_lto_slim,1,1
 373              		.ident	"GCC: (GNU Tools for Arm Embedded Processors 7-2017-q4-major) 7.2.1 20170904 (release) [ARM
ARM GAS  /var/folders/qd/4mxf5pkd0zdf0b9dd1hp39180000gn/T//ccaFmQnf.s 			page 28


DEFINED SYMBOLS
                            *ABS*:0000000000000000 st_lld.c
                            *COM*:0000000000000001 __gnu_lto_v1
                            *COM*:0000000000000001 __gnu_lto_slim

NO UNDEFINED SYMBOLS
