ARM GAS  /var/folders/qd/4mxf5pkd0zdf0b9dd1hp39180000gn/T//ccjV5QAK.s 			page 1


   1              		.cpu cortex-m4
   2              		.eabi_attribute 27, 1
   3              		.eabi_attribute 28, 1
   4              		.eabi_attribute 20, 1
   5              		.eabi_attribute 21, 1
   6              		.eabi_attribute 23, 3
   7              		.eabi_attribute 24, 1
   8              		.eabi_attribute 25, 1
   9              		.eabi_attribute 26, 1
  10              		.eabi_attribute 30, 2
  11              		.eabi_attribute 34, 1
  12              		.eabi_attribute 18, 4
  13              		.file	"mod_secure_conv.c"
  14              		.text
  15              	.Ltext0:
  16              		.cfi_sections	.debug_frame
  17              		.section	.text.size_t2int,"ax",%progbits
  18              		.align	1
  19              		.p2align 4,,15
  20              		.global	size_t2int
  21              		.syntax unified
  22              		.thumb
  23              		.thumb_func
  24              		.fpu fpv4-sp-d16
  25              		.type	size_t2int, %function
  26              	size_t2int:
  27              	.LFB0:
  28              		.file 1 "./modules/mod_secure_conv.c"
  29              		.loc 1 16 0
  30              		.cfi_startproc
  31              		@ args = 0, pretend = 0, frame = 8
  32              		@ frame_needed = 0, uses_anonymous_args = 0
  33              	.LVL0:
  34 0000 10B5     		push	{r4, lr}
  35              		.cfi_def_cfa_offset 8
  36              		.cfi_offset 4, -8
  37              		.cfi_offset 14, -4
  38 0002 0A4C     		ldr	r4, .L9
  39 0004 82B0     		sub	sp, sp, #8
  40              		.cfi_def_cfa_offset 16
  41              		.loc 1 16 0
  42 0006 2368     		ldr	r3, [r4]
  43 0008 0193     		str	r3, [sp, #4]
  44              		.loc 1 17 0
  45 000a B0F5803F 		cmp	r0, #65536
  46 000e 05D2     		bcs	.L7
  47              	.LVL1:
  48              	.L1:
  49              		.loc 1 22 0
  50 0010 019A     		ldr	r2, [sp, #4]
  51 0012 2368     		ldr	r3, [r4]
  52 0014 9A42     		cmp	r2, r3
  53 0016 07D1     		bne	.L8
  54 0018 02B0     		add	sp, sp, #8
  55              		.cfi_remember_state
  56              		.cfi_def_cfa_offset 8
  57              		@ sp needed
ARM GAS  /var/folders/qd/4mxf5pkd0zdf0b9dd1hp39180000gn/T//ccjV5QAK.s 			page 2


  58 001a 10BD     		pop	{r4, pc}
  59              	.LVL2:
  60              	.L7:
  61              		.cfi_restore_state
  62              		.loc 1 20 0
  63 001c 0220     		movs	r0, #2
  64              	.LVL3:
  65 001e FFF7FEFF 		bl	error
  66              	.LVL4:
  67              		.loc 1 21 0
  68 0022 4FF0FF30 		mov	r0, #-1
  69 0026 F3E7     		b	.L1
  70              	.L8:
  71              		.loc 1 22 0
  72 0028 FFF7FEFF 		bl	__stack_chk_fail
  73              	.LVL5:
  74              	.L10:
  75              		.align	2
  76              	.L9:
  77 002c 00000000 		.word	__stack_chk_guard
  78              		.cfi_endproc
  79              	.LFE0:
  80              		.size	size_t2int, .-size_t2int
  81              		.section	.text.int2size_t,"ax",%progbits
  82              		.align	1
  83              		.p2align 4,,15
  84              		.global	int2size_t
  85              		.syntax unified
  86              		.thumb
  87              		.thumb_func
  88              		.fpu fpv4-sp-d16
  89              		.type	int2size_t, %function
  90              	int2size_t:
  91              	.LFB1:
  92              		.loc 1 24 0
  93              		.cfi_startproc
  94              		@ args = 0, pretend = 0, frame = 8
  95              		@ frame_needed = 0, uses_anonymous_args = 0
  96              	.LVL6:
  97 0000 10B5     		push	{r4, lr}
  98              		.cfi_def_cfa_offset 8
  99              		.cfi_offset 4, -8
 100              		.cfi_offset 14, -4
 101 0002 0A4C     		ldr	r4, .L18
 102 0004 82B0     		sub	sp, sp, #8
 103              		.cfi_def_cfa_offset 16
 104              		.loc 1 24 0
 105 0006 2368     		ldr	r3, [r4]
 106 0008 0193     		str	r3, [sp, #4]
 107              		.loc 1 25 0
 108 000a 0028     		cmp	r0, #0
 109 000c 05DD     		ble	.L16
 110              	.LVL7:
 111              	.L11:
 112              		.loc 1 30 0
 113 000e 019A     		ldr	r2, [sp, #4]
 114 0010 2368     		ldr	r3, [r4]
ARM GAS  /var/folders/qd/4mxf5pkd0zdf0b9dd1hp39180000gn/T//ccjV5QAK.s 			page 3


 115 0012 9A42     		cmp	r2, r3
 116 0014 07D1     		bne	.L17
 117 0016 02B0     		add	sp, sp, #8
 118              		.cfi_remember_state
 119              		.cfi_def_cfa_offset 8
 120              		@ sp needed
 121 0018 10BD     		pop	{r4, pc}
 122              	.LVL8:
 123              	.L16:
 124              		.cfi_restore_state
 125              		.loc 1 28 0
 126 001a 0220     		movs	r0, #2
 127              	.LVL9:
 128 001c FFF7FEFF 		bl	error
 129              	.LVL10:
 130              		.loc 1 29 0
 131 0020 4FF0FF30 		mov	r0, #-1
 132 0024 F3E7     		b	.L11
 133              	.L17:
 134              		.loc 1 30 0
 135 0026 FFF7FEFF 		bl	__stack_chk_fail
 136              	.LVL11:
 137              	.L19:
 138 002a 00BF     		.align	2
 139              	.L18:
 140 002c 00000000 		.word	__stack_chk_guard
 141              		.cfi_endproc
 142              	.LFE1:
 143              		.size	int2size_t, .-int2size_t
 144              		.text
 145              	.Letext0:
 146              		.file 2 "/Applications/Eclipse_e-puck2.app/Contents/Eclipse_e-puck2/Tools/gcc-arm-none-eabi-7-2017
 147              		.file 3 "/Applications/Eclipse_e-puck2.app/Contents/Eclipse_e-puck2/Tools/gcc-arm-none-eabi-7-2017
 148              		.file 4 "/Applications/Eclipse_e-puck2.app/Contents/Eclipse_e-puck2/Tools/gcc-arm-none-eabi-7-2017
 149              		.file 5 "/Applications/Eclipse_e-puck2.app/Contents/Eclipse_e-puck2/Tools/gcc-arm-none-eabi-7-2017
 150              		.file 6 "/Applications/Eclipse_e-puck2.app/Contents/Eclipse_e-puck2/Tools/gcc-arm-none-eabi-7-2017
 151              		.file 7 "modules/headers/mod_errors.h"
 152              		.section	.debug_info,"",%progbits
 153              	.Ldebug_info0:
 154 0000 71090000 		.4byte	0x971
 155 0004 0400     		.2byte	0x4
 156 0006 00000000 		.4byte	.Ldebug_abbrev0
 157 000a 04       		.byte	0x4
 158 000b 01       		.uleb128 0x1
 159 000c E3010000 		.4byte	.LASF130
 160 0010 0C       		.byte	0xc
 161 0011 0E040000 		.4byte	.LASF131
 162 0015 5A060000 		.4byte	.LASF132
 163 0019 00000000 		.4byte	.Ldebug_ranges0+0
 164 001d 00000000 		.4byte	0
 165 0021 00000000 		.4byte	.Ldebug_line0
 166 0025 02       		.uleb128 0x2
 167 0026 41000000 		.4byte	.LASF10
 168 002a 02       		.byte	0x2
 169 002b D8       		.byte	0xd8
 170 002c 30000000 		.4byte	0x30
 171 0030 03       		.uleb128 0x3
ARM GAS  /var/folders/qd/4mxf5pkd0zdf0b9dd1hp39180000gn/T//ccjV5QAK.s 			page 4


 172 0031 04       		.byte	0x4
 173 0032 07       		.byte	0x7
 174 0033 D6010000 		.4byte	.LASF0
 175 0037 04       		.uleb128 0x4
 176 0038 04       		.byte	0x4
 177 0039 05       		.byte	0x5
 178 003a 696E7400 		.ascii	"int\000"
 179 003e 03       		.uleb128 0x3
 180 003f 08       		.byte	0x8
 181 0040 05       		.byte	0x5
 182 0041 D1000000 		.4byte	.LASF1
 183 0045 03       		.uleb128 0x3
 184 0046 08       		.byte	0x8
 185 0047 04       		.byte	0x4
 186 0048 CE030000 		.4byte	.LASF2
 187 004c 03       		.uleb128 0x3
 188 004d 01       		.byte	0x1
 189 004e 06       		.byte	0x6
 190 004f DF000000 		.4byte	.LASF3
 191 0053 03       		.uleb128 0x3
 192 0054 01       		.byte	0x1
 193 0055 08       		.byte	0x8
 194 0056 56040000 		.4byte	.LASF4
 195 005a 03       		.uleb128 0x3
 196 005b 02       		.byte	0x2
 197 005c 05       		.byte	0x5
 198 005d 72040000 		.4byte	.LASF5
 199 0061 03       		.uleb128 0x3
 200 0062 02       		.byte	0x2
 201 0063 07       		.byte	0x7
 202 0064 5D030000 		.4byte	.LASF6
 203 0068 03       		.uleb128 0x3
 204 0069 04       		.byte	0x4
 205 006a 05       		.byte	0x5
 206 006b 24010000 		.4byte	.LASF7
 207 006f 03       		.uleb128 0x3
 208 0070 04       		.byte	0x4
 209 0071 07       		.byte	0x7
 210 0072 3E030000 		.4byte	.LASF8
 211 0076 03       		.uleb128 0x3
 212 0077 08       		.byte	0x8
 213 0078 07       		.byte	0x7
 214 0079 8E000000 		.4byte	.LASF9
 215 007d 02       		.uleb128 0x2
 216 007e A0030000 		.4byte	.LASF11
 217 0082 03       		.byte	0x3
 218 0083 22       		.byte	0x22
 219 0084 88000000 		.4byte	0x88
 220 0088 05       		.uleb128 0x5
 221 0089 04       		.byte	0x4
 222 008a 8E000000 		.4byte	0x8e
 223 008e 06       		.uleb128 0x6
 224 008f 31050000 		.4byte	.LASF118
 225 0093 02       		.uleb128 0x2
 226 0094 07040000 		.4byte	.LASF12
 227 0098 04       		.byte	0x4
 228 0099 2C       		.byte	0x2c
ARM GAS  /var/folders/qd/4mxf5pkd0zdf0b9dd1hp39180000gn/T//ccjV5QAK.s 			page 5


 229 009a 68000000 		.4byte	0x68
 230 009e 02       		.uleb128 0x2
 231 009f 52050000 		.4byte	.LASF13
 232 00a3 04       		.byte	0x4
 233 00a4 72       		.byte	0x72
 234 00a5 68000000 		.4byte	0x68
 235 00a9 07       		.uleb128 0x7
 236 00aa A8030000 		.4byte	.LASF14
 237 00ae 02       		.byte	0x2
 238 00af 6501     		.2byte	0x165
 239 00b1 30000000 		.4byte	0x30
 240 00b5 08       		.uleb128 0x8
 241 00b6 04       		.byte	0x4
 242 00b7 04       		.byte	0x4
 243 00b8 A6       		.byte	0xa6
 244 00b9 D4000000 		.4byte	0xd4
 245 00bd 09       		.uleb128 0x9
 246 00be 9A030000 		.4byte	.LASF15
 247 00c2 04       		.byte	0x4
 248 00c3 A8       		.byte	0xa8
 249 00c4 A9000000 		.4byte	0xa9
 250 00c8 09       		.uleb128 0x9
 251 00c9 27030000 		.4byte	.LASF16
 252 00cd 04       		.byte	0x4
 253 00ce A9       		.byte	0xa9
 254 00cf D4000000 		.4byte	0xd4
 255 00d3 00       		.byte	0
 256 00d4 0A       		.uleb128 0xa
 257 00d5 53000000 		.4byte	0x53
 258 00d9 E4000000 		.4byte	0xe4
 259 00dd 0B       		.uleb128 0xb
 260 00de 30000000 		.4byte	0x30
 261 00e2 03       		.byte	0x3
 262 00e3 00       		.byte	0
 263 00e4 0C       		.uleb128 0xc
 264 00e5 08       		.byte	0x8
 265 00e6 04       		.byte	0x4
 266 00e7 A3       		.byte	0xa3
 267 00e8 05010000 		.4byte	0x105
 268 00ec 0D       		.uleb128 0xd
 269 00ed 29050000 		.4byte	.LASF17
 270 00f1 04       		.byte	0x4
 271 00f2 A5       		.byte	0xa5
 272 00f3 37000000 		.4byte	0x37
 273 00f7 00       		.byte	0
 274 00f8 0D       		.uleb128 0xd
 275 00f9 38050000 		.4byte	.LASF18
 276 00fd 04       		.byte	0x4
 277 00fe AA       		.byte	0xaa
 278 00ff B5000000 		.4byte	0xb5
 279 0103 04       		.byte	0x4
 280 0104 00       		.byte	0
 281 0105 02       		.uleb128 0x2
 282 0106 9A040000 		.4byte	.LASF19
 283 010a 04       		.byte	0x4
 284 010b AB       		.byte	0xab
 285 010c E4000000 		.4byte	0xe4
ARM GAS  /var/folders/qd/4mxf5pkd0zdf0b9dd1hp39180000gn/T//ccjV5QAK.s 			page 6


 286 0110 02       		.uleb128 0x2
 287 0111 8E010000 		.4byte	.LASF20
 288 0115 04       		.byte	0x4
 289 0116 AF       		.byte	0xaf
 290 0117 7D000000 		.4byte	0x7d
 291 011b 0E       		.uleb128 0xe
 292 011c 04       		.byte	0x4
 293 011d 05       		.uleb128 0x5
 294 011e 04       		.byte	0x4
 295 011f 23010000 		.4byte	0x123
 296 0123 03       		.uleb128 0x3
 297 0124 01       		.byte	0x1
 298 0125 08       		.byte	0x8
 299 0126 61050000 		.4byte	.LASF21
 300 012a 0F       		.uleb128 0xf
 301 012b 23010000 		.4byte	0x123
 302 012f 02       		.uleb128 0x2
 303 0130 B9050000 		.4byte	.LASF22
 304 0134 05       		.byte	0x5
 305 0135 16       		.byte	0x16
 306 0136 6F000000 		.4byte	0x6f
 307 013a 10       		.uleb128 0x10
 308 013b 9F010000 		.4byte	.LASF27
 309 013f 18       		.byte	0x18
 310 0140 05       		.byte	0x5
 311 0141 2F       		.byte	0x2f
 312 0142 8D010000 		.4byte	0x18d
 313 0146 0D       		.uleb128 0xd
 314 0147 98050000 		.4byte	.LASF23
 315 014b 05       		.byte	0x5
 316 014c 31       		.byte	0x31
 317 014d 8D010000 		.4byte	0x18d
 318 0151 00       		.byte	0
 319 0152 11       		.uleb128 0x11
 320 0153 5F6B00   		.ascii	"_k\000"
 321 0156 05       		.byte	0x5
 322 0157 32       		.byte	0x32
 323 0158 37000000 		.4byte	0x37
 324 015c 04       		.byte	0x4
 325 015d 0D       		.uleb128 0xd
 326 015e 14050000 		.4byte	.LASF24
 327 0162 05       		.byte	0x5
 328 0163 32       		.byte	0x32
 329 0164 37000000 		.4byte	0x37
 330 0168 08       		.byte	0x8
 331 0169 0D       		.uleb128 0xd
 332 016a 88010000 		.4byte	.LASF25
 333 016e 05       		.byte	0x5
 334 016f 32       		.byte	0x32
 335 0170 37000000 		.4byte	0x37
 336 0174 0C       		.byte	0xc
 337 0175 0D       		.uleb128 0xd
 338 0176 E1050000 		.4byte	.LASF26
 339 017a 05       		.byte	0x5
 340 017b 32       		.byte	0x32
 341 017c 37000000 		.4byte	0x37
 342 0180 10       		.byte	0x10
ARM GAS  /var/folders/qd/4mxf5pkd0zdf0b9dd1hp39180000gn/T//ccjV5QAK.s 			page 7


 343 0181 11       		.uleb128 0x11
 344 0182 5F7800   		.ascii	"_x\000"
 345 0185 05       		.byte	0x5
 346 0186 33       		.byte	0x33
 347 0187 93010000 		.4byte	0x193
 348 018b 14       		.byte	0x14
 349 018c 00       		.byte	0
 350 018d 05       		.uleb128 0x5
 351 018e 04       		.byte	0x4
 352 018f 3A010000 		.4byte	0x13a
 353 0193 0A       		.uleb128 0xa
 354 0194 2F010000 		.4byte	0x12f
 355 0198 A3010000 		.4byte	0x1a3
 356 019c 0B       		.uleb128 0xb
 357 019d 30000000 		.4byte	0x30
 358 01a1 00       		.byte	0
 359 01a2 00       		.byte	0
 360 01a3 10       		.uleb128 0x10
 361 01a4 D1010000 		.4byte	.LASF28
 362 01a8 24       		.byte	0x24
 363 01a9 05       		.byte	0x5
 364 01aa 37       		.byte	0x37
 365 01ab 1C020000 		.4byte	0x21c
 366 01af 0D       		.uleb128 0xd
 367 01b0 C8000000 		.4byte	.LASF29
 368 01b4 05       		.byte	0x5
 369 01b5 39       		.byte	0x39
 370 01b6 37000000 		.4byte	0x37
 371 01ba 00       		.byte	0
 372 01bb 0D       		.uleb128 0xd
 373 01bc 66050000 		.4byte	.LASF30
 374 01c0 05       		.byte	0x5
 375 01c1 3A       		.byte	0x3a
 376 01c2 37000000 		.4byte	0x37
 377 01c6 04       		.byte	0x4
 378 01c7 0D       		.uleb128 0xd
 379 01c8 F7000000 		.4byte	.LASF31
 380 01cc 05       		.byte	0x5
 381 01cd 3B       		.byte	0x3b
 382 01ce 37000000 		.4byte	0x37
 383 01d2 08       		.byte	0x8
 384 01d3 0D       		.uleb128 0xd
 385 01d4 BB060000 		.4byte	.LASF32
 386 01d8 05       		.byte	0x5
 387 01d9 3C       		.byte	0x3c
 388 01da 37000000 		.4byte	0x37
 389 01de 0C       		.byte	0xc
 390 01df 0D       		.uleb128 0xd
 391 01e0 E1030000 		.4byte	.LASF33
 392 01e4 05       		.byte	0x5
 393 01e5 3D       		.byte	0x3d
 394 01e6 37000000 		.4byte	0x37
 395 01ea 10       		.byte	0x10
 396 01eb 0D       		.uleb128 0xd
 397 01ec C4030000 		.4byte	.LASF34
 398 01f0 05       		.byte	0x5
 399 01f1 3E       		.byte	0x3e
ARM GAS  /var/folders/qd/4mxf5pkd0zdf0b9dd1hp39180000gn/T//ccjV5QAK.s 			page 8


 400 01f2 37000000 		.4byte	0x37
 401 01f6 14       		.byte	0x14
 402 01f7 0D       		.uleb128 0xd
 403 01f8 E6050000 		.4byte	.LASF35
 404 01fc 05       		.byte	0x5
 405 01fd 3F       		.byte	0x3f
 406 01fe 37000000 		.4byte	0x37
 407 0202 18       		.byte	0x18
 408 0203 0D       		.uleb128 0xd
 409 0204 7C040000 		.4byte	.LASF36
 410 0208 05       		.byte	0x5
 411 0209 40       		.byte	0x40
 412 020a 37000000 		.4byte	0x37
 413 020e 1C       		.byte	0x1c
 414 020f 0D       		.uleb128 0xd
 415 0210 21060000 		.4byte	.LASF37
 416 0214 05       		.byte	0x5
 417 0215 41       		.byte	0x41
 418 0216 37000000 		.4byte	0x37
 419 021a 20       		.byte	0x20
 420 021b 00       		.byte	0
 421 021c 12       		.uleb128 0x12
 422 021d 06010000 		.4byte	.LASF38
 423 0221 0801     		.2byte	0x108
 424 0223 05       		.byte	0x5
 425 0224 4A       		.byte	0x4a
 426 0225 5C020000 		.4byte	0x25c
 427 0229 0D       		.uleb128 0xd
 428 022a 7B010000 		.4byte	.LASF39
 429 022e 05       		.byte	0x5
 430 022f 4B       		.byte	0x4b
 431 0230 5C020000 		.4byte	0x25c
 432 0234 00       		.byte	0
 433 0235 0D       		.uleb128 0xd
 434 0236 00000000 		.4byte	.LASF40
 435 023a 05       		.byte	0x5
 436 023b 4C       		.byte	0x4c
 437 023c 5C020000 		.4byte	0x25c
 438 0240 80       		.byte	0x80
 439 0241 13       		.uleb128 0x13
 440 0242 AB050000 		.4byte	.LASF41
 441 0246 05       		.byte	0x5
 442 0247 4E       		.byte	0x4e
 443 0248 2F010000 		.4byte	0x12f
 444 024c 0001     		.2byte	0x100
 445 024e 13       		.uleb128 0x13
 446 024f 34010000 		.4byte	.LASF42
 447 0253 05       		.byte	0x5
 448 0254 51       		.byte	0x51
 449 0255 2F010000 		.4byte	0x12f
 450 0259 0401     		.2byte	0x104
 451 025b 00       		.byte	0
 452 025c 0A       		.uleb128 0xa
 453 025d 1B010000 		.4byte	0x11b
 454 0261 6C020000 		.4byte	0x26c
 455 0265 0B       		.uleb128 0xb
 456 0266 30000000 		.4byte	0x30
ARM GAS  /var/folders/qd/4mxf5pkd0zdf0b9dd1hp39180000gn/T//ccjV5QAK.s 			page 9


 457 026a 1F       		.byte	0x1f
 458 026b 00       		.byte	0
 459 026c 12       		.uleb128 0x12
 460 026d EA030000 		.4byte	.LASF43
 461 0271 9001     		.2byte	0x190
 462 0273 05       		.byte	0x5
 463 0274 5D       		.byte	0x5d
 464 0275 AA020000 		.4byte	0x2aa
 465 0279 0D       		.uleb128 0xd
 466 027a 98050000 		.4byte	.LASF23
 467 027e 05       		.byte	0x5
 468 027f 5E       		.byte	0x5e
 469 0280 AA020000 		.4byte	0x2aa
 470 0284 00       		.byte	0
 471 0285 0D       		.uleb128 0xd
 472 0286 D3040000 		.4byte	.LASF44
 473 028a 05       		.byte	0x5
 474 028b 5F       		.byte	0x5f
 475 028c 37000000 		.4byte	0x37
 476 0290 04       		.byte	0x4
 477 0291 0D       		.uleb128 0xd
 478 0292 83010000 		.4byte	.LASF45
 479 0296 05       		.byte	0x5
 480 0297 61       		.byte	0x61
 481 0298 B0020000 		.4byte	0x2b0
 482 029c 08       		.byte	0x8
 483 029d 0D       		.uleb128 0xd
 484 029e 06010000 		.4byte	.LASF38
 485 02a2 05       		.byte	0x5
 486 02a3 62       		.byte	0x62
 487 02a4 1C020000 		.4byte	0x21c
 488 02a8 88       		.byte	0x88
 489 02a9 00       		.byte	0
 490 02aa 05       		.uleb128 0x5
 491 02ab 04       		.byte	0x4
 492 02ac 6C020000 		.4byte	0x26c
 493 02b0 0A       		.uleb128 0xa
 494 02b1 C0020000 		.4byte	0x2c0
 495 02b5 C0020000 		.4byte	0x2c0
 496 02b9 0B       		.uleb128 0xb
 497 02ba 30000000 		.4byte	0x30
 498 02be 1F       		.byte	0x1f
 499 02bf 00       		.byte	0
 500 02c0 05       		.uleb128 0x5
 501 02c1 04       		.byte	0x4
 502 02c2 C6020000 		.4byte	0x2c6
 503 02c6 14       		.uleb128 0x14
 504 02c7 10       		.uleb128 0x10
 505 02c8 86040000 		.4byte	.LASF46
 506 02cc 08       		.byte	0x8
 507 02cd 05       		.byte	0x5
 508 02ce 75       		.byte	0x75
 509 02cf EC020000 		.4byte	0x2ec
 510 02d3 0D       		.uleb128 0xd
 511 02d4 F1000000 		.4byte	.LASF47
 512 02d8 05       		.byte	0x5
 513 02d9 76       		.byte	0x76
ARM GAS  /var/folders/qd/4mxf5pkd0zdf0b9dd1hp39180000gn/T//ccjV5QAK.s 			page 10


 514 02da EC020000 		.4byte	0x2ec
 515 02de 00       		.byte	0
 516 02df 0D       		.uleb128 0xd
 517 02e0 25000000 		.4byte	.LASF48
 518 02e4 05       		.byte	0x5
 519 02e5 77       		.byte	0x77
 520 02e6 37000000 		.4byte	0x37
 521 02ea 04       		.byte	0x4
 522 02eb 00       		.byte	0
 523 02ec 05       		.uleb128 0x5
 524 02ed 04       		.byte	0x4
 525 02ee 53000000 		.4byte	0x53
 526 02f2 10       		.uleb128 0x10
 527 02f3 A5040000 		.4byte	.LASF49
 528 02f7 68       		.byte	0x68
 529 02f8 05       		.byte	0x5
 530 02f9 B5       		.byte	0xb5
 531 02fa 1C040000 		.4byte	0x41c
 532 02fe 11       		.uleb128 0x11
 533 02ff 5F7000   		.ascii	"_p\000"
 534 0302 05       		.byte	0x5
 535 0303 B6       		.byte	0xb6
 536 0304 EC020000 		.4byte	0x2ec
 537 0308 00       		.byte	0
 538 0309 11       		.uleb128 0x11
 539 030a 5F7200   		.ascii	"_r\000"
 540 030d 05       		.byte	0x5
 541 030e B7       		.byte	0xb7
 542 030f 37000000 		.4byte	0x37
 543 0313 04       		.byte	0x4
 544 0314 11       		.uleb128 0x11
 545 0315 5F7700   		.ascii	"_w\000"
 546 0318 05       		.byte	0x5
 547 0319 B8       		.byte	0xb8
 548 031a 37000000 		.4byte	0x37
 549 031e 08       		.byte	0x8
 550 031f 0D       		.uleb128 0xd
 551 0320 2D010000 		.4byte	.LASF50
 552 0324 05       		.byte	0x5
 553 0325 B9       		.byte	0xb9
 554 0326 5A000000 		.4byte	0x5a
 555 032a 0C       		.byte	0xc
 556 032b 0D       		.uleb128 0xd
 557 032c 50030000 		.4byte	.LASF51
 558 0330 05       		.byte	0x5
 559 0331 BA       		.byte	0xba
 560 0332 5A000000 		.4byte	0x5a
 561 0336 0E       		.byte	0xe
 562 0337 11       		.uleb128 0x11
 563 0338 5F626600 		.ascii	"_bf\000"
 564 033c 05       		.byte	0x5
 565 033d BB       		.byte	0xbb
 566 033e C7020000 		.4byte	0x2c7
 567 0342 10       		.byte	0x10
 568 0343 0D       		.uleb128 0xd
 569 0344 A5000000 		.4byte	.LASF52
 570 0348 05       		.byte	0x5
ARM GAS  /var/folders/qd/4mxf5pkd0zdf0b9dd1hp39180000gn/T//ccjV5QAK.s 			page 11


 571 0349 BC       		.byte	0xbc
 572 034a 37000000 		.4byte	0x37
 573 034e 18       		.byte	0x18
 574 034f 0D       		.uleb128 0xd
 575 0350 14010000 		.4byte	.LASF53
 576 0354 05       		.byte	0x5
 577 0355 C3       		.byte	0xc3
 578 0356 1B010000 		.4byte	0x11b
 579 035a 1C       		.byte	0x1c
 580 035b 0D       		.uleb128 0xd
 581 035c C1010000 		.4byte	.LASF54
 582 0360 05       		.byte	0x5
 583 0361 C5       		.byte	0xc5
 584 0362 77050000 		.4byte	0x577
 585 0366 20       		.byte	0x20
 586 0367 0D       		.uleb128 0xd
 587 0368 BD030000 		.4byte	.LASF55
 588 036c 05       		.byte	0x5
 589 036d C7       		.byte	0xc7
 590 036e A1050000 		.4byte	0x5a1
 591 0372 24       		.byte	0x24
 592 0373 0D       		.uleb128 0xd
 593 0374 40050000 		.4byte	.LASF56
 594 0378 05       		.byte	0x5
 595 0379 CA       		.byte	0xca
 596 037a C5050000 		.4byte	0x5c5
 597 037e 28       		.byte	0x28
 598 037f 0D       		.uleb128 0xd
 599 0380 3B060000 		.4byte	.LASF57
 600 0384 05       		.byte	0x5
 601 0385 CB       		.byte	0xcb
 602 0386 DF050000 		.4byte	0x5df
 603 038a 2C       		.byte	0x2c
 604 038b 11       		.uleb128 0x11
 605 038c 5F756200 		.ascii	"_ub\000"
 606 0390 05       		.byte	0x5
 607 0391 CE       		.byte	0xce
 608 0392 C7020000 		.4byte	0x2c7
 609 0396 30       		.byte	0x30
 610 0397 11       		.uleb128 0x11
 611 0398 5F757000 		.ascii	"_up\000"
 612 039c 05       		.byte	0x5
 613 039d CF       		.byte	0xcf
 614 039e EC020000 		.4byte	0x2ec
 615 03a2 38       		.byte	0x38
 616 03a3 11       		.uleb128 0x11
 617 03a4 5F757200 		.ascii	"_ur\000"
 618 03a8 05       		.byte	0x5
 619 03a9 D0       		.byte	0xd0
 620 03aa 37000000 		.4byte	0x37
 621 03ae 3C       		.byte	0x3c
 622 03af 0D       		.uleb128 0xd
 623 03b0 EB000000 		.4byte	.LASF58
 624 03b4 05       		.byte	0x5
 625 03b5 D3       		.byte	0xd3
 626 03b6 E5050000 		.4byte	0x5e5
 627 03ba 40       		.byte	0x40
ARM GAS  /var/folders/qd/4mxf5pkd0zdf0b9dd1hp39180000gn/T//ccjV5QAK.s 			page 12


 628 03bb 0D       		.uleb128 0xd
 629 03bc 13060000 		.4byte	.LASF59
 630 03c0 05       		.byte	0x5
 631 03c1 D4       		.byte	0xd4
 632 03c2 F5050000 		.4byte	0x5f5
 633 03c6 43       		.byte	0x43
 634 03c7 11       		.uleb128 0x11
 635 03c8 5F6C6200 		.ascii	"_lb\000"
 636 03cc 05       		.byte	0x5
 637 03cd D7       		.byte	0xd7
 638 03ce C7020000 		.4byte	0x2c7
 639 03d2 44       		.byte	0x44
 640 03d3 0D       		.uleb128 0xd
 641 03d4 43010000 		.4byte	.LASF60
 642 03d8 05       		.byte	0x5
 643 03d9 DA       		.byte	0xda
 644 03da 37000000 		.4byte	0x37
 645 03de 4C       		.byte	0x4c
 646 03df 0D       		.uleb128 0xd
 647 03e0 54010000 		.4byte	.LASF61
 648 03e4 05       		.byte	0x5
 649 03e5 DB       		.byte	0xdb
 650 03e6 93000000 		.4byte	0x93
 651 03ea 50       		.byte	0x50
 652 03eb 0D       		.uleb128 0xd
 653 03ec 68000000 		.4byte	.LASF62
 654 03f0 05       		.byte	0x5
 655 03f1 DE       		.byte	0xde
 656 03f2 3A040000 		.4byte	0x43a
 657 03f6 54       		.byte	0x54
 658 03f7 0D       		.uleb128 0xd
 659 03f8 AF030000 		.4byte	.LASF63
 660 03fc 05       		.byte	0x5
 661 03fd E2       		.byte	0xe2
 662 03fe 10010000 		.4byte	0x110
 663 0402 58       		.byte	0x58
 664 0403 0D       		.uleb128 0xd
 665 0404 AD040000 		.4byte	.LASF64
 666 0408 05       		.byte	0x5
 667 0409 E4       		.byte	0xe4
 668 040a 05010000 		.4byte	0x105
 669 040e 5C       		.byte	0x5c
 670 040f 0D       		.uleb128 0xd
 671 0410 B5030000 		.4byte	.LASF65
 672 0414 05       		.byte	0x5
 673 0415 E5       		.byte	0xe5
 674 0416 37000000 		.4byte	0x37
 675 041a 64       		.byte	0x64
 676 041b 00       		.byte	0
 677 041c 15       		.uleb128 0x15
 678 041d 37000000 		.4byte	0x37
 679 0421 3A040000 		.4byte	0x43a
 680 0425 16       		.uleb128 0x16
 681 0426 3A040000 		.4byte	0x43a
 682 042a 16       		.uleb128 0x16
 683 042b 1B010000 		.4byte	0x11b
 684 042f 16       		.uleb128 0x16
ARM GAS  /var/folders/qd/4mxf5pkd0zdf0b9dd1hp39180000gn/T//ccjV5QAK.s 			page 13


 685 0430 1D010000 		.4byte	0x11d
 686 0434 16       		.uleb128 0x16
 687 0435 37000000 		.4byte	0x37
 688 0439 00       		.byte	0
 689 043a 05       		.uleb128 0x5
 690 043b 04       		.byte	0x4
 691 043c 45040000 		.4byte	0x445
 692 0440 0F       		.uleb128 0xf
 693 0441 3A040000 		.4byte	0x43a
 694 0445 17       		.uleb128 0x17
 695 0446 1C050000 		.4byte	.LASF66
 696 044a 2804     		.2byte	0x428
 697 044c 05       		.byte	0x5
 698 044d 3902     		.2byte	0x239
 699 044f 77050000 		.4byte	0x577
 700 0453 18       		.uleb128 0x18
 701 0454 5A050000 		.4byte	.LASF67
 702 0458 05       		.byte	0x5
 703 0459 3B02     		.2byte	0x23b
 704 045b 37000000 		.4byte	0x37
 705 045f 00       		.byte	0
 706 0460 18       		.uleb128 0x18
 707 0461 3C010000 		.4byte	.LASF68
 708 0465 05       		.byte	0x5
 709 0466 4002     		.2byte	0x240
 710 0468 4C060000 		.4byte	0x64c
 711 046c 04       		.byte	0x4
 712 046d 18       		.uleb128 0x18
 713 046e 2E030000 		.4byte	.LASF69
 714 0472 05       		.byte	0x5
 715 0473 4002     		.2byte	0x240
 716 0475 4C060000 		.4byte	0x64c
 717 0479 08       		.byte	0x8
 718 047a 18       		.uleb128 0x18
 719 047b 97010000 		.4byte	.LASF70
 720 047f 05       		.byte	0x5
 721 0480 4002     		.2byte	0x240
 722 0482 4C060000 		.4byte	0x64c
 723 0486 0C       		.byte	0xc
 724 0487 18       		.uleb128 0x18
 725 0488 CE040000 		.4byte	.LASF71
 726 048c 05       		.byte	0x5
 727 048d 4202     		.2byte	0x242
 728 048f 37000000 		.4byte	0x37
 729 0493 10       		.byte	0x10
 730 0494 18       		.uleb128 0x18
 731 0495 50000000 		.4byte	.LASF72
 732 0499 05       		.byte	0x5
 733 049a 4302     		.2byte	0x243
 734 049c 2E080000 		.4byte	0x82e
 735 04a0 14       		.byte	0x14
 736 04a1 18       		.uleb128 0x18
 737 04a2 EA040000 		.4byte	.LASF73
 738 04a6 05       		.byte	0x5
 739 04a7 4602     		.2byte	0x246
 740 04a9 37000000 		.4byte	0x37
 741 04ad 30       		.byte	0x30
ARM GAS  /var/folders/qd/4mxf5pkd0zdf0b9dd1hp39180000gn/T//ccjV5QAK.s 			page 14


 742 04ae 18       		.uleb128 0x18
 743 04af D8040000 		.4byte	.LASF74
 744 04b3 05       		.byte	0x5
 745 04b4 4702     		.2byte	0x247
 746 04b6 43080000 		.4byte	0x843
 747 04ba 34       		.byte	0x34
 748 04bb 18       		.uleb128 0x18
 749 04bc FC030000 		.4byte	.LASF75
 750 04c0 05       		.byte	0x5
 751 04c1 4902     		.2byte	0x249
 752 04c3 37000000 		.4byte	0x37
 753 04c7 38       		.byte	0x38
 754 04c8 18       		.uleb128 0x18
 755 04c9 E0040000 		.4byte	.LASF76
 756 04cd 05       		.byte	0x5
 757 04ce 4B02     		.2byte	0x24b
 758 04d0 54080000 		.4byte	0x854
 759 04d4 3C       		.byte	0x3c
 760 04d5 18       		.uleb128 0x18
 761 04d6 92030000 		.4byte	.LASF77
 762 04da 05       		.byte	0x5
 763 04db 4E02     		.2byte	0x24e
 764 04dd 8D010000 		.4byte	0x18d
 765 04e1 40       		.byte	0x40
 766 04e2 18       		.uleb128 0x18
 767 04e3 C7010000 		.4byte	.LASF78
 768 04e7 05       		.byte	0x5
 769 04e8 4F02     		.2byte	0x24f
 770 04ea 37000000 		.4byte	0x37
 771 04ee 44       		.byte	0x44
 772 04ef 18       		.uleb128 0x18
 773 04f0 55060000 		.4byte	.LASF79
 774 04f4 05       		.byte	0x5
 775 04f5 5002     		.2byte	0x250
 776 04f7 8D010000 		.4byte	0x18d
 777 04fb 48       		.byte	0x48
 778 04fc 18       		.uleb128 0x18
 779 04fd 2A040000 		.4byte	.LASF80
 780 0501 05       		.byte	0x5
 781 0502 5102     		.2byte	0x251
 782 0504 5A080000 		.4byte	0x85a
 783 0508 4C       		.byte	0x4c
 784 0509 18       		.uleb128 0x18
 785 050a 36030000 		.4byte	.LASF81
 786 050e 05       		.byte	0x5
 787 050f 5402     		.2byte	0x254
 788 0511 37000000 		.4byte	0x37
 789 0515 50       		.byte	0x50
 790 0516 18       		.uleb128 0x18
 791 0517 4C010000 		.4byte	.LASF82
 792 051b 05       		.byte	0x5
 793 051c 5502     		.2byte	0x255
 794 051e 1D010000 		.4byte	0x11d
 795 0522 54       		.byte	0x54
 796 0523 18       		.uleb128 0x18
 797 0524 64040000 		.4byte	.LASF83
 798 0528 05       		.byte	0x5
ARM GAS  /var/folders/qd/4mxf5pkd0zdf0b9dd1hp39180000gn/T//ccjV5QAK.s 			page 15


 799 0529 7802     		.2byte	0x278
 800 052b 0C080000 		.4byte	0x80c
 801 052f 58       		.byte	0x58
 802 0530 19       		.uleb128 0x19
 803 0531 EA030000 		.4byte	.LASF43
 804 0535 05       		.byte	0x5
 805 0536 7C02     		.2byte	0x27c
 806 0538 AA020000 		.4byte	0x2aa
 807 053c 4801     		.2byte	0x148
 808 053e 19       		.uleb128 0x19
 809 053f 70030000 		.4byte	.LASF84
 810 0543 05       		.byte	0x5
 811 0544 7D02     		.2byte	0x27d
 812 0546 6C020000 		.4byte	0x26c
 813 054a 4C01     		.2byte	0x14c
 814 054c 19       		.uleb128 0x19
 815 054d 09060000 		.4byte	.LASF85
 816 0551 05       		.byte	0x5
 817 0552 8102     		.2byte	0x281
 818 0554 6B080000 		.4byte	0x86b
 819 0558 DC02     		.2byte	0x2dc
 820 055a 19       		.uleb128 0x19
 821 055b 1C010000 		.4byte	.LASF86
 822 055f 05       		.byte	0x5
 823 0560 8602     		.2byte	0x286
 824 0562 11060000 		.4byte	0x611
 825 0566 E002     		.2byte	0x2e0
 826 0568 19       		.uleb128 0x19
 827 0569 01010000 		.4byte	.LASF87
 828 056d 05       		.byte	0x5
 829 056e 8802     		.2byte	0x288
 830 0570 77080000 		.4byte	0x877
 831 0574 EC02     		.2byte	0x2ec
 832 0576 00       		.byte	0
 833 0577 05       		.uleb128 0x5
 834 0578 04       		.byte	0x4
 835 0579 1C040000 		.4byte	0x41c
 836 057d 15       		.uleb128 0x15
 837 057e 37000000 		.4byte	0x37
 838 0582 9B050000 		.4byte	0x59b
 839 0586 16       		.uleb128 0x16
 840 0587 3A040000 		.4byte	0x43a
 841 058b 16       		.uleb128 0x16
 842 058c 1B010000 		.4byte	0x11b
 843 0590 16       		.uleb128 0x16
 844 0591 9B050000 		.4byte	0x59b
 845 0595 16       		.uleb128 0x16
 846 0596 37000000 		.4byte	0x37
 847 059a 00       		.byte	0
 848 059b 05       		.uleb128 0x5
 849 059c 04       		.byte	0x4
 850 059d 2A010000 		.4byte	0x12a
 851 05a1 05       		.uleb128 0x5
 852 05a2 04       		.byte	0x4
 853 05a3 7D050000 		.4byte	0x57d
 854 05a7 15       		.uleb128 0x15
 855 05a8 9E000000 		.4byte	0x9e
ARM GAS  /var/folders/qd/4mxf5pkd0zdf0b9dd1hp39180000gn/T//ccjV5QAK.s 			page 16


 856 05ac C5050000 		.4byte	0x5c5
 857 05b0 16       		.uleb128 0x16
 858 05b1 3A040000 		.4byte	0x43a
 859 05b5 16       		.uleb128 0x16
 860 05b6 1B010000 		.4byte	0x11b
 861 05ba 16       		.uleb128 0x16
 862 05bb 9E000000 		.4byte	0x9e
 863 05bf 16       		.uleb128 0x16
 864 05c0 37000000 		.4byte	0x37
 865 05c4 00       		.byte	0
 866 05c5 05       		.uleb128 0x5
 867 05c6 04       		.byte	0x4
 868 05c7 A7050000 		.4byte	0x5a7
 869 05cb 15       		.uleb128 0x15
 870 05cc 37000000 		.4byte	0x37
 871 05d0 DF050000 		.4byte	0x5df
 872 05d4 16       		.uleb128 0x16
 873 05d5 3A040000 		.4byte	0x43a
 874 05d9 16       		.uleb128 0x16
 875 05da 1B010000 		.4byte	0x11b
 876 05de 00       		.byte	0
 877 05df 05       		.uleb128 0x5
 878 05e0 04       		.byte	0x4
 879 05e1 CB050000 		.4byte	0x5cb
 880 05e5 0A       		.uleb128 0xa
 881 05e6 53000000 		.4byte	0x53
 882 05ea F5050000 		.4byte	0x5f5
 883 05ee 0B       		.uleb128 0xb
 884 05ef 30000000 		.4byte	0x30
 885 05f3 02       		.byte	0x2
 886 05f4 00       		.byte	0
 887 05f5 0A       		.uleb128 0xa
 888 05f6 53000000 		.4byte	0x53
 889 05fa 05060000 		.4byte	0x605
 890 05fe 0B       		.uleb128 0xb
 891 05ff 30000000 		.4byte	0x30
 892 0603 00       		.byte	0
 893 0604 00       		.byte	0
 894 0605 07       		.uleb128 0x7
 895 0606 93040000 		.4byte	.LASF88
 896 060a 05       		.byte	0x5
 897 060b 1F01     		.2byte	0x11f
 898 060d F2020000 		.4byte	0x2f2
 899 0611 1A       		.uleb128 0x1a
 900 0612 F0050000 		.4byte	.LASF89
 901 0616 0C       		.byte	0xc
 902 0617 05       		.byte	0x5
 903 0618 2301     		.2byte	0x123
 904 061a 46060000 		.4byte	0x646
 905 061e 18       		.uleb128 0x18
 906 061f 98050000 		.4byte	.LASF23
 907 0623 05       		.byte	0x5
 908 0624 2501     		.2byte	0x125
 909 0626 46060000 		.4byte	0x646
 910 062a 00       		.byte	0
 911 062b 18       		.uleb128 0x18
 912 062c 56030000 		.4byte	.LASF90
ARM GAS  /var/folders/qd/4mxf5pkd0zdf0b9dd1hp39180000gn/T//ccjV5QAK.s 			page 17


 913 0630 05       		.byte	0x5
 914 0631 2601     		.2byte	0x126
 915 0633 37000000 		.4byte	0x37
 916 0637 04       		.byte	0x4
 917 0638 18       		.uleb128 0x18
 918 0639 8D040000 		.4byte	.LASF91
 919 063d 05       		.byte	0x5
 920 063e 2701     		.2byte	0x127
 921 0640 4C060000 		.4byte	0x64c
 922 0644 08       		.byte	0x8
 923 0645 00       		.byte	0
 924 0646 05       		.uleb128 0x5
 925 0647 04       		.byte	0x4
 926 0648 11060000 		.4byte	0x611
 927 064c 05       		.uleb128 0x5
 928 064d 04       		.byte	0x4
 929 064e 05060000 		.4byte	0x605
 930 0652 1A       		.uleb128 0x1a
 931 0653 48000000 		.4byte	.LASF92
 932 0657 0E       		.byte	0xe
 933 0658 05       		.byte	0x5
 934 0659 3F01     		.2byte	0x13f
 935 065b 87060000 		.4byte	0x687
 936 065f 18       		.uleb128 0x18
 937 0660 23050000 		.4byte	.LASF93
 938 0664 05       		.byte	0x5
 939 0665 4001     		.2byte	0x140
 940 0667 87060000 		.4byte	0x687
 941 066b 00       		.byte	0
 942 066c 18       		.uleb128 0x18
 943 066d 85050000 		.4byte	.LASF94
 944 0671 05       		.byte	0x5
 945 0672 4101     		.2byte	0x141
 946 0674 87060000 		.4byte	0x687
 947 0678 06       		.byte	0x6
 948 0679 18       		.uleb128 0x18
 949 067a B4050000 		.4byte	.LASF95
 950 067e 05       		.byte	0x5
 951 067f 4201     		.2byte	0x142
 952 0681 61000000 		.4byte	0x61
 953 0685 0C       		.byte	0xc
 954 0686 00       		.byte	0
 955 0687 0A       		.uleb128 0xa
 956 0688 61000000 		.4byte	0x61
 957 068c 97060000 		.4byte	0x697
 958 0690 0B       		.uleb128 0xb
 959 0691 30000000 		.4byte	0x30
 960 0695 02       		.byte	0x2
 961 0696 00       		.byte	0
 962 0697 1B       		.uleb128 0x1b
 963 0698 D0       		.byte	0xd0
 964 0699 05       		.byte	0x5
 965 069a 5902     		.2byte	0x259
 966 069c 98070000 		.4byte	0x798
 967 06a0 18       		.uleb128 0x18
 968 06a1 D4050000 		.4byte	.LASF96
 969 06a5 05       		.byte	0x5
ARM GAS  /var/folders/qd/4mxf5pkd0zdf0b9dd1hp39180000gn/T//ccjV5QAK.s 			page 18


 970 06a6 5B02     		.2byte	0x25b
 971 06a8 30000000 		.4byte	0x30
 972 06ac 00       		.byte	0
 973 06ad 18       		.uleb128 0x18
 974 06ae 9E050000 		.4byte	.LASF97
 975 06b2 05       		.byte	0x5
 976 06b3 5C02     		.2byte	0x25c
 977 06b5 1D010000 		.4byte	0x11d
 978 06b9 04       		.byte	0x4
 979 06ba 18       		.uleb128 0x18
 980 06bb 85030000 		.4byte	.LASF98
 981 06bf 05       		.byte	0x5
 982 06c0 5D02     		.2byte	0x25d
 983 06c2 98070000 		.4byte	0x798
 984 06c6 08       		.byte	0x8
 985 06c7 18       		.uleb128 0x18
 986 06c8 2C060000 		.4byte	.LASF99
 987 06cc 05       		.byte	0x5
 988 06cd 5E02     		.2byte	0x25e
 989 06cf A3010000 		.4byte	0x1a3
 990 06d3 24       		.byte	0x24
 991 06d4 18       		.uleb128 0x18
 992 06d5 A7010000 		.4byte	.LASF100
 993 06d9 05       		.byte	0x5
 994 06da 5F02     		.2byte	0x25f
 995 06dc 37000000 		.4byte	0x37
 996 06e0 48       		.byte	0x48
 997 06e1 18       		.uleb128 0x18
 998 06e2 B6040000 		.4byte	.LASF101
 999 06e6 05       		.byte	0x5
 1000 06e7 6002     		.2byte	0x260
 1001 06e9 76000000 		.4byte	0x76
 1002 06ed 50       		.byte	0x50
 1003 06ee 18       		.uleb128 0x18
 1004 06ef 42060000 		.4byte	.LASF102
 1005 06f3 05       		.byte	0x5
 1006 06f4 6102     		.2byte	0x261
 1007 06f6 52060000 		.4byte	0x652
 1008 06fa 58       		.byte	0x58
 1009 06fb 18       		.uleb128 0x18
 1010 06fc C1040000 		.4byte	.LASF103
 1011 0700 05       		.byte	0x5
 1012 0701 6202     		.2byte	0x262
 1013 0703 05010000 		.4byte	0x105
 1014 0707 68       		.byte	0x68
 1015 0708 18       		.uleb128 0x18
 1016 0709 47060000 		.4byte	.LASF104
 1017 070d 05       		.byte	0x5
 1018 070e 6302     		.2byte	0x263
 1019 0710 05010000 		.4byte	0x105
 1020 0714 70       		.byte	0x70
 1021 0715 18       		.uleb128 0x18
 1022 0716 48040000 		.4byte	.LASF105
 1023 071a 05       		.byte	0x5
 1024 071b 6402     		.2byte	0x264
 1025 071d 05010000 		.4byte	0x105
 1026 0721 78       		.byte	0x78
ARM GAS  /var/folders/qd/4mxf5pkd0zdf0b9dd1hp39180000gn/T//ccjV5QAK.s 			page 19


 1027 0722 18       		.uleb128 0x18
 1028 0723 FF050000 		.4byte	.LASF106
 1029 0727 05       		.byte	0x5
 1030 0728 6502     		.2byte	0x265
 1031 072a A8070000 		.4byte	0x7a8
 1032 072e 80       		.byte	0x80
 1033 072f 18       		.uleb128 0x18
 1034 0730 79030000 		.4byte	.LASF107
 1035 0734 05       		.byte	0x5
 1036 0735 6602     		.2byte	0x266
 1037 0737 B8070000 		.4byte	0x7b8
 1038 073b 88       		.byte	0x88
 1039 073c 18       		.uleb128 0x18
 1040 073d 5B000000 		.4byte	.LASF108
 1041 0741 05       		.byte	0x5
 1042 0742 6702     		.2byte	0x267
 1043 0744 37000000 		.4byte	0x37
 1044 0748 A0       		.byte	0xa0
 1045 0749 18       		.uleb128 0x18
 1046 074a 6D010000 		.4byte	.LASF109
 1047 074e 05       		.byte	0x5
 1048 074f 6802     		.2byte	0x268
 1049 0751 05010000 		.4byte	0x105
 1050 0755 A4       		.byte	0xa4
 1051 0756 18       		.uleb128 0x18
 1052 0757 B9000000 		.4byte	.LASF110
 1053 075b 05       		.byte	0x5
 1054 075c 6902     		.2byte	0x269
 1055 075e 05010000 		.4byte	0x105
 1056 0762 AC       		.byte	0xac
 1057 0763 18       		.uleb128 0x18
 1058 0764 5C010000 		.4byte	.LASF111
 1059 0768 05       		.byte	0x5
 1060 0769 6A02     		.2byte	0x26a
 1061 076b 05010000 		.4byte	0x105
 1062 076f B4       		.byte	0xb4
 1063 0770 18       		.uleb128 0x18
 1064 0771 6E000000 		.4byte	.LASF112
 1065 0775 05       		.byte	0x5
 1066 0776 6B02     		.2byte	0x26b
 1067 0778 05010000 		.4byte	0x105
 1068 077c BC       		.byte	0xbc
 1069 077d 18       		.uleb128 0x18
 1070 077e 7D000000 		.4byte	.LASF113
 1071 0782 05       		.byte	0x5
 1072 0783 6C02     		.2byte	0x26c
 1073 0785 05010000 		.4byte	0x105
 1074 0789 C4       		.byte	0xc4
 1075 078a 18       		.uleb128 0x18
 1076 078b 69040000 		.4byte	.LASF114
 1077 078f 05       		.byte	0x5
 1078 0790 6D02     		.2byte	0x26d
 1079 0792 37000000 		.4byte	0x37
 1080 0796 CC       		.byte	0xcc
 1081 0797 00       		.byte	0
 1082 0798 0A       		.uleb128 0xa
 1083 0799 23010000 		.4byte	0x123
ARM GAS  /var/folders/qd/4mxf5pkd0zdf0b9dd1hp39180000gn/T//ccjV5QAK.s 			page 20


 1084 079d A8070000 		.4byte	0x7a8
 1085 07a1 0B       		.uleb128 0xb
 1086 07a2 30000000 		.4byte	0x30
 1087 07a6 19       		.byte	0x19
 1088 07a7 00       		.byte	0
 1089 07a8 0A       		.uleb128 0xa
 1090 07a9 23010000 		.4byte	0x123
 1091 07ad B8070000 		.4byte	0x7b8
 1092 07b1 0B       		.uleb128 0xb
 1093 07b2 30000000 		.4byte	0x30
 1094 07b6 07       		.byte	0x7
 1095 07b7 00       		.byte	0
 1096 07b8 0A       		.uleb128 0xa
 1097 07b9 23010000 		.4byte	0x123
 1098 07bd C8070000 		.4byte	0x7c8
 1099 07c1 0B       		.uleb128 0xb
 1100 07c2 30000000 		.4byte	0x30
 1101 07c6 17       		.byte	0x17
 1102 07c7 00       		.byte	0
 1103 07c8 1B       		.uleb128 0x1b
 1104 07c9 F0       		.byte	0xf0
 1105 07ca 05       		.byte	0x5
 1106 07cb 7202     		.2byte	0x272
 1107 07cd EC070000 		.4byte	0x7ec
 1108 07d1 18       		.uleb128 0x18
 1109 07d2 DA030000 		.4byte	.LASF115
 1110 07d6 05       		.byte	0x5
 1111 07d7 7502     		.2byte	0x275
 1112 07d9 EC070000 		.4byte	0x7ec
 1113 07dd 00       		.byte	0
 1114 07de 18       		.uleb128 0x18
 1115 07df F6050000 		.4byte	.LASF116
 1116 07e3 05       		.byte	0x5
 1117 07e4 7602     		.2byte	0x276
 1118 07e6 FC070000 		.4byte	0x7fc
 1119 07ea 78       		.byte	0x78
 1120 07eb 00       		.byte	0
 1121 07ec 0A       		.uleb128 0xa
 1122 07ed EC020000 		.4byte	0x2ec
 1123 07f1 FC070000 		.4byte	0x7fc
 1124 07f5 0B       		.uleb128 0xb
 1125 07f6 30000000 		.4byte	0x30
 1126 07fa 1D       		.byte	0x1d
 1127 07fb 00       		.byte	0
 1128 07fc 0A       		.uleb128 0xa
 1129 07fd 30000000 		.4byte	0x30
 1130 0801 0C080000 		.4byte	0x80c
 1131 0805 0B       		.uleb128 0xb
 1132 0806 30000000 		.4byte	0x30
 1133 080a 1D       		.byte	0x1d
 1134 080b 00       		.byte	0
 1135 080c 1C       		.uleb128 0x1c
 1136 080d F0       		.byte	0xf0
 1137 080e 05       		.byte	0x5
 1138 080f 5702     		.2byte	0x257
 1139 0811 2E080000 		.4byte	0x82e
 1140 0815 1D       		.uleb128 0x1d
ARM GAS  /var/folders/qd/4mxf5pkd0zdf0b9dd1hp39180000gn/T//ccjV5QAK.s 			page 21


 1141 0816 1C050000 		.4byte	.LASF66
 1142 081a 05       		.byte	0x5
 1143 081b 6E02     		.2byte	0x26e
 1144 081d 97060000 		.4byte	0x697
 1145 0821 1D       		.uleb128 0x1d
 1146 0822 19060000 		.4byte	.LASF117
 1147 0826 05       		.byte	0x5
 1148 0827 7702     		.2byte	0x277
 1149 0829 C8070000 		.4byte	0x7c8
 1150 082d 00       		.byte	0
 1151 082e 0A       		.uleb128 0xa
 1152 082f 23010000 		.4byte	0x123
 1153 0833 3E080000 		.4byte	0x83e
 1154 0837 0B       		.uleb128 0xb
 1155 0838 30000000 		.4byte	0x30
 1156 083c 18       		.byte	0x18
 1157 083d 00       		.byte	0
 1158 083e 06       		.uleb128 0x6
 1159 083f AE000000 		.4byte	.LASF119
 1160 0843 05       		.uleb128 0x5
 1161 0844 04       		.byte	0x4
 1162 0845 3E080000 		.4byte	0x83e
 1163 0849 1E       		.uleb128 0x1e
 1164 084a 54080000 		.4byte	0x854
 1165 084e 16       		.uleb128 0x16
 1166 084f 3A040000 		.4byte	0x43a
 1167 0853 00       		.byte	0
 1168 0854 05       		.uleb128 0x5
 1169 0855 04       		.byte	0x4
 1170 0856 49080000 		.4byte	0x849
 1171 085a 05       		.uleb128 0x5
 1172 085b 04       		.byte	0x4
 1173 085c 8D010000 		.4byte	0x18d
 1174 0860 1E       		.uleb128 0x1e
 1175 0861 6B080000 		.4byte	0x86b
 1176 0865 16       		.uleb128 0x16
 1177 0866 37000000 		.4byte	0x37
 1178 086a 00       		.byte	0
 1179 086b 05       		.uleb128 0x5
 1180 086c 04       		.byte	0x4
 1181 086d 71080000 		.4byte	0x871
 1182 0871 05       		.uleb128 0x5
 1183 0872 04       		.byte	0x4
 1184 0873 60080000 		.4byte	0x860
 1185 0877 0A       		.uleb128 0xa
 1186 0878 05060000 		.4byte	0x605
 1187 087c 87080000 		.4byte	0x887
 1188 0880 0B       		.uleb128 0xb
 1189 0881 30000000 		.4byte	0x30
 1190 0885 02       		.byte	0x2
 1191 0886 00       		.byte	0
 1192 0887 1F       		.uleb128 0x1f
 1193 0888 46050000 		.4byte	.LASF120
 1194 088c 05       		.byte	0x5
 1195 088d 0703     		.2byte	0x307
 1196 088f 3A040000 		.4byte	0x43a
 1197 0893 1F       		.uleb128 0x1f
ARM GAS  /var/folders/qd/4mxf5pkd0zdf0b9dd1hp39180000gn/T//ccjV5QAK.s 			page 22


 1198 0894 C1050000 		.4byte	.LASF121
 1199 0898 05       		.byte	0x5
 1200 0899 0803     		.2byte	0x308
 1201 089b 40040000 		.4byte	0x440
 1202 089f 20       		.uleb128 0x20
 1203 08a0 F2030000 		.4byte	.LASF122
 1204 08a4 06       		.byte	0x6
 1205 08a5 63       		.byte	0x63
 1206 08a6 1D010000 		.4byte	0x11d
 1207 08aa 21       		.uleb128 0x21
 1208 08ab 07       		.byte	0x7
 1209 08ac 01       		.byte	0x1
 1210 08ad 53000000 		.4byte	0x53
 1211 08b1 07       		.byte	0x7
 1212 08b2 0E       		.byte	0xe
 1213 08b3 D6080000 		.4byte	0x8d6
 1214 08b7 22       		.uleb128 0x22
 1215 08b8 8B050000 		.4byte	.LASF123
 1216 08bc 01       		.byte	0x1
 1217 08bd 22       		.uleb128 0x22
 1218 08be 3A040000 		.4byte	.LASF124
 1219 08c2 02       		.byte	0x2
 1220 08c3 22       		.uleb128 0x22
 1221 08c4 2B000000 		.4byte	.LASF125
 1222 08c8 03       		.byte	0x3
 1223 08c9 22       		.uleb128 0x22
 1224 08ca 0C000000 		.4byte	.LASF126
 1225 08ce 04       		.byte	0x4
 1226 08cf 22       		.uleb128 0x22
 1227 08d0 7A050000 		.4byte	.LASF127
 1228 08d4 05       		.byte	0x5
 1229 08d5 00       		.byte	0
 1230 08d6 23       		.uleb128 0x23
 1231 08d7 B6010000 		.4byte	.LASF128
 1232 08db 01       		.byte	0x1
 1233 08dc 18       		.byte	0x18
 1234 08dd 25000000 		.4byte	0x25
 1235 08e1 00000000 		.4byte	.LFB1
 1236 08e5 30000000 		.4byte	.LFE1-.LFB1
 1237 08e9 01       		.uleb128 0x1
 1238 08ea 9C       		.byte	0x9c
 1239 08eb 1B090000 		.4byte	0x91b
 1240 08ef 24       		.uleb128 0x24
 1241 08f0 76616C00 		.ascii	"val\000"
 1242 08f4 01       		.byte	0x1
 1243 08f5 18       		.byte	0x18
 1244 08f6 37000000 		.4byte	0x37
 1245 08fa 00000000 		.4byte	.LLST1
 1246 08fe 25       		.uleb128 0x25
 1247 08ff 20000000 		.4byte	.LVL10
 1248 0903 60090000 		.4byte	0x960
 1249 0907 11090000 		.4byte	0x911
 1250 090b 26       		.uleb128 0x26
 1251 090c 01       		.uleb128 0x1
 1252 090d 50       		.byte	0x50
 1253 090e 01       		.uleb128 0x1
 1254 090f 32       		.byte	0x32
ARM GAS  /var/folders/qd/4mxf5pkd0zdf0b9dd1hp39180000gn/T//ccjV5QAK.s 			page 23


 1255 0910 00       		.byte	0
 1256 0911 27       		.uleb128 0x27
 1257 0912 2A000000 		.4byte	.LVL11
 1258 0916 6B090000 		.4byte	0x96b
 1259 091a 00       		.byte	0
 1260 091b 23       		.uleb128 0x23
 1261 091c 6F050000 		.4byte	.LASF129
 1262 0920 01       		.byte	0x1
 1263 0921 10       		.byte	0x10
 1264 0922 37000000 		.4byte	0x37
 1265 0926 00000000 		.4byte	.LFB0
 1266 092a 30000000 		.4byte	.LFE0-.LFB0
 1267 092e 01       		.uleb128 0x1
 1268 092f 9C       		.byte	0x9c
 1269 0930 60090000 		.4byte	0x960
 1270 0934 24       		.uleb128 0x24
 1271 0935 76616C00 		.ascii	"val\000"
 1272 0939 01       		.byte	0x1
 1273 093a 10       		.byte	0x10
 1274 093b 25000000 		.4byte	0x25
 1275 093f 3A000000 		.4byte	.LLST0
 1276 0943 25       		.uleb128 0x25
 1277 0944 22000000 		.4byte	.LVL4
 1278 0948 60090000 		.4byte	0x960
 1279 094c 56090000 		.4byte	0x956
 1280 0950 26       		.uleb128 0x26
 1281 0951 01       		.uleb128 0x1
 1282 0952 50       		.byte	0x50
 1283 0953 01       		.uleb128 0x1
 1284 0954 32       		.byte	0x32
 1285 0955 00       		.byte	0
 1286 0956 27       		.uleb128 0x27
 1287 0957 2C000000 		.4byte	.LVL5
 1288 095b 6B090000 		.4byte	0x96b
 1289 095f 00       		.byte	0
 1290 0960 28       		.uleb128 0x28
 1291 0961 34040000 		.4byte	.LASF133
 1292 0965 34040000 		.4byte	.LASF133
 1293 0969 07       		.byte	0x7
 1294 096a 16       		.byte	0x16
 1295 096b 29       		.uleb128 0x29
 1296 096c 03050000 		.4byte	.LASF134
 1297 0970 03050000 		.4byte	.LASF134
 1298 0974 00       		.byte	0
 1299              		.section	.debug_abbrev,"",%progbits
 1300              	.Ldebug_abbrev0:
 1301 0000 01       		.uleb128 0x1
 1302 0001 11       		.uleb128 0x11
 1303 0002 01       		.byte	0x1
 1304 0003 25       		.uleb128 0x25
 1305 0004 0E       		.uleb128 0xe
 1306 0005 13       		.uleb128 0x13
 1307 0006 0B       		.uleb128 0xb
 1308 0007 03       		.uleb128 0x3
 1309 0008 0E       		.uleb128 0xe
 1310 0009 1B       		.uleb128 0x1b
 1311 000a 0E       		.uleb128 0xe
ARM GAS  /var/folders/qd/4mxf5pkd0zdf0b9dd1hp39180000gn/T//ccjV5QAK.s 			page 24


 1312 000b 55       		.uleb128 0x55
 1313 000c 17       		.uleb128 0x17
 1314 000d 11       		.uleb128 0x11
 1315 000e 01       		.uleb128 0x1
 1316 000f 10       		.uleb128 0x10
 1317 0010 17       		.uleb128 0x17
 1318 0011 00       		.byte	0
 1319 0012 00       		.byte	0
 1320 0013 02       		.uleb128 0x2
 1321 0014 16       		.uleb128 0x16
 1322 0015 00       		.byte	0
 1323 0016 03       		.uleb128 0x3
 1324 0017 0E       		.uleb128 0xe
 1325 0018 3A       		.uleb128 0x3a
 1326 0019 0B       		.uleb128 0xb
 1327 001a 3B       		.uleb128 0x3b
 1328 001b 0B       		.uleb128 0xb
 1329 001c 49       		.uleb128 0x49
 1330 001d 13       		.uleb128 0x13
 1331 001e 00       		.byte	0
 1332 001f 00       		.byte	0
 1333 0020 03       		.uleb128 0x3
 1334 0021 24       		.uleb128 0x24
 1335 0022 00       		.byte	0
 1336 0023 0B       		.uleb128 0xb
 1337 0024 0B       		.uleb128 0xb
 1338 0025 3E       		.uleb128 0x3e
 1339 0026 0B       		.uleb128 0xb
 1340 0027 03       		.uleb128 0x3
 1341 0028 0E       		.uleb128 0xe
 1342 0029 00       		.byte	0
 1343 002a 00       		.byte	0
 1344 002b 04       		.uleb128 0x4
 1345 002c 24       		.uleb128 0x24
 1346 002d 00       		.byte	0
 1347 002e 0B       		.uleb128 0xb
 1348 002f 0B       		.uleb128 0xb
 1349 0030 3E       		.uleb128 0x3e
 1350 0031 0B       		.uleb128 0xb
 1351 0032 03       		.uleb128 0x3
 1352 0033 08       		.uleb128 0x8
 1353 0034 00       		.byte	0
 1354 0035 00       		.byte	0
 1355 0036 05       		.uleb128 0x5
 1356 0037 0F       		.uleb128 0xf
 1357 0038 00       		.byte	0
 1358 0039 0B       		.uleb128 0xb
 1359 003a 0B       		.uleb128 0xb
 1360 003b 49       		.uleb128 0x49
 1361 003c 13       		.uleb128 0x13
 1362 003d 00       		.byte	0
 1363 003e 00       		.byte	0
 1364 003f 06       		.uleb128 0x6
 1365 0040 13       		.uleb128 0x13
 1366 0041 00       		.byte	0
 1367 0042 03       		.uleb128 0x3
 1368 0043 0E       		.uleb128 0xe
ARM GAS  /var/folders/qd/4mxf5pkd0zdf0b9dd1hp39180000gn/T//ccjV5QAK.s 			page 25


 1369 0044 3C       		.uleb128 0x3c
 1370 0045 19       		.uleb128 0x19
 1371 0046 00       		.byte	0
 1372 0047 00       		.byte	0
 1373 0048 07       		.uleb128 0x7
 1374 0049 16       		.uleb128 0x16
 1375 004a 00       		.byte	0
 1376 004b 03       		.uleb128 0x3
 1377 004c 0E       		.uleb128 0xe
 1378 004d 3A       		.uleb128 0x3a
 1379 004e 0B       		.uleb128 0xb
 1380 004f 3B       		.uleb128 0x3b
 1381 0050 05       		.uleb128 0x5
 1382 0051 49       		.uleb128 0x49
 1383 0052 13       		.uleb128 0x13
 1384 0053 00       		.byte	0
 1385 0054 00       		.byte	0
 1386 0055 08       		.uleb128 0x8
 1387 0056 17       		.uleb128 0x17
 1388 0057 01       		.byte	0x1
 1389 0058 0B       		.uleb128 0xb
 1390 0059 0B       		.uleb128 0xb
 1391 005a 3A       		.uleb128 0x3a
 1392 005b 0B       		.uleb128 0xb
 1393 005c 3B       		.uleb128 0x3b
 1394 005d 0B       		.uleb128 0xb
 1395 005e 01       		.uleb128 0x1
 1396 005f 13       		.uleb128 0x13
 1397 0060 00       		.byte	0
 1398 0061 00       		.byte	0
 1399 0062 09       		.uleb128 0x9
 1400 0063 0D       		.uleb128 0xd
 1401 0064 00       		.byte	0
 1402 0065 03       		.uleb128 0x3
 1403 0066 0E       		.uleb128 0xe
 1404 0067 3A       		.uleb128 0x3a
 1405 0068 0B       		.uleb128 0xb
 1406 0069 3B       		.uleb128 0x3b
 1407 006a 0B       		.uleb128 0xb
 1408 006b 49       		.uleb128 0x49
 1409 006c 13       		.uleb128 0x13
 1410 006d 00       		.byte	0
 1411 006e 00       		.byte	0
 1412 006f 0A       		.uleb128 0xa
 1413 0070 01       		.uleb128 0x1
 1414 0071 01       		.byte	0x1
 1415 0072 49       		.uleb128 0x49
 1416 0073 13       		.uleb128 0x13
 1417 0074 01       		.uleb128 0x1
 1418 0075 13       		.uleb128 0x13
 1419 0076 00       		.byte	0
 1420 0077 00       		.byte	0
 1421 0078 0B       		.uleb128 0xb
 1422 0079 21       		.uleb128 0x21
 1423 007a 00       		.byte	0
 1424 007b 49       		.uleb128 0x49
 1425 007c 13       		.uleb128 0x13
ARM GAS  /var/folders/qd/4mxf5pkd0zdf0b9dd1hp39180000gn/T//ccjV5QAK.s 			page 26


 1426 007d 2F       		.uleb128 0x2f
 1427 007e 0B       		.uleb128 0xb
 1428 007f 00       		.byte	0
 1429 0080 00       		.byte	0
 1430 0081 0C       		.uleb128 0xc
 1431 0082 13       		.uleb128 0x13
 1432 0083 01       		.byte	0x1
 1433 0084 0B       		.uleb128 0xb
 1434 0085 0B       		.uleb128 0xb
 1435 0086 3A       		.uleb128 0x3a
 1436 0087 0B       		.uleb128 0xb
 1437 0088 3B       		.uleb128 0x3b
 1438 0089 0B       		.uleb128 0xb
 1439 008a 01       		.uleb128 0x1
 1440 008b 13       		.uleb128 0x13
 1441 008c 00       		.byte	0
 1442 008d 00       		.byte	0
 1443 008e 0D       		.uleb128 0xd
 1444 008f 0D       		.uleb128 0xd
 1445 0090 00       		.byte	0
 1446 0091 03       		.uleb128 0x3
 1447 0092 0E       		.uleb128 0xe
 1448 0093 3A       		.uleb128 0x3a
 1449 0094 0B       		.uleb128 0xb
 1450 0095 3B       		.uleb128 0x3b
 1451 0096 0B       		.uleb128 0xb
 1452 0097 49       		.uleb128 0x49
 1453 0098 13       		.uleb128 0x13
 1454 0099 38       		.uleb128 0x38
 1455 009a 0B       		.uleb128 0xb
 1456 009b 00       		.byte	0
 1457 009c 00       		.byte	0
 1458 009d 0E       		.uleb128 0xe
 1459 009e 0F       		.uleb128 0xf
 1460 009f 00       		.byte	0
 1461 00a0 0B       		.uleb128 0xb
 1462 00a1 0B       		.uleb128 0xb
 1463 00a2 00       		.byte	0
 1464 00a3 00       		.byte	0
 1465 00a4 0F       		.uleb128 0xf
 1466 00a5 26       		.uleb128 0x26
 1467 00a6 00       		.byte	0
 1468 00a7 49       		.uleb128 0x49
 1469 00a8 13       		.uleb128 0x13
 1470 00a9 00       		.byte	0
 1471 00aa 00       		.byte	0
 1472 00ab 10       		.uleb128 0x10
 1473 00ac 13       		.uleb128 0x13
 1474 00ad 01       		.byte	0x1
 1475 00ae 03       		.uleb128 0x3
 1476 00af 0E       		.uleb128 0xe
 1477 00b0 0B       		.uleb128 0xb
 1478 00b1 0B       		.uleb128 0xb
 1479 00b2 3A       		.uleb128 0x3a
 1480 00b3 0B       		.uleb128 0xb
 1481 00b4 3B       		.uleb128 0x3b
 1482 00b5 0B       		.uleb128 0xb
ARM GAS  /var/folders/qd/4mxf5pkd0zdf0b9dd1hp39180000gn/T//ccjV5QAK.s 			page 27


 1483 00b6 01       		.uleb128 0x1
 1484 00b7 13       		.uleb128 0x13
 1485 00b8 00       		.byte	0
 1486 00b9 00       		.byte	0
 1487 00ba 11       		.uleb128 0x11
 1488 00bb 0D       		.uleb128 0xd
 1489 00bc 00       		.byte	0
 1490 00bd 03       		.uleb128 0x3
 1491 00be 08       		.uleb128 0x8
 1492 00bf 3A       		.uleb128 0x3a
 1493 00c0 0B       		.uleb128 0xb
 1494 00c1 3B       		.uleb128 0x3b
 1495 00c2 0B       		.uleb128 0xb
 1496 00c3 49       		.uleb128 0x49
 1497 00c4 13       		.uleb128 0x13
 1498 00c5 38       		.uleb128 0x38
 1499 00c6 0B       		.uleb128 0xb
 1500 00c7 00       		.byte	0
 1501 00c8 00       		.byte	0
 1502 00c9 12       		.uleb128 0x12
 1503 00ca 13       		.uleb128 0x13
 1504 00cb 01       		.byte	0x1
 1505 00cc 03       		.uleb128 0x3
 1506 00cd 0E       		.uleb128 0xe
 1507 00ce 0B       		.uleb128 0xb
 1508 00cf 05       		.uleb128 0x5
 1509 00d0 3A       		.uleb128 0x3a
 1510 00d1 0B       		.uleb128 0xb
 1511 00d2 3B       		.uleb128 0x3b
 1512 00d3 0B       		.uleb128 0xb
 1513 00d4 01       		.uleb128 0x1
 1514 00d5 13       		.uleb128 0x13
 1515 00d6 00       		.byte	0
 1516 00d7 00       		.byte	0
 1517 00d8 13       		.uleb128 0x13
 1518 00d9 0D       		.uleb128 0xd
 1519 00da 00       		.byte	0
 1520 00db 03       		.uleb128 0x3
 1521 00dc 0E       		.uleb128 0xe
 1522 00dd 3A       		.uleb128 0x3a
 1523 00de 0B       		.uleb128 0xb
 1524 00df 3B       		.uleb128 0x3b
 1525 00e0 0B       		.uleb128 0xb
 1526 00e1 49       		.uleb128 0x49
 1527 00e2 13       		.uleb128 0x13
 1528 00e3 38       		.uleb128 0x38
 1529 00e4 05       		.uleb128 0x5
 1530 00e5 00       		.byte	0
 1531 00e6 00       		.byte	0
 1532 00e7 14       		.uleb128 0x14
 1533 00e8 15       		.uleb128 0x15
 1534 00e9 00       		.byte	0
 1535 00ea 27       		.uleb128 0x27
 1536 00eb 19       		.uleb128 0x19
 1537 00ec 00       		.byte	0
 1538 00ed 00       		.byte	0
 1539 00ee 15       		.uleb128 0x15
ARM GAS  /var/folders/qd/4mxf5pkd0zdf0b9dd1hp39180000gn/T//ccjV5QAK.s 			page 28


 1540 00ef 15       		.uleb128 0x15
 1541 00f0 01       		.byte	0x1
 1542 00f1 27       		.uleb128 0x27
 1543 00f2 19       		.uleb128 0x19
 1544 00f3 49       		.uleb128 0x49
 1545 00f4 13       		.uleb128 0x13
 1546 00f5 01       		.uleb128 0x1
 1547 00f6 13       		.uleb128 0x13
 1548 00f7 00       		.byte	0
 1549 00f8 00       		.byte	0
 1550 00f9 16       		.uleb128 0x16
 1551 00fa 05       		.uleb128 0x5
 1552 00fb 00       		.byte	0
 1553 00fc 49       		.uleb128 0x49
 1554 00fd 13       		.uleb128 0x13
 1555 00fe 00       		.byte	0
 1556 00ff 00       		.byte	0
 1557 0100 17       		.uleb128 0x17
 1558 0101 13       		.uleb128 0x13
 1559 0102 01       		.byte	0x1
 1560 0103 03       		.uleb128 0x3
 1561 0104 0E       		.uleb128 0xe
 1562 0105 0B       		.uleb128 0xb
 1563 0106 05       		.uleb128 0x5
 1564 0107 3A       		.uleb128 0x3a
 1565 0108 0B       		.uleb128 0xb
 1566 0109 3B       		.uleb128 0x3b
 1567 010a 05       		.uleb128 0x5
 1568 010b 01       		.uleb128 0x1
 1569 010c 13       		.uleb128 0x13
 1570 010d 00       		.byte	0
 1571 010e 00       		.byte	0
 1572 010f 18       		.uleb128 0x18
 1573 0110 0D       		.uleb128 0xd
 1574 0111 00       		.byte	0
 1575 0112 03       		.uleb128 0x3
 1576 0113 0E       		.uleb128 0xe
 1577 0114 3A       		.uleb128 0x3a
 1578 0115 0B       		.uleb128 0xb
 1579 0116 3B       		.uleb128 0x3b
 1580 0117 05       		.uleb128 0x5
 1581 0118 49       		.uleb128 0x49
 1582 0119 13       		.uleb128 0x13
 1583 011a 38       		.uleb128 0x38
 1584 011b 0B       		.uleb128 0xb
 1585 011c 00       		.byte	0
 1586 011d 00       		.byte	0
 1587 011e 19       		.uleb128 0x19
 1588 011f 0D       		.uleb128 0xd
 1589 0120 00       		.byte	0
 1590 0121 03       		.uleb128 0x3
 1591 0122 0E       		.uleb128 0xe
 1592 0123 3A       		.uleb128 0x3a
 1593 0124 0B       		.uleb128 0xb
 1594 0125 3B       		.uleb128 0x3b
 1595 0126 05       		.uleb128 0x5
 1596 0127 49       		.uleb128 0x49
ARM GAS  /var/folders/qd/4mxf5pkd0zdf0b9dd1hp39180000gn/T//ccjV5QAK.s 			page 29


 1597 0128 13       		.uleb128 0x13
 1598 0129 38       		.uleb128 0x38
 1599 012a 05       		.uleb128 0x5
 1600 012b 00       		.byte	0
 1601 012c 00       		.byte	0
 1602 012d 1A       		.uleb128 0x1a
 1603 012e 13       		.uleb128 0x13
 1604 012f 01       		.byte	0x1
 1605 0130 03       		.uleb128 0x3
 1606 0131 0E       		.uleb128 0xe
 1607 0132 0B       		.uleb128 0xb
 1608 0133 0B       		.uleb128 0xb
 1609 0134 3A       		.uleb128 0x3a
 1610 0135 0B       		.uleb128 0xb
 1611 0136 3B       		.uleb128 0x3b
 1612 0137 05       		.uleb128 0x5
 1613 0138 01       		.uleb128 0x1
 1614 0139 13       		.uleb128 0x13
 1615 013a 00       		.byte	0
 1616 013b 00       		.byte	0
 1617 013c 1B       		.uleb128 0x1b
 1618 013d 13       		.uleb128 0x13
 1619 013e 01       		.byte	0x1
 1620 013f 0B       		.uleb128 0xb
 1621 0140 0B       		.uleb128 0xb
 1622 0141 3A       		.uleb128 0x3a
 1623 0142 0B       		.uleb128 0xb
 1624 0143 3B       		.uleb128 0x3b
 1625 0144 05       		.uleb128 0x5
 1626 0145 01       		.uleb128 0x1
 1627 0146 13       		.uleb128 0x13
 1628 0147 00       		.byte	0
 1629 0148 00       		.byte	0
 1630 0149 1C       		.uleb128 0x1c
 1631 014a 17       		.uleb128 0x17
 1632 014b 01       		.byte	0x1
 1633 014c 0B       		.uleb128 0xb
 1634 014d 0B       		.uleb128 0xb
 1635 014e 3A       		.uleb128 0x3a
 1636 014f 0B       		.uleb128 0xb
 1637 0150 3B       		.uleb128 0x3b
 1638 0151 05       		.uleb128 0x5
 1639 0152 01       		.uleb128 0x1
 1640 0153 13       		.uleb128 0x13
 1641 0154 00       		.byte	0
 1642 0155 00       		.byte	0
 1643 0156 1D       		.uleb128 0x1d
 1644 0157 0D       		.uleb128 0xd
 1645 0158 00       		.byte	0
 1646 0159 03       		.uleb128 0x3
 1647 015a 0E       		.uleb128 0xe
 1648 015b 3A       		.uleb128 0x3a
 1649 015c 0B       		.uleb128 0xb
 1650 015d 3B       		.uleb128 0x3b
 1651 015e 05       		.uleb128 0x5
 1652 015f 49       		.uleb128 0x49
 1653 0160 13       		.uleb128 0x13
ARM GAS  /var/folders/qd/4mxf5pkd0zdf0b9dd1hp39180000gn/T//ccjV5QAK.s 			page 30


 1654 0161 00       		.byte	0
 1655 0162 00       		.byte	0
 1656 0163 1E       		.uleb128 0x1e
 1657 0164 15       		.uleb128 0x15
 1658 0165 01       		.byte	0x1
 1659 0166 27       		.uleb128 0x27
 1660 0167 19       		.uleb128 0x19
 1661 0168 01       		.uleb128 0x1
 1662 0169 13       		.uleb128 0x13
 1663 016a 00       		.byte	0
 1664 016b 00       		.byte	0
 1665 016c 1F       		.uleb128 0x1f
 1666 016d 34       		.uleb128 0x34
 1667 016e 00       		.byte	0
 1668 016f 03       		.uleb128 0x3
 1669 0170 0E       		.uleb128 0xe
 1670 0171 3A       		.uleb128 0x3a
 1671 0172 0B       		.uleb128 0xb
 1672 0173 3B       		.uleb128 0x3b
 1673 0174 05       		.uleb128 0x5
 1674 0175 49       		.uleb128 0x49
 1675 0176 13       		.uleb128 0x13
 1676 0177 3F       		.uleb128 0x3f
 1677 0178 19       		.uleb128 0x19
 1678 0179 3C       		.uleb128 0x3c
 1679 017a 19       		.uleb128 0x19
 1680 017b 00       		.byte	0
 1681 017c 00       		.byte	0
 1682 017d 20       		.uleb128 0x20
 1683 017e 34       		.uleb128 0x34
 1684 017f 00       		.byte	0
 1685 0180 03       		.uleb128 0x3
 1686 0181 0E       		.uleb128 0xe
 1687 0182 3A       		.uleb128 0x3a
 1688 0183 0B       		.uleb128 0xb
 1689 0184 3B       		.uleb128 0x3b
 1690 0185 0B       		.uleb128 0xb
 1691 0186 49       		.uleb128 0x49
 1692 0187 13       		.uleb128 0x13
 1693 0188 3F       		.uleb128 0x3f
 1694 0189 19       		.uleb128 0x19
 1695 018a 3C       		.uleb128 0x3c
 1696 018b 19       		.uleb128 0x19
 1697 018c 00       		.byte	0
 1698 018d 00       		.byte	0
 1699 018e 21       		.uleb128 0x21
 1700 018f 04       		.uleb128 0x4
 1701 0190 01       		.byte	0x1
 1702 0191 3E       		.uleb128 0x3e
 1703 0192 0B       		.uleb128 0xb
 1704 0193 0B       		.uleb128 0xb
 1705 0194 0B       		.uleb128 0xb
 1706 0195 49       		.uleb128 0x49
 1707 0196 13       		.uleb128 0x13
 1708 0197 3A       		.uleb128 0x3a
 1709 0198 0B       		.uleb128 0xb
 1710 0199 3B       		.uleb128 0x3b
ARM GAS  /var/folders/qd/4mxf5pkd0zdf0b9dd1hp39180000gn/T//ccjV5QAK.s 			page 31


 1711 019a 0B       		.uleb128 0xb
 1712 019b 01       		.uleb128 0x1
 1713 019c 13       		.uleb128 0x13
 1714 019d 00       		.byte	0
 1715 019e 00       		.byte	0
 1716 019f 22       		.uleb128 0x22
 1717 01a0 28       		.uleb128 0x28
 1718 01a1 00       		.byte	0
 1719 01a2 03       		.uleb128 0x3
 1720 01a3 0E       		.uleb128 0xe
 1721 01a4 1C       		.uleb128 0x1c
 1722 01a5 0B       		.uleb128 0xb
 1723 01a6 00       		.byte	0
 1724 01a7 00       		.byte	0
 1725 01a8 23       		.uleb128 0x23
 1726 01a9 2E       		.uleb128 0x2e
 1727 01aa 01       		.byte	0x1
 1728 01ab 3F       		.uleb128 0x3f
 1729 01ac 19       		.uleb128 0x19
 1730 01ad 03       		.uleb128 0x3
 1731 01ae 0E       		.uleb128 0xe
 1732 01af 3A       		.uleb128 0x3a
 1733 01b0 0B       		.uleb128 0xb
 1734 01b1 3B       		.uleb128 0x3b
 1735 01b2 0B       		.uleb128 0xb
 1736 01b3 27       		.uleb128 0x27
 1737 01b4 19       		.uleb128 0x19
 1738 01b5 49       		.uleb128 0x49
 1739 01b6 13       		.uleb128 0x13
 1740 01b7 11       		.uleb128 0x11
 1741 01b8 01       		.uleb128 0x1
 1742 01b9 12       		.uleb128 0x12
 1743 01ba 06       		.uleb128 0x6
 1744 01bb 40       		.uleb128 0x40
 1745 01bc 18       		.uleb128 0x18
 1746 01bd 9742     		.uleb128 0x2117
 1747 01bf 19       		.uleb128 0x19
 1748 01c0 01       		.uleb128 0x1
 1749 01c1 13       		.uleb128 0x13
 1750 01c2 00       		.byte	0
 1751 01c3 00       		.byte	0
 1752 01c4 24       		.uleb128 0x24
 1753 01c5 05       		.uleb128 0x5
 1754 01c6 00       		.byte	0
 1755 01c7 03       		.uleb128 0x3
 1756 01c8 08       		.uleb128 0x8
 1757 01c9 3A       		.uleb128 0x3a
 1758 01ca 0B       		.uleb128 0xb
 1759 01cb 3B       		.uleb128 0x3b
 1760 01cc 0B       		.uleb128 0xb
 1761 01cd 49       		.uleb128 0x49
 1762 01ce 13       		.uleb128 0x13
 1763 01cf 02       		.uleb128 0x2
 1764 01d0 17       		.uleb128 0x17
 1765 01d1 00       		.byte	0
 1766 01d2 00       		.byte	0
 1767 01d3 25       		.uleb128 0x25
ARM GAS  /var/folders/qd/4mxf5pkd0zdf0b9dd1hp39180000gn/T//ccjV5QAK.s 			page 32


 1768 01d4 898201   		.uleb128 0x4109
 1769 01d7 01       		.byte	0x1
 1770 01d8 11       		.uleb128 0x11
 1771 01d9 01       		.uleb128 0x1
 1772 01da 31       		.uleb128 0x31
 1773 01db 13       		.uleb128 0x13
 1774 01dc 01       		.uleb128 0x1
 1775 01dd 13       		.uleb128 0x13
 1776 01de 00       		.byte	0
 1777 01df 00       		.byte	0
 1778 01e0 26       		.uleb128 0x26
 1779 01e1 8A8201   		.uleb128 0x410a
 1780 01e4 00       		.byte	0
 1781 01e5 02       		.uleb128 0x2
 1782 01e6 18       		.uleb128 0x18
 1783 01e7 9142     		.uleb128 0x2111
 1784 01e9 18       		.uleb128 0x18
 1785 01ea 00       		.byte	0
 1786 01eb 00       		.byte	0
 1787 01ec 27       		.uleb128 0x27
 1788 01ed 898201   		.uleb128 0x4109
 1789 01f0 00       		.byte	0
 1790 01f1 11       		.uleb128 0x11
 1791 01f2 01       		.uleb128 0x1
 1792 01f3 31       		.uleb128 0x31
 1793 01f4 13       		.uleb128 0x13
 1794 01f5 00       		.byte	0
 1795 01f6 00       		.byte	0
 1796 01f7 28       		.uleb128 0x28
 1797 01f8 2E       		.uleb128 0x2e
 1798 01f9 00       		.byte	0
 1799 01fa 3F       		.uleb128 0x3f
 1800 01fb 19       		.uleb128 0x19
 1801 01fc 3C       		.uleb128 0x3c
 1802 01fd 19       		.uleb128 0x19
 1803 01fe 6E       		.uleb128 0x6e
 1804 01ff 0E       		.uleb128 0xe
 1805 0200 03       		.uleb128 0x3
 1806 0201 0E       		.uleb128 0xe
 1807 0202 3A       		.uleb128 0x3a
 1808 0203 0B       		.uleb128 0xb
 1809 0204 3B       		.uleb128 0x3b
 1810 0205 0B       		.uleb128 0xb
 1811 0206 00       		.byte	0
 1812 0207 00       		.byte	0
 1813 0208 29       		.uleb128 0x29
 1814 0209 2E       		.uleb128 0x2e
 1815 020a 00       		.byte	0
 1816 020b 3F       		.uleb128 0x3f
 1817 020c 19       		.uleb128 0x19
 1818 020d 3C       		.uleb128 0x3c
 1819 020e 19       		.uleb128 0x19
 1820 020f 6E       		.uleb128 0x6e
 1821 0210 0E       		.uleb128 0xe
 1822 0211 03       		.uleb128 0x3
 1823 0212 0E       		.uleb128 0xe
 1824 0213 00       		.byte	0
ARM GAS  /var/folders/qd/4mxf5pkd0zdf0b9dd1hp39180000gn/T//ccjV5QAK.s 			page 33


 1825 0214 00       		.byte	0
 1826 0215 00       		.byte	0
 1827              		.section	.debug_loc,"",%progbits
 1828              	.Ldebug_loc0:
 1829              	.LLST1:
 1830 0000 00000000 		.4byte	.LVL6
 1831 0004 0E000000 		.4byte	.LVL7
 1832 0008 0100     		.2byte	0x1
 1833 000a 50       		.byte	0x50
 1834 000b 0E000000 		.4byte	.LVL7
 1835 000f 1A000000 		.4byte	.LVL8
 1836 0013 0400     		.2byte	0x4
 1837 0015 F3       		.byte	0xf3
 1838 0016 01       		.uleb128 0x1
 1839 0017 50       		.byte	0x50
 1840 0018 9F       		.byte	0x9f
 1841 0019 1A000000 		.4byte	.LVL8
 1842 001d 1C000000 		.4byte	.LVL9
 1843 0021 0100     		.2byte	0x1
 1844 0023 50       		.byte	0x50
 1845 0024 1C000000 		.4byte	.LVL9
 1846 0028 30000000 		.4byte	.LFE1
 1847 002c 0400     		.2byte	0x4
 1848 002e F3       		.byte	0xf3
 1849 002f 01       		.uleb128 0x1
 1850 0030 50       		.byte	0x50
 1851 0031 9F       		.byte	0x9f
 1852 0032 00000000 		.4byte	0
 1853 0036 00000000 		.4byte	0
 1854              	.LLST0:
 1855 003a 00000000 		.4byte	.LVL0
 1856 003e 10000000 		.4byte	.LVL1
 1857 0042 0100     		.2byte	0x1
 1858 0044 50       		.byte	0x50
 1859 0045 10000000 		.4byte	.LVL1
 1860 0049 1C000000 		.4byte	.LVL2
 1861 004d 0400     		.2byte	0x4
 1862 004f F3       		.byte	0xf3
 1863 0050 01       		.uleb128 0x1
 1864 0051 50       		.byte	0x50
 1865 0052 9F       		.byte	0x9f
 1866 0053 1C000000 		.4byte	.LVL2
 1867 0057 1E000000 		.4byte	.LVL3
 1868 005b 0100     		.2byte	0x1
 1869 005d 50       		.byte	0x50
 1870 005e 1E000000 		.4byte	.LVL3
 1871 0062 30000000 		.4byte	.LFE0
 1872 0066 0400     		.2byte	0x4
 1873 0068 F3       		.byte	0xf3
 1874 0069 01       		.uleb128 0x1
 1875 006a 50       		.byte	0x50
 1876 006b 9F       		.byte	0x9f
 1877 006c 00000000 		.4byte	0
 1878 0070 00000000 		.4byte	0
 1879              		.section	.debug_aranges,"",%progbits
 1880 0000 24000000 		.4byte	0x24
 1881 0004 0200     		.2byte	0x2
ARM GAS  /var/folders/qd/4mxf5pkd0zdf0b9dd1hp39180000gn/T//ccjV5QAK.s 			page 34


 1882 0006 00000000 		.4byte	.Ldebug_info0
 1883 000a 04       		.byte	0x4
 1884 000b 00       		.byte	0
 1885 000c 0000     		.2byte	0
 1886 000e 0000     		.2byte	0
 1887 0010 00000000 		.4byte	.LFB0
 1888 0014 30000000 		.4byte	.LFE0-.LFB0
 1889 0018 00000000 		.4byte	.LFB1
 1890 001c 30000000 		.4byte	.LFE1-.LFB1
 1891 0020 00000000 		.4byte	0
 1892 0024 00000000 		.4byte	0
 1893              		.section	.debug_ranges,"",%progbits
 1894              	.Ldebug_ranges0:
 1895 0000 00000000 		.4byte	.LFB0
 1896 0004 30000000 		.4byte	.LFE0
 1897 0008 00000000 		.4byte	.LFB1
 1898 000c 30000000 		.4byte	.LFE1
 1899 0010 00000000 		.4byte	0
 1900 0014 00000000 		.4byte	0
 1901              		.section	.debug_line,"",%progbits
 1902              	.Ldebug_line0:
 1903 0000 38020000 		.section	.debug_str,"MS",%progbits,1
 1903      02000802 
 1903      00000201 
 1903      FB0E0D00 
 1903      01010101 
 1904              	.LASF40:
 1905 0000 5F64736F 		.ascii	"_dso_handle\000"
 1905      5F68616E 
 1905      646C6500 
 1906              	.LASF126:
 1907 000c 44434D49 		.ascii	"DCMI_CAMERA_SIZE_NOT_FIT\000"
 1907      5F43414D 
 1907      4552415F 
 1907      53495A45 
 1907      5F4E4F54 
 1908              	.LASF48:
 1909 0025 5F73697A 		.ascii	"_size\000"
 1909      6500
 1910              	.LASF125:
 1911 002b 44434D49 		.ascii	"DCMI_CAMERA_MEM_ALLOC\000"
 1911      5F43414D 
 1911      4552415F 
 1911      4D454D5F 
 1911      414C4C4F 
 1912              	.LASF10:
 1913 0041 73697A65 		.ascii	"size_t\000"
 1913      5F7400
 1914              	.LASF92:
 1915 0048 5F72616E 		.ascii	"_rand48\000"
 1915      64343800 
 1916              	.LASF72:
 1917 0050 5F656D65 		.ascii	"_emergency\000"
 1917      7267656E 
 1917      637900
 1918              	.LASF108:
 1919 005b 5F676574 		.ascii	"_getdate_err\000"
ARM GAS  /var/folders/qd/4mxf5pkd0zdf0b9dd1hp39180000gn/T//ccjV5QAK.s 			page 35


 1919      64617465 
 1919      5F657272 
 1919      00
 1920              	.LASF62:
 1921 0068 5F646174 		.ascii	"_data\000"
 1921      6100
 1922              	.LASF112:
 1923 006e 5F776372 		.ascii	"_wcrtomb_state\000"
 1923      746F6D62 
 1923      5F737461 
 1923      746500
 1924              	.LASF113:
 1925 007d 5F776373 		.ascii	"_wcsrtombs_state\000"
 1925      72746F6D 
 1925      62735F73 
 1925      74617465 
 1925      00
 1926              	.LASF9:
 1927 008e 6C6F6E67 		.ascii	"long long unsigned int\000"
 1927      206C6F6E 
 1927      6720756E 
 1927      7369676E 
 1927      65642069 
 1928              	.LASF52:
 1929 00a5 5F6C6266 		.ascii	"_lbfsize\000"
 1929      73697A65 
 1929      00
 1930              	.LASF119:
 1931 00ae 5F5F6C6F 		.ascii	"__locale_t\000"
 1931      63616C65 
 1931      5F7400
 1932              	.LASF110:
 1933 00b9 5F6D6272 		.ascii	"_mbrtowc_state\000"
 1933      746F7763 
 1933      5F737461 
 1933      746500
 1934              	.LASF29:
 1935 00c8 5F5F746D 		.ascii	"__tm_sec\000"
 1935      5F736563 
 1935      00
 1936              	.LASF1:
 1937 00d1 6C6F6E67 		.ascii	"long long int\000"
 1937      206C6F6E 
 1937      6720696E 
 1937      7400
 1938              	.LASF3:
 1939 00df 7369676E 		.ascii	"signed char\000"
 1939      65642063 
 1939      68617200 
 1940              	.LASF58:
 1941 00eb 5F756275 		.ascii	"_ubuf\000"
 1941      6600
 1942              	.LASF47:
 1943 00f1 5F626173 		.ascii	"_base\000"
 1943      6500
 1944              	.LASF31:
 1945 00f7 5F5F746D 		.ascii	"__tm_hour\000"
ARM GAS  /var/folders/qd/4mxf5pkd0zdf0b9dd1hp39180000gn/T//ccjV5QAK.s 			page 36


 1945      5F686F75 
 1945      7200
 1946              	.LASF87:
 1947 0101 5F5F7366 		.ascii	"__sf\000"
 1947      00
 1948              	.LASF38:
 1949 0106 5F6F6E5F 		.ascii	"_on_exit_args\000"
 1949      65786974 
 1949      5F617267 
 1949      7300
 1950              	.LASF53:
 1951 0114 5F636F6F 		.ascii	"_cookie\000"
 1951      6B696500 
 1952              	.LASF86:
 1953 011c 5F5F7367 		.ascii	"__sglue\000"
 1953      6C756500 
 1954              	.LASF7:
 1955 0124 6C6F6E67 		.ascii	"long int\000"
 1955      20696E74 
 1955      00
 1956              	.LASF50:
 1957 012d 5F666C61 		.ascii	"_flags\000"
 1957      677300
 1958              	.LASF42:
 1959 0134 5F69735F 		.ascii	"_is_cxa\000"
 1959      63786100 
 1960              	.LASF68:
 1961 013c 5F737464 		.ascii	"_stdin\000"
 1961      696E00
 1962              	.LASF60:
 1963 0143 5F626C6B 		.ascii	"_blksize\000"
 1963      73697A65 
 1963      00
 1964              	.LASF82:
 1965 014c 5F637674 		.ascii	"_cvtbuf\000"
 1965      62756600 
 1966              	.LASF61:
 1967 0154 5F6F6666 		.ascii	"_offset\000"
 1967      73657400 
 1968              	.LASF111:
 1969 015c 5F6D6273 		.ascii	"_mbsrtowcs_state\000"
 1969      72746F77 
 1969      63735F73 
 1969      74617465 
 1969      00
 1970              	.LASF109:
 1971 016d 5F6D6272 		.ascii	"_mbrlen_state\000"
 1971      6C656E5F 
 1971      73746174 
 1971      6500
 1972              	.LASF39:
 1973 017b 5F666E61 		.ascii	"_fnargs\000"
 1973      72677300 
 1974              	.LASF45:
 1975 0183 5F666E73 		.ascii	"_fns\000"
 1975      00
 1976              	.LASF25:
ARM GAS  /var/folders/qd/4mxf5pkd0zdf0b9dd1hp39180000gn/T//ccjV5QAK.s 			page 37


 1977 0188 5F736967 		.ascii	"_sign\000"
 1977      6E00
 1978              	.LASF20:
 1979 018e 5F666C6F 		.ascii	"_flock_t\000"
 1979      636B5F74 
 1979      00
 1980              	.LASF70:
 1981 0197 5F737464 		.ascii	"_stderr\000"
 1981      65727200 
 1982              	.LASF27:
 1983 019f 5F426967 		.ascii	"_Bigint\000"
 1983      696E7400 
 1984              	.LASF100:
 1985 01a7 5F67616D 		.ascii	"_gamma_signgam\000"
 1985      6D615F73 
 1985      69676E67 
 1985      616D00
 1986              	.LASF128:
 1987 01b6 696E7432 		.ascii	"int2size_t\000"
 1987      73697A65 
 1987      5F7400
 1988              	.LASF54:
 1989 01c1 5F726561 		.ascii	"_read\000"
 1989      6400
 1990              	.LASF78:
 1991 01c7 5F726573 		.ascii	"_result_k\000"
 1991      756C745F 
 1991      6B00
 1992              	.LASF28:
 1993 01d1 5F5F746D 		.ascii	"__tm\000"
 1993      00
 1994              	.LASF0:
 1995 01d6 756E7369 		.ascii	"unsigned int\000"
 1995      676E6564 
 1995      20696E74 
 1995      00
 1996              	.LASF130:
 1997 01e3 474E5520 		.ascii	"GNU C11 7.2.1 20170904 (release) [ARM/embedded-7-br"
 1997      43313120 
 1997      372E322E 
 1997      31203230 
 1997      31373039 
 1998 0216 616E6368 		.ascii	"anch revision 255204] -mcpu=cortex-m4 -mfloat-abi=h"
 1998      20726576 
 1998      6973696F 
 1998      6E203235 
 1998      35323034 
 1999 0249 61726420 		.ascii	"ard -mfpu=fpv4-sp-d16 -mno-thumb-interwork -mthumb "
 1999      2D6D6670 
 1999      753D6670 
 1999      76342D73 
 1999      702D6431 
 2000 027c 2D676764 		.ascii	"-ggdb -O2 -fomit-frame-pointer -falign-functions=16"
 2000      62202D4F 
 2000      32202D66 
 2000      6F6D6974 
 2000      2D667261 
ARM GAS  /var/folders/qd/4mxf5pkd0zdf0b9dd1hp39180000gn/T//ccjV5QAK.s 			page 38


 2001 02af 202D666E 		.ascii	" -fno-strict-aliasing -fstack-protector-all -ffunct"
 2001      6F2D7374 
 2001      72696374 
 2001      2D616C69 
 2001      6173696E 
 2002 02e2 696F6E2D 		.ascii	"ion-sections -fdata-sections -fno-common -fsingle-p"
 2002      73656374 
 2002      696F6E73 
 2002      202D6664 
 2002      6174612D 
 2003 0315 72656369 		.ascii	"recision-constant\000"
 2003      73696F6E 
 2003      2D636F6E 
 2003      7374616E 
 2003      7400
 2004              	.LASF16:
 2005 0327 5F5F7763 		.ascii	"__wchb\000"
 2005      686200
 2006              	.LASF69:
 2007 032e 5F737464 		.ascii	"_stdout\000"
 2007      6F757400 
 2008              	.LASF81:
 2009 0336 5F637674 		.ascii	"_cvtlen\000"
 2009      6C656E00 
 2010              	.LASF8:
 2011 033e 6C6F6E67 		.ascii	"long unsigned int\000"
 2011      20756E73 
 2011      69676E65 
 2011      6420696E 
 2011      7400
 2012              	.LASF51:
 2013 0350 5F66696C 		.ascii	"_file\000"
 2013      6500
 2014              	.LASF90:
 2015 0356 5F6E696F 		.ascii	"_niobs\000"
 2015      627300
 2016              	.LASF6:
 2017 035d 73686F72 		.ascii	"short unsigned int\000"
 2017      7420756E 
 2017      7369676E 
 2017      65642069 
 2017      6E7400
 2018              	.LASF84:
 2019 0370 5F617465 		.ascii	"_atexit0\000"
 2019      78697430 
 2019      00
 2020              	.LASF107:
 2021 0379 5F736967 		.ascii	"_signal_buf\000"
 2021      6E616C5F 
 2021      62756600 
 2022              	.LASF98:
 2023 0385 5F617363 		.ascii	"_asctime_buf\000"
 2023      74696D65 
 2023      5F627566 
 2023      00
 2024              	.LASF77:
 2025 0392 5F726573 		.ascii	"_result\000"
ARM GAS  /var/folders/qd/4mxf5pkd0zdf0b9dd1hp39180000gn/T//ccjV5QAK.s 			page 39


 2025      756C7400 
 2026              	.LASF15:
 2027 039a 5F5F7763 		.ascii	"__wch\000"
 2027      6800
 2028              	.LASF11:
 2029 03a0 5F4C4F43 		.ascii	"_LOCK_T\000"
 2029      4B5F5400 
 2030              	.LASF14:
 2031 03a8 77696E74 		.ascii	"wint_t\000"
 2031      5F7400
 2032              	.LASF63:
 2033 03af 5F6C6F63 		.ascii	"_lock\000"
 2033      6B00
 2034              	.LASF65:
 2035 03b5 5F666C61 		.ascii	"_flags2\000"
 2035      67733200 
 2036              	.LASF55:
 2037 03bd 5F777269 		.ascii	"_write\000"
 2037      746500
 2038              	.LASF34:
 2039 03c4 5F5F746D 		.ascii	"__tm_year\000"
 2039      5F796561 
 2039      7200
 2040              	.LASF2:
 2041 03ce 6C6F6E67 		.ascii	"long double\000"
 2041      20646F75 
 2041      626C6500 
 2042              	.LASF115:
 2043 03da 5F6E6578 		.ascii	"_nextf\000"
 2043      746600
 2044              	.LASF33:
 2045 03e1 5F5F746D 		.ascii	"__tm_mon\000"
 2045      5F6D6F6E 
 2045      00
 2046              	.LASF43:
 2047 03ea 5F617465 		.ascii	"_atexit\000"
 2047      78697400 
 2048              	.LASF122:
 2049 03f2 7375626F 		.ascii	"suboptarg\000"
 2049      70746172 
 2049      6700
 2050              	.LASF75:
 2051 03fc 5F5F7364 		.ascii	"__sdidinit\000"
 2051      6964696E 
 2051      697400
 2052              	.LASF12:
 2053 0407 5F6F6666 		.ascii	"_off_t\000"
 2053      5F7400
 2054              	.LASF131:
 2055 040e 2E2F6D6F 		.ascii	"./modules/mod_secure_conv.c\000"
 2055      64756C65 
 2055      732F6D6F 
 2055      645F7365 
 2055      63757265 
 2056              	.LASF80:
 2057 042a 5F667265 		.ascii	"_freelist\000"
 2057      656C6973 
ARM GAS  /var/folders/qd/4mxf5pkd0zdf0b9dd1hp39180000gn/T//ccjV5QAK.s 			page 40


 2057      7400
 2058              	.LASF133:
 2059 0434 6572726F 		.ascii	"error\000"
 2059      7200
 2060              	.LASF124:
 2061 043a 434F4E56 		.ascii	"CONV_OVERFLOW\000"
 2061      5F4F5645 
 2061      52464C4F 
 2061      5700
 2062              	.LASF105:
 2063 0448 5F776374 		.ascii	"_wctomb_state\000"
 2063      6F6D625F 
 2063      73746174 
 2063      6500
 2064              	.LASF4:
 2065 0456 756E7369 		.ascii	"unsigned char\000"
 2065      676E6564 
 2065      20636861 
 2065      7200
 2066              	.LASF83:
 2067 0464 5F6E6577 		.ascii	"_new\000"
 2067      00
 2068              	.LASF114:
 2069 0469 5F685F65 		.ascii	"_h_errno\000"
 2069      72726E6F 
 2069      00
 2070              	.LASF5:
 2071 0472 73686F72 		.ascii	"short int\000"
 2071      7420696E 
 2071      7400
 2072              	.LASF36:
 2073 047c 5F5F746D 		.ascii	"__tm_yday\000"
 2073      5F796461 
 2073      7900
 2074              	.LASF46:
 2075 0486 5F5F7362 		.ascii	"__sbuf\000"
 2075      756600
 2076              	.LASF91:
 2077 048d 5F696F62 		.ascii	"_iobs\000"
 2077      7300
 2078              	.LASF88:
 2079 0493 5F5F4649 		.ascii	"__FILE\000"
 2079      4C4500
 2080              	.LASF19:
 2081 049a 5F6D6273 		.ascii	"_mbstate_t\000"
 2081      74617465 
 2081      5F7400
 2082              	.LASF49:
 2083 04a5 5F5F7346 		.ascii	"__sFILE\000"
 2083      494C4500 
 2084              	.LASF64:
 2085 04ad 5F6D6273 		.ascii	"_mbstate\000"
 2085      74617465 
 2085      00
 2086              	.LASF101:
 2087 04b6 5F72616E 		.ascii	"_rand_next\000"
 2087      645F6E65 
ARM GAS  /var/folders/qd/4mxf5pkd0zdf0b9dd1hp39180000gn/T//ccjV5QAK.s 			page 41


 2087      787400
 2088              	.LASF103:
 2089 04c1 5F6D626C 		.ascii	"_mblen_state\000"
 2089      656E5F73 
 2089      74617465 
 2089      00
 2090              	.LASF71:
 2091 04ce 5F696E63 		.ascii	"_inc\000"
 2091      00
 2092              	.LASF44:
 2093 04d3 5F696E64 		.ascii	"_ind\000"
 2093      00
 2094              	.LASF74:
 2095 04d8 5F6C6F63 		.ascii	"_locale\000"
 2095      616C6500 
 2096              	.LASF76:
 2097 04e0 5F5F636C 		.ascii	"__cleanup\000"
 2097      65616E75 
 2097      7000
 2098              	.LASF73:
 2099 04ea 5F756E73 		.ascii	"_unspecified_locale_info\000"
 2099      70656369 
 2099      66696564 
 2099      5F6C6F63 
 2099      616C655F 
 2100              	.LASF134:
 2101 0503 5F5F7374 		.ascii	"__stack_chk_fail\000"
 2101      61636B5F 
 2101      63686B5F 
 2101      6661696C 
 2101      00
 2102              	.LASF24:
 2103 0514 5F6D6178 		.ascii	"_maxwds\000"
 2103      77647300 
 2104              	.LASF66:
 2105 051c 5F726565 		.ascii	"_reent\000"
 2105      6E7400
 2106              	.LASF93:
 2107 0523 5F736565 		.ascii	"_seed\000"
 2107      6400
 2108              	.LASF17:
 2109 0529 5F5F636F 		.ascii	"__count\000"
 2109      756E7400 
 2110              	.LASF118:
 2111 0531 5F5F6C6F 		.ascii	"__lock\000"
 2111      636B00
 2112              	.LASF18:
 2113 0538 5F5F7661 		.ascii	"__value\000"
 2113      6C756500 
 2114              	.LASF56:
 2115 0540 5F736565 		.ascii	"_seek\000"
 2115      6B00
 2116              	.LASF120:
 2117 0546 5F696D70 		.ascii	"_impure_ptr\000"
 2117      7572655F 
 2117      70747200 
 2118              	.LASF13:
ARM GAS  /var/folders/qd/4mxf5pkd0zdf0b9dd1hp39180000gn/T//ccjV5QAK.s 			page 42


 2119 0552 5F66706F 		.ascii	"_fpos_t\000"
 2119      735F7400 
 2120              	.LASF67:
 2121 055a 5F657272 		.ascii	"_errno\000"
 2121      6E6F00
 2122              	.LASF21:
 2123 0561 63686172 		.ascii	"char\000"
 2123      00
 2124              	.LASF30:
 2125 0566 5F5F746D 		.ascii	"__tm_min\000"
 2125      5F6D696E 
 2125      00
 2126              	.LASF129:
 2127 056f 73697A65 		.ascii	"size_t2int\000"
 2127      5F743269 
 2127      6E7400
 2128              	.LASF127:
 2129 057a 4E4F5F43 		.ascii	"NO_COMMAND\000"
 2129      4F4D4D41 
 2129      4E4400
 2130              	.LASF94:
 2131 0585 5F6D756C 		.ascii	"_mult\000"
 2131      7400
 2132              	.LASF123:
 2133 058b 41535345 		.ascii	"ASSERT_ERROR\000"
 2133      52545F45 
 2133      52524F52 
 2133      00
 2134              	.LASF23:
 2135 0598 5F6E6578 		.ascii	"_next\000"
 2135      7400
 2136              	.LASF97:
 2137 059e 5F737472 		.ascii	"_strtok_last\000"
 2137      746F6B5F 
 2137      6C617374 
 2137      00
 2138              	.LASF41:
 2139 05ab 5F666E74 		.ascii	"_fntypes\000"
 2139      79706573 
 2139      00
 2140              	.LASF95:
 2141 05b4 5F616464 		.ascii	"_add\000"
 2141      00
 2142              	.LASF22:
 2143 05b9 5F5F554C 		.ascii	"__ULong\000"
 2143      6F6E6700 
 2144              	.LASF121:
 2145 05c1 5F676C6F 		.ascii	"_global_impure_ptr\000"
 2145      62616C5F 
 2145      696D7075 
 2145      72655F70 
 2145      747200
 2146              	.LASF96:
 2147 05d4 5F756E75 		.ascii	"_unused_rand\000"
 2147      7365645F 
 2147      72616E64 
 2147      00
ARM GAS  /var/folders/qd/4mxf5pkd0zdf0b9dd1hp39180000gn/T//ccjV5QAK.s 			page 43


 2148              	.LASF26:
 2149 05e1 5F776473 		.ascii	"_wds\000"
 2149      00
 2150              	.LASF35:
 2151 05e6 5F5F746D 		.ascii	"__tm_wday\000"
 2151      5F776461 
 2151      7900
 2152              	.LASF89:
 2153 05f0 5F676C75 		.ascii	"_glue\000"
 2153      6500
 2154              	.LASF116:
 2155 05f6 5F6E6D61 		.ascii	"_nmalloc\000"
 2155      6C6C6F63 
 2155      00
 2156              	.LASF106:
 2157 05ff 5F6C3634 		.ascii	"_l64a_buf\000"
 2157      615F6275 
 2157      6600
 2158              	.LASF85:
 2159 0609 5F736967 		.ascii	"_sig_func\000"
 2159      5F66756E 
 2159      6300
 2160              	.LASF59:
 2161 0613 5F6E6275 		.ascii	"_nbuf\000"
 2161      6600
 2162              	.LASF117:
 2163 0619 5F756E75 		.ascii	"_unused\000"
 2163      73656400 
 2164              	.LASF37:
 2165 0621 5F5F746D 		.ascii	"__tm_isdst\000"
 2165      5F697364 
 2165      737400
 2166              	.LASF99:
 2167 062c 5F6C6F63 		.ascii	"_localtime_buf\000"
 2167      616C7469 
 2167      6D655F62 
 2167      756600
 2168              	.LASF57:
 2169 063b 5F636C6F 		.ascii	"_close\000"
 2169      736500
 2170              	.LASF102:
 2171 0642 5F723438 		.ascii	"_r48\000"
 2171      00
 2172              	.LASF104:
 2173 0647 5F6D6274 		.ascii	"_mbtowc_state\000"
 2173      6F77635F 
 2173      73746174 
 2173      6500
 2174              	.LASF79:
 2175 0655 5F703573 		.ascii	"_p5s\000"
 2175      00
 2176              	.LASF132:
 2177 065a 2F557365 		.ascii	"/Users/nicolas/Library/Mobile Documents/com~apple~C"
 2177      72732F6E 
 2177      69636F6C 
 2177      61732F4C 
 2177      69627261 
ARM GAS  /var/folders/qd/4mxf5pkd0zdf0b9dd1hp39180000gn/T//ccjV5QAK.s 			page 44


 2178 068d 6C6F7564 		.ascii	"loudDocs/Projects/Cours/epuck_project/Sources\000"
 2178      446F6373 
 2178      2F50726F 
 2178      6A656374 
 2178      732F436F 
 2179              	.LASF32:
 2180 06bb 5F5F746D 		.ascii	"__tm_mday\000"
 2180      5F6D6461 
 2180      7900
 2181              		.ident	"GCC: (GNU Tools for Arm Embedded Processors 7-2017-q4-major) 7.2.1 20170904 (release) [ARM
ARM GAS  /var/folders/qd/4mxf5pkd0zdf0b9dd1hp39180000gn/T//ccjV5QAK.s 			page 45


DEFINED SYMBOLS
                            *ABS*:0000000000000000 mod_secure_conv.c
/var/folders/qd/4mxf5pkd0zdf0b9dd1hp39180000gn/T//ccjV5QAK.s:18     .text.size_t2int:0000000000000000 $t
/var/folders/qd/4mxf5pkd0zdf0b9dd1hp39180000gn/T//ccjV5QAK.s:26     .text.size_t2int:0000000000000000 size_t2int
/var/folders/qd/4mxf5pkd0zdf0b9dd1hp39180000gn/T//ccjV5QAK.s:77     .text.size_t2int:000000000000002c $d
/var/folders/qd/4mxf5pkd0zdf0b9dd1hp39180000gn/T//ccjV5QAK.s:82     .text.int2size_t:0000000000000000 $t
/var/folders/qd/4mxf5pkd0zdf0b9dd1hp39180000gn/T//ccjV5QAK.s:90     .text.int2size_t:0000000000000000 int2size_t
/var/folders/qd/4mxf5pkd0zdf0b9dd1hp39180000gn/T//ccjV5QAK.s:140    .text.int2size_t:000000000000002c $d

UNDEFINED SYMBOLS
error
__stack_chk_fail
__stack_chk_guard
