ARM GAS  /var/folders/qd/4mxf5pkd0zdf0b9dd1hp39180000gn/T//ccrwoFze.s 			page 1


   1              		.cpu cortex-m0
   2              		.eabi_attribute 20, 1
   3              		.eabi_attribute 21, 1
   4              		.eabi_attribute 23, 3
   5              		.eabi_attribute 24, 1
   6              		.eabi_attribute 25, 1
   7              		.eabi_attribute 26, 1
   8              		.eabi_attribute 30, 2
   9              		.eabi_attribute 34, 0
  10              		.eabi_attribute 18, 4
  11              		.file	"chmsg.c"
  12              		.section	.gnu.lto_.profile.2c6aec443ef206b7,"",%progbits
  13 0000 789C6363 		.ascii	"x\234cc```\001bF\006\177\015\000\001>\000\203"
  13      60606001 
  13      6246067F 
  13      0D00013E 
  13      0083
  14              		.text
  15              		.section	.gnu.lto_.icf.2c6aec443ef206b7,"",%progbits
  16 0000 789C6363 		.ascii	"x\234cc``\020a@\000f\206\233\3477\254\342cj\275\370"
  16      60601061 
  16      40006686 
  16      9BE737AC 
  16      E2636ABD 
  17 0015 EF2517F3 		.ascii	"\357%\027\363\233\327\223.\3633\000\000gD\011\305"
  17      9BD7932E 
  17      F3330000 
  17      674409C5 
  18              		.text
  19              		.section	.gnu.lto_.jmpfuncs.2c6aec443ef206b7,"",%progbits
  20 0000 789C6D8D 		.ascii	"x\234m\215\273\011\200@\020Dgv\017#9\033\260\321\213"
  20      BB098040 
  20      10446776 
  20      0F23391B 
  20      B0D18B
  21 0013 0E635331 		.ascii	"\016cS1\262\013-\3006\004\013\260\007\361\263\247\302"
  21      B20B2DC0 
  21      36040BB0 
  21      07F1B3A7 
  21      C2
  22 0024 250EBC60 		.ascii	"%\016\274`\007\336N\001\240G\216BH\215\203\302\240\260"
  22      07DE4E01 
  22      A0478E42 
  22      488D83C2 
  22      A0B0
  23 0036 53EE5BB7 		.ascii	"S\356[\267\260\325A\205%G\326\340\354X\032\200H0'\335"
  23      B0D54185 
  23      2547D6E0 
  23      EC581A80 
  23      483027DD 
  24 004a 302E4B05 		.ascii	"0.K\005\261:i\307\332\234\362j\236\323\247\371G\323"
  24      B13A69C7 
  24      DA9CF26A 
  24      9ED3A7F9 
  24      47D3
  25 005c B441DB30 		.ascii	"\264A\3330\350\376~\004\346*\0027_\020\"\015"
  25      E8FE7E04 
ARM GAS  /var/folders/qd/4mxf5pkd0zdf0b9dd1hp39180000gn/T//ccrwoFze.s 			page 2


  25      E62A0237 
  25      5F10220D 
  26              		.text
  27              		.section	.gnu.lto_.inline.2c6aec443ef206b7,"",%progbits
  28 0000 789C6363 		.ascii	"x\234cc``\210c@\000f\006\006Q9FF\006\005F\006\006&\311"
  28      60608863 
  28      40006606 
  28      06513946 
  28      46060546 
  29 0018 15871919 		.ascii	"\025\207\031\0318o\2301\201d\230\270\031\030\030!\344"
  29      386F9831 
  29      816498B8 
  29      19181821 
  29      E4
  30 0029 043F2606 		.ascii	"\004?&\006A\001 G\342\300nF\006\266\005\362H\012\230"
  30      41012047 
  30      E2C06E46 
  30      06B605F2 
  30      480A98
  31 003c 19384032 		.ascii	"\0318@2,\013\344\341\022\314<@\311\011~\023\374\030"
  31      2C0BE4E1 
  31      12CC3C40 
  31      C9097E13 
  31      FC18
  32 004e 00E7590A 		.ascii	"\000\347Y\012\\"
  32      5C
  33              		.text
  34              		.section	.gnu.lto_.pureconst.2c6aec443ef206b7,"",%progbits
  35 0000 789C6363 		.ascii	"x\234cc``\340\002bf\206]\214L\273\030\231w1\002\000"
  35      6060E002 
  35      6266865D 
  35      8C4CBB18 
  35      99773102 
  36 0015 0C2F024A 		.ascii	"\014/\002J"
  37              		.text
  38              		.section	.gnu.lto_chMsgSend.2c6aec443ef206b7,"",%progbits
  39 0000 789C9555 		.ascii	"x\234\225U[L\034e\024\376\317\374\263\263\013\354\242"
  39      5B4C1C65 
  39      14FECFFC 
  39      B3B30BEC 
  39      A2
  40 0011 34C6874A 		.ascii	"4\306\207Jp\211\022$1\254\017\304\007\323\027\323\304"
  40      70891224 
  40      31AC0FC4 
  40      07D317D3 
  40      C4
  41 0022 E8032FF6 		.ascii	"\350\003/\366I_|X\210\220\310\245\354\226\264\211\011"
  41      495F7C58 
  41      8890C8A5 
  41      EC96B489 
  41      09
  42 0033 03BB045A 		.ascii	"\003\273\004Z\264\365R\300n7\272\272Rj\250\320*\367"
  42      B4F552C0 
  42      6E37BABA 
  42      526AA8D0 
  42      2AF7
  43 0045 5258A1A5 		.ascii	"RX\241\245(7\213\024(]\267\010R\313\265\255\017\242"
ARM GAS  /var/folders/qd/4mxf5pkd0zdf0b9dd1hp39180000gn/T//ccrwoFze.s 			page 3


  43      28378B14 
  43      285DB708 
  43      52CBB5AD 
  43      0FA2
  44 0057 AD52CFF9 		.ascii	"\255R\317\371ghw\027\260u\302\0163\3779\347;\347|\347"
  44      67687717 
  44      B075C20E 
  44      33FF39E7 
  44      3BE77CE7 
  45 006b 320A63EC 		.ascii	"2\012c\354\204\211\261\020\376\317\300\037\030\030H"
  45      8489B110 
  45      FECFC01F 
  45      181848
  46 007a 1F8C3056 		.ascii	"\037\2140Vj\222$\276\226\300\324X\371\330.\246\2329"
  46      6A9224BE 
  46      96C0D458 
  46      F9D82EA6 
  46      9A39
  47 008c C8DAB10C 		.ascii	"\310\332\261\014@\017\252\011X\211\304e(\201\367\370"
  47      400FAA09 
  47      5889C465 
  47      2881F7F8 
  48 009c 510E97DC 		.ascii	"Q\016\227\334\247\275\274\212{9\003\031_o\017{\346\342"
  48      A7BDBC8A 
  48      7B390319 
  48      5F6F0F7B 
  48      E6E2
  49 00ae E915C08A 		.ascii	"\351\025\300\212\257u\347\\]\220V\257\342\025\250\015"
  49      AF75E75C 
  49      5D9056AF 
  49      E215A80D 
  50 00be 29F5AEF2 		.ascii	")\365\256\362W\275\\b5\250\335\014\211\360-$\222\357"
  50      57BD5C62 
  50      35A8DD0C 
  50      89F02D24 
  50      92EF
  51 00d0 164843DD 		.ascii	"\026HC\335\363\363\177\217\305\361$`\370<\350\036\234"
  51      F3F37F8F 
  51      C5F12460 
  51      F83CE81E 
  51      9C
  52 00e1 5252EB54 		.ascii	"RR\353T\265L\015\004\375\\}\326\3139\264\002\0177\304"
  52      B54C0D04 
  52      FD5C7DD6 
  52      CB39B402 
  52      0F37C4
  53 00f4 23066D90 		.ascii	"#\006m\220\212\352C\247;&e\236,L\253[]'9\231\242\313"
  53      8AEA43A7 
  53      3B26659E 
  53      2C4CAB5B 
  53      5D273999 
  54 010a E52F85A9 		.ascii	"\345/\205\251\004\355\321\246\022\203\016H%\375\241"
  54      04EDD1A6 
  54      12830E48 
  54      25FDA1
  55 0119 F5E6D158 		.ascii	"\365\346\321X\236\"l\017]\353Y3\246\370\205\333\376"
  55      9E226C0F 
ARM GAS  /var/folders/qd/4mxf5pkd0zdf0b9dd1hp39180000gn/T//ccrwoFze.s 			page 4


  55      5DEB5933 
  55      A6F885DB 
  55      FE
  56 012a E33B3F77 		.ascii	"\343;?w\251\003\252L\256;#\355\351B\365\3313\353\325"
  56      A903AA4C 
  56      AE3B23ED 
  56      E942F5D9 
  56      33EBD5
  57 013d 164586B3 		.ascii	"\026E\206\263\220\342\343\214\262\302d\272@\201\373"
  57      90E2E38C 
  57      B2C264BA 
  57      4081FB
  58 014c 32B70863 		.ascii	"2\267\010c\325\253\210\363\032\016af\014\316\241j7("
  58      D5AB88F3 
  58      1A0E6166 
  58      0CCEA16A 
  58      3728
  59 015e 2C4A7D70 		.ascii	",J}p\376%\254F7\351K\233d\3072\336d\320C2\036\201\025"
  59      FE25AC46 
  59      37E94B9B 
  59      64C732DE 
  59      64D04332 
  60 0175 40ACEF10 		.ascii	"@\254\357\020\213n\200aPPMc\206\200\272~\257\002\271"
  60      8B6E8061 
  60      50504D63 
  60      8680BA7E 
  60      AF02B9
  61 0188 4FF2342F 		.ascii	"O\3624/L=\363\004`\352\262\2047\003z@\015\005\210\006"
  61      4C3DF304 
  61      60EAB284 
  61      37037A40 
  61      0D058806 
  62 019c 13108F66 		.ascii	"\023\020\217fA\211E\360\312*\361\207\345V\003\354 \006"
  62      418945F0 
  62      CA2AF187 
  62      E55603EC 
  62      2006
  63 01ae 814FAE00 		.ascii	"\201O\256\000[\204\262\316\205v\277\221R\361p\003z\257"
  63      5B84B2CE 
  63      8576BF91 
  63      52F17003 
  63      7AAF
  64 01c0 29EF1D35 		.ascii	")\357\0355R\265\025\221XG\307\362Uc\311?\252\011\017"
  64      52B51591 
  64      5847C7F2 
  64      5563C93F 
  64      AA090F
  65 01d3 7C982B9D 		.ascii	"|\230+\2355\273n\177\024\357\203O\301\313\215\320\207"
  65      35BB6E7F 
  65      14EF834F 
  65      C1CB8DD0 
  65      87
  66 01e4 5DD34BFC 		.ascii	"]\323K\374\241\240\365b\360\256\311\3665e\345kD\251"
  66      A1A0F562 
  66      F0AEC9F6 
  66      3565E56B 
  66      44A9
ARM GAS  /var/folders/qd/4mxf5pkd0zdf0b9dd1hp39180000gn/T//ccrwoFze.s 			page 5


  67 01f6 09CE830F 		.ascii	"\011\316\203\017\252\271\316\355\235IW\271\244\211\255"
  67      AAB9CEED 
  67      9D4957B9 
  67      A489AD
  68 0205 54810B60 		.ascii	"T\201\013`\253&H\006\375`c\327\241\314W,\250\306$0\026"
  68      AB264806 
  68      FD6063D7 
  68      A1CC572C 
  68      A8C62430 
  69 021a B604A5B3 		.ascii	"\266\004\245\263MG\202\023\321\324\177\374\347\006\365"
  69      4D478213 
  69      D1D47FFC 
  69      E706F5
  70 0229 F2262ACB 		.ascii	"\362&*\313mH\302E\222\0316\323\374\302\033\014\006H"
  70      6D48C245 
  70      921936D3 
  70      FCC21B0C 
  70      0648
  71 023b A644D0FC 		.ascii	"\246D\320\374=\272\374\201h\246\033\003\346#\207'\273"
  71      3DBAFC81 
  71      68A61B03 
  71      E6238727 
  71      BB
  72 024c FBE6CDC9 		.ascii	"\373\346\315\311_\301g\352'\030k\014\031\374\336\370"
  72      5FC167EA 
  72      27186B0C 
  72      19FCDEF8 
  73 025c CDE53864 		.ascii	"\315\3458d\232\301 $\343}\010d\342\317\363\327\0277"
  73      9AC12024 
  73      E37D0864 
  73      E2CFF3D7 
  73      1737
  74 026e 6F010514 		.ascii	"o\001\005\024\316\236\326\026]\275\303\375\0122UJ\214"
  74      CE9ED616 
  74      5DBDC3FD 
  74      0A32554A 
  74      8C
  75 027f ECF4F258 		.ascii	"\354\364\362X\314\013\206u\266\306+\246Bq\367\351\220"
  75      CC0B8675 
  75      B6C62BA6 
  75      4271F7E9 
  75      90
  76 0290 60447025 		.ascii	"`Dp%\021\037\243`\363`\224\210~\247b\245\255\031\264"
  76      111FA360 
  76      F3609488 
  76      7EA762A5 
  76      AD19B4
  77 02a3 F24034E2 		.ascii	"\362@4\342,\325\0361M\333`\306\301\217\002\223k\374"
  77      2CD51E31 
  77      4DDB60C6 
  77      C18F0293 
  77      6BFC
  78 02b5 370C2F86 		.ascii	"7\014/\206\024\254%\231\266byd\270\204\2743\030\203"
  78      14AC2599 
  78      B6627964 
  78      B884BC33 
  78      1883
ARM GAS  /var/folders/qd/4mxf5pkd0zdf0b9dd1hp39180000gn/T//ccrwoFze.s 			page 6


  79 02c7 1272357E 		.ascii	"\022r5~\250\303\240\247\361?\3426\303O\302\207\254\371"
  79      A8C3A0A7 
  79      F13FE236 
  79      C34FC287 
  79      ACF9
  80 02d9 08D6F9CB 		.ascii	"\010\326\371\3136Z \337\313-0NE6PR\227))\020u\276\367"
  80      365A20DF 
  80      CB2D304E 
  80      45365052 
  80      97292910 
  81 02f0 3ED73D2D 		.ascii	">\327=-U\016\324\233\364\361\\\367\304{\324\200\333"
  81      550ED49B 
  81      F4F15CF7 
  81      C47BD480 
  81      DB
  82 0301 BAC562A0 		.ascii	"\272\305b\240\013&\264\276\210\004\010\036\017\255\307"
  82      0B26B4BE 
  82      8804081E 
  82      0FADC7
  83 0310 F03320F8 		.ascii	"\3603 \370\036:\322\370a\334&4\031&\267@\233\"4\320"
  83      1E3AD2F8 
  83      61DC2634 
  83      1926B740 
  83      9B2234D0 
  84 0324 2AB87221 		.ascii	"*\270r!\350\331\025\325/\265\353\012'%r\253\367\233"
  84      E8D915D5 
  84      2FB5EB0A 
  84      272572AB 
  84      F79B
  85 0336 31A26FAE 		.ascii	"1\242o\256`\337LS\337LGp\006\333\3235\323V\273\243\301"
  85      60DF4C53 
  85      DF4C4770 
  85      06DBD335 
  85      D356BBA3 
  86 034b 0F94DF55 		.ascii	"\017\224\337UA\232\"P\030\0045j\3044v\266\234\002\202"
  86      419A2250 
  86      1804356A 
  86      C43476B6 
  86      9C0282
  87 035e F4700B5A 		.ascii	"\364p\013Z\267\014\006\246EC\311\360\034\225\260\366"
  87      B70C06A6 
  87      4543C9F0 
  87      1C95B0F6 
  88 036e 8F2AAE39 		.ascii	"\217*\2569\211\243\272\377\254;i\032_Y\344a\243\025"
  88      89A3BAFF 
  88      AC3B691A 
  88      5F59E461 
  88      A315
  89 0380 12F0461D 		.ascii	"\022\360F\035\376\032\226Y\024x\201?z\260\276'\011h"
  89      FE1A9659 
  89      1478813F 
  89      7AB0BE27 
  89      0968
  90 0392 46009974 		.ascii	"F\000\231t\240_(N\213\340l\341lK;l\211f\331\022\255"
  90      A05F284E 
  90      8BE06CE1 
  90      6C4B3B6C 
ARM GAS  /var/folders/qd/4mxf5pkd0zdf0b9dd1hp39180000gn/T//ccrwoFze.s 			page 7


  90      8966D912 
  91 03a7 98D06623 		.ascii	"\230\320f#\262\236#4\203\206\326\325\362\256\016\366"
  91      B29E2334 
  91      8386D6D5 
  91      F2AE0EF6 
  92 03b7 0829524B 		.ascii	"\010)RKr\3705\"\307y\015\014\233c\246\252\307.\366\010"
  92      72F83522 
  92      C7790D0C 
  92      9B63A6AA 
  92      C72EF608 
  93 03cb 158E0EAC 		.ascii	"\025\216\016\254\342m\212\336\004\303\003~E\033()\252"
  93      E26D8ADE 
  93      04C3037E 
  93      451B2829 
  93      AA
  94 03dc D5ADFF39 		.ascii	"\325\255\3779M\361p]x\214\241\356\371\015)\235\007\367"
  94      4DF1705D 
  94      788CA1EE 
  94      F90D299D 
  94      07F7
  95 03ee 745FC603 		.ascii	"t_\306\003\250\225\211\206S\342\273\031\017\361pC\357"
  95      A8958986 
  95      53E2BB19 
  95      0FF17043 
  95      EF
  96 03ff B383387D 		.ascii	"\263\2038}k\011\270j\227\301\355\253?,&,j\261>V\203"
  96      6B09B86A 
  96      97C1EDAB 
  96      3F2C262C 
  96      6AB13E56 
  97 0414 043358C0 		.ascii	"\0043X\3001D\357^\376\2700\223\365\025MvM\207\371\026"
  97      3144EF5E 
  97      FEB83093 
  97      F5154D76 
  97      4D87F916 
  98 0428 76093514 		.ascii	"v\0115\024\013,\242\035\012\356\3368z\005\310\273\001"
  98      0B2CA21D 
  98      0AEEDE38 
  98      7A05C8BB 
  98      01
  99 0439 CCB00489 		.ascii	"\314\260\004\211^\276CKwhN\337\037\346\350\311.b\017"
  99      5EBE434B 
  99      77684EDF 
  99      1FE6E8C9 
  99      2E620F
 100 044c 19EDE5F0 		.ascii	"\031\355\345\360\321n\\)\033\221\365\002\234\000\332"
 100      D16E5C29 
 100      1B91F502 
 100      9C00DA
 101 045b 582B34DB 		.ascii	"X+4\333\261D\307\252\276\300\223\004\325\370\315Ao\372"
 101      B144C7AA 
 101      BEC09304 
 101      D5F8CD41 
 101      6FFA
 102 046d 026F9D00 		.ascii	"\002o\235\000\361\025\303\315:\361\320\315zSl\326[\270"
 102      F115C3CD 
 102      3AF1D0CD 
ARM GAS  /var/folders/qd/4mxf5pkd0zdf0b9dd1hp39180000gn/T//ccrwoFze.s 			page 8


 102      7A536CD6 
 102      5BB8
 103 047f 5957A990 		.ascii	"YW\251\220\243}z\245\314De%\216\010r\202zO\245\247\333"
 103      A37D7AA5 
 103      CC446525 
 103      8E087282 
 103      7A4FA5A7 
 104 0494 B4BF0287 		.ascii	"\264\277\002\207\255\310is\024\331m\366\234<\307\333"
 104      ADC86973 
 104      14D96DF6 
 104      9C3CC7DB 
 105 04a4 E9762639 		.ascii	"\351v&9\0139>q\273\263\360\351(\265\334|\373;\373\262"
 105      0B393E71 
 105      BBB3F0E9 
 105      28B5DC7C 
 105      FB3BFBB2 
 106 04b8 B251D571 		.ascii	"\262Q\325q\300\221\236\303\322\242\344\205\005EN\207"
 106      C0919EC3 
 106      D2A2E485 
 106      05454E87 
 107 04c8 EDE5D733 		.ascii	"\355\345\3273wg\356G%{AQ\366[\305/\346\241\346\363\341"
 107      7767EE47 
 107      257B4151 
 107      F65BC52F 
 107      E6A1E6F3 
 108 04dd 9AD9FB9D 		.ascii	"\232\331\373\235\266\335\231{^\333\363\000\2204\355"
 108      B6DD997B 
 108      5EDBF300 
 108      9034ED
 109 04ec 79AFECCB 		.ascii	"y\257\354\313\267\243\262\311^\350\310\315\262\3462"
 109      B7A3B2C9 
 109      5EE8C8CD 
 109      B2E632
 110 04fb 635E765E 		.ascii	"c^v^A\321\001\306\235{\013\255\333\307b\317\311\332"
 110      41D101C6 
 110      9D7B0BAD 
 110      DBC762CF 
 110      C9DA
 111 050d B0CA46AB 		.ascii	"\260\312F\253\177\001We\033\215"
 111      7F015765 
 111      1B8D
 112              		.text
 113              		.section	.gnu.lto_chMsgWait.2c6aec443ef206b7,"",%progbits
 114 0000 789C8D55 		.ascii	"x\234\215U]L\034U\024\276g\356\354\354\037P\236\210"
 114      5D4C1C55 
 114      14BE67EE 
 114      ECEC1F50 
 114      9E88
 115 0012 A944B70F 		.ascii	"\251D\267\017$\222\030\306\007\342C\037LL\023\023\037"
 115      249218C6 
 115      07E2431F 
 115      4C4C1313 
 115      1F
 116 0023 78B1D144 		.ascii	"x\261\321D_L\272\020!\221\202,mZ_\030vi\000\251\326"
 116      5F4CBA10 
 116      2191822C 
 116      6D5A5F18 
ARM GAS  /var/folders/qd/4mxf5pkd0zdf0b9dd1hp39180000gn/T//ccrwoFze.s 			page 9


 116      766900A9 
 117 0038 9F02CD76 		.ascii	"\237\002\315v\225U\036\332D\244\376\000\012\"]\227\026"
 117      95551EDA 
 117      44A4FE00 
 117      0A225D97 
 117      16
 118 0049 B0FCB445 		.ascii	"\260\374\264E\240\025\220\"\177\302\362\243\250A[\333"
 118      A0159022 
 118      7FC2F2A3 
 118      A8415BDB 
 119 0059 C573EE9D 		.ascii	"\305s\356\235Rv\201\012\201af\316\271\3379\337w\276"
 119      5276810A 
 119      816166CE 
 119      B9DF39DF 
 119      77BE
 120 006b 7B47638C 		.ascii	"{Gc\214\275hcl\015\377g\342\037X\030(\357\0160VjS\024"
 120      BD68636C 
 120      0DFF67E2 
 120      1F581828 
 120      EF0E3056 
 121 0082 1EDEC30C 		.ascii	"\036\336\303\014\207:\360\0143\0228\250\362\265\012"
 121      873AF00C 
 121      331238A8 
 121      F2B50A
 122 0091 4037860D 		.ascii	"@7\206\015X\211\302U(\201\223\3744\207\353e\237\007"
 122      5889C255 
 122      288193FC 
 122      3487EB65 
 122      9F07
 123 00a3 78150F70 		.ascii	"x\025\017p\006*>\256\366\373\247\223\350\021\300\205"
 123      062A3EAE 
 123      F6FBA793 
 123      E811C085 
 124 00b3 8F4B2B5D 		.ascii	"\217K+]M\011\351\347\014\303k\204j\177\267\236m\272"
 124      4D09E9E7 
 124      0CC36B84 
 124      6A7FB79E 
 124      6DBA
 125 00c5 66D8035C 		.ascii	"f\330\003\\a5\230\336\004\251\360\025\244R\361fHg\230"
 125      613598DE 
 125      04A9F015 
 125      A452F166 
 125      486798
 126 00d8 7D69F6EE 		.ascii	"}i\366\356\240\223?\006t\277X\321s\316\226V/V\016\324"
 126      A0933F06 
 126      74BF58D1 
 126      73CE9656 
 126      2F560ED4 
 127 00ec EDFDD867 		.ascii	"\355\375\330g\364\030*.\205\026\340\261\253\031\245"
 127      F4182A2E 
 127      8516E0B1 
 127      AB19A5
 128 00fb 4F7D11AD 		.ascii	"O}\021\255N\324T\370\032\322\010\0341\277\001\0156\002"
 128      4ED454F8 
 128      1AD2081C 
 128      31BF010D 
 128      3602
ARM GAS  /var/folders/qd/4mxf5pkd0zdf0b9dd1hp39180000gn/T//ccrwoFze.s 			page 10


 129 010d 6506FE84 		.ascii	"e\006\376\204\006\316k\342}\015\207Mk\030\264bj\033"
 129      06CE6BE2 
 129      7D0D874D 
 129      6B18B462 
 129      6A1B
 130 011f 682C2EBD 		.ascii	"h,.\275wf?\252\322F\371\312\226\330\231\314W\030|K1"
 130      77663FAA 
 130      D246F9CA 
 130      96D899CC 
 130      57187C4B 
 131 0134 1E83D58E 		.ascii	"\036\203\325\216X\337!\026]\000\333\210\243r\353CWC"
 131      58DF2116 
 131      5D00DB88 
 131      A372EB43 
 131      5743
 132 0146 7DF9DB46 		.ascii	"}\371\333F\320\233\274\003\031\350\200\264\013\203\226"
 132      D09BBC03 
 132      19E880B4 
 132      0B8396
 133 0155 90115D2F 		.ascii	"\220\021]/G\321\222\353\326\346O\246%\003\303t\205."
 133      47D192EB 
 133      D6E64FA6 
 133      2503C374 
 133      852E
 134 0167 1C2F5CA3 		.ascii	"\034/\\\243;;\3359\304\002'=3V\201\314qHF\210U\342#"
 134      3B3BDD39 
 134      C402273D 
 134      335681CC 
 134      71484688 
 135 017e DEF9426C 		.ascii	"\336\371Bl\021J\247\376<=>\022/\306\007kVS\014u\013"
 135      114AA7FE 
 135      3C3D3E12 
 135      2FC6076B 
 135      56530C75 
 136 0193 B9321D89 		.ascii	"\2712\035\211_\244\230e+\361\247^f\020\242\230\026C"
 136      5FA49865 
 136      2BF1A75E 
 136      6610A298 
 136      1643
 137 01a5 FC7BE41B 		.ascii	"\374{\344\033&\342ta\300Z\251\340\371\216\316\331\204"
 137      26E27461 
 137      C05AA9E0 
 137      F98ECED9 
 137      84
 138 01b6 7D61A833 		.ascii	"}a\2503\316\270\002\262\320\037\215_\016;Ul\026:a\037"
 138      CEB802B2 
 138      D01F8D5F 
 138      0E3B556C 
 138      163A611F 
 139 01ca 5E2F81CA 		.ascii	"^/\201\312\"\340m\273\355]\017\0015\344\347\264\262"
 139      22E06DBB 
 139      ED5D0F01 
 139      35E4E7B4 
 139      B2
 140 01db E644F8AA 		.ascii	"\346D\370\252\225\214d\021\263jm]\032\263\226\3343l"
 140      958C6411 
 140      B36A6D5D 
ARM GAS  /var/folders/qd/4mxf5pkd0zdf0b9dd1hp39180000gn/T//ccrwoFze.s 			page 11


 140      1AB396DC 
 140      336C
 141 01ed F822C8E5 		.ascii	"\370\"\310\345\314\233|\253\357'\005\341#\010p\015\272"
 141      CC9B7CAB 
 141      EF2705E1 
 141      2308700D 
 141      BA
 142 01fe D0909749 		.ascii	"\320\220\227IB\014\264t\217\377k\323?\243~\203S\030"
 142      420CB474 
 142      8FFF6BD3 
 142      3FA37E83 
 142      5318
 143 0210 B5423704 		.ascii	"\265B7\004\241\232\233^\271s\303wB1\303\207h\012=\240"
 143      A19A9B5E 
 143      B973C377 
 143      4231C387 
 143      680A3DA0 
 144 0224 57A325B0 		.ascii	"W\243%\260\231\037@gs\340uQ\037q\223\353\252Ky\250\011"
 144      991F4067 
 144      73E07551 
 144      1F7193EB 
 144      AA4B79A8 
 145 0239 E10AA461 		.ascii	"\341\012\244a\353\222\213\277{x\325\032\247\\\355?\326"
 145      EB928BBF 
 145      7B78D51A 
 145      A75CED3F 
 145      D6
 146 024a 4728C954 		.ascii	"G(\311T\335\032\243^/\252\327G\352\365\221\000\332f"
 146      DD1AA35E 
 146      2FAAD747 
 146      EAF59100 
 146      DA66
 147 025c 01142140 		.ascii	"\001\024!@{\270\277K\223dmX\006\372M\256C\3457'\234"
 147      7BB8BF4B 
 147      93646D58 
 147      06FA4DAE 
 147      43E53727 
 148 0271 92CCE462 		.ascii	"\222\314\344b \305\377R\200\333a@\320U\004,%5.{\007"
 148      20C5FF52 
 148      80DB6140 
 148      D055042C 
 148      25352E7B 
 149 0286 54937114 		.ascii	"T\223q\024\010\362*Q\3462\001\256!kl\373N\371B\242\254"
 149      08F22A51 
 149      E63201AE 
 149      216B6CFB 
 149      4EF942A2 
 150 029b 6FDF5DC1 		.ascii	"o\337]\301\340\034\247j\327\343\252}\332\037\231\320"
 150      E01CA76A 
 150      D7E3AA7D 
 150      DA1F99D0 
 151 02ab 705694D1 		.ascii	"pV\224\321\206\031\034\006A\227\225~\204\022\322w\262"
 151      86191C06 
 151      4197957E 
 151      8412D277 
 151      B2
 152 02bc EAAE4F13 		.ascii	"\352\256O\023;\224\364`\263P6\332\231)gO\325\205\236"
ARM GAS  /var/folders/qd/4mxf5pkd0zdf0b9dd1hp39180000gn/T//ccrwoFze.s 			page 12


 152      3B94F460 
 152      B35036DA 
 152      9929674F 
 152      D5859E
 153 02cf 95D85E78 		.ascii	"\225\330^x\017\032x\011\312\202\177\237\262P8\316\011"
 153      0F1A7809 
 153      CA827F9F 
 153      B25038CE 
 153      09
 154 02e0 8E1A8E47 		.ascii	"\216\032\216G\030\014!(\006\356\215\227F\025\022\314"
 154      180C2128 
 154      06EE8D97 
 154      461512CC 
 155 02f0 0949300C 		.ascii	"\011I0\014\251\001\236 `Ts#\320`\026\326\247\223d\035"
 155      A9019E20 
 155      60547323 
 155      D06016D6 
 155      A793641D 
 156 0304 6537A61A 		.ascii	"e7\246\032\331\336T.\262\324\215\035,\345\"yon8\352"
 156      D9DE542E 
 156      B2D48D1D 
 156      2CE52279 
 156      6F6E38EA 
 157 0318 A7FBDA56 		.ascii	"\247\373\332VrY\230o\322\266\224$\372\204\2665J\254"
 157      7259986F 
 157      D2B69424 
 157      FA84B635 
 157      4AAC
 158 032a 6C27B18B 		.ascii	"l'\261\213\004\0365\005f\361\352\036\"q\307\260\002"
 158      041E3505 
 158      66F1EA1E 
 158      2271C7B0 
 158      02
 159 033b 8371A9EC 		.ascii	"\203q\251\354}\347\216\237\235\210\332y\004\204w\372"
 159      7DE78E9F 
 159      9D88DA79 
 159      048477FA 
 160 034b 4E35BEE7 		.ascii	"N5\276\347\334jc\016?oc\343\011\2621\2276\036\363\315"
 160      DC6A630E 
 160      3F6F63E3 
 160      09B23197 
 160      361EF3CD 
 161 035f F8F7C7DB 		.ascii	"\370\367\307\3338j\325(\311\264\261}\363\351\333A\257"
 161      386AD528 
 161      C9B4B17D 
 161      F3E9DB41 
 161      AF
 162 0370 6FE15827 		.ascii	"o\341X'i\330\223D\327\201\341\346\336\320\250\2602\207"
 162      69D89344 
 162      D781E1E6 
 162      DED0A8B0 
 162      3287
 163 0382 278841ED 		.ascii	"'\210A\355Z\025\227\022\333\211\366/&\355\013C\313\021"
 163      5A159712 
 163      DB89F62F 
 163      26ED0B43 
 163      CB11
ARM GAS  /var/folders/qd/4mxf5pkd0zdf0b9dd1hp39180000gn/T//ccrwoFze.s 			page 13


 164 0394 6E5AF9B7 		.ascii	"nZ\371\267w\222\033\352\235$\345\224 \317\005.\203i"
 164      77921BEA 
 164      9D24E594 
 164      20CF052E 
 164      8369
 165 03a6 B9418347 		.ascii	"\271A\203G\011\235\352a\0059\331+\315\015 K:\267\270"
 165      099DEA61 
 165      0539D92B 
 165      CD0D204B 
 165      3AB7B8
 166 03b9 D7B183B4 		.ascii	"\327\261\203\264\012\314\010t\325D\237\225\303\032z"
 166      0ACC0874 
 166      D5449F95 
 166      C31A7A
 167 03c8 EB3627A8 		.ascii	"\3536'\250\335\365\032\334K@s1m\376\012:\366AX\376\205"
 167      DDF51ADC 
 167      4B407331 
 167      6DFE0A3A 
 167      F64158FE 
 168 03dd DEE67630 		.ascii	"\336\346v0\321b\273rn\273\247\336$\264y\201f1\321\026"
 168      D162BB72 
 168      6EBBA7DE 
 168      24B47981 
 168      6631D116 
 169 03f1 088DCB8D 		.ascii	"\010\215\313\215\263\336)\016I1\201\215\201\013\341"
 169      B3DE290E 
 169      4931818D 
 169      810BE1
 170 0400 1F3CD147 		.ascii	"\037<\321G\220j\3775_1k5\015\021c\271\224\207\252\222"
 170      906AFF35 
 170      5F316B35 
 170      0D1163B9 
 170      9487AA92 
 171 0414 0811515E 		.ascii	"\010\021Q^#;,\202\216\011\365\221\326N\213\334[\211"
 171      233B2C82 
 171      8E09F591 
 171      D64E8BDC 
 171      5B89
 172 0426 B084ABE4 		.ascii	"\260\204\253\344W\245e\004\304\307\016\217\373\225\377"
 172      57A56504 
 172      C4C70E8F 
 172      FB95FF
 173 0435 3DEE97C5 		.ascii	"=\356\227\305q\277\202\307\375\012\021\251\272\254\311"
 173      71BF82C7 
 173      FD0A11A9 
 173      BAACC9
 174 0444 0DE120DB 		.ascii	"\015\341 \333U\340n\301m\212y\217fd\350\362\267\300"
 174      55E06EC1 
 174      6D8A798F 
 174      6664E8F2 
 174      B7C0
 175 0456 A31715EB 		.ascii	"\243\027\025\353\236\"\267\356\316\315\367\274\226\341"
 175      9E22B7EE 
 175      CECDF7BC 
 175      96E1
 176 0464 664A71E1 		.ascii	"fJq\341\343q\341\274\303\356\327\217d\347`\212\347\270"
 176      E371E1BC 
ARM GAS  /var/folders/qd/4mxf5pkd0zdf0b9dd1hp39180000gn/T//ccrwoFze.s 			page 14


 176      C3EED78F 
 176      64E7608A 
 176      E7B8
 177 0476 272397A5 		.ascii	"'#\227\245\307\305\013\013\212\212=\372\263/d\035\310"
 177      C7C50B0B 
 177      8A8A3DFA 
 177      B32F641D 
 177      C8
 178 0487 3A8649EE 		.ascii	":\206I\356\202\242\234W\217>\235\217\231\256\235\221"
 178      82A29C57 
 178      8F3E9D8F 
 178      99AE9D91 
 179 0497 DCB9D998 		.ascii	"\334\271\331\230\360\344\346\204\234c\305\372\201\254"
 179      F0E4E684 
 179      9C63C5FA 
 179      81AC
 180 04a5 83CF1F7C 		.ascii	"\203\317\037|\220GP\356\374\347\216\034vc\262\315]\350"
 180      904750EE 
 180      FCE78E1C 
 180      7663B2CD 
 180      5DE8
 181 04b7 C9CB76E5 		.ascii	"\311\313v\3451k~N~A\321q\266s\243\304%\227\361\3427"
 181      316B7E4E 
 181      7E41D171 
 181      B673A3C4 
 181      2597F1E2 
 182 04cc 0AC5A21C 		.ascii	"\012\305\242\034\\\364\037\250%\015\003"
 182      5CF41FA8 
 182      250D03
 183              		.text
 184              		.section	.gnu.lto_chMsgRelease.2c6aec443ef206b7,"",%progbits
 185 0000 789C8552 		.ascii	"x\234\205R]H\024Q\024>g\356\354\354\242\026=E\240\324"
 185      5D481451 
 185      143E67EE 
 185      ECECA216 
 185      3D45A0D4 
 186 0014 0A2D22C4 		.ascii	"\012-\"\304N\017\321Co!\004=\370\222O\365\322\303\270"
 186      4E0FD143 
 186      6F21043D 
 186      F8924FF5 
 186      D2C3B8
 187 0027 A4D0BAB2 		.ascii	"\244\320\272\262\263\206>\355\250k\256\030\022\224\233"
 187      B3863EED 
 187      A86BAE18 
 187      12949B
 188 0036 C840828A 		.ascii	"\310@\202\212\262\201\331\237\271\375\330\244\346Oj"
 188      B281D99F 
 188      B9FDD8A4 
 188      E64F6A
 189 0045 A8A449F5 		.ascii	"\250\244I\365 \226B(B\275\364\342O\347\214[\352n\321"
 189      20964228 
 189      42BDF4E2 
 189      4FE78C5B 
 189      EA6ED1
 190 0058 3073E7DE 		.ascii	"0s\347\336{\276\363\335\357|\347*\000\320$\000\346\350"
 190      7BBEF3DD 
 190      EF7CE72A 
ARM GAS  /var/folders/qd/4mxf5pkd0zdf0b9dd1hp39180000gn/T//ccrwoFze.s 			page 15


 190      00D02400 
 190      E6E8
 191 006a 9F4D1F0A 		.ascii	"\237M\037\012@\351\346;\200j\227\204\310\023\303\205"
 191      40E9E63B 
 191      806A9784 
 191      C813C385 
 192 007a 1096308C 		.ascii	"\020\2260\2147\304m\201\203\365+\011)\277\313\240\307"
 192      37C46D81 
 192      83F52B09 
 192      29BFCBA0 
 192      C7
 193 008b BA339D71 		.ascii	"\2723\235q\335\250;bRz\214>~\360\021\346\023j&\322k"
 193      DDA83B62 
 193      527A8C3E 
 193      7EF011E6 
 193      136A26D2 
 194 00a0 8A46610A 		.ascii	"\212Fa\012D\231\226\337\247Z\277\034\344\245\204nZ\016"
 194      449996DF 
 194      A75ABF1C 
 194      E4A5846E 
 194      5A0E
 195 00b2 2F6FCC66 		.ascii	"/o\314f\212\243\0104\237\210L,(y\235\206QcXk\355\302"
 195      8AA30834 
 195      9F884C2C 
 195      28799D86 
 195      5163586B 
 196 00c8 386E0A81 		.ascii	"8n\012\201}(\210\020\237`\016>\306\034\240-\300\247"
 196      7D288810 
 196      9F600E3E 
 196      C61CA02D 
 196      C0A7
 197 00da 9847F0C9 		.ascii	"\230G\360\311\336\304\007Y\344\332\251\315}\265\335"
 197      DEC40759 
 197      E4DAA9CD 
 197      7DB5DD
 198 00e9 825349CA 		.ascii	"\202SI\312F\207\235*c\177j\252\014\230\300<\306/=\330"
 198      46879D2A 
 198      637F6AAA 
 198      0C98C03C 
 198      C62F3DD8 
 199 00fd 6A3EA0C8 		.ascii	"j>\240\310m\277\345\3423T\360\317~\304\346Y\217+\366"
 199      6DBFE5E2 
 199      3354F0CF 
 199      7EC4E659 
 199      8F2BF6
 200 0110 7E4CE09E 		.ascii	"~L\340\236\024\300\347\004}\201\012\244\300W\277\236"
 200      14C0E704 
 200      7D810AA4 
 200      C057BF9E 
 201 0120 71000762 		.ascii	"q\000\007bBJ\213\265\234\272\004\370\222cb\037\327\000"
 201      424A8BB5 
 201      9CBA04F8 
 201      9263621F 
 201      D700
 202 0132 71BD222E 		.ascii	"q\275\".\036\220t\334\237uX\306\326v=\031z(\336\377"
 202      1E9074DC 
 202      9F7558C6 
ARM GAS  /var/folders/qd/4mxf5pkd0zdf0b9dd1hp39180000gn/T//ccrwoFze.s 			page 16


 202      D6763D19 
 202      7A28DEFF 
 203 0146 ADC7E324 		.ascii	"\255\307\343$\347\251\\2\217\225C\224\304R#\014\013"
 203      E7A95C32 
 203      8F954394 
 203      C452230C 
 203      0B
 204 0157 1AE8149A 		.ascii	"\032\350\024\232\325Z\260\212\325K\333M\237\347S\365"
 204      D55AB08A 
 204      D54BDB4D 
 204      9FE753F5 
 205 0167 DF7A9F91 		.ascii	"\337z\237\221\324/\247\351\211\250\244\325\342\230#"
 205      D42FA7E9 
 205      89A8A4D5 
 205      E29823
 206 0176 5DEBC98B 		.ascii	"]\353\311\213\200\2579\246\354\323:H\022\207X+\017\200"
 206      80AF39A6 
 206      ECD33A48 
 206      1287582B 
 206      0F80
 207 0188 60F281DD 		.ascii	"`\362\201\335\003C\313Y\271\235x\327hq\233;d?z\036\316"
 207      0343CB59 
 207      B99D78D7 
 207      68719B3B 
 207      643F7A1E 
 208 019d 65CA1241 		.ascii	"e\312\022A\2061\227\3067(\303\012\326,6\304\035,\207"
 208      863197C6 
 208      3728C30A 
 208      D62C36C4 
 208      1D2C87
 209 01b0 10ABD1B1 		.ascii	"\020\253\321\261.\227\247\335n\364H<\253\325\260\"\356"
 209      2E97A7DD 
 209      6EF4483C 
 209      ABD5B022 
 209      EE
 210 01c1 BFF4DABE 		.ascii	"\277\364\332\276D#\350i\245R\211\240\355^\263H\022X"
 210      4423E869 
 210      A55289A0 
 210      ED5EB348 
 210      1258
 211 01d3 1D1F676C 		.ascii	"\035\037gl\002c/AZ\307m\202Q&\020\260\206u\213?c\363"
 211      02632F41 
 211      5AC76D82 
 211      512610B0 
 211      86758B3F 
 212 01e9 A3692E2D 		.ascii	"\243i.-d0\204\317I\272\345\334W\365\030U=\316U\217\357"
 212      643084CF 
 212      49BAE5DC 
 212      57F51855 
 212      3DCE558F 
 213 01fe B43C9158 		.ascii	"\264<\221X\373\344\014o\032.S\020\326\305q\300\267\030"
 213      FBE40C6F 
 213      1A2E5310 
 213      D6C571C0 
 213      B718
 214 0210 065249E7 		.ascii	"\006RI\347\230\224NZ\335\366\205b\316\335\325(\257\270"
 214      98944E5A 
ARM GAS  /var/folders/qd/4mxf5pkd0zdf0b9dd1hp39180000gn/T//ccrwoFze.s 			page 17


 214      DDF68562 
 214      CEDDD528 
 214      AFB8
 215 0222 599B4D7D 		.ascii	"Y\233M}\207\355\256\223\211S\3775q\3026q\222L\\'\023"
 215      87EDAE93 
 215      8953FF35 
 215      71C23671 
 215      924C5C27 
 216 0237 1B7B3C4C 		.ascii	"\033{<Lf\227\026\245\213IW\200@\331^\257\272\363\006"
 216      669716A5 
 216      8B495780 
 216      40D95EAF 
 216      BAF306
 217 024a 74351852 		.ascii	"t5\030R\365\240\246j%~\375\212W\003)T.hv,\005RZ\246"
 217      F5A0A66A 
 217      257EFD8A 
 217      57032954 
 217      2E68762C 
 218 0262 5DAD28F6 		.ascii	"]\255(\366\021L\257\322\275%\220\237\022/\017\004C\272"
 218      114CAFD2 
 218      BD25909F 
 218      122F0F04 
 218      43BA
 219 0274 7AF64261 		.ascii	"z\366BaAa%\201\264@\320w\371\332i?!O\354E\372*CjAa\321"
 219      41612581 
 219      B440D077 
 219      F9DA693F 
 219      214FEC45 
 220 028f F9A25D42 		.ascii	"\371\242]BFj\376s\025e\032\201]Z\271^Z\354.\005\247"
 220      466AFE73 
 220      15651A81 
 220      5D5AB95E 
 220      5AEC2E05 
 221 02a4 DFE70F04 		.ascii	"\337\347\017\004\253\340\337:Xn2\301G\011\277\000\276"
 221      ABE0DF3A 
 221      586E32C1 
 221      4709BF00 
 221      BE
 222 02b5 016739   		.ascii	"\001g9"
 223              		.text
 224              		.section	.gnu.lto_.symbol_nodes.2c6aec443ef206b7,"",%progbits
 225 0000 789C55C9 		.ascii	"x\234U\3111\012\302@\024E\321\373\346\317d\033\272\024"
 225      310AC240 
 225      1445D1FB 
 225      E6CF641B 
 225      BA14
 226 0012 5DD99F22 		.ascii	"]\331\237\"\244H%\210\211\261p!\326\202`\341\036\002"
 226      A4482588 
 226      89B17021 
 226      D68260E1 
 226      1E02
 227 0024 62953588 		.ascii	"b\2255\210\243\225S<\036\234\333\000\3732\302A\016\273"
 227      A395533C 
 227      1E9CDB00 
 227      FB32C241 
 227      0EBB
 228 0036 0794BBE4 		.ascii	"\007\224\273\344-\244\243X\177\313 WU\302(\017\225\350"
ARM GAS  /var/folders/qd/4mxf5pkd0zdf0b9dd1hp39180000gn/T//ccrwoFze.s 			page 18


 228      2DA4A358 
 228      7FCB2057 
 228      55C2280F 
 228      95E8
 229 0048 24B79F40 		.ascii	"$\267\237@\316\233\002\223<Vp\226\247\1770\022\327\373"
 229      CE9B0293 
 229      3C567096 
 229      A77F3012 
 229      D7FB
 230 005a CB8CC8B3 		.ascii	"\313\214\310\263_V\026\"mw3\263\206v~\213\017\344\033"
 230      5F561622 
 230      6D7733B3 
 230      86767E8B 
 230      0FE41B
 231 006d 2331     		.ascii	"#1"
 232              		.text
 233              		.section	.gnu.lto_.refs.2c6aec443ef206b7,"",%progbits
 234 0000 789C6363 		.ascii	"x\234cc``\340\003bF bdbb`\004\"N\006\000\002\000\000"
 234      6060E003 
 234      62462062 
 234      64626260 
 234      04224E06 
 235 0018 29       		.ascii	")"
 236              		.text
 237              		.section	.gnu.lto_.decls.2c6aec443ef206b7,"",%progbits
 238 0000 789CC55A 		.ascii	"x\234\305Z{P\224W\226\357\373\335\246\233n\0320\352"
 238      7B509457 
 238      96EFFBDD 
 238      A69B6E1A 
 238      30EA
 239 0012 A49C19AB 		.ascii	"\244\234\031\253&\225\"\033\246j\024\315d\362\330\235"
 239      2695221B 
 239      A66A14CD 
 239      64F2D89D 
 240 0022 AD9AD9D4 		.ascii	"\255\232\331\324\314$\265\233\331\255\270S\263U\263"
 240      CC24B59B 
 240      D9ADB853 
 240      B355B3
 241 0031 BB3D9DB6 		.ascii	"\273=\235\266\025&\274\322\335$\272\273U\363\001-\310"
 241      1526BCD2 
 241      DD24BABB 
 241      55F3012D 
 241      C8
 242 0042 233C0411 		.ascii	"#<\004\021\024\025\305\027\002\202/@\036\212\202\200"
 242      1415C517 
 242      02822F40 
 242      1E8A8280 
 243 0052 A008A2F8 		.ascii	"\240\010\242\370\342%\032T\024Q@\020A\331s\037_\177"
 243      E2251A54 
 243      14514010 
 243      41D9731F 
 243      5F7F
 244 0064 5F37DD26 		.ascii	"_7\335&\377lm\027\207\257\317\375\316=\347w\316=\367"
 244      FF6C6D17 
 244      87AFCFFD 
 244      CE3DE777 
 244      CE3DF7
ARM GAS  /var/folders/qd/4mxf5pkd0zdf0b9dd1hp39180000gn/T//ccrwoFze.s 			page 19


 245 0077 F4BDF7FB 		.ascii	"\364\275\367\3734*\225\352\215wT*\213V\245Z*\250Ts\360"
 245      342A95EA 
 245      8D77542A 
 245      8B56A55A 
 245      2AA85473 
 246 008c 5143DB69 		.ascii	"QC\333i \014\364\033\244R\335\206\353R\025\373h\200"
 246      200CF41B 
 246      A452DD86 
 246      EB5215FB 
 246      6880
 247 009e 12A12D19 		.ascii	"\022\241-\031(\035(\013h\013P\036\020\374\251\004A\345"
 247      281D280B 
 247      680B501E 
 247      10FCA904 
 247      41E5
 248 00b0 F2090425 		.ascii	"\362\011\004%\213\340\272\020h\261\212\351\":\261\300"
 248      8BE0BA10 
 248      68B18AE9 
 248      223AB1C0 
 249 00c0 74AAE18A 		.ascii	"t\252\341\212\200\206\240M\007\327\337\302\3653\240"
 249      8086A04D 
 249      07D7DFC2 
 249      F533A0
 250 00cf CF818C70 		.ascii	"\317\201\214p\3775\270\352\241=\007\256~p\335D\256\320"
 250      FF35B8EA 
 250      A13D07AE 
 250      7E70DD44 
 250      AED0
 251 00e1 FE12AE03 		.ascii	"\376\022\256\003@\177\002\372w \023P\024\320\377\000"
 251      407F02FA 
 251      77201350 
 251      14D0FF00 
 252 00f1 AD02FA6F 		.ascii	"\255\002\372o\240\030\240/I\177\2169\000\372/\000Z\014"
 252      A018A02F 
 252      497F8E39 
 252      00FA2F00 
 252      5A0C
 253 0103 F43AD012 		.ascii	"\364:\320\022\240\037\003\275!0\037\210/\004\376O\205"
 253      A01F03BD 
 253      21301F88 
 253      2F04FE4F 
 253      85
 254 0114 F97EFC00 		.ascii	"\371~\374\000\374\010P\370!\371@0+}\220\360\373q\377"
 254      FC0850F8 
 254      21F94030 
 254      2B7D90F0 
 254      FB71FF
 255 0127 085EE283 		.ascii	"\010^\342\203V\201\231\340\375\003\307*\341$\030\223"
 255      568199E0 
 255      FD03C72A 
 255      E1241893 
 256 0137 5F81F11D 		.ascii	"_\201\361\035\201\341{O\360\034\347\237\000>_\270\376"
 256      81E17B4F 
 256      F01CE79F 
 256      003E5FB8 
 256      FE
 257 0148 D90D2389 		.ascii	"\331\015#\2117\301\370>P\032b\262:\025\033;o\266>\024"
ARM GAS  /var/folders/qd/4mxf5pkd0zdf0b9dd1hp39180000gn/T//ccrwoFze.s 			page 20


 257      37C1F83E 
 257      501A62B2 
 257      3A151B3B 
 257      6FB63E14 
 258 015c E4F1FC95 		.ascii	"\344\361\374\225\233\235l\214\372\252\217\334\323a\001"
 258      9B9D6C8C 
 258      FAAA8FDC 
 258      D36101
 259 016b 91EF67BB 		.ascii	"\221\357g\273&+t\313KD\366\361\375{\025:\212\260$\330"
 259      262B74CB 
 259      4B44F6F1 
 259      FD7B153A 
 259      8AB024D8 
 260 017f E928CFC7 		.ascii	"\351(\317\307)\030-\324#5\260O.l\275\035\000\354b=z"
 260      29182DD4 
 260      2335B04F 
 260      2E6CBD1D 
 260      00EC623D 
 261 0194 03D8CA47 		.ascii	"\003\330\312G\305\225\376\354n=\221>0\224\237f`\374"
 261      C595FEEC 
 261      6E3D913E 
 261      30949F66 
 261      60FC
 262 01a6 07C026C6 		.ascii	"\007\300&\306?\277\252\306\177C\255\364\266\024\025"
 262      3FBFAAC6 
 262      7F43ADF4 
 262      B61415
 263 01b5 13456FEB 		.ascii	"\023Eo\353\021\311\317@h*{xb\332\2375\021\211K\351c"
 263      11C9CF40 
 263      682A7B78 
 263      62DA9F35 
 263      11894BE9 
 264 01ca 7BB47825 		.ascii	"{\264x%\371.\364_\237\351\011@\372\340\215\242\030'"
 264      F92EF45F 
 264      9FE90940 
 264      FAE08DA2 
 264      1827
 265 01dc 16C48BBA 		.ascii	"\026\304\213\272\217U\250\002-E\307\321R\025:\211\202"
 265      8F55A802 
 265      2D45C7D1 
 265      52153A89 
 265      82
 266 01ed 499F6368 		.ascii	"I\237ch\271\012\325@c54\356#\330\353\357N\275\235\231"
 266      B90AD540 
 266      633534EE 
 266      23D8EBEF 
 266      4EBD9D99 
 267 0201 288A02AA 		.ascii	"(\212\002\252CzT\2130\225\201 \274\255g\336\024\355"
 267      437A548B 
 267      30958120 
 267      BCAD67DE 
 267      14ED
 268 0213 C9DCADC1 		.ascii	"\311\334\255\301\035\210\332\250\331\366\355Y\301\233"
 268      1D88DAA8 
 268      D9F6ED59 
 268      C19B
 269 0221 8DD35E6D 		.ascii	"\215\323^m\\\254y\263i\003\261Q\0176N\3116\300$3\"f"
ARM GAS  /var/folders/qd/4mxf5pkd0zdf0b9dd1hp39180000gn/T//ccrwoFze.s 			page 21


 269      5CAC79B3 
 269      6903B151 
 269      0F364EC9 
 269      36C02433 
 270 0237 CFECF4C7 		.ascii	"\317\354\364\307\2034\270\302h\374\266\275^\035i\364"
 270      8334B8C2 
 270      68FCB6BD 
 270      5E1D69F4 
 271 0247 6AE46AEF 		.ascii	"j\344j\357\212\274\347\242\370\006j\000#gd#\365\222"
 271      8ABCE7A2 
 271      F8066A00 
 271      23676423 
 271      F592
 272 0259 919ED19C 		.ascii	"\221\236\321\234\004\015\336\211i\344\266\326L\264\372"
 272      040DDE89 
 272      69E4B6D6 
 272      4CB4FA
 273 0268 B0B0FB02 		.ascii	"\260\260\373\002;]\365 _\203\213\330\275\326\301\354"
 273      3B5DF520 
 273      5F838BD8 
 273      BDD6C1EC 
 274 0278 5E019733 		.ascii	"^\001\2273F\032\257\305|\274\266\317\034;\353\207\253"
 274      461AAFC5 
 274      7CBCB6CF 
 274      1C3BEB87 
 274      AB
 275 0289 D8CD2313 		.ascii	"\330\315#\023)?\304\365\354{\343\355\256\026\037\334"
 275      293FC4F5 
 275      EC7BE3ED 
 275      AE161FDC 
 276 0299 CC9894A3 		.ascii	"\314\230\224\243\216]j|\2151\325\233kG|q?cN\277\270"
 276      8E5D6A7C 
 276      8D31D59B 
 276      6B477C71 
 276      3F634EBF 
 277 02ae 9EAFC7A3 		.ascii	"\236\257\307\243\214\271\364\370\374v?\206b\001\260"
 277      8CB9F4F8 
 277      FC763F86 
 277      6201B0
 278 02bd 1543E79A 		.ascii	"\025C\347\232\364\314\226\210\200\237\335{\361\232/"
 278      F4CC9688 
 278      809FDD7B 
 278      F19A2F
 279 02cc 9E62B235 		.ascii	"\236b\2625\225\265M\034\361\012`S3\304f?,\252\351\275"
 279      95B54D1C 
 279      F10A6053 
 279      33C4663F 
 279      2CAAE9BD 
 280 02e0 A67447AA 		.ascii	"\246tG\252\036\247PFx\332\3710O\343-~W\275\306\357\371"
 280      1EA75046 
 280      78DAF930 
 280      4FE32D7E 
 280      57BDC6EF 
 281 02f5 0F219351 		.ascii	"\017!\223Q7\004\357\212\207\3405\015\274\030\013\304"
 281      3704EF8A 
 281      87E0350D 
 281      BC180BC4 
ARM GAS  /var/folders/qd/4mxf5pkd0zdf0b9dd1hp39180000gn/T//ccrwoFze.s 			page 22


 282 0305 5B98B90D 		.ascii	"[\230\271\015\337\224n!85,1\265\320t\347\361\363\012"
 282      DF946E21 
 282      38352C31 
 282      B5D074E7 
 282      F1F30A
 283 0318 356B22DA 		.ascii	"5k\"\332\326\221H\345\365\034\016\300\333\031\250\223"
 283      D69148E5 
 283      F51C0EC0 
 283      DB19A893 
 284 0328 5D550E7F 		.ascii	"]U\016\177\024\254\347IW\371v,M\272^0wS6\247!\3266\022"
 284      14ACE749 
 284      57F9762C 
 284      4DBA5E30 
 284      775336A7 
 285 0340 1177DC3D 		.ascii	"\021w\334=\200[\303q\337\200\306\353\320\0106\306\246"
 285      805BC371 
 285      DF80C6EB 
 285      D00836C6 
 285      A6
 286 0351 1F1F53E3 		.ascii	"\037\037S\343\375\314\306\321\254\331\334\000\247\215"
 286      FDCCC6D1 
 286      ACD9DC00 
 286      A78D
 287 035f 8B35EF1C 		.ascii	"\2135\357\034\247I7\0006\372d\033\275\310\253\221~\317"
 287      A7493700 
 287      36FA641B 
 287      BDC8AB91 
 287      7ECF
 288 0371 46AEA676 		.ascii	"F\256\246v\335\324\3402f\244\262\255g\006;\215\\\355"
 288      DDD4E032 
 288      66A4B2AD 
 288      67063B8D 
 288      5CED
 289 0383 7D9725DD 		.ascii	"}\227%\335m0rK62\340\335\310\240g#\333\306{\357\353"
 289      6D30724B 
 289      3632E0DD 
 289      C8A06723 
 289      DBC67BEF 
 290 0398 D8F00603 		.ascii	"\330\360\006\003\233>\236y\325\007\037g\361\226J\310"
 290      9B3E9E79 
 290      D5071F67 
 290      F1964AC8 
 291 03a8 425642B6 		.ascii	"BVB\266\247_\251\300\270\236\335K*Ij\012\300\255\214"
 291      A75FA9C0 
 291      B89EDD4B 
 291      2A496A0A 
 291      C0AD8C
 292 03bb D97DAAE6 		.ascii	"\331}\252\346\241\026\337\340\275\272\343n\353\361}"
 292      A116DFE0 
 292      BDBAE36E 
 292      EBF17D
 293 03ca C6DCEA69 		.ascii	"\306\334\352i.\017\300#\214\251\231\332V\023\210'\030"
 293      2E0FC023 
 293      8CA999DA 
 293      56138827 
 293      18
 294 03db 73E1F6DC 		.ascii	"s\341\366\334\230\036\3170\2463v\027\244j\234\017\353"
ARM GAS  /var/folders/qd/4mxf5pkd0zdf0b9dd1hp39180000gn/T//ccrwoFze.s 			page 23


 294      981ECF30 
 294      A6337617 
 294      A46A9C0F 
 294      EB
 295 03ec 23CEE419 		.ascii	"#\316\344\031\360F\312\010\333\316\354>*8\375n\375\021"
 295      F046CA08 
 295      DBCEEC3E 
 295      2A38FD6E 
 295      FD11
 296 03fe 499627E0 		.ascii	"I\226'\340\364\350\367r\372\261g\247\333\237$\317\006"
 296      F4E8F772 
 296      FAB167A7 
 296      DB9F24CF 
 296      06
 297 040f E234662E 		.ascii	"\3424f.e\363\310\276\000\234\303\230\231{\331\327\021"
 297      65F3C8BE 
 297      009CC398 
 297      997BD9D7 
 297      11
 298 0420 73D9006C 		.ascii	"s\331\000l\\\315\365\314@63\006h:^,\030\367\305\205"
 298      5CCDF5CC 
 298      40363306 
 298      683A5E2C 
 298      18F7C585 
 299 0434 4CF644E6 		.ascii	"L\366D\346&\000]\304\230\276\334\224\032?\\\313\230"
 299      26005DC4 
 299      98BEDC94 
 299      1A3F5CCB 
 299      98
 300 0445 93E96355 		.ascii	"\223\351cU:\334\300\230\304g\203\345\201\370\274\217"
 300      3ADCC098 
 300      C46783E5 
 300      81F8BC8F 
 301 0455 CB6C5ACC 		.ascii	"\313lZ\314f\323#\307\267\003|\".\001\266\360r\303\230"
 301      66D323C7 
 301      B7037C22 
 301      2E01B6F0 
 301      72C398
 302 0468 0FEE62A2 		.ascii	"\017\356b\242e\033\356\024\371\302\275\245\220\355H"
 302      651BEE14 
 302      F9C2BDA5 
 302      90ED48
 303 0477 518397B2 		.ascii	"Q\203\227\262\032|\254~\274T\215o\260(\035.\275\363"
 303      1A7CAC7E 
 303      BC548D6F 
 303      B0281D2E 
 303      BDF3
 304 0489 1739CBA7 		.ascii	"\0279\313\247^\257\022\305\005(N\200I!8\303\264\224"
 304      5EAF12C5 
 304      05284E80 
 304      492138C3 
 304      B494
 305 049b 47294E14 		.ascii	"G)N\024\013E\274D\205~\276\024\255\200\030\305\012\301"
 305      0B45BC44 
 305      857EBE14 
 305      AD8018C5 
 305      0AC1
ARM GAS  /var/folders/qd/4mxf5pkd0zdf0b9dd1hp39180000gn/T//ccrwoFze.s 			page 24


 306 04ad 44278DD1 		.ascii	"D'\215\321\034\304\350%\213Q\321\316\003\215\376\370"
 306      1CC4E825 
 306      8B51D1CE 
 306      038DFEF8 
 307 04bd 0ED3DF57 		.ascii	"\016\323\337W:\332\216\025)\376\346Q\232\342\033\300"
 307      3ADA8E15 
 307      29FEE651 
 307      9AE21BC0 
 308 04cd 42BC6C01 		.ascii	"B\274l\001\014z6\341\360l\".\253\253D\207\0372\023q"
 308      0C7A36E1 
 308      F06C222E 
 308      ABAB4487 
 308      1F321371 
 309 04e1 67333AB5 		.ascii	"g3:\265R\371p\355\276\321Cwi\036\004\263y\220\010H\022"
 309      52F970ED 
 309      BED14377 
 309      691E04B3 
 309      79900848 
 310 04f6 64241B04 		.ascii	"d$\033\004^?\244\364^\314\322\273\361\300\211>\177<"
 310      5E3FA4F4 
 310      5ECCD2BB 
 310      F1C0893E 
 310      7F3C
 311 0508 C1073EF5 		.ascii	"\301\007>\365e\031\306\263\314\374H\332\201J\215g\363"
 311      6519C6B3 
 311      CCFC48DA 
 311      814A8D67 
 311      F3
 312 0519 DF78357F 		.ascii	"\337x5\177\206\326\256T\260\235\342\301v]\302X4vh\250"
 312      86D6AE54 
 312      B09DE2C1 
 312      765DC258 
 312      347668A8 
 313 052d AD3D0D65 		.ascii	"\255=\015e\235Z\234J\031\341\372\323\266,ENS%\231\240"
 313      9D5A9C4A 
 313      19E1FAD3 
 313      B62C454E 
 313      532599A0 
 314 0541 24DD5D89 		.ascii	"$\335]\211\0070\031\236C\271\263\256\263H\21573cW\236"
 314      0730199E 
 314      43B9B3AE 
 314      B3488D37 
 314      3363579E 
 315 0555 D53D37E0 		.ascii	"\325=7\340|\312\250K\342\017>V\243\340\245\010\204\021"
 315      7CCAA84B 
 315      E20F3E56 
 315      A3E0A508 
 315      8411
 316 0567 3349D60E 		.ascii	"3I\326\016*\264\005,f\011XZjl\025\301\332\343\277\222"
 316      2AB4052C 
 316      6609585A 
 316      6A6C15C1 
 316      DAE3BF92 
 317 057b 66F8EE4B 		.ascii	"f\370\356K\257\036\354g\203}rK\205r\204\245h\263@\255"
 317      AF1EEC67 
 317      837D724B 
 317      857284A5 
ARM GAS  /var/folders/qd/4mxf5pkd0zdf0b9dd1hp39180000gn/T//ccrwoFze.s 			page 25


 317      68B340AD 
 318 058f 1FCE6F99 		.ascii	"\037\316o\231\326\351\271\364\306\357\222\276\365l\256"
 318      D6E9B9F4 
 318      C6EF92BE 
 318      F56CAE
 319 059e D1604876 		.ascii	"\321`Hv\376L\240\\@\"MY\025\312\023\014|E\263\363\332"
 319      FE4CA05C 
 319      40224D59 
 319      15CA130C 
 319      7C45B3F3 
 320 05b3 893E35DE 		.ascii	"\211>5\336\305\234\272-6t\011\270\2101\245\205}{u\370"
 320      C59CBA2D 
 320      367409B8 
 320      8831A585 
 320      7D7B75F8 
 321 05c7 3063EA6E 		.ascii	"0c\352nl\272\347\217+\031\323w\350e\255\006\3270fg\317"
 321      6CBAE78F 
 321      2B19D377 
 321      E865AD06 
 321      D7306667 
 322 05dc 93522D3E 		.ascii	"\223R->\311\242\336=w\357\036\314\352`\205\341?\277"
 322      C9A2DE3D 
 322      77EF1ECC 
 322      EA6085E1 
 322      3FBF
 323 05ee 2E978A5D 		.ascii	".\227\212]\000\325h\340\361g#3w\015_\270\015\277\027"
 323      00D568E0 
 323      F1672333 
 323      770D5FB8 
 323      0DBF17
 324 0601 6A542018 		.ascii	"jT \030\320Nyt\214\006\006\260\345J\312)5\036a\306\366"
 324      D04E7974 
 324      8C0606B0 
 324      E54ACA29 
 324      351E61C6 
 325 0616 B70D883E 		.ascii	"\267\015\210>\3701cj\223\333f}\3618c\266V'\306\351\361"
 325      F831636A 
 325      93DB667D 
 325      F13863B6 
 325      5627C6E9 
 326 062b 246306E2 		.ascii	"$c\006\342\232\272|\3614c\236<\272<\353\217_0F\234>"
 326      9ABA7CF1 
 326      34639E3C 
 326      BA3CEB8F 
 326      5F30469C 
 327 0640 79438363 		.ascii	"yC\203c\265\224\271\271\371\331\200\016;\030S<7\236"
 327      B594B9B9 
 327      F9D9800E 
 327      3B18533C 
 327      379E
 328 0652 6EC0898C 		.ascii	"n\300\211\214yV\333\271[`5#\010\330\203\365)-\230ex"
 328      7956DBB9 
 328      5B603523 
 328      08D883F5 
 328      292D9865 
 329 0667 81908DFD 		.ascii	"\201\220\215\375\256\027\317\354\013@A\354\263(8(h7"
 329      AE17CFEC 
ARM GAS  /var/folders/qd/4mxf5pkd0zdf0b9dd1hp39180000gn/T//ccrwoFze.s 			page 26


 329      0B4041EC 
 329      B3283828 
 329      6837
 330 0679 F1B7BE7F 		.ascii	"\361\267\276\177\030\337\334\233\374\215Xp\006Qo\012"
 330      18DFDC9B 
 330      FC8D5870 
 330      06516F0A 
 331 0689 8937C222 		.ascii	"\2117\302\"\331\377Y\032\374\225d\025\315z\014.\333"
 331      D9FF591A 
 331      FC956415 
 331      CD7A0C2E 
 331      DB
 332 069a 2AD63B30 		.ascii	"*\326;0\225\336\355Y\272\002\311\342\303\012\361\035"
 332      95DEED59 
 332      BA02C9E2 
 332      C30AF11D 
 333 06aa EEE243EE 		.ascii	"\356\342C\356\312\207\177&K\027\271K\207\270\011_R\250"
 333      CA877F26 
 333      4B17B94B 
 333      87B8095F 
 333      52A8
 334 06bc DEE32EDC 		.ascii	"\336\343.\3341\017I\253B|\257gq\205\3621\005\222\003"
 334      310F49AB 
 334      427CAF67 
 334      7185F231 
 334      059203
 335 06cf 1E9130DD 		.ascii	"\036\2210\335\231$%2\200\220Z\205J \233\213!\233\321"
 335      99242532 
 335      80905A85 
 335      4A209B8B 
 335      219BD1
 336 06e2 41DE0312 		.ascii	"A\336\003\022\003\035\207\014*\027\202\320Q\240\012"
 336      031D870C 
 336      2A1782D0 
 336      51A00A
 337 06f1 A04AA023 		.ascii	"\240J\240#@\207\201J\201\016\001\225\011At\266\261\004"
 337      4087814A 
 337      810E0195 
 337      094174B6 
 337      B104
 338 0703 1B2A5910 		.ascii	"\033*Y\020\013\012\211\006\025\317-\225\023\330\313"
 338      0B0A8906 
 338      15CF2D95 
 338      13D8CB
 339 0712 9285BBE3 		.ascii	"\222\205\273\343\305\226\025\024\331~wdM\356~\234Qx"
 339      C5961514 
 339      D97E7764 
 339      4DEE7E9C 
 339      5178
 340 0724 BDCFB334 		.ascii	"\275\317\2634s\204L\237\335\305%X9\003\225\302*T\345"
 340      73844C9F 
 340      DDC52558 
 340      390395C2 
 340      2A54E5
 341 0737 9C819573 		.ascii	"\234\201\225s\303\217}p\035M<\274#\366n\256\001-\012"
 341      C38F7D70 
 341      1D4D3CBC 
ARM GAS  /var/folders/qd/4mxf5pkd0zdf0b9dd1hp39180000gn/T//ccrwoFze.s 			page 27


 341      23F66EAE 
 341      012D0A
 342 074a 0ACEE43F 		.ascii	"\012\316\344?\2654\024N\033'\300h5\017E-\204\242\206"
 342      B534144E 
 342      1B27C068 
 342      350F452D 
 342      84A286
 343 075d BBCAE0C1 		.ascii	"\273\312\340\301\\\332\372m\012\313?\320\217\266si\017"
 343      5CDAFA6D 
 343      0ACB3FD0 
 343      8FB67369 
 343      0F
 344 076e 83CE62D3 		.ascii	"\203\316b\323^\304bS\355\032\033\262F\3519=,\340\263"
 344      5EC46253 
 344      ED1A1BB2 
 344      46E9393D 
 344      2CE0B3
 345 0781 6C363C18 		.ascii	"l6<\030*\356\026\360y\306\344\367\237\351\343\213\231"
 345      2AEE16F0 
 345      79C6E4F7 
 345      9FE9E38B 
 345      99
 346 0792 46C257F4 		.ascii	"F\302W\364g'\031\370\334 {\242\246\316\271\223:\334"
 346      672719F8 
 346      DC207BA2 
 346      A6CEB993 
 346      3ADC
 347 07a4 CD848FCE 		.ascii	"\315\204\217\316\025%`\334G\231_f\227%\337\367\001\337"
 347      152560DC 
 347      47995F66 
 347      9725DFF7 
 347      01DF
 348 07b6 0C8B8216 		.ascii	"\014\213\202\026\005\221\377\360\027D\276\007\303\207"
 348      0591FFF0 
 348      1744BE07 
 348      C387
 349 07c4 CDA4E0A0 		.ascii	"\315\244\340\240\305A\364VPp\220\301"
 349      C541F456 
 349      507090C1 
 350 07d0 401A8383 		.ascii	"@\032\203\203\234\237`/A\271\007\313\224\006\036\224"
 350      9C9F602F 
 350      41B907CB 
 350      94061E94 
 351 07e0 7E084AA3 		.ascii	"~\010J\243kPf\361\375\263i,(g!(m\\\332CP\024\203\325"
 351      6B5066F1 
 351      FDB3692C 
 351      28672128 
 351      6D5CDA43 
 352 07f8 E43258A4 		.ascii	"\3442X\244\037\013\217K\206\326C\206\236\"\031\372\022"
 352      1F0B8F4B 
 352      86D64386 
 352      9E2219FA 
 352      12
 353 0809 ACB67004 		.ascii	"\254\266p\004/\340\373,d\341\014\320s\240i\240g@S@\223"
 353      2FE0FB2C 
 353      64E10CD0 
 353      73A069A0 
ARM GAS  /var/folders/qd/4mxf5pkd0zdf0b9dd1hp39180000gn/T//ccrwoFze.s 			page 28


 353      67405340 
 354 081e 404F8126 		.ascii	"@O\201&\200\306\201n\001\365\002\365\000\335\004\272"
 354      80C6816E 
 354      01F502F5 
 354      00DD04BA 
 355 082e 01D40A74 		.ascii	"\001\324\012t\016\250\331\305\2133\177b\231\007\325"
 355      0EA8D9C5 
 355      8B337F62 
 355      9907D5
 356 083d F3348C6A 		.ascii	"\3634\214j\213\322\201J9M=\303;\311{\374\337\301k\277"
 356      8BD2814A 
 356      394D3DC3 
 356      3BC97BFC 
 356      DFC16BBF 
 357 0851 B1B090CE 		.ascii	"\261\260\220\316#\262A;\201\334\000V\315+\037\217\256"
 357      23B2413B 
 357      81DC0056 
 357      CD2B1F8F 
 357      AE
 358 0862 2F66F26D 		.ascii	"/f\362m\020\331\263\236\345\335\207\344\274\313\220"
 358      10D9B39E 
 358      E5DD87E4 
 358      BCCB90
 359 0871 B4B1F9E3 		.ascii	"\264\261\371\343\342p'\334%\265\007]\002\215\347\271"
 359      E27027DC 
 359      25B5075D 
 359      028DE7B9 
 360 0881 C3D7C0E1 		.ascii	"\303\327\300\341N\000\334\001t\301\005tC\222\317\313"
 360      4E00DC01 
 360      74C10574 
 360      4392CFCB 
 361 0891 63A298A4 		.ascii	"c\242\230\244A\355\200\242\231\367\3618\237\0250.\272"
 361      41ED80A2 
 361      99F7F138 
 361      9F15302E 
 361      BA
 362 08a2 C0687F15 		.ascii	"\300h\177\025\214\353`\372\273a\014\356\307\342\236"
 362      8CEB60FA 
 362      BB610CEE 
 362      C7E29E
 363 08b1 2534C75A 		.ascii	"%4\307Z<c\220*\020\314\330\356-\332X\232\010\227@\254"
 363      3C63902A 
 363      10CCD8EE 
 363      2DDA589A 
 363      089740AC 
 364 08c5 958B9F03 		.ascii	"\225\213\237\003\361&\327Tv\001\344\274\177\025@\\\346"
 364      F126D754 
 364      7601E4BC 
 364      7F15405C 
 364      E6
 365 08d6 80BAE1FB 		.ascii	"\200\272\341\373\025\000\323\345>[\246\225\263\345\002"
 365      1500D3E5 
 365      3E5BA695 
 365      B3E502
 366 08e5 98B8FC7D 		.ascii	"\230\270\374}\252\265\323\306y\336\303\273\2153!,\227"
 366      AAB5D3C6 
 366      79DEC3BB 
ARM GAS  /var/folders/qd/4mxf5pkd0zdf0b9dd1hp39180000gn/T//ccrwoFze.s 			page 29


 366      8D33212C 
 366      97
 367 08f6 A5D9385F 		.ascii	"\245\3318_\277\242D\275<\304J\324e\327\022\305n6\177"
 367      BFA244BD 
 367      3CC44AD4 
 367      65D712C5 
 367      6E367F
 368 0909 E373A070 		.ascii	"\343s\240p\023Y<\220p\264\313\333\025\"\355\024J\362"
 368      13593C90 
 368      70B4CBDB 
 368      1522ED14 
 368      4AF2
 369 091b 992E27EB 		.ascii	"\231.'\353\327\363\236T\014\345h\311\322\220\214\352"
 369      D7F39E54 
 369      0CE568C9 
 369      D2908CEA 
 370 092b 45B9FF79 		.ascii	"E\271\377y\332\237\301\235\231\305im\011b\206\211n\240"
 370      DA9FC19D 
 370      99C5696D 
 370      09628689 
 370      6EA0
 371 093d 2FBB276B 		.ascii	"/\273'k\227kr\223\025\353\2771\377\310\276\361\232g"
 371      976B7293 
 371      15EBBF31 
 371      FFC8BEF1 
 371      9A67
 372 094f 71C5880E 		.ascii	"q\305\210\016\376\263<\240\337rig0\357\270K\217\375"
 372      FEB33CA0 
 372      DF726967 
 372      30EFB84B 
 372      8FFD
 373 0961 9EE9EE03 		.ascii	"\236\351\356\003\251\273\356\272\207\220\333\340\314"
 373      A9BBEEBA 
 373      8790DBE0 
 373      CC
 374 096e 2B950330 		.ascii	"+\225\0030 \236J%\213E\023\217u\203\227X\347\305\323"
 374      209E4A25 
 374      8B45138F 
 374      75839758 
 374      E7C5D3
 375 0981 5813DBF7 		.ascii	"X\023\333\367\345X5H\261\022Y\261-\342\3513(,F\303\236"
 375      E5583548 
 375      B11259B1 
 375      2DE2E933 
 375      282C46C3 
 376 0996 21528736 		.ascii	"!R\2076yB\250\242\335\010\2741\200\367\004r\3471\320"
 376      7942A8A2 
 376      DD08BC31 
 376      80F70472 
 376      E731D0
 377 09a9 28D003A0 		.ascii	"(\320\003\240o\201\356\000\335v\311\247\347\237\262"
 377      6F81EE00 
 377      DD76C9A7 
 377      E79FB2
 378 09b8 9890E179 		.ascii	"\230\220\341y\000\006\211\006\257\353\234\227\347\025"
 378      00068906 
 378      AFEB9C97 
ARM GAS  /var/folders/qd/4mxf5pkd0zdf0b9dd1hp39180000gn/T//ccrwoFze.s 			page 30


 378      E715
 379 09c6 95E7E177 		.ascii	"\225\347\341wI\217\375#S=\004\302#\336\205\025\345\341"
 379      498FFD23 
 379      533D04C2 
 379      23DE8515 
 379      E5E1
 380 09d8 AE4B7918 		.ascii	"\256Ky\030\362P\036\236\302\335\011\322\177\034\024"
 380      F2501E9E 
 380      C2DD09D2 
 380      7F1C14
 381 09e7 DEE58331 		.ascii	"\336\345\2031\014\336\336\007\317\356\311\236A8G\363"
 381      0CDEDE07 
 381      CFEEC99E 
 381      413847F3 
 382 09f7 7C46C7EE 		.ascii	"|F\307\356\211\342&\003\335\217?\342\035\274\227\207"
 382      89E22603 
 382      DD8F3FE2 
 382      1DBC9787 
 383 0a07 E1D74929 		.ascii	"\341\327I)!\2514\306e=\324\006\236\370\011>$\361\357"
 383      21A934C6 
 383      653DD406 
 383      9EF8093E 
 383      24F1EF
 384 0a1a 7A5A16C1 		.ascii	"zZ\026\3010\036:\307\207\361!\270>\371\275\\\037\001"
 384      301E3AC7 
 384      87F121B8 
 384      3EF9BD5C 
 384      1F01
 385 0a2c 49D9F587 		.ascii	"I\331\365\207\314u/\277\251\350\0218,\377\254:S,5>\205"
 385      CC752FBF 
 385      A9E81138 
 385      2CFFAC3A 
 385      532C353E 
 386 0a41 A4185135 		.ascii	"\244\030Q5%\247\330Y\252\313\211m\247\204\015~\015\237"
 386      25A7D859 
 386      AACB896D 
 386      A7840D7E 
 386      0D9F
 387 0a53 BD720849 		.ascii	"\275r\010IR\237\343?Md:N\177\227t\353\307\362\334}\356"
 387      529FE33F 
 387      4D643A4E 
 387      7F9774EB 
 387      C7F2DC7D 
 388 0a68 5D98E1ED 		.ascii	"]\230\341\355>\245!!\004\231\371!\234\254]\030\037/"
 388      3EA52121 
 388      0499F921 
 388      9CAC5D18 
 388      1F2F
 389 0a7a E6AEA0BB 		.ascii	"\346\256\240\273\346\027|\032\360\035\033[\330\317("
 389      E6177C1A 
 389      F01D1B5B 
 389      D8CF28
 390 0a89 97D3BFCC 		.ascii	"\227\323\277\314\025\353c1\335\346&\013\036\204\223"
 390      15EB6331 
 390      DDE6260B 
 390      1E8493
 391 0a98 04C5BAFE 		.ascii	"\004\305\272\376\357\2300\331\316\246y\022V\376\322"
ARM GAS  /var/folders/qd/4mxf5pkd0zdf0b9dd1hp39180000gn/T//ccrwoFze.s 			page 31


 391      EF9830D9 
 391      CEA67912 
 391      56FED2
 392 0aa7 7657F37C 		.ascii	"vW\363|\207-\037\332\344\276t\230\267!\271\361\241\\"
 392      872D1FDA 
 392      E4BE7498 
 392      B721B9F1 
 392      A15C
 393 0ab9 9BB7BA4B 		.ascii	"\233\267\272K\317\337\006\\R\210o\363,\256\034\212\023"
 393      CFDF065C 
 393      52886FF3 
 393      2CAE1C8A 
 393      13
 394 0aca 7C28C8A2 		.ascii	"|(\310\2424\337]\274i\236\366\347\0370\355dQQ\347Y\\"
 394      34DF5DBC 
 394      699EF6E7 
 394      1F30ED64 
 394      5151E759 
 395 0adf 01FD5115 		.ascii	"\001\375Q\025\367T\372\335j\361\362\273\305=\375\300"
 395      F754FADD 
 395      6AF1F2BB 
 395      C53DFDC0 
 396 0aef F55768BE 		.ascii	"\365Wh\276\264r\244\253Xel\361R\031\347&\310\017\014"
 396      B472A4AB 
 396      58656CF1 
 396      5219E726 
 396      C80F0C
 397 0b02 49F033F2 		.ascii	"I\3603\362\016\266\205\026Fb\200\034d\235I\350\364\357"
 397      0EB68516 
 397      4662801C 
 397      649D49E8 
 397      F4EF
 398 0b14 47BDE4A9 		.ascii	"G\275\344\251\012Z@{#\304\376\303\225\020\345\347\244"
 398      0A5A407B 
 398      23C4FEC3 
 398      9510E5E7 
 398      A4
 399 0b25 0F62EDE4 		.ascii	"\017b\355\3441\014\273pQ\302H]\370w\370/p\035\202\244"
 399      310CBB70 
 399      51C2485D 
 399      F877F82F 
 399      701D82A4 
 400 0b39 97FE7105 		.ascii	"\227\376q\005H\251\225\335g\346\244\217JR\317`I\375"
 400      48A995DD 
 400      67E6A48F 
 400      4A52CF60 
 400      49FD
 401 0b4b 544CA5AB 		.ascii	"TL\245\2531E'\027\254*\347m'L\331I\372\235\234\226\357"
 401      31452717 
 401      AC2AE76D 
 401      274CD949 
 401      FA9D9C96 
 402 0b60 3A74573D 		.ascii	":tW=\200\372\310S%\225*\3037\202\266\336\252\274}B\213"
 402      80FAC853 
 402      25952AC3 
 402      3782B6DE 
 402      AABC7D42 
ARM GAS  /var/folders/qd/4mxf5pkd0zdf0b9dd1hp39180000gn/T//ccrwoFze.s 			page 32


 403 0b75 477CE98E 		.ascii	"G|\351\216a\342\361\325\227\201\364\361\023\231\202"
 403      61E2F1D5 
 403      9781F4F1 
 403      139982
 404 0b84 916AD296 		.ascii	"\221j\322\226[\270\355\252\232\266\221\301\212\303\264"
 404      5BB8EDAA 
 404      9AB691C1 
 404      8AC3B4
 405 0b93 F1ECDC54 		.ascii	"\361\354\334T} \333\207\010\212\343\366\305\354\270"
 405      7D20DB87 
 405      088AE3F6 
 405      C5ECB8
 406 0ba2 3DA972F0 		.ascii	"=\251r\360\216fI\016\255\273\361\342\002\201j\333\200"
 406      8E66490E 
 406      ADBBF1E2 
 406      02816ADB 
 406      80
 407 0bb3 97220726 		.ascii	"\227\"\007&C\233\200\227\300\377x\254f\270\312.O\277"
 407      439B8097 
 407      C0FF78AC 
 407      66B8CA2E 
 407      4FBF
 408 0bc5 14DE2C10 		.ascii	"\024\336,\020\013\006\240\276\354\360)\273}_\024\365"
 408      0B06A0BE 
 408      ECF029BB 
 408      7D5F14F5 
 409 0bd5 6A228562 		.ascii	"j\"\205b\261s<\341+\374\027\361\000BsB?x\230\210\337"
 409      B1733CE1 
 409      2BFC17F1 
 409      00427342 
 409      3F789888 
 410 0bea 84CEC9A5 		.ascii	"\204\316\311\245-I\032\234\245c\317\027\034\225I~J\273"
 410      2D491A9C 
 410      A563CF17 
 410      1C95497E 
 410      4ABB
 411 0bfc 04B16C37 		.ascii	"\004\261l7\211\332\215\344f\363\266\304\245\353\270"
 411      89DA8DE4 
 411      66F3B6C4 
 411      A5EBB8
 412 0c0b D9A69DAF 		.ascii	"\331\246\235\257\357\212\027\017\210$\217@\012m\224"
 412      EF8A170F 
 412      88248F40 
 412      0A6D94
 413 0c1a ED6E74B7 		.ascii	"\355nt\267\233L\355\036-\2734!\340\355\272\357\031\266"
 413      9B4CED1E 
 413      2DBB3421 
 413      E0EDBAEF 
 413      19B6
 414 0c2c 5416B6A4 		.ascii	"T\026\266\244\353O3\015J\200\177~]\201/\215\342\373"
 414      EB4F330D 
 414      4A807F7E 
 414      5D812F8D 
 414      E2FB
 415 0c3e 468ACB96 		.ascii	"F\212\313\226\321\370}j\011\340A\003L\2308\221\234I"
 415      D1F87D6A 
 415      09E04103 
ARM GAS  /var/folders/qd/4mxf5pkd0zdf0b9dd1hp39180000gn/T//ccrwoFze.s 			page 33


 415      4C983891 
 415      9C49
 416 0c50 82184A91 		.ascii	"\202\030J\221\001\246\270\003L\247\000;G\352j\375\360"
 416      01A6B803 
 416      4CA7003B 
 416      47EA6AFD 
 416      F0
 417 0c61 4106B039 		.ascii	"A\006\2609s\352\201\226\202!e\213\001<8;\351\347\025"
 417      73EA8196 
 417      8221658B 
 417      013C383B 
 417      E9E715
 418 0c74 CA260A25 		.ascii	"\312&\012%S\202\3428v\255;\020\240\014\260UF\311\341"
 418      5382E238 
 418      76AD3B10 
 418      A00CB055 
 418      46C9E1
 419 0c87 818ED88C 		.ascii	"\201\216\330\214\305T\014e\310P20;lCY\014\002\010c\\"
 419      C5540C65 
 419      C8503230 
 419      3B6C4359 
 419      0C020863 
 420 0c9c C5205CAE 		.ascii	"\305 \\\256\372\346\220\336\031\017\006\341\312\243"
 420      FAE690DE 
 420      190F06E1 
 420      CAA3
 421 0caa 53D581DE 		.ascii	"S\325\201\336\307+\207\202\330,\201hO\030~\256\345 "
 421      C72B8782 
 421      D82C8168 
 421      4F187EAE 
 421      E520
 422 0cbc FA92F1F6 		.ascii	"\372\222\361\366c\242\303\207\310\240l\031A\266\204"
 422      63A2C387 
 422      C8A06C19 
 422      41B684
 423 0ccb 600B4590 		.ascii	"`\013E\220RV2\244\307\215\014\301\216\251\252\004\037"
 423      525632A4 
 423      C78D0CC1 
 423      8EA9AA04 
 423      1F
 424 0cdc DE7F3219 		.ascii	"\336\1772\031\347\322\376$\230\271r\377\\\251\177\036"
 424      E7D2FE24 
 424      98B972FF 
 424      5CA97F1E 
 425 0cec ED7F7562 		.ascii	"\355\177ub\352\214\036w\262\376'\263\313r\371\003\306"
 425      EA8C1E77 
 425      B2FE27B3 
 425      CB72F903 
 425      C6
 426 0cfd 0E92F4AD 		.ascii	"\016\222\364\255S\231u\374\001\226\370\003\3407\336"
 426      539975FC 
 426      0196F803 
 426      E037DE
 427 0d0c 4AECD2B3 		.ascii	"J\354\322\263\373\317\350\371u\302\316\013\374\350\373"
 427      FBCFE8F9 
 427      75C2CE0B 
 427      FCE8FB
ARM GAS  /var/folders/qd/4mxf5pkd0zdf0b9dd1hp39180000gn/T//ccrwoFze.s 			page 34


 428 0d1b 1A39DEAE 		.ascii	"\0329\336\256yQP\251\346\017\274\374\201\317\031\272"
 428      795150A9 
 428      E60FBCFC 
 428      81CF19BA 
 429 0d2b 30A6C397 		.ascii	"0\246\303\227\231\362\321[\361{\002q?c\012\3326\266"
 429      99F2D15B 
 429      F17B0271 
 429      3F630ADA 
 429      36B6
 430 0d3d EBF06DC6 		.ascii	"\353\360m\306\224g\304B\356\2173&>n\317\025\201\234"
 430      9467C442 
 430      EE8F3326 
 430      3E6ECF15 
 430      819C
 431 0d4f 6BC4BFFA 		.ascii	"k\304\277\372d\021_;|lO\000\202M\375n\321\021\017%t"
 431      64115F3B 
 431      7C6C4F00 
 431      824DFD6E 
 431      D1110F25 
 432 0d64 64C91E5A 		.ascii	"d\311\036Z\236\367`\003*\004\177\367a\217\005\327\363"
 432      9EF76003 
 432      2A047FF7 
 432      618F05D7 
 432      F3
 433 0d75 C27537EF 		.ascii	"\302u7\357@\326J\373q0\332\213\225\013\327\356\207\254"
 433      40D64AFB 
 433      7130DA8B 
 433      950BD7EE 
 433      87AC
 434 0d87 3C8384DB 		.ascii	"<\203\204\3339\306\255\244\247ej\374\202B\027j\233\322"
 434      39C6ADA4 
 434      A7656AFC 
 434      8242176A 
 434      9BD2
 435 0d99 2EFBA1E0 		.ascii	".\373\241\340E\316\262}\223-h\017\202\342\003\362\010"
 435      45CEB27D 
 435      932D680F 
 435      82E203F2 
 435      08
 436 0daa 102DDE70 		.ascii	"\020-\336p\024\201mO8\310s\306\334\373I\3768\225=9H"
 436      14816D4F 
 436      38C873C6 
 436      DCFB49FE 
 436      38953D39 
 437 0dbf BC71BAC9 		.ascii	"\274q\272\311\037g1&\375\370\315\331@\234O\031a\303"
 437      1F673126 
 437      FDF8CDD9 
 437      409C4F19 
 437      61C3
 438 0dd1 C58AFB5E 		.ascii	"\305\212\373^\237\263\226ao\217\360\372\366\321\345"
 438      9FB39661 
 438      6F8FF0FA 
 438      F6D1E5
 439 0de0 DA21AC47 		.ascii	"\332!\254G\2452T\3473\274[\251\203\260\033\334\307\354"
 439      A53254E7 
 439      33BC5BA9 
 439      83B01BDC 
ARM GAS  /var/folders/qd/4mxf5pkd0zdf0b9dd1hp39180000gn/T//ccrwoFze.s 			page 35


 439      C7EC
 440 0df2 659C2AA8 		.ascii	"e\234*\250\323\342C\2149T2S\316\262\336(%}\301\326\224"
 440      D3E2438C 
 440      39543253 
 440      CEB2DE28 
 440      257DC1D6 
 441 0e07 727FAF13 		.ascii	"r\177\257\023\357(\315\371#R\316\027\304\246t\371(\317"
 441      EF28CDF9 
 441      2352CE17 
 441      C4A674F9 
 441      28CF
 442 0e19 B1E0BE62 		.ascii	"\261\340\276b\274\217ai\015\007\262\007*\263\213\375"
 442      BC8F6169 
 442      0D07B207 
 442      2AB38BFD 
 443 0e29 700573F4 		.ascii	"p\005s\364\330\264\243O@\301\006\276\334\334\266 \216"
 443      D8B4A34F 
 443      40C106BE 
 443      DCDCB620 
 443      8E
 444 0e3a 0C5125C8 		.ascii	"\014Q%\310\037\227\035\200\356\256\213D\245vT\001\341"
 444      1F971D80 
 444      EEAE8B44 
 444      A5765401 
 444      E1
 445 0e4b 7031F064 		.ascii	"p1\360d2k \020\237b\236\325\037\253>j\300\315\214y2"
 445      326B2010 
 445      9F629ED5 
 445      1FAB3E6A 
 445      C0CD8C79 
 446 0e60 BBBD921F 		.ascii	"\273\275\222\037K-\006\366E\177F\206\226\237J\221\314"
 446      4B2D06F6 
 446      457F4686 
 446      969F4A91 
 446      CC
 447 0e71 1F3FD79F 		.ascii	"\037?\327\237\344\207\257\361\2163U7\015\270\2372\372"
 447      E487AFF1 
 447      8E335537 
 447      0DB89F32 
 447      FA
 448 0e82 1BBD3B12 		.ascii	"\033\275;\022\364\344\304-(\310\020\024\274(\310e\255"
 448      F4E4C42D 
 448      28C81014 
 448      BC28C865 
 448      AD
 449 0e93 5E0351A9 		.ascii	"^\003Q\251\206\250\240z@\322\304\307\375,|o\304A\350"
 449      86A8A07A 
 449      40D2C4C7 
 449      FD2C7C6F 
 449      C441E8
 450 0ea6 0C5033D0 		.ascii	"\014P3\320)\240\323\330m\027\335_\314\327\250\304\341"
 450      29A0D3D8 
 450      6D17DD5F 
 450      CCD7A8C4 
 450      E1
 451 0eb7 C3E07013 		.ascii	"\303\340p\023\366\262\326qf\3439\266\225=\011\202ur"
 451      F6B2D671 
ARM GAS  /var/folders/qd/4mxf5pkd0zdf0b9dd1hp39180000gn/T//ccrwoFze.s 			page 36


 451      66E339B6 
 451      953D0982 
 451      7572
 452 0ec9 849AF022 		.ascii	"\204\232\360\"\245\336\373m\362\332\267\326]\355\274"
 452      A5DEFB6D 
 452      F2DAB7D6 
 452      5DEDBC
 453 0ed8 83D7E1FF 		.ascii	"\203\327\341\377\340+(\000Q\356.\255X\022)\006\340$"
 453      E02B2800 
 453      51EE2EAD 
 453      58122906 
 453      E024
 454 0eea 566E601A 		.ascii	"Vn`\032\350\370H'\025\012mU\036\265)\226L}\275lN6\271"
 454      E8F84827 
 454      150A6D55 
 454      1EB52996 
 454      4C7DBD6C 
 455 0f01 CE49CFE1 		.ascii	"\316I\317\341=\301\265}\277\360N\366\362u$\231\015%"
 455      3DC1B57D 
 455      BFF04EF6 
 455      F2752499 
 455      0D25
 456 0f13 9E63BB92 		.ascii	"\236c\273\222\037\303\356==Y\257\307\243l\340+\034C"
 456      1FC3EE3D 
 456      3D59AFC7 
 456      A36CE02B 
 456      1C43
 457 0f25 2F027182 		.ascii	"/\002q\202\037a4;\262\262N\373\"z\324\030\344\371\374"
 457      1F61343B 
 457      B2B24EFB 
 457      227AD418 
 457      E4F9FC
 458 0f38 A60554B7 		.ascii	"\246\005T\267rT\027\000\325E@r\036\250\035\250\315\005"
 458      72541700 
 458      D5454072 
 458      1EA81DA8 
 458      CD05
 459 0f4a D1993016 		.ascii	"\321\2310\026\031\002\350\034\357\365\212\205\355d?"
 459      1902E81C 
 459      EFF58A85 
 459      ED643F
 460 0f59 5FAA4AE3 		.ascii	"_\252J\343\322\352e\\x(\373Y([\261\207\275Z\323=\267"
 460      D2EA655C 
 460      7828FB59 
 460      285BB187 
 460      BD5AD33D 
 461 0f6e 6078B0AD 		.ascii	"`x\260\255\310\210!\245\351*\217\246\245\320e\265\036"
 461      C88821A5 
 461      E92A8FA6 
 461      A5D065B5 
 461      1E
 462 0f7f 19D6E24D 		.ascii	"\031\326\342M~\354\315\203\312\344\323\201hQ\260\227"
 462      7EECCD83 
 462      CAE4D381 
 462      6851B097 
 463 0f8f 033788CE 		.ascii	"\0037\210\316wE\312\231\347\355\3619$\317;A\276"
 463      7745CA99 
ARM GAS  /var/folders/qd/4mxf5pkd0zdf0b9dd1hp39180000gn/T//ccrwoFze.s 			page 37


 463      E7EDF139 
 463      24CF3B41 
 463      BE
 464 0fa0 43CEF356 		.ascii	"C\316\363V\232\347`\266\252n\344\0356\221\227\222%c"
 464      9AE760B6 
 464      AA6EE41D 
 464      36919792 
 464      2563
 465 0fb2 EF937ABE 		.ascii	"\357\223z\276\256\033 \023\271\274=-\337\037\037\240"
 465      AE1B2013 
 465      B9BC3D2D 
 465      DF1F1FA0 
 466 0fc2 A050D6CB 		.ascii	"\240P\326\313\346\006(t\214\251\253\037?\251\306\025"
 466      E6062874 
 466      8CA9AB1F 
 466      3FA9C615 
 467 0fd2 8CC93B55 		.ascii	"\214\311;U\336\214\361I\306\214\356\336sO\300\215\214"
 467      DE8CF149 
 467      C68CEEDE 
 467      734FC08D 
 467      8C
 468 0fe3 C97414DC 		.ascii	"\311t\024\334\015\304m\214)\315\214\315\022p\027c\016"
 468      0DC46D8C 
 468      29CD8CCD 
 468      12701763 
 468      0E
 469 0ff4 C50D9ED5 		.ascii	"\305\015\236\325\342[\224\361=X\022\013"
 469      E25B94F1 
 469      3D58120B 
 470 1000 11A7C7CE 		.ascii	"\021\247\307\316\213\350\363\035\266\356(*m\027\351"
 470      8BE8F31D 
 470      B6EE282A 
 470      6D17E9
 471 100f F4237BEC 		.ascii	"\364#{\354\033\200~\020{\334c\363\261y\240\330\222t"
 471      1B807E10 
 471      7BDC63F3 
 471      B179A0D8 
 471      9274
 472 1021 73696FDB 		.ascii	"sio\333)R$\207\025\033\244k\356\362\363\363\250O\251"
 472      29522487 
 472      151BA46B 
 472      EEF2F3F3 
 472      A84FA9
 473 1034 BFC75D5E 		.ascii	"\277\307]^\261\271\343\347;\303,\217\006_1%/\303\224"
 473      B1B9E3E7 
 473      3BC32C8F 
 473      065F3125 
 473      2FC394
 474 1047 EC2253F2 		.ascii	"\354\"S\362&WG\206\364\026\014i/\014\345\035\240~\240"
 474      26574786 
 474      F4160C69 
 474      2F0CE51D 
 474      A07EA0
 475 105a DB407D40 		.ascii	"\333@}@\003.\223\340\345\260\002\315U\317\336*\202\323"
 475      032E93E0 
 475      E5B002CD 
 475      55CFDE2A 
ARM GAS  /var/folders/qd/4mxf5pkd0zdf0b9dd1hp39180000gn/T//ccrwoFze.s 			page 38


 475      82D3
 476 106c 3DAC3833 		.ascii	"=\25483\276\356\331Y)\025\357\214\346\334W\343\007,"
 476      BEEED959 
 476      2915EF8C 
 476      E6DC57E3 
 476      072C
 477 107e 154B8E76 		.ascii	"\025K\216v\216 \367Tt\342\276\013X\277/ngJ\2265\244"
 477      8E20F754 
 477      74E2BE0B 
 477      58BF2F6E 
 477      674A9635 
 478 1093 93941C82 		.ascii	"\223\224\034\202~\337\312)9(\245d\307D!,\361\237\261"
 478      7EDFCA29 
 478      3928A564 
 478      C744212C 
 478      F19FB1
 479 10a6 347174C4 		.ascii	"4qt\304\376-\2163\320\357w\357\356\312\346ox\375\010"
 479      FE2D8E33 
 479      D0EF77EF 
 479      EECAE66F 
 479      78FD08
 480 10b9 D8EEBA9C 		.ascii	"\330\356\272\234\023\202^~K\202\264\313\265\364\001"
 480      13825E7E 
 480      4B82B4CB 
 480      B5F401
 481 10c8 260F6943 		.ascii	"&\017iC\226\242aL\237\321\216\354m?B~\262\202\365\350"
 481      96A2614C 
 481      9FD18EEC 
 481      6D3F427E 
 481      B282F5E8 
 482 10dc AF8A770F 		.ascii	"\257\212w\017\202Y\255\312\317\034\334\242\303\231\324"
 482      8259ADCA 
 482      CF1CDCA2 
 482      C399D4
 483 10eb 8E90F7F4 		.ascii	"\216\220\367\364\330\214\363\275\251\362x\361\265\330"
 483      D88CF3BD 
 483      A9F278F1 
 483      B5D8
 484 10f9 958A23D7 		.ascii	"\225\212#\327\307\340f0_5\214@\034\036b\347\033`\225"
 484      C7E06630 
 484      5F358C40 
 484      1C1E62E7 
 484      1B6095
 485 110c EFB137C0 		.ascii	"\357\2617\300F\2418<\222=\013\346\313\206D\307\201t"
 485      46A1383C 
 485      923D0BE6 
 485      CB8644C7 
 485      8174
 486 111e 3F9CCF8C 		.ascii	"?\234\317\214d\247\017\336\324*\337\261i\246/ \214C"
 486      64A70FDE 
 486      D42ADFB1 
 486      69A62F20 
 486      8C43
 487 1130 D72772D7 		.ascii	"\327'r\327Q\354|j>\017\310\230\007 \344yq\331\315F5"
 487      51EC7C6A 
 487      3E0FC898 
 487      0720E479 
ARM GAS  /var/folders/qd/4mxf5pkd0zdf0b9dd1hp39180000gn/T//ccrwoFze.s 			page 39


 487      71D9CD46 
 488 1145 DECBAC3C 		.ascii	"\336\313\254<M\032)\360\356\312\244WW\346\256\341\336"
 488      4D1A29F0 
 488      EECAA457 
 488      57E6AEE1 
 488      DE
 489 1156 8664324A 		.ascii	"\206d2JO\001\320\204\014h\034sg\036\014%=\324.\314\340"
 489      4F01D084 
 489      0C681C73 
 489      671E0C25 
 489      3DD42ECC 
 490 116b 59F1AB25 		.ascii	"Y\361\253%Tp'(\331A\3275Sx\2414\010 \255\355y\3213\354"
 490      54702728 
 490      D941D735 
 490      5378A134 
 490      0820ADED 
 491 1183 83F8035C 		.ascii	"\203\370\003\\\347\374n\033u\210\342`=\"\322\350>\030"
 491      E7FC6E1B 
 491      7588E260 
 491      3D22D2E8 
 491      3E18
 492 1195 99859490 		.ascii	"\231\205\224\220t\240\355\330\355Dcr\232\3470YB\356"
 492      74A0EDD8 
 492      ED446372 
 492      9AE73059 
 492      42EE
 493 11a7 E2E2CE1C 		.ascii	"\342\342\316\034\2763o\202_\372/v\330KN\012\012\270"
 493      BE336F82 
 493      5FFA2F76 
 493      D84B4E0A 
 493      0AB8
 494 11b9 B8F331CD 		.ascii	"\270\3631\315\274\243\341K\353\2314\251\224\305\\\332"
 494      BCA3E14B 
 494      EB9934A9 
 494      94C55CDA 
 495 11c9 59729547 		.ascii	"Yr\225G=\362LX\242B\371\200v\033A{\217w\241\217} \256"
 495      3DF24C58 
 495      A242F980 
 495      761B417B 
 495      8F77A18F 
 496 11e0 2F21F367 		.ascii	"/!\363g\200\246\201\236\003=s]C?c\305av\336\217\014"
 496      80A6819E 
 496      033D735D 
 496      433F63C5 
 496      6176DE8F 
 497 11f5 F1F3D9C2 		.ascii	"\361\363\331\302,\221\370If\310\025\256\3279\345\\~"
 497      2C91F849 
 497      66C815AE 
 497      D739E55C 
 497      7E
 498 1206 35EA3638 		.ascii	"5\35268&\375q9\033\354\3439\307\016j\225+\356{\015i"
 498      26FD7139 
 498      1BECE339 
 498      C70E6A95 
 498      2BEE7B0D 
 499 121b 640863D5 		.ascii	"d\010c\325\213\320\234<\204\263\362\212{\236\027\242"
 499      8BD09C3C 
ARM GAS  /var/folders/qd/4mxf5pkd0zdf0b9dd1hp39180000gn/T//ccrwoFze.s 			page 40


 499      84B3F28A 
 499      7B9E17A2 
 500 122b 3AF87B79 		.ascii	":\370{y\001\246\237'\245\357\365\177\253P\332#\346\035"
 500      01A69F27 
 500      A5EFF57F 
 500      AB50DA23 
 500      E61D
 501 123d 2E4F1233 		.ascii	".O\0223\032a?J\314me\346\234\212U\244\005\376\307\251"
 501      1A613F4A 
 501      CC6D65E6 
 501      9C8A55A4 
 501      05FEC7A9 
 502 1251 DF82AE17 		.ascii	"\337\202\256\027\352\036\265 \345*\367\222\3139n\274"
 502      EA1EB520 
 502      E52AF792 
 502      CB396EBC 
 503 1261 9A2E83C8 		.ascii	"\232.\203\310\225\354\274\257ls\370*\205\211~Y\330\301"
 503      95ECBCAF 
 503      6C73F82A 
 503      85897E59 
 503      D8C1
 504 1273 851D54F8 		.ascii	"\205\035T\370\316Li5\177\301K\003\354\251\363\216Z?"
 504      CE4C6935 
 504      7FC14B03 
 504      ECA9F38E 
 504      5A3F
 505 1285 AF252241 		.ascii	"\257%\"A\315K\304\0065\2359\023\311\033\246\370\373"
 505      CD4BC406 
 505      359D3913 
 505      C91BA6F8 
 505      FB
 506 1296 A6E44D3C 		.ascii	"\246\344M<\351\205\322\305\354\205\322\342\301\3546"
 506      E985D2C5 
 506      EC85D2E2 
 506      C1EC36
 507 12a5 24273CA2 		.ascii	"$'<\242\257\233lT/E\211jz\330\240^(\251\244\014\331"
 507      AF9B6C54 
 507      2F45896A 
 507      7AD8A05E 
 507      28A9A40C 
 508 12ba A3C43E28 		.ascii	"\243\304>(tq3\307e1\237\314\221'S\344\307\363'\247\002"
 508      747133C7 
 508      65319FCC 
 508      912753E4 
 508      C7F327A7 
 509 12cf 95C29B5C 		.ascii	"\225\302\233\\\204S\270p\012\025\356xT\223\352\207k"
 509      8453B870 
 509      0A15EE78 
 509      5493EA87 
 509      6B
 510 12e0 59592C49 		.ascii	"YY,I\235\313\366\361\272\301\370F\255<\004\271u\362"
 510      9DCBF6F1 
 510      BAC1F846 
 510      AD3C04B9 
 510      75F2
 511 12f2 C908D953 		.ascii	"\311\010\331S\327\017\210\365\015y\332\366\266\004\261"
 511      D70F88F5 
ARM GAS  /var/folders/qd/4mxf5pkd0zdf0b9dd1hp39180000gn/T//ccrwoFze.s 			page 41


 511      0D79DAF6 
 511      B604B1
 512 1301 0362F331 		.ascii	"\003b\3631\225C\251jg\222\300W\327S\20645\331 \017\354"
 512      9543A96A 
 512      6792C057 
 512      D7538634 
 512      35D9200F 
 513 1316 BC9BE58F 		.ascii	"\274\233\345\217\3571\303\023\331\223\303:\256\354\346"
 513      EF31C313 
 513      D993C33A 
 513      AEECE6
 514 1325 302E7655 		.ascii	"0.vU\226.+KwW\226A\225\355\277\225\266G\213'\230\262"
 514      962E2B4B 
 514      77579641 
 514      95EDBF95 
 514      B6478B27 
 515 133b 83A53BCA 		.ascii	"\203\245;\312\003p\254?{\221\351LC\276\006\266Qh\023"
 515      0370AC3F 
 515      7B91E94C 
 515      43BE06B6 
 515      516813
 516 134e E9495A36 		.ascii	"\351IZ6\026l;\355\313m\315\025i\363\212w\300\302<V\374"
 516      166C3BED 
 516      CB6DCD15 
 516      69F38A77 
 516      C0C23C56 
 517 1363 558B408D 		.ascii	"U\213@\215eJ\306P\226ZM8W{\331\324^\352\206\203\261"
 517      654AC650 
 517      965A4D38 
 517      577BD9D4 
 517      5EEA8683 
 518 1378 5A5CCB4C 		.ascii	"Z\\\313L\324\246\224>\364\343\012\233\363\264\325))"
 518      D4A6943E 
 518      F4E30A9B 
 518      F3B4D529 
 518      29
 519 1389 4CE1C754 		.ascii	"L\341\307T\337f\031\374fwe9T\331\276\251g)\001\270\211"
 519      DF6619FC 
 519      66776539 
 519      54D9BEA9 
 519      672901B8 
 520 139e 297BD87D 		.ascii	"){\330}\240\303 Gb\253k$\266\310\312\266\270+\313\245"
 520      A0C32047 
 520      62AB6B24 
 520      B6C8CAB6 
 520      B82BCBA5 
 521 13b2 CA2662B3 		.ascii	"\312&b\263\312|q\2077\347\247/e\\6\310\316\227\2709"
 521      CA7C7187 
 521      37E7A72F 
 521      655C36C8 
 521      CE97B839 
 522 13c6 9FE7747E 		.ascii	"\237\347t~+8\237\347nb\0335\321\330:\276\317\027\367"
 522      2B389FE7 
 522      6E621B35 
 522      D1D83ABE 
 522      CF17F7
 523 13d9 3113F72F 		.ascii	"1\023\367/'\237\323\321m*\3141\276O\335\232u\277/\300"
ARM GAS  /var/folders/qd/4mxf5pkd0zdf0b9dd1hp39180000gn/T//ccrwoFze.s 			page 42


 523      279FD3D1 
 523      6D2ACC31 
 523      BE4FDD9A 
 523      75BF2FC0 
 524 13ed 7960B35D 		.ascii	"y`\263]M\033\323\212.\305\"\257\271\265\223\346\326"
 524      4D1BD38A 
 524      2EC522AF 
 524      B9B593E6 
 524      D6
 525 13fe 0E354FAE 		.ascii	"\0165O\256\376\272\254,\347\030\315\342\262\343\345"
 525      FEBAAC2C 
 525      E718CDE2 
 525      B2E3E5
 526 140d 9DB1E262 		.ascii	"\235\261\342b\207\216\310\241|9\010\371\356\010\013"
 526      878EC8A1 
 526      7C3908F9 
 526      EE080B
 527 141c 28C2BA0B 		.ascii	"(\302\272\013'b\021~\300\020\276x\334\361\202\377\326"
 527      2762117E 
 527      C010BE78 
 527      DCF182FF 
 527      D6
 528 142d EB81ED1A 		.ascii	"\353\201\355\032\332\345\340s\261\203\334\336ua<G\217"
 528      DAE5E073 
 528      B183DCDE 
 528      75613C47 
 528      8F
 529 143e A7996C71 		.ascii	"\247\231lq\305\336j\376\212\243\216\274\023q\264\376"
 529      C5DE6AFE 
 529      8AA38EBC 
 529      1371B4FE 
 530 144e A2F775C1 		.ascii	"\242\367u\301>i\322\357e\223\376\216x-Ap\237\326\205"
 530      3E69D2EF 
 530      6593FE8E 
 530      782D4170 
 530      9FD685
 531 1461 30AD77D3 		.ascii	"0\255w\323i\275\237Nk\332\211H\357;\335{X\257\224\316"
 531      69BD9F4E 
 531      6BDA8948 
 531      EF3BDD7B 
 531      58AF94CE 
 532 1475 7D95746D 		.ascii	"}\225tmVO\243\000%\262\243\236\236tV\337v\210\261\011"
 532      564FA300 
 532      25B2A39E 
 532      9E7456DF 
 532      7688B109 
 533 1489 50F50FA8 		.ascii	"P\365\017\250\027\242=\020\217D\374\246\242\363.h\371"
 533      17A23D10 
 533      8F44FCA6 
 533      A2F32E68 
 533      F9
 534 149a 4F18F622 		.ascii	"O\030\366\"Z#\233\317\337H\322\343\270\000\257\207i"
 534      5A239BCF 
 534      DF48D2E3 
 534      B800AF87 
 534      69
 535 14ab 17CE76E5 		.ascii	"\027\316v\345\302\206\201\012\250\2675V<\362C:\366N"
ARM GAS  /var/folders/qd/4mxf5pkd0zdf0b9dd1hp39180000gn/T//ccrwoFze.s 			page 43


 535      C286810A 
 535      A8B73556 
 535      3CF2433A 
 535      F64E
 536 14bd 5C70227D 		.ascii	"\\p\"}o->c\001r\276\267V\016\205\275T\255\003\015\207"
 536      6F2D3E63 
 536      0172BEB7 
 536      560E85BD 
 536      54AD030D 
 537 14d2 C0601918 		.ascii	"\300`\031\030$\257\304\221\026\372\232\334\002\372U"
 537      24AFC491 
 537      16FA9ADC 
 537      02FA55
 538 14e1 F12E1DB0 		.ascii	"\361.\035\260\250D\355|\227\216\354\015\256\326\277"
 538      A844ED7C 
 538      978EEC0D 
 538      AED6BF
 539 14f0 D02A5381 		.ascii	"\320*S\201\210\310\271p\230\346B\261\224\013O\223\247"
 539      88C8B970 
 539      98E642B1 
 539      940B4F93 
 539      A7
 540 1501 AAA5946D 		.ascii	"\252\245\224mn\323\356\214\347\323\253EM$\321A9\033"
 540      6ED3EE8C 
 540      E7D3AB45 
 540      4D24D141 
 540      391B
 541 1513 0EBA67C3 		.ascii	"\016\272g\303\021\232\015\261M\373\343\265\270*\300"
 541      119A0DB1 
 541      4DFBE3B5 
 541      B82AC0
 542 1522 6BBE2615 		.ascii	"k\276&\0256\037\306\336\017\023\217S<\307$<G\256\247"
 542      361FC6DE 
 542      0F138F53 
 542      3CC7243C 
 542      47AEA7
 543 1535 2669E5DC 		.ascii	"&i\345\334<u\374\016\317M\220CGe4G\335\321TP4\247\017"
 543      3C75FC0E 
 543      CF4D9043 
 543      47653447 
 543      DDD15450 
 544 154c 3DAF7329 		.ascii	"=\257s)\345i.\325\271\222W\347JZ\235{*{\343\003q+\203"
 544      E5692ED5 
 544      B99257E7 
 544      4A5A9D7B 
 544      2A7BE303 
 545 1563 5EB1FBFA 		.ascii	"^\261\373\372\225@9\020\375\361\316:CTT\311\226\253"
 545      95403910 
 545      FDF1CE3A 
 545      435454C9 
 545      96AB
 546 1575 DC2D9FA0 		.ascii	"\334-\237\240\226\247j\006\316\373\343kLY\341\360\211"
 546      96A76A06 
 546      CEFBE36B 
 546      4C59E1F0 
 546      89
 547 1586 06FEEA3A 		.ascii	"\006\376\352:9Q\354\331\235\275\227\2370\336#\267\207"
ARM GAS  /var/folders/qd/4mxf5pkd0zdf0b9dd1hp39180000gn/T//ccrwoFze.s 			page 44


 547      3951ECD9 
 547      9DBD979F 
 547      30DE23B7 
 547      87
 548 1597 AAB31BF5 		.ascii	"\252\263\033\365^3\277N\312|\362<\024\244E\261c\324"
 548      5E33BF4E 
 548      CA7CF23C 
 548      14A445B1 
 548      63D4
 549 15a9 C73DF36B 		.ascii	"\307=\363k!;jh:\236\244\271\\'\345\362\334\226\374'"
 549      213B6A68 
 549      3A9EA4B9 
 549      5C27E5F2 
 549      DC96FC27 
 550 15bd 5AF7CCF7 		.ascii	"Z\367\314\367*]s\321Q\342+g~\361\267<\363O\361\314O"
 550      2A5D73D1 
 550      51E22B67 
 550      7EF1B73C 
 550      F34FF1CC 
 551 15d2 87CC973B 		.ascii	"\207\314\227;W\363\314\257W\277\245\372\321\362\345"
 551      57F3CCAF 
 551      57BFA5FA 
 551      D1F2E5
 552 15e1 21EC2FCA 		.ascii	"!\354/\312\026b\265\207\330\254\346\020sh\204m\355r"
 552      1662B587 
 552      D8ACE610 
 552      7368846D 
 552      ED72
 553 15f3 B3EFEF7E 		.ascii	"\263\357\357~\377\2077>Z\271R\245\2176Z-\246\360hkX"
 553      FF87373E 
 553      5AB952A5 
 553      8F365A2D 
 553      A6F0686B 
 554 1608 94DE688C 		.ascii	"\224\336h\214\011\213\264\377\374\035\243}\023\012\371"
 554      098BB4FF 
 554      FC1DA37D 
 554      130AF9
 555 1617 75747478 		.ascii	"uttx\230\331d\017\213\212\264\205\374\306\034\036\026"
 555      98D9640F 
 555      8B8AB485 
 555      FCC61C1E 
 555      16
 556 1628 6DB3182D 		.ascii	"m\263\030-\313\242c\314_\274\263\334\024\035\035\362"
 556      CBA263CC 
 556      5FBCB3DC 
 556      141D1DF2 
 557 1638 5154A4DD 		.ascii	"QT\244\335\022i\237w3\344_\243\242\302m!k\315\346e&"
 557      12699F77 
 557      33E45FA3 
 557      A2C26D21 
 557      6BCDE665 
 558 164d 6BC4B2C8 		.ascii	"k\304\262\310\250H\3132\213\351\363\260e\357/{g\305"
 558      A848CB32 
 558      8BE9F3B0 
 558      65EF2F7B 
 558      67C5
 559 165f CAF7977D 		.ascii	"\312\367\227}\371\356\262\010\323_\242\254!.wC\302\""
ARM GAS  /var/folders/qd/4mxf5pkd0zdf0b9dd1hp39180000gn/T//ccrwoFze.s 			page 45


 559      F9EEB208 
 559      D35FA2AC 
 559      212E7743 
 559      C222
 560 1671 CDE131AB 		.ascii	"\315\3411\253-!\021&shX\244%\304\270\332\262\306\024"
 560      2D211126 
 560      736858A4 
 560      25C4B8DA 
 560      B2C614
 561 1684 136E37DA 		.ascii	"\023n7\332\327G[l\313CU\276\022\270\304\377?p\266\365"
 561      D7475B6C 
 561      CB4355BE 
 561      12B8C4FF 
 561      3F70B6F5 
 562 1698 B610A3CD 		.ascii	"\266\020\243\315\276\032\220\000\"\255\235\204\315h"
 562      BE1A9000 
 562      22AD9D84 
 562      CD68
 563 16a6 7FD72DCE 		.ascii	"\177\327-\316\321QV\260\374\353\317>\375\350\323u!\346"
 563      D15156B0 
 563      FCEBCF3E 
 563      FDE8D375 
 563      21E6
 564 16b8 A888E8B0 		.ascii	"\250\210\350\260p\213\325\026\362\273\217>\202\360K"
 564      708BD516 
 564      F2BB8F3E 
 564      82F04B
 565 16c7 EEE8A28D 		.ascii	"\356\350\242\215\021\366u\341a6\273&\302\030iYg\327"
 565      11F675E1 
 565      6136BB26 
 565      C2186959 
 565      67D7
 566 16d9 4618A3BE 		.ascii	"F\030\243\276\216\264X\341\372e\214%\306\242\211\246"
 566      8EB458E1 
 566      FA658C25 
 566      C6A289A6 
 567 16e9 CD0BCCA1 		.ascii	"\315\013\314\241F{(\214\321j\233\263=\332j\371*\320"
 567      467B288C 
 567      D16A9BB3 
 567      3DDA6AF9 
 567      2AD0
 568 16fb A5D108DD 		.ascii	"\245\321\010\335c\354\226uF\273/\310\323\2570\262\226"
 568      63EC9675 
 568      46BB2FC8 
 568      D3AF30B2 
 568      96
 569 170c 684B2460 		.ascii	"hK$`]\353g\371\012\202\021a\262}a\264\373\200]\333Z"
 569      5DEB67F9 
 569      0A821161 
 569      B27D61B4 
 569      FB805DDB 
 570 1721 9DD1C8A3 		.ascii	"\235\321\310\243\251\345W\037h5\332\365\364.U\011\000"
 570      A9E5571F 
 570      6835DAF5 
 570      F42E5509 
 570      00
 571 1732 BF3685D9 		.ascii	"\2776\205\331\241{\240\002\002\001\034\240d\214v\034"
ARM GAS  /var/folders/qd/4mxf5pkd0zdf0b9dd1hp39180000gn/T//ccrwoFze.s 			page 46


 571      A17BA002 
 571      02011CA0 
 571      648C761C 
 572 1742 6D8CD158 		.ascii	"m\214\321X\276&\3525_\333\301\251h\270\330,\021\321"
 572      BE26EA35 
 572      5FDBC1A9 
 572      68B8D82C 
 572      11D1
 573 1754 3E36A339 		.ascii	">6\2439\322\356\003\004f8P\003\350\202{\246\350\320"
 573      D2EE0304 
 573      66385003 
 573      E8827BA6 
 573      E8D0
 574 1766 28ABC5E7 		.ascii	"(\253\305\347k\273\335\032\275\220\251\203<\\c\261Z"
 574      6BBBDD1A 
 574      BD90A983 
 574      3C5C63B1 
 574      5A
 575 1777 22CDE00C 		.ascii	"\"\315\340\014(\210\372\374/\321\276\226uavs\324j\213"
 575      2888FAFC 
 575      2FD1BE96 
 575      75617673 
 575      D46A8B
 576 178a C6BA7A3D 		.ascii	"\306\272z=\340\322\220d]c\323\261D\375\000\264JW;i\207"
 576      E0D29064 
 576      5D63D3B1 
 576      44FD00B4 
 576      4A573B69 
 577 179f 6BB4714D 		.ascii	"k\264qM\270i\255Mk\217\200^\224\267\331Mv\213\257\235"
 577      B869AD4D 
 577      6B8F805E 
 577      94B7D94D 
 577      768BAF9D 
 578 17b3 5E403104 		.ascii	"^@1\004\325\024aQ\233CMV\270\031\025\276\332B\256\221"
 578      D5146151 
 578      9B434D56 
 578      B81915BE 
 578      DA42AE91 
 579 17c7 96AF2D56 		.ascii	"\226\257-V\210\214\331\276\016"
 579      888CD9BE 
 579      0E
 580 17d0 5B57FE5C 		.ascii	"[W\376\\\010\267\372Z-k!\007\214\366\267^9\270\241f"
 580      08B7FA5A 
 580      2D6B2107 
 580      8CF6B75E 
 580      39B8A166 
 581 17e4 70034653 		.ascii	"p\003FS\260\276/X\337\023\254\277\020\254\357\202\206"
 581      B0BE2F58 
 581      DF13ACBF 
 581      10ACEF82 
 581      86
 582 17f5 95402B04 		.ascii	"\225@+\004\353\207\202\365\003?\322\201\004\033t\377"
 582      EB8782F5 
 582      033FD281 
 582      041B74FF 
 583 1805 F4BB7519 		.ascii	"\364\273u\031\277z/\202\244\226\231$\360:;\035\354\260"
 583      BF7A2F82 
ARM GAS  /var/folders/qd/4mxf5pkd0zdf0b9dd1hp39180000gn/T//ccrwoFze.s 			page 47


 583      A4969924 
 583      F03A3B1D 
 583      ECB0
 584 1817 289D7304 		.ascii	"(\235s\004\000lD4\344\260/\017\232\375\0157\235R\252"
 584      006C4434 
 584      E4B02F0F 
 584      9AFD0D37 
 584      9D52AA
 585 182a 9A436DE6 		.ascii	"\232Cm\346\320\325\240\352'^\005`\250\340~\220w\005"
 585      D0D5A0EA 
 585      275E0560 
 585      A8E07E90 
 585      7705
 586 183c EB6D52B6 		.ascii	"\353mR\266zW\002\203I\262\331\034\372\251m\355*H\267"
 586      7A570283 
 586      49B2D91C 
 586      FAA96DED 
 586      2A48B7
 587 184f 1F7B2F3A 		.ascii	"\037{/:\\\352\217\220U\006\372\3553K\270\305d\263\370"
 587      5CEA8F90 
 587      5506FAED 
 587      334BB8C5 
 587      64B3F8
 588 1862 9B435799 		.ascii	"\233CW\231C\177\027\265*\334b\211^\345G\271\317\300"
 588      437F17B5 
 588      2ADC6289 
 588      5EE547B9 
 588      CFC0
 589 1874 B9F59F18 		.ascii	"\271\365\237\030\350\367?\232\276\260\304D\257\022\314"
 589      E8F73F9A 
 589      BEB0C444 
 589      AF12CC
 590 1883 A1FA0813 		.ascii	"\241\372\010\023D\222z\216W\177N\023\223\200\264D@\265"
 590      44927A8E 
 590      577F4E13 
 590      9380B444 
 590      40B5
 591 1895 F83C66AD 		.ascii	"\370<f\255.\332\024\031f&\031\034\240l\206a\377\312"
 591      2EDA1419 
 591      6626191C 
 591      A06C8661 
 591      FFCA
 592 18a7 4E72D5F7 		.ascii	"Nr\325\367+;\264\204\333M:r;,\202d\0104\221\351D\256"
 592      2B3BB484 
 592      DB4D3A72 
 592      3B2C8264 
 592      083491E9 
 593 18bd 6B6222CD 		.ascii	"kb\"\315 B.\354\2064\377\276\012\263\332cL\341F\322"
 593      20422EEC 
 593      8634FFBE 
 593      0AB3DA63 
 593      4CE146D2 
 594 18d1 C5AA213D 		.ascii	"\305\252!=L\326@\227F\243\375uw96=\374@:\334d\263\223"
 594      4CD64097 
 594      46A3FD75 
 594      7739363D 
 594      FC403ADC 
ARM GAS  /var/folders/qd/4mxf5pkd0zdf0b9dd1hp39180000gn/T//ccrwoFze.s 			page 48


 595 18e8 A61F78B8 		.ascii	"\246\037x\270\017\023\317J\256Z+OF+OF+IF\215\225\016"
 595      0F13CF4A 
 595      AE5A2B4F 
 595      462B4F46 
 595      2B49468D 
 596 18fe 3F34D2C9 		.ascii	"?4\322\311\003\201\"\325z\365z\332U\007\"1V\2301v\203"
 596      038122D5 
 596      7AF57ADA 
 596      55072231 
 596      56983176 
 597 1913 DC68B4EB 		.ascii	"\334h\264\353\234A\011\010[\035n\341y\003s\231\327\367"
 597      9C410908 
 597      5B1D6EE1 
 597      79037399 
 597      D7F7
 598 1925 F7DE8522 		.ascii	"\367\336\205\"!}\321\333\354_\230\302\303\326F\032\355"
 598      217DD1DB 
 598      EC5F98C2 
 598      C3D6461A 
 598      ED
 599 1936 7E7230C9 		.ascii	"~r0\311\367U\353m\177\210\014\2172\177\361\212\241_"
 599      F755EB6D 
 599      7F880C8F 
 599      327FF18A 
 599      A15F
 600 1948 4F528325 		.ascii	"OR\203%x\014\2255\030\215\226H\323\347`5\314\372\245"
 600      780C9535 
 600      188D9648 
 600      D3E76035 
 600      CCFAA5
 601 195b BF29FC6B 		.ascii	"\277)\374k\323z\033\344~8\024\364\237)\325@\\C>\372"
 601      D37A1BE4 
 601      7E3814F4 
 601      9F29D540 
 601      5C433EFA 
 602 196f 74D527AB 		.ascii	"t\325'\253dm$\367\315\021\277\205\330\263t\002\373\377"
 602      646D24F7 
 602      CD11BF85 
 602      D8B37402 
 602      FBFF
 603 1981 041A7554 		.ascii	"\004\032uT;\321\355o4\256\016\263I\312\015\254\354\205"
 603      3BD1ED6F 
 603      34AE0EB3 
 603      49CA0DAC 
 603      EC85
 604 1993 45DA2C56 		.ascii	"E\332,V;\334\242\203f\\\376\213\367W\256\360\225\270"
 604      3BDCA283 
 604      665CFE8B 
 604      F757AEF0 
 604      95B8
 605 19a5 409A649F 		.ascii	"@\232d\237\330\376\205U\301O|\214\377\0003\347\025\363"
 605      D8FE8555 
 605      C14F7C8C 
 605      FF0033E7 
 605      15F3
 606 19b7 01923454 		.ascii	"\001\2224T\365\032\323\274&lM\024\004;\"\352+\022v9"
 606      F51AD3BC 
ARM GAS  /var/folders/qd/4mxf5pkd0zdf0b9dd1hp39180000gn/T//ccrwoFze.s 			page 49


 606      266C4D14 
 606      043B22EA 
 606      2B127639 
 607 19cb 5957B918 		.ascii	"YW\271\030\373\360\177\001E\267\324\313"
 607      FBF07F01 
 607      45B7D4CB 
 608              		.text
 609              		.section	.gnu.lto_.symtab.2c6aec443ef206b7,"",%progbits
 610 0000 63684D73 		.ascii	"chMsgSend\000"
 610      6753656E 
 610      6400
 611 000a 00       		.ascii	"\000"
 612 000b 00       		.ascii	"\000"
 613 000c 00       		.ascii	"\000"
 614 000d 00000000 		.ascii	"\000\000\000\000\000\000\000\000"
 614      00000000 
 615 0015 87010000 		.ascii	"\207\001\000\000"
 616 0019 63684D73 		.ascii	"chMsgWait\000"
 616      67576169 
 616      7400
 617 0023 00       		.ascii	"\000"
 618 0024 00       		.ascii	"\000"
 619 0025 00       		.ascii	"\000"
 620 0026 00000000 		.ascii	"\000\000\000\000\000\000\000\000"
 620      00000000 
 621 002e 8A010000 		.ascii	"\212\001\000\000"
 622 0032 63684D73 		.ascii	"chMsgRelease\000"
 622      6752656C 
 622      65617365 
 622      00
 623 003f 00       		.ascii	"\000"
 624 0040 00       		.ascii	"\000"
 625 0041 00       		.ascii	"\000"
 626 0042 00000000 		.ascii	"\000\000\000\000\000\000\000\000"
 626      00000000 
 627 004a 8F010000 		.ascii	"\217\001\000\000"
 628 004e 636800   		.ascii	"ch\000"
 629 0051 00       		.ascii	"\000"
 630 0052 02       		.ascii	"\002"
 631 0053 00       		.ascii	"\000"
 632 0054 00000000 		.ascii	"\000\000\000\000\000\000\000\000"
 632      00000000 
 633 005c 02020000 		.ascii	"\002\002\000\000"
 634 0060 63685363 		.ascii	"chSchGoSleepS\000"
 634      68476F53 
 634      6C656570 
 634      5300
 635 006e 00       		.ascii	"\000"
 636 006f 02       		.ascii	"\002"
 637 0070 00       		.ascii	"\000"
 638 0071 00000000 		.ascii	"\000\000\000\000\000\000\000\000"
 638      00000000 
 639 0079 93010000 		.ascii	"\223\001\000\000"
 640 007d 63685363 		.ascii	"chSchReadyI\000"
 640      68526561 
 640      64794900 
 641 0089 00       		.ascii	"\000"
ARM GAS  /var/folders/qd/4mxf5pkd0zdf0b9dd1hp39180000gn/T//ccrwoFze.s 			page 50


 642 008a 02       		.ascii	"\002"
 643 008b 00       		.ascii	"\000"
 644 008c 00000000 		.ascii	"\000\000\000\000\000\000\000\000"
 644      00000000 
 645 0094 97010000 		.ascii	"\227\001\000\000"
 646 0098 63685363 		.ascii	"chSchWakeupS\000"
 646      6857616B 
 646      65757053 
 646      00
 647 00a5 00       		.ascii	"\000"
 648 00a6 02       		.ascii	"\002"
 649 00a7 00       		.ascii	"\000"
 650 00a8 00000000 		.ascii	"\000\000\000\000\000\000\000\000"
 650      00000000 
 651 00b0 99010000 		.ascii	"\231\001\000\000"
 652              		.text
 653              		.section	.gnu.lto_.opts,"",%progbits
 654 0000 272D666D 		.ascii	"'-fmath-errno' '-fsigned-zeros' '-ftrapping-math' '"
 654      6174682D 
 654      6572726E 
 654      6F272027 
 654      2D667369 
 655 0033 2D666E6F 		.ascii	"-fno-trapv' '-fno-openmp' '-fno-openacc' '-mcpu=cor"
 655      2D747261 
 655      70762720 
 655      272D666E 
 655      6F2D6F70 
 656 0066 7465782D 		.ascii	"tex-m0' '-mno-thumb-interwork' '-mthumb' '-O2' '-fo"
 656      6D302720 
 656      272D6D6E 
 656      6F2D7468 
 656      756D622D 
 657 0099 6D69742D 		.ascii	"mit-frame-pointer' '-falign-functions=16' '-ffuncti"
 657      6672616D 
 657      652D706F 
 657      696E7465 
 657      72272027 
 658 00cc 6F6E2D73 		.ascii	"on-sections' '-fdata-sections' '-fno-common' '-flto"
 658      65637469 
 658      6F6E7327 
 658      20272D66 
 658      64617461 
 659 00ff 2700     		.ascii	"'\000"
 660              		.text
 661              		.comm	__gnu_lto_v1,1,1
 662              		.comm	__gnu_lto_slim,1,1
 663              		.ident	"GCC: (GNU Tools for Arm Embedded Processors 7-2017-q4-major) 7.2.1 20170904 (release) [ARM
ARM GAS  /var/folders/qd/4mxf5pkd0zdf0b9dd1hp39180000gn/T//ccrwoFze.s 			page 51


DEFINED SYMBOLS
                            *ABS*:0000000000000000 chmsg.c
                            *COM*:0000000000000001 __gnu_lto_v1
                            *COM*:0000000000000001 __gnu_lto_slim

NO UNDEFINED SYMBOLS
