ARM GAS  /var/folders/qd/4mxf5pkd0zdf0b9dd1hp39180000gn/T//ccEV8B3M.s 			page 1


   1              		.cpu cortex-m0
   2              		.eabi_attribute 20, 1
   3              		.eabi_attribute 21, 1
   4              		.eabi_attribute 23, 3
   5              		.eabi_attribute 24, 1
   6              		.eabi_attribute 25, 1
   7              		.eabi_attribute 26, 1
   8              		.eabi_attribute 30, 2
   9              		.eabi_attribute 34, 0
  10              		.eabi_attribute 18, 4
  11              		.file	"nvic.c"
  12              		.section	.gnu.lto_.profile.7f9b539dad440976,"",%progbits
  13 0000 789C6363 		.ascii	"x\234cc```\001bF\006)1\000\000\302\000<"
  13      60606001 
  13      62460629 
  13      310000C2 
  13      003C
  14              		.text
  15              		.section	.gnu.lto_.icf.7f9b539dad440976,"",%progbits
  16 0000 789C6363 		.ascii	"x\234cc``\220d@\000\026\206\355\263\273\236\2622\376"
  16      60609064 
  16      40001686 
  16      EDB3BB9E 
  16      B232FE
  17 0013 3DB66617 		.ascii	"=\266f\027\013\323\227\346M\277x\231O?\330\020\303\000"
  17      0BD397E6 
  17      4DBF7899 
  17      4F3FD810 
  17      C300
  18 0025 009A9B0C 		.ascii	"\000\232\233\014\004"
  18      04
  19              		.text
  20              		.section	.gnu.lto_.jmpfuncs.7f9b539dad440976,"",%progbits
  21 0000 789C6363 		.ascii	"x\234cc``\320a@\000\026\006&FF\346\3729\314\014 \314"
  21      6060D061 
  21      40001606 
  21      264646E6 
  21      FA39CC0C 
  22 0016 0804209A 		.ascii	"\010\004 \232\011Y\220\031*\310\000\000\237-\007\005"
  22      09599019 
  22      2AC80000 
  22      9F2D0705 
  23              		.text
  24              		.section	.gnu.lto_.inline.7f9b539dad440976,"",%progbits
  25 0000 789C4D8C 		.ascii	"x\234M\214\321\021\2000\014B!\215i\364\307\021\352\004"
  25      D1118030 
  25      0C42218D 
  25      69F4C711 
  25      EA04
  26 0012 2ED9453A 		.ascii	".\331E:\222\2438\202\261\236U>\270\343\036`\000*>)\260"
  26      92A33882 
  26      B19E553E 
  26      B8E31E60 
  26      002A3E29 
  27 0027 CC146E8C 		.ascii	"\314\024n\214p\233\332\271\303Z\021\310\261*\"y\020"
  27      709BDAB9 
  27      C35A11C8 
ARM GAS  /var/folders/qd/4mxf5pkd0zdf0b9dd1hp39180000gn/T//ccEV8B3M.s 			page 2


  27      B12A2279 
  27      10
  28 0038 07E199EC 		.ascii	"\007\341\231\354\225\244\255<\225\240\332O\004\223\222"
  28      95A4AD3C 
  28      95A0DA4F 
  28      049392
  29 0047 FD25C5EE 		.ascii	"\375%\305\356w\020J\310\366N\007\034S\\\2260\015\244"
  29      77104AC8 
  29      F64E071C 
  29      535C9630 
  29      0DA4
  30              		.text
  31              		.section	.gnu.lto_.pureconst.7f9b539dad440976,"",%progbits
  32 0000 789C6363 		.ascii	"x\234cc``\340\004b\026\006)F)&)f)\000\002\304\000\202"
  32      6060E004 
  32      62160629 
  32      46292629 
  32      66290002 
  33              		.text
  34              		.section	.gnu.lto_nvicEnableVector.7f9b539dad440976,"",%progbits
  35 0000 789C9D53 		.ascii	"x\234\235S\317k\023A\024\236o\337\356&\3264\007ob\320"
  35      CF6B1341 
  35      149E6FDF 
  35      EE26D634 
  35      076F62D0 
  36 0014 1E84500A 		.ascii	"\036\204P\012Y\013\036\274\212\347^\374\017\244\027"
  36      590B1EBC 
  36      8AE75EFC 
  36      0FA417
  37 0023 0B3629AD 		.ascii	"\0136)\255\024o\235$5i\265\320B\323\012a\221\024S\177"
  37      146F9D24 
  37      3569B5D0 
  37      42D30A61 
  37      9114537F 
  38 0037 20B54A5A 		.ascii	" \265JZ5\321\352\032[\255H-\226\342\315\203\266(V,\232"
  38      35D1EA1A 
  38      5BAD482D 
  38      96E2CD83 
  38      B628562C 
  39 004c 93D01FFA 		.ascii	"\223\320\037\372f\266\"\370\343\240\303\316\354\233"
  39      66B622F8 
  39      E3A0C3CE 
  39      EC9B
  40 005a F7DEF7DE 		.ascii	"\367\336\367\336\367\315\354\332B\210#$\304a~\357\343"
  40      F7CDECDA 
  40      42882324 
  40      C4617EEF 
  40      E3
  41 006b 09123086 		.ascii	"\011\0220\206^\010\221\014\032\2002d\020\242\307@\017"
  41      5E08910C 
  41      1A803264 
  41      10A2C740 
  41      0F
  42 007c 062847A8 		.ascii	"\006(G\250f\337\225\215\306+\222\207w\241\266W^\365"
  42      66DF958D 
  42      C62B9287 
  42      77A1B657 
ARM GAS  /var/folders/qd/4mxf5pkd0zdf0b9dd1hp39180000gn/T//ccEV8B3M.s 			page 3


  42      5EF5
  43 008e E0327C94 		.ascii	"\3402|\224\247\032(\241\221\263^\366\336t\351<\271\004"
  43      A71A28A1 
  43      91B35EF6 
  43      DE74E93C 
  43      B904
  44 00a0 98BCFDB2 		.ascii	"\230\274\375\262\220_\011\253\255\201\006\336n\311\334"
  44      905F09AB 
  44      AD8106DE 
  44      6EC9DC
  45 00af 68986210 		.ascii	"h\230b\020l\257>\2774\024\210\216K\231\222\336l\221"
  45      6CAF3EBF 
  45      3414888E 
  45      4B9992DE 
  45      6C91
  46 00c1 E4419708 		.ascii	"\344A\227\010\267A\\\020\323\210`\012\021\301.\201;"
  46      B7415C10 
  46      D388600A 
  46      11C12E81 
  46      3B
  47 00d2 8872FAF5 		.ascii	"\210r\372\365\324\373OD\2074\364\355\374\233\234\265"
  47      D4FB4F44 
  47      8734F4ED 
  47      FC9B9CB5 
  48 00e2 035D1DDF 		.ascii	"\003]\035\337\201\336\375\003\264\214\250\316\277\265"
  48      81DEFD03 
  48      B48CA8CE 
  48      BFB5
  49 00f0 3D526F9B 		.ascii	"=Ro\233>WT`\013\2601\271dyr\373[Vz\313\227\261e\205"
  49      3E575460 
  49      0BB031B9 
  49      647972FB 
  49      5B567ACB 
  50 0108 C018D350 		.ascii	"\300\030\323P\013\361b\231\312\262\324bC\025\012B1\021"
  50      0BF16299 
  50      CAB2D462 
  50      43150A42 
  50      3111
  51 011a A28F8BF0 		.ascii	"\242\217\213\360\351HO\364\223\241\254\264'\326\220"
  51      E9484FF4 
  51      93A1ACB4 
  51      27D690
  52 0129 FE9C9919 		.ascii	"\376\234\231\031\014\253\332yB\236l%pc\242\242\265["
  52      0CABDA79 
  52      429E6C25 
  52      7063A2A2 
  52      B55B
  53 013b B0718F29 		.ascii	"\260q\217)\255\241\272|\356\203\245\2228<z\266\272\030"
  53      ADA1BA7C 
  53      EE83A592 
  53      383C7AB6 
  53      BA18
  54 014d 50615B6B 		.ascii	"Pa[k\232\032[\377\032\362\267\262\232\226av\225>\016"
  54      9A1A5BFF 
  54      1AF2B7B2 
  54      9A966176 
  54      953E0E
ARM GAS  /var/folders/qd/4mxf5pkd0zdf0b9dd1hp39180000gn/T//ccEV8B3M.s 			page 4


  55 0160 AF040AB8 		.ascii	"\257\004\012\270\230\344#/\354w)\200\031\026w\237+)"
  55      98E4232F 
  55      EC772980 
  55      1916779F 
  55      2B29
  56 0172 C0DC4072 		.ascii	"\300\334@r\254\316\231\220\275I\331\340R\020\017P\300"
  56      ACCE9990 
  56      BD49D9E0 
  56      52100F50 
  56      C0
  57 0183 88BE0C0E 		.ascii	"\210\276\014\016\276Z\232.\205\233'U\260\020wi\027\036"
  57      BE5A9A2E 
  57      859B2755 
  57      B0107769 
  57      171E
  58 0195 C2C95350 		.ascii	"\302\311SP_\224\207f\346\2508of\026\006\367\370\234"
  58      5F948766 
  58      E6A8386F 
  58      661606F7 
  58      F89C
  59 01a7 0D8E326E 		.ascii	"\015\2162n\270x\243\\\257X\2308\200G\2323+\273\026\360"
  59      B878A35C 
  59      AF589838 
  59      80479A33 
  59      2BBB16F0 
  60 01bb 93084D11 		.ascii	"\223\010M\021NU\316Z\246\337\362\235\246\217|V\254l"
  60      4E55CE5A 
  60      A6DFF29D 
  60      A68F7C56 
  60      AC6C
  61 01cd 867CB516 		.ascii	"\206|\265\026\252\032\231\252e\177 -\006\377\242\377"
  61      AA1A99AA 
  61      657F202D 
  61      06FFA2FF 
  62 01dd 5FD4D5E1 		.ascii	"_\324\325\341\261V\207\337\325u+u\263J\235\251\325\315"
  62      B15687DF 
  62      D5752B75 
  62      B34A9DA9 
  62      D5CD
  63 01ef 297596DF 		.ascii	")u\226\337\353\365\342\356\377j\366D73\376\322\354\351"
  63      EBF5E2EE 
  63      FF6AF644 
  63      3733FED2 
  63      ECE9
  64 0201 CF66F37E 		.ascii	"\317f\363~\263u\244\012\033\272\225\376\025\372\230"
  64      B375A40A 
  64      1BBA95FE 
  64      15FA98
  65 0210 277F178C 		.ascii	"'\177\027\214o\212\305\034\377It9'O\234r:\022\235\247"
  65      6F8AC51C 
  65      FF497439 
  65      274F9C72 
  65      3A129DA7 
  66 0224 BB9CD644 		.ascii	"\273\234\326D{{\"\356\034=\336r\254\345\214\023\357"
  66      7B7B22EE 
  66      1C3DDE72 
  66      ACE58C13 
ARM GAS  /var/folders/qd/4mxf5pkd0zdf0b9dd1hp39180000gn/T//ccEV8B3M.s 			page 5


  66      EF
  67 0235 6E6B8DB5 		.ascii	"nk\215\265\012\304\315\216\316\266\304w\326\205\024"
  67      0AC4CD8E 
  67      CEB6C477 
  67      D68514
  68 0244 89       		.ascii	"\211"
  69              		.text
  70              		.section	.gnu.lto_nvicDisableVector.7f9b539dad440976,"",%progbits
  71 0000 789C9552 		.ascii	"x\234\225RKkSQ\020\236\357\314}\244\265\315Z0h\027B"
  71      4B6B5351 
  71      109EEFCC 
  71      7DA4B5CD 
  71      5A306817 
  72 0015 29855CF2 		.ascii	")\205\\\362\023Dp\327\215\377@\262Q\260\211\264R\334"
  72      134470D7 
  72      8DFF40B2 
  72      51B089B4 
  72      52DC
  73 0027 F5246993 		.ascii	"\365$i\223V\263(\264\215\022.r\213\021q\241\265\244"
  73      56B328B4 
  73      8D122E72 
  73      8B1171A1 
  73      B5A4
  74 0039 55535FD7 		.ascii	"US_\327[\\\210/,\342\017\260\305'\024-.\\\264\3259\367"
  74      5B5C882F 
  74      2CE20FB0 
  74      C527142D 
  74      2E5CB4D5 
  75 004f 2A08AE1C 		.ascii	"*\010\256\034\3569wf\316|\363\315\2319\016\021\215("
  75      EE397766 
  75      CE7CF3CD 
  75      99390E11 
  75      8D28
  76 0061 224FFE07 		.ascii	"\"O\376\007d\201\011j\346%Q)\245\000\243\350\024h\\"
  76      6481096A 
  76      E6255129 
  76      A500A3E8 
  76      14685C
  77 0074 611C759E 		.ascii	"a\034u\236cD\265\367\0355pM\213\204\027\233NUO\356\367"
  77      6344B5F7 
  77      1D35704D 
  77      8B84179B 
  77      4E554FEE 
  78 0089 99A821CB 		.ascii	"\231\250!\313\010\332\030\220\250\327\023\267|\276\300"
  78      08DA1890 
  78      A8D713B7 
  78      7CBEC0
  79 0098 3E039698 		.ascii	">\003\226\230\337^47\322\306T\350\023sW\3175\322\234"
  79      DF5E3437 
  79      D2C654E8 
  79      137357CF 
  79      35D29C
  80 00ab 0589BEF9 		.ascii	"\005\211\276\371\354\312\214\333\177U\353\262\016\237"
  80      ECCA8CDB 
  80      7F55EBB2 
  80      0E9F
  81 00b9 B7581FF6 		.ascii	"\267X\037\366\231q\033,\011\261\202\014\226\221!q\021"
ARM GAS  /var/folders/qd/4mxf5pkd0zdf0b9dd1hp39180000gn/T//ccEV8B3M.s 			page 6


  81      99711B2C 
  81      09B1820C 
  81      96912171 
  81      11
  82 00ca EEA0DFC4 		.ascii	"\356\240\337\304\277[\332\233\357u\254\204\020w\341"
  82      BF5BDA9B 
  82      EF75AC84 
  82      1077E1
  83 00d9 1044595C 		.ascii	"\020DY\\\267C\275\367\263\246\303\315\026\332\307\272"
  83      B743BDF7 
  83      B3A6C3CD 
  83      16DAC7BA 
  84 00e9 20184BC9 		.ascii	" \030K\311f\263\321,\263\331\210s\320\224 \345^:\244"
  84      66B3D12C 
  84      B3D98873 
  84      D09420E5 
  84      5E3AA4
  85 00fc 695646AB 		.ascii	"iVF\253\204\364\031\225\235\352\356R\240L\306&\243\311"
  85      84F41995 
  85      9DEAEE52 
  85      A04CC626 
  85      A3C9
  86 010e B670CDB6 		.ascii	"\266p\315\266nvzM\331\026\016\241#\205H\330\327\352"
  86      6E767A4D 
  86      D9160EA1 
  86      238548D8 
  86      D7EA
  87 0120 75370952 		.ascii	"u7\011R\030\314H\250qnW\247\355\304\311\011\362iku\247"
  87      18CC48A8 
  87      716E57A7 
  87      EDC4C909 
  87      F2696B75 
  88 0135 C7206DD8 		.ascii	"\307 m\330X\215\221\345\355\332\037\244%`\361Do\316"
  88      588D91E5 
  88      EDDA1FA4 
  88      2560F144 
  88      6FCE
  89 0147 7F8A6102 		.ascii	"\177\212a\002hLF\257\\\003p\342\256,/l\375\350IL\035"
  89      684C46AF 
  89      5C0370E2 
  89      AE2C2F6C 
  89      FDE8494C 
  90 015c 55745A5C 		.ascii	"UtZ\\\355/\263\033n\200\313%\351|p\320g\027\367\245"
  90      ED2FB31B 
  90      6E80CB25 
  90      E97C70D0 
  90      6717F7A5 
  91 0170 3DF724B7 		.ascii	"=\367$\267\001<\251\227\026\272\275\033z\242\244\373"
  91      013CA997 
  91      16BABD1B 
  91      7AA2A4FB 
  92 0180 7C4EE101 		.ascii	"|N\341\001\002\314\3073\221\303\267\353+\355tn\321\034"
  92      02CCC733 
  92      91C3B7EB 
  92      2BED746E 
  92      D11C
  93 0192 06633E77 		.ascii	"\006c>w\341!<)5\236\327#\344\244 S\315\367\217\227\326"
ARM GAS  /var/folders/qd/4mxf5pkd0zdf0b9dd1hp39180000gn/T//ccEV8B3M.s 			page 7


  93      E1213C29 
  93      359ED723 
  93      E4A42053 
  93      CDF78F97 
  94 01a7 F6FD2EE7 		.ascii	"\366\375.\347\177\310\272\021\306d\370\227\254`\310"
  94      7FC8BA11 
  94      C664F897 
  94      AC60C8
  95 01b6 1E1B323B 		.ascii	"\036\0332;&\213\220\373\373\2562&\254I\316-\224\203"
  95      268B90FB 
  95      FBAE3226 
  95      AC49CE2D 
  95      9483
  96 01c8 0F75C4D3 		.ascii	"\017u\304\32342%\271d.\362*\007\263Y/\371\212\243\336"
  96      343225B9 
  96      642EF22A 
  96      07B3592F 
  96      F98AA3DE 
  97 01dc C913A7BD 		.ascii	"\311\023\247\2753\305\221\263\243^\2768<\\,xG\216\017"
  97      33C591B3 
  97      A35EBE38 
  97      3C5C2C78 
  97      478E0F
  98 01ef 1D1D3AE7 		.ascii	"\035\035:\347\025\306N\345\263yB\341\027CR\324\364"
  98      15C64EE5 
  98      B37942E1 
  98      174352D4 
  98      F4
  99              		.text
 100              		.section	.gnu.lto_nvicSetSystemHandlerPriority.7f9b539dad440976,"",%progbits
 101 0000 789C6D51 		.ascii	"x\234mQ\315KTQ\024?\277w\336{\363\022\322\255\230\013"
 101      CD4B5451 
 101      143FBF77 
 101      DE7BF312 
 101      D2AD980B 
 102 0014 17C220C2 		.ascii	"\027\302 \302<\334\264h'm\332\270\351?\220QP\320y2J"
 102      3CDCB468 
 102      276DDAB8 
 102      E93F9051 
 102      50D07932 
 103 0029 B4F3CE8C 		.ascii	"\264\363\316\214_iA\324\370\301\360\220\267\021\223"
 103      5F6941D4 
 103      F8C1F090 
 103      B71193
 104 0038 1015B51A 		.ascii	"\020\025\265\032\035\3551\2536}8\204\240\340\242\222"
 104      1DED31AB 
 104      367D3884 
 104      A0E0A292 
 105 0048 828922C1 		.ascii	"\202\211\"\301\205 X\347>u\327\345^\356\371\372\235"
 105      852058E7 
 105      3E75D7E5 
 105      5EEEF9FA 
 105      9D
 106 0059 FBFB9D6B 		.ascii	"\373\373\235k\023\321\021\210\356\310}K\016\230`<\375"
 106      13D11188 
 106      EEC87D4B 
 106      0E98603C 
ARM GAS  /var/folders/qd/4mxf5pkd0zdf0b9dd1hp39180000gn/T//ccEV8B3M.s 			page 8


 106      FD
 107 006a 4094710C 		.ascii	"@\224q\014@\033\312\001\015\033\030\306c\3163\312\343"
 107      401BCA01 
 107      0D1B18C6 
 107      63CE33CA 
 107      E3
 108 007b DF8B46CB 		.ascii	"\337\213F\313\242\222\025\316V\35415Z\3573\321\214\034"
 108      A29215CE 
 108      56EC3135 
 108      5AEF33D1 
 108      8C1C
 109 008d BDB08E16 		.ascii	"\275\260\216\026\251\332\033Y\365y\212}\006LqO\336\027"
 109      A9DA1B59 
 109      F5798A7D 
 109      064C714F 
 109      DE17
 110 009f BED56AD7 		.ascii	"\276\325j\327@\223\270\271\347\273%\207\023 \261+\353"
 110      4093B8B9 
 110      E7BB2587 
 110      1320B12B 
 110      EB
 111 00b0 73F7E20B 		.ascii	"s\367\342\013JeUx\274\300\252\331g\306+\260\364\303"
 111      4A655578 
 111      BCC0AAD9 
 111      67C62BB0 
 111      F4C3
 112 00c2 261AB181 		.ascii	"&\032\261\201F\222\020\3415\342R\3752\373\343\027\363"
 112      469210E1 
 112      35E252FD 
 112      32FBE317 
 112      F3
 113 00d3 ED08F9F5 		.ascii	"\355\010\371\365\335\227\274u\005=]\274\202\276\371"
 113      DD97BC75 
 113      053D5DBC 
 113      82BEF9
 114 00e2 0FB48878 		.ascii	"\017\264\210xT\277v1}\3236\203k\266\330\202M\242\234"
 114      54BF7631 
 114      7DD33683 
 114      6BB6D882 
 114      4DA29C
 115 00f5 562A56A8 		.ascii	"V*V\250.\376\216\013\203\372\303\237\216\015\201\231"
 115      2EFE8E0B 
 115      83FAC39F 
 115      8E0D8199 
 116 0105 225E7026 		.ascii	"\"^p&\364\303D\023\002\220Y\250\220\036\261\241\255"
 116      F4C34413 
 116      029059A8 
 116      901EB1A1 
 116      AD
 117 0116 5C4855E4 		.ascii	"\\HU\344\376\214\035m\226\240\033\025\030\0056\344\225"
 117      FE8C1D6D 
 117      96A01B15 
 117      180536E4 
 117      95
 118 0127 E3F3E5AD 		.ascii	"\343\363\345\255H\252\005\033\333B\241\212\362\347\311"
 118      48AA051B 
 118      DB42A18A 
ARM GAS  /var/folders/qd/4mxf5pkd0zdf0b9dd1hp39180000gn/T//ccEV8B3M.s 			page 9


 118      F2E7C9
 119 0136 034B1749 		.ascii	"\003K\027Izf\264\3741\246\323v\244!S,\345\255KW\035"
 119      7A66B4FC 
 119      31A6D376 
 119      A421532C 
 119      E5AD4B57 
 120 014b E654AD84 		.ascii	"\346T\255\204\252{\247\237\254\000\363\031\231p\320"
 120      AA7BA79F 
 120      AC00F319 
 120      9970D0
 121 015a E0730C3B 		.ascii	"\340s\014;\"\246$\2354\340\331\344\322R\215\273\254"
 121      22A6249D 
 121      34E0D9E4 
 121      D2528DBB 
 121      AC
 122 016b 4632AAC9 		.ascii	"F2\252\311g\007\273\0100\035\315^\222\373/\316f\353"
 122      6707BB08 
 122      301DCD5E 
 122      92FB2FCE 
 122      66EB
 123 017d DA567432 		.ascii	"\332Vt2H\371|\003o\341\026\330\214\376%D\233p\244\337"
 123      48F97C03 
 123      6FE116D8 
 123      8CFE2544 
 123      9B70A4DF 
 124 0191 C806DB4F 		.ascii	"\310\006\333O\"\312\321\177MHL\344\030D\255\211\204"
 124      22CAD17F 
 124      4D484CE4 
 124      1844AD89 
 124      84
 125 01a2 7BB9BD41 		.ascii	"{\271\275A\267\247\263\317\035\360\322C\203n\322\353"
 125      B7A7B3CF 
 125      1DF0D243 
 125      836ED2EB 
 126 01b2 EFF7526E 		.ascii	"\357\367Rn\373\375\216\273\035\017\335\324\203\336d"
 126      FBFD8EBB 
 126      1D0FDDD4 
 126      83DE64
 127 01c1 2249B19E 		.ascii	"\"I\261\236\316TW_w\332\034H\367z\377\000\374\025\254"
 127      CE54575F 
 127      77DA1C48 
 127      F77AFF00 
 127      FC15AC
 128 01d4 44       		.ascii	"D"
 129              		.text
 130              		.section	.gnu.lto_nvicClearPending.7f9b539dad440976,"",%progbits
 131 0000 789C3551 		.ascii	"x\2345Q\317KTQ\024>\337=\357\307\024:\353\240\241\\"
 131      CF4B5451 
 131      143EDF3D 
 131      EFC7143A 
 131      EBA0A15C 
 132 0014 0422C25C 		.ascii	"\004\"\302\\\374\023\302E+7\375\0071\033\203\234\211"
 132      FC13C245 
 132      2B37FD07 
 132      311B839C 
 132      89
 133 0025 0C69E79D 		.ascii	"\014i\347\235\031\235\321\2240\324\011\206\207<q\"Z"
ARM GAS  /var/folders/qd/4mxf5pkd0zdf0b9dd1hp39180000gn/T//ccEV8B3M.s 			page 10


 133      199DD194 
 133      30D40986 
 133      873C7122 
 133      5A
 134 0036 94C56836 		.ascii	"\224\305h6\366\3531\344B\242\"\211V\2552\004\013$\005"
 134      F6EB31E4 
 134      42A22289 
 134      56AD3204 
 134      0B2405
 135 0049 2142AD73 		.ascii	"!B\255s\337\243\303\375q\316\271\347;\367\273\337\365"
 135      DFA3C3FD 
 135      71CEB9E7 
 135      3BF7BBDF 
 135      F5
 136 005a 88E81044 		.ascii	"\210\350\020DZ\366\2632\301\0045\363\201\250\230R\200"
 136      5AF6B332 
 136      C10435F3 
 136      81A89852 
 136      80
 137 006b 754C0A34 		.ascii	"uL\0124\2520\212i\236c\264\253;-\325\363\300\210E\367"
 137      AA308A69 
 137      9E63B4AB 
 137      3B2DD5F3 
 137      C08845F7 
 138 007f FE781533 		.ascii	"\376x\0253~&`\242\232Lkh\242G\252>\215=\011x\212\003"
 138      7E2660A2 
 138      9A4C6B68 
 138      A247AA3E 
 138      8D3D0978 
 139 0095 061C09F7 		.ascii	"\006\034\011\367\337\327\267\3236T\350\222\360\330\314"
 139      DFD7B7D3 
 139      3654E892 
 139      F0D8CC
 140 00a4 D5D29C05 		.ascii	"\325\322\234\005\211\377\375\335\322\214\337}\337\230"
 140      89FFFDDD 
 140      D28CDF7D 
 140      DF98
 141 00b2 9289DE36 		.ascii	"\222\211\3366\330\\\010\230\361\014,\015\261\212\014"
 141      D85C0898 
 141      F10C2C0D 
 141      B18A0C
 142 00c1 56902149 		.ascii	"V\220!I\021\326\320m\353\277==\231\357\364\234\344B"
 142      11D6D06D 
 142      EBBF3D3D 
 142      99EFF49C 
 142      E442
 143 00d3 3C874742 		.ascii	"<\207GB\236\226\267\334\310\234\374\255\232\350k\003"
 143      9E96B7DC 
 143      C89CFCAD 
 143      9AE86B03 
 144 00e3 772F09E3 		.ascii	"w/\011\343\200\035%\213\313\326s\354\342\"\356A\023"
 144      801D258B 
 144      CBD673EC 
 144      E222EE41 
 144      13
 145 00f4 82947799 		.ascii	"\202\224w\231\210&YY\257\034\321\017\224\217*\307k\241"
 145      88265959 
ARM GAS  /var/folders/qd/4mxf5pkd0zdf0b9dd1hp39180000gn/T//ccEV8B3M.s 			page 11


 145      AF1CD10F 
 145      948F2AC7 
 145      6BA1
 146 0106 B21DEB8C 		.ascii	"\262\035\353\214:\273r\327l\343q\253\323\322vp\036-"
 146      3ABB72D7 
 146      6CE371AB 
 146      D3D27670 
 146      1E2D
 147 0118 212265BF 		.ascii	"!\"e\277*\017\375\244H\2417#\2456yP\231t\223$'\310\315"
 147      2A0FFDA4 
 147      48A13723 
 147      A5367950 
 147      99749324 
 148 012f C6FA5187 		.ascii	"\306\372Q\207E\272p\261\036#K\007\325\377HG\300\222"
 148      45BA70B1 
 148      1E234B07 
 148      D5FF4847 
 148      C092
 149 0141 697FBEBD 		.ascii	"i\177\276\275\033\303\004P\033o\177\364-\300\213UYY"
 149      1BC30450 
 149      1B6F7FF4 
 149      2DC08B55 
 149      5959
 150 0153 DCFBDD91 		.ascii	"\334\373\335\221\204\246]6iI5\177\316n\373!\026\212"
 150      84A65D36 
 150      6949357F 
 150      CE6EFB21 
 150      168A
 151 0165 A27C782E 		.ascii	"\242|x.`\037/E\236\027\322\333\0026\246\213\213\247"
 151      601F2F45 
 151      9E17D2DB 
 151      0236A68B 
 151      8BA7
 152 0177 F5233356 		.ascii	"\365#3V4]\001\247\360\012!\346\343?\221\303/[\253\315"
 152      345D01A7 
 152      F00A21E6 
 152      E33F91C3 
 152      2F5BABCD 
 153 018b 74DFB23D 		.ascii	"t\337\262=\014G\002>\205\327\320B5\376\2577\350\023"
 153      0C47023E 
 153      85D7D042 
 153      35FEAF37 
 153      E813
 154 019d 42B48752 		.ascii	"B\264\207R\270t\007\261\240\326&\344a\"\215\"\352\315"
 154      B87407B1 
 154      A0D626E4 
 154      61228D22 
 154      EACD
 155 01af 6675320A 		.ascii	"fu2\012\303z\360\3125}\275p\343\346\260\316\025\206"
 155      C37AF0CA 
 155      357DBD70 
 155      E3E6B0CE 
 155      1586
 156 01c1 860A797D 		.ascii	"\206\012y}\361\362@\377\300-\235\037\271\232\313\346"
 156      F1F240FF 
 156      C02D9D1F 
 156      B99ACBE6 
ARM GAS  /var/folders/qd/4mxf5pkd0zdf0b9dd1hp39180000gn/T//ccEV8B3M.s 			page 12


 157 01d1 08F97F0B 		.ascii	"\010\371\177\013\343\254\267"
 157      E3ACB7
 158              		.text
 159              		.section	.gnu.lto_.symbol_nodes.7f9b539dad440976,"",%progbits
 160 0000 789C6363 		.ascii	"x\234cc``\360\002b\006\246\315\214\365\014\014\023\316"
 160      6060F002 
 160      6206A6CD 
 160      8CF50C0C 
 160      13CE
 161 0012 313000A9 		.ascii	"10\000\251]\015\216@\221-\214\365\214\250\"[\031\353"
 161      5D0D8E40 
 161      912D8CF5 
 161      8CA8225B 
 161      19EB
 162 0024 995045B6 		.ascii	"\231PE\2661\3263\243\2100\000\000\315\352\022\221"
 162      31D633A3 
 162      88300000 
 162      CDEA1291 
 163              		.text
 164              		.section	.gnu.lto_.refs.7f9b539dad440976,"",%progbits
 165 0000 789C6363 		.ascii	"x\234cc```\004b\006\000\000D\000\010"
 165      60606004 
 165      62060000 
 165      440008
 166              		.text
 167              		.section	.gnu.lto_.decls.7f9b539dad440976,"",%progbits
 168 0000 789CC557 		.ascii	"x\234\305WiPTW\026~\347\335F\232f\321iSSV\206\231\262"
 168      69505457 
 168      167EE7DD 
 168      469A66D1 
 168      69535356 
 169 0017 1C52320B 		.ascii	"\034R2\013\264`*\251\3713\321i\231\221JT\252;\361\307"
 169      B4602AA9 
 169      F933D169 
 169      99914A54 
 169      AA3BF1C7 
 170 002b 54CD743A 		.ascii	"T\315t:m'\222@7\003\355T\3745\017\301H0\250(\202\002"
 170      6D279240 
 170      3703ED54 
 170      FC350FC1 
 170      4830A828 
 171 0041 0E08282A 		.ascii	"\016\010(*D\305\270bP\334@\221EqIDYB\032A\242\204\305"
 171      44C5B862 
 171      50DC4091 
 171      45714944 
 171      59421A41 
 172 0058 0D5C9873 		.ascii	"\015\\\230s\357}\217n\236b\254\374\231W}\372\275s\357"
 172      EF7D8F6E 
 172      9E62ACFC 
 172      99577DFA 
 172      BD73EF
 173 006b 77CFF9EE 		.ascii	"w\317\371\356=K\277\236$\010B\356\024A\250\020\005a"
 173      3D4BBF9E 
 173      240842EE 
 173      1441A810 
 173      0561
 174 007d 1D08C228 		.ascii	"\035\010\302(^>8v\002\005U\241J\340\227\006\245\026"
ARM GAS  /var/folders/qd/4mxf5pkd0zdf0b9dd1hp39180000gn/T//ccEV8B3M.s 			page 13


 174      5E3E3876 
 174      020555A1 
 174      4AE09706 
 174      A516
 175 008f E53C4A03 		.ascii	"\345<J\003J\223\360\354\265\026\027\370\343\375}\024"
 175      4A93F0EC 
 175      B51617F8 
 175      E3FD7D14 
 176 009f 3DCA2BF2 		.ascii	"=\312+\362\372\231(\177G!8/\242\014\341\263\033\245"
 176      FA99287F 
 176      4721382F 
 176      A20CE1B3 
 176      1BA5
 177 00b1 8B8EA13C 		.ascii	"\213\216\241<By\212rW\366Y\373\034\3339/i\273K\266M"
 177      42798A72 
 177      57F659FB 
 177      1CDB392F 
 177      69BB4BB6 
 178 00c6 7DE09684 		.ascii	"}\340\226\204\007\262}\220\271\253\257<\234\320\275"
 178      07B27D90 
 178      B9ABAF3C 
 178      9CD0BD
 179 00d5 C06E08CE 		.ascii	"\300n\010\316\377\226b\200\333\245v\202\201\337\033"
 179      FF966280 
 179      DBA57682 
 179      81DF1B
 180 00e4 647D368C 		.ascii	"d}6\214\267Y\360\0236\325\\A\336?Lp\256Y\004Z\317\356"
 180      B759F013 
 180      36D55C41 
 180      DE3F4C70 
 180      AE59045A 
 181 00fa 2C23AB09 		.ascii	",#\253\011\314\324\001\215\320d\034\332s\373\310p \037"
 181      CCD4018D 
 181      D0641CDA 
 181      73FBC870 
 181      201F
 182 010c A288E613 		.ascii	"\242\210\346\023Y\201Dd\217\035\345\251]~\341\345\022"
 182      59814464 
 182      8F1DE5A9 
 182      5D7EE1E5 
 182      12
 183 011d BFB4FF10 		.ascii	"\277\264\377\020\340\000\020\305R\363\332\301\022_\362"
 183      E00010C5 
 183      52F3DAC1 
 183      125FF2
 184 012c 06035E4C 		.ascii	"\006\003^L\335\233O\255\352u\240Au\240!\367\373 T_\321"
 184      DD9B4FAD 
 184      EA75A041 
 184      75A021F7 
 184      FB20545F 
 185 0141 C1F42C22 		.ascii	"\301\364,\"\266_{t#\010t\241i\222\264B*L\221\374\346"
 185      B65F7B74 
 185      230874A1 
 185      6992B442 
 185      2A4C91FC 
 186 0156 0B700482 		.ascii	"\013p\004\202\3410\004\013p\024B\251\347\203\020.\300"
 186      E130040B 
ARM GAS  /var/folders/qd/4mxf5pkd0zdf0b9dd1hp39180000gn/T//ccEV8B3M.s 			page 14


 186      701442A9 
 186      E783102E 
 186      C0
 187 0167 7E1CFC0A 		.ascii	"~\034\374\012\007\267Sw\325M\233\376\274yP\222\246C"
 187      07B75377 
 187      D54D9BFE 
 187      BC795092 
 187      A643
 188 0179 25E8E010 		.ascii	"%\350\340\020\020\206\301\315\315\324q\002;K2\213&\221"
 188      1086C1CD 
 188      CDD47102 
 188      3B4B328B 
 188      2691
 189 018b 2B401988 		.ascii	"+@\031\210G\363\272\316\210\023\37186\241\217\007Gg"
 189      47F3BACE 
 189      8813F938 
 189      36A18F07 
 189      4767
 190 019d D4AC9424 		.ascii	"\324\254\224$\021\252\320\307\327\036\037\350\222\336"
 190      11AAD0C7 
 190      D71E1FE8 
 190      92DE
 191 01ab 70141D1D 		.ascii	"p\024\035\0359\371\331\305\300vh\005\314\003\230\302"
 191      39F9D9C5 
 191      C0766805 
 191      CC0398C2 
 192 01bb F60FC0BF 		.ascii	"\366\017\300\277\361N\205\351\243\312\005|\034GE~\223"
 192      F14E85E9 
 192      A3CA057C 
 192      1C47457E 
 192      93
 193 01cc A1545196 		.ascii	"\241TQ\226\310\317\370-\3126D\305.\373\310\006\300\333"
 193      C8CFF82D 
 193      CA3644C5 
 193      2EFBC806 
 193      C0DB
 194 01de 2A9FE7EE 		.ascii	"*\237\347\356\224KP\314sZ\312:\201\233\034\357\314k"
 194      944B50CC 
 194      735ACA3A 
 194      819B1CEF 
 194      CC6B
 195 01f0 D138AEC2 		.ascii	"\3218\256\302\330\364\030M\317&A\016w\345\326\335\335"
 195      D8F4184D 
 195      CF26410E 
 195      77E5D6DD 
 195      DD
 196 0201 9A0E6843 		.ascii	"\232\016hC\375\257X\341\332x6\232w\271\263X$\335<]j"
 196      FDAF58E1 
 196      DA78369A 
 196      77B9B358 
 196      24DD3C5D 
 197 0216 771C3801 		.ascii	"w\0348\001\032\221\237\03384t\354\374\203\322\343\232"
 197      1A919F1B 
 197      383474EC 
 197      FC83D2E3 
 197      9A
 198 0227 B1B193C0 		.ascii	"\261\261\223\300\006\317\214>\250\236\314\323E\244\231"
ARM GAS  /var/folders/qd/4mxf5pkd0zdf0b9dd1hp39180000gn/T//ccEV8B3M.s 			page 15


 198      06CF8C3E 
 198      A89ECCD3 
 198      45A499
 199 0236 D45FBFC5 		.ascii	"\324_\277\305\237\247\313\024\232=\307\332\262\305i"
 199      9FA7CB14 
 199      9A3DC7DA 
 199      B2C569
 200 0245 D9343EEB 		.ascii	"\3314>\353R\244)\"\274\377K8\203Q;\215Q\023\240\006"
 200      52A42922 
 200      BCFF4B38 
 200      83513B8D 
 200      5113A006 
 201 0259 A6E1F729 		.ascii	"\246\341\367)\320pZ\207\357\245\035\367\233Q(\025vH"
 201      D0705A87 
 201      EFA51DF7 
 201      9B512815 
 201      7648
 202 026b D5B5ED21 		.ascii	"\325\265\355!\335\373%\011\343)i(\016Nx\002z\202&.T"
 202      DDFB2509 
 202      E3296928 
 202      0E4E7802 
 202      7A82262E 
 203 0280 4307C071 		.ascii	"C\007\300qh\307-\326\302\014\\~\245\255\252\237\220"
 203      68C72DD6 
 203      C20C5C7E 
 203      A5ADAA9F 
 203      90
 204 0291 123221FF 		.ascii	"\0222!\377\234KE\225\201\023\222\251cd\316)d6\265\246"
 204      9C4B4595 
 204      811392A9 
 204      6364CE29 
 204      6436B5A6 
 205 02a5 1C0892C9 		.ascii	"\034\010\222\311\364N\313\225\252WH4\267\020\005g=T"
 205      F44ECB95 
 205      AA574834 
 205      B7100567 
 205      3D54
 206 02b7 CEAAA99C 		.ascii	"\316\252\251\234gT*\036\376\220B\310AN%-c\350\221b\251"
 206      67542A1E 
 206      FE9042C8 
 206      414E252D 
 206      63E89162 
 207 02cc EED5314B 		.ascii	"\356\3251KtS\365\036K\365jK\015\314RUiN4\271\304\015"
 207      7453F51E 
 207      4BF56A4B 
 207      0DCC5255 
 207      694E34B9 
 208 02e2 E554DE77 		.ascii	"\345T\336w\373*\224~5\216R\243\307P\243\332P\0233\344"
 208      FB2A947E 
 208      358E52A3 
 208      C750A3DA 
 208      501333E4 
 209 02f6 DEE62EF4 		.ascii	"\336\346.\364\343q\222&y\325\265\236\3255\354\3569\236"
 209      E3719226 
 209      79D5B59E 
 209      D535ECEE 
 209      399E
ARM GAS  /var/folders/qd/4mxf5pkd0zdf0b9dd1hp39180000gn/T//ccEV8B3M.s 			page 16


 210 0308 AFE37193 		.ascii	"\257\343q\223h\034s\356\014\277*\2435^\323zy\372N}W"
 210      681C73EE 
 210      0CBF2AA3 
 210      355ED37A 
 210      79FA4E7D 
 211 031d 914686D3 		.ascii	"\221F\206\3238\237\032\312\037\010 n\316\2633e\275\024"
 211      389F1ACA 
 211      1F08206E 
 211      CEB33365 
 211      BD14
 212 032f C0C16FA1 		.ascii	"\300\301o\241Z\177fs\223\257.\215\036;+f:\256\224\263"
 212      5A7F6673 
 212      93AF2E8D 
 212      1E3B2B66 
 212      3AAE94B3 
 213 0343 00DFD2EA 		.ascii	"\000\337\322\352\004C0|\203*\242{\256\015\266h\364\353"
 213      0443307C 
 213      832AA27B 
 213      AE0DB668 
 213      F4EB
 214 0355 58902469 		.ascii	"X\220$i\216\206\305\357\012\302/3\3705\320+\213(z\177"
 214      8E86C5EF 
 214      0AC22F33 
 214      F835D02B 
 214      8B287A7F 
 215 0369 D5C03665 		.ascii	"\325\3006eW\004\365\314\344\241\035\262\376\230\316"
 215      5704F5CC 
 215      E4A11DB2 
 215      FE98CE
 216 0378 1FEA7577 		.ascii	"\037\352uw\210\234g\207/\352\311={W\021\322\307yV\246"
 216      889C6787 
 216      2FEAC93D 
 216      7B5711D2 
 216      C77956A6 
 217 038c 94ED0DE4 		.ascii	"\224\355\015\344\340\337\240zr\333\352\266\211y\266"
 217      E0DFA07A 
 217      72DBEAB6 
 217      8979B6
 218 039b 2B3CDB38 		.ascii	"+<\3338\317\252=\337~\242\246y\003\321\327\031\272\203"
 218      CFAA3DDF 
 218      7EA2A679 
 218      03D1D719 
 218      BA83
 219 03ad D16C5768 		.ascii	"\321lWhv\225u\026\353\310C\3566\263\177p\303\244\011"
 219      76957516 
 219      EBC843EE 
 219      36B37F70 
 219      C3A409
 220 03c0 FD742A7E 		.ascii	"\375t*~\014\314\315\275\222r3w\203X\331\215\007\374"
 220      0CCCCDBD 
 220      92723377 
 220      8358D98D 
 220      07FC
 221 03d2 3D73D3A9 		.ascii	"=s\323\251\270\331\324\\\021E\015\247\274T\327\244a"
 221      B8D9D45C 
 221      11450DA7 
 221      BC54D7A4 
ARM GAS  /var/folders/qd/4mxf5pkd0zdf0b9dd1hp39180000gn/T//ccEV8B3M.s 			page 17


 221      61
 222 03e3 3D58D9E7 		.ascii	"=X\331\347\347m\336\375\"\363\243y\375[\002\310\023"
 222      E76DDEFD 
 222      22F3A379 
 222      FD5B02C8 
 222      13
 223 03f4 BE8BA65B 		.ascii	"\276\213\246[\007+D\262J\303\224\2037\317\325(\351\001"
 223      072B44B2 
 223      4AC39483 
 223      37CFD528 
 223      E901
 224 0406 A8B75FBB 		.ascii	"\250\267_\273R\021@\276\340\223\237\357\351\\\355C6"
 224      521140BE 
 224      E0939FEF 
 224      E95CED43 
 224      36
 225 0417 72E5BBD6 		.ascii	"r\345\273\326\356\364 \222\313\225\332\232\025\037\223"
 225      EEF42092 
 225      CB95DA9A 
 225      151F93
 226 0426 12FE3C5C 		.ascii	"\022\376<\\1pW\313M\024\322\374<|\377\210IN\260HT\327"
 226      317057CB 
 226      4D14D2FC 
 226      3C7CFF88 
 226      494EB048 
 227 043c 7C93F916 		.ascii	"|\223\371\026\331\311\241w\323W>\220\177\241hL\335u"
 227      D9C9A177 
 227      D3573E90 
 227      7FA1684C 
 227      DD75
 228 044e 83FB8226 		.ascii	"\203\373\202&<\317\001\345<\373\371\226\363{\207F\203"
 228      3CCF01E5 
 228      3CFBF996 
 228      F37B8746 
 228      83
 229 045f D4816B46 		.ascii	"\324\201kF\370E\006\037d[\036P\266|\351\330H\323do\264"
 229      F845061F 
 229      645B1E50 
 229      B67CE9D8 
 229      48D3646F 
 230 0474 FB05E800 		.ascii	"\373\005\350\000\367\345\356\322 \010\221\257\251\241"
 230      F7E5EED2 
 230      200891AF 
 230      A9A1
 231 0482 21214552 		.ascii	"!!ERj\262T\335\235A*w\246gH\205'\001\272@\017\267\261"
 231      6AB254DD 
 231      9D412A77 
 231      A6674885 
 231      2701BA40 
 232 0499 5A1FC354 		.ascii	"Z\037\303TOx\014\324X\004~\011E\354\247l\344m\\\225"
 232      4F780CD4 
 232      58047E09 
 232      45ECA76C 
 232      E46D5C95 
 233 04ad 4A681AC1 		.ascii	"Jh\032\301M\031\254$\227\\\010G\300\003\357\365\202"
 233      4D19AC24 
 233      975C0847 
ARM GAS  /var/folders/qd/4mxf5pkd0zdf0b9dd1hp39180000gn/T//ccEV8B3M.s 			page 18


 233      C003EFF5 
 233      82
 234 04be DF52C37B 		.ascii	"\337R\303{\306\301)\235\316\267s\031\234R\351US\341"
 234      C6C1299D 
 234      CEB77319 
 234      9C52E955 
 234      53E1
 235 04d0 702F2E75 		.ascii	"p/.u\357x\214\267\252\215\267<\303\245\305\213\313\017"
 235      EF788CB7 
 235      AA8DB73C 
 235      C3A5C58B 
 235      CB0F
 236 04e2 6AB8418D 		.ascii	"j\270A\215n\226\215cY\303U\031\255\024;\\\362\246B\211"
 236      6E968D63 
 236      59C35519 
 236      AD143B5C 
 236      F2A64289 
 237 04f6 B7C8E821 		.ascii	"\267\310\350!D\377(\243\225`\300\005\017:S\216\227\204"
 237      44FF28A3 
 237      9560C005 
 237      0F3A538E 
 237      9784
 238 0508 CD1CFA10 		.ascii	"\315\034\372\020p\207\315Q8V\000<\301b\270\013!0\214"
 238      7087CD51 
 238      3856003C 
 238      C162B80B 
 238      21308C
 239 051b F200E53E 		.ascii	"\362\000\345>\312(\312=\224\247(\017QFP\036A\010\373"
 239      CA28CA3D 
 239      94A7280F 
 239      5146501E 
 239      4108FB
 240 052e EDE4AF17 		.ascii	"\355\344\257\0275\347\365\311h\221Z\021\344^+\2141\253"
 240      35E7F5C9 
 240      68915A11 
 240      E45E2B8C 
 240      31AB
 241 0540 A9D717A5 		.ascii	"\251\327\027\245Hgg\2613\375N}\246-\352\215\014zE\240"
 241      486767B1 
 241      33FD4E7D 
 241      A62DEA8D 
 241      0C7A45A0 
 242 0554 5B8DBEEC 		.ascii	"[\215\276\354Ac\006>\275\332~\032\310U\226\371b\303"
 242      4163063E 
 242      BDDA7E1A 
 242      C85596F9 
 242      62C3
 243 0566 48C13E1F 		.ascii	"H\301>\037\010\235\312\031\335\254\327\342\233\034\254"
 243      089DCA19 
 243      DDACD7E2 
 243      9B1CAC
 244 0575 10A76253 		.ascii	"\020\247bS\036\353\377\224\337\004G\000\311b\350\317"
 244      1EEBFF94 
 244      DF044700 
 244      C962E8CF 
 245 0585 3E05E4B2 		.ascii	">\005\344\262\375\342\376u\276\001\351c\257e\314\265"
 245      FDE2FE75 
ARM GAS  /var/folders/qd/4mxf5pkd0zdf0b9dd1hp39180000gn/T//ccEV8B3M.s 			page 19


 245      BE01E963 
 245      AF65CCB5 
 246 0595 A7D452C4 		.ascii	"\247\324R\304\000\366\252\201w\004\367\245vu\370\363"
 246      00F6AA81 
 246      7704F7A5 
 246      7675F8F3 
 247 05a5 2A9D866A 		.ascii	"*\235\206j\356\321\273u>\\\325\322\306\334Wv(\220\327"
 247      EED1BB75 
 247      3E5CD5D2 
 247      C6DC5776 
 247      2890D7
 248 05b8 7735EB44 		.ascii	"w5\353D\367\327\344\370\223\016\315Kt\3104Q\256\350"
 248      F7D7E4F8 
 248      930ECD4B 
 248      74C83451 
 248      AEE8
 249 05ca 59ACA00F 		.ascii	"Y\254\240\017\035(\376Q\253.\350\317\304`X)R\364\347"
 249      1D28FE51 
 249      AB2EE8CF 
 249      C4605829 
 249      52F4E7
 250 05dd A25E5943 		.ascii	"\242^YC\321\247OW=\001uAO\210\376\272a\270<\210\270"
 250      D1A74F57 
 250      3D017541 
 250      4F88FEBA 
 250      61B83C88 
 251 05f2 392BE5D5 		.ascii	"9+\345\325F\317_m\252\232o\314!}|\352^\343\015\014\372"
 251      46CF5F6D 
 251      AA9A6FCC 
 251      217D7CEA 
 251      5EE30D0C 
 252 0607 205752CF 		.ascii	" WR\317\237+\365%\367\271\342\2769r\230\220\307\\\331"
 252      9F2BF525 
 252      F7B9E2BE 
 252      39729890 
 252      C75CD9
 253 061a 7EBB28C3 		.ascii	"~\273(\303\217$\3730\345Zv\372m\037\245[\247\275L\267"
 253      8F24FB30 
 253      E55A76FA 
 253      6D1FA55B 
 253      A7BD4CB7 
 254 062e CE1B6ABD 		.ascii	"\316\033j\275%\377\270\205\242\272\366B\301u\255|\204"
 254      25FFB885 
 254      A2BAF642 
 254      C175AD7C 
 254      84
 255 063f F43739AB 		.ascii	"\36479\2531\253\330\237\254b\326\375s\267\335^\0030"
 255      31ABD89F 
 255      AC62D6FD 
 255      73B7DD5E 
 255      0330
 256 0651 9577226C 		.ascii	"\225w\"lD!\343\022\"\0137\274\201m8[\344\331\260\005"
 256      4421E312 
 256      220B37BC 
 256      816D385B 
 256      E4D9B005 
 257 0665 33A3400C 		.ascii	"3\243@\014\201\315(9(\205(\271(y(\233P\362Q\376+\206"
ARM GAS  /var/folders/qd/4mxf5pkd0zdf0b9dd1hp39180000gn/T//ccEV8B3M.s 			page 20


 257      81CD2839 
 257      288528B9 
 257      2879289B 
 257      50F251FE 
 258 067b C8298F09 		.ascii	"\310)\217\011P\335\327(\247<=oZ\351\331^\311 \037\247"
 258      50DDD728 
 258      A73C3D6F 
 258      5AE9D95E 
 258      C9201FA7 
 259 068f D246105E 		.ascii	"\322F\020^\267\210\247<E\257\026U\350Totj\012\266\250"
 259      B788A73C 
 259      45AF1655 
 259      E8546F74 
 259      6A0AB6A8 
 260 06a3 851C4DA3 		.ascii	"\205\034M\243\263N\215\036\327E(z\304\013\275F\215\376"
 260      B34E8D1E 
 260      D745287A 
 260      C40BBD46 
 260      8DFE
 261 06b5 426DFBE4 		.ascii	"Bm\373\344\"\017:\343\371h\357n\331\274\2107\235tQ\017"
 261      220F3AE3 
 261      F968EF6E 
 261      D9BC8837 
 261      9D74510F 
 262 06c9 AB64B892 		.ascii	"\253d\270\22202q\016\347E\331\330\310\333\004\302Tm"
 262      3032710E 
 262      E745D9D8 
 262      C8DB04C2 
 262      546D
 263 06db 025DB735 		.ascii	"\002]\2675\311gF}oT\373\2768\256\231f!\276E\336\330"
 263      C967467D 
 263      6F54FBBE 
 263      38AE9966 
 263      21BE45DE 
 264 06f0 7A510799 		.ascii	"zQ\007\231\317=\006\257}\015z\235\302Z5x\245\027Q\314"
 264      CF3D06AF 
 264      7D0D7A9D 
 264      C25A3578 
 264      A51751CC 
 265 0704 95C6F68D 		.ascii	"\225\306\366\215\215\032\222\301rE\034X\177\241\024"
 265      8D1A92C1 
 265      72451C58 
 265      7FA114
 266 0713 3C5DA569 		.ascii	"<]\245i\022\355*\305\270z\253\247\253\320\355\250\272"
 266      12ED2AC5 
 266      B87AABA7 
 266      ABD0EDA8 
 266      BA
 267 0724 8A924450 		.ascii	"\212\222DP\204\271\363s\362\010y\364&\257\351\017\360"
 267      84B9F373 
 267      F20879F4 
 267      26AFE90F 
 267      F0
 268 0735 EE28C5E3 		.ascii	"\356(\305\343:J\211\334QJXGI?0\332\252%\331\274|\212"
 268      3A4A89DC 
 268      514A5847 
 268      493F30DA 
ARM GAS  /var/folders/qd/4mxf5pkd0zdf0b9dd1hp39180000gn/T//ccEV8B3M.s 			page 21


 268      AA25D9BC 
 269 074b 7A1ACEC9 		.ascii	"z\032\316\311\375\344\327\364\345\177\003\346;/\206"
 269      FDE4D7F4 
 269      E57F03E6 
 269      3B2F86
 270 075a 1EFA06B2 		.ascii	"\036\372\006\262\265a([GJ8\366p\325\235H\016\015\246"
 270      B561285B 
 270      474A38F6 
 270      70D59D48 
 270      0E0DA6
 271 076d 7F9B57DF 		.ascii	"\177\233W\337\270\016\023v\227]Jw\331)\262\242\273\362"
 271      B80E1376 
 271      975D4A77 
 271      D929B2A2 
 271      BBF2
 272 077f B06A2480 		.ascii	"\260j$\200|\311\014i\312Sv\365k 4\030\020\016\272\355"
 272      7CC90C69 
 272      CA5376F5 
 272      6B203418 
 272      100EBAED 
 273 0793 CA9F6901 		.ascii	"\312\237i\001\366`\200\312D\242\3749\317\225\320|\377"
 273      F66080CA 
 273      44A2FC39 
 273      CF95D07C 
 273      FF
 274 07a4 7FE8303E 		.ascii	"\177\3500>k\331\235\375\233\225\212%2M\200\331\254y"
 274      6BD99DFD 
 274      9B958A25 
 274      324D80D9 
 274      AC79
 275 07b6 41391ED6 		.ascii	"A9\036\326\036\346o7\236\345\227\334aA\301\261\253^"
 275      1EE66F37 
 275      9EE597DC 
 275      6141C1B1 
 275      AB5E
 276 07c8 1D0A98ED 		.ascii	"\035\012\230\355R\234\337\316"
 276      529CDFCE 
 277 07d0 42B89775 		.ascii	"B\270\227u\250]J\207\252\310?;\354\247\223m\247\375"
 277      A85D4A87 
 277      AAC83F3B 
 277      ECA7936D 
 277      A7FD
 278 07e2 94EDB2C1 		.ascii	"\224\355\262\301\222\307\376\336\266+^d\273\253{h\023"
 278      92C7FEDE 
 278      B62B5E64 
 278      BBAB7B68 
 278      13
 279 07f3 79AD58BA 		.ascii	"y\255X\272P-U\237j\377c\356\212j)e\016\354\303:\330"
 279      502D559F 
 279      6AFF63EE 
 279      8A6A2965 
 279      0EECC33A 
 280 0808 818981FF 		.ascii	"\201\211\201\377O\274\226n\303\221\177\212\002|%\276"
 280      4FBC966E 
 280      C3917F8A 
 280      027C25BE 
 281 0818 26FC3E3C 		.ascii	"&\374><\334\300?\316$\303Rk\234!\301\231\350J2\330\234"
ARM GAS  /var/folders/qd/4mxf5pkd0zdf0b9dd1hp39180000gn/T//ccEV8B3M.s 			page 22


 281      DCC03FCE 
 281      24C3526B 
 281      9C21C199 
 281      E84A32D8 
 282 082d F1F14E87 		.ascii	"\361\361N\207a\256i\201q\301\247\006\307\277cm\3416"
 282      61AE6981 
 282      71C1A706 
 282      C7BF636D 
 282      E136
 283 083f EDDF16BE 		.ascii	"\355\337\026\2767\335\030\021!\350,\226e\261\016\327"
 283      37DD1811 
 283      21E82C96 
 283      65B10ED7 
 284 084f EC488B6B 		.ascii	"\354H\213k=\030\346&$\304\305\332\254\256X\247#\311"
 284      3D18E626 
 284      24C4C5DA 
 284      ACAE58A7 
 284      23C9
 285 0861 10658B8B 		.ascii	"\020e\213\213MH\262[\354a\011\313l\237D\206[\023\022"
 285      4D48B25B 
 285      EC6109CB 
 285      6C9F4486 
 285      5B1312
 286 0874 0C46A7C3 		.ascii	"\014F\247\303ew\270\236\2314\274\353t\306%\031>\262"
 286      6577B89E 
 286      9934BCEB 
 286      74C62519 
 286      3EB2
 287 0886 D9C2AC89 		.ascii	"\331\302\254\211\361a\016\247\303\036f\267~\020\033"
 287      F1610EA7 
 287      C31E66B7 
 287      7E101B
 288 0895 F66658E4 		.ascii	"\366fX\344\254\2107\303\376\365zX\274\365cg\242a\334"
 288      AC8837C3 
 288      FEF57A58 
 288      BCF56367 
 288      A261DC
 289 08a8 AC21D661 		.ascii	"\254!\326a\213[\266\304n\210\267\332\226\306:\354\006"
 289      8B5BB6C4 
 289      6E88B7DA 
 289      96C63AEC 
 289      06
 290 08b9 CB12FB87 		.ascii	"\313\022\373\207\326eq.\213ky\202=)|\251\240U\310\255"
 290      D665712E 
 290      8B6B7982 
 290      3D297CA9 
 290      A055C8AD 
 291 08cd FAFF914B 		.ascii	"\372\377\221KZ\236d\260$\271\226 \023d4\205\036`\224"
 291      5A9E64B0 
 291      24B99620 
 291      13643485 
 291      1E6094
 292 08e0 C3FA419C 		.ascii	"\303\372A\234}\261\335\346r&\376\341\345O]\370\005\275"
 292      7DB1DDE6 
 292      7226FEE1 
 292      E54F5DF8 
 292      05BD
ARM GAS  /var/folders/qd/4mxf5pkd0zdf0b9dd1hp39180000gn/T//ccEV8B3M.s 			page 23


 293 08f2 CF8B4DF2 		.ascii	"\317\213M\362\254\016\246#f\273\313\274<\311e\217\237"
 293      AC0EA623 
 293      66BBCBBC 
 293      3CC9658F 
 293      9F
 294 0903 6F752C89 		.ascii	"ou,\211\263'\306$\306:\023c]\313\231/c\234\335\232\030"
 294      B327C624 
 294      C63A1363 
 294      5DCB992F 
 294      639CDD9A 
 295 0918 6377A0FF 		.ascii	"cw\240\377\217\374LQ\346(\323\342\250y\257\217=\315"
 295      8FFC4C51 
 295      E628D3E2 
 295      A879AF8F 
 295      3DCD
 296 092a D6441B63 		.ascii	"\326D\033cLcj\244&\332\034c\322\232\270\026\201\223"
 296      4C636AA4 
 296      26DA1C63 
 296      D29AB816 
 296      8193
 297 093c 519EC959 		.ascii	"Q\236\311Y8\031e\022\243c~\347\315\331\376\251\313`"
 297      38196512 
 297      A3637EE7 
 297      CDD9FEA9 
 297      CB60
 298 094e 5C608E36 		.ascii	"\\`\2166\217\355\330\346L\264[l\361\263p\273~\013\027"
 298      8FEDD8E6 
 298      4CB45B6C 
 298      F1B370BB 
 298      7E0B17
 299 0961 471B2DEF 		.ascii	"G\033-\357b8\210y~\314\230\245\010b4\232\210\331h\362"
 299      62388879 
 299      7ECC98A5 
 299      0862349A 
 299      88D968F2 
 300 0975 991B6D32 		.ascii	"\231\033m2\232\320\215\331\344c\214y/z\236\217y>>k\315"
 300      9AD08DD9 
 300      E4638C79 
 300      2F7A9E8F 
 300      793E3E6B 
 301 098a C6BFB055 		.ascii	"\306\277\260U\201\026\313\207\313\0346\213%\374\215"
 301      8116CB87 
 301      CB1C368B 
 301      25FC8D
 302 0999 88C83F69 		.ascii	"\210\310?i\025Mc[jM\374\037\202\321\220\011"
 302      154D635B 
 302      6A4DFC1F 
 302      82D19009 
 303              		.text
 304              		.section	.gnu.lto_.symtab.7f9b539dad440976,"",%progbits
 305 0000 6E766963 		.ascii	"nvicEnableVector\000"
 305      456E6162 
 305      6C655665 
 305      63746F72 
 305      00
 306 0011 00       		.ascii	"\000"
 307 0012 00       		.ascii	"\000"
ARM GAS  /var/folders/qd/4mxf5pkd0zdf0b9dd1hp39180000gn/T//ccEV8B3M.s 			page 24


 308 0013 00       		.ascii	"\000"
 309 0014 00000000 		.ascii	"\000\000\000\000\000\000\000\000"
 309      00000000 
 310 001c C7000000 		.ascii	"\307\000\000\000"
 311 0020 6E766963 		.ascii	"nvicDisableVector\000"
 311      44697361 
 311      626C6556 
 311      6563746F 
 311      7200
 312 0032 00       		.ascii	"\000"
 313 0033 00       		.ascii	"\000"
 314 0034 00       		.ascii	"\000"
 315 0035 00000000 		.ascii	"\000\000\000\000\000\000\000\000"
 315      00000000 
 316 003d CB000000 		.ascii	"\313\000\000\000"
 317 0041 6E766963 		.ascii	"nvicSetSystemHandlerPriority\000"
 317      53657453 
 317      79737465 
 317      6D48616E 
 317      646C6572 
 318 005e 00       		.ascii	"\000"
 319 005f 00       		.ascii	"\000"
 320 0060 00       		.ascii	"\000"
 321 0061 00000000 		.ascii	"\000\000\000\000\000\000\000\000"
 321      00000000 
 322 0069 CD000000 		.ascii	"\315\000\000\000"
 323 006d 6E766963 		.ascii	"nvicClearPending\000"
 323      436C6561 
 323      7250656E 
 323      64696E67 
 323      00
 324 007e 00       		.ascii	"\000"
 325 007f 00       		.ascii	"\000"
 326 0080 00       		.ascii	"\000"
 327 0081 00000000 		.ascii	"\000\000\000\000\000\000\000\000"
 327      00000000 
 328 0089 CF000000 		.ascii	"\317\000\000\000"
 329              		.text
 330              		.section	.gnu.lto_.opts,"",%progbits
 331 0000 272D666D 		.ascii	"'-fmath-errno' '-fsigned-zeros' '-ftrapping-math' '"
 331      6174682D 
 331      6572726E 
 331      6F272027 
 331      2D667369 
 332 0033 2D666E6F 		.ascii	"-fno-trapv' '-fno-openmp' '-fno-openacc' '-mcpu=cor"
 332      2D747261 
 332      70762720 
 332      272D666E 
 332      6F2D6F70 
 333 0066 7465782D 		.ascii	"tex-m0' '-mno-thumb-interwork' '-mthumb' '-O2' '-fo"
 333      6D302720 
 333      272D6D6E 
 333      6F2D7468 
 333      756D622D 
 334 0099 6D69742D 		.ascii	"mit-frame-pointer' '-falign-functions=16' '-ffuncti"
 334      6672616D 
 334      652D706F 
ARM GAS  /var/folders/qd/4mxf5pkd0zdf0b9dd1hp39180000gn/T//ccEV8B3M.s 			page 25


 334      696E7465 
 334      72272027 
 335 00cc 6F6E2D73 		.ascii	"on-sections' '-fdata-sections' '-fno-common' '-flto"
 335      65637469 
 335      6F6E7327 
 335      20272D66 
 335      64617461 
 336 00ff 2700     		.ascii	"'\000"
 337              		.text
 338              		.comm	__gnu_lto_v1,1,1
 339              		.comm	__gnu_lto_slim,1,1
 340              		.ident	"GCC: (GNU Tools for Arm Embedded Processors 7-2017-q4-major) 7.2.1 20170904 (release) [ARM
ARM GAS  /var/folders/qd/4mxf5pkd0zdf0b9dd1hp39180000gn/T//ccEV8B3M.s 			page 26


DEFINED SYMBOLS
                            *ABS*:0000000000000000 nvic.c
                            *COM*:0000000000000001 __gnu_lto_v1
                            *COM*:0000000000000001 __gnu_lto_slim

NO UNDEFINED SYMBOLS
