ARM GAS  /var/folders/qd/4mxf5pkd0zdf0b9dd1hp39180000gn/T//ccuoAx6p.s 			page 1


   1              		.cpu cortex-m0
   2              		.eabi_attribute 20, 1
   3              		.eabi_attribute 21, 1
   4              		.eabi_attribute 23, 3
   5              		.eabi_attribute 24, 1
   6              		.eabi_attribute 25, 1
   7              		.eabi_attribute 26, 1
   8              		.eabi_attribute 30, 2
   9              		.eabi_attribute 34, 0
  10              		.eabi_attribute 18, 4
  11              		.file	"st.c"
  12              		.section	.gnu.lto_.profile.7fa550f6e14919cb,"",%progbits
  13 0000 789C6363 		.ascii	"x\234cc```\001bF\006)\036\000\000\270\0002"
  13      60606001 
  13      62460629 
  13      1E0000B8 
  13      0032
  14              		.text
  15              		.section	.gnu.lto_.icf.7fa550f6e14919cb,"",%progbits
  16 0000 789C6363 		.ascii	"x\234cc``P`@\000V\206\203\253v\265\3633\336~\324w\211"
  16      60605060 
  16      40005686 
  16      83AB76B5 
  16      F333DE7E 
  17 0017 93E9CA8B 		.ascii	"\223\351\312\213\365\015\274\314\363\277\316\270\310"
  17      F50DBCCC 
  17      F3BFCEB8 
  17      C8
  18 0024 CCB2F8F0 		.ascii	"\314\262\370\360\212\031|\014\000\371\334\016\303"
  18      8A197C0C 
  18      00F9DC0E 
  18      C3
  19              		.text
  20              		.section	.gnu.lto_.jmpfuncs.7fa550f6e14919cb,"",%progbits
  21 0000 789C6363 		.ascii	"x\234cc``\220a@\000V\020\301\010\004\365s\230\031\230"
  21      60609061 
  21      40005610 
  21      C10804F5 
  21      73981998 
  22 0014 181898A1 		.ascii	"\030\030\230\241L\026\2400\000#\314\002t"
  22      4C16A030 
  22      0023CC02 
  22      74
  23              		.text
  24              		.section	.gnu.lto_.inline.7fa550f6e14919cb,"",%progbits
  25 0000 789C6363 		.ascii	"x\234cc``He@\000V\006\006\026\036F\006& \223m\201<\210"
  25      60604865 
  25      40005606 
  25      06161E46 
  25      06262093 
  26 0018 6260E402 		.ascii	"b`\344\002\021\014l\254@a\266\017zpq&\006\026f\240\020"
  26      110C6CAC 
  26      4061B60F 
  26      7A707126 
  26      061666A0 
  27 002d D3057EB8 		.ascii	"\323\005~\270\0203\246\020\013\246\020\003\000\234z"
  27      1033A610 
ARM GAS  /var/folders/qd/4mxf5pkd0zdf0b9dd1hp39180000gn/T//ccuoAx6p.s 			page 2


  27      0BA61003 
  27      009C7A
  28 003c 086F     		.ascii	"\010o"
  29              		.text
  30              		.section	.gnu.lto_.pureconst.7fa550f6e14919cb,"",%progbits
  31 0000 789C6363 		.ascii	"x\234cc``\340\006bV\006\011F)&)f)\026)\000\004\001\000"
  31      6060E006 
  31      62560609 
  31      46292629 
  31      66291629 
  32 0018 A1       		.ascii	"\241"
  33              		.text
  34              		.section	.gnu.lto_stInit.7fa550f6e14919cb,"",%progbits
  35 0000 789C6363 		.ascii	"x\234cc``X\001\304\322P\314\310\314\300\3104\341\034"
  35      60605801 
  35      C4D250CC 
  35      C8CCC0C8 
  35      34E11C
  36 0013 03432307 		.ascii	"\003C#\007\023##\210\321\300\301\310P\317\304X\317\330"
  36      13232388 
  36      D1C0C1C8 
  36      50CFC458 
  36      CFD8
  37 0025 C33C8599 		.ascii	"\303<\205\231\361P\373\263\235L\232\313\033\200\340"
  37      F150FBB3 
  37      9D4C9ACB 
  37      1B80E0
  38 0034 C0F41F92 		.ascii	"\300\364\037\222\015+\0160\316af`\230\006\304 \300\270"
  38      0D2B0E30 
  38      CE616660 
  38      9806C420 
  38      C0B8
  39 0046 99519301 		.ascii	"\231Q\223\001\250\354\321\306\177Sy\331X \342\214[\030"
  39      A8ECD1C6 
  39      7F5379D9 
  39      5820E28C 
  39      5B18
  40 0058 D9181881 		.ascii	"\331\030\030\201\214\365\227X\0174\374\373\337\336p"
  40      8CF59758 
  40      0F34FCFB 
  40      DFDE70
  41 0067 E0CE22C6 		.ascii	"\340\316\"\306\377\254@\271\016 \006Z\322p\200\241\223"
  41      FFAC40B9 
  41      0E20065A 
  41      D27080A1 
  41      93
  42 0078 9909C46A 		.ascii	"\231\011\304j>\300\360\206\261y\301oi\260&\240I;w\276"
  42      3EC0F086 
  42      B179C16F 
  42      69B026A0 
  42      493B77BE 
  43 008c B9CD5EFF 		.ascii	"\271\315^\377\267\201c\0163\3434f\240)\214[\031\353"
  43      B781630E 
  43      33E33466 
  43      A0298C5B 
  43      19EB
  44 009e 19E60055 		.ascii	"\031\346\000U\277clZ\360\237\033\254\016\004:\200\222"
ARM GAS  /var/folders/qd/4mxf5pkd0zdf0b9dd1hp39180000gn/T//ccuoAx6p.s 			page 3


  44      BF636C5A 
  44      F09F1BAC 
  44      0E043A80 
  44      92
  45 00af 40039818 		.ascii	"@\003\230\030\030$\365\364\364!(\277X?#1G\277\270(Y"
  45      1824F5F4 
  45      F42128BF 
  45      583F2331 
  45      47BFB828 
  46 00c4 BFB8442F 		.ascii	"\277\270D/\231\001\000\371^AK"
  46      990100F9 
  46      5E414B
  47              		.text
  48              		.section	.gnu.lto_stStartAlarm.7fa550f6e14919cb,"",%progbits
  49 0000 789C9552 		.ascii	"x\234\225R\317kSA\020\236\357m\372^\015\032\017^\024"
  49      CF6B5341 
  49      109EEF6D 
  49      FA5E0D1A 
  49      0F5E14
  50 0013 73E8A1A5 		.ascii	"s\350\241\245\324C\226\350\305?@\004\241=\331\2037\251"
  50      D44396E8 
  50      C53F4004 
  50      A13DD983 
  50      37A9
  51 0025 51A810A9 		.ascii	"Q\250\020\2514\301\243\335\306\304\264&\242\2076b\210"
  51      34C1A3DD 
  51      C6C4B426 
  51      A2873662 
  51      88
  52 0036 FAB0168D 		.ascii	"\372\260\026\215\022Z\177\333Z\3533V=\210U\013\"\202"
  52      125A7FDB 
  52      5AEB3356 
  52      3D88550B 
  52      2282
  53 0048 87A29016 		.ascii	"\207\242\220\026\221\242\245 \242Tg7Q\252']\336\356"
  53      91A2A520 
  53      A2546737 
  53      51AA275D 
  53      DEEE
  54 005a 9B19BEF9 		.ascii	"\233\031\276\371\346\233\331\265\211h\322\"\332\305"
  54      E69BD9B5 
  54      8968D222 
  54      DAC5
  55 0068 FF8DBC21 		.ascii	"\377\215\274!\010\326\311i\242\336z\013\320\206\252"
  55      08D6C969 
  55      A2DE7A0B 
  55      D086AA
  56 0077 07F558E8 		.ascii	"\007\365X\350AV\014\010\224\323\2251\253\345\242\342"
  56      41560C08 
  56      94D39531 
  56      ABE5A2E2 
  57 0087 E59D1AB7 		.ascii	"\345\235\032\267\217\252\324\372\202 \312\361\326\013"
  57      8FAAD4FA 
  57      8220CAF1 
  57      D60B
  58 0095 D7D1C2A8 		.ascii	"\327\321\302\250\227\311\321\202\310\210\202\000|\354"
  58      97C9D182 
ARM GAS  /var/folders/qd/4mxf5pkd0zdf0b9dd1hp39180000gn/T//ccuoAx6p.s 			page 4


  58      C8888200 
  58      7CEC
  59 00a3 7E7E967F 		.ascii	"~~\226\177\037\320\256\205\006v\277]\036}\273V\004A"
  59      1FD0AE85 
  59      0676BF5D 
  59      1E7DBB56 
  59      0441
  60 00b5 6C9F2F9D 		.ascii	"l\237/\235\030\266\233\207\225J(\357\343\220P\215\005"
  60      18B69B87 
  60      954A28EF 
  60      E390508D 
  60      05
  61 00c6 21700B82 		.ascii	"!p\013\202\011q\023A\334@\2208D\270\215f\215\177wuy"
  61      09711341 
  61      DC409038 
  61      44B88D66 
  61      8D7F7775 
  62 00db 708DED73 		.ascii	"p\215\355s\177\325\304\035\330\0046Ff\352<\265\374#"
  62      7FD5C41D 
  62      D8043646 
  62      66EA3CB5 
  62      FC23
  63 00ed ADBCA50B 		.ascii	"\255\274\245\013x\265\335f\365:\205\372\030\305m(\217"
  63      78B5DD66 
  63      F53A85FA 
  63      18C56D28 
  63      8F
  64 00fe FA85A5AD 		.ascii	"\372\205\245\255#\036U`i\256~\357\330\224_4\032\035"
  64      231E5560 
  64      69AE7EEF 
  64      D8945F34 
  64      1A1D
  65 0110 AF33C979 		.ascii	"\2573\311y\247i\310\350X8\275:\257\274d\203\2262\366"
  65      A769C8E8 
  65      5838BD3A 
  65      AFBC6483 
  65      9632F6
  66 0123 A714D3E3 		.ascii	"\247\024\323\3438\232\362\314\365\001\345\374\3277\337"
  66      389AF2CC 
  66      F501E5FC 
  66      D737DF
  67 0132 07B6FE96 		.ascii	"\007\266\376\226\225\254\216e\306\026\032c\264\345\004"
  67      95AC8E65 
  67      C6161A63 
  67      B4E504
  68 0141 56C826DC 		.ascii	"V\310&\334\205\215\011-\231\017\216\347R\345\347\216"
  68      858D092D 
  68      990F8EE7 
  68      52E5E78E 
  69 0151 9E8CCFC0 		.ascii	"\236\214\317\300\246K_>\371\253\256\246\322\263s\317"
  69      A64B5F3E 
  69      F9ABAEA6 
  69      D2B373CF 
  70 0161 CCAD7271 		.ascii	"\314\255rq\026\005Q\207IVqO\253\340x\272\362\364E@\226"
  70      16055187 
  70      4956714F 
  70      ABE078BA 
ARM GAS  /var/folders/qd/4mxf5pkd0zdf0b9dd1hp39180000gn/T//ccuoAx6p.s 			page 5


  70      F2F44540 
  71 0176 54B257CD 		.ascii	"T\262W\315\316-\256[\344$\033\367\341b\220\033\326e"
  71      CE2DAE5B 
  71      E4241BF7 
  71      E162901B 
  71      D665
  72 0188 34C8CB26 		.ascii	"4\310\313&\212NxD\203\334kL\341\300\203\304\246`\015"
  72      8A4E7844 
  72      83DC6B4C 
  72      E1C083C4 
  72      A6600D
  73 019b 810708D7 		.ascii	"\201\007\010\327:Y\232\277\224\012\324D\375CI\367\260"
  73      3A599ABF 
  73      940AD444 
  73      FD4349F7 
  73      B0
  74 01ac 262B9B72 		.ascii	"&+\233r\250\221=\204\\\331\221\303\361)\3164\344\305"
  74      A8913D84 
  74      5CD991C3 
  74      F129CE34 
  74      E4C5
  75 01be FF277F64 		.ascii	"\377'\177d\310\255\032\371cC>q.[\364W\311-<\341\314"
  75      C8AD1AF9 
  75      63433E71 
  75      2E5BF457 
  75      C92D3CE1 
  76 01d3 0A12B399 		.ascii	"\012\022\263\231bDO\332\214\234\026\220p\257\034\207"
  76      62444FDA 
  76      8C9C1690 
  76      70AF1C87 
  77 01e3 79167AF5 		.ascii	"y\026z\365\261<\276t~\341\033B!Y\375\272b\262\263#*"
  77      B13CBE74 
  77      7EE11B42 
  77      2159FDBA 
  77      62B2B323 
  78 01f8 63DD1119 		.ascii	"c\335\021\031\213\207\"\344t\354\211\305\367\037\330"
  78      8B8722E4 
  78      74EC89C5 
  78      F71FD8
  79 0207 E7D387FC 		.ascii	"\347\323\207\374\033v\260\253;\036\223;\333\333\266"
  79      1B76B0AB 
  79      3B1E933B 
  79      DBDBB6
  80 0216 6C96ADAD 		.ascii	"l\226\255\255\333d\373\216\266CaN\334\035\215\356\015"
  80      DB64FB8E 
  80      B643614E 
  80      DC1D8DEE 
  80      0D
  81 0227 75D24FFE 		.ascii	"u\322O\376v\373\022"
  81      76FB12
  82              		.text
  83              		.section	.gnu.lto_stStopAlarm.7fa550f6e14919cb,"",%progbits
  84 0000 789C5D4F 		.ascii	"x\234]O\317KBA\020\236\357\255\275,\250kE\336:yyKE\377"
  84      CF4B4241 
  84      109EEFAD 
  84      BD2CA86B 
  84      45DE3A79 
ARM GAS  /var/folders/qd/4mxf5pkd0zdf0b9dd1hp39180000gn/T//ccuoAx6p.s 			page 6


  85 0018 4104519E 		.ascii	"A\004Q\236\362\036a\007\017\202\241\322\325\2654\015"
  85      F21E6107 
  85      0F82A1D2 
  85      D5B5340D 
  86 0028 3B7448BB 		.ascii	";tH\273X\010\035:IH?\255\210\207t\013,\372\013\244\203"
  86      58081D3A 
  86      49483FAD 
  86      8887740B 
  86      2CFA0BA4 
  87 003d 41444445 		.ascii	"ADDEE\2205\353\203\220\206\235\335\331o\276\231o\306"
  87      459035EB 
  87      8390869D 
  87      DDD96FBE 
  87      996FC6
  88 0050 24A23110 		.ascii	"$\2421\020M\361;\310\016A0\326kD\011\267\001\350@\271"
  88      4DF13BC8 
  88      0E4130D6 
  88      6B4409B7 
  88      01E840B9 
  89 0064 41710371 		.ascii	"Aq\003q\254\211\015\201j\272Q1\274\273\212\315\336|"
  89      AC890D81 
  89      6ABA5131 
  89      BCBB8ACD 
  89      DE7C
  90 0076 375754AA 		.ascii	"7WT\252\277 \210\362\354\332\260\017/1\355\256\334\314"
  90      BF2088F2 
  90      ECDAB00F 
  90      2F31EDAE 
  90      DCCC
  91 0088 F5982E07 		.ascii	"\365\230.\007\307\001Lb\015\332\273\355\260U\363'\255"
  91      C7014C62 
  91      0DDABBED 
  91      B055F327 
  91      AD
  92 0099 ECCB1D7C 		.ascii	"\354\313\035|Op.\303\316\"\312\246Ua\350h\331\246\007"
  92      4F702EC3 
  92      CE22CAA6 
  92      5561E868 
  92      D9A607
  93 00ac 54DF3ECF 		.ascii	"T\337>\317\037s\326_\237\244#\367e\212V\257\274@\273"
  93      1F73D65F 
  93      9FA423F7 
  93      658A56AF 
  93      BC40BB
  94 00bf 060E61E2 		.ascii	"\006\016a\342HK\360\305x>U\275\356\314\212\202@\213"
  94      484BF0C5 
  94      783E55BD 
  94      EECC8A82 
  94      408B
  95 00d1 562B7D3C 		.ascii	"V+}<w;_\335\306\305Pq\353\276\253\210m\024\204\201\023"
  95      773B5FDD 
  95      C6C55071 
  95      EBBEAB88 
  95      6D148481 
  96 00e6 78700C0F 		.ascii	"xp\014\017ij\272qu\323+K*\231P\365\327r\337\013\027"
  96      696ABA71 
  96      75D32B4B 
ARM GAS  /var/folders/qd/4mxf5pkd0zdf0b9dd1hp39180000gn/T//ccuoAx6p.s 			page 7


  96      2A9950F5 
  96      D772DF0B 
  97 00fb 09545044 		.ascii	"\011TPD\216\307\3242\204S\310v\011\236\004g\\\375\204"
  97      8EC7D432 
  97      8453C876 
  97      099E0467 
  97      5CFD84
  98 010e A57AF662 		.ascii	"\245z\366b\250\265\251\266\014'x\033\203h\300\262\244"
  98      A8B5A9B6 
  98      0C27781B 
  98      8368C0B2 
  98      A4
  99 011f 73C25119 		.ascii	"s\302Q\031\234\013\311h$ \2431+@\362\177f!\034\211E"
  99      9C0BC968 
  99      2420A331 
  99      2B40F27F 
  99      66211C89 
 100 0134 E58CDF37 		.ascii	"\345\214\3377:\"\247\247\307\245\177\322\2678\314\334"
 100      3A22A7A7 
 100      C7A57FD2 
 100      B738CCDC 
 101 0144 D95068DE 		.ascii	"\331Ph\336\012\322/\002\215~\213"
 101      0AD22F02 
 101      8D7E8B
 102              		.text
 103              		.section	.gnu.lto_stSetAlarm.7fa550f6e14919cb,"",%progbits
 104 0000 789C5D92 		.ascii	"x\234]\222\317KTQ\024\307\317\367\335\347{&e\333\244"
 104      CF4B5451 
 104      14C7CFF7 
 104      DDE77B26 
 104      65DBA4
 105 0013 59B850C4 		.ascii	"Y\270P\304\026s\231\332\364\007\004\021\350*\027\355"
 105      167399DA 
 105      F4070411 
 105      E82A17ED 
 106 0023 C2A6C060 		.ascii	"\302\246\300`\302\360\015m\275Nc\243\215T\213\234`x"
 106      C2F00D6D 
 106      BD4E63A3 
 106      8D548B9C 
 106      6078
 107 0035 C6239328 		.ascii	"\306#\223(\0304\373\251i\335\206v\321\364c\023\201\201"
 107      1834FBA9 
 107      69DD8676 
 107      D1F46313 
 107      8181
 108 0047 548CD122 		.ascii	"T\214\321\"\312M\204`\235\363\246\242\272\274{\3379"
 108      CA4D8460 
 108      9DF3A6A2 
 108      BABC7BDF 
 108      39
 109 0058 87EF39F7 		.ascii	"\207\3579\367s\016\327#\"\327!:\304\377\235\274\241"
 109      730ED723 
 109      22D7213A 
 109      C4FF9DBC 
 109      A1
 110 0069 08CE851A 		.ascii	"\010\316\205\032\321H\263\003\210a\232A\303\016\206"
 110      D148B303 
ARM GAS  /var/folders/qd/4mxf5pkd0zdf0b9dd1hp39180000gn/T//ccuoAx6p.s 			page 8


 110      88619A41 
 110      C30E86
 111 0078 31A12E2A 		.ascii	"1\241.*T\013\365\005\247\373\232\341e/\315\373g\314"
 111      540BF505 
 111      A7FB9AE1 
 111      652FCDFB 
 111      67CC
 112 008a E88E5011 		.ascii	"\350\216P\021\225x\313\302-t\263\352e~.TE\025*\300e"
 112      9578CBC2 
 112      2D74B3EA 
 112      657E2E54 
 112      45152AC0 
 113 009f F7EBB3F2 		.ascii	"\367\353\263\362\373Vq\035\264\263\273qcne\273J\200"
 113      FB56711D 
 113      B4B3BB71 
 113      636E65BB 
 113      4A80
 114 00b1 D8BE5239 		.ascii	"\330\276R9?\343u\315\030\2233veZ\231\216P)\334\205\342"
 114      3FE375CD 
 114      18933376 
 114      655A998E 
 114      5029DC85 
 115 00c6 82B88304 		.ascii	"\202\270\203\004n#A\034\"\334C\227\350\337\335\334\234"
 115      6E23411C 
 115      22DC4397 
 115      E8DFDDDC 
 115      9C
 116 00d7 DCE6B9D1 		.ascii	"\334\346\271\321\357;q\037\036\201\215\331WM\326l\376"
 116      EF3B711F 
 116      1E818DD9 
 116      574DD66C 
 116      FE
 117 00e8 2818FBE1 		.ascii	"(\030\373\341*\226\367\273L/)4\306*n\303X\032W\216X"
 117      2A96F7BB 
 117      4C2F2934 
 117      C62A6EC3 
 117      581A578E 
 118 00fd A72DD5E1 		.ascii	"\247-\325\341H\255q{\366I\213\352\2109^\027\363\037"
 118      48AD717B 
 118      F6498BEA 
 118      88395E17 
 118      F31F
 119 010f FDCEE998 		.ascii	"\375\316\351\230\2436\265\265ll\276]P\026\376E\211{"
 119      A336B5B5 
 119      6C6CBE5D 
 119      5016FE45 
 119      897B
 120 0121 5C446799 		.ascii	"\\Dg\231k}B\265\374\375\315Ri\357\037\254|c,\213\276"
 120      6B7D42B5 
 120      FCFDCD52 
 120      69EF1FAC 
 120      7C632C8B 
 121 0136 124DCC56 		.ascii	"\022M\314VR\370\013\233\360\000\036\226\004\231\017"
 121      52F80B9B 
 121      F0001E96 
 121      04990F
 122 0145 8E9746AB 		.ascii	"\216\227F\253\317}\231\214\033\313j\225o_Z\032\256\224"
ARM GAS  /var/folders/qd/4mxf5pkd0zdf0b9dd1hp39180000gn/T//ccuoAx6p.s 			page 9


 122      CF7D998C 
 122      1BCB6A95 
 122      6F5F5A1A 
 122      AE94
 123 0157 92D94553 		.ascii	"\222\331ESk[\"\\F\250\232\360\220)\226\205\202\343\205"
 123      6B5B225C 
 123      46A89AF0 
 123      90299685 
 123      82E385
 124 016a FAD317AD 		.ascii	"\372\323\027\255\272b\362#fum\275m\235\223<<B\204In"
 124      BA62F223 
 124      66756DBD 
 124      6D9D933C 
 124      3C428449 
 125 017f 58AE1191 		.ascii	"X\256\021\221\235\310]\367S\263\"\212\346\271\204\017"
 125      9DC85DF7 
 125      53B3228A 
 125      E6B9840F 
 126 018f 0B8D5D89 		.ascii	"\013\215]\211_\012<FJ:\251#\267Z|\233\026\336\030\234"
 126      5F0A3C46 
 126      4A3AA923 
 126      B75A7C9B 
 126      16DE189C 
 127 01a3 3E23176D 		.ascii	">#\027m\234C<\\Yc\334\005\217\216\337I[2\251\033\337"
 127      9C433C5C 
 127      5963DC05 
 127      8F8EDF49 
 127      5B32A91B 
 128 01b8 60A007FA 		.ascii	"`\240\007\3723:\030J\353 \233L\223\337\177$\310\036"
 128      333A184A 
 128      EB209B4C 
 128      93DF7F24 
 128      C81E
 129 01ca 3F71CC95 		.ascii	"?q\314\225C\377/;98\224\015\364\301\276\336=\273uO\317"
 129      43FF2F3B 
 129      3938940D 
 129      F4C1BEDE 
 129      3DBB754F 
 130 01df 3EDD77A0 		.ascii	">\335w\240\367T\212\023\017g2G\223\003\364\023,\030"
 130      F7548A13 
 130      0F673247 
 130      9303F413 
 130      2C18
 131 01f1 BF9A     		.ascii	"\277\232"
 132              		.text
 133              		.section	.gnu.lto_stGetAlarm.7fa550f6e14919cb,"",%progbits
 134 0000 789C5D90 		.ascii	"x\234]\220\333+DQ\024\306\327w\366\3149Fx\307(\257<"
 134      DB2B4451 
 134      14C6D777 
 134      F6CC3946 
 134      78C728AF 
 135 0015 CC6EF817 		.ascii	"\314n\370\027\224\204'\336%\036\346ajd4\257\2661B<\310"
 135      948427DE 
 135      251EE661 
 135      6A6434AF 
 135      B631423C 
 136 002a 6514874E 		.ascii	"e\024\207Ny\220\"&\343~\3514\312\213\\\377\002!J\222"
ARM GAS  /var/folders/qd/4mxf5pkd0zdf0b9dd1hp39180000gn/T//ccuoAx6p.s 			page 10


 136      79902226 
 136      E37EE934 
 136      CA8B5CFF 
 136      02214A92 
 137 003e CB83A8C1 		.ascii	"\313\203\250\301\332Hr\332\227\265\326\376\265\326\367"
 137      DA4872DA 
 137      97B5D6FE 
 137      B5D6F7
 138 004d 1D938862 		.ascii	"\035\223\210b \252\345\273\2307\004\301\030:\"\352\312"
 138      20AAE5BB 
 138      983704C1 
 138      183A22EA 
 138      CA
 139 005e 31001DA8 		.ascii	"1\000\035\250\034P\247\201N\014\212Q\201\323\304\222"
 139      1C50A781 
 139      4E0C8A51 
 139      81D3C492 
 140 006e 2D0684CD 		.ascii	"-\006\204\315\230\207\323\307\303\211\313\002\235\002"
 140      9887D3C7 
 140      C389CB02 
 140      9D02
 141 007c A59CDEDD 		.ascii	"\245\234\336\335\357\247\363\312f\225\212+w\374\311"
 141      EFA7F3CA 
 141      66958A2B 
 141      77FCC9
 142 008b 9A4C9F28 		.ascii	"\232L\237(\237-\014J2\236\206\037\313\360\353\031+("
 142      9F2D0C4A 
 142      329E861F 
 142      CBF0EB19 
 142      2B28
 143 009d 23A62F52 		.ascii	"#\246/R\357c\371\246\307\021\244\001\256\257\302$\326"
 143      EF63F9A6 
 143      C711A401 
 143      AEAFC224 
 143      D6
 144 00ae 428B675E 		.ascii	"B\213g^W\275\177\364*\367j\006\331jn`\013\006\372x\263"
 144      57BD7FF4 
 144      2AF76A06 
 144      D96A6E60 
 144      0B06FA78 
 145 00c3 22E5523F 		.ascii	"\"\345R?\2278\352v\351\026\231\335\327\355\371\361\242"
 145      9738EA76 
 145      E91699DD 
 145      D7EDF9F1 
 145      A2
 146 00d4 DF7E09C5 		.ascii	"\337~\011\305\237;\362f}\365K\012\374\031EX\203\211"
 146      9F3BF266 
 146      7DF54B0A 
 146      FC194558 
 146      8389
 147 00e6 753D868F 		.ascii	"u=\206\217\011a\360S\262'sli\013\236/\362h\341\345!"
 147      0961F053 
 147      B227736C 
 147      690B9E2F 
 147      F268E1E5 
 148 00fb F73BD58D 		.ascii	"\367;\325\215\264Ig\352\306\347`\032\266\360b\223]l"
 148      B44967EA 
ARM GAS  /var/folders/qd/4mxf5pkd0zdf0b9dd1hp39180000gn/T//ccuoAx6p.s 			page 11


 148      C6E7601A 
 148      B6F06293 
 148      5D6C
 149 010d 68175CEF 		.ascii	"h\027\\\357\275>8)\220\013*\321\245\316\237S%\303l\325"
 149      BD3E3829 
 149      900B2AD1 
 149      A5CE9F53 
 149      25C36CD5 
 150 0121 C4161C8C 		.ascii	"\304\026\034\214\261P=IC\356`|\316\012.j\310\3314la"
 150      B1503D49 
 150      43EE607C 
 150      CE0A2E6A 
 150      C8D9346C 
 151 0136 611B12E5 		.ascii	"a\033\022\345\376\037\002;\010\322=\342\347\003\331"
 151      FE1F023B 
 151      08D23DE2 
 151      E703D9
 152 0145 3D530B66 		.ascii	"=S\013fQ\374\007\330+\264C\216\013\003\001\371\275\""
 152      51FC07D8 
 152      2BB4438E 
 152      0B0301F9 
 152      BD22
 153 0157 51196A0E 		.ascii	"Q\031j\016\313h{\213\214v\004ZH\376\177i\213\264wDe"
 153      CB687B8B 
 153      8C76045A 
 153      48FE7F69 
 153      8BB47744 
 154 016c 43637D65 		.ascii	"Cc}e\205\254\253\253\222\2155\365\261 \263M\341pk D"
 154      85ACABAB 
 154      928D35F5 
 154      B120B34D 
 154      E1706B20 
 155 0181 9FAAA192 		.ascii	"\237\252\241\222\365"
 155      F5
 156              		.text
 157              		.section	.gnu.lto_.symbol_nodes.7fa550f6e14919cb,"",%progbits
 158 0000 789C55C8 		.ascii	"x\234U\310K\015\2000\020\006\341\371[\212.\020\305y"
 158      4B0D8030 
 158      1006E1F9 
 158      5B8A2E10 
 158      C579
 159 0012 57022270 		.ascii	"W\002\"p@y\004\021h@\011\241\341\266\207\311$_\017L"
 159      40790411 
 159      684009A1 
 159      E1B687C9 
 159      245F0F4C 
 160 0026 2DD22A83 		.ascii	"-\322*\203\371\206\266\313\307&U\246(\233,E\331e9\312"
 160      F986B6CB 
 160      C72655A6 
 160      289B2C45 
 160      D96539CA 
 161 003a 21EB82E8 		.ascii	"!\353\202\350\224\225_\300}\200Lay^\361\001\370\352"
 161      94955FC0 
 161      7D804C61 
 161      795EF101 
 161      F8EA
 162 004c 1DB8     		.ascii	"\035\270"
ARM GAS  /var/folders/qd/4mxf5pkd0zdf0b9dd1hp39180000gn/T//ccuoAx6p.s 			page 12


 163              		.text
 164              		.section	.gnu.lto_.refs.7fa550f6e14919cb,"",%progbits
 165 0000 789C6363 		.ascii	"x\234cc```\004b\006\000\000D\000\010"
 165      60606004 
 165      62060000 
 165      440008
 166              		.text
 167              		.section	.gnu.lto_.decls.7fa550f6e14919cb,"",%progbits
 168 0000 789CC557 		.ascii	"x\234\305WkP\024W\026\356\333wx\015/3Z\226\356\262U"
 168      6B501457 
 168      16EEDB77 
 168      780D2F33 
 168      5A96EEB2 
 169 0015 96850555 		.ascii	"\226\205\005U+\214\240\273\326VR[1\243q\255\212\311"
 169      2B8CA0BB 
 169      D656525B 
 169      31A371AD 
 169      8AC9
 170 0027 D6E056ED 		.ascii	"\326\340V\355\257\235\2608\211l``\2311U\371\265\215"
 170      AF9DB038 
 170      896C6060 
 170      993155F9 
 170      B58D
 171 0039 A012350A 		.ascii	"\240\0225\012\210\017\020\002\210\200FDD\001\001\037"
 171      880F1002 
 171      88804644 
 171      4401011F 
 172 0049 13100404 		.ascii	"\023\020\004\004E@\004\345\345\003\005L\020\020\237"
 172      454004E5 
 172      E503054C 
 172      10109F
 173 0058 A8ECB9F7 		.ascii	"\250\354\271\367v\323M\303$\376\331\332\2569=}\356\375"
 173      76D34DC3 
 173      24FED9DA 
 173      AE393D7D 
 173      EEFD
 174 006a EE77BE7B 		.ascii	"\356w\276{\316\355\356\333\316\034\307u\274\307q~\230"
 174      CEEDEEDB 
 174      CE1CC775 
 174      BCC7717E 
 174      98
 175 007b E38E228E 		.ascii	"\343\216\"\216\233\204\303\031\332~\004\003\227\263"
 175      9B84C319 
 175      DA7E0403 
 175      97B3
 176 0089 73EC206D 		.ascii	"s\354 mu`\215`W\301\232\301Z\301np3\217$\030\010t\334"
 176      75608D60 
 176      57C19AC1 
 176      5AC16E70 
 176      338F2418 
 177 00a0 E760ED60 		.ascii	"\347`\355`\227\305v^\344\230mL*\214q\025\307\350\300"
 177      97C5765E 
 177      E4986D4C 
 177      2A8C7115 
 177      C7E8C0
 178 00b3 E689B17F 		.ascii	"\346\211\261\177\003\355\013\301\206\340\272\213c\274"
 178      03ED0BC1 
ARM GAS  /var/folders/qd/4mxf5pkd0zdf0b9dd1hp39180000gn/T//ccuoAx6p.s 			page 13


 178      86E0BA8B 
 178      63BC
 179 00c1 1AF09DC1 		.ascii	"\032\360\235\301\234\020\343$\232|\020\323\373{4\235"
 179      9C10E324 
 179      9A7C10D3 
 179      FB7B349D 
 180 00d1 37037C8D 		.ascii	"7\003|\215\310+qu\211s\223\306\223\371\004\250\306\221"
 180      C82B7175 
 180      897393C6 
 180      93F904A8 
 180      C691
 181 00e3 23FB1D35 		.ascii	"#\373\0355!Q\023/\346E/jY\251\342\314\027\371\224\\"
 181      2151132F 
 181      E6452F6A 
 181      59A9E2CC 
 181      17F9945C 
 182 00f7 7EBFC247 		.ascii	"~\277\302Gr\374'\221\357}\025_\012F\335u\307\216\343"
 182      72FC2791 
 182      EF7D155F 
 182      0A46DD75 
 182      C78EE3
 183 010a 9D18F969 		.ascii	"\235\030\371i\021\251\23474\235\374\251\374\245'k\""
 183      11A99C37 
 183      349DFCA9 
 183      FCA5276B 
 183      22
 184 011b 8873B119 		.ascii	"\210s\261\031\365.\230\247\327\355\311\025'=\002\013"
 184      F52E98A7 
 184      D7EDC915 
 184      273D020B 
 185 012b 0476B8BE 		.ascii	"\004v\270\276\317\241\022\204%\252\226=cG\\\260/\005"
 185      CFA11284 
 185      25AA963D 
 185      63475CB0 
 185      2F05
 186 013d 5E8F2F4A 		.ascii	"^\217/J'\264:-\322\200;\332\224v\317\013\334yZ\264("
 186      27B43A2D 
 186      D2803BDA 
 186      9476CF0B 
 186      DC795AB4 
 187 0152 05F3BD9D 		.ascii	"\005\363\275\235\023]^H\353\237 \010[\204\2548\301\355"
 187      135D5E48 
 187      EB9F2008 
 187      5B84AC38 
 187      C1ED
 188 0164 2F1C2A47 		.ascii	"/\034*G>\350,\362\341P%\362'\241KQ \207\316@\343ih\314"
 188      3EE82CF2 
 188      E15025F2 
 188      27A14B51 
 188      2087CE40 
 189 017c 23E1EC93 		.ascii	"#\341\354\223O\375\222\266\013\002\217*\220\026\225"
 189      4FFD92B6 
 189      0B028F2A 
 189      901695
 190 018b 214C3130 		.ascii	"!L103?-\023p\354H\322ag\\\215\210\002\276\362P\177\015"
 190      333F2D13 
 190      70EC48D2 
ARM GAS  /var/folders/qd/4mxf5pkd0zdf0b9dd1hp39180000gn/T//ccuoAx6p.s 			page 14


 190      61675C8D 
 190      8802BEF2 
 191 01a2 EF28C605 		.ascii	"\357(\306\005\2071\036\226/\256\335Jb\234\207\030\347"
 191      87311E96 
 191      2FAEDD4A 
 191      629C8718 
 191      E7
 192 01b3 E4181092 		.ascii	"\344\030\020\222\005\331Sr\373\2657\276A\363\301o\275"
 192      05D95372 
 192      FBB537BE 
 192      41F3C16F 
 192      BD
 193 01c4 563AE830 		.ascii	"V:\3500\310\217\216'r{i\036\015b\207 \027\345 \347i"
 193      C88F8E27 
 193      727B691E 
 193      0D628720 
 193      17E520E7 
 194 01d9 10D20A81 		.ascii	"\020\322\012\201\312\253\266]\367\354E\335\010\252\210"
 194      CAABB65D 
 194      F7EC45DD 
 194      08AA88
 195 01e8 E6D02423 		.ascii	"\346\320$#\304\316\360O\214\372\223\322\201X;\264\362"
 195      C4CEF04F 
 195      8CFA93D2 
 195      81583BB4 
 195      F2
 196 01f9 EC4F8412 		.ascii	"\354O\204\022G\032\"^\303\231\0279x\211\227\376D\002"
 196      471A225E 
 196      C3991739 
 196      788997FE 
 196      4402
 197 020b A46465FD 		.ascii	"\244de\375,\234tp\022=\223%\215\343\030\345\364`\212"
 197      2C9C7470 
 197      123D9325 
 197      8DE318E5 
 197      F4608A
 198 021e 41D3B472 		.ascii	"A\323\264rS\335S2\345I\"qMUd\027>\324\364\241\036\360"
 198      53DD5332 
 198      E5492271 
 198      4D556417 
 198      3ED4F4A1 
 199 0234 3FE6B844 		.ascii	"?\346\270D\327H\332\272\275x\270\327\011\307c\272\324"
 199      D748DABA 
 199      BD78B8D7 
 199      09C763BA 
 199      D4
 200 0245 6A269FDB 		.ascii	"j&\237\333\275\331R\343\311*\034i\314pgKm\016\270\005"
 200      BDD952E3 
 200      C92A1C69 
 200      CC70674B 
 200      6D0EB805 
 201 0259 BB26539C 		.ascii	"\273&S\234\026\354'iO\214\023\346\360\350\363\371\250"
 201      16EC2769 
 201      4F8C13E6 
 201      F0E8F3F9 
 201      A8
 202 026a 168A5103 		.ascii	"\026\212Q\003\305\340\320e\264\000\316\026\015\0136"
ARM GAS  /var/folders/qd/4mxf5pkd0zdf0b9dd1hp39180000gn/T//ccuoAx6p.s 			page 15


 202      C5E0D065 
 202      B400CE16 
 202      0D0B36
 203 0279 D0B6FBEB 		.ascii	"\320\266\373\353\305YBV\237`\357\035\\\366\360\214 "
 203      C5594256 
 203      9F60EF1D 
 203      5CF6F08C 
 203      20
 204 028a 4091040D 		.ascii	"@\221\004\015A\241Kr\225.\221%\217\252Q\037BU\250\027"
 204      41A14B72 
 204      952E9125 
 204      8FAA511F 
 204      4255A817 
 205 029e 74D7A1C5 		.ascii	"t\327\241\3050:\256\340\326\016'\234\313D\025\025\234"
 205      303AAEE0 
 205      D60E279C 
 205      CB441515 
 205      9C
 206 02af E876D5F0 		.ascii	"\350v\325\360\254\230$\000\264\011;\333\222\275\035"
 206      AC982400 
 206      B4093BDB 
 206      92BD1D
 207 02be 4AB942A5 		.ascii	"J\271B\2454 Q\313\317\003=\375\032\020\323\007b\206"
 207      342051CB 
 207      CF033DFD 
 207      1A10D307 
 207      6286
 208 02d0 16A609F6 		.ascii	"\026\246\011\366-\002Y0\200B\365\262\224z\265\224F*"
 208      2D025930 
 208      8042F5B2 
 208      947AB594 
 208      462A
 209 02e2 A57EA2D8 		.ascii	"\245~\242\330\013\0273%\245\367\343Z\234D\242[\277\235"
 209      0B173325 
 209      A5F7E35A 
 209      9C44A25B 
 209      BF9D
 210 02f4 2222736A 		.ascii	"\"\"sj\222\211\232\324DW)Q\362\351\347\231N\370\002"
 210      92899AD4 
 210      44572951 
 210      F2E9E799 
 210      4EF802
 211 0307 637A5873 		.ascii	"czXs\365\220\213\310\324\360\273i\222\256\311L\327\324"
 211      F5908BC8 
 211      D4F0BB69 
 211      92AEC94C 
 211      D7D4
 212 0319 4CCD94A9 		.ascii	"L\315\224\251`\274\271\330\023\3273\246\327{\266\215"
 212      60BCB9D8 
 212      13D733A6 
 212      D77BB68D 
 213 0329 F2CA4C90 		.ascii	"\362\312L\220$\311\251h\231V\225\354\356q\301Y\014{"
 213      24C9A968 
 213      995695EC 
 213      EE71C159 
 213      0C7B
 214 033b 35737E76 		.ascii	"5s~v\234p\024\306-\"(t]\216{]\035\267\225\306\035\335"
ARM GAS  /var/folders/qd/4mxf5pkd0zdf0b9dd1hp39180000gn/T//ccuoAx6p.s 			page 16


 214      9C7014C6 
 214      2D222874 
 214      5D8E7B5D 
 214      1DB795C6 
 215 0351 F538CB1B 		.ascii	"\3658\313\033\267\261\270\223\243\205\3554\027p\017"
 215      B7B1B893 
 215      A385ED34 
 215      17700F
 216 0360 5E7EFD41 		.ascii	"^~\375AF\321\200\220\240\245\253\000\265\311Lm\342#"
 216      46D18090 
 216      A0A5AB00 
 216      B5C94C6D 
 216      E223
 217 0372 0DDDA00C 		.ascii	"\015\335\240\014\231\257'R\275<vL\335\341\024.\335\344"
 217      99AF2752 
 217      BD3C764C 
 217      DDE1142E 
 217      DDE4
 218 0384 1C6A471E 		.ascii	"\034jG\036\024\014\377\000.\273\263\357\242\033[\214"
 218      140CFF00 
 218      2EBBB3EF 
 218      A21B5B8C 
 219 0394 1D24625A 		.ascii	"\035$bZ\345x\203\023\363]I\367\360\3612O\2668\355\244"
 219      E5788313 
 219      F35D49F7 
 219      F0F1324F 
 219      B638EDA4 
 220 03a8 BBF54176 		.ascii	"\273\365Av\274\007\353n&~u\373\345\021\015N\324P\265"
 220      BC07EB6E 
 220      267E75FB 
 220      E5110D4E 
 220      D450B5
 221 03bb 075B4EAD 		.ascii	"\007[N\255\321\302\223%\356\235\036_0\240\261q\242\311"
 221      D1C29325 
 221      EE9D1E5F 
 221      30A0B171 
 221      A2C9
 222 03cd 09EF67A3 		.ascii	"\011\357g\243w\326\224\324\212O\340:\342\247TTW\272"
 222      77D694D4 
 222      8A4FE03A 
 222      E2A75454 
 222      57BA
 223 03df E354D679 		.ascii	"\343T\326yo\307\335jg\374=s$Q:QT\346\355\247\015\010"
 223      6FC7DD6A 
 223      67FC3D73 
 223      24513A51 
 223      54E6EDA7 
 224 03f5 1F669D95 		.ascii	"\037f\235\225e\347j\305\011,S\334]:vw\225>\250\257\325"
 224      65E76AC5 
 224      092C53DC 
 224      5D3A7677 
 224      953EA8AF 
 225 040a B2F90808 		.ascii	"\262\371\010\010\374\363-]\037\342|6\262j\254(_\234"
 225      FCF32D5D 
 225      1FE27C36 
 225      B26AAC28 
 225      5F9C
ARM GAS  /var/folders/qd/4mxf5pkd0zdf0b9dd1hp39180000gn/T//ccuoAx6p.s 			page 17


 226 041c 1B06B72F 		.ascii	"\033\006\267/\261z\322\233LG\020\323\010\355r\026\007"
 226      B17AD29B 
 226      4C4710D3 
 226      08ED7216 
 226      07
 227 042d C8930FE9 		.ascii	"\310\223\017\351}\320C6\225\247\211E\037\353\022\351"
 227      7DD04336 
 227      95A78945 
 227      1FEB12E9 
 228 043d 0211840F 		.ascii	"\002\021\204\0175\364i\334\017\350\373\024=\210t\322"
 228      35F469DC 
 228      0FE8FB14 
 228      3D8874D2 
 229 044d 18028EBD 		.ascii	"\030\002\216\275\223\333\343\245Dw\375\022\2720'\367"
 229      93DBE3A5 
 229      4477FD12 
 229      BA3027F7 
 230 045d 80161F67 		.ascii	"\200\026\037g\"\017=\351\036\024\353\345\017n\336\263"
 230      220F3DE9 
 230      1E14EBE5 
 230      0F6EDEB3 
 231 046d CA38577C 		.ascii	"\3128W|\222\365\355\275\220\321\344\202O3Gz\203\351"
 231      92F5EDBD 
 231      90D1E482 
 231      4F33477A 
 231      83E9
 232 047f E81B0C6D 		.ascii	"\350\033\014m\271\371\021.c=\027\223\222\273\021\256"
 232      B9F9112E 
 232      633D1793 
 232      92BB11AE 
 233 048f 64CE707C 		.ascii	"d\316p|\177\237\230\237\005\340\356\273\362\310\017"
 233      7F9F989F 
 233      05E0EEBB 
 233      F2C80F
 234 049e DB59D7DB 		.ascii	"\333Y\327\333\272j?\\\313\256kK\217\346#\334\310\234"
 234      BA6A3F5C 
 234      CBAE6B4B 
 234      8FE623DC 
 234      C89C
 235 04b0 B1B4DA47 		.ascii	"\261\264\332GZ\334\314\234\254\226\364\263\256\270\225"
 235      5ADCCC9C 
 235      AC96F4B3 
 235      AEB895
 236 04bf 39792FF6 		.ascii	"9y/\366\347y\340\016\346\264\225\337Hp\307\335\314I"
 236      E779E00E 
 236      E6B495DF 
 236      4870C7DD 
 236      CC49
 237 04d1 3875EAA0 		.ascii	"8u\352\240;\276\303\234-\225\235I\342\023\260\217\370"
 237      3BBEC39C 
 237      2D959D49 
 237      E213B08F 
 237      F8
 238 04e2 F773EF67 		.ascii	"\367s\357g\271\211Uq\006\177GK\343s\204\373\0318idl"
 238      B9895571 
 238      067F474B 
 238      E37384FB 
ARM GAS  /var/folders/qd/4mxf5pkd0zdf0b9dd1hp39180000gn/T//ccuoAx6p.s 			page 18


 238      19386964 
 239 04f7 AFB3C33A 		.ascii	"\257\263\303:\274\225\352\260\214\226\241\254$\347\261"
 239      BC95EAB0 
 239      8C96A1AC 
 239      24E7B1
 240 0506 ABBA0E9D 		.ascii	"\253\272\016\235\200\356\240\350I\232\331\267Rf/]:\377"
 240      80EEA0E8 
 240      499AD9B7 
 240      52662F5D 
 240      3AFF
 241 0518 06A9EBE0 		.ascii	"\006\251\353\340\010=\337\276=k\253;\362e\307\\_\351"
 241      083DDFBE 
 241      3D6BAB3B 
 241      F265C75C 
 241      5FE9
 242 052a F027A7C3 		.ascii	"\360'\247\303B|\234`\277\231\201o\235\330\375\235\220"
 242      427C9C60 
 242      BF99816F 
 242      9DD8FD9D 
 242      90
 243 053b 558528D5 		.ascii	"U\205(\325\317p\217&\360s\345\373\340'\312[N\316\034"
 243      CF708F26 
 243      F073E5FB 
 243      E027CA5B 
 243      4ECE1C
 244 054e 1B321401 		.ascii	"\0332\024\001\317%x1\020\370\270\032>F\341A2\272A\201"
 244      CF257831 
 244      10F8B81A 
 244      3E46E141 
 244      32BA4181 
 245 0562 7EA14677 		.ascii	"~\241FwLC\307\012\366\273\221\261\024=\204t\350\201"
 245      4C43C70A 
 245      F6BB91B1 
 245      143D8474 
 245      E881
 246 0574 88965619 		.ascii	"\210\226V\031\2727CJ\213\202\374\371\354\344J\370-\005"
 246      BA37434A 
 246      8B82FCF9 
 246      ECE44AF8 
 246      2D05
 247 0586 FC991A7E 		.ascii	"\374\231\032~_\255\374U\244\214\356U\243{\024\344Ib"
 247      5FADFC55 
 247      A48CEE55 
 247      A37B14E4 
 247      4962
 248 0598 350478B1 		.ascii	"5\004x\261\240\327\200\230\240\235\004\017\217\017\224"
 248      A0D78098 
 248      A09D040F 
 248      8F0F94
 249 05a7 CCFBA35D 		.ascii	"\314\373\243]\274/\372\026,\016l+\3306\260\024\260-"
 249      BC2FFA16 
 249      2C0E6C2B 
 249      D836B014 
 249      B02D
 250 05b9 603BC076 		.ascii	"`;\300v\203}\007\266\037,\026l\037X<X\"\330N\260\355"
 250      837D07B6 
 250      1F2C166C 
ARM GAS  /var/folders/qd/4mxf5pkd0zdf0b9dd1hp39180000gn/T//ccuoAx6p.s 			page 19


 250      1F583C58 
 250      22D84EB0 
 251 05ce 607BC1F6 		.ascii	"`{\301\366\200%\361\276\364\331\311TV)\346\364R\255"
 251      8025F1BE 
 251      F4D9C954 
 251      5629E6F4 
 251      52AD
 252 05e0 52AFCEC0 		.ascii	"R\257\316\300\230\002\375d\366\332M\203+R\3207{\012"
 252      9802FD64 
 252      F6DA4D83 
 252      2B52D037 
 252      7B0A
 253 05f2 9409FB4A 		.ascii	"\224\011\373JF\277\232U\212\002\\\245\240\036Q\203\037"
 253      46BF9A55 
 253      8A025CA5 
 253      A01E5183 
 253      1F
 254 0603 CF50F24A 		.ascii	"\317P\362J!|tv\270r\321Yd\364m5\372\326\314\025\255"
 254      217C7476 
 254      B872D159 
 254      64F46D35 
 254      FAD6CC15 
 255 0618 D072570D 		.ascii	"\320rW\015\2773\035\016\353\263\305\302\026\251\300"
 255      BF331D0E 
 255      EBB3C5C2 
 255      16A9C0
 256 0627 EBD01B11 		.ascii	"\353\320\033\021.\335\202\350\246\254\205mD\237=\322"
 256      2EDD82E8 
 256      A6AC856D 
 256      449F3DD2 
 257 0637 C5C2D220 		.ascii	"\305\302\322 (N|\375\311\325\253\035\326\345\304\011"
 257      284E7CFD 
 257      C9D5AB1D 
 257      D6E5C409 
 258 0647 75CB68E8 		.ascii	"u\313h\350\356\331\225*\346uW\221\205\247\263/\340i"
 258      EED9952A 
 258      E6755791 
 258      85A7B32F 
 258      E069
 259 0659 EB5D31AF 		.ascii	"\353]1\257Gj\370\275\031IS\240\207g\177\014P4\371\242"
 259      476AF8BD 
 259      194953A0 
 259      87677F0C 
 259      5034F9A2 
 260 066d 696C3FEA 		.ascii	"il?\352\2053\234\350\006\275$\241\263\300\033\371\317"
 260      85339CE8 
 260      06BD24A1 
 260      B3C01BF9 
 260      CF
 261 067e 65D3ED19 		.ascii	"e\323\355\031v\206\257\026\224\012\203\017\360S\357"
 261      7686AF16 
 261      940A830F 
 261      F053EF
 262 068d 7B327907 		.ascii	"{2y\0077\012:\010\367\307\377\372^!\333\334\213\331"
 262      370A3A08 
 262      F7C7FFFA 
 262      5E21DBDC 
ARM GAS  /var/folders/qd/4mxf5pkd0zdf0b9dd1hp39180000gn/T//ccuoAx6p.s 			page 20


 262      8BD9
 263 069f 651AE51E 		.ascii	"e\032\345\036#U1?\016\245\361l\217\001\377dCtz<\315"
 263      2355313F 
 263      0EA5F16C 
 263      8F01FF64 
 263      43747A3C 
 264 06b4 131FA313 		.ascii	"\023\037\243\023D\027\216d\012\010\2664\366>\262\245"
 264      44178E64 
 264      0A08B634 
 264      F63EB2A5 
 265 06c4 5971AC63 		.ascii	"Yq\254c@\020\200'\036i\350\306\354\220<M\270\234\276"
 265      40108027 
 265      1E69E8C6 
 265      EC903C4D 
 265      B89CBE
 266 06d7 414AE7C9 		.ascii	"AJ\347\311\366fk\202=\004\237cd9C\345\325\342\313\336"
 266      F6666B82 
 266      3D049F63 
 266      643943E5 
 266      D5E2CBDE 
 267 06eb 13DCAEC3 		.ascii	"\023\334\256\303)\271\032\366\036\031\240;\261\246'"
 267      29B91AF6 
 267      1E19A03B 
 267      B1A627
 268 06fa FBB5B881 		.ascii	"\373\265\270\201a'\006R:\021\303\022Q\017*R.i\035\276"
 268      61270652 
 268      3A11C312 
 268      510F2A52 
 268      2E691DBE 
 269 070e 560EF3E2 		.ascii	"V\016\363\342k%\233\247\357\225\033/\316\277\362\300"
 269      6B259BA7 
 269      EF951B2F 
 269      CEBFF2C0 
 270 071e AD944953 		.ascii	"\255\224IS\020\367\303\210\006\371\373 \200#m\236\364"
 270      10F7C388 
 270      06F9FB20 
 270      80236D9E 
 270      F4
 271 072f 71C9A17C 		.ascii	"q\311\241|^\213rx,}\255\246\011@?\362\037\322\014\327"
 271      5E8B7278 
 271      2C7DADA6 
 271      09403FF2 
 271      1FD20CD7 
 272 0743 AEF49F7E 		.ascii	"\256\364\237~x\0119\002^\300\241\345\364\255\205\216"
 272      78093902 
 272      5EC0A1E5 
 272      F4AD858E 
 273 0753 4099F269 		.ascii	"@\231\362i\274<\336\007\345\262\200\202\320\374\330"
 273      BC3CDE07 
 273      E5B28082 
 273      D0FCD8
 274 0762 497E3521 		.ascii	"I~5!\312\235\011\375\337\363D\337Q^'\251$\350S\351u"
 274      CA9D09FD 
 274      DFF344DF 
 274      515E27A9 
 274      24E853E9 
 275 0777 2FDDB422 		.ascii	"/\335\264\"w\302\257qO\036H\037uQr\037\373%\356\334"
ARM GAS  /var/folders/qd/4mxf5pkd0zdf0b9dd1hp39180000gn/T//ccuoAx6p.s 			page 21


 275      77C2AF71 
 275      4F1E481F 
 275      7551721F 
 275      FB25EEDC 
 276 078b 96EE36ED 		.ascii	"\226\3566\355\222\034\241\331N\2762>H\315\023\022\212"
 276      921CA1D9 
 276      4EBE323E 
 276      48CD1312 
 276      8A
 277 079c 60323FC0 		.ascii	"`2?\300\375\232\005\305\202\015\274bl\006\264\374\203"
 277      FD9A05C5 
 277      820DBC62 
 277      6C06B4FC 
 277      83
 278 07ad E7D0717E 		.ascii	"\347\320q~\011\014\275=Y\236\345\211;X\3763\212S\017"
 278      090CBD3D 
 278      599EE589 
 278      3B58FE33 
 278      8A530F
 279 07c0 794C15DE 		.ascii	"yL\025\336\367\270\242\360d\203Z \027\276@]"
 279      F7B8A2F0 
 279      64835A20 
 279      17BE405D 
 280 07d0 F813B4F0 		.ascii	"\370\023\264\360\027\007\217\244i\360\020ck|\232>\350"
 280      17078FA4 
 280      69F01063 
 280      6B7C9A3E 
 280      E8
 281 07e1 22B20D2D 		.ascii	"\"\262\015-e{\373l\266\267/\224\231\012\325L')\323\235"
 281      657BFB6C 
 281      B6B72F94 
 281      990AD54C 
 281      2729D39D 
 282 07f5 F1C4328C 		.ascii	"\361\3042\214'\030\323\315\316\370rq]\270+6\304\363"
 282      2718D3CD 
 282      CEF87271 
 282      5DB82B36 
 282      C4F3
 283 0807 C40DF19B 		.ascii	"\304\015\361\233\221\3467\342\256\220|\344N\324m\313"
 283      91E637E2 
 283      AE907CE4 
 283      4ED46DCB 
 284 0817 440E97CD 		.ascii	"D\016\227\315\031i\331\234f\231\276p\245\245\323K]\305"
 284      1969D99C 
 284      6699BE70 
 284      A5A5D34B 
 284      5DC5
 285 0829 62C8D629 		.ascii	"b\310\326)\232\255\022\232\3513R\246\333zv\031\324e"
 285      9AAD129A 
 285      E93352A6 
 285      DB7A7619 
 285      D465
 286 083b 71083ED3 		.ascii	"q\010>\323R\376\222\237*\313\322\014\261,\245bY\340"
 286      52FE929F 
 286      2ACBD20C 
 286      B12CA562 
 286      59E0
ARM GAS  /var/folders/qd/4mxf5pkd0zdf0b9dd1hp39180000gn/T//ccuoAx6p.s 			page 22


 287 084d 234631B6 		.ascii	"#F1\266H,K\031-K\351\201}\177\306\337:\263\217\321\376"
 287      482C4B19 
 287      2D4BE981 
 287      7D7FC6DF 
 287      3AB38FD1 
 288 0862 9A1A2FB9 		.ascii	"\232\032/\271*\205crU\310\367\312Y9\227g\325\271,\247"
 288      2A856372 
 288      55C8F7CA 
 288      59399767 
 288      D5B92CA7 
 289 0876 B91CCF7D 		.ascii	"\271\034\317}~\320\015\2471\266\270]\255'=dQ\231*Q\255"
 289      7ED00DA7 
 289      31B6B85D 
 289      AD273D64 
 289      51992A51 
 290 088b D3445588 		.ascii	"\323DU\210\242*\371%\334\202\300@=\373EY\365\233B#\364"
 290      A22AF925 
 290      DC82C040 
 290      3DFB4559 
 290      F59B4223 
 291 08a0 D69830BD 		.ascii	"\326\2300\275\325\026\030\346\272\366\323\277-2\004"
 291      D51618E6 
 291      BAF6D3BF 
 291      2D3204
 292 08af 05715A93 		.ascii	"\005qZ\223is\270\305\266<\330dKF\372U\321\321\021\341"
 292      6973B8C5 
 292      B63CD864 
 292      4B46FA55 
 292      D1D111E1 
 293 08c3 61A1B6F0 		.ascii	"a\241\266\360(\213U\277&,\"<\332j6\231\003\2427\207"
 293      288B55BF 
 293      262C223C 
 293      DA6A3699 
 293      03A23787 
 294 08d7 7D151C18 		.ascii	"}\025\034\030\032\035\2557DYlf\213mF\247~CTT\204U\377"
 294      1A1DAD37 
 294      44596C66 
 294      8B6D46A7 
 294      7E435454 
 295 08ee 65585840 		.ascii	"eXX@hLd\200%\312b\0160\207\3763<`e@\360\262\240\225"
 295      684C6480 
 295      25CA620E 
 295      3087FE33 
 295      3C606540 
 296 0906 01FF5E11 		.ascii	"\001\377^\021\020\031\372\257\250\030\375\264^}\270"
 296      1019FAAF 
 296      A818FDB4 
 296      5E7DB8
 297 0915 252C62F3 		.ascii	"%,b\363F\263>24lS\270\305\2547m4\177\021\2729\302f\262"
 297      46B33E32 
 297      346C53B8 
 297      C5AC376D 
 297      347F11BA 
 298 092d 7D136DB6 		.ascii	"}\023m\266\006n\342\\%q\333\377\177\342\254\337X\365"
 298      066EE25C 
 298      2571DBFF 
 298      7FE2ACDF 
ARM GAS  /var/folders/qd/4mxf5pkd0zdf0b9dd1hp39180000gn/T//ccuoAx6p.s 			page 23


 298      58F5
 299 093f 26AB6D23 		.ascii	"&\253m#(\001En\340\332\302#\315&\233\2572\2711\266)"
 299      2801456E 
 299      E0DAC223 
 299      CD269BAF 
 299      32B931B6 
 300 0954 7CD82602 		.ascii	"|\330&\002\021'\340l\265\255\263\204\333\026:*\004\347"
 300      1127E06C 
 300      B5ADB384 
 300      DB163A2A 
 300      04E7
 301 0966 61B585D8 		.ascii	"a\265\205\330Bcl\253\" \272;q\242\242\351\265\026\256"
 301      42636CAB 
 301      2220BA3B 
 301      71A2A2E9 
 301      B516AE
 302 0979 CD36E972 		.ascii	"\3156\351r\255y\012a\212\210\330h\012\007R\275\2324"
 302      AD790A61 
 302      8A88D868 
 302      0A0752BD 
 302      9A34
 303 098b 3A2A0666 		.ascii	":*\006f\037\262a\375\362`\375'\237\254\326oX\267\376"
 303      1FB261FD 
 303      F260FD27 
 303      9FACD66F 
 303      58B7FE
 304 099e EB203D1B 		.ascii	"\353 =\033\001Z\234\014\206\365\306\345\374gF\315\352"
 304      015A9C0C 
 304      86F5C6E5 
 304      FC6746CD 
 304      EA
 305 09af F5AB8C78 		.ascii	"\365\253\214x\265\301\250\371h\365\006#6\030\214\330"
 305      B5C1A8F9 
 305      68F50623 
 305      36188CD8 
 306 09bf 08B6CA68 		.ascii	"\010\266\312h\304\177\0151`\303\247\0334\006\303\032"
 306      C47F0D31 
 306      60C3A71B 
 306      3406C31A 
 307 09cf 23C507D3 		.ascii	"#\305\007\323s\020^\263\326\310\207\300\310uk\214\232"
 307      73105EB3 
 307      D6C887C0 
 307      C8756B8C 
 307      9A
 308 09e0 90F58036 		.ascii	"\220\365\2006\030\203\301\202\000\371wc\360\273*\211"
 308      1883C182 
 308      00F97763 
 308      F0BB2A89 
 309 09f0 24B50C8F 		.ascii	"$\265\014\217\0041\356S\216\311\246\023'e%\2110\205"
 309      0431EE53 
 309      8EC9A613 
 309      27652589 
 309      3085
 310 0a02 92797A9A 		.ascii	"\222yz\232L_l\266\204\231L\201\177\014\012^\341*y\232"
 310      4C5F6CB6 
 310      84994C81 
 310      7F0C0A5E 
ARM GAS  /var/folders/qd/4mxf5pkd0zdf0b9dd1hp39180000gn/T//ccuoAx6p.s 			page 24


 310      E12A799A 
 311 0a16 B04DA131 		.ascii	"\260M\2411\357M\301\243\242\031z\216\324b\236e\370\362"
 311      EF4DC1A3 
 311      A2197A8E 
 311      D4629E65 
 311      F8F2
 312 0a28 20A9FBCB 		.ascii	" \251\373\313Y\273\377\360_\214\241'Q"
 312      59BBFFF0 
 312      5F8CA127 
 312      51
 313              		.text
 314              		.section	.gnu.lto_.symtab.7fa550f6e14919cb,"",%progbits
 315 0000 7374496E 		.ascii	"stInit\000"
 315      697400
 316 0007 00       		.ascii	"\000"
 317 0008 00       		.ascii	"\000"
 318 0009 00       		.ascii	"\000"
 319 000a 00000000 		.ascii	"\000\000\000\000\000\000\000\000"
 319      00000000 
 320 0012 C8000000 		.ascii	"\310\000\000\000"
 321 0016 73745374 		.ascii	"stStartAlarm\000"
 321      61727441 
 321      6C61726D 
 321      00
 322 0023 00       		.ascii	"\000"
 323 0024 00       		.ascii	"\000"
 324 0025 00       		.ascii	"\000"
 325 0026 00000000 		.ascii	"\000\000\000\000\000\000\000\000"
 325      00000000 
 326 002e CC000000 		.ascii	"\314\000\000\000"
 327 0032 73745374 		.ascii	"stStopAlarm\000"
 327      6F70416C 
 327      61726D00 
 328 003e 00       		.ascii	"\000"
 329 003f 00       		.ascii	"\000"
 330 0040 00       		.ascii	"\000"
 331 0041 00000000 		.ascii	"\000\000\000\000\000\000\000\000"
 331      00000000 
 332 0049 CE000000 		.ascii	"\316\000\000\000"
 333 004d 73745365 		.ascii	"stSetAlarm\000"
 333      74416C61 
 333      726D00
 334 0058 00       		.ascii	"\000"
 335 0059 00       		.ascii	"\000"
 336 005a 00       		.ascii	"\000"
 337 005b 00000000 		.ascii	"\000\000\000\000\000\000\000\000"
 337      00000000 
 338 0063 D0000000 		.ascii	"\320\000\000\000"
 339 0067 73744765 		.ascii	"stGetAlarm\000"
 339      74416C61 
 339      726D00
 340 0072 00       		.ascii	"\000"
 341 0073 00       		.ascii	"\000"
 342 0074 00       		.ascii	"\000"
 343 0075 00000000 		.ascii	"\000\000\000\000\000\000\000\000"
 343      00000000 
 344 007d D3000000 		.ascii	"\323\000\000\000"
ARM GAS  /var/folders/qd/4mxf5pkd0zdf0b9dd1hp39180000gn/T//ccuoAx6p.s 			page 25


 345 0081 73745F6C 		.ascii	"st_lld_init\000"
 345      6C645F69 
 345      6E697400 
 346 008d 00       		.ascii	"\000"
 347 008e 02       		.ascii	"\002"
 348 008f 00       		.ascii	"\000"
 349 0090 00000000 		.ascii	"\000\000\000\000\000\000\000\000"
 349      00000000 
 350 0098 D5000000 		.ascii	"\325\000\000\000"
 351              		.text
 352              		.section	.gnu.lto_.opts,"",%progbits
 353 0000 272D666D 		.ascii	"'-fmath-errno' '-fsigned-zeros' '-ftrapping-math' '"
 353      6174682D 
 353      6572726E 
 353      6F272027 
 353      2D667369 
 354 0033 2D666E6F 		.ascii	"-fno-trapv' '-fno-openmp' '-fno-openacc' '-mcpu=cor"
 354      2D747261 
 354      70762720 
 354      272D666E 
 354      6F2D6F70 
 355 0066 7465782D 		.ascii	"tex-m0' '-mno-thumb-interwork' '-mthumb' '-O2' '-fo"
 355      6D302720 
 355      272D6D6E 
 355      6F2D7468 
 355      756D622D 
 356 0099 6D69742D 		.ascii	"mit-frame-pointer' '-falign-functions=16' '-ffuncti"
 356      6672616D 
 356      652D706F 
 356      696E7465 
 356      72272027 
 357 00cc 6F6E2D73 		.ascii	"on-sections' '-fdata-sections' '-fno-common' '-flto"
 357      65637469 
 357      6F6E7327 
 357      20272D66 
 357      64617461 
 358 00ff 2700     		.ascii	"'\000"
 359              		.text
 360              		.comm	__gnu_lto_v1,1,1
 361              		.comm	__gnu_lto_slim,1,1
 362              		.ident	"GCC: (GNU Tools for Arm Embedded Processors 7-2017-q4-major) 7.2.1 20170904 (release) [ARM
ARM GAS  /var/folders/qd/4mxf5pkd0zdf0b9dd1hp39180000gn/T//ccuoAx6p.s 			page 26


DEFINED SYMBOLS
                            *ABS*:0000000000000000 st.c
                            *COM*:0000000000000001 __gnu_lto_v1
                            *COM*:0000000000000001 __gnu_lto_slim

NO UNDEFINED SYMBOLS
