ARM GAS  /var/folders/qd/4mxf5pkd0zdf0b9dd1hp39180000gn/T//ccOuVrWU.s 			page 1


   1              		.cpu cortex-m0
   2              		.eabi_attribute 20, 1
   3              		.eabi_attribute 21, 1
   4              		.eabi_attribute 23, 3
   5              		.eabi_attribute 24, 1
   6              		.eabi_attribute 25, 1
   7              		.eabi_attribute 26, 1
   8              		.eabi_attribute 30, 2
   9              		.eabi_attribute 34, 0
  10              		.eabi_attribute 18, 4
  11              		.file	"st_lld.c"
  12              		.section	.gnu.lto_.profile.57627815f519be38,"",%progbits
  13 0000 789C6363 		.ascii	"x\234cc```\001bF\006+Y\000\001\011\000c"
  13      60606001 
  13      6246062B 
  13      59000109 
  13      0063
  14              		.text
  15              		.section	.gnu.lto_.icf.57627815f519be38,"",%progbits
  16 0000 789C6363 		.ascii	"x\234cc``\340c@\000&\206\371\013V\314\343a|<{\303d^"
  16      6060E063 
  16      40002686 
  16      F90B56CC 
  16      E3617C3C 
  17 0018 06002A1F 		.ascii	"\006\000*\037\005w"
  17      0577
  18              		.text
  19              		.section	.gnu.lto_.jmpfuncs.57627815f519be38,"",%progbits
  20 0000 789C6363 		.ascii	"x\234cc``\250d@\000&\010f<\300\302\310\000\304\377\201"
  20      6060A864 
  20      40002608 
  20      663CC0C2 
  20      C800C4FF 
  21 0015 801F28C2 		.ascii	"\200\037(\3028\205\231q\375\233\235?y\273\231\34703"
  21      38859971 
  21      FD9B9D3F 
  21      79BB99E7 
  21      3033
  22 0027 3032306E 		.ascii	"020nf\224\201+\002*g``\001)Y\263\354\343\001~\220\022"
  22      6694812B 
  22      022A6760 
  22      60012959 
  22      B3ECE301 
  23 003e 46467EC6 		.ascii	"FF~\306-P%\374\020%@\351=\363{VrA\244\231\030\267B\245"
  23      2D5025FC 
  23      102540E9 
  23      3DF37B56 
  23      7241A499 
  24 0056 99C0D20C 		.ascii	"\231\300\322\014\000(Q\033\267"
  24      0028511B 
  24      B7
  25              		.text
  26              		.section	.gnu.lto_.inline.57627815f519be38,"",%progbits
  27 0000 789C6363 		.ascii	"x\234cc``pb@\000&\006\006^1F\006&\276+\376\014l\013"
  27      60607062 
  27      40002606 
  27      065E3146 
ARM GAS  /var/folders/qd/4mxf5pkd0zdf0b9dd1hp39180000gn/T//ccOuVrWU.s 			page 2


  27      0626BE2B 
  28 0018 E499C062 		.ascii	"\344\231\300b\334\014\014\214\023\374\030\271\240j\030"
  28      DC0C0C8C 
  28      13FC18B9 
  28      A06A18
  29 0027 81504406 		.ascii	"\201PD\006\250H\346\301-F\270*f\036\260n\006\000\351"
  29      A848E6C1 
  29      2D46B82A 
  29      661EB06E 
  29      0600E9
  30 003a 7C0644   		.ascii	"|\006D"
  31              		.text
  32              		.section	.gnu.lto_.pureconst.57627815f519be38,"",%progbits
  33 0000 789C6363 		.ascii	"x\234cc```\003b&\206]\214\214R\000\003\261\000\345"
  33      60606003 
  33      6226865D 
  33      8C8C5200 
  33      03B100E5 
  34              		.text
  35              		.section	.gnu.lto_Vector7C.57627815f519be38,"",%progbits
  36 0000 789C8553 		.ascii	"x\234\205SYh\023Q\024\275w\336di\226\012~\371\0210\202"
  36      59681351 
  36      14BD77DE 
  36      6469960A 
  36      7EF91130 
  37 0015 8205EDB8 		.ascii	"\202\005\355\270\024\277\374\021E\020\314\217\365GE"
  37      14BFFC11 
  37      4510CC8F 
  37      F54745
  38 0024 8AA68116 		.ascii	"\212\246\201\026S#I-\366\253\2236\265\026E\374\320\250"
  38      5323492D 
  38      F6AB9336 
  38      B51645FC 
  38      D0A8
  39 0036 65D480E0 		.ascii	"e\324\200\340\002\306\255n\251Z\307\326\272U\333\272"
  39      02C6AD6E 
  39      A95AC7D6 
  39      BA55DBBA 
  40 0046 540545A4 		.ascii	"T\005E\244\332\272Eq)\026\245\266\336;Sj\223\200\016"
  40      DABA4571 
  40      2916A5B6 
  40      DE3B536A 
  40      93800E
  41 0059 C99B79EF 		.ascii	"\311\233y\357\334{\317;\347\335g\005\200\244\014\220"
  41      DC7BCF3B 
  41      E7DD6705 
  41      80A40C90 
  42 0069 A67711FD 		.ascii	"\246w\021\375\321\002(\355\352\002\210\332%I\364x@u"
  42      D10228ED 
  42      EA0288DA 
  42      2549F478 
  42      4075
  43 007b C8FA5C50 		.ascii	"\310\372\\P]\002esYF\344\017\325\216P#\011\031kp\207"
  43      5D026573 
  43      5946E40F 
  43      D58E5023 
  43      09196B70 
ARM GAS  /var/folders/qd/4mxf5pkd0zdf0b9dd1hp39180000gn/T//ccOuVrWU.s 			page 3


  44 0090 D82DB0AD 		.ascii	"\330-\260\255a %\025\034U\351\321\367\2668\243j\375"
  44      61202515 
  44      1C55E9D1 
  44      F7B638A3 
  44      6AFD
  45 00a2 144D00C4 		.ascii	"\024M\000\304\351\317\0176c\001P\330\203\330iMl\027"
  45      E9CF0F36 
  45      630150D8 
  45      83D8694D 
  45      6C17
  46 00b4 9A409469 		.ascii	"\232@\224i\372\365~\323\353|\236J\350\245\351\300\211"
  46      FAF57ED3 
  46      EB7C9E4A 
  46      E8A5E9C0 
  46      89
  47 00c5 13675C62 		.ascii	"\023g\\b\036r\344\276\301g\247]3\016\253j\255\252\217"
  47      1E72E4BE 
  47      C167A75D 
  47      330EAB6A 
  47      ADAA8F
  48 00d8 24AD4DAA 		.ascii	"$\255M\252\036\363jB\340\005\024T\024\317\243\007\317"
  48      1EF36A42 
  48      E0051454 
  48      14CFA307 
  48      CF
  49 00e9 A1C7284E 		.ascii	"\241\307(N\321}gF\366\270\2552^\304\031&'^B+ \275y\351"
  49      D17D6746 
  49      F6B8AD32 
  49      5EC41926 
  49      275E422B 
  50 0101 D4438BAE 		.ascii	"\324C\213\256\216\2146\250\372\347\331\255\203#\223"
  50      8E8C36A8 
  50      FAE7D9AD 
  50      832393
  51 0110 5D089A90 		.ascii	"]\010\232\220%\036(\210s`\033%\221.U\207F!\361W\235"
  51      251E2888 
  51      73601B25 
  51      912E5587 
  51      4621F157 
  52 0125 0E698C25 		.ascii	"\016i\214%F\343\202K5\011+\261\244R\351\347\266\232"
  52      46E3824B 
  52      35092BB1 
  52      A452E9E7 
  52      B69A
  53 0137 DFAA5D13 		.ascii	"\337\252]\023\026Z\247\352)\254a\372S\351\324O7\353"
  53      165AA7EA 
  53      29AC61FA 
  53      53E9D44F 
  53      37EB
  54 0149 B022600B 		.ascii	"\260\"`\013z4a\203\001\254\365r*\327\247t\370\200m-"
  54      7A346183 
  54      01ACF572 
  54      2AD7A774 
  54      F8806D2D 
  55 015d EFD3F54E 		.ascii	"\357\323\365N\263\034RV\274\276\255\333\306YvCqWr\350"
  55      B31C5256 
  55      BCBEADDB 
ARM GAS  /var/folders/qd/4mxf5pkd0zdf0b9dd1hp39180000gn/T//ccOuVrWU.s 			page 4


  55      C6597643 
  55      715772E8 
  56 0171 8BC39CB2 		.ascii	"\213\303\234\262\215\354O\342\300\333\274\004\036\214"
  56      8DEC4FE2 
  56      C0DBBC04 
  56      1E8C
  57 017f D294C4E7 		.ascii	"\322\224\304\347\341\025R}\231U\023\3260\320\331\223"
  57      E115527D 
  57      995513D6 
  57      30D0D993 
  58 018f AF24D558 		.ascii	"\257$\325X\2241\007^\305\004\3561\354\306VT\210\256"
  58      9431075E 
  58      C504EE31 
  58      ECC65654 
  58      88AE
  59 01a1 6E78EB7E 		.ascii	"nx\353~\233\311&\231\204\035\243C\372$f\220Q\302kT\247"
  59      9BC92699 
  59      841DA343 
  59      FA246690 
  59      51C26B54 
  60 01b6 1F63CFDB 		.ascii	"\037c\317\333\213\306b&\352\220I\207>fo\243\020\320"
  60      8BC66226 
  60      EA904987 
  60      3E666FA3 
  60      10D0
  61 01c8 E3213F48 		.ascii	"\343!?H\301\340\273O\035\206\202\314\315%\216\260\243"
  61      C1E0BB4F 
  61      1D8682CC 
  61      CD258EB0 
  61      A3
  62 01d9 FFDEDFF5 		.ascii	"\377\336\337\365\277\373kCe\242|\007\221\265S\326G\214"
  62      BFFB6B43 
  62      65A27C07 
  62      91B553D6 
  62      478C
  63 01eb F67D7F7D 		.ascii	"\366}\177}\336=~\2361\263\235^:-\306y\306\351d\262\260"
  63      DE3D7E9E 
  63      31B39D5E 
  63      3A2DC679 
  63      C6E964B2 
  64 0200 EE0345BF 		.ascii	"\356\003E\277\350\010o0(\262\301\316\343s\312\000;\030"
  64      E8086F30 
  64      28B2C1CE 
  64      E373CA00 
  64      3B18
  65 0212 9373B0E4 		.ascii	"\223s\260\344\3025\2007\031\263dc}\253\000o1b\235\320"
  65      C2358037 
  65      19B36463 
  65      7DAB006F 
  65      31629DD0 
  66 0226 5A80B7E9 		.ascii	"Z\200\267\351,\357pW\361@\275\365\210-=\326\332\336"
  66      2CEF7057 
  66      F140BDF5 
  66      882D3DD6 
  66      DADE
  67 0238 EF9AF602 		.ascii	"\357\232\366\002\017\251\373H\245\223\023\276\235<\333"
  67      0FA9FB48 
ARM GAS  /var/folders/qd/4mxf5pkd0zdf0b9dd1hp39180000gn/T//ccOuVrWU.s 			page 5


  67      A59313BE 
  67      9D3CDB
  68 0247 EBA4EE02 		.ascii	"\353\244\356\002\274\213\323h\354D\231Z\251\356U\377"
  68      BC8BD368 
  68      EC44995A 
  68      A9EE55FF 
  69 0257 CE1FEBB3 		.ascii	"\316\037\353\263\245}\031\227f\313\340\272G\\\367\231"
  69      A57D1997 
  69      66CBE0BA 
  69      475CF799 
  70 0267 8B87CCCE 		.ascii	"\213\207\314\316s\305\251A\3561\326E\315\247\011\267"
  70      73C5A941 
  70      EE31D645 
  70      CDA709B7 
  71 0277 E95B7373 		.ascii	"\351[ss\216o\337\306\213\347\345\372\346\035\246\012"
  71      8E6FDFC6 
  71      8BE7E5FA 
  71      E61DA60A 
  72 0287 DD0C3A72 		.ascii	"\335\014:r}\233\271\001\260\2071g\256o\323\327\002>"
  72      7D9BB901 
  72      B0873167 
  72      AE6FD3D7 
  72      023E
  73 0299 60CC958D 		.ascii	"`\314\225\215}X\015\370\220\021w\206\226G\244\3451\357"
  73      7D580DF8 
  73      90117786 
  73      9647A4E5 
  73      31EF
  74 02ab F7B1E9DB 		.ascii	"\367\261\351\333\233\377\372\326k\370\366\204|\343\356"
  74      9BFFFAD6 
  74      6BF8F684 
  74      7CE3EE
  75 02ba 93FF5EC7 		.ascii	"\223\377^\307W\215\303\026\343fgZ\222\037\027\371\224"
  75      578DC316 
  75      E366675A 
  75      921F17F9 
  75      94
  76 02cb F094FCA0 		.ascii	"\360\224\374\240\233\246\211I\360\031k\023C{\321\210"
  76      9BA68949 
  76      F0196B13 
  76      437BD188 
  77 02db E5671BDD 		.ascii	"\345g\033\335V\252B\305\225\302\302\261_(\242\224\255"
  77      56AA42C5 
  77      95C2C2B1 
  77      5F28A294 
  77      AD
  78 02ec 0B2A9B42 		.ascii	"\013*\233B\341\312\210R\274\3227\177\236\262|\371\022"
  78      E1CA8852 
  78      BCD2377F 
  78      9EB27CF9 
  78      12
  79 02fd 65E5325F 		.ascii	"e\3452_\325\\%RY\022\014\226\026\372!\257$\262\256*"
  79      D55C2552 
  79      59120C96 
  79      16FA21AF 
  79      24B2AE2A 
  80 0311 505A120C 		.ascii	"PZ\022\014\317\232\230\031\330R\251,\366\025/+V\312"
ARM GAS  /var/folders/qd/4mxf5pkd0zdf0b9dd1hp39180000gn/T//ccOuVrWU.s 			page 6


  80      CF9A9819 
  80      D852A92C 
  80      F6152F2B 
  80      56CA
  81 0323 37FA839B 		.ascii	"7\372\203\233K\003\212?\024\016\224\370+\226n\336\350"
  81      4B038A3F 
  81      140E94F8 
  81      2B966EDE 
  81      E8
  82 0334 2F2C83A9 		.ascii	"/,\203\251\3314\241\010\015\341J\343\235\215\323\362"
  82      D934A108 
  82      0DE14AE3 
  82      9D8DD3F2 
  83 0344 7895B248 		.ascii	"x\225\262Hu\204\360\202,\334\334\345\242\025\276\305"
  83      7584F082 
  83      2CDCDCE5 
  83      A215BEC5 
  84 0354 BE2D1464 		.ascii	"\276-\024d\220U-\250\240H\273\177S\244\274\324[\016"
  84      90552DA8 
  84      A048BB7F 
  84      53A4BCD4 
  84      5B0E
  85 0366 B68A4045 		.ascii	"\266\212@E(\\m.\004h\341\017\302\375\334\240"
  85      285C6D2E 
  85      0468E10F 
  85      C2FDDCA0 
  86              		.text
  87              		.section	.gnu.lto_st_lld_init.57627815f519be38,"",%progbits
  88 0000 789C9D94 		.ascii	"x\234\235\224\315O\023A\030\207\347\267\263\375\240"
  88      CD4F1341 
  88      1887E7B7 
  88      B3FDA0
  89 000f 08C49B89 		.ascii	"\010\304\233\211=x\361\200\0076\325\177\301\213\011"
  89      3D78F180 
  89      0736D57F 
  89      C18B09
  90 001e C4835C8D 		.ascii	"\304\203\\\2151\232\350\201\004#\304\243]\300R\024b"
  90      319AE881 
  90      0423C4A3 
  90      5DC05214 
  90      62
  91 002f D408265A 		.ascii	"\324\010&Z\240\211F\203\021\313\247R(\262\326\012*P"
  91      A0894683 
  91      11CBA752 
  91      28B2D60A 
  91      2A50
  92 0041 1041113C 		.ascii	"\020A\021<y\000\024B4\02241\202\357;[Z\242':\351nwg"
  92      79001442 
  92      34123431 
  92      82EF3B5B 
  92      5AA2273A 
  93 0059 669F677E 		.ascii	"f\237g~\263;\343\024B\324;\204\360\321\377^: \005\264"
  93      B33BE314 
  93      42D43B84 
  93      F0D1FF5E 
  93      3A2005B4 
  94 006d 6B4921AA 		.ascii	"kI!\252\334\032\300\027\246\033\302\257\301\217\006"
ARM GAS  /var/folders/qd/4mxf5pkd0zdf0b9dd1hp39180000gn/T//ccOuVrWU.s 			page 7


  94      DC1AC017 
  94      A61BC2AF 
  94      C18F06
  95 007c 7953221E 		.ascii	"yS\"\036\\\210j\205\017L*\326\255\256\374Z3\260'$\205"
  95      5C886A85 
  95      0F4C2AD6 
  95      ADAEFC5A 
  95      33B02724 
  96 0091 68A2830B 		.ascii	"h\242\203\013\272Q(\250\333\347\316\215\306<\247n\327"
  96      BA5128A8 
  96      DBE7CE8D 
  96      C63CA76E 
  96      D7
  97 00a2 A3074E01 		.ascii	"\243\007N\001\272\210L9,sc3hZ\211\273\030<\272\033\""
  97      BA884C39 
  97      2C736333 
  97      685A89BB 
  97      183CBA1B 
  98 00b7 24A1F149 		.ascii	"$\241\361I\362I\347\223\020u\364\014\211MK\\\226\032"
  98      F249E793 
  98      1075F40C 
  98      894D4B5C 
  98      961A
  99 00c9 5FD558E2 		.ascii	"_\325X\342+\342\375_Z\3170\351\266\004\011\232\002\361"
  99      2BE2FD5F 
  99      5ACF30E9 
  99      B604099A 
  99      02F1
 100 00db 0957BD0C 		.ascii	"\011W\275\014I\015\354\233\217\214/\273\355[3\\g\352"
 100      490DEC9B 
 100      8F8C2FBB 
 100      ED5B335C 
 100      67EA
 101 00ed 54752FD2 		.ascii	"Tu/\322y\007a\264T\321P\367\205\244\304\023x\321\013"
 101      790761B4 
 101      54D150F7 
 101      85A4C413 
 101      78D10B
 102 0100 AFE0FE37 		.ascii	"\257\340\3767\272\247\217\033\355\346%\204\244\216\247"
 102      BAA78F1B 
 102      EDE62584 
 102      A48EA7
 103 010f D4AD5105 		.ascii	"\324\255Q\005@\037\014r\325\374\252\205\255\322l[Ob"
 103      401F0C72 
 103      D5FCAA85 
 103      ADD26C5B 
 103      4F62
 104 0121 A456E141 		.ascii	"\244V\341A%J\014\032\317\364\025\325gG\246\376\214i"
 104      254A0C1A 
 104      CFF415D5 
 104      6747A6FE 
 104      8C69
 105 0133 0006E155 		.ascii	"\000\006\341U\260\266\207.\333&\267\007s\250`\2153\213"
 105      B0B6872E 
 105      DB26B707 
 105      73A8608D 
 105      338B
ARM GAS  /var/folders/qd/4mxf5pkd0zdf0b9dd1hp39180000gn/T//ccOuVrWU.s 			page 8


 106 0145 EBB9F6AD 		.ascii	"\353\271\366\255\331\021P\301V\257\257's3:'\006I\027"
 106      D91150C1 
 106      56AFAF27 
 106      73333A27 
 106      064917
 107 0158 4BE95AAE 		.ascii	"K\351Z\256\016\377\310K\373\236)\037O=\206\376I\246"
 107      0EFFC84B 
 107      FB9E291F 
 107      4F3D86FE 
 107      49A6
 108 016a 93EEFF28 		.ascii	"\223\356\377(;`[\031\366s\316\2423im\251=\230\237b\245"
 108      3B605B19 
 108      F673CEA2 
 108      33696DA9 
 108      3D989F62 
 109 017f 93B85492 		.ascii	"\223\270T\222d\373\317o\036\373\226\277\036N\022n^\314"
 109      64FBCF6F 
 109      1EFB96BF 
 109      1E4E126E 
 109      5ECC
 110 0191 49C9C217 		.ascii	"I\311\302\027\351\345\273\361\202t\361\224.\2700:\231"
 110      E9E5BBF1 
 110      8274F194 
 110      2EB8303A 
 110      99
 111 01a2 CFBA2A1E 		.ascii	"\317\272*\036\212\216\204\022j,|\011\203:$\352\347>"
 111      8A8E8412 
 111      6A2C7C09 
 111      833A24EA 
 111      E73E
 112 01b4 81893A86 		.ascii	"\201\211:\206\366c\330\316\262\266\3648=\202\235\361"
 112      F663D8CE 
 112      B2B6F438 
 112      3D829DF1 
 113 01c4 47145F7D 		.ascii	"G\024_}\260\257\024\1779\3261\353\260\371\233T\012\360"
 113      B0AF147F 
 113      39D631EB 
 113      B0F99B54 
 113      0AF0
 114 01d6 7A4B11C9 		.ascii	"zK\021\311R\361F)tV\214*Ez\216t\010\214m\341\373\262"
 114      52F14629 
 114      74568C2A 
 114      457A8E74 
 114      088C6DE1 
 115 01ec C2E7605C 		.ascii	"\302\347`\\\341i5s\243\325P\335\346\362E\2701\334\245"
 115      E1693573 
 115      A3D550DD 
 115      E6F245B8 
 115      31DCA5
 116 01ff DE581206 		.ascii	"\336X\022\006\016x\325\3277\001_F\027\3152\315\244\322"
 116      0E78D5D7 
 116      37015F46 
 116      17CD32CD 
 116      A4D2
 117 0211 3999F796 		.ascii	"9\231\367\226\320i^\177\226\274)\305s1\357\335v\336"
 117      D0695E7F 
 117      96BC29C5 
ARM GAS  /var/folders/qd/4mxf5pkd0zdf0b9dd1hp39180000gn/T//ccOuVrWU.s 			page 9


 117      7331EFDD 
 117      76DE
 118 0223 4096BC69 		.ascii	"@\226\274i\305s3oF\315vop\254\323c\3176\360~\013\037"
 118      C573336F 
 118      46CD766F 
 118      70ACD363 
 118      CF36F07E 
 119 0239 CB12FF41 		.ascii	"\313\022\377A\341s\030?K\303e\336\012\002\341\315f\251"
 119      E173183F 
 119      4BC365DE 
 119      0A02E1CD 
 119      66A9
 120 024b 363C7A22 		.ascii	"6<z\"\032]\231w\371\377\230\356\220\3644\361R\301G\370"
 120      1A5D9977 
 120      F9FF98EE 
 120      90F434F1 
 120      52C147F8 
 121 025f B9E1D1FD 		.ascii	"\271\341\321\375\357V\001\017$\027\005\230\203\227\252"
 121      EF56010F 
 121      24170598 
 121      8397AA
 122 026e 62AD0D6D 		.ascii	"b\255\015m\036\273J\303<\274!\271K\254\242:\374\273"
 122      1EBB4AC3 
 122      3CBC21B9 
 122      4BACA23A 
 122      FCBB
 123 0280 45AD4DB5 		.ascii	"E\255M\265\273\326\021\203\366CZ\002FQQ\352W^a\234="
 123      BBD61183 
 123      F6435A02 
 123      465151EA 
 123      575E619C 
 124 0295 59669C2B 		.ascii	"Yf\234+?_Ya\034+-9t\320(.>l\224\036)\271\3403**O\224"
 124      3F5F5961 
 124      1C2B2D39 
 124      74D0282E 
 124      3E6C941E 
 125 02b1 959D2E3A 		.ascii	"\225\235.:%\376\002\341\002\331\350"
 125      25FE02E1 
 125      02D9E8
 126              		.text
 127              		.section	.gnu.lto_.symbol_nodes.57627815f519be38,"",%progbits
 128 0000 789C55C8 		.ascii	"x\234U\310\273\011\200@\020\204\341\231[\3176lE+\333"
 128      BB098040 
 128      1084E199 
 128      5BCF366C 
 128      452BDB
 129 0013 0B44C1C8 		.ascii	"\013D\301\310\"\354\300'\306\306\326``(\330\201\270"
 129      22ECC027 
 129      C6C6D660 
 129      6028D881 
 129      B8
 130 0024 1879C1F0 		.ascii	"\030y\301\360\017_\012\240\261\301\365T\240\335\001"
 130      0F5F0AA0 
 130      B1C1F554 
 130      A0DD01
 131 0033 CB1A0A93 		.ascii	"\313\032\012\223\201\312H8Q\335'@\010\271\301L\225\010"
 131      81CA4838 
ARM GAS  /var/folders/qd/4mxf5pkd0zdf0b9dd1hp39180000gn/T//ccOuVrWU.s 			page 10


 131      51DD2740 
 131      08B9C14C 
 131      9508
 132 0045 466A12C1 		.ascii	"Fj\022\301B\365\177\020$\350\216\207b\257\254n/p\330"
 132      42F57F10 
 132      24E88E87 
 132      62AFAC6E 
 132      2F70D8
 133 0058 AA2B137A 		.ascii	"\252+\023z\234\365\225\341\005G\036\"x"
 133      9CF595E1 
 133      05471E22 
 133      78
 134              		.text
 135              		.section	.gnu.lto_.refs.57627815f519be38,"",%progbits
 136 0000 789C6363 		.ascii	"x\234cc```\004b\006\000\000D\000\010"
 136      60606004 
 136      62060000 
 136      440008
 137              		.text
 138              		.section	.gnu.lto_.decls.57627815f519be38,"",%progbits
 139 0000 789CC558 		.ascii	"x\234\305XkPTG\026\236\276=\014\303\014\2405Z)w\313"
 139      6B505447 
 139      169EBE3D 
 139      0CC30CA0 
 139      355A2977 
 140 0015 AAA4526E 		.ascii	"\252\244Rn\311n\"#\350nR\251T*:bbUHR\203\331\332\344"
 140      C96E2223 
 140      E86E52A9 
 140      542A3A62 
 140      62554852 
 141 002d CF848C63 		.ascii	"\317\204\214c\230\3150C\230\301Mj\177\354E\300(\370"
 141      98CD3043 
 141      98C14D6A 
 141      7FEC45C0 
 141      28F8
 142 003f 402546F1 		.ascii	"@%F\361\005\276\225\207\030EDP\036\243\200<|\240\242"
 142      05BE9587 
 142      18454450 
 142      1EA3803C 
 142      7CA0A2
 143 0052 A220E203 		.ascii	"\242 \342\003\324\250\200\012*Q\366t\367\275\334;\227"
 143      D4A8800A 
 143      2A51F674 
 143      F7BDDC3B 
 143      97
 144 0063 21C956ED 		.ascii	"!\311V\355\326\336\342\314\275\247\357\327_\237>\347"
 144      D6DEE2CC 
 144      BDA7EFD7 
 144      5F9F3EE7 
 145 0073 DCEED368 		.ascii	"\334\356\323hT*U\311\357T\252\200\000\225*\016\251T"
 145      542A55C9 
 145      EF54AA80 
 145      00952A0E 
 145      A954
 146 0085 43706168 		.ascii	"Cpah\253\002\341@>\0059\242b\227\006\3448H-\310I\220"
 146      AB02E140 
 146      3E0539A2 
ARM GAS  /var/folders/qd/4mxf5pkd0zdf0b9dd1hp39180000gn/T//ccOuVrWU.s 			page 11


 146      629706E4 
 146      38482DC8 
 147 009b D3202D20 		.ascii	"\323 - \227U#\257\014\340\032\013\367\317A\014 \343"
 147      975523AF 
 147      0CE01A0B 
 147      F7CF410C 
 147      20E3
 148 00ad 41EA4126 		.ascii	"A\352A&\203\\\021x\317\203\274\002\270\227A:\341\371"
 148      835C1178 
 148      CF83BC02 
 148      B897413A 
 148      E1F9
 149 00bf 4F707F0D 		.ascii	"Op\177\015\344\030<\277\016\367&\270\303M\025\014?c"
 149      E4183CBF 
 149      0EF726B8 
 149      C34D150C 
 149      3F63
 150 00d1 84B1C978 		.ascii	"\204\261\311x\341\240O\005\211\004\231\016\362&\310"
 150      E1A04F05 
 150      8904990E 
 150      F226C8
 151 00e0 5B88D9F3 		.ascii	"[\210\331\3636\334\337\001y\027d&H\024b\266*\257\025"
 151      36DCDF01 
 151      79176426 
 151      481462B6 
 151      2AAF15
 152 00f3 D01E22D8 		.ascii	"\320\036\"\330Gl\"s\237/\330\221\004w7\222l\353\201"
 152      476C2273 
 152      9F2FD891 
 152      04773792 
 152      6CEB81
 153 0106 B60588F9 		.ascii	"\266\005\210\371\241\025D\007\362\011\350.\220\211 "
 153      A1154407 
 153      F209E82E 
 153      908920
 154 0115 81205A10 		.ascii	"\201 Z\020\035\210\236\330\012\362{\020\003b>\254\035"
 154      1D889ED8 
 154      0AF27B10 
 154      03623EAC 
 154      1D
 155 0126 C5475918 		.ascii	"\305GY\030\265\325\355\316\303\031\030M\326!\342\371"
 155      B5D5EDCE 
 155      C319184D 
 155      D621E2F9 
 156 0136 31D0B4F7 		.ascii	"1\320\264\367\247\322\247!\254\211 *\233\332^h0G\237"
 156      A7D2A721 
 156      AC89202A 
 156      9BDA5E68 
 156      30479F
 157 0149 0B5A6FEE 		.ascii	"\013Zo\356D\341\371<\273\264v\025*FX\244j^\321\267-"
 157      44E1F93C 
 157      BBB47615 
 157      2A4658A4 
 157      6A5ED1B7 
 158 015e 10BF4581 		.ascii	"\020\277E\201gR\2136\020Z\203\016\251A\355m\312\276"
 158      67528B36 
 158      105A830E 
ARM GAS  /var/folders/qd/4mxf5pkd0zdf0b9dd1hp39180000gn/T//ccOuVrWU.s 			page 12


 158      A941ED6D 
 158      CABE
 159 0170 1E0AEA78 		.ascii	"\036\012\352x\035z%\013sW/\015^\011E\272\260\305<\277"
 159      1D7A250B 
 159      73572F0D 
 159      5E0945BA 
 159      B0C53CBF 
 160 0184 90CF49E1 		.ascii	"\220\317I\341\203\336W\241R4\021\035B\023U\250\014\205"
 160      83DE57A1 
 160      5234111D 
 160      421355A8 
 160      0C85
 161 0196 91A10FA2 		.ascii	"\221\241\017\242p\025:\000\215\373\241q\007\031\256"
 161      70153A00 
 161      8DFBA171 
 161      0719AE
 162 01a5 F2C1DA77 		.ascii	"\362\301\332w\326\365\361\374+\3500\322\241\022\204"
 162      D6F5F1FC 
 162      2BE830D2 
 162      A11284
 163 01b4 29062234 		.ascii	")\006\"4Y\307\014\330\275m\345\026\015\276\204\210\005"
 163      59C70CD8 
 163      BD6DE516 
 163      0DBE8488 
 163      05
 164 01c5 5CD9FA9B 		.ascii	"\\\331\372\233\307\271\321\3068:\352\030\027\312_\255"
 164      C7B9D1C6 
 164      383AEA18 
 164      17CA5FAD 
 165 01d5 49E3790E 		.ascii	"I\343y\016\035\2011\312\2451`Hr\203V\030\250\264z\321"
 165      1D8131CA 
 165      A5316048 
 165      72835618 
 165      A8B47AD1 
 166 01e9 9990ABA8 		.ascii	"\231\220\253\250\015\201s\321X:\177\204\330/\334\211"
 166      0D8173D1 
 166      583A7F84 
 166      D82FDC89 
 167 01f9 507D48BC 		.ascii	"P}H\274\020k\207V\216\335\004(Q\304.\3023\374r\002\007"
 167      106B8756 
 167      8EDD0428 
 167      51C42EC2 
 167      33FC7202 
 168 020e 27F2D23F 		.ascii	"'\362\322?\201\000\311Y\331{6\234x\251Dzf\226\330O\305"
 168      8100C959 
 168      D97B369C 
 168      78A9447A 
 168      6696D84F 
 169 0223 287D0793 		.ascii	"(}\007\223u\362\261U5\374z\330Li\222H\010\367\341\334"
 169      75F2B155 
 169      35FC7AD8 
 169      4C699248 
 169      08F7E1DC 
 170 0237 C22E7507 		.ascii	"\302.u\007j\007}\266J\225\251\215\247\2559\253\267\357"
 170      6A077DB6 
 170      4A95A98D 
 170      A7AD39AB 
ARM GAS  /var/folders/qd/4mxf5pkd0zdf0b9dd1hp39180000gn/T//ccOuVrWU.s 			page 13


 170      B7EF
 171 0249 D6E1BB2C 		.ascii	"\326\341\273,]\216\017\015T\216aY\300\221\004\351i\334"
 171      5D8E0F0D 
 171      548E6159 
 171      C09104E9 
 171      69DC
 172 025b A8675930 		.ascii	"\250gY0\026\324\374\245CY\001\023\326\020\267g\246\360"
 172      16D4FCA5 
 172      43590113 
 172      D610B767 
 172      A6F0
 173 026d 6339F4F9 		.ascii	"c9\364\371K\310\013\301\250\206`\250\32014\001~\235"
 173      4BC80BC1 
 173      A88660A8 
 173      D0313401 
 173      7E9D
 174 027f 6A36D8E5 		.ascii	"j6\330\345\226\206~\375\2539|N\007_\331\325>\275\240"
 174      96867EFD 
 174      AB397C4E 
 174      075FD9D5 
 174      3EBDA0
 175 0292 7A117F1A 		.ascii	"z\021\177\032\372\275Kq\250J\212S\025\311GT\211:\020"
 175      FABD4B71 
 175      A84A8A53 
 175      15C94754 
 175      893A10
 176 02a5 AA4057C1 		.ascii	"\252@W\301\362\343\350U\222\200K\037\344\214\301\333"
 176      F2E3E855 
 176      92804B1F 
 176      E48CC1DB 
 177 02b5 30CBE87D 		.ascii	"0\313\350}+\016p\002\331\311\322\340l\276r!OBN\250j"
 177      2B0E7002 
 177      D9C9D2E0 
 177      6CBE7221 
 177      4F424EA8 
 178 02ca 24AA1A25 		.ascii	"$\252\032%U-\245\272\332\363\260V\217\213\030\325\346"
 178      552DA5BA 
 178      DAF3B056 
 178      8F8B18D5 
 178      E6
 179 02db 2BBD0581 		.ascii	"+\275\005\201\330K\025\256e\250\273[\207\202\303\322"
 179      D84B15AE 
 179      65A8BB5B 
 179      8782C3D2 
 180 02eb 87538E4C 		.ascii	"\207S\216Li8\351\032 \351,\301\002;\313\266\256\247"
 180      6938E91A 
 180      20E92CC1 
 180      023BCBB6 
 180      AEA7
 181 02fd D3371C25 		.ascii	"\3237\034%\031]\217\202\321\011ihK0\233\366\212S\351"
 181      195D8F82 
 181      D1096968 
 181      4B309BF6 
 181      8A53E9
 182 0310 67D56A92 		.ascii	"g\325j\222e\004\000\316\200\266\222\025\2132\320\250"
 182      650400CE 
 182      80B69215 
ARM GAS  /var/folders/qd/4mxf5pkd0zdf0b9dd1hp39180000gn/T//ccOuVrWU.s 			page 14


 182      8B32D0A8 
 183 0320 6E6BA26E 		.ascii	"nk\242nkD\202\337\216^?\337\025\010S\355 \251\375b\372"
 183      6B4482DF 
 183      8E5E3FDF 
 183      150853ED 
 183      20A9FD62 
 184 0335 89A26E7E 		.ascii	"\211\242n~\261\216\242P\2354\\\235\360\021\243\223t"
 184      B18EA250 
 184      9D345C9D 
 184      F011A393 
 184      74
 185 0346 864B4ABC 		.ascii	"\206KJ\274\3130\336\240\2463\254/~\330\210\004\206\301"
 185      CB30DEA0 
 185      A633AC2F 
 185      7ED88804 
 185      86C1
 186 0358 65F8D089 		.ascii	"e\370\320\211E\225\0373\257\237\222\010N\211\004\247"
 186      45951F33 
 186      AF9F9208 
 186      4E8904A7 
 187 0368 29C1C1DC 		.ascii	")\301\301\334\216\264 |\212\0214\355\275\235\241\301"
 187      8EB4207C 
 187      8A1134ED 
 187      BD9DA1C1 
 188 0378 DD4C295A 		.ascii	"\335L)Z\177\253>\020&\204\232i\017h)\314\037,\322\321"
 188      7FAB3E10 
 188      26849A69 
 188      0F6829CC 
 188      1F2CD2D1 
 189 038c 297EAA13 		.ascii	")~\252\023f\230\223\235Q\024\"\237!xM\232\341y:\303"
 189      6698939D 
 189      5114229F 
 189      21784D9A 
 189      E1793AC3 
 190 03a0 73E20C93 		.ascii	"s\342\014\223\373\177\310\345\230}9\331\374\314\205"
 190      FB7FC8E5 
 190      987D39D9 
 190      FCCC85
 191 03af FC52BE72 		.ascii	"\374R\276r\027GP\350\214h :\213\324Dc6\266P\033\327"
 191      174750E8 
 191      8C68203A 
 191      8BD44463 
 191      36B6501B 
 192 03c4 9FEBDCCA 		.ascii	"\237\353\334\312\341{\314\254\332]\305U\210\032A>{f"
 192      E17BCCAC 
 192      DA5DC555 
 192      881A413E 
 192      7B66
 193 03d6 45C3C0CE 		.ascii	"E\303\300\316\012\365p\333ED\033{\217\266\257\341Fu"
 193      0AF570DB 
 193      45441B7B 
 193      8FB6AFE1 
 193      4675
 194 03e8 7E2B35ED 		.ascii	"~+5\355\222h\332\266\0377\344\005\013\256{\270\031o"
 194      9268DAB6 
 194      1F37E405 
 194      0BAE7BB8 
ARM GAS  /var/folders/qd/4mxf5pkd0zdf0b9dd1hp39180000gn/T//ccOuVrWU.s 			page 15


 194      196F
 195 03fa F252D701 		.ascii	"\362R\327\001\010]\220\\wA4\35325+'9\343l@\260,\203"
 195      085D905C 
 195      774134EB 
 195      32352B27 
 195      39E36C40 
 196 0411 C844C414 		.ascii	"\310D\304\024R\241+(\230\202\341NR\341\332\367\025A"
 196      52A12B28 
 196      9882E14E 
 196      52E1DAF7 
 196      1541
 197 0423 ECFBBA48 		.ascii	"\354\373\272H\006\314.{T\037\300t-y}?\257$\204}o\225"
 197      06CC2E7B 
 197      541FC074 
 197      2D797D3F 
 197      AF24847D 
 198 0439 E4F5D95B 		.ascii	"\344\365\331[\271\251\301\354\365i\242{[j{\324xO\000"
 198      B9A9C1EC 
 198      F569A27B 
 198      5B6A7BD4 
 198      784F00
 199 044c 75C1DAE6 		.ascii	"u\301\332\346}Q:X,S~\323b\011\035\032\033\007\233\002"
 199      7D513A58 
 199      2C537ED3 
 199      62091D1A 
 199      1B079B02 
 200 0460 7011EB9D 		.ascii	"p\021\353\235q\274\270FX\357\353\210\236u\330[\246\307"
 200      71BCB846 
 200      58EFEB88 
 200      9E75D85B 
 200      A6C7
 201 0472 FBD9CBEB 		.ascii	"\373\331\313\353\351\235^\015>\304\024\321(\203`\324"
 201      E99D5E0D 
 201      3EC414D1 
 201      288360D4 
 202 0482 E6CB8FEB 		.ascii	"\346\313\217\353\021.g/\313J\312k\204\011L\225-\030"
 202      112E672F 
 202      CB4ACA6B 
 202      84094C95 
 202      2D18
 203 0494 06B6601C 		.ascii	"\006\266`\034\274u\242F\307\346\303#\320\2174_y\027"
 203      BC75A246 
 203      C7E6C323 
 203      D08F345F 
 203      7917
 204 04a6 57B19ED5 		.ascii	"W\261\236\325}E;\205\271aP;2\275Cc\310tx\301\215\320"
 204      7D453B85 
 204      B961503B 
 204      32BD4363 
 204      C87478C1 
 205 04bc 2E79F13E 		.ascii	".y\361>Y\314\221q\"\272\307\246\3628\263h\266!\223\006"
 205      59CC9171 
 205      22BAC7A6 
 205      F238B368 
 205      B6219306 
 206 04d0 15D61435 		.ascii	"\025\326\0245\015\370]@\337\241\350\007\310 \366\241"
 206      0DF85D40 
ARM GAS  /var/folders/qd/4mxf5pkd0zdf0b9dd1hp39180000gn/T//ccOuVrWU.s 			page 16


 206      DFA1E807 
 206      C820F6A1 
 207 04e0 09776D7B 		.ascii	"\011wm{{\250\034\335\371K\350\302\255\333\177\320\341"
 207      7BA81CDD 
 207      F94BE8C2 
 207      ADDB7FD0 
 207      E1
 208 04f1 E3CCC8F5 		.ascii	"\343\314\310\365\017\333n\013\361\012\003uG\177Y\212"
 208      0FDB6E0B 
 208      F10A0375 
 208      477F598A 
 209 0501 169F60EF 		.ascii	"\026\237`\357V\037\335\330\024\210\233\230\"\356\227"
 209      561FDDD8 
 209      14889B98 
 209      22EE97
 210 0510 06BA5FA2 		.ascii	"\006\272_\242\205\027f\3423\354M\305\312Um\010\237g"
 210      851766E2 
 210      33EC4DC5 
 210      CA556D08 
 210      9F67
 211 0522 CAFDD49B 		.ascii	"\312\375\324\233\035\202\177&\200\372}\303\335\311\270"
 211      1D827F26 
 211      80FA7DC3 
 211      DDC9B8
 212 0531 95BD7A51 		.ascii	"\225\275zQ\347\235\214;\330s\315\301];\021\276\305\224"
 212      E79D8C3B 
 212      D873CDC1 
 212      5D3B11BE 
 212      C594
 213 0543 BEEC9ABB 		.ascii	"\276\354\232\273:|\207)9\315\033\016i\361=\246\354x"
 213      3A7C8729 
 213      39CD1B0E 
 213      69F13DA6 
 213      EC78
 214 0555 B2664730 		.ascii	"\262fG0\356c\312\271\322\363\213\365x\200)\213\367\355"
 214      EE63CAB9 
 214      D2F38BF5 
 214      7880298B 
 214      F7ED
 215 0567 5BABC783 		.ascii	"[\253\307\203LYXvi\245\260\250w\020\375\306\366\033"
 215      4C595876 
 215      69A5B0A8 
 215      7710FDC6 
 215      F61B
 216 0579 39414254 		.ascii	"9ABT4\240\24777\016 <\304\300+{\372VkF\215C*'\304a*"
 216      34A0A737 
 216      370E203C 
 216      C4C02B7B 
 216      FA566B46 
 217 0594 0D4349F1 		.ascii	"\015CI\361\326\007Ze\034\256\002\272\235\242\3238\203"
 217      D6075A65 
 217      1CAE02BA 
 217      9DA2D338 
 217      83
 218 05a5 D887A08F 		.ascii	"\330\207\240\217\035;\362\034)\3430\032\372\245\312"
 218      1D3BF21C 
 218      29E3301A 
ARM GAS  /var/folders/qd/4mxf5pkd0zdf0b9dd1hp39180000gn/T//ccOuVrWU.s 			page 17


 218      FAA5CA
 219 05b4 EF72D2F4 		.ascii	"\357r\322\364h\022\273\306M\022\2570\362\263\205OM\201"
 219      6812BBC6 
 219      4D12AF30 
 219      F2B3854F 
 219      4D81
 220 05c6 B5B80EB7 		.ascii	"\265\270\016\267\026,_\306\347T#J\365\020\276\321\345"
 220      162C5FC6 
 220      E754234A 
 220      F510BED1 
 220      E5
 221 05d7 DC38E93B 		.ascii	"\3348\351;\350\243\274\245\344W\305\272\334q\300\336"
 221      E8A3BCA5 
 221      E457C5BA 
 221      DC71C0DE 
 222 05e7 918A29FC 		.ascii	"\221\212)\374\231\022\376\204\302#$t\275\014\375B\211"
 222      9912FE84 
 222      C2232474 
 222      BD0CFD42 
 222      89
 223 05f8 6EF74127 		.ascii	"n\367A'\363\225\235\361\311\024\335\203\014\350'\001"
 223      F3959DF1 
 223      C914DD83 
 223      0CE82701 
 224 0608 2D6619BA 		.ascii	"-f\031\272=\302\224f\031\371s\377\344rx\253\014\376"
 224      3DC29466 
 224      19F973FF 
 224      E47278AB 
 224      0CFE
 225 061a B3127E47 		.ascii	"\263\022~Gi\371\263x\011}S\211\276!#_)D\203\207%\020"
 225      69F9B378 
 225      097D5389 
 225      BE21235F 
 225      29448387 
 226 0630 2DE426A2 		.ascii	"-\344&\242d\216\274$xX>\320Z.\014\255\342&\241\025 "
 226      648EBC24 
 226      78583ED0 
 226      5A2E0CAD 
 226      E226A115 
 227 0645 4B403240 		.ascii	"K@2@\226\202d\203,\006\311\004\311\002Y\015\262\001"
 227      96826483 
 227      2C06C904 
 227      C902590D 
 227      B201
 228 0657 E43B90F5 		.ascii	"\344;\220\365 \351 k@V\202,\003Y\007\362=\310\017\334"
 228      20E9206B 
 228      4056822C 
 228      035907F2 
 228      3DC80FDC 
 229 066b 24BA7632 		.ascii	"$\272v2+\253es\032RZiTz\240O\206~\352?v>p\231\013n\371"
 229      2BAB6573 
 229      1A525A69 
 229      547AA04F 
 229      867EEA3F 
 230 0686 7781DC61 		.ascii	"w\201\334a_Ih\236\363g\212\014\\-\243\356WR?\036a\311"
 230      5F49689E 
 230      F3678A0C 
ARM GAS  /var/folders/qd/4mxf5pkd0zdf0b9dd1hp39180000gn/T//ccOuVrWU.s 			page 18


 230      5C2DA3EE 
 230      57523F1E 
 231 069c 3399E103 		.ascii	"3\231\341\003\376\341\362\244sJ\350kJt\307\310\214\226"
 231      FEE1F2A4 
 231      734AE86B 
 231      4A74C7C8 
 231      8C96
 232 06ae D9D2AD84 		.ascii	"\331\322\255\204w\371\302!?\233\235,I\027q\006\224\""
 232      77F9C221 
 232      3F9B9D2C 
 232      49177106 
 232      9422
 233 06c0 CC53FC04 		.ascii	"\314S\374\004\241<\036\266\205U;\375w\015\311\220\032"
 233      A13C1EB6 
 233      85553BFD 
 233      770DC990 
 233      1A
 234 06d1 04A512B6 		.ascii	"\004\245\022\266?)z5\367\015[S\370\272\251t\350\353"
 234      3F297A35 
 234      F70D5B53 
 234      F8BAA974 
 234      E8EB
 235 06e3 FE2D95CD 		.ascii	"\376-\225\315\253S\346\205A\377\011\354\223\357\262"
 235      AB53E685 
 235      41FF09EC 
 235      93EFB2
 236 06f2 79F52AE1 		.ascii	"y\365*\341\267G8M\206~\344\177\031\240hr~jl\331\025"
 236      B747384D 
 236      867EE47F 
 236      19A06872 
 236      7E6A6CD9 
 237 0707 8A4B34B4 		.ascii	"\212K4\264\000,^|)\177\014\012\033\307\246\333~_\003"
 237      002C5E7C 
 237      297F0C0A 
 237      1BC7A6DB 
 237      7E5F03
 238 071a 6724B419 		.ascii	"g$\264\031:o\344\206\367{2\371Q>\024\264\011\276\217"
 238      3A6FE486 
 238      F77B32F9 
 238      513E14B4 
 238      09BE8F
 239 072d FFF5B742 		.ascii	"\377\365\267B*\367\212\334\022\265\274\306\330,\233"
 239      2AF78ADC 
 239      12B5BCC6 
 239      D82C9B
 240 073c 9F0AE570 		.ascii	"\237\012\345p\254\306\200;Y\336\007\013\016\013[\021"
 240      ACC6803B 
 240      59DE070B 
 240      0E0B5B11 
 241 074c 59DD2B1A 		.ascii	"Y\335+\032S\313\365\243.\350[\304\005=\227\243+\372"
 241      53CBF5A3 
 241      2EE85BC4 
 241      053D97A3 
 241      2BFA
 242 075e A3F4B401 		.ascii	"\243\364\264\001\241,\010\004u\327\255\015\313\203\331"
 242      A12C0804 
 242      75D7AD0D 
ARM GAS  /var/folders/qd/4mxf5pkd0zdf0b9dd1hp39180000gn/T//ccOuVrWU.s 			page 19


 242      CB83D9
 243 076d 56F126A8 		.ascii	"V\361&\250\347\237\034y\026\214\275\324w\352\374\224"
 243      E79F1C79 
 243      168CBDD4 
 243      77EAFC94 
 244 077d 3D3D6A14 		.ascii	"==j\0246\021\001\031\322\355\020\217\230*\264\233\323"
 244      36110119 
 244      D2ED108F 
 244      982AB49B 
 244      D3
 245 078e A1ED1C16 		.ascii	"\241\355\034\026\317\254\331<\014\336\363/\322\014\317"
 245      CFACD93C 
 245      0CDEF32F 
 245      D20CCF
 246 079d 5A7AA767 		.ascii	"Zz\247g<~+\217'\250\3204\272\233\240\035\340\276\335"
 246      3C7E2B8F 
 246      27A8D034 
 246      BA9BA01D 
 246      E0BEDD
 247 07b0 D49A5DE0 		.ascii	"\324\232]\340\335\235\314\234\274\316\254\006\331\226"
 247      DD9DCC9C 
 247      BCCEAC06 
 247      D996
 248 07be 8128F736 		.ascii	"\201(\3676x\277\225.S{\350\226A\347@\025R\235"
 248      78BF952E 
 248      537BE896 
 248      41E74015 
 248      529D
 249 07d0 FC3CB82E 		.ascii	"\374<\270.T\356\252c>\345X\236\340\252<\352\252\334"
 249      54EEAA63 
 249      3EE5589E 
 249      E0AA3CEA 
 249      AADC
 250 07e2 DA34931C 		.ascii	"\3324\223\034\333\344\203\315\027\260\371\024\333\265"
 250      DBE483CD 
 250      17B0F914 
 250      DBB5
 251 07f0 931F08C5 		.ascii	"\223\037\010\305u\032\266\015\037\313\336\032\002\205"
 251      751AB60D 
 251      1FCBDE1A 
 251      0285
 252 07fe 62251C48 		.ascii	"b%\034H\256^\306y+2`\033J\346\337e\303\025H\311S\300"
 252      AE5EC679 
 252      2B32601B 
 252      4AE6DF65 
 252      C31548C9 
 253 0814 298E2485 		.ascii	")\216$\205\034)\032{\372\033Vb<\310\310\316yO6\004\011"
 253      1C291A7B 
 253      FA1B5662 
 253      3CC8C8CE 
 253      794F3604 
 254 0829 6450B0A7 		.ascii	"dP\260\2477\321\243R\316\373\254h\337+\221\355U\222"
 254      37D1A352 
 254      CEFBAC68 
 254      DF2B91ED 
 254      5592
 255 083b 1551326F 		.ascii	"\025Q2o\177\013\034i\226\006R\262\363\2673\177\024-"
ARM GAS  /var/folders/qd/4mxf5pkd0zdf0b9dd1hp39180000gn/T//ccOuVrWU.s 			page 20


 255      7F0B1C69 
 255      960652B2 
 255      F3B7337F 
 255      142D
 256 084d 3BFB62FA 		.ascii	";\373b\372\345\003<\017\247\343j5\345\332'q\355Sr\375"
 256      E5033C0F 
 256      A7E36A35 
 256      E5DA2771 
 256      ED5372FD 
 257 0861 48B9760C 		.ascii	"H\271v\014<\311\010\305\233\031\327O-\273N\007\013\\"
 257      3CC908C5 
 257      9B19D74F 
 257      2DBB4E07 
 257      0B5C
 258 0873 CD9FB253 		.ascii	"\315\237\262SW.;u\355\227\230\366+\231\016P\246G\311"
 258      572E3B75 
 258      ED9798F6 
 258      2B990E50 
 258      A647C9
 259 0886 ABF76AF1 		.ascii	"\253\367j\361n\306\264\247`S\021|tL\311\250\366n\320"
 259      6EC6B4A7 
 259      6053117C 
 259      744CC9A8 
 259      F66ED0
 260 0899 9023C541 		.ascii	"\220#\305AN8R<m\316<'\016\364\340\011\316\317\333\304"
 260      4E38523C 
 260      6DCE3C27 
 260      0EF4E009 
 260      CECFDBC4 
 261 08ad DC59C706 		.ascii	"\334Y\307\006+\026\007C%\234\232h\276\343\035\242\343"
 261      2B160743 
 261      259C9A68 
 261      BEE31DA2 
 261      E3
 262 08be 3D795C55 		.ascii	"=y\\U\245\305}l\210\013k\032\006\364R|J\367\025\235"
 262      A5C57D6C 
 262      880B6B1A 
 262      06F4527C 
 262      4AF7159D 
 263 08d2 49E6C7A7 		.ascii	"I\346\307\247\006\261l\220l/Ur\035\246\\[.^\372Q\203"
 263      06B16C90 
 263      6C2F5572 
 263      1DA65C5B 
 263      2E5EFA51 
 264 08e7 17695961 		.ascii	"\027iYaVx\277X\344\352\373\247\217\027\312$\2462%S9"
 264      5678BF58 
 264      E4EAFBA7 
 264      8F17CA24 
 264      A6322553 
 265 08fc 65CADA5E 		.ascii	"e\312\332^\273D\215\3273\246\202\312\252\\Y\240\013"
 265      BB448DD7 
 265      33A682CA 
 265      AA5C59A0 
 265      0B
 266 090d 7D037D44 		.ascii	"}\003}D\";\242$;J\311N\334(\250\016\305\205\214,k\323"
 266      223BA224 
 266      3B4AC94E 
ARM GAS  /var/folders/qd/4mxf5pkd0zdf0b9dd1hp39180000gn/T//ccOuVrWU.s 			page 21


 266      DC28A80E 
 266      C5858C2C 
 267 0923 057A8C62 		.ascii	"\005z\214b\201~\373\212O\240+$\256\012%W%\345\352\330"
 267      817EFB8A 
 267      4FA02B24 
 267      AE0A2557 
 267      25E5EAD8 
 268 0937 DCB53A04 		.ascii	"\334\265:\004{\031\327\243\254\376;\242a\255\237\371"
 268      7B19D7A3 
 268      ACFE3BA2 
 268      61AD9FF9 
 269 0947 4CB14A62 		.ascii	"L\261Jb\252R2US\246\235\327\226o\013\304\247\264\243"
 269      AA523255 
 269      53A69DD7 
 269      966F0BC4 
 269      A7B4A3
 270 095a C47671CE 		.ascii	"\304vq\316\372*\255\024\333u\212\330z\207c{\014b\353"
 270      FA2AAD14 
 270      DB758AD8 
 270      7A87637B 
 270      0C62EB
 271 096d 550E719C 		.ascii	"U\016q\234\305vm\032\324\303W\330\020\015-\271\205\001"
 271      C5766D1A 
 271      D4C357D8 
 271      100D2DB9 
 271      8501
 272 097f B893294D 		.ascii	"\270\223)M]\373\232\003q7S~(\355\354\011\305=LY\351"
 272      5DFB9A03 
 272      7137537E 
 272      28EDEC09 
 272      C53D4C59 
 273 0994 7DFC508F 		.ascii	"}\374P\217\037\011\260%\253\276\347\360S\246\364\236"
 273      1F09B025 
 273      ABBEE7F0 
 273      53A6F49E 
 274 09a4 F6A607E1 		.ascii	"\366\246\007\341\344 \252\244W]Z\024\204\2270%\267\273"
 274      E420AAA4 
 274      575D5A14 
 274      84973025 
 274      B7BB
 275 09b6 74F5189C 		.ascii	"t\365\030\234\311\224\362\313\305F\274\216=\357.]v-"
 275      C994F2CB 
 275      C546BC8E 
 275      3DEF2E5D 
 275      762D
 276 09c8 006F61CA 		.ascii	"\000oa\312\365\222\324~5\336\301\224\323\207;n\206\342"
 276      F592D47E 
 276      35DEC194 
 276      D3873B6E 
 276      86E2
 277 09da 3CA688CB 		.ascii	"<\246\210\313\245\201-\227}[\367nF\302q\016\3168c\357"
 277      A5812D97 
 277      7D5BF76E 
 277      46C2710E 
 277      CE3863EF 
 278 09ee B5ED6F08 		.ascii	"\265\355o\010D\312r\226\355`\003\005\001\351\005\351"
 278      44CA7296 
ARM GAS  /var/folders/qd/4mxf5pkd0zdf0b9dd1hp39180000gn/T//ccOuVrWU.s 			page 22


 278      ED600305 
 278      01E905E9 
 279 09fe 5231DB00 		.ascii	"R1\333\000~\271\370\313\025Nu\234\264\3515)\341#w\324"
 279      7EB9F8CB 
 279      154E759C 
 279      B4E93529 
 279      E12377D4 
 280 0a12 6732788D 		.ascii	"g2x\215\022.\333Q}v\272s\260\326\236\245k\355Ea\233"
 280      122EDB51 
 280      7D76BA73 
 280      B0D69EA5 
 280      6BED4561 
 281 0a27 EB8475FA 		.ascii	"\353\204u\3722lO\255 7@\256\200t\200\264\200\264\201"
 281      326C4FAD 
 281      203740AE 
 281      807480B4 
 281      80B481
 282 0a3a 9C07B90A 		.ascii	"\234\007\271\012r\015\344:\310%\220\013 \355>\245_\237"
 282      720DE43A 
 282      C825900B 
 282      20ED3EA5 
 282      5F9F
 283 0a4c CC985AA5 		.ascii	"\314\230Z\2451#\353\366N\213\004?\243\204\217\250\024"
 283      3123EBF6 
 283      4E8B043F 
 283      A3848FA8 
 283      14
 284 0a5d 5B65E866 		.ascii	"[e\350f\277hY\351\320'\003\237R\202G\326\341\3652\303"
 284      BF6859E9 
 284      D027039F 
 284      528247D6 
 284      E1F532C3 
 285 0a71 1BFDC748 		.ascii	"\033\375\307H^)\332}+\\?>\3671\\F^\257$\037Q)>\223Y"
 285      5E29DA7D 
 285      2B5C3F3E 
 285      F7315C46 
 285      5EAF241F 
 286 0a8a 7ED27FFC 		.ascii	"~\322\177\374\345\365\227\214\373\204\177nf\012\253"
 286      E5F5978C 
 286      FB847F6E 
 286      660AAB
 287 0a99 854E5E65 		.ascii	"\205N^e\245\337E\177\245\337\375n\303\226\341\322\257"
 287      A5DF457F 
 287      A5DFFD6E 
 287      C396E1D2 
 287      AF
 288 0aaa CE7FF864 		.ascii	"\316\177\370dC\337\221\031z\332\277\213\305\352\354"
 288      43DF9119 
 288      7ADABF8B 
 288      C5EAEC
 289 0ab9 717E7E9B 		.ascii	"q~~\233\036\267\320\317\211\313:{c\022\032\027\3467"
 289      1EB7D0CF 
 289      89CB3A7B 
 289      63121A17 
 289      E637
 290 0acb 215117E4 		.ascii	"!Q\027\344\341\177+'\205)\337V\223\362\357\026\220\336"
 290      E17F2B27 
ARM GAS  /var/folders/qd/4mxf5pkd0zdf0b9dd1hp39180000gn/T//ccOuVrWU.s 			page 23


 290      8529DF56 
 290      93F2EF16 
 290      90DE
 291 0add 9456BD8B 		.ascii	"\224V\275\213\264\374#u\325\363\027\035zy\265p\313\247"
 291      B4FC2375 
 291      D5F3171D 
 291      7A79B570 
 291      CBA7
 292 0aef 08EB16AA 		.ascii	"\010\353\026\252\205nZ-<m^\236\006\213\024[\026\274"
 292      856E5A2D 
 292      3C6D5E9E 
 292      068B145B 
 292      16BC
 293 0b01 6D45455A 		.ascii	"mEEZ|\233)\317oTt\004\341\036\252hR\373V\245\320\025"
 293      7C9B29CF 
 293      6F547404 
 293      E11EAA68 
 293      52FB56A5 
 294 0b17 6152D838 		.ascii	"aR\3308\346\253\366r\231k\357\200\031\275\277\230\274"
 294      E6ABF672 
 294      996BEF80 
 294      19BDBF98 
 294      BC
 295 0b28 6F4B9EBD 		.ascii	"oK\236\275\253\004\217L\336\316\267}?\214\221\334>G"
 295      AB048F4C 
 295      DECEB77D 
 295      3F8C91DC 
 295      3E47
 296 0b3a 0B19FAB6 		.ascii	"\013\031\372\266\177r\331Y\341d9K\230^\337\204\361\011"
 296      7F72D959 
 296      E164394B 
 296      985EDF84 
 296      F109
 297 0b4c 9EF44F97 		.ascii	"\236\364O\227^!r=\020\271\237 \022\367A\036\200\334"
 297      5E21723D 
 297      10B99F20 
 297      12F7411E 
 297      80DC
 298 0b5e 938ADEB5 		.ascii	"\223\212\336\2657\236w <\300R\241pm\335\036\2752\027"
 298      379E7720 
 298      3CC052A1 
 298      706DDD1E 
 298      BD3217
 299 0b71 864FD78F 		.ascii	"\206O\327\217\200\345\327\030\231\225/\312i\214\037"
 299      80E5D718 
 299      99952FCA 
 299      698C1F
 300 0b80 02B84F8A 		.ascii	"\002\270O\212q\257\030\343\362\215CiA\362\030?\364\211"
 300      71AF18E3 
 300      F28D4369 
 300      41F2183F 
 300      F489
 301 0b92 F16321C6 		.ascii	"\361c!\306\217i\214\263\027\026uj\344\340V\237\362\261"
 301      8F698CB3 
 301      1716756A 
 301      E4E0569F 
 301      F2B1
ARM GAS  /var/folders/qd/4mxf5pkd0zdf0b9dd1hp39180000gn/T//ccOuVrWU.s 			page 24


 302 0ba4 5F00937B 		.ascii	"_\000\223{xx\270\221\375\271\334\306\270X\2071\301\225"
 302      7878B891 
 302      FDB9DCC6 
 302      B8588731 
 302      C195
 303 0bb6 E8711B63 		.ascii	"\350q\033c\346FO\2134~\360\301,\343\3349\321\013\"\214"
 303      E6464F8B 
 303      347EF0C1 
 303      2CE3DC39 
 303      D10B228C 
 304 0bca 6E8FC5E1 		.ascii	"n\217\305\341\230\027n\325\276\367\341'\257\230\"\""
 304      98176ED5 
 304      BEF7E127 
 304      AF982222 
 305 0bda 543A8B25 		.ascii	"T:\213%\311\356\364L\213\264xV!\343\214\204\004\207"
 305      C9EEF44C 
 305      8BB47856 
 305      21E38C84 
 305      0487
 306 0bec DD1AEBB1 		.ascii	"\335\032\353\261\273\234nc\224\325aOp\333,\266)\011"
 306      BB9C6E63 
 306      94D5614F 
 306      70DB2CB6 
 306      2909
 307 0bfe 49D6AF22 		.ascii	"I\326\257\"\303c\023\022\214&\227\323cszF\2744\316u"
 307      C3631312 
 307      8C2697D3 
 307      63737A46 
 307      BC34CE75 
 308 0c12 B91C6EE3 		.ascii	"\271\034n\343\227V\353\224\330\304\370)N\227\3236\305"
 308      9756EB94 
 308      D8C4F829 
 308      4E97D336 
 308      C5
 309 0c23 16FB857D 		.ascii	"\026\373\205}\312\033S\"\247F\2741\345\353\351S\342"
 309      CA1B5322 
 309      A746BC31 
 309      E5EBE953 
 309      E2
 310 0c34 63FFEE4A 		.ascii	"c\377\356J4\372\2745\332\235VG\322<\2331>\326\032gw"
 310      34FABC35 
 310      DA9D5647 
 310      D23C9B31 
 310      3ED61A67 
 311 0c49 DA8C9679 		.ascii	"\332\214\226y\266\371\261I\016\217\305\363m\202\315"
 311      B6F9B149 
 311      0E8FC5F3 
 311      6D82CD
 312 0c58 1D1EA7D2 		.ascii	"\035\036\247\322\212\306}\367\3773\316\375\255\333h"
 312      8AC67DF7 
 312      FF33CEFD 
 312      ADDB68
 313 0c67 717BE681 		.ascii	"q{\346\201%\304\242\277\332\254\036W\342\033&\343\177"
 313      25C4A2BF 
 313      DAAC1E57 
 313      E21B26E3 
 313      7F
ARM GAS  /var/folders/qd/4mxf5pkd0zdf0b9dd1hp39180000gn/T//ccOuVrWU.s 			page 25


 314 0c78 E671959E 		.ascii	"\346q\225\236=Y\354N\273\307`!`\213=\361k\213-\301\356"
 314      3D59EC4E 
 314      BBC76021 
 314      608B3DF1 
 314      6B8B2DC1 
 315 0c8d 707D9964 		.ascii	"p}\231d\323&\332\276\204\361-\236?\310y\023=\002\355"
 315      D326DABE 
 315      84F12D9E 
 315      3FC87913 
 315      3D02ED
 316 0ca0 0C73B429 		.ascii	"\014s\264)\372\033\2435\316\352J\264\201\031\177\374"
 316      FA1BA335 
 316      CEEA4AB4 
 316      81197FFC 
 317 0cb0 759465C1 		.ascii	"u\224e\301_\342\001i\260\306\305|\353\236k\217\267%"
 317      5FE20169 
 317      B0C6C57C 
 317      EB9E6B8F 
 317      B725
 318 0cc2 BE1FEB9C 		.ascii	"\276\037\353\234\347\260%\316yY\321Y\234\2515\016\346"
 318      E7B025CE 
 318      7959D159 
 318      9CA9350E 
 318      E6
 319 0cd3 0A5D2658 		.ascii	"\012]&X,_$\331\035\036\273\323\222h\363$%:-\261\363"
 319      2C5F24D9 
 319      1D1EBBD3 
 319      9268F324 
 319      253A2DB1 
 320 0ce8 E625DADC 		.ascii	"\346%\332\334n\265\303\026;\177\254s\201\335\032\345"
 320      6EB5C316 
 320      3B7FAC73 
 320      81DD1AE5 
 321 0cf8 8CFDC261 		.ascii	"\214\375\302ac\276x\315\277'\254\256\370x\227S\264\211"
 321      63BE78CD 
 321      BF27ACAE 
 321      F8789753 
 321      B489
 322 0d0a 7402EA00 		.ascii	"t\002\352\000\223)\332<\215\373\310\254\236\025=\303"
 322      9329DA3C 
 322      8DFBC8AC 
 322      9E153DC3 
 323 0d1a 8C6799CC 		.ascii	"\214g\231\314\352\231\263\346\232\261\311d\306f\220"
 323      EA99B3E6 
 323      9AB1C964 
 323      C66690
 324 0d29 196633FE 		.ascii	"\031f3\3768\306\204M\037\316U\233LQf\212\217\244\277"
 324      38C6844D 
 324      1FCE559B 
 324      4C51668A 
 324      8FA4BF
 325 0d3c 1138EA3D 		.ascii	"\0218\352=3\027\003=\347D\231\3251\321\2006\231#A\""
 325      3317033D 
 325      E74499D5 
 325      31D18036 
 325      99234122 
 326 0d50 00F93773 		.ascii	"\000\3717s\344o\215G<\311';q\215~X\261x\324\326\270"
ARM GAS  /var/folders/qd/4mxf5pkd0zdf0b9dd1hp39180000gn/T//ccOuVrWU.s 			page 26


 326      E46F8D47 
 326      3CC9273B 
 326      718D7E58 
 326      B178D4D6 
 327 0d65 D84483CB 		.ascii	"\330D\203\313\035\353\000o}\340\262~5;\321\025?'\306"
 327      1DEB006F 
 327      7DE0B27E 
 327      353BD115 
 327      3F27C6
 328 0d78 FCB29296 		.ascii	"\374\262\222\226@\210\323\310\0358\306R\367\312:\030"
 328      4088D3C8 
 328      1D38C652 
 328      F7CA3A18 
 329 0d88 68681DD0 		.ascii	"hh\035\320`\231\017-\026\273;1h\270)\304b\231gw\023"
 329      60990F2D 
 329      16BB3B31 
 329      68B829C4 
 329      62996777 
 330 0d9d D791E087 		.ascii	"\327\221\340\207\304:\376\021\373\255\033R\302\001\331"
 330      C43AFE11 
 330      FBAD1B52 
 330      C201D9
 331 0dac FFBA7C24 		.ascii	"\377\272|$\3337\036\243):fN\214\024\034\022Rk\374\354"
 331      DB371EA3 
 331      293A664E 
 331      8C141C12 
 331      526BFCEC 
 332 0dc0 2427F1E3 		.ascii	"$'\361\34382\374G\276a\035/X\377\211\323!3\207\332\347"
 332      3832FC47 
 332      BE611D2F 
 332      58FF89D3 
 332      213387DA 
 333 0dd5 D3349E9A 		.ascii	"\3234\236\232\223\344\364\261Q/k\014\266XlN\321\310"
 333      93E4F4B1 
 333      512F6B0C 
 333      B6586C4E 
 333      D1C8
 334 0de7 00D3ECF7 		.ascii	"\000\323\354\367\314\323\350od\340\214\367g\232cH\270"
 334      CCD3E86F 
 334      64E08CF7 
 334      679A6348 
 334      B8
 335 0df8 6248DC4C 		.ascii	"bH\334L\346\300\031\037\317\214\210\372\220\336#\341"
 335      E6C0191F 
 335      CF8C88FA 
 335      90DE23E1 
 336 0e08 AE0100DC 		.ascii	"\256\001\000\334\264\244\231\000\311C$\3531\307\254"
 336      B4A49900 
 336      C94324EB 
 336      31C7AC
 337 0e17 261C9CC9 		.ascii	"&\034\234\311<\331\377Dc\346\262\340\314\237\372\347"
 337      3CD9FF44 
 337      63E6B2E0 
 337      CC9FFAE7 
 338 0e27 886FDE24 		.ascii	"\210o\336$\3411\233L\226\271\260\022\314\262\315\327"
 338      E1319B4C 
 338      96B9B012 
ARM GAS  /var/folders/qd/4mxf5pkd0zdf0b9dd1hp39180000gn/T//ccOuVrWU.s 			page 27


 338      CCB2CDD7 
 339 0e37 10C6D99F 		.ascii	"\020\306\331\237i\346\3142}4+\212h\221\263?\013\235"
 339      69E6CC32 
 339      7D342B8A 
 339      6891B33F 
 339      0B9D
 340 0e49 35F3BD68 		.ascii	"5\363\275h\323'\"\346\337\266\340\020\303"
 340      D32722E6 
 340      DFB6E010 
 340      C3
 341              		.text
 342              		.section	.gnu.lto_.symtab.57627815f519be38,"",%progbits
 343 0000 56656374 		.ascii	"Vector7C\000"
 343      6F723743 
 343      00
 344 0009 00       		.ascii	"\000"
 345 000a 00       		.ascii	"\000"
 346 000b 00       		.ascii	"\000"
 347 000c 00000000 		.ascii	"\000\000\000\000\000\000\000\000"
 347      00000000 
 348 0014 C5000000 		.ascii	"\305\000\000\000"
 349 0018 73745F6C 		.ascii	"st_lld_init\000"
 349      6C645F69 
 349      6E697400 
 350 0024 00       		.ascii	"\000"
 351 0025 00       		.ascii	"\000"
 352 0026 00       		.ascii	"\000"
 353 0027 00000000 		.ascii	"\000\000\000\000\000\000\000\000"
 353      00000000 
 354 002f C7000000 		.ascii	"\307\000\000\000"
 355 0033 5F706F72 		.ascii	"_port_irq_epilogue\000"
 355      745F6972 
 355      715F6570 
 355      696C6F67 
 355      756500
 356 0046 00       		.ascii	"\000"
 357 0047 02       		.ascii	"\002"
 358 0048 00       		.ascii	"\000"
 359 0049 00000000 		.ascii	"\000\000\000\000\000\000\000\000"
 359      00000000 
 360 0051 CE000000 		.ascii	"\316\000\000\000"
 361 0055 63685379 		.ascii	"chSysTimerHandlerI\000"
 361      7354696D 
 361      65724861 
 361      6E646C65 
 361      724900
 362 0068 00       		.ascii	"\000"
 363 0069 02       		.ascii	"\002"
 364 006a 00       		.ascii	"\000"
 365 006b 00000000 		.ascii	"\000\000\000\000\000\000\000\000"
 365      00000000 
 366 0073 D0000000 		.ascii	"\320\000\000\000"
 367 0077 6E766963 		.ascii	"nvicEnableVector\000"
 367      456E6162 
 367      6C655665 
 367      63746F72 
 367      00
ARM GAS  /var/folders/qd/4mxf5pkd0zdf0b9dd1hp39180000gn/T//ccOuVrWU.s 			page 28


 368 0088 00       		.ascii	"\000"
 369 0089 02       		.ascii	"\002"
 370 008a 00       		.ascii	"\000"
 371 008b 00000000 		.ascii	"\000\000\000\000\000\000\000\000"
 371      00000000 
 372 0093 DB000000 		.ascii	"\333\000\000\000"
 373              		.text
 374              		.section	.gnu.lto_.opts,"",%progbits
 375 0000 272D666D 		.ascii	"'-fmath-errno' '-fsigned-zeros' '-ftrapping-math' '"
 375      6174682D 
 375      6572726E 
 375      6F272027 
 375      2D667369 
 376 0033 2D666E6F 		.ascii	"-fno-trapv' '-fno-openmp' '-fno-openacc' '-mcpu=cor"
 376      2D747261 
 376      70762720 
 376      272D666E 
 376      6F2D6F70 
 377 0066 7465782D 		.ascii	"tex-m0' '-mno-thumb-interwork' '-mthumb' '-O2' '-fo"
 377      6D302720 
 377      272D6D6E 
 377      6F2D7468 
 377      756D622D 
 378 0099 6D69742D 		.ascii	"mit-frame-pointer' '-falign-functions=16' '-ffuncti"
 378      6672616D 
 378      652D706F 
 378      696E7465 
 378      72272027 
 379 00cc 6F6E2D73 		.ascii	"on-sections' '-fdata-sections' '-fno-common' '-flto"
 379      65637469 
 379      6F6E7327 
 379      20272D66 
 379      64617461 
 380 00ff 2700     		.ascii	"'\000"
 381              		.text
 382              		.comm	__gnu_lto_v1,1,1
 383              		.comm	__gnu_lto_slim,1,1
 384              		.ident	"GCC: (GNU Tools for Arm Embedded Processors 7-2017-q4-major) 7.2.1 20170904 (release) [ARM
ARM GAS  /var/folders/qd/4mxf5pkd0zdf0b9dd1hp39180000gn/T//ccOuVrWU.s 			page 29


DEFINED SYMBOLS
                            *ABS*:0000000000000000 st_lld.c
                            *COM*:0000000000000001 __gnu_lto_v1
                            *COM*:0000000000000001 __gnu_lto_slim

NO UNDEFINED SYMBOLS
