ARM GAS  /var/folders/qd/4mxf5pkd0zdf0b9dd1hp39180000gn/T//ccO7ZM1l.s 			page 1


   1              		.cpu cortex-m3
   2              		.eabi_attribute 20, 1
   3              		.eabi_attribute 21, 1
   4              		.eabi_attribute 23, 3
   5              		.eabi_attribute 24, 1
   6              		.eabi_attribute 25, 1
   7              		.eabi_attribute 26, 1
   8              		.eabi_attribute 30, 2
   9              		.eabi_attribute 34, 1
  10              		.eabi_attribute 18, 4
  11              		.file	"chmempools.c"
  12              		.section	.gnu.lto_.profile.167483599b3d3d83,"",%progbits
  13 0000 789C6363 		.ascii	"x\234cc```\001bF\206\030s\000\001g\000\237"
  13      60606001 
  13      62468618 
  13      73000167 
  13      009F
  14              		.text
  15              		.section	.gnu.lto_.icf.167483599b3d3d83,"",%progbits
  16 0000 789C6363 		.ascii	"x\234cc``\320a@\000v\206\267\263\372\346q1\276\355\235"
  16      6060D061 
  16      40007686 
  16      B7B3FAE6 
  16      7131BEED 
  17 0015 F1988B69 		.ascii	"\361\230\213i\333\326I\013\331\231\367_:\370\237\223"
  17      DBD6490B 
  17      D999F75F 
  17      3AF89F93 
  18 0025 E5C2997D 		.ascii	"\345\302\231}\237\270Y'\276\2710\213\227\355\342\223"
  18      9FB85927 
  18      BEB9308B 
  18      97EDE293 
  19 0035 6FCBB919 		.ascii	"o\313\271\031\000\337\360\025\262"
  19      00DFF015 
  19      B2
  20              		.text
  21              		.section	.gnu.lto_.jmpfuncs.167483599b3d3d83,"",%progbits
  22 0000 789C5D8C 		.ascii	"x\234]\214\261\015\2000\014\004\357\355\220\224\354"
  22      B10D8030 
  22      0C04EFED 
  22      9094EC
  23 000f C366544C 		.ascii	"\303fTLA\3070\331\014\354\"\"\312K_\370\317\272\012"
  23      41C730D9 
  23      0CEC2222 
  23      CA4B5FF8 
  23      CFBA0A
  24 0022 DCFC6948 		.ascii	"\334\374iH\272\036\307@\275\210\350\033\331\341\350"
  24      BA1EC740 
  24      BD88E81B 
  24      D9E1E8
  25 0031 C883B6C4 		.ascii	"\310\203\266\304\321|3\233\027\317\325\207\300N\264"
  25      D17C339B 
  25      17CFD587 
  25      C04EB4
  26 0040 38CAC456 		.ascii	"8\312\304V\377f\222\017Q\235\017>\024\253\"5"
  26      FF66920F 
  26      519D0F3E 
ARM GAS  /var/folders/qd/4mxf5pkd0zdf0b9dd1hp39180000gn/T//ccO7ZM1l.s 			page 2


  26      14AB2235 
  27              		.text
  28              		.section	.gnu.lto_.inline.167483599b3d3d83,"",%progbits
  29 0000 789C6D8E 		.ascii	"x\234m\216\255n\002Q\024\204g\316\271?\013\354\206E"
  29      AD6E0251 
  29      148467CE 
  29      B93F0BEC 
  29      8645
  30 0012 61485855 		.ascii	"aHXUT\221\353\232\364\011\352y\005x\016\010\011\242"
  30      5491EB9A 
  30      F409EA79 
  30      05780E08 
  30      09A2
  31 0024 154D1392 		.ascii	"\025M\023\222\212\212\232\352\0324\266\002$\026T%\217"
  31      8A8A9AEA 
  31      1A34B602 
  31      24165425 
  31      8F
  32 0035 C0BDBBB0 		.ascii	"\300\275\273\260\212+\3169\311\334\231o\034\200\007"
  32      8A2BCE39 
  32      C9DC996F 
  32      1C8007
  33 0044 A2791E48 		.ascii	"\242y\036H\3734(f\357\312\217\371v\347W\372\251B\360"
  33      FB342866 
  33      EFCA8FF9 
  33      76E757FA 
  33      A942F0
  34 0057 97037D46 		.ascii	"\227\003}F1\275\035\304u\026.\370\334\327P\300\177\237"
  34      31BD1DC4 
  34      75162EF8 
  34      DCD750C0 
  34      7F9F
  35 0069 0BEC7294 		.ascii	"\013\354r\224\203G_\030\251W\314\265=\030\360\355\205"
  35      83475F18 
  35      A957CCB5 
  35      3D18F0ED 
  35      85
  36 007a 709610DD 		.ascii	"p\226\020\335\364\321:\224\022%A\366DJ\210\202\364N"
  36      F4D13A94 
  36      122541F6 
  36      444A8882 
  36      F44E
  37 008c AF0EADC5 		.ascii	"\257\016\255\3057\005\321\246\350\264\251\241\014\307"
  37      3705D1A6 
  37      E8B4A9A1 
  37      0CC7
  38 009a 034584D7 		.ascii	"\003E\204\327;Pq\217\252\177\335@Y[S\005k\212$2\015"
  38      3B50718F 
  38      AA7FDD40 
  38      595B5305 
  38      6B8A2432 
  39 00af B24E60A6 		.ascii	"\262N`\246\253\011\222\237\307\233\024\025\033\333\260"
  39      AB09929F 
  39      C79B1415 
  39      1BDBB0
  40 00be CE33B2EF 		.ascii	"\3163\262\357\"9\217\253@S\317\370\325!\361\301\355"
  40      22398FAB 
ARM GAS  /var/folders/qd/4mxf5pkd0zdf0b9dd1hp39180000gn/T//ccO7ZM1l.s 			page 3


  40      4053CFF8 
  40      D521F1C1 
  40      ED
  41 00cf 0F65D318 		.ascii	"\017e\323\030\027>\363#\344"
  41      173EF323 
  41      E4
  42              		.text
  43              		.section	.gnu.lto_.pureconst.167483599b3d3d83,"",%progbits
  44 0000 789C6363 		.ascii	"x\234cc``\020\002bv\006IF)\246]\214\314R,\273\030Y\245"
  44      60601002 
  44      62760649 
  44      4629A65D 
  44      8CCC522C 
  45 0018 D8763102 		.ascii	"\330v1\002\000\026\364\002\315"
  45      0016F402 
  45      CD
  46              		.text
  47              		.section	.gnu.lto_chPoolAllocI.part.0.167483599b3d3d83,"",%progbits
  48 0000 789C8D52 		.ascii	"x\234\215R\317k\023A\024~\337\274\331\335\324\037\025"
  48      CF6B1341 
  48      147EDFBC 
  48      D9DDD41F 
  48      15
  49 0011 8AC71C02 		.ascii	"\212\307\034\002\332\226z\310\376\005\336\375;\014E"
  49      DA967AC8 
  49      FE05DEFD 
  49      3B0C45
  50 0020 298684C6 		.ascii	")\206\204\306{\247iBRZ\241\007[!,\272\245J\351AT\374"
  50      7BA76942 
  50      525AA107 
  50      5B212CBA 
  50      A54AE941 
  51 0036 5563D550 		.ascii	"Uc\325Pi\021$\225\210\007\321RP\261X\021\261\010\036"
  51      69112495 
  51      8807D152 
  51      50B15811 
  51      B1081E
  52 0049 1452DFCC 		.ascii	"\024R\337\314\366\240\340\301a\367\275\2317\357{\337"
  52      F6A0E0C1 
  52      61F7BD99 
  52      37EF7BDF 
  53 0059 376FC627 		.ascii	"7o\306'\2423\212\350\204\370\223\362\303'x3\0332\361"
  53      A2338AE8 
  53      84F893F2 
  53      C3277833 
  53      1B32F1
  54 006c A09C578A 		.ascii	"\240\234W\212\237\267\211\314\001\275&\366\020C\333"
  54      9FB789CC 
  54      01BD26F6 
  54      1043DB
  55 007b F0784A03 		.ascii	"\360xJ\003vbR\2401O\261\306\030\246\371\"\243S\271\031"
  55      766252A0 
  55      314FB1C6 
  55      18A6F922 
  55      A353B919 
  56 008f F114474C 		.ascii	"\361\024GL\320\262\334m7>\364\332%\220\221\345R\355"
  56      D0B2DC6D 
ARM GAS  /var/folders/qd/4mxf5pkd0zdf0b9dd1hp39180000gn/T//ccO7ZM1l.s 			page 4


  56      373EF4DA 
  56      259091E5 
  56      52ED
  57 00a1 7BC71F5A 		.ascii	"{\307\037Z4\246lZ\227\276\005\213\023\325S\021+\232"
  57      34A66C5A 
  57      97BE058B 
  57      13D55311 
  57      2B9A
  58 00b3 93EC3B48 		.ascii	"\223\354;H\3436\322V\304]\014I\356\247\345\365z\212"
  58      E336D256 
  58      C45D0C49 
  58      EEA7E5F5 
  58      7A8A
  59 00c5 8F8164FE 		.ascii	"\217\201d\376k|k\251w\360\232\303m^es<b\306=\360\237"
  59      6B7C6BA9 
  59      77F09AC3 
  59      6D5E6573 
  59      3C62C63D 
  60 00db 400911EE 		.ascii	"@\011\021\356c\320\346\357Tf\352Gx\300aw\273\027~\006"
  60      63D0E6EF 
  60      5466EA47 
  60      78C06177 
  60      BB177E06 
  61 00ef FD0B0EBB 		.ascii	"\375\013\016\273q\245o~\302<3ZX\261\3747\336\016I\177"
  61      71A56F7E 
  61      C23C335A 
  61      58B1FC37 
  61      DE0E497F 
  62 0103 7FAB3B7B 		.ascii	"\177\253;{\330\327x\200~\247\253i{\342\014\221\212%"
  62      D8D77880 
  62      7EA7AB69 
  62      7BE20C91 
  62      8A25
  63 0115 201B375E 		.ascii	" \0337^z\306t\367j\3064\007\372z\000K\253D\200f1\236"
  63      7AC674F7 
  63      6AC63407 
  63      FA7A004B 
  63      AB448066 
  64 012b 76399EB3 		.ascii	"v9\236\263Du&\262\235\252\263g=O\312y\255\377\214rs"
  64      447526B2 
  64      9DAAB367 
  64      3D4FCA79 
  64      ADFF8C72 
  65 0140 676A2DB0 		.ascii	"gj-\260\265\033\254\204y\256\272\372\"\260\275b\247"
  65      B51BAC84 
  65      79AEBAFA 
  65      22B0BD62 
  65      A7
  66 0151 7B65B5BD 		.ascii	"{e\265\275\356\307\270\214\210%\001xh5J\374U\355\365"
  66      EEC7B88C 
  66      88250178 
  66      68354AFC 
  66      55EDF5
  67 0164 D6C1F0BA 		.ascii	"\326\301\360\272\221\221\2118\300\012b\314\262U\217"
  67      91918938 
  67      C00A62CC 
  67      B2558F
ARM GAS  /var/folders/qd/4mxf5pkd0zdf0b9dd1hp39180000gn/T//ccO7ZM1l.s 			page 5


  68 0173 4708E923 		.ascii	"G\010\351#*o\237n\342\037e\003\020\036\357\037tR\232"
  68      2A6F9F6E 
  68      E21F6503 
  68      101EEF1F 
  68      74529A
  69 0186 25F79AA8 		.ascii	"%\367\232\250\230\256\356\253\340\377\246M\341\211\243"
  69      98AEEEAB 
  69      E0FFA64D 
  69      E189A3
  70 0195 85A56D09 		.ascii	"\205\245m\011\355\027T\342\221\244\212\026^\222b\021"
  70      ED1754E2 
  70      91A48A16 
  70      5E926211 
  71 01a5 F7D036CA 		.ascii	"\367\3206\312\031\033\265\275\220\035\307\254\335\371"
  71      191BB5BD 
  71      901DC7AC 
  71      DDF9
  72 01b3 B7A12889 		.ascii	"\267\241(\211z\364\025\345\370\335\321\004\355I\316"
  72      7AF415E5 
  72      F8DDD104 
  72      ED49CE
  73 01c2 0F797ED9 		.ascii	"\017y~\331\264z\263\327\202\200\270\261\320\201\364"
  73      B47AB3D7 
  73      8280B8B1 
  73      D081F4
  74 01d1 0F16278F 		.ascii	"\017\026'\2175\223\315\206\311W(\205\243\347\303\322"
  74      3593CD86 
  74      C9572885 
  74      A3E7C3D2 
  75 01e1 682ECC9D 		.ascii	"h.\314\235\315\017\347\213\205\302\271R6G*_\324\205"
  75      CD0FE78B 
  75      85C2B952 
  75      36472A5F 
  75      D485
  76 01f3 D323C5DF 		.ascii	"\323#\305\337\242-\311\251"
  76      A22DC9A9 
  77              		.text
  78              		.section	.gnu.lto_chPoolObjectInit.167483599b3d3d83,"",%progbits
  79 0000 789C9591 		.ascii	"x\234\225\221\337K\024Q\024\307\317\367\236\331\331"
  79      DF4B1451 
  79      14C7CFF7 
  79      9ED9D9
  80 000f 21D3DEC2 		.ascii	"!\323\336\302\310\207\205\242E\204\235\207\376\244m"
  80      C88785A2 
  80      45849D87 
  80      FEA46D
  81 001e 21A16596 		.ascii	"!\241e\226\335\350\241\027\357n\331\256\224\340C\032"
  81      DDE8A117 
  81      EF6ED9AE 
  81      94E0431A 
  82 002e 0C830DF6 		.ascii	"\014\203\015\366SB**\323\262\234\326\330\227\262(\012"
  82      53422A2A 
  82      D3B29CD6 
  82      D897B228 
  82      0A
  83 003f C440A20D 		.ascii	"\304@\242\015Q\037\202\302\267\300:\367\266\201\370"
  83      511F82C2 
ARM GAS  /var/folders/qd/4mxf5pkd0zdf0b9dd1hp39180000gn/T//ccO7ZM1l.s 			page 6


  83      B7C03AF7 
  83      B681F8
  84 004e E6652E73 		.ascii	"\346e.s\316\334\363\371\236s\277\343\022Q\240\210N\312"
  84      CEDCF3F9 
  84      9E73BFE3 
  84      1251A088 
  84      4ECA
  85 0060 FBA86C30 		.ascii	"\373\250l0A\215\275#\252z\0120\201\366@C\012C\270\302"
  85      418DBD23 
  85      AA7A0A30 
  85      81F64043 
  85      0A43B8C2 
  86 0074 5719CDFA 		.ascii	"W\031\315\372\372\274\352\277\243e%\327f\335Kz\2707"
  86      FABCEABF 
  86      A36525D7 
  86      66DD4B7A 
  86      B837
  87 0086 62A209D9 		.ascii	"b\242\011\331f\341\021\372\245\352\303\305\007\021_"
  87      66E111FA 
  87      A5EAC3C5 
  87      07115F
  88 0095 E6880147 		.ascii	"\346\210\001G\322\237\313a\273\307\244\012\031I7\346"
  88      D29FCB61 
  88      BBC7A40A 
  88      194937E6 
  89 00a5 5A0D8F8F 		.ascii	"Z\015\217\217\201$\376]]\233\356\311\336\322\272\246"
  89      8124FE5D 
  89      5D9BEEC9 
  89      DED2BAA6 
  90 00b5 93ED9BAC 		.ascii	"\223\355\233\254\217G\314\230\005\213 \236\240\017\217"
  90      8F47CC98 
  90      058B209E 
  90      A00F8F
  91 00c4 D147F289 		.ascii	"\321G\362\211\360\024Y)\237\252~~\323\315',\372udf\324"
  91      F0145929 
  91      9FAA7E7E 
  91      D3CD272C 
  91      FA756466 
  92 00d9 E9A06F6F 		.ascii	"\351\240oo[\324\301\334^\324!\314[\364\313dk\363 \017"
  92      5BD4C1DC 
  92      5ED421CC 
  92      5BF4CB64 
  92      6BF3200F 
  93 00ed 587471F5 		.ascii	"Xtq\365\327\215C\035\364{o\250\023'\342\024\236\355"
  93      D78D431D 
  93      F47B6FA8 
  93      1327E214 
  93      9EED
  94 00ff 655384E7 		.ascii	"eS\204\347\310\032\340\333\303\235\361n\327\211\377"
  94      C81AE0DB 
  94      C39DF16E 
  94      D789FF
  95 010e 5F150B70 		.ascii	"_\025\013p\011\022\334\377\230J\364\316\237\272L\177"
  95      0912DCFF 
  95      984AF4CE 
  95      9FBA4C7F 
  96 011e 6475CB33 		.ascii	"du\3133\246\311\244\016LS\027\026\247\206\020\342\244"
ARM GAS  /var/folders/qd/4mxf5pkd0zdf0b9dd1hp39180000gn/T//ccO7ZM1l.s 			page 7


  96      A6C9A40E 
  96      4C531716 
  96      A78610E2 
  96      A4
  97 012f 4E688495 		.ascii	"Nh\204\225\211.$\264\205\332\366\306\365v\332\010\211"
  97      892E24B4 
  97      85DAF6C6 
  97      F576DA08 
  97      89
  98 0140 FEC470F3 		.ascii	"\376\304p\363}\3328\304v\276\205\346r\313\2151Y\025"
  98      7DDA38C4 
  98      76BE85E6 
  98      72CB8D31 
  98      5915
  99 0152 9BE3C311 		.ascii	"\233\343\303\021\273\241X\367Bf2\207\237\352+k]\376"
  99      BBA158F7 
  99      42663287 
  99      9FEA2B6B 
  99      5DFE
 100 0164 8CF90599 		.ascii	"\214\371\005\231\210\323x\211\030\343\326\177,\302\337"
 100      88D37889 
 100      18E3D67F 
 100      2CC2DF
 101 0173 2D960621 		.ascii	"-\226\006!\021J\232\205\233w\227\272:\315\366\241\356"
 101      114A9A85 
 101      9B7797BA 
 101      3ACDF6A1 
 101      EE
 102 0184 E0955537 		.ascii	"\340\225U7WE\023~(~Z\265\351\366\201\375\253\245\260"
 102      5745137E 
 102      287E5AB5 
 102      E9F681FD 
 102      ABA5B0
 103 0197 64D59451 		.ascii	"d\325\224Q{m\324\\\372\201Z|o\024\326P\263\032\322K"
 103      7B6DD45C 
 103      FA815A7C 
 103      6F14D650 
 103      B31AD24B 
 104 01ab 2C92924C 		.ascii	",\222\222L.\347\377{\202\212_>\353W\312y?\177\272X("
 104      2EE7FF7B 
 104      828A5F3E 
 104      EB57CA79 
 104      3F7FBA58 
 105 01c0 9682E04C 		.ascii	"\226\202\340L%\227'U,9\225\301\363\005\257T\016\316"
 105      25972755 
 105      2C3995C1 
 105      F305AF54 
 105      0ECE
 106 01d2 0D9E2A94 		.ascii	"\015\236*\224\377\002\371j\330\360"
 106      FF02F96A 
 106      D8F0
 107              		.text
 108              		.section	.gnu.lto_chPoolLoadArray.167483599b3d3d83,"",%progbits
 109 0000 789C9D56 		.ascii	"x\234\235V_LSg\024\377\316\375\356mk\213@\266\027b\214"
 109      5F4C5367 
 109      14FFCEFD 
 109      EE6D6B8B 
ARM GAS  /var/folders/qd/4mxf5pkd0zdf0b9dd1hp39180000gn/T//ccO7ZM1l.s 			page 8


 109      40B61762 
 110 0015 AB514408 		.ascii	"\253QD\010\241d/\333\303^\026\223%{\340E^\226l\331\242"
 110      A1642FDB 
 110      C35E1693 
 110      257BE045 
 110      5E966CD9 
 111 002a 1D092E62 		.ascii	"\035\011.b\233\002F\236\274\024\344\317\334\034Q\354"
 111      9B02469E 
 111      BC14E4CF 
 111      DC1C51EC 
 112 003a 96A6198D 		.ascii	"\226\246\031\215H\224\007\346\037\330\206\202X\313D"
 112      489407E6 
 112      1FD88682 
 112      58CB44
 113 0049 36014571 		.ascii	"6\001Eq\2020T\376\024*\216\351\226\021\331&\354\234"
 113      823054FE 
 113      142A8EE9 
 113      9611D926 
 113      EC9C
 114 005b EFDE62B9 		.ascii	"\357\336b\271\002Kv\003\345\334\357;\277s\316\367;\277"
 114      024B7603 
 114      E5DCEF3B 
 114      BF73CEF7 
 114      3BBF
 115 006d F3511363 		.ascii	"\363Q\023cl\300\302\330\023\374\373\036\376\202\211"
 115      6CC0C2D8 
 115      13FCFB1E 
 115      FE8289
 116 007c 8154D3C7 		.ascii	"\201T\323\307X\251E\002Y3\270f\\\261\310\022o\0113\246"
 116      58A94502 
 116      5933B866 
 116      5CB1C812 
 116      6F0933A6 
 117 0090 5A95111B 		.ascii	"Z\225\021\033S\023\024\000ZW-\300\016J\\V\340\240$3"
 117      53131400 
 117      5A572DC0 
 117      0E4A5C56 
 117      E0A02433 
 118 00a4 08C9B088 		.ascii	"\010\311\260\210O\322\222\301\350\371\214\327r\010W"
 118      4FD292C1 
 118      E8F98CD7 
 118      720857
 119 00b3 462E48E9 		.ascii	"F.H\351\247T|B_\0365W\250\207R\002\2341\037\027.\014"
 119      A7547C42 
 119      5F1E3557 
 119      A8875202 
 119      9C311F17 
 120 00c9 9A211DBD 		.ascii	"\232!\035\275\372\313\317\006\370a\036\340\0002\276"
 120      FACBCF06 
 120      F8611EE0 
 120      0032BE
 121 00d8 3EEDF58F 		.ascii	">\355\365\217'\322\253\004v|\235n\355\252\262\360-\300"
 121      27D2AB04 
 121      767C9D6E 
 121      EDAAB2F0 
 121      2DC0
 122 00ea D0FEBB74 		.ascii	"\320\376\273t\26411\255AU\275j\350\361I\256n\015p\016"
ARM GAS  /var/folders/qd/4mxf5pkd0zdf0b9dd1hp39180000gn/T//ccO7ZM1l.s 			page 9


 122      B43131AD 
 122      4155BD6A 
 122      E8F149AE 
 122      6E0D700E 
 123 00fe DF01C780 		.ascii	"\337\001\307\200\360-l\204\026\330\310p\211\301\367"
 123      F02D6C84 
 123      16D8C870 
 123      89C1F7
 124 010d 9086EE3D 		.ascii	"\220\206\356=\241\3523V\276M@\307\253\347\247\254:\364"
 124      A1EA3356 
 124      BE4D40C7 
 124      ABE7A7AC 
 124      3AF4
 125 011f 9F060195 		.ascii	"\237\006\001\225\241\325\010\305\343\\\020\320\347j"
 125      A1D508C5 
 125      E35C10D0 
 125      E76A
 126 012d AD2F916F 		.ascii	"\255/\221o\027\320\211\353\3655f\035\332sJ@\025\270"
 126      17D089EB 
 126      F535661D 
 126      DA734A40 
 126      15B8
 127 013f 68842A0C 		.ascii	"h\204*\014\332 \215\374\307\316-\034_o\222\203\261\223"
 127      DA208DFC 
 127      C7CE2D1C 
 127      5F6F9283 
 127      B193
 128 0151 423B9800 		.ascii	"B;\230\000\327\243\3455UI<C\304|\272\360\371_\346\324"
 128      D7A3E535 
 128      55493C43 
 128      C47CBAF0 
 128      F95FE6D4 
 129 0165 7A11B365 		.ascii	"z\021\263eC\320\233L\345\\Z\036\223\036tm\273v\362\230"
 129      43D09B4C 
 129      E55C5A1E 
 129      931E746D 
 129      BB76F298 
 130 0179 ACBB2E36 		.ascii	"\254\273.6l\013_\255PkJ-+\234\\\367\327\322\227k\244"
 130      6C0B5FAD 
 130      506B4A2D 
 130      2B9C5CF7 
 130      D7D2976B 
 131 018e 07CC0A5C 		.ascii	"\007\314\012\\\206T\350\200TQ\207\217\303\377\211\031"
 131      8654E880 
 131      5451878F 
 131      C3FF8919 
 132 019e 5FEE4DE8 		.ascii	"_\356M\350V\345\325\313\215O?\332h\2020f\277B\331C\224"
 132      56E5D5CB 
 132      8D4F3FDA 
 132      68823066 
 132      BF42D943 
 133 01b3 5D32BA1C 		.ascii	"]2\272\034\363'2\350\244-\036\307\035\203\037\220\263"
 133      F32732E8 
 133      A42D1EC7 
 133      1D831F90 
 133      B3
 134 01c4 AB284E83 		.ascii	"\253(N\203\373\270?\363CF\033>\354\025\356M\265W\016"
ARM GAS  /var/folders/qd/4mxf5pkd0zdf0b9dd1hp39180000gn/T//ccO7ZM1l.s 			page 10


 134      FBB83FF3 
 134      43461B3E 
 134      EC15EE4D 
 134      B5570E
 135 01d7 002F1287 		.ascii	"\000/\022\207z\034\251\012\305\016u\267n\373\374\340"
 135      7A1CA90A 
 135      C50E75B7 
 135      6EFBFCE0 
 136 01e7 B4AA1E55 		.ascii	"\264\252\036U!\300Mp\355?K\235\2357A7\225\331E\261\225"
 136      21C04D70 
 136      ED3F4B9D 
 136      9D374137 
 136      95D945B1 
 137 01fc 65B5FC88 		.ascii	"e\265\374\210\265\374D\203\202\037\200\3203\267\224"
 137      B5FC4483 
 137      821F80D0 
 137      33B794
 138 020b 90BAB058 		.ascii	"\220\272\260X\211\374\276\022x\026\035\331\222\014("
 138      89FCBE12 
 138      78161DD9 
 138      920C28
 139 021a 00B324C4 		.ascii	"\000\263$\304\303\205\016pT\3206\001\331\026 =\256\023"
 139      C3850E70 
 139      54D03601 
 139      D916203D 
 139      AE13
 140 022c BB56B16B 		.ascii	"\273V\261kCw\234\301*T\307\210M\015\241!\241Q\026b\325"
 140      43779CC1 
 140      2A54C788 
 140      4D0DA121 
 140      A1511662 
 141 0241 C8024E1C 		.ascii	"\310\002N\034Z\021\360\006\333\216(\3243,\2456R\365"
 141      5A11F006 
 141      DB8E28D4 
 141      332CA536 
 141      52F5
 142 0253 6752C669 		.ascii	"gR\306iQ\351\\\253\344\017R\257\230>E\327!\303\217\341"
 142      51E95CAB 
 142      E40F52AF 
 142      983E45D7 
 142      21C38FE1 
 143 0267 E210D46E 		.ascii	"\342\020\324n?\306\214\200\340{Mt\017dP\004\341+\244"
 143      3FC68C80 
 143      E07B4D74 
 143      0F645004 
 143      E12BA4
 144 027a D2137BB9 		.ascii	"\322\023{\271\022\377\022^\026q9\325\331\277\255M5\364"
 144      12FF125E 
 144      167139D5 
 144      D9BFAD4D 
 144      35F4
 145 028c 422A822A 		.ascii	"B*\202*\243\352%\231\006\333\004v\350\303\275\031\360"
 145      A3EA2599 
 145      06DB0476 
 145      E8C3BD19 
 145      F0
 146 029d 8E35FB6A 		.ascii	"\2165\373j\307S\214\232\360\3054\261B\377\263\337gp"
ARM GAS  /var/folders/qd/4mxf5pkd0zdf0b9dd1hp39180000gn/T//ccO7ZM1l.s 			page 11


 146      C7538C9A 
 146      F0C534B1 
 146      42FFB3DF 
 146      6770
 147 02af 83F6CCC6 		.ascii	"\203\366\314\306\275\333uo\271(\025\203\233/\367\260"
 147      BDDB756F 
 147      B9281583 
 147      9B2FF7B0 
 148 02bf 1F59B945 		.ascii	"\037Y\271E=\274E=\004\326O\023y\242\356\3743\353\346"
 148      3DBC453D 
 148      04D64F13 
 148      79A2EEFC 
 148      33EBE6
 149 02d2 31A853BF 		.ascii	"1\250S\277\262\007\370:\0024\215\267\251x\357a\321\267"
 149      B207F83A 
 149      02348DB7 
 149      A978EF61 
 149      D1B7
 150 02e4 61B350C9 		.ascii	"a\263P\311\223\307\003\303\022\256\300\000\310\242l"
 150      93C703C3 
 150      12AEC000 
 150      C8A26C
 151 02f3 0677C445 		.ascii	"\006w\304Eu\272\243s2a\363\244\216\266\222\357\357\337"
 151      75BAA373 
 151      3261F3A4 
 151      8EB692EF 
 151      EFDF
 152 0305 9CBF6313 		.ascii	"\234\277c\023\350\237\011\015wA\246\276\330\005\005"
 152      E89F090D 
 152      7741A6BE 
 152      D80505
 153 0314 8CCC07D5 		.ascii	"\214\314\007\325\207\315\306\011\354kM\360\253\241r"
 153      87CDC609 
 153      EC6B4DF0 
 153      ABA172
 154 0323 FB2AF307 		.ascii	"\373*\363\007\203K\215\360\006\317\004\270q _\300W\234"
 154      834B8DF0 
 154      06CF04B8 
 154      71205FC0 
 154      579C
 155 0335 49188AB5 		.ascii	"I\030\212\265\316\033\374\303\3470\220\026i5\221\003"
 155      CE1BFCC3 
 155      E7309016 
 155      69359103 
 156 0345 E5D039B7 		.ascii	"\345\3209\267P\374\341\241\321\326\004\376+\210\301"
 156      50FCE1A1 
 156      D1D604FE 
 156      2B88C1
 157 0354 BA73BFF1 		.ascii	"\272s\277\361\003=W\244i\323\2112U\\\000\026\030^c\252"
 157      033D57A4 
 157      69D38932 
 157      555C0016 
 157      185E63AA 
 158 0368 6418A188 		.ascii	"d\030\241\210\367\220\355_\210v\374\240\025*\344\021"
 158      F790ED5F 
 158      8876FCA0 
 158      152AE411 
ARM GAS  /var/folders/qd/4mxf5pkd0zdf0b9dd1hp39180000gn/T//ccO7ZM1l.s 			page 12


 159 0378 782F46A3 		.ascii	"x/F\243\207l\264\346\3476\204\370\016\205o\230I\031"
 159      876CB4E6 
 159      E73684F8 
 159      0E856F98 
 159      4919
 160 038a 3691AF3D 		.ascii	"6\221\257=\334\333e\012\302\327\250'\013*\033F\005\351"
 160      DCDB650A 
 160      C2D7A827 
 160      0B2A1B46 
 160      05E9
 161 039c F7210884 		.ascii	"\367!\010\204\035\370\264Z!h<\316b\304%`\"x@8\\\037"
 161      1DF8B45A 
 161      21683CCE 
 161      62C42560 
 161      22784038 
 162 03b2 A81C1CB5 		.ascii	"\250\034\034\2659\232\350\274\301\015\344\374\020C\035"
 162      399AE8BC 
 162      C10DE4FC 
 162      10431D
 163 03c1 C709A0F2 		.ascii	"\307\011\240\362\030\214\201\003\313\240\320\276\350"
 163      188C8103 
 163      CBA0D0BE 
 163      E8
 164 03ce A349B31E 		.ascii	"\243I\263\036{\345\"\306\021\031#\263\031[!x\323[<\244"
 164      7BE522C6 
 164      111923B3 
 164      195B2178 
 164      D35B3CA4 
 165 03e2 99A8946E 		.ascii	"\231\250\224n\241\367\245\352Hp\023\272\336\317\371"
 165      A1F7A5EA 
 165      487013BA 
 165      DECFF9
 166 03f1 6A9DDA3D 		.ascii	"j\235\332=\242kp\241\356a\207-&\257\011\221dR\310\313"
 166      A26B70A1 
 166      EE61872D 
 166      26AF0991 
 166      6452C8CB 
 167 0405 A8A588A6 		.ascii	"\250\245\210\246\245\007\321/.n\022)4==?\237+F5VE8\266"
 167      A507D12F 
 167      2E6E1229 
 167      343D3D3F 
 167      9F2B4635 
 168 041d 71B8AF1E 		.ascii	"q\270\257\036b\227\001\323H\037\254\177\225V\374\034"
 168      629701D3 
 168      481FAC7F 
 168      9556FC1C 
 169 042d E2CBE3CB 		.ascii	"\342\313\343\313\310+E\226PJ\353\351\314S/\023h\247"
 169      C82B4596 
 169      504AEBE9 
 169      CC532F13 
 169      68A7
 170 043f 7F7ED382 		.ascii	"\177~\323\202?\272\012!\012\016\214]\026\250(\321\""
 170      3FBA0A21 
 170      0A0E8C5D 
 170      16A828D1 
 170      22
 171 0450 AF437630 		.ascii	"\257Cv0\276(Fd\307K\017W\311\307W\321\324\226\242yY"
ARM GAS  /var/folders/qd/4mxf5pkd0zdf0b9dd1hp39180000gn/T//ccO7ZM1l.s 			page 13


 171      BE284664 
 171      C74B0F57 
 171      C9C757D1 
 171      D496A279 
 172 0465 FD9CBE1F 		.ascii	"\375\234\276\037\314\264\237\035T\250\004E\377\012\361"
 172      CCB49F1D 
 172      54A80445 
 172      FF0AF1
 173 0474 08132E21 		.ascii	"\010\023.!\333\010i\305$\325x\327\343\027\017q+JL[\347"
 173      DB0869C5 
 173      24D578D7 
 173      E3170F71 
 173      2B4A4C5B 
 174 0489 9A2DA24B 		.ascii	"\232-\242Kl\022\312\207;g\003\257k\321y\374\351\024"
 174      6C12CA87 
 174      3B6703AF 
 174      6BD179FC 
 174      E914
 175 049b 647A4653 		.ascii	"dzFS\347\034`i\212\304\260\036\356\237{s\016\270\237"
 175      E71C6069 
 175      8AC4B01E 
 175      EE9F7B73 
 175      0EB89F
 176 04ae 9BE8D5CA 		.ascii	"\233\350\325\312\357\315ec\032E\273\205giR\216\010\362"
 176      EFCD6563 
 176      1A45BB85 
 176      6769528E 
 176      08F2
 177 04c0 84A8ABF0 		.ascii	"\204\250\253\360<#6\354\204=+\313\241\375\270\012\035"
 177      3C2336EC 
 177      843D2BCB 
 177      A1FDB80A 
 177      1D
 178 04d1 9E2247A1 		.ascii	"\236\"G\241\307\351p\346\027\344\025\270]\256\275\205"
 178      C7E970E6 
 178      17E415B8 
 178      5DAEBD85 
 179 04e1 594E2615 		.ascii	"YN&\025\270\301\015\373d\327\356O\334[\015\316{\366"
 179      B8C10DFB 
 179      64D7EE4F 
 179      DC5B0DCE 
 179      7BF6
 180 04f3 39F7167F 		.ascii	"9\367\026\177\234\027\017\310g\257\255\352TXB\373\312"
 180      9C170FC8 
 180      67AFADEA 
 180      545842FB 
 180      CA
 181 0504 FE5D7B8B 		.ascii	"\376]{\213\363\322\015^n\227\247\250\320\361\366\316"
 181      F3D20D5E 
 181      6E97A7A8 
 181      D0F1F6CE 
 182 0514 9C1D3907 		.ascii	"\234\0359\007\320\325\351\362\344}\264\377\215\002\364"
 182      D0D5E9F2 
 182      E47DB4FF 
 182      8D02F4
 183 0523 CF8CF7CC 		.ascii	"\317\214\367\314;P\344\330\221\223\373n\356\213\260"
 183      3B50E4D8 
ARM GAS  /var/folders/qd/4mxf5pkd0zdf0b9dd1hp39180000gn/T//ccO7ZM1l.s 			page 14


 183      9193FB6E 
 183      EE8BB0
 184 0532 E4E92C78 		.ascii	"\344\351,x\247x\237\023\235\223srw\332w\357*\314s{\366"
 184      A7789F13 
 184      9D937372 
 184      77DA77EF 
 184      2ACC737B 
 185 0547 64DA53B3 		.ascii	"d\332S\263\231\344af,\316\345)a\334\235\357\376\027"
 185      99E46166 
 185      2CCEE529 
 185      61DC9DEF 
 185      FE17
 186 0559 D3AB207E 		.ascii	"\323\253 ~"
 187              		.text
 188              		.section	.gnu.lto_chPoolAllocI.167483599b3d3d83,"",%progbits
 189 0000 789C8592 		.ascii	"x\234\205\222\313k\023Q\024\306\3177\367\316L\250\265"
 189      CB6B1351 
 189      14C6CF37 
 189      F7CE4CA8 
 189      B5
 190 0011 852E43D1 		.ascii	"\205.C\321\200\326R\027\231E\327\356\375;\032\004\021"
 190      80D65217 
 190      9945D7EE 
 190      FD3B1A04 
 190      11
 191 0022 4342E23E 		.ascii	"CB\342>7\217\222\304\007\024\332F\014\203FTj\027\242"
 191      378F92C4 
 191      0714DA46 
 191      0C834654 
 191      6A17A2
 192 0035 E2ABA955 		.ascii	"\342\253\251U\307\024\203\013\333R\351B\214ta\261X)"
 192      C714830B 
 192      DB52E942 
 192      8C7461B1 
 192      5829
 193 0047 62515C28 		.ascii	"bQ\\(I=w\246bU\304af\356\353\234\357\373\2353c\021Q"
 193      493D77A6 
 193      6255C461 
 193      66EEEB9C 
 193      EFFB9D33 
 194 005e CB203ACC 		.ascii	"\313 :\314\343\021~`\021\214\261E\242l\3100D{\230T\227"
 194      E3117E60 
 194      118CB145 
 194      A26CC830 
 194      447B9854 
 195 0073 1C0F93EA 		.ascii	"\034\017\223\352\0260\203m\031L`\002zT!P\306\020\322"
 195      1630836D 
 195      194C6002 
 195      7A542150 
 195      C610D2
 196 0086 440667C5 		.ascii	"D\006g\305\204\300r\341\226+\316\010W\020$/\267\026"
 196      84C072E1 
 196      962BCE08 
 196      5710242F 
 196      B716
 197 0098 AA6B3D7A 		.ascii	"\252k=z\011Dx9]\374\274l\015M)\225S\336\371O\366T~\364"
 197      09447839 
ARM GAS  /var/folders/qd/4mxf5pkd0zdf0b9dd1hp39180000gn/T//ccO7ZM1l.s 			page 15


 197      5DFCBC6C 
 197      0D4D2995 
 197      53DEF94F 
 198 00b0 A82B0CAA 		.ascii	"\250+\014\252p\364]\364\343\016\3725\304=\014q\354\373"
 198      70F45DF4 
 198      E30EFA35 
 198      C43D0C71 
 198      ECFB
 199 00c2 99662924 		.ascii	"\231f)$\016\200x\376=\273:\3353x\315\317{sU\250\203"
 199      0E8078FE 
 199      3DBB3ADD 
 199      3378CDCF 
 199      7B7355A8 
 200 00d7 AE10B80F 		.ascii	"\256\020\270\017\261;\221\267\010\0170\250\3437\012"
 200      B13B91B7 
 200      080F30A8 
 200      E3370A
 201 00e6 63A55E71 		.ascii	"c\245^q\310\317\335\352\234\373f\017\\\361s\027/\365"
 201      C8CFDDEA 
 201      9CFB660F 
 201      5CF17317 
 201      2FF5
 202 00f8 5DCEABE7 		.ascii	"]\316\253\347J\262+f~\317\327\027\207\277\275\335\231"
 202      4AB22B66 
 202      7ECFD717 
 202      87BFBDDD 
 202      99
 203 0109 DC6B49D4 		.ascii	"\334kI\3241P\023\244\321\230hV7\206G\275{\363\245\351"
 203      315013A4 
 203      D1986856 
 203      378647BD 
 203      7BF3A5E9 
 204 011d A9CE7651 		.ascii	"\251\316vQy\315\375K_^\364u\031l-Y\210\317\244\377\266"
 204      79CDFD4B 
 204      5F5EF475 
 204      196C2D59 
 204      88CFA4FF 
 205 0132 A0396C7F 		.ascii	"\2409l\177NTb\005n\225\362\250\314\245\362,\357\321"
 205      4E546205 
 205      6E95F2A8 
 205      CCA5F22C 
 205      EFD1
 206 0144 07E46637 		.ascii	"\007\344f7:yK\013W\205\315\266\225\321\306\222\255\033"
 206      3A794B0B 
 206      5785CDB6 
 206      95D1C692 
 206      AD1B
 207 0156 257CE8B9 		.ascii	"%|\350\271\306B\323\252\341bV)UK\261\201Y\025\026\036"
 207      C642D3AA 
 207      E1625629 
 207      554BB181 
 207      5915161E 
 208 016a 6A4C3E5D 		.ascii	"jL>])\276Z\335\343\334\3403\025ao\314\241\206I\015J"
 208      29BE5ADD 
 208      E3DCE033 
 208      15616FCC 
 208      A186490D 
ARM GAS  /var/folders/qd/4mxf5pkd0zdf0b9dd1hp39180000gn/T//ccO7ZM1l.s 			page 16


 209 017f 780487D6 		.ascii	"x\004\207\326\221\253\215hi\015\300\362\364\016\205"
 209      91AB8D68 
 209      690DC0F2 
 209      F40E85
 210 018e D67CF37A 		.ascii	"\326|\363z\367\216\035\242A\265e\356X{\370'N\371Yop"
 210      F78E1DA2 
 210      41B565EE 
 210      587BF827 
 210      4EF9596F 
 211 01a3 6EECC691 		.ascii	"n\354\306\221\177\341\260\243/\362\370\0370O|\030h\030"
 211      7FE1B0A3 
 211      2FF2F81F 
 211      304F7C18 
 211      6818
 212 01b5 8F61587B 		.ascii	"\217aX{\345\364\005SK\377Y\327\276\377\224\365\364W"
 212      E5F40553 
 212      4BFF59D7 
 212      BEFF94F5 
 212      F457
 213 01c7 590D380C 		.ascii	"Y\0158\014\3463K\032\0173\363&d\200\253\377\272z}\263"
 213      E6334B1A 
 213      0F33F326 
 213      6480ABFF 
 213      BA7A7DB3 
 214 01db 6567DA2A 		.ascii	"eg\332*\344\012\273\242\2751\217\014\261\266+B~\222"
 214      E40ABBA2 
 214      BD318F0C 
 214      B1B62B42 
 214      7E92
 215 01ed B9D3F875 		.ascii	"\271\323\370u\030\024tE\322Gn\323\332D8P\221\034\366"
 215      18147445 
 215      D2476ED3 
 215      DA443850 
 215      911CF6
 216 0200 15920B13 		.ascii	"\025\222\013\023\257\267=\260\254\324\237\016:\217}"
 216      AFB73DB0 
 216      ACD49F0E 
 216      3A8F7D
 217 020f 23D1A813 		.ascii	"#\321\250\023\334\211\264\223:\345\244S1'v<~,\236L$"
 217      DC89B493 
 217      3AE5A453 
 217      3127763C 
 217      7E2C9E4C 
 218 0224 4EA6A331 		.ascii	"N\246\24312\342I\231\0309\221\374\001}\034\366|"
 218      32E24999 
 218      183991FC 
 218      017D1CF6 
 218      7C
 219              		.text
 220              		.section	.gnu.lto_chPoolAlloc.167483599b3d3d83,"",%progbits
 221 0000 789C8D54 		.ascii	"x\234\215T\377oSU\024\277\347\335\373^k77\302O\373a"
 221      FF6F5355 
 221      14BFE7DD 
 221      FB5E6B37 
 221      37C24FFB 
 222 0015 C1B768C5 		.ascii	"\301\267h\305!i\371\315\304\230ECb4f\277\260?\300\260"
 222      2169F9CD 
ARM GAS  /var/folders/qd/4mxf5pkd0zdf0b9dd1hp39180000gn/T//ccO7ZM1l.s 			page 17


 222      C4984543 
 222      623466BF 
 222      B03FC0B0 
 223 0029 DA04CC4A 		.ascii	"\332\004\314J\233v#\360\323.[\227\256\"\201\010+\322"
 223      9B7623F0 
 223      D32E5B97 
 223      AE228108 
 223      2BD2
 224 003b 346E2A84 		.ascii	"4n*\204\201\301/\210\272nc\324\316\215\011\254sXp\256"
 224      81C12F88 
 224      BA6E63D4 
 224      CE8D09AC 
 224      735870AE 
 225 004f 66419601 		.ascii	"fA\226\001\323e|\321\020\221X<\347\276\016\273N\211"
 225      D3657CD1 
 225      1091583C 
 225      E7BE0EBB 
 225      4E89
 226 0061 4DFB7AEF 		.ascii	"M\373z\357=\237s\316\347|\316\271\317`\214U\031\214"
 226      3D9F73CE 
 226      E77CCEB9 
 226      CF608C55 
 226      198C
 227 0073 0DE37F1D 		.ascii	"\015\343\177\035\376\300`\240\355\3130\266\313\256i"
 227      FEC060A0 
 227      EDCB30B6 
 227      CBAE69
 228 0082 3C53C7A4 		.ascii	"<S\307\244C\244+\231,\347\240[\307bi\241\003\320B\332"
 228      43A42B99 
 228      2CE7A05B 
 228      C76269A1 
 228      03D042DA 
 229 0096 81B56A5C 		.ascii	"\201\265j\\\350\320\012o\363\003\034&\303\237&\370n"
 229      E8D00A6F 
 229      F3031C26 
 229      C39F26F8 
 229      6E
 230 00a7 9EE00C04 		.ascii	"\236\340\014\004no\217\307g+h\013`\342\366X\344\267"
 230      6E6F8FC7 
 230      672B680B 
 230      60E2F658 
 230      E4B7
 231 00b9 49A3F6A8 		.ascii	"I\243\366\250\224m2up\332q\264\275\343\225\004\327X"
 231      946D3275 
 231      70DA71B4 
 231      BDE39504 
 231      D758
 232 00cb 0CD1A7A0 		.ascii	"\014\321\247\240\032>\207jb\361\005\324\"\366F\337h"
 232      1A3E876A 
 232      62F105D4 
 232      22F646DF 
 232      68
 233 00dc A79D3F09 		.ascii	"\247\235?\011\014\327\367w\315\034\253X{D\371e\017s"
 233      0CD7F777 
 233      CD1CAB58 
 233      7B44F965 
 233      0F73
ARM GAS  /var/folders/qd/4mxf5pkd0zdf0b9dd1hp39180000gn/T//ccO7ZM1l.s 			page 18


 234 00ee F9548273 		.ascii	"\371T\202s\370\022x\261#\0361\370\012\326\022~>\274"
 234      F81278B1 
 234      231E31F8 
 234      0AD6127E 
 234      3EBC
 235 0100 AFB3923F 		.ascii	"\257\263\222?\255|o\347\367\374is~\250|\357\036_\375"
 235      AD7C6FE7 
 235      F7FC6973 
 235      7EA87CEF 
 235      1E5FFD
 236 0113 7EBB1C93 		.ascii	"~\273\034\223\002\263B\337r\177\372 \374\352g\371\256"
 236      02B342DF 
 236      727FFA20 
 236      FCEA67F9 
 236      AE
 237 0124 C70D0149 		.ascii	"\307\015\001Ip\022/\244\323\017\006<4\204%~R\227?2\324"
 237      70122FA4 
 237      D30F063C 
 237      3484257E 
 237      52973F32 
 238 0139 798C4391 		.ascii	"y\214C\221\017\203\001\204\016\242\212%\360\334\334"
 238      0F830184 
 238      0EA28A25 
 238      F0DCDC
 239 0148 F33A2343 		.ascii	"\363:#C\014\213E\333\365\301H\026\370k\312w\341ZgJ\024"
 239      0C8B45DB 
 239      F5C14816 
 239      F86BCA77 
 239      E15A674A 
 240 015d E84DC49F 		.ascii	"\350M\304\237\2717uC\312w$$\270\200\241G\020\264\002"
 240      B9377543 
 240      CA772424 
 240      B880A147 
 240      10B402
 241 0170 2FDE33E0 		.ascii	"/\3363\340\014\022\205\323\024\233/\343\222B._SG\361"
 241      0C1285D3 
 241      149B2FE3 
 241      92422E5F 
 241      5347F1
 242 0183 01584689 		.ascii	"\001XF\211\024\007\357\330\016\235\2222\372\342\177"
 242      1407EFD8 
 242      0E9D9232 
 242      FAE27F
 243 0192 48016970 		.ascii	"H\001ip~rQO\311\374\203\010&Z\227\371}fu\271\006\244"
 243      7E72514F 
 243      C9FC8308 
 243      265A97F9 
 243      7D6675B9 
 244 01a8 30574681 		.ascii	"0WF\201\212\353\272Z\032\352\311X'\352\205S!S,\212\205"
 244      8AEBBA5A 
 244      1AEAC958 
 244      27EA8553 
 244      21532C8A 
 245 01bd E2AA3DC5 		.ascii	"\342\252=\305\256\201\266\262\314\0157\037]&\014\203"
 245      AE81B6B2 
 245      CC0D371F 
 245      5D260C83 
ARM GAS  /var/folders/qd/4mxf5pkd0zdf0b9dd1hp39180000gn/T//ccO7ZM1l.s 			page 19


 246 01cd 139D22F3 		.ascii	"\023\235\"\363\362\264\240\351\021`\3027h\373\025\332"
 246      F2B4A0E9 
 246      1160C237 
 246      68FB15DA 
 247 01dd AEDEDC7B 		.ascii	"\256\336\334{`\266\252D\207\375\267\034\205~\210\025"
 247      60B6AA44 
 247      87FDB71C 
 247      857E8815 
 248 01ed DA77B891 		.ascii	"\332w\270\221\344\010\331\364R\333\371\370\013~J\305"
 248      E408D9F4 
 248      52DBF9F8 
 248      0B7E4AC5 
 249 01fd 6074A57E 		.ascii	"`t\245~gQ\2661\322o\214\364\003\326K\012~\320}\362\017"
 249      6751B631 
 249      D26F8CF4 
 249      03D64B0A 
 249      7ED07DF2 
 250 0212 474D12BA 		.ascii	"GM\022\272\345\273f\202\253F\237\230\035\220v\241!\351"
 250      E5BB6682 
 250      AB469F98 
 250      1D9076A1 
 250      21E9
 251 0224 6FA14675 		.ascii	"o\241Fu\350\326B6\247\341\011\234\003\241h38\257nC\357"
 251      E8D64236 
 251      A7E1099C 
 251      03A16833 
 251      38AF6E43 
 252 0239 D0F05C79 		.ascii	"\320\360\\y\315`\301\333F\330;\037\237\274T\246\274"
 252      CD60C1DB 
 252      46D83B1F 
 252      9FBC54A6 
 252      BC
 253 024a 2F90378C 		.ascii	"/\2207\214\203@\311\332L%\001\243\345\225h\237N\265"
 253      8340C9DA 
 253      4C2501A3 
 253      E595689F 
 253      4EB5
 254 025c 2178E0EC 		.ascii	"!x\340\354\341\375K\".\036\257\210\313T\330\374\227"
 254      E1FD4B22 
 254      2E1EAF88 
 254      CB54D8FC 
 254      97
 255 026d 9BA014CC 		.ascii	"\233\240\024\314\2003\216M\370\005\332\372\347\363\355"
 255      80338E4D 
 255      F805DAFA 
 255      E7F3ED
 256 027c 4649E5E7 		.ascii	"FI\345\347\236%@A3\243x\356\251\2210\201%\177G\265\343"
 256      9E254041 
 256      33A378EE 
 256      A9913081 
 256      257F47B5 
 257 0291 23CEE95E 		.ascii	"#\316\351^\307:\322\0236j\2055\361\203\351\361Q\243"
 257      C73AD213 
 257      366A8535 
 257      F183E9F1 
 257      51A3
 258 02a3 07DEC306 		.ascii	"\007\336\303\006\3321\015LRZ<\317F\246f\312\334'(G\317"
ARM GAS  /var/folders/qd/4mxf5pkd0zdf0b9dd1hp39180000gn/T//ccO7ZM1l.s 			page 20


 258      DA310D4C 
 258      525A3CCF 
 258      46A666CA 
 258      DC272847 
 259 02b8 FDBDD538 		.ascii	"\375\275\3258!p\021z\240\013\007\203\2022\370\036\334"
 259      2170117A 
 259      A00B0783 
 259      8232F81E 
 259      DC
 260 02c9 54544F23 		.ascii	"TTO#\205\246d\030\236\315A87<\332[^H\007.\253\206(\232"
 260      85A66418 
 260      9ECD4138 
 260      373CDA5B 
 260      5E48072E 
 261 02e1 32753843 		.ascii	"2u8C\252\210\350H\245e\027\305t\364R:\217Q\200\354J"
 261      AA88E848 
 261      A56517C5 
 261      74F4523A 
 261      8F5180EC 
 262 02f6 3A26612F 		.ascii	":&a/).P\340r\031\271`\350\354[\207t\212\374?\313ZC\201"
 262      292E50E0 
 262      7219B960 
 262      E8EC5B87 
 262      748AFC3F 
 263 030e 7E5856D4 		.ascii	"~XV\324\024\270\221\226b,X\272\022\031/`\347\025Y\035"
 263      14B89196 
 263      622C58BA 
 263      12192F60 
 263      E715591D 
 264 0322 BD93C985 		.ascii	"\275\223\311\205\234\255\365/iOpG\214\333,\237\037\241"
 264      9CADF52F 
 264      694F7047 
 264      8CDB2C9F 
 264      1FA1
 265 0334 95618A04 		.ascii	"\225a\212\004/S~z\321u\261d1\224N\327\273\252\324\013"
 265      2F537E7A 
 265      D175B164 
 265      31944ED7 
 265      BBAAD40B 
 266 0348 28539806 		.ascii	"(S\230\006S\355\322\313vIk\207\216g\324\265y(\216\300"
 266      53EDD2CB 
 266      76496B87 
 266      8E67D4B5 
 266      79288EC0 
 267 035c 4AA78BAF 		.ascii	"J\247\213\257\215\365.(\314r\276\373\347\241\262\245"
 267      8DF52E28 
 267      CC72BEFB 
 267      E7A1B2A5 
 268 036c 319D5663 		.ascii	"1\235Vc\232ScZ:\223?Y3y\345\310\236\3765*\007c\213\270"
 268      9A53635A 
 268      3A933F59 
 268      3379E5C8 
 268      9EFE352A 
 269 0384 DD3D3862 		.ascii	"\335=8bP~\242\312\330]\325:>\375 \005X\265\240\227\001"
 269      507EA2CA 
 269      D85DD53A 
 269      3EFD2005 
ARM GAS  /var/folders/qd/4mxf5pkd0zdf0b9dd1hp39180000gn/T//ccO7ZM1l.s 			page 21


 269      58B5A097 
 270 0399 504D18C6 		.ascii	"PM\030\306t\271\334\326\327\037r\007\233\335\241\240"
 270      74B9DCD6 
 270      D71F7207 
 270      9BDDA1A0 
 271 03a9 C7EDD9E2 		.ascii	"\307\355\331\342\363\372\002~\177S\310\345a\232/ \374"
 271      F3FA027E 
 271      7F53C8E5 
 271      619A2F20 
 271      FC
 272 03ba 8D6F069E 		.ascii	"\215o\006\236(\001n\335\346ijy\303\213\340\320\316\220"
 272      28016EDD 
 272      E6696A79 
 272      C38BE0D0 
 272      CE90
 273 03cc 6B0BD3B7 		.ascii	"k\013\323\267onj\361\326\226\240\002\376`s\310\375\322"
 273      6F6E6AF1 
 273      D696A002 
 273      FE6073C8 
 273      FDD2
 274 03de A6FA8DF5 		.ascii	"\246\372\215\365;\020\352\361\007\275\257o\177\316\207"
 274      3B10EAF1 
 274      07BDAF6F 
 274      7FCE87
 275 03ed F8F5C548 		.ascii	"\370\365\305H\357\216f\367\306\372\206W\033\376\011"
 275      EF8E66F7 
 275      C6FA8657 
 275      1BFE09
 276 03fc 4B488FEF 		.ascii	"KH\217\357\345\226m\036\004\257\252o\330d6n\016y\003"
 276      E5966D1E 
 276      04AFAA6F 
 276      D864366E 
 276      0E7903
 277 040f C1ADEB4D 		.ascii	"\301\255\353M\347\006\246\005\231\015I\372\203;\331"
 277      E706A605 
 277      990D49FA 
 277      833BD9
 278 041e DF0F512C 		.ascii	"\337\017Q,\021"
 278      11
 279              		.text
 280              		.section	.gnu.lto_chPoolFreeI.167483599b3d3d83,"",%progbits
 281 0000 789C8552 		.ascii	"x\234\205R\317k\023Q\020\236og7\011\244V\360 \242E\002"
 281      CF6B1351 
 281      109E6F67 
 281      3709A456 
 281      F020A245 
 282 0015 5A4311B3 		.ascii	"ZC\021\263\377\220'\203P\304\220\245\361\336\227\264"
 282      FF902783 
 282      50C490A5 
 282      F1DE97B4 
 283 0025 31A97AE8 		.ascii	"1\251z\350\301\246\020\026Y\324\"=\224*jMk\3255J\361"
 283      C1A61016 
 283      59D4223D 
 283      942A6A4D 
 283      6BD5354A 
 284 003a 6015A505 		.ascii	"`\025\245\005E\211\240\030\334\"\202\370\343\"Tg\266"
 284      4589A018 
ARM GAS  /var/folders/qd/4mxf5pkd0zdf0b9dd1hp39180000gn/T//ccO7ZM1l.s 			page 22


 284      DC2282F8 
 284      E3225467 
 284      B6
 285 004b 15AD220E 		.ascii	"\025\255\"\016\373\330yo\346\373\346{\337n\202\210\312"
 285      FBD8796F 
 285      E6FBE67B 
 285      DF6E8288 
 285      CA
 286 005c 16514EDE 		.ascii	"\026QN\336{d\201\011\326\370#9LY\200&&\005\032\2660"
 286      7B648109 
 286      D6F82339 
 286      4C598026 
 286      26051AB6 
 287 0071 8C337C96 		.ascii	"\2143|\226\321\256u\347\255\201KF\"\234\234K\2374\325"
 287      D1AE75E7 
 287      AD814B46 
 287      229C9C4B 
 287      9F34D5
 288 0084 5D3E1335 		.ascii	"]>\0235di\340*\006\244\353\311\350e\237O\263\317\200"
 288      6469E02A 
 288      06A4EBC9 
 288      E8659F4F 
 288      B3CF80
 289 0097 2DDB8FCB 		.ascii	"-\333\217\313\3157\275\272\265\220\221\355\273\326R"
 289      CD37BDBA 
 289      B59091ED 
 289      BBD652
 290 00a6 3DC5FB40 		.ascii	"=\305\373@\222\177+w\246{\263S\306TL\370\360\"\233\375"
 290      927F2B77 
 290      A67BB353 
 290      C6544CF8 
 290      F0229BFD 
 291 00ba 3E33E6C0 		.ascii	">3\346\300B\210\353\350\3035\364\221\034\021n +\355"
 291      4288EBE8 
 291      C335F491 
 291      1C116E20 
 291      2BED
 292 00cc D1E8787D 		.ascii	"\321\350x};\037\210\241_\337\2576{6\241/\247b\250\215"
 292      3B1F88A1 
 292      5FDFAF36 
 292      7B36A12F 
 292      A762A88D 
 293 00e0 D69F509B 		.ascii	"\326\237P\2330\217\254\366\277x\336i\365\360\301\030"
 293      308FACF6 
 293      BF78DE69 
 293      F5F0C118 
 294 00f0 BBFA6AFA 		.ascii	"\273\372j\372p\377\205\030\332\235\331{~\304<0\266\317"
 294      70FF8518 
 294      DA9DD97B 
 294      7EC43C30 
 294      B6CF
 295 0102 0E16B6C2 		.ascii	"\016\026\266\3025\244\373\365\225\365\211m\011\0337"
 295      35A4FBF5 
 295      95F5896D 
 295      091B37
 296 0111 D11FFCBC 		.ascii	"\321\037\374\274,\026\221 H2\373\324\011\315\372\367"
 296      2C169120 
ARM GAS  /var/folders/qd/4mxf5pkd0zdf0b9dd1hp39180000gn/T//ccO7ZM1l.s 			page 23


 296      4832FBD4 
 296      09CDFAF7 
 297 0121 9A093B87 		.ascii	"\232\011;\207\242\317_v$!S\0351O\306\332P\335DuA\210"
 297      A2CF5F76 
 297      2421531D 
 297      314FC6DA 
 297      50DD4475 
 298 0137 9726A431 		.ascii	"\227&\2441\2664\033\011\251\213J\360\251\341*\217\022"
 298      B6341B09 
 298      A98B4AF0 
 298      A9E12A8F 
 298      12
 299 0148 37A5B086 		.ascii	"7\245\260\206\312B\024U\323z\326d\310\344F\265\3758"
 299      CA421455 
 299      D37AD664 
 299      C8E446B5 
 299      FD38
 300 015a A9CE712C 		.ascii	"\251\316q,{\261\275\274\224\010p\256,\366g|\226&\033"
 300      7BB1BDBC 
 300      940870AE 
 300      2CF6677C 
 300      96261B
 301 016d B754A7D4 		.ascii	"\267T\247\324Vj\317:iw\306l\224\034\334F\200\211\370"
 301      566ACF3A 
 301      6977C66C 
 301      941CDC46 
 301      8089F8
 302 0180 B3E00E5C 		.ascii	"\263\340\016\\\345^95\346(\365\357\274\316_\274\301"
 302      E55E3935 
 302      E628F5EF 
 302      BCCE5FBC 
 302      C1
 303 0191 6E9F93A2 		.ascii	"n\237\223\242\006\341?\210\357\306\304zu\264\341\212"
 303      06E13F88 
 303      EFC6C47A 
 303      75B4E18A 
 304 01a1 4EE56E44 		.ascii	"N\345nDko\223\233\344[\330v\376G\346\275_2\357+\233"
 304      6B6F939B 
 304      E45BD876 
 304      FE47E6BD 
 304      5F32EF2B 
 305 01b6 451FC498 		.ascii	"E\037\304\230\331I\304\006k\324e\202X&?i&\227s7\236"
 305      D949C406 
 305      6BD46582 
 305      58263F69 
 305      26977337 
 306 01cb 62C91D3A 		.ascii	"b\311\035:\341\226\206\362n~\260p\264\340\025\213\307"
 306      E19686F2 
 306      6E7EB070 
 306      B4E0158B 
 306      C7
 307 01dc 4BB93C59 		.ascii	"K\271<Y\005\317.\0369\346\2617\350\375\000WC\334\332"
 307      05CF2E1E 
 307      39E6B137 
 307      E8FD0057 
 307      43DCDA
 308              		.text
ARM GAS  /var/folders/qd/4mxf5pkd0zdf0b9dd1hp39180000gn/T//ccO7ZM1l.s 			page 24


 309              		.section	.gnu.lto_chPoolFree.167483599b3d3d83,"",%progbits
 310 0000 789C8D53 		.ascii	"x\234\215SmlSU\030~\337{no\013\233\223\370\303\020%"
 310      6D6C5355 
 310      187EDF7B 
 310      6E6F0B9B 
 310      93F8C310 
 311 0015 7817AD75 		.ascii	"x\027\255u\011\331\345\237\211\361\217!11f\177\330_"
 311      09D9E59F 
 311      89F18F21 
 311      3131667F 
 311      D85F
 312 0027 1303B5C9 		.ascii	"\023\003\265\3110+m\332\215\300/\016c\263\235\223\217"
 312      302B6DDA 
 312      8DC02F0E 
 312      63B39D93 
 312      8F
 313 0038 C0A8A669 		.ascii	"\300\250\246i\\\203,\302\217\211\202\037\335\007[\035"
 313      5C832CC2 
 313      8F89821F 
 313      DD075B1D 
 314 0048 7343611B 		.ascii	"sCa\033`\247\303\352D\226U\212\023D\023#\232L\337\367"
 314      60A7C3EA 
 314      4496558A 
 314      13441323 
 314      9A4CDFF7 
 315 005c DC0B6EB7 		.ascii	"\334\013n\267\206x\323\217{\316y\336\347<\347y\237c"
 315      8678D38F 
 315      7BCE79DE 
 315      E73CE779 
 315      9F63
 316 006e 00C08807 		.ascii	"\000\300\210\007`\202\376\037\245/\012@\355\340\024"
 316      6082FE1F 
 316      A52F0A40 
 316      EDE014
 317 007d C01E9F86 		.ascii	"\300\036\237\206\310/\322\207\260[\303\335\370\206\350"
 317      C82FD287 
 317      B05BC3DD 
 317      F886E8
 318 008c 16389A28 		.ascii	"\0268\232(\365ku\357Jz\362o\036\252yMv\254\315\010\200"
 318      F56B75EF 
 318      4A7AF26F 
 318      1EAA794D 
 318      76ACCD08 
 319 00a1 147DF9C1 		.ascii	"\024}\371\301\323XG\250K\355\357gD\227\310\010D\235"
 319      D35847A8 
 319      4BEDEF67 
 319      4497C808 
 319      449D
 320 00b3 86B727D3 		.ascii	"\206\267'\323\3635<\324\320\244\341\365\334x\322'\036"
 320      F3353CD4 
 320      D0A4E1F5 
 320      DC78D227 
 320      1E
 321 00c4 47A0F7BF 		.ascii	"G\240\367\277\366\314\235\250\011\364J\331&\363c\307"
 321      F6CC9DA8 
 321      09F44AD9 
 321      26F363C7 
ARM GAS  /var/folders/qd/4mxf5pkd0zdf0b9dd1hp39180000gn/T//ccO7ZM1l.s 			page 25


 322 00d4 847C2223 		.ascii	"\204|\"#\004~\214\202\010\361#\\\207\037\342:\240)\300"
 322      047E8C82 
 322      08F1235C 
 322      871FE23A 
 322      A029C0
 323 00e7 4F3040F0 		.ascii	"O0@\360r\373\301\344\203\342IU\372\373\342L\272\332"
 323      72FBC1E4 
 323      83E24955 
 323      FAFBE24C 
 323      BADA
 324 00f9 292DF4AA 		.ascii	")-\364\252R\035s\356R\035\260\037\003\214\277\366\301"
 324      521D73EE 
 324      521DB01F 
 324      038CBFF6 
 324      C1
 325 010a D291070C 		.ascii	"\322\221\007\014\335\326\212\003h\340\275\311vu\236"
 325      DDD68A03 
 325      68E0BDC9 
 325      76759E
 326 0119 9B3943CD 		.ascii	"\2339C\315\247\004.\307\343 A\207\320\000\027\274\270"
 326      A7042EC7 
 326      E3204187 
 326      D00017BC 
 326      B8
 327 012a F08C0778 		.ascii	"\360\214\007x!%4^\373q(Q@\361\242\252],%\363\272\377"
 327      2125345E 
 327      FB712851 
 327      40F1A2AA 
 327      5D2C25F3 
 328 0140 1DA56D3A 		.ascii	"\035\245m:\375\324\235\331\353R\036\222\230\021\036"
 328      FDD49DD9 
 328      EB521E92 
 328      98111E
 329 014f 1C5EA990 		.ascii	"\034^\251\220\037\267\216;\006\216\240\037\360\014s"
 329      1FB78E3B 
 329      068EA01F 
 329      F00C73
 330 015e 8B155AF2 		.ascii	"\213\025Z\362\244\345S\322\302?H\245'/{\362r\351\357"
 330      A4E553D2 
 330      C23F48A5 
 330      272F7BF2 
 330      72E9EF
 331 0171 0475E3A1 		.ascii	"\004u\343\241\334\305\362\376\300*j\033yE\316\323\261"
 331      DCC5F2FE 
 331      C02A6A1B 
 331      7945CED3 
 331      B1
 332 0182 7532C000 		.ascii	"u2\300\000H\322\211\251\2252\017\235$\225\336\366\346"
 332      48D289A9 
 332      95320F9D 
 332      2495DEF6 
 332      E6
 333 0193 A1845AA5 		.ascii	"\241\204Z\245\320\215\267\356/\024G\321OE\211\262<\243"
 333      D08DB7EE 
 333      2F1447D1 
 333      4F4589B2 
 333      3CA3
ARM GAS  /var/folders/qd/4mxf5pkd0zdf0b9dd1hp39180000gn/T//ccO7ZM1l.s 			page 26


 334 01a5 733F3D68 		.ascii	"s?=h\342YZ\373\011\333\256\335:\320=\277\326u\222\303"
 334      E2595AFB 
 334      09DBAEDD 
 334      3AD03DBF 
 334      D67592C3 
 335 01b9 A91AC751 		.ascii	"\251\032\307Q\275\302\275\016\213\334\033\3435\217{"
 335      BDC2BD0E 
 335      8BDC1BE3 
 335      358F7B
 336 01c8 ED7CFAD9 		.ascii	"\355|\372\331\010o\005\370Y\245\003\343t\360\011v`\202"
 336      086F05F8 
 336      59A503E3 
 336      74F00976 
 336      6082
 337 01da 1D4038CE 		.ascii	"\035@8\316m<\332s\352\217\325\265\375\330#\33723\302"
 337      6D3CDA73 
 337      EA8FD5B5 
 337      FDD823DF 
 337      3233C2
 338 01ed CB057DF3 		.ascii	"\313\005}\363\203\322\247k$\372\034\326*\217\177Y,\024"
 338      83D2A76B 
 338      24FA1CD6 
 338      2A8F7F59 
 338      2C14
 339 01ff 359AC1CF 		.ascii	"5\232\301\317QW\262\001\277P\371<>|v\241\272v\310\251"
 339      5157B201 
 339      BF50F93C 
 339      3E7C76A1 
 339      BA76C8A9 
 340 0213 F631F6D7 		.ascii	"\3661\366\327\367N\315T\251\352\363\\\215\027P'\313"
 340      F74ECD54 
 340      A9EAF35C 
 340      8D175027 
 340      CB
 341 0224 DA4C6501 		.ascii	"\332Le\001\360\353\325\316./\237\215\300\203\023\307"
 341      F0EBD5CE 
 341      2E2F9F8D 
 341      C08313C7 
 342 0234 0EDF3571 		.ascii	"\016\3375q*W\235\226\371v\363?r\254\034\234D\177\232"
 342      2A579D96 
 342      F976F33F 
 342      72AC1C9C 
 342      447F9A
 343 0247 9A4004D9 		.ascii	"\232@\004\331\223t?l\202\333K\373\376\364V\020T\244"
 343      93743F6C 
 343      82DB4BFB 
 343      FEF45610 
 343      54A4
 344 0259 59114C31 		.ascii	"Y\021L1\201P\004\277\245,\227s\245\234\301\000\336\305"
 344      815004BF 
 344      A52C9773 
 344      A59CC100 
 344      DEC5
 345 026b 315EC5B6 		.ascii	"1^\305\266xe.W-\306Pes\346\373\023/9{\225\372\326\037"
 345      78652E57 
 345      2DC65065 
 345      73E6FB13 
ARM GAS  /var/folders/qd/4mxf5pkd0zdf0b9dd1hp39180000gn/T//ccO7ZM1l.s 			page 27


 345      2F397B95 
 346 0282 DD2BCF49 		.ascii	"\335+\317I\235b\202\027\357\023L\035/1\3434Y~\231\275"
 346      9D628217 
 346      EF134C1D 
 346      2F31E334 
 346      597E99BD 
 347 0296 A71F9E61 		.ascii	"\247\037\236a!7\260m\240\\\356\250\342\271\264`;S\035"
 347      2137B06D 
 347      A05CEEA8 
 347      E2B9B460 
 347      3B531D
 348 02a9 A3D35E8E 		.ascii	"\243\323^\216\207}\217\206F'\307\215,\276M\241ZEG\307"
 348      877D8F86 
 348      4627C78D 
 348      2CBE4DA1 
 348      5A4547C7 
 349 02bd 2F999CE6 		.ascii	"/\231\234\346\013\211\331\271*\253\217u\233\274\177"
 349      0B89D9B9 
 349      2AAB8F75 
 349      9BBC7F
 350 02cc 01B37884 		.ascii	"\001\263x\204\222\312\273\000\316\240\305\324\205\327"
 350      92CABB00 
 350      CEA0C5D4 
 350      85D7
 351 02da 3B3DCCBC 		.ascii	";=\314\274\234\326p\323\256&\035\370U%m\366\021\006"
 351      9CD670D3 
 351      AE261DF8 
 351      55256DF6 
 351      1106
 352 02ec 7FAD78D1 		.ascii	"\177\255x\321\341\235E\213T2u\252|c\301\353p\377\017"
 352      E19D458B 
 352      543275AA 
 352      7C63C1EB 
 352      70FF0F
 353 02ff 8DD98799 		.ascii	"\215\331\207\231\354\312\012\221\3370\231\335\213\323"
 353      ECCA0A91 
 353      DF3099DD 
 353      8BD3
 354 030d 763395F3 		.ascii	"v3\225\363*)j4e\217(s#\352\346\334;\203\207\364\024"
 354      2A296A34 
 354      658F2873 
 354      23EAE6DC 
 354      3B8387F4 
 355 0322 9D9BF3F3 		.ascii	"\235\233\363\363\201\356\240}\237\2354/\365\3740\\u"
 355      81EEA07D 
 355      9F9D342F 
 355      F5FC305C 
 355      75
 356 0333 37A84515 		.ascii	"7\250E\025\324oUP\335\251\374\316N\345\325\336}\003"
 356      D46F5550 
 356      DDA9FCCE 
 356      4EE5D5DE 
 356      7D03
 357 0345 EBD51600 		.ascii	"\353\325\026\0007i\330\265?\300\273\253\026&\351\344"
 357      3769D8B5 
 357      3FC0BBAB 
 357      1626E9E4 
ARM GAS  /var/folders/qd/4mxf5pkd0zdf0b9dd1hp39180000gn/T//ccO7ZM1l.s 			page 28


 358 0355 74E3A9C6 		.ascii	"t\343\251\306\254\257\267\354O$n\305Z\254x,h\005\233"
 358      ACAFB7EC 
 358      4F246EC5 
 358      5AAC782C 
 358      68059B
 359 0368 C2A17034 		.ascii	"\302\241p4\022i\216\327\007A\013G\365\310\326W\243\217"
 359      12698ED7 
 359      07410B47 
 359      F5C8D657 
 359      A38F
 360 037a B980DBB6 		.ascii	"\271\200\333\266\007\233[_\011\0218\276+^\337\004\236"
 360      079B5B5F 
 360      091138BE 
 360      2B5EDF04 
 360      9E
 361 038b 1D5B9A5B 		.ascii	"\035[\232[Cu.T4\022k\211[\317mn\330\324\260\223\240"
 361      43752E54 
 361      34126B89 
 361      5BCF6D6E 
 361      D8D4B093 
 362 03a0 C1482CF4 		.ascii	"\301H,\364\362\216\247\303\204\337\260\034\031\332\331"
 362      F28EA7C3 
 362      84DFB01C 
 362      19DAD9
 363 03af 626D6A68 		.ascii	"bmjh|\241\361_ZF\006\303\317\267n\017\022xMC\343fs\353"
 363      7CA1F15F 
 363      5A4606C3 
 363      CFB76E0F 
 363      12784D43 
 364 03c7 9678281A 		.ascii	"\226x(\032\333\266\301\364o\004-\006^\022\031\211\355"
 364      DBB6C1F4 
 364      6F042D06 
 364      5E121989 
 364      ED
 365 03d8 02116D8A 		.ascii	"\002\021m\212\376\003\263]\021\200"
 365      FE03B35D 
 365      1180
 366              		.text
 367              		.section	.gnu.lto_.symbol_nodes.167483599b3d3d83,"",%progbits
 368 0000 789C55C8 		.ascii	"x\234U\310-\026@P\024E\341s\334\307h\014\202\221\335"
 368      2D164050 
 368      1445E173 
 368      DCC7680C 
 368      8291DD
 369 0013 172C5950 		.ascii	"\027,YP\014@\364\333h\024\315|\024\313\015\312\015;"
 369      0C40F4DB 
 369      6814CD7C 
 369      14CB0DCA 
 369      0D3B
 370 0025 EC2F03D0 		.ascii	"\354/\003\320YH6*\320\334\200\202[u\304\302l\240\362"
 370      5948362A 
 370      D0DC8082 
 370      5B75C4C2 
 370      6CA0F2
 371 0038 37ECB134 		.ascii	"7\354\2614\031\251\211\227\211*^fj\360\262PS/+5s\022"
 371      19A98997 
 371      892A5E66 
ARM GAS  /var/folders/qd/4mxf5pkd0zdf0b9dd1hp39180000gn/T//ccO7ZM1l.s 			page 29


 371      6AF0B250 
 371      532F2B35 
 372 004e 80B67F09 		.ascii	"\200\266\177\011\021\340|r\261?\353K\360\001W'(\007"
 372      11E07C72 
 372      B13FEB4B 
 372      F0015727 
 372      2807
 373              		.text
 374              		.section	.gnu.lto_.refs.167483599b3d3d83,"",%progbits
 375 0000 789C6363 		.ascii	"x\234cc```\004b\006\000\000D\000\010"
 375      60606004 
 375      62060000 
 375      440008
 376              		.text
 377              		.section	.gnu.lto_.decls.167483599b3d3d83,"",%progbits
 378 0000 789CC557 		.ascii	"x\234\305WkP\024W\026\356\333=\014\3030\003\006\255"
 378      6B501457 
 378      16EEDB3D 
 378      0CC33003 
 378      06AD
 379 0012 DD6C2D5B 		.ascii	"\335l-[\261\224TH*\314\250y\230l\355\217\270V\262\261"
 379      B1945448 
 379      2ACCA879 
 379      986CED8F 
 379      B856B2B1 
 380 0026 2AC9A6E2 		.ascii	"*\311\246\342\346G\266\266v2\031&a\022\230\231\235\031"
 380      E647B6B6 
 380      76321926 
 380      61129899 
 380      9D19
 381 0038 B371FF6C 		.ascii	"\263q\377l\003>P\224\200\022\004$B\204\340\013\210\017"
 381      033E5094 
 381      80120424 
 381      4284E00B 
 381      880F
 382 004a 44010923 		.ascii	"D\001\011#\370@\020E@\021\224\207\212\206\030\003(*"
 382      F8401045 
 382      40119487 
 382      8A861803 
 382      282A
 383 005c 2046F6DC 		.ascii	" F\366\334G\317\364\264\031S\265?v\273\270t\337\333"
 383      47CFF4B4 
 383      1953B53F 
 383      76BBB874 
 383      DFDB
 384 006e E77CE73B 		.ascii	"\347|\347;\347\334{\372\214\232\343\270\337Fq\\\214"
 384      E7DC7BFA 
 384      8C9AE3B8 
 384      DF46715C 
 384      8C
 385 007f 8AE36609 		.ascii	"\212\343f\011\0347\015\227\006\326\016\303\200%\356"
 385      1C370D97 
 385      06D60EC3 
 385      8025EE
 386 008e 3C8C4330 		.ascii	"<\214C0N\3030q\364\012\205\321\007c\020\306u\030\303"
 386      4EC33071 
 386      F40A85D1 
ARM GAS  /var/folders/qd/4mxf5pkd0zdf0b9dd1hp39180000gn/T//ccO7ZM1l.s 			page 30


 386      076310C6 
 386      7518C3
 387 00a1 304661DC 		.ascii	"0Fa\334\2011\316=|\325!\216\323\302\035\314p\263\030"
 387      8131CE3D 
 387      7CD5218E 
 387      D3C21DCC 
 387      70B318
 388 00b4 0EC63D09 		.ascii	"\016\306=\011\343=\030]\014\037\333i\201\301\303h\203"
 388      E33D185D 
 388      0C1FDB69 
 388      81C1C368 
 388      83
 389 00c5 D1090331 		.ascii	"\321\011\0031[\370\036\202\002qO\300\034s}_\206-\347"
 389      5BF81E82 
 389      02714FC0 
 389      1C737D5F 
 389      862DE7
 390 00d8 8B711B61 		.ascii	"\213q\033a\200[\\;\303kcX\203\354\256W`\236\205y\304"
 390      805B5C3B 
 390      C36B6358 
 390      83ECAE57 
 390      609E8579 
 391 00ed CF609A18 		.ascii	"\317`\232\030\356,D9c\334_\303s4\214\337!\032\257.\306"
 391      EE2C4439 
 391      63DC5FC3 
 391      73348CDF 
 391      211AAF2E 
 392 0102 BD81D90A 		.ascii	"\275\201\331\012c\361y\002\321\270\314\201{\014\214"
 392      63F17902 
 392      D1B8CC81 
 392      7B0C8C
 393 0111 67603C0B 		.ascii	"g`<\013\303\200h\3140\205\027\024<z\021\325W\306\254"
 393      C38068CC 
 393      30851714 
 393      3C7A11D5 
 393      57C6AC
 394 0124 91D9C1F6 		.ascii	"\221\331\301\366^\004\231^f\263\235\331\345Y>\202\305"
 394      5E04995E 
 394      66B39DD9 
 394      E5593E82 
 394      C5
 395 0135 EC12CC75 		.ascii	"\354\022\314u?\203\213\375\222\373\364(\0338\346\243"
 395      3F838BFD 
 395      92FBF428 
 395      1B38E6A3 
 396 0145 41FC916C 		.ascii	"A\374\221l+\257\037\202\344\312\244\360In\007S\227\342"
 396      2BAF1F82 
 396      E4CAA4F0 
 396      496E0753 
 396      97E2
 397 0157 F307851F 		.ascii	"\363\007\205\037#0\017\017\202\027\314\02796\336\303"
 397      23300F0F 
 397      8217CC17 
 397      3936DEC3 
 398 0167 8FCA89F2 		.ascii	"\217\312\211\362\312\026\320\231\025\273\013\204t\001"
 398      CA16D099 
 398      15BB0B84 
ARM GAS  /var/folders/qd/4mxf5pkd0zdf0b9dd1hp39180000gn/T//ccO7ZM1l.s 			page 31


 398      7401
 399 0175 4569910A 		.ascii	"Ei\221\012\2467[\363\257D\300t\226\026\315\206i~\355"
 399      A6375BF3 
 399      AF44C074 
 399      9616CD86 
 399      697EED
 400 0188 EDE610FA 		.ascii	"\355\346\020\372V\003\323\315\223y\177\023x\204\365"
 400      5603D3CD 
 400      93797F13 
 400      7884F5
 401 0197 7A9B76EC 		.ascii	"z\233v\354\302z\357i\021>]\221\260\364\315\215\352I"
 401      C27AEF69 
 401      113E5D91 
 401      B0F4CD8D 
 401      EA49
 402 01a9 3D5DC212 		.ascii	"=]\302\022\227\272\362\277\012\021\036#\317\225\223"
 402      97BAF2BF 
 402      0A111E23 
 402      CF9593
 403 01b8 955382A1 		.ascii	"\225S\202\241L\244\227\306\306\241j$H\024J&G\016\350"
 403      4CA497C6 
 403      C6A16A24 
 403      48144A26 
 403      470EE8
 404 01cb 84DF6341 		.ascii	"\204\337cA\276\265m\274F\203\264\261i\242\230\"\026"
 404      BEB56DBC 
 404      4683B4B1 
 404      69A29822 
 404      16
 405 01dc A58A61AF 		.ascii	"\245\212a\257s\250\022E\243}(\232Cu(\026\203\327 \003"
 405      73A81245 
 405      A37D289A 
 405      43752816 
 405      83D72003 
 406 01f0 870EC2E2 		.ascii	"\207\016\302\342\001X,\305\200\336\323\271sj\373Dq6"
 406      01582CC5 
 406      80DED3B9 
 406      736AFB44 
 406      7136
 407 0202 3A84B4A8 		.ascii	":\204\264\250\026\011D\006b\374\236\226\2328\336P\267"
 407      16094406 
 407      62FC9E96 
 407      9A38DE50 
 407      B7
 408 0213 2942E840 		.ascii	")B\350@\204LZwj\207N\270@'\271\033\312\200\312\0252"
 408      844C5A77 
 408      6A874EB8 
 408      4027B91B 
 408      CA80CA15 
 409 0228 519D6EBE 		.ascii	"Q\235n\276xP\213f\306\350b\2630,\330\027\221JF\300\013"
 409      78508B66 
 409      C6E862B3 
 409      302CD817 
 409      914A46C0 
 410 023d C887D14C 		.ascii	"\310\207\321L\214\216\216\000\231\006\024C\234\330\212"
 410      8C8E8E00 
 410      99061443 
ARM GAS  /var/folders/qd/4mxf5pkd0zdf0b9dd1hp39180000gn/T//ccO7ZM1l.s 			page 32


 410      9CD88A
 411 024c D97AA7EB 		.ascii	"\331z\247\353b\266\035_%f\232Q#\322\241z&\353S6F\003"
 411      62B61D5F 
 411      25669A51 
 411      23D2A17A 
 411      26EB5336 
 412 0262 A1F9F08F 		.ascii	"\241\371\360\217[\353s.@\202\303z\030\216\372tl\265"
 412      5BEB732E 
 412      4082C37A 
 412      188EFA74 
 412      6CB5
 413 0274 00A1C212 		.ascii	"\000\241\302\022\034s\207\305kj(\273\033\321\244\350"
 413      1C7387C5 
 413      6B6A28BB 
 413      1BD1A4E8 
 414 0284 609A52DB 		.ascii	"`\232R\333\235\025IS6\200_\357=\267\342P\270\220M\323"
 414      9D154953 
 414      36805FEF 
 414      3DB7E250 
 414      B8904DD3 
 415 0298 5430B83E 		.ascii	"T0\270>#D\005{\204D\306\256\302kG\247\307\275\221T\237"
 415      2344057B 
 415      8444C6AE 
 415      C26B47A7 
 415      C7BD9154 
 416 02ad 8769FBE8 		.ascii	"\207i\373\350\311/\303\251\376\014\234\215\315_\326"
 416      C92FC3A9 
 416      FE0C9C8D 
 416      CD5FD6
 417 02bc 6B1ECFC1 		.ascii	"k\036\317\301\0242S\305\031<2\351P30<A\030\266\240\307"
 417      143253C5 
 417      193C32E9 
 417      5033303C 
 417      4118B6A0 
 418 02d1 E17F1352 		.ascii	"\341\177\023RQ*\273\3167u\352t2\177\340\275\314\237"
 418      512ABBCE 
 418      3775EA74 
 418      327FE0BD 
 418      CC9F
 419 02e3 9310074A 		.ascii	"\223\020\007J\035d\367\365e4\352\205\"\302\213\337\360"
 419      1D64F7F5 
 419      6534EA85 
 419      22C28BDF 
 419      F0
 420 02f4 20E5801A 		.ascii	" \345\200\032\305\352\250\253#\255/\345\254\024E\036"
 420      C5EAA8AB 
 420      23AD2FE5 
 420      AC14451E 
 421 0304 9D068556 		.ascii	"\235\006\205V\177\372N\222x\004\201G\247 \003r\013!"
 421      7FFA4E92 
 421      78048147 
 421      A7200372 
 421      0B21
 422 0316 857D5B4A 		.ascii	"\205}[J\"Q\314\314\230\330\030)#\363ro\015\211\342\006"
 422      2251CCCC 
 422      98D81829 
 422      23F3726F 
ARM GAS  /var/folders/qd/4mxf5pkd0zdf0b9dd1hp39180000gn/T//ccO7ZM1l.s 			page 33


 422      0D89E206 
 423 032a 1D413E0E 		.ascii	"\035A>\016\310g\344)\331\217|9!\011\317\024i\302\217"
 423      C867E429 
 423      D98F7C39 
 423      2109CF14 
 423      69C28F
 424 033d 81C051F2 		.ascii	"\201\300Q\362\356\014\313v\007\330jG1\250\023F[@\326"
 424      EE0CCB76 
 424      07D86A47 
 424      31A81346 
 424      5B40D6
 425 0350 4FE5CE2A 		.ascii	"O\345\316*N\025\233\346\221\244\177\253\264\340O:Kj"
 425      4E159BE6 
 425      91A47FAB 
 425      B4E04F3A 
 425      4B6A
 426 0362 6E5432D8 		.ascii	"nT2\330\300B\362\254R\250s\271Q\024\012\347\252\352"
 426      C042F2AC 
 426      52A873B9 
 426      51140AE7 
 426      AAEA
 427 0374 67A12A31 		.ascii	"g\241*1+\034\315\366\234\243\273B\20534\232\303['2\""
 427      2B1CCDF6 
 427      9CA3BB42 
 427      8533349A 
 427      C35B2732 
 428 0389 51EC4C6A 		.ascii	"Q\354Lj\343n\256\032o\234.P>\353\217%\266\030\304Mt"
 428      E36EAE1A 
 428      6F9C2E50 
 428      3EEB8F25 
 428      B618C44D 
 429 039e 0EBC7B94 		.ascii	"\016\274{\224\247`\357\253\007\245kB\345\231\356\012"
 429      A760EFAB 
 429      07A56B42 
 429      E599EE0A 
 430 03ae D8B9E7E9 		.ascii	"\330\271\347\351\316\305w\020\2569\\W\037\336\217z\021"
 430      CEC57710 
 430      AE395C57 
 430      1FDE8F7A 
 430      11
 431 03bf DE783308 		.ascii	"\336x3\010\004B\364?\334\361 \363i\351Bt\035Vyzc\242"
 431      0442F43F 
 431      DCF120F3 
 431      69E94274 
 431      1D56797A 
 432 03d5 7822A920 		.ascii	"x\"\251 \337\012\3170x\011\227\3741\000$G\245\357\251"
 432      DF0ACF30 
 432      780997FC 
 432      31002447 
 432      A5EFA9
 433 03e8 39E9A2A5 		.ascii	"9\351\242\245\227>\310\364\350\022\3577&Sy\210+\347"
 433      973EC8F4 
 433      E812EF37 
 433      26537988 
 433      2BE7
 434 03fa 7BED23E5 		.ascii	"{\355#\345w\022\261\2105\264'\017i\007P\037\274\375"
 434      7712B188 
ARM GAS  /var/folders/qd/4mxf5pkd0zdf0b9dd1hp39180000gn/T//ccO7ZM1l.s 			page 34


 434      35B4270F 
 434      6907501F 
 434      BCFD
 435 040c 2BC7656A 		.ascii	"+\307ej\222\310\201\\s\277\347\234 \364\323\3239\322"
 435      92C8815C 
 435      73BFE79C 
 435      20F4D3D3 
 435      39D2
 436 041e 9B775543 		.ascii	"\233wUCN'\304\215\235\316mG\257|\303\007=\177\275\344"
 436      4E27C48D 
 436      9DCE6D47 
 436      AF7CC307 
 436      3D7FBDE4 
 437 0432 FC5D94CE 		.ascii	"\374]\224\316_^A\277\030>\247H\364\016\210\336\376\276"
 437      5F5E41BF 
 437      183EA748 
 437      F40E88DE 
 437      FEBE
 438 0444 D985A756 		.ascii	"\331\205\247V\245\265\201\342\373D\020]\360g\377\002"
 438      A5B581E2 
 438      FB44105D 
 438      F067FF02 
 439 0454 2EB7A807 		.ascii	".\267\250\007\015 \324\215\372\201R\037\232\003\372"
 439      0D20D48D 
 439      FA81521F 
 439      9A03FA
 440 0463 3F551D4A 		.ascii	"?U\035J\020\340\216\261VgU\014j\011\231\323>2;\253\352"
 440      10E08EB1 
 440      5667550C 
 440      6A0999D3 
 440      3E323BAB 
 441 0478 27C27CE5 		.ascii	"'\302|\345c\000\221\305\313g\017\345\353}\254/\321\305"
 441      630091C5 
 441      CB670FE5 
 441      EB7DAC2F 
 441      D1C5
 442 048a 235D072E 		.ascii	"#]\007.\007\320~\377W2\332W\010\355\313\022\355\242"
 442      07D07EFF 
 442      5732DA57 
 442      08EDCB12 
 442      EDA2
 443 049c 95AD192A 		.ascii	"\225\255\031*\240]\004\264\373\362t\371\2427E\304\307"
 443      A05D04B4 
 443      FBF274F9 
 443      A23745C4 
 443      C7
 444 04ad 1FC4809C 		.ascii	"\037\304\200\234\217t\277\222\364 !}\273$\367\210V\370"
 444      8F74BF92 
 444      F420217D 
 444      BB24F788 
 444      56F8
 445 04bf 5A085AE0 		.ascii	"Z\010Z\340\032\313\247\274\002Y\203\330]\243\374\306"
 445      1ACBA7BC 
 445      025983D8 
 445      5DA3FCC6 
 446 04cf DAF797AB 		.ascii	"\332\367\227\253}\244\277\243\213\325i\373\326\253\203"
 446      7DA4BFA3 
ARM GAS  /var/folders/qd/4mxf5pkd0zdf0b9dd1hp39180000gn/T//ccO7ZM1l.s 			page 35


 446      8BD569FB 
 446      D6AB83
 447 04de 92FE9E90 		.ascii	"\222\376\236\220\036\222H?\350.n\346\031\351\346h\037"
 447      1E92483F 
 447      E82E6EE6 
 447      19E9E668 
 447      1F
 448 04ef 67904257 		.ascii	"g\220BW\375\234\257*9_'\234\257t]\036\322\013\373\205"
 448      FD9CAF2A 
 448      395F279C 
 448      AF745D1E 
 448      D20BFB85 
 449 0503 FF32ED3F 		.ascii	"\3772\355?\022*7$*G\332\206\037\350\200\312\000P9V\030"
 449      122A3724 
 449      2A47DA86 
 449      1FE880CA 
 449      00503956 
 450 0518 41B924F3 		.ascii	"A\271$\363X\014\375\340\347\362\203\222\3130\341r\370"
 450      580CFDE0 
 450      E7F28392 
 450      CB30E172 
 450      F8
 451 0529 CE9AF55A 		.ascii	"\316\232\365Z\241\201ri/\2712.0\257\256?\343\363\012"
 451      A1817269 
 451      2FB9322E 
 451      30AFAE3F 
 451      E3F30A
 452 053c 238DF891 		.ascii	"#\215\370\221F\224H\243\004\351fM\351\230 \234\242H"
 452      469448A3 
 452      04E9664D 
 452      E998209C 
 452      A248
 453 054e 156553BB 		.ascii	"\025eS\273\265R\324\251S\336-\231-\221>Go\321\240\017"
 453      B552D4A9 
 453      53DE2D99 
 453      2D913E47 
 453      6FD1A00F 
 454 0562 F7A5AFD2 		.ascii	"\367\245\257\322\004\015\372m\342\351\230\344i\313\255"
 454      040DFA6D 
 454      E2E998E4 
 454      69CBAD
 455 0571 1F5B34CC 		.ascii	"\037[4\314\323\276r\235\317S\020C7\375\374n*\371\335"
 455      D3BE729D 
 455      CF531043 
 455      37FDFC6E 
 455      2AF9DD
 456 0584 21FC36EE 		.ascii	"!\3746\356\250_\247\022z(\277\023\017:\367JAk~)\000"
 456      A85FA712 
 456      7A28BF13 
 456      0F3AF74A 
 456      416B7E29 
 457 0599 E9AE1FE9 		.ascii	"\351\256\037\351\256\022i\234 \365\364\346\034\324\011"
 457      AE12699C 
 457      20F5F4E6 
 457      1CD409
 458 05a8 572952F1 		.ascii	"W)R\361\365\352F\326\025\351azqk\366\327*\372\001\035"
 458      F5EA46D6 
ARM GAS  /var/folders/qd/4mxf5pkd0zdf0b9dd1hp39180000gn/T//ccO7ZM1l.s 			page 36


 458      15E9617A 
 458      716BF6D7 
 458      2AFA011D 
 459 05bc 22A5B275 		.ascii	"\"\245\262u,G+\214Q\331k5\331G\264\3324\326N@\335\004"
 459      2C472B8C 
 459      51D96B35 
 459      D947B4DA 
 459      34D64E40 
 460 05d2 257FD9BC 		.ascii	"%\177\331\274\217\240A\201\312N\3120H\237\235\250\273"
 460      8FA04181 
 460      CA4ECA30 
 460      489F9DA8 
 460      BB
 461 05e3 A713EE13 		.ascii	"\247\023\356\023UUY\352\316Q\025\212\215F \216\264\245"
 461      555559EA 
 461      CE51158A 
 461      8D46208E 
 461      B4A5
 462 05f5 52F3C4A1 		.ascii	"R\363\304\241d^\213~b\375\023\\\371\"\300\217\376\033"
 462      645E8B7E 
 462      62FD135C 
 462      F922C08F 
 462      FE1B
 463 0607 2FC3B386 		.ascii	"/\303\263\206\334I\377$\026\213\302\343\034z.\032\315"
 463      DC49FF24 
 463      168BC2E3 
 463      1C7A2E1A 
 463      CD
 464 0618 8322FF00 		.ascii	"\203\"\377\000\012;~\305!\221\217F\323\324\240(\266"
 464      0A3B7EC5 
 464      21918F46 
 464      D3D4A028 
 464      B6
 465 0629 8D844465 		.ascii	"\215\204De\262\257\302+\210`\337\003\203\223\204_\012"
 465      B2AFC22B 
 465      8860DF03 
 465      8393845F 
 465      0A
 466 063a 1F25B1C4 		.ascii	"\037%\261\304\322{\012\232&\303\264\014;\355\227\260"
 466      D27B0A9A 
 466      26C3B40C 
 466      3BED97B0 
 467 064a A73715DC 		.ascii	"\2477\025\334\014\225c\247>\012{\374R\375\205\220'\213"
 467      0C9563A7 
 467      3E0A7BFC 
 467      52FD8590 
 467      278B
 468 065c C536AFE8 		.ascii	"\3056\257\350\275V\250N.\362&\317F+\370(4\005\311\201"
 468      BD56A84E 
 468      2EF226CF 
 468      462BF828 
 468      3405C981 
 469 0670 8D2BD39C 		.ascii	"\215+\323\234\200\225\277\363\034Z\311?\011\212\375"
 469      8095BFF3 
 469      1C5AC93F 
 469      098AFD
 470 067f DD6B2F84 		.ascii	"\335k/\204\011\311*\332\333\035\357;\313z\243\307`Z"
ARM GAS  /var/folders/qd/4mxf5pkd0zdf0b9dd1hp39180000gn/T//ccO7ZM1l.s 			page 37


 470      09C92ADA 
 470      DB1DEF3B 
 470      CB7AA3C7 
 470      605A
 471 0691 D67AFCA2 		.ascii	"\326z\374\242@S\223\206d\275N\024\355u\362;\333\357"
 471      40539386 
 471      64BD4E14 
 471      ED75F23B 
 471      DBEF
 472 06a3 A2A0C959 		.ascii	"\242\240\311Y\313\263\344\254\341\211?\327\277\337\341"
 472      CBB3E4AC 
 472      E1893FD7 
 472      BFDFE1
 473 06b2 52862A0D 		.ascii	"R\206*\015\334]\315c\351t\342\016\321\301\302_\344\337"
 473      DC5DCD63 
 473      E974E20E 
 473      D1C1C25F 
 473      E4DF
 474 06c4 831585F3 		.ascii	"\203\025\205\363A\245;W\3549\240f\316_\377\015\365}"
 474      41A53B57 
 474      EC39A066 
 474      CE5FFF0D 
 474      F57D
 475 06d6 1DF31D8A 		.ascii	"\035\363\035\212\236Lq\025O}_O|\227\272\360\247\036"
 475      9E4C7115 
 475      4F7D5F4F 
 475      7C97BAF0 
 475      A71E
 476 06e8 EEC29FA2 		.ascii	"\356\302\237\242]x\373\347\267JB\205\317It\370\376\356"
 476      5D78FBE7 
 476      B74A4285 
 476      CF4974F8 
 476      FEEE
 477 06fa A98B11C1 		.ascii	"\251\213\021\301\272\353\015|,V\"\335\365\347`/\203"
 477      BAEB0D7C 
 477      2C5622DD 
 477      F5E7602F 
 477      83
 478 070b 97BAEBAE 		.ascii	"\227\272\353\256\364\271\205\305\031\242\250BY\340D"
 478      F4B985C5 
 478      19A2A842 
 478      59E044
 479 071a 26EF3B2C 		.ascii	"&\357;,O1\372;J\262\266\252\205\212\020b\244v\363\325"
 479      4F31FA3B 
 479      4AB2B6AA 
 479      858A1062 
 479      A476F3D5 
 480 072e A37C3023 		.ascii	"\243|0#_\00452]1w\350<n\341\263\301\306F\277\215,\022"
 480      5F043532 
 480      5D3177E8 
 480      3C6EE1B3 
 480      C1C646BF 
 481 0745 23BC0A86 		.ascii	"#\274\012\206\262FomT\007MX\216\224\260y$_)\265\303"
 481      B2466F6D 
 481      54074D58 
 481      8E94B079 
 481      245F29B5 
ARM GAS  /var/folders/qd/4mxf5pkd0zdf0b9dd1hp39180000gn/T//ccO7ZM1l.s 			page 38


 482 075a 532A65C2 		.ascii	"S*e\302\374\225f\023IA\016\205\207\011h\014N\225\327"
 482      FC956613 
 482      49410E85 
 482      8709680C 
 482      4E95D7
 483 076d 44D0EDA1 		.ascii	"D\320\355\241\206i\375I\350\244\203Z\313\223\254\345"
 483      8669FD49 
 483      E8A4835A 
 483      CB93ACE5 
 484 077d D2ED717B 		.ascii	"\322\355q{\355\312q\366K*\024\246\333\257\025d\350\350"
 484      EDCA71F6 
 484      4B2A14A6 
 484      DBAF1564 
 484      E8E8
 485 078f D67B0977 		.ascii	"\326{\011w\312\227\263[\220\222\314f\210@>Ik\001!\223"
 485      CA97B35B 
 485      9092CC66 
 485      88403E49 
 485      6B012193 
 486 07a3 47C91410 		.ascii	"G\311\024\0202\223\371\265u!\362\216\0137\230~\363_"
 486      3293F9B5 
 486      7521F28E 
 486      0B37987E 
 486      F35F
 487 07b5 F2B4E382 		.ascii	"\362\264\343\202;\376\0313T\241\027\274j\222\362\241"
 487      3BFE1933 
 487      54A117BC 
 487      6A92F2A1 
 488 07c5 F2BD9591 		.ascii	"\362\275\225\221\254)\230\252\213\331Q"
 488      AC2998AA 
 488      8BD951
 489 07d0 298AD05C 		.ascii	")\212\320\\7\250H\251\333\342\217,<\006\226\272B\036"
 489      37A848A9 
 489      DBE28F2C 
 489      3C0696BA 
 489      421E
 490 07e2 97BAB6E1 		.ascii	"\227\272\266\341\332u\341B3\305*[7\235\035\022\264X"
 490      DA75E142 
 490      33C52A5B 
 490      379D1D12 
 490      B458
 491 07f4 7FC5E362 		.ascii	"\177\305\343bmg\265z,\177\343]\236\331\035\353\021N"
 491      6D67B57A 
 491      2C7FE35D 
 491      9ED91DEB 
 491      114E
 492 0806 B5AC12A1 		.ascii	"\265\254\022\241\031)z\235\310\241\"\277\341\"\245\341"
 492      19297A9D 
 492      C8A122BF 
 492      E122A5E1 
 493 0816 ADC4F040 		.ascii	"\255\304\360@\341w\033\365\302]jx$\255g\233\236\201"
 493      E1771BF5 
 493      C25D6A78 
 493      24AD679B 
 493      9E81
 494 0828 750C09F9 		.ascii	"u\014\011\371\247\003\300\212\375`\305J\260\022\002"
 494      A703C08A 
ARM GAS  /var/folders/qd/4mxf5pkd0zdf0b9dd1hp39180000gn/T//ccO7ZM1l.s 			page 39


 494      FD60C54A 
 494      B01202
 495 0837 D675AD21 		.ascii	"\326u\255!^(\013%X;\313\267\354\216\020j\350$\275\241"
 495      5E280B25 
 495      583BCBB7 
 495      EC8E106A 
 495      E824BDA1 
 496 084b B1003702 		.ascii	"\261\0007\002\250\024+\222\037\207\333\367\037F\344"
 496      A8142B92 
 496      1F87DBF7 
 496      1F46E4
 497 085a 2B85B71E 		.ascii	"+\205\267\036\375rm\352\330Z\243\017\352\367\016\342"
 497      FD726DEA 
 497      D85AA30F 
 497      EAF70EE2 
 498 086a F7769E39 		.ascii	"\367v\2369\356mY\337\251f\\\217O\012M{\006;\222\305"
 498      EE6D59DF 
 498      A9665C8F 
 498      4F0A4D7B 
 498      063B92C5 
 499 087e 592B9EC6 		.ascii	"Y+\236\306r\350k\211*\332\306\253\360,\220\355N\302"
 499      72E86B89 
 499      2ADAC6AB 
 499      F02C90ED 
 499      4EC2
 500 0890 76DDCA9D 		.ascii	"v\335\312\235\311\241\302\035\312\260w{I\223\224\277"
 500      C9A1C21D 
 500      CAB0777B 
 500      499394BF 
 501 08a0 F11EA126 		.ascii	"\361\036\241&=}\275X\224,\276\362:q}\227\337\365]J\260"
 501      3D7DBD58 
 501      942CBEF2 
 501      3A717D97 
 501      DFF55D4A 
 502 08b5 3202563A 		.ascii	"2\002V:>\221\036!LS\260\355\247&\352\265\3768\336o\015"
 502      3E911E21 
 502      4C53B0ED 
 502      A726EAB5 
 502      FE38DE6F 
 503 08ca 8863B91F 		.ascii	"\210c\271\037\254\\\011VA\300\256\236\375\242(TX\243"
 503      AC5C0956 
 503      41C0AE9E 
 503      FDA22854 
 503      58A3
 504 08dc 216055D7 		.ascii	"!`U\327N\034\323\322=-\342rZq\353v\205\232ny\\z\262"
 504      4E1CD3D2 
 504      3D2DE272 
 504      5A71EB76 
 504      859A6E79 
 505 08f3 7A0FDFD3 		.ascii	"z\017\337\323\007=/{\245\363\262\207\236\227\224\324"
 505      073D2F7B 
 505      A5F3B287 
 505      9E9794D4 
 506 0903 337B2394 		.ascii	"3{#\224'b7O\313-\207\366\221\023\261W\252\220{&\246"
 506      2762374F 
 506      CB2D87F6 
 506      9113B157 
ARM GAS  /var/folders/qd/4mxf5pkd0zdf0b9dd1hp39180000gn/T//ccO7ZM1l.s 			page 40


 506      AA907B26 
 507 0918 C74294F5 		.ascii	"\307B\224\3654\250t\366\252\232\321pVO\373\373\236-"
 507      34A874F6 
 507      AA9AD170 
 507      564FFBFB 
 507      9E2D
 508 092a 2815D376 		.ascii	"(\025\323v\303\227\261\222\225T\350\311d\272\337\260"
 508      C397B192 
 508      9554E8C9 
 508      64BADFB0 
 509 093a 92BA9F94 		.ascii	"\222\272\237\224\324\311\216M\005\202\374\330\365\006"
 509      D4C98E4D 
 509      0582FCD8 
 509      F506
 510 0948 FCA4AD62 		.ascii	"\374\244\255b\307\256\212\034\273\322\033{\366\361\302"
 510      C7AE8A1C 
 510      BBD21B7B 
 510      F6F1C2
 511 0957 261A9DAE 		.ascii	"&\032\235\256\356\025\325\354\333\023\016\323\324\262"
 511      EE15D5EC 
 511      DB130ED3 
 511      D4B2
 512 0965 6FAB4282 		.ascii	"o\253B\202F\243Z\212\306A\032\215\341\033\245\273\036"
 512      46A35A8A 
 512      C6411A8D 
 512      E11BA5BB 
 512      1E
 513 0976 FA10FB7F 		.ascii	"\372\020\373\177\207\326\020\377\252%\377\252\216\345"
 513      87D610FF 
 513      AA25FFAA 
 513      8EE5
 514 0984 DDD12AA3 		.ascii	"\335\321*\243\021T\272`w\377R\026\214{q\364\343R\313"
 514      1154BA60 
 514      77FF5216 
 514      8C7B71F4 
 514      E352CB
 515 0997 22017D92 		.ascii	"\"\001}\222L\357\000\213\304!\376I.\"\311ir|\360\261"
 515      4CEF008B 
 515      C421FE49 
 515      2E22C969 
 515      727CF0B1 
 516 09ab D5E231B9 		.ascii	"\325\3421\271m\377\262>a0\030\351\237\303mty\214n\227"
 516      6DFFB23E 
 516      613018E9 
 516      9FC36D74 
 516      798C6E97 
 517 09bf C5684948 		.ascii	"\305hIH\262&9\035\216D\267\301\242\371\323[\357\316"
 517      B226391D 
 517      8E44B7C1 
 517      A2F9D35B 
 517      EFCE
 518 09d1 5E3C7F3E 		.ascii	"^<\177>\247\306\322&O&2.r:\023m\026\263\307\346\260"
 518      A7C6D226 
 518      4F26322E 
 518      723A136D 
 518      16B3C7E6 
 519 09e6 BB8DAF5A 		.ascii	"\273\215\257Z\022mN\267\325d\215s.\263|\262\300`v:\215"
ARM GAS  /var/folders/qd/4mxf5pkd0zdf0b9dd1hp39180000gn/T//ccO7ZM1l.s 			page 41


 519      126D4EB7 
 519      D5648D73 
 519      2EB37CB2 
 519      C060763A 
 520 09fb 8B1D768F 		.ascii	"\213\035v\217\325\356y\350\245\361/\030\323\370\221"
 520      D5EE79E8 
 520      A5F12F18 
 520      D3F891
 521 0a0a C5126776 		.ascii	"\305\022gv%\305\331\035vk\234\325\374\201-na\334\202"
 521      25C5D91D 
 521      766B9CD5 
 521      FC812D6E 
 521      61DC82
 522 0a1d 79F317C6 		.ascii	"y\363\027\306\375\343\371\270$\363\307\016\2271\321"
 522      FDE3F9B8 
 522      24F3C70E 
 522      9731D1
 523 0a2c F6019632 		.ascii	"\366\001\2262\006H\031\027\032\026\030\346\033mvK\342"
 523      06481917 
 523      1A1618E6 
 523      1B6D764B 
 523      E2
 524 0a3d B278ABD1 		.ascii	"\262x\253\321\355\211\217\267~hH\340B\301!\273\3653"
 524      ED898FB7 
 524      7E6848E0 
 524      42C121BB 
 524      F533
 525 0a4f 4FA83381 		.ascii	"O\2503\201\334\3031sS\202\325\034ou\305(\274\223\224"
 525      DCC33173 
 525      5382D51C 
 525      6F75C528 
 525      BC9394
 526 0a62 651E2670 		.ascii	"e\036&p\341\000\340t9>\265\201\202\016\326?\262z>\\"
 526      E100E074 
 526      393EB581 
 526      820ED63F 
 526      B27A3E5C 
 527 0a76 66B7983C 		.ascii	"f\267\230<s\037\245mq\270\254\240\254\207G\207k\271"
 527      731FA56D 
 527      71B8ACA0 
 527      AC874787 
 527      6BB9
 528 0a88 8918F5CC 		.ascii	"\211\030\365\314\264$\274\015\017\213\022\023\035\226"
 528      B424BC0D 
 528      0F8B1213 
 528      1D96
 529 0a96 2506A7D9 		.ascii	"%\006\247\331\3451\314\233\375\013\021\346fP\245?\223"
 529      E531CC9B 
 529      FD0B11E6 
 529      6650A53F 
 529      93
 530 0aa7 A42CB1DB 		.ascii	"\244,\261\333<\221t\341\015\2079~\221\313e^\256\223"
 530      3C9174E1 
 530      0D87397E 
 530      91CB655E 
 530      AE93
 531 0ab9 A386CB26 		.ascii	"\243\206\313&\354\3715\227\325\272D\353\177\326\233"
ARM GAS  /var/folders/qd/4mxf5pkd0zdf0b9dd1hp39180000gn/T//ccO7ZM1l.s 			page 42


 531      ECF93597 
 531      D5BA44EB 
 531      7FD69B
 532 0ac8 4CC40193 		.ascii	"L\304\001\223\341\305\005\317\277\254\221f*K\202\331"
 532      E1C505CF 
 532      BFAC9166 
 532      2A4B82D9 
 533 0ad8 257FF7DC 		.ascii	"%\177\367\334\013Z\223i\231\315\356yn\201\311\263\341"
 533      0B5A9369 
 533      99CDEE79 
 533      6E81C9B3 
 533      E1
 534 0ae9 7F91D8C0 		.ascii	"\177\221\330\300\204J\361L2[\022lv\253\321\004\0115"
 534      844AF14C 
 534      325B126C 
 534      76ABD104 
 534      0935
 535 0afb 2F4BF498 		.ascii	"/K\364\230<\313\235V\234\031\215Dn\365\377\217\234{"
 535      3CCB9D56 
 535      9C198D44 
 535      6EF5FF8F 
 535      9C7B
 536 0b0d B9DB6882 		.ascii	"\271\333h\202\315\006L\200Q\030\213~|<\304~\351r\367"
 536      CD064C80 
 536      51188B7E 
 536      7C3CC47E 
 536      E972F7
 537 0b20 BB7648C3 		.ascii	"\273vH\303'\312C\344\337(\240\215w\230\323\341\362\230"
 537      27CA43E4 
 537      DF28A08D 
 537      7798D3E1 
 537      F298
 538 0b32 9611D9A7 		.ascii	"\226\021\331\247\025\262\370\225\333\270\350\2357\027"
 538      15B2F895 
 538      DBB8E89D 
 538      3717
 539 0b40 BFF91928 		.ascii	"\277\371\031(\340me\372ta\022\336Z&\223\333\3521\375"
 539      E06D65FA 
 539      746112DE 
 539      5A2693DB 
 539      EA31FD
 540 0b53 71D1D257 		.ascii	"q\321\322W\337~g\211\336\234\370O\363r\267\311fO\204"
 540      DF7E6789 
 540      DE9CF84F 
 540      F372B7C9 
 540      664F84
 541 0b66 583D2B47 		.ascii	"X=+G\201Mo\\\374\346\322%K\375\2061\212%\3515\3104%"
 541      814D6F5C 
 541      FCE6D225 
 541      4BFD8631 
 541      8A25E935 
 542 0b7d 0D54DF00 		.ascii	"\015T\337\000\343a\204\010\246\021\260G\346\313g/\274"
 542      E3618408 
 542      A611B047 
 542      E6CB672F 
 542      BC
 543 0b8e FC1F29C1 		.ascii	"\374\037)\301\332\362"
ARM GAS  /var/folders/qd/4mxf5pkd0zdf0b9dd1hp39180000gn/T//ccO7ZM1l.s 			page 43


 543      DAF2
 544              		.text
 545              		.section	.gnu.lto_.symtab.167483599b3d3d83,"",%progbits
 546 0000 6368506F 		.ascii	"chPoolObjectInit\000"
 546      6F6C4F62 
 546      6A656374 
 546      496E6974 
 546      00
 547 0011 00       		.ascii	"\000"
 548 0012 00       		.ascii	"\000"
 549 0013 00       		.ascii	"\000"
 550 0014 00000000 		.ascii	"\000\000\000\000\000\000\000\000"
 550      00000000 
 551 001c E4000000 		.ascii	"\344\000\000\000"
 552 0020 6368506F 		.ascii	"chPoolLoadArray\000"
 552      6F6C4C6F 
 552      61644172 
 552      72617900 
 553 0030 00       		.ascii	"\000"
 554 0031 00       		.ascii	"\000"
 555 0032 00       		.ascii	"\000"
 556 0033 00000000 		.ascii	"\000\000\000\000\000\000\000\000"
 556      00000000 
 557 003b EA000000 		.ascii	"\352\000\000\000"
 558 003f 6368506F 		.ascii	"chPoolAllocI\000"
 558      6F6C416C 
 558      6C6F6349 
 558      00
 559 004c 00       		.ascii	"\000"
 560 004d 00       		.ascii	"\000"
 561 004e 00       		.ascii	"\000"
 562 004f 00000000 		.ascii	"\000\000\000\000\000\000\000\000"
 562      00000000 
 563 0057 EE000000 		.ascii	"\356\000\000\000"
 564 005b 6368506F 		.ascii	"chPoolAlloc\000"
 564      6F6C416C 
 564      6C6F6300 
 565 0067 00       		.ascii	"\000"
 566 0068 00       		.ascii	"\000"
 567 0069 00       		.ascii	"\000"
 568 006a 00000000 		.ascii	"\000\000\000\000\000\000\000\000"
 568      00000000 
 569 0072 F0000000 		.ascii	"\360\000\000\000"
 570 0076 6368506F 		.ascii	"chPoolFreeI\000"
 570      6F6C4672 
 570      65654900 
 571 0082 00       		.ascii	"\000"
 572 0083 00       		.ascii	"\000"
 573 0084 00       		.ascii	"\000"
 574 0085 00000000 		.ascii	"\000\000\000\000\000\000\000\000"
 574      00000000 
 575 008d F5000000 		.ascii	"\365\000\000\000"
 576 0091 6368506F 		.ascii	"chPoolFree\000"
 576      6F6C4672 
 576      656500
 577 009c 00       		.ascii	"\000"
 578 009d 00       		.ascii	"\000"
ARM GAS  /var/folders/qd/4mxf5pkd0zdf0b9dd1hp39180000gn/T//ccO7ZM1l.s 			page 44


 579 009e 00       		.ascii	"\000"
 580 009f 00000000 		.ascii	"\000\000\000\000\000\000\000\000"
 580      00000000 
 581 00a7 F7000000 		.ascii	"\367\000\000\000"
 582              		.text
 583              		.section	.gnu.lto_.opts,"",%progbits
 584 0000 272D666D 		.ascii	"'-fmath-errno' '-fsigned-zeros' '-ftrapping-math' '"
 584      6174682D 
 584      6572726E 
 584      6F272027 
 584      2D667369 
 585 0033 2D666E6F 		.ascii	"-fno-trapv' '-fno-openmp' '-fno-openacc' '-mcpu=cor"
 585      2D747261 
 585      70762720 
 585      272D666E 
 585      6F2D6F70 
 586 0066 7465782D 		.ascii	"tex-m3' '-mno-thumb-interwork' '-mthumb' '-O2' '-fo"
 586      6D332720 
 586      272D6D6E 
 586      6F2D7468 
 586      756D622D 
 587 0099 6D69742D 		.ascii	"mit-frame-pointer' '-falign-functions=16' '-ffuncti"
 587      6672616D 
 587      652D706F 
 587      696E7465 
 587      72272027 
 588 00cc 6F6E2D73 		.ascii	"on-sections' '-fdata-sections' '-fno-common' '-flto"
 588      65637469 
 588      6F6E7327 
 588      20272D66 
 588      64617461 
 589 00ff 2700     		.ascii	"'\000"
 590              		.text
 591              		.comm	__gnu_lto_v1,1,1
 592              		.comm	__gnu_lto_slim,1,1
 593              		.ident	"GCC: (GNU Tools for Arm Embedded Processors 7-2017-q4-major) 7.2.1 20170904 (release) [ARM
ARM GAS  /var/folders/qd/4mxf5pkd0zdf0b9dd1hp39180000gn/T//ccO7ZM1l.s 			page 45


DEFINED SYMBOLS
                            *ABS*:0000000000000000 chmempools.c
                            *COM*:0000000000000001 __gnu_lto_v1
                            *COM*:0000000000000001 __gnu_lto_slim

NO UNDEFINED SYMBOLS
