ARM GAS  /var/folders/qd/4mxf5pkd0zdf0b9dd1hp39180000gn/T//ccf9QBWV.s 			page 1


   1              		.cpu cortex-m3
   2              		.eabi_attribute 20, 1
   3              		.eabi_attribute 21, 1
   4              		.eabi_attribute 23, 3
   5              		.eabi_attribute 24, 1
   6              		.eabi_attribute 25, 1
   7              		.eabi_attribute 26, 1
   8              		.eabi_attribute 30, 2
   9              		.eabi_attribute 34, 1
  10              		.eabi_attribute 18, 4
  11              		.file	"hal.c"
  12              		.section	.gnu.lto_.profile.322cbaf1a9423187,"",%progbits
  13 0000 789C6363 		.ascii	"x\234cc```\001bF\006{\016\000\000\376\000S"
  13      60606001 
  13      6246067B 
  13      0E0000FE 
  13      0053
  14              		.text
  15              		.section	.gnu.lto_.icf.322cbaf1a9423187,"",%progbits
  16 0000 789C6363 		.ascii	"x\234cc``\340`@\000F\206\345\367\266nea\000\000\016"
  16      6060E060 
  16      40004686 
  16      E5F7B66E 
  16      65610000 
  17 0015 8B0303   		.ascii	"\213\003\003"
  18              		.text
  19              		.section	.gnu.lto_.jmpfuncs.322cbaf1a9423187,"",%progbits
  20 0000 789C6363 		.ascii	"x\234cc``\360f@\000F(\315\3048\205\231\261\371\327\376"
  20      6060F066 
  20      40004628 
  20      CDC43885 
  20      99B1F9D7 
  21 0015 CF7CF57F 		.ascii	"\317|\365\177\033$\34603,`\006\311nf\254g`<\300\302"
  21      1B24E630 
  21      332C6006 
  21      C96E66AC 
  21      67603CC0 
  22 002a C800C47F 		.ascii	"\310\000\304\177\376\377\377\317\317\310\004T7\255\365"
  22      FEFFFFCF 
  22      CFC80454 
  22      37ADF5
  23 0039 D079F66E 		.ascii	"\320y\366nf\240*F\006\306-\2142 \314\300\000\000\007"
  23      66A02A46 
  23      06C62D8C 
  23      3220CCC0 
  23      000007
  24 004c 811468   		.ascii	"\201\024h"
  25              		.text
  26              		.section	.gnu.lto_.inline.322cbaf1a9423187,"",%progbits
  27 0000 789C6363 		.ascii	"x\234cc``0f@\000F\006\006.{F\006& \223m\201<\023X\210"
  27      60603066 
  27      40004606 
  27      062E7B46 
  27      06262093 
  28 001a 0B9360E2 		.ascii	"\013\223`\342\006)\0053\031\000?\237\001\223"
  28      06290533 
  28      19003F9F 
ARM GAS  /var/folders/qd/4mxf5pkd0zdf0b9dd1hp39180000gn/T//ccf9QBWV.s 			page 2


  28      0193
  29              		.text
  30              		.section	.gnu.lto_.pureconst.322cbaf1a9423187,"",%progbits
  31 0000 789C6363 		.ascii	"x\234cc```\006bF\006\011\000\000}\000#"
  31      60606006 
  31      62460609 
  31      00007D00 
  31      23
  32              		.text
  33              		.section	.gnu.lto_halInit.322cbaf1a9423187,"",%progbits
  34 0000 789C7590 		.ascii	"x\234u\220\275J\003A\020\307\347\177\233\\\016\324h"
  34      BD4A0341 
  34      10C7E77F 
  34      9B5C0ED4 
  34      68
  35 0011 61A12685 		.ascii	"a\241&\205m\232\344=|\013Ic!\010\346\001n\343\031\022"
  35      6D9AE43D 
  35      7C0B4963 
  35      2108E601 
  35      6EE31912 
  36 0025 D1C2229E 		.ascii	"\321\302\"\236\026\207,\242\250\225\204\250\361\374"
  36      16872CA2 
  36      A89584A8 
  36      F1FC
  37 0033 3CF20011 		.ascii	"<\362\000\021m\355D\255\342\007XE1:\233\023Iq\016;\354"
  37      6DED44AD 
  37      E2075845 
  37      313A9B13 
  37      49710E3B 
  38 0048 EECC6F67 		.ascii	"\356\314og\376;&\021\265@\224\346=\305\016A0V[DE\313"
  38      FE3B2611 
  38      B54094E6 
  38      3DC50E41 
  38      30565B44 
  39 005e 00F4415A 		.ascii	"\000\364AZ \333\200\215\025Q\025h\226\237|#\263+\331"
  39      20DB808D 
  39      15511568 
  39      969F7C23 
  39      B32BD9
  40 0071 82F5B771 		.ascii	"\202\365\267q\271\027\300\023D.\2736\324\221!\306\356"
  40      B917C013 
  40      442EBB36 
  40      D49121C6 
  40      EE
  41 0082 6BDDB521 		.ascii	"k\335\265!3\026\306q\010\223\270\007\035\334\306\003"
  41      3316C671 
  41      0893B807 
  41      1DDCC603 
  42 0092 D9FD2ECB 		.ascii	"\331\375.\313\340a\013\215)\213\250\302yn\"\003Z\022"
  42      E0610B8D 
  42      298BA8C2 
  42      796E2203 
  42      5A12
  43 00a4 863E3901 		.ascii	"\206>9\001\265\341\250\317T\357\021W\362\375\366]\302"
  43      B5E1A8CF 
  43      54EF1157 
  43      F2FDF65D 
ARM GAS  /var/folders/qd/4mxf5pkd0zdf0b9dd1hp39180000gn/T//ccf9QBWV.s 			page 3


  43      C2
  44 00b5 FE929627 		.ascii	"\376\222\226'\340\012\256\202#\330\3441\335\306\242"
  44      E00AAE82 
  44      23D8E431 
  44      DDC6A2
  45 00c4 DA198CE0 		.ascii	"\332\031\214\340\204\313Y\3021s\234pK\315\353\304\262"
  45      84CB59C2 
  45      31739C70 
  45      4BCDEBC4 
  45      B2
  46 00d5 F0440CFA 		.ascii	"\360D\014\372\352|\\\275'\231\033\343\200\322\3528\326"
  46      EA7C5CBD 
  46      27991BE3 
  46      80D2EA38 
  46      D6
  47 00e6 B979AE0C 		.ascii	"\271y\256\014(l\026G<\021\307\011\377\265\201t/\343"
  47      286C1647 
  47      3C11C709 
  47      FFB58174 
  47      2FE3
  48 00f8 6CD74B60 		.ascii	"l\327K`zC\312I]\301\207B\370\235S\330\2360{b;\311h\261"
  48      7A43CA49 
  48      5DC18742 
  48      F89D53D8 
  48      9E307B62 
  49 0110 5C1D677F 		.ascii	"\\\035g\177b\035U\033\216\346b\314\235\367q\373\243"
  49      621D551B 
  49      8EE662CC 
  49      9DF771FB 
  49      A3
  50 0121 D15C9CB9 		.ascii	"\321\\\234\271\213>\356\361\037\316d\356\362\227{\301"
  50      8B3EEEF1 
  50      1FCE64EE 
  50      F2977BC1 
  51 0131 827AAD86 		.ascii	"\202z\255\206\232\265Ux\204<f\236\317D6\233\013\327"
  51      9AB55578 
  51      843C669E 
  51      CF44369B 
  51      0BD7
  52 0143 5C213733 		.ascii	"\\!73=\233+\314\347\365\236\315\323\017\246>\237\360"
  52      3D9B2BCC 
  52      E7F59ECD 
  52      D30FA63E 
  52      9FF0
  53              		.text
  54              		.section	.gnu.lto_.symbol_nodes.322cbaf1a9423187,"",%progbits
  55 0000 789C55C9 		.ascii	"x\234U\311\261\015\3020\024E\321\373\354\330\254\221"
  55      B10DC230 
  55      1445D1FB 
  55      ECD8AC91 
  56 0010 51C864DF 		.ascii	"Q\310d\337\005\0030D&H\231:%\204\000\013\200\304\034"
  56      05033044 
  56      2648993A 
  56      2584000B 
  56      80C41C
  57 0023 281F57B8 		.ascii	"(\037W\270x:\322}\031\230|\204\213\014\316+8s\031 \335"
  57      783AD27D 
ARM GAS  /var/folders/qd/4mxf5pkd0zdf0b9dd1hp39180000gn/T//ccf9QBWV.s 			page 4


  57      19987C84 
  57      8B0CCE2B 
  57      38731920 
  58 0038 44EF8F9E 		.ascii	"D\357\217\2362\325\007J9zx\310B\023\356\262\330\204"
  58      32D5074A 
  58      397A78C8 
  58      4213EEB2 
  58      D884
  59 004a 4DD63561 		.ascii	"M\3265a\225\245&\\e\371?D\016\214\257\257\"\231\245"
  59      95A5265C 
  59      65F93F44 
  59      0E8CAFAF 
  59      2299A5
  60 005d 9AF8543B 		.ascii	"\232\370T;N\357\237\221\261\032X\\v\012\273-\246"
  60      4EEF9F91 
  60      B11A585C 
  60      760ABB2D 
  60      A6
  61              		.text
  62              		.section	.gnu.lto_.refs.322cbaf1a9423187,"",%progbits
  63 0000 789C6363 		.ascii	"x\234cc```\003bF\006&F&\006\000\000\263\000\023"
  63      60606003 
  63      62460626 
  63      46260600 
  63      00B30013 
  64              		.text
  65              		.section	.gnu.lto_.decls.322cbaf1a9423187,"",%progbits
  66 0000 789CC556 		.ascii	"x\234\305VkPSG\024\276'\233\004\010(\016t:h\265\343"
  66      6B505347 
  66      14BE279B 
  66      0408280E 
  66      743A68B5 
  67 0015 3838F207 		.ascii	"88\362\007.\250\035\373\327\342\243\316\370`\252\355"
  67      2EA81DFB 
  67      D7E2A3CE 
  67      F860AAED 
  68 0025 4CFB27C6 		.ascii	"L\373'\306\020%mHR\022::\375sQ\024\212O\324\252\210"
  68      10256D48 
  68      52123A3A 
  68      FD735114 
  68      8A4FD4AA 
  69 003a B5161DAD 		.ascii	"\265\026\035\255\312\370(\342\203\250\240\024\244*\012"
  69      CAF828E2 
  69      83A8A014 
  69      A42A0A
  70 0049 F8A6BC04 		.ascii	"\370\246\274\004Q\024ED$*\002=\273{\223\033\242\364"
  70      51144544 
  70      242A023D 
  70      BB7B931B 
  70      A2F4
  71 005b F1AB3B9C 		.ascii	"\361\253;\234\2739{\276\375\316\236\263gw\321\012\202"
  71      BB397BBE 
  71      FDCE9EB3 
  71      6777D10A 
  71      82
  72 006c 60D609C2 		.ascii	"`\326\011\302\030\"\010{\360\367\0006\025\366\347P\000"
  72      1822087B 
ARM GAS  /var/folders/qd/4mxf5pkd0zdf0b9dd1hp39180000gn/T//ccf9QBWV.s 			page 5


  72      F0F70036 
  72      15F6E750 
  72      00
  73 007d A54DE02D 		.ascii	"\245M\340-\000\345)\3123\224\347(/P\334(\275(}2v@\030"
  73      00E529CA 
  73      3394E728 
  73      2F50DC28 
  73      BD287D32 
  74 0094 DC1A81CF 		.ascii	"\334\032\201\317[(p@\007\355\200s>@y\355\307\335'\363"
  74      5B287040 
  74      07ED8073 
  74      3E4079ED 
  74      C7DD27F3 
  75 00a8 B965FEE7 		.ascii	"\271e\376\347\262\277wqo&P\235~d\007YM L\007jT\237U"
  75      B2BF7771 
  75      6F26509D 
  75      7E640759 
  75      4D204C07 
  76 00c0 6E6F198E 		.ascii	"no\031\216\352{:\030\213\352\352\262\302r\331ZA\321"
  76      EA7B3A18 
  76      8BEAEAB2 
  76      C272D95A 
  76      41D1
  77 00d2 BD6D9BEF 		.ascii	"\275m\233\357\000\327CP]\356\272\223\035\312\321M\324"
  77      00D74350 
  77      5DEEBA93 
  77      1DCAD14D 
  77      D4
  78 00e3 FCEBFD1D 		.ascii	"\374\353\375\035\353B\270\371cT\257\271\2532tD\005\324"
  78      EB42B8F9 
  78      6354AFB9 
  78      AB327444 
  78      05D4
  79 00f5 B4DDD57D 		.ascii	"\264\335\325}Q\303M\201\250\356.+z\035L\202\230\251"
  79      51C34D81 
  79      A8EE2E2B 
  79      7A1D4C82 
  79      98A9
  80 0107 BE62FF41 		.ascii	"\276b\377A\352d\202\016h\342Bq\350\360\343S\257\206"
  80      EA64820E 
  80      68E24271 
  80      E8F0E353 
  80      AF86
  81 0119 F1218AB8 		.ascii	"\361!\212\270\336\263>/\220\014c\277w\327\346m\011\210"
  81      DEB33E2F 
  81      900C63BF 
  81      77D7E66D 
  81      0988
  82 012b C997780B 		.ascii	"\311\227x\013\234'\300Y \236hj\326w\355\011 \261\024"
  82      9C27C059 
  82      209E686A 
  82      D677ED09 
  82      20B114
  83 013e A86ABCD3 		.ascii	"\250j\274\323[7\034tQ\231\222\264\\\332\265B\012\372"
  83      5B371C74 
  83      519992B4 
  83      5CDAB542 
ARM GAS  /var/folders/qd/4mxf5pkd0zdf0b9dd1hp39180000gn/T//ccf9QBWV.s 			page 6


  83      0AFA
  84 0150 54806330 		.ascii	"T\200c0\032\012`\264\000\347!\212\222\027C\214\000g"
  84      1A0A60B4 
  84      00E7218A 
  84      9217438C 
  84      0067
  85 0162 70F0340E 		.ascii	"p\3604\016\356\245\204%\215\356\011\331\031\222\244"
  85      EEA58425 
  85      8DEE09D9 
  85      1992A4
  86 0171 8273A083 		.ascii	"\202s\240\203\022 \014\203\351\233\240\343.\366\357"
  86      12200C83 
  86      E99BA0E3 
  86      2EF6EF
  87 0180 C9CED392 		.ascii	"\311\316\323\222\253\300|\270r[\313TC\371(\033\322\307"
  87      ABC07CB8 
  87      725BCB54 
  87      43F9281B 
  87      D2C7
  88 0192 05D7B8F2 		.ascii	"\005\327\270\362\225\324\307\357\350\243T\361\201.\271"
  88      95D4C7EF 
  88      E8A354F1 
  88      812EB9
  89 01a1 93E6A2BA 		.ascii	"\223\346\242\2724\025\271\313S\327\237u\272\223\220"
  89      3415B9CB 
  89      53D79F75 
  89      BA9390
  90 01b0 56A6682A 		.ascii	"V\246h*\272{V\204@dddxT\036uZr\265>jk\331*i\203\201"
  90      BA7B5684 
  90      40646464 
  90      78541E75 
  90      5A72B53E 
  91 01cb 919523D9 		.ascii	"\221\225#\331%\010W\026!\216F\3368\374\010\034\336\274"
  91      25085716 
  91      218E46DE 
  91      38FC081C 
  91      DEBC
  92 01dd 8F487B22 		.ascii	"\217H{\"\030\326\365N,j^p\227\002\276\340\017.\002/"
  92      18D6F54E 
  92      2C6A5E70 
  92      9702BEE0 
  92      0F2E022F 
  93 01f1 73360D6A 		.ascii	"s6\015j\003\012\250\0058\201\200\343\314F\341\030\030"
  93      030AA805 
  93      388180E3 
  93      CC46E118 
  93      18
  94 0202 5CC63C54 		.ascii	"\\\306<T@$\374\201r\021\"\331^\361<\224o%\270\205\024"
  94      4024FC81 
  94      721122D9 
  94      5EF13C94 
  94      6F25B885 
  95 0217 28C82990 		.ascii	"(\310)\220\367\261\270?\275JKr\011K\362\205\375\007"
  95      F7B1B83F 
  95      BD4A4B72 
  95      094BF285 
  95      FD07
ARM GAS  /var/folders/qd/4mxf5pkd0zdf0b9dd1hp39180000gn/T//ccf9QBWV.s 			page 7


  96 0229 2A01C2A3 		.ascii	"*\001\302\243\336\351\006\256\"\373?{\352\237B\035]"
  96      DEE906AE 
  96      22FB3F7B 
  96      EA9F421D 
  96      5D
  97 023a 415CA592 		.ascii	"A\\\245\222n\352\227\271s\2358].\027g,\252Y\205\233"
  97      6EEA97B9 
  97      739D385D 
  97      2E17672C 
  97      AA59859B 
  98 024e 76879243 		.ascii	"v\207\222C\314\273\367D\204\361\023\261n}\301Q\035)"
  98      CCBBF744 
  98      84F113B1 
  98      6E7DC151 
  98      1D29
  99 0260 E4B68EF4 		.ascii	"\344\266\216\364\326\246`n\213@\265\260\362d\203\206"
  99      D6A6606E 
  99      8B40B5B0 
  99      F2648386 
 100 0270 9CE6B6BA 		.ascii	"\234\346\266\272\256\233\031\301\244\224+\207\337l\336"
 100      AE9B19C1 
 100      A4942B87 
 100      DF6CDE
 101 027f A72517B9 		.ascii	"\247%\027\271Rqxc\203|J\256S\375JKiV0?E\2734\250?\354"
 101      52717863 
 101      837C4AAE 
 101      53FD4A4B 
 101      6956303F 
 102 0299 2B6FD790 		.ascii	"+o\327\220j\006\016j{\221\275o\030\335olQ\221\341y,"
 102      6A060E6A 
 102      7B91BD6F 
 102      18DD6F6C 
 102      5191E179 
 103 02ae 9A9EED61 		.ascii	"\232\236\355a\233$\251\"\226\005t\012\003j\301\336\233"
 103      9B24A922 
 103      9605740A 
 103      036AC1DE 
 103      9B
 104 02bf 91933068 		.ascii	"\221\2230h\037\021\33752M*I'\014~\303\037~\035|K\004"
 104      1F11DF35 
 104      324D2A49 
 104      270C7EC3 
 104      1F7E1D7C 
 105 02d5 D1E74729 		.ascii	"\321\347G)\350k\376\350\232\267\310k}\340\325\376\360"
 105      E86BFEE8 
 105      9AB7C86B 
 105      7DE0D5FE 
 105      F0
 106 02e6 2A7FF21A 		.ascii	"*\177\362\032\237\245\334\362G\213~\340\213\037(\340"
 106      9FA5DCF2 
 106      478B7EE0 
 106      8B1F28E0 
 107 02f6 5A7F70A1 		.ascii	"Z\177p\241B-WSNX\032\026\007E\371\226\023\247\272\237"
 107      422D5753 
 107      4E581A16 
 107      0745F996 
 107      13A7BA9F 
ARM GAS  /var/folders/qd/4mxf5pkd0zdf0b9dd1hp39180000gn/T//ccf9QBWV.s 			page 8


 108 030a E393B29B 		.ascii	"\343\223\262\233\376\\E>Q\015*\263;\210\270\315\214"
 108      FE5C453E 
 108      510D2AB3 
 108      3B88B8CD 
 108      8C
 109 031b 2D728DDD 		.ascii	"-r\215\335\305\032k\304\372jF\251C\251Gi@\371\023\245"
 109      C51A6BC4 
 109      FA6A46A9 
 109      43A94769 
 109      40F913A5 
 110 032f 49AE39DC 		.ascii	"I\2569\334\304s\257\036\257\014%\267y\005/o\255\333"
 110      C473AF1E 
 110      AF0C25B7 
 110      79052F6F 
 110      ADDB
 111 0341 AAF6AF60 		.ascii	"\252\366\257`\0175\334G\306\377\302\316\243\355\310"
 111      0F35DC47 
 111      C6FFC2CE 
 111      A3EDC8
 112 0350 D5D2926E 		.ascii	"\325\322\222n\305\211\367\224\222n\361\224\364\332\374"
 112      C589F794 
 112      926EF194 
 112      F4DAFC
 113 035f 674F205C 		.ascii	"gO \\v\2309\244C\341\337\304R\225\336\\\033\020\222"
 113      769839A4 
 113      43E1DFC4 
 113      5295DE5C 
 113      1B1092
 114 0372 E5BDE3E0 		.ascii	"\345\275\343\340\201\317E @\033\204\260\267\251\215"
 114      81CF4520 
 114      401B84B0 
 114      B7A98D
 115 0381 BD0945E7 		.ascii	"\275\011E\347\316\024\0077\"\025>\2000\202Q\320\347"
 115      CE140737 
 115      22153E80 
 115      308251D0 
 115      E7
 116 0392 8A7EB1A7 		.ascii	"\212~\261\247\302\364\001O\003>\216\243*\336\311P\252"
 116      C2F4014F 
 116      033E8EA3 
 116      2ADEC950 
 116      AA
 117 03a3 78A68077 		.ascii	"x\246\200wD%s\250<\274\354O&\000_Vn\347\356<\215?\203"
 117      442573A8 
 117      3CBCEC4F 
 117      26005F56 
 117      6EE7EE3C 
 118 03ba FC87CF3C 		.ascii	"\374\207\317<>\244R\234\371Lyk\255\202\327\354]\224"
 118      3EA4529C 
 118      F94C796B 
 118      AD82D7EC 
 118      5D94
 119 03cc 1224C819 		.ascii	"\022$\310\031;_\223\326\246k\302\\\012\360\225 l\010"
 119      3B5F93D6 
 119      A66BC25C 
 119      0AF09520 
 119      6C08
ARM GAS  /var/folders/qd/4mxf5pkd0zdf0b9dd1hp39180000gn/T//ccf9QBWV.s 			page 9


 120 03de 4C6607BF 		.ascii	"Lf\007\277\263@j\326\221f~\013\224\015\270KB\371-\240"
 120      B3406AD6 
 120      91667E0B 
 120      940DB84B 
 120      42F92DA0 
 121 03f2 A22F57E7 		.ascii	"\242/W\347\345\237\344K`\004\252\371k\0066k\"\266\260"
 121      E59FE44B 
 121      6004AAF9 
 121      6B06366B 
 121      22B6B0
 122 0405 ED5B218D 		.ascii	"\355[!\215P\301\302\367\341\011f\3741\313x\007D\340"
 122      50C1C2F7 
 122      E10966FC 
 122      31CB7807 
 122      44E0
 123 0417 D7AAE6CE 		.ascii	"\327\252\346\316.\035;\332\257\035\267K\332\325$\225"
 123      2E1D3BDA 
 123      AF1DB74B 
 123      DAD52495 
 124 0427 DCEA1BFB 		.ascii	"\334\352\033\373\340\230$\341\343\"\251)\014\332\225"
 124      E09824E1 
 124      E322A929 
 124      0CDA95
 125 0436 DA68A7EF 		.ascii	"\332h\247\357$<\302\235\205\207\270\355\002<\205q8="
 125      243CC29D 
 125      8587B8ED 
 125      023C8571 
 125      383D
 126 0448 E3B78E46 		.ascii	"\343\267\216F\015Y\251f\253Zs\317U\030\212\\MXa\017"
 126      0D59A966 
 126      AB5A73CF 
 126      55188A5C 
 126      4D58610F 
 127 045c 7E208756 		.ascii	"~ \207V\254Z+\375\002\314#t*T\235\362\223\013\317\030"
 127      AC5A2BFD 
 127      02CC2374 
 127      2A549DF2 
 127      930BCF18 
 128 0470 C5E5FBF5 		.ascii	"\305\345\373\365\337\223\003\234\341`YV\232ZfhYG\372"
 128      DF93039C 
 128      E1605956 
 128      9A5A6668 
 128      5947FA
 129 0483 CA569524 		.ascii	"\312V\225$\360\371]\312\374.\317\374\347l\376\016wn"
 129      F0F95DCA 
 129      FC2ECFFC 
 129      E76CFE0E 
 129      776E
 130 0495 A18A3CE2 		.ascii	"\241\212<\342\004{W\273s\211Lpm'\351\270\340%\350V\010"
 130      047B57BB 
 130      73894C70 
 130      6D27E9B8 
 130      E025E856 
 131 04aa BA3D042F 		.ascii	"\272=\004/\030A\301\253\314\\ \3334\214\300\325p\242"
 131      1841C1AB 
 131      CC5C20DB 
 131      348CC0D5 
ARM GAS  /var/folders/qd/4mxf5pkd0zdf0b9dd1hp39180000gn/T//ccf9QBWV.s 			page 10


 131      70A2
 132 04bc 3D402628 		.ascii	"=@&(\315'O\216\266I\231:\316\320\2430\364x\030\334\214"
 132      CD274F8E 
 132      B649993A 
 132      CED0A330 
 132      F47818DC 
 133 04d1 E1407E4E 		.ascii	"\341@~Nk\020)\346\014\356\366m?\252\325*^\3234\317\364"
 133      6B1029E6 
 133      0CEEF66D 
 133      3FAAD52A 
 133      5ED334CF 
 134 04e6 0ABF7BA6 		.ascii	"\012\277{\2466`\310\035y\315v\344\025\310[r\364\320"
 134      3660C81D 
 134      79CD76E4 
 134      15C85B72 
 134      F4D0
 135 04f8 F1064F1A 		.ascii	"\361\006O\032/\325G\335>&\245k(\006^*\013x\351Y@/[@"
 135      2FD547DD 
 135      3E26A56B 
 135      28065E2A 
 135      0B78E959 
 136 0510 CECEF547 		.ascii	"\316\316\365G\010\251\344\013\350(~\376\320\223\304"
 136      08A9E40B 
 136      E8287EFE 
 136      D093C4
 137 051f 6B2E7252 		.ascii	"k.rR\311\301\033\205\340\215\207\240\217\021T\224\036"
 137      C9C11B85 
 137      E08D87A0 
 137      8F115494 
 137      1E
 138 0530 EA0926AB 		.ascii	"\352\011&\253\265\214\340Du\315\331\341\343wK\235\022"
 138      B58CE044 
 138      75CDD9E1 
 138      E3774B9D 
 138      12
 139 0541 FD0F61F2 		.ascii	"\375\017a\362\325\316t)3\214\235\333~N\340s\263\365"
 139      D5CE7429 
 139      338C9DDB 
 139      7E4EE073 
 139      B3F5
 140 0553 B3BA1880 		.ascii	"\263\272\030\200\3618\357\3477\2759\303}\217:\365\251"
 140      F138EFE7 
 140      37BD39C3 
 140      7D8F3AF5 
 140      A9
 141 0564 1C7549C5 		.ascii	"\034uI\305\217:\366\324\311\216\033\222\326\027\374"
 141      8F3AF6D4 
 141      C98E1B92 
 141      D617FC
 142 0573 7A10384D 		.ascii	"z\0208M\006\323^\2330c\232\301i \306\024\313\310\230"
 142      06D35E9B 
 142      30639AC1 
 142      6920C614 
 142      CBC898
 143 0586 1891FFD9 		.ascii	"\030\221\377\331\034b\222\301\":R\214\264\2171\006\316"
 143      1C6292C1 
 143      223A528C 
ARM GAS  /var/folders/qd/4mxf5pkd0zdf0b9dd1hp39180000gn/T//ccf9QBWV.s 			page 11


 143      B48F3106 
 143      CE
 144 0597 9CFBF9D8 		.ascii	"\234\373\371\330\370\2708A\247\327\247\232\255\316I"
 144      F8B83841 
 144      A7D7A79A 
 144      ADCE49
 145 05a6 13F5CE8D 		.ascii	"\023\365\316\215 N\265\333-f\243\301i\266Y\035\342t"
 145      204EB5DB 
 145      2D66A3C1 
 145      69B6591D 
 145      E274
 146 05b8 A3C56C77 		.ascii	"\243\305lw\230\364\246h{\252\361\233\2111\006\273]\214"
 146      98F4A668 
 146      7BAAF19B 
 146      893106BB 
 146      5D8C
 147 05ca B7599D26 		.ascii	"\267Y\235&\253\363-\243\270\300f\2638\304%Fc\264!%9"
 147      ABF32DA3 
 147      B8C066B3 
 147      38C42546 
 147      63B42125 
 148 05df DA6AB39A 		.ascii	"\332j\263\232\242M\206E\346\350)\321\023c\343\246D\177"
 148      A24D8645 
 148      E6E829D1 
 148      1363E3A6 
 148      447F
 149 05f1 3B393AD9 		.ascii	";9:\331\360\265-E\034d\025\315V\243%5\321$&\033\214"
 149      F0B52D45 
 149      1C6415CD 
 149      56A32535 
 149      D124261B 
 150 0606 4966AB49 		.ascii	"If\253I\324'\232\026\033R-N\275s\231\335\344\210I\022"
 150      D4279A16 
 150      1B522D4E 
 150      BD7399DD 
 150      E4884912 
 151 061a 023D8BCB 		.ascii	"\002=\213\313\370\377\026\347X\346\020\365\016g\"\256"
 151      F8FF16E7 
 151      58E610F5 
 151      0E6722AE 
 152 062a 0457446C 		.ascii	"\004WDl\211)\230\333\2448\377\334\332m)\350z\376\202"
 152      892998DB 
 152      A438FFDC 
 152      DA6D29E8 
 152      7AFE82
 153 063d 3993268A 		.ascii	"9\223&\212\263gO\023g&\314\232\367]\234h7X\364\026K"
 153      B3674F13 
 153      6726CC9A 
 153      F75D9C68 
 153      3758F416 
 154 0652 22CE0C73 		.ascii	"\"\316\014s8\2231\224%v\263M\35709S\355z\2476a:\335"
 154      38933194 
 154      2576B34D 
 154      EF303953 
 154      ED7AA736 
 155 0669 2B6DC234 		.ascii	"+m\3024\336\305\363\356\023\336M\345\335L\332\005%L"
 155      DEC5F3EE 
ARM GAS  /var/folders/qd/4mxf5pkd0zdf0b9dd1hp39180000gn/T//ccf9QBWV.s 			page 12


 155      13DE4DE5 
 155      DD4CDA05 
 155      254C
 156 067b 9D8DF12D 		.ascii	"\235\215\361-6/\011@g\263\254f\347\250!7W\320:\234\024"
 156      362F0940 
 156      67B3AC66 
 156      E7A82137 
 156      57D03A9C 
 157 0690 31C61FE1 		.ascii	"1\306\037\341\215\210\006\022\264\310fHI\244\270\217"
 157      8D880612 
 157      B4C86648 
 157      49A4B88F 
 158 06a0 FC71CC42 		.ascii	"\374q\314Bc\321\317\232;}\316<\375\2348\375\264Y\363"
 158      63D1CF9A 
 158      3B7DCE3C 
 158      FD9C38FD 
 158      B459F3
 159 06b3 E3E77D31 		.ascii	"\343\347}1\375\263/\271\021\347\0078\022S\351\354\361"
 159      FDB32FB9 
 159      11E70738 
 159      1253E9EC 
 159      F1
 160 06c4 437A31A5 		.ascii	"Cz1\245\2301\370T\307\"\212\306\216\242?\034\012\315"
 160      9831F854 
 160      C7228AC6 
 160      8EA23F1C 
 160      0ACD
 161 06d6 61C3F472 		.ascii	"a\303\364r\276\364f\004\207$\371(\261\177\227p\366\235"
 161      BEF46604 
 161      8724F928 
 161      B17F9770 
 161      F69D
 162 06e8 11B774A9 		.ascii	"\021\267t\251\230\244\344\233Ry\012\312\310r\367\027"
 162      98A4E49B 
 162      52790ACA 
 162      C872F717 
 163 06f8 AEF1054E 		.ascii	"\256\361\005N"
 164              		.text
 165              		.section	.gnu.lto_.symtab.322cbaf1a9423187,"",%progbits
 166 0000 68616C49 		.ascii	"halInit\000"
 166      6E697400 
 167 0008 00       		.ascii	"\000"
 168 0009 00       		.ascii	"\000"
 169 000a 00       		.ascii	"\000"
 170 000b 00000000 		.ascii	"\000\000\000\000\000\000\000\000"
 170      00000000 
 171 0013 EF000000 		.ascii	"\357\000\000\000"
 172 0017 70616C5F 		.ascii	"pal_default_config\000"
 172      64656661 
 172      756C745F 
 172      636F6E66 
 172      696700
 173 002a 00       		.ascii	"\000"
 174 002b 02       		.ascii	"\002"
 175 002c 00       		.ascii	"\000"
 176 002d 00000000 		.ascii	"\000\000\000\000\000\000\000\000"
 176      00000000 
ARM GAS  /var/folders/qd/4mxf5pkd0zdf0b9dd1hp39180000gn/T//ccf9QBWV.s 			page 13


 177 0035 FF000000 		.ascii	"\377\000\000\000"
 178 0039 7374496E 		.ascii	"stInit\000"
 178      697400
 179 0040 00       		.ascii	"\000"
 180 0041 02       		.ascii	"\002"
 181 0042 00       		.ascii	"\000"
 182 0043 00000000 		.ascii	"\000\000\000\000\000\000\000\000"
 182      00000000 
 183 004b F1000000 		.ascii	"\361\000\000\000"
 184 004f 626F6172 		.ascii	"boardInit\000"
 184      64496E69 
 184      7400
 185 0059 00       		.ascii	"\000"
 186 005a 02       		.ascii	"\002"
 187 005b 00       		.ascii	"\000"
 188 005c 00000000 		.ascii	"\000\000\000\000\000\000\000\000"
 188      00000000 
 189 0064 F3000000 		.ascii	"\363\000\000\000"
 190 0068 73647549 		.ascii	"sduInit\000"
 190      6E697400 
 191 0070 00       		.ascii	"\000"
 192 0071 02       		.ascii	"\002"
 193 0072 00       		.ascii	"\000"
 194 0073 00000000 		.ascii	"\000\000\000\000\000\000\000\000"
 194      00000000 
 195 007b F5000000 		.ascii	"\365\000\000\000"
 196 007f 75736249 		.ascii	"usbInit\000"
 196      6E697400 
 197 0087 00       		.ascii	"\000"
 198 0088 02       		.ascii	"\002"
 199 0089 00       		.ascii	"\000"
 200 008a 00000000 		.ascii	"\000\000\000\000\000\000\000\000"
 200      00000000 
 201 0092 F7000000 		.ascii	"\367\000\000\000"
 202 0096 5F70616C 		.ascii	"_pal_lld_init\000"
 202      5F6C6C64 
 202      5F696E69 
 202      7400
 203 00a4 00       		.ascii	"\000"
 204 00a5 02       		.ascii	"\002"
 205 00a6 00       		.ascii	"\000"
 206 00a7 00000000 		.ascii	"\000\000\000\000\000\000\000\000"
 206      00000000 
 207 00af FB000000 		.ascii	"\373\000\000\000"
 208 00b3 68616C5F 		.ascii	"hal_lld_init\000"
 208      6C6C645F 
 208      696E6974 
 208      00
 209 00c0 00       		.ascii	"\000"
 210 00c1 02       		.ascii	"\002"
 211 00c2 00       		.ascii	"\000"
 212 00c3 00000000 		.ascii	"\000\000\000\000\000\000\000\000"
 212      00000000 
 213 00cb FD000000 		.ascii	"\375\000\000\000"
 214              		.text
 215              		.section	.gnu.lto_.opts,"",%progbits
 216 0000 272D666D 		.ascii	"'-fmath-errno' '-fsigned-zeros' '-ftrapping-math' '"
ARM GAS  /var/folders/qd/4mxf5pkd0zdf0b9dd1hp39180000gn/T//ccf9QBWV.s 			page 14


 216      6174682D 
 216      6572726E 
 216      6F272027 
 216      2D667369 
 217 0033 2D666E6F 		.ascii	"-fno-trapv' '-fno-openmp' '-fno-openacc' '-mcpu=cor"
 217      2D747261 
 217      70762720 
 217      272D666E 
 217      6F2D6F70 
 218 0066 7465782D 		.ascii	"tex-m3' '-mno-thumb-interwork' '-mthumb' '-O2' '-fo"
 218      6D332720 
 218      272D6D6E 
 218      6F2D7468 
 218      756D622D 
 219 0099 6D69742D 		.ascii	"mit-frame-pointer' '-falign-functions=16' '-ffuncti"
 219      6672616D 
 219      652D706F 
 219      696E7465 
 219      72272027 
 220 00cc 6F6E2D73 		.ascii	"on-sections' '-fdata-sections' '-fno-common' '-flto"
 220      65637469 
 220      6F6E7327 
 220      20272D66 
 220      64617461 
 221 00ff 2700     		.ascii	"'\000"
 222              		.text
 223              		.comm	__gnu_lto_v1,1,1
 224              		.comm	__gnu_lto_slim,1,1
 225              		.ident	"GCC: (GNU Tools for Arm Embedded Processors 7-2017-q4-major) 7.2.1 20170904 (release) [ARM
ARM GAS  /var/folders/qd/4mxf5pkd0zdf0b9dd1hp39180000gn/T//ccf9QBWV.s 			page 15


DEFINED SYMBOLS
                            *ABS*:0000000000000000 hal.c
                            *COM*:0000000000000001 __gnu_lto_v1
                            *COM*:0000000000000001 __gnu_lto_slim

NO UNDEFINED SYMBOLS
