ARM GAS  /var/folders/qd/4mxf5pkd0zdf0b9dd1hp39180000gn/T//ccjHymOv.s 			page 1


   1              		.cpu cortex-m3
   2              		.eabi_attribute 20, 1
   3              		.eabi_attribute 21, 1
   4              		.eabi_attribute 23, 3
   5              		.eabi_attribute 24, 1
   6              		.eabi_attribute 25, 1
   7              		.eabi_attribute 26, 1
   8              		.eabi_attribute 30, 2
   9              		.eabi_attribute 34, 1
  10              		.eabi_attribute 18, 4
  11              		.file	"pal_lld.c"
  12              		.section	.gnu.lto_.profile.c02d56ad0f262089,"",%progbits
  13 0000 789C6363 		.ascii	"x\234cc```\001bF\0067\027\000\001H\000\226"
  13      60606001 
  13      62460637 
  13      17000148 
  13      0096
  14              		.text
  15              		.section	.gnu.lto_.icf.c02d56ad0f262089,"",%progbits
  16 0000 789C6363 		.ascii	"x\234cc``\020a@\000f\206y\337\027\336`f\234{\342\345"
  16      60601061 
  16      40006686 
  16      79DF17DE 
  16      60669C7B 
  17 0016 7726A697 		.ascii	"w&\246\227\313\237_fa\000\000f\333\011\307"
  17      CB9F5F66 
  17      61000066 
  17      DB09C7
  18              		.text
  19              		.section	.gnu.lto_.jmpfuncs.c02d56ad0f262089,"",%progbits
  20 0000 789C6363 		.ascii	"x\234cc``\220a@\000&\006FF\306\3729\314\014\214\314"
  20      60609061 
  20      40002606 
  20      4646C6FA 
  20      39CC0C8C 
  21 0015 40063B90 		.ascii	"@\006;\220\005\3421\00113\003\000<b\004\264"
  21      05E23101 
  21      31330300 
  21      3C6204B4 
  22              		.text
  23              		.section	.gnu.lto_.inline.c02d56ad0f262089,"",%progbits
  24 0000 789C3D91 		.ascii	"x\234=\2211N\0031\020E\377\214M\262\202\202-(\221b)"
  24      314E0331 
  24      1045FF8C 
  24      4DB28282 
  24      2D289162 
  25 0015 7B020E10 		.ascii	"{\002\016\020\371(\324p\211i\021\025\022M\244\024\356"
  25      F928D470 
  25      89691115 
  25      124DA414 
  25      EE
  26 0026 E980F49B 		.ascii	"\351\200\364\233>\005EJ\212-\323\346\006xf\274\270x"
  26      3E05454A 
  26      8A2DD3E6 
  26      067866BC 
  26      B878
  27 0038 7FBE467A 		.ascii	"\177\276Fz\336\225\027\000\366\204\377\303\300\260\246"
ARM GAS  /var/folders/qd/4mxf5pkd0zdf0b9dd1hp39180000gn/T//ccjHymOv.s 			page 2


  27      DE951700 
  27      F684FFC3 
  27      C0B0A6
  28 0047 5B244280 		.ascii	"[$B\2001\033\223\361\321X\310B<\306\326\330b\362VZ\363"
  28      311B93F1 
  28      D158C842 
  28      3CC6D6D8 
  28      62F2565A 
  29 005c 183D2478 		.ascii	"\030=$x\363(!\015e\313X\224\025\203\316\313\350Tt6v"
  29      F328210D 
  29      65CB5894 
  29      1583CECB 
  29      E8547436 
  30 0071 8ADEC65E 		.ascii	"\212\336\306^\221lL\212lcV\010\261\207\221\2758c\013"
  30      916C4C8A 
  30      6C635608 
  30      B18791BD 
  30      38630B
  31 0084 A33BC5A4 		.ascii	"\243;\305\244\342V1\255\270WL,n\026W\317\356&\237\355"
  31      E25631AD 
  31      B8574C2C 
  31      6E1657CF 
  31      EE269FED 
  32 0098 4D3FFBEB 		.ascii	"M?\373\353\005\365\020\2067\242+NO\357\201^v\333\217"
  32      05F51086 
  32      37A22B4E 
  32      4FEF815E 
  32      76DB8F
  33 00ab E56BD885 		.ascii	"\345k\330\205@\201\276\350\036\234\236[\352\3720}^n"
  33      4081BEE8 
  33      1E9C9E5B 
  33      EAFA307D 
  33      5E6E
  34 00bd 7C1DE9BB 		.ascii	"|\035\351\273\255=\353St\017?\277=\256\307\015#\226"
  34      AD3DEB53 
  34      740F3FBF 
  34      3DAEC70D 
  34      2396
  35 00cf 55463CDE 		.ascii	"UF<\336\345\372\331\023\365\372\017\032\240\023\353"
  35      E5FAD913 
  35      F5FA0F1A 
  35      A013EB
  36 00de E595F668 		.ascii	"\345\225\366h\177\003\361Q|"
  36      7F03F151 
  36      7C
  37              		.text
  38              		.section	.gnu.lto_.pureconst.c02d56ad0f262089,"",%progbits
  39 0000 789C6363 		.ascii	"x\234cc```\005b&\006)F)\000\000\374\000C"
  39      60606005 
  39      62260629 
  39      46290000 
  39      FC0043
  40              		.text
  41              		.section	.gnu.lto__pal_lld_init.c02d56ad0f262089,"",%progbits
  42 0000 789CA597 		.ascii	"x\234\245\227mlSU\030\307\317s\317\355\355\333\272n"
  42      6D6C5355 
  42      18C7CF73 
ARM GAS  /var/folders/qd/4mxf5pkd0zdf0b9dd1hp39180000gn/T//ccjHymOv.s 			page 3


  42      CFEDEDDB 
  42      BA6E
  43 0012 091F4CE4 		.ascii	"\011\037L\344\003\037H\010_v\203\372\311\317&\204\004"
  43      031F4808 
  43      5F7683FA 
  43      C9CF2684 
  43      04
  44 0023 A3897E35 		.ascii	"\243\211~5\006g|I\026G\304\370\225\333\356\255\333\320"
  44      06677C49 
  44      1647C4F8 
  44      95DBEEAD 
  44      DBD0
  45 0035 55646866 		.ascii	"Udhf\243M\006A#\256\340|\331\312^j\207\033\010\005\306"
  45      A34D0641 
  45      23AEE07C 
  45      D9CA5E6A 
  45      871B0805 
  46 004a A60C2620 		.ascii	"\246\014& \240\233\335\00687\020\247l\236\347\234\236"
  46      A09BDD06 
  46      383710A7 
  46      6C9EE79C 
  46      9E
  47 005b 7B3B9BDD 		.ascii	"{;\233\335\344d\315\372\354\236\366\354y~\277\323\177"
  47      E464CDFA 
  47      EC9EF6EC 
  47      797EBFD3 
  47      7F
  48 006c BAD62084 		.ascii	"\272\326 \204\304C\204<\311~?\312\356@\011h\361s\204"
  48      C443843C 
  48      C97E3FCA 
  48      EE400968 
  48      F17384
  49 007f 447C1A00 		.ascii	"D|\032\000^X> {5\330\013\373\350\001\012\331\246\251"
  49      5E583E20 
  49      7B35D80B 
  49      FBE8010A 
  49      D9A6A9
  50 0092 5E6DEB11 		.ascii	"^m\353\021\213\3352\037\364\030\215V\303#\011J\310A"
  50      8BDD321F 
  50      F4188D56 
  50      C323094A 
  50      C841
  51 00a4 76C71B74 		.ascii	"v\307\033t\303V\266k\264\376X\202\266\322\004\005\320"
  51      C356B66B 
  51      B4FE5882 
  51      B6D20405 
  51      D0
  52 00b5 D9723ED7 		.ascii	"\331r>\327q\253\034\227\032lb\313\374rjZ\247O\000a\327"
  52      71AB1C97 
  52      1A6C62CB 
  52      FC726A5A 
  52      A74F0061 
  53 00ca DFCC7D32 		.ascii	"\337\314}2\034\334r\330\262\242Vf\356\020\2656'({\020"
  53      1CDC72D8 
  53      B2A25666 
  53      EE10B536 
  53      27287B10 
ARM GAS  /var/folders/qd/4mxf5pkd0zdf0b9dd1hp39180000gn/T//ccjHymOv.s 			page 4


  54 00de 286B085F 		.ascii	"(k\010_\303F\370\0126\022\366\020\201oa\013\356\277"
  54      C346F80A 
  54      3612F610 
  54      816F610B 
  54      EEBF
  55 00f0 797CB93D 		.ascii	"y|\271=d\350b \364\200A\200]\244.z2\326\362J\023\353"
  55      64E86220 
  55      F4804180 
  55      5DA42E7A 
  55      32D6F24A 
  56 0106 7118C6B6 		.ascii	"q\030\306\266o\006\3667\272\206\205b\321\261x\260\030"
  56      6F06F637 
  56      BA868562 
  56      D1B178B0 
  56      18
  57 0117 58BC587C 		.ascii	"X\274X|X\374X\002X\202X\312\260\204\260\224c\011c\251"
  57      58FC5802 
  57      588258CA 
  57      B084B094 
  57      630963A9 
  58 012b C0528965 		.ascii	"\300R\211e\003p\010\022c\243\331\301X\031\322L5\274"
  58      03700812 
  58      63A3D9C1 
  58      5819D24C 
  58      35BC
  59 013d AACB9019 		.ascii	"\252\313\220\031\310\246\363\237U#P\007\005\306y\260"
  59      C8A6F39F 
  59      55235007 
  59      05C679B0 
  60 014d 217BDE8B 		.ascii	"!{\336\213\312\036\2569\231\312\315\372\304\322J\306"
  60      CA1EAE39 
  60      99CACDFA 
  60      C4D24AC6 
  61 015d 2C3C9443 		.ascii	",<\224C\251\343\037A\022>\216\260\243\334\224\240\006"
  61      A9E31F41 
  61      123E8EB0 
  61      A3DC94A0 
  61      06
  62 016e A4996E2F 		.ascii	"\244\231n/\323\305\375\373\273\307_0\277\260\352!A\275"
  62      D3C5FDFB 
  62      BBC75F30 
  62      BFB0EA21 
  62      41BD
  63 0180 70826D6B 		.ascii	"p\202mk\347\007\014}`\262Yu\017\032A\214\322\304\264"
  63      E7070C7D 
  63      60B25975 
  63      0F1A418C 
  63      D2C4B4
  64 0193 B1AE950C 		.ascii	"\261\256\225\014?o\035\036\022\350gM\030\320x\013\337"
  64      3F6F1D1E 
  64      12E8674D 
  64      18D0780B 
  64      DF
  65 01a4 A4346AC0 		.ascii	"\2444j\300\0315\010&\353\317\032E\323\371\256\241\260"
  65      19350826 
  65      EBCF1A45 
  65      D3F9AEA1 
ARM GAS  /var/folders/qd/4mxf5pkd0zdf0b9dd1hp39180000gn/T//ccjHymOv.s 			page 5


  65      B0
  66 01b5 98478BD5 		.ascii	"\230G\213\325(W\353\313\346\206\215B\363d\032O\336\327"
  66      2857EBCB 
  66      E6868D42 
  66      F3641A4F 
  66      DED7
  67 01c7 413740A6 		.ascii	"A7@\246\320~\276u\377\004\260\376q>\332\017\337\361"
  67      D07EBE75 
  67      FF04B0FE 
  67      713EDA0F 
  67      DFF1
  68 01d9 09F8A2B1 		.ascii	"\011\370\242\261'\273\207\372\203\342\271\344\022\233"
  68      27BB87FA 
  68      83E2B9E4 
  68      129B
  69 01e7 1F802C98 		.ascii	"\037\200,\230\355l(\033?\304M\231D\236\026,\354\271"
  69      ED6C281B 
  69      3FC44D99 
  69      449E162C 
  69      ECB9
  70 01f9 413E776A 		.ascii	"A>wj\370R\263G,\255x=?\322\226\253\013\003\232Dy\211"
  70      F852B347 
  70      2CAD783D 
  70      3FD296AB 
  70      0B039A44 
  71 020f 9194C1F7 		.ascii	"\221\224\301\367\314\364d\001%\226\233\351\364\241j"
  71      CCF46401 
  71      25969BE9 
  71      F4A16A
  72 021e 0451BC30 		.ascii	"\004Q\2740\314Qx\220FP\226\012\331\224\224\325\325\355"
  72      CC517890 
  72      4650960A 
  72      D99494D5 
  72      D5ED
  73 0230 4EB9DA9D 		.ascii	"N\271\332\235F;\035\347\375Pb\247\310~\206\017\362`"
  73      463B1DE7 
  73      FD5062A7 
  73      C87E860F 
  73      F260
  74 0242 AFB3C8AE 		.ascii	"\257\263\310\256\013\366\036\311\356Qg\317\271\262\237"
  74      0BF61EC9 
  74      EE5167CF 
  74      B9B29F
  75 0251 437603E7 		.ascii	"Cv\003\347\235_/\373\005>\310\213\275F\221\335#\330"
  75      9D5F2FFB 
  75      053EC88B 
  75      BD4691DD 
  75      23D8
  76 0263 7B25BBA1 		.ascii	"{%\273\241\316~\221\267\364\255\301>f\247j\274\204}"
  76      CE7E91B7 
  76      F4ADC13E 
  76      66A76ABC 
  76      847D
  77 0275 72F4C6E7 		.ascii	"r\364\306\347\376B\214>\0241\232\275\333q\335\277Z\347"
  77      FE428C3E 
  77      14319ABD 
  77      DB71DDBF 
ARM GAS  /var/folders/qd/4mxf5pkd0zdf0b9dd1hp39180000gn/T//ccjHymOv.s 			page 6


  77      5AE7
  78 0287 C7229D89 		.ascii	"\307\"\235\211\330\321\366@\221\316ON\214.\241\216!"
  78      D8D1F640 
  78      91CE4F4E 
  78      8C2EA18E 
  78      21
  79 0298 74D252C7 		.ascii	"t\322R\307\253\2563\341\252s\331\216\321\225\022\035"
  79      ABAE33E1 
  79      AA73D98E 
  79      D195121D 
  80 02a8 45F64927 		.ascii	"E\366I'F?#\273W\260\237\220\354>u\366\253\256\354\327"
  80      463F23BB 
  80      57B09F90 
  80      EC3E75F6 
  80      ABAEECD7 
  81 02bc EC185D5F 		.ascii	"\354\030]_/\373/N\214n \273O\260\367Iv\277:\373M\336"
  81      2FFB2F4E 
  81      8C6E20BB 
  81      4FB0F749 
  81      76BF3AFB 
  82 02d2 D2BF06FB 		.ascii	"\322\277\006\373-;F\277\226\260\337;py\014\0121J\212"
  82      2D3B46BF 
  82      96B0DF3B 
  82      70790C0A 
  82      314A8A
  83 02e5 18BDDF35 		.ascii	"\030\275\3375r2\270Z\347\267\"\235\351\350L\257^\244"
  83      7232B85A 
  83      E7B7229D 
  83      E9E84CAF 
  83      5EA4
  84 02f7 33E5C468 		.ascii	"3\345\304h\032u\374B\247_\352\004\324u~w\325\311\333"
  84      1A75FC42 
  84      A75FEA04 
  84      D4757E77 
  84      D5C9DB
  85 030a 319A29D1 		.ascii	"1\232)\321Qd\237ub4\207\354\001\301> \331\203\352\354"
  85      51649F75 
  85      623487EC 
  85      01C13E20 
  85      D983EAEC 
  86 031e B75DD9EF 		.ascii	"\267]\331\357\3301\272\273^\366?\234\030\315#{P\260"
  86      D831BABB 
  86      5EF63F9C 
  86      18CD237B 
  86      50B0
  87 0330 0F4AF632 		.ascii	"\017J\3662u\366?y\313\300\032\354\013v\214\026K\331"
  87      75F63F79 
  87      CBC01AEC 
  87      0B768C16 
  87      4BD9
  88 0342 9B6F47E4 		.ascii	"\233oG\344\273\321\247\"F\235\203\367\277\244\253u\356"
  88      BBD1A722 
  88      469D83F7 
  88      BFA4AB75 
  88      EE
  89 0353 15E95CEB 		.ascii	"\025\351\\\353;j\025\277\271\336wb\364\027\352\224\011"
  89      3B6A15BF 
ARM GAS  /var/folders/qd/4mxf5pkd0zdf0b9dd1hp39180000gn/T//ccjHymOv.s 			page 7


  89      B9DE7762 
  89      F417EA94 
  89      09
  90 0364 9D535227 		.ascii	"\235SR'\244\256\363\300U\347o;FK%:\212\354\37781\372"
  90      A4AEF3C0 
  90      55E76F3B 
  90      464B253A 
  90      8AECFF38 
  91 037a 17D94382 		.ascii	"\027\331C\202\375\264d/Wg\177\350\312\276l\307he\275"
  91      FDB4642F 
  91      57677FE8 
  91      CABE6CC7 
  91      6865BD
  92 038d EC9666C7 		.ascii	"\354\226f\307(\2421\366r\301~F\262\207\325\331\243\274"
  92      28A231F6 
  92      72C17E46 
  92      B287D5D9 
  92      A3BC
  93 039f 65700DF6 		.ascii	"ep\015\366:M\306\250^\373?\373\342R\347\242Q\210\321"
  93      3A4DC6A8 
  93      5EFB3FFB 
  93      E252E7A2 
  93      5188D1
  94 03b2 B1C23FB5 		.ascii	"\261\302?\265\205\371\376\320j\235\006\315\321\2710"
  94      85F9FED0 
  94      6A9D06CD 
  94      D1B930
  95 03c1 D2960A17 		.ascii	"\322\226\012\027\3514jv\214\232P',t\316J\235\012u\235"
  95      E9346A76 
  95      8C9A5027 
  95      2C74CE4A 
  95      9D0A759D 
  96 03d5 98AB4EB3 		.ascii	"\230\253N\263&c\324R\242\243\310\336\252\3311\332\207"
  96      2663D452 
  96      A2A3C8DE 
  96      AAD931DA 
  96      87
  97 03e6 EC15823D 		.ascii	"\354\025\202='\331+\325\331\337qe\177W\2231j[/{\334"
  97      27D92BD5 
  97      D9DF7165 
  97      7F579331 
  97      6A5B2F7B 
  98 03fb 89D17BC8 		.ascii	"\211\321{\310^I\356@4y\244\215\177\224\347_\261b\354"
  98      5E49EE40 
  98      3479A48D 
  98      7F94E75F 
  98      B162EC
  99 040e 231AFBD2 		.ascii	"#\032\373\322\301^\371mUU\246\370\251\335c\276\266\253"
  99      C15EF96D 
  99      5555A6F8 
  99      A9DD63BE 
  99      B6AB
 100 0420 C6DC5DFB 		.ascii	"\306\334]\373\346[{\314\347\236\177\372\361\307\314"
 100      E65B7BCC 
 100      E79E7FFA 
 100      F1C7CC
 101 042f 9D3B9F32 		.ascii	"\235;\2372\267?\273\343\231\267\267\231\273w\325\274"
ARM GAS  /var/folders/qd/4mxf5pkd0zdf0b9dd1hp39180000gn/T//ccjHymOv.s 			page 8


 101      B73FBBE3 
 101      99B7B799 
 101      BB77D5BC 
 102 043f 5853F372 		.ascii	"XS\363rU51\252k\337x\345\365W\377\003\307\242\201/"
 102      553531AA 
 102      6BDF78E5 
 102      F557FF03 
 102      C7A2812F 
 103              		.text
 104              		.section	.gnu.lto__pal_lld_setgroupmode.c02d56ad0f262089,"",%progbits
 105 0000 789CA556 		.ascii	"x\234\245VkLTG\024\236sg\367\356\335\275\373\340\021"
 105      6B4C5447 
 105      149E7367 
 105      F7EEDDBD 
 105      FBE011
 106 0013 23514482 		.ascii	"#QD\202<\245qCm\232\364O\377\264Mk\242i\233\232&\375"
 106      3CA57143 
 106      6D9AF44F 
 106      FFB44D6B 
 106      A2699B9A 
 107 0029 D51AADA5 		.ascii	"\325\032\255\245)T\243\246I\223&\\\345%\266\266$ULo"
 107      2954A3A6 
 107      4993265C 
 107      E525B6B6 
 107      24554C6F 
 108 003d 370D165F 		.ascii	"7\015\026_\015U,X\021\004\345\015VA\260\012]\020kUH"
 108      0D552C58 
 108      1104E50D 
 108      5641B00A 
 108      5D106B55 
 109 0052 20D5285A 		.ascii	" \325(Z\254D\264g\316\354\205\205\222\032\323\015wv"
 109      AC44B467 
 109      CEEC8585 
 109      921AD30D 
 109      7776
 110 0064 E6CCF9CE 		.ascii	"\346\314\371\316\371\2763\347\316\2422\306\266\350\214"
 110      F9BE33E7 
 110      CEA232C6 
 110      B6E88C
 111 0073 BD8DDFE7 		.ascii	"\275\215\337\347\360\201\010\006Jq\027c[5E\341\035\013"
 111      F0810806 
 111      4A711763 
 111      5B3545E1 
 111      1D0B
 112 0085 98E1B275 		.ascii	"\230\341\262u,g\206\233\203*\3156\305Nf\225\314v\313"
 112      2C67869B 
 112      832ACD36 
 112      C54E6695 
 112      CC76CB
 113 0098 AC82574E 		.ascii	"\254\202WN\034\212\266=\005\367\235btk\340\222f\247"
 113      1C8AB63D 
 113      05F79D62 
 113      746BE092 
 113      66A7
 114 00aa 3571293A 		.ascii	"5q):\355\273i_\007\2174\273\255\211G\006j\324\274\212"
 114      EDBB695F 
 114      078F34BB 
ARM GAS  /var/folders/qd/4mxf5pkd0zdf0b9dd1hp39180000gn/T//ccjHymOv.s 			page 9


 114      AD894706 
 114      6AD4BC8A 
 115 00be A3A695A1 		.ascii	"\243\246\225\241\247\257OCO\037\200\260\033\032\260"
 115      A7AF4F43 
 115      4F1F80B0 
 115      1B1AB0
 116 00cd 1C85DBEC 		.ascii	"\034\205\333\354\252Cs\272t\267\307\353\203\034\305"
 116      AA4373BA 
 116      74B7C7EB 
 116      831CC5
 117 00dc CBA0C106 		.ascii	"\313\240\301\006\332\364\200R\330\027|\027\207\246\302"
 117      DAF48052 
 117      D8177C17 
 117      87A6C2
 118 00eb E11A25ED 		.ascii	"\341\032%\355\240\201\237\206=\273\\\005F~L\2003V\302"
 118      A0819F86 
 118      3DBB5C05 
 118      467E4C80 
 118      3356C2
 119 00fe 197DA00A 		.ascii	"\031}\240\012\322\320\253'\357h\200\177\316\003\034"
 119      D2D0AB27 
 119      EF68807F 
 119      CE031C
 120 010d C086CB3B 		.ascii	"\300\206\313;\235\346u\257X*\020\217\313\346\256\307"
 120      9DE675AF 
 120      582A108F 
 120      CBE6AEC7 
 121 011d 275CFC39 		.ascii	"'\\\3749`8\237l\033\037\326R\366\033\3066\243\341\341"
 121      60389F6C 
 121      1B1FD652 
 121      F61BC636 
 121      A3E1E1
 122 0130 3E6E2406 		.ascii	">n$\0068\207\343\3001 \374\014\261p\014b\031\232\030"
 122      3887E3C0 
 122      3120FC0C 
 122      B1700C62 
 122      199A18
 123 0143 54430ABA 		.ascii	"TC\012\272?>p\264H\343/\020\264\357`\241\351\012A\257"
 123      3F3E70B4 
 123      48E32F10 
 123      B4EF60A1 
 123      E90A41AF 
 124 0157 1C8ADA9F 		.ascii	"\034\212\332\237k\274\026\340681\033lcPC\340\273U\373"
 124      6BBC16E0 
 124      3638311B 
 124      6C635043 
 124      E0BB55FB 
 125 016b BFD6F98B 		.ascii	"\277\326\371\213\004\276r\353\330\267\026x\370\320\202"
 125      04BE72EB 
 125      D8B71678 
 125      F8D082
 126 017a 7D04B643 		.ascii	"}\004\266C\355l\260\235\301IH\021\210\375g\233Oy\371"
 126      ED6CB09D 
 126      C1494811 
 126      88FD679B 
 126      4F79F9
 127 018d 4B84DED9 		.ascii	"K\204\336\331]ReO*#toy\314\336\\\243\303\260\005\270"
ARM GAS  /var/folders/qd/4mxf5pkd0zdf0b9dd1hp39180000gn/T//ccjHymOv.s 			page 10


 127      5D52654F 
 127      2A23746F 
 127      79CCDE5C 
 127      A3C3B005 
 128 01a2 0A7533F1 		.ascii	"\012u3\361\342#\222\015\265u\003\177\205\240'G/\347"
 128      E223920D 
 128      B575037F 
 128      85A02747 
 128      2FE7
 129 01b4 59D0AEF2 		.ascii	"Y\320\256\362\330\262\020\324\001\247\346\204\226\265"
 129      D8B210D4 
 129      01A7E684 
 129      96B5
 130 01c2 D64EE87C 		.ascii	"\326N\350|\005A\273{\306\363]!\350\2712n\3543\024\001"
 130      0541BB7B 
 130      C6F35D21 
 130      E8B9326E 
 130      EC331401 
 131 01d6 6C9813F8 		.ascii	"l\230\023\370hG\335m\316W\0210Py\375\222\225\363\306"
 131      6847DD6D 
 131      CE571130 
 131      5079FD92 
 131      95F3C6
 132 01e9 F753C0A6 		.ascii	"\367S\300\2469\201\225\215wT\376&\341\276\332w\250B"
 132      3981958D 
 132      7754FE26 
 132      E1BEDA77 
 132      A842
 133 01fb 09E15AA6 		.ascii	"\011\341Z\246q-s\342\356\177Y\335\007|5\001\203#\267"
 133      712D73E2 
 133      EE7F59DD 
 133      077C3501 
 133      8323B7
 134 020e 0A1C56C2 		.ascii	"\012\034V\302\275S\300\2669\201\327~z\264\333\243\332"
 134      BD53C0B6 
 134      3981D77E 
 134      7AB4DBA3 
 134      DA
 135 021f 4A71A71D 		.ascii	"Jq\247\035\222\240\025\237f|\032\3619\215O=$\311\366"
 135      92A0159F 
 135      667C1AF1 
 135      398D4F3D 
 135      24C9F6
 136 0232 820E5019 		.ascii	"\202\016P\0310\346\370\017\317\212\013\366\006\343\321"
 136      30E6F80F 
 136      CF8A0BF6 
 136      06E3D1
 137 0241 E3423CD4 		.ascii	"\343B<\324\324\201{\177E=\003x\206\232\202\203\223\213"
 137      D4817B7F 
 137      453D0378 
 137      869A8283 
 137      938B
 138 0253 C12606BB 		.ascii	"\301&\006\273\030T18\304\240\211\301)\006\027u\212N"
 138      18543138 
 138      C4A089C1 
 138      29061775 
 138      8A4E
ARM GAS  /var/folders/qd/4mxf5pkd0zdf0b9dd1hp39180000gn/T//ccjHymOv.s 			page 11


 139 0265 D1DD347A 		.ascii	"\321\3354z\230\310\342\245\321\307D\266\010\032#\231"
 139      98C8E2A5 
 139      D1C744B6 
 139      081A2399 
 140 0275 C81A4563 		.ascii	"\310\032Ec4\023\231\347\201h\224\371 \0325\006D\234"
 140      341399E7 
 140      816894F9 
 140      201A3506 
 140      449C
 141 0287 854CB08A 		.ascii	"\205L\260\212\2458\213(B\034a\027\023*\201,Kh7\221,"
 141      A5388B28 
 141      421C6117 
 141      132A812C 
 141      4B683791 
 142 029c 49B49B4C 		.ascii	"I\264\233L\363\024\332M%K\032\371,%n\351\224\213\261"
 142      F314DA4D 
 142      254B1AF9 
 142      2C256EE9 
 142      948BB1
 143 02af ED58903E 		.ascii	"\355X\220>\315h`E\\\301In\003\033\202\274\376\346\341"
 143      CD686045 
 143      5CC1496E 
 143      031B82BC 
 143      FEE6E1
 144 02c2 72B7A892 		.ascii	"r\267\250\222\311\347a]\213\002\337\224;\304[g\007\016"
 144      C9E7615D 
 144      8B02DF94 
 144      3BC45B67 
 144      070E
 145 02d4 6742F52E 		.ascii	"gB\365.\302wiBA\377Qh2G\352\363]\302\037\235K\362\233"
 145      C2776942 
 145      41FF5168 
 145      3247EAF3 
 145      5DC21F9D 
 146 02eb CE9333A7 		.ascii	"\316\2233\247\003\254k\352lSK\341\273\255\370\236\227"
 146      03AC6BEA 
 146      6C534BE1 
 146      BBADF89E 
 146      97
 147 02fc AEC7DAB8 		.ascii	"\256\307\332\270L>\037~\021Ap\267\267\272\266\332\343"
 147      4C3E1F7E 
 147      114170B7 
 147      B7BAB6DA 
 147      E3
 148 030d 3F6CE46D 		.ascii	"?l\344m5\342\003\\\207\263P\012\273\351\006\200s\340"
 148      35E2035C 
 148      87B3500A 
 148      BBE90680 
 148      73E0
 149 031f 37790C25 		.ascii	"7y\014%\262\261A\273El\274\374\371ib\215W+\357\350\222"
 149      B2B141BB 
 149      456CBCFC 
 149      F969628D 
 149      572BEFE8 
 150 0334 980D3AA7 		.ascii	"\230\015:\247\210\331\331\003\260\210\235\036r\204\210"
 150      88D9D903 
 150      B0889D1E 
ARM GAS  /var/folders/qd/4mxf5pkd0zdf0b9dd1hp39180000gn/T//ccjHymOv.s 			page 12


 150      728488
 151 0343 3D1D932E 		.ascii	"=\035\223.b\002\202\311\371i&\252,\321(l;5\322!#\233"
 151      620282C9 
 151      F96926AA 
 151      2CD1286C 
 151      3B35D221 
 152 0359 1CC255BB 		.ascii	"\034\302U\273Iu\356\304\351\273\336\234I\003\2574w)"
 152      4975EEC4 
 152      E9BBDE9C 
 152      4903AF34 
 152      7729
 153 036b 97DDF9A0 		.ascii	"\227\335\371\240\347\346v]\344\217\010p\017\364@\016"
 153      E7E6765D 
 153      E48F0870 
 153      0FF4400E 
 154 037b 748772D7 		.ascii	"t\207r\327\024\227\024\3732*\214bC\344\366\302\005\314"
 154      149714FB 
 154      322A8C62 
 154      43E4F6C2 
 154      05CC
 155 038d 8D02A90C 		.ascii	"\215\002\251\014\277B\206H7V\370\251L\266\020\363\261"
 155      BF428648 
 155      3756F8A9 
 155      4CB610F3 
 155      B1
 156 039e 61D8162F 		.ascii	"a\330\026/\226\242-\320$\326\245\007K\374d\3023\017"
 156      96A22DD0 
 156      24D6A507 
 156      4BFC64C2 
 156      330F
 157 03b0 E7E30006 		.ascii	"\347\343\000\006\0271\217p9\000\344!:\3352}L\226\326"
 157      17318F70 
 157      3900E421 
 157      3ADD327D 
 157      4C96D6
 158 03c3 30CB02B2 		.ascii	"0\313\002\262\264\207Y\312K\244\255\236\"W\374Y\363"
 158      B48759CA 
 158      4BA4AD9E 
 158      2257FC59 
 158      F3
 159 03d4 C02322AB 		.ascii	"\300#\"\253\030\371\022\325\274\210;\030\376\"Paro\027"
 159      18F912D5 
 159      BC883B18 
 159      FE225061 
 159      726F17
 160 03e7 D407DF93 		.ascii	"\324\007\337\223\\\023L\356\015\277\303}xJ\2752h\274"
 160      5C134CEE 
 160      0DBFC37D 
 160      784ABD32 
 160      68BC
 161 03f9 9517BD24 		.ascii	"\225\027\275$\252\365\035\011Zbb\015gx\265\013\257%"
 161      AAF51D09 
 161      5A62620D 
 161      6778B50B 
 161      AF25
 162 040b D26B30B8 		.ascii	"\322k0\270N\272%\232<j\246[\243pK\224nC\241`h\211\230"
 162      4EBA259A 
ARM GAS  /var/folders/qd/4mxf5pkd0zdf0b9dd1hp39180000gn/T//ccjHymOv.s 			page 13


 162      3C6AA65B 
 162      A3704B94 
 162      6E43A160 
 163 0422 E9D52CBC 		.ascii	"\351\325,\274\222\204\327\303\202\311\340g\322M1\271"
 163      9284D7C3 
 163      82C9E067 
 163      D24D31B9 
 164 0432 0B891E1F 		.ascii	"\013\211\036\037>\323\346\022D\235`\000\364!\214Z\256"
 164      3ED3E612 
 164      449D6000 
 164      F4218C5A 
 164      AE
 165 0443 05425EE1 		.ascii	"\005B^\341\352\235\250\376\267\251\216\323\330`\202"
 165      EA9DA8FE 
 165      B7A98ED3 
 165      D86082
 166 0452 94FF77C1 		.ascii	"\224\377w\301\316\201L\351\237\202\332\020rd\354\336"
 166      CE814CE9 
 166      9F82DA10 
 166      7264ECDE 
 167 0462 1155427C 		.ascii	"\021UB|\020\374\227\374\024\012\340\014\013px K\006"
 167      10FC97FC 
 167      140AE00C 
 167      0B707820 
 167      4B06
 168 0474 48A6E34E 		.ascii	"H\246\343N\234%1\231\000\256P\305\207Aa\322\036)\347"
 168      9C253199 
 168      00AE50C5 
 168      874161D2 
 168      1E29E7
 169 0487 14D42305 		.ascii	"\024\324#\005\326\017\204\004r)p\262\264\177\322\036"
 169      D60F8404 
 169      722970B2 
 169      B47FD21E 
 170 0497 126828D0 		.ascii	"\022h(\320?[!\267$\215\203\007\231i\346\361\036l\304"
 170      3F5B21B7 
 170      248D8307 
 170      9969E6F1 
 170      1E6CC4
 171 04aa 04E74465 		.ascii	"\004\347De#\214C$r\321j\253\316\240)\331\331\177<\010"
 171      238C4324 
 171      72D16AAB 
 171      CEA029D9 
 171      D97F3C08 
 172 04be 48430FE3 		.ascii	"HC\017\343\335i\011O\303\343\232\251\224\2160\215\210"
 172      DD69094F 
 172      C3E39AA9 
 172      948E308D 
 172      88
 173 04cf BBC31037 		.ascii	"\273\303\0207-\245\251\2444i\3261\245\022\300\023\256"
 173      2DA5A9A4 
 173      3469D631 
 173      A512C013 
 173      AE
 174 04e0 94EC3E39 		.ascii	"\224\354>9\247\240\272<\360I+\367RT\012\351a\251\361"
 174      A7A0BA3C 
 174      F0492BF7 
ARM GAS  /var/folders/qd/4mxf5pkd0zdf0b9dd1hp39180000gn/T//ccjHymOv.s 			page 14


 174      52540AE9 
 174      61A9F1
 175 04f3 AE43ABF0 		.ascii	"\256C\253\360*)8\034\254\013)M7y4\026\344XK{\201&\233"
 175      2A29381C 
 175      AC0B294D 
 175      37793416 
 175      E4584B7B 
 176 050a 1960209C 		.ascii	"\031` \234q\275\010\236.*\241#s\335\254\026\225X\342"
 176      71BD089E 
 176      2E2AA123 
 176      73DDAC16 
 176      9558E2
 177 051d 36AB4425 		.ascii	"6\253D%|\310U\357\247J\244\272\373\253\251\022^\206"
 177      7CC855EF 
 177      A74AA4BA 
 177      FBABA912 
 177      5E86
 178 052f FF055934 		.ascii	"\377\005Y4\011\035\035v8Qa\364#\302\016\312\033&\305"
 178      091D1D76 
 178      385161F4 
 178      23C20ECA 
 178      1B26C5
 179 0542 2DE744D8 		.ascii	"-\347D\330%\016\346|s\357\217\252\344+\310\336\333\221"
 179      250EE67C 
 179      73EF8FAA 
 179      E42BC8DE 
 179      DB91
 180 0554 7F9F4BB2 		.ascii	"\177\237K\262\016\270l\035\024\336b1*C\211\236\011\344"
 180      0EB86C1D 
 180      14DE6231 
 180      2A43899E 
 180      09E4
 181 0566 380E6EF1 		.ascii	"8\016n\361\336\252\265\225\031X\033\017\356{i=\2061"
 181      DEAAB595 
 181      19581B0F 
 181      EE7B693D 
 181      8631
 182 0578 3C621941 		.ascii	"<b\031A\313JD\371\3042J\356\242\306H\261\214\026o\264"
 182      CB4A44F9 
 182      C4324AEE 
 182      A2C648B1 
 182      8C166FB4 
 183 058c DA5F29C4 		.ascii	"\332_)\304\246{\306t\324\345\263\256\274\246\332\221"
 183      A67BC674 
 183      D4E5B3AE 
 183      BCA6DA91 
 184 059c 917C5DD2 		.ascii	"\221|]\322\261\315\272O\343\237p\233\016\322m\252\210"
 184      B1CDBA4F 
 184      E39F709B 
 184      0ED26DAA 
 184      88
 185 05ad 0BED0AF8 		.ascii	"\013\355\012\370es\376\020\272>\355\030\316\344\261"
 185      6573FE10 
 185      BA3EED18 
 185      CEE4B1
 186 05bc B2238A9C 		.ascii	"\262#\212\234\322(\355q\"\355\305\035A>\327\025\036"
 186      D228ED71 
ARM GAS  /var/folders/qd/4mxf5pkd0zdf0b9dd1hp39180000gn/T//ccjHymOv.s 			page 15


 186      22EDC51D 
 186      413ED715 
 186      1E
 187 05cd F7849CBF 		.ascii	"\367\204\234\277O\347\274*npUj\030\26548\236R\303\037"
 187      4FE7BC2A 
 187      6E70556A 
 187      18B53438 
 187      9E52C31F 
 188 05e1 148FFE7F 		.ascii	"\024\217\376\177\2706[\203\206\341L\276h\246\006'\331"
 188      B8365B83 
 188      86E14CBE 
 188      68A60627 
 188      D9
 189 05f2 17FF1F0D 		.ascii	"\027\377\037\015\327\247s\336\020\032\234\354\026^\310"
 189      D7A773DE 
 189      101A9CEC 
 189      165EC8
 190 0601 157BA88B 		.ascii	"\025{\250\213\345\371\307b\343x\361{\0216\223\370\216"
 190      E5F9C762 
 190      E378F17B 
 190      113693F8 
 190      8E
 191 0612 C30613DF 		.ascii	"\303\006\023\337\213\261\351\274\342\367\035\360\000"
 191      8BB1E9BC 
 191      E2F71DF0 
 191      00
 192 061f B10A19CB 		.ascii	"\261\012\031\313\226\371\345\337\206\315\376\3145Y\376"
 192      96F9E5DF 
 192      86CDFECC 
 192      3559FE
 193 062e 8D1B366D 		.ascii	"\215\0336m\331\354\177k\365\252\345\317\372W\256|\331"
 193      D9EC7F6B 
 193      F5AAE5CF 
 193      FA57AE7C 
 193      D9
 194 063f FFEA1B2B 		.ascii	"\377\352\033+^\377$\303\277qM\326\273YY\353\226\255"
 194      5EFF24C3 
 194      BF714DD6 
 194      BB5959EB 
 194      96AD
 195 0651 6536E161 		.ascii	"e6\341a\313^\263\371#[\366\206u\357\303\207|\355\372"
 195      CB5EB3F9 
 195      235BF686 
 195      75EFC387 
 195      7CEDFA
 196 0664 0FF8DA4D 		.ascii	"\017\370\332MY\370d*\331YJv\346?\236\341\254Y"
 196      59F8642A 
 196      D9594A76 
 196      E63F9EE1 
 196      AC59
 197              		.text
 198              		.section	.gnu.lto_cfgtab.6857.c02d56ad0f262089,"",%progbits
 199 0000 789C4D8F 		.ascii	"x\234M\217MK\002Q\030\205\357;\267\031+G\255\375\374"
 199      4D4B0251 
 199      1885EF3B 
 199      B7192B47 
 199      ADFDFC
ARM GAS  /var/folders/qd/4mxf5pkd0zdf0b9dd1hp39180000gn/T//ccjHymOv.s 			page 16


 200 0013 896AE3CF 		.ascii	"\211j\343\31730\220\332\264p\025\023\010\025A\222\011"
 200      333090DA 
 200      B4701513 
 200      08154192 
 200      09
 201 0024 D5D48C7D 		.ascii	"\325\324\214}\230f\246\264\250 B\210V-\"Z\210\014\210"
 201      9866A6B4 
 201      A8204288 
 201      562D225A 
 201      880C88
 202 0037 D858C7FB 		.ascii	"\330X\307\373^b\2069\034\036\236\341=\214%\204\230\220"
 202      5E628639 
 202      1C1E9EE1 
 202      3D8C2584 
 202      9890
 203 0049 1078D553 		.ascii	"\020x\325S\224T\031\204\025kC\272RP\006Xh\277\277\320"
 203      94541984 
 203      156B43BA 
 203      52500658 
 203      68BFBFD0 
 204 005d 14891681 		.ascii	"\024\211\026\201\257\275\274Ol\223\300\347\376\303v"
 204      AFBDBC4F 
 204      6C93C0E7 
 204      FEC376
 205 006c 92ED0270 		.ascii	"\222\355\002p\253\026vM\266\263\361S\244NEo\253\023"
 205      AB16764D 
 205      B6B3F153 
 205      A44E456F 
 205      AB13
 206 007e 83310DDC 		.ascii	"\2031\015\334\371\362\233&c\0128\376,\366\364\220\035"
 206      F9F29B26 
 206      630A38FE 
 206      2CF6F490 
 206      1D
 207 008f 1F223514 		.ascii	"\037\"5\024\365\037#\233q\036X\366\366\002m\347\200"
 207      F51F239B 
 207      711E58F6 
 207      F6026DE7 
 207      80
 208 00a0 E1FADA50 		.ascii	"\341\372\332P\362n\"\216\244\2601\250\356\333l%\360"
 208      F26E228E 
 208      A4B031A8 
 208      EEDB6C25 
 208      F0
 209 00b1 637C18A4 		.ascii	"c|\030\244\331Z\300\243o\177\224b;\375\375\316n\360"
 209      D95AC0A3 
 209      6F7F9462 
 209      3BFDFDCE 
 209      6EF0
 210 00c3 A3874CE0 		.ascii	"\243\207L\340S\276\352\352S3\361S\244N\375[\241l\353"
 210      53BEEAEA 
 210      5333F153 
 210      A44EFD5B 
 210      A16CEB
 211 00d6 7758CFB0 		.ascii	"wX\317\2605\342(\024\036l\216\312\211\254\227+\224r"
 211      35E22814 
 211      1E6C8ECA 
ARM GAS  /var/folders/qd/4mxf5pkd0zdf0b9dd1hp39180000gn/T//ccjHymOv.s 			page 17


 211      89AC972B 
 211      9472
 212 00e8 25D39506 		.ascii	"%\323\225\006-9\324&\207\226\035\352\240\356\211\361"
 212      2D39D426 
 212      87961DEA 
 212      A0EE89F1 
 213 00f8 0E39435A 		.ascii	"\0169CZ\272o\221&\322@n\220:r\215\254\260\276\322\237"
 213      BA6F9126 
 213      D2406E90 
 213      3A728DAC 
 213      B0BED29F 
 214 010c 5DEABED0 		.ascii	"]\352\276\320]\323\035\350\366u\237\353\366\220S\344"
 214      5DD31DE8 
 214      F6759FEB 
 214      F69053E4 
 215 011c 04392647 		.ascii	"\0049&GP\227\262\342\017\222\026\230\360"
 215      5097B2E2 
 215      0F921698 
 215      F0
 216              		.text
 217              		.section	.gnu.lto_.symbol_nodes.c02d56ad0f262089,"",%progbits
 218 0000 789C6363 		.ascii	"x\234cc``\320\007b\006\2463\214\365\014\014\023\316"
 218      6060D007 
 218      6206A633 
 218      8CF50C0C 
 218      13CE
 219 0012 313000A9 		.ascii	"10\000\251]\015\216@\221\263\214\365\214(\"\254\347"
 219      5D0D8E40 
 219      91B38CF5 
 219      8C2822AC 
 219      E7
 220 0023 18191A94 		.ascii	"\030\031\032\224\030\030\230\031\000%<\012\375"
 220      18189819 
 220      00253C0A 
 220      FD
 221              		.text
 222              		.section	.gnu.lto_.refs.c02d56ad0f262089,"",%progbits
 223 0000 789C6363 		.ascii	"x\234cc```\003bFF\006&V\006\000\000\271\000\026"
 223      60606003 
 223      62464606 
 223      26560600 
 223      00B90016 
 224              		.text
 225              		.section	.gnu.lto_.decls.c02d56ad0f262089,"",%progbits
 226 0000 789CC558 		.ascii	"x\234\305XYTTG\032\276u\253i\232\356f\01183\316\034"
 226      59545447 
 226      1ABE75AB 
 226      699AEE66 
 226      093833CE 
 227 0015 CE1C63F0 		.ascii	"\316\034c\360\330/\320\202\2231\017\263\204\3051\236"
 227      D82FD082 
 227      93310FB3 
 227      84C5319E 
 228 0025 98C4D33A 		.ascii	"\230\304\323:\0173\017\323i\241\325N\200\356\201vN\362"
 228      0F330FD3 
 228      69A1D54E 
 228      80EE8176 
ARM GAS  /var/folders/qd/4mxf5pkd0zdf0b9dd1hp39180000gn/T//ccjHymOv.s 			page 18


 228      4EF2
 229 0037 92B9B228 		.ascii	"\222\271\262(\022\021\020\242\202\032\0274\212\313\020"
 229      121110A2 
 229      821A1734 
 229      8ACB10
 230 0046 1744B6D0 		.ascii	"\027D\266\320 \2101b\020E\005\005\021\005qe\025\001"
 230      20883162 
 230      10450505 
 230      11057165 
 230      1501
 231 0058 51E6AFAA 		.ascii	"Q\346\257\252\333\364\245\351\216q^\346\036\376\256"
 231      DBF4A5E9 
 231      8E715EE6 
 231      1EFEAE
 232 0067 FAEB7EF5 		.ascii	"\372\353~\365\257Uu\377B\316q\334#\177\216{\023s\\,"
 232      AF5575FF 
 232      42CE71DC 
 232      237F8E7B 
 232      13735C2C 
 233 007b E2B80978 		.ascii	"\342\270\011xd0V\015D\332N\240\027@\023@<\274'\017\017"
 233      6430560D 
 233      44DA4EA0 
 233      17401340 
 233      3CBC270F 
 234 0090 A482FE1B 		.ascii	"\244\202\376\033@d\350-q\334\376\374\012\000\336\320"
 234      4064E82D 
 234      71DCFEFC 
 234      0A00DED0 
 235 00a0 7E0C04A2 		.ascii	"~\014\004\242\271\031\242\234\271@\177\006\354\037\201"
 235      B919A29C 
 235      B9407F06 
 235      EC1F81
 236 00af BAA07F1B 		.ascii	"\272\240\177\033\350]\350\207\003\215A\177\004H\015"
 236      E85DE887 
 236      038D417F 
 236      04480D
 237 00be F436F037 		.ascii	"\3646\3607\240=\007\364\004\350<P?\320\367@O\201\332"
 237      A03D07F4 
 237      04E83C50 
 237      3FD0F740 
 237      4F81DA
 238 00d1 80AE015D 		.ascii	"\200\256\001]\007j\341\230\015*'\033\310\363\026\330"
 238      076AE198 
 238      0D2A271B 
 238      C8F316D8 
 239 00e1 E1E76487 		.ascii	"\341\347d\207\324\227\277A[\013\024(\332F\364\023\273"
 239      D497BF41 
 239      5B0B1428 
 239      DA46F413 
 239      BB
 240 00f2 22E0DD6C 		.ascii	"\"\340\335l\2407\201\376.\306a\030h@\264\343\251\250"
 240      A03781FE 
 240      2EC66118 
 240      6840B4E3 
 240      A9A8
 241 0104 D39DFF8B 		.ascii	"\323\235\377\213@/\026\345\022\235\263]\330f\177r1\272"
 241      402F16E5 
ARM GAS  /var/folders/qd/4mxf5pkd0zdf0b9dd1hp39180000gn/T//ccjHymOv.s 			page 19


 241      129DB35D 
 241      D8667F72 
 241      31BA
 242 0116 94F2ED0E 		.ascii	"\224\362\355\016\374%F\376J$\003\266\277!\377\216\017"
 242      FC2546FE 
 242      4A2403B6 
 242      BF21FF8E 
 242      0F
 243 0127 B0339468 		.ascii	"\2603\224h\026\260\345%\025g=\330\333y\300>\357\311"
 243      16B0E525 
 243      15673DD8 
 243      DB79C03E 
 243      EFC9
 244 0139 6D418C55 		.ascii	"mA\214U\003\233T\336\222\355\313\300\035\234d\262?\233"
 244      039B54DE 
 244      92EDCBC0 
 244      1D9C64B2 
 244      3F9B
 245 014b BC29F3C4 		.ascii	"\274)\363\3041%\006_\241\237_>t^\024\244\000\266\240"
 245      3125065F 
 245      A19F5F3E 
 245      745E14A4 
 245      00B6A0
 246 015e AE6C4C85 		.ascii	"\256lL\205\275\350\253\266s\205\207\211\005s\225\210"
 246      BDE8ABB6 
 246      73858789 
 246      05739588 
 247 016e E4DF1786 		.ascii	"\344\337\027\206\212\036\225\216z\263!\202\250\270\220"
 247      8A1E958E 
 247      7AB32182 
 247      A8B890
 248 017d 7DD91B7B 		.ascii	"}\331\033{\323\376W\215\333\326\313C\216\010\354Q|\301"
 248      D3FE578D 
 248      DBD6CB43 
 248      8E08EC51 
 248      7CC1
 249 018f A1EF10B6 		.ascii	"\241\357\020\266;\323\2249\260\317\023/\"@\376V\313"
 249      3BD39439 
 249      B0CF132F 
 249      2240FE56 
 249      CB
 250 01a0 F39B3E48 		.ascii	"\363\233>H\251I\023\204$aw\262\340\365\036\207N\242"
 250      A9491384 
 250      246177B2 
 250      E0F51E87 
 250      4EA2
 251 01b2 40740205 		.ascii	"@t\002\005r\250\006i\210\360*\024\302\241J\030\254\200"
 251      72A80669 
 251      88F02A14 
 251      C2A14A18 
 251      AC80
 252 01c4 C16F8840 		.ascii	"\301o\210@\333\265\374?\345\015\010\302,T\215\224\310"
 252      DBB5FC3F 
 252      E50D08C2 
 252      2C548D94 
 252      C8
 253 01d5 8630C540 		.ascii	"\2060\305@\244\347*\231\212\302}\331{\345\270\033Q\035"
ARM GAS  /var/folders/qd/4mxf5pkd0zdf0b9dd1hp39180000gn/T//ccjHymOv.s 			page 20


 253      A4E72A99 
 253      8AC27DD9 
 253      7BE5B81B 
 253      511D
 254 01e7 E5DBBBEA 		.ascii	"\345\333\273\352xw:\352\334\352\230\250\234}6U\020x"
 254      78773AEA 
 254      DCEA98A8 
 254      9C7D3655 
 254      1078
 255 01f9 540B3ACE 		.ascii	"T\013:\3168t\200J\246\244\263\354\346Z\036\217\260\320"
 255      3874804A 
 255      A6A4B3EC 
 255      E65A1E8F 
 255      B0D0
 256 020b BD4CAFE8 		.ascii	"\275L\257\350\303x\2342\036\347\206\206\223\325(((("
 256      C3789C32 
 256      1EE78686 
 256      93D52828 
 256      2828
 257 021d 40B39728 		.ascii	"@\263\227(\265\325\367h\266\326\255\023\262\014T\330"
 257      B5D5F768 
 257      B6D6AD13 
 257      B20C54D8 
 258 022d 5910F603 		.ascii	"Y\020\366\003\012p\030\241\205e\200B\311Z`\360\316\003"
 258      0A7018A1 
 258      85658042 
 258      C95A60F0 
 258      CE03
 259 023f 58D83793 		.ascii	"X\3307\223b\313]b\201\233\004\0178\300\365\316\3402"
 259      62CB5D62 
 259      819B040F 
 259      38C0F5CE 
 259      E032
 260 0251 3429399B 		.ascii	"4)9\2338\225\005\204d\034*\001\300)\372\216\300\301"
 260      38950584 
 260      641C2A01 
 260      C029FA8E 
 260      C0C1
 261 0263 317401E2 		.ascii	"1t\001\342p\016\005\241\357\201\316\243 \232+\026\207"
 261      700E05A1 
 261      EF81CEA3 
 261      209A2B16 
 261      87
 262 0274 B35B31A4 		.ascii	"\263[1\244\220\00091\004b\036\253^\2464\312\361qL\203"
 262      90003931 
 262      04621EAB 
 262      5EA634CA 
 262      F1714C83 
 263 0288 5C5F78A8 		.ascii	"\\_x\250\001\241\000\215K5\350G\220\376jM/\027\020E"
 263      01A1008D 
 263      4B35E847 
 263      90FE6A4D 
 263      2F171045 
 264 029c 1701D7E0 		.ascii	"\027\001\327\340\0107\321K\325=I\351\352P\261\3059\023"
 264      0837D14B 
 264      D53D49E9 
 264      EA50B1C5 
ARM GAS  /var/folders/qd/4mxf5pkd0zdf0b9dd1hp39180000gn/T//ccjHymOv.s 			page 21


 264      3913
 265 02ae D8E286D3 		.ascii	"\330\342\206\323\355\036\270\216jG7\007\256\256W\341"
 265      ED1EB88E 
 265      6A473707 
 265      AEAE57E1 
 266 02be 0B8C291A 		.ascii	"\013\214)\032\317= \307\227\031\223\231\334\376\005"
 266      CF3D20C7 
 266      97199399 
 266      DCFE05
 267 02cd 9BF407E0 		.ascii	"\233\364\007\3406n;\220%\027\367\002\006>\2758\247\300"
 267      366E3B90 
 267      2517F702 
 267      063EBD38 
 267      A7C0
 268 02df 17B752A8 		.ascii	"\027\267R\250g\352\327\365;=i\326\2024A{\251E\303y\376"
 268      67EAD7F5 
 268      3B3D69D6 
 268      8234417B 
 268      A945C379 
 269 02f4 3982706E 		.ascii	"9\202pn\0365\352\022\030\325\012\355\244W\215H\2327"
 269      1E35EA12 
 269      18D50AED 
 269      A4578D48 
 269      9A37
 270 0306 80D7FC66 		.ascii	"\200\327\374f\255`K\301\024]\352\214>\215\246d\016\340"
 270      AD604BC1 
 270      145DEA8C 
 270      3E8DA664 
 270      0EE0
 271 0318 AD12F855 		.ascii	"\255\022\370Ugx\261\233\3245\003\340\012}\327*\006\364"
 271      6778B19B 
 271      D43503E0 
 271      0A7DD72A 
 271      06F4
 272 032a 2604F406 		.ascii	"&\004\364\006\004\263\015\350\032\320u\240\0261\260"
 272      04B30DE8 
 272      1AD075A0 
 272      1631B0
 273 0339 4C51D3AF 		.ascii	"LQ\323\257\035\212.;+r,>1\337y\376kA\025\001I\023\316"
 273      1D8A2E3B 
 273      2B722C3E 
 273      31DF79FE 
 273      6B411501 
 274 0350 24754B03 		.ascii	"$uK\003\322\344,\252L\342\"D\267z\364Q\252/\276\315"
 274      D2E42CAA 
 274      4CE22244 
 274      B77AF451 
 274      AA2FBECD 
 275 0364 1648D1E3 		.ascii	"\026H\321\343\276\177#M\000\323\361d\273\234\244\272"
 275      BE7F234D 
 275      00D3F164 
 275      BB9CA4BA 
 276 0374 0326B73B 		.ascii	"\003&\267;R\335JS\355\322[t\013\234\3749\016\203\332"
 276      52DD4A53 
 276      EDD25B74 
 276      0B9CFC39 
 276      0E83DA
ARM GAS  /var/folders/qd/4mxf5pkd0zdf0b9dd1hp39180000gn/T//ccjHymOv.s 			page 22


 277 0387 2B6383CD 		.ascii	"+c\203\315\276\001\242\2304\267b\270\237\222\261=\257"
 277      BE01A298 
 277      34B762B8 
 277      9F92B13D 
 277      AF
 278 0398 A9C74B9D 		.ascii	"\251\307K\235>yb\240\333\222m\305\241ND>B\264%\007Z"
 278      3E7962A0 
 278      DB926DC5 
 278      A14E443E 
 278      42B42507 
 279 03ad DF859DE2 		.ascii	"\337\205\235\342\312\364\003\366\370\325\203\345\012"
 279      CAF403F6 
 279      F8D583E5 
 279      0A
 280 03ba FC90ADBF 		.ascii	"\374\220\255\277mM\307\026*\341\344I\376Y'\017L\310"
 280      6D4DC716 
 280      2AE1E449 
 280      FE59270F 
 280      4CC8
 281 03cc C8ADA991 		.ascii	"\310\255\251\221\341^6;\345Ls\261\032\0171\246\353\207"
 281      E15E363B 
 281      E54C73B1 
 281      1A0F31A6 
 281      EB87
 282 03de A224051E 		.ascii	"\242$\005\036aL\367\341\215\217|\3608c\016o\276\264"
 282      614CF7E1 
 282      8D8F7CF0 
 282      38630E6F 
 282      BEB4
 283 03f0 1F634146 		.ascii	"\037cAF\231\323\225\217\303\2301\201\300\225\265\365"
 283      99D3958F 
 283      C3983181 
 283      C095B5F5 
 284 0400 DB54E28A 		.ascii	"\333T\342\212G\300\037\035\271u\312\003\247P\250WqZ"
 284      47C01F1D 
 284      B975CA03 
 284      A750A857 
 284      715A
 285 0412 CB0446B0 		.ascii	"\313\004F\260\336\341\321\004\301\232OI\026l?n\300\367"
 285      DEE1D104 
 285      C19A4F49 
 285      166C3F6E 
 285      C0F7
 286 0424 ABF65D5A 		.ascii	"\253\366]ZK\016\225.8T\356A\202z\247\037*,\313S\222"
 286      4B0E952E 
 286      3854EE41 
 286      827AA71F 
 286      2A2CCB53 
 287 0439 F508100F 		.ascii	"\365\010\020\017\351\313^1SC\340\343S\210l?\320 \320"
 287      E9CB5E31 
 287      5343E0E3 
 287      53886C3F 
 287      D020D0
 288 044c 13A061A0 		.ascii	"\023\240a\240\001\240\276\311%J\264v\276\304\371t\215"
 288      01A0BEC9 
 288      254AB476 
 288      BEC4F974 
ARM GAS  /var/folders/qd/4mxf5pkd0zdf0b9dd1hp39180000gn/T//ccjHymOv.s 			page 23


 288      8D
 289 045d 12958F9D 		.ascii	"\022\225\217\235UN\331i\004>\366B\002\277\357\014\237"
 289      554ED969 
 289      043EF642 
 289      02BFEF0C 
 289      9F
 290 046e 72461278 		.ascii	"rF\022x\253T\372]g\370\035\344\214\257\221\342{\\\007"
 290      AB54FA5D 
 290      67F81DE4 
 290      8CAF91E2 
 290      7B5C07
 291 0481 40B265BA 		.ascii	"@\262e\272_\340<A\360#\250\251[\206\310\032~\201\013"
 291      5FE03C41 
 291      F023A8A9 
 291      5B86C81A 
 291      7E810B
 292 0494 4F0AC206 		.ascii	"O\012\302\0069\025\366\300\245\255\022\317\232\244\252"
 292      3915F6C0 
 292      A5AD12CF 
 292      9AA4AA
 293 04a3 BB5D9B1A 		.ascii	"\273]\233\032*n\260;\317\356\225\370\342\"\232L\276"
 293      2A6EB03B 
 293      CFEE95F8 
 293      E2229A4C 
 293      BE
 294 04b4 65FCFC45 		.ascii	"e\374\374E\037\347\023\330\236\0224\012\231x\235\254"
 294      1FE713D8 
 294      9E12340A 
 294      99789DAC 
 295 04c4 88FBF425 		.ascii	"\210\373\364%N&g\301\010\314|\346\330\250\275\3663\271"
 295      4E2667C1 
 295      08CC7CE6 
 295      D8A8BDF6 
 295      33B9
 296 04d6 3F3FBBD9 		.ascii	"??\273\331S\272MF\246l\2231\244\026\247\000\266d\303"
 296      53BA4D46 
 296      A66C9331 
 296      A416A700 
 296      B664C3
 297 04e9 B67BDEB8 		.ascii	"\266{\336\270\202\031;V\\T\203\220F\315\324\300\347"
 297      82193B56 
 297      5C548390 
 297      46CDD4C0 
 297      E7
 298 04fa 71571FF9 		.ascii	"qW\037\371\234\277\200\011\317\035z\306\3506s#\036\215"
 298      9CBF8009 
 298      CF1D7AC6 
 298      E8367323 
 298      1E8D
 299 050c 831B0E0D 		.ascii	"\203\033\016\015d.\3311\265\303\331\336\270\236i\351"
 299      642ED931 
 299      B5C3D9DE 
 299      B89E69E9 
 300 051c 1E4D39A9 		.ascii	"\036M9\251r\367\345\027xw_\376';g$\021\257' \003/\035"
 300      72F7E517 
 300      78775FFE 
 300      273B6724 
ARM GAS  /var/folders/qd/4mxf5pkd0zdf0b9dd1hp39180000gn/T//ccjHymOv.s 			page 24


 300      11AF2720 
 301 0533 D6D4D20F 		.ascii	"\326\324\322\017?\031\005=\207\032\012\307e\370\012"
 301      3F19053D 
 301      871A0AC7 
 301      65F80A
 302 0542 D3335C7B 		.ascii	"\3233\\{\257@\341NO\262[=M\277%\207`\022\257DPG8i\201"
 302      AF40E14E 
 302      4FB25B3D 
 302      4DBF2587 
 302      6012AF44 
 303 055b 51B27BAB 		.ascii	"Q\262{\253+\253T\267\340\220\202r\021\371\321\304 \304"
 303      2BAB54B7 
 303      E0908272 
 303      11F9D1C4 
 303      20C4
 304 056d 7EA12544 		.ascii	"~\241%D\371\011\373\203\3308\214\362\254\021\241\204"
 304      F909FB83 
 304      D8388CF2 
 304      AC11A184 
 305 057d B14F4193 		.ascii	"\261OA\223#\274(\203\267\313\245\177\242\000$\225\312"
 305      23BC2883 
 305      B7CBA57F 
 305      A2002495 
 305      CA
 306 058e DE3375F6 		.ascii	"\3363u\366\207U\270\254#\231\307\206x\2072\311\224i"
 306      8755B8AC 
 306      2399C786 
 306      788732C9 
 306      9469
 307 05a0 B67293AF 		.ascii	"\266r\223\257'\215r8\211\304\263\270\246im\217\262\003"
 307      278D7238 
 307      89C4B3B8 
 307      A6696D8F 
 307      B203
 308 05b2 3E141C82 		.ascii	">\024\034\202R;K\021G\217\271CG\362\272\274p\033;\363"
 308      523B4B11 
 308      478FB943 
 308      47F2BABC 
 308      701B3BF3 
 309 05c6 4EE53EE8 		.ascii	"N\345>\350\365\222\361\354DF\36122V7\361\314\346\313"
 309      F592F1EC 
 309      4446F132 
 309      325637F1 
 309      CCE6CB
 310 05d9 0E425E72 		.ascii	"\016B^rH\317`\207\364\363\263\371\315\2363\267\320\275"
 310      48CF6087 
 310      F4F3B3F9 
 310      CD9E33B7 
 310      D0BD
 311 05eb 922CF8F1 		.ascii	"\222,\370\361\350\343_\242\015| J\343\311\302M\347g"
 311      E8E35FA2 
 311      0D7C204A 
 311      E3C9C24D 
 311      E767
 312 05fd C2EF7A5E 		.ascii	"\302\357z^\306,\030\331\3346*\233\275[\330\335!\330"
 312      C62C18D9 
 312      DC362A9B 
ARM GAS  /var/folders/qd/4mxf5pkd0zdf0b9dd1hp39180000gn/T//ccjHymOv.s 			page 25


 312      BD5BD8DD 
 312      21D8
 313 060f 6EEDC43B 		.ascii	"n\355\304;\316\334\027\004\245\214\240\320:G\346\240"
 313      CEDC1704 
 313      A58CA0D0 
 313      3A47E6A0 
 314 061f 0BBFA97C 		.ascii	"\013\277\251|\007B)\374-\260\366K~6L~\274?9\307\027"
 314      074229FC 
 314      2DB0F64B 
 314      7E364C7E 
 314      BC3F39C7 
 315 0634 EFF4A086 		.ascii	"\357\364\240\206\226\234\253JSRCI\332\231\241\023y\233"
 315      969CAB4A 
 315      53524349 
 315      DA99A113 
 315      799B
 316 0646 0AE4748C 		.ascii	"\012\344t\214,\270\014\236\016\326\327\345\336\361\245"
 316      2CB80C9E 
 316      0ED6D7E5 
 316      DEF1A5
 317 0655 83644F6C 		.ascii	"\203dOlb\203\227;\322\373\024n\215\316\242Fg\332\215"
 317      6283973B 
 317      D2FB146E 
 317      8DCEA246 
 317      67DA8D
 318 0668 EEEE183A 		.ascii	"\356\356\030:\352!\032\335\244\2013\005\3264T\263\200"
 318      EA211ADD 
 318      A4813305 
 318      D63454B3 
 318      80
 319 0679 421B1D46 		.ascii	"B\033\035Fot6:\233\032}u\313\356$5>\301\214>\3261^!"
 319      6F74363A 
 319      9B1A7D75 
 319      CBEE2435 
 319      3EC18C3E 
 320 0691 6391F407 		.ascii	"c\221\364\007v\260\366\340\240x\241\310\"\237\224\244"
 320      76B0F6E0 
 320      A078A1C8 
 320      229F94A4 
 321 06a1 86A13215 		.ascii	"\206\2412\025\256b\330\264\372\366f\361\362\361\006"
 321      AE62D8B4 
 321      FAF666F1 
 321      F2F106
 322 06b0 91F3706F 		.ascii	"\221\363po\273\017\371\376\011\342\016\206q\307\371"
 322      BB0FF9FE 
 322      09E20E86 
 322      71C7F9
 323 06bf B09587B5 		.ascii	"\260\225\207\265\016' \332\302\323o_Q\352\335B\005L"
 323      0E2720DA 
 323      C2D36F5F 
 323      51EADD42 
 323      054C
 324 06d1 0E844B06 		.ascii	"\016\204K\006\222\3340\002\331\015\343\244m\360\250"
 324      92DC3002 
 324      D90DE3A4 
 324      6DF0A8
 325 06e0 0C9FA58A 		.ascii	"\014\237\245\212\370cG\357~\2024J\373} $u=\361n\007"
ARM GAS  /var/folders/qd/4mxf5pkd0zdf0b9dd1hp39180000gn/T//ccjHymOv.s 			page 26


 325      F86347EF 
 325      7E82344A 
 325      FB7D2024 
 325      753DF16E 
 326 06f5 4435DFE1 		.ascii	"D5\337\341] \331KtW\012\005\002\236\311\241\371\201"
 326      5D20D94B 
 326      74570A05 
 326      029EC9A1 
 326      F981
 327 0707 681EECC9 		.ascii	"h\036\354\311\355\260'\003\305=\231\007\001\334\306"
 327      EDB02703 
 327      C53D9907 
 327      01DCC6
 328 0716 F417EE3A 		.ascii	"\364\027\356:X\353\215\033\231\202\366\243\275\027\361"
 328      58EB8D1B 
 328      9982F6A3 
 328      BD17F1
 329 0725 A406B80D 		.ascii	"\244\006\270\015\234\240\267\201]\240a\247C\303\016"
 329      9CA0B781 
 329      5DA061A7 
 329      43C30E
 330 0734 DE8D8AAF 		.ascii	"\336\215\212\257]\253H\276\266\177\302\313?K<\243\337"
 330      5DAB48BE 
 330      B67FC2CB 
 330      3F4B3CA3 
 330      DF
 331 0745 45545E2E 		.ascii	"ET^.\274\317\2419\334\315\373\333\343B\320\243\367j"
 331      BCCFA139 
 331      DCCDFBDB 
 331      E342D0A3 
 331      F76A
 332 0757 04995294 		.ascii	"\004\231R\224\236\366j\351\0317\206r\246H\337\363S\322"
 332      9EF66AE9 
 332      19378672 
 332      A648DFF3 
 332      53D2
 333 0769 375EDE35 		.ascii	"7^\3365\254\236S 4\332\350\262\316H\275\010YJ\362C{"
 333      AC9E5320 
 333      34DAE8B2 
 333      CE48BD08 
 333      594AF243 
 334 077e 797FF415 		.ascii	"y\177\364\025\270\010KA2y3\214\374\203\347P\001?\007"
 334      B8084B41 
 334      3279338C 
 334      FC83E750 
 334      013F07
 335 0791 E6669F79 		.ascii	"\346f\237y:\250\302\327Y\322\0336l\006|\033c\372\033"
 335      3AA8C2D7 
 335      59D21B36 
 335      6C067C1B 
 335      63FA1B
 336 07a4 CFA47BE1 		.ascii	"\317\244{\341.\306\244W\267\254\363\302\217\031\263"
 336      2EC6A457 
 336      B7ACF3C2 
 336      8F19B3
 337 07b3 A7A71476 		.ascii	"\247\247\024v\302\020c*n\024k\361\013\326/,\315\270"
 337      C210632A 
ARM GAS  /var/folders/qd/4mxf5pkd0zdf0b9dd1hp39180000gn/T//ccjHymOv.s 			page 27


 337      6E146BF1 
 337      0BD62F2C 
 337      CDB8
 338 07c5 ED81D7C9 		.ascii	"\355\201\327\311)s\247$eX\206"
 338      2973A724 
 338      655886
 339 07d0 D319D358 		.ascii	"\323\031\323X\326\321\345\2033\031\263}\260\355\276"
 339      D6D1E583 
 339      3319B37D 
 339      B0EDBE
 340 07df 175B5B1A 		.ascii	"\027[[\032R\3327\356\272\241`\353\320Fv\370\326\322"
 340      52DA37EE 
 340      BAA160EB 
 340      D04676F8 
 340      D6D2
 341 07f1 CE3E1FBC 		.ascii	"\316>\037\274\231b\325\3077<_Aj\371 Z\317\323\202^,"
 341      9962D5C7 
 341      373C5F41 
 341      6AF9205A 
 341      CFD3825E 
 342 0806 6ED22E4B 		.ascii	"n\322.K\212\233\375\340T\011?\255\322\220\326\002\003"
 342      8A9BFDE0 
 342      54093FAD 
 342      D290D602 
 342      03
 343 0817 991E8E0F 		.ascii	"\231\036\216\017\362\001g\374\364\332\241I\212?\354"
 343      F20167FC 
 343      F4DAA149 
 343      8A3FEC
 344 0826 8C9F569A 		.ascii	"\214\237V\232\234\227\302\217\270\204K\252\203N)\272"
 344      9C97C28F 
 344      B8844BAA 
 344      834E29BA 
 345 0836 D0195D36 		.ascii	"\320\031]6\315\2301)\376\033\327\316J\304\237\337&\201"
 345      CD983129 
 345      FE1BD7CE 
 345      4AC49FDF 
 345      2681
 346 0848 EF73869F 		.ascii	"\357s\206\237vs%\371\017\254\221\243t\215\0208\2510"
 346      767325F9 
 346      0FAC91A3 
 346      748D1038 
 346      A930
 347 085a CA60799E 		.ascii	"\312`y\236\340\203\320q\240r\240\223@\247\201\216\001"
 347      E083D071 
 347      A072A093 
 347      40A7818E 
 347      01
 348 086b 15037D0B 		.ascii	"\025\003}\013t\012\250\224\227\326\200\017\244\306\036"
 348      740AA894 
 348      97D6800F 
 348      A4C61E
 349 087a 741D6969 		.ascii	"t\035ii\245$5\266\310\265\261,\026\342\365r\223\007"
 349      A52435B6 
 349      C8B5B12C 
 349      16E2F572 
 349      9307
ARM GAS  /var/folders/qd/4mxf5pkd0zdf0b9dd1hp39180000gn/T//ccjHymOv.s 			page 28


 350 088c ADD20036 		.ascii	"\255\322\0006\275Jk\317\364\220Ti\207\\G\326^w==r\244"
 350      BD4A6BCF 
 350      F4905469 
 350      875C47D6 
 350      5E773D3D 
 351 08a2 4D85B7D0 		.ascii	"M\205\267\320\225\306g\214\345t\373:\327]\366\220\240"
 351      95C6678C 
 351      E574FB3A 
 351      D75DF690 
 351      A0
 352 08b3 EF2012FF 		.ascii	"\357 \022\377kT\304j$\317\203\326`\225 \245\302q\360"
 352      6B54C46A 
 352      24CF83D6 
 352      609520A5 
 352      C271F0
 353 08c6 102FA831 		.ascii	"\020/\2501EuY\207\024\322\032\254\222\227\326`U<\273"
 353      45755987 
 353      14D21AAC 
 353      9297D660 
 353      553CBB
 354 08d9 AA400BE0 		.ascii	"\252@\013\340\336\326\202\023\352\251w#W\227tn\332\015"
 354      DED68213 
 354      EAA97723 
 354      5797746E 
 354      DA0D
 355 08eb 1DB65800 		.ascii	"\035\266X\000\3717Pe\351:\037\245X\347\244\275\362>"
 355      F9375065 
 355      E93A1FA5 
 355      58E7A4BD 
 355      F23E
 356 08fd 83AA6919 		.ascii	"\203\252i\031c{\260\247h\312m\212\2340\016\023kD\023"
 356      637BB0A7 
 356      68CA6D8A 
 356      9C300E13 
 356      6B4413
 357 0910 492B5F1A 		.ascii	"I+_\032\025e\260\032ptB\354\274\220\020-\3733'jW\033"
 357      1565B01A 
 357      707442EC 
 357      BC90102D 
 357      FB33276A 
 358 0926 62B51673 		.ascii	"b\265\026s\2025Q\273l\371\007\363\303\264K\226Di\027"
 358      823551BB 
 358      6CF907F3 
 358      C3B44B96 
 358      446917
 359 0939 2D5DFCD1 		.ascii	"-]\374\321\277B\265\026C\254>66&$Z\261\350\303\277\316"
 359      BF42B516 
 359      43AC3E36 
 359      3626245A 
 359      B1E8C3BF 
 360 094e 8A0C0DE5 		.ascii	"\212\014\015\345\224z\375\032S\274u~\230\336\272\031"
 360      947AFD1A 
 360      53BC757E 
 360      98DEBA19 
 361 095e 69C32D96 		.ascii	"i\303-\226XS\264\301j2\307'j\027F\307\232,\211F\275"
 361      5853B4C1 
 361      6A32C727 
ARM GAS  /var/folders/qd/4mxf5pkd0zdf0b9dd1hp39180000gn/T//ccjHymOv.s 			page 29


 361      6A1746C7 
 361      9A2C8946 
 362 0973 31D8B226 		.ascii	"1\330\262&\372\323\260\020\203\305\242\2154\307[\215"
 362      FAD3B010 
 362      83C5A28D 
 362      34C75B8D 
 363 0983 F1D6692F 		.ascii	"\361\326i/\265\313\315\346\330D\355\252\350\350`CB\\"
 363      B5CBCDE6 
 363      D844EDAA 
 363      E8E86043 
 363      425C
 364 0995 70BC39DE 		.ascii	"p\2749\336\030l4\2540\005/\010\016\233\027\272 \370"
 364      186C34AC 
 364      30052F08 
 364      0E9B17BA 
 364      20F8
 365 09a7 9FBF0B8E 		.ascii	"\237\277\013\2163|bN\320Ny\2535\305G\307\256\2111j\343"
 365      337C624E 
 365      D04E79AB 
 365      35C547C7 
 365      AE89316A 
 366 09bc 0CD1AB4D 		.ascii	"\014\321\253M\361F\255>\306\270\322\260&\326\252\267"
 366      F146AD3E 
 366      C6B8D2B0 
 366      26D6AAB7 
 367 09cc 7E6E3126 		.ascii	"~n1&\206\254\346\024v\343\326\377\377\214K\374<Q\253"
 367      86ACE614 
 367      76E3D6FF 
 367      FF8C4BFC 
 367      3C51AB
 368 09df 4FB4C680 		.ascii	"O\264\306\200%`\0216\307$@\310W\207\276f\310Ws\376\211"
 368      25601136 
 368      C72440C8 
 368      5787BE66 
 368      C85773FE 
 369 09f4 D6387065 		.ascii	"\3268pe\225\305d\326'\032\255k,z\253|i$I\241|i\004k"
 369      95C564D6 
 369      271AAD6B 
 369      2C7AAB7C 
 369      692449A1 
 370 0a0c C259B390 		.ascii	"\302Y\263\2204^K\303\227\200G+M\253p\204N'\213X\246"
 370      345E4BC3 
 370      9780472B 
 370      4DAB7084 
 370      4E278B58 
 371 0a21 D3E18FA2 		.ascii	"\323\341\217\242tx1P\244\356=\240%\262%\221\357\353"
 371      74783150 
 371      A4EE3DA0 
 371      25B22591 
 371      EFEB
 372 0a33 E6480D31 		.ascii	"\346H\0151~f\325F~\260l\36120DK\365\255\014\235\367"
 372      7E66D546 
 372      7EB06CF1 
 372      3230444B 
 372      F5AD0C9D 
 373 0a48 19285713 		.ascii	"\031(W\023s\364\313!\254Q\306\225J\223\231Xk\212\321"
 373      73F4CB21 
ARM GAS  /var/folders/qd/4mxf5pkd0zdf0b9dd1hp39180000gn/T//ccjHymOv.s 			page 30


 373      AC51C695 
 373      4A939958 
 373      6B8AD1
 374 0a5b 5BD5AC1B 		.ascii	"[\325\254\033gH\374ToU\230\314q\346\030\243\336\352"
 374      6748FC54 
 374      6F5598CC 
 374      71E618A3 
 374      DEEA
 375 0a6d AD17CDD6 		.ascii	"\255\027\315\326\233\342M\326\327u5\232\373\305\344"
 375      9BE24DD6 
 375      D775359A 
 375      FBC5E4
 376 0a7c 7C707455 		.ascii	"|ptU\202y\215\205\310UE\257\\e5\254\010\371\375;o/\220"
 376      82798D85 
 376      C85545AF 
 376      5C6535AC 
 376      08F9FD3B 
 377 0a93 B3BE175B 		.ascii	"\263\276\027[~\357\350\255\236b+\213\210\212\324y\206"
 377      7EEFE8AD 
 377      9E622B8B 
 377      888AD479 
 377      86
 378 0aa4 2F8D085D 		.ascii	"/\215\010]\370!m\303\240\225\207\277\027\001\215\202"
 378      F8216DC3 
 378      A09587BF 
 378      17018D82 
 379 0ab4 0CEB962D 		.ascii	"\014\353\226-\247\2350\322\301\221\213u\262\310\277"
 379      A79D30D2 
 379      C1918B75 
 379      B2C8BF
 380 0ac3 2CD2F191 		.ascii	",\322\361\221\320_\246S\351\"#\355^\376\027\302CR&"
 380      D05FA653 
 380      E92223ED 
 380      5EFE17C2 
 380      435226
 381              		.text
 382              		.section	.gnu.lto_.symtab.c02d56ad0f262089,"",%progbits
 383 0000 5F70616C 		.ascii	"_pal_lld_init\000"
 383      5F6C6C64 
 383      5F696E69 
 383      7400
 384 000e 00       		.ascii	"\000"
 385 000f 00       		.ascii	"\000"
 386 0010 00       		.ascii	"\000"
 387 0011 00000000 		.ascii	"\000\000\000\000\000\000\000\000"
 387      00000000 
 388 0019 0B010000 		.ascii	"\013\001\000\000"
 389 001d 5F70616C 		.ascii	"_pal_lld_setgroupmode\000"
 389      5F6C6C64 
 389      5F736574 
 389      67726F75 
 389      706D6F64 
 390 0033 00       		.ascii	"\000"
 391 0034 00       		.ascii	"\000"
 392 0035 00       		.ascii	"\000"
 393 0036 00000000 		.ascii	"\000\000\000\000\000\000\000\000"
 393      00000000 
ARM GAS  /var/folders/qd/4mxf5pkd0zdf0b9dd1hp39180000gn/T//ccjHymOv.s 			page 31


 394 003e 11010000 		.ascii	"\021\001\000\000"
 395              		.text
 396              		.section	.gnu.lto_.opts,"",%progbits
 397 0000 272D666D 		.ascii	"'-fmath-errno' '-fsigned-zeros' '-ftrapping-math' '"
 397      6174682D 
 397      6572726E 
 397      6F272027 
 397      2D667369 
 398 0033 2D666E6F 		.ascii	"-fno-trapv' '-fno-openmp' '-fno-openacc' '-mcpu=cor"
 398      2D747261 
 398      70762720 
 398      272D666E 
 398      6F2D6F70 
 399 0066 7465782D 		.ascii	"tex-m3' '-mno-thumb-interwork' '-mthumb' '-O2' '-fo"
 399      6D332720 
 399      272D6D6E 
 399      6F2D7468 
 399      756D622D 
 400 0099 6D69742D 		.ascii	"mit-frame-pointer' '-falign-functions=16' '-ffuncti"
 400      6672616D 
 400      652D706F 
 400      696E7465 
 400      72272027 
 401 00cc 6F6E2D73 		.ascii	"on-sections' '-fdata-sections' '-fno-common' '-flto"
 401      65637469 
 401      6F6E7327 
 401      20272D66 
 401      64617461 
 402 00ff 2700     		.ascii	"'\000"
 403              		.text
 404              		.comm	__gnu_lto_v1,1,1
 405              		.comm	__gnu_lto_slim,1,1
 406              		.ident	"GCC: (GNU Tools for Arm Embedded Processors 7-2017-q4-major) 7.2.1 20170904 (release) [ARM
ARM GAS  /var/folders/qd/4mxf5pkd0zdf0b9dd1hp39180000gn/T//ccjHymOv.s 			page 32


DEFINED SYMBOLS
                            *ABS*:0000000000000000 pal_lld.c
                            *COM*:0000000000000001 __gnu_lto_v1
                            *COM*:0000000000000001 __gnu_lto_slim

NO UNDEFINED SYMBOLS
