ARM GAS  /var/folders/qd/4mxf5pkd0zdf0b9dd1hp39180000gn/T//ccJkPabl.s 			page 1


   1              		.cpu cortex-m3
   2              		.eabi_attribute 20, 1
   3              		.eabi_attribute 21, 1
   4              		.eabi_attribute 23, 3
   5              		.eabi_attribute 24, 1
   6              		.eabi_attribute 25, 1
   7              		.eabi_attribute 26, 1
   8              		.eabi_attribute 30, 2
   9              		.eabi_attribute 34, 1
  10              		.eabi_attribute 18, 4
  11              		.file	"st.c"
  12              		.section	.gnu.lto_.profile.835b01268ab73244,"",%progbits
  13 0000 789C6363 		.ascii	"x\234cc```\001bF\006)\036\000\000\270\0002"
  13      60606001 
  13      62460629 
  13      1E0000B8 
  13      0032
  14              		.text
  15              		.section	.gnu.lto_.icf.835b01268ab73244,"",%progbits
  16 0000 789C6363 		.ascii	"x\234cc``P`@\000V\206\306\031\023623\036=x\1771\037"
  16      60605060 
  16      40005686 
  16      C6191336 
  16      32331E3D 
  17 0018 D3DA2D07 		.ascii	"\323\332-\007\377\2600/\\\375\341\030\023K\367\342#"
  17      FFB0302F 
  17      5CFDE118 
  17      134BF7E2 
  17      23
  18 0029 EBD91900 		.ascii	"\353\331\031\000\356\202\016w"
  18      EE820E77 
  19              		.text
  20              		.section	.gnu.lto_.jmpfuncs.835b01268ab73244,"",%progbits
  21 0000 789C6363 		.ascii	"x\234cc``\220a@\000V\020\301\010\004\365s\230\031\230"
  21      60609061 
  21      40005610 
  21      C10804F5 
  21      73981998 
  22 0014 181898A1 		.ascii	"\030\030\230\241L\026\2400\000#\314\002t"
  22      4C16A030 
  22      0023CC02 
  22      74
  23              		.text
  24              		.section	.gnu.lto_.inline.835b01268ab73244,"",%progbits
  25 0000 789C6363 		.ascii	"x\234cc``\310g@\000V\006\006\026\036F\006& \223m\201"
  25      6060C867 
  25      40005606 
  25      06161E46 
  25      06262093 
  26 0016 3C886260 		.ascii	"<\210b`\344\002\021\014l\254\214\214\014\002\214\014"
  26      E402110C 
  26      6CAC8C8C 
  26      0C028C0C 
  27 0026 0C4C6C1F 		.ascii	"\014Ll\037\364\340\222L\014,\314@\345L\027\370\341B"
  27      F4E0924C 
  27      0C2CCC40 
  27      E54C17F8 
ARM GAS  /var/folders/qd/4mxf5pkd0zdf0b9dd1hp39180000gn/T//ccJkPabl.s 			page 2


  27      E142
  28 0038 CC2021A8 		.ascii	"\314 !\250Rdq\026L\245\014\000\311\276\010\235"
  28      52647116 
  28      4CA50C00 
  28      C9BE089D 
  29              		.text
  30              		.section	.gnu.lto_.pureconst.835b01268ab73244,"",%progbits
  31 0000 789C6363 		.ascii	"x\234cc``\340\006bV\006\011F)&)f)\026)\000\004\001\000"
  31      6060E006 
  31      62560609 
  31      46292629 
  31      66291629 
  32 0018 A1       		.ascii	"\241"
  33              		.text
  34              		.section	.gnu.lto_stInit.835b01268ab73244,"",%progbits
  35 0000 789C6363 		.ascii	"x\234cc``X\001\304\322P\314\310\314\300\3104\341\034"
  35      60605801 
  35      C4D250CC 
  35      C8CCC0C8 
  35      34E11C
  36 0013 03432307 		.ascii	"\003C#\007\023##\210\321\300\301\310P\317\304X\317\330"
  36      13232388 
  36      D1C0C1C8 
  36      50CFC458 
  36      CFD8
  37 0025 C33C8599 		.ascii	"\303<\205\231\361P\373\263\235L\232\313\033\200\340"
  37      F150FBB3 
  37      9D4C9ACB 
  37      1B80E0
  38 0034 C0F41F92 		.ascii	"\300\364\037\222\015+\0160\316af`\230\006\304 \300\270"
  38      0D2B0E30 
  38      CE616660 
  38      9806C420 
  38      C0B8
  39 0046 99519301 		.ascii	"\231Q\223\001\250\354\321\306\177Sy\331X \342\214[\030"
  39      A8ECD1C6 
  39      7F5379D9 
  39      5820E28C 
  39      5B18
  40 0058 D9181881 		.ascii	"\331\030\030\201\214\365\227X\0174\374\373\337\336p"
  40      8CF59758 
  40      0F34FCFB 
  40      DFDE70
  41 0067 E0CE22C6 		.ascii	"\340\316\"\306\377\254@\271\016 \006Z\322p\200\241\223"
  41      FFAC40B9 
  41      0E20065A 
  41      D27080A1 
  41      93
  42 0078 9909C46A 		.ascii	"\231\011\304j>\300\360\206\261y\301oi\260&\240I;w\276"
  42      3EC0F086 
  42      B179C16F 
  42      69B026A0 
  42      493B77BE 
  43 008c B9CD5EFF 		.ascii	"\271\315^\377\267\201c\0163\3434f\240)\214[\031\353"
  43      B781630E 
  43      33E33466 
  43      A0298C5B 
ARM GAS  /var/folders/qd/4mxf5pkd0zdf0b9dd1hp39180000gn/T//ccJkPabl.s 			page 3


  43      19EB
  44 009e 19E60055 		.ascii	"\031\346\000U\277clZ\360\237\033\254\016\004:\200\222"
  44      BF636C5A 
  44      F09F1BAC 
  44      0E043A80 
  44      92
  45 00af 40039818 		.ascii	"@\003\230\030\030$\365\364\364!(\277X?#1G\277\270(Y"
  45      1824F5F4 
  45      F42128BF 
  45      583F2331 
  45      47BFB828 
  46 00c4 BFB8442F 		.ascii	"\277\270D/\231\001\000\371^AK"
  46      990100F9 
  46      5E414B
  47              		.text
  48              		.section	.gnu.lto_stStartAlarm.835b01268ab73244,"",%progbits
  49 0000 789C9552 		.ascii	"x\234\225R\317KTQ\024>\337\273\343{\323Tc\213\026E\263"
  49      CF4B5451 
  49      143EDFBB 
  49      E37BD354 
  49      638B1645 
  50 0015 6891882D 		.ascii	"h\221\210-\3461\365/H\020\350*\027\355\302\246\300`"
  50      E631F52F 
  50      4810E82A 
  50      17EDC2A6 
  50      C060
  51 0027 C2708696 		.ascii	"\302p\206\226y}9\215:\023\004\345\2042\346\243\037\324"
  51      797D398D 
  51      3A1304E5 
  51      8432E6A3 
  51      1FD4
  52 0039 5462BF4B 		.ascii	"Tb\277K\263zMZ\221\2412\344\316E\264\030C\302$\004\027"
  52      B37A4D5A 
  52      91A132E4 
  52      CE45B418 
  52      43C22404 
  53 004e 8576EE9D 		.ascii	"\205v\356\235)\254U]\336\275\357\234\303w\276\363\335"
  53      29AC555D 
  53      DEBDEF9C 
  53      C377BEF3 
  53      DD
  54 005f 738F4944 		.ascii	"s\217ID\263\006\321A\376\357\340\015A0\316M\021u\370"
  54      B306D141 
  54      FEEFE00D 
  54      4130CE4D 
  54      1175F8
  55 0072 0D4019D2 		.ascii	"\015@\031\322\017j7\320\216\214\270 PH\225F\214\272"
  55      0F6A37D0 
  55      8E8CB820 
  55      50489546 
  55      8CBA
  56 0084 EB929777 		.ascii	"\353\222\227wq\324<#\223\333r\202(\313[-\334G\035\243"
  56      71D43C23 
  56      93DB7282 
  56      28CB5B2D 
  56      DC471DA3 
  57 0098 26D656BC 		.ascii	"&\326V\274\352\264\310\011\300`\267\270\364~`\243r\015"
ARM GAS  /var/folders/qd/4mxf5pkd0zdf0b9dd1hp39180000gn/T//ccJkPabl.s 			page 4


  57      EAB4C809 
  57      C060B7B8 
  57      F47E60A3 
  57      720D
  58 00aa 6C61F7FB 		.ascii	"la\367\373\315;s\325\"\004b\373\307\334\333\371`\355"
  58      CD3B73D5 
  58      220462FB 
  58      C7DCDBF9 
  58      60ED
  59 00bc 35291DE9 		.ascii	"5)\035\351}9/\344\326\234\020x\004\301\204x\210\020"
  59      7D392FE4 
  59      D69C1078 
  59      04C18478 
  59      8810
  60 00ce 1E20441C 		.ascii	"\036 D\034\"<F\255\302\177\272\273\332\273\331\364\271"
  60      223C46AD 
  60      C27FBABB 
  60      DABBD9F4 
  60      B9
  61 00df BF6AE209 		.ascii	"\277j\342\011L\002\033\303\305*O\256\256\245\244\267"
  61      4C021BC3 
  61      C52A4FAE 
  61      AEA5A4B7 
  62 00ef 7C15B3FB 		.ascii	"|\025\263\373,V\317)\202\223}D]\014\345\273H\217\272"
  62      2C56CF29 
  62      82937D44 
  62      5D0CE5BB 
  62      488FBA
  63 0102 85A1ACD3 		.ascii	"\205\241\254\323\036\225`(\302n\257g< vi1\267\277\246"
  63      1E956028 
  63      C26EAF67 
  63      3C207669 
  63      31B7BFA6 
  64 0116 DF056BAE 		.ascii	"\337\005k\256h1\213}\233\372\244\347\354TzF\376\324"
  64      68318B7D 
  64      9BFAA4E7 
  64      EC547A46 
  64      FED4
  65 0128 A32F3A8A 		.ascii	"\243/:\212\232~\346Z\200\363-589}\331\372-\256\263\334"
  65      9A7EE65A 
  65      80F32D35 
  65      38397DD9 
  65      FA2DAEB3 
  66 013d 9CA22914 		.ascii	"\234\242)\024H+\314\012\254\023Ox\012\023cJ8\037\375"
  66      482BCC0A 
  66      AC134F78 
  66      0A13634A 
  66      381FFD
  67 0150 4294890A 		.ascii	"B\224\211\012\037z\230\310\261T\220\301\331da\332RM"
  67      1F7A98C8 
  67      B15490C1 
  67      D96461DA 
  67      524D
  68 0162 ABD2B953 		.ascii	"\253\322\271SC+K\201\262\253\370}\034r\007\3467\270"
  68      432B4B81 
  68      B2ABF87D 
  68      1C7207E6 
ARM GAS  /var/folders/qd/4mxf5pkd0zdf0b9dd1hp39180000gn/T//ccJkPabl.s 			page 5


  68      37B8
  69 0174 B8849C30 		.ascii	"\270\204\2340\361\234\265=S\3328\236*M\316\004\355!"
  69      F19CB53D 
  69      53DA389E 
  69      2A4DCE04 
  69      ED21
  70 0186 D9D921DD 		.ascii	"\331\331!\335S9a\341\005\\\364r\013T]\005\3602N\336"
  70      533961E1 
  70      055CF472 
  70      0B545D05 
  70      F0324EDE 
  71 019a 8A0C6BC0 		.ascii	"\212\014k\300=N\367\303\203\215\335\241\012\002/\021"
  71      3D4EF7C3 
  71      838DDDA1 
  71      0A022F11 
  72 01aa 61554AD2 		.ascii	"aUJ\322\362\347\033\311`E\320?\226\363\243\240\313\241"
  72      F2E71BC9 
  72      6045D03F 
  72      96F3A3A0 
  72      CBA1
  73 01bc 42F60AF6 		.ascii	"B\366\012\366\372\333\3604a\23435y\376\377\311'4\271"
  73      FADBF034 
  73      619C3335 
  73      79FEFFC9 
  73      2734B9
  74 01cf 51217FAD 		.ascii	"Q!\177\255\311\307\0063\371@\231\334\300\033\316,\301"
  74      C9C70633 
  74      F94099DC 
  74      C01BCE2C 
  74      C1
  75 01e0 F998CE47 		.ascii	"\371\230\316GU\353\365\033\320\"\034\367\326Y\350iQ"
  75      55EBF51B 
  75      D0221CF7 
  75      D659E869 
  75      51
  76 01f1 AB8BE5F1 		.ascii	"\253\213\345\361\030\360\340o\017\207\355\362\327\032"
  76      18F0E06F 
  76      0F87EDF2 
  76      D71A
  77 01ff B75B9A63 		.ascii	"\267[\232cv\274-j\307\023\341(Y\315\207\343\211c\307"
  77      76BC2D6A 
  77      C713E128 
  77      59CD87E3 
  77      8963C7
  78 0212 8FFAD461 		.ascii	"\217\372\324a\377\015;\321\332\226\210\333\007\232\032"
  78      FF0D3BD1 
  78      DA9688DB 
  78      079A1A
  79 0221 F7EEB11B 		.ascii	"\367\356\261\033\032\352\355\246\375\215'#\234x(\026"
  79      1AEAEDA6 
  79      FD8D2723 
  79      9C782816 
  80 0231 3B126EA1 		.ascii	";\022n\241\237\273\335\002\322"
  80      9FBBDD02 
  80      D2
  81              		.text
  82              		.section	.gnu.lto_stStopAlarm.835b01268ab73244,"",%progbits
ARM GAS  /var/folders/qd/4mxf5pkd0zdf0b9dd1hp39180000gn/T//ccJkPabl.s 			page 6


  83 0000 789C5D4F 		.ascii	"x\234]O\317KBA\020\236\357\255\275,\250kE\336:yyKE\377"
  83      CF4B4241 
  83      109EEFAD 
  83      BD2CA86B 
  83      45DE3A79 
  84 0018 4104519E 		.ascii	"A\004Q\236\362\036a\007\017\202\241\322\325\2654\015"
  84      F21E6107 
  84      0F82A1D2 
  84      D5B5340D 
  85 0028 3B7448BB 		.ascii	";tH\273X\010\035:IH?\255\210\207t\013,\372\013\244\203"
  85      58081D3A 
  85      49483FAD 
  85      8887740B 
  85      2CFA0BA4 
  86 003d 41444445 		.ascii	"ADDEE\2205\353\203\220\206\235\335\331o\276\231o\306"
  86      459035EB 
  86      8390869D 
  86      DDD96FBE 
  86      996FC6
  87 0050 24A23110 		.ascii	"$\2421\020M\361;\310\016A0\326kD\011\267\001\350@\271"
  87      4DF13BC8 
  87      0E4130D6 
  87      6B4409B7 
  87      01E840B9 
  88 0064 41710371 		.ascii	"Aq\003q\254\211\015\201j\272Q1\274\273\212\315\336|"
  88      AC890D81 
  88      6ABA5131 
  88      BCBB8ACD 
  88      DE7C
  89 0076 375754AA 		.ascii	"7WT\252\277 \210\362\354\332\260\017/1\355\256\334\314"
  89      BF2088F2 
  89      ECDAB00F 
  89      2F31EDAE 
  89      DCCC
  90 0088 F5982E07 		.ascii	"\365\230.\007\307\001Lb\015\332\273\355\260U\363'\255"
  90      C7014C62 
  90      0DDABBED 
  90      B055F327 
  90      AD
  91 0099 ECCB1D7C 		.ascii	"\354\313\035|Op.\303\316\"\312\246Ua\350h\331\246\007"
  91      4F702EC3 
  91      CE22CAA6 
  91      5561E868 
  91      D9A607
  92 00ac 54DF3ECF 		.ascii	"T\337>\317\037s\326_\237\244#\367e\212V\257\274@\273"
  92      1F73D65F 
  92      9FA423F7 
  92      658A56AF 
  92      BC40BB
  93 00bf 060E61E2 		.ascii	"\006\016a\342HK\360\305x>U\275\356\314\212\202@\213"
  93      484BF0C5 
  93      783E55BD 
  93      EECC8A82 
  93      408B
  94 00d1 562B7D3C 		.ascii	"V+}<w;_\335\306\305Pq\353\276\253\210m\024\204\201\023"
  94      773B5FDD 
  94      C6C55071 
ARM GAS  /var/folders/qd/4mxf5pkd0zdf0b9dd1hp39180000gn/T//ccJkPabl.s 			page 7


  94      EBBEAB88 
  94      6D148481 
  95 00e6 78700C0F 		.ascii	"xp\014\017ij\272qu\323+K*\231P\365\327r\337\013\027"
  95      696ABA71 
  95      75D32B4B 
  95      2A9950F5 
  95      D772DF0B 
  96 00fb 09545044 		.ascii	"\011TPD\216\307\3242\204S\310v\011\236\004g\\\375\204"
  96      8EC7D432 
  96      8453C876 
  96      099E0467 
  96      5CFD84
  97 010e A57AF662 		.ascii	"\245z\366b\250\265\251\266\014'x\033\203h\300\262\244"
  97      A8B5A9B6 
  97      0C27781B 
  97      8368C0B2 
  97      A4
  98 011f 73C25119 		.ascii	"s\302Q\031\234\013\311h$ \2431+@\362\177f!\034\211E"
  98      9C0BC968 
  98      2420A331 
  98      2B40F27F 
  98      66211C89 
  99 0134 E58CDF37 		.ascii	"\345\214\3377:\"\247\247\307\245\177\322\2678\314\334"
  99      3A22A7A7 
  99      C7A57FD2 
  99      B738CCDC 
 100 0144 D95068DE 		.ascii	"\331Ph\336\012\322/\002\215~\213"
 100      0AD22F02 
 100      8D7E8B
 101              		.text
 102              		.section	.gnu.lto_stSetAlarm.835b01268ab73244,"",%progbits
 103 0000 789C5D52 		.ascii	"x\234]RMk\023Q\024\275gn\222\211\325\246.\\(f\341\302"
 103      4D6B1351 
 103      14BD676E 
 103      9289D5A6 
 103      2E5C2866 
 104 0016 52EA2243 		.ascii	"R\352\"C\364/\010\"\264+\273p'5\012\025\"\225Npi_\307"
 104      F42F0822 
 104      B42BBB70 
 104      27350A15 
 104      22954E70 
 105 002d D6B44D11 		.ascii	"\326\264M\021A\033\261Lt\360\003Q,\325\372\331j\365"
 105      411BB14C 
 105      74F00351 
 105      2CD5FAD9 
 105      6AF5
 106 003f 1914C496 		.ascii	"\031\024\304\226(\305e\204\"\222\200\013-n\272\250\264"
 106      28C56584 
 106      2292800B 
 106      2D6EBAA8 
 106      B4
 107 0050 DE375151 		.ascii	"\3367QQ\037\363\336\334{9\367\274s\017/FD\333-\242\203"
 107      1FF3DEDC 
 107      7B39F7BC 
 107      730F2F46 
 107      44DB2DA2 
 108 0065 E62F1B4C 		.ascii	"\346/\033L\260\316U\210\006\342\026`\002\025\007\365"
ARM GAS  /var/folders/qd/4mxf5pkd0zdf0b9dd1hp39180000gn/T//ccJkPabl.s 			page 8


 108      B0CE5588 
 108      06E21660 
 108      021507F5 
 109 0075 5BE8C718 		.ascii	"[\350\307\030_`\224\363\265\031\253\375\246\222\245"
 109      5F6094F3 
 109      B519ABFD 
 109      A692A5
 110 0084 2F4EDB67 		.ascii	"/N\333g\324\320V\237\211\212\262\315\302}\264\013\352"
 110      D4D0569F 
 110      898AB2CD 
 110      C27DB40B 
 110      EA
 111 0095 F5FA8A6E 		.ascii	"\365\372\212n)\260\317\200%\351\342\362Bi\243I-l\226"
 111      29B0CF80 
 111      25E9E2F2 
 111      4269A349 
 111      2D6C96
 112 00a8 74F5F6DD 		.ascii	"t\365\366\335j\013'A\022\377\250\276\251'\332n(\345"
 112      6A0B2741 
 112      12FFA8BE 
 112      A927DA6E 
 112      28E5
 113 00ba 295D3DCF 		.ascii	")]=\317j\213\317\214G`!\304C$\361\000I\222\022\3411"
 113      6A8BCF8C 
 113      476021C4 
 113      4324F100 
 113      499212E1 
 114 00cf DA0CFED3 		.ascii	"\332\014\376\323\275\265\361\346X$\370}'\236 F\220`"
 114      BDB5F1E6 
 114      5824F87D 
 114      279E2046 
 114      9060
 115 00e1 6A31AAD5 		.ascii	"j1\252\325\332z^\351\317\3271\267/*\352\245\205\245"
 115      DA7A5EE9 
 115      CFD731B7 
 115      2F2AEAA5 
 115      85A5
 116 00f3 3942342C 		.ascii	"9B4,P\231Ei\032a\313D\2475\325`\031\302\021=\372\252"
 116      50994569 
 116      1A61CB44 
 116      A735D560 
 116      19C2113D 
 117 0109 89778662 		.ascii	"\211w\206b\356|+\274M\264^\013\305TJ\233.)\355\3550"
 117      EE7C2BBC 
 117      4DB45E0B 
 117      C5544A9B 
 117      2E29EDED 
 118 011e 7A66FED5 		.ascii	"zf\376\325\023\016:\213\326\011\341\372\002\357{\376"
 118      130E3A8B 
 118      D609E1FA 
 118      02EF7BFE 
 119 012e CA7CFDAA 		.ascii	"\312|\375\252\375G\334`\303\234Y\233\015(TXd\374%\236"
 119      FD47DC60 
 119      C39C599B 
 119      0D285458 
 119      64FC259E 
 120 0142 F014313C 		.ascii	"\360\0241<3\302\345\230`n\020\225?\214\012\221g\233"
ARM GAS  /var/folders/qd/4mxf5pkd0zdf0b9dd1hp39180000gn/T//ccJkPabl.s 			page 9


 120      33C2E598 
 120      606E1095 
 120      3F8C0A91 
 120      679B
 121 0154 A2808B43 		.ascii	"\242\200\213C\345w\2661-\032\366V&W\226\233\032\251"
 121      E577B631 
 121      2D1AF656 
 121      2657969B 
 121      1AA9
 122 0166 E18F4829 		.ascii	"\341\217H)(\3257\004\270\014\237cx.\332\346\2146\251"
 122      28D53704 
 122      B80C9F63 
 122      782EDAE6 
 122      8C36A9
 123 0179 E76BF3EF 		.ascii	"\347k\363\357\023\316\244\032\034P\301)\237m\274@\200"
 123      13CEA41A 
 123      1C50C129 
 123      9F6DBC40 
 123      80
 124 018a 71B1C0DC 		.ascii	"q\261\300\334k\000z\314\273e\247\247B\300\264\264\307"
 124      6B007ACC 
 124      BB65A7A7 
 124      42C0B4B4 
 124      C7
 125 019b A1E16057 		.ascii	"\241\341`W\362\027\002/\221\026U\342\220\267T\370\230"
 125      F217022F 
 125      911655E2 
 125      90B754F8 
 125      98
 126 01ac 31038493 		.ascii	"1\003\204\223\320Wx\301\352Y\204\236\2335,c\211\231"
 126      D05778C1 
 126      EA59849E 
 126      9B352C63 
 126      8999
 127 01be F27CB6A5 		.ascii	"\362|\266\245RN\343\353u\235\236\356\254\343\366e\034"
 127      524EE3EB 
 127      759D9EEE 
 127      ACE3F665 
 127      1C
 128 01cf 3797CA90 		.ascii	"7\227\312\220\335}\330\315\035;~4b\016\347\177\330\211"
 128      DD7DD8CD 
 128      1D3B7E34 
 128      620EE77F 
 128      D889
 129 01e1 DEBE9CEB 		.ascii	"\336\276\234\353\034\350\352\334\263\333\351\350\330"
 129      1CE8EADC 
 129      B3DBE9E8 
 129      D8
 130 01ee EB74EDEF 		.ascii	"\353t\355\357<\231\226\306C\331\354\221T\017\375\004"
 130      3C9996C6 
 130      43D9EC91 
 130      540FFD04 
 131 01fe BBD7C7AD 		.ascii	"\273\327\307\255"
 132              		.text
 133              		.section	.gnu.lto_stGetAlarm.835b01268ab73244,"",%progbits
 134 0000 789C5D90 		.ascii	"x\234]\220]+\254Q\024\307\327\377Y3\3173\310\341\026"
 134      5D2BAC51 
ARM GAS  /var/folders/qd/4mxf5pkd0zdf0b9dd1hp39180000gn/T//ccJkPabl.s 			page 10


 134      14C7D7FF 
 134      5933CF33 
 134      C8E116
 135 0013 E3037031 		.ascii	"\343\003p1\273q\276\202\322\311\313\015\367\022\027"
 135      BB71BE82 
 135      D2C9CB0D 
 135      F71217
 136 0022 2EA6C8C8 		.ascii	".\246\310\310\255m\320\320\241$3S<\364\310\205\204\204"
 136      AD6DD0D0 
 136      A1243353 
 136      3CF4C885 
 136      8484
 137 0034 73BCD393 		.ascii	"s\274\323\223rE\310'\220D\271\220\234\213\211\362\262"
 137      7245C827 
 137      9044B990 
 137      9C8B89F2 
 137      B2
 138 0045 B6914E76 		.ascii	"\266\221Nv\373m\255\375k\255\377\177\333D4\012\242Z"
 138      FB6DADFD 
 138      6BADFF7F 
 138      DB44340A 
 138      A25A
 139 0057 39CB6481 		.ascii	"9\313d\201\011\326\330)Q_\310\002\314E\207@\275\026"
 139      09D6D829 
 139      515FC802 
 139      CC458740 
 139      BD16
 140 0069 7A31C213 		.ascii	"z1\302\023\214\243\267\254_\364\233]\203Ix\361p2]`B"
 140      8CA3B7AC 
 140      5FF49B5D 
 140      834978F1 
 140      70325D60 
 141 007e A058C2C5 		.ascii	"\240X\302\305\331\254[P1\257uB\373\231Ggj\355\\\007"
 141      D9AC5B50 
 141      31AF7542 
 141      FB994767 
 141      6AED5C07 
 142 0092 5DB6282D 		.ascii	"]\266(-\370\037\204\261\216\260\351\361\027\025$\364"
 142      F81F84B1 
 142      8EB0E9F1 
 142      171524F4 
 143 00a2 D5EA6BAA 		.ascii	"\325\352k\252\320\016xL\006\220\374\006l\022-\264r\021"
 143      D00E784C 
 143      0690FC06 
 143      6C122DB4 
 143      7211
 144 00b4 F4F5EB5B 		.ascii	"\364\365\353[R\373\327sx\251\011X\3442\263l\001\242"
 144      52FBD773 
 144      78A90958 
 144      E432B36C 
 144      01A2
 145 00c6 21214596 		.ascii	"!!E\226\366iX\012\313\255\337\247;\034\036<\355-e\032"
 145      F669580A 
 145      CBADDFA7 
 145      3B1C1E3C 
 145      ED2D651A 
 146 00da BE8A0E68 		.ascii	"\276\212\016h\031~\346\331)\375\250\232f\374\327\220"
ARM GAS  /var/folders/qd/4mxf5pkd0zdf0b9dd1hp39180000gn/T//ccJkPabl.s 			page 11


 146      197EE6D9 
 146      29FDA89A 
 146      66FCD790 
 147 00ea B0091B5B 		.ascii	"\260\011\033[\246\231l\223l\214\244\007\017\317\034"
 147      A6996C93 
 147      6C8CA407 
 147      0FCF1C
 148 00f9 6324F841 		.ascii	"c$\370A\236.g\037\362s\241\251\024\220\2247}\233\347"
 148      9E2E671F 
 148      F273A1A9 
 148      14909437 
 148      7D9BE7
 149 010c 61062EDB 		.ascii	"a\006.\333\330\021/\333\306\213\344\2237\307\347?\324"
 149      D8112FDB 
 149      C68BE493 
 149      37C7E73F 
 149      D4
 150 011d B21EE8D3 		.ascii	"\262\036\350\323\227\377V\313\307\363\\v\260\013\017"
 150      97FF56CB 
 150      C7F35C76 
 150      B00B0F
 151 012c 29516A3A 		.ascii	")Qj:\031\310\037I,8\321\025\003y;\226\313!\354A\241"
 151      19C81F49 
 151      2C38D115 
 151      03793B96 
 151      CB21EC41 
 152 0141 32FC4960 		.ascii	"2\374I`\037Qq\221xL.pN\023\213,\272G\342r\370\205\215"
 152      1F517191 
 152      784C2E70 
 152      4E138B2C 
 152      BA47E272 
 153 0158 03C9C8C7 		.ascii	"\003\311\310\307\210{\030\317\026QI$\242r\263#\256\332"
 153      887B18CF 
 153      16514924 
 153      A272B323 
 153      AEDA
 154 016a 5B622ADE 		.ascii	"[b*\336\325\252\342\335\221VR\337_:;\272\272\343\252"
 154      D5AAE2DD 
 154      915652DF 
 154      5F3A3BBA 
 154      BAE3AA
 155 017d B1A9FE67 		.ascii	"\261\251\376g\225\252\253\253VM\277\352{\242\3026\307"
 155      95AAABAB 
 155      564DBFEA 
 155      7BA2C236 
 155      C7
 156 018e 626D9176 		.ascii	"bm\221vz\007\335<\231\031"
 156      7A07DD3C 
 156      9919
 157              		.text
 158              		.section	.gnu.lto_.symbol_nodes.835b01268ab73244,"",%progbits
 159 0000 789C55C8 		.ascii	"x\234U\310A\015\2000\020\005\321\371-E\027\210\342\274"
 159      410D8030 
 159      1005D1F9 
 159      2D451788 
 159      E2BC
 160 0012 95800854 		.ascii	"\225\200\010T\240\241\024p\200\022\302\206\333\036&"
ARM GAS  /var/folders/qd/4mxf5pkd0zdf0b9dd1hp39180000gn/T//ccJkPabl.s 			page 12


 160      A0A11470 
 160      8012C286 
 160      DB1E26
 161 0021 93BC1158 		.ascii	"\223\274\021X<R\223\301\332\301\267\327\331\345\220"
 161      3C5293C1 
 161      DAC1B7D7 
 161      D9E590
 162 0030 294A97A5 		.ascii	")J\227\245(\247,G\271dC\020\335\262\362\013\324:A\246"
 162      28A72C47 
 162      B9644310 
 162      DDB2F20B 
 162      D43A41A6 
 163 0044 B03DAFF8 		.ascii	"\260=\257\370\000!\375\036N"
 163      0021FD1E 
 163      4E
 164              		.text
 165              		.section	.gnu.lto_.refs.835b01268ab73244,"",%progbits
 166 0000 789C6363 		.ascii	"x\234cc```\004b\006\000\000D\000\010"
 166      60606004 
 166      62060000 
 166      440008
 167              		.text
 168              		.section	.gnu.lto_.decls.835b01268ab73244,"",%progbits
 169 0000 789CC557 		.ascii	"x\234\305WkP\024\311\035\237\236^pY^f\265,\257bR\306"
 169      6B5014C9 
 169      1D9F9E5E 
 169      70595E66 
 169      B52CAF62 
 170 0016 42E1C3C1 		.ascii	"B\341\303\301\012\276RuW\311y\2531Wu\336\245VS\225\312"
 170      0ABE5275 
 170      57C979AB 
 170      315775DE 
 170      A5565395 
 171 002b 87EC11DC 		.ascii	"\207\354\021\334;\311\301B\3305U\367)\203\340\311\211"
 171      3BC9C142 
 171      D83555F7 
 171      2983E0C9 
 171      89
 172 003c 0F500445 		.ascii	"\017P\004E9@\004_\210\250<\004\004V@D\005\305UQ|\000"
 172      3940045F 
 172      88A83C04 
 172      04564044 
 172      05C55551 
 173 0052 2A8AAF43 		.ascii	"*\212\257C\304\007*\350\346\337\3353;\303\300\336]>"
 173      C4072AE8 
 173      E6DFDD33 
 173      3BC3C0DE 
 173      5D3E
 174 0064 A432B5FF 		.ascii	"\2442\265\377\331\371w\377\372\367\177\365t\367xs\034"
 174      D9F977FF 
 174      FAF77FF5 
 174      74F77873 
 174      1C
 175 0075 D7A0E7B8 		.ascii	"\327\240\347\270\0170\307\225!\216s\301\345\015m'@@"
 175      0F30C795 
 175      218E73C1 
 175      E50D6D27 
ARM GAS  /var/folders/qd/4mxf5pkd0zdf0b9dd1hp39180000gn/T//ccJkPabl.s 			page 13


 175      4040
 176 0087 E51C1CBB 		.ascii	"\345\034\034\273H[3\310\031\220V\220s \027@.rc\257\015"
 176      485B33C8 
 176      19905690 
 176      73201740 
 176      2E7263AF 
 177 009c 3010E8B8 		.ascii	"0\020\350\270/@:@N\212\355\274\3101\336\230\2550\306"
 177      2F403A40 
 177      4E8AEDBC 
 177      C831DE98 
 177      AD30C6
 178 00af 471C03EE 		.ascii	"G\034\003\356p\223E\333\301 3\240\3577 \203\360\334"
 178      709345DB 
 178      C12033A0 
 178      EF372083 
 178      F0DC
 179 00c1 CB316E3F 		.ascii	"\3131n?\320\003@\374\021\343%~\005!\346\363\0344\232"
 179      D00340FC 
 179      11E3257E 
 179      0521E6F3 
 179      1C349A
 180 00d4 7B3BE81A 		.ascii	"{;\350\032\221[\342\352\025\343\223\306\223\230\346"
 180      915BE2EA 
 180      15E393C6 
 180      9398E6
 181 00e3 A9C6912B 		.ascii	"\251\306\221+\347\277\360\013\211~\361b~\026\210\376"
 181      E7BFF00B 
 181      897EF162 
 181      7E1688FE 
 182 00f3 FC5EC55B 		.ascii	"\374^\305[ r\252\371f\375\004'\311\367B\221\323\250"
 182      2072AAF9 
 182      66FD0427 
 182      C9F74291 
 182      D3A8
 183 0105 E2CCC0A8 		.ascii	"\342\314\300\250\360\315\360\000N\305h\226\016\271\\"
 183      F0CDF000 
 183      4EC56896 
 183      0EB95C
 184 0114 181A0E3D 		.ascii	"\030\032\016=\256z\355\317\032H\377\361\304\234\323"
 184      AE7AEDCF 
 184      1A48FFF1 
 184      C49CD3
 185 0123 13304F9F 		.ascii	"\0230O\237;6W\037\362\013+\026\330\245\375\200C\345"
 185      3B36571F 
 185      F20B2B16 
 185      D8A5FD80 
 185      43E5
 186 0135 084B44F5 		.ascii	"\010KD\365gO\027\371\341 \012<\351\032r\004\002\207"
 186      674F17F9 
 186      E1200A3C 
 186      E91A7204 
 186      0287
 187 0147 5E877850 		.ascii	"^\207xP\235\003\2559\276\240N\326\241\211\031\230/\311"
 187      9D03AD39 
 187      BEA04ED6 
 187      A1891998 
 187      2FC9
ARM GAS  /var/folders/qd/4mxf5pkd0zdf0b9dd1hp39180000gn/T//ccJkPabl.s 			page 14


 188 0159 1E190944 		.ascii	"\036\031\011D\272\220\024AX-\244%\011^!\034\252B\323"
 188      BA901441 
 188      582DA425 
 188      095E211C 
 188      AA42D3
 189 016c D031348D 		.ascii	"\32014\215C5(\204\230\256@a\034*\203\306\243\320XD\314"
 189      43352884 
 189      98AE4061 
 189      1C2A83C6 
 189      A3D05844 
 190 0181 395CE5BF 		.ascii	"9\\\345\277\256\022\204\211\250\032\351P%\302\024\002"
 190      AE128489 
 190      A81AE950 
 190      25C21402 
 191 0191 61CDD231 		.ascii	"a\315\3221\373u\351\327\357\351p#\"\016\360\253\333"
 191      FB75E9D7 
 191      EFE97023 
 191      220EF0AB 
 191      DB
 192 01a2 B73EF368 		.ascii	"\267>\363h\242\316\243\211\276\252\210\2465\202\300"
 192      A2CEA389 
 192      BEAA88A6 
 192      3582C0
 193 01b1 A35AB071 		.ascii	"\243Z\260q\\\266\001&\231\221M\345\327G\002\361e\232"
 193      5CB60126 
 193      99914DE5 
 193      D74702F1 
 193      659A
 194 01c3 0EBEA2B4 		.ascii	"\016\276\242\264\376\255\316\223\221\023\236\343\270"
 194      FEADCE93 
 194      91139EE3 
 194      B8
 195 01d0 3EB7881A 		.ascii	">\267\210\032q\200\221z\331H-5BZ\301P\365\211\332z\337"
 195      7180917A 
 195      D9482D35 
 195      425AC150 
 195      F589DA7A 
 196 01e5 6E741341 		.ascii	"nt\023A\011\321D\232c\204\330\035\376\211P\335%]\210"
 196      09D1449A 
 196      6384D81D 
 196      FE8950DD 
 196      255D88
 197 01f8 B5432BCF 		.ascii	"\265C+\317\376D(Q\244!\310\335\302\213\034\274\304K"
 197      FE442851 
 197      A421C8DD 
 197      C28B1CBC 
 197      C44B
 198 020a 7F220152 		.ascii	"\177\"\001R\262\262~fN\272\330\004c\017\212q\254\211"
 198      B2B27E66 
 198      4EBAD804 
 198      630F8A71 
 198      AC89
 199 021c 978D2986 		.ascii	"\227\215)\206\214\361\225sw\273\235\222\203D\342\224"
 199      8CF19573 
 199      77BB9D92 
 199      8344E294 
 200 022c 6A7026DE 		.ascii	"jp&\336\327\365\240.\350\375+\307\245ic\351\344Z{\244"
ARM GAS  /var/folders/qd/4mxf5pkd0zdf0b9dd1hp39180000gn/T//ccJkPabl.s 			page 15


 200      D7F5A02E 
 200      E8FD2BC7 
 200      A56963E9 
 200      E45A7BA4 
 201 0240 BFDB0B27 		.ascii	"\277\333\013'c\252\024\257wexM\315$\211\205\012L\344"
 201      63AA14AF 
 201      7765784D 
 201      CD248985 
 201      0A4CE4
 202 0253 D11753DC 		.ascii	"\321\027S\3345\340\320I4\025\356V\015\243\2538u\242"
 202      35E0D049 
 202      3415EE56 
 202      0DA3AB38 
 202      75A2
 203 0265 2970469E 		.ascii	")pF\236\220\327#8\272\037\314\356+\023\004\250\203\240"
 203      90D72338 
 203      BA1FCCEE 
 203      2B1304A8 
 203      83A0
 204 0277 2130D424 		.ascii	"!0\324$\027\242\211Lj\324\210z\020j@\335`\274\031\315"
 204      17A2894C 
 204      6AD4887A 
 204      106A40DD 
 204      60BC19CD 
 205 028b 80E149C5 		.ascii	"\200\341I\305\327\326y\341Bf\367q\347\232\357\260\206"
 205      D7D679E1 
 205      4266F771 
 205      E79AEFB0 
 205      86
 206 029c 67F52216 		.ascii	"g\365\"\026\210\273\275m\0275\036}9M}iA\2423\227^\334"
 206      88BBBD6D 
 206      17351E7D 
 206      394D7D69 
 206      41A23397 
 207 02b2 4AD68033 		.ascii	"J\326\2003=\340\314\303\367\262\005\307j\201\314\011"
 207      3DE0CCC3 
 207      F7B205C7 
 207      6A81CC09 
 208 02c2 40A153B2 		.ascii	"@\241S\262+\247\324\256\234\241\256\234\036>\022\200"
 208      2BA7D4AE 
 208      9CA1AE9C 
 208      1E3E1280 
 209 02d2 8F304F9A 		.ascii	"\2170O\232\272\352\263$\242k\277t\023\221\230\316\312"
 209      BAEAB324 
 209      A26BBF74 
 209      139198CE 
 209      CA
 210 02e3 4467D544 		.ascii	"Dg\325D\255\224h\363\321\241\\/\\\307\230r\333Z\263"
 210      AD9468F3 
 210      D1A15C2F 
 210      5CC79872 
 210      DB5AB3
 211 02f6 BC45A633 		.ascii	"\274E\2463\277\032\345R\233\314\324\246f:G\231\212\237"
 211      BF1AE552 
 211      9BCCD4A6 
 211      663A4799 
 211      8A9F
ARM GAS  /var/folders/qd/4mxf5pkd0zdf0b9dd1hp39180000gn/T//ccJkPabl.s 			page 16


 212 0308 B71FF1C7 		.ascii	"\267\037\361\307\247\031\323\246\037\252Nh\225\231 "
 212      A719D3A6 
 212      1FAA4E68 
 212      959920
 213 0317 499253D1 		.ascii	"I\222S\321>\252,\211\0072\263\220h\366\\\356\224\374"
 213      3EAA2C89 
 213      0732B390 
 213      68F65CEE 
 213      94FC
 214 0329 24612F8C 		.ascii	"$a/\214\233NP\350\274l\367\274\332\356\005j\367\351"
 214      9B4E50E8 
 214      BC6CF7BC 
 214      DAEE056A 
 214      F7E9
 215 033b FA277981 		.ascii	"\372'y\201\370\022\263\353zZ\322\341E\250\3405;5\362"
 215      F812B3EB 
 215      7A5AD2E1 
 215      45A8E035 
 215      3B35F2
 216 034e 614EE97D 		.ascii	"aN\351}!EG\247\001r\312LNq\321B\027)\303\205\344\322"
 216      214547A7 
 216      0172CA4C 
 216      4E71D142 
 216      1729C385 
 217 0364 9D982D56 		.ascii	"\235\230-V\032B\330\226}'\200-V\323IRF\206\267\007\370"
 217      1A42D896 
 217      7D27802D 
 217      56D34952 
 217      4686B707 
 218 0379 AD23AF78 		.ascii	"\255#\257x^\222\340\363GJv\031B\271DC\351@~\224\012"
 218      5E92E0F3 
 218      474A7619 
 218      42B94443 
 218      E9407E94 
 219 038e FE015C79 		.ascii	"\376\001\\ykk\275\017\243\272J\374\311\256y~\306\213"
 219      6B6BBD0F 
 219      A3BA4AFC 
 219      C9AE797E 
 219      C68B
 220 03a0 E95AD2DD 		.ascii	"\351Z\322\335\177\240\322\237Q;H\367\305{\371\311~\254"
 220      7FA0D29F 
 220      513B48F7 
 220      C57BF9C9 
 220      7EAC
 221 03b2 BB9DE88D 		.ascii	"\273\235\350\215\035\247\00648MCc\271\331\262\357\000"
 221      1DA70634 
 221      384D4363 
 221      B9D9B2EF 
 221      00
 222 03c3 712B982C 		.ascii	"q+\230,\314.W\240bi\016fK\263s\323\340\356\0118\223"
 222      CC2E57A0 
 222      62690E66 
 222      4BB373D3 
 222      E0EE0938 
 223 03d8 C2F9EECE 		.ascii	"\302\371\356\316\341\033\001\322bD=\345\334nB\316B\310"
 223      E11B01D2 
 223      62443DE5 
ARM GAS  /var/folders/qd/4mxf5pkd0zdf0b9dd1hp39180000gn/T//ccJkPabl.s 			page 17


 223      DC6E42CE 
 223      42C8
 224 03ea 20BA18DD 		.ascii	" \272\030\335\204\306\033\362b\364\"8}-\251r7T\250K"
 224      84C61BF2 
 224      62F42238 
 224      7D2DA972 
 224      3754A84B 
 225 03fe CE51B0B8 		.ascii	"\316Q\260\270\340\355\333\235\276\313\033\3473\0335"
 225      E0EDDB9D 
 225      BECB1BE7 
 225      331B35
 226 040d 3BEE9EE4 		.ascii	";\356\236\344=\331\270\343\321F_\325\214f\272\340\335"
 226      3DD9B8E3 
 226      D1465FD5 
 226      8C66BAE0 
 226      DD
 227 041e 061BB764 		.ascii	"\006\033\267d\033\335\322\252\272\315yx\261\016H\223"
 227      1BDDD2AA 
 227      BACD7978 
 227      B10E4893 
 228 042e 7E16290C 		.ascii	"~\026)\014hm\035n\363\302\373Y\242RO\2267\213\365k!"
 228      686D1D6E 
 228      F3C2FB59 
 228      A2524F96 
 228      378BF56B 
 229 0443 7A467563 		.ascii	"zFuc\215/>\310:\357\254\273\335\350\215\2170E\312\277"
 229      8D2F3EC8 
 229      3AEFACBB 
 229      DDE88D8F 
 229      3045CABF 
 230 0457 5ECC7FEE 		.ascii	"^\314\177\356\365\027g\020\256`\2355\225\307\233\305"
 230      F5176710 
 230      AE609D35 
 230      95C79BC5 
 231 0467 5ACD56EC 		.ascii	"Z\315V\354Yz\272g\241\212{\247\233u\254t\002\002\275"
 231      597ABA67 
 231      A18A7BA7 
 231      9B75AC74 
 231      0202BD
 232 047a D679E323 		.ascii	"\326y\343#\\\303F6\014\226\356\021\313H6\320\236\264"
 232      5CC34636 
 232      0C96EE11 
 232      CB4836D0 
 232      9EB4
 233 048c 46572009 		.ascii	"FW \011G\020g\014\264\313\023f\200\004\215\014\323\320"
 233      4710670C 
 233      B4CB1366 
 233      80048D0C 
 233      D3D0
 234 049e 1316CA8B 		.ascii	"\023\026\312\213\264\322?\350\323\350\233\"\010\037"
 234      B4D23FE8 
 234      D3E89B22 
 234      081F
 235 04ac 69688E7E 		.ascii	"ih\216~\000\364c\212~\212\364\322\030\372\252\334*\354"
 235      00F4638A 
 235      7E8AF4D2 
 235      18FAAADC 
ARM GAS  /var/folders/qd/4mxf5pkd0zdf0b9dd1hp39180000gn/T//ccJkPabl.s 			page 18


 235      2AEC
 236 04be 0A50A27B 		.ascii	"\012P\242{\177\014]RP\230\245\303\365\314\311\035\317"
 236      7F0C5D52 
 236      5098A5C3 
 236      F5CCC91D 
 236      CF
 237 04cf 6E3E10A7 		.ascii	"n>\020\247f\010\250E/k\222\264\270\221\365m\251\313"
 237      6608A845 
 237      2F6B92B4 
 237      B891F56D 
 237      A9CB
 238 04e1 699B804F 		.ascii	"i\233\200O1E\232\377z6\377W_\371\030\237e=\365\351\233"
 238      31459AFF 
 238      7A36FF57 
 238      5FF9189F 
 238      653DF5E9 
 239 04f6 6F227C9E 		.ascii	"o\"|\236)\375\311w{\304\374L\005u\353\331G\301\370\022"
 239      29FDC977 
 239      7BC4FC4C 
 239      0575EBD9 
 239      47C1F812 
 240 050a EB7AD7D2 		.ascii	"\353z\327\322\030\214\257\261\347\346\212\275{\020\356"
 240      188CAFB1 
 240      E7E68ABD 
 240      7B10EE
 241 0519 61CA6076 		.ascii	"a\312`v\363#\035\356eJ\236s\3471-\356cJ\321\253L8<<"
 241      F3231DEE 
 241      654A9E73 
 241      E7312DEE 
 241      634AD1AB 
 242 0531 66CAA5AA 		.ascii	"f\312\245\252\313)\276\370)SR\016\037\336\346\213_0"
 242      CB29BEF8 
 242      2953520E 
 242      1FDEE68B 
 242      5F30
 243 0543 65754D67 		.ascii	"euMg\272x\256\350!zoao\236\217X\025o\320\3279[\207\020"
 243      BA78AEE8 
 243      217A6F61 
 243      6F9E8F58 
 243      156FD0D7 
 244 055b 7ECDC0E9 		.ascii	"~\315\300\351\003\203[\274=\326\341[^\254\303lZ\206"
 244      03835BBC 
 244      3DD6E15B 
 244      5EACC36C 
 244      5A86
 245 056d CAF28227 		.ascii	"\312\362\202'Zu\035:\001}\225\242\327\362zi\014]s\233"
 245      5A751D3A 
 245      017D95A2 
 245      D7F27A69 
 245      0C5D739B 
 246 0581 6ADF2275 		.ascii	"j\337\"u\035<\241\2478\326\346\255\361EA\354\232\024"
 246      1D3CA1A7 
 246      38D6E6AD 
 246      F14541EC 
 246      9A14
 247 0593 245D21E4 		.ascii	"$]!\344\266KHN\022\034C\271\370\332\301\215\033\204"
 247      B64B484E 
ARM GAS  /var/folders/qd/4mxf5pkd0zdf0b9dd1hp39180000gn/T//ccJkPabl.s 			page 19


 247      121C43B9 
 247      F8DAC18D 
 247      1B84
 248 05a5 BC0644A9 		.ascii	"\274\006D\251^\300K\222\306O\222\337\203\347\224\367"
 248      5EC04B92 
 248      C64F92DF 
 248      83E794F7 
 249 05b5 32B9736C 		.ascii	"2\271sl\310\303\030X\240a\023$\360\0215\374\015\205"
 249      C8C31858 
 249      A0611324 
 249      F01135FC 
 249      0D85
 250 05c7 87CBE833 		.ascii	"\207\313\3503\012\264\300\253\320WG\241\023\005\307"
 250      0AB4C0AB 
 250      D05747A1 
 250      1305C7
 251 05d6 EDD8448A 		.ascii	"\355\330D\212\036Dz\324/rK\263\014=\032\343\212SA\356"
 251      1E447AD4 
 251      2F724BB3 
 251      0C3D1AE3 
 251      8A5341EE 
 252 05ea 52BB7275 		.ascii	"R\273ru\014\374\232\002\376N\015\177\254\366\374M\254"
 252      0CFC9A02 
 252      FE4E0D7F 
 252      ACF6FC4D 
 252      AC
 253 05fb 8CEE53A3 		.ascii	"\214\356S\243\357)\310\323\305j\010\260\303\242d~\032"
 253      EF29C8D3 
 253      C56A08B0 
 253      C3A2647E 
 253      1A
 254 060c 4AE24927 		.ascii	"J\342I'\301\303\362\201\262\371\020\224\301\007\241"
 254      C1C3F281 
 254      B2F91094 
 254      C107A1
 255 061b 74905490 		.ascii	"t\220T\220\015 \033Av\202\254\003\331\014\222\011\262"
 255      0D201B41 
 255      7682AC03 
 255      D90C9209 
 255      B2
 256 062c 15E47B90 		.ascii	"\025\344{\220\357@r@\326\203l\003\331\002\262\011d\007"
 256      EF407240 
 256      D6836C03 
 256      D902B209 
 256      6407
 257 063e 4816C876 		.ascii	"H\026\310v>\210n\"\314\313\006EL\211\352\374\032\324"
 257      3E886E22 
 257      CCCB0645 
 257      4C89EAFC 
 257      1AD4
 258 0650 191854A0 		.ascii	"\031\030T\240\207\307\257\335(\270\"\005\367\307O\201"
 258      87C7AFDD 
 258      28B82205 
 258      F7C74F81 
 259 0660 32615FCB 		.ascii	"2a_\313\350\325\343\272\242\0007(\250_\251\251\207\306"
 259      E8D5E3BA 
 259      A2003728 
ARM GAS  /var/folders/qd/4mxf5pkd0zdf0b9dd1hp39180000gn/T//ccJkPabl.s 			page 20


 259      A85FA9A9 
 259      87C6
 260 0672 78F246E1 		.ascii	"x\362F\341\370\353\361\341\312Ig\225\321\327\325\350"
 260      F8EBF1E1 
 260      CA496795 
 260      D1D7D5E8 
 261 0682 6B6367B4 		.ascii	"kcg\264\302\227\207j\370\203\321p\230\237N+\233\244"
 261      C297876A 
 261      F883D170 
 261      989F4E2B 
 261      9BA4
 262 0694 29BC1EAD 		.ascii	")\274\036\255\021\343\224^AtE\366\205\355A/\037\351"
 262      11E3945E 
 262      417445F6 
 262      85ED412F 
 262      1FE9
 263 06a6 13616A10 		.ascii	"\023aj\020\024'\356?r\365\232\373\365\005IB\313lj\372"
 263      1427EE3F 
 263      72F59AFB 
 263      F5054942 
 263      CB6C6AFA 
 264 06ba EEF89E2A 		.ascii	"\356\370\236*\342\272\255\310\302\333\361'\360\250\371"
 264      E2BAADC8 
 264      C2DBF127 
 264      F0A8F9
 265 06c9 AE88EB99 		.ascii	"\256\210\353\231\032\376hL\322\024\350\227\343/\003"
 265      1AFE684C 
 265      D214E897 
 265      E32F03
 266 06d8 144D4E08 		.ascii	"\024MN\010\255\035{\003\360a/\2727\227\247t\026\007"
 266      AD1D7B03 
 266      F0612FBA 
 266      3797A774 
 266      1607
 267 06ea A290492C 		.ascii	"\242\220I,\334\256~o\370@C\37108\227wo\270$x\017/\012"
 267      DCAE7E6F 
 267      F84043F9 
 267      30389777 
 267      6FB82478 
 268 0701 CA83F7E3 		.ascii	"\312\203\367\343\177\375\256\220\357\232\372\374J\215"
 268      7FFDAE90 
 268      EF9AFAFC 
 268      4A8D
 269 070f F23895AF 		.ascii	"\3628\225\257\210\217C\273xv\234\202\177\000\347\037"
 269      888F43BB 
 269      78769C82 
 269      7F00E71F 
 270 071f 7D9EED8F 		.ascii	"}\236\355\217k\275\330N\236\272%\223\234\355\034=\344"
 270      6BBDD84E 
 270      9EBA2593 
 270      9CED1C3D 
 270      E4
 271 0730 6C3777DF 		.ascii	"l7w\337\325\373\202\000<\311HCO\250\005r\230\3608\372"
 271      D5FB8200 
 271      3CC94843 
 271      4FA80572 
 271      98F038FA 
ARM GAS  /var/folders/qd/4mxf5pkd0zdf0b9dd1hp39180000gn/T//ccJkPabl.s 			page 21


 272 0744 A4B89B27 		.ascii	"\244\270\233'\347\274\353\351\331\371\001\270\235\261"
 272      E7BCEBE9 
 272      D9F901B8 
 272      9DB1
 273 0752 153CAC6A 		.ascii	"\025<\254j\024w{\177Po\354\312(\324\260\215\344>\351"
 273      14777B7F 
 273      506FECCA 
 273      28D4B08D 
 273      E43EE9
 274 0765 CE6F7B96 		.ascii	"\316o{\226\251\303]\014;|?\243\0231,\361\352^uF\223"
 274      A9C35D0C 
 274      3B7C3FA3 
 274      13312CF1 
 274      EA5E7546 
 275 077a CEE3BEB2 		.ascii	"\316\343\276\262_\332W\366\361tc\271\374\252\366\215"
 275      5FDA57F6 
 275      F17463B9 
 275      FCAAF68D 
 276 078a 1FEEA34C 		.ascii	"\037\356\243L\232\342\244\375\003\032\0242\015\001\034"
 276      9AE2A4FD 
 276      031A1432 
 276      0D011C
 277 0799 E98AA40F 		.ascii	"\351\212\244\017i\016\035\342u\350\000\217\245\357\362"
 277      690E1DE2 
 277      75E8008F 
 277      A5EFF2
 278 07a8 6C01E807 		.ascii	"l\001\350\007\376M\232\341YK\377\351\241K(\020\360T"
 278      FE4D9AE1 
 278      594BFFE9 
 278      A14B2810 
 278      F054
 279 07ba 0ECDA1DB 		.ascii	"\016\315\241\333\026*\206:\035\242\366J\240\214\007"
 279      162A863A 
 279      1DA2F64A 
 279      A08C07
 280 07c9 99414168 		.ascii	"\231AAh\177\342%"
 280      7FE225
 281 07d0 EF4D8872 		.ascii	"\357M\210r\357\201\376\"\272\036\226\322\275i\277\264"
 281      EF81FE22 
 281      BA1E96D2 
 281      BD69BFB4 
 282 07e0 931DDED9 		.ascii	"\223\035\336\331\362\332G'r\247\374\024\267+k\347\323"
 282      F2DA4727 
 282      72A7FC14 
 282      B72B6BE7 
 282      D3
 283 07f1 094AEEC3 		.ascii	"\011J\356\303?\306}\267\257l#\232Y \264;\310\367\326"
 283      3FC67DB7 
 283      AF6C239A 
 283      5920B43B 
 283      C8F7D6
 284 0804 87DB8B84 		.ascii	"\207\333\213\204\224R\010\346\010\274\260{\241Z\360"
 284      945208E6 
 284      08BCB07B 
 284      A15AF0
 285 0813 29A3185B 		.ascii	")\243\030[\010-\177\3439t\224\237Ij\345\252\312\363"
 285      082D7FE3 
ARM GAS  /var/folders/qd/4mxf5pkd0zdf0b9dd1hp39180000gn/T//ccJkPabl.s 			page 22


 285      3974949F 
 285      496AE5AA 
 285      CAF3
 286 0825 C78F59FE 		.ascii	"\307\217Y\376\237\017\035\272\240qW>\350\200\242\362"
 286      9F0F1DBA 
 286      A071573E 
 286      E880A2F2 
 287 0835 E4305E26 		.ascii	"\3440^&W\276L]\371rZ\371\372\007\273\2635\370\035c\373"
 287      57BE4C5D 
 287      F9725AF9 
 287      FA07BBB3 
 287      35F81D63 
 288 084a 3E37B51A 		.ascii	">7\265\032\213l\017\337g_9\371\354+\247Bf\252P3UR\246"
 288      8B6C0FDF 
 288      675F39F9 
 288      EC2BA742 
 288      66AA5033 
 289 0861 A1F3B50F 		.ascii	"\241\363\265\017|\360&o\312t\2453\271J\234\027\276\212"
 289      7CF0266F 
 289      CA74A533 
 289      B94A9C17 
 289      BE8A
 290 0873 C3FF64F1 		.ascii	"\303\377d\361\360\377v\240\375\255x,$_\364\303-\337"
 290      F0FF76A0 
 290      FDAD782C 
 290      245FF4C3 
 290      2DDF
 291 0885 E6228FD3 		.ascii	"\346\"\217\323\346\2704mjX\246\353\316:;\003\324U\254"
 291      E6B8346D 
 291      6A58A6EB 
 291      CE3A3B03 
 291      D455AC
 292 0898 866C55D1 		.ascii	"\206lU\321l\325\322L\037\2272}\251k\275Q]\026\217\340"
 292      6CD5D24C 
 292      1F97327D 
 292      A96BBD51 
 292      5D168FE0 
 293 08ac D41B8DAF 		.ascii	"\324\033\215\257\003\335ey?G,K\235X\026\370\234S\214"
 293      03DD6579 
 293      3F472C4B 
 293      9D5816F8 
 293      9C538C
 294 08bf 3D2696A5 		.ascii	"=&\226\245\236\226\245\"k\353\357p\016\213\276\243y"
 294      9E96A522 
 294      6BEBEF70 
 294      0E8BBEA3 
 294      79
 295 08d0 6DAAB75C 		.ascii	"m\252\267\\\225\222A\271*\344\313\315!\347\322\241\316"
 295      959241B9 
 295      2AE4CBCD 
 295      21E7D2A1 
 295      CE
 296 08e1 E5099ACB 		.ascii	"\345\011\232\313\366[\347\233\021.al\351{o\354\326\311"
 296      F65BE79B 
 296      112E616C 
 296      E97B6FEC 
 296      D6C9
ARM GAS  /var/folders/qd/4mxf5pkd0zdf0b9dd1hp39180000gn/T//ccJkPabl.s 			page 23


 297 08f3 4EE5AA9C 		.ascii	"N\345\252\234\2720\312\251\006\321\251F~&75,\314\300"
 297      BA30CAA9 
 297      06D1A946 
 297      7E263735 
 297      2CCCC0
 298 0906 7E7136C3 		.ascii	"~q6\303\312\310\030\203-!\312`\263\207Ei\227|\366\347"
 298      CAC81883 
 298      2D21CA60 
 298      B3874569 
 298      977CF6E7 
 299 091a E9C6F070 		.ascii	"\351\306\360pNg6\257\212\266\332\303\347\233\355\233"
 299      4E6736AF 
 299      8AB6DAC3 
 299      E79BED9B 
 300 092a 9161617C 		.ascii	"\221aa||LtT\244=:\316j3,\216\212\211\216\267Y\314\226"
 300      7C4C7454 
 300      A43D3ACE 
 300      6A332C8E 
 300      8A898EB7 
 301 0941 D0F85551 		.ascii	"\320\370UQ_G\204E\306\307\033\214qV\273\305j\037\323"
 301      5F478445 
 301      C6C71B8C 
 301      7156BBC5 
 301      6A1FD3
 302 0954 69581E17 		.ascii	"iX\036\027\027c3|\025\025\025\032\231\020\033j\215\263"
 302      1763337C 
 302      1515151A 
 302      99101B6A 
 302      8DB3
 303 0966 5A422D91 		.ascii	"ZB-\221\177\217\016]\020\0321;|A\350?\347\206\306F\376"
 303      7F8F0E5D 
 303      101A313B 
 303      7C41E83F 
 303      E786C646 
 304 097b 232EC130 		.ascii	"#.\3010\252\327\020m\215\212Y\265\302b\210\215\214Z"
 304      AAD7106D 
 304      8D8A59B5 
 304      C262888D 
 304      8C5A
 305 098d 196DB518 		.ascii	"\031m\265\030\314+,_F\256\212\261\233\355\337\304[l"
 305      CC2B2C5F 
 305      46AE8AB1 
 305      9BEDDFC4 
 305      5B6C
 306 099f 612B39AD 		.ascii	"a+9\255\344\334\332\377\237s\266ol\006\263\315\276\002"
 306      E4DCDAFF 
 306      9F73B66F 
 306      6C06B3CD 
 306      BE02
 307 09b1 3C018F7C 		.ascii	"<\001\217|@\265G\307Z\314\366 er\023\354n|\324J\002"
 307      40B547C7 
 307      5ACCF620 
 307      657213EC 
 307      6E7CD44A 
 308 09c6 1103F0B6 		.ascii	"\021\003\360\266\331?\261F\333\337\363T\010\316\317"
 308      D93FB146 
 308      DBDFF354 
ARM GAS  /var/folders/qd/4mxf5pkd0zdf0b9dd1hp39180000gn/T//ccJkPabl.s 			page 24


 308      08CECF
 309 09d5 665F668F 		.ascii	"f_f\217L\260/\214\001\353\276D\211\213\247\317:x\266"
 309      4CB02F8C 
 309      01EBBE44 
 309      898BA7CF 
 309      3A78B6
 310 09e8 D8A5C725 		.ascii	"\330\245\307%\0267\302\034\023\263\302\034\015\244\006"
 310      1637C21C 
 310      13B3C21C 
 310      0DA406
 311 09f7 35697C5C 		.ascii	"5i|\\\002D\277l\371\3229\021\206O?]dX\376\311\322\177"
 311      0244BF6C 
 311      F9D23911 
 311      864F3F5D 
 311      6458FEC9 
 312 0a0d 851BD808 		.ascii	"\205\033\330\010\360\305\313h\\j\232#V|N\204\331\256"
 312      F0C5CB68 
 312      5C6A9A23 
 312      567C4E84 
 312      D9AE
 313 0a1f 951EF8CF 		.ascii	"\225\036\370\317M\232EK\027\232\360\"\243I\363\361\242"
 313      4D9A454B 
 313      179AF022 
 313      A349F3F1 
 313      A2
 314 0a30 E5266C34 		.ascii	"\345&l4\232\260\011d\241\311\204\377\264\314\210\215"
 314      9AB00964 
 314      A1C984FF 
 314      B4CC888D 
 315 0a40 9F2DD718 		.ascii	"\237-\327\030\215\213M\224#\202\336\303\361\342%&~\031"
 315      8D8B4D94 
 315      2382DEC3 
 315      F1E22526 
 315      7E19
 316 0a52 8CFC64B1 		.ascii	"\214\374d\261I\263l)\240\215\246\010\220p@\376\305\024"
 316      49B36C29 
 316      A08DA608 
 316      907040FE 
 316      C514
 317 0a64 F173BD8B 		.ascii	"\361s\275\213%\036D\307\202\203\276n\305l\327\213\201"
 317      251E44C7 
 317      8283BE6E 
 317      C56CD78B 
 317      81
 318 0a75 DA4872CC 		.ascii	"\332Hr\314\221$v\177\263\371\313U\326(\2639l\376o\347"
 318      9124767F 
 318      B3F9CB55 
 318      D628B339 
 318      6CFE6FE7 
 319 0a89 CDD34A9A 		.ascii	"\315\323J\232&jed\302/\334\360\270x\206\236(\265X\306"
 319      266A6564 
 319      C22FDCF0 
 319      B878869E 
 319      28B558C6 
 320 0a9d 193E3F42 		.ascii	"\031>?B\352\376j\334\356\371\377\001h4~\214"
 320      EAFE6ADC 
 320      EEF9FF01 
ARM GAS  /var/folders/qd/4mxf5pkd0zdf0b9dd1hp39180000gn/T//ccJkPabl.s 			page 25


 320      68347E8C 
 321              		.text
 322              		.section	.gnu.lto_.symtab.835b01268ab73244,"",%progbits
 323 0000 7374496E 		.ascii	"stInit\000"
 323      697400
 324 0007 00       		.ascii	"\000"
 325 0008 00       		.ascii	"\000"
 326 0009 00       		.ascii	"\000"
 327 000a 00000000 		.ascii	"\000\000\000\000\000\000\000\000"
 327      00000000 
 328 0012 C6000000 		.ascii	"\306\000\000\000"
 329 0016 73745374 		.ascii	"stStartAlarm\000"
 329      61727441 
 329      6C61726D 
 329      00
 330 0023 00       		.ascii	"\000"
 331 0024 00       		.ascii	"\000"
 332 0025 00       		.ascii	"\000"
 333 0026 00000000 		.ascii	"\000\000\000\000\000\000\000\000"
 333      00000000 
 334 002e CA000000 		.ascii	"\312\000\000\000"
 335 0032 73745374 		.ascii	"stStopAlarm\000"
 335      6F70416C 
 335      61726D00 
 336 003e 00       		.ascii	"\000"
 337 003f 00       		.ascii	"\000"
 338 0040 00       		.ascii	"\000"
 339 0041 00000000 		.ascii	"\000\000\000\000\000\000\000\000"
 339      00000000 
 340 0049 CC000000 		.ascii	"\314\000\000\000"
 341 004d 73745365 		.ascii	"stSetAlarm\000"
 341      74416C61 
 341      726D00
 342 0058 00       		.ascii	"\000"
 343 0059 00       		.ascii	"\000"
 344 005a 00       		.ascii	"\000"
 345 005b 00000000 		.ascii	"\000\000\000\000\000\000\000\000"
 345      00000000 
 346 0063 CE000000 		.ascii	"\316\000\000\000"
 347 0067 73744765 		.ascii	"stGetAlarm\000"
 347      74416C61 
 347      726D00
 348 0072 00       		.ascii	"\000"
 349 0073 00       		.ascii	"\000"
 350 0074 00       		.ascii	"\000"
 351 0075 00000000 		.ascii	"\000\000\000\000\000\000\000\000"
 351      00000000 
 352 007d D1000000 		.ascii	"\321\000\000\000"
 353 0081 73745F6C 		.ascii	"st_lld_init\000"
 353      6C645F69 
 353      6E697400 
 354 008d 00       		.ascii	"\000"
 355 008e 02       		.ascii	"\002"
 356 008f 00       		.ascii	"\000"
 357 0090 00000000 		.ascii	"\000\000\000\000\000\000\000\000"
 357      00000000 
 358 0098 D3000000 		.ascii	"\323\000\000\000"
ARM GAS  /var/folders/qd/4mxf5pkd0zdf0b9dd1hp39180000gn/T//ccJkPabl.s 			page 26


 359              		.text
 360              		.section	.gnu.lto_.opts,"",%progbits
 361 0000 272D666D 		.ascii	"'-fmath-errno' '-fsigned-zeros' '-ftrapping-math' '"
 361      6174682D 
 361      6572726E 
 361      6F272027 
 361      2D667369 
 362 0033 2D666E6F 		.ascii	"-fno-trapv' '-fno-openmp' '-fno-openacc' '-mcpu=cor"
 362      2D747261 
 362      70762720 
 362      272D666E 
 362      6F2D6F70 
 363 0066 7465782D 		.ascii	"tex-m3' '-mno-thumb-interwork' '-mthumb' '-O2' '-fo"
 363      6D332720 
 363      272D6D6E 
 363      6F2D7468 
 363      756D622D 
 364 0099 6D69742D 		.ascii	"mit-frame-pointer' '-falign-functions=16' '-ffuncti"
 364      6672616D 
 364      652D706F 
 364      696E7465 
 364      72272027 
 365 00cc 6F6E2D73 		.ascii	"on-sections' '-fdata-sections' '-fno-common' '-flto"
 365      65637469 
 365      6F6E7327 
 365      20272D66 
 365      64617461 
 366 00ff 2700     		.ascii	"'\000"
 367              		.text
 368              		.comm	__gnu_lto_v1,1,1
 369              		.comm	__gnu_lto_slim,1,1
 370              		.ident	"GCC: (GNU Tools for Arm Embedded Processors 7-2017-q4-major) 7.2.1 20170904 (release) [ARM
ARM GAS  /var/folders/qd/4mxf5pkd0zdf0b9dd1hp39180000gn/T//ccJkPabl.s 			page 27


DEFINED SYMBOLS
                            *ABS*:0000000000000000 st.c
                            *COM*:0000000000000001 __gnu_lto_v1
                            *COM*:0000000000000001 __gnu_lto_slim

NO UNDEFINED SYMBOLS
