ARM GAS  /var/folders/qd/4mxf5pkd0zdf0b9dd1hp39180000gn/T//cc4MeYaZ.s 			page 1


   1              		.cpu cortex-m4
   2              		.eabi_attribute 20, 1
   3              		.eabi_attribute 21, 1
   4              		.eabi_attribute 23, 3
   5              		.eabi_attribute 24, 1
   6              		.eabi_attribute 25, 1
   7              		.eabi_attribute 26, 1
   8              		.eabi_attribute 30, 2
   9              		.eabi_attribute 34, 1
  10              		.eabi_attribute 18, 4
  11              		.file	"nilcore_v7m.c"
  12              		.section	.gnu.lto_.profile.8073da7ef1be626d,"",%progbits
  13 0000 789C6363 		.ascii	"x\234cc```\001bF\006\015\031\000\000\344\000P"
  13      60606001 
  13      6246060D 
  13      190000E4 
  13      0050
  14              		.text
  15              		.section	.gnu.lto_.icf.8073da7ef1be626d,"",%progbits
  16 0000 789C6363 		.ascii	"x\234cc``\020a@\000f\206\005\215Kw\361\260\264M\276"
  16      60601061 
  16      40006686 
  16      058D4B77 
  16      F1B0B44D 
  17 0015 BC9F93F5 		.ascii	"\274\237\223\365\311\243\325\247\030\031\000Xb\010\243"
  17      C9A3D5A7 
  17      18190058 
  17      6208A3
  18              		.text
  19              		.section	.gnu.lto_.jmpfuncs.8073da7ef1be626d,"",%progbits
  20 0000 789C6363 		.ascii	"x\234cc``\340a@\000f fa``\005\261\001\002A\000\037"
  20      6060E061 
  20      40006620 
  20      66616060 
  20      05B10102 
  21              		.text
  22              		.section	.gnu.lto_.inline.8073da7ef1be626d,"",%progbits
  23 0000 789C6363 		.ascii	"x\234cc``pd@\000f\006\006~^F\006&\211\017\253\031\031"
  23      60607064 
  23      40006606 
  23      067E5E46 
  23      0626890F 
  24 0017 D816C833 		.ascii	"\330\026\3103\201\004Y\03089\200b<\017b\341B\254\014"
  24      81045918 
  24      38398062 
  24      3C0F62E1 
  24      42AC0C
  25 002a 5C20653C 		.ascii	"\\ e<?B\341B\214\\ \022\000\022\202\007W"
  25      3F42E142 
  25      8C5C2012 
  25      00128207 
  25      57
  26              		.text
  27              		.section	.gnu.lto_.pureconst.8073da7ef1be626d,"",%progbits
  28 0000 789C6363 		.ascii	"x\234cc``\340\002bf\206]\214,\273\030Yw1\002\000\014"
  28      6060E002 
  28      6266865D 
ARM GAS  /var/folders/qd/4mxf5pkd0zdf0b9dd1hp39180000gn/T//cc4MeYaZ.s 			page 2


  28      8C2CBB18 
  28      59773102 
  29 0016 41024E   		.ascii	"A\002N"
  30              		.text
  31              		.section	.gnu.lto__port_irq_epilogue.part.0.8073da7ef1be626d,"",%progbits
  32 0000 789C9554 		.ascii	"x\234\225T\335o\024U\024\277g\356\314\354v\335-IC\202"
  32      DD6F1455 
  32      14BF67EE 
  32      CCEC76DD 
  32      2D494382 
  33 0014 0F3C6C1F 		.ascii	"\017<l\037\372@lv\214&\365\211\007CB\302\303F\323\375"
  33      FA406C76 
  33      8C26F589 
  33      074342C2 
  33      C346D3FD 
  34 0028 038C598A 		.ascii	"\003\214Y\212\022Kw\263\273%\365\251\227m\267](6\004"
  34      124B77B3 
  34      BB25F5A9 
  34      976DB75D 
  34      283604
  35 003b E9A29BC1 		.ascii	"\351\242\233\301]i\004\215V\255 \266E\240\337-H[\240"
  35      5D69048D 
  35      56AD20B6 
  35      45A0DF2D 
  35      485BA0
  36 004e F443DB08 		.ascii	"\364C\333\010lK#\254\030i*\221\032Z\317\2713\225\252"
  36      6C4B23AC 
  36      18692A91 
  36      1A5ACFB9 
  36      3395AA
  37 0061 91E064E6 		.ascii	"\221\340d\346~\234{\316\371\235s~\347\216\316\030\033"
  37      7E9C7BCE 
  37      F99D737E 
  37      E78ECE18 
  37      1B
  38 0072 D7183371 		.ascii	"\327\0303q\336\216\0378\030\350\207Fq\241\203\"gE\341"
  38      DE8E1F38 
  38      18E88746 
  38      71A18322 
  38      6745E1
  39 0085 D3654CB8 		.ascii	"\323eL\270\324\216ML\2709h$\335\347T\327\026\032\000"
  39      D48E4D4C 
  39      B8396824 
  39      DDE754D7 
  39      161A00
  40 0098 2D841358 		.ascii	"-\204\023X\255\256pU\203Z8\310\217p\350m\\\350T\266"
  40      ADAE7055 
  40      835A38C8 
  40      8F70E86D 
  40      5CE854B6 
  41 00ac 9C14F874 		.ascii	"\234\024\370t\037]r4\210\304\263&g,\205\037=p\012\266"
  41      1F5D7234 
  41      88C4B326 
  41      672C851F 
  41      3D700AB6 
  42 00c0 3054CBB5 		.ascii	"0T\313\265\257\264xt\225\344p\032t9\000\312\257\326"
  42      AFB47874 
ARM GAS  /var/folders/qd/4mxf5pkd0zdf0b9dd1hp39180000gn/T//cc4MeYaZ.s 			page 3


  42      95E4701A 
  42      743900CA 
  42      AFD6
  43 00d2 7F69F226 		.ascii	"\177i\362&nr\000\025\267\367G\322s\205\264U\300\213"
  43      6E720015 
  43      B7F747D2 
  43      7385B455 
  43      C08B
  44 00e4 DB0317E7 		.ascii	"\333\003\027\347\217o\340> \017w/\334y\350.i\025\"."
  44      8F6FE03E 
  44      200F772F 
  44      DC79E82E 
  44      6915222E 
  45 00f8 BA1F648A 		.ascii	"\272\037d\212Z\353\304\260PM\316\341\033\340\344\365"
  45      5AEBC4B0 
  45      504DCEE1 
  45      1BE0E4F5 
  46 0108 0C6C86AF 		.ascii	"\014l\206\257a\263D}\014\010\035Pb\201u\"\352_\362z"
  46      61B3447D 
  46      0C081D50 
  46      62817522 
  46      EA5FF27A 
  47 011c 19EF838F 		.ascii	"\031\357\203\2177\252\214\016R\\B,4\015\234w\360\027"
  47      37AA8C0E 
  47      525C422C 
  47      340D9C77 
  47      F017
  48 012e E5FAB7A5 		.ascii	"\345\372\267\245\366\023\272\01575T69\320 \016\3658"
  48      F613BA0D 
  48      37355436 
  48      39D0200E 
  48      F538
  49 0140 4DAEC2D9 		.ascii	"M\256\302\331'\342}Kx]\210w\216\262\304\001\030\343"
  49      27E27D4B 
  49      785D8877 
  49      8EB2C401 
  49      18E3
  50 0152 24459DF6 		.ascii	"$E\235\366{\017{\244\317\303\262V'\352\0222\005\253"
  50      7B0F7BA4 
  50      CFC3B256 
  50      27EA1232 
  50      05AB
  51 0164 2AEBFDC1 		.ascii	"*\353\375\301y(\241\310\277\270\246\011\261\262\332"
  51      7928A1C8 
  51      BFB8A609 
  51      B1B2DA
  52 0173 28C4F20B 		.ascii	"(\304\362\013En`\344Gat\302\345\2502\223k\032\016\272"
  52      456E60E4 
  52      476174C2 
  52      E5A83293 
  52      6B1A0EBA 
  53 0187 4E036349 		.ascii	"N\003cI,;\361\224\304\015\316|?W\344\234\207}\271|\337"
  53      2C3BF194 
  53      C40DCE7C 
  53      3F57E49C 
  53      877DB97C 
  54 019c 8CC78A8A 		.ascii	"\214\307\212\212\26170\232Ts*\243\026Wg\304{^\223;("
ARM GAS  /var/folders/qd/4mxf5pkd0zdf0b9dd1hp39180000gn/T//cc4MeYaZ.s 			page 4


  54      B137309A 
  54      54732AA3 
  54      165767C4 
  54      7B5E933B 
  55 01b1 8747B9C4 		.ascii	"\207G\271\304\\\201\252 \376\005(\226Y\015\346Nu\351"
  55      5C81AA20 
  55      FE052896 
  55      590DE64E 
  55      75E9
  56 01c3 28816E50 		.ascii	"(\201nP\323X$\006=\240\262\005\210{ej\030\016Iq\177"
  56      D3582406 
  56      3DA0B205 
  56      887B656A 
  56      180E4971 
  57 01d8 B3A979A0 		.ascii	"\263\251y\240\210J)\013\300\356B|\261\361\023N\2024"
  57      884A290B 
  57      C0EE427C 
  57      B1F1134E 
  57      8234
  58 01ea 576C1DAF 		.ascii	"Wl\035\257<\357 \033\0055\352\314\206\266\361\235\226"
  58      3CEF201B 
  58      0535EACC 
  58      86B6F19D 
  58      96
  59 01fb 0A4711C2 		.ascii	"\012G\021\302\215\337\352OiV7\334\\]]\335\000\275X\220"
  59      8DDFEA4F 
  59      695637DC 
  59      5C5D5DDD 
  59      00BD5890 
  60 020f BF5B72F2 		.ascii	"\277[r\362\275\364\323\261\204\213dh3\177r\261\245\200"
  60      BDF4D3B1 
  60      848B6468 
  60      337F72B1 
  60      A580
  61 0221 6CB86583 		.ascii	"l\270e\203\"\363\327\344\217\356,|\000&w\242c\350\243"
  61      22F3D7E4 
  61      8FEE2C7C 
  61      002677A2 
  61      63E8A3
  62 0234 B2A27C68 		.ascii	"\262\242|hep\204\033m\304}v\227\311\013\240\037\262"
  62      6570841B 
  62      6DC47D76 
  62      97C90BA0 
  62      1FB2
  63 0246 D0223B15 		.ascii	"\320\";\025\006\300\240v\274\275<&\235\271\000\225\234"
  63      06C0A076 
  63      BCBD3C26 
  63      9DB90095 
  63      9C
  64 0257 30889632 		.ascii	"0\210\2262\227w&6Z\221\252\024\302ZH\3443?\177\314\311"
  64      97772636 
  64      5A91AA14 
  64      C25A48E4 
  64      333F7FCC 
  65 026c DF963D73 		.ascii	"\337\226=s\360\323\305\317\271\3353\223\031wZt\327{"
  65      F0D3C5CF 
  65      B9DD3393 
ARM GAS  /var/folders/qd/4mxf5pkd0zdf0b9dd1hp39180000gn/T//cc4MeYaZ.s 			page 5


  65      19775A74 
  65      D77B
  66 027e A96386FE 		.ascii	"\251c\206\376\33510L\311\250,\017\361\\\376\335\033"
  66      DD31304C 
  66      C9A82C0F 
  66      F15CFEDD 
  66      1B
  67 028f 9E7F74E6 		.ascii	"\236\177t\346\321+.\215T\354\356T\326_!\270\210\265"
  67      D12B2E8D 
  67      54ECEE54 
  67      D65F21B8 
  67      88B5
  68 02a1 B8443C5E 		.ascii	"\270D<^\242\356\002\226\244\213t<\363\325\357\256\342"
  68      A2EE0296 
  68      A48B743C 
  68      F3D5EFAE 
  68      E2
  69 02b2 1458743E 		.ascii	"\024Xt>C\006msg\205S\322\371\235M\347l\272\353\210\213"
  69      43066D73 
  69      678553D2 
  69      F99D4DE7 
  69      6CBAEB88 
  70 02c7 E8BC4C74 		.ascii	"\350\274Lt\252x2\"\257]k{\374\262\273\370}X\327\013"
  70      AA783222 
  70      AF5D6B7B 
  70      FCB2BBF8 
  70      7D58D70B 
  71 02db A3CDF10F 		.ascii	"\243\315\361\017\335\322x\224\214al\215wbb\330\346\270"
  71      DDD27894 
  71      8C616C8D 
  71      776262D8 
  71      E6B8
  72 02ed EBCE671F 		.ascii	"\353\316g\037\351V]4\352\250D\357\230\203\252\347\226"
  72      E9565D34 
  72      EAA844EF 
  72      9883AAE7 
  72      96
  73 02fe E5E8ECFC 		.ascii	"\345\350\354\374y\306Q\373H\340\255qg\271uMN\327\335"
  73      79C651FB 
  73      48E0AD71 
  73      67B9754D 
  73      4ED7DD
  74 0311 3F5C6851 		.ascii	"?\\hQ\343\201\253\370\023\271bssfh\366\017\247\305\015"
  74      E381ABF8 
  74      13B96273 
  74      736668F6 
  74      0FA7C50D 
  75 0325 86A0C335 		.ascii	"\206\240\3035I\015P\251\306\301\220`\005\026\222\376"
  75      490D50A9 
  75      C6C19060 
  75      051692FE 
  76 0335 34AEAF3F 		.ascii	"4\256\257?\301\365\204t\255\220\353It}\033\352g\372"
  76      C1F58474 
  76      AD90EB49 
  76      747D1BEA 
  76      67FA
  77 0347 FAC14E23 		.ascii	"\372\301N#M\327\010\237\375H\363t\031G\334\345\306{"
ARM GAS  /var/folders/qd/4mxf5pkd0zdf0b9dd1hp39180000gn/T//cc4MeYaZ.s 			page 6


  77      4DD7089F 
  77      FD48F374 
  77      1947DCE5 
  77      C67B
  78 0359 1359B0E9 		.ascii	"\023Y\260\351~\232\326\252\242\326\232\222 \024\032"
  78      7E9AD6AA 
  78      A2D69A92 
  78      20141A
  79 0368 4CCBD65A 		.ascii	"L\313\326Z\0139\211\032\213h^\230\242S\370\036j%\232"
  79      0B39891A 
  79      8B685E98 
  79      A253F81E 
  79      6A259A
  80 037b CA3A3659 		.ascii	"\312:6Yh\347\246\376?\332\017\217\321f\376\013\215\350"
  80      68E7A6FE 
  80      3FDA0F8F 
  80      D166FE0B 
  80      8DE8
  81 038d 9EB5D134 		.ascii	"\236\265\3214\371W\370\005\024\353/\235\304B\243\000"
  81      F957F805 
  81      14EB2F9D 
  81      C442A300 
  82 039d 77CFF97C 		.ascii	"w\317\371|\206\365\206\242F\325\356J#\034\212\304\242"
  82      86F586A2 
  82      46D5EE4A 
  82      231C8AC4 
  82      A2
  83 03ae C6CBE5FE 		.ascii	"\306\313\345\376m\376\032\022\004C\221\212\327\366\276"
  83      6DFE1A12 
  83      0443918A 
  83      D7F6BE
  84 03bd B4C71764 		.ascii	"\264\307\027dj0V\023\326#\025\321\352\312X\351z\273"
  84      6A305613 
  84      D62315D1 
  84      EACA58E9 
  84      7ABB
  85 03cf 8A9A98B1 		.ascii	"\212\232\230\261\315\037\330\0210vW\005+\253wV\030\322"
  85      CD1FD811 
  85      30765705 
  85      2BAB7756 
  85      18D2
  86 03e1 2AB8677B 		.ascii	"*\270g{uU\320\367&\363\370\313\003\336\222\347K\275"
  86      7555D0F7 
  86      26F3F8CB 
  86      03DE92E7 
  86      4BBD
  87 03f3 E168D8C5 		.ascii	"\341h\330\305\370\326\010+\214\205\302\257\354z5\022"
  87      F8D6082B 
  87      8C85C2AF 
  87      EC7A3512 
  88 0403 0A0662AF 		.ascii	"\012\006b\257\007\337\362\370\003\345tX\212Z.\246D\030"
  88      07DFF2F8 
  88      03E57458 
  88      8A5A2EA6 
  88      4418
  89 0415 8F86D99F 		.ascii	"\217\206\331\2379X\013\360"
  89      39580BF0 
ARM GAS  /var/folders/qd/4mxf5pkd0zdf0b9dd1hp39180000gn/T//cc4MeYaZ.s 			page 7


  90              		.text
  91              		.section	.gnu.lto_SVC_Handler.8073da7ef1be626d,"",%progbits
  92 0000 789C8D93 		.ascii	"x\234\215\223\375kSg\024\307\317\271\317\315M\254\251"
  92      FD6B5367 
  92      14C7CFB9 
  92      CFCD4DAC 
  92      A9
  93 0011 137F1B2B 		.ascii	"\023\177\033+#\301\365\007\261$\003e\376\264\037D\030"
  93      23C1F507 
  93      B1240365 
  93      FEB41F44 
  93      18
  94 0022 FA43D868 		.ascii	"\372C\330h\376\200Q\263\250\305\266\011y\221\026\004"
  94      FE8051B3 
  94      A8C5B609 
  94      79911604 
  95 0032 1FD36AAA 		.ascii	"\037\323j\252\025\021uY\015\221\262\026T\360\265\326"
  95      15117559 
  95      0D91B216 
  95      54F0B5D6 
  96 0042 D75AE3B5 		.ascii	"\327Z\343\265\265\255om\325U\0358\246\246\256\276T\004"
  96      B5AD6F6D 
  96      D5551D38 
  96      A6A6AEBE 
  96      5404
  97 0054 8BCA8459 		.ascii	"\213\312\204Yw\316s\357\266\330\011z\311\275\271\317"
  97      77CE73EF 
  97      B6D8097A 
  97      C9BDB9CF 
  98 0064 39DF739E 		.ascii	"9\337s\236s>\347\271\006\000du\200\207\364\377\031\335"
  98      733EE7B9 
  98      06006475 
  98      8087F4FF 
  98      19DD
  99 0076 2800B56D 		.ascii	"(\000\265m\303\000\353]\032\"\277H\027\302:\015\327"
  99      C300EB5D 
  99      1A22BF48 
  99      17C23A0D 
  99      D7
 100 0087 E116B153 		.ascii	"\341\026\261S`oz\374\2646o\257\244\313\374\351\257O"
 100      606F7AFC 
 100      B4366FAF 
 100      A4CBFCE9 
 100      AF4F
 101 0099 E53E1373 		.ascii	"\345>\023s\002 C7_\330\205\363\200d\327\233\216\344"
 101      02204337 
 101      5FD885F3 
 101      8064D79B 
 101      8EE4
 102 00ab 448BC809 		.ascii	"D\213\310\011D\235\226\317\207\262c\263x\251\241\207"
 102      449D96CF 
 102      87B263B3 
 102      78A9A187 
 103 00bb 969B2F3D 		.ascii	"\226\233/=h\377D\370\220\225O\316=~\355.\357\2202%\315"
 103      68FF44F8 
 103      90954FCE 
 103      3D7EED2E 
ARM GAS  /var/folders/qd/4mxf5pkd0zdf0b9dd1hp39180000gn/T//cc4MeYaZ.s 			page 8


 103      EF903225 
 104 00d0 81D6CFDB 		.ascii	"\201\326\317\333\033\345E\251\347\204\300\023((+\036"
 104      1BE545A9 
 104      E784C013 
 104      28282B1E 
 105 00e0 C7323C86 		.ascii	"\3072<\206e*;\311\013\235S?\226\032:\236\304rkS<\205"
 105      652A3BC9 
 105      0B9D533F 
 105      961A3A9E 
 105      C4726B53 
 106 00f6 062080C6 		.ascii	"\006 \200\306&\022\214\267\364\347\235b\201\312\375"
 106      26128CB7 
 106      F4E79D62 
 106      81CAFD
 107 0105 F245E71E 		.ascii	"\362E\347\036\303\316}{\360\253[\375\033\345\266\363"
 107      C3CE7D7B 
 107      F0AB5BFD 
 107      1BE5B6F3 
 108 0115 AE9CD0F1 		.ascii	"\256\234\320\361\364\377\223c7\226\037\276\3410\345"
 108      F4FF9363 
 108      37961FBE 
 108      E130E5
 109 0124 D4DB34F5 		.ascii	"\324\3334\365V\226\036\374=\2539\021r\302AJJ\256\253"
 109      56961EFC 
 109      3DAB3911 
 109      72C2414A 
 109      4AAEAB
 110 0137 A7430901 		.ascii	"\247C\011\001\232is\302#M\330$4~k4a\002\327\027&\372"
 110      9A6973C2 
 110      234DD824 
 110      347E6B34 
 110      6102D717 
 111 014d EE94FE5B 		.ascii	"\356\224\376[g\223\305\351\210\261T\325\231\021X\334"
 111      6793C5E9 
 111      88B154D5 
 111      991158DC 
 112 015d 03E7C133 		.ascii	"\003\347\3013h`\017\267\320c\365\261\222\004\231\255"
 112      68600FB7 
 112      D063F5B1 
 112      920499AD 
 113 016d 9936DD9B 		.ascii	"\2316\335\233l\223\255\236\23408\344Ma\303\330\014]"
 113      6C93AD9E 
 113      9C3038E4 
 113      4D61C3D8 
 113      0C5D
 114 017f A32ACFA2 		.ascii	"\243*\317\242W\201\030(tu\033d\301<\352Y\341 \3179\324"
 114      57811828 
 114      74751B64 
 114      C13CEA59 
 114      E120CF39 
 115 0194 611C53F7 		.ascii	"a\034S\367\270\002\316\306\371\331\303\266\226\326\306"
 115      B802CEC6 
 115      F9D9C3B6 
 115      96D6C6
 116 01a3 395C8155 		.ascii	"9\\\201U\373\023LM\2467\0116d\205\2605\036\345?\311"
 116      FB134C4D 
 116      A6370936 
ARM GAS  /var/folders/qd/4mxf5pkd0zdf0b9dd1hp39180000gn/T//cc4MeYaZ.s 			page 9


 116      6485B035 
 116      1EE53FC9 
 117 01b7 3182148D 		.ascii	"1\202\024\215\271\215C]e\226\2046\020\305SD\364\240"
 117      B98D435D 
 117      65968436 
 117      10C55344 
 117      F4A0
 118 01c9 49D8DE8D 		.ascii	"I\330\336\215\322\255\274o\272\334V\024\262\351\037"
 118      D2ADBC6F 
 118      BADC5614 
 118      B2E91F
 119 01d8 09850F4E 		.ascii	"\011\205\017N<\330\355\022\015\012\301\226\375\223\207"
 119      3CD8ED12 
 119      0D0AC196 
 119      FD9387
 120 01e7 843D9957 		.ascii	"\204=\231W+\263\322l\362\360X\316\277g,\275\234\033"
 120      2BB3D26C 
 120      F2F058CE 
 120      BF672CBD 
 120      9C1B
 121 01f9 896DAA30 		.ascii	"\211m\2520\261\343\356t\266;\362\006+l\274Z\021^\300"
 121      B1E3EE74 
 121      B63BF206 
 121      2B6CBC5A 
 121      115EC0
 122 020c 3EAAEC02 		.ascii	">\252\354\002S\245\007\022\333f$o{\333\321?K\274\031"
 122      53A50712 
 122      DB66246F 
 122      7BDBD13F 
 122      4BBC19
 123 021f B4E03A39 		.ascii	"\264\340:9\340\340\330\031\351Rp\373m\270\277e\273w"
 123      E0E0D819 
 123      E95270FB 
 123      6DB8BF65 
 123      BB77
 124 0231 9630DC01 		.ascii	"\2260\334\001\206KS\301Au\216;:SW\335\336]X4\231\341"
 124      864B53C1 
 124      41758E3B 
 124      3A5357DD 
 124      DE5D5834 
 125 0247 ADA99FDD 		.ascii	"\255\251\237\335*\370\"\007\343%\374\257iU\031\255T"
 125      2AF82207 
 125      E325FCAF 
 125      695519AD 
 125      54
 126 0258 590F7BD2 		.ascii	"Y\017{\322\243(v\243\352\377\351x\263\251\333\375\337"
 126      A32876A3 
 126      EAFFE978 
 126      B3A9DBFD 
 126      DF
 127 0269 3DF0C5EB 		.ascii	"=\360\305\353_\037I\271]\"3\270\374\036\006W\324\321"
 127      5F1F49B9 
 127      5D2233B8 
 127      FC1E0657 
 127      D4D1
 128 027b CE6CE81D 		.ascii	"\316l\350\035q2\177\235\272\271J>\305\244c\327\000N"
 128      71327F9D 
ARM GAS  /var/folders/qd/4mxf5pkd0zdf0b9dd1hp39180000gn/T//cc4MeYaZ.s 			page 10


 128      BAB94A3E 
 128      C5A463D7 
 128      004E
 129 028d 87326AD8 		.ascii	"\2072j\330@\004Ls\3359\260p-\340\020\373\364\351\276"
 129      40044C73 
 129      DD39B070 
 129      2DE010FB 
 129      F4E9BE
 130 02a0 42036F04 		.ascii	"B\003o\0048\314^\307;(G\250\231k\214\362\232\205r\344"
 130      38CC5EC7 
 130      3B2847A8 
 130      996B8CF2 
 130      9A8572E4 
 131 02b4 8328AFDB 		.ascii	"\203(\257\333(\247\332\356\347g2\312\033\250\253\242"
 131      28A7DAEE 
 131      E76732CA 
 131      1BA8ABA2 
 132 02c4 017F512C 		.ascii	"\001\177Q,\367\345\373\376p{\357\331\321.\326N\036:"
 132      F7E5FBFE 
 132      707BEFD9 
 132      D12ED64E 
 132      1E3A
 133 02d6 7A73A68A 		.ascii	"zs\246\212\036U,o\332,\025\000\200g|\220\367\317U_<"
 133      1E552C6F 
 133      DA2C1500 
 133      80677C90 
 133      F7CF555F 
 134 02eb 5FCD3419 		.ascii	"_\3154\031\372\360H?\337\347\363[\277H\334_W]\343\217"
 134      FAF0483F 
 134      DFE7F35B 
 134      BF48DC5F 
 134      575DE38F 
 135 02ff 466289B8 		.ascii	"Fb\211\270\177qe`I\240\236\015\241H,\374\375\232E\265"
 135      7F716560 
 135      49A09E0D 
 135      A1482CFC 
 135      FD9A45B5 
 136 0313 BE10E8A1 		.ascii	"\276\020\350\241D}\324\210\205\343\311\232DEq\\\270"
 136      447DD488 
 136      85E3C99A 
 136      4445715C 
 136      B8
 137 0324 3EE15F12 		.ascii	">\341_\022\010.\013\372\253\353B5\311\037\302~\025\025"
 137      082E0BFA 
 137      ABEB4235 
 137      C91FC27E 
 137      1515
 138 0336 AAFD2659 		.ascii	"\252\375&Y\027\362\255\202\322@e\320S\376e\205'\032"
 138      17F2AD82 
 138      D24065D0 
 138      53FE6585 
 138      271A
 139 0348 8F9680F8 		.ascii	"\217\226\200\370:\006\263\022\221\350\267+\276\213E"
 139      3A06B312 
 139      91E8B72B 
 139      BE8B45
 140 0357 42C14455 		.ascii	"B\301DUhui X\311\316\012R\225\200\026\003\021\217\202"
ARM GAS  /var/folders/qd/4mxf5pkd0zdf0b9dd1hp39180000gn/T//cc4MeYaZ.s 			page 11


 140      68756920 
 140      58C9CE0A 
 140      52958016 
 140      03118F82 
 141 036b 634D554D 		.ascii	"cMUM2\374\361\005\256\202\331\234fyU<\034\215Us*p\326"
 141      32FCF105 
 141      AE82D99C 
 141      6679553C 
 141      1C8D5573 
 142 0382 866B23B1 		.ascii	"\206k#\261\006\370\033\252|\266I"
 142      06F81BAA 
 142      7CB649
 143              		.text
 144              		.section	.gnu.lto__port_irq_epilogue.8073da7ef1be626d,"",%progbits
 145 0000 789C8D53 		.ascii	"x\234\215S\335K\223Q\030?\317{\336w[\233\206\227^x1"
 145      DD4B9351 
 145      183FCF7B 
 145      DE775B9B 
 145      86975E78 
 146 0015 2F4C24D9 		.ascii	"/L$\331\033\024tU\020B\020\261\033\375\003\302\326 "
 146      1B147455 
 146      104210B1 
 146      1BFD03C2 
 146      D620
 147 0027 C139991F 		.ascii	"\3019\231\037\350\225g:\335\354\013\2519C\206\232\202"
 147      E895673A 
 147      DDEC0BA9 
 147      3943869A 
 147      82
 148 0038 E98559F6 		.ascii	"\351\205Y\3669\277Z3\265\362;\014\"\257r8\311f\224x"
 148      39BF5A33 
 148      B5F23B0C 
 148      22AF7238 
 148      C9669478 
 149 004c A160DA73 		.ascii	"\241`\332s\316\273\304&H\207\275\347}\317\363\374\236"
 149      CEBBC426 
 149      4887BDE7 
 149      7DCFF3FC 
 149      9E
 150 005d F33CCFEF 		.ascii	"\363<\317\357\371MG\010Y\247\204\364\340\373\034>\240"
 150      F94D4708 
 150      59A784F4 
 150      E0FB1C3E 
 150      A0
 151 006e 232035CD 		.ascii	"# 5\315\022\3426H\022\365e\023f\224\371\236BA\341f\220"
 151      12E23648 
 151      12F56513 
 151      6694F99E 
 151      4241E166 
 152 0083 B5B7DBA0 		.ascii	"\265\267\333\240\000\360\017f\000R#QY\201\032\270E\375"
 152      00F00F66 
 152      00522351 
 152      59811AB8 
 152      45FD
 153 0095 1422DE58 		.ascii	"\024\"\336XH\312y\310p\205[6\365\015\254>=\210\011\002"
 153      48CA79C8 
 153      70855B36 
ARM GAS  /var/folders/qd/4mxf5pkd0zdf0b9dd1hp39180000gn/T//cc4MeYaZ.s 			page 12


 153      F50DAC3E 
 153      3D880902 
 154 00a9 F8F0054F 		.ascii	"\370\360\005O!\207 l\371\311ns\252N\326\354\360\214"
 154      2187206C 
 154      F9C96E73 
 154      AA4ED6EC 
 154      F08C
 155 00bb E7C58FFE 		.ascii	"\347\305\217\376\217J\230\355\356yYx\247\013Z.\033$"
 155      8F4A98ED 
 155      EE795978 
 155      A70B5A2E 
 155      1B24
 156 00cd 12A440F9 		.ascii	"\022\244@\371F\210\017\221\230\221\205I#\225\370W]\230"
 156      46880F91 
 156      98918549 
 156      2395F857 
 156      5D98
 157 00df C440E297 		.ascii	"\304@\342\227-x\036\007\351M\032\244\022\310x\3745\323"
 157      2D781E07 
 157      E94D1AA4 
 157      12C878FC 
 157      35D3
 158 00f1 1A3DCE8F 		.ascii	"\032=\316\217\024\314x\\\035\366.\002\265\000G\306c"
 158      14CC785C 
 158      1DF62E02 
 158      B50047C6 
 158      63
 159 0102 BEB09CD5 		.ascii	"\276\260\234\325\305X-\013\257\306\316O\2147\260&\267"
 159      C5582D0B 
 159      AFC6CE4F 
 159      8C37B026 
 159      B7
 160 0113 21486578 		.ascii	"!Hex\011\024k\201\027\220\001\317!C\253\365\025da\214"
 160      09146B81 
 160      179001CF 
 160      2143ABF5 
 160      1564618C 
 161 0127 F71B1B91 		.ascii	"\367\033\033\221\371u2\230!\204\276\357P\273\334u\307"
 161      F9753298 
 161      2184BEEF 
 161      50BBDC75 
 161      C7
 162 0138 1F4DDFEF 		.ascii	"\037M\337\357\303#\332\275\267\245\027\255\004(\220"
 162      C323DABD 
 162      B7A517AD 
 162      042890
 163 0147 245774C2 		.ascii	"$Wt\302\202\276A\356\223\222}\033N\236\210\300\020\367"
 163      82BE41EE 
 163      93927D1B 
 163      4E9E88C0 
 163      10F7
 164 0159 D283E4C0 		.ascii	"\322\203\344\3000\350`\204s\203\033 C\267\001\275\235"
 164      30E86084 
 164      73831B20 
 164      43B701BD 
 164      9D
 165 016a ED035BC6 		.ascii	"\355\003[\306\3146hg\367\315A\252\360\200\276\350\020"
ARM GAS  /var/folders/qd/4mxf5pkd0zdf0b9dd1hp39180000gn/T//cc4MeYaZ.s 			page 13


 165      CC366867 
 165      F7CD41AA 
 165      F080BEE8 
 165      10
 166 017b 33C81296 		.ascii	"3\310\022\226<\012\231\204[~\306\027\227$\264\300k\034"
 166      3C0A9984 
 166      5B7EC617 
 166      9724B4C0 
 166      6B1C
 167 018d 192F9A40 		.ascii	"\031/\232@X\220\3233:\266\222\222\371 \021\255\343\330"
 167      5890D333 
 167      3AB69292 
 167      F92011AD 
 167      E3D8
 168 019f 8D47039F 		.ascii	"\215G\003\237L\"\372\015\217\206\010\310\310l\255Y\020"
 168      4C22FA0D 
 168      8F8608C8 
 168      C86CAD59 
 168      10
 169 01b0 40C81A44 		.ascii	"@\310\032D\006\267;\367>\003\357\255\225J\030\021\250"
 169      06B73BF7 
 169      3E03EFAD 
 169      954A1811 
 169      A8
 170 01c1 8FCCE939 		.ascii	"\217\314\3519%z\321\251;4\354W\264#\373R\307\216\243"
 170      257AD1A9 
 170      3B34EC57 
 170      B423FB52 
 170      C78EA3
 171 01d4 696D6173 		.ascii	"imas^\351\20067v\210y\014\360\026\211\035\343u\240\363"
 171      5EE98036 
 171      37768879 
 171      0CF01689 
 171      1DE375A0 
 172 01e9 EE8DDE5E 		.ascii	"\356\215\336^\243\332\307<n\356;\006\343\320\001\315"
 172      A3DAC73C 
 172      6EEE3B06 
 172      E3D001CD 
 173 01f9 42203001 		.ascii	"B 0\001*&\254\333i\350U\264tT\313\270>\275\322)\206"
 173      2A26ACDB 
 173      69E855B4 
 173      7454CBB8 
 173      3EBDD229 
 174 020e 00C0D260 		.ascii	"\000\300\322`\022/Z\001\317\322\330\231\004\010\021"
 174      122F5A01 
 174      CFD2D899 
 174      040811
 175 021d FDF1D076 		.ascii	"\375\361\320v\252\206 \360.1\302F$\324\227\215J\211"
 175      AA8620F0 
 175      2E31C246 
 175      24D4978D 
 175      4A89
 176 022f 03152A43 		.ascii	"\003\025*C`(\024_\322\327\374f8vc\200\312\230\364=\324"
 176      6028145F 
 176      D2D7FC66 
 176      38766380 
 176      CA98F43D 
ARM GAS  /var/folders/qd/4mxf5pkd0zdf0b9dd1hp39180000gn/T//cc4MeYaZ.s 			page 14


 177 0244 A0C64C02 		.ascii	"\240\306L\002/k\370\204\262\376\321K\367\211\311\243"
 177      2F6BF884 
 177      B2FED14B 
 177      F789C9A3 
 178 0254 F5F241E8 		.ascii	"\365\362A\350e\237\034\031\013\231:J/~SB/\312!\275t"
 178      659F1C19 
 178      0B993A4A 
 178      2F7E5342 
 178      2FCA21BD 
 179 0269 9F46BD4C 		.ascii	"\237F\275Ls\237.\331\267\\\315\023\021\2309\254\227"
 179      739F2ED9 
 179      B75CCD13 
 179      119839AC 
 179      97
 180 027a 5994C91C 		.ascii	"Y\224\311\034\327\313\334\001\275\354\266\177\0355\375"
 180      D7CBDC01 
 180      BDECB67F 
 180      1D35FD
 181 0289 95C29490 		.ascii	"\225\302\224\220\302\274\220B\362\334\027\366\347\316"
 181      C2BC9042 
 181      F2DC17F6 
 181      E7CE
 182 0297 EF176C28 		.ascii	"\357\027l(\211?\332\017\244C,\037j\033Mx:i\261\250\332"
 182      893FDA0F 
 182      A4432C1F 
 182      6A1B4D78 
 182      3A69B1A8 
 183 02ac CF59A696 		.ascii	"\317Y\246\226\024\025\253\245NWy\231z!\337\232g\255"
 183      1415ABA5 
 183      4E577999 
 183      7A21DF9A 
 183      67AD
 184 02be E2069BD3 		.ascii	"\342\006\233\323e\277Ry\326a\261\021\245\262\260\270"
 184      65BF5279 
 184      D661B111 
 184      A5B2B0B8 
 185 02ce C2FEFF11 		.ascii	"\302\376\377\021\327I\356A\254\275\252\\\315\263\026"
 185      D749EE41 
 185      ACBDAA5C 
 185      CDB316
 186 02dd 5C2A508B 		.ascii	"\\*P\213Jl\305\025\327\354\252@\332\034\027+Jl\010N"
 186      4A6CC515 
 186      D7ECAA40 
 186      DA1C172B 
 186      4A6C084E 
 187 02f1 B316E49B 		.ascii	"\263\026\344\233\257\026\226\331K]E\271\346\254SDr\021"
 187      AF1696D9 
 187      4B5D45B9 
 187      E6AC5344 
 187      7211
 188 0303 BDC3EE70 		.ascii	"\275\303\356p\272\252\311\037\222\007v\264"
 188      BAAAC91F 
 188      920776B4 
 189              		.text
 190              		.section	.gnu.lto_.symbol_nodes.8073da7ef1be626d,"",%progbits
 191 0000 789C6363 		.ascii	"x\234cc``\310\006b\006\246\233\014\365\014\014\023\316"
 191      6060C806 
ARM GAS  /var/folders/qd/4mxf5pkd0zdf0b9dd1hp39180000gn/T//cc4MeYaZ.s 			page 15


 191      6206A69B 
 191      0CF50C0C 
 191      13CE
 192 0012 310029C6 		.ascii	"1\000)\306\235-\007\033\034\030\030X/10(\000\345\030"
 192      9D2D071B 
 192      1C181858 
 192      2F313028 
 192      00E518
 193 0025 2F33D433 		.ascii	"/3\3243\202\345\030\030\032\026\000%\030\2570\3243!"
 193      82E51818 
 193      1A160025 
 193      18AF30D4 
 193      3321
 194 0037 0B305D60 		.ascii	"\0130]`\250g\206\352f\330\325\340\010\024\271\310P\317"
 194      A86786EA 
 194      66D8D5E0 
 194      0814B9C8 
 194      50CF
 195 0049 8222C2CC 		.ascii	"\202\"\302\314\312\300\360h\243=\003\000\303\211\032"
 195      CAC0F068 
 195      A33D0300 
 195      C3891A
 196 0058 B9       		.ascii	"\271"
 197              		.text
 198              		.section	.gnu.lto_.refs.8073da7ef1be626d,"",%progbits
 199 0000 789C6363 		.ascii	"x\234cc``\340\007b\026\006\006F^\006F>&&\001&fA\006"
 199      6060E007 
 199      62160606 
 199      465E0646 
 199      3E262601 
 200 0018 0003AB00 		.ascii	"\000\003\253\000a"
 200      61
 201              		.text
 202              		.section	.gnu.lto_.decls.8073da7ef1be626d,"",%progbits
 203 0000 789CC559 		.ascii	"x\234\305Y{PTW\232\357sO\3234\335\015\246\220\235\315"
 203      7B505457 
 203      9AEF734F 
 203      D334DD0D 
 203      A6909DCD 
 204 0014 5451BB96 		.ascii	"TQ\273\226\305Dfw\024Mf\223\354n\325V\014\321\321?\334"
 204      C5446677 
 204      144D6693 
 204      EC6ED556 
 204      0CD1D13F 
 205 0029 B1204955 		.ascii	"\261 IU&\225\351\260\330\211$\274\246i'\246\3661\227"
 205      2695E9B0 
 205      D88924BC 
 205      A66927A6 
 205      F63197
 206 003c 9720A020 		.ascii	"\227 \240 \202\002\276\020T|\241 \002*\012\010\312\033"
 206      8202BE10 
 206      547CA120 
 206      022A0A08 
 206      CA1B
 207 004e 5450116C 		.ascii	"TP\021l\036\"\342\213 \342\003\021\204\375\3169\367"
 207      1E22E28B 
 207      20E20311 
ARM GAS  /var/folders/qd/4mxf5pkd0zdf0b9dd1hp39180000gn/T//cc4MeYaZ.s 			page 16


 207      84FDCE39 
 207      F7
 208 005f F6BD7DE9 		.ascii	"\366\275}\3516\326\374\261K\361\365\275\3379\337\371"
 208      36D6FCB1 
 208      4BF1F5BD 
 208      DF39DFF9 
 209 006f 7EDFF79D 		.ascii	"~\337\367\235\357<\257F\245R\005/\000rQ\251R\220J5\003"
 209      EF3CAF46 
 209      A552052F 
 209      007251A9 
 209      52904A35 
 210 0084 7F6A283B 		.ascii	"\177j(;\257\222\376\240JU\001T\011T\015T\003t\001\010"
 210      AF92FEA0 
 210      4A550154 
 210      09540D54 
 210      03740108 
 211 0098 C4557F44 		.ascii	"\304U\177D*\273\277\037\200\237\003\317\257\201<\201"
 211      2ABBBF1F 
 211      809F03CF 
 211      AF813C81 
 212 00a8 BC80A2A0 		.ascii	"\274\200\242\240l\010\236\000\243Z\012\357\377\011\024"
 212      6C089E00 
 212      A35A0AEF 
 212      FF0914
 213 00b7 09F44B20 		.ascii	"\011\364K #\224\3757<\377\007\350+\240\277\000\021\374"
 213      2394FD37 
 213      3CFF07E8 
 213      2BA0BF00 
 213      11FC
 214 00c9 08787E06 		.ascii	"\010x~\006\3649\320wH\262!\016\3367\"\311\026G6\304"
 214      F439D077 
 214      48B2210E 
 214      DE3722C9 
 214      164736C4 
 215 00dd 03EFF61A 		.ascii	"\003\357\366\032\033\010>\301\334,\264\323\010>\211"
 215      1B083EC1 
 215      DC2CB4D3 
 215      083E89
 216 00ec BAD380D2 		.ascii	"\272\323\200\322\2012\025z\311\037\2517\010\272\027"
 216      8132157A 
 216      C91FA937 
 216      08BA17
 217 00fb C8F40FA9 		.ascii	"\310\364\017\251$\235\267\200\372\200\012\201\006\200"
 217      249DB780 
 217      FA800A81 
 217      0680
 218 0109 CE0876B6 		.ascii	"\316\010v\266\302\217\253\020\273Ab\217\200A\374\022"
 218      C28FAB10 
 218      BB41628F 
 218      8041FC12 
 219 0119 31957F19 		.ascii	"1\225\177\031\030\2359\177\256J\337\207z\020\007j\336"
 219      189D397F 
 219      AE4ADF87 
 219      7A10076A 
 219      DE
 220 012a A2A508B1 		.ascii	"\242\245\010\261_x\022\242\374\214\370\207X9\224r\354"
 220      5F7812A2 
ARM GAS  /var/folders/qd/4mxf5pkd0zdf0b9dd1hp39180000gn/T//cc4MeYaZ.s 			page 17


 220      FC8CF887 
 220      58399472 
 220      EC
 221 013b 21881246 		.ascii	"!\210\022Fl\202l%\234\240\203\023\365\322\177A\001\222"
 221      6C826C25 
 221      9CA08313 
 221      F5D27F41 
 221      0192
 222 014d 6B65F50C 		.ascii	"ke\365\014N\374c\236\261\027Y;V\304I`\262&\263lU\331"
 222      4EFC639E 
 222      B117593B 
 222      56C44960 
 222      B226B36C 
 223 0163 AA6D4649 		.ascii	"\252mFIN\"!\010\327\206S\216\031\372Q/\324~\001\321"
 223      4E222108 
 223      D786538E 
 223      19FA512F 
 223      D47E01D1 
 224 0177 D2862152 		.ascii	"\322\206!R:\265\251\262\314\2009\372\276\373T\315F="
 224      3AB5A9B2 
 224      CC8039FA 
 224      BEFB54CD 
 224      463D
 225 0189 F6A6EFA9 		.ascii	"\366\246\357\251\033\246\306\264\213\216\362\354O\233"
 225      1BA6C6B4 
 225      8B8EF2EC 
 225      4F9B
 226 0197 8A55A80C 		.ascii	"\212U\250\014a1\240\027g\306\253\347$c\344\251C\034"
 226      6131A017 
 226      67C6ABE7 
 226      2463E4A9 
 226      431C
 227 01a9 B0EDA32D 		.ascii	"\260\355\243-\273\364\300z\351\320[\300\036M\231\311"
 227      BBF4C07A 
 227      E9D05BC0 
 227      1E4D99C9 
 228 01b9 70797B1B 		.ascii	"py{\033i\230\026\313\277\305\241\257\177\201N#ot\012"
 228      699816CB 
 228      BFC5A1AF 
 228      7F814E23 
 228      6F740A
 229 01cc 79833967 		.ascii	"y\2039g\320\333\360\033\256f\232\236\024%\334\340\346"
 229      D0DBF01B 
 229      AE669A9E 
 229      1425DCE0 
 229      E6
 230 01dd E7F2D5FD 		.ascii	"\347\362\325\375|u}\216\357\236\226\015\211\227\241"
 230      7C757D8E 
 230      EF9E960D 
 230      8997A1
 231 01ec DDD7540E 		.ascii	"\335\327T\016\225\"\214\312\321\"\342E)AG'Q?B%\010r"
 231      95228CCA 
 231      D122E245 
 231      29414727 
 231      513F4225 
 232 0202 0355A0F9 		.ascii	"\003U\240\371\320\376\247\326\023'\346\340\377\2426"
 232      D0FEA7D6 
ARM GAS  /var/folders/qd/4mxf5pkd0zdf0b9dd1hp39180000gn/T//cc4MeYaZ.s 			page 18


 232      1327E6E0 
 232      FFA236
 233 0211 BF1EF79C 		.ascii	"\277\036\367\234\035\356\265\304\3622-\340\366\363|"
 233      1DEEB5C4 
 233      F2322DE0 
 233      F6F37C
 234 0220 75E7E179 		.ascii	"u\347\341y=E\367\370D\035\025Bg%\320\263\202\313\250"
 234      3D45F7F8 
 234      441D1542 
 234      6725D0B3 
 234      82CBA8
 235 0233 9282DDEA 		.ascii	"\222\202\335\352\337?\246\307\225\210\242\365\304\247"
 235      DF3FA6C7 
 235      9588A2F5 
 235      C4A7
 236 0241 4FCD1134 		.ascii	"O\315\02144}\225\303\327p\264u\225\324\272Jl]M[\037"
 236      347D95C3 
 236      D770B475 
 236      95D4BA4A 
 236      6C5D4D5B 
 237 0256 BCF8743F 		.ascii	"\274\370t?\306\355\254uB\351\370\250\007\264\316\245"
 237      C6EDAC75 
 237      42E9F8A8 
 237      07B4CEA5 
 238 0266 7E7F78F7 		.ascii	"~\177x\367$\317\307\203\335j\252\343\274\244\343\274"
 238      24CFC783 
 238      DD6AAAE3 
 238      BCA4E3BC 
 239 0276 D2ED1AAA 		.ascii	"\322\355\032\252\253o\364I\275\036\3672]\315'\312;\260"
 239      AB6FF449 
 239      BD1EF732 
 239      5DCD27CA 
 239      3BB0
 240 0288 A0ABFDEF 		.ascii	"\240\253\375\357s\370\352\030\236\217f\326\324J\232"
 240      73F8EA18 
 240      9E8F66D6 
 240      D44A9A
 241 0297 6A959A2E 		.ascii	"j\225\232.PM\255{\267\216s\3701\323tdC\327.-\353W+\341"
 241      504DAD7B 
 241      B78E73F8 
 241      31D37464 
 241      43D72E2D 
 242 02af 079B4686 		.ascii	"\007\233F\206\020\353\330~\027\340\037\267\346\334\366"
 242      10EBD87E 
 242      17E01FB7 
 242      E6DCF6
 243 02be 60FC3C60 		.ascii	"`\374<`s*\2366\2710q-\260\035C{\343\014\214\275LZg\224"
 243      732A9E36 
 243      B930712D 
 243      B01D437B 
 243      E30C8CBD 
 244 02d6 D4CE67C2 		.ascii	"\324\316g\302<i|`\347\303f=~\306\220\366\277\234\034"
 244      3C697C60 
 244      E7C3663D 
 244      7EC690F6 
 244      BF9C1C
 245 02e9 C550F98E 		.ascii	"\305P\371\216\016\315\314`(8>|z\302\235\025\220\372"
ARM GAS  /var/folders/qd/4mxf5pkd0zdf0b9dd1hp39180000gn/T//cc4MeYaZ.s 			page 19


 245      0ECDCC60 
 245      28383E7C 
 245      7AC29D15 
 245      90FA
 246 02fb AAE6C603 		.ascii	"\252\346\306\003\006<M\205\271c9SSs\220\3167\221\347"
 246      063C4D85 
 246      B9633953 
 246      537390CE 
 246      3791E7
 247 030e 6348D7BA 		.ascii	"cH\327\272\370\252l\035\213\256 _\322\210x\211\332\240"
 247      F8AA6C1D 
 247      8BAE205F 
 247      D2887889 
 247      DAA0
 248 0320 B0150A0F 		.ascii	"\260\025\012\017\220\034\250\276\324\370\316\366\004"
 248      901CA8BE 
 248      D4F8CEF6 
 248      04
 249 032d 9EE7D065 		.ascii	"\236\347\320e\244C\227\244H\274\243c9P\271\345\346\220"
 249      A44397A4 
 249      48BCA363 
 249      3950B9E5 
 249      E690
 250 033f 0EEFC214 		.ascii	"\016\357\302\024#\346r\346\023\247\030W\235b\214\017"
 250      23E672E6 
 250      13A71857 
 250      9D628C0F 
 251 034f BF7B219E 		.ascii	"\277{!\236`t\000F\273\204\001\220\014$\265\364\346\324"
 251      60740046 
 251      BB840190 
 251      0C24B5F4 
 251      E6D4
 252 0361 1C7C5C4D 		.ascii	"\034|\\MA\312\212\252^\351\234\201t:w$\025'\327&\221"
 252      41CA8AAA 
 252      5EE99C81 
 252      743A7724 
 252      1527D726 
 253 0376 ECB80E28 		.ascii	"\354\270\016(\327$\224\016\021e\352D\341\224\006\217"
 253      D724940E 
 253      1165EA44 
 253      E194068F 
 254 0386 52147425 		.ascii	"R\024t%\256h'f\375\240\0066\315:qV\217'X\2358T=\331"
 254      AE682766 
 254      FDA00636 
 254      CD3A7156 
 254      8F27589D 
 255 039e 50B56ECE 		.ascii	"P\265n\316\270\343\201\247Y\335)\376r\214\213\016l\213"
 255      B8E381A7 
 255      59DD29FE 
 255      728C8B0E 
 255      6C8B
 256 03b0 7D23DBA0 		.ascii	"}#\333\240\305d\177j\242\026op\241\315oY\353\213<\360"
 256      C5647F6A 
 256      A2166F70 
 256      A1CD6F59 
 256      EB8B3CF0 
 257 03c4 46C6F434 		.ascii	"F\306\3644\034:BlX@\372wff\216\254\207\027\260\036n"
ARM GAS  /var/folders/qd/4mxf5pkd0zdf0b9dd1hp39180000gn/T//cc4MeYaZ.s 			page 20


 257      1C3A426C 
 257      5840FA77 
 257      66668EAC 
 257      8717B01E 
 258 03d9 4F1DDBE7 		.ascii	"O\035\333\347\212\323\2508\327\3275i\365\020\003\223"
 258      8AD3A838 
 258      D7D73569 
 258      F5100393 
 259 03e9 1BCBBBAD 		.ascii	"\033\313\273\255P\241\006\300\351\"\340\203\000\276"
 259      50A106C0 
 259      E922E083 
 259      00BE
 260 03f7 4000BF05 		.ascii	"@\000\277\005\205\375\262\036\376\267\3541\236\237\207"
 260      85FDB21E 
 260      FEB7EC31 
 260      9E9F87
 261 0406 6E435C06 		.ascii	"nC\\\006\244\270,\020\302rh\337\226<\015\336\3010*v"
 261      A4B82C10 
 261      C27268DF 
 261      963C0DDE 
 261      C1302A76 
 262 041a DCB9C839 		.ascii	"\334\271\3109\303\270\353\024c|x~\035\355\341!\300\270"
 262      C3B8EB14 
 262      637C787E 
 262      1DEDE121 
 262      C0B8
 263 042c 2361DC16 		.ascii	"#a\334\026c_\227\032\227\242\303\373\030\310\263+\303"
 263      635F971A 
 263      97A2C3FB 
 263      18C8B32B 
 263      C3
 264 043d D91A6720 		.ascii	"\331\032g \017\234;\222\212'\250#\367\001\344\236\004"
 264      0F9C3B92 
 264      8A27A823 
 264      F701E49E 
 264      04
 265 044e 322482E4 		.ascii	"2$\202\344\247=\313\325\342\"\026\334\203\321'\347\342"
 265      A73DCBD5 
 265      E22216DC 
 265      83D127E7 
 265      E2
 266 045f 52F65E9E 		.ascii	"R\366^\2363]\255\306\265\214\211\337T\270]\007!\326"
 266      335DADC6 
 266      B58C89DF 
 266      54B85D07 
 266      21D6
 267 0471 B0A8BB92 		.ascii	"\260\250\273\222!<\372\262L\315\212\010\322z(\332\225"
 267      213CFAB2 
 267      4CCD8A08 
 267      D27A28DA 
 267      95
 268 0482 6D2DF6C0 		.ascii	"m-\366\300\365\314\340\312\216Sq\356\310W'\006\364\375"
 268      F5CCE0CA 
 268      8E5371EE 
 268      C8572706 
 268      F4FD
 269 0494 EC5162C7 		.ascii	"\354Qb\307\030\3301*\331\241!f$\022\021\245O\217\301"
ARM GAS  /var/folders/qd/4mxf5pkd0zdf0b9dd1hp39180000gn/T//cc4MeYaZ.s 			page 21


 269      18D8312A 
 269      D9A12166 
 269      241211A5 
 269      4F8FC1
 270 04a7 278DE0D3 		.ascii	"'\215\340\323#(\034a\231161zR\215\2570\214\222\255S"
 270      23281C61 
 270      99313631 
 270      7A528DAF 
 270      308C92AD 
 271 04bc 591E360C 		.ascii	"Y\0366\014\0302\2454\240\317\000\343\211\2041\206\234"
 271      1832A534 
 271      A0CF00E3 
 271      89843186 
 271      9C
 272 04cd 823C750C 		.ascii	"\202<u\014r\213\237\3146\340.\006\262\243&\257\204\223"
 272      728B9FCC 
 272      36E02E06 
 272      B2A326AF 
 272      8493
 273 04df 1C49C52F 		.ascii	"\034I\305/i@_\000\310s\011\344\231s\220q\307 \225\257"
 273      69405F00 
 273      C87309E4 
 273      99739071 
 273      C72095AF 
 274 04f3 6632E9A8 		.ascii	"f2\351\250\210~\303\026x\363\211\230j\016\371\314\365"
 274      887EC316 
 274      78F38998 
 274      6A0EF9CC 
 274      F5
 275 0504 CDE3E3A2 		.ascii	"\315\343\343\242\371\352\231\012\234t$y\023\237[\203"
 275      F9EA990A 
 275      9C742479 
 275      139F5B83 
 276 0514 D00458F3 		.ascii	"\320\004X\363\023X3\211\346Jj\374\310\362\264\004~T"
 276      13583389 
 276      E64A6AFC 
 276      C8F2B404 
 276      7E54
 277 0526 5B04BB78 		.ascii	"[\004\273x\244\226\301\014\013\015\000\007M\001\344"
 277      A496C10C 
 277      0B0D0007 
 277      4D01E4
 278 0535 4BE443D7 		.ascii	"K\344C\327\025\346i\333\215\267\242\241\001\221P\011"
 278      15E669DB 
 278      8DB7A2A1 
 278      01915009 
 279 0545 5E0AAB74 		.ascii	"^\012\253t\307\306\376Mz<\315\302s\265kS\247\006\315"
 279      C7C6FE4D 
 279      7A3CCDC2 
 279      73B56B53 
 279      A706CD
 280 0558 F5750C31 		.ascii	"\365u\0141\003j\235C\014]\362&\015\3204H\274\222bI\020"
 280      036A9D43 
 280      0C5DF226 
 280      0DD03448 
 280      BC926249 
 281 056d 29D0B1EC 		.ascii	")\320\261\354k\274\336\220dKy*(\352V!\2363\010\026%"
ARM GAS  /var/folders/qd/4mxf5pkd0zdf0b9dd1hp39180000gn/T//cc4MeYaZ.s 			page 22


 281      6BBCDE90 
 281      644B792A 
 281      28EA5621 
 281      9E330816 
 282 0582 6C2C7EA8 		.ascii	"l,~\250\303I\032\232\254\247\267\244\377\244\305\233"
 282      C3491A9A 
 282      ACA7B7A4 
 282      FFA4C59B 
 283 0592 19D352BD 		.ascii	"\031\323R\275\361\270\016\357\025\230\242\323\235j\234"
 283      F1B80EEF 
 283      1598A2D3 
 283      9D6A9C
 284 05a1 CF98CE94 		.ascii	"\317\230\316\224\216\233\032\\@\031\256\274\331:\211"
 284      8E9B1A5C 
 284      4019AEBC 
 284      D93A89
 285 05b0 E59DFC82 		.ascii	"\345\235\374\202vr\002\247C\361\334\233t\362\006\316"
 285      767202A7 
 285      43F1DC9B 
 285      74F206CE 
 286 05c0 6127F7EC 		.ascii	"a'\367\354z\364D\215\013\031\342\361\370\301Cd\025\364"
 286      7AF4448D 
 286      0B19E2F1 
 286      F8C14364 
 286      15F4
 287 05d2 86518464 		.ascii	"\206Q\204d\023\2277\233\270NV?)T\343\022fPq\341\340"
 287      1397379B 
 287      B84E563F 
 287      2954E312 
 287      665071E1 
 288 05e7 77B2D1B3 		.ascii	"w\262\321\263(\236.8\233\300\236d\311\036o\301\034X"
 288      289E2E38 
 288      9BC09E64 
 288      C91E6FC1 
 288      1C58
 289 05f9 97F379FC 		.ascii	"\227\363y\374\266\012\275\347\215\026\2031)`\214\267"
 289      B60ABDE7 
 289      8D168331 
 289      29608CB7 
 290 0609 604C12E7 		.ascii	"`L\022\347\2156r\324\230C{\016^p\307\347\030@o\341\243"
 290      8D3672D4 
 290      98437B0E 
 290      5E70C7E7 
 290      18406FE1 
 291 061e 362C1B3B 		.ascii	"6,\033;\363K\350\330I\003\204\315\022\002\000:\206H"
 291      F34BE8D8 
 291      490384CD 
 291      1202003A 
 291      8648
 292 0630 750CB1AF 		.ascii	"u\014\261\257\366\370\025W|\221At=k\336j7r\036\321\240"
 292      F6F81557 
 292      7C914174 
 292      3D6BDE6A 
 292      37721ED1 
 293 0645 6E05882D 		.ascii	"n\005\210-\022D\2323\210t\307\020I\215\203ysp\033\013"
 293      12449A33 
 293      8874C710 
ARM GAS  /var/folders/qd/4mxf5pkd0zdf0b9dd1hp39180000gn/T//cc4MeYaZ.s 			page 23


 293      498D8379 
 293      73701B0B 
 294 0659 A9B871F0 		.ascii	"\251\270q\360d\033\207\221\270;\375\302*\3646\260\375"
 294      641B8791 
 294      B83BFDC2 
 294      2AF436B0 
 294      FD
 295 066a 31751D5A 		.ascii	"1u\035Z\334\301D\367X\037\027\272\342Nf\332\365\231"
 295      DCC144F7 
 295      581F17BA 
 295      E24E66DA 
 295      F599
 296 067c 7BF774C8 		.ascii	"{\367t\310\340+\313-\330\324\331z3\007\240\215\006\301"
 296      E02BCB2D 
 296      D8D4D97A 
 296      3307A08D 
 296      06C1
 297 068e 42667EBD 		.ascii	"Bf~\275\025\267\336N ke6g@Y\222\375F\003\313\301\307"
 297      15B7DE4E 
 297      206B6536 
 297      67405992 
 297      FD4603CB 
 298 06a4 2357A7DC 		.ascii	"#W\247\334q\242+\005\343'*\27358\205173_\364\273\341"
 298      71A22B05 
 298      E3272ABB 
 298      35388531 
 298      37335FF4 
 299 06ba 54C6345C 		.ascii	"T\3064\\K\256R\343t\306\0244\367\363.8\2231g\223\232"
 299      4BAE52E3 
 299      74C61434 
 299      F7F32E38 
 299      93316793 
 300 06cf A7B4388B 		.ascii	"\247\2648\21319g\022btx\007c\216\314<I5\340\335\214"
 300      31396712 
 300      62747807 
 300      638ECC3C 
 300      4935E0DD 
 301 06e4 7971F64A 		.ascii	"yq\366J\036\307|\364\001\366pur\003f\273\241\\\262g"
 301      1EC77CF4 
 301      01F67075 
 301      720366BB 
 301      A15CB267 
 302 06f8 EE3D367D 		.ascii	"\356=6}V\203\017SY}K|K\202\026\371\260\277\271\276>"
 302      56830F53 
 302      597D4B7C 
 302      4B8216F9 
 302      B0BFB9BE 
 303 070d 3E79C45F 		.ascii	">y\304_\330\230~\330\330~\217\347\323\015\324\231\355"
 303      D8987ED8 
 303      D87E8FE7 
 303      D30DD499 
 303      ED
 304 071e E04C2127 		.ascii	"\340L!'\2338\266qdx5\220A\246b-^\256\200\355_\034\246"
 304      9B38B671 
 304      64783590 
 304      41A6622D 
 304      5EAE80ED 
ARM GAS  /var/folders/qd/4mxf5pkd0zdf0b9dd1hp39180000gn/T//cc4MeYaZ.s 			page 24


 305 0735 E27B95E2 		.ascii	"\342{\225\342\322<\303\204kVJ\302\271\016\205\345\252"
 305      D23CC384 
 305      6B564AC2 
 305      B90E85E5 
 305      AA
 306 0746 DB65D2BB 		.ascii	"\333e\322\273\225\322\215H)> \023\337\251\024\2779K"
 306      95D28D48 
 306      293E2013 
 306      DFA914BF 
 306      394B
 307 0758 FCA54C7C 		.ascii	"\374\245L|\277R<\223SX\376@&\275\303qT\244\3714\215"
 307      BF523C93 
 307      5358FE40 
 307      26BDC371 
 307      54A4F934 
 308 076d 6793DD3E 		.ascii	"g\223\335>\310\315|\250CyB\0132\331\035\203\014*\340"
 308      C8CD7CA8 
 308      4379420B 
 308      32D91D83 
 308      0C2AE0
 309 0780 7CD041A0 		.ascii	"|\320A\240\"\240C@\307\201\016\003\035\005:\000t\204"
 309      22A04340 
 309      C7810E03 
 309      1D053A00 
 309      7484
 310 0792 B39B0C2B 		.ascii	"\263\233\014+\331|\013\032\344\363-3\254\267\3213/\226"
 310      D97C0B1A 
 310      E4F32D33 
 310      ACB7D133 
 310      2F96
 311 07a4 6F584C2D 		.ascii	"oXL-\333\345\330m\231\037M2?\3668\216)\225&\033\346"
 311      DBE5D86D 
 311      991F4D32 
 311      3FF6388E 
 311      2995261B 
 312 07b9 ECF60457 		.ascii	"\354\366\004W\\\350\312\026\355\351\035\371j\344;\227"
 312      5CE8CA16 
 312      EDE91DF9 
 312      6AE43B97 
 313 07c9 59040BCC 		.ascii	"Y\004\013\314\243\215\251"
 313      A38DA9
 314 07d0 24E54BA0 		.ascii	"$\345K\240}\261\224\362\304DgA8\001\216\3775A\000S\306"
 314      7DB194F2 
 314      C4446741 
 314      38018EFF 
 314      35410053 
 315 07e5 B75F4E41 		.ascii	"\267_NA\362\351\276\204\223O\367'm\323\375\203\214l"
 315      F2E9BE84 
 315      934FF727 
 315      6DD3FD83 
 315      8C6C
 316 07f7 D84394B1 		.ascii	"\330C\224\261\361\360xjW\271\033\033\017^\300\276\352"
 316      F1F0786A 
 316      57B91B1B 
 316      0F5EC0BE 
 316      EA
 317 0808 4B4B7315 		.ascii	"KKs\025\306\003\231dKb\212\307]\360y&[2sh\003\306\015"
ARM GAS  /var/folders/qd/4mxf5pkd0zdf0b9dd1hp39180000gn/T//cc4MeYaZ.s 			page 25


 317      C6039964 
 317      4B628AC7 
 317      5DF07926 
 317      5B327368 
 318 081f 94F14A3B 		.ascii	"\224\361J;\333\335\355\216|\274`h\030\014\206\271>s"
 318      DBDDED8E 
 318      7CBC6068 
 318      180C86B9 
 318      3E73
 319 0831 C920F1F5 		.ascii	"\311 \361\365\365\365\361eAl\353\361\312\2471\207\231"
 319      F5F5F165 
 319      416CEBF1 
 319      CAA73187 
 319      99
 320 0842 20169CAF 		.ascii	" \026\234\257\340\274\034\345|\272\243\205OE\245I\014"
 320      E0BC1CE5 
 320      7CBAA385 
 320      4F45A549 
 320      0C
 321 0853 5A21062D 		.ascii	"Z!\006-\340\347\031\240J\240s@g\005\237\031\316H\217"
 321      E0E719A0 
 321      4AA07340 
 321      67059F19 
 321      CE488F
 322 0866 27C3217B 		.ascii	"'\303!{\264>\344\024H\310\004\321*X\375\320\303\237"
 322      B43EE414 
 322      48C804D1 
 322      2A58FDD0 
 322      C39F
 323 0878 936EFF8A 		.ascii	"\223n\377\212%B\025\010G;\367A\026\363j\220\224\274"
 323      25421508 
 323      473BF741 
 323      16F36A90 
 323      94BC
 324 088a A8623197 		.ascii	"\250b1\227\325\327\310S\251\031\234;\317\211\023\245"
 324      D5D7C853 
 324      A9199C3B 
 324      CF8913A5 
 325 089a 1329954C 		.ascii	"\023)\225L\304.g\312!g\312H\3164\201\232\013B\3164\302"
 325      C42E67CA 
 325      2167CA48 
 325      CE34819A 
 325      0B42CE34 
 326 08af 7B03C4A8 		.ascii	"{\003\304\250\036\250\016\350\"P\255]\274z{e\361:\005"
 326      1EA80EE8 
 326      2250AD5D 
 326      BC7A7B65 
 326      F13A05
 327 08c2 4E5D7032 		.ascii	"N]p2\026\034\203\225\012-~\036,.\026\346\262?f\303\271"
 327      161C8395 
 327      0A2D7E1E 
 327      2C2E16E6 
 327      B23F66C3 
 328 08d7 171672C0 		.ascii	"\027\026r\300\262\"\326\322vzQ\314N0d\246{t,\340$\320"
 328      B222D6D2 
 328      767A51CC 
 328      4E3064A6 
ARM GAS  /var/folders/qd/4mxf5pkd0zdf0b9dd1hp39180000gn/T//cc4MeYaZ.s 			page 26


 328      7B742CE0 
 329 08ed BD48615B 		.ascii	"\275Ha[\243r\234\016Y=cc\371\254\305tML\024\014\023"
 329      A3729C0E 
 329      593D6363 
 329      F9ACC574 
 329      4D4C140C 
 330 0902 96BF5913 		.ascii	"\226\277Y\023e\257U\350y\030\010(C\351\267\324\231l"
 330      65AF55E8 
 330      79180828 
 330      43E9B7D4 
 330      996C
 331 0914 F05EB7B2 		.ascii	"\360^\267\262\351\344\202\375t\302*GN\272\362\274\226"
 331      E9E482FD 
 331      74C22A47 
 331      4EBAF2BC 
 331      96
 332 0925 F6D26969 		.ascii	"\366\322iiX_\240\303Z\220\270\371v\014iN\322!F\0229"
 332      585FA0C3 
 332      5A90B8F9 
 332      760C694E 
 332      D2214612 
 333 093a 4FF381F9 		.ascii	"O\363\201\371Z'\346-\331%\3059O.\246p\332\252!\220 "
 333      5A27E62D 
 333      D925C539 
 333      4F2EA670 
 333      DAAA2190 
 334 094f A3D84D76 		.ascii	"\243\330Mv%\300a\037_a\003tl\372\324\357q\027{\317\273"
 334      25C0611F 
 334      5F610374 
 334      6CFAD4EF 
 334      71177BCF 
 335 0964 7B7A5087 		.ascii	"{zP\207\007\031S3VT \334\001\220S}\177Z\355\314\034"
 335      07195333 
 335      565420DC 
 335      0190537D 
 335      7F5AEDCC 
 336 0979 9DB41323 		.ascii	"\235\264\023#\345R\276\265\223-\005X\200\256\260-\203"
 336      E552BEB5 
 336      932D0558 
 336      80AEB02D 
 336      83
 337 098a F56ECA84 		.ascii	"\365n\312\204\213g\232\220\016\037\251\251\343\315 "
 337      8B679A90 
 337      0E1FA9A9 
 337      E3CD20
 338 0999 DE44C53B 		.ascii	"\336D\305;8O\261\021H\273\356\315M/G\310n\301\234~\350"
 338      384FB111 
 338      48BBEECD 
 338      4D2F47C8 
 338      6EC19C7E 
 339 09ae B935963F 		.ascii	"\2715\226?\270\230\236\223[\240[;g\247\301iYW]\277/"
 339      B8989E93 
 339      5BA05B3B 
 339      67A7C169 
 339      59575DBF 
 340 09c3 7415C9FC 		.ascii	"t\025\311\3746\216\311;_/\277c9C\204\273\221#a\226\006"
 340      368EC93B 
ARM GAS  /var/folders/qd/4mxf5pkd0zdf0b9dd1hp39180000gn/T//cc4MeYaZ.s 			page 27


 340      5F2FBF63 
 340      394384BB 
 340      91236196 
 341 09d8 76F95C0F 		.ascii	"v\371\\\017\002uD\340\222\240\236\344\363\015\310\347"
 341      027544E0 
 341      92A09EE4 
 341      F30DC8E7 
 342 09e8 6B90C3D7 		.ascii	"k\220\303\327\201\272\201\256\002u\331\2552\317\357"
 342      81BA81AE 
 342      0275D9AD 
 342      32CFEF
 343 09f7 B1B4E89C 		.ascii	"\261\264\350\234\265\312\220%h\330s+O\314\206\210\240"
 343      B5CA9025 
 343      68D8732B 
 343      4FCC8688 
 343      A0
 344 0a08 CB825E31 		.ascii	"\313\202^1N\016\326\342\356\357\331\340 Q\271\3418*"
 344      4E0ED6E2 
 344      EEEFD9E0 
 344      2051B9E1 
 344      382A
 345 0a1a E23253D0 		.ascii	"\3422S\320_\261\321\005\017\263e&\275\340\321\220\253"
 345      5FB1D105 
 345      0FB36526 
 345      BDE0D190 
 345      AB
 346 0a2b 6D9999EE 		.ascii	"m\231\231\356\373\005=\005\364@\353\233R\252u\316^d"
 346      FB053D05 
 346      F440EB9B 
 346      52AA75CE 
 346      5E64
 347 0a3d 6C3E5BC1 		.ascii	"l>[\301\3177\361\231\034\015\016_~\252\377U>\237K\235"
 347      CF37F199 
 347      1C0D0E5F 
 347      7EAAFF55 
 347      3E9F4B9D 
 348 0a51 C785317C 		.ascii	"\307\2051|\234\033\205\272\310\016\0346\245*R\002\277"
 348      9C1B85BA 
 348      C80E1C36 
 348      A52A5202 
 348      BF
 349 0a62 BDDCAFA0 		.ascii	"\275\334\257\240Yti>l\271&X\362m\333~\370\206\033\236"
 349      5974693E 
 349      6CB92658 
 349      F26DDB7E 
 349      F8861B9E 
 350 0a76 66CCC39D 		.ascii	"f\314\303\235\335\335\006\034\255e\013J\375\343z7\234"
 350      DDDD061C 
 350      AD650B4A 
 350      FDE37A37 
 350      9C
 351 0a87 C898AECB 		.ascii	"\310\230\256\313E\311\0368\2051\033\362k'\334q*c\016"
 351      45C91E38 
 351      85311BF2 
 351      6B27DC71 
 351      2A630E
 352 0a9a 3EE89BC2 		.ascii	">\350\233\3028\2351\223\247/\362Z\234\311\230\202\372"
ARM GAS  /var/folders/qd/4mxf5pkd0zdf0b9dd1hp39180000gn/T//cc4MeYaZ.s 			page 28


 352      389D3193 
 352      A72FF25A 
 352      9CC99882 
 352      FA
 353 0aab AEFA3938 		.ascii	"\256\37298\2131\307\356U\355\324\0117[\260\227\323e"
 353      8B31C7EE 
 353      55EDD409 
 353      375BB097 
 353      D365
 354 0abd B69D5ACF 		.ascii	"\266\235Z\317vo\276du\0227o\363*d\233\267A\210\330\350"
 354      766FBE64 
 354      7512376F 
 354      F32A649B 
 354      B74188D8 
 355 0ad2 6B279981 		.ascii	"k'\231\201\177\2256\003\375J\351m\312-P\223L\372\266"
 355      7F953603 
 355      FD4AE96D 
 355      CA2D5093 
 355      4CFAB6
 356 0ae5 63DD76FB 		.ascii	"c\335v\373\253\177\221\304\357(\305gMac2\351!\207\322"
 356      AB7F91C4 
 356      EF28C567 
 356      4D616332 
 356      E92187D2 
 357 0af9 B21963E4 		.ascii	"\262\031c\344\014K\325QG\033\242\221\012\331\206\250"
 357      0C4BD551 
 357      471BA291 
 357      0AD986A8 
 358 0b09 CFB1570E 		.ascii	"\317\261W\016F\315=X\005\310\256\017\335\025\232\220"
 358      46CD3D58 
 358      05C8AE0F 
 358      DD159A90 
 359 0b19 0C18810C 		.ascii	"\014\030\201\014\372\011\262f\030\350>\320C\2401\240"
 359      FA09B266 
 359      18E83ED0 
 359      43A031A0 
 360 0b29 C7400F80 		.ascii	"\307@\017\200\036\331-?\335\262\000\335R\002\317\336"
 360      1ED92D3F 
 360      DDB200DD 
 360      5202CFDE 
 361 0b39 80B6CBC4 		.ascii	"\200\266\313\304\007\034\213\213cd:\233\177ew\334\035"
 361      071C8B8B 
 361      63643A9B 
 361      7F6577DC 
 361      1D
 362 0b4a B55B459F 		.ascii	"\265[E\237\260\265\230<A8k\203\365\204\332\351\014\370"
 362      B0B5983C 
 362      41386B83 
 362      F584DAE9 
 362      0CF8
 363 0b5c 549C014F 		.ascii	"T\234\001O\261s\250x0\362b\007\243k/\316\2754\340}4"
 363      B173A878 
 363      30F26207 
 363      A36B2FCE 
 363      BD34E07D 
 364 0b71 EBD44763 		.ascii	"\353\324Gc\017\217\302\246\317\033Ak\304\016k\344j^"
 364      0F8FC2A6 
ARM GAS  /var/folders/qd/4mxf5pkd0zdf0b9dd1hp39180000gn/T//cc4MeYaZ.s 			page 29


 364      CF1B416B 
 364      C40E6BE4 
 364      6A5E
 365 0b83 855EC2BC 		.ascii	"\205^\302\274\376\234\303B\334U9<\240\215\376\205\024"
 365      FE9CC342 
 365      DC55393C 
 365      A08DFE85 
 365      14
 366 0b94 C3BB963E 		.ascii	"\303\273\226>\035\034\333\306!\232/)\374\004\004\373"
 366      1D1CDBC6 
 366      219A2F29 
 366      FC0404FB 
 367 0ba4 059B8173 		.ascii	"\005\233\201s\356\036)B\322\014\214\250\356g\034\233"
 367      EE1E2942 
 367      D20C8CA8 
 367      EE671C9B 
 368 0bb4 A1E1C44F 		.ascii	"\241\341\304Og`j4e\240\305\226\321\261\255\032\247\376"
 368      67606A34 
 368      65A0C596 
 368      D1B1AD1A 
 368      A7FE
 369 0bc6 4D89FE2D 		.ascii	"M\211\376-\246\352c*F&\325J\365\322\025\375+\252~\212"
 369      A6EA632A 
 369      4626D54A 
 369      F5D215FD 
 369      2BAA7E8A 
 370 0bda A97F45D5 		.ascii	"\251\177E\325\027\224\265\356\327\311c\335c\027\353"
 370      1794B5EE 
 370      D7C963DD 
 370      6317EB
 371 0be9 6921D6D3 		.ascii	"i!\326\3234\326{\246&\263=\344\302\344\012\\\022\236"
 371      34D67BA6 
 371      26B33DE4 
 371      C2E40A5C 
 371      129E
 372 0bfb 118467A8 		.ascii	"\021\204g\250\360uk{\226\033>\304F\364\341\302\335E"
 372      F0756B7B 
 372      961B3EC4 
 372      46F4E1C2 
 372      DD45
 373 0c0d 1EB88431 		.ascii	"\036\270\2041\3115\265;5jN\205\2421f=>\224z\357\274"
 373      C935B53B 
 373      356A4E85 
 373      A231663D 
 373      3E947AEF 
 374 0c22 5AFE6581 		.ascii	"Z\376e\201\334\005Jv\307b\371\247\205\344\303w;]\205"
 374      DC054A76 
 374      C762F9A7 
 374      85E4C377 
 374      3B5D85
 375 0c35 4F1A97B2 		.ascii	"O\032\227\262\\n\024\356\331\304\347F\363\0375pD\020"
 375      5C6E14EE 
 375      D9C4E746 
 375      F31F3570 
 375      4410
 376 0c47 F158983A 		.ascii	"\361X\230:Q\014V\023\316\376V>\016\223[\371\341\003"
 376      510C5613 
ARM GAS  /var/folders/qd/4mxf5pkd0zdf0b9dd1hp39180000gn/T//cc4MeYaZ.s 			page 30


 376      CEFE563E 
 376      0E935BF9 
 376      E103
 377 0c59 9D6FE111 		.ascii	"\235o\341\021g\346\324\037,=\217\324\034\273\037$\270"
 377      67E6D41F 
 377      2C3D8FD4 
 377      1CBB1F24 
 377      B8
 378 0c6a 50B6BD23 		.ascii	"P\266\275#\357\214\273\323\217\037\211\324\302\004,"
 378      EF8CBBD3 
 378      8F1F89D4 
 378      C2042C
 379 0c79 9878A4F2 		.ascii	"\230x\244\362\\\222Z0qz\304\263\000\326Lh\266\017\021"
 379      5C925A30 
 379      717AC4B3 
 379      00D64C68 
 379      B60F11
 380 0c8c 39146F33 		.ascii	"9\024o3p\003\030\030\2574p#5pp\262\360\214p\240\327"
 380      70031818 
 380      AF347023 
 380      357070B2 
 380      F08C70A0 
 381 0ca1 90EBFA96 		.ascii	"\220\353\372\226\270\263z\247Y\220\214\205,H\3024\015"
 381      B8B37AA7 
 381      59908C85 
 381      2C48C234 
 381      0D
 382 0cb2 9E26C58F 		.ascii	"\236&\305\217\013\027\324\344\212\362\340\320\316\315"
 382      0B17D4E4 
 382      8AF2E0D0 
 382      CECD
 383 0cc0 0696F41F 		.ascii	"\006\226\364\037\022\343\0062\232g\345\340&\354\215"
 383      12E30632 
 383      9A67E5E0 
 383      26EC8D
 384 0ccf 523051B6 		.ascii	"R0Q\266\031{\212*)\003-\032\007\013k<\360\013ar\036"
 384      197B8A2A 
 384      29032D1A 
 384      070B6B3C 
 384      F00B6172 
 385 0ce4 C81C7311 		.ascii	"\310\034s\021|\353<\374\233\251\0330\007CJ\304!\366"
 385      7CEB3CFC 
 385      9BA91B30 
 385      07434AC4 
 385      21F6
 386 0cf6 6D2515DB 		.ascii	"m%\025\333V\256T\245ki\324\265\376=w\267\272\343MnT"
 386      56AE54A5 
 386      6B69D4B5 
 386      FE3D77B7 
 386      BAE34D6E 
 387 0d0b 5B76E383 		.ascii	"[v\343\203b\235\240\255\351G\366me/\373\266\262E\322"
 387      629DA0AD 
 387      E947F66D 
 387      652FFBB6 
 387      B245D2
 388 0d1e B445A929 		.ascii	"\264E\251)\235j\352\034\252Y\203\263\335\234\364\342"
 388      9D6AEA1C 
ARM GAS  /var/folders/qd/4mxf5pkd0zdf0b9dd1hp39180000gn/T//cc4MeYaZ.s 			page 31


 388      AA5983B3 
 388      DD9CF4E2 
 389 0d2e 8EC755D9 		.ascii	"\216\307U\331nR\2364\024\017vD\363^q\277\246\235\260"
 389      6E529E34 
 389      140F7644 
 389      F35E71BF 
 389      A69DB0
 390 0d41 D5D60930 		.ascii	"\325\326\0110\362\011g\257?\223\352?\332Zo\025\342\230"
 390      F20967AF 
 390      3F93EA3F 
 390      DA5A6F15 
 390      E298
 391 0d53 48CE5033 		.ascii	"H\316P3\367\273\362\205#\326(\275\037\355\271\233\344"
 391      F7BBF285 
 391      23D628BD 
 391      1FEDB99B 
 391      E4
 392 0d64 810B9801 		.ascii	"\201\013\230\001\303Y\311\261\316\267b\331b\027u\261"
 392      C359C9B1 
 392      CEB762D9 
 392      621775B1 
 393 0d74 89E86ACF 		.ascii	"\211\350j\317\235m\006\371V\214d\232\2707W\241\034\332"
 393      9D6D06F9 
 393      568C649A 
 393      B83757A1 
 393      1CDA
 394 0d86 09B4111B 		.ascii	"\011\264\021\033\327][\204\357\201\375\204/m\357|\356"
 394      D75D5B84 
 394      EF81FD84 
 394      2F6DEF7C 
 394      EE
 395 0d97 868B1970 		.ascii	"\206\213\031p\327\266\244a\341\263Bnl\342\317\336\272"
 395      D7B6A461 
 395      E1B3426E 
 395      6CE2CFDE 
 395      BA
 396 0da8 93DBA9A1 		.ascii	"\223\333\251\241\342Gnr\360]\3705\340eC\215u\342jL\242"
 396      E2476E72 
 396      F05DF835 
 396      E065438D 
 396      75E26A4C 
 397 0dbd 5051D7DE 		.ascii	"PQ\327\336\010\247N\006\376,\255h\271\322\215=\220K"
 397      08A74E06 
 397      FE2CAD68 
 397      B9D28D3D 
 397      904B
 398 0dcf 6C46DF8B 		.ascii	"lF\337\213\345;J\224\275\353\3011N\211\353T:\371bi\235"
 398      E53B4A94 
 398      BDEBC131 
 398      4E89EB54 
 398      3AF96269 
 399 0de4 10FD063A 		.ascii	"\020\375\006:IL\2274\271\342\012\206\2735\375E\223\026"
 399      494C9734 
 399      B9E20A86 
 399      BB35FD45 
 399      9316
 400 0df6 5731A67C 		.ascii	"W1\246|\344H\271;\223\254\226\363^\002\377\344\310\350"
ARM GAS  /var/folders/qd/4mxf5pkd0zdf0b9dd1hp39180000gn/T//cc4MeYaZ.s 			page 32


 400      E448B93B 
 400      93AC96F3 
 400      5E02FFE4 
 400      C8E8
 401 0e08 7E0DAE15 		.ascii	"~\015\256\025\204K\363\037i\225&\027\200\021lQ?\204"
 401      844BF31F 
 401      69952617 
 401      80116C51 
 401      3F84
 402 0e1a A5399238 		.ascii	"\2459\2228\033\275\357\032V\232\354TZ\034i\236l\244"
 402      1BBDEF1A 
 402      569AEC54 
 402      5A1C699E 
 402      6CA4
 403 0e2c 654DEC7D 		.ascii	"eM\354}\340\216\353\031nV{\3612\261\227~\376\333\010"
 403      E08EEB19 
 403      6E567BF1 
 403      32B1977E 
 403      FEDB08
 404 0e3f 34F86964 		.ascii	"4\370id\352\270\007na\255+\312\317\326\011\237\002\027"
 404      EAB8076E 
 404      61AD2BCA 
 404      CFD6099F 
 404      0217
 405 0e51 93317CF4 		.ascii	"\2231|\364|\233\036_auSi{J\334p'cv<\351\271/\344\250"
 405      7C9B1E5F 
 405      61755369 
 405      7B4ADC70 
 405      2763763C 
 406 0e6a 2F392FE4 		.ascii	"/9/\344\357Nw\303VV7\223\226\230\355\212o1&\243-#_\217"
 406      EF4E77C3 
 406      56563793 
 406      9698ED8A 
 406      6F3126A3 
 407 0e82 87183379 		.ascii	"\207\0303y/\243\013\261V\006Y\276y\011\371v\354\371"
 407      2FA30BB1 
 407      560659BE 
 407      7909F976 
 407      ECF9
 408 0e94 E6ED7A3C 		.ascii	"\346\355z<\314d;\273\342N\013\262z`c\217V\226\2718\315"
 408      CC643BBB 
 408      E24E0BB2 
 408      7A60638F 
 408      5696B938 
 409 0ea9 FB3362DE 		.ascii	"\3733b\336\237fS\323\246c\373\2524\362\311\207\\\264"
 409      9F6653D3 
 409      A663FBAA 
 409      34F2C987 
 409      5CB4
 410 0ebb 96433CCB 		.ascii	"\226C<\313\350\344SA\343y\306\226\367\0276>D,hot\355"
 410      E8E45341 
 410      E379C696 
 410      F717363E 
 410      442C686F 
 411 0ed1 DA36947C 		.ascii	"\3326\224|I/\327~\026\277F\373\271v\353GxT\310\3436"
 411      492FD77E 
 411      16BF46FB 
ARM GAS  /var/folders/qd/4mxf5pkd0zdf0b9dd1hp39180000gn/T//cc4MeYaZ.s 			page 33


 411      B976EB47 
 411      7854C8E3 
 412 0ee6 EB2D849F 		.ascii	"\353-\204\2372&\256\271\261\300\025\277\020\306\365"
 412      3226AEB9 
 412      B1C015BF 
 412      10C6F5
 413 0ef5 A1D6060D 		.ascii	"\241\326\006\015\236f\314\340\320\313S\030\307\262\213"
 413      9E66CCE0 
 413      D0CB5318 
 413      C7B28B
 414 0f04 EA03C379 		.ascii	"\352\003\303y\233`\323\313\230\270\301\2216\341\312"
 414      9B60D3CB 
 414      98B8C191 
 414      36E1CA
 415 0f13 35858C92 		.ascii	"5\205\214\222\311\321\262\253b\010\311\307\333\007\317"
 415      C9D1B2AB 
 415      6208C9C7 
 415      DB07CF
 416 0f22 EECC68F1 		.ascii	"\356\314h\361f*\374\267\305\355-\271n\364h\345#\375"
 416      662AFCB7 
 416      C5ED2DB9 
 416      6EF468E5 
 416      23FD
 417 0f34 F90ACF3C 		.ascii	"\371\012\317<>#\232\257\276\333\344Rq\244\211\247_5"
 417      3E239AAF 
 417      BEDBE452 
 417      71A489A7 
 417      5F35
 418 0f46 F2B027CA 		.ascii	"\362\260'\312\205\011\253\011\317\265\015\027\341\314"
 418      8509AB09 
 418      CFB50D17 
 418      E1CC
 419 0f54 26EC58C9 		.ascii	"&\354X\311w\220\232?\300O4\270\005\322\247\004i\321"
 419      77909A3F 
 419      C04F34B8 
 419      05D2A704 
 419      69D1
 420 0f66 77FBFD6D 		.ascii	"w\373\375m\006\034\350\333\277d\3731\222\317\373\004"
 420      061CE8DB 
 420      BF64FB31 
 420      92CFFB04 
 421 0f76 695B46E6 		.ascii	"i[F\346c'\373\306\213\240\357\002\255\244\332a\323x"
 421      6327FBC6 
 421      8BA0EF02 
 421      ADA4DA61 
 421      D378
 422 0f88 1DFBA22E 		.ascii	"\035\373\242.\354\203Z\201:\201\254@\227\200.\0035\000"
 422      EC835A81 
 422      3A81AC40 
 422      97802E03 
 422      3500
 423 0f9a DD00EA06 		.ascii	"\335\000\352\006\352\000"
 423      EA00
 424 0fa0 BA067415 		.ascii	"\272\006t\025\250\031\350&P\017P\033P#P=P\013P;\320"
 424      A819E826 
 424      500F501B 
 424      5023503D 
ARM GAS  /var/folders/qd/4mxf5pkd0zdf0b9dd1hp39180000gn/T//cc4MeYaZ.s 			page 34


 424      500B503B 
 425 0fb5 152CBF7A 		.ascii	"\025,\277z\030\373\003\263\264\020,=\246\264\364\010"
 425      18FB03B3 
 425      B4102C3D 
 425      A6B4F408 
 426 0fc5 96FB0501 		.ascii	"\226\373\005\001\030\3702\232J\357\206(\354\024\243"
 426      18F8329A 
 426      4AEF8628 
 426      EC14A3
 427 0fd4 20DE79EC 		.ascii	" \336y\354\220K\023\335\335_H\272k\224\272\355\266\355"
 427      904B13DD 
 427      DD5F48BA 
 427      6B94BAED 
 427      B6ED
 428 0fe6 24664DB2 		.ascii	"$fM\262\230\355w\0343\231\3561\231\356*\245\264\335"
 428      98ED771C 
 428      3399EE31 
 428      99EE2AA5 
 428      B4DD
 429 0ff8 5525917E 		.ascii	"U%\221~)\223\256t"
 429      2993AE74 
 430 1000 2C2D9A42 		.ascii	",-\232B\225\177)\211\327)\305\267\311M!G\210\007BP`"
 430      957F2989 
 430      D729C5B7 
 430      C94D2147 
 430      88074250 
 431 1015 664759CA 		.ascii	"fGY\312\240l\307J\345\335\262\210\227(\225\237\230%"
 431      A06CC74A 
 431      E5DDB288 
 431      9728959F 
 431      9825
 432 1027 FE40265E 		.ascii	"\376@&^\244\024?>K|@&^\354X\\v\372\251\353\362\244\247"
 432      A4143F3E 
 432      4B7C4026 
 432      5EEC585C 
 432      76FAA9EB 
 433 103e 1F90B23F 		.ascii	"\037\220\262?\375\020UC]\302\351\207\350:\257\324\325"
 433      FD105543 
 433      5DC2E987 
 433      E83AAFD4 
 433      D5
 434 104f A88C7193 		.ascii	"\250\214q\223\014\271T)\235\311)\273\273\375\013\251"
 434      0CB95429 
 434      9DC929BB 
 434      BBFD0BA9 
 435 105f BB6B1D26 		.ascii	"\273k\035&\207Lw\273L\367I\3071\223\367\266L\372\250"
 435      874C77BB 
 435      4CF749C7 
 435      3193F7B6 
 435      4CFAA8
 436 1072 E39CB68B 		.ascii	"\343\234\266\213\260,9\252\035\273i3\234\314\004Bw\037"
 436      B02C39AA 
 436      1DBB6933 
 436      9CCC0442 
 436      771F
 437 1084 86EE3E28 		.ascii	"\206\356>(\210\213k\026: \331Bf\314\276\31465\256\244"
 437      888B6B16 
ARM GAS  /var/folders/qd/4mxf5pkd0zdf0b9dd1hp39180000gn/T//cc4MeYaZ.s 			page 35


 437      3A20D942 
 437      66CCBECC 
 437      3635AEA4 
 438 1098 D312D773 		.ascii	"\323\022\327s\377d\262^\374\206\251\034\362\250\037"
 438      FF64B25E 
 438      FC86A91C 
 438      F2A81F
 439 10a7 46FAFFC5 		.ascii	"F\372\377\305\250\027nCn\322{\262>\000\354\2256\202"
 439      A8176E43 
 439      6ED27BB2 
 439      3E00EC95 
 439      3682
 440 10b9 240BD8F7 		.ascii	"$\013\330\367\372\241\201Z\265\374(\322\207\345\347"
 440      FAA1815A 
 440      B5FC28D2 
 440      87E5E7
 441 10c8 965B981D 		.ascii	"\226[\230\035E\340\351\350\334r\306\356\3342 \010\017"
 441      45E0E9E8 
 441      DC72C6EE 
 441      DC322008 
 441      0F
 442 10d9 50E1DAE7 		.ascii	"P\341\332\347\327\013]q=\233\325\273Z+\244\275\356\274"
 442      D70B5D71 
 442      3D9BD5BB 
 442      5A2BA4BD 
 442      EEBC
 443 10eb 49C55EF7 		.ascii	"I\305^\367\266d\330m\345\016r\220\356 \017\214\277H"
 443      B664D86D 
 443      E50E7290 
 443      EE200F8C 
 443      BF48
 444 10fd F6C0DD4C 		.ascii	"\366\300\335L\331\343\361\023\342~\264;\302n\253{GR"
 444      D9E3F113 
 444      E27EB43B 
 444      C26EAB7B 
 444      4752
 445 110f 7447A968 		.ascii	"tG\251h\010\317W\375\322\030\031a\266\030C\314\1772"
 445      08CF57FD 
 445      D2181961 
 445      B61843CC 
 445      7F32
 446 1121 9A224342 		.ascii	"\232\"CB#\276]gZ\024\031d\266,Z\374\017\213\026\371"
 446      23BE5D67 
 446      5A141964 
 446      B62C5AFC 
 446      0F8B16F9 
 447 1135 B1FF8828 		.ascii	"\261\377\210(\277\360\220P?\"\030\345\2674`\225\377"
 447      BFF09050 
 447      3F2218E5 
 447      B7346095 
 447      FF
 448 1146 AAF5A420 		.ascii	"\252\365\244 8\302l2\376\371\203\260E\301\332\337\375"
 448      38C26C32 
 448      FEF983B0 
 448      45C1DADF 
 448      FD
 449 1157 FB67F3FC 		.ascii	"\373g\363\374\227,Q\375\343\233\267Q\375\015C\216\372"
ARM GAS  /var/folders/qd/4mxf5pkd0zdf0b9dd1hp39180000gn/T//cc4MeYaZ.s 			page 36


 449      972C51FD 
 449      E39BB751 
 449      FD0D438E 
 449      FA
 450 1168 21C412BC 		.ascii	"!\304\022\274\326\370\2159\"\314\030\022e~s\015kUs\231"
 450      D6F88D39 
 450      22CC1812 
 450      657E730D 
 450      6B557399 
 451 117c 06D3FA10 		.ascii	"\006\323\372\020\213\255\275>\360s\177\343\212\240\360"
 451      8BADBD3E 
 451      F0737FE3 
 451      8AA0F0
 452 118b 35A126B3 		.ascii	"5\241&\263\347l\3370h\320\206\233\326[,!a&\235\321\270"
 452      E76CDF30 
 452      68D0869B 
 452      D65B2C21 
 452      61269DD1 
 453 11a0 2E24DCB2 		.ascii	".$\334\262\344}\243%\035\371-\215\214\014\015\011\016"
 453      E47DA325 
 453      1DF92D8D 
 453      8C0C0D09 
 453      0E
 454 11b1 B2844484 		.ascii	"\262\204D\204G\371-\013\016\015\211\2142\031M\013#\327"
 454      47F92D0B 
 454      0E0D898C 
 454      32194D0B 
 454      23D7
 455 11c3 057FFFEE 		.ascii	"\005\177\377\356\242\240\310H?\377\210p\213)\3342\253"
 455      A2A0C848 
 455      3FFF8870 
 455      8B29DC32 
 455      AB
 456 11d4 D2EFD388 		.ascii	"\322\357\323\210\210\320(\277o\203\203\027\006\231\303"
 456      88D028BF 
 456      6F838317 
 456      0699C3
 457 11e3 16864784 		.ascii	"\026\206G\204\233\026\232\202\376#d\341\007\013\337"
 457      9B169A82 
 457      FE2364E1 
 457      070BDF
 458 11f2 5DBCE483 		.ascii	"]\274\344\203\205\177\372\355\302\260\240\357\"\314"
 458      857FFAED 
 458      C2B0A0EF 
 458      22CC
 459 1200 7E76B57E 		.ascii	"~v\265~!\341\301\241\353\326\230\374\302\202\202\327"
 459      21E1C1A1 
 459      EBD698FC 
 459      C28282D7 
 460 1210 86849BFC 		.ascii	"\206\204\233\374\214kL\337\004\255\013\265\030-?F\232"
 460      8C6B4CDF 
 460      04AD0BB5 
 460      182D3F46 
 460      9A
 461 1221 A2C03DAD 		.ascii	"\242\300=\255h\\\302\377\237qQ?F\371\031\243,k\300\022"
 461      685CC2FF 
 461      9F71513F 
ARM GAS  /var/folders/qd/4mxf5pkd0zdf0b9dd1hp39180000gn/T//cc4MeYaZ.s 			page 37


 461      46F919A3 
 461      2C6BC012 
 462 1235 B0C80D58 		.ascii	"\260\310\015X\0228\243\345\375\327vSpD\030\304\333d"
 462      1238A3E5 
 462      FDD77653 
 462      704418C4 
 462      DB64
 463 1247 8EF2FB9D 		.ascii	"\216\362\373\235\277?\251\266\271\024\032\024EC\257"
 463      BF3FA9B6 
 463      B9141A14 
 463      4543AF
 464 1256 267DE04A 		.ascii	"&}\340J\336\"\326Y\270uK4\246\037\302\202\242\276\027"
 464      DE22D659 
 464      B8754B34 
 464      A61FC282 
 464      A2BE17
 465 1269 7AE4BD77 		.ascii	"z\344\275w\215\026\255\370\2427\375\031\034#\265F\213"
 465      8D16ADF8 
 465      A237FD19 
 465      1C23B546 
 465      8B
 466 127a 3ACA1416 		.ascii	":\312\024\026\351\016\012\215\360\022\024\271\026r\001"
 466      E90E0A8D 
 466      F01214B9 
 466      167201
 467 1289 07875BDC 		.ascii	"\007\207[\334\214FA\330Ux\272@\251\321\362wJ+E\267\340"
 467      8C4641D8 
 467      5578BA40 
 467      A9D1F277 
 467      4A2B45B7 
 468 129e 1DACD1DB 		.ascii	"\035\254\321\333\224\030-\330b\216\364\264\2545\233"
 468      94182DD8 
 468      628EF4B4 
 468      AC359B
 469 12ad 82D618CD 		.ascii	"\202\326\030\315\246oLfSx0\024\243H\034\026\365\255"
 469      A66F4C66 
 469      53783014 
 469      A3481C16 
 469      F5AD
 470 12bf 0B10E88C 		.ascii	"\013\020\350\214\262\004YLn\314\304\017\001Kxj-\264"
 470      B204594C 
 470      6ECCC40F 
 470      014B786A 
 470      2DB4
 471 12d1 02AC0BB6 		.ascii	"\002\254\013\266\254\217\304\346%K\264f\323\267\020"
 471      AC8FC4E6 
 471      254BB466 
 471      D3B710
 472 12e0 4FA365C1 		.ascii	"O\243e\301\233d3X\002\215\026s\346\177\346\314\037r"
 472      9B643358 
 472      028D1673 
 472      E67FE6CC 
 472      1F72
 473 12f2 E60F38F3 		.ascii	"\346\0178\363\373\234\371\2378\363o\365,}\303-\240\227"
 473      FB9CF99F 
 473      38F36FF5 
 473      2C7DC32D 
ARM GAS  /var/folders/qd/4mxf5pkd0zdf0b9dd1hp39180000gn/T//cc4MeYaZ.s 			page 38


 473      A097
 474 1304 0B356BD9 		.ascii	"\0135k\331\233\321\242#\001`\266jL\221$2Z\301r\213k"
 474      9BD1A223 
 474      0160B66A 
 474      4C912432 
 474      5AC1728B 
 475 1319 F03A3398 		.ascii	"\360:3\230\316DHo\231\302\\Y]\224A*\002S\327GF\231\271"
 475      CE44486F 
 475      99C25C59 
 475      5D94412A 
 475      0253D747 
 476 1330 C8604DA8 		.ascii	"\310`M\250\0314\255\001\374w9\363{\234\031~\227p\346"
 476      1934AD01 
 476      FC7739F3 
 476      7B9C197E 
 476      9770E6
 477 1343 C57A6160 		.ascii	"\305za`\021<u\360\332 3x\375\255\311b\\\035\270\332"
 477      113C75F0 
 477      DA203378 
 477      FDADC962 
 477      5C1DB8DA 
 478 1357 3D28F487 		.ascii	"=(\364\207\240\037\243\300\254P\310\332\337\310\035"
 478      A01FA3C0 
 478      AC50C8DA 
 478      DFC81D
 479 1366 04793FFF 		.ascii	"\004y?\377U\201+\003mq\246\20358l\371\272\360`\222>"
 479      55812B03 
 479      6D71A683 
 479      35386CF9 
 479      BAF06092 
 480 137b 46E836AA 		.ascii	"F\3506\252\304\213\352_\027\036\032\021\374\2754te\205"
 480      C48BEA5F 
 480      171E1A11 
 480      FCBD3474 
 480      6585
 481 138d EE4CF4E3 		.ascii	"\356L\364\343\245\201\313V\007\254t\013X\026\270,\340"
 481      A581CB56 
 481      07AC740B 
 481      5816B82C 
 481      E0
 482 139e F3659F2C 		.ascii	"\363e\237,V\257\014\\\032\240^\265jy\000^\372I\000\376"
 482      56AF0C5C 
 482      1AA05EB5 
 482      6A79005E 
 482      FA4900FE 
 483 13b2 049EAB97 		.ascii	"\004\236\253\227\007\250\227.\017\014P\177\274|i\200"
 483      07A8972E 
 483      0F0C507F 
 483      BC7C6980 
 484 13c2 0B5481C0 		.ascii	"\013T\201\300'\204_A~\374\341\307%p\205\177`\000\016"
 484      27845F41 
 484      7EFCE1C7 
 484      2570857F 
 484      60000E
 485 13d5 5CB11AFB 		.ascii	"\\\261\032\373\373\303\323?\300e\351\312\000\377\000"
 485      FBC3D33F 
 485      C065E9CA 
ARM GAS  /var/folders/qd/4mxf5pkd0zdf0b9dd1hp39180000gn/T//cc4MeYaZ.s 			page 39


 485      00FF00
 486 13e4 F5E79FFE 		.ascii	"\365\347\237\376>@\275\022\352\\\374W\177\266\362\023"
 486      3E40BD12 
 486      EA5CFC57 
 486      7FB6F213 
 487 13f4 F85DEA1F 		.ascii	"\370]\352\037\360\3537r\351=\222\315\201\376\037\033"
 487      F0EB3772 
 487      E93D92CD 
 487      81FE1F1B 
 488 1404 3F85D4F6 		.ascii	"?\205\324\366\244\226\3339\343f+\372_hK\031\271"
 488      A496DB39 
 488      E3662BFA 
 488      5F684B19 
 488      B9
 489              		.text
 490              		.section	.gnu.lto_.symtab.8073da7ef1be626d,"",%progbits
 491 0000 5356435F 		.ascii	"SVC_Handler\000"
 491      48616E64 
 491      6C657200 
 492 000c 00       		.ascii	"\000"
 493 000d 00       		.ascii	"\000"
 494 000e 00       		.ascii	"\000"
 495 000f 00000000 		.ascii	"\000\000\000\000\000\000\000\000"
 495      00000000 
 496 0017 C2000000 		.ascii	"\302\000\000\000"
 497 001b 5F706F72 		.ascii	"_port_irq_epilogue\000"
 497      745F6972 
 497      715F6570 
 497      696C6F67 
 497      756500
 498 002e 00       		.ascii	"\000"
 499 002f 00       		.ascii	"\000"
 500 0030 00       		.ascii	"\000"
 501 0031 00000000 		.ascii	"\000\000\000\000\000\000\000\000"
 501      00000000 
 502 0039 C4000000 		.ascii	"\304\000\000\000"
 503 003d 6E696C00 		.ascii	"nil\000"
 504 0041 00       		.ascii	"\000"
 505 0042 02       		.ascii	"\002"
 506 0043 00       		.ascii	"\000"
 507 0044 00000000 		.ascii	"\000\000\000\000\000\000\000\000"
 507      00000000 
 508 004c 5E010000 		.ascii	"^\001\000\000"
 509 0050 5F706F72 		.ascii	"_port_switch_from_isr\000"
 509      745F7377 
 509      69746368 
 509      5F66726F 
 509      6D5F6973 
 510 0066 00       		.ascii	"\000"
 511 0067 02       		.ascii	"\002"
 512 0068 00       		.ascii	"\000"
 513 0069 00000000 		.ascii	"\000\000\000\000\000\000\000\000"
 513      00000000 
 514 0071 BE000000 		.ascii	"\276\000\000\000"
 515 0075 5F706F72 		.ascii	"_port_exit_from_isr\000"
 515      745F6578 
 515      69745F66 
ARM GAS  /var/folders/qd/4mxf5pkd0zdf0b9dd1hp39180000gn/T//cc4MeYaZ.s 			page 40


 515      726F6D5F 
 515      69737200 
 516 0089 00       		.ascii	"\000"
 517 008a 02       		.ascii	"\002"
 518 008b 00       		.ascii	"\000"
 519 008c 00000000 		.ascii	"\000\000\000\000\000\000\000\000"
 519      00000000 
 520 0094 C0000000 		.ascii	"\300\000\000\000"
 521              		.text
 522              		.section	.gnu.lto_.opts,"",%progbits
 523 0000 272D666D 		.ascii	"'-fmath-errno' '-fsigned-zeros' '-ftrapping-math' '"
 523      6174682D 
 523      6572726E 
 523      6F272027 
 523      2D667369 
 524 0033 2D666E6F 		.ascii	"-fno-trapv' '-fno-openmp' '-fno-openacc' '-mcpu=cor"
 524      2D747261 
 524      70762720 
 524      272D666E 
 524      6F2D6F70 
 525 0066 7465782D 		.ascii	"tex-m4' '-mno-thumb-interwork' '-mthumb' '-O2' '-fo"
 525      6D342720 
 525      272D6D6E 
 525      6F2D7468 
 525      756D622D 
 526 0099 6D69742D 		.ascii	"mit-frame-pointer' '-falign-functions=16' '-ffuncti"
 526      6672616D 
 526      652D706F 
 526      696E7465 
 526      72272027 
 527 00cc 6F6E2D73 		.ascii	"on-sections' '-fdata-sections' '-fno-common' '-flto"
 527      65637469 
 527      6F6E7327 
 527      20272D66 
 527      64617461 
 528 00ff 2700     		.ascii	"'\000"
 529              		.text
 530              		.comm	__gnu_lto_v1,1,1
 531              		.comm	__gnu_lto_slim,1,1
 532              		.ident	"GCC: (GNU Tools for Arm Embedded Processors 7-2017-q4-major) 7.2.1 20170904 (release) [ARM
ARM GAS  /var/folders/qd/4mxf5pkd0zdf0b9dd1hp39180000gn/T//cc4MeYaZ.s 			page 41


DEFINED SYMBOLS
                            *ABS*:0000000000000000 nilcore_v7m.c
                            *COM*:0000000000000001 __gnu_lto_v1
                            *COM*:0000000000000001 __gnu_lto_slim

NO UNDEFINED SYMBOLS
