ARM GAS  /var/folders/qd/4mxf5pkd0zdf0b9dd1hp39180000gn/T//ccHHeTLg.s 			page 1


   1              		.cpu cortex-m4
   2              		.eabi_attribute 20, 1
   3              		.eabi_attribute 21, 1
   4              		.eabi_attribute 23, 3
   5              		.eabi_attribute 24, 1
   6              		.eabi_attribute 25, 1
   7              		.eabi_attribute 26, 1
   8              		.eabi_attribute 30, 2
   9              		.eabi_attribute 34, 1
  10              		.eabi_attribute 18, 4
  11              		.file	"osal.c"
  12              		.section	.gnu.lto_.profile.9c2e852eee6061a5,"",%progbits
  13 0000 789C6363 		.ascii	"x\234cc```\001bF\006}i\000\000\361\000V"
  13      60606001 
  13      6246067D 
  13      690000F1 
  13      0056
  14              		.text
  15              		.section	.gnu.lto_.icf.9c2e852eee6061a5,"",%progbits
  16 0000 789C6363 		.ascii	"x\234cc``\340c@\000&\206\015W_\257acZ\321\360\351\013"
  16      6060E063 
  16      40002686 
  16      0D575FAF 
  16      61635AD1 
  17 0017 1B030030 		.ascii	"\033\003\0000Y\006O"
  17      59064F
  18              		.text
  19              		.section	.gnu.lto_.jmpfuncs.9c2e852eee6061a5,"",%progbits
  20 0000 789C6363 		.ascii	"x\234cc``\250e@\000&\006&FF\346\3729\314\014\214s\230"
  20      6060A865 
  20      40002606 
  20      264646E6 
  20      FA39CC0C 
  21 0017 19591818 		.ascii	"\031Y\030\030\030\017\26002\000\361\237\377\377\377"
  21      180FB030 
  21      3200F19F 
  21      FFFFFF
  22 0026 F333324D 		.ascii	"\36332Maf\234\326z\350<{7\363\034f&F\006\306\315\214"
  22      61669CD6 
  22      7AE83C7B 
  22      37F31C66 
  22      264606C6 
  23 003c 3220CC54 		.ascii	"2 \314T\311\210PZ\317\300\204\337\020\034\272\030\000"
  23      C988505A 
  23      CFC084DF 
  23      101CBA18 
  23      00
  24 004d 25391C13 		.ascii	"%9\034\023"
  25              		.text
  26              		.section	.gnu.lto_.inline.9c2e852eee6061a5,"",%progbits
  27 0000 789C6363 		.ascii	"x\234cc``X\310\200\000L\014\014\002\242\214,\014\012"
  27      606058C8 
  27      80004C0C 
  27      0C02A28C 
  27      2C0C0A
  28 0013 69539819 		.ascii	"iS\230\031\247\265\036:\317\336\315<\207\231\231\221"
  28      A7B51E3A 
ARM GAS  /var/folders/qd/4mxf5pkd0zdf0b9dd1hp39180000gn/T//ccHHeTLg.s 			page 2


  28      CFDECD3C 
  28      87999991 
  29 0023 817133A3 		.ascii	"\201q3\243\0143\003\203B&\214\301\310\000&\230\0318"
  29      0C330383 
  29      42268CC1 
  29      C8002698 
  29      1938
  30 0035 800CB605 		.ascii	"\200\014\266\005\362L\014\214/\330\025\230\030X;\324"
  30      F24C0C8C 
  30      2FD81598 
  30      18583BD4 
  31 0045 1518384F 		.ascii	"\025\0308O.\002\032\302\330\313\254\300\302\304\300"
  31      2E021AC2 
  31      D8CBACC0 
  31      C2C4C0
  32 0054 BC9C5301 		.ascii	"\274\234S\001\314\001\262\201\200\231\207\201\205\201"
  32      CC01B281 
  32      80998781 
  32      8581
  33 0062 6982DF04 		.ascii	"i\202\337\004?&\006~SF&$\243X\370o\234da`\357P\007\033"
  33      3F26067E 
  33      53462624 
  33      A358F86F 
  33      9C646160 
  34 007a C6012121 		.ascii	"\306\001!!z\030!Z\030\000\320R\027."
  34      7A18215A 
  34      1800D052 
  34      172E
  35              		.text
  36              		.section	.gnu.lto_.pureconst.9c2e852eee6061a5,"",%progbits
  37 0000 789C6363 		.ascii	"x\234cc```\005b&\006)&)\000\000\376\000D"
  37      60606005 
  37      62260629 
  37      26290000 
  37      FE0044
  38              		.text
  39              		.section	.gnu.lto_osalThreadDequeueNextI.9c2e852eee6061a5,"",%progbits
  40 0000 789C8554 		.ascii	"x\234\205Tmk\024W\024\276\317=\363\226\0357\361\203"
  40      6D6B1457 
  40      14BECF3D 
  40      F3961D37 
  40      F183
  41 0012 5F04A50B 		.ascii	"_\004\245\013\032\202\024\262\205\366g\370#*\375\240"
  41      1A8214B2 
  41      85F667F8 
  41      232AFDA0 
  42 0022 825ADB88 		.ascii	"\202Z\333\210_w\362:\211/\330\006\223\302t*\203i\214"
  42      5F77F23A 
  42      892FD806 
  42      93C2742A 
  42      83698C
  43 0035 605F0CD5 		.ascii	"`_\014\325\304]S\035w[\337\232\215QcW4\354\007\245["
  43      C45D531D 
  43      775BDF9A 
  43      8D516357 
  43      34EC07A5 
  44 004a 12AC5028 		.ascii	"\022\254P(\371Pt\355\271w\306\232\306\242\303\356\235"
ARM GAS  /var/folders/qd/4mxf5pkd0zdf0b9dd1hp39180000gn/T//ccHHeTLg.s 			page 3


  44      F95074ED 
  44      B977C69A 
  44      C6A2C3EE 
  44      9D
  45 005b FB72CE79 		.ascii	"\373r\316y\316\363\234s\307\022Bl7\205x\217\337\037"
  45      CEF39C73 
  45      C712426C 
  45      3785788F 
  45      DF1F
  46 006d F21F8E80 		.ascii	"\362\037\216\200\374lN\210nGJ{\350\035\341e,?/\274u"
  46      FC6C4E88 
  46      6E474A7B 
  46      E81DE165 
  46      2C3F2FBC 
  47 0082 36486D83 		.ascii	"6Hm\203\244\261\350\362\256y\256,x\333\200\225X\233"
  47      A4B1E8F2 
  47      AE79AE2C 
  47      78DB8095 
  47      589B
  48 0094 C9F915C7 		.ascii	"\311\371\025\307\002\324\304s \012\322&\303\264P\220"
  48      02D4C473 
  48      200AD226 
  48      C3B45090 
  49 00a4 24D2E708 		.ascii	"$\322\347\010\035'\224\375FQn\233\360\370\211\277X\331"
  49      1D2794FD 
  49      46516E9B 
  49      F0F889BF 
  49      58D9
  50 00b6 E89D8E11 		.ascii	"\350\235\216\021\262\305hj\205\037\260\215\255n\367"
  50      B2C5686A 
  50      851FB08D 
  50      AD6EF7
  51 00c5 9D0DE930 		.ascii	"\235\015\3510\205\004\030\274\374\263\032<nUK\211\034"
  51      850418BC 
  51      FCB31A3C 
  51      6E554B89 
  51      1C
  52 00d6 2F17BFAC 		.ascii	"/\027\277\2547[h\013\004\317\373\353\265\013n\307\270"
  52      375B680B 
  52      04CFFBEB 
  52      B50B6EC7 
  52      B8
  53 00e7 E7F578F1 		.ascii	"\347\365x\361_\343\344m\015\2110\005\342\2008\217M8"
  53      5FE3E46D 
  53      0D893005 
  53      E280388F 
  53      4D38
  54 00f9 874D82B7 		.ascii	"\207M\202\267\004\246\321\301\346\263g\2135\203:\264"
  54      04A6D1C1 
  54      E6B3678B 
  54      35833AB4 
  55 0109 EBC854EF 		.ascii	"\353\310T\357iR\256\234\312\354\204v5pa\255\253!PD\207"
  55      6952AE9C 
  55      CAEC8476 
  55      357061AD 
  55      AB215044 
  56 011e B21FFE66 		.ascii	"\262\037\376f\276f\321\273\332\327\277{\246\344\266"
ARM GAS  /var/folders/qd/4mxf5pkd0zdf0b9dd1hp39180000gn/T//ccHHeTLg.s 			page 4


  56      BE66D1BB 
  56      DAD7BF7B 
  56      A6E4B6
  57 012d 8F69D886 		.ascii	"\217i\330\206o\006^\334\227\013\311D\351\277\356\352"
  57      6F065EDC 
  57      970BC944 
  57      E9BFEEEA 
  58 013d 61EB4793 		.ascii	"a\353G\223\315\221\254e\340\"\332\243\227d1\003\013"
  58      CD91AC65 
  58      E022DAA3 
  58      97643103 
  58      0B
  59 014e 7C36707C 		.ascii	"|6p|~\322\241N\035u\351\322\323)'\215\332\364\3554\252"
  59      7ED2A14E 
  59      1D75E9D2 
  59      D329278D 
  59      DAF4ED34 
  60 0163 851FDF18 		.ascii	"\205\037\337\030\365\022\332u4\216y\231c\012!\025\220"
  60      F512DA75 
  60      348E7999 
  60      630A2115 
  60      90
  61 0174 DAFEFE8E 		.ascii	"\332\376\376\216\031{\315\027\276\027\327\177\307\304"
  61      197BCD17 
  61      BE17D77F 
  61      C7C4
  62 0182 D851B481 		.ascii	"\330Q\264\201\031\331\222\007\223\324\314P\203)\224"
  62      19D99207 
  62      93D4CC50 
  62      832994
  63 0191 AD0D2511 		.ascii	"\255\015%\021\267\000\373f\364\216\253\307,4\1771\310"
  63      B700FB66 
  63      F48EABC7 
  63      2C347F31 
  63      C8
  64 01a2 49CF6CF6 		.ascii	"I\317l\366b1D\222'\275\261XF\317\337~\365XFa\007\344"
  64      62314492 
  64      27BDB158 
  64      46CFDF7E 
  64      F5584661 
  65 01b8 7046A3FD 		.ascii	"pF\243\375\345[\266\252\023i:3\345\352U+\302\211nV8"
  65      E55BB6AA 
  65      13693A33 
  65      E5EA552B 
  65      C2896E56 
  66 01cd 6A286827 		.ascii	"j(h' \033\261\242\300\307\013\376\375\272\233\377V\351"
  66      201BB1A2 
  66      C0C70BFE 
  66      FDBA9BFF 
  66      56E9
  67 01df CF2C5B70 		.ascii	"\317,[p\005\021F(%w\246\272\\\267\012\317\325a4\005"
  67      05114628 
  67      2577A6BA 
  67      5CB70ACF 
  67      D5613405 
  68 01f3 256D1979 		.ascii	"%m\031yfXAA4\320\023\235\204\026\220\223ehN\245\\Zj"
  68      66584141 
ARM GAS  /var/folders/qd/4mxf5pkd0zdf0b9dd1hp39180000gn/T//ccHHeTLg.s 			page 5


  68      34D0139D 
  68      84169093 
  68      65684EA5 
  69 020a B6269960 		.ascii	"\266&\231`\015t\356-\270?\255\306\375\374\306|%\313"
  69      0D74EE2D 
  69      B83FADC6 
  69      FDFCC67C 
  69      25CB
  70 021c 877DDDEA 		.ascii	"\207}\335\3520\203\237\221\037a6\214|\225\361\177C\337"
  70      30839F91 
  70      1F61368C 
  70      7C95F17F 
  70      43DF
  71 022e 5CE58357 		.ascii	"\\\345\203W0\377\022\316@\340ZZ\232A\262\305\242\213"
  71      30FF12CE 
  71      40E05A5A 
  71      9A41B2C5 
  71      A28B
  72 0240 21EE3ABE 		.ascii	"!\356:\276\015,T\003RK\031\220\251D+-\035\032\313\250"
  72      0D2C5403 
  72      524B1990 
  72      A9442B2D 
  72      1D1ACBA8 
  73 0254 52052457 		.ascii	"R\005$W\307\260^\027\355 k\346\262\033\256\377o\356"
  73      C7B05E17 
  73      ED206BE6 
  73      B21BAEFF 
  73      6FEE
  74 0266 EB7043E7 		.ascii	"\353pC\347.\223\334\277\373\243g\316H\016\243SZ\263"
  74      2E93DCBF 
  74      FBA367CE 
  74      480EA353 
  74      5AB3
  75 0278 9B2A7BDD 		.ascii	"\233*{\335m\277$\331?\250, \205V\272\361\263\002\223"
  75      6DBF24D9 
  75      3FA82C20 
  75      8556BAF1 
  75      B30293
  76 028b 5D6BDDB5 		.ascii	"]k\335\265GH]_T\214\220\262\021_\020n~\035\370\304\360"
  76      47485D5F 
  76      548C90B2 
  76      115F106E 
  76      7E1DF8C4 
  77 02a0 D75E1B17 		.ascii	"\327^\033\027c\220OW8p+fu1\252(\330\303\255\001\271"
  77      63904F57 
  77      38702B66 
  77      7531AA28 
  77      D8C3AD01 
  78 02b5 E683C675 		.ascii	"\346\203\306upg\030L\\w\006\227\343\360c+A\242\325$"
  78      7067184C 
  78      5C770697 
  78      E3F0632B 
  78      41A2D524 
  79 02c9 CDD748AA 		.ascii	"\315\327H\252\032\250\362\314\245\024\177\235.M\257"
  79      1AA8F2CC 
  79      A5147F9D 
  79      2E4DAF
ARM GAS  /var/folders/qd/4mxf5pkd0zdf0b9dd1hp39180000gn/T//ccHHeTLg.s 			page 6


  80 02d8 AEC02D4D 		.ascii	"\256\300-MQ\227`\236Q\227\321;:0d&\241\215$\372y\177"
  80      5197609E 
  80      5197D13B 
  80      3A306426 
  80      A18D24FA 
  81 02ee 76329394 		.ascii	"v2\223\224\001\270\315q8\201\205C\232\350ZE\367\211"
  81      01B8CD71 
  81      38818543 
  81      9AE85A45 
  81      F789
  82 0300 B7C0DD79 		.ascii	"\267\300\335y\005w\027y\206\020O\320\037]>\262QES\016"
  82      05771779 
  82      86104FD0 
  82      1F5D3EB2 
  82      5145530E 
  83 0314 C5E29387 		.ascii	"\305\342\223\2076\213\341\204\3246\252\014\261\300="
  83      368BE184 
  83      D436AA0C 
  83      B1C03D
  84 0323 195026A0 		.ascii	"\031P&\240lH\353\225\242<\345\373\305z\230\202?\225"
  84      6C48EB95 
  84      A23CE5FB 
  84      C57A9882 
  84      3F95
  85 0335 5A90DE70 		.ascii	"Z\220\336p`\374\375$iUP\365Q{\366\325tK\362\215\333"
  85      60FCFD24 
  85      695550F5 
  85      517BF6D5 
  85      744BF28D 
  86 034a 807B9C0D 		.ascii	"\200{\234\015\267uN\337`\335*\256P\001\254\344\252="
  86      B7754EDF 
  86      60DD2AAE 
  86      5001ACE4 
  86      AA3D
  87 035c 8514696F 		.ascii	"\205\024io\201wx\221\353\354\314'\277\217\273\362\273"
  87      81777891 
  87      EBECCC27 
  87      BF8FBBF2 
  87      BB
  88 036d 76ECE117 		.ascii	"v\354\341\027\017\373v'\223\316\217\004\035\370d?\355"
  88      0FFB7627 
  88      93CE8F04 
  88      1DF8643F 
  88      ED
  89 037e EDDA29BB 		.ascii	"\355\332)\273\366\313\003\237\376\003\325\217\276\007"
  89      F6CB039F 
  89      FE03D58F 
  89      BE07
  90              		.text
  91              		.section	.gnu.lto_osalThreadDequeueAllI.9c2e852eee6061a5,"",%progbits
  92 0000 789C8554 		.ascii	"x\234\205TmO\034U\024\276g\316\274\261/,\255\306\230"
  92      6D4F1C55 
  92      14BE67CE 
  92      BCB12F2C 
  92      ADC698
  93 0013 94181225 		.ascii	"\224\030\022%\2441a\223\306\017&\376\032\333\017\326"
  93      A4316193 
ARM GAS  /var/folders/qd/4mxf5pkd0zdf0b9dd1hp39180000gn/T//ccHHeTLg.s 			page 7


  93      C60F26FE 
  93      1ADB0FD6 
  94 0023 4469153E 		.ascii	"Di\025>\273\003\013,F\213\206\024L\226\261\031[\033"
  94      BB030B2C 
  94      468B8614 
  94      4C96B119 
  94      5B1B
  95 0035 9A546D49 		.ascii	"\232TmIa\267\273\224vX\260E\344\255\264e\253n\366C\211"
  95      61B7BB94 
  95      7658B045 
  95      E4ADB465 
  95      AB6EF643 
  96 004a AB209234 		.ascii	"\253 \2224!\233X\355\3529\367N\355\026I\234\354\316"
  96      219B58ED 
  96      EA39F74E 
  96      ED16499C 
  96      ECCE
  97 005c DCB9F73C 		.ascii	"\334\271\367<\347y\316s\356\\S\010\0211\205x\215\236"
  97      E779CE73 
  97      EE5C5308 
  97      11318578 
  97      8D9E
  98 006e 47E90FB6 		.ascii	"G\351\017\266\000\355\323e!\272m\015L5@M_\211\012'd"
  98      00EDD365 
  98      21BA6D0D 
  98      4C35404D 
  98      5F890A27 
  99 0083 CCF84238 		.ascii	"\314\370B8\021\035\0145o\250\200\031\333\324p\242@K"
  99      111D0C35 
  99      6FA88019 
  99      DBD470A2 
  99      404B
 100 0095 21AB14A6 		.ascii	"!\253\024\246\000\013\200\347\035\033DBC\3350-Hh\304"
 100      000B80E7 
 100      1D1B4442 
 100      43DD302D 
 100      4868C4
 101 00a8 A1AE8FF1 		.ascii	"\241\256\217\3614B!U\311i\207\307\034\272\374\317v\315"
 101      34422155 
 101      C96987C7 
 101      1CBAFCCF 
 101      76CD
 102 00ba 7EA7EF45 		.ascii	"~\247\357E\027\205\030A\025\003W\3400E\335\356\275\354"
 102      17851841 
 102      150357E0 
 102      3045DDEE 
 102      BDEC
 103 00cc E247E822 		.ascii	"\342G\350\"\200N\257\017\227\322\033\215\374\252A\013"
 103      804EAF0F 
 103      97D21B8D 
 103      FCAA410B 
 104 00dc BD9646CB 		.ascii	"\275\226F\313\265\006|\031\004\215\373\312\305\253\341"
 104      B5067C19 
 104      048DFBCA 
 104      C5ABE1
 105 00eb B6F38ED3 		.ascii	"\266\363\216\323\343\370\333\347\321y\305E\204\014 "
 105      E3F8DBE7 
ARM GAS  /var/folders/qd/4mxf5pkd0zdf0b9dd1hp39180000gn/T//ccHHeTLg.s 			page 8


 105      D179C545 
 105      840C20
 106 00fa 25844968 		.ascii	"%\204Ih\206\011h\0264% \013m\024\276x9W\324\261MB\207"
 106      86096816 
 106      3425200B 
 106      6D14BE78 
 106      3957D4B1 
 107 0111 33C90BC8 		.ascii	"3\311\013\310P\22227&\241:\\\335\013\325\005\344\240"
 107      50923237 
 107      26A13A5C 
 107      DD0BD505 
 107      E4A0
 108 0123 8DE3B3E9 		.ascii	"\215\343\263\351\232\257\343\253\022[\033\\\370-\324"
 108      9AAFE3AB 
 108      125B1B5C 
 108      F82DD4
 109 0132 7A4E6277 		.ascii	"zNbwF\017~\221t\346\035\335E\003\362\317\342\371\242"
 109      460F7E91 
 109      74E61DDD 
 109      4503F2CF 
 109      E2F9A2
 110 0145 F0FED3AB 		.ascii	"\360\376\323\253\3436\306%t\363\372N\306f()\256\214"
 110      E336C625 
 110      74F3FA4E 
 110      C6662829 
 110      AE8C
 111 0157 369F0DA0 		.ascii	"6\237\015\240&\\\333\027:\364\325j\321\304#\022\232"
 111      265CDB17 
 111      3AF4D56A 
 111      D1C42312 
 111      9A
 112 0168 BA73311F 		.ascii	"\272s1\037\016\240\345\321\246'P\013\256\357\013}0^"
 112      0EA0E5D1 
 112      A627500B 
 112      AEEF0B7D 
 112      305E
 113 017a 1B8E9A3A 		.ascii	"\033\216\232:\334\200V\230\246\377\024\264zO\274\006"
 113      DC805698 
 113      A6FF14B4 
 113      7A4FBC06 
 114 018a 1F4C0142 		.ascii	"\037L\001B`\375\352\2455\303wj\177\247\034\177\375\320"
 114      60FDEAA5 
 114      35C3776A 
 114      7FA71C7F 
 114      FDD0
 115 019c E389DD03 		.ascii	"\343\211\335\003M@\006X\232\340uJO\021\272\274S\237"
 115      4D400658 
 115      9AE0754A 
 115      4F11BABC 
 115      539F
 116 01ae C94EDA30 		.ascii	"\311N\3320\204\015\311\231\210\274G\201\275\212\311"
 116      840DC999 
 116      88BC4781 
 116      BD8AC9
 117 01bd 78210688 		.ascii	"x!\006\210\247\024v|\361!j4H\372b\013z\036\245\246\263"
 117      A714767C 
 117      F1216A34 
ARM GAS  /var/folders/qd/4mxf5pkd0zdf0b9dd1hp39180000gn/T//ccHHeTLg.s 			page 9


 117      48FA620B 
 117      7A1EA5A6 
 118 01d2 1E307B1A 		.ascii	"\0360{\032m\3228\322WX\261\270\265(+\274VX\272izp\246"
 118      6DD238D2 
 118      5758B1B8 
 118      B5282BBC 
 118      5658BA69 
 119 01e9 9B8CF52A 		.ascii	"\233\214\365*Lo\247\251\276\031.\212\226\357\246\356"
 119      4C6FA7A9 
 119      BE192E8A 
 119      96EFA6EE 
 120 01f9 97C3F1AF 		.ascii	"\227\303\361\257\331\366\026\027\033\240\000\036\014"
 120      D9F61617 
 120      1BA0001E 
 120      0C
 121 0206 6350EEC5 		.ascii	"cP\356\305\245\255\262\231x\314\213^\006\330\226Y\210"
 121      A5ADB299 
 121      78CC8B5E 
 121      06D89659 
 121      88
 122 0217 53A57390 		.ascii	"S\245s\220\020\025\350\361\316JZ\326L\324\244\245\220"
 122      1015E8F1 
 122      CE4A5AD6 
 122      4CD4A4A5 
 122      90
 123 0228 DFBCB111 		.ascii	"\337\274\261\021H\011\325K\261\376+\245\203\2244\260"
 123      4809D54B 
 123      B1FE2BA5 
 123      839434B0 
 124 0238 926F0325 		.ascii	"\222o\003%\353\331|6JJz\273YI\010nJ%\300\316\336\"V"
 124      EBD97C36 
 124      4A4A7ABB 
 124      5949086E 
 124      4A25C0CE 
 125 024f E67B49D2 		.ascii	"\346{I\322M1]\210\351v\177\235\3370yno\362\027\376'"
 125      4D315D88 
 125      E9767F9D 
 125      DF30796E 
 125      6FF217FE 
 126 0264 F7FCD3DC 		.ascii	"\367\374\323\334\337A\234\002.m\347\376\210\262\322"
 126      DF419C02 
 126      2E6DE7FE 
 126      88B2D2
 127 0273 30085820 		.ascii	"0\010X \024\323\215\015\312\344\354}}1\021YL.\267\375"
 127      14D38D0D 
 127      CAE4EC7D 
 127      7D311159 
 127      4C2EB7FD 
 128 0287 9345DED8 		.ascii	"\223E\336\3304\341q*\232\233H>\034j$\015dU\024\026!"
 128      34E1712A 
 128      9A9B483E 
 128      1C6A240D 
 128      64551416 
 129 029c 01DF07FC 		.ascii	"\001\337\007\374\231[\245?m\345\262\327\341b#,I\001"
 129      995BA53F 
 129      6DE5B2D7 
 129      E162232C 
ARM GAS  /var/folders/qd/4mxf5pkd0zdf0b9dd1hp39180000gn/T//ccHHeTLg.s 			page 10


 129      4901
 130 02ae 9AB2F9C2 		.ascii	"\232\262\371\302\374\251+\215\224j\200V\217\272\030"
 130      FCA92B8D 
 130      946A8056 
 130      8FBA18
 131 02bd 8365E9F2 		.ascii	"\203e\351\362\012\271,\250\325(\350DP\275\316o.nX\312"
 131      0AB92CA8 
 131      D528E844 
 131      50BDCE6F 
 131      2E6E58CA 
 132 02d1 5FA89764 		.ascii	"_\250\227d\356\357oS\232\276\357\325};}\000nK\011\250"
 132      EEEF6F53 
 132      9ABEEFD5 
 132      7D3B7D00 
 132      6E4B09A8 
 133 02e5 247CF37B 		.ascii	"$|\363{\317\262\036\010\374\200\373\265\006\361a\372"
 133      CFB21E08 
 133      FC80FBB5 
 133      06F161FA 
 134 02f5 5249C61D 		.ascii	"RI\306\035\022\3633\364\3768;\027t\026\270\331BJ\323"
 134      12F333F4 
 134      FE383B17 
 134      7416B8D9 
 134      424AD3
 135 0308 C582DA85 		.ascii	"\305\202\332\205\311\221\376SS\307\325z$\215|\304L\246"
 135      C991FE53 
 135      53C7D57A 
 135      248D7CC4 
 135      4CA6
 136 031a 16C7432C 		.ascii	"\026\307C,\316\000\200\273\312\322\226\247\015\214\210"
 136      CE0080BB 
 136      CAD296A7 
 136      0D8C88
 137 0329 6DE8F37E 		.ascii	"m\350\363~\031\224\345\3541\364\340\010\033\012\367"
 137      1994E5EC 
 137      31F4E008 
 137      1B0AF7
 138 0338 C800AA20 		.ascii	"\310\000\252 \215Q\027\237\223|F`E\0054\241\322 \223"
 138      8D51179F 
 138      937C4660 
 138      450534A1 
 138      D22093
 139 034b BBFD936F 		.ascii	"\273\375\223o(\356\030\305\363\361\366\327\347\331\006"
 139      28EE18C5 
 139      F3F1F6D7 
 139      E7D906
 140 035a 75DA3D0F 		.ascii	"u\332=\017\353\365\334\323\014\212\011Q\005$\231H\371"
 140      EBF5DCD3 
 140      0C8A0951 
 140      05249948 
 140      F9
 141 036b 237ABABA 		.ascii	"#z\272\272\012\224\334\024t\324>\223\\Wc\211\321\330"
 141      0A94DC14 
 141      74D43E93 
 141      5C576389 
 141      D1D8
 142 037d 84E5D975 		.ascii	"\204\345\331u\367\210b\322\353\3757h\327\024\3251Q\005"
ARM GAS  /var/folders/qd/4mxf5pkd0zdf0b9dd1hp39180000gn/T//ccHHeTLg.s 			page 11


 142      F78862D2 
 142      EBFD3768 
 142      D714D531 
 142      5105
 143 038f 1650EC2E 		.ascii	"\026P\354.>\200\300\317\261\301C\324r\332#\3776\374"
 143      3E80C0CF 
 143      B1C143D4 
 143      72DA23FF 
 143      36FC
 144 03a1 CCD0974E 		.ascii	"\314\320\227N\254\276\341\367e\303\177\240\263}\215"
 144      ACBEE1F7 
 144      65C37FA0 
 144      B37D8D
 145 03b0 DC8D198F 		.ascii	"\334\215\031\217\252\257WA\247]\256m\235\240\032\015"
 145      AAAF5741 
 145      A75DAE6D 
 145      9DA01A0D 
 146 03c0 AEDD525F 		.ascii	"\256\335R_\374\016m\314s\237\310V\310&\014\220U\245"
 146      FC0E6DCC 
 146      739FC856 
 146      C8260C90 
 146      55A5
 147 03d2 30256E69 		.ascii	"0%nio\217\253\337\211\316\370\3617\337\241\007\335:"
 147      6F8FABDF 
 147      89CEF8F1 
 147      37DFA107 
 147      DD3A
 148 03e4 DE5683F6 		.ascii	"\336V\203\366c\002\273\336;\211\357v\276\205\307:\272"
 148      6302BBDE 
 148      3B89EF76 
 148      BE85C73A 
 148      BA
 149 03f5 B4AEF7B5 		.ascii	"\264\256\367\265\316\223\377\000'$\001\215"
 149      CE93FF00 
 149      2724018D 
 150              		.text
 151              		.section	.gnu.lto_.symbol_nodes.9c2e852eee6061a5,"",%progbits
 152 0000 789C6363 		.ascii	"x\234cc``\360\007b\006\246\267\014\365\014\014\023\316"
 152      6060F007 
 152      6206A6B7 
 152      0CF50C0C 
 152      13CE
 153 0012 3180A85D 		.ascii	"1\200\250]\015\216\014\014\254\357\031\030\024@2\357"
 153      0D8E0C0C 
 153      ACEF1918 
 153      144032EF 
 154 0022 18EA1951 		.ascii	"\030\352\031Qd\030?0\3243\201E\030\030\032\032\034\030"
 154      64183F30 
 154      D4338145 
 154      18181A1A 
 154      1C18
 155 0034 18988170 		.ascii	"\030\230\201p\311\361sl\314L\314\014O\332\356\3113\000"
 155      C9F1736C 
 155      CC4CCC0C 
 155      4FDAEEC9 
 155      3300
 156 0046 00128013 		.ascii	"\000\022\200\023\274"
ARM GAS  /var/folders/qd/4mxf5pkd0zdf0b9dd1hp39180000gn/T//ccHHeTLg.s 			page 12


 156      BC
 157              		.text
 158              		.section	.gnu.lto_.refs.9c2e852eee6061a5,"",%progbits
 159 0000 789C6363 		.ascii	"x\234cc``\340\006bF\006&FVF&&F\001\006\000\001\255\000"
 159      6060E006 
 159      62460626 
 159      46564626 
 159      26460106 
 160 0018 31       		.ascii	"1"
 161              		.text
 162              		.section	.gnu.lto_.decls.9c2e852eee6061a5,"",%progbits
 163 0000 789CC558 		.ascii	"x\234\305XyPTG\032\177\375z\230\031\206\021] \306\255"
 163      79505447 
 163      1A7FFD7A 
 163      98198611 
 163      5D20C6AD 
 164 0014 A5762D8B 		.ascii	"\245v-\213(UY\0301\211&U\331\255X\356n\342\326\232\255"
 164      28555918 
 164      31892655 
 164      D9AD58EE 
 164      6EE2D69A 
 165 0029 CA66FFD8 		.ascii	"\312f\377\330\332\332L\330q\024\022\256\014Cb\376\312"
 165      DADA4CD8 
 165      711412AE 
 165      0C4362FE 
 165      CA
 166 003a 93430E45 		.ascii	"\223C\016E\360\026\324\310aTD\274PDE\035/\344\226CP"
 166      F016D4C8 
 166      615444BC 
 166      5044451D 
 166      2FE49643 
 167 004f 60805111 		.ascii	"`\200Q\021Q\021PD\344\336\257\273\337\360\0360\023\335"
 167      51115044 
 167      E4DEAFBB 
 167      DFF01E30 
 167      13DD
 168 0061 FD67A7A6 		.ascii	"\375g\247\246\347\275\257\373\353\357\367]\375u\367"
 168      E7BDAFFB 
 168      EBEFF75D 
 168      FD75F7
 169 0070 28398EEB 		.ascii	"(9\216\353\371%\307\275\251\340\270/\021\307\215\303"
 169      F925C7BD 
 169      A9E0B82F 
 169      11C78DC3 
 170 0080 0743DF25 		.ascii	"\007C\337%h\320\305\325B\253\207\266\010\306\256q\354"
 170      68D0C5D5 
 170      42AB87B6 
 170      08C6AE71 
 170      EC
 171 0091 43C6FF04 		.ascii	"C\306\377\004\364'\320V@\203/\267\012q\223>\311<\307"
 171      F427D056 
 171      40832FB7 
 171      0A71933E 
 171      C93CC7
 172 00a4 FD029E5F 		.ascii	"\375\002\236_B\363\200\346%\223\325/\312S\302\263\032"
 172      42F380E6 
 172      2593D52F 
ARM GAS  /var/folders/qd/4mxf5pkd0zdf0b9dd1hp39180000gn/T//ccHHeTLg.s 			page 13


 172      CA53C2B3 
 172      1A
 173 00b5 5A19C764 		.ascii	"Z\031\307d\277\013}~\320\376\011m5\264 h\177\201\346"
 173      BF0B7D7E 
 173      D0FE096D 
 173      35B42068 
 173      7F81E6
 174 00c8 026315D0 		.ascii	"\002c\025\320\212\241\275\017\264\016Z 4^\324c\205\370"
 174      8AA1BD0F 
 174      B40E5A20 
 174      345ED463 
 174      85F8
 175 00da FE1D9AAE 		.ascii	"\376\035\232\256\307&\236a;\322\343\252\250G\377\024"
 175      C7269E61 
 175      3BD2E3AA 
 175      A847FF14 
 176 00ea 3D885E6B 		.ascii	"=\210^k\240\337(\323\305\256\233#\235\210.v\275\210"
 176      A0DF28D3 
 176      C5AE9B23 
 176      9D882E76 
 176      BD88
 177 00fc 1E9FC874 		.ascii	"\036\237\310t\372\301\201N[1\252\211=\266\033\257\307"
 177      FAC1814E 
 177      5B31AA89 
 177      3DB61BAF 
 177      C7
 178 010d C8438314 		.ascii	"\310C\203\024@>\255L\277\347\016\244\227\006\315\005"
 178      403EAD4C 
 178      BFE70EA4 
 178      9706CD05 
 179 011d 32655FC2 		.ascii	"2e_\302\026%\346\021\341\274~-=\307\315\377\260\300"
 179      1625E611 
 179      E1BC7E2D 
 179      3DC7CDFF 
 179      B0C0
 180 012f 3EEA3F73 		.ascii	">\352?s\350\024\302v1}\005\035\373]\361\333\224\361"
 180      E814C276 
 180      317D051D 
 180      FB5DF1DB 
 180      94F1
 181 0141 E0DA939E 		.ascii	"\340\332\223\236XG_O\247\217Y\024\370w\364=.9o\207\006"
 181      58475F4F 
 181      A78F5914 
 181      F877F43D 
 181      2E396F87 
 182 0156 442B3588 		.ascii	"D+5\210\304V\005]\355\275C\005\012\326Ed\256\201\256"
 182      C456055D 
 182      EDBD4305 
 182      0AD64564 
 182      AE81AE
 183 0169 3D69D6E3 		.ascii	"=i\326\343\356x)\231\301_\250+\214\235\201|5\373\311"
 183      EE782999 
 183      C15FA82B 
 183      8C9D817C 
 183      35FBC9
 184 017c A0A52D6D 		.ascii	"\240\245-mqZ\257 \314E\027\220\006\025!\214\012\220"
 184      715AAF20 
ARM GAS  /var/folders/qd/4mxf5pkd0zdf0b9dd1hp39180000gn/T//ccHHeTLg.s 			page 14


 184      CC451790 
 184      0615218C 
 184      0A90
 185 018e 3F80C364 		.ascii	"?\200\303d\370M ,\0311\202\353'\034:\211\274Q>\362\346"
 185      F84D202C 
 185      193182EB 
 185      271C3A89 
 185      BC513EF2 
 186 01a3 D079E44B 		.ascii	"\320y\344KD\023>t\016:\317B'@<\033\354=\251\300m\210"
 186      44133E74 
 186      0E3ACF42 
 186      27403C1B 
 186      EC3DA9C0 
 187 01b9 62E46F19 		.ascii	"b\344o\031\331\351>\2011^\264\350T\234 \360\350\022"
 187      D9E93E81 
 187      315EB4E8 
 187      549C20F0 
 187      E812
 188 01cb 605C9430 		.ascii	"`\\\2240\000\322\031\210\3051\310\035a8M\213{\251\353"
 188      00D21988 
 188      C531C81D 
 188      61384D8B 
 188      7BA9EB
 189 01de F85D97B3 		.ascii	"\370]\227\263\362\371\011\220\201V\337\035\361\004\344"
 189      F2F90990 
 189      8156DF1D 
 189      F104E4
 190 01ed 2A805C96 		.ascii	"*\200\\\226@.9\007\271\342\030\344\302\350\3706\027"
 190      402E3907 
 190      B9E218E4 
 190      C2E8F836 
 190      17
 191 01fe 0DCC58FB 		.ascii	"\015\314X\373\2323\360\306\023\321\026\036\371x\372"
 191      9A33F0C6 
 191      13D1161E 
 191      F978FA
 192 020d 6609B16B 		.ascii	"f\011\261k\005K\317\023\337\333M\235\202\260Y\213\256"
 192      054BCF13 
 192      DFDB4D9D 
 192      82B0598B 
 192      AE
 193 021e 81326740 		.ascii	"\2012g@\231\353\310S\222\242\363\006\275\002\274I\372"
 193      99EBC853 
 193      92A2F306 
 193      BD02BC49 
 193      FA
 194 022f 8A6A0948 		.ascii	"\212j\011H!C)\024'\000\014*\001\304b\344C3\202\031Z"
 194      21432914 
 194      27000C2A 
 194      01C462E4 
 194      43338219 
 195 0244 757BD65A 		.ascii	"u{\326Z\230@88\321H1]\352\022m\311n\270\002S\357\334"
 195      98403838 
 195      D148315D 
 195      EA126DC9 
 195      6EB80253 
 196 025a 6C4CBEA5 		.ascii	"lL\276\245D\236\276\216!\312A\254s\210\216\033\336d"
ARM GAS  /var/folders/qd/4mxf5pkd0zdf0b9dd1hp39180000gn/T//ccHHeTLg.s 			page 15


 196      449EBE8E 
 196      21CA41AC 
 196      73888E1B 
 196      DE64
 197 026c 022A038E 		.ascii	"\002*\003\216R\311\225\004\221\000\341\222m\217\356"
 197      52C99504 
 197      9100E192 
 197      6D8FEE
 198 027b AB99BD84 		.ascii	"\253\231\275\204\375\372\360\334\242Zf/\231q\032fT\376"
 198      FDFAF0DC 
 198      A25A662F 
 198      99711A66 
 198      54FE
 199 028d 17F67294 		.ascii	"\027\366r\224\233hR\005\232TL\322d\354\234\0075\266"
 199      9B685205 
 199      9A544CD2 
 199      64EC9C07 
 199      35B6
 200 029f 729AB167 		.ascii	"r\232\261g\267\025=Q\343Afl_\341\336:\225Sck@\254s\210"
 200      B7153D51 
 200      E341666C 
 200      5FE1DE3A 
 200      9553636B 
 201 02b7 AA22252C 		.ascii	"\252\"%,<T\015\0147$[+E[Q\356\266\037Wj\223\004!\232"
 201      3C540D0C 
 201      37245B2B 
 201      455B51EE 
 201      B61F576A 
 202 02cf 2503E593 		.ascii	"%\003\345\2234\257EZ\"\211<\201\367\326\206\272f%NT"
 202      34AF455A 
 202      22893C81 
 202      F7D686BA 
 202      66254E54 
 203 02e3 509D4E97 		.ascii	"P\235N\227[\207\261,=\347\262\364\254\207\214\250{\255"
 203      5B87B12C 
 203      3DE7B2F4 
 203      AC878CA8 
 203      7BAD
 204 02f5 F4BCE920 		.ascii	"\364\274\351 \331\310t\000\252\355\255\330\343\306\352"
 204      D9C87400 
 204      AAEDADD8 
 204      E3C6EA
 205 0304 CB2C20D3 		.ascii	"\313, \323\317=/sa\244\032\310k\343\003\226\231\214"
 205      CF3D2F73 
 205      61A41AC8 
 205      6BE30396 
 205      998C
 206 0316 E465CC5E 		.ascii	"\344e\314^\214\331\272q\353}w\234B\225D?\015\015\367"
 206      8CD9BA71 
 206      EB7D779C 
 206      4295443F 
 206      0D0DF7
 207 0329 9242359F 		.ascii	"\222B5\237\224\017\014\035G\273\316\014\316`\035d\374"
 207      940F0C1D 
 207      47BBCE0C 
 207      CE601D64 
 207      FC
ARM GAS  /var/folders/qd/4mxf5pkd0zdf0b9dd1hp39180000gn/T//ccHHeTLg.s 			page 16


 208 033a 6279E97E 		.ascii	"by\351~-\336\301,:\222>22\023i|\023\2107Rc\004\027_"
 208      2DDEC12C 
 208      3A923E32 
 208      3213697C 
 208      13883752 
 209 0352 0E358262 		.ascii	"\0165\202b\267\211bm\240\355|Q[+t6C'3\2759m~<\211a+"
 209      B789626D 
 209      A0ED7C51 
 209      5B2B7436 
 209      432733BD 
 210 036d 58DE2259 		.ascii	"X\336\"Y>_\303\034|aSs\207\006g1\210\350\352m}N!\356"
 210      3E5FC31C 
 210      7C615373 
 210      87066731 
 210      88E8EA6D 
 211 0385 3A85800A 		.ascii	":\205\200\012s\225V\230;\200a\2230Z\221\010\222r\252"
 211      73955698 
 211      3B806193 
 211      305A9108 
 211      9272AA
 212 0398 796426CE 		.ascii	"yd&\316e \005\307.\216j\234\201\334w\0122\320\372\333"
 212      652005C7 
 212      2E8E6A9C 
 212      81DC770A 
 212      32D0FADB 
 213 03ac 9D3749A9 		.ascii	"\2357I\251l\007\220{\022\310\035;H\241P\035M\013G\314"
 213      6C07907B 
 213      12C81D3B 
 213      48A1501D 
 213      4D0B47CC 
 214 03c0 6B498519 		.ascii	"kI\205\031\303\266\224\0045>\305bq\307z\375\230;.dD"
 214      C3B69404 
 214      353EC562 
 214      71C77AFD 
 214      983B2E64 
 215 03d5 4B494E2E 		.ascii	"KIN.\011\314\002V\327g\312B\263\200\205\2466\345\331"
 215      09CC0256 
 215      D767CA42 
 215      B38085A6 
 215      36E5D9
 216 03e8 3E15BEC8 		.ascii	">\025\276\310Ljk\034\266\272\333M\232\232HO\000|\201"
 216      4C6A6B1C 
 216      B6BADB4D 
 216      9A9A484F 
 216      007C81
 217 03fb 08FE083A 		.ascii	"\010\376\010:\037N\230\324\226\366\373\264g\304\244"
 217      1F4E98D4 
 217      96F6FBB4 
 217      67C4A4
 218 040a 2E30E9B1 		.ascii	".0\351\261d\322\002\321\242\234}\233\262\224\270\214"
 218      64D202D1 
 218      A29C7D9B 
 218      B294B88C 
 219 041a 619CDB75 		.ascii	"a\234\333u\377\032\357\014\243\327)\306x\321\274b\032"
 219      FF1AEF0C 
 219      A3D729C6 
 219      78D1BC62 
ARM GAS  /var/folders/qd/4mxf5pkd0zdf0b9dd1hp39180000gn/T//ccHHeTLg.s 			page 17


 219      1A
 220 042b 9B1EC0E8 		.ascii	"\233\036\300\350\2260\272\354n+N\211\335\240\301u\014"
 220      9630BAEC 
 220      6E2B4E89 
 220      DDA0C175 
 220      0C
 221 043c A4BFA62B 		.ascii	"\244\277\246+M\351\014\244\317)\310@\253\017[^\317\000"
 221      4DE90CA4 
 221      CF29C840 
 221      AB0F5B5E 
 221      CF00
 222 044e E4A904D2 		.ascii	"\344\251\004\322c\007\311N\355\317P\3436\346\334#i\365"
 222      6307C94E 
 222      EDCF50E3 
 222      36E6DC23 
 222      69F5
 223 0460 829B7C51 		.ascii	"\202\233|Q\227MZ\324\375lQ\003c|\342\361\307\032\334"
 223      974D5AD4 
 223      FD6C5103 
 223      637CE2F1 
 223      C71ADC
 224 0473 CE665558 		.ascii	"\316fUX\022\217jp\247H\034;sK\201\037\211\301\332\323"
 224      128F6A70 
 224      A7481C3B 
 224      734B811F 
 224      89C1DAD3 
 225 0487 D3A7C0DD 		.ascii	"\323\247\300\335\2148\032\327\236\243\2060yC\344\220"
 225      8C381AD7 
 225      9EA38630 
 225      7943E490 
 226 0497 2C6CDE2C 		.ascii	",l\336,l'-}y\012\374\234Y{<\257\375+\331V\354\037Gm"
 226      6C272D7D 
 226      790AFC9C 
 226      597B3CAF 
 226      FD2BD956 
 227 04af 18031B46 		.ascii	"\030\003\033F$\033\274\305\012\021-\010\331\002\236"
 227      241BBCC5 
 227      0A112D08 
 227      D9029E
 228 04be C3A177BC 		.ascii	"\303\241w\274\321B\360\306(x\303[\364\3060(?\304r*g"
 228      D142F0C6 
 228      2878C35B 
 228      F4C63028 
 228      3FC4722A 
 229 04d3 EFC1AB33 		.ascii	"\357\301\2533\360\030\003h\315\353\251\302\262\215x"
 229      F0180368 
 229      CDEBA9C2 
 229      B28D78
 230 04e2 5E3E0DC5 		.ascii	"^>\015\305Z\236(7\2010\206\234@\010\274C\210}W\216\326"
 230      5A9E2837 
 230      8130869C 
 230      4008BC43 
 230      887D578E 
 231 04f7 A8F03A17 		.ascii	"\250\360:\027\012\321\330_\276E\276\015\177\270\235"
 231      0AD1D85F 
 231      BE45BE0D 
 231      7FB89D
ARM GAS  /var/folders/qd/4mxf5pkd0zdf0b9dd1hp39180000gn/T//ccHHeTLg.s 			page 18


 232 0506 1A110B10 		.ascii	"\032\021\013\020\321\374\004\004 :\206\210q\014\221"
 232      D1FC0404 
 232      203A8688 
 232      710C91
 233 0515 54DA9E35 		.ascii	"T\332\2365\023\247P\210\211\363\223\007;?u\307\336\267"
 233      13A75088 
 233      89F39307 
 233      3B3F75C7 
 233      DEB7
 234 0527 89D56F0E 		.ascii	"\211\325o\016\220\266\350\342:5\336\312X\367Z\237\346"
 234      90B6E8E2 
 234      3A35DECA 
 234      58F75A9F 
 234      E6
 235 0538 A9F04EA6 		.ascii	"\251\360N\246Z\303xg\247\006i}e\221\376r\266\224N\353"
 235      5AC37867 
 235      A706697D 
 235      6591FE72 
 235      B6944EEB 
 236 054c 015AAF15 		.ascii	"\001Z\257\0255d\352\3378\214+\357\201\376\012\224\304"
 236      3564EADF 
 236      388C2BEF 
 236      81FE0A94 
 236      C4
 237 055d 6B51A2A4 		.ascii	"kQ\242\244\277^\3132\342i\367\315\221\031\270\224\201"
 237      BF5ECB32 
 237      E269F7CD 
 237      9119B894 
 237      81
 238 056e 0983179A 		.ascii	"\011\203\027\232\224\270\222\021\315\333^\332\\q5#J"
 238      94B89211 
 238      CDDB5EDA 
 238      5C713523 
 238      4A
 239 057f EAD75F54 		.ascii	"\352\327_T\340:F\034(\267\011.\270\201\021EI\345#j\334"
 239      E03A461C 
 239      28B7092E 
 239      B8811145 
 239      49E5236A 
 240 0594 C888F4B3 		.ascii	"\310\210\364\263\361\321\032leD\356x_\212\026\2671\342"
 240      F1D11A6C 
 240      6544EE78 
 240      5F8A16B7 
 240      31E2
 241 05a6 65514D16 		.ascii	"eQM\026\317l\364\001\362\220e}\011f5<\203\324\364\326"
 241      CF6CF401 
 241      F290657D 
 241      0966353C 
 241      83D4F4D6 
 242 05ba 2363454A 		.ascii	"#cEJ\374\230\362\272U\304U\304\303v\314>\236\276>>Y"
 242      FC98F2BA 
 242      55C455C4 
 242      C376CC3E 
 242      9EBE3E3E 
 243 05cf C45ECBC0 		.ascii	"\304^\313\300y\374cNR\262\220q\031Qk\022\300\232\037"
 243      79FC634E 
 243      52B29071 
ARM GAS  /var/folders/qd/4mxf5pkd0zdf0b9dd1hp39180000gn/T//ccHHeTLg.s 			page 19


 243      19516B12 
 243      C09A1F
 244 05e2 79D9BE1C 		.ascii	"y\331\276\034\317\223l?Ir\236cS\206>I\027,\261\230\262"
 244      CF936C3F 
 244      49729E63 
 244      53863E49 
 244      172CB198 
 245 05f7 6F9ECA2E 		.ascii	"o\236\312.m\343\214\371\362r\211y\223Cf\271\350Z\031"
 245      6DE38CF9 
 245      F2728979 
 245      934366B9 
 245      E85A19
 246 060a 77CA54EE 		.ascii	"w\312T\356[h*\373]\031{\362T\366\206i\354C2\366\355"
 246      5B682AFB 
 246      5D197BF2 
 246      54F68669 
 246      EC4332F6 
 247 061f 53D9D7F1 		.ascii	"S\331\327\361S4\177$\343\336\340\330+\322q%U`\307\211"
 247      53347F24 
 247      E3DEE0D8 
 247      2BD27125 
 247      5560C789 
 248 0633 6DBC37DA 		.ascii	"m\2747\332\012ch\2138\203\034'\366B\012\355\344}P\032"
 248      0A63688B 
 248      38831C27 
 248      F6420AED 
 248      E47D501A 
 249 0647 B44C68E9 		.ascii	"\264Lh\351\3202\240\355\202\266\007\332\016h\273\371"
 249      D032A0ED 
 249      82B607DA 
 249      0E68BBF9 
 250 0657 4967AB0B 		.ascii	"Ig\253\013\354\370\006\022\344'\032\246Xk\251GV\214"
 250      ECF80612 
 250      E4271AA6 
 250      586BA947 
 250      568C
 251 0669 50B2906A 		.ascii	"P\262\220j\266\321\261\3312;\312dv\244:\366)\345&\033"
 251      B6D1B1D9 
 251      323BCA64 
 251      76A43AF6 
 251      29E5261B 
 252 067d 7D5A6DBC 		.ascii	"}Zm\274\012\247+\331\025`lW\266\002\371z2\215z\236|"
 252      0AA72BD9 
 252      15606C57 
 252      B602F97A 
 252      328D7A9E 
 253 0692 58F5926C 		.ascii	"X\365\222l\002\373`z\226\224\362DCg>\310\006\273\377"
 253      02FB607A 
 253      9694F244 
 253      43673EC8 
 253      06BBFF
 254 06a5 171F8026 		.ascii	"\027\037\200&\003;\2527 y\361\335\307\313\213\357O\274"
 254      033BAA37 
 254      2079F1DD 
 254      C7CB8BEF 
 254      4FBC
 255 06b7 BDF83EDA 		.ascii	"\275\370>\332\232\326\213p\266\222\225\200\221=\247"
ARM GAS  /var/folders/qd/4mxf5pkd0zdf0b9dd1hp39180000gn/T//ccHHeTLg.s 			page 20


 255      9AD68B70 
 255      B6929580 
 255      913DA7
 256 06c6 5DD97AF0 		.ascii	"]\331z\360\002r\264-5U%\256\007Rd\363\243\217\017\270"
 256      0272B42D 
 256      355525AE 
 256      075264F3 
 256      A38F0FB8 
 257 06da E0238C37 		.ascii	"\340#\2147\177<g\035\306\247\030qf\323f8'^\240\204W"
 257      7F3C671D 
 257      C6A71871 
 257      66D36638 
 257      275EA084 
 258 06ef 6A5153D3 		.ascii	"jQS\323\014\344\343\005\353D\253\325z\372x\222\025\343"
 258      0CE4E305 
 258      EB44ABD5 
 258      7AFA7892 
 258      15E3
 259 0701 EBEBEBE3 		.ascii	"\353\353\353\343\313\034Z\325\342\225M\375\017ea\000"
 259      CB1C5AD5 
 259      E2954DFD 
 259      0F656100 
 260 0711 EA631EEF 		.ascii	"\352c\036\357\345(\3777;>\306\022n\342\220\213\340\220"
 260      E528FF37 
 260      3B3EC612 
 260      6EE2908B 
 260      E090
 261 0723 0B60F461 		.ascii	"\013`\364ah\307\240\035\205vDt\000\303\351n\361`8d\273"
 261      68C7A01D 
 261      85764474 
 261      00C3E96E 
 261      F1603864 
 262 0738 EA740E24 		.ascii	"\352t\016$f\205]+\330\230\320\363Wq\327\376\213%\305"
 262      66855D2B 
 262      D898D0F3 
 262      5771D7FE 
 262      8B25C5
 263 074b 71488A17 		.ascii	"qH\212\027\316\231e\0018\001\234\222\025\307Y\000d\343"
 263      CE996501 
 263      38019C92 
 263      15C75900 
 263      64E3
 264 075d 27E56975 		.ascii	"'\345iu\036\214\313\347\355U\323\011\027'c\231\224@"
 264      1E8CCBE7 
 264      ED55D309 
 264      17276399 
 264      9440
 265 076f 0721810E 		.ascii	"\007!\201\016\220\004*\0021\005b\002\235\203\367\263"
 265      90042A02 
 265      31056202 
 265      9D83F7B3 
 266 077f E0A333D0 		.ascii	"\340\2433\320\012\241\235\206vj\222\277Z[e\376\312!"
 266      0AA19D86 
 266      766A92BF 
 266      5A5B65FE 
 266      CA21
 267 0791 29EA645D 		.ascii	")\352d]8\006\333/\316x5Xl\014\324\265/\322\004K4F\035"
ARM GAS  /var/folders/qd/4mxf5pkd0zdf0b9dd1hp39180000gn/T//ccHHeTLg.s 			page 21


 267      3806DB2F 
 267      CE783558 
 267      6C0CD4B5 
 267      2FD2044B 
 268 07a8 80D584D8 		.ascii	"\200\325\204\330\314\211\203\334\224JE\256(-\032\346"
 268      CC8983DC 
 268      944A45AE 
 268      282D1AE6 
 269 07b8 70E2E807 		.ascii	"p\342\350\007h\212n\267\246\256\331\016\253GL\214\260"
 269      688A6EB7 
 269      A6AED90E 
 269      AB474C8C 
 269      B0
 270 07c9 7321DD20 		.ascii	"s!\335 \007Ev"
 270      074576
 271 07d0 712F9C56 		.ascii	"q/\234V4[\255b\344aU\240\270\251vK\301d\013\271\301"
 271      345BAD62 
 271      E46155A0 
 271      B8A9764B 
 271      C1640BB9 
 272 07e5 CA4A4BC1 		.ascii	"\312JK\301\344\322\302\006\273O\252\3105\207D\351\220"
 272      E4D2C206 
 272      BB4FAAC8 
 272      358744E9 
 272      90
 273 07f6 B4C60BE8 		.ascii	"\264\306\013\350\032\0279\232\347D\223\351$\035r%\226"
 273      1A17399A 
 273      E74493E9 
 273      241D7225 
 273      96
 274 0807 7C9A0FCC 		.ascii	"|\232\017\314\326b{\336\222[\314K\347\311%^\336\254"
 274      D6627BDE 
 274      925BCC4B 
 274      E7C9255E 
 274      DEAC
 275 0819 F466053C 		.ascii	"\364f\005<ru\210|r\177\273t\376\242[\033\\\010x\350"
 275      7275887C 
 275      727FBB74 
 275      FEA25B1B 
 275      5C0878E8 
 276 082d 9AC54610 		.ascii	"\232\305F\020\373\205'i\224\036\267\177\020\353\207"
 276      FB852769 
 276      941EB77F 
 276      10EB87
 277 083c 5E9E3D44 		.ascii	"^\236=DVB\330\247\240\211\036^\224\301\333\345\322\257"
 277      5642D8A7 
 277      A0891E5E 
 277      94C1DBE5 
 277      D2AF
 278 084e 2800C9A5 		.ascii	"(\000\311\245\262q\006g\377p\214\237\351#\315c]\274"
 278      B2710667 
 278      FF708C9F 
 278      E923CD63 
 278      5DBC
 279 0860 04269B32 		.ascii	"\004&\2332MWnbxB)\311H$\226\270\372\256\015G\2646\270"
 279      4D576E62 
 279      784229C9 
ARM GAS  /var/folders/qd/4mxf5pkd0zdf0b9dd1hp39180000gn/T//ccHHeTLg.s 			page 22


 279      482496B8 
 279      FAAE0D47 
 280 0877 A670E81F 		.ascii	"\246p\350\037\034\227\252\016\245%+\2575\016N\3665\254"
 280      1C97AA0E 
 280      A5252BAF 
 280      350E4EF6 
 280      35AC
 281 0889 7E3DEFBD 		.ascii	"~=\357\27556SA\234D|\036\246\240\267\262\321\326!W\332"
 281      35365341 
 281      9C447C1E 
 281      A6A0B7B2 
 281      D1D62157 
 282 089e 07F74E74 		.ascii	"\007\367Nt\205\247\235\327Z\033r\321\234\355t\001\304"
 282      85A79DD7 
 282      5A1B72D1 
 282      9CED7401 
 282      C4
 283 08af 08B37872 		.ascii	"\010\263xr\324\261\247-\207\256\361s\340\367*\257`\300"
 283      D4B1A72D 
 283      87AEF173 
 283      E0F72AAF 
 283      60C0
 284 08c1 87FAEF6C 		.ascii	"\207\372\357l\304\3632\204\014\033\\\337[\360p\305:"
 284      C4F33284 
 284      0C1B5CDF 
 284      5BF070C5 
 284      3A
 285 08d2 A11A267E 		.ascii	"\241\032&~D\031\321e)\372\360Jn\251\274\015!\013\337"
 285      4419D165 
 285      29FAF04A 
 285      6EA9BC0D 
 285      210BDF
 286 08e5 067A16F3 		.ascii	"\006z\026\363\363`\376\245\3466\017\234\250\242\032"
 286      F360FEA5 
 286      E6360F9C 
 286      A8A21A
 287 08f4 66362565 		.ascii	"f6%e\272\213\262j\177\005k\001\262\010\016\200D\320"
 287      BA8BB26A 
 287      7F056B01 
 287      B2080E80 
 287      44D0
 288 0906 7549D0F5 		.ascii	"uI\320\365\251\202J\250\240\0328\225b\274W\345\324\326"
 288      A9824AA8 
 288      A01A3895 
 288      62BC57E5 
 288      D4D6
 289 0918 DCDAE32D 		.ascii	"\334\332\343-\314VRR\312\230\255C\305\205\273\334\344"
 289      CC565252 
 289      CA98AD43 
 289      C585BBDC 
 289      E4
 290 0929 B69231C9 		.ascii	"\266\2221\311\330\012jl\271\335\330\322A\353C\025(h"
 290      D80A6A6C 
 290      B9DDD8D2 
 290      41EB4315 
 290      2868
 291 093b A39BDDC2 		.ascii	"\243\233\335\302G\331\361\311B&\242l\250T\322\260\224"
ARM GAS  /var/folders/qd/4mxf5pkd0zdf0b9dd1hp39180000gn/T//ccHHeTLg.s 			page 23


 291      47D9F1C9 
 291      4226A26C 
 291      A854D2B0 
 291      94
 292 094c 677FBCA1 		.ascii	"g\177\274\241J\252Ye\346\226\001\036\3472\315r\3275"
 292      4AAA5965 
 292      E696011E 
 292      E732CD72 
 292      D735
 293 095e EE51B3ED 		.ascii	"\356Q\263\355\307J\350\366\262\356\016\304\366\037\233"
 293      C74AE8F6 
 293      B2EE0EC4 
 293      F61F9B
 294 096d 0BF9EBA5 		.ascii	"\013\371\353\245#3V\313\306\253\311\370\326\374+\363"
 294      233356CB 
 294      C6ABC9F8 
 294      D6FC2BF3 
 295 097d D8B04086 		.ascii	"\330\260@\206\367\357~\\\356\206\2172Y#'\362F\224\270"
 295      F7EF7E5C 
 295      EE868F32 
 295      592327F2 
 295      4694B8
 296 0990 9011A9D6 		.ascii	"\220\021\251\326\301\"7|\211\021\215\361p\217\307\305"
 296      C122377C 
 296      89118DF1 
 296      708FC7C5 
 297 09a0 8C783656 		.ascii	"\214x6V\370W\\\305\336\263\036\234i\327\340FF\\~v\354"
 297      F8575CC5 
 297      DEB31E9C 
 297      69D7E046 
 297      465C7E76 
 298 09b5 8088456E 		.ascii	"\200\210En\354\266\324+\34335\322?\010\244_\252\303"
 298      ECB6D42B 
 298      E33335D2 
 298      3F08A45F 
 298      AAC3
 299 09c7 4DE4DC0D 		.ascii	"M\344\334\015+\0235\362\364\\m}\260a\320\305#U,\223"
 299      2B1335F2 
 299      F45C6D7D 
 299      B061D0C5 
 299      23552C93 
 300 09db 1F296841 		.ascii	"\037)hA\250\205BYC\217=\315\274\207}\022p\253236\237"
 300      A8854259 
 300      438F3DCD 
 300      BC877D12 
 300      70AB3233 
 301 09f1 4668D2A9 		.ascii	"Fh\322\251r\354\261\307\226\030\341\340Bz\013\256\003"
 301      72ECB1C7 
 301      9618E1E0 
 301      427A0BAE 
 301      03
 302 0a02 EFB54D2F 		.ascii	"\357\265M/\217\215\262\022\326\360P,a$D\015\"\277\363"
 302      8F8DB212 
 302      D6F0502C 
 302      6124440D 
 302      22BFF3
 303 0a15 33E557AC 		.ascii	"3\345W\254\226\022\346z\207\314\254<N\252\363\325\240"
ARM GAS  /var/folders/qd/4mxf5pkd0zdf0b9dd1hp39180000gn/T//ccHHeTLg.s 			page 24


 303      9612E67A 
 303      87CCAC3C 
 303      4EAAF3D5 
 303      A0
 304 0a26 FE0D52E7 		.ascii	"\376\015R\347o\2113H\235\267A\235o\201\332\336\012\355"
 304      6F893348 
 304      9DB7419D 
 304      6F81DADE 
 304      0AED
 305 0a38 2E342BB4 		.ascii	".4+\264;\223Nb/:Y\271l\233v\022#\307\264.\217-\002Q"
 305      3B934E62 
 305      2F3A59B9 
 305      6C9B7612 
 305      23C7B42E 
 306 0a50 1B3C826E 		.ascii	"\033<\202n\213r\355~rp^m\372\232m\032\304+7\035{\305"
 306      8B72ED7E 
 306      72705E6D 
 306      FA9A6D1A 
 306      C42B371D 
 307 0a66 7E143B60 		.ascii	"~\024;`;\227\350\202\357\320`\362\233\017\364t\250&"
 307      3B97E882 
 307      EFD060F2 
 307      9B0FF474 
 307      A826
 308 0a78 8E62636D 		.ascii	"\216bcm\263\351\037o\367a\366=)3\333\246\237\304&ln"
 308      B3E91F6F 
 308      F761F63D 
 308      2933DBA6 
 308      9FC4266C 
 309 0a8d 073B5FC7 		.ascii	"\007;_\307f\000n\333\230:\352\376V6]\007/:q^\264\020"
 309      66006EDB 
 309      983AEAFE 
 309      56365D07 
 309      2F3A715E 
 310 0aa3 EB4AA1AA 		.ascii	"\353J\241\252\030\324\204P\216\364\300o\007\377\026"
 310      18D48450 
 310      8EF4C06F 
 310      07FF16
 311 0ab2 C9655BC2 		.ascii	"\311e[\302\250J~`#.\2212\354\001;/\220'0'\334}\232\243"
 311      A84A7E60 
 311      232E9132 
 311      EC013B2F 
 311      90273027 
 312 0aca 96339345 		.ascii	"\2263\223E&1w\212\314\235\2249yk\332vw\334\315\322\272"
 312      2631778A 
 312      CC9D9439 
 312      796BDA76 
 312      77DCCDD2 
 313 0adf 6F475CA2 		.ascii	"oG\\\242\270\304\336\0042-1Q\301VP!9\340eV\366m\327"
 313      B8C4DE04 
 313      322D3151 
 313      C1565021 
 313      39E06556 
 314 0af6 E011C6DA 		.ascii	"\340\021\306\332?\230\324-\036\006g\003\331\360\340"
 314      3F98D42D 
 314      1E066703 
 314      D9F0E0
ARM GAS  /var/folders/qd/4mxf5pkd0zdf0b9dd1hp39180000gn/T//ccHHeTLg.s 			page 25


 315 0b05 662976BA 		.ascii	"f)v\272\002\272\355+\340\011[\001\365/\317\017iq\234"
 315      02BAED2B 
 315      E0095B01 
 315      F52FCF0F 
 315      69719C
 316 0b18 9A48521C 		.ascii	"\232HR\034\2169\324\013'ao\004\354\210]a\311\337\360"
 316      8E39D40B 
 316      27616F04 
 316      EC885D61 
 316      C9DFF0
 317 0b2b 1CEA83DD 		.ascii	"\034\352\203\335\271G,\010\360I\027@|\357\017\244\033"
 317      B9472C08 
 317      F0491740 
 317      7CEF0FA4 
 317      1B
 318 0b3c DED5F4E9 		.ascii	"\336\325\364\351\3402\333\013\001\350\243x\317\300\225"
 318      E032DB0B 
 318      01E8A378 
 318      CFC095
 319 0b4b 4F1960E6 		.ascii	"O\031`\346\211m\327\024\322\222CT\366c\030\177D]\375"
 319      896DD714 
 319      D2924354 
 319      F663187F 
 319      445DFD
 320 0b5e 9C2EB96E 		.ascii	"\234.\271nq\311\241\343\273K\006]5\242\354\204W\311"
 320      71C9A1E3 
 320      BB4B065D 
 320      35A2EC84 
 320      57C9
 321 0b70 6EAA1FBB 		.ascii	"n\252\037\273\216\345\262\373\177Nvw\325\256N-$@\265"
 321      8EE5B2FB 
 321      7F4E7677 
 321      D5AE4E2D 
 321      2440B5
 322 0b83 8556FDE4 		.ascii	"\205V\375\344\354b!\325&\314B/ \240]\220\003P\333e\223"
 322      EC6221D5 
 322      26CC422F 
 322      20A05D90 
 322      0350DB65 
 323 0b98 1F42CF17 		.ascii	"\037B\317\027<\207\006h\026\034(\250\374I#\017\354\375"
 323      3C870668 
 323      161C28A8 
 323      FC49230F 
 323      ECFD
 324 0baa 49E7BD97 		.ascii	"I\347\275\227b`_\322\300\016Y\016\300\354$\352ct3s\207"
 324      62605FD2 
 324      C00E590E 
 324      C0EC24EA 
 324      63743373 
 325 0bbf 4DFCFFF1 		.ascii	"M\374\377\361\030\011\345\275\003c;\224,zo\000\371`"
 325      1809E5BD 
 325      03633B94 
 325      2C7A6F00 
 325      F960
 326 0bd1 F44A8ADA 		.ascii	"\364J\212\332i\364F\354\321\033f\006\267<(i\234\346"
 326      69F446EC 
 326      D11B6606 
ARM GAS  /var/folders/qd/4mxf5pkd0zdf0b9dd1hp39180000gn/T//ccHHeTLg.s 			page 26


 326      B73C2869 
 326      9CE6
 327 0be3 CC219E45 		.ascii	"\314!\236E\227C\243\324\340\021\273\301]\027sZ\325S"
 327      9743A3D4 
 327      E011BBC1 
 327      5D17735A 
 327      D553
 328 0bf5 DDE3943B 		.ascii	"\335\343\224;\363\341\215\\7\321=/v\273\257\315\260"
 328      F3E18D5C 
 328      37D13D2F 
 328      76BBAFCD 
 328      B0
 329 0c06 AC9D8BC6 		.ascii	"\254\235\213\306D\337\300v%\2339(\372f\234\177\213\373"
 329      44DFC076 
 329      259B3928 
 329      FA669C7F 
 329      8BFB
 330 0c18 8DBFBF8E 		.ascii	"\215\277\277\216}\303#uA\201!\360\200\237\260`\366\342"
 330      7DC32375 
 330      418121F0 
 330      809FB060 
 330      F6E2
 331 0c2a 6F507FFC 		.ascii	"oP\177\374\351\337\347.\013\010\340p\2441t\006\364\353"
 331      E9DFE72E 
 331      0B08E070 
 331      A4317406 
 331      F4EB
 332 0c3c E1191811 		.ascii	"\341\031\030\021\024n2bC\230\331U\257\017\0163\277\263"
 332      146E3262 
 332      4398D955 
 332      AF0F0E33 
 332      BFB3
 333 0c4e 486FDE8C 		.ascii	"Ho\336\214tK#\"B\202\015\201\346\340\360\260H\335\037"
 333      744B2322 
 333      42820D81 
 333      E6E0F0B0 
 333      48DD1F
 334 0c61 0D21C111 		.ascii	"\015!\301\021\221F\275\321/\"\312\360\365\"\377\300"
 334      9146BDD1 
 334      2F22CAF0 
 334      F522FFC0 
 335 0c71 8808DDB2 		.ascii	"\210\010\335\262\3600\2631\314<mP\367yxxH\244n\265\301"
 335      F030B331 
 335      CC3C6D50 
 335      F7797878 
 335      48A46EB5 
 336 0c86 E017680A 		.ascii	"\340\027h\012\365\013\013\0173\372\031\003\377\035\354"
 336      F50B0B0F 
 336      33FA1903 
 336      FF1DEC
 337 0c95 B7C46FD1 		.ascii	"\267\304o\321\302\200%~\337\274\353\027\032\370U\270"
 337      C280257E 
 337      DFBCEB17 
 337      1AF855B8 
 338 0ca5 49376954 		.ascii	"I7iT\027\034f\010\211Zi\324\205\006\032\202\202\303"
 338      171C6608 
 338      895A69D4 
ARM GAS  /var/folders/qd/4mxf5pkd0zdf0b9dd1hp39180000gn/T//ccHHeTLg.s 			page 27


 338      85061A82 
 338      82C3
 339 0cb7 8C3AFD4A 		.ascii	"\214:\375J\343\252\300\250\020\263\336\374}\2041\322"
 339      E3AAC0A8 
 339      10B3DEFC 
 339      7D8431D2 
 340 0cc7 3F885389 		.ascii	"?\210S\211\272\305\377\377t\213\374>R\247\2174\257\004"
 340      BAC5FFFF 
 340      748BFC3E 
 340      52A78F34 
 340      AF04
 341 0cd9 4D402117 		.ascii	"M@!\027p\231\336\274X\356s\342\352\210p\023\000/\375"
 341      7099DEBC 
 341      58EE73E2 
 341      EA887013 
 341      002FFD
 342 0cec 6CC5B215 		.ascii	"l\305\262\025kt\206\360\320\210\340\020\243)R\367\361"
 342      6B7486F0 
 342      D088E010 
 342      A32952F7 
 342      F1
 343 0cfd B26564D8 		.ascii	"\262ed\330n\315\257\247N\263c\300;\014\273M\004Fo\236"
 343      6ECDAFA7 
 343      4EB363C0 
 343      3B0CBB4D 
 343      04466F9E 
 344 0d11 FBF3510D 		.ascii	"\373\363Q\015\342f\232\203L\306\300\225\221\372o\242"
 344      E2669A83 
 344      4CC6C095 
 344      91FA6FA2 
 345 0d21 8C5130C1 		.ascii	"\214Q0\301%4r\265\336\2542\007\207\032\303\243\314\032"
 345      253472B5 
 345      DEAC3207 
 345      871AC3A3 
 345      CC1A
 346 0d33 BD3E0A14 		.ascii	"\275>\012\024\016X\2547\253\355/\256`\011\031\326\233"
 346      0E58AC37 
 346      ABED2FAE 
 346      600919D6 
 346      9B
 347 0d44 F9A800A5 		.ascii	"\371\250\000\245\361\273\320\300\310\257E>\342b\265"
 347      F1BBD0C0 
 347      C8AF453E 
 347      E262B5
 348 0d53 FDC5CDF8 		.ascii	"\375\305\315\370-\270\221\214\352\315\012P)\002\233"
 348      2DB8918C 
 348      EACD0A50 
 348      29029B
 349 0d62 4D112802 		.ascii	"M\021(\002\003\200K\2449\320lte\223\336\0078\361\251"
 349      03804BA4 
 349      39D06C74 
 349      6593DE07 
 349      38F1A9
 350 0d75 36D301E0 		.ascii	"6\323\001\3407\230\327D`S@\200\332d\\\015\376\324\233"
 350      3798D744 
 350      60534080 
 350      DA645C0D 
ARM GAS  /var/folders/qd/4mxf5pkd0zdf0b9dd1hp39180000gn/T//ccHHeTLg.s 			page 28


 350      FED49B
 351 0d88 17FCACAB 		.ascii	"\027\374\254\253\240\303\000\366\202=0i!o\372\2007\275"
 351      A0C300F6 
 351      823D3069 
 351      216FFA80 
 351      37BD
 352 0d9a CF9B96F0 		.ascii	"\317\233\226\360\246\305\274\351=\336\364\256\033\341"
 352      A6C5BCE9 
 352      3DDEF4AE 
 352      1BE1
 353 0da8 26090A72 		.ascii	"&\011\012r\371\020\323\333\257#L\377\355\222P\020\250"
 353      F910D3DB 
 353      AF234CFF 
 353      ED925010 
 353      A8
 354 0db9 66B3F466 		.ascii	"f\263\364f\015\311y\346-\2451\202\330\245f\224\336\354"
 354      0DC979E6 
 354      2DA53182 
 354      D8A56694 
 354      DEEC
 355 0dcb 21BE988C 		.ascii	"!\276\230\214\253\214&c\230\001,\230M\374\3739\355\376"
 355      AB8C2663 
 355      98012C98 
 355      4DFCFB39 
 355      EDFE
 356 0ddd 8391FAF6 		.ascii	"\203\221\372\366S\343\032\363\362W\304\303\300\2751"
 356      53E31AF3 
 356      F257C4C3 
 356      C0BD31
 357 0dec 6DDED290 		.ascii	"m\336\322\220\220\345n\206\240\277\031\202>\203\316"
 357      90E56E86 
 357      A0BF1982 
 357      3E83CE
 358 0dfb EF9763E0 		.ascii	"\357\227c\340V\207\2010\022\004uH`$}Q\220\036\225!\312"
 358      56878130 
 358      12047548 
 358      60247D51 
 358      901E9521 
 359 0e10 04F84C55 		.ascii	"\004\370LU\022&c\250J\214\257V\352\322\233g\350\365"
 359      122663A8 
 359      4A8CAF56 
 359      EAD29B67 
 359      E8F5
 360 0e22 ABA2C20C 		.ascii	"\253\242\302\014z\275\377{\357,Y\250\266S\012CP\240"
 360      7ABDFF7B 
 360      EF2C59A8 
 360      B6530A43 
 360      50A0
 361 0e34 69D2D807 		.ascii	"i\322\330\007\377\001\013\256\310\236"
 361      FF010BAE 
 361      C89E
 362              		.text
 363              		.section	.gnu.lto_.symtab.9c2e852eee6061a5,"",%progbits
 364 0000 6F73616C 		.ascii	"osalThreadDequeueNextI\000"
 364      54687265 
 364      61644465 
 364      71756575 
ARM GAS  /var/folders/qd/4mxf5pkd0zdf0b9dd1hp39180000gn/T//ccHHeTLg.s 			page 29


 364      654E6578 
 365 0017 00       		.ascii	"\000"
 366 0018 00       		.ascii	"\000"
 367 0019 00       		.ascii	"\000"
 368 001a 00000000 		.ascii	"\000\000\000\000\000\000\000\000"
 368      00000000 
 369 0022 46010000 		.ascii	"F\001\000\000"
 370 0026 6F73616C 		.ascii	"osalThreadDequeueAllI\000"
 370      54687265 
 370      61644465 
 370      71756575 
 370      65416C6C 
 371 003c 00       		.ascii	"\000"
 372 003d 00       		.ascii	"\000"
 373 003e 00       		.ascii	"\000"
 374 003f 00000000 		.ascii	"\000\000\000\000\000\000\000\000"
 374      00000000 
 375 0047 48010000 		.ascii	"H\001\000\000"
 376 004b 6E696C00 		.ascii	"nil\000"
 377 004f 00       		.ascii	"\000"
 378 0050 02       		.ascii	"\002"
 379 0051 00       		.ascii	"\000"
 380 0052 00000000 		.ascii	"\000\000\000\000\000\000\000\000"
 380      00000000 
 381 005a 66010000 		.ascii	"f\001\000\000"
 382 005e 63685363 		.ascii	"chSchReadyI\000"
 382      68526561 
 382      64794900 
 383 006a 00       		.ascii	"\000"
 384 006b 02       		.ascii	"\002"
 385 006c 00       		.ascii	"\000"
 386 006d 00000000 		.ascii	"\000\000\000\000\000\000\000\000"
 386      00000000 
 387 0075 4D010000 		.ascii	"M\001\000\000"
 388              		.text
 389              		.section	.gnu.lto_.opts,"",%progbits
 390 0000 272D666D 		.ascii	"'-fmath-errno' '-fsigned-zeros' '-ftrapping-math' '"
 390      6174682D 
 390      6572726E 
 390      6F272027 
 390      2D667369 
 391 0033 2D666E6F 		.ascii	"-fno-trapv' '-fno-openmp' '-fno-openacc' '-mcpu=cor"
 391      2D747261 
 391      70762720 
 391      272D666E 
 391      6F2D6F70 
 392 0066 7465782D 		.ascii	"tex-m4' '-mno-thumb-interwork' '-mthumb' '-O2' '-fo"
 392      6D342720 
 392      272D6D6E 
 392      6F2D7468 
 392      756D622D 
 393 0099 6D69742D 		.ascii	"mit-frame-pointer' '-falign-functions=16' '-ffuncti"
 393      6672616D 
 393      652D706F 
 393      696E7465 
 393      72272027 
 394 00cc 6F6E2D73 		.ascii	"on-sections' '-fdata-sections' '-fno-common' '-flto"
ARM GAS  /var/folders/qd/4mxf5pkd0zdf0b9dd1hp39180000gn/T//ccHHeTLg.s 			page 30


 394      65637469 
 394      6F6E7327 
 394      20272D66 
 394      64617461 
 395 00ff 2700     		.ascii	"'\000"
 396              		.text
 397              		.comm	__gnu_lto_v1,1,1
 398              		.comm	__gnu_lto_slim,1,1
 399              		.ident	"GCC: (GNU Tools for Arm Embedded Processors 7-2017-q4-major) 7.2.1 20170904 (release) [ARM
ARM GAS  /var/folders/qd/4mxf5pkd0zdf0b9dd1hp39180000gn/T//ccHHeTLg.s 			page 31


DEFINED SYMBOLS
                            *ABS*:0000000000000000 osal.c
                            *COM*:0000000000000001 __gnu_lto_v1
                            *COM*:0000000000000001 __gnu_lto_slim

NO UNDEFINED SYMBOLS
