ARM GAS  /var/folders/qd/4mxf5pkd0zdf0b9dd1hp39180000gn/T//cckTd4rx.s 			page 1


   1              		.cpu cortex-m3
   2              		.eabi_attribute 20, 1
   3              		.eabi_attribute 21, 1
   4              		.eabi_attribute 23, 3
   5              		.eabi_attribute 24, 1
   6              		.eabi_attribute 25, 1
   7              		.eabi_attribute 26, 1
   8              		.eabi_attribute 30, 2
   9              		.eabi_attribute 34, 1
  10              		.eabi_attribute 18, 4
  11              		.file	"board.c"
  12              		.section	.gnu.lto_.profile.7edbfa63c44aca09,"",%progbits
  13 0000 789C6363 		.ascii	"x\234cc```\001bF\006>f\000\000\227\000\035"
  13      60606001 
  13      6246063E 
  13      66000097 
  13      001D
  14              		.text
  15              		.section	.gnu.lto_.icf.7edbfa63c44aca09,"",%progbits
  16 0000 789C6363 		.ascii	"x\234cc``\020a@\000f\206\306\031\023623v-\331\376\235"
  16      60601061 
  16      40006686 
  16      C6191336 
  16      3233762D 
  17 0017 8FA96BE1 		.ascii	"\217\251k\341\376..\006\000S^\007\346"
  17      FE2E2E06 
  17      00535E07 
  17      E6
  18              		.text
  19              		.section	.gnu.lto_.jmpfuncs.7edbfa63c44aca09,"",%progbits
  20 0000 789C6363 		.ascii	"x\234cc``\340d@\000&\020\301\010\304\000\001\202\000"
  20      6060E064 
  20      40002610 
  20      C108C400 
  20      018200
  21 0013 13       		.ascii	"\023"
  22              		.text
  23              		.section	.gnu.lto_.inline.7edbfa63c44aca09,"",%progbits
  24 0000 789C6363 		.ascii	"x\234cc``\320f@\000&\006\006\026\036F\020\305\300\266"
  24      6060D066 
  24      40002606 
  24      06161E46 
  24      10C5C0B6 
  25 0014 401E4431 		.ascii	"@\036D10r\201\010\006f&Ta\006\000-\266\001\351"
  25      30728108 
  25      06662654 
  25      6106002D 
  25      B601E9
  26              		.text
  27              		.section	.gnu.lto_.pureconst.7edbfa63c44aca09,"",%progbits
  28 0000 789C6363 		.ascii	"x\234cc```\005b&\006\011F\006\000\000\334\000'"
  28      60606005 
  28      62260609 
  28      46060000 
  28      DC0027
  29              		.text
  30              		.section	.gnu.lto___early_init.7edbfa63c44aca09,"",%progbits
ARM GAS  /var/folders/qd/4mxf5pkd0zdf0b9dd1hp39180000gn/T//cckTd4rx.s 			page 2


  31 0000 789C6363 		.ascii	"x\234cc``X\001\304F@,\015\304\214\314\014\214L\023\316"
  31      60605801 
  31      C446402C 
  31      0DC48CCC 
  31      0C8C4C13 
  32 0015 31303472 		.ascii	"104r012\202\030\015\034\214\014\365L\214\365\214=\314"
  32      30313282 
  32      180D1C8C 
  32      0CF54C8C 
  32      F58C3DCC 
  33 0029 5398190F 		.ascii	"S\230\031\017\265?\333\311\244\271\274\001\010\016L"
  33      B53FDBC9 
  33      A4B9BC01 
  33      080E4C
  34 0038 DF20D9B0 		.ascii	"\337 \331\260\342\000\343\034f\006\206i@\014\002\214"
  34      E200E31C 
  34      66068669 
  34      400C028C 
  35 0048 9B193519 		.ascii	"\233\0315\031\200\312\036m\3747\225\227\215\005\"\316"
  35      80CA1E6D 
  35      FC379597 
  35      8D0522CE 
  36 0058 B885918D 		.ascii	"\270\205\221\215\201\021\310X\177\211\365@\303\277\377"
  36      8111C858 
  36      7F89F540 
  36      C3BFFF
  37 0067 ED0D07CE 		.ascii	"\355\015\007\316,f\334\316\012\224\353\000b\240%\015"
  37      2C66DCCE 
  37      0A94EB00 
  37      62A0250D 
  38 0077 07183A99 		.ascii	"\007\030:\231\231@\254\346\003\014o\030\233\027\274"
  38      9940ACE6 
  38      030C6F18 
  38      9B17BC
  39 0086 96026B02 		.ascii	"\226\002k\002\232\264s\347\233\333\354\365\177\0338"
  39      9AB473E7 
  39      9BDBECF5 
  39      7F1B38
  40 0095 E630334E 		.ascii	"\34603Nc\006\232\302\270\225\261\236a\016P\365;\306"
  40      63069AC2 
  40      B895B19E 
  40      610E50F5 
  40      3BC6
  41 00a7 A605EFB9 		.ascii	"\246\005\357\271\300\352@\240\003(\0114\200\211\201"
  41      C0EA40A0 
  41      03280934 
  41      808981
  42 00b6 C1404F4F 		.ascii	"\301@OO\037\202\362\213\3653\022s\364\223\362\023\213"
  42      1F82F28B 
  42      F5331273 
  42      F493F213 
  42      8B
  43 00c7 528AF583 		.ascii	"R\212\365\203C\342\375B\235}\\\375\343\335\014\015\214"
  43      43E2FD42 
  43      9D7D5CFD 
  43      E3DD0C0D 
  43      8C
ARM GAS  /var/folders/qd/4mxf5pkd0zdf0b9dd1hp39180000gn/T//cckTd4rx.s 			page 3


  44 00d8 839C20E2 		.ascii	"\203\234 \342z\311\014\000\332xG\324"
  44      7AC90C00 
  44      DA7847D4 
  45              		.text
  46              		.section	.gnu.lto_boardInit.7edbfa63c44aca09,"",%progbits
  47 0000 789C6363 		.ascii	"x\234cc``\250\003b# \226\006bFf\006F\246\011\347\030"
  47      6060A803 
  47      62232096 
  47      06624666 
  47      0646A609 
  48 0016 181A3998 		.ascii	"\030\0329\230\030\031A\214\006\016F\206z&\306z\306\036"
  48      1819418C 
  48      060E4686 
  48      7A26C67A 
  48      C61E
  49 0028 E629CC8C 		.ascii	"\346)\314\214\207\332\237\355d\322\\\336\000\004\007"
  49      87DA9FED 
  49      64D25CDE 
  49      000407
  50 0037 A65F906C 		.ascii	"\246_\220lXq\200q\0163\003\3034 \006\001\306\315\214"
  50      58718071 
  50      0E3303C3 
  50      34200601 
  50      C6CD8C
  51 004a 9A0C4065 		.ascii	"\232\014@e\2176\376\233\312\313\306\002\021g\334\302"
  51      8F36FE9B 
  51      CACBC602 
  51      1167DCC2 
  52 005a C8C6C008 		.ascii	"\310\306\300\010d\254\277\304z\240\341\337\377\366\206"
  52      64ACBFC4 
  52      7AA0E1DF 
  52      FFF686
  53 0069 035F1631 		.ascii	"\003_\0261^feb`\350\000\312\003-i8\300\320\311\314\004"
  53      5E666562 
  53      60E800CA 
  53      032D6938 
  53      C0D0C9CC 
  54 007e 62351F60 		.ascii	"b5\037`x\307\330\244\000\326\002\002\035\314\214 a\240"
  54      78C7D8A4 
  54      00D60202 
  54      1DCC8C20 
  54      61A0
  55 0090 52033D3D 		.ascii	"R\003==}\010\312/\326\317H\314\321O\312O,J)\326\017"
  55      7D08CA2F 
  55      D6CF48CC 
  55      D14FCA4F 
  55      2C4A29D6 
  56 00a5 0E89F70B 		.ascii	"\016\211\367\013u\366q\365\217w340\016r\202\210\353"
  56      75F671F5 
  56      8F773334 
  56      300E7282 
  56      88EB
  57 00b7 25330000 		.ascii	"%3\000\000-\3079\325"
  57      2DC739D5 
  58              		.text
  59              		.section	.gnu.lto_pal_default_config.7edbfa63c44aca09,"",%progbits
  60 0000 789C6363 		.ascii	"x\234cc``(ad`\000\"0\230\302\314xp\323\204U\314\335"
ARM GAS  /var/folders/qd/4mxf5pkd0zdf0b9dd1hp39180000gn/T//cckTd4rx.s 			page 4


  60      60602861 
  60      64600022 
  60      3098C2CC 
  60      7870D384 
  61 0017 CC739819 		.ascii	"\314s\230\031\030;&.:\302\001\024\272{b\345j\250\320"
  61      183B262E 
  61      3AC20114 
  61      BA7B62E5 
  61      6AA8D0
  62 002a 7F20E007 		.ascii	"\177 \340\007\012}\271\177\355\006\267\305\266\206\216"
  62      0A7DB97F 
  62      ED06B7C5 
  62      B6868E
  63 0039 050D0673 		.ascii	"\005\015\006s\230\031\247\002\245\2660\312Lefd\334\014"
  63      9819A702 
  63      A5B630CA 
  63      4C656664 
  63      DC0C
  64 004b A2984014 		.ascii	"\242\230@\024\310\264?S^o\342\200h=2\001b\332\306\315"
  64      C8B43F53 
  64      5E6FE280 
  64      683D3201 
  64      62DAC6CD 
  65 005f B3FF3362 		.ascii	"\263\3773b\325\272\015E\353\352\315\033gr\301\035r\010"
  65      D5BA0D45 
  65      EBEACD1B 
  65      6772C11D 
  65      7208
  66 0071 AC755FEB 		.ascii	"\254u_\353u\026|\266\356\200h%\326u\013\217.\357d\201"
  66      75167CB6 
  66      EE806825 
  66      D6750B8F 
  66      2EEF6481 
  67 0085 5A31FDE1 		.ascii	"Z1\375\341A\220\025G\337\265\336\343\205\010\335\377"
  67      41901547 
  67      DFB5DEE3 
  67      8508DDFF 
  68 0095 FF0FECD7 		.ascii	"\377\017\354\327\363\217\017\314\344G5m\017\304\264"
  68      F38F0FCC 
  68      E447356D 
  68      0FC4B4
  69 00a4 DD28A66D 		.ascii	"\335(\246m>\264g\022/D]\300\034f\246\251\314\314\214"
  69      3EB46712 
  69      2F445DC0 
  69      1C66A6A9 
  69      CCCC8C
  70 00b7 7B192DA6 		.ascii	"{\031-\2462\2630\356\002Q\254\214;A\024\033\343v\020"
  70      32B330EE 
  70      0251AC8C 
  70      3B41141B 
  70      E37610
  71 00ca C5CEB895 		.ascii	"\305\316\270\225\321\202\201q\037\220\000\000\033\307"
  71      D1828171 
  71      1F900000 
  71      1BC7
  72 00d8 7AFC     		.ascii	"z\374"
  73              		.text
ARM GAS  /var/folders/qd/4mxf5pkd0zdf0b9dd1hp39180000gn/T//cckTd4rx.s 			page 5


  74              		.section	.gnu.lto_.symbol_nodes.7edbfa63c44aca09,"",%progbits
  75 0000 789C6363 		.ascii	"x\234cc``\360\000b\006\246\263\214\365\014\014\023\316"
  75      6060F000 
  75      6206A6B3 
  75      8CF50C0C 
  75      13CE
  76 0012 313000A9 		.ascii	"10\000\251]\015\216@\221s\214\365\214(\"\254g\030\031"
  76      5D0D8E40 
  76      91738CF5 
  76      8C2822AC 
  76      671819
  77 0025 1A95808A 		.ascii	"\032\225\200\212\031\3173\3263\201\245\030\030\032\032"
  77      19CF33D6 
  77      3381A518 
  77      181A1A
  78 0034 1C181898 		.ascii	"\034\030\030\230\201p\311\203\177\214\014\000\224X\021"
  78      8170C983 
  78      7F8C0C00 
  78      945811
  79 0043 8D       		.ascii	"\215"
  80              		.text
  81              		.section	.gnu.lto_.refs.7edbfa63c44aca09,"",%progbits
  82 0000 789C6363 		.ascii	"x\234cc```\004b\006\000\000D\000\010"
  82      60606004 
  82      62060000 
  82      440008
  83              		.text
  84              		.section	.gnu.lto_.decls.7edbfa63c44aca09,"",%progbits
  85 0000 789CC555 		.ascii	"x\234\305UkLTG\024\276\347\016\254\260P\227@\323\320"
  85      6B4C5447 
  85      14BEE70E 
  85      ACB05097 
  85      40D3D0
  86 0013 C61FD4AC 		.ascii	"\306\037\324\254\221?\313e\261\211\177\232&\212\217"
  86      913FCB65 
  86      B1897F9A 
  86      268A8F
  87 0022 9A5025AD 		.ascii	"\232P%\255\376\351\217\256\353\262\312\326ew\313.\255"
  87      FEE98FAE 
  87      EBB2CAD6 
  87      6577CB2E 
  87      AD
  88 0033 C4A45E04 		.ascii	"\304\244^\004\253AS|\220V\264\266\306\027\321\332J\243"
  88      AB41537C 
  88      9056B4B6 
  88      C617D1DA 
  88      4AA3
  89 0045 F8604116 		.ascii	"\370`A\026,\017\255X\245\276\260<V\020X[@J\015F\264"
  89      2C0FAD58 
  89      A5BEB03C 
  89      5610585B 
  89      404A0D46 
  90 005a D2333377 		.ascii	"\32233w\271+\017c\177u\262\347\316\234\231o\276\357"
  90      B92B0F63 
  90      7F75B2E7 
  90      CE9C996F 
  90      BEEF
ARM GAS  /var/folders/qd/4mxf5pkd0zdf0b9dd1hp39180000gn/T//cckTd4rx.s 			page 6


  91 006c CC3973EF 		.ascii	"\3149s\357j\004Ax3B\020\276\020\005\241\025\307\243"
  91      6A044178 
  91      334210BE 
  91      1005A115 
  91      C7A3
  92 007e D8C2B0AF 		.ascii	"\330\302\260\257\021\324F\320\274hUh\325h\2006 <\337"
  92      11D446D0 
  92      BC685568 
  92      D5688036 
  92      203CDF
  93 0091 3E038E5B 		.ascii	">\003\216[\211\366\000\255B\231\027\225\275\325\302"
  93      89F600AD 
  93      42991795 
  93      BDD5C2
  94 00a0 C4B61E38 		.ascii	"\304\266\0368\327J\305\007Ec|kS\270g\013<\306~4\014"
  94      D74AC507 
  94      45637C6B 
  94      53B8670B 
  94      3CC67E34 
  95 00b5 59B88976 		.ascii	"Y\270\211v\013\3556Z/\332}\264.\264{h\335\223\360\320"
  95      0BED365A 
  95      2FDA7DB4 
  95      2EB47B68 
  95      DD93F0D0 
  96 00c9 564CA0A2 		.ascii	"VL\240\242\246\252:\252\003\332\000c\203\030\256\014"
  96      A6AA3AAA 
  96      03DA0063 
  96      8318AE0C 
  97 00d9 FC893D35 		.ascii	"\374\211=5\346\217\006\033\360y\234\025y\247@\251\023"
  97      E68F061B 
  97      F0799C15 
  97      79A740A9 
  97      13
  98 00ea DC026333 		.ascii	"\334\002c3\242\302!\006y\331O!\200PV\276\316\345\202"
  98      A2C22106 
  98      79D94F21 
  98      805056BE 
  98      CEE582
  99 00fd 8D67810F 		.ascii	"\215g\201\017B\366\361)Q\025\013\3312!Valy,(\365\220"
  99      42F6F129 
  99      51150BD9 
  99      32215661 
  99      6C792C28 
 100 0113 A024A1B6 		.ascii	"\240$\241\2669/\240\365C;\256~(\010\333#\262\200\316"
 100      392FA0F5 
 100      433BAE7E 
 100      2808DB23 
 100      B280CE
 101 0126 FED55F74 		.ascii	"\376\325_tEGD6>\335{\2613\234\350\330\370\216\277d0"
 101      45474436 
 101      3EDD7BB1 
 101      339CE8D8 
 101      F88EBF64 
 102 013b 32E9B8CC 		.ascii	"2\351\270\314[\304\006\001N\003\011\346\263n\364\221"
 102      5BC40601 
 102      4E0309E6 
 102      B36EF491 
ARM GAS  /var/folders/qd/4mxf5pkd0zdf0b9dd1hp39180000gn/T//cckTd4rx.s 			page 7


 103 014b 4FB79540 		.ascii	"O\267\225@\254\026Dt\233\007/\357\213B\367U-\304\240"
 103      AC164474 
 103      9B072FEF 
 103      8B42F755 
 103      2DC4A0
 104 015e 7B7CDB68 		.ascii	"{|\333hqx\374Wt\337\366|9F\204\225\257\3019\230\001"
 104      7178FC57 
 104      74DFF67C 
 104      39468495 
 104      AFC13998 
 105 0173 67610646 		.ascii	"ga\006FS\001\361\370t\204q\246\276\315?\330g\356\227"
 105      5301F1F8 
 105      748471A6 
 105      BECD3FD8 
 105      67EE97
 106 0186 F7FB655F 		.ascii	"\367\373e_CIB\367)Y\336\204\333\302(\012\312\201\300"
 106      434942F7 
 106      2959DE84 
 106      DBC2280A 
 106      CA81C0
 107 0199 1948A247 		.ascii	"\031H\242G(\247\332p\012\374\000'\241\003O\340\205\231"
 107      28A7DA70 
 107      0AFC0027 
 107      A1034FE0 
 107      8599
 108 01ab B8FB724F 		.ascii	"\270\373rO\333z\222\313\342=\325\332\342\013G\2462d"
 108      DB7A92CB 
 108      E23DD5DA 
 108      E20B47A6 
 108      3264
 109 01bd AA3D42E4 		.ascii	"\252=B\344b\244\211a4\225*M\345x\232*F#\007\274\255"
 109      62A48961 
 109      34952A4D 
 109      E5789A2A 
 109      462307BC 
 110 01d2 3A920F8C 		.ascii	":\222\017\214\250\350X\341\371H$\362\313\262\257\367"
 110      A8E858E1 
 110      F94824F2 
 110      CBB2AFF7 
 111 01e2 98DE5B16 		.ascii	"\230\336[\026\220\267hY\330p^e:\257$\003\252\031C\343"
 111      90B76859 
 111      D8705E65 
 111      3AAF2403 
 111      AA1943E3 
 112 01f6 851F87A3 		.ascii	"\205\037\207\243H\235\302\220\337\3769O\316\333\350"
 112      489DC290 
 112      DFFE394F 
 112      CEDBE8
 113 0205 6DDB5DBA 		.ascii	"m\333]\272]\303\223\343'\350{\317T\326\207\363\345d"
 113      5DC393E3 
 113      27E87BCF 
 113      54D687F3 
 113      E564
 114 0217 749F048A 		.ascii	"t\237\004\212[\200\273\321\350n\364\266\354\320)hV\236"
 114      5B80BBD1 
 114      E86EF4B6 
 114      ECD02968 
ARM GAS  /var/folders/qd/4mxf5pkd0zdf0b9dd1hp39180000gn/T//cckTd4rx.s 			page 8


 114      569E
 115 0229 A63D5DD3 		.ascii	"\246=]\323\271\237\020\342\306r\367\313\242\223?i\311"
 115      B99F10E2 
 115      C672F7CB 
 115      A2933F69 
 115      C9
 116 023a 6D2EBBC7 		.ascii	"m.\273\307\373\360\222B\034\201\356\265\202\262o\010"
 116      FBF09242 
 116      1C81EEB5 
 116      82B26F08 
 117 024a 77C3D03D 		.ascii	"w\303\320=XW1\022E:8\264\255\361\350\367tm\266\026\350"
 117      58573112 
 117      453A38B4 
 117      ADF1E8F7 
 117      746DB616 
 118 025f 15D2E1D4 		.ascii	"\025\322\341\324\211\276s\217_\341S\024\321\\4th\032"
 118      89BE738F 
 118      5FE15314 
 118      D15C3474 
 118      681A
 119 0271 E96270B1 		.ascii	"\351bp\261\243\345I\353t\320&n\221\345\215\362\376|"
 119      A3E549EB 
 119      74D0266E 
 119      91E58DF2 
 119      FE7C
 120 0283 39F25D01 		.ascii	"9\362]\001\352\261\240\227\260\240p\025\022\351&\232"
 120      EAB1A097 
 120      B0A07015 
 120      12E9269A 
 121 0293 1768C2C9 		.ascii	"\027h\302\311\3138y\204\326\336\367\250\352\235\222"
 121      CB387984 
 121      D6DEF7A8 
 121      EA9D92
 122 02a2 21594E80 		.ascii	"!YN\200_A\013W\324\334\315\326\362\332\037=\264\343"
 122      5F410B57 
 122      D4DCCDD6 
 122      F2DA1F3D 
 122      B4E3
 123 02b4 80866C24 		.ascii	"\200\206l$L\303\273\267\273N\234J\343\267)5:\356\317"
 123      4CC3BBB7 
 123      BB4E9C4A 
 123      E3B72935 
 123      3AEECF
 124 02c7 ACC71B23 		.ascii	"\254\307\033#B3j\\S5P\222\213tV\264\346\211\2448\214"
 124      42336A5C 
 124      53355092 
 124      8B7456B4 
 124      E689A438 
 125 02dc 9DEA5961 		.ascii	"\235\352Ya\345 !\273\231\023\336\370p8?\032\364z}\\"
 125      E52021BB 
 125      9913DEF8 
 125      70383F1A 
 125      F47A7D5C 
 126 02f0 E2012AEA 		.ascii	"\342\001*\352\353\335JF\232\003\262\2743\232\261]G\266"
 126      EBDD4A46 
 126      9A03B2BC 
 126      339AB15D 
ARM GAS  /var/folders/qd/4mxf5pkd0zdf0b9dd1hp39180000gn/T//cckTd4rx.s 			page 9


 126      47B6
 127 0302 168853A3 		.ascii	"\026\210S\243\220\350\3655\342C\340\370\316R\"\037\212"
 127      90E8F535 
 127      E243E0F8 
 127      CE52221F 
 127      8A
 128 0313 67D85F26 		.ascii	"g\330_&\305\326\203\012\036R\3017\306\203/\302\030\363"
 128      C5D6830A 
 128      1E52C137 
 128      C6832FC2 
 128      18F3
 129 0325 0EF6D6A0 		.ascii	"\016\366\326\240A\230\000u\010\370\231\255Q8\236\014"
 129      41980075 
 129      08F899AD 
 129      51389E0C 
 130 0335 EE60226E 		.ascii	"\356`\"n\202\036n\241\335\006=\273\202<\021\365_\023"
 130      821E6EA1 
 130      DD063DBB 
 130      823C11F5 
 130      5F13
 131 0347 7C4D2950 		.ascii	"|M)PPr\240\274\253\325\317\012\256j\310\025vf\261\341"
 131      5072A0BC 
 131      ABD5CF0A 
 131      AE6AC815 
 131      7666B1E1 
 132 035b E8B12680 		.ascii	"\350\261&\200\270\304Ie\360\373\230\370\022J\317\346"
 132      B8C44965 
 132      F0FB98F8 
 132      124ACFE6 
 133 036b 52A156C4 		.ascii	"R\241V\304\375\256\346\233\3522\271\201\202n\177\024"
 133      FDAEE69B 
 133      EA32B981 
 133      826E7F14 
 134 037b BF76F1E8 		.ascii	"\277v\361\350\2267\235m\017'wy\372[\207nn\216\"\001"
 134      96379D6D 
 134      0F277779 
 134      FA5B876E 
 134      6E8E2201 
 135 038f EE9C785A 		.ascii	"\356\234xZ\\\252!\017\270SX\276\353\240\216\0143g\332"
 135      5CAA210F 
 135      B85358BE 
 135      EBA08E0C 
 135      3367DA
 136 03a2 A66F1BF6 		.ascii	"\246o\033\366Mc\205\321'\352\0170\315\341\222\330]\262"
 136      4D6385D1 
 136      27EA0F30 
 136      CDE192D8 
 136      5DB2
 137 03b4 DC98CC64 		.ascii	"\334\230\314d;P\266\007\373\261\270\333!\2642\010\257"
 137      3B50B607 
 137      FBB1B8DB 
 137      21B43208 
 137      AF
 138 03c5 7D234FF6 		.ascii	"}#O\366\025\020\206n\034\217n\200\347j\203\360;!\360"
 138      1510866E 
 138      1C8F6E80 
 138      E76A83F0 
ARM GAS  /var/folders/qd/4mxf5pkd0zdf0b9dd1hp39180000gn/T//cckTd4rx.s 			page 10


 138      3B21F0
 139 03d8 CEF1F00B 		.ascii	"\316\361\360\013S\024\247\026\0015l\255GIY\000S\326"
 139      5314A716 
 139      01356CAD 
 139      47495900 
 139      53D6
 140 03ea 8BE9BA8F 		.ascii	"\213\351\272\217\326\205v\017\255[I\035\027j~]\025\272"
 140      D685760F 
 140      AD5B491D 
 140      176A7E5D 
 140      15BA
 141 03fc 3B5E48BD 		.ascii	";^H\275^JEKb\363P\212\202BK\312\231zB\023\342\037Ou"
 141      5E4A454B 
 141      62F3508A 
 141      82424BCA 
 141      997A4213 
 142 0414 31E48898 		.ascii	"1\344\210\230\335\232\307}\233t\344\037~\005N\364\017"
 142      DD9AC77D 
 142      9B74E41F 
 142      7E054EF4 
 142      0F
 143 0425 6E80C438 		.ascii	"n\200\3048\2561\260WC\213\331\207\233\377P\213\331\303"
 143      AE31B057 
 143      438BD987 
 143      9BFF508B 
 143      D9C3
 144 0437 8A39E969 		.ascii	"\2129\351i\341O<\344\313\034\030e\257\217\374}C\027"
 144      E14F3CE4 
 144      CB1C1865 
 144      AF8FFC7D 
 144      4317
 145 0449 A7D06C99 		.ascii	"\247\320l\231\222Fx\021G\317\255\221\303\342\254\203"
 145      92467811 
 145      47CFAD91 
 145      C3E2AC83 
 146 0459 72998FFE 		.ascii	"r\231\217\376A\350w\035F.\200~\334\351\343\361\206\324"
 146      41E8771D 
 146      462E807E 
 146      DCE9E3F1 
 146      86D4
 147 046b 81CE7C24 		.ascii	"\201\316|$\0120\000\263p\347wO\237\224L\217.\034\373"
 147      0A3000B3 
 147      70E7774F 
 147      9F944C8F 
 147      2E1CFB
 148 047e 9CB02F78 		.ascii	"\234\260/x\360\225\023\340\001D\263\3577\355\243M&\253"
 148      F09513E0 
 148      0144B3EF 
 148      37EDA34D 
 148      26AB
 149 0490 39DB9E6B 		.ascii	"9\333\236k\2629l\036))I\3719\335R\246\331.\255r\232"
 149      B2396C1E 
 149      292949F9 
 149      39DD52A6 
 149      D92EAD72 
 150 04a5 B333DCD2 		.ascii	"\2633\334\322\007\313MKW\244\246-\\fZdL\236\363\376"
 150      07CB4D4B 
ARM GAS  /var/folders/qd/4mxf5pkd0zdf0b9dd1hp39180000gn/T//cckTd4rx.s 			page 11


 150      57A4A62D 
 150      5C665A64 
 150      4C9EF3FE 
 151 04b9 7C3E9F64 		.ascii	"|>\237d\211X\274tEB\252\321($\377\307\215B$\033,A\315"
 151      8958BC74 
 151      4542AAD1 
 151      2824FFC7 
 151      8D42241B 
 152 04d0 18B7276B 		.ascii	"\030\267'kN\212\311bwZ\326\262 &p\271\234\331\036J\365"
 152      4E8AC962 
 152      775AD6B2 
 152      202670B9 
 152      9CD91E4A 
 153 04e5 DE9C14FE 		.ascii	"\336\234\024\376\\d\\\267\216\256\230\354\366\214\244"
 153      5C645CB7 
 153      8EAE98EC 
 153      F68CA4
 154 04f4 4C21D685 		.ascii	"L!\326\205\303\014\353js\216\335c\2628\035\253mk4\351"
 154      C30CEB6A 
 154      738EDD63 
 154      B2381DAB 
 154      6D6B34E9 
 155 0508 0B16983D 		.ascii	"\013\026\230=fb\311\266kM\246\034\233\303\203\022\236"
 155      6662C9B6 
 155      6B4DA61C 
 155      9BC38312 
 155      9E
 156 0519 9D20CD73 		.ascii	"\235 \315s\271\3546\213\331cs:\334\322B\213\335\346"
 156      B9EC368B 
 156      D963733A 
 156      DCD2428B 
 156      DDE6
 157 052b 725B4D56 		.ascii	"r[MV\203+\307\2626%\311\354rI\251N\207\307\352\360L"
 157      832BC7B2 
 157      3625C9EC 
 157      7249A94E 
 157      87C7EAF0 
 158 0540 5894963B 		.ascii	"X\224\226;\235v\267\264\306b1\230\263\263\014\016\247"
 158      9D76B7B4 
 158      C6623198 
 158      B3B30C0E 
 158      A7
 159 0551 C36AB09A 		.ascii	"\303j\260\232W\331\014s\015)\311\306\271\206O\3362d"
 159      57D90C73 
 159      0D29C9C6 
 159      B9864FDE 
 159      3264
 160 0563 993F7666 		.ascii	"\231?vfK\317\255J6\207\305\236\223a\225\262\314\226"
 160      4BCFAD4A 
 160      3687C59E 
 160      936195B2 
 160      CC96
 161 0575 4C9BC32A 		.ascii	"L\233\303*\215\305\351\311uY\335\030|D0\270\315\377"
 161      8DC5E9C9 
 161      7559DD18 
 161      7C4430B8 
 161      CDFF
ARM GAS  /var/folders/qd/4mxf5pkd0zdf0b9dd1hp39180000gn/T//cckTd4rx.s 			page 12


 162 0587 5F70EE5C 		.ascii	"_p\356\\\267dr{20\022\214\21083\2621q\231\306\027\325"
 162      B764727B 
 162      3230128C 
 162      883833B2 
 162      317199C6 
 163 059d 212D6D81 		.ascii	"!-m\201\2648}\311\262O\215\222K-\004/\345\032\227\315"
 163      B4387DC9 
 163      B24F8D92 
 163      4B2D042F 
 163      E51A97CD 
 164 05b1 69725B3D 		.ascii	"ir[=9.\223G\223\236J\013\241I\237\317\273y\274[H\273"
 164      392E9347 
 164      939E4A0B 
 164      A1499FCF 
 164      BB79BC5B 
 165 05c7 C8F47969 		.ascii	"\310\364yi\251\254\\\377\002\027\004'\030"
 165      A9AC5CFF 
 165      02170427 
 165      18
 166              		.text
 167              		.section	.gnu.lto_.symtab.7edbfa63c44aca09,"",%progbits
 168 0000 5F5F6561 		.ascii	"__early_init\000"
 168      726C795F 
 168      696E6974 
 168      00
 169 000d 00       		.ascii	"\000"
 170 000e 00       		.ascii	"\000"
 171 000f 00       		.ascii	"\000"
 172 0010 00000000 		.ascii	"\000\000\000\000\000\000\000\000"
 172      00000000 
 173 0018 BB000000 		.ascii	"\273\000\000\000"
 174 001c 626F6172 		.ascii	"boardInit\000"
 174      64496E69 
 174      7400
 175 0026 00       		.ascii	"\000"
 176 0027 00       		.ascii	"\000"
 177 0028 00       		.ascii	"\000"
 178 0029 00000000 		.ascii	"\000\000\000\000\000\000\000\000"
 178      00000000 
 179 0031 BD000000 		.ascii	"\275\000\000\000"
 180 0035 70616C5F 		.ascii	"pal_default_config\000"
 180      64656661 
 180      756C745F 
 180      636F6E66 
 180      696700
 181 0048 00       		.ascii	"\000"
 182 0049 00       		.ascii	"\000"
 183 004a 00       		.ascii	"\000"
 184 004b 00000000 		.ascii	"\000\000\000\000\000\000\000\000"
 184      00000000 
 185 0053 EE000000 		.ascii	"\356\000\000\000"
 186 0057 73746D33 		.ascii	"stm32_clock_init\000"
 186      325F636C 
 186      6F636B5F 
 186      696E6974 
 186      00
 187 0068 00       		.ascii	"\000"
ARM GAS  /var/folders/qd/4mxf5pkd0zdf0b9dd1hp39180000gn/T//cckTd4rx.s 			page 13


 188 0069 02       		.ascii	"\002"
 189 006a 00       		.ascii	"\000"
 190 006b 00000000 		.ascii	"\000\000\000\000\000\000\000\000"
 190      00000000 
 191 0073 BF000000 		.ascii	"\277\000\000\000"
 192              		.text
 193              		.section	.gnu.lto_.opts,"",%progbits
 194 0000 272D666D 		.ascii	"'-fmath-errno' '-fsigned-zeros' '-ftrapping-math' '"
 194      6174682D 
 194      6572726E 
 194      6F272027 
 194      2D667369 
 195 0033 2D666E6F 		.ascii	"-fno-trapv' '-fno-openmp' '-fno-openacc' '-mcpu=cor"
 195      2D747261 
 195      70762720 
 195      272D666E 
 195      6F2D6F70 
 196 0066 7465782D 		.ascii	"tex-m3' '-mno-thumb-interwork' '-mthumb' '-O2' '-fo"
 196      6D332720 
 196      272D6D6E 
 196      6F2D7468 
 196      756D622D 
 197 0099 6D69742D 		.ascii	"mit-frame-pointer' '-falign-functions=16' '-ffuncti"
 197      6672616D 
 197      652D706F 
 197      696E7465 
 197      72272027 
 198 00cc 6F6E2D73 		.ascii	"on-sections' '-fdata-sections' '-fno-common' '-flto"
 198      65637469 
 198      6F6E7327 
 198      20272D66 
 198      64617461 
 199 00ff 2700     		.ascii	"'\000"
 200              		.text
 201              		.comm	__gnu_lto_v1,1,1
 202              		.comm	__gnu_lto_slim,1,1
 203              		.ident	"GCC: (GNU Tools for Arm Embedded Processors 7-2017-q4-major) 7.2.1 20170904 (release) [ARM
ARM GAS  /var/folders/qd/4mxf5pkd0zdf0b9dd1hp39180000gn/T//cckTd4rx.s 			page 14


DEFINED SYMBOLS
                            *ABS*:0000000000000000 board.c
                            *COM*:0000000000000001 __gnu_lto_v1
                            *COM*:0000000000000001 __gnu_lto_slim

NO UNDEFINED SYMBOLS
