ARM GAS  /var/folders/qd/4mxf5pkd0zdf0b9dd1hp39180000gn/T//ccLiURoC.s 			page 1


   1              		.cpu cortex-m3
   2              		.eabi_attribute 20, 1
   3              		.eabi_attribute 21, 1
   4              		.eabi_attribute 23, 3
   5              		.eabi_attribute 24, 1
   6              		.eabi_attribute 25, 1
   7              		.eabi_attribute 26, 1
   8              		.eabi_attribute 30, 2
   9              		.eabi_attribute 34, 1
  10              		.eabi_attribute 18, 4
  11              		.file	"hal.c"
  12              		.section	.gnu.lto_.profile.5e45b674b5f3911,"",%progbits
  13 0000 789C6363 		.ascii	"x\234cc```\001bF\006Sv\000\000\351\000H"
  13      60606001 
  13      62460653 
  13      760000E9 
  13      0048
  14              		.text
  15              		.section	.gnu.lto_.icf.5e45b674b5f3911,"",%progbits
  16 0000 789C6363 		.ascii	"x\234cc``\340`@\000F\206Y/:\33703\000\000\016b\003\012"
  16      6060E060 
  16      40004686 
  16      592F3ADF 
  16      30330000 
  17              		.text
  18              		.section	.gnu.lto_.jmpfuncs.5e45b674b5f3911,"",%progbits
  19 0000 789C6363 		.ascii	"x\234cc``\360b@\000F\010\305\3048\205\231\261\371\327"
  19      6060F062 
  19      40004608 
  19      C5C43885 
  19      99B1F9D7 
  20 0014 FECF7CF5 		.ascii	"\376\317|\365\177\033$\34603,`\006Inf\254g`<\300\302"
  20      7F1B24E6 
  20      30332C60 
  20      06496E66 
  20      AC67603C 
  21 002a C800C47F 		.ascii	"\310\000\304\177\376\377\377\317\317\310\004T7\255\365"
  21      FEFFFFCF 
  21      CFC80454 
  21      37ADF5
  22 0039 D079F66E 		.ascii	"\320y\366nf\240*F\006\306-\2142 \314\300\000\000\006"
  22      66A02A46 
  22      06C62D8C 
  22      3220CCC0 
  22      000006
  23 004c D81467   		.ascii	"\330\024g"
  24              		.text
  25              		.section	.gnu.lto_.inline.5e45b674b5f3911,"",%progbits
  26 0000 789C6363 		.ascii	"x\234cc``\320c@\000F\006\006NSF\006& \223m\201<\023"
  26      6060D063 
  26      40004606 
  26      064E5346 
  26      06262093 
  27 0018 58880B85 		.ascii	"X\210\013\205`\342\006\251\0023\031\0004\322\001x"
  27      60E206A9 
  27      02331900 
  27      34D20178 
ARM GAS  /var/folders/qd/4mxf5pkd0zdf0b9dd1hp39180000gn/T//ccLiURoC.s 			page 2


  28              		.text
  29              		.section	.gnu.lto_.pureconst.5e45b674b5f3911,"",%progbits
  30 0000 789C6363 		.ascii	"x\234cc```\006bF\006\011\000\000}\000#"
  30      60606006 
  30      62460609 
  30      00007D00 
  30      23
  31              		.text
  32              		.section	.gnu.lto_halInit.5e45b674b5f3911,"",%progbits
  33 0000 789C7590 		.ascii	"x\234u\220\273J\003A\024\206\317\277\223\033\250\301"
  33      BB4A0341 
  33      1486CFBF 
  33      931BA8C1 
  34 0010 C2424D0A 		.ascii	"\302BM\012\3334\311{\370\026\222\306B\020\314\003\354"
  34      DB34C97B 
  34      F81692C6 
  34      4210CC03 
  34      EC
  35 0021 C43524A2 		.ascii	"\3045$\242\205E\\-\026Y\304k%\342%\256\027\\\362\000"
  35      85455C2D 
  35      1659C46B 
  35      25E225AE 
  35      175CF200 
  36 0035 8AB676A2 		.ascii	"\212\266v\242V\361\002V*F\377\311\212X\304\303\034f"
  36      56F10256 
  36      2A46FFC9 
  36      8A58C4C3 
  36      1C66
  37 0047 E69C6FCE 		.ascii	"\346\234o\316\371\317$Dd\003\"Y\356\031:\224\300Z\270"
  37      F9CF2444 
  37      64032259 
  37      EE193A94 
  37      C05AB8
  38 005a 1029A72C 		.ascii	"\020)\247,\300\034t\012b[\2601\257\352\012\315\352C"
  38      C01C740A 
  38      625BB031 
  38      AFEA0ACD 
  38      EA43
  39 006c 60E53635 		.ascii	"`\34565-\\z\031\322[!<%\342\322\215a\0179!v\273\333"
  39      2D5C7A19 
  39      D25B213C 
  39      25E2D28D 
  39      610F3921 
  40 0083 5EEC4BC4 		.ascii	"^\354K\304\2428\366\221\020\366\220\235\353x\250\333"
  40      A238F691 
  40      10F6909D 
  40      EB78A8DB 
  41 0093 5F551DDE 		.ascii	"_U\035\336\255\2421\232\024\2511\317&:\224Ye\231\223"
  41      ADA2319A 
  41      14A931CF 
  41      263A9459 
  41      659993
  42 00a6 134A0B8E 		.ascii	"\023J\013\216\377\221\351<b\245 h\335$\355O\235\362"
  42      FF91E93C 
  42      62A52068 
  42      DD24ED4F 
  42      9DF2
ARM GAS  /var/folders/qd/4mxf5pkd0zdf0b9dd1hp39180000gn/T//ccLiURoC.s 			page 3


  43 00b8 145CC52A 		.ascii	"\024\\\305*8\200-\036\351\026f\374\365\336.\234r\231"
  43      38802D1E 
  43      E91666FC 
  43      F5DE2E9C 
  43      7299
  44 00ca 151C9263 		.ascii	"\025\034\222c\302\2554/\223s\312S1\230\253\363~\376"
  44      C2AD342F 
  44      9373CA53 
  44      3198ABF3 
  44      7EFE
  45 00dc 9A2637C8 		.ascii	"\232&7\310\200o\3241\366v\365X\353\361\261R\356\367"
  45      806FD431 
  45      F676F558 
  45      EBF1B152 
  45      EEF7
  46 00ee 541C479C 		.ascii	"T\034G\234\265\201l'\343\254\355U@zY\353\021S!\200\217"
  46      B5816C27 
  46      E3ACED55 
  46      407A59EB 
  46      11532180 
  47 0103 689C63D8 		.ascii	"h\234c\330\236Jt\304n\247\273\213eu\234\374\212%7\320"
  47      9E4A74C4 
  47      6EA7BB8B 
  47      65759CFC 
  47      8A2537D0 
  48 0117 9D8B913B 		.ascii	"\235\213\221;\375\303\335\377\303\305\311\235\375pO"
  48      FDC3DDFF 
  48      C3C5C99D 
  48      FD704F
  49 0126 98F69FEB 		.ascii	"\230\366\237\353\221\026c5~\015\277\217s\017\347\363"
  49      91166335 
  49      7E0DBF8F 
  49      730FE7F3 
  50 0136 85684D96 		.ascii	"\205hM\226\012\343c\023\205\322T\321\354\371\242|\003"
  50      0AE36313 
  50      85D254D1 
  50      ECF9A27C 
  50      03
  51 0147 82A092F0 		.ascii	"\202\240\222\360"
  52              		.text
  53              		.section	.gnu.lto_.symbol_nodes.5e45b674b5f3911,"",%progbits
  54 0000 789C55C9 		.ascii	"x\234U\311\275\015\2030\024E\341sm\314\034\031\005&"
  54      BD0D8330 
  54      1445E173 
  54      6DCC1C19 
  54      0526
  55 0012 7B2E3200 		.ascii	"{.2\000-=S\244\246\344'\311\004\211\2249\"\036\256p"
  55      2D3D53A4 
  55      A6E427C9 
  55      04899439 
  55      221EAE70 
  56 0026 71F549E7 		.ascii	"q\365I\347\266\300\350#,2\0306p\036\271\207\264\213"
  56      B6C0E823 
  56      2C321836 
  56      701EB987 
  56      B48B
  57 0038 9B3F7ACB 		.ascii	"\233?z\313T\036\310\271\363\360\222\205*<e\261\012\233"
ARM GAS  /var/folders/qd/4mxf5pkd0zdf0b9dd1hp39180000gn/T//ccLiURoC.s 			page 4


  57      541EC8B9 
  57      F3F09285 
  57      2A3C65B1 
  57      0A9B
  58 004a ACA9C22A 		.ascii	"\254\251\302*K\327\020i\231>\177E\022s\261\341W\214"
  58      4BD71069 
  58      993E7F45 
  58      1273B1E1 
  58      578C
  59 005c DCBFA781 		.ascii	"\334\277\247\201\311\345\000\021\241&\347"
  59      C9E50011 
  59      A126E7
  60              		.text
  61              		.section	.gnu.lto_.refs.5e45b674b5f3911,"",%progbits
  62 0000 789C6363 		.ascii	"x\234cc```\003bF\006&F&\006\000\000\263\000\023"
  62      60606003 
  62      62460626 
  62      46260600 
  62      00B30013 
  63              		.text
  64              		.section	.gnu.lto_.decls.5e45b674b5f3911,"",%progbits
  65 0000 789CC556 		.ascii	"x\234\305V[L\024W\030\236\177\317\262\300\002b\240i"
  65      5B4C1457 
  65      189E7FCF 
  65      B2C00262 
  65      A069
  66 0012 D0D8C41A 		.ascii	"\320\330\304\032\032y\201\0014\261\017}Q\274\324\204"
  66      1A798101 
  66      34B10F7D 
  66      51BCD484 
  67 0022 2A69F5A5 		.ascii	"*i\365\245/\353\272\254\262\355\262\273e\227F\323\244"
  67      2FEBBAAC 
  67      B2EDB2BB 
  67      659746D3 
  67      A4
  68 0033 1D042FA1 		.ascii	"\035\004/\241D\240\022-\240\226\200\251E\215\227\012"
  68      44A0122D 
  68      A09680A9 
  68      458D970A 
  69 0043 5E000B68 		.ascii	"^\000\013h\271\210 \212W\220\233(\2127XAA\324J\377s"
  69      B988208A 
  69      57909B28 
  69      8A375841 
  69      41D44AFF 
  70 0058 CEECCEB2 		.ascii	"\316\354\316\262J\333\267N\366\2373\3779\337\377\375"
  70      4ADBB74E 
  70      F69F33FF 
  70      39DFFFFD 
  71 0068 B7736656 		.ascii	"\267sfV#\010\202\335_\020\272U\202\260\033\237'\360"
  71      230882DD 
  71      5F10BA55 
  71      82B01B9F 
  71      27F0
  72 007a C247A116 		.ascii	"\302G\241\026\005P\372\004~iP\036\240<By\2022\2042\202"
  72      0550FA04 
  72      7E69501E 
  72      A03C4279 
ARM GAS  /var/folders/qd/4mxf5pkd0zdf0b9dd1hp39180000gn/T//ccLiURoC.s 			page 5


  72      82328432 
  73 008f F25CC68D 		.ascii	"\362\\\306\215\011\223\257+8\351\213\343\032\224\027"
  73      0993AF2B 
  73      38E98BE3 
  73      1A9417
  74 009e 280328E3 		.ascii	"(\003(\3432\337m\224a/\336\3472\337\220\314\377h\012"
  74      32DF6D94 
  74      612FDEE7 
  74      32DF90CC 
  74      FF680A
  75 00b1 DE3C0297 		.ascii	"\336<\002\2273\216\356&?\022\010\321\202\032\325\247"
  75      338EEE26 
  75      3F1208D1 
  75      821AD5A7 
  76 00c1 2D0577A6 		.ascii	"-\005w\246\241\372\236\026f\243Zy\262\252\336\207\257"
  76      A1FA9E16 
  76      66A35A79 
  76      B2AADE87 
  76      AF
  77 00d2 46A3FA6A 		.ascii	"F\243\372j \257\035\270\032\210\352\246\312\366\334"
  77      20AF1DB8 
  77      1A88EAA6 
  77      CAF6DC
  78 00e1 600EEE15 		.ascii	"`\016\356\025<\214C\270\361\366\354\343\307\264D\005"
  78      3C8C43B8 
  78      F1F6ECE3 
  78      C7B44405 
  79 00f1 74A9A0F2 		.ascii	"t\251\240\362Y\223L\344\207jI]\305\313\000\342\317\226"
  79      59934CE4 
  79      876A495D 
  79      C5CB00E2 
  79      CF96
  80 0103 BA1A4B0F 		.ascii	"\272\032K\017\322\010\346j\201\326+\030\247\216<>=\036"
  80      D208E66A 
  80      81D62B18 
  80      A78E3C3E 
  80      3D1E
  81 0115 C4A728E2 		.ascii	"\304\247(\342\352hv\261\037\011b\317%\035\305;}\243"
  81      EA6876B1 
  81      1F0962CF 
  81      251DC53B 
  81      7DA3
  82 0127 0E49FCF2 		.ascii	"\016I\374\362[)\300\037@\\\311\264e\017\357\363%\321"
  82      5B29C01F 
  82      405CC9B4 
  82      650FEFF3 
  82      25D1
  83 0139 14A8EA69 		.ascii	"\024\250\352i\177\3259\015\264\021\333$i\223T\224.\371"
  83      7FD5390D 
  83      B411DB24 
  83      69935494 
  83      2EF9
  84 014b 7F2A4019 		.ascii	"\177*@\031\314\202\3430K\200\263\020A\311\253!J\200"
  84      CC82E330 
  84      4B80B310 
  84      41C9AB21 
  84      4A80
ARM GAS  /var/folders/qd/4mxf5pkd0zdf0b9dd1hp39180000gn/T//ccLiURoC.s 			page 6


  85 015d 33385985 		.ascii	"38Y\205\223\277R\302\232\236\261\271\271[%I\005\265"
  85      93BF52C2 
  85      9A9EB1B9 
  85      B95B2549 
  85      05B5
  86 016f A0851A20 		.ascii	"\240\205\032 \014\203\325\233\253\345.J\367\345\026"
  86      0C83D59B 
  86      ABE52E4A 
  86      F7E516
  87 017e 6B482B30 		.ascii	"kH+0\037\225\205\375u\252\251|\324M\351\243\241rN\375"
  87      1F9585FD 
  87      75AAA97C 
  87      D44DE9A3 
  87      A1724EFD 
  88 0192 66EAE34F 		.ascii	"f\352\343O\364qN\361\201.\271\223\276\212\3164\025\271"
  88      F4714EF1 
  88      812EB993 
  88      BE8ACE34 
  88      15B9
  89 01a4 CD4BF726 		.ascii	"\315K\367&\263\312IH?S|\032\237\215\246\007BxxxhD1u"
  89      B3CA4948 
  89      3F537C1A 
  89      9F8DA607 
  89      42787878 
  90 01bc 5AD3DA15 		.ascii	"Z\323\332\025\261\253n\213\224\243gd\365Hv\001B\225"
  90      B1AB6E8B 
  90      94A36764 
  90      F5487601 
  90      4295
  91 01ce 20C459C8 		.ascii	" \304Y\310\033\2037\201\303\373\366\023i_\030\303V\276"
  91      1B833781 
  91      C3FBF613 
  91      695F18C3 
  91      56BE
  92 01e0 138B9A1B 		.ascii	"\023\213\232\033<\254\200\033\274\301\025\340f\316\245"
  92      3CAC801B 
  92      BCC115E0 
  92      66CEA5
  93 01ef 49E5A080 		.ascii	"I\345\240\200Z\200\223\0108\301\326(\034\023\203f\254"
  93      5A809308 
  93      38C1D628 
  93      1C138366 
  93      AC
  94 0200 432384C3 		.ascii	"C#\204\303y\224&\010g\275\342u\250\337E\260\205\024"
  94      79942608 
  94      67BDE275 
  94      A8DF45B0 
  94      8514
  95 0212 28C82590 		.ascii	"(\310%\220\373X\375&\343\222\206\024\022V\344\206\322"
  95      FB58FD26 
  95      E3928614 
  95      1256E486 
  95      D2
  96 0223 032D00A1 		.ascii	"\003-\000\241\021\357t\003\255\310\376\357\236\336,"
  96      11EF7403 
  96      ADC8FEEF 
  96      9EDE2C
ARM GAS  /var/folders/qd/4mxf5pkd0zdf0b9dd1hp39180000gn/T//ccLiURoC.s 			page 7


  97 0232 A08E2E22 		.ascii	"\240\216.\"\256E)7\365\313\334\015f\364\367\006\360"
  97      AE452937 
  97      F5CBDC0D 
  97      66F4F706 
  97      F0
  98 0243 CD19866A 		.ascii	"\315\031\206jy\313\251n\037r\230y\207\316\341\353[\003"
  98      79CBA96E 
  98      1F729879 
  98      87CEE1EB 
  98      5B03
  99 0255 4839578E 		.ascii	"H9W\216\274\316\333\257!U\\\311N\357\376\236\033}\202"
  99      BCCEDBAF 
  99      21555CC9 
  99      4EEFFE9E 
  99      1B7D82
 100 0268 5AD6CFFB 		.ascii	"Z\326\317\373s4\362Y \250g\226\357(\011&\347\030\324"
 100      7334F259 
 100      20A86796 
 100      EF280926 
 100      E718D4
 101 027b 77F3DE86 		.ascii	"w\363\336\206=\276\254k\341\021\341\305,\242\321\374"
 101      3DBEAC6B 
 101      E111E1C5 
 101      2CA2D1FC 
 102 028b 901D92D4 		.ascii	"\220\035\222\324\030\315\202\272\214Au\340\350\316\352"
 102      18CD82BA 
 102      8C4175E0 
 102      E8CEEA
 103 029a 1278F60D 		.ascii	"\022x\366\015\341gg\246I5\031\204\241O{\243O\301\244"
 103      E16767A6 
 103      49351984 
 103      A14F7BA3 
 103      4FC1A4
 104 02ad CE21BCC3 		.ascii	"\316!\274\303\003~\335\033^>E\353\256!\340*[\353\220"
 104      037EDD1B 
 104      5E3E45EB 
 104      AE21E02A 
 104      5BEB90
 105 02c0 0BDA8905 		.ascii	"\013\332\211\005\275\205\305\354B\271\201r\023\245]"
 105      BD85C5EC 
 105      42B98172 
 105      13A55D
 106 02cf 2E2C77D4 		.ascii	".,w\3246Cqt\305\333\221\262\371\344~\347\207\244\241"
 106      36437174 
 106      C5DB91B2 
 106      F9E47EE7 
 106      87A4A1
 107 02e2 2B0AF26C 		.ascii	"+\012\362l8g\272\347Y\2206o\252\012\217\024\261\272"
 107      3867BAE7 
 107      5990366F 
 107      AA0A8F14 
 107      B1BA
 108 02f4 B5E38F37 		.ascii	"\265\343\2177\007\223&\276A\216<q\376\000\021\241\334"
 108      079326BE 
 108      418E3C71 
 108      FE0011A1 
 108      DC
ARM GAS  /var/folders/qd/4mxf5pkd0zdf0b9dd1hp39180000gn/T//ccLiURoC.s 			page 8


 109 0305 C760A186 		.ascii	"\307`\241\206\266\272\027\215\273\225Vw\260V\2773[\350"
 109      B6BA178D 
 109      BB955677 
 109      B056BF33 
 109      5BE8
 110 0317 C124FF4B 		.ascii	"\301$\377K\302\364E\364r\344Zp\250L\263mJ\032\341\237"
 110      C2F445F4 
 110      72E45A70 
 110      A84CB36D 
 110      4A1AE19F 
 111 032b 380AF3DB 		.ascii	"8\012\363\333\006\374\0033\335o\014\270\355q\254\004"
 111      06FC0333 
 111      DD6F0CB8 
 111      ED71AC04 
 112 033b E883400A 		.ascii	"\350\203@\012\244#\202+j\317T\007\364 \025~E`:\243\000"
 112      A423822B 
 112      6ACF5407 
 112      F420157E 
 112      45603AA3 
 113 0350 E0771CA9 		.ascii	"\340w\034\2510}\302u\001\237\307Y\025\037d(U\\&\340"
 113      307DC275 
 113      019FC759 
 113      151F6428 
 113      555C26E0 
 114 0364 9E51C91C 		.ascii	"\236Q\311\034*\027/\373\311\004\340\311\312\327\271"
 114      2A172FFB 
 114      C904E0C9 
 114      CAD7B9
 115 0373 3BD7C5BF 		.ascii	";\327\305\277)\374\301\303\216O\251\024g\036&o\305*"
 115      29FCC1C3 
 115      8E4FA914 
 115      671E266F 
 115      C52A
 116 0385 B897DD41 		.ascii	"\270\227\335A)I\202\\\261\263mi\003\332^l\247\000_\012"
 116      2949825C 
 116      B1B36D69 
 116      03DA5E6C 
 116      A7005F0A 
 117 0399 428E5F32 		.ascii	"B\216_2;~\316\343R\237\226\\\345g\261nb\254&\230\037"
 117      3B7ECEE3 
 117      529F965C 
 117      E567B16E 
 117      62AC2698 
 118 03ae 4615FD0E 		.ascii	"F\025\375\0168\233\367\004\360\3038\035\325CY\023y>"
 118      389BF704 
 118      F0C3381D 
 118      D5435913 
 118      793E
 119 03c0 613B59DB 		.ascii	"a;Y\333\322\245\351*X\363>\334\307\212\337c\025\037"
 119      D2A5E92A 
 119      58F33EDC 
 119      C78ADF63 
 119      151F
 120 03d2 8030BC5B 		.ascii	"\2000\274[\324\334\331\205\262co4s\212\244\242^\251"
 120      D4DCD985 
 120      B2636F34 
 120      738AA4A2 
ARM GAS  /var/folders/qd/4mxf5pkd0zdf0b9dd1hp39180000gn/T//ccLiURoC.s 			page 9


 120      5EA9
 121 03e4 E6FEABD9 		.ascii	"\346\376\253\331\367\313$\011_\325\222\232\302\240_"
 121      F7CB2409 
 121      5FD5929A 
 121      C2A05F
 122 03f3 D951FDF4 		.ascii	"\331Q\375\364\253\003wq\243\301\035\354\275\000\017"
 122      AB037771 
 122      A3C11DEC 
 122      BD000F
 123 0402 600E9A6F 		.ascii	"`\016\232o\375}\260\307\207\214\361\250\262\356V\226"
 123      FD7DB0C7 
 123      878CF1A8 
 123      B2EE5696 
 124 0412 0723572F 		.ascii	"\007#W/\356\313\261\211\217\013\216\016H\333\264\314"
 124      EECBB189 
 124      8F0B8E0E 
 124      48DBB4CC 
 125 0422 213C5498 		.ascii	"!<T\230\036\312\337/x\304\030\232\357u}Gv\253\031\301"
 125      1ECADF2F 
 125      78C4189A 
 125      EF757D47 
 125      76AB19C1 
 126 0436 C1BACC34 		.ascii	"\301\272\3144\265L0\222E\262\032\266\324$p\373\307\212"
 126      B54C3092 
 126      45B21AB6 
 126      D42470FB 
 126      C78A
 127 0448 FD6397FD 		.ascii	"\375c\227\375\023f\337\332T\362:\210\334\340\004W\362"
 127      1366DFDA 
 127      54F23A88 
 127      DCE00457 
 127      F2
 128 0459 4AC7835C 		.ascii	"J\307\203\\\004\205\344\342y7\301\240B0\350\"\030b\004"
 128      0485E4E2 
 128      7937C1A0 
 128      4230E822 
 128      186204
 129 046c 070EE5F7 		.ascii	"\007\016\345\367\373\023\311\207\021\234\310{8\344\257"
 129      FB13C987 
 129      119CC87B 
 129      38E4AF
 130 047b 56F10D49 		.ascii	"V\361\015I\213D\377\005\324\027\\\363\235\262\234\303"
 130      8B44FF05 
 130      D4175CF3 
 130      9DB29CC3 
 131 048b AC9C4F41 		.ascii	"\254\234OA\256\347pz^\221F\216\340BW\304\3152)\303\207"
 131      AEE7707A 
 131      5E91468E 
 131      E04257C4 
 131      CD3229C3 
 132 04a0 62C0A904 		.ascii	"b\300\251\004\340t\0050\302\002\310\337\233}\224\220"
 132      E0740530 
 132      C202C8DF 
 132      9B7D9490 
 133 04b0 ED3C80C1 		.ascii	"\355<\200\301\352\221\007\256\022\334:HN)%x\246\020"
 133      EA9107AE 
 133      12DC3A48 
ARM GAS  /var/folders/qd/4mxf5pkd0zdf0b9dd1hp39180000gn/T//ccLiURoC.s 			page 10


 133      4E292578 
 133      A610
 134 04c2 3C73113C 		.ascii	"<s\021<g\004\215\347\016\217\006\220fN\360WEK\271\372"
 134      67048DE7 
 134      0E8F0690 
 134      664EF057 
 134      454BB9FA 
 135 04d6 A312C929 		.ascii	"\243\022\311)\321\217\345\374Vg\206\264-\204\035\272"
 135      D18FE5FC 
 135      566786B4 
 135      2D841DBA 
 136 04e6 514EE0F1 		.ascii	"QN\340\361\336\033eM\035\203\217\320\356\227\327\257"
 136      DE1B654D 
 136      1D838FD0 
 136      EE97D7AF 
 137 04f6 F2A7799E 		.ascii	"\362\247y\236S\352S9\247/\344s\372\202\235\323\337\012"
 137      53EA5339 
 137      A72FE473 
 137      FA829DD3 
 137      DF0A
 138 0508 37DD09F4 		.ascii	"7\335\011\364\004\017O\002\217\313`:j\022\026/\326;"
 138      040F4F02 
 138      8FCB603A 
 138      6A12162F 
 138      D63B
 139 051a F4C49062 		.ascii	"\364\304\220b\236\021\025%\362\237\325.&\351\315\242"
 139      9E111525 
 139      F29FD52E 
 139      26E9CDA2 
 140 052a 3DC540C7 		.ascii	"=\305@\307(\203\337\262\025\253g\307\305\304\010Z\235"
 140      2883DFB2 
 140      15AB67C7 
 140      C5C4085A 
 140      9D
 141 053b 2ED56471 		.ascii	".\325dq\314\213\3259~\002q\241\315f6\031\364\016\223"
 141      CC8BD539 
 141      7E0271A1 
 141      CD663619 
 141      F40E93
 142 054e D5621797 		.ascii	"\325b\027\227\030\314&\233\335\2503F\332R\015_\307F"
 142      18CC269B 
 142      DDA83346 
 142      DA520D5F 
 142      C746
 143 0560 E96D3631 		.ascii	"\351m61\316jq\030-\216\267\026\305UV\253\331.\2567\030"
 143      CE6A7118 
 143      2D8EB716 
 143      C55556AB 
 143      D92EAE37 
 144 0575 22F529C9 		.ascii	"\"\365)\311\221\026\253\305\030i\324\2575E.\210\214"
 144      9116ABC5 
 144      1869D4AF 
 144      35452E88 
 144      8C
 145 0586 8D8E5910 		.ascii	"\215\216Y\020\371\315\374\310d\375W\326\024q\322\252"
 145      F9CDFCC8 
 145      64FD57D6 
ARM GAS  /var/folders/qd/4mxf5pkd0zdf0b9dd1hp39180000gn/T//ccLiURoC.s 			page 11


 145      1471D2AA 
 146 0596 68B218CC 		.ascii	"h\262\030\314\251\211F1YoH2Y\214\242.\321\270N\237j"
 146      A9894631 
 146      596F4832 
 146      598CA22E 
 146      D1B84E9F 
 147 05ab 76E81C1B 		.ascii	"v\350\034\033mF{T\222\340\347\012n\353\377\027\234}"
 147      6D467B54 
 147      92E0E70A 
 147      6EEBFF17 
 147      9C7D
 148 05bd A35DD4D9 		.ascii	"\243]\324\331\035\211\030\011FD\254\211)X\333\244\030"
 148      1D891809 
 148      4644AC89 
 148      2958DBA4 
 148      18
 149 05ce EFDADAAC 		.ascii	"\357\332\332\254)\350\372\213U\237\315\213\025\343\343"
 149      29E8FA8B 
 149      559FCD8B 
 149      15E3E3
 150 05dd 178BCB12 		.ascii	"\027\213\313\022\226\257\3746F\264\351\315:\2639\021"
 150      96AFFC36 
 150      46B4E9CD 
 150      3AB33911 
 151 05ed 2D43EC8E 		.ascii	"-C\354\216dLe\275\315d\325\331\215\216T\233\316\241"
 151      644C65BD 
 151      CD64D5D9 
 151      8D8E549B 
 151      CEA1
 152 05ff 4988A3BD 		.ascii	"I\210\243\275\322$,\342\303B>,\241\203\177\302\302x"
 152      D2242CE2 
 152      C3423E2C 
 152      A1837FC2 
 152      C278
 153 0611 CC689D69 		.ascii	"\314h\235i\275/\322/\267\230\0343\247l\247\240\261;"
 153      BD2FD22F 
 153      B7981C33 
 153      A76CA7A0 
 153      B13B
 154 0623 28E2036F 		.ascii	"(\342\003o\204;\007\032\272\377Z\253>%\221\342\242\275"
 154      843B071A 
 154      BAFF5AAB 
 154      3E2591E2 
 154      A2BD
 155 0635 716C8546 		.ascii	"ql\205F\257[\261:.~\311J\335\322\230\350y\237/\342\363"
 155      AF5BB13A 
 155      2E7EC94A 
 155      DDD298E8 
 155      799F2FE2 
 156 064a 68AAB133 		.ascii	"h\252\2613\273\017\247\3447\246\2300\220$!H''\2543!"
 156      BB0FA7E4 
 156      37A69830 
 156      90242148 
 156      2727AC33 
 157 065f 3E30C943 		.ascii	">0\311Cy\313\251g\305\330}i\314\206\015b\222R0J\345"
 157      79CBA967 
 157      C5D87D69 
ARM GAS  /var/folders/qd/4mxf5pkd0zdf0b9dd1hp39180000gn/T//ccLiURoC.s 			page 12


 157      CC860D62 
 157      9252304A 
 158 0674 DA110656 		.ascii	"\332\021\006V\212\277\001\277\357\250d"
 158      8ABF01BF 
 158      EFA864
 159              		.text
 160              		.section	.gnu.lto_.symtab.5e45b674b5f3911,"",%progbits
 161 0000 68616C49 		.ascii	"halInit\000"
 161      6E697400 
 162 0008 00       		.ascii	"\000"
 163 0009 00       		.ascii	"\000"
 164 000a 00       		.ascii	"\000"
 165 000b 00000000 		.ascii	"\000\000\000\000\000\000\000\000"
 165      00000000 
 166 0013 E9000000 		.ascii	"\351\000\000\000"
 167 0017 70616C5F 		.ascii	"pal_default_config\000"
 167      64656661 
 167      756C745F 
 167      636F6E66 
 167      696700
 168 002a 00       		.ascii	"\000"
 169 002b 02       		.ascii	"\002"
 170 002c 00       		.ascii	"\000"
 171 002d 00000000 		.ascii	"\000\000\000\000\000\000\000\000"
 171      00000000 
 172 0035 F7000000 		.ascii	"\367\000\000\000"
 173 0039 7374496E 		.ascii	"stInit\000"
 173      697400
 174 0040 00       		.ascii	"\000"
 175 0041 02       		.ascii	"\002"
 176 0042 00       		.ascii	"\000"
 177 0043 00000000 		.ascii	"\000\000\000\000\000\000\000\000"
 177      00000000 
 178 004b EB000000 		.ascii	"\353\000\000\000"
 179 004f 626F6172 		.ascii	"boardInit\000"
 179      64496E69 
 179      7400
 180 0059 00       		.ascii	"\000"
 181 005a 02       		.ascii	"\002"
 182 005b 00       		.ascii	"\000"
 183 005c 00000000 		.ascii	"\000\000\000\000\000\000\000\000"
 183      00000000 
 184 0064 ED000000 		.ascii	"\355\000\000\000"
 185 0068 7364496E 		.ascii	"sdInit\000"
 185      697400
 186 006f 00       		.ascii	"\000"
 187 0070 02       		.ascii	"\002"
 188 0071 00       		.ascii	"\000"
 189 0072 00000000 		.ascii	"\000\000\000\000\000\000\000\000"
 189      00000000 
 190 007a EF000000 		.ascii	"\357\000\000\000"
 191 007e 5F70616C 		.ascii	"_pal_lld_init\000"
 191      5F6C6C64 
 191      5F696E69 
 191      7400
 192 008c 00       		.ascii	"\000"
 193 008d 02       		.ascii	"\002"
ARM GAS  /var/folders/qd/4mxf5pkd0zdf0b9dd1hp39180000gn/T//ccLiURoC.s 			page 13


 194 008e 00       		.ascii	"\000"
 195 008f 00000000 		.ascii	"\000\000\000\000\000\000\000\000"
 195      00000000 
 196 0097 F3000000 		.ascii	"\363\000\000\000"
 197 009b 68616C5F 		.ascii	"hal_lld_init\000"
 197      6C6C645F 
 197      696E6974 
 197      00
 198 00a8 00       		.ascii	"\000"
 199 00a9 02       		.ascii	"\002"
 200 00aa 00       		.ascii	"\000"
 201 00ab 00000000 		.ascii	"\000\000\000\000\000\000\000\000"
 201      00000000 
 202 00b3 F5000000 		.ascii	"\365\000\000\000"
 203              		.text
 204              		.section	.gnu.lto_.opts,"",%progbits
 205 0000 272D666D 		.ascii	"'-fmath-errno' '-fsigned-zeros' '-ftrapping-math' '"
 205      6174682D 
 205      6572726E 
 205      6F272027 
 205      2D667369 
 206 0033 2D666E6F 		.ascii	"-fno-trapv' '-fno-openmp' '-fno-openacc' '-mcpu=cor"
 206      2D747261 
 206      70762720 
 206      272D666E 
 206      6F2D6F70 
 207 0066 7465782D 		.ascii	"tex-m3' '-mno-thumb-interwork' '-mthumb' '-O2' '-fo"
 207      6D332720 
 207      272D6D6E 
 207      6F2D7468 
 207      756D622D 
 208 0099 6D69742D 		.ascii	"mit-frame-pointer' '-falign-functions=16' '-ffuncti"
 208      6672616D 
 208      652D706F 
 208      696E7465 
 208      72272027 
 209 00cc 6F6E2D73 		.ascii	"on-sections' '-fdata-sections' '-fno-common' '-flto"
 209      65637469 
 209      6F6E7327 
 209      20272D66 
 209      64617461 
 210 00ff 2700     		.ascii	"'\000"
 211              		.text
 212              		.comm	__gnu_lto_v1,1,1
 213              		.comm	__gnu_lto_slim,1,1
 214              		.ident	"GCC: (GNU Tools for Arm Embedded Processors 7-2017-q4-major) 7.2.1 20170904 (release) [ARM
ARM GAS  /var/folders/qd/4mxf5pkd0zdf0b9dd1hp39180000gn/T//ccLiURoC.s 			page 14


DEFINED SYMBOLS
                            *ABS*:0000000000000000 hal.c
                            *COM*:0000000000000001 __gnu_lto_v1
                            *COM*:0000000000000001 __gnu_lto_slim

NO UNDEFINED SYMBOLS
