ARM GAS  /var/folders/qd/4mxf5pkd0zdf0b9dd1hp39180000gn/T//cczqJ2ZD.s 			page 1


   1              		.cpu cortex-m3
   2              		.eabi_attribute 20, 1
   3              		.eabi_attribute 21, 1
   4              		.eabi_attribute 23, 3
   5              		.eabi_attribute 24, 1
   6              		.eabi_attribute 25, 1
   7              		.eabi_attribute 26, 1
   8              		.eabi_attribute 30, 2
   9              		.eabi_attribute 34, 1
  10              		.eabi_attribute 18, 4
  11              		.file	"nvic.c"
  12              		.section	.gnu.lto_.profile.b219b5fbca64ae8,"",%progbits
  13 0000 789C6363 		.ascii	"x\234cc```\001bF\006)1\000\000\302\000<"
  13      60606001 
  13      62460629 
  13      310000C2 
  13      003C
  14              		.text
  15              		.section	.gnu.lto_.icf.b219b5fbca64ae8,"",%progbits
  16 0000 789C6363 		.ascii	"x\234cc``\220b@\000\026\206-\0153\337q1\336\336\266"
  16      60609062 
  16      40001686 
  16      2D0D33DF 
  16      7131DEDE 
  17 0015 6C321753 		.ascii	"l2\027S\307\331{\335\334\314;\317m\276\303\304\000\000"
  17      C7D97BDD 
  17      DCCC3BCF 
  17      6DBEC3C4 
  17      0000
  18 0027 9D5B0BA5 		.ascii	"\235[\013\245"
  19              		.text
  20              		.section	.gnu.lto_.jmpfuncs.b219b5fbca64ae8,"",%progbits
  21 0000 789C6363 		.ascii	"x\234cc``\320a@\000\026\006&FF\346\3729\314\014 \314"
  21      6060D061 
  21      40001606 
  21      264646E6 
  21      FA39CC0C 
  22 0016 0804209A 		.ascii	"\010\004 \232\011Y\220\031*\310\000\000\237-\007\005"
  22      09599019 
  22      2AC80000 
  22      9F2D0705 
  23              		.text
  24              		.section	.gnu.lto_.inline.b219b5fbca64ae8,"",%progbits
  25 0000 789C4D8C 		.ascii	"x\234M\214\321\021\2000\014B!\215i\364\307\021\352\004"
  25      D1118030 
  25      0C42218D 
  25      69F4C711 
  25      EA04
  26 0012 2ED9453A 		.ascii	".\331E:\222\2438\202\261\236U>\270\343\036`\000*>)\260"
  26      92A33882 
  26      B19E553E 
  26      B8E31E60 
  26      002A3E29 
  27 0027 CC146E8C 		.ascii	"\314\024n\214p\233\332\271\303Z\021\310\261*\"y\020"
  27      709BDAB9 
  27      C35A11C8 
  27      B12A2279 
ARM GAS  /var/folders/qd/4mxf5pkd0zdf0b9dd1hp39180000gn/T//cczqJ2ZD.s 			page 2


  27      10
  28 0038 07E199EC 		.ascii	"\007\341\231\354\225\244\255<\225\240\332O\004\223\222"
  28      95A4AD3C 
  28      95A0DA4F 
  28      049392
  29 0047 FD25C5EE 		.ascii	"\375%\305\356w\020J\310\366N\007\034S\\\2260\015\244"
  29      77104AC8 
  29      F64E071C 
  29      535C9630 
  29      0DA4
  30              		.text
  31              		.section	.gnu.lto_.pureconst.b219b5fbca64ae8,"",%progbits
  32 0000 789C6363 		.ascii	"x\234cc``\340\004b\026\006)F)&)f)\000\002\304\000\202"
  32      6060E004 
  32      62160629 
  32      46292629 
  32      66290002 
  33              		.text
  34              		.section	.gnu.lto_nvicEnableVector.b219b5fbca64ae8,"",%progbits
  35 0000 789C9D53 		.ascii	"x\234\235S\317KTQ\024\276\337;\357\207\243\316,\332"
  35      CF4B5451 
  35      14BEDF3B 
  35      EF87A3CE 
  35      2CDA
  36 0012 45522E82 		.ascii	"ER.\202A\204y\011\375\003\321\332\026\375\007\341&!"
  36      41847909 
  36      FD03D1DA 
  36      16FD07E1 
  36      2621
  37 0024 674443DA 		.ascii	"gDC\332yg\306f\264\004\005G\203\341\021#\215\375 \312"
  37      7967C666 
  37      B4040547 
  37      83E11123 
  37      8DFD20CA 
  38 0038 42ADC6B2 		.ascii	"B\255\306\262^\223\226\021&\211\264kQJ\241\221\324\254"
  38      5E939611 
  38      2689B46B 
  38      514AA191 
  38      D4AC
  39 004a 82D43AF7 		.ascii	"\202\324:\367>\243\350\307\242.\357\236w\3569\347\273"
  39      3EA3E8C7 
  39      A22EEF9E 
  39      77EE39E7 
  39      BB
  40 005b E7FBEE7D 		.ascii	"\347\373\356}\317\026B\034!!\016\362{\017O\220\2001"
  40      CF16421C 
  40      21210EF2 
  40      7B0F4F90 
  40      8031
  41 006d F85C8864 		.ascii	"\370\\\210d\225\001(GVAt\033\350F?\345\010\345\354\333"
  41      95012847 
  41      5641741B 
  41      E8463FE5 
  41      08E5ECDB 
  42 0081 92D17049 		.ascii	"\222\321pI\362\360\317Uv\313\313><\206\217\360T\003"
  42      F2F0CF55 
  42      76CBCB3E 
ARM GAS  /var/folders/qd/4mxf5pkd0zdf0b9dd1hp39180000gn/T//cczqJ2ZD.s 			page 3


  42      3C868FF0 
  42      5403
  43 0093 1368E0AA 		.ascii	"\023h\340\252\027=7<:K\036\001&/?-\344W\"ji\240\236"
  43      173D373C 
  43      3A4B1E01 
  43      262F3F2D 
  43      E457226A 
  44 00aa 975B3237 		.ascii	"\227[27\022\241\030\004\373\253\317.\014:\3211)S\322"
  44      12A11804 
  44      FBABCF2E 
  44      0C3AD131 
  44      2953D2
  45 00bd 9F2D92DC 		.ascii	"\237-\222\334\357\021\341\026\2107\304\024\3520\211"
  45      EF11E116 
  45      8837C414 
  45      EA3089
  46 00cc 3AC12181 		.ascii	":\301!\201\333\210r\371\325\324\273\017D\0074\364\315"
  46      DB8872F9 
  46      D5D4BB0F 
  46      440734F4 
  46      CD
  47 00dd FCEB9CB5 		.ascii	"\374\353\234\265\003]\035\333\201\336\371\003\264\204"
  47      035D1DDB 
  47      81DEF903 
  47      B484
  48 00eb A8AEBFB9 		.ascii	"\250\256\277\271=\034\266\315\200+\246a\013\2603\276"
  48      3D1CB6CD 
  48      802BA661 
  48      0BB033BE 
  49 00fb 64F972FB 		.ascii	"d\371r\373kV\372\313\027\261e\205\301\030\323P\206\330"
  49      6B56FACB 
  49      17B16585 
  49      C118D350 
  49      86D8
  50 010d 58261BDB 		.ascii	"X&\033\333R\236\255\214\003\265[\010\212\216\020\275"
  50      529EAD8C 
  50      03B55B08 
  50      8A8E10BD 
  51 011d BC131F91 		.ascii	"\274\023\037\221\364E\037\031\312K\373b\035\251Jvf "
  51      F4451F19 
  51      CA4BFB62 
  51      1DA94A76 
  51      6620
  52 012f A21AE409 		.ascii	"\242\032\344\011yr8\224\376\230A\02008\366\363\0019"
  52      79723894 
  52      FE984110 
  52      3038F6F3 
  52      0139
  53 0141 30719789 		.ascii	"0q\227\211\256\243\274|f\315RE\234\0369]^tT\272J+\235"
  53      AEA3BC7C 
  53      66CD5245 
  53      9C1E395D 
  53      5E7454BA 
  54 0158 1CDDF85C 		.ascii	"\034\335\370\\\033,e9-#\034\232x?\264\342\024p>\311"
  54      1B2C6539 
  54      2D231C9A 
  54      783FB4E2 
ARM GAS  /var/folders/qd/4mxf5pkd0zdf0b9dd1hp39180000gn/T//cczqJ2ZD.s 			page 4


  54      14703EC9 
  55 016c 1751D8EB 		.ascii	"\027Q\330\353Q\0103,\371\036\357\244\000s\375\311\321"
  55      5108332C 
  55      F91EEFA4 
  55      0073FDC9 
  55      D1
  56 017d 6AF79AEC 		.ascii	"j\367\232\354I\312z\217\252q\037\005\014\353+\342\344"
  56      49CA7A8F 
  56      AA711F05 
  56      0CEB2BE2 
  56      E4
  57 018e CBA5A989 		.ascii	"\313\245\251\211H\323\270J\026\342\036\325\340\001\334"
  57      48D3B84A 
  57      16E21ED5 
  57      E001DC
  58 019d 3C85F4F5 		.ascii	"<\205\364\365\371hb\216\212\361ffa`W\300\2318\313\270"
  58      F968628E 
  58      8AF16666 
  58      616057C0 
  58      9938CBB8 
  59 01b1 A1E2F552 		.ascii	"\241\342\365RX\261\260\260\017\0175g\326u\305\011\212"
  59      58B1B0B0 
  59      0F0F3567 
  59      D675C509 
  59      8A
  60 01c2 4C34D671 		.ascii	"L4\326q\251\012V2}V\020\264\002\344\323\342\364\246"
  60      A90A5632 
  60      7D5610B4 
  60      02E4D3E2 
  60      F4A6
  61 01d4 E66FC342 		.ascii	"\346o\303BY#\371\220\276#\025\370\027\375\377\242\256"
  61      5923F990 
  61      BE2315F8 
  61      17FDFFA2 
  61      AE
  62 01e5 168FB43A 		.ascii	"\026\217\264:\374\256\256\313\2430f\225:K\253\233S\352"
  62      FCAEAECB 
  62      A3306695 
  62      3A4BAB9B 
  62      53EA
  63 01f7 ECA0D7AB 		.ascii	"\354\240\327\253\305\232\377j\366X73\376\322\354\311"
  63      C59AFF6A 
  63      F6583733 
  63      FED2ECC9 
  64 0207 8F66F341 		.ascii	"\217f\363A\263\015\244\012_t+\375\203\3642O\376P\030"
  64      B30DA40A 
  64      5F742BFD 
  64      83F4324F 
  64      FE5018
  65 021a DF188BB9 		.ascii	"\337\030\213\271\301\223\350t\217\037;\341\266':Nv\272"
  65      C193E874 
  65      8F1F3BE1 
  65      B6273A4E 
  65      76BA
  66 022c 2D89B6B6 		.ascii	"-\211\266\266D\334=t\264\371p\363)7\336\325\332\022"
  66      44DC3D74 
  66      B4F970F3 
ARM GAS  /var/folders/qd/4mxf5pkd0zdf0b9dd1hp39180000gn/T//cczqJ2ZD.s 			page 5


  66      2937DED5 
  66      DA12
  67 023e 6B11889B 		.ascii	"k\021\210\233\355\035\255\211o\247\372\031\260"
  67      ED1DAD89 
  67      6FA7FA19 
  67      B0
  68              		.text
  69              		.section	.gnu.lto_nvicDisableVector.b219b5fbca64ae8,"",%progbits
  70 0000 789C9552 		.ascii	"x\234\225RKkSQ\020\236\357\314}\244M\233\265`\320.\204"
  70      4B6B5351 
  70      109EEFCC 
  70      7DA44D9B 
  70      B560D02E 
  71 0015 520AB9E4 		.ascii	"R\012\271\344'\210\340\256\033\377\201d\243`\023i\245"
  71      2788E0AE 
  71      1BFF8164 
  71      A3601369 
  71      A5
  72 0026 B8EB49D2 		.ascii	"\270\353I\322&\255fQh\033%\\\344\026#\342BkI\253\246"
  72      26AD6651 
  72      681B255C 
  72      E41623E2 
  72      426B49AB 
  73 003b BEAE292E 		.ascii	"\276\256).\304\027\026\361\007\330\342\023\212\026\027"
  73      C41716F1 
  73      07D8E213 
  73      8A1617
  74 004a 2EFA70CE 		.ascii	".\372p\316\275\012\202+\207{\316\235\2313\337|sf\216"
  74      BD0A822B 
  74      877BCE9D 
  74      9933DF7C 
  74      73668E
  75 005d 4344238A 		.ascii	"CD#\212\310\223\377AY`\202\232yETL(\300(:\001\032W\030"
  75      C893FF41 
  75      5960829A 
  75      7945544C 
  75      28C0283A 
  76 0075 478DE718 		.ascii	"G\215\347\030\235\352\207\266\032\270\256E\302K\015"
  76      9DEA87B6 
  76      1AB8AE45 
  76      C24B0D
  77 0084 A7A2270F 		.ascii	"\247\242'\017\370LT\227e\004-\014H\324\233\211\333>"
  77      F84C5497 
  77      65042D0C 
  77      48D49B89 
  77      DB3E
  78 0096 5F649F01 		.ascii	"_d\237\001K\314\357/\033\033)c*\364\211\271\253\347"
  78      4BCCEF2F 
  78      1B1B2963 
  78      2AF489B9 
  78      ABE7
  79 00a8 EA29CE80 		.ascii	"\352)\316\200D\337|~u\306\355\277\246uI\207/\232\254"
  79      44DF7C7E 
  79      75C6EDBF 
  79      A6754987 
  79      2F9AAC
  80 00bb 8FF8CCB8 		.ascii	"\217\370\314\270\003\226\204XA\032\313H\223\270\010"
ARM GAS  /var/folders/qd/4mxf5pkd0zdf0b9dd1hp39180000gn/T//cczqJ2ZD.s 			page 6


  80      03968458 
  80      411ACB48 
  80      93B808
  81 00ca 77D16FE2 		.ascii	"w\321o\342\337/\355\315\367:VL\210{p\010\242,\256\333"
  81      DF2FEDCD 
  81      F73A564C 
  81      887B7008 
  81      A22CAEDB 
  82 00de A1DEDBAF 		.ascii	"\241\336\333\257\352p\263\211\326\361.\010\306R\262"
  82      EA70B389 
  82      D6F12E08 
  82      C652B2
  83 00ed D96C34CB 		.ascii	"\331l4\313l6\242\0344%H\271\227\016i\232\225\321\312"
  83      6C36A21C 
  83      342548B9 
  83      970E699A 
  83      95D1CA
  84 0100 217D4179 		.ascii	"!}Ay\247\262\273\024(\223\261\301h\260-\\\263\315[\355"
  84      A7B2BB14 
  84      2893B1C1 
  84      68B02D5C 
  84      B3CD5BED 
  85 0114 5E53B685 		.ascii	"^S\266\205\303hK!\022\366\255r\303\215\203\024\006\323"
  85      C3684B21 
  85      12F6AD72 
  85      C38D8314 
  85      06D3
  86 0126 126A9CDB 		.ascii	"\022j\234\333\225i;vr\214|\326\\\335\3511H\0336V#di"
  86      95693B76 
  86      728C7CD6 
  86      5CDDE931 
  86      481B3656 
  87 013d BBFA0769 		.ascii	"\273\372\007i\011X<\235\267\027>G0\001\324';\257]\003"
  87      09583C9D 
  87      B7173E47 
  87      3001D427 
  87      3BAF5D03 
  88 0151 70A2AE2C 		.ascii	"p\242\256,/l\375\354\211M\335)\353\224\270Z_g7\334\000"
  88      2F6CFDEC 
  88      894DDD29 
  88      EB94B85A 
  88      5F6737DC 
  89 0166 578AD2F9 		.ascii	"W\212\322\371\340\220\317.\036H{\356Kn\003xZ+.t{7\365"
  89      E090CF2E 
  89      1E487BEE 
  89      4B6E0378 
  89      5A2B2E74 
  90 017d 4451F7F9 		.ascii	"DQ\367\371\234\300C\004\230\217f\"\207\357\326WZ\251"
  90      9CC04304 
  90      988F6622 
  90      87EFD657 
  90      5AA9
  91 018f ECA2390C 		.ascii	"\354\2429\014\306|\356\302#xRj4\257\307\310JA\246\232"
  91      C67CEEC2 
  91      2378526A 
  91      34AFC7C8 
  91      4A41A69A 
ARM GAS  /var/folders/qd/4mxf5pkd0zdf0b9dd1hp39180000gn/T//cczqJ2ZD.s 			page 7


  92 01a3 1F9F2EAF 		.ascii	"\037\237.\257%\177\227\363?d\335\010#2\374K\226\367"
  92      257F97F3 
  92      3F64DD08 
  92      2332FC4B 
  92      96F7
  93 01b5 39892786 		.ascii	"9\211'\206\314\216\310:\310\376}\327$\010k\222s\013"
  93      CC8EC83A 
  93      C8FE7DD7 
  93      24086B92 
  93      730B
  94 01c7 A5E0630D 		.ascii	"\245\340c\015\3214\215LI.\231\213\274\312\301L\306\213"
  94      D1348D4C 
  94      492E998B 
  94      BCCAC14C 
  94      C68B
  95 01d9 BFC2A877 		.ascii	"\277\302\250w\352\344\031\357la\344\334\250\227+\014"
  95      EAE419EF 
  95      6C61E4DC 
  95      A8972B0C 
  96 01e9 0F17F2DE 		.ascii	"\017\027\362\336\321\023C\307\206\316{\371\261\323\271"
  96      D11343C7 
  96      86CE7BF9 
  96      B1D3B9
  97 01f8 4C8E90FF 		.ascii	"L\216\220\377\005D\312\324\370"
  97      0544CAD4 
  97      F8
  98              		.text
  99              		.section	.gnu.lto_nvicSetSystemHandlerPriority.b219b5fbca64ae8,"",%progbits
 100 0000 789C6D51 		.ascii	"x\234mQ\315KTQ\024?\277{\336{\363\012\262\255\224\013"
 100      CD4B5451 
 100      143FBF7B 
 100      DE7BF30A 
 100      B2AD940B 
 101 0014 17C120C1 		.ascii	"\027\301 \301<\334\264h\027m\332\270\361?\220IP\320"
 101      3CDCB468 
 101      176DDAB8 
 101      F13F9049 
 101      50D0
 102 0026 79328AB4 		.ascii	"y2\212\264\363\316\214:f\005\242\243\306\360\210\267"
 102      F3CE8C3A 
 102      6605A2A3 
 102      C6F088B7 
 103 0036 1195080B 		.ascii	"\021\225\010\013\263\032\035\3551\2536}8D\220\320\242"
 103      B31A1DED 
 103      31AB367D 
 103      384490D0 
 103      A2
 104 0047 0F14268A 		.ascii	"\017\024&\212>\\\264\262\316}N\320\242\313\3758_\277"
 104      3E5CB4B2 
 104      CE7D4ED0 
 104      A2CBFD38 
 104      5FBF
 105 0059 737FE71C 		.ascii	"s\177\347\034\207\210~\202\350\242\274g\345\200\011"
 105      87887E82 
 105      E8A2BC67 
 105      E58009
 106 0068 6AE60551 		.ascii	"j\346\005Q\316U\200\021\264\013\032S\030\303M.1j\305"
ARM GAS  /var/folders/qd/4mxf5pkd0zdf0b9dd1hp39180000gn/T//cczqJ2ZD.s 			page 8


 106      CE558011 
 106      B40B1A53 
 106      18C34D2E 
 106      316AC5
 107 007b FD8AEA58 		.ascii	"\375\212\352X\326\262\242\305\2723\251'Z\003&Z\220c"
 107      D6B2A2C5 
 107      BA33A927 
 107      5A03265A 
 107      9063
 108 008d 16D6D121 		.ascii	"\026\326\321!Q\273\343\367\003\276\301\001\003\226\250"
 108      51BBE3F7 
 108      03BEC101 
 108      0396A8
 109 009c DF9F973F 		.ascii	"\337\237\227?\266\030U\241]\324\302\334N\325\345\024"
 109      B61855A1 
 109      5DD4C2DC 
 109      4ED5E514 
 110 00ac 48E4FAFA 		.ascii	"H\344\372\372\355+\311%\255\363:\372\264\304\372\\\300"
 110      ED2BC925 
 110      ADF33AFA 
 110      B4C4FA5C 
 110      C0
 111 00bd 8C4760C9 		.ascii	"\214G`\311\207\015\264\341!\332HL\204\307HJ\364\335"
 111      870DB4E1 
 111      21DA484C 
 111      84C7484A 
 111      F4DD
 112 00cf FCC117E6 		.ascii	"\374\301\027\346\0131\362\303\263\367%\273\011=\\nB"
 112      0B31F2C3 
 112      B3F725BB 
 112      093D5C6E 
 112      42
 113 00e0 9FFC075A 		.ascii	"\237\374\007ZA2\216\177p4\177\312\261\302\277l\261\011"
 113      41328E7F 
 113      70347FCA 
 113      B1C2BF6C 
 113      B109
 114 00f2 87A4725A 		.ascii	"\207\244rZ\253\333\221>\372]\024\006\255{\237\335\004"
 114      ABDB913E 
 114      FA5D1406 
 114      AD7B9FDD 
 114      04
 115 0103 04662973 		.ascii	"\004f)s\011}\001\3330\277\023M\011J\032\242#\272\316"
 115      097D01DB 
 115      30BF134D 
 115      094A1AA2 
 115      23BACE
 116 0116 CA488588 		.ascii	"\312H\205\210\032\310\377(\276\333\250\302d+3\312\362"
 116      1AC8FF28 
 116      BEDBA8C2 
 116      642B33CA 
 116      F2
 117 0127 6103856F 		.ascii	"a\003\205o\223M\203\022\333\277\375\260aaK\2105P{=\375"
 117      934D8312 
 117      DBBFFDB0 
 117      61614B88 
 117      35507B3D 
ARM GAS  /var/folders/qd/4mxf5pkd0zdf0b9dd1hp39180000gn/T//cczqJ2ZD.s 			page 9


 118 013c D63641E2 		.ascii	"\3266A\342^\230\250\275L\030\267\023W\226\253TK\366"
 118      5E98A8BD 
 118      4C18B713 
 118      5796AB54 
 118      4BF6
 119 014e B1AAF70A 		.ascii	"\261\252\367\012\272EL\215\335\303Wv\210;9\351{x&\340"
 119      BA454C8D 
 119      DDC35776 
 119      883B39E9 
 119      7B7826E0 
 120 0162 04B6A5C4 		.ascii	"\004\266\245\304\252d2\200\331\351\325\325\223\336="
 120      AA643280 
 120      D9E9D5D5 
 120      93DE3D
 121 0171 3D9ED3ED 		.ascii	"=\236\323\355\001\273\330A\210\371x\"\342|\263\362k"
 121      01BBD841 
 121      88F97822 
 121      E27CB3F2 
 121      6B
 122 0182 F174E79A 		.ascii	"\361t\347\232q\206\231\200O\340)\2742\333\361\264\""
 122      71869980 
 122      4FE029BC 
 122      32DBF1B4 
 122      22
 123 0193 740A47FA 		.ascii	"t\012G\372\212|\270u+\246\034Oq\212a\352SD\347S)\357"
 123      8A7CB875 
 123      2BA61C4F 
 123      718A61EA 
 123      5344E753 
 124 01a9 78FBC35E 		.ascii	"x\373\303^_\317\2007\344gG\206\275\264?8\350g\274K\335"
 124      5FCF8037 
 124      E4674786 
 124      BDB43F38 
 124      E867BC4B 
 125 01be 5D97BBAE 		.ascii	"]\227\273\256y\231\321\376t*M\211\276\236\314\325\201"
 125      7999D1FE 
 125      742A4D89 
 125      BE9ECCD5 
 125      81
 126 01cf DEAC3594 		.ascii	"\336\2545\224\355\367\377\000%\355\2619"
 126      EDF7FF00 
 126      25EDB139 
 127              		.text
 128              		.section	.gnu.lto_nvicClearPending.b219b5fbca64ae8,"",%progbits
 129 0000 789C3551 		.ascii	"x\2345Q\317KTQ\024>\337=\357\307\024:\353\240\241\\"
 129      CF4B5451 
 129      143EDF3D 
 129      EFC7143A 
 129      EBA0A15C 
 130 0014 0422C25C 		.ascii	"\004\"\302\\\374\023\302E+7\375\0071\033\203\234\211"
 130      FC13C245 
 130      2B37FD07 
 130      311B839C 
 130      89
 131 0025 0C69E79D 		.ascii	"\014i\347\235\031\235\321\2240\324\011\206\207<q\"Z"
 131      199DD194 
 131      30D40986 
ARM GAS  /var/folders/qd/4mxf5pkd0zdf0b9dd1hp39180000gn/T//cczqJ2ZD.s 			page 10


 131      873C7122 
 131      5A
 132 0036 94C56836 		.ascii	"\224\305h6\366\3531\344B\242\"\211V\2552\004\013$\005"
 132      F6EB31E4 
 132      42A22289 
 132      56AD3204 
 132      0B2405
 133 0049 2142AD73 		.ascii	"!B\255s\337\243\303\375q\316\271\347;\367\273\337\365"
 133      DFA3C3FD 
 133      71CEB9E7 
 133      3BF7BBDF 
 133      F5
 134 005a 88E81044 		.ascii	"\210\350\020DZ\366\2632\301\0045\363\201\250\230R\200"
 134      5AF6B332 
 134      C10435F3 
 134      81A89852 
 134      80
 135 006b 754C0A34 		.ascii	"uL\0124\2520\212i\236c\264\253;-\325\363\300\210E\367"
 135      AA308A69 
 135      9E63B4AB 
 135      3B2DD5F3 
 135      C08845F7 
 136 007f FE781533 		.ascii	"\376x\0253~&`\242\232Lkh\242G\252>\215=\011x\212\003"
 136      7E2660A2 
 136      9A4C6B68 
 136      A247AA3E 
 136      8D3D0978 
 137 0095 061C09F7 		.ascii	"\006\034\011\367\337\327\267\3236T\350\222\360\330\314"
 137      DFD7B7D3 
 137      3654E892 
 137      F0D8CC
 138 00a4 D5D29C05 		.ascii	"\325\322\234\005\211\377\375\335\322\214\337}\337\230"
 138      89FFFDDD 
 138      D28CDF7D 
 138      DF98
 139 00b2 9289DE36 		.ascii	"\222\211\3366\330\\\010\230\361\014,\015\261\212\014"
 139      D85C0898 
 139      F10C2C0D 
 139      B18A0C
 140 00c1 56902149 		.ascii	"V\220!I\021\326\320m\353\277==\231\357\364\234\344B"
 140      11D6D06D 
 140      EBBF3D3D 
 140      99EFF49C 
 140      E442
 141 00d3 3C874742 		.ascii	"<\207GB\236\226\267\334\310\234\374\255\232\350k\003"
 141      9E96B7DC 
 141      C89CFCAD 
 141      9AE86B03 
 142 00e3 772F09E3 		.ascii	"w/\011\343\200\035%\213\313\326s\354\342\"\356A\023"
 142      801D258B 
 142      CBD673EC 
 142      E222EE41 
 142      13
 143 00f4 82947799 		.ascii	"\202\224w\231\210&YY\257\034\321\017\224\217*\307k\241"
 143      88265959 
 143      AF1CD10F 
 143      948F2AC7 
ARM GAS  /var/folders/qd/4mxf5pkd0zdf0b9dd1hp39180000gn/T//cczqJ2ZD.s 			page 11


 143      6BA1
 144 0106 B21DEB8C 		.ascii	"\262\035\353\214:\273r\327l\343q\253\323\322vp\036-"
 144      3ABB72D7 
 144      6CE371AB 
 144      D3D27670 
 144      1E2D
 145 0118 212265BF 		.ascii	"!\"e\277*\017\375\244H\2417#\2456yP\231t\223$'\310\315"
 145      2A0FFDA4 
 145      48A13723 
 145      A5367950 
 145      99749324 
 146 012f C6FA5187 		.ascii	"\306\372Q\207E\272p\261\036#K\007\325\377HG\300\222"
 146      45BA70B1 
 146      1E234B07 
 146      D5FF4847 
 146      C092
 147 0141 697FBEBD 		.ascii	"i\177\276\275\033\303\004P\033o\177\364-\300\213UYY"
 147      1BC30450 
 147      1B6F7FF4 
 147      2DC08B55 
 147      5959
 148 0153 DCFBDD91 		.ascii	"\334\373\335\221\204\246]6iI5\177\316n\373!\026\212"
 148      84A65D36 
 148      6949357F 
 148      CE6EFB21 
 148      168A
 149 0165 A27C782E 		.ascii	"\242|x.`\037/E\236\027\322\333\0026\246\213\213\247"
 149      601F2F45 
 149      9E17D2DB 
 149      0236A68B 
 149      8BA7
 150 0177 F5233356 		.ascii	"\365#3V4]\001\247\360\012!\346\343?\221\303/[\253\315"
 150      345D01A7 
 150      F00A21E6 
 150      E33F91C3 
 150      2F5BABCD 
 151 018b 74DFB23D 		.ascii	"t\337\262=\014G\002>\205\327\320B5\376\2577\350\023"
 151      0C47023E 
 151      85D7D042 
 151      35FEAF37 
 151      E813
 152 019d 42B48752 		.ascii	"B\264\207R\270t\007\261\240\326&\344a\"\215\"\352\315"
 152      B87407B1 
 152      A0D626E4 
 152      61228D22 
 152      EACD
 153 01af 6675320A 		.ascii	"fu2\012\303z\360\3125}\275p\343\346\260\316\025\206"
 153      C37AF0CA 
 153      357DBD70 
 153      E3E6B0CE 
 153      1586
 154 01c1 860A797D 		.ascii	"\206\012y}\361\362@\377\300-\235\037\271\232\313\346"
 154      F1F240FF 
 154      C02D9D1F 
 154      B99ACBE6 
 155 01d1 08F97F0B 		.ascii	"\010\371\177\013\343\254\267"
 155      E3ACB7
ARM GAS  /var/folders/qd/4mxf5pkd0zdf0b9dd1hp39180000gn/T//cczqJ2ZD.s 			page 12


 156              		.text
 157              		.section	.gnu.lto_.symbol_nodes.b219b5fbca64ae8,"",%progbits
 158 0000 789C6363 		.ascii	"x\234cc``\360\002b\006\2463\214\365\014\014\023\316"
 158      6060F002 
 158      6206A633 
 158      8CF50C0C 
 158      13CE
 159 0012 313000A9 		.ascii	"10\000\251]\015\216@\221\263\214\365\214\250\"\347\030"
 159      5D0D8E40 
 159      91B38CF5 
 159      8CA822E7 
 159      18
 160 0023 EB995045 		.ascii	"\353\231PE\3163\3263\243\2100\000\000\337~\022\365"
 160      CE33D633 
 160      A3883000 
 160      00DF7E12 
 160      F5
 161              		.text
 162              		.section	.gnu.lto_.refs.b219b5fbca64ae8,"",%progbits
 163 0000 789C6363 		.ascii	"x\234cc```\004b\006\000\000D\000\010"
 163      60606004 
 163      62060000 
 163      440008
 164              		.text
 165              		.section	.gnu.lto_.decls.b219b5fbca64ae8,"",%progbits
 166 0000 789CC559 		.ascii	"x\234\305YkTT\327\025\236s\317\000\303\333\"\253\261"
 166      6B5454D7 
 166      159E73CF 
 166      00C3DB22 
 166      ABB1
 167 0012 295D4D5D 		.ascii	")]M]f\205\266\201\361\221\327\2576d\304\310\017-k0\256"
 167      6685B681 
 167      F191D7AF 
 167      3664C4C8 
 167      0F2D6B30 
 168 0027 65B25A42 		.ascii	"e\262ZBp\022\261\274\012\330\025\177\365\342`D\211\006"
 168      7012B1BC 
 168      0AD8157F 
 168      F5E26044 
 168      8906
 169 0039 94A02286 		.ascii	"\224\240\"\206\247\257\200\012QA%(\240<\344\245\001"
 169      A7AF800A 
 169      51412528 
 169      A03CE4A5 
 169      01
 170 004a 51117010 		.ascii	"Q\021p\020\001\021\221\247\212 B\367y\334\231\313\205"
 170      011191A7 
 170      8A2042F7 
 170      79DC99CB 
 170      85
 171 005b B1F9D1D5 		.ascii	"\261\371\321\325\336\345\236;\373\234\357\354\363\235"
 171      DEE59E3B 
 171      FB9CEFEC 
 171      F39D
 172 0069 BDCFD967 		.ascii	"\275\317\331g\017\332\252T\252O\177\245R9c\225*\003"
 172      0FDAAA54 
 172      AA4F7FA5 
ARM GAS  /var/folders/qd/4mxf5pkd0zdf0b9dd1hp39180000gn/T//cczqJ2ZD.s 			page 13


 172      52396395 
 172      2A03
 173 007b A954D3F0 		.ascii	"\251T\323\360\330@[\031\010\250\252\022\025{\324 U "
 173      D8405B19 
 173      08A8AA12 
 173      157BD420 
 173      5520
 174 008d B520F520 		.ascii	"\265 \365 WU\263\237o`\200\013\261\007\342\006\342\316"
 174      5755B39F 
 174      6F60800B 
 174      B107E206 
 174      E2CE
 175 009f C77B80BC 		.ascii	"\307{\200\274\001\3621\310:\220\337\001\356\267 \275"
 175      01F231C8 
 175      3A90DF01 
 175      EEB720BD 
 176 00af F0FD3EC8 		.ascii	"\360\375>\3103\2201\020\240\240\232\007\355\036 \256"
 176      33903110 
 176      A0A09A07 
 176      ED1E20AE 
 177 00bf 88CD5F35 		.ascii	"\210\315_5\307<{\241\303i\216y\2449$\373\222]i\036\001"
 177      C73C7BA1 
 177      C3698E79 
 177      A43924FB 
 177      925D691E 
 178 00d4 643E6273 		.ascii	"d>bs \276\026\345s\000:\034\254\254\201p\217\202\376"
 178      20BE16E5 
 178      73003A1C 
 178      ACAC8170 
 178      8F82FE
 179 00e7 4890D588 		.ascii	"H\220\325\210\331$v\326q{\365\\\217E3m\246[\261i\215"
 179      D92476D6 
 179      717BF55C 
 179      8F45336D 
 179      A65BB169 
 180 00fc 2F19EEC1 		.ascii	"/\031\356\301m\316\345\347d\214\332\253\217\345\342"
 180      6DCEE5E7 
 180      648CDAAB 
 180      8FE5E2
 181 010b 048CDE70 		.ascii	"\004\214\336p@$b\256\320t\262\377\334\2703k\"\210\306"
 181      402462AE 
 181      D074B2FF 
 181      DCB8336B 
 181      2288C6
 182 011e B264672C 		.ascii	"\262dg,\320\257\035yq\335\366\336y\"{4\177U\2413\010"
 182      D0AF1D79 
 182      71DDF6DE 
 182      79227B34 
 182      7F55A133 
 183 0133 4B961ABF 		.ascii	"K\226\032\277\031\311\261\303\357P\340Oq\371i\304\252"
 183      19C9B1C3 
 183      EF50E04F 
 183      71F969C4 
 183      AA
 184 0144 9B035283 		.ascii	"\233\003R\203:\\\237z\317\005Tw\007\364Z2\026L-\317"
 184      3A5C9F7A 
 184      CF055477 
ARM GAS  /var/folders/qd/4mxf5pkd0zdf0b9dd1hp39180000gn/T//cczqJ2ZD.s 			page 14


 184      07F45A32 
 184      164C2DCF 
 185 0158 DB5C9083 		.ascii	"\333\\\220\203g\274(n\0213\214\242\375J\025:\207<\320"
 185      67BC286E 
 185      11338CA2 
 185      FD4A153A 
 185      873CD0
 186 016b 59E4A142 		.ascii	"Y\344\241B\305\310\223\314\\\210\274U\35044\236\202"
 186      C5C893CC 
 186      5C88BC55 
 186      E834349E 
 186      82
 187 017c C6C364BA 		.ascii	"\306\303d\272\322\253\373\376\264\177D\024_C\347\221"
 187      D2ABFBFE 
 187      B47F4414 
 187      5F43E791 
 188 018c 032A4298 		.ascii	"\003*B\230b`qo80\002\307r\222\262lq3\"\014\204\342\003"
 188      6260716F 
 188      383002C7 
 188      7292B26C 
 188      7133220C 
 189 01a3 DD1582B5 		.ascii	"\335\025\202\2659.X\235c\254xa\345VQ\024P\011\314\361"
 189      392E589D 
 189      63AC7861 
 189      E5565114 
 189      5009CCF1 
 190 01b7 A3650E98 		.ascii	"\243e\016\230\222\274\240\025&:_Vr\321\321\204\332\021"
 190      92BCA015 
 190      263A5F56 
 190      72D1D184 
 190      DA11
 191 01c9 EC03348F 		.ascii	"\354\0034\217\256\037!\366\011o\"T\237\226\036\304\332"
 191      AE1F21F6 
 191      096F2254 
 191      9F961EC4 
 191      DA
 192 01da A155602F 		.ascii	"\241U`/\016%\2124\004\231[\004nC\220\354\322\177\334"
 192      0E258A34 
 192      04995B04 
 192      6E4390EC 
 192      D27FDC
 193 01ed 00925B65 		.ascii	"\000\222[e\375l:\351aQg_d\343X\223`\231L6d\026W\225"
 193      FD6C3AE9 
 193      6151675F 
 193      64E35893 
 193      60994C36 
 194 0205 B9DB4CCA 		.ascii	"\271\333L\312\262H\304\303]\336\030\333\353\320\201"
 194      B248C4C3 
 194      5DDE18DB 
 194      EBD081
 195 0214 EE402F6C 		.ascii	"\356@/l\275DM\030\015\374\201\353\235\331\002\276\317"
 195      BD444D18 
 195      0DFC81EB 
 195      9DD902BE 
 195      CF
 196 0225 B64BD5D1 		.ascii	"\266K\325\3213eH-0\277\241p5i\253\035;rQmn+G\264\261"
 196      3365482D 
ARM GAS  /var/folders/qd/4mxf5pkd0zdf0b9dd1hp39180000gn/T//cczqJ2ZD.s 			page 15


 196      30BFA170 
 196      3569AB1D 
 196      3B72516D 
 197 023e 627AACD4 		.ascii	"bz\254\324\225m\027\201\354\244\241\272\203\216l\273"
 197      956D1781 
 197      ECA4A1BA 
 197      838E6CBB 
 198 024e CC23BBE7 		.ascii	"\314#\273\347\302\235\024aA\012\211O\242Q\234'\240O"
 198      C29D1461 
 198      410A894F 
 198      A2519C27 
 198      A04F
 199 0260 7F892A20 		.ascii	"\177\211* j\227!j*T\211\026\300\347%\244f\264\276\333"
 199      6A97216A 
 199      2A548916 
 199      C0E725A4 
 199      66B4BEDB 
 200 0274 DA790A2D 		.ascii	"\332y\012-\314\0203:\304\322*\323\242\373\247E\021\342"
 200      CC10333A 
 200      C4D22AD3 
 200      A2FBA745 
 200      11E2
 201 0286 29AA090E 		.ascii	")\252\011\016\225Y\002ZF6.*E\035\010]D&XD\025Z\010\303"
 201      9559025A 
 201      46362E2A 
 201      451D085D 
 201      44265844 
 202 029e 9BEF940C 		.ascii	"\233\357\224\014a\234\203\255\362\337\333\224u\336\331"
 202      619C83AD 
 202      F2DFDB94 
 202      75DED9
 203 02ad 2A991A4A 		.ascii	"*\231\032J\346\212D\346^\305\324\207\234K\337\202T\261"
 203      E68A44E6 
 203      5EC5D487 
 203      9C4BDF82 
 203      54B1
 204 02bf 748B48B6 		.ascii	"t\213H\266\026\200P\265\205I\265\222I-eR\360\354\241"
 204      168050B5 
 204      8549B592 
 204      492D6552 
 204      F0ECA1
 205 02d2 11E342C6 		.ascii	"\021\343B\306d\240\270c#7T\363\252\331\020YR\235\305"
 205      64A0B863 
 205      233754F3 
 205      AAD91059 
 205      529DC5
 206 02e5 509DD250 		.ascii	"P\235\322P=5Trd\257\037nbv\322\313\323c\035%F\277\236"
 206      3D355472 
 206      64AF1F6E 
 206      6276D2CB 
 206      D3631D25 
 207 02fc C1A8C162 		.ascii	"\301\250\301b\250Ai\350*5\224\327\234^\354\304\242$"
 207      A84169E8 
 207      2A3594D7 
 207      9C5EECC4 
 207      A224
 208 030e 7A90B894 		.ascii	"z\220\270\224m;\315\365!;\320\223\217\337+BLOt\007\275"
ARM GAS  /var/folders/qd/4mxf5pkd0zdf0b9dd1hp39180000gn/T//cczqJ2ZD.s 			page 16


 208      6D3BCDF5 
 208      213BD093 
 208      8FDF2B42 
 208      4C4F7407 
 209 0323 B7F948AA 		.ascii	"\267\371H\2523\013\243\230\211\240\341\340\344d\234"
 209      330BA398 
 209      89A0E1E0 
 209      E4649C
 210 0332 1A77312A 		.ascii	"\032w1*woL\325\362\024a\264!\033\243\273\355[g\207x"
 210      776F4CD5 
 210      F21461B4 
 210      211BA3BB 
 210      ED5B6787 
 211 0347 E2587A5C 		.ascii	"\342Xz\\I\207t`U\350\0069\177H\353\201\232A\005tnJ\326"
 211      49877460 
 211      55E80639 
 211      7F48EB81 
 211      9A410574 
 212 035e 19EC9648 		.ascii	"\031\354\226H\303 \212\357\253i\204\232\000\336H\341"
 212      C3208AEF 
 212      AB69849A 
 212      00DE48E1 
 213 036e 37919B34 		.ascii	"7\221\2334\210\240\273\016ue\330s\346\266\240\177\225"
 213      88A0BB0E 
 213      7565D873 
 213      E6B6A07F 
 213      95
 214 037f D499EDC2 		.ascii	"\324\231\355\302\231\023b\327\222\276\336\243\346LI"
 214      991362D7 
 214      92BEDEA3 
 214      E64C49
 215 038e 06DC7533 		.ascii	"\006\334u3\351\317x\200\361\274U\260'\337\206a\007\011"
 215      E9CF7880 
 215      F1BC55B0 
 215      27DF8661 
 215      0709
 216 03a0 F67CEA8D 		.ascii	"\366|\352\215TG\253<\333%\236m\214\347\311\255]\307"
 216      5447AB3C 
 216      DB259E6D 
 216      8CE7C9AD 
 216      5DC7
 217 03b2 3430DA03 		.ascii	"40\332\003\322+\222\345V\017\226[O\227\216\036W\343"
 217      D22B92E5 
 217      560F965B 
 217      4F978E1E 
 217      57E3
 218 03c4 613A9350 		.ascii	"a:\223Pp\274k#\362t\220\222\235\367\326m$6\235\260\260"
 218      70BC6B23 
 218      F2749092 
 218      9DF7D66D 
 218      24369DB0 
 219 03d9 0E4B6C3C 		.ascii	"\016Kl<\310\222hR\023\263E\274@\205\226y\240\305\220"
 219      C8926852 
 219      13B345BC 
 219      40859679 
 219      A0C590
 220 03ec D2EE424A 		.ascii	"\322\356BJ\363\340)\315\004t\356\260\371\217\245\037"
ARM GAS  /var/folders/qd/4mxf5pkd0zdf0b9dd1hp39180000gn/T//cczqJ2ZD.s 			page 17


 220      F3E029CD 
 220      0474EEB0 
 220      F98FA51F 
 221 03fc BDEC8C9F 		.ascii	"\275\354\214\237\263\011\356\034\037l\300\346\031 \325"
 221      B309EE1C 
 221      1F6CC0E6 
 221      1920D5
 222 040b 9DA2A9AE 		.ascii	"\235\242\251\256\033f\270g\231\241\023Y\231\242k\356"
 222      1B66B867 
 222      99A11359 
 222      99A26BEE 
 223 041b 299A4D29 		.ascii	")\232M)\255\216\226P j\3576\364\267P\217\364\320P\264"
 223      AD8E9650 
 223      206AEF36 
 223      F4B7508F 
 223      F4D050B4 
 224 042f 4BA1D872 		.ascii	"K\241\330ry\373CD\334g\374y\326\367U\214\017\252\345"
 224      79FB4344 
 224      DC67FC79 
 224      D6F7558C 
 224      0FAAE5
 225 0442 D6EFBFCC 		.ascii	"\326\357\277\314z\241)y;\337\222\031\344\3429\337>\\"
 225      7AA12979 
 225      3BDF9219 
 225      E4E239DF 
 225      3E5C
 226 0454 EAC8F40E 		.ascii	"\352\310\364\016\342\376\361\376}\315\032\036h\027\320"
 226      E2FEF1FE 
 226      7DCD1A1E 
 226      6817D0
 227 0463 2F8DA60D 		.ascii	"/\215\246\015;a\243\232\006\243\274\265$\236G\372]P"
 227      3B61A39A 
 227      06A3BCB5 
 227      249E47FA 
 227      5D50
 228 0475 EB769DEB 		.ascii	"\353v\235\353\266\276!\007\244@?b<\2472\322n\010\312"
 228      B6BE2107 
 228      A4403F62 
 228      3CA732D2 
 228      6E08CA
 229 0488 0DF910E0 		.ascii	"\015\371\020\340}\024>Hy\016H<\367>\032\177\225\357"
 229      7D143E48 
 229      790E483C 
 229      F73E1A7F 
 229      95EF
 230 049a 47F9FDE8 		.ascii	"G\371\375\350F\357Gt\242\367b\232\003gI\362\341\245"
 230      46EF4774 
 230      A2F7629A 
 230      036749F2 
 230      E1A5
 231 04ac A603B976 		.ascii	"\246\003\271vx'c\371x\307\3261~n\310\241\353\252\031"
 231      782763F9 
 231      78C7D631 
 231      7E6EC8A1 
 231      EBAA19
 232 04bf F9C1C52A 		.ascii	"\371\301\305*\313'\022\313\307\214eZ\337\350\264\213"
 232      CB2712CB 
ARM GAS  /var/folders/qd/4mxf5pkd0zdf0b9dd1hp39180000gn/T//cczqJ2ZD.s 			page 18


 232      C78C655A 
 232      DFE8B48B 
 233 04cf 92E508C0 		.ascii	"\222\345\010\300\207)\374)e\371Db\271\257\261\300\227"
 233      8729FC29 
 233      65F94462 
 233      B9AFB1C0 
 233      97
 234 04e0 85EAE75C 		.ascii	"\205\352\347\\\2400\240\351\302\304UW\271\371\261\227"
 234      A030A0E9 
 234      C2C45557 
 234      B9F9B197 
 235 04f0 991F2B7C 		.ascii	"\231\037+|\336\312W\235\201\311\326(nI\342\267@\207"
 235      DECA579D 
 235      81C9D628 
 235      6E49E2B7 
 235      4087
 236 0502 FCD4BAF3 		.ascii	"\374\324\272\363S\033\333\233\277\015\343\335\314\015"
 236      531BDB9B 
 236      BF0DE3DD 
 236      CC0D
 237 0510 A37BB76E 		.ascii	"\243{\267n\3270\360+\240f\236\034\350\327Xu\303\224"
 237      D730F02B 
 237      A0669E1C 
 237      E8D75875 
 237      C394
 238 0522 E486178C 		.ascii	"\344\206\027\214\347\213rS\226\253\322\015\317\001>"
 238      E78B7253 
 238      96ABD20D 
 238      CF013E
 239 0531 41E1D394 		.ascii	"A\341\323\224\347\224\304\363t\311\360!){\020\236\335"
 239      E794C4F3 
 239      74C9F021 
 239      297B109E 
 239      DD
 240 0542 B99DD90E 		.ascii	"\271\235\331\0168\215\361\370\2764\241\232\207#\203"
 240      388DF1F8 
 240      BE34A19A 
 240      872383
 241 0551 C46AFAC0 		.ascii	"\304j\372\300\320A'\234\311:\245@\272\361@^}PX \340"
 241      D041279C 
 241      C93AA540 
 241      BAF1405E 
 241      7D505820 
 242 0566 5CD6F9C2 		.ascii	"\\\326\371\302\224\230h\307G\222\275iji.p\302\371\254"
 242      949868C7 
 242      4792BD69 
 242      6A692E70 
 242      C2F9AC
 243 0579 B3B0E74A 		.ascii	"\263\260\347J\2454\222tn?\331\231`\203\317\261\316\273"
 243      A5349274 
 243      6E3FD999 
 243      6083CFB1 
 243      CEBB
 244 058b EDF777B8 		.ascii	"\355\367w\270\340\013L\251\252\334\262\021W\263\357"
 244      E00B4CA9 
 244      AADCB211 
 244      57B3EF
ARM GAS  /var/folders/qd/4mxf5pkd0zdf0b9dd1hp39180000gn/T//cczqJ2ZD.s 			page 19


 245 059a B5F7E2DE 		.ascii	"\265\367\342\336d\203\342H\202\256\310)H\307\314\201"
 245      6483E248 
 245      82AEC829 
 245      48C7CC81 
 246 05aa 1974FB9F 		.ascii	"\031t\373\237*\333at\305\365\024\354j\2320\232\234\320"
 246      2ADB6174 
 246      C5F514EC 
 246      6A9A309A 
 246      9CD0
 247 05bc 22F6CC5F 		.ascii	"\"\366\314_\344I\337Yb\\\254Xz3\025\337>V\003\256,G"
 247      E449DF59 
 247      625CAC58 
 247      7A3315DF 
 247      3E5603AE 
 248 05d2 E8197243 		.ascii	"\350\031rC\011\002F)\302|s(\301\225\340\240%\244\224"
 248      09024629 
 248      C27C7328 
 248      C195E0A0 
 248      25A494
 249 05e5 65033A57 		.ascii	"e\003:W\303G,\244|\000\267\"\006\226\016)\272\205dh"
 249      C3472CA4 
 249      7C00B722 
 249      06960E29 
 249      BA856468 
 250 05f9 92796A08 		.ascii	"\222yj\010:\016\023?\243I\216\226\274\217\306\221\302"
 250      3A0E133F 
 250      A3498E96 
 250      BC8FC691 
 250      C2
 251 060a 76234713 		.ascii	"v#G\023\"\243HAdH\211\356\\eAoW\322\216\027\024L&VY"
 251      22A34841 
 251      644889EE 
 251      5C65416F 
 251      57D28E17 
 252 0623 98180505 		.ascii	"\230\030\005\005\223-rt\234Q,\035Y\235J\321dW\357\342"
 252      932D7274 
 252      9C512C1D 
 252      599D4AD1 
 252      6457EFE2 
 253 0637 68F391B8 		.ascii	"h\363\221\270fa\222\3047\226\010u\000\332)x\240\257"
 253      666192C4 
 253      37960875 
 253      00DA2978 
 253      A0AF
 254 0649 A9250287 		.ascii	"\251%\002\207\023\203\366\011\236\350\033a\021J\005"
 254      1383F609 
 254      9EE81B61 
 254      114A05
 255 0658 D903B217 		.ascii	"\331\003\262\027\344 H2H\032H\022\310n\220\003 \211"
 255      E4204832 
 255      481A4812 
 255      C86E9003 
 255      2089
 256 066a 20FB41BE 		.ascii	" \373A\276\025\026\321\022\214\321\356\223\321\336\246"
 256      1516D112 
 256      8CD1EE93 
 256      D1DEA6
ARM GAS  /var/folders/qd/4mxf5pkd0zdf0b9dd1hp39180000gn/T//cczqJ2ZD.s 			page 20


 257 0679 A4FD9585 		.ascii	"\244\375\225\2056K\364\225\365n\261\300\205\240T<\311"
 257      364BF495 
 257      F56EB1C0 
 257      85A0543C 
 257      C9
 258 068a 5B4C0D34 		.ascii	"[L\0154\270\355\026\305\352\305\344\312D\327\271{\245"
 258      B8ED16C5 
 258      EAC5E4CA 
 258      44D7B97B 
 258      A5
 259 069b 8B14FDA4 		.ascii	"\213\024\375\244\014\335m\331\314;\2243\017\317B\363"
 259      0CDD6DD9 
 259      CC3B9433 
 259      0FCF42F3 
 260 06ab D041F643 		.ascii	"\320A\366C\375\334\266\224\023\321\003e\350\312e\201"
 260      FDDCB694 
 260      13D10365 
 260      E8CA6581 
 261 06bb 8E55864E 		.ascii	"\216U\206N\024\024\350\021Y\240\267*\321q\0264\311\315"
 261      1414E811 
 261      59A0B72A 
 261      D1711634 
 261      C9CD
 262 06cd 374C9711 		.ascii	"7L\227\021\236\244\333^\3302QPh\203\346{\316\031$8\303"
 262      9EA4DB5E 
 262      D8325150 
 262      6883E67B 
 262      CE192438 
 263 06e2 9EFF9538 		.ascii	"\236\377\22581\317O5h\340g\022J\007\203\337\011\346"
 263      31CF4F35 
 263      68E06712 
 263      4A0783DF 
 263      09E6
 264 06f4 0B96C481 		.ascii	"\013\226\304\201\362\332~\177\242\026;\3550\377B\241"
 264      F2DA7E7F 
 264      A2163BED 
 264      30FF42A1 
 265 0704 404BD6CA 		.ascii	"@K\326\312\024\234h\325\015oR}\325W\265\361D\023O\316"
 265      149C68D5 
 265      0D6F527D 
 265      D557B5F1 
 265      44134FCE 
 266 0718 F2F48396 		.ascii	"\362\364\203\226l\236\225\206\210\261\341\311\203E\\"
 266      6C9E9586 
 266      88B1E1C9 
 266      83455C
 267 0727 77976517 		.ascii	"w\227e\027w\236]\372\367%\030]\255&\310\303\002O\220"
 267      779E5DFA 
 267      F725185D 
 267      AD26C8C3 
 267      024F90
 268 073a 675982BC 		.ascii	"gY\202\274\336\336\235\342\244L\220\207\300I9\324\261"
 268      DEDE9DE2 
 268      A44C9087 
 268      C04939D4 
 268      B1
 269 074b 47043769 		.ascii	"G\0047i\020A\237i\274\371\324\036\177eCsPK\312\216~"
ARM GAS  /var/folders/qd/4mxf5pkd0zdf0b9dd1hp39180000gn/T//cczqJ2ZD.s 			page 21


 269      10419F69 
 269      BCF9D41E 
 269      7F654373 
 269      504BCA8E 
 270 0760 1BE9D688 		.ascii	"\033\351\326\210\3779\267FNO\301\240\275|\262c\302K"
 270      FF39B746 
 270      4E4FC1A0 
 270      BD7CB263 
 270      C24B
 271 0772 266BEAC9 		.ascii	"&k\352\311\214\343W\3745\225\354\307\202\033\373\261"
 271      8CE357FC 
 271      3595ECC7 
 271      821BFBB1 
 272 0782 20254E77 		.ascii	" %Nw\2368\213+\033\257 \234\300\270\225\217\344\037"
 272      9E388B2B 
 272      1BAF209C 
 272      C0B8958F 
 272      E41F
 273 0794 E1634922 		.ascii	"\341cI\"\357H\2744m\335'\371\222ON\012\224\346\223\304"
 273      EF48BC34 
 273      6DDD27F9 
 273      924F4E0A 
 273      94E693C4 
 274 07a8 FC154A97 		.ascii	"\374\025J\227\034\007\226y\224e\001e\231/\261\334\177"
 274      1C079679 
 274      94650165 
 274      992FB1DC 
 274      7F
 275 07b9 B0EF84A0 		.ascii	"\260\357\204\240\\\223UtB\305\231J\036\333j\242\367"
 275      5C935574 
 275      42C5994A 
 275      1EDB6AA2 
 275      F7
 276 07ca 4C9DAAB1 		.ascii	"L\235\252\261\303\211"
 276      C389
 277 07d0 8CF49EDD 		.ascii	"\214\364\236\335\317j48\231)E\003\271E\316\014YJ\364"
 277      CF6A3438 
 277      99294503 
 277      B945CE0C 
 277      594AF4
 278 07e3 D4E2C735 		.ascii	"\324\342\3075\274f\321\310\272\335y\367h\356\320![\274"
 278      BC66D1C8 
 278      BADD79F7 
 278      68EED021 
 278      5BBC
 279 07f5 8F8D4D1A 		.ascii	"\217\215M\032\032\331cku\271\347\245\345.\246\253-:"
 279      1AD9636B 
 279      75B9E7A5 
 279      E52EA6AB 
 279      2D3A
 280 0807 933DA851 		.ascii	"\223=\250Q.\367,,\240\210.\240\230.\340\274\264\200"
 280      2EF72C2C 
 280      A0882EA0 
 280      982EE0BC 
 280      B480
 281 0819 E2D89C66 		.ascii	"\342\330\234f\254\\\256U\364\321\236\264]<\014\357\221"
 281      AC5CAE55 
ARM GAS  /var/folders/qd/4mxf5pkd0zdf0b9dd1hp39180000gn/T//cczqJ2ZD.s 			page 22


 281      F4D19EB4 
 281      5D3C0CEF 
 281      91
 282 082a 32633CB3 		.ascii	"2c<\263\317\031\2471\222\217\006&O\272\340L\246\024"
 282      CF19A731 
 282      928F0626 
 282      4FBAE04C 
 282      A614
 283 083c 17FD58C9 		.ascii	"\027\375X\311W\267\230\024\375ye\015\216\3700\353\233"
 283      57B79814 
 283      FD79650D 
 283      8EF830EB 
 283      9B
 284 084d 4C4C3F65 		.ascii	"LL?e\217\363\230r`\264\375\001\337\374\236$\316\331"
 284      8FF39872 
 284      60B4FD01 
 284      DFFC9E24 
 284      CED9
 285 085f DFEDB6C7 		.ascii	"\337\355\266\307\005\254o:1~\277\035.dJrCr\266#.f\312"
 285      05AC6F3A 
 285      317EBF1D 
 285      2E644A72 
 285      4372B623 
 286 0876 405C7707 		.ascii	"@\\w\007\337:\013@}\336\233\334\302\177\2778\311\312"
 286      DF3A0B40 
 286      7DDE9BDC 
 286      C27FBF38 
 286      C9CA
 287 0888 11775E8E 		.ascii	"\021w^\216\234x\272k\257#.cCo\266\304\235\343XGP\215"
 287      9C78BA6B 
 287      AF232E63 
 287      436FB6C4 
 287      9DE35847 
 288 089e 79170A6D 		.ascii	"y\027\012m\254\272\266Nrm-\333I;O\344\\\264UV\314W\300"
 288      ACBAB64E 
 288      726D2DDB 
 288      493B4FE4 
 288      5CB45556 
 289 08b5 5BD5D45B 		.ascii	"[\325\324[\365\324[u\222\267\032z\022\256:*+`\253\350"
 289      F5D45B75 
 289      92B71A7A 
 289      12AE3A2A 
 289      2B60ABE8 
 290 08c9 92C6B6F7 		.ascii	"\222\306\266\367q\005#\371\244\241\355.\302W\230\022"
 290      710523F9 
 290      A4A1ED2E 
 290      C2579812 
 291 08d9 577BE588 		.ascii	"W{\345\210\035\256gJ\377\261\372j[\334\304\224\256\236"
 291      1DAE674A 
 291      FFB1FA6A 
 291      5BDCC494 
 291      AE9E
 292 08eb 89B318DF 		.ascii	"\211\263\030\337b\312\341\376\254\235\366\270\235\217"
 292      62CAE1FE 
 292      AC9DF6B8 
 292      9D8F
 293 08f9 E91A68E0 		.ascii	"\351\032h\340\016\372\232\034\246\347C\205\327%\227"
ARM GAS  /var/folders/qd/4mxf5pkd0zdf0b9dd1hp39180000gn/T//cczqJ2ZD.s 			page 23


 293      0EFA9A1C 
 293      A6E74385 
 293      D72597
 294 0908 90EDD6F7 		.ascii	"\220\355\326\367\244{Z\203\357Q\360+\005\215u\031\366"
 294      A47B5A83 
 294      EF51F02B 
 294      058D7519 
 294      F6
 295 0919 88D61296 		.ascii	"\210\326\022\226\307\223\277\263\304dH\327wZ\371e\363"
 295      C793BFB3 
 295      C46448D7 
 295      775AF965 
 295      F3
 296 092a 83E0864E 		.ascii	"\203\340\206N@Fl\205\204'\235\012\224\253L\361\345\037"
 296      40466C85 
 296      84279D0A 
 296      94AB4CF1 
 296      E51F
 297 093c B3AAA201 		.ascii	"\263\252\242\001\3205\034--\034U\311\321\311p;7~\302"
 297      D0351C2D 
 297      2D1C55C9 
 297      D1C9703B 
 297      377EC2
 298 094f 6E67B2F5 		.ascii	"ng\262\365Ns\2649\365\234\242\350sh\326\365|\003\354"
 298      4E73B439 
 298      F59CA2E8 
 298      7368D6F5 
 298      7C03EC
 299 0962 35D3CE56 		.ascii	"5\323\316V\236\366\357C\332\357\203T~\007\244\027\344"
 299      9EF6EF43 
 299      DAEF8354 
 299      7E07A417 
 299      E4
 300 0973 114807C8 		.ascii	"\021H\007\310]\220\026\220\007 \017A\272@z@\272A\332"
 300      5D901690 
 300      07200F41 
 300      BA407A40 
 300      BA41DA
 301 0986 40FA4106 		.ascii	"@\372A\006@L \267An\201\264\203\334\003\3514_\337\264"
 301      404C20B7 
 301      416E81B4 
 301      83DC03E9 
 301      345FDFB4 
 302 099a 8EF8D852 		.ascii	"\216\370\330RG\\T2-\231\261.R\321|\302.\272\357\301"
 302      475C5432 
 302      2D99B12E 
 302      52D17CC2 
 302      2EBAEFC1 
 303 09ae 0B47395A 		.ascii	"\013G9Z\312\216\274`\225\325(\267\327Yl7)mk-N`>\253"
 303      CA8EBC60 
 303      95D528B7 
 303      D7596C37 
 303      296D6B2D 
 304 09c6 91F9ECCC 		.ascii	"\221\371\354\314\334>\223\327?2\333\327\224\350<%zB"
 304      DC3E93D7 
 304      3F32DBD7 
 304      94E83C25 
ARM GAS  /var/folders/qd/4mxf5pkd0zdf0b9dd1hp39180000gn/T//cczqJ2ZD.s 			page 24


 304      7A42
 305 09d8 86BE3A37 		.ascii	"\206\276:7Z\242B\215\177b\201\337T\302\263\224\205["
 305      5AA2428D 
 305      7F6281DF 
 305      54C2B394 
 305      855B
 306 09ea 1F770A5C 		.ascii	"\037w\012\\\016\264\016\231\341\224\354Y\306o\313<~"
 306      0EB40E99 
 306      E194EC59 
 306      C66FCB3C 
 306      7E
 307 09fb 5969FCD2 		.ascii	"Yi\374\322,x\237\014^\246\204\227\316\202w\312\340\345"
 307      2C789F0C 
 307      5EA68497 
 307      CE8277CA 
 307      E0E5
 308 0a0d 73C3E5E5 		.ascii	"s\303\345\345X\013+\307Z\225\345\0301\325\323\342\226"
 308      580B2BC7 
 308      5A95E518 
 308      31D5D3E2 
 308      96
 309 0a1e 65242784 		.ascii	"e$'\204\330jT\332*R\372\270F6s\245\022\315\3121y\270"
 309      D86A54DA 
 309      2A52FAB8 
 309      463673A5 
 309      12CDCA31 
 310 0a34 1BD759C2 		.ascii	"\033\327Y\302}}\316\315!\263\335(\263]1\267\317\344"
 310      7D7DCECD 
 310      21B3DD28 
 310      B35D31B7 
 310      CFE4
 311 0a46 D196A12F 		.ascii	"\321\226\241/\314\275\247gxX\2669~\232{\231f\342$\023"
 311      CCBDA767 
 311      7858B639 
 311      7E9A7B99 
 311      66E22413 
 312 0a5a F070FF08 		.ascii	"\360p\377\010\341>\307\341\322\365\202\012g\024{\015"
 312      E13EC7E1 
 312      D2F5820A 
 312      67147B0D 
 313 0a6a A66F1BD4 		.ascii	"\246o\033\324\370\001\315IB\373\203\323\011\216\312"
 313      F801CD49 
 313      42FB83D3 
 313      098ECA
 314 0a79 624F3AF2 		.ascii	"bO:\362h\030N\372\377\342\324\363b\260\325\226\024\203"
 314      68184EFA 
 314      FFE2D4F3 
 314      62B0D596 
 314      1483
 315 0a8b 4330E1A0 		.ascii	"C0\341\240\245\030l\225\212\301\354\236\316Kjy184\243"
 315      A5186C95 
 315      8AC1EC9E 
 315      CE4B6A79 
 315      313834A3 
 316 0a9f 181CE1C5 		.ascii	"\030\034\341\305\340\010-\006\373\017\015\326\331\342"
 316      E0082D06 
 316      FB0F0DD6 
ARM GAS  /var/folders/qd/4mxf5pkd0zdf0b9dd1hp39180000gn/T//cczqJ2ZD.s 			page 25


 316      D9E2
 317 0aad 1196A5B3 		.ascii	"\021\226\245\263z\353\257\360[\3627\344\3571{\372w!"
 317      7AEBAFF0 
 317      5BF237E4 
 317      EF317BFA 
 317      7721
 318 0abf 96A47B49 		.ascii	"\226\244{I\322\316\254\037Mq\300\242-\305\236-y\264"
 318      D2CEAC1F 
 318      4D71C0A2 
 318      2DC59E2D 
 318      79B4
 319 0ad1 9441C90F 		.ascii	"\224A\311\017\304\366\204\266Vd\365\332z&][c\354\332"
 319      C4F684B6 
 319      5664F5DA 
 319      7A265D5B 
 319      63ECDA
 320 0ae4 6A7E5632 		.ascii	"j~V2\341\204\267SC\352<\343\367Cj\344\351\201\000\216"
 320      E184B753 
 320      43EA3CE3 
 320      F7436AE4 
 320      E981008E 
 321 0af8 D85F94C8 		.ascii	"\330_\224\310\177\011\250\320\013\330[\343\002\226\376"
 321      7F09A8D0 
 321      0BD85BE3 
 321      0296FE
 322 0b07 8B215504 		.ascii	"\213!U\004\363C\377\"\315\360]C\337s\374mi\002\334\377"
 322      F343FF22 
 322      CDF05D43 
 322      DF73FC6D 
 322      6902DCFF 
 323 0b1b 82CE3709 		.ascii	"\202\3167\011\321y\316&LO\277p\003\311o>b\373\011\364"
 323      D179CE26 
 323      4C4FBF70 
 323      03C96F3E 
 323      62FB09F4 
 324 0b2f 3FA6119F 		.ascii	"?\246\021\237\2427\3373\351\346+H\253\036\267w\340\266"
 324      A237DF33 
 324      E9E62B48 
 324      AB1EB777 
 324      E0B6
 325 0b41 E3FF93ED 		.ascii	"\343\377\223\355\334\221\234\311\031\267\352\364\313"
 325      DC919CC9 
 325      19B7EAF4 
 325      CB
 326 0b4e 6C3FD9F9 		.ascii	"l?\331\371p\324\351\365l\361Z\251Xz\311\364f\352\226"
 326      70D4E9F5 
 326      6CF15AA9 
 326      587AC9F4 
 326      66EA96
 327 0b61 52D1F83E 		.ascii	"R\321\370>\022\261\033z\012\241\254G\013eCG\241\345"
 327      12B11B7A 
 327      0AA1AC47 
 327      0B654347 
 327      A1E5
 328 0b73 6F820AC5 		.ascii	"o\202\012\305\342\327U\177\360\366\326\262\177\021\321"
 328      E2D7557F 
 328      F0F6D6B2 
ARM GAS  /var/folders/qd/4mxf5pkd0zdf0b9dd1hp39180000gn/T//cczqJ2ZD.s 			page 26


 328      7F11D1
 329 0b82 DA0D41A1 		.ascii	"\332\015A\241\332\310\210\250\230hmpDXXD\270\326G\277"
 329      DAC888A8 
 329      98686D70 
 329      44585844 
 329      B8D647BF 
 330 0b96 4AB7EA4B 		.ascii	"J\267\352Km\370?C\202\275\2035\037\256\376\3505\335"
 330      6DF83F43 
 330      82BD8335 
 330      1FAEFEE8 
 330      35DD
 331 0ba8 92252A87 		.ascii	"\222%*\207\300\300M!\3411\313\226\006\306\354FZ\237"
 331      C0C04D21 
 331      E131CB96 
 331      06C6EC46 
 331      5A9F
 332 0bba C8C8D090 		.ascii	"\310\310\320\220\340\240\230\220\210\360h\255ophHd\264"
 332      E0A09890 
 332      88F068AD 
 332      6F706848 
 332      64B4
 333 0bcc 21D0E015 		.ascii	"!\320\340\025\271)\370\357K\275\203\"#\265\272\210\360"
 333      B929F8EF 
 333      4BBD8322 
 333      23B5BA88 
 333      F0
 334 0bdd 184378CC 		.ascii	"\030Cx\314\254N\355\232\210\210\320h\355\027\301\301"
 334      AC4EED9A 
 334      8888D068 
 334      ED17C1C1 
 335 0bed 5E415161 		.ascii	"^AQa^\341\021\341\006/C\320g!^\357z-]\274\344]\257\177"
 335      5EE111E1 
 335      062F43D0 
 335      67215EEF 
 335      7A2D5DBC 
 336 0c05 BCE51516 		.ascii	"\274\345\025\026\2641\"J;\243W\033\022\036\034\272i"
 336      B431224A 
 336      3BA3571B 
 336      121E1CBA 
 336      69
 337 0c16 BD411B16 		.ascii	"\275A\033\026\024\274!$\334\240\015\\o\370<hShL`\314"
 337      14BC2124 
 337      DCA00D5C 
 337      6FF83C68 
 337      53684C60 
 338 0c2b E64843B4 		.ascii	"\346HC\264\367\006\225F\"\267\355\377G.zs\26460:f=0"
 338      F7069546 
 338      22B7EDFF 
 338      472E7A73 
 338      B436303A 
 339 0c42 0146F388 		.ascii	"\001F\363\210\003}\303\203>\0135\2545\004\307DD\375"
 339      037DC383 
 339      3E0B35AC 
 339      3504C744 
 339      44FD
 340 0c54 F1E77B5D 		.ascii	"\361\347{]\365\013\362^\036\022m\031\355AZ\002\0141"
 340      F50BF25E 
ARM GAS  /var/folders/qd/4mxf5pkd0zdf0b9dd1hp39180000gn/T//cczqJ2ZD.s 			page 27


 340      1E126D19 
 340      ED415A02 
 340      0C31
 341 0c66 019BA363 		.ascii	"\001\233\243c\014a+\203\302\327\207\032\242\374\243"
 341      0C612B83 
 341      C2D7871A 
 341      A2FCA3
 342 0c75 4222A242 		.ascii	"B\"\242Bb6\323\271t\241\206\240(\177C8\314\377\205\275"
 342      6236D3B9 
 342      74A186A0 
 342      287F4338 
 342      CCFF85BD 
 343 0c89 DE37C057 		.ascii	"\3367\300W\277\326w\371\333\202\237\277=\013\335{\201"
 343      BFD677F9 
 343      DB829FBF 
 343      3D0BDD7B 
 343      81
 344 0c9a 3176FC6D 		.ascii	"1v\374m\356~K\355\347\363\201\336\254.S\373\351\374"
 344      EE7E4BED 
 344      E7F381DE 
 344      AC2E53FB 
 344      E9FC
 345 0cac 2DEA52B5 		.ascii	"-\352R\265_\200\277^\243g\332\022\350\364\265t.\206"
 345      5F80BF5E 
 345      A367DA12 
 345      E8F4B574 
 345      2E86
 346 0cbe 4E5FBD3A 		.ascii	"N_\275:`\215\237\376\367\362\225\031\276\214\321\352"
 346      608D9FFE 
 346      F7F29519 
 346      BE8CD1EA 
 347 0cce 5605F805 		.ascii	"V\005\370\005\230\375\022\034\021e\010\014\016[\006"
 347      98FD121C 
 347      1165080C 
 347      0E5B06
 348 0cdd 4EB15FBD 		.ascii	"N\261_\275\326O\027\270\006\202\006\243}\364\352U\253"
 348      D64F17B8 
 348      068206A3 
 348      7DF4EA55 
 348      AB
 349 0cee 56E8B1CF 		.ascii	"V\350\261\317r=^\016o\377\025z\265\317\212\000\275\372"
 349      723D5E0E 
 349      6FFF157A 
 349      B5CF8A00 
 349      BDFA
 350 0d00 83153E7A 		.ascii	"\203\025>z\033\350\002\300r\242\257$\037:\370\260\011"
 350      1BE802C0 
 350      72A2AF24 
 350      1F3AF8B0 
 350      09
 351 0d11 58A90BD0 		.ascii	"X\251\013\320\343\200\225\376X\247\203\267No\343\343"
 351      E38095FE 
 351      58A783B7 
 351      4E6FE3E3 
 352 0d21 A7D7E9D5 		.ascii	"\247\327\351\325k\327\374E\017\364\000\241\363\377\310"
 352      6BD7FC45 
 352      0FF400A1 
ARM GAS  /var/folders/qd/4mxf5pkd0zdf0b9dd1hp39180000gn/T//cczqJ2ZD.s 			page 28


 352      F3FFC8
 353 0d30 6F397CFA 		.ascii	"o9|\372\350\364\232\000\335\007t.\347\300\300\3177\205"
 353      E8F49A00 
 353      DD07742E 
 353      E7C0C0CF 
 353      3785
 354 0d42 0707067A 		.ascii	"\007\007\006z\277\363\316\222\2675\222\246\016\336\020"
 354      BFF3CE92 
 354      B73592A6 
 354      0EDE10
 355 0d51 14F56F01 		.ascii	"\024\365o\001],\217"
 355      5D2C8F
 356              		.text
 357              		.section	.gnu.lto_.symtab.b219b5fbca64ae8,"",%progbits
 358 0000 6E766963 		.ascii	"nvicEnableVector\000"
 358      456E6162 
 358      6C655665 
 358      63746F72 
 358      00
 359 0011 00       		.ascii	"\000"
 360 0012 00       		.ascii	"\000"
 361 0013 00       		.ascii	"\000"
 362 0014 00000000 		.ascii	"\000\000\000\000\000\000\000\000"
 362      00000000 
 363 001c C7000000 		.ascii	"\307\000\000\000"
 364 0020 6E766963 		.ascii	"nvicDisableVector\000"
 364      44697361 
 364      626C6556 
 364      6563746F 
 364      7200
 365 0032 00       		.ascii	"\000"
 366 0033 00       		.ascii	"\000"
 367 0034 00       		.ascii	"\000"
 368 0035 00000000 		.ascii	"\000\000\000\000\000\000\000\000"
 368      00000000 
 369 003d CB000000 		.ascii	"\313\000\000\000"
 370 0041 6E766963 		.ascii	"nvicSetSystemHandlerPriority\000"
 370      53657453 
 370      79737465 
 370      6D48616E 
 370      646C6572 
 371 005e 00       		.ascii	"\000"
 372 005f 00       		.ascii	"\000"
 373 0060 00       		.ascii	"\000"
 374 0061 00000000 		.ascii	"\000\000\000\000\000\000\000\000"
 374      00000000 
 375 0069 CD000000 		.ascii	"\315\000\000\000"
 376 006d 6E766963 		.ascii	"nvicClearPending\000"
 376      436C6561 
 376      7250656E 
 376      64696E67 
 376      00
 377 007e 00       		.ascii	"\000"
 378 007f 00       		.ascii	"\000"
 379 0080 00       		.ascii	"\000"
 380 0081 00000000 		.ascii	"\000\000\000\000\000\000\000\000"
 380      00000000 
ARM GAS  /var/folders/qd/4mxf5pkd0zdf0b9dd1hp39180000gn/T//cczqJ2ZD.s 			page 29


 381 0089 CF000000 		.ascii	"\317\000\000\000"
 382              		.text
 383              		.section	.gnu.lto_.opts,"",%progbits
 384 0000 272D666D 		.ascii	"'-fmath-errno' '-fsigned-zeros' '-ftrapping-math' '"
 384      6174682D 
 384      6572726E 
 384      6F272027 
 384      2D667369 
 385 0033 2D666E6F 		.ascii	"-fno-trapv' '-fno-openmp' '-fno-openacc' '-mcpu=cor"
 385      2D747261 
 385      70762720 
 385      272D666E 
 385      6F2D6F70 
 386 0066 7465782D 		.ascii	"tex-m3' '-mno-thumb-interwork' '-mthumb' '-O2' '-fo"
 386      6D332720 
 386      272D6D6E 
 386      6F2D7468 
 386      756D622D 
 387 0099 6D69742D 		.ascii	"mit-frame-pointer' '-falign-functions=16' '-ffuncti"
 387      6672616D 
 387      652D706F 
 387      696E7465 
 387      72272027 
 388 00cc 6F6E2D73 		.ascii	"on-sections' '-fdata-sections' '-fno-common' '-flto"
 388      65637469 
 388      6F6E7327 
 388      20272D66 
 388      64617461 
 389 00ff 2700     		.ascii	"'\000"
 390              		.text
 391              		.comm	__gnu_lto_v1,1,1
 392              		.comm	__gnu_lto_slim,1,1
 393              		.ident	"GCC: (GNU Tools for Arm Embedded Processors 7-2017-q4-major) 7.2.1 20170904 (release) [ARM
ARM GAS  /var/folders/qd/4mxf5pkd0zdf0b9dd1hp39180000gn/T//cczqJ2ZD.s 			page 30


DEFINED SYMBOLS
                            *ABS*:0000000000000000 nvic.c
                            *COM*:0000000000000001 __gnu_lto_v1
                            *COM*:0000000000000001 __gnu_lto_slim

NO UNDEFINED SYMBOLS
