ARM GAS  /var/folders/qd/4mxf5pkd0zdf0b9dd1hp39180000gn/T//ccs5KY4P.s 			page 1


   1              		.cpu cortex-m3
   2              		.eabi_attribute 20, 1
   3              		.eabi_attribute 21, 1
   4              		.eabi_attribute 23, 3
   5              		.eabi_attribute 24, 1
   6              		.eabi_attribute 25, 1
   7              		.eabi_attribute 26, 1
   8              		.eabi_attribute 30, 2
   9              		.eabi_attribute 34, 1
  10              		.eabi_attribute 18, 4
  11              		.file	"pal.c"
  12              		.section	.gnu.lto_.profile.d2fda040eb5bf73d,"",%progbits
  13 0000 789C6363 		.ascii	"x\234cc```\001bF\006\015\031\000\000\344\000P"
  13      60606001 
  13      6246060D 
  13      190000E4 
  13      0050
  14              		.text
  15              		.section	.gnu.lto_.icf.d2fda040eb5bf73d,"",%progbits
  16 0000 789C6363 		.ascii	"x\234cc``\020a@\000f\206#\237\373\2338\030\377\267\316"
  16      60601061 
  16      40006686 
  16      239FFB9B 
  16      3818FFB7 
  17 0015 79CEC134 		.ascii	"y\316\3014\357\357\212\023\374\014\000`\231\011\032"
  17      EFEF8A13 
  17      FC0C0060 
  17      99091A
  18              		.text
  19              		.section	.gnu.lto_.jmpfuncs.d2fda040eb5bf73d,"",%progbits
  20 0000 789C6363 		.ascii	"x\234cc``hf@\000f\006FF\306\3729@\212\211\221\221\031"
  20      60606866 
  20      40006606 
  20      4646C6FA 
  20      39408A89 
  21 0017 C4006246 		.ascii	"\304\000bF&\030\207q\0163\023\033\003\003\343\001\026"
  21      26188771 
  21      0E33131B 
  21      0303E301 
  21      16
  22 0028 460620FE 		.ascii	"F\006 \376\017\004\374\014h|F\306)\314\214\323Z\017"
  22      0F04FC0C 
  22      687C46C6 
  22      29CC8CD3 
  22      5A0F
  23 003a 9D67EF66 		.ascii	"\235g\357f\006\352ed`\334\314(\003\024z\275g\303\015"
  23      06EA6564 
  23      60DCCC28 
  23      03147ABD 
  23      67C30D
  24 004d 56881044 		.ascii	"V\210\020D\335\026F\031\246JF\014\323\000\214y&%"
  24      DD164619 
  24      A64A460C 
  24      D3008C79 
  24      2625
  25              		.text
  26              		.section	.gnu.lto_.inline.d2fda040eb5bf73d,"",%progbits
ARM GAS  /var/folders/qd/4mxf5pkd0zdf0b9dd1hp39180000gn/T//ccs5KY4P.s 			page 2


  27 0000 789C6363 		.ascii	"x\234cc``\370\316\200\000\314\014\014\234\034\214\314"
  27      6060F8CE 
  27      8000CC0C 
  27      0C9C1C8C 
  27      CC
  28 0011 0C0A8C20 		.ascii	"\014\012\214 &\210t\000\223\012\034l\037\364\030\330"
  28      26887400 
  28      930A1C6C 
  28      1FF418D8 
  29 0021 16C83331 		.ascii	"\026\310310\276`g\201\220 \202\003\314\344\000\021\002"
  29      30BE6067 
  29      81902082 
  29      03CCE400 
  29      1102
  30 0033 60A600C8 		.ascii	"`\246\000\310\030F\006>^F\026F\240N\210!\012HF1p3]\340"
  30      1846063E 
  30      5E461646 
  30      A04E8821 
  30      0A484631 
  31 004b 87180564 		.ascii	"\207\030\005d\240\030\302\262@\236\007j\022\363\016"
  31      A018C2B2 
  31      409E076A 
  31      12F30E
  32 005a 710106A0 		.ascii	"q\001\006\240\2352 \276\002X^\001d2\023\003\2670\212"
  32      9D3220BE 
  32      02585E01 
  32      64321303 
  32      B7308A
  33 006d FBA04673 		.ascii	"\373\240Fs\002\345\210s\036\320R\011\220I,\274@\357"
  33      02E58873 
  33      1ED05209 
  33      90492CBC 
  33      40EF
  34 007f 4EF00341 		.ascii	"N\360\003A\006\000\373F \246"
  34      0600FB46 
  34      20A6
  35              		.text
  36              		.section	.gnu.lto_.pureconst.d2fda040eb5bf73d,"",%progbits
  37 0000 789C6363 		.ascii	"x\234cc```\007bf\006)F)&I\000\001\274\000a"
  37      60606007 
  37      62660629 
  37      46292649 
  37      0001BC00 
  38              		.text
  39              		.section	.gnu.lto_palReadBus.d2fda040eb5bf73d,"",%progbits
  40 0000 789C9591 		.ascii	"x\234\225\221\337KTQ\020\307\347{\346\356\331\273\231"
  40      DF4B5451 
  40      10C7E77B 
  40      E6EED9BB 
  40      99
  41 0011 FE0169B0 		.ascii	"\376\001i\260\017\202\370\262\367\277\350\3770_z\020"
  41      0F82F8B2 
  41      F7BFE8FF 
  41      305F7A10 
  42 0021 8A16C137 		.ascii	"\212\026\3017\317\256?\243\002\011\177\300r\223}0\202"
  42      CFAE3FA3 
  42      02097FC0 
ARM GAS  /var/folders/qd/4mxf5pkd0zdf0b9dd1hp39180000gn/T//ccs5KY4P.s 			page 3


  42      72937D30 
  42      82
  43 0032 204A5C5D 		.ascii	" J\\]]\255\256\253\370\246fD\024D\017\365\224\210\250"
  43      5DADAEAB 
  43      F8A66644 
  43      14440FF5 
  43      9488A8
  44 0045 CFA1CE9C 		.ascii	"\317\241\316\234\253\260\017\275\010\367\316\23593\363"
  44      ABB00FBD 
  44      08F7CE9D 
  44      3933F3
  45 0054 99EFDC63 		.ascii	"\231\357\334c\211h\310\020\345\345\333)/\230`\246\366"
  45      8968C810 
  45      E5E5DB29 
  45      2F9860A6 
  45      F6
  46 0065 884AA101 		.ascii	"\210J\241\001\324q!h\330`\030\317x\232q0\372>\346\247"
  46      D4712168 
  46      D86018CF 
  46      789A7130 
  46      FA3EE6A7 
  47 0079 1C4B5920 		.ascii	"\034KY \341\351n\345O\207\206@^\302\243\343\235\332"
  47      E1E96EE5 
  47      4F878640 
  47      5EC2A3E3 
  47      9DDA
  48 008b EDDED7CE 		.ascii	"\355\336\327\316\225]2\367\302\316\327>\273\\\314\206"
  48      955D32F7 
  48      C2CED73E 
  48      BB5CCC86 
  49 009b 66A5BC86 		.ascii	"f\245\274\206.,\241Kg,\243W\212\307\016\346\306\231"
  49      2E2CA14B 
  49      672CA357 
  49      8AC70EE6 
  49      C699
  50 00ad EF82C4FF 		.ascii	"\357\202\304\377q\362\346gG\317+\337\270\275\300\256"
  50      71F2E667 
  50      47CF2BDF 
  50      B8BDC0AE 
  51 00bd 3B66C60A 		.ascii	";f\306\012\270\265Q\216\010u\364h\375\357\305\363\231"
  51      B8B5518E 
  51      0875F468 
  51      FDEFC5F3 
  51      99
  52 00ce 761B5499 		.ascii	"v\033T\231\224-\310UX\2028\357\276d\022w~1\341\222\243"
  52      942DC855 
  52      588238EF 
  52      BE641277 
  52      7E31E192 
  53 00e3 05BCBC97 		.ascii	"\005\274\274\2273\322\026\260\230L \306f\324\263j\262"
  53      33D216B0 
  53      984C20C6 
  53      66D4B36A 
  53      B2
  54 00f4 5056482A 		.ascii	"PVH*\217&\205!\273\272\204\236H(\336HB\207(7\376>\337"
  54      8F268521 
  54      BBBA849E 
ARM GAS  /var/folders/qd/4mxf5pkd0zdf0b9dd1hp39180000gn/T//ccs5KY4P.s 			page 4


  54      4828DE48 
  54      42872837 
  55 010b B28AAEB0 		.ascii	"\262\212\256\260\221\241\263c\315\375\254.\313^\363"
  55      91A1B363 
  55      CDFDAC2E 
  55      CB5EF3
  56 011a 467377C7 		.ascii	"Fsw\307V1_r\316\345c\316V8\2135]Pr_'\276\377j\213\336"
  56      56315F72 
  56      CEE563CE 
  56      56388B35 
  56      5D50725F 
  57 0134 BA3415A2 		.ascii	"\2724\025\242\201*fT(a\035\221\260\233\215\\\012\346"
  57      812A6654 
  57      28611D91 
  57      B09B8D5C 
  57      0AE6
  58 0146 5670F83F 		.ascii	"Vp\370?pN\246c\343\012\374\255\336\250\267\013x\264"
  58      704EA663 
  58      E30AFCAD 
  58      DEA8B70B 
  58      78B4
  59 0158 A4A95BF8 		.ascii	"\244\251[\370\340\301\2729>zp\371\032\034\334Hb\033"
  59      E0C1BA39 
  59      3E7A70F9 
  59      1A1CDC48 
  59      621B
  60 016a 3E799251 		.ascii	">y\222QR\342I#g\343HQ\031\221)\300V\272\275\021\335"
  60      52E24923 
  60      67E34851 
  60      199129C0 
  60      56BABD11 
  61 017f 60D3D3FD 		.ascii	"`\323\323\375U5S\372\277kz\350\007X:F9\177u\242?jR\266"
  61      553553FA 
  61      BF6B7AE8 
  61      07583A46 
  61      397F75A2 
  62 0197 929B1041 		.ascii	"\222\233\020Aw\012\205(}\036\026\243\007}\003Q\361q"
  62      770A8528 
  62      7D1E16A3 
  62      077D0351 
  62      F171
  63 01a9 7FF4A86F 		.ascii	"\177\364\250o\240\320O|\177\260x\011F\231\313\001"
  63      A0D04F7C 
  63      7FB07809 
  63      4699CB01 
  64              		.text
  65              		.section	.gnu.lto_palWriteBus.d2fda040eb5bf73d,"",%progbits
  66 0000 789C9553 		.ascii	"x\234\225S\317k\023Q\020~\337\233\335Mv\323T\217\242"
  66      CF6B1351 
  66      107EDF9B 
  66      DD4D76D3 
  66      548FA2
  67 0013 152A28A1 		.ascii	"\025*(\241\227\354\321\377\300\377\243\315E\241\240"
  67      97ECD1FF 
  67      C0FFA3CD 
  67      45A1A0
  68 0022 183D7793 		.ascii	"\030=w\2236I\375\005\036l\012a\225\240\264\202 *\376"
ARM GAS  /var/folders/qd/4mxf5pkd0zdf0b9dd1hp39180000gn/T//ccs5KY4P.s 			page 5


  68      3649FD05 
  68      1E6C0A61 
  68      95A0B482 
  68      202AFE
  69 0035 884D6B5D 		.ascii	"\210Mk]\343\257\203V\251\024Q(\036\024<\010JE\017\036"
  69      E3AF8356 
  69      A9145128 
  69      1E143C08 
  69      4A450F1E 
  70 0049 4AE2CCDB 		.ascii	"J\342\314\333\004c\351\245\313\276\331\231y3\337|\357"
  70      0463E9A5 
  70      CBBED999 
  70      7933DF7C 
  70      EF
  71 005a DB5D4729 		.ascii	"\333]G)u\230\224:\304\317}\274@\012\372\342\033\245"
  71      7598943A 
  71      C4CF7DBC 
  71      400AFAE2 
  71      1BA5
  72 006c 0A490D88 		.ascii	"\012I\015\210\023$\241&4&p\236.\021Z\225\257\013z\344"
  72      1324A126 
  72      3426709E 
  72      2E115A95 
  72      AF0B7AE4 
  73 0080 7AC05734 		.ascii	"z\300W4\373\333)\007\245=!\267Wy\311\205\273\030\341"
  73      FBDB2907 
  73      A53D21B7 
  73      5779C985 
  73      BB18E1
  74 0093 AAD5A9DB 		.ascii	"\252\325\251\333!\235\243\220\000\213\303\237+\265/"
  74      219DA390 
  74      008BC39F 
  74      2BB52F
  75 00a2 83126A0C 		.ascii	"\203\022j\014sXZ\235-\023\355\207b\377\343\306\215\365"
  75      73585A9D 
  75      2D13ED87 
  75      62FFE3C6 
  75      8DF5
  76 00b4 C1CC5C10 		.ascii	"\301\314\\\020\024\203\350\3655\012\016\206Dx\000b@"
  76      1483E8F5 
  76      350A0E86 
  76      44780062 
  76      40
  77 00c5 DCC710EE 		.ascii	"\334\307\020\356aHqJ\241\201\014\227_n_}\231\242\003"
  77      6148714A 
  77      A1810C97 
  77      5F6E5F7D 
  77      99A203
  78 00d8 A6757E39 		.ascii	"\246u~9\314u;\327\347L\247\205\207[;-\205\005d\244\374"
  78      CC753BD7 
  78      E74CA785 
  78      875B3B2D 
  78      850564A4 
  79 00ed F39DF64C 		.ascii	"\363\235\366L\332\261\352=\266h\302Q`\347\326;;\012"
  79      DAB1EA3D 
  79      B668C251 
  79      60E7D63B 
ARM GAS  /var/folders/qd/4mxf5pkd0zdf0b9dd1hp39180000gn/T//ccs5KY4P.s 			page 6


  79      3B0A
  80 00ff DA9D0A13 		.ascii	"\332\235\012\023\230G\347\310.@Z47\333$\306\022c\263"
  80      9847E7C8 
  80      2E405A34 
  80      37DB24C6 
  80      1263B3
  81 0112 711C3109 		.ascii	"q\0341\011\011\223b\\1\036\233DJ\2744\204\244R\323\214"
  81      0993625C 
  81      311E9B44 
  81      4ABC3484 
  81      A452D38C 
  82 0126 CEC20591 		.ascii	"\316\302\005\221:CZ\274\311H}C\261]\376\336\030\220"
  82      3A435ABC 
  82      C9487D43 
  82      B15DFEDE 
  82      1890
  83 0138 A135D235 		.ascii	"\2415\3225\202\244\232n\034\213\260\325R\353mB4\"s\270"
  83      82A49A6E 
  83      1C8BB0D5 
  83      52EB6D42 
  83      342273B8 
  84 014c A5D6CA0B 		.ascii	"\245\326\312\013\247\216+\005\026z8\244d\215\322X\344"
  84      A78E2B05 
  84      167A38A4 
  84      648DD258 
  84      E4
  85 015d 13C9DE5A 		.ascii	"\023\311\336Z\345\303\247\224\1773\210\267,,\241\216"
  85      E5C3A794 
  85      7F3388B7 
  85      2C2CA18E 
  86 016d 19F302F0 		.ascii	"\031\363\002\360\010>\003On\226\021#[f\030\365\017\263"
  86      083E034F 
  86      6E961123 
  86      5B6618F5 
  86      0FB3
  87 017f 7784EE62 		.ascii	"w\204\356b\331\240\213Px\034\243W{\350]\264\305_\233"
  87      D9A08B50 
  87      781CA357 
  87      7BE85DB4 
  87      C55F9B
  88 0192 AFB45077 		.ascii	"\257\264Pw\261\033\021\303p\315F\257&aH8\377\261\342"
  88      B11B11C3 
  88      70CD46AF 
  88      26614838 
  88      FFB1E2
  89 01a5 798859FD 		.ascii	"y\210Y\375\253sM\332\356g\352\355\210\251\207'\206\251"
  89      AB734DDA 
  89      EE67EAED 
  89      88A98727 
  89      86A9
  90 01b7 16A6AD98 		.ascii	"\026\246\255\230\351\237\036z\312\020q9\327Z;kr\375"
  90      E99F1E7A 
  90      CA107139 
  90      D75A3B6B 
  90      72FD
  91 01c9 927BDB49 		.ascii	"\222{\333I\316-\036\236vG\275o4\033i\0365U\220\255\001"
  91      CE2D1E9E 
ARM GAS  /var/folders/qd/4mxf5pkd0zdf0b9dd1hp39180000gn/T//ccs5KY4P.s 			page 7


  91      7647BD6F 
  91      341B691E 
  91      355590AD 
  92 01de 3C33A3CC 		.ascii	"<3\243\314g\364\034>\343\253\037(\326;\027\014\264\371"
  92      67F41C3E 
  92      E3AB1F28 
  92      D63B170C 
  92      B4F9
  93 01f0 13A65932 		.ascii	"\023\246Y2~\367\314fo6\353\307\367\361\274\177tt\334"
  93      7EF7CC66 
  93      6F36EBC7 
  93      F7F1BC7F 
  93      7474DC
  94 0203 CF9FCCF9 		.ascii	"\317\237\314\371'F\307\2639Ec\247\363\326\330\261S\371"
  94      2746C7B3 
  94      394563A7 
  94      F3D6D8B1 
  94      53F9
  95 0215 BF977D01 		.ascii	"\277\227}\001\271"
  95      B9
  96              		.text
  97              		.section	.gnu.lto_palSetBusMode.d2fda040eb5bf73d,"",%progbits
  98 0000 789C9592 		.ascii	"x\234\225\222\317K\033A\024\307\337w\336f7?\252gi\025"
  98      CF4B1B41 
  98      14C7DF77 
  98      DE66373F 
  98      AA676915 
  99 0014 22548297 		.ascii	"\"T\202\227\354\237\321\277\303FA\304\222b\360\2341"
  99      EC9FD1BF 
  99      C34641C4 
  99      9262F09C 
  99      31
 100 0025 69124B85 		.ascii	"i\022K\205\026Z#\304E\002\022\204\202\264\305\364G\374"
 100      165A23C4 
 100      45021284 
 100      82B4C5F4 
 100      47FC
 101 0037 B9E6D053 		.ascii	"\271\346\320SmQ<\264\324zh\241\320\242b\351Um\337L\332"
 101      6D513CB4 
 101      D47A68A1 
 101      D0A262E9 
 101      556DDF4C 
 102 004c 437B73D8 		.ascii	"C{s\330\231}o\347}?\363\235\307\272D4\246\210\006\344"
 102      997D6FE7 
 102      7D3FF39D 
 102      C7BA4434 
 102      A68806E4 
 103 0060 7D4D2698 		.ascii	"}M&\230\240\036\274%\232\212*\300\004:\012\312+\344"
 103      A01EBC25 
 103      9A8A2AC0 
 103      043A0ACA 
 103      2BE4
 104 0072 31C38F18 		.ascii	"1\303\217\030\355\312\327\226\032\\\3222\302\271=\257"
 104      EDCAD796 
 104      1A5CD232 
 104      C2B93DAF 
 105 0082 AC4B3D01 		.ascii	"\254K=\001\023Ue\232\201\025\014J\325\356\235\247\001"
ARM GAS  /var/folders/qd/4mxf5pkd0zdf0b9dd1hp39180000gn/T//ccs5KY4P.s 			page 8


 105      1355659A 
 105      81150C4A 
 105      D5EE9DA7 
 105      01
 106 0093 DFE38001 		.ascii	"\337\343\200\001G\322\037;\265/\335&UHJZ\332\235+3\367"
 106      47D21F3B 
 106      B52FDD26 
 106      55484A5A 
 106      DA9D2B33 
 107 00a8 8124FE70 		.ascii	"\201$\376p\372\370\240;\325\320\272\240\303\203E\326"
 107      FAF8A03B 
 107      D5D0BAA0 
 107      C38345D6 
 108 00b8 D70366BC 		.ascii	"\327\003f\274\000\013\020\317\321\213&zI>\021^\"%\345"
 108      000B10CF 
 108      D18B267A 
 108      493E115E 
 108      2225E5
 109 00cb 3F571A0F 		.ascii	"?W\032\017\023\334o\245\207'\315\371\370\037\351\233"
 109      13DC6FA5 
 109      8727CDF9 
 109      F81FE99B 
 110 00db 86953A78 		.ascii	"\206\225:x\365\277\324!\264\2202\365\237\237]\314v\271"
 110      F5BFD421 
 110      B49032F5 
 110      9F9F5DCC 
 110      76B9
 111 00ed 4EFDAF5D 		.ascii	"N\375\257]\254\302%H\360d/\022\352\213_\025\035\236"
 111      ACC22548 
 111      F0642F12 
 111      EA8B5F15 
 111      1D9E
 112 00ff 35F0E946 		.ascii	"5\360\351FL\211,\302\262\270\216,^\304D.\214\003\017"
 112      4C892CC2 
 112      B2B88E2C 
 112      5EC4442E 
 112      8C030F
 113 0112 1646D3A2 		.ascii	"\026F\323\242\227\336\350\220\356\2622Q1\244\357(\254"
 113      97DEE890 
 113      EEB23251 
 113      31A4EF28 
 113      AC
 114 0123 7E3BCE18 		.ascii	"~;\316\030j\215\225\234W-\265\337y\346\326l\355\256"
 114      6A8D959C 
 114      572DB5DF 
 114      79E6D66C 
 114      EDAE
 115 0135 B7775EBB 		.ascii	"\267w^\273u,LI\353\222\001Gk\354bM,\232\275\375\312"
 115      752C4C49 
 115      EB920147 
 115      6BEC624D 
 115      2C9ABDFD 
 116 014a FBC384BF 		.ascii	"\373\303\204\277\254;[1\254\243\216Y\333Rl\300\267\350"
 116      AC3B5B31 
 116      ACA38E59 
 116      DB526CC0 
 116      B7E8
ARM GAS  /var/folders/qd/4mxf5pkd0zdf0b9dd1hp39180000gn/T//ccs5KY4P.s 			page 9


 117 015c 5807CC97 		.ascii	"X\007\314\227\"\305\261iI\346\226\330\372\227\344\\"
 117      22C5B169 
 117      49E696D8 
 117      FA97E45C 
 118 016c 8A944068 		.ascii	"\212\224@hI\312\220\266-\251xZF\007\025\021_\002\244"
 118      49CA90B6 
 118      2DA9785A 
 118      46071511 
 118      5F02A4
 119 017f 239493B6 		.ascii	"#\224\223\266\253\"o\265\216>z\371s\035\015\370J\325"
 119      AB226FB5 
 119      8E3E7AF9 
 119      731D0DF8 
 119      4AD5
 120 0191 18401B79 		.ascii	"\030@\033y\222\316\330r/\340.:A\241\276v\3372\354\317"
 120      92CED872 
 120      2FE02E3A 
 120      41A1BE76 
 120      DF32ECCF 
 121 01a5 332D65D2 		.ascii	"3-e\322K9\342j:\355w\236l\316\037\035\032\367s\023\031"
 121      4B39E26A 
 121      3AED779E 
 121      6CCE1F1D 
 121      1AF77313 
 122 01ba FFF6D078 		.ascii	"\377\366\320x:C|s2\347\334\312\016\217\374\006J\366"
 122      3A437C73 
 122      32E7DCCA 
 122      0E8FFC06 
 122      4AF6
 123 01cc C91B     		.ascii	"\311\033"
 124              		.text
 125              		.section	.gnu.lto_.symbol_nodes.d2fda040eb5bf73d,"",%progbits
 126 0000 789C6363 		.ascii	"x\234cc``\010\004b\006\2463\214\365\014\014\023\316"
 126      60600804 
 126      6206A633 
 126      8CF50C0C 
 126      13CE
 127 0012 313000A9 		.ascii	"10\000\251]\015\216@\221\263\214\365\214\250\"\347\030"
 127      5D0D8E40 
 127      91B38CF5 
 127      8CA822E7 
 127      18
 128 0023 EB995044 		.ascii	"\353\231PD\030/2\3263\203E\030\030\032\032\034\030\030"
 128      182F32D6 
 128      33834518 
 128      181A1A1C 
 128      1818
 129 0035 98999819 		.ascii	"\230\231\230\031\226<\374\307\310\000\000f\362\024\317"
 129      963CFCC7 
 129      C8000066 
 129      F214CF
 130              		.text
 131              		.section	.gnu.lto_.refs.d2fda040eb5bf73d,"",%progbits
 132 0000 789C6363 		.ascii	"x\234cc```\004b\006\000\000D\000\010"
 132      60606004 
 132      62060000 
 132      440008
ARM GAS  /var/folders/qd/4mxf5pkd0zdf0b9dd1hp39180000gn/T//ccs5KY4P.s 			page 10


 133              		.text
 134              		.section	.gnu.lto_.decls.d2fda040eb5bf73d,"",%progbits
 135 0000 789CC557 		.ascii	"x\234\305W}PS\331\025\177\347\335\004b\010\340\240\355"
 135      7D5053D9 
 135      157FE7DD 
 135      046208E0 
 135      A0ED
 136 0012 D82EE358 		.ascii	"\330.\343X\213c\332)Dpg\355\237\273\342\316\256S\255"
 136      8B63DA29 
 136      447067ED 
 136      9FBBE2CE 
 136      AE53AD
 137 0025 3B68A763 		.ascii	";h\247c\377\330l\012aM\027\010%\241\263\373O\373 Q\020"
 137      FFD86C0A 
 137      614D1708 
 137      25A1B3FB 
 137      4FFB2051 
 138 003a 3F56D455 		.ascii	"?V\324UA]Q>\\\324\255\037\025]e\021\004?X\277\301\317"
 138      415D513E 
 138      5CD4AD1F 
 138      155D6511 
 138      043F58BF 
 139 0050 A0088A80 		.ascii	"\240\010\212\200X\324\000*\242\006z\356\275\357%!\022"
 139      58D4002A 
 139      A2067AEE 
 139      BDEF2521 
 139      12
 140 0061 DBFEB56F 		.ascii	"\333\376\265o8\271\357\236{\3569\277\363u\357#D\020"
 140      38B9EF9E 
 140      7BEE39BF 
 140      F375EF23 
 140      4410
 141 0073 84059182 		.ascii	"\204\005\221\202\360\021\021\004'\010\302\010>*\344"
 141      F0111104 
 141      2708C208 
 141      3E2AE4
 142 0082 1D474296 		.ascii	"\035GB\226\320\207T\2174 \360\207\256\275B\002\224\015"
 142      D087548F 
 142      3420F087 
 142      AEBD4202 
 142      940D
 143 0094 41D281F0 		.ascii	"A\322\201\360\3323D\3718F!M\224\367S=\255H\323\221\026"
 143      DA3344F9 
 143      3846214D 
 143      94F7533D 
 143      AD48D391 
 144 00a9 23B991DA 		.ascii	"#\271\221\332\221n\"5\"u\313\272{\220\256!\365\"=\244"
 144      916E2235 
 144      2275CBBA 
 144      7B90AE21 
 144      F5223DA4 
 145 00bd 76147B48 		.ascii	"v\024{Ho\005\330\"\242 \204\343\370\211\237-\005\257"
 145      6F05D822 
 145      A22084E3 
 145      F8899F2D 
 145      05AF
 146 00cf 62A755B6 		.ascii	"b\247U\266\325\035`O%\353\357\225m\272d\033\324/:N\011"
ARM GAS  /var/folders/qd/4mxf5pkd0zdf0b9dd1hp39180000gn/T//ccs5KY4P.s 			page 11


 146      D51D604F 
 146      25EBEF95 
 146      6DBA641B 
 146      D42F3A4E 
 147 00e4 B0158EB6 		.ascii	"\260\025\216\266\"\306\2605\020\304\257z\331\346/PO"
 147      22C6B035 
 147      10C4AF7A 
 147      D9E62F50 
 147      4F
 148 00f5 18F058F6 		.ascii	"\030\360X\366\370\331Du\336\370QS\277\012\260\267\236"
 148      F8D94475 
 148      DEF85153 
 148      BF0AB0B7 
 148      9E
 149 0106 409373DF 		.ascii	"@\223s\337\026\262\202@\224\026T8\355;_\334\021\201"
 149      16B28240 
 149      94165438 
 149      ED3B5FDC 
 149      1181
 150 0118 D3895A98 		.ascii	"\323\211Z\230\202\323\342\352'g\324|U\203\323\221\212"
 150      82D3E2EA 
 150      2767D47C 
 150      5583D391 
 150      8A
 151 0129 7DCB3544 		.ascii	"}\3135D\004\272\261\265\261r7\3358]\0134\235\221\310"
 151      04BAB1B5 
 151      B17237DD 
 151      385D0B34 
 151      9D91C8
 152 013c DADB7B64 		.ascii	"\332\333{d(\234\263\250DN\363\211!5\011e\357}ek=\020"
 152      289CB3A8 
 152      444EF389 
 152      21350965 
 152      EF7D656B 
 153 0152 B747E28F 		.ascii	"\267G\342\217f\256\000G\200(\030\232\277\354/\013%\277"
 153      66AE0047 
 153      8028189A 
 153      BFEC2F0B 
 153      25BF
 154 0164 A682629B 		.ascii	"\246\202b\233\353\345\255\010\320\352\363%)W*qH\343"
 154      EBE5AD08 
 154      D0EAF325 
 154      29572A71 
 154      48E3
 155 0176 3E14E020 		.ascii	">\024\340 D\303\277 Z\200\032\320S\345G!N\200\357\220"
 155      44C3BF20 
 155      5A801AD0 
 155      53E54721 
 155      4E80EF90 
 156 018a 79189915 		.ascii	"y\030\231\025Ta\335\343g\323\013\363$I\204\357A\013"
 156      5461DDE3 
 156      67D30BF3 
 156      244984EF 
 156      410B
 157 019c D540980C 		.ascii	"\325@\230\014:=]\313MT\226\025\356\010!?\000\263Q\275"
 157      3A3D5DCB 
 157      4D549615 
ARM GAS  /var/folders/qd/4mxf5pkd0zdf0b9dd1hp39180000gn/T//ccs5KY4P.s 			page 12


 157      EE08213F 
 157      00B351BD 
 158 01b0 B9F3A418 		.ascii	"\271\363\244\030\314F]P\033\327\217N=\265\224\332\250"
 158      CC465D50 
 158      1BD78F4E 
 158      3DB594DA 
 158      A8
 159 01c1 451BC77C 		.ascii	"E\033\307|6\320$7\342<\361\2540\234\334d\361\021\273"
 159      36D02437 
 159      E23CF1AC 
 159      309CDC64 
 159      F111BB
 160 01d4 869C07C3 		.ascii	"\206\234\007\303\202\031i\010j\344t\353\333[\257H\322"
 160      82196908 
 160      6AE474EB 
 160      DB5BAF48 
 160      D2
 161 01e5 14A84723 		.ascii	"\024\250G#\307}Fj\025#W\373\3727D\220b\302\302\372\310"
 161      C77D466A 
 161      152357FB 
 161      FA374490 
 161      62C2C2FA 
 162 01fa D9D91EC6 		.ascii	"\331\331\036\306\3633\211\006\322}n\253<\035\217\323"
 162      F3338906 
 162      D27D6EAB 
 162      3C1D8FD3 
 163 020a 03D7BEA9 		.ascii	"\003\327\276\251\326\220\355\\tS\363\376\367\265\010"
 163      D690ED5C 
 163      7453F3FE 
 163      F7B508
 164 0219 C6F13F79 		.ascii	"\306\361?y\214\033V\255\257\257W\221r\276\333\331p\265"
 164      8C1B56AD 
 164      AFAF5791 
 164      72BEDBD9 
 164      70B5
 165 022b 4A4776F1 		.ascii	"JGv\361I\347\331\275\271\032\362O>\351\332\275\2627"
 165      49E7D9BD 
 165      B91AF24F 
 165      3EE9DABD 
 165      B237
 166 023d 821CE093 		.ascii	"\202\034\340\223\335k\233\312\0119\304'\337\325<L\340"
 166      DD6B9BCA 
 166      0939C427 
 166      DFD53C4C 
 166      E0
 167 024e 60A27176 		.ascii	"`\242qv\264\265\257.\214WV;\340\374\333\347m\207\324"
 167      B4B5AF2E 
 167      8C57563B 
 167      E0FCDBE7 
 167      6D87D4
 168 0261 E428131D 		.ascii	"\344(\023\035W\225\357\032!\0203!\006\037}L\314\016"
 168      5795EF1A 
 168      21103321 
 168      061F7D4C 
 168      CC0E
 169 0273 C9E990EA 		.ascii	"\311\351\220\352F\036\307\014\227\026\254\222J\352\001"
 169      461EC70C 
ARM GAS  /var/folders/qd/4mxf5pkd0zdf0b9dd1hp39180000gn/T//ccs5KY4P.s 			page 13


 169      9716AC92 
 169      4AEA01
 170 0282 1A311A67 		.ascii	"\0321\032g0\032\3150\301\007\274\012\177\230\037\030"
 170      301ACD30 
 170      C107BC0A 
 170      7F981F18 
 171 0292 99421ABD 		.ascii	"\231B\032\2755H\240\022\340\"J\\`\213T\036\035\203\353"
 171      3548A012 
 171      E0224A5C 
 171      608B541E 
 171      1D83EB
 172 02a5 E8E30D88 		.ascii	"\350\343\015\210\201+H\327\220\232\220\\HW\221.C\014"
 172      812B48D7 
 172      909A905C 
 172      4857912E 
 172      430C
 173 02b7 AB446EF5 		.ascii	"\253Dn\365\3560)\226\352\234\204\231\274\024h\362$\323"
 173      EE302996 
 173      EA9C8499 
 173      BC1468F2 
 173      24D3
 174 02c9 1A1FED15 		.ascii	"\032\037\355\025\177\341\361\023?\027(n\360\001\344"
 174      7FE1F113 
 174      3F17286E 
 174      F001E4
 175 02d8 E22DFEDA 		.ascii	"\342-\376\332O\007\212\237\202@\371z\177\371\263c\007"
 175      4F078A9F 
 175      8240F97A 
 175      7FF9B363 
 175      07
 176 02e9 80A1E1D5 		.ascii	"\200\241\341\325\323\345!E\2224\236J\011r\345\370<{"
 176      D3E52145 
 176      92349E4A 
 176      0972E5F8 
 176      3C7B
 177 02fb E6219507 		.ascii	"\346!\225\007%iy\010Sv~L\254~\2365\373\233\376al\250"
 177      25697908 
 177      53767E4C 
 177      AC7E9E35 
 177      FB9BFE61 
 178 0311 4C1C93D9 		.ascii	"L\034\223\3311\330}8\222t\262d\212\256Wg.D\300\004\375"
 178      31D87D38 
 178      9274B264 
 178      8AAE5767 
 178      2E44C004 
 179 0326 9829815B 		.ascii	"\230)\201[\230\211\377'+\334\261G\303\304\201\212\340"
 179      9889FF27 
 179      2BDCB147 
 179      C3C4818A 
 179      E0
 180 0337 26EE6CF1 		.ascii	"&\356l\361u\005\365\223\001\350+.\274\032\252+\360\366"
 180      7505F593 
 180      01E82B2E 
 180      BC1AAA2B 
 180      F0F6
 181 0349 1A1354C0 		.ascii	"\032\023T\300\012\320\012:y\013\312\036^\276\251;\234"
 181      0AD00A3A 
ARM GAS  /var/folders/qd/4mxf5pkd0zdf0b9dd1hp39180000gn/T//ccs5KY4P.s 			page 14


 181      790BCA1E 
 181      5EBEA93B 
 181      9C
 182 035a F473B02F 		.ascii	"\364s\260/\252\366by\351uJ\367\351\267\271i\367\265"
 182      AAF66279 
 182      E9754AF7 
 182      E9B7B969 
 182      F7B5
 183 036c E386DB3E 		.ascii	"\343\206\333>;\270\037\207 \352\241\015\335\030e\341"
 183      3BB81F87 
 183      20EAA10D 
 183      DD1865E1 
 184 037c E5FDF52E 		.ascii	"\345\375\365.\340\245\257\303in\265\2530R.}\272\374"
 184      E0A5AFC3 
 184      696EB5AB 
 184      30522E7D 
 184      BAFC
 185 038e 645D4B5B 		.ascii	"d]K[\004\361\220Q\347\350\342\327\317\321\305\374\034"
 185      04F19051 
 185      E7E8E2D7 
 185      CFD1C5FC 
 185      1C
 186 039f EDBD74F1 		.ascii	"\355\275t\3612\020\247\212\341m\351o\"\301N\225\373"
 186      3210A78A 
 186      E16DE96F 
 186      22C14E95 
 186      FB
 187 03b0 8863B1DC 		.ascii	"\210c\261\334\310\235\310\274\347=U.\026\374\262w\230"
 187      C89DC8BC 
 187      E73D552E 
 187      16FCB277 
 187      98
 188 03c1 FAD58DB9 		.ascii	"\372\325\215\271\354\362\371\265\230\037*\352{\367\033"
 188      ECF2F9B5 
 188      981F2AEA 
 188      7BF71B
 189 03d0 8EABB1FF 		.ascii	"\216\253\261\377X\357\241\346\272\307\273\310p\351j"
 189      58EFA1E6 
 189      BAC7BBC8 
 189      70E96A
 190 03df DE7B3416 		.ascii	"\336{4\026'p\317\203\261\253eT\232\357\342\372\035\026"
 190      2770CF83 
 190      B1AB6554 
 190      9AEFE2FA 
 190      1D16
 191 03f1 F207728E 		.ascii	"\362\007r\216\377\215\240z0\237\017\221zG\345\364\332"
 191      FF8DA07A 
 191      309F0F91 
 191      7A47E5F4 
 191      DA
 192 0402 B6A81C9A 		.ascii	"\266\250\034\232\323\007\201\305J\001\234\252\214*u"
 192      D30781C5 
 192      4A019CAA 
 192      8C2A75
 193 0411 488D3318 		.ascii	"H\2153\030\342\216@\353U\376mH\305\357\352y\255\322"
 193      E28E40EB 
 193      55FE6D48 
ARM GAS  /var/folders/qd/4mxf5pkd0zdf0b9dd1hp39180000gn/T//ccs5KY4P.s 			page 15


 193      C5EFEA79 
 193      ADD2
 194 0423 53F3D098 		.ascii	"S\363\320\230XyWa8\207*\007\236\020rP\315\323_\353n"
 194      58795761 
 194      38872A07 
 194      9E107250 
 194      CDD35FEB 
 195 0438 0A05FD04 		.ascii	"\012\005\375\004\216\350Be\010^N\340\306\315\217|Az"
 195      8EE84265 
 195      085E4EE0 
 195      C6CD8F7C 
 195      417A
 196 044a C08A6C4C 		.ascii	"\300\212lL7\3411z\367&O\321\336\32259\345j\377\322t"
 196      37E1317A 
 196      F7264FD1 
 196      DED23539 
 196      E56AFFD2 
 197 045f 8F2ACD3E 		.ascii	"\217*\315>VZlD\341]\347+_\251\310Q\016\356\331\211\356"
 197      565A6C44 
 197      E15DE72B 
 197      5FA9C851 
 197      0EEED989 
 198 0474 524DB064 		.ascii	"RM\260d?y\303\025\242\377\232]!\003\030\214\376\300"
 198      3F79C315 
 198      A2FF9A5D 
 198      2103188C 
 198      FEC0
 199 0486 2B8472E9 		.ascii	"+\204r\351q|\274\2466\254\015\313\026\277\021`<\303"
 199      717CBCA6 
 199      36AC0DCB 
 199      16BF1160 
 199      3CC3
 200 0498 0AC07F71 		.ascii	"\012\300\177q\004\366\205\"\177\251\261\0078\037\271"
 200      04F68522 
 200      7FA9B107 
 200      381FB9
 201 04a7 221F6451 		.ascii	"\"\037dQ:Q\266\200\227#\312:DE/\373\223\025\200\277"
 201      3A51B680 
 201      9723CA3A 
 201      44452FFB 
 201      931580BF 
 202 04bb 56BECECD 		.ascii	"V\276\316\315)\017\377J\342/~\3738K\364\031\363\333"
 202      290FFF4A 
 202      E22F7EFB 
 202      384BF419 
 202      F3DB
 203 04cd F21A56C1 		.ascii	"\362\032V\301\273\354\005\345s\022\344\324\3247\347"
 203      BBEC05E5 
 203      7312E4D4 
 203      D437E7
 204 04dc DCD7B663 		.ascii	"\334\327\266c\243\013\360'AX\243Ig\375v\247\371{\217"
 204      A30BF027 
 204      4158A349 
 204      67FD76A7 
 204      F97B8F
 205 04ef 8634B01C 		.ascii	"\2064\260\034@S\371\201\367T\"\317\017d\250(\353\344"
 205      4053F981 
ARM GAS  /var/folders/qd/4mxf5pkd0zdf0b9dd1hp39180000gn/T//ccs5KY4P.s 			page 16


 205      F75422CF 
 205      0F64A828 
 205      EBE4
 206 0501 C8605D24 		.ascii	"\310`]$\357n\321\357\322\235\310/\335s\3177m\014\233"
 206      EF6ED1EF 
 206      D29DC82F 
 206      DD73CF37 
 206      6D0C9B
 207 0514 B481558B 		.ascii	"\264\201U\213C\032/\262\222|\201\011\032b\351~\011\223"
 207      431A2FB2 
 207      927C8109 
 207      1A62E97E 
 207      0993
 208 0526 F0F739A8 		.ascii	"\360\3679\2508\202\234\301U\177\237Z\"\225\264Ku\203"
 208      38829CC1 
 208      557F9F5A 
 208      2295B44B 
 208      7583
 209 0538 47C8F286 		.ascii	"G\310\362\206<l9x\227J\301\240/s\203\364[\011\236a'"
 209      3C6C3978 
 209      974AC1A0 
 209      2F7383F4 
 209      5B099E61 
 210 054d C2533C6D 		.ascii	"\302S<m\004x\005Sq\363\316M\216\263a\244\207\003]v\372"
 210      04780553 
 210      71F3CE4D 
 210      8EB361A4 
 210      87035D76 
 211 0562 727D2843 		.ascii	"r}(CJ\015r\244\235\305\325{t^\364\303\300\230\307\332"
 211      4A0D72A4 
 211      9DC5D57B 
 211      745EF4C3 
 211      C098C7DA 
 212 0576 2E3C56FB 		.ascii	".<V\373\003\374\344\247~\370$\221\342\033Q\360y\012"
 212      03FCE4A7 
 212      7EF82491 
 212      E21B51F0 
 212      790A
 213 0588 065C3A19 		.ascii	"\006\\:\031\340\265\315:l\262\\\211~\002\241\030x|\000"
 213      E0B5CD3A 
 213      6CB25C89 
 213      7E02A118 
 213      787C00
 214 059b 3D810073 		.ascii	"=\201\000sD\012\320s\273\243_$O9\300\303\215\265\371"
 214      440AD073 
 214      BBA35F24 
 214      4F39C0C3 
 214      8DB5F9
 215 05ae 5A0666C0 		.ascii	"Z\006f\300\013p\355\200{D\355\005\350\020\031ssM\311"
 215      0B70ED80 
 215      7B44ED05 
 215      E8101973 
 215      734DC9
 216 05c1 3D4D5080 		.ascii	"=MP\200K\031@\247(\003\334\277b(7T\006xf\262\027\037"
 216      4B1940A7 
 216      2803DCBF 
 216      62283754 
ARM GAS  /var/folders/qd/4mxf5pkd0zdf0b9dd1hp39180000gn/T//ccs5KY4P.s 			page 17


 216      067866B2 
 217 05d7 4A41AEE8 		.ascii	"JA\256\350\305\207\257\243\361-c\370\036\226;\326E\022"
 217      C587AFA3 
 217      F12D63F8 
 217      1E963BD6 
 217      4512
 218 05e9 4748507C 		.ascii	"GHP|#E\253KC\274A\315\347\370N\237\\\337\021\311\230"
 218      2345AB4B 
 218      43BC41CD 
 218      E7F84E9F 
 218      5CDF11C9 
 219 05fe F4645CCE 		.ascii	"\364d\\\316\231\227\333\013\334\301A\257`\240\013\024"
 219      9997DB0B 
 219      DCC141AF 
 219      60A00B14 
 220 060e D03DB7F6 		.ascii	"\320=\267\3664\204 \350v\326\255\277\271\261\357\276"
 220      348420E8 
 220      76D6ADBF 
 220      B9B1EFBE 
 221 061e 94AF6552 		.ascii	"\224\257eR\220\347\003\235'\362/dX\311\300\226y\316"
 221      90E7039D 
 221      27F22F64 
 221      58C9C096 
 221      79CE
 222 0630 39224811 		.ascii	"9\"H\021\007{\335\345<\"\3370a\024\373\235\257j\307"
 222      077BDDE5 
 222      3C22DF30 
 222      6114FB9D 
 222      AF6AC7
 223 0643 F11ABC41 		.ascii	"\361\032\274A\227\267\237\037\330\240%;\271\254\307"
 223      97B79F1F 
 223      D8A0253B 
 223      B9ACC7
 224 0652 7DC9A3E3 		.ascii	"}\311\243\343\262\264\363_6.\333\006\364KP\222\317#"
 224      B2B4F35F 
 224      362EDB06 
 224      F44B5092 
 224      CF23
 225 0664 E4FB8EA3 		.ascii	"\344\373\216\243\265\"\036\022xbB\241\310\276\002\257"
 225      B5221E12 
 225      786242A1 
 225      C8BE02AF 
 226 0674 3EAF79A1 		.ascii	">\257y\241#\373\230&\325\036\307.\267\012\364\321\200"
 226      23FB9826 
 226      D51EC72E 
 226      B70AF4D1 
 226      80
 227 0685 E2A0AD50 		.ascii	"\342\240\255P\276\346\005\330(ja\235\014\027\237b\011"
 227      BEE605D8 
 227      286A619D 
 227      0C179F62 
 227      09
 228 0696 D5BBFF41 		.ascii	"\325\273\377A\331\370\256a#;\304\244R\211L\022`f4\314"
 228      D9F8AE61 
 228      233BC4A4 
 228      52894C12 
 228      606634CC 
ARM GAS  /var/folders/qd/4mxf5pkd0zdf0b9dd1hp39180000gn/T//ccs5KY4P.s 			page 18


 229 06aa C0236CBD 		.ascii	"\300#l\275\250gK\002l\020\243\341+n\360\330\331fWD\324"
 229      A8674B02 
 229      6C10A3E1 
 229      2B6EF0D8 
 229      D9665744 
 230 06bf 1AF9B47D 		.ascii	"\032\371\264}\027\230\356/q}\265H\361m\022\243\024\224"
 230      1798EE2F 
 230      717DB548 
 230      F16D12A3 
 230      1494
 231 06d1 2CFD5B1A 		.ascii	",\375[\032\207\306ie\335\371\377M\367\225\333+\023\375"
 231      87C66965 
 231      DDF9FF4D 
 231      F795DB2B 
 231      13FD
 232 06e3 5517BD49 		.ascii	"U\027\275I\365\336\226\313\227\302\247\225J\227\352"
 232      F5DE96CB 
 232      97C2A795 
 232      4A97EA
 233 06f2 586FAEE8 		.ascii	"Xo\256\350pJ9\313\360\272*\026\243`\015f\011{\320o\363"
 233      704A39CB 
 233      F0BA2A16 
 233      A3600D66 
 233      097BD06F 
 234 0707 2AE47C2C 		.ascii	"*\344|,\012\260Y\234\206{oW\325\324\204\220*\036\177"
 234      0AB0599C 
 234      867B6F57 
 234      D5D48490 
 234      2A1E7F
 235 071a C79E6387 		.ascii	"\307\236c\207\324A\003\276U\011\370j\216\361Qo\305n"
 235      D44103BE 
 235      5509F86A 
 235      8EF1516F 
 235      C56E
 236 072c 75A0FFBE 		.ascii	"u\240\377\276k\365k\006r\253\002\362\320\251\242\247"
 236      6BF56B06 
 236      72AB02F2 
 236      D0A9A2A7 
 237 073c DA409782 		.ascii	"\332@\227\202Jo\\\355\312S\\\272\373VNI]\316\024\330"
 237      4A6F5CED 
 237      CA535CBA 
 237      FB564E49 
 237      5DCE14D8 
 238 0750 26BB831D 		.ascii	"&\273\203\035\353\267q\213\354N\011sg\177Wu\201\312"
 238      EBB7718B 
 238      EC4E0973 
 238      677F5775 
 238      81CA
 239 0762 FF0AA395 		.ascii	"\377\012\243\225\352sa\273\310\2570\034\351\025V\271"
 239      EA7361BB 
 239      C8AF301C 
 239      E91556B9 
 240 0772 F7B4481A 		.ascii	"\367\264H\032\344\332\273\2253,\362\332\213\240\375"
 240      E4DABB95 
 240      332CF2DA 
 240      8BA0FD
 241 0781 D4E32A95 		.ascii	"\324\343*\225\353\324M\227K\037\034i\220\377\277\014"
ARM GAS  /var/folders/qd/4mxf5pkd0zdf0b9dd1hp39180000gn/T//ccs5KY4P.s 			page 19


 241      EBD44D97 
 241      4B1F1C69 
 241      90FFBF0C 
 242 0791 A7FFB0D4 		.ascii	"\247\377\260\324\227=\032\0274R\025J\244\312y\244$\307"
 242      973D1A17 
 242      3452154A 
 242      A4CA79A4 
 242      24C7
 243 07a3 60972E30 		.ascii	"`\227.0Re\230\221R\226\221\235\314\367\012\305\367\235"
 243      52659891 
 243      5296919D 
 243      CCF70AC5 
 243      F79D
 244 07b5 F5CEEAD7 		.ascii	"\365\316\352\327\"\025T\272l\331\346\"\215\034\251\226"
 244      221554BA 
 244      6CD9E622 
 244      8D1CA996 
 245 07c5 C93C52DF 		.ascii	"\311<R\337\310\221\302\263\303o\343"
 245      C891C2B3 
 245      C36FE3
 246 07d0 0E395295 		.ascii	"\0169R\225\3424A\225n\262}\366\263\2708\003\377\263"
 246      E2344195 
 246      6EB27DF6 
 246      B3B83803 
 246      FFB3
 247 07e2 DA0C4B4C 		.ascii	"\332\014KLi\006[V\262!\323\224\026\227\254\371\340\367"
 247      69065B56 
 247      B221D394 
 247      1697ACF9 
 247      E0F7
 248 07f4 7F989218 		.ascii	"\177\230\222\030\037/h\215\306lK\206}f\202\321\276\026"
 248      1F2F688D 
 248      C66C4B86 
 248      7D6682D1 
 248      BE16
 249 0806 0CEF6566 		.ascii	"\014\357ef\246Y\222Mv\2135\303fx?9\315\222i3\033\315"
 249      A659924D 
 249      768B35C3 
 249      66783F39 
 249      CD926933 
 250 081c B199D9C9 		.ascii	"\261\231\331\311\237%\304\23123\015\211\326\014\273"
 250      9F25C499 
 250      32330D89 
 250      D60CBB
 251 082b 39C3FEDA 		.ascii	"9\303\376\332\242a\221\325\232f3|\232\234\034k\312J"
 251      A26191D5 
 251      9A66337C 
 251      9A9C1C6B 
 251      CA4A
 252 083d 8FCDB066 		.ascii	"\217\315\260f\230c\315\246?[bg\305&\314\210\237\025"
 252      9863CDA6 
 252      3F5B6267 
 252      C526CC88 
 252      9F15
 253 084f FBD7B763 		.ascii	"\373\327\267c\323M\177\261f\031F\255\032,\031\311i\331"
 253      D34D7FB1 
 253      661946AD 
ARM GAS  /var/folders/qd/4mxf5pkd0zdf0b9dd1hp39180000gn/T//ccs5KY4P.s 			page 20


 253      1A2C19C9 
 253      69D9
 254 0861 296643BA 		.ascii	")fC\272)y\211%\303l0\246\230SM\331iv\243\375\213L\263"
 254      29798925 
 254      C36C30A6 
 254      98534DD9 
 254      6976A3FD 
 255 0878 2D6E89A0 		.ascii	"-n\211\240Q\300\345\375x\340l_\330\014F\233=\005\221"
 255      51C0E5FD 
 255      78E06C5F 
 255      D80C469B 
 255      3D0591
 256 088b 20229DC5 		.ascii	" \"\235\305\232i\315\262\323\360\032\355\361\201\001"
 256      9A69CDB2 
 256      D3F01AED 
 256      F18101
 257 089a A64B36C3 		.ascii	"\246K6\303\302E\363g&\030\346\315\233c\370\340\243\271"
 257      C245F367 
 257      2618E6CD 
 257      9B63F8E0 
 257      A3B9
 258 08ac 0BFE164F 		.ascii	"\013\376\026OcnLKK\301\355!T\302\222Bf'%\251f/LJ\"\013"
 258      636E4C4B 
 258      4BC1ED21 
 258      54C29242 
 258      662725A9 
 259 08c6 E62491B9 		.ascii	"\346$\221\271H\211I\037\"\315S\315K\374]\3224\177\265"
 259      4889491F 
 259      22CD53CD 
 259      4BFC5DD2 
 259      347FB5
 260 08d9 E6CFED86 		.ascii	"\346\317\355\206\304\371\013\347.D\265\006\233=}fBj"
 260      C4F90BE7 
 260      2E44B506 
 260      9B3D7D66 
 260      426A
 261 08eb FC8CCF29 		.ascii	"\374\214\317)\022\252\334\270\010#5\307\234\252\345"
 261      12AADCB8 
 261      082335C7 
 261      9CAAE5
 262 08fa B02C2946 		.ascii	"\260,)F{\21055\325f\266\353h\350\214\251&\233\375\267"
 262      7B883535 
 262      D566B6EB 
 262      68E88CA9 
 262      269BFDB7 
 263 090e 467BEE8F 		.ascii	"F{\356\217\030>%r\223\003\203\245H\320\212\\\"\250\347"
 263      183E2572 
 263      930383A5 
 263      48D08A5C 
 263      22A8E7
 264 0921 2E989D6D 		.ascii	".\230\235m\323X\254\351\326\024\263\321\256En\222\331"
 264      D358ACE9 
 264      D614B3D1 
 264      AE456E92 
 264      D9
 265 0932 9482BC9F 		.ascii	"\224\202\274\237\007-c!\014\207?fY\354f\024\013\307"
 265      072D6321 
ARM GAS  /var/folders/qd/4mxf5pkd0zdf0b9dd1hp39180000gn/T//ccs5KY4P.s 			page 21


 265      0C873F66 
 265      59EC6614 
 265      0BC7
 266 0944 F785663B 		.ascii	"\367\205f;\276\315G\015?1\312A7b,>\315\262fgR\275\341"
 266      BECD470D 
 266      3F31CA41 
 266      37622C3E 
 266      CDB26667 
 267 095b 46636A76 		.ascii	"FcjvF\262\321\030\367\316;3fi\224\231*y\211)\313\177"
 267      46B2D118 
 267      F7CE3B33 
 267      66699499 
 267      2A798929 
 268 0971 2D3E61D4 		.ascii	"->a\324l\326\177\000<\201\204\\"
 268      6CD67F00 
 268      3C81845C 
 269              		.text
 270              		.section	.gnu.lto_.symtab.d2fda040eb5bf73d,"",%progbits
 271 0000 70616C52 		.ascii	"palReadBus\000"
 271      65616442 
 271      757300
 272 000b 00       		.ascii	"\000"
 273 000c 00       		.ascii	"\000"
 274 000d 00       		.ascii	"\000"
 275 000e 00000000 		.ascii	"\000\000\000\000\000\000\000\000"
 275      00000000 
 276 0016 FC000000 		.ascii	"\374\000\000\000"
 277 001a 70616C57 		.ascii	"palWriteBus\000"
 277      72697465 
 277      42757300 
 278 0026 00       		.ascii	"\000"
 279 0027 00       		.ascii	"\000"
 280 0028 00       		.ascii	"\000"
 281 0029 00000000 		.ascii	"\000\000\000\000\000\000\000\000"
 281      00000000 
 282 0031 01010000 		.ascii	"\001\001\000\000"
 283 0035 70616C53 		.ascii	"palSetBusMode\000"
 283      65744275 
 283      734D6F64 
 283      6500
 284 0043 00       		.ascii	"\000"
 285 0044 00       		.ascii	"\000"
 286 0045 00       		.ascii	"\000"
 287 0046 00000000 		.ascii	"\000\000\000\000\000\000\000\000"
 287      00000000 
 288 004e 06010000 		.ascii	"\006\001\000\000"
 289 0052 5F70616C 		.ascii	"_pal_lld_setgroupmode\000"
 289      5F6C6C64 
 289      5F736574 
 289      67726F75 
 289      706D6F64 
 290 0068 00       		.ascii	"\000"
 291 0069 02       		.ascii	"\002"
 292 006a 00       		.ascii	"\000"
 293 006b 00000000 		.ascii	"\000\000\000\000\000\000\000\000"
 293      00000000 
 294 0073 0C010000 		.ascii	"\014\001\000\000"
ARM GAS  /var/folders/qd/4mxf5pkd0zdf0b9dd1hp39180000gn/T//ccs5KY4P.s 			page 22


 295              		.text
 296              		.section	.gnu.lto_.opts,"",%progbits
 297 0000 272D666D 		.ascii	"'-fmath-errno' '-fsigned-zeros' '-ftrapping-math' '"
 297      6174682D 
 297      6572726E 
 297      6F272027 
 297      2D667369 
 298 0033 2D666E6F 		.ascii	"-fno-trapv' '-fno-openmp' '-fno-openacc' '-mcpu=cor"
 298      2D747261 
 298      70762720 
 298      272D666E 
 298      6F2D6F70 
 299 0066 7465782D 		.ascii	"tex-m3' '-mno-thumb-interwork' '-mthumb' '-O2' '-fo"
 299      6D332720 
 299      272D6D6E 
 299      6F2D7468 
 299      756D622D 
 300 0099 6D69742D 		.ascii	"mit-frame-pointer' '-falign-functions=16' '-ffuncti"
 300      6672616D 
 300      652D706F 
 300      696E7465 
 300      72272027 
 301 00cc 6F6E2D73 		.ascii	"on-sections' '-fdata-sections' '-fno-common' '-flto"
 301      65637469 
 301      6F6E7327 
 301      20272D66 
 301      64617461 
 302 00ff 2700     		.ascii	"'\000"
 303              		.text
 304              		.comm	__gnu_lto_v1,1,1
 305              		.comm	__gnu_lto_slim,1,1
 306              		.ident	"GCC: (GNU Tools for Arm Embedded Processors 7-2017-q4-major) 7.2.1 20170904 (release) [ARM
ARM GAS  /var/folders/qd/4mxf5pkd0zdf0b9dd1hp39180000gn/T//ccs5KY4P.s 			page 23


DEFINED SYMBOLS
                            *ABS*:0000000000000000 pal.c
                            *COM*:0000000000000001 __gnu_lto_v1
                            *COM*:0000000000000001 __gnu_lto_slim

NO UNDEFINED SYMBOLS
