ARM GAS  /var/folders/qd/4mxf5pkd0zdf0b9dd1hp39180000gn/T//ccB4qMlB.s 			page 1


   1              		.cpu cortex-m4
   2              		.eabi_attribute 20, 1
   3              		.eabi_attribute 21, 1
   4              		.eabi_attribute 23, 3
   5              		.eabi_attribute 24, 1
   6              		.eabi_attribute 25, 1
   7              		.eabi_attribute 26, 1
   8              		.eabi_attribute 30, 2
   9              		.eabi_attribute 34, 1
  10              		.eabi_attribute 18, 4
  11              		.file	"hal.c"
  12              		.section	.gnu.lto_.profile.673305fa778565bf,"",%progbits
  13 0000 789C6363 		.ascii	"x\234cc```\001bF\006{\016\000\000\376\000S"
  13      60606001 
  13      6246067B 
  13      0E0000FE 
  13      0053
  14              		.text
  15              		.section	.gnu.lto_.icf.673305fa778565bf,"",%progbits
  16 0000 789C6363 		.ascii	"x\234cc``\340`@\000F\206M\315w\24703\000\000\015A\002"
  16      6060E060 
  16      40004686 
  16      4DCD77A7 
  16      30330000 
  17 0017 B9       		.ascii	"\271"
  18              		.text
  19              		.section	.gnu.lto_.jmpfuncs.673305fa778565bf,"",%progbits
  20 0000 789C6363 		.ascii	"x\234cc``\360f@\000F\010\305\3048\205\231\261\371\327"
  20      6060F066 
  20      40004608 
  20      C5C43885 
  20      99B1F9D7 
  21 0014 FECF7CF5 		.ascii	"\376\317|\365\177\033$\34603,`\006Inf\254g`<\300\302"
  21      7F1B24E6 
  21      30332C60 
  21      06496E66 
  21      AC67603C 
  22 002a C800C47F 		.ascii	"\310\000\304\177\376\377\377\317\317\310\004T7\255\365"
  22      FEFFFFCF 
  22      CFC80454 
  22      37ADF5
  23 0039 D079F66E 		.ascii	"\320y\366nf\240*F\006\306-\2142 \014T\015\000\033\226"
  23      66A02A46 
  23      06C62D8C 
  23      32200C54 
  23      0D001B96 
  24 004d 1468     		.ascii	"\024h"
  25              		.text
  26              		.section	.gnu.lto_.inline.673305fa778565bf,"",%progbits
  27 0000 789C6363 		.ascii	"x\234cc``0f@\000F\006\006.{F\006& \223m\201<\023X\210"
  27      60603066 
  27      40004606 
  27      062E7B46 
  27      06262093 
  28 001a 0B8560E2 		.ascii	"\013\205`\342\006\251B\360\031\000?\243\001\223"
  28      06A942F0 
  28      19003FA3 
ARM GAS  /var/folders/qd/4mxf5pkd0zdf0b9dd1hp39180000gn/T//ccB4qMlB.s 			page 2


  28      0193
  29              		.text
  30              		.section	.gnu.lto_.pureconst.673305fa778565bf,"",%progbits
  31 0000 789C6363 		.ascii	"x\234cc```\006bF\006\011\000\000}\000#"
  31      60606006 
  31      62460609 
  31      00007D00 
  31      23
  32              		.text
  33              		.section	.gnu.lto_halInit.673305fa778565bf,"",%progbits
  34 0000 789C7590 		.ascii	"x\234u\220\275J\003A\020\307\347\177\223\\\016\324`"
  34      BD4A0341 
  34      10C7E77F 
  34      935C0ED4 
  34      60
  35 0011 61A12685 		.ascii	"a\241&\205m\232\344=|\013Ic!\010\346\001n\343\031\022"
  35      6D9AE43D 
  35      7C0B4963 
  35      2108E601 
  35      6EE31912 
  36 0025 D1C2229E 		.ascii	"\321\302\"\236\026\207\034\242h*\021?\342\371y\344\001"
  36      16871CA2 
  36      682A113F 
  36      E2F979E4 
  36      01
  37 0036 22DADA89 		.ascii	"\"\332\332\211ZE#XE0:\233\023I\021\207]fv\346\267\363"
  37      5A452358 
  37      45303A9B 
  37      13491187 
  37      5D6676E6 
  38 004c 65125113 		.ascii	"e\022Q\023Di\321)\271`\202\261\326$*Z\006\240\015e\201"
  38      4469D129 
  38      B96082B1 
  38      D6242A5A 
  38      06A00D65 
  39 0061 6C033656 		.ascii	"l\0036V\271\312h\224_\002#\263\247D\302\215\367\011"
  39      B9CA6894 
  39      5F0223B3 
  39      A744C28D 
  39      F709
  40 0073 B51FC263 		.ascii	"\265\037\302c\"W\256\026\034!C\202=\036v\327G\314X\344"
  40      2257AE16 
  40      1C214382 
  40      3D1E76D7 
  40      47CC58E4 
  41 0087 C7314C92 		.ascii	"\3071L\222\032tp\037\017U\367\273\254\302\247m\324\247"
  41      1A74701F 
  41      0F55F7BB 
  41      ACC2A76D 
  41      D4A7
  42 0099 2DA28AC4 		.ascii	"-\242\212\304\245\210\012i\231\015m9!\265\340\370\355"
  42      A5880A69 
  42      990D6D39 
  42      21B5E0F8 
  42      ED
  43 00aa 54EF9364 		.ascii	"T\357\223d\012\202\326C\302\376R\226\307pY\262\340\004"
  43      0A82D643 
ARM GAS  /var/folders/qd/4mxf5pkd0zdf0b9dd1hp39180000gn/T//ccB4qMlB.s 			page 3


  43      C2FE5296 
  43      C77059B2 
  43      E004
  44 00bc 3679426B 		.ascii	"6yBk\256\303\2039C\270\323?n\311\337\035\036\300\261"
  44      AEC38339 
  44      43B8D33F 
  44      6EC9DF1D 
  44      1EC0B1
  45 00cf CB521E75 		.ascii	"\313R\036u\341$\340\226\032\267\211\025\3668\006\375"
  45      E124E096 
  45      1AB78915 
  45      F63806FD 
  46 00df 743E6F3E 		.ascii	"t>o>\222\302\215\213\303\327S\210\257s\367Z\031\362"
  46      92C28D8B 
  46      C3D75388 
  46      AF73F75A 
  46      19F2
  47 00f1 B1551CF5 		.ascii	"\261U\034\3658\216@vr\206t/\342\354\034\225 \364\246"
  47      388E4076 
  47      7286742F 
  47      E2EC1C95 
  47      20F4A6
  48 0104 52533AC3 		.ascii	"RS:\3039|Dc_\300\366\330\3545[K\016n6&M\\\366\015U\033"
  48      397C4463 
  48      5FC0F6D8 
  48      EC355B4B 
  48      0E6E3626 
  49 011e 1BCCC585 		.ascii	"\033\314\305\205\273\352\343\236\377\341L\341\256\177"
  49      BBEAE39E 
  49      FFE14CE1 
  49      AE7F
  50 012c B9372CFA 		.ascii	"\2717,\372\355j\324\213\226\212\254P\326,\373\231\314"
  50      ED6AD48B 
  50      968AAC50 
  50      D62CFB99 
  50      CC
  51 013d 6673D199 		.ascii	"fs\321\231/\344fg\346r\205\205\274\326\331<\375\000"
  51      2FE46667 
  51      E6728585 
  51      BCD6D93C 
  51      FD00
  52 014f 63C99FD0 		.ascii	"c\311\237\320"
  53              		.text
  54              		.section	.gnu.lto_.symbol_nodes.673305fa778565bf,"",%progbits
  55 0000 789C55C9 		.ascii	"x\234U\311\261\015\3020\024E\321\373\354\330\254\221"
  55      B10DC230 
  55      1445D1FB 
  55      ECD8AC91 
  56 0010 5192C9BE 		.ascii	"Q\222\311\276\005\201@\227!2AJ\352\324\314\000\022s"
  56      05814097 
  56      2132414A 
  56      EAD4CC00 
  56      1273
  57 0022 203EAE70 		.ascii	" >\256p\361t\244\3732\260\371\010G\031,\017p\356e\204"
  57      F174A4FB 
  57      32B0F908 
  57      47192C0F 
ARM GAS  /var/folders/qd/4mxf5pkd0zdf0b9dd1hp39180000gn/T//ccB4qMlB.s 			page 4


  57      70EE6584 
  58 0036 7411BD3F 		.ascii	"t\021\275?\272\311T\037(e\360p\225\205&\314\262\330"
  58      BAC9541F 
  58      2865F070 
  58      958526CC 
  58      B2D8
  59 0048 84B3AC6B 		.ascii	"\204\263\254k\302$KM8\311\362\177\210\034X\237\037E"
  59      C2244B4D 
  59      38C9F27F 
  59      881C589F 
  59      1F45
  60 005a 327B35F1 		.ascii	"2{5\361\256vL\257\237\221\265\032\330]\276\357\332+"
  60      AE764CAF 
  60      9F91B51A 
  60      D85DBEEF 
  60      DA2B
  61 006c 56       		.ascii	"V"
  62              		.text
  63              		.section	.gnu.lto_.refs.673305fa778565bf,"",%progbits
  64 0000 789C6363 		.ascii	"x\234cc```\003bF\006&Ff\006\000\000\265\000\024"
  64      60606003 
  64      62460626 
  64      46660600 
  64      00B50014 
  65              		.text
  66              		.section	.gnu.lto_.decls.673305fa778565bf,"",%progbits
  67 0000 789CC556 		.ascii	"x\234\305V}PSW\026\177\367]\022\222\020\300\005g\307"
  67      7D505357 
  67      167FF75D 
  67      129210C0 
  67      0567C7
  68 0013 DD7167BA 		.ascii	"\335qg\272N:2\323\011O\2503\355\316\270\037.Z\353\214"
  68      4E3A32D3 
  68      094FA833 
  68      EDCEB81F 
  68      2E5AEB8C 
  69 0027 6ED9DADD 		.ascii	"n\331\332\335i\377J\323$JvC\222M\302\216\235\375\347"
  69      69FF4AD3 
  69      244A7643 
  69      924DC28E 
  69      9DFDE7
  70 003a 01111003 		.ascii	"\001\021\020\003He:\025[\253\342l\375`\254+\272\213"
  70      48653A15 
  70      5BABE26C 
  70      FD60AC2B 
  70      BA8B
  71 004c 444A9462 		.ascii	"DJ\224b)\212\242VWl\254\024+\242 \362\241\200\005\315"
  71      298AA256 
  71      576CAC14 
  71      2BA220F2 
  71      A18005CD 
  72 0060 9E7BEF4B 		.ascii	"\236{\357K\336#\300\316t\377\33179\357\276s\317\357"
  72      DE23C0CE 
  72      74FFD937 
  72      39EFBE73 
  72      CFEF
  73 0072 FECEB9E7 		.ascii	"\376\316\271\347\334\363\362\324\034\307m\320s\\.\346"
ARM GAS  /var/folders/qd/4mxf5pkd0zdf0b9dd1hp39180000gn/T//ccB4qMlB.s 			page 5


  73      DCF3F2D4 
  73      1CC76DD0 
  73      735C2EE6 
  74 0082 B8FDF01C 		.ascii	"\270\375\360\034\201\213\207\3614\010\002\231\344\330"
  74      818B87F1 
  74      34080299 
  74      E4D8
  75 0090 95486C64 		.ascii	"\225Hld\016&1\210\012D\013\222\004\222\214\0306\025"
  75      0E263188 
  75      0A440B92 
  75      04928C18 
  75      3615
  76 00a2 7133AE08 		.ascii	"q3\256\010b\353\336\006Y\000\317\317`\374\021b\234\023"
  76      62EBDE06 
  76      5900CFCF 
  76      60FC1162 
  76      9C13
  77 00b4 201A3493 		.ascii	" \0324\223;Y\342\323J\374\304\017\232\207\273\006\243"
  77      3B59E2D3 
  77      4AFCC40F 
  77      9A87BB06 
  77      A3
  78 00c5 4BFEA31F 		.ascii	"K\376\243\037\342m\030\245\351P\002\250#\235\265\267"
  78      E26D18A5 
  78      E95002A8 
  78      239DB5B7 
  79 00d5 53405DA8 		.ascii	"S@]\250C\317\201\332ts$\224\304\254=\010\364\306\346"
  79      43CF81DA 
  79      74732494 
  79      C4AC3D08 
  79      F4C6E6
  80 00e8 07D94C5D 		.ascii	"\007\331L]\254\260.\224\254GO\371\037\2440s\210\350"
  80      ACB02E94 
  80      AC474FF9 
  80      1FA43073 
  80      88E8
  81 00fa DBB6546D 		.ascii	"\333\266TmM\304<\"~\206\374wz$\246E\240^\036>\377\221"
  81      4DC43C22 
  81      7E86FC77 
  81      7A24A645 
  81      A05E1E3E 
  82 0110 A42E0035 		.ascii	"\244.\0005\274\265d\267\032k)\362f\373\301\303$\242"
  82      BCB564B7 
  82      1A6B29F2 
  82      66FBC1C3 
  82      24A2
  83 0122 A53A44F2 		.ascii	"\245:D\362\230\012S\237\016\236|\222\314\246\010\342"
  83      980A539F 
  83      0E9E7C92 
  83      CCA608E2 
  84 0132 ABF1AA7D 		.ascii	"\253\361\252}\032\234B\237\353n\354{?1\263^d\227\346"
  84      1A9C429F 
  84      EB6EEC7B 
  84      3F31B35E 
  84      6497E6
  85 0145 4D0EB520 		.ascii	"M\016\265 \034\335\334\345\252\321\375\2118\213\000"
  85      1CDDDCE5 
ARM GAS  /var/folders/qd/4mxf5pkd0zdf0b9dd1hp39180000gn/T//ccB4qMlB.s 			page 6


  85      AAD1FD89 
  85      388B00
  86 0154 F95BDD53 		.ascii	"\371[\335S\341\024\244\313(\023\305\"qO\261\250}\225"
  86      E114A4CB 
  86      2813C522 
  86      714FB1A8 
  86      7D95
  87 0166 43C7D162 		.ascii	"C\307\321b\324\200\026s\250\025e\020\362\020\312\344"
  87      D4801673 
  87      A8156510 
  87      F210CAE4 
  88 0176 D06730D9 		.ascii	"\320g0\331\014\223\177'\204\241\273\023K\253KE\221G"
  88      0C937F27 
  88      84A1BB13 
  88      4BAB4B45 
  88      9147
  89 0188 67900E9D 		.ascii	"g\220\016\235F\230b \233Ku\314\305\301\375\325\373\324"
  89      46986220 
  89      9B4B75CC 
  89      C5C1FDD5 
  89      FBD4
  90 019a B80B511F 		.ascii	"\270\013Q\037\301]w\332\370\371|\234\235\327\307\305"
  90      C15D77DA 
  90      F8F97C9C 
  90      9DD7C7C5 
  91 01aa E092B35B 		.ascii	"\340\222\263[\210\2176\360\361\271\354\003\\2'\275M"
  91      888F36F0 
  91      F1B9EC03 
  91      5C3227BD 
  91      4D
  92 01bb E1421EF7 		.ascii	"\341B\036\367\262L\326\006\037u\250X\3524\240>\334\321"
  92      B24CD606 
  92      1F75A858 
  92      EA34A03E 
  92      DCD1
  93 01cd D6C9E33E 		.ascii	"\326\311\343>f\353\273^\274S\215\007\231\262\375i\267"
  93      66EBBB5E 
  93      BC538D07 
  93      99B2FD69 
  93      B7
  94 01de A8C68F98 		.ascii	"\250\306\217\230R\361pro\002\236bJw\361\304\265d\\\210"
  94      52F17072 
  94      6F029E62 
  94      4A77F1C4 
  94      B5645C88 
  95 01f2 89A22DBA 		.ascii	"\211\242-\272>\336\252B\006C\272\301`\3100\030\366\221"
  95      3EDEAA42 
  95      0643BAC1 
  95      60C83018 
  95      F691
  96 0204 D84313FD 		.ascii	"\330C\023\375+N\216\366\213\342{z\032T'\004\325\205"
  96      2B4E8EF6 
  96      8BE27B7A 
  96      1A542704 
  96      D585
  97 0216 D2E5CD34 		.ascii	"\322\345\3154\301\215CYp\343\330\202\033\277\250\025"
  97      C18D4359 
ARM GAS  /var/folders/qd/4mxf5pkd0zdf0b9dd1hp39180000gn/T//ccB4qMlB.s 			page 7


  97      70E3D882 
  97      1BBFA815 
  98 0226 437E4CD1 		.ascii	"C~L\321_\304\243\2032\272\232\354x;\010J\340\320\277"
  98      5FC4A383 
  98      32BA9AEC 
  98      783B084A 
  98      E0D0BF
  99 0239 00F04F6A 		.ascii	"\000\360Oj#p\3305\372\012\222t\031\031\3205\220K W@"
  99      2370D835 
  99      FA0A9274 
  99      1919D035 
  99      904B2057 
 100 024e 2E825C05 		.ascii	".\202\\\005\271\200\014\264\260\314\341\367/\313\016"
 100      B9800CB4 
 100      B0CCE1F7 
 100      2FCB0E
 101 025d 3BE21DB6 		.ascii	";\342\035\266\317\012O\201>\037\217\026\342\300\035"
 101      CF0A4F81 
 101      3E1F8F16 
 101      E2C01D
 102 026c 8ABD7C39 		.ascii	"\212\275|97\365qr\227\312w\2411\255\020\366C`\234T:"
 102      37F57172 
 102      97CA77A1 
 102      31AD10F6 
 102      43609C54 
 103 0281 39CCA193 		.ascii	"9\314\241\223iu\305b\3732Jvj\356\30402\206\277\257\010"
 103      6975C562 
 103      FB324A76 
 103      6AEEC430 
 103      3286BFAF 
 104 0296 F4DC9C81 		.ascii	"\364\334\234\20124T\261\345\231\277K\215\033i\025\371"
 104      323454B1 
 104      E599BF4B 
 104      8D1B6915 
 104      F9
 105 02a7 43A7C203 		.ascii	"C\247\302\003*\224\2361g~Q7\244\365\207\244\230m\354"
 105      2A949E31 
 105      677E5137 
 105      A4F587A4 
 105      986DEC
 106 02ba 6C931A5A 		.ascii	"l\223\032Z\012]\207\205\377\226O%\331&\365?v\340\330"
 106      0A5D8785 
 106      FF964F25 
 106      D926F53F 
 106      76E0D8
 107 02cd 6E0D3B88 		.ascii	"n\015;\210\007H\273\337{zv@\205\317\321xP}\347\027a"
 107      0748BBDF 
 107      7B7A7640 
 107      85CFD178 
 107      507DE717 
 108 02e2 E9BD5246 		.ascii	"\351\275RF\214W&\272Ju\37023F\356u\327i\231q\230\350"
 108      8C5726BA 
 108      4A75F832 
 108      3346EE75 
 108      D7699971 
 109 02f8 E52776D4 		.ascii	"\345'v\324\245\342nf\274\322\267\327\257g\306.\242W"
 109      A5E26E66 
ARM GAS  /var/folders/qd/4mxf5pkd0zdf0b9dd1hp39180000gn/T//ccB4qMlB.s 			page 8


 109      BCD2B7D7 
 109      AF67C62E 
 109      A257
 110 030a 5635FC43 		.ascii	"V5\374C\207{\230\361@\337\207\225\222\361ePOt6~\243"
 110      877B98F1 
 110      40DF8795 
 110      92F16550 
 110      4F74367E 
 111 031f C277992D 		.ascii	"\302w\231-<z\2554\011\0171\345\323\351\232O\324\370"
 111      3C7AAD34 
 111      090F31E5 
 111      D3E99A4F 
 111      D4F8
 112 0331 31533AC2 		.ascii	"1S:\302\223\337&\262U\323$\230\373\025\221\260^zq\221"
 112      93DF26B2 
 112      55D32498 
 112      FB1591B0 
 112      5E7A7191 
 113 0345 F74B69E7 		.ascii	"\367Ki\347\343Ox<M\301I\201\332\242\337K\355\020m\010"
 113      E34F783C 
 113      4DC14981 
 113      DAA2DF4B 
 113      ED106D08 
 114 0359 928B5369 		.ascii	"\222\213Si;DRG\222\215\357 \033\0030\306\362\3334\263"
 114      3B445247 
 114      928DEF20 
 114      1B0330C6 
 114      F2DB34B3 
 115 036d 8E803FF3 		.ascii	"\216\200?\363\253BZG\002\277\031\017\017+\3403\012v"
 115      AB425A47 
 115      02BF190F 
 115      0F2BE033 
 115      0A76
 116 037f 17107DD4 		.ascii	"\027\020}\3248 Uk\004\2525\012\225\271\0072\0062\010"
 116      3820556B 
 116      04AA350A 
 116      95B90732 
 116      063208
 117 0392 F210E43E 		.ascii	"\362\020\344>\310\020\3100\310\003\2711\210\347_\312"
 117      C810C830 
 117      C803B931 
 117      88E75FCA 
 118 03a2 9EBF8DF7 		.ascii	"\236\277\215\367\3343+\320\336_\313\360\376x\370\211"
 118      DC332BD0 
 118      DE5FCBF0 
 118      FE78F889 
 119 03b2 197D44D0 		.ascii	"\031}D\320\212m}\035\217\2761\013\255\010\345V<\372"
 119      8A6D7D1D 
 119      8FBE310B 
 119      AD08E556 
 119      3CFA
 120 03c4 9B78F419 		.ascii	"\233x\364\031E$'\343\321\215\263\333.\310\332n`V\333"
 120      452427E3 
 120      D18DB3DB 
 120      2EC8DA6E 
 120      6056DB
 121 03d7 81B12FA8 		.ascii	"\201\261/\250(\327\235x2!>\316\025\262\347\333\361\340"
ARM GAS  /var/folders/qd/4mxf5pkd0zdf0b9dd1hp39180000gn/T//ccB4qMlB.s 			page 9


 121      28D79D78 
 121      32213ECE 
 121      15B2E7DB 
 121      F1E0
 122 03e9 5E394E38 		.ascii	"^9N8*\247\237\014nI\305\305\011\264\351j\202c\243\211"
 122      2AA79F0C 
 122      6E49C5C5 
 122      09B4E96A 
 122      8263A389 
 123 03fd 28239D05 		.ascii	"(#\235\0054\336B\333e\034\026?\222\333e\200\266\313"
 123      34DE42DB 
 123      651C163F 
 123      92DB6580 
 123      B6CB
 124 040f 9C55468F 		.ascii	"\234UF\217\241\270\377K\241!\216\346\372\221\260>]\242"
 124      A1B8FF4B 
 124      A1218EE6 
 124      FA91B03E 
 124      5DA2
 125 0421 2D9B9796 		.ascii	"-\233\227\226\373!\234\255\303\355\215\032}y\354\317"
 125      FB219CAD 
 125      C3ED8D1A 
 125      7D79ECCF 
 126 0431 0B4D285E 		.ascii	"\013M(^>\034\232Dz\002$#\371\363?\335\334\222t\013\316"
 126      3E1C9A44 
 126      7A022423 
 126      F9F33FDD 
 126      DC92740B 
 127 0446 367CE8A0 		.ascii	"6|\350\240\005\224\002!v\207\021!\351\263#\022\275\020"
 127      05940221 
 127      76871121 
 127      E9B32312 
 127      BD10
 128 0458 9B87599E 		.ascii	"\233\207Y\236\015\022\224(\321%(6\303K\034|\224\227"
 128      0D129428 
 128      D1252836 
 128      C34B1C7C 
 128      9497
 129 046a FE2402A4 		.ascii	"\376$\002\244dev\346.z\261\317.\366\240X\307\246x\331"
 129      646576E6 
 129      2E7AB1CF 
 129      2EF6A058 
 129      C7A678D9 
 130 047e 9962C9AC 		.ascii	"\231b\311\254X\271\2309\026\224\274I$e\354\352`\340"
 130      58B99839 
 130      1694BC49 
 130      2465ECEA 
 130      60E0
 131 0490 88BE078E 		.ascii	"\210\276\007\2162\207\336\342\270\355\232|\372\272\031"
 131      3287DEE2 
 131      B8ED9A7C 
 131      FABA19
 132 049f 6E107B75 		.ascii	"n\020{u\270\202\236\021\324\026\231\010\245\262w\017"
 132      B8829E11 
 132      D4169908 
 132      A5B2770F 
 133 04af AFF8F059 		.ascii	"\257\370\360Y\310>|\352\003\221\032\325\242\367i\031"
ARM GAS  /var/folders/qd/4mxf5pkd0zdf0b9dd1hp39180000gn/T//ccB4qMlB.s 			page 10


 133      C83E7CEA 
 133      03911AD5 
 133      A2F76919 
 134 04bf 8BC5053C 		.ascii	"\213\305\005<z\373\307\350)d|\232f\374\031Z\004wg\002"
 134      7AFBC7E8 
 134      29647C9A 
 134      66FC195A 
 134      04776702 
 135 04d3 7376FBF3 		.ascii	"sv\373\363\241\247\374\222=\342\236\0361\364\260\034"
 135      A1A7FC92 
 135      3DE29E1E 
 135      31F4B01C 
 136 04e3 4F9E2F11 		.ascii	"O\236/\021\273`\335o(\016M\311Gn\212|\001\241\357\241"
 136      BB60DD6F 
 136      280E4DC9 
 136      476E8A7C 
 136      01A1EFA1 
 137 04f7 D9D113E8 		.ascii	"\331\321\023\350;\016E\320\022\362\226;6tK\205\217\262"
 137      3B0E45D0 
 137      12F2963B 
 137      36744B85 
 137      8FB2
 138 0509 B002DF05 		.ascii	"\260\002\337\005O\244\002Y\017\034\334H%>R\\R!\356E"
 138      4FA40259 
 138      0F1CDC48 
 138      253E525C 
 138      5221EE45 
 139 051d 8C4AE463 		.ascii	"\214J\344cT\360\310v]\310\023\212\363}7\377\206\257"
 139      54F0C876 
 139      5DC8138A 
 139      F37D37FF 
 139      86AF
 140 052f 3286C36D 		.ascii	"2\206\303m\345\205\011\022\303\324.\\\333\335/\226\351"
 140      E5850912 
 140      C3D42E5C 
 140      DBDD2F96 
 140      E9
 141 0540 1841914C 		.ascii	"\030A\221LP\024%(\246\004\027;\352\246\223q\215\212"
 141      50142528 
 141      A604173B 
 141      EAA69371 
 141      8D8A
 142 0552 BDE96B0E 		.ascii	"\275\351k\016>I\226\030\276>\214/|Y\022\312e\004~\231"
 142      3E499618 
 142      BE3E8C2F 
 142      7C5912CA 
 142      65047E99 
 143 0566 C01F25D8 		.ascii	"\300\037%\330B\011\016\325\357\274\243\305\315\214\240"
 143      42090ED5 
 143      EFBCA3C5 
 143      CD8CA0
 144 0575 21D05DA2 		.ascii	"!\320]\242J\340\331\231$y\"\015Z3\274K;oF\313x\222\321"
 144      4AE0D999 
 144      2479220D 
 144      5A33BC4B 
 144      3B6F46CB 
 145 058c 525E4AE9 		.ascii	"R^J\351\007\015\003\227\364R\004c\375+\246\216\213~"
ARM GAS  /var/folders/qd/4mxf5pkd0zdf0b9dd1hp39180000gn/T//ccB4qMlB.s 			page 11


 145      070D0397 
 145      F4520463 
 145      FD2BA68E 
 145      8B7E
 146 059e 15C1A012 		.ascii	"\025\301\240\0229\200\222h\000[i\000;wW\035\305\370"
 146      39809268 
 146      005B6900 
 146      3B77571D 
 146      C5F8
 147 05b0 1C0B60A8 		.ascii	"\034\013`\250e\354^4\007\255A|hD\316A\271\314P\036e"
 147      65EC5E34 
 147      07AD417C 
 147      6844CE41 
 147      B9CC501E 
 148 05c5 D846193E 		.ascii	"\330F\031>8T\275'\011oUS\206\242\275\307Z\264\022\303"
 148      3854BD27 
 148      096F5553 
 148      86A2BDC7 
 148      5AB412C3 
 149 05d9 950E7CFF 		.ascii	"\225\016|\377b,\007\001\231 \020%\250\240\004\355\255"
 149      622C0701 
 149      99201025 
 149      A8A004ED 
 149      AD
 150 05ea 47C693F0 		.ascii	"G\306\223\360g\214\340\321G\201\026\374|\2358,\222\257"
 150      678CE0D1 
 150      478116FC 
 150      7C9D382C 
 150      92AF
 151 05fc B68CA961 		.ascii	"\266\214\251a\277X\226F;\267\222\021(\376T*\011\017"
 151      BF589646 
 151      3BB79211 
 151      28FE542A 
 151      090F
 152 060e AAE29F87 		.ascii	"\252\342\237\207u\037OO\355LQ6;\361)7\373v\2365;\214"
 152      751F4F4F 
 152      ED4C5136 
 152      3BF12937 
 152      FB769E35 
 153 0624 E4BB7F32 		.ascii	"\344\273\1772pI\247\004\223\034\311\340j\011LFu\356"
 153      7049A704 
 153      931CC9E0 
 153      6A094C46 
 153      75EE
 154 0636 ABABCC3E 		.ascii	"\253\253\314>s\202y\243\307\361\223\314L\201\375\\^"
 154      738279A3 
 154      C7F193CC 
 154      4C81FD5C 
 154      5E
 155 0647 21CFEC10 		.ascii	"!\317\354\020\274\036\013\0313-\2325\277\373\303s9Y"
 155      BC1E0B19 
 155      332D9A35 
 155      BFFBC373 
 155      3959
 156 0659 599CCE64 		.ascii	"Y\234\316d*\260;}/f\233|\357!a\245\333\355\260[\314"
 156      2AB03B7D 
 156      2F669B7C 
ARM GAS  /var/folders/qd/4mxf5pkd0zdf0b9dd1hp39180000gn/T//ccB4qMlB.s 			page 12


 156      EF2161A5 
 156      DBEDB05B 
 157 066e 3EBBCBE9 		.ascii	">\273\313\351\025V[\034v\267\327f\262\031\335\005\226"
 157      15565B1C 
 157      76B7D766 
 157      B219DD05 
 157      96
 158 067f 3F67679A 		.ascii	"?gg\232\335n!\307\345\364\331\234\276YF\341\015\227"
 158      DD6E21C7 
 158      E5F4D99C 
 158      BE5946E1 
 158      0D97
 159 0691 CBE11536 		.ascii	"\313\341\0256Y,F\263'\337\350t9mF\233\371\035\273\361"
 159      592C46B3 
 159      27DFE874 
 159      396D469B 
 159      F91DBBF1 
 160 06a5 2563F6B2 		.ascii	"%c\366\262\254\227\214\177Yn\3147\377\311\345\021fX"
 160      AC978C7F 
 160      596ECC37 
 160      FFC9E511 
 160      6658
 161 06b7 05BBD3E2 		.ascii	"\005\273\323\342(\260\332\204|\263%\317\356\264\011"
 161      28B0DA84 
 161      7CB325CF 
 161      EEB409
 162 06c6 26AB6DA3 		.ascii	"&\253m\243\271\300\3413\371\336u\333\274\231y\234&\032"
 162      B9C0E133 
 162      F9DE75DB 
 162      BC99799C 
 162      261A
 163 06d8 5CE9FF2F 		.ascii	"\\\351\377/8\357\273^\301\344\365Y!\022\210\010\273"
 163      38EFBB5E 
 163      C1E4F559 
 163      21128808 
 163      BB
 164 06e9 AC1E95BB 		.ascii	"\254\036\225\273\300m\365$\272\274n\233\315\352Q\273"
 164      C06DF524 
 164      BABC6E9B 
 164      CDEA51BB 
 165 06f9 48B41E55 		.ascii	"H\264\036U\276\313j\363\220\274\347e\305\347\335\355"
 165      BECB6AF3 
 165      90BCE765 
 165      C5E7DDED 
 166 0709 F240581B 		.ascii	"\362@X\033\336X\377b\266\260n\335*aM\356\332\327\376"
 166      DE58FF62 
 166      B6B06EDD 
 166      2A614DEE 
 166      DAD7FE
 167 071c 9A2DB8CD 		.ascii	"\232-\270\315\016\223\303a\005\3264\257/\037\266\271"
 167      0E93C361 
 167      05D634AF 
 167      2F1FB6B9 
 168 072c C96D7799 		.ascii	"\311mw\231\2746_\201\333\344S\347\256!\205T\347\276"
 168      BC365F81 
 168      DBE453E7 
 168      AE218554 
ARM GAS  /var/folders/qd/4mxf5pkd0zdf0b9dd1hp39180000gn/T//ccB4qMlB.s 			page 13


 168      E7BE
 169 073e C286D56C 		.ascii	"\302\206\325lX\305\206\0346\374\226\015+\331\260\226"
 169      58C5861C 
 169      36FC960D 
 169      2BD9B096 
 170 074e 0CDADC95 		.ascii	"\014\332\334\225\353 \023\033\355\233\022\301\365Z\247"
 170      EB20131B 
 170      ED9B12C1 
 170      F55AA7
 171 075d DDF7D379 		.ascii	"\335\367\323y\217\001\247\366\372\010\342g\361\210\330"
 171      8F01A7F6 
 171      FA08E267 
 171      F188D8
 172 076c DEC996B5 		.ascii	"\336\311\226\265\357\270\314\036+\301-\217\307Q\013"
 172      EFB8CC1E 
 172      2BC12D8F 
 172      C7510B
 173 077b D999896E 		.ascii	"\331\231\211n\356\225\345\246Uk7\344\274\366\307\325"
 173      EE95E5A6 
 173      556B37E4 
 173      BCF6C7D5 
 174 078b AFBFC56C 		.ascii	"\257\277\305l\260\\\355\245k\177>\257\017\233\307\016"
 174      B05CEDA5 
 174      6B7F3EAF 
 174      0F9BC70E 
 175 079b C1E471C9 		.ascii	"\301\344q\311&)!&;\340\365y\012e\331\177\313\250\344"
 175      26292126 
 175      3BE0F579 
 175      0A65D97F 
 175      CBA8E4
 176 07ae 7AF36621 		.ascii	"z\363f!/\226P\215\313\3136\377B\374Jb\200\233\321a\363"
 176      2F96508D 
 176      CBCB36FF 
 176      42FC4A62 
 176      809BD161 
 177 07c3 7A8595AF 		.ascii	"z\205\225\257\257\317Y\277\231\316\221*\020"
 177      AFCF59BF 
 177      99CE912A 
 177      10
 178 07d0 FFD12368 		.ascii	"\377\321#h\2419\374\017i\305\225\013"
 178      A139FC0F 
 178      69C5950B 
 179              		.text
 180              		.section	.gnu.lto_.symtab.673305fa778565bf,"",%progbits
 181 0000 68616C49 		.ascii	"halInit\000"
 181      6E697400 
 182 0008 00       		.ascii	"\000"
 183 0009 00       		.ascii	"\000"
 184 000a 00       		.ascii	"\000"
 185 000b 00000000 		.ascii	"\000\000\000\000\000\000\000\000"
 185      00000000 
 186 0013 FF000000 		.ascii	"\377\000\000\000"
 187 0017 70616C5F 		.ascii	"pal_default_config\000"
 187      64656661 
 187      756C745F 
 187      636F6E66 
 187      696700
ARM GAS  /var/folders/qd/4mxf5pkd0zdf0b9dd1hp39180000gn/T//ccB4qMlB.s 			page 14


 188 002a 00       		.ascii	"\000"
 189 002b 02       		.ascii	"\002"
 190 002c 00       		.ascii	"\000"
 191 002d 00000000 		.ascii	"\000\000\000\000\000\000\000\000"
 191      00000000 
 192 0035 0F010000 		.ascii	"\017\001\000\000"
 193 0039 7374496E 		.ascii	"stInit\000"
 193      697400
 194 0040 00       		.ascii	"\000"
 195 0041 02       		.ascii	"\002"
 196 0042 00       		.ascii	"\000"
 197 0043 00000000 		.ascii	"\000\000\000\000\000\000\000\000"
 197      00000000 
 198 004b 01010000 		.ascii	"\001\001\000\000"
 199 004f 626F6172 		.ascii	"boardInit\000"
 199      64496E69 
 199      7400
 200 0059 00       		.ascii	"\000"
 201 005a 02       		.ascii	"\002"
 202 005b 00       		.ascii	"\000"
 203 005c 00000000 		.ascii	"\000\000\000\000\000\000\000\000"
 203      00000000 
 204 0064 03010000 		.ascii	"\003\001\000\000"
 205 0068 7364496E 		.ascii	"sdInit\000"
 205      697400
 206 006f 00       		.ascii	"\000"
 207 0070 02       		.ascii	"\002"
 208 0071 00       		.ascii	"\000"
 209 0072 00000000 		.ascii	"\000\000\000\000\000\000\000\000"
 209      00000000 
 210 007a 05010000 		.ascii	"\005\001\000\000"
 211 007e 5F70616C 		.ascii	"_pal_lld_init\000"
 211      5F6C6C64 
 211      5F696E69 
 211      7400
 212 008c 00       		.ascii	"\000"
 213 008d 02       		.ascii	"\002"
 214 008e 00       		.ascii	"\000"
 215 008f 00000000 		.ascii	"\000\000\000\000\000\000\000\000"
 215      00000000 
 216 0097 09010000 		.ascii	"\011\001\000\000"
 217 009b 68616C5F 		.ascii	"hal_lld_init\000"
 217      6C6C645F 
 217      696E6974 
 217      00
 218 00a8 00       		.ascii	"\000"
 219 00a9 02       		.ascii	"\002"
 220 00aa 00       		.ascii	"\000"
 221 00ab 00000000 		.ascii	"\000\000\000\000\000\000\000\000"
 221      00000000 
 222 00b3 0B010000 		.ascii	"\013\001\000\000"
 223 00b7 6F73616C 		.ascii	"osalInit\000"
 223      496E6974 
 223      00
 224 00c0 00       		.ascii	"\000"
 225 00c1 02       		.ascii	"\002"
 226 00c2 00       		.ascii	"\000"
ARM GAS  /var/folders/qd/4mxf5pkd0zdf0b9dd1hp39180000gn/T//ccB4qMlB.s 			page 15


 227 00c3 00000000 		.ascii	"\000\000\000\000\000\000\000\000"
 227      00000000 
 228 00cb 0D010000 		.ascii	"\015\001\000\000"
 229              		.text
 230              		.section	.gnu.lto_.opts,"",%progbits
 231 0000 272D666D 		.ascii	"'-fmath-errno' '-fsigned-zeros' '-ftrapping-math' '"
 231      6174682D 
 231      6572726E 
 231      6F272027 
 231      2D667369 
 232 0033 2D666E6F 		.ascii	"-fno-trapv' '-fno-openmp' '-fno-openacc' '-mcpu=cor"
 232      2D747261 
 232      70762720 
 232      272D666E 
 232      6F2D6F70 
 233 0066 7465782D 		.ascii	"tex-m4' '-mno-thumb-interwork' '-mthumb' '-O2' '-fo"
 233      6D342720 
 233      272D6D6E 
 233      6F2D7468 
 233      756D622D 
 234 0099 6D69742D 		.ascii	"mit-frame-pointer' '-falign-functions=16' '-ffuncti"
 234      6672616D 
 234      652D706F 
 234      696E7465 
 234      72272027 
 235 00cc 6F6E2D73 		.ascii	"on-sections' '-fdata-sections' '-fno-common' '-flto"
 235      65637469 
 235      6F6E7327 
 235      20272D66 
 235      64617461 
 236 00ff 2700     		.ascii	"'\000"
 237              		.text
 238              		.comm	__gnu_lto_v1,1,1
 239              		.comm	__gnu_lto_slim,1,1
 240              		.ident	"GCC: (GNU Tools for Arm Embedded Processors 7-2017-q4-major) 7.2.1 20170904 (release) [ARM
ARM GAS  /var/folders/qd/4mxf5pkd0zdf0b9dd1hp39180000gn/T//ccB4qMlB.s 			page 16


DEFINED SYMBOLS
                            *ABS*:0000000000000000 hal.c
                            *COM*:0000000000000001 __gnu_lto_v1
                            *COM*:0000000000000001 __gnu_lto_slim

NO UNDEFINED SYMBOLS
