ARM GAS  /var/folders/qd/4mxf5pkd0zdf0b9dd1hp39180000gn/T//ccPJ4kwf.s 			page 1


   1              		.cpu cortex-m4
   2              		.eabi_attribute 20, 1
   3              		.eabi_attribute 21, 1
   4              		.eabi_attribute 23, 3
   5              		.eabi_attribute 24, 1
   6              		.eabi_attribute 25, 1
   7              		.eabi_attribute 26, 1
   8              		.eabi_attribute 30, 2
   9              		.eabi_attribute 34, 1
  10              		.eabi_attribute 18, 4
  11              		.file	"nvic.c"
  12              		.section	.gnu.lto_.profile.32d8ca2e6fb16ea3,"",%progbits
  13 0000 789C6363 		.ascii	"x\234cc```\001bF\006)1\000\000\302\000<"
  13      60606001 
  13      62460629 
  13      310000C2 
  13      003C
  14              		.text
  15              		.section	.gnu.lto_.icf.32d8ca2e6fb16ea3,"",%progbits
  16 0000 789C6363 		.ascii	"x\234cc``\220b@\000\026\206\333\333\226\254be\354\\"
  16      60609062 
  16      40001686 
  16      DBDB96AC 
  16      6265EC5C 
  17 0014 F7E12E13 		.ascii	"\367\341.\023\323\243\203\263\367\3603/z\275\367\005"
  17      D3A383B3 
  17      F7F0332F 
  17      7ABDF705 
  18 0024 330300A6 		.ascii	"3\003\000\246U\014S"
  18      550C53
  19              		.text
  20              		.section	.gnu.lto_.jmpfuncs.32d8ca2e6fb16ea3,"",%progbits
  21 0000 789C6363 		.ascii	"x\234cc``\320a@\000\026\006&FF\346\3729\314\014 \314"
  21      6060D061 
  21      40001606 
  21      264646E6 
  21      FA39CC0C 
  22 0016 0804209A 		.ascii	"\010\004 \232\011Y\220\031*\310\000\000\237-\007\005"
  22      09599019 
  22      2AC80000 
  22      9F2D0705 
  23              		.text
  24              		.section	.gnu.lto_.inline.32d8ca2e6fb16ea3,"",%progbits
  25 0000 789C4D8C 		.ascii	"x\234M\214\321\021\2000\014B!\215i\364\307\021\352\004"
  25      D1118030 
  25      0C42218D 
  25      69F4C711 
  25      EA04
  26 0012 2ED9453A 		.ascii	".\331E:\222\2438\202\261\236U>\270\343\036`\000*>)\260"
  26      92A33882 
  26      B19E553E 
  26      B8E31E60 
  26      002A3E29 
  27 0027 CC146E8C 		.ascii	"\314\024n\214p\233\332\271\303Z\021\310\261*\"y\020"
  27      709BDAB9 
  27      C35A11C8 
  27      B12A2279 
ARM GAS  /var/folders/qd/4mxf5pkd0zdf0b9dd1hp39180000gn/T//ccPJ4kwf.s 			page 2


  27      10
  28 0038 07E199EC 		.ascii	"\007\341\231\354\225\244\255<\225\240\332O\004\223\222"
  28      95A4AD3C 
  28      95A0DA4F 
  28      049392
  29 0047 FD25C5EE 		.ascii	"\375%\305\356w\020J\310\366N\007\034S\\\2260\015\244"
  29      77104AC8 
  29      F64E071C 
  29      535C9630 
  29      0DA4
  30              		.text
  31              		.section	.gnu.lto_.pureconst.32d8ca2e6fb16ea3,"",%progbits
  32 0000 789C6363 		.ascii	"x\234cc``\340\004b\026\006)F)&)f)\000\002\304\000\202"
  32      6060E004 
  32      62160629 
  32      46292629 
  32      66290002 
  33              		.text
  34              		.section	.gnu.lto_nvicEnableVector.32d8ca2e6fb16ea3,"",%progbits
  35 0000 789C9D53 		.ascii	"x\234\235S\317KTQ\024\276\337;\357\207\243\316,\332"
  35      CF4B5451 
  35      14BEDF3B 
  35      EF87A3CE 
  35      2CDA
  36 0012 45522E82 		.ascii	"ER.\202A\204y\011\375\003\321\332\026\375\007\341&!"
  36      41847909 
  36      FD03D1DA 
  36      16FD07E1 
  36      2621
  37 0024 674443DA 		.ascii	"gDC\332yg\306f\264\004\005G\203\341\021#\215\375 \312"
  37      7967C666 
  37      B4040547 
  37      83E11123 
  37      8DFD20CA 
  38 0038 42ADC6B2 		.ascii	"B\255\306\262^\223\226\021&\211\264kQJ\241\221\324\254"
  38      5E939611 
  38      2689B46B 
  38      514AA191 
  38      D4AC
  39 004a 82D43AF7 		.ascii	"\202\324:\367>\243\350\307\242.\357\236w\3569\347\273"
  39      3EA3E8C7 
  39      A22EEF9E 
  39      77EE39E7 
  39      BB
  40 005b E7FBEE7D 		.ascii	"\347\373\356}\317\026B\034!!\016\362{\017O\220\2001"
  40      CF16421C 
  40      21210EF2 
  40      7B0F4F90 
  40      8031
  41 006d F85C8864 		.ascii	"\370\\\210d\225\001(GVAt\033\350F?\345\010\345\354\333"
  41      95012847 
  41      5641741B 
  41      E8463FE5 
  41      08E5ECDB 
  42 0081 92D17049 		.ascii	"\222\321pI\362\360\317Uv\313\313><\206\217\360T\003"
  42      F2F0CF55 
  42      76CBCB3E 
ARM GAS  /var/folders/qd/4mxf5pkd0zdf0b9dd1hp39180000gn/T//ccPJ4kwf.s 			page 3


  42      3C868FF0 
  42      5403
  43 0093 1368E0AA 		.ascii	"\023h\340\252\027=7<:K\036\001&/?-\344W\"ji\240\236"
  43      173D373C 
  43      3A4B1E01 
  43      262F3F2D 
  43      E457226A 
  44 00aa 975B3237 		.ascii	"\227[27\022\241\030\004\373\253\317.\014:\3211)S\322"
  44      12A11804 
  44      FBABCF2E 
  44      0C3AD131 
  44      2953D2
  45 00bd 9F2D92DC 		.ascii	"\237-\222\334\357\021\341\026\2107\304\024\3520\211"
  45      EF11E116 
  45      8837C414 
  45      EA3089
  46 00cc 3AC12181 		.ascii	":\301!\201\333\210r\371\325\324\273\017D\0074\364\315"
  46      DB8872F9 
  46      D5D4BB0F 
  46      440734F4 
  46      CD
  47 00dd FCEB9CB5 		.ascii	"\374\353\234\265\003]\035\333\201\336\371\003\264\204"
  47      035D1DDB 
  47      81DEF903 
  47      B484
  48 00eb A8AEBFB9 		.ascii	"\250\256\277\271=\034\266\315\200+\246a\013\2603\276"
  48      3D1CB6CD 
  48      802BA661 
  48      0BB033BE 
  49 00fb 64F972FB 		.ascii	"d\371r\373kV\372\313\027\261e\205\301\030\323P\206\330"
  49      6B56FACB 
  49      17B16585 
  49      C118D350 
  49      86D8
  50 010d 58261BDB 		.ascii	"X&\033\333R\236\255\214\003\265[\010\212\216\020\275"
  50      529EAD8C 
  50      03B55B08 
  50      8A8E10BD 
  51 011d BC131F91 		.ascii	"\274\023\037\221\364E\037\031\312K\373b\035\251Jvf "
  51      F4451F19 
  51      CA4BFB62 
  51      1DA94A76 
  51      6620
  52 012f A21AE409 		.ascii	"\242\032\344\011yr8\224\376\230A\02008\366\363\0019"
  52      79723894 
  52      FE984110 
  52      3038F6F3 
  52      0139
  53 0141 30719789 		.ascii	"0q\227\211\256\243\274|f\315RE\234\0369]^tT\272J+\235"
  53      AEA3BC7C 
  53      66CD5245 
  53      9C1E395D 
  53      5E7454BA 
  54 0158 1CDDF85C 		.ascii	"\034\335\370\\\033,e9-#\034\232x?\264\342\024p>\311"
  54      1B2C6539 
  54      2D231C9A 
  54      783FB4E2 
ARM GAS  /var/folders/qd/4mxf5pkd0zdf0b9dd1hp39180000gn/T//ccPJ4kwf.s 			page 4


  54      14703EC9 
  55 016c 1751D8EB 		.ascii	"\027Q\330\353Q\0103,\371\036\357\244\000s\375\311\321"
  55      5108332C 
  55      F91EEFA4 
  55      0073FDC9 
  55      D1
  56 017d 6AF79AEC 		.ascii	"j\367\232\354I\312z\217\252q\037\005\014\353+\342\344"
  56      49CA7A8F 
  56      AA711F05 
  56      0CEB2BE2 
  56      E4
  57 018e CBA5A989 		.ascii	"\313\245\251\211H\323\270J\026\342\036\325\340\001\334"
  57      48D3B84A 
  57      16E21ED5 
  57      E001DC
  58 019d 3C85F4F5 		.ascii	"<\205\364\365\371hb\216\212\361ffa`W\300\2318\313\270"
  58      F968628E 
  58      8AF16666 
  58      616057C0 
  58      9938CBB8 
  59 01b1 A1E2F552 		.ascii	"\241\342\365RX\261\260\260\017\0175g\326u\305\011\212"
  59      58B1B0B0 
  59      0F0F3567 
  59      D675C509 
  59      8A
  60 01c2 4C34D671 		.ascii	"L4\326q\251\012V2}V\020\264\002\344\323\342\364\246"
  60      A90A5632 
  60      7D5610B4 
  60      02E4D3E2 
  60      F4A6
  61 01d4 E66FC342 		.ascii	"\346o\303BY#\371\220\276#\025\370\027\375\377\242\256"
  61      5923F990 
  61      BE2315F8 
  61      17FDFFA2 
  61      AE
  62 01e5 168FB43A 		.ascii	"\026\217\264:\374\256\256\313\2430f\225:K\253\233S\352"
  62      FCAEAECB 
  62      A3306695 
  62      3A4BAB9B 
  62      53EA
  63 01f7 ECA0D7AB 		.ascii	"\354\240\327\253\305\232\377j\366X73\376\322\354\311"
  63      C59AFF6A 
  63      F6583733 
  63      FED2ECC9 
  64 0207 8F66F341 		.ascii	"\217f\363A\263\015\244\012_t+\375\203\3642O\376P\030"
  64      B30DA40A 
  64      5F742BFD 
  64      83F4324F 
  64      FE5018
  65 021a DF188BB9 		.ascii	"\337\030\213\271\301\223\350t\217\037;\341\266':Nv\272"
  65      C193E874 
  65      8F1F3BE1 
  65      B6273A4E 
  65      76BA
  66 022c 2D89B6B6 		.ascii	"-\211\266\266D\334=t\264\371p\363)7\336\325\332\022"
  66      44DC3D74 
  66      B4F970F3 
ARM GAS  /var/folders/qd/4mxf5pkd0zdf0b9dd1hp39180000gn/T//ccPJ4kwf.s 			page 5


  66      2937DED5 
  66      DA12
  67 023e 6B11889B 		.ascii	"k\021\210\233\355\035\255\211o\247\372\031\260"
  67      ED1DAD89 
  67      6FA7FA19 
  67      B0
  68              		.text
  69              		.section	.gnu.lto_nvicDisableVector.32d8ca2e6fb16ea3,"",%progbits
  70 0000 789C9552 		.ascii	"x\234\225RKkSQ\020\236\357\314}\244M\233\265`\320.\204"
  70      4B6B5351 
  70      109EEFCC 
  70      7DA44D9B 
  70      B560D02E 
  71 0015 520AB9E4 		.ascii	"R\012\271\344'\210\340\256\033\377\201d\243`\023i\245"
  71      2788E0AE 
  71      1BFF8164 
  71      A3601369 
  71      A5
  72 0026 B8EB49D2 		.ascii	"\270\353I\322&\255fQh\033%\\\344\026#\342BkI\253\246"
  72      26AD6651 
  72      681B255C 
  72      E41623E2 
  72      426B49AB 
  73 003b BEAE292E 		.ascii	"\276\256).\304\027\026\361\007\330\342\023\212\026\027"
  73      C41716F1 
  73      07D8E213 
  73      8A1617
  74 004a 2EFA70CE 		.ascii	".\372p\316\275\012\202+\207{\316\235\2313\337|sf\216"
  74      BD0A822B 
  74      877BCE9D 
  74      9933DF7C 
  74      73668E
  75 005d 4344238A 		.ascii	"CD#\212\310\223\377AY`\202\232yETL(\300(:\001\032W\030"
  75      C893FF41 
  75      5960829A 
  75      7945544C 
  75      28C0283A 
  76 0075 478DE718 		.ascii	"G\215\347\030\235\352\207\266\032\270\256E\302K\015"
  76      9DEA87B6 
  76      1AB8AE45 
  76      C24B0D
  77 0084 A7A2270F 		.ascii	"\247\242'\017\370LT\227e\004-\014H\324\233\211\333>"
  77      F84C5497 
  77      65042D0C 
  77      48D49B89 
  77      DB3E
  78 0096 5F649F01 		.ascii	"_d\237\001K\314\357/\033\033)c*\364\211\271\253\347"
  78      4BCCEF2F 
  78      1B1B2963 
  78      2AF489B9 
  78      ABE7
  79 00a8 EA29CE80 		.ascii	"\352)\316\200D\337|~u\306\355\277\246uI\207/\232\254"
  79      44DF7C7E 
  79      75C6EDBF 
  79      A6754987 
  79      2F9AAC
  80 00bb 8FF8CCB8 		.ascii	"\217\370\314\270\003\226\204XA\032\313H\223\270\010"
ARM GAS  /var/folders/qd/4mxf5pkd0zdf0b9dd1hp39180000gn/T//ccPJ4kwf.s 			page 6


  80      03968458 
  80      411ACB48 
  80      93B808
  81 00ca 77D16FE2 		.ascii	"w\321o\342\337/\355\315\367:VL\210{p\010\242,\256\333"
  81      DF2FEDCD 
  81      F73A564C 
  81      887B7008 
  81      A22CAEDB 
  82 00de A1DEDBAF 		.ascii	"\241\336\333\257\352p\263\211\326\361.\010\306R\262"
  82      EA70B389 
  82      D6F12E08 
  82      C652B2
  83 00ed D96C34CB 		.ascii	"\331l4\313l6\242\0344%H\271\227\016i\232\225\321\312"
  83      6C36A21C 
  83      342548B9 
  83      970E699A 
  83      95D1CA
  84 0100 217D4179 		.ascii	"!}Ay\247\262\273\024(\223\261\301h\260-\\\263\315[\355"
  84      A7B2BB14 
  84      2893B1C1 
  84      68B02D5C 
  84      B3CD5BED 
  85 0114 5E53B685 		.ascii	"^S\266\205\303hK!\022\366\255r\303\215\203\024\006\323"
  85      C3684B21 
  85      12F6AD72 
  85      C38D8314 
  85      06D3
  86 0126 126A9CDB 		.ascii	"\022j\234\333\225i;vr\214|\326\\\335\3511H\0336V#di"
  86      95693B76 
  86      728C7CD6 
  86      5CDDE931 
  86      481B3656 
  87 013d BBFA0769 		.ascii	"\273\372\007i\011X<\235\267\027>G0\001\324';\257]\003"
  87      09583C9D 
  87      B7173E47 
  87      3001D427 
  87      3BAF5D03 
  88 0151 70A2AE2C 		.ascii	"p\242\256,/l\375\354\211M\335)\353\224\270Z_g7\334\000"
  88      2F6CFDEC 
  88      894DDD29 
  88      EB94B85A 
  88      5F6737DC 
  89 0166 578AD2F9 		.ascii	"W\212\322\371\340\220\317.\036H{\356Kn\003xZ+.t{7\365"
  89      E090CF2E 
  89      1E487BEE 
  89      4B6E0378 
  89      5A2B2E74 
  90 017d 4451F7F9 		.ascii	"DQ\367\371\234\300C\004\230\217f\"\207\357\326WZ\251"
  90      9CC04304 
  90      988F6622 
  90      87EFD657 
  90      5AA9
  91 018f ECA2390C 		.ascii	"\354\2429\014\306|\356\302#xRj4\257\307\310JA\246\232"
  91      C67CEEC2 
  91      2378526A 
  91      34AFC7C8 
  91      4A41A69A 
ARM GAS  /var/folders/qd/4mxf5pkd0zdf0b9dd1hp39180000gn/T//ccPJ4kwf.s 			page 7


  92 01a3 1F9F2EAF 		.ascii	"\037\237.\257%\177\227\363?d\335\010#2\374K\226\367"
  92      257F97F3 
  92      3F64DD08 
  92      2332FC4B 
  92      96F7
  93 01b5 39892786 		.ascii	"9\211'\206\314\216\310:\310\376}\327$\010k\222s\013"
  93      CC8EC83A 
  93      C8FE7DD7 
  93      24086B92 
  93      730B
  94 01c7 A5E0630D 		.ascii	"\245\340c\015\3214\215LI.\231\213\274\312\301L\306\213"
  94      D1348D4C 
  94      492E998B 
  94      BCCAC14C 
  94      C68B
  95 01d9 BFC2A877 		.ascii	"\277\302\250w\352\344\031\357la\344\334\250\227+\014"
  95      EAE419EF 
  95      6C61E4DC 
  95      A8972B0C 
  96 01e9 0F17F2DE 		.ascii	"\017\027\362\336\321\023C\307\206\316{\371\261\323\271"
  96      D11343C7 
  96      86CE7BF9 
  96      B1D3B9
  97 01f8 4C8E90FF 		.ascii	"L\216\220\377\005D\312\324\370"
  97      0544CAD4 
  97      F8
  98              		.text
  99              		.section	.gnu.lto_nvicSetSystemHandlerPriority.32d8ca2e6fb16ea3,"",%progbits
 100 0000 789C6D51 		.ascii	"x\234mQ\315KTQ\024?\277{\336{\363\012\262\255\224\013"
 100      CD4B5451 
 100      143FBF7B 
 100      DE7BF30A 
 100      B2AD940B 
 101 0014 17C120C1 		.ascii	"\027\301 \301<\334\264h\027m\332\270\361?\220IP\320"
 101      3CDCB468 
 101      176DDAB8 
 101      F13F9049 
 101      50D0
 102 0026 79328AB4 		.ascii	"y2\212\264\363\316\214:f\005\242\243\306\360\210\267"
 102      F3CE8C3A 
 102      6605A2A3 
 102      C6F088B7 
 103 0036 1195080B 		.ascii	"\021\225\010\013\263\032\035\3551\2536}8D\220\320\242"
 103      B31A1DED 
 103      31AB367D 
 103      384490D0 
 103      A2
 104 0047 0F14268A 		.ascii	"\017\024&\212>\\\264\262\316}N\320\242\313\3758_\277"
 104      3E5CB4B2 
 104      CE7D4ED0 
 104      A2CBFD38 
 104      5FBF
 105 0059 737FE71C 		.ascii	"s\177\347\034\207\210~\202\350\242\274g\345\200\011"
 105      87887E82 
 105      E8A2BC67 
 105      E58009
 106 0068 6AE60551 		.ascii	"j\346\005Q\316U\200\021\264\013\032S\030\303M.1j\305"
ARM GAS  /var/folders/qd/4mxf5pkd0zdf0b9dd1hp39180000gn/T//ccPJ4kwf.s 			page 8


 106      CE558011 
 106      B40B1A53 
 106      18C34D2E 
 106      316AC5
 107 007b FD8AEA58 		.ascii	"\375\212\352X\326\262\242\305\2723\251'Z\003&Z\220c"
 107      D6B2A2C5 
 107      BA33A927 
 107      5A03265A 
 107      9063
 108 008d 16D6D121 		.ascii	"\026\326\321!Q\273\343\367\003\276\301\001\003\226\250"
 108      51BBE3F7 
 108      03BEC101 
 108      0396A8
 109 009c DF9F973F 		.ascii	"\337\237\227?\266\030U\241]\324\302\334N\325\345\024"
 109      B61855A1 
 109      5DD4C2DC 
 109      4ED5E514 
 110 00ac 48E4FAFA 		.ascii	"H\344\372\372\355+\311%\255\363:\372\264\304\372\\\300"
 110      ED2BC925 
 110      ADF33AFA 
 110      B4C4FA5C 
 110      C0
 111 00bd 8C4760C9 		.ascii	"\214G`\311\207\015\264\341!\332HL\204\307HJ\364\335"
 111      870DB4E1 
 111      21DA484C 
 111      84C7484A 
 111      F4DD
 112 00cf FCC117E6 		.ascii	"\374\301\027\346\0131\362\303\263\367%\273\011=\\nB"
 112      0B31F2C3 
 112      B3F725BB 
 112      093D5C6E 
 112      42
 113 00e0 9FFC075A 		.ascii	"\237\374\007ZA2\216\177p4\177\312\261\302\277l\261\011"
 113      41328E7F 
 113      70347FCA 
 113      B1C2BF6C 
 113      B109
 114 00f2 87A4725A 		.ascii	"\207\244rZ\253\333\221>\372]\024\006\255{\237\335\004"
 114      ABDB913E 
 114      FA5D1406 
 114      AD7B9FDD 
 114      04
 115 0103 04662973 		.ascii	"\004f)s\011}\001\3330\277\023M\011J\032\242#\272\316"
 115      097D01DB 
 115      30BF134D 
 115      094A1AA2 
 115      23BACE
 116 0116 CA488588 		.ascii	"\312H\205\210\032\310\377(\276\333\250\302d+3\312\362"
 116      1AC8FF28 
 116      BEDBA8C2 
 116      642B33CA 
 116      F2
 117 0127 6103856F 		.ascii	"a\003\205o\223M\203\022\333\277\375\260aaK\2105P{=\375"
 117      934D8312 
 117      DBBFFDB0 
 117      61614B88 
 117      35507B3D 
ARM GAS  /var/folders/qd/4mxf5pkd0zdf0b9dd1hp39180000gn/T//ccPJ4kwf.s 			page 9


 118 013c D63641E2 		.ascii	"\3266A\342^\230\250\275L\030\267\023W\226\253TK\366"
 118      5E98A8BD 
 118      4C18B713 
 118      5796AB54 
 118      4BF6
 119 014e B1AAF70A 		.ascii	"\261\252\367\012\272EL\215\335\303Wv\210;9\351{x&\340"
 119      BA454C8D 
 119      DDC35776 
 119      883B39E9 
 119      7B7826E0 
 120 0162 04B6A5C4 		.ascii	"\004\266\245\304\252d2\200\331\351\325\325\223\336="
 120      AA643280 
 120      D9E9D5D5 
 120      93DE3D
 121 0171 3D9ED3ED 		.ascii	"=\236\323\355\001\273\330A\210\371x\"\342|\263\362k"
 121      01BBD841 
 121      88F97822 
 121      E27CB3F2 
 121      6B
 122 0182 F174E79A 		.ascii	"\361t\347\232q\206\231\200O\340)\2742\333\361\264\""
 122      71869980 
 122      4FE029BC 
 122      32DBF1B4 
 122      22
 123 0193 740A47FA 		.ascii	"t\012G\372\212|\270u+\246\034Oq\212a\352SD\347S)\357"
 123      8A7CB875 
 123      2BA61C4F 
 123      718A61EA 
 123      5344E753 
 124 01a9 78FBC35E 		.ascii	"x\373\303^_\317\2007\344gG\206\275\264?8\350g\274K\335"
 124      5FCF8037 
 124      E4674786 
 124      BDB43F38 
 124      E867BC4B 
 125 01be 5D97BBAE 		.ascii	"]\227\273\256y\231\321\376t*M\211\276\236\314\325\201"
 125      7999D1FE 
 125      742A4D89 
 125      BE9ECCD5 
 125      81
 126 01cf DEAC3594 		.ascii	"\336\2545\224\355\367\377\000%\355\2619"
 126      EDF7FF00 
 126      25EDB139 
 127              		.text
 128              		.section	.gnu.lto_nvicClearPending.32d8ca2e6fb16ea3,"",%progbits
 129 0000 789C3551 		.ascii	"x\2345Q\317KTQ\024>\337=\357\307\024:\353\240\241\\"
 129      CF4B5451 
 129      143EDF3D 
 129      EFC7143A 
 129      EBA0A15C 
 130 0014 0422C25C 		.ascii	"\004\"\302\\\374\023\302E+7\375\0071\033\203\234\211"
 130      FC13C245 
 130      2B37FD07 
 130      311B839C 
 130      89
 131 0025 0C69E79D 		.ascii	"\014i\347\235\031\235\321\2240\324\011\206\207<q\"Z"
 131      199DD194 
 131      30D40986 
ARM GAS  /var/folders/qd/4mxf5pkd0zdf0b9dd1hp39180000gn/T//ccPJ4kwf.s 			page 10


 131      873C7122 
 131      5A
 132 0036 94C56836 		.ascii	"\224\305h6\366\3531\344B\242\"\211V\2552\004\013$\005"
 132      F6EB31E4 
 132      42A22289 
 132      56AD3204 
 132      0B2405
 133 0049 2142AD73 		.ascii	"!B\255s\337\243\303\375q\316\271\347;\367\273\337\365"
 133      DFA3C3FD 
 133      71CEB9E7 
 133      3BF7BBDF 
 133      F5
 134 005a 88E81044 		.ascii	"\210\350\020DZ\366\2632\301\0045\363\201\250\230R\200"
 134      5AF6B332 
 134      C10435F3 
 134      81A89852 
 134      80
 135 006b 754C0A34 		.ascii	"uL\0124\2520\212i\236c\264\253;-\325\363\300\210E\367"
 135      AA308A69 
 135      9E63B4AB 
 135      3B2DD5F3 
 135      C08845F7 
 136 007f FE781533 		.ascii	"\376x\0253~&`\242\232Lkh\242G\252>\215=\011x\212\003"
 136      7E2660A2 
 136      9A4C6B68 
 136      A247AA3E 
 136      8D3D0978 
 137 0095 061C09F7 		.ascii	"\006\034\011\367\337\327\267\3236T\350\222\360\330\314"
 137      DFD7B7D3 
 137      3654E892 
 137      F0D8CC
 138 00a4 D5D29C05 		.ascii	"\325\322\234\005\211\377\375\335\322\214\337}\337\230"
 138      89FFFDDD 
 138      D28CDF7D 
 138      DF98
 139 00b2 9289DE36 		.ascii	"\222\211\3366\330\\\010\230\361\014,\015\261\212\014"
 139      D85C0898 
 139      F10C2C0D 
 139      B18A0C
 140 00c1 56902149 		.ascii	"V\220!I\021\326\320m\353\277==\231\357\364\234\344B"
 140      11D6D06D 
 140      EBBF3D3D 
 140      99EFF49C 
 140      E442
 141 00d3 3C874742 		.ascii	"<\207GB\236\226\267\334\310\234\374\255\232\350k\003"
 141      9E96B7DC 
 141      C89CFCAD 
 141      9AE86B03 
 142 00e3 772F09E3 		.ascii	"w/\011\343\200\035%\213\313\326s\354\342\"\356A\023"
 142      801D258B 
 142      CBD673EC 
 142      E222EE41 
 142      13
 143 00f4 82947799 		.ascii	"\202\224w\231\210&YY\257\034\321\017\224\217*\307k\241"
 143      88265959 
 143      AF1CD10F 
 143      948F2AC7 
ARM GAS  /var/folders/qd/4mxf5pkd0zdf0b9dd1hp39180000gn/T//ccPJ4kwf.s 			page 11


 143      6BA1
 144 0106 B21DEB8C 		.ascii	"\262\035\353\214:\273r\327l\343q\253\323\322vp\036-"
 144      3ABB72D7 
 144      6CE371AB 
 144      D3D27670 
 144      1E2D
 145 0118 212265BF 		.ascii	"!\"e\277*\017\375\244H\2417#\2456yP\231t\223$'\310\315"
 145      2A0FFDA4 
 145      48A13723 
 145      A5367950 
 145      99749324 
 146 012f C6FA5187 		.ascii	"\306\372Q\207E\272p\261\036#K\007\325\377HG\300\222"
 146      45BA70B1 
 146      1E234B07 
 146      D5FF4847 
 146      C092
 147 0141 697FBEBD 		.ascii	"i\177\276\275\033\303\004P\033o\177\364-\300\213UYY"
 147      1BC30450 
 147      1B6F7FF4 
 147      2DC08B55 
 147      5959
 148 0153 DCFBDD91 		.ascii	"\334\373\335\221\204\246]6iI5\177\316n\373!\026\212"
 148      84A65D36 
 148      6949357F 
 148      CE6EFB21 
 148      168A
 149 0165 A27C782E 		.ascii	"\242|x.`\037/E\236\027\322\333\0026\246\213\213\247"
 149      601F2F45 
 149      9E17D2DB 
 149      0236A68B 
 149      8BA7
 150 0177 F5233356 		.ascii	"\365#3V4]\001\247\360\012!\346\343?\221\303/[\253\315"
 150      345D01A7 
 150      F00A21E6 
 150      E33F91C3 
 150      2F5BABCD 
 151 018b 74DFB23D 		.ascii	"t\337\262=\014G\002>\205\327\320B5\376\2577\350\023"
 151      0C47023E 
 151      85D7D042 
 151      35FEAF37 
 151      E813
 152 019d 42B48752 		.ascii	"B\264\207R\270t\007\261\240\326&\344a\"\215\"\352\315"
 152      B87407B1 
 152      A0D626E4 
 152      61228D22 
 152      EACD
 153 01af 6675320A 		.ascii	"fu2\012\303z\360\3125}\275p\343\346\260\316\025\206"
 153      C37AF0CA 
 153      357DBD70 
 153      E3E6B0CE 
 153      1586
 154 01c1 860A797D 		.ascii	"\206\012y}\361\362@\377\300-\235\037\271\232\313\346"
 154      F1F240FF 
 154      C02D9D1F 
 154      B99ACBE6 
 155 01d1 08F97F0B 		.ascii	"\010\371\177\013\343\254\267"
 155      E3ACB7
ARM GAS  /var/folders/qd/4mxf5pkd0zdf0b9dd1hp39180000gn/T//ccPJ4kwf.s 			page 12


 156              		.text
 157              		.section	.gnu.lto_.symbol_nodes.32d8ca2e6fb16ea3,"",%progbits
 158 0000 789C6363 		.ascii	"x\234cc``\360\002b\006\246&\306z\006\206\011\347\030"
 158      6060F002 
 158      6206A626 
 158      C67A0686 
 158      09E718
 159 0013 1880D4AE 		.ascii	"\030\200\324\256\006G\240H3c=#\252H\013c=\023\252H+"
 159      0647A048 
 159      33633D23 
 159      AA480B63 
 159      3D13AA48 
 160 0028 633D338A 		.ascii	"c=3\212\010\003\000\253v\021\315"
 160      080300AB 
 160      7611CD
 161              		.text
 162              		.section	.gnu.lto_.refs.32d8ca2e6fb16ea3,"",%progbits
 163 0000 789C6363 		.ascii	"x\234cc```\004b\006\000\000D\000\010"
 163      60606004 
 163      62060000 
 163      440008
 164              		.text
 165              		.section	.gnu.lto_.decls.32d8ca2e6fb16ea3,"",%progbits
 166 0000 789CC559 		.ascii	"x\234\305YkTT\327\025\236s\317\000\303\333\"\253\261"
 166      6B5454D7 
 166      159E73CF 
 166      00C3DB22 
 166      ABB1
 167 0012 295D4D5D 		.ascii	")]M]f\205\266\201Qc\223\374jCF\254\3740e\015\306\325"
 167      6685B681 
 167      516393FC 
 167      6A4346AC 
 167      FC30650D 
 168 0028 24AB9910 		.ascii	"$\253\231\020\234DR^\005\354\212\277z\021\214(j@\010"
 168      9C44525E 
 168      05EC8ABF 
 168      7A118C28 
 168      6A4008
 169 003b 2A6278FA 		.ascii	"*bx\372\004\025\"\202\200(\240<\004A\003\242\"\217A"
 169      04152282 
 169      8028A03C 
 169      044103A2 
 169      228F41
 170 004e 044444E4 		.ascii	"\004DD\344\241\"\210\322}\036\227\271\\\030\233\037"
 170      A12288D2 
 170      7D1E97B9 
 170      5C189B1F 
 171 005e 5DED5DEE 		.ascii	"]\355]\356\271\263\317\371\316>\337\331\373\234}\366"
 171      B9B3CFF9 
 171      CE3EDFD9 
 171      FB9C7DF6 
 172 006e A0B54AA5 		.ascii	"\240\265J\245\362\377\205J\345\210U\252t\244RM\303c"
 172      F2FF854A 
 172      E58855AA 
 172      74A4524D 
 172      C363
 173 0080 056D1520 		.ascii	"\005m\025 \240\252\312T\354Q\203\324\200\324\2034\200"
ARM GAS  /var/folders/qd/4mxf5pkd0zdf0b9dd1hp39180000gn/T//ccPJ4kwf.s 			page 13


 173      A0AACA54 
 173      EC5183D4 
 173      80D48334 
 173      80
 174 0091 5C51CD7D 		.ascii	"\\Q\315}\276\205\001N\360\376\014\304\005\304\225\217"
 174      BE85014E 
 174      F0FE0CC4 
 174      05C4958F 
 175 00a1 77037903 		.ascii	"w\003y\003\344c\220\217@~\003\270_\203\364\303\367\273"
 175      E463908F 
 175      407E03B8 
 175      5F83F4C3 
 175      F7BB
 176 00b3 204F41C6 		.ascii	" OA\306A\200\202j\001\264\273\2018#6\177\315<\363\354"
 176      4180826A 
 176      01B4BB81 
 176      3823367F 
 176      CD3CF3EC 
 177 00c7 810E8779 		.ascii	"\201\016\207y\346\221\346\220\354Kv\245y\004\220\205"
 177      E691E690 
 177      EC4B76A5 
 177      79049085 
 178 00d7 88CD81F8 		.ascii	"\210\315\201\370Z\224\317~\350\260\263\260\006\302="
 178      5A94CF7E 
 178      E8B0B3B0 
 178      06C23D
 179 00e6 1CFAC340 		.ascii	"\034\372\303@>@\314&\261\363\021\267\327\300\365(4\333"
 179      3E40CC26 
 179      B1F311B7 
 179      D7C0F528 
 179      34DB
 180 00f8 669A059B 		.ascii	"f\232\005\233\226\370\222\341n\334\346|~N\302\250\243"
 180      96F892E1 
 180      6EDCE67C 
 180      7E4EC2A8 
 180      A3
 181 0109 F6680E8E 		.ascii	"\366h\016\216\303\350\015;D\"\346\014M'\007\213'\034"
 181      C3E80D3B 
 181      4422E60C 
 181      4D27078B 
 181      271C
 182 011b 59134134 		.ascii	"Y\023A4U$9b\201~\355\312\215\351\265\365\314\025\331"
 182      55243962 
 182      817EEDCA 
 182      8DE9B5F5 
 182      CC15D9
 183 012e A3F99B0A 		.ascii	"\243\371\233\012\235FX\262\324\364\355h\266\015~\233"
 183      9D4658B2 
 183      D4F4ED68 
 183      B60D7E9B 
 184 013e 027F8CC9 		.ascii	"\002\177\214\311K%V]\354\220\032\324\221\206\224;N\240"
 184      4B25565D 
 184      EC901AD4 
 184      9186943B 
 184      4EA0
 185 0150 BADAA1D7 		.ascii	"\272\332\241\327\222\260`j}\326\356\204\354\334cEq\263"
 185      92B0606A 
ARM GAS  /var/folders/qd/4mxf5pkd0zdf0b9dd1hp39180000gn/T//ccPJ4kwf.s 			page 14


 185      7DD6EE84 
 185      ECDC6345 
 185      71B3
 186 0162 981E2DDA 		.ascii	"\230\036-\332\256V\241b\344\206\316 7\025*E\356d\346"
 186      AE56A162 
 186      E486CE20 
 186      37152A45 
 186      EE64E6
 187 0175 42E4A942 		.ascii	"B\344\251B\005\320x\012\032\017\221\351\312\257\354"
 187      05D0780A 
 187      1A0F91E9 
 187      CAAFEC
 188 0184 FDE3BE51 		.ascii	"\375\343\276QQ|\015\225 ;T\2040\305\300\342\336\260"
 188      517C0D95 
 188      203B5484 
 188      30C5C0E2 
 188      DEB0
 189 0196 63048E66 		.ascii	"c\004\216f'dZ\343\026D\030\010\245\373{\253\004Ks\234"
 189      27645AE3 
 189      16441808 
 189      A5FB7BAB 
 189      044B739C 
 190 01aa B338C778 		.ascii	"\2638\307x\351\342\352-\242(\2402\230\343\254y\016\230"
 190      E9E2EA2D 
 190      A228A032 
 190      98E3AC79 
 190      0E98
 191 01bc 92BCA015 		.ascii	"\222\274\240\025&*\251(;ooB\035\010\366\001Z@\327\217"
 191      262AA928 
 191      3B6F6F42 
 191      1D08F601 
 191      5A40D78F 
 192 01d0 10FB8437 		.ascii	"\020\373\2047\021\252OK\017b\355\320*\260\027\207\022"
 192      11AA4F4B 
 192      0F62EDD0 
 192      2AB01787 
 192      12
 193 01e1 451A8266 		.ascii	"E\032\202fZ\004nC\220\354\322\177\334\000\222[e\375"
 193      5A046E43 
 193      90ECD27F 
 193      DC00925B 
 193      65FD
 194 01f3 6C3AE961 		.ascii	"l:\351aQg_d\343X\223`\236L6d\016W\325L\367\014)\363"
 194      51675F64 
 194      E3589360 
 194      9E4C3664 
 194      0E57D54C 
 195 020b 22110F77 		.ascii	"\"\021\017w\313\340\216\023\016]\250\023za;\307k\202"
 195      CBE08E13 
 195      0E5DA813 
 195      7A613BC7 
 195      6B82
 196 021d 69E0F75F 		.ascii	"i\340\367_\353\316\022\360]\266]j\216\234\256@j\201"
 196      EBCE12F0 
 196      5DB65D6A 
 196      8E9CAE40 
 196      6A81
ARM GAS  /var/folders/qd/4mxf5pkd0zdf0b9dd1hp39180000gn/T//ccPJ4kwf.s 			page 15


 197 022f F90D85A8 		.ascii	"\371\015\205\250I[\375\370\341\363\352\231\266JD\033"
 197      495BFDF8 
 197      E1F3EA99 
 197      B64A441B 
 198 023f ABA6C7CB 		.ascii	"\253\246\307\313\235\331v\021\310N\032\276|\300\236"
 198      9DD97611 
 198      C84E1ABE 
 198      7CC09E
 199 024e 6D970564 		.ascii	"m\227\005d\367\234\353L\026\026%\223\370\304G\213\013"
 199      F79CEB4C 
 199      16162593 
 199      F8C4478B 
 199      0B
 200 025f 04F4D9CF 		.ascii	"\004\364\331\317Q\025D\355\"DM\205\252\321\"\370\274"
 200      511544ED 
 200      22444D85 
 200      AAD122F8 
 200      BC
 201 0270 80D48C56 		.ascii	"\200\324\214V~\334\363\255\232\305\351bz\227X^cZr\267"
 201      7EDCF3AD 
 201      9AC5E962 
 201      7A97585E 
 201      635A72B7 
 202 0284 4014219E 		.ascii	"@\024!\236\242\232\340P\2059\240\025d\343\242r\324\205"
 202      A29AE050 
 202      8539A015 
 202      64E3A272 
 202      D485
 203 0296 D0796482 		.ascii	"\320yd\202E\324\240\305dU\235e\303\030gc\213\374\367"
 203      45D4A0C5 
 203      64559D65 
 203      C3186763 
 203      8BFCF7
 204 02a9 34679638 		.ascii	"4g\2268Z$SG\311\\\222\310L\267V\364;q2\003\213R\304"
 204      5A245347 
 204      C95C92C8 
 204      4CB756F4 
 204      3B713203 
 205 02c0 F2CD22D9 		.ascii	"\362\315\"\331[\200B\265f*\265J*\365\224J\376\323\373"
 205      5B8042B5 
 205      662AB54A 
 205      2AF5944A 
 205      FED3FB
 206 02d3 D1181732 		.ascii	"\321\030\0272*\2111\011I\266\334R\335\2533\226\310\242"
 206      2A893109 
 206      49B6DC52 
 206      DDAB3396 
 206      C8A2
 207 02e5 2E9B2D5D 		.ascii	".\233-]VZj\240\226\312\016\357\361\301\315\314\320\310"
 207      565A6AA0 
 207      96CA0EEF 
 207      F1C1CDCC 
 207      D0C8
 208 02f7 D9A8BF4A 		.ascii	"\331\250\277J\214~9\213Q\243\331N\243\322\316\025j'"
 208      8C7E398B 
 208      51A3D94E 
 208      A3D2CE15 
ARM GAS  /var/folders/qd/4mxf5pkd0zdf0b9dd1hp39180000gn/T//ccPJ4kwf.s 			page 16


 208      6A27
 209 0309 B725ADD4 		.ascii	"\267%\255\324\201\205It#\266*\266\026p}\330\006\364"
 209      81854974 
 209      23B62AB6 
 209      16707DD8 
 209      06F4
 210 031b A4E3778A 		.ascii	"\244\343w\212\020\323\343]A\357o9\234\342\310\342(f"
 210      10D3E35D 
 210      41EF6F39 
 210      9CE2C8E2 
 210      2866
 211 032d 20683830 		.ascii	" h805\025\243\306=\214\311\355\353/\352y\216\210\266"
 211      3515A3C6 
 211      3D8CC9ED 
 211      EB2FEA79 
 211      8E88B6
 212 0340 223BA3B7 		.ascii	"\";\243\267\375;G\273X\342Yz^I\207tbU\350:9\200H\353"
 212      FD3B47BB 
 212      58E2597A 
 212      5E498774 
 212      6255E83A 
 213 0358 865A4005 		.ascii	"\206Z@\005tNr\346i\354\022O\343 \212\357\251i\210\232"
 213      744E72E6 
 213      69EC124F 
 213      E3208AEF 
 213      A969889A 
 214 036c 01DE44E1 		.ascii	"\001\336D\3417\220\2134\210\240{\016\366\244\333r\346"
 214      37908B34 
 214      88A07B0E 
 214      F6A4DB72 
 214      E6
 215 037d D6A07F93 		.ascii	"\326\240\177\223\320\235\345\304\231\023bW\023v$\252"
 215      D09DE5C4 
 215      99136257 
 215      137624AA 
 216 038d 39539202 		.ascii	"9S\222\002w\335H\370\023\036b<o\346'\346Y1\354C\202"
 216      77DD48F8 
 216      131E623C 
 216      6FE627E6 
 216      5931EC43 
 217 03a2 2D49B99E 		.ascii	"-I\271\236bo\221g\207\304\263\235\361<\271\245\347\250"
 217      626F9167 
 217      87C4B39D 
 217      F13CB9A5 
 217      E7A8
 218 03b4 0646BB41 		.ascii	"\006F\273A~E\262\344\352\306\222kA\371\330q5\036\241"
 218      7E45B2E4 
 218      EAC6926B 
 218      41F9D871 
 218      351EA1
 219 03c7 3309F9C7 		.ascii	"3\011\371\307{\276B\356vR\266\363\334\262\225\304\246"
 219      7BBE42EE 
 219      7652B6F3 
 219      DCB295C4 
 219      A6
 220 03d8 1B16D665 		.ascii	"\033\026\326e\216\215\033Y\022\315jb\226\210\027\251"
 220      8E8D1B59 
ARM GAS  /var/folders/qd/4mxf5pkd0zdf0b9dd1hp39180000gn/T//ccPJ4kwf.s 			page 17


 220      12CD6A62 
 220      968817A9 
 221 03e8 D05B6E68 		.ascii	"\320[nh)\344\264\333\220\323\334xN3\001\235N6\377\321"
 221      29E4B4DB 
 221      90D3DC78 
 221      4E33019D 
 221      4E36FFD1 
 222 03fc B423171D 		.ascii	"\264#\027\035\36136A\347\361\207\215xf\006\310u\247"
 222      F1333641 
 222      E7F1878D 
 222      786606C8 
 222      75A7
 223 040e 68AEEB85 		.ascii	"h\256\353\205\031\356\230g\350F\026\246\350\231\177"
 223      19EE9867 
 223      E84616A6 
 223      E8997F
 224 041d 8A165372 		.ascii	"\212\026Sr\233\2759\024\210\332\273\005\375\255\324"
 224      9BBD3914 
 224      88DABB05 
 224      FDADD4
 225 042c 237D3414 		.ascii	"#}4\024\035R(6_\334v\037\021\367E\3774\353{\253&\036"
 225      1D522836 
 225      5FDC761F 
 225      11F745FF 
 225      34EB7BAB 
 226 0442 AAE5D6EF 		.ascii	"\252\345\326\357\276\314z\241)i\033\337\222\351\344"
 226      BECC7AA1 
 226      29691BDF 
 226      92E9E4
 227 0451 E629E918 		.ascii	"\346)\351\030)\267gz\027q\377\304\340\336\026\015\017"
 227      29B7677A 
 227      1771FFC4 
 227      E0DE160D 
 227      0F
 228 0462 B413E817 		.ascii	"\264\023\350\027\306RG\034p\264\232\006\243\262\255"
 228      C652471C 
 228      70B49A06 
 228      A3B2AD
 229 0471 2C9647FA 		.ascii	",\226G\372\035P/\357*\356\265\274!\207\244@?`<_\244"
 229      1D502FEF 
 229      2AEEB5BC 
 229      2187A440 
 229      3F603C5F 
 230 0486 A75E1794 		.ascii	"\247^\027\224\033\362>\300\007(\374!\3459$\361\334\363"
 230      1BF23EC0 
 230      0728FC21 
 230      E53924F1 
 230      DCF3
 231 0498 60E255BE 		.ascii	"`\342U\276\037\345\027\244\013\275 \321\211\376\363"
 231      1FE517A4 
 231      0BBD20D1 
 231      89FEF3
 232 04a7 A9769C25 		.ascii	"\251v\234%I\210\027\232\367\347\330\340\235\214\345"
 232      4988179A 
 232      F7E7D8E0 
 232      9D8CE5
 233 04b6 A3ED5BC6 		.ascii	"\243\355[\306\371\271!\207\256\247n\364\007'\213,\037"
ARM GAS  /var/folders/qd/4mxf5pkd0zdf0b9dd1hp39180000gn/T//ccPJ4kwf.s 			page 18


 233      F9B92187 
 233      AEA76EF4 
 233      07278B2C 
 233      1F
 234 04c7 4B2C1F31 		.ascii	"K,\0371\226\251\003c\323NJ\226\243\000\037\241\360'"
 234      96A90363 
 234      D34E4A96 
 234      A3001FA1 
 234      F027
 235 04d9 94E56389 		.ascii	"\224\345c\211\345\336\246|o\026\252\237r\203\302\200"
 235      E5DEA67C 
 235      6F16AA9F 
 235      7283C280 
 236 04e9 E6739357 		.ascii	"\346s\223W\234\345\346\307_f~\274\360Y\033_u:&[\243"
 236      9CE5E6C7 
 236      5F667EBC 
 236      F0591B5F 
 236      753A265B 
 237 04fe B435815F 		.ascii	"\2645\201_\003]\362S\353\312OmT\177\336V\214w37\214"
 237      035DF253 
 237      EBCA4F6D 
 237      547FDE56 
 237      8C773337 
 238 0513 EDD9B24D 		.ascii	"\355\331\262M\303\300\257\200\232qrhPc\321\015/$7<g"
 238      C3C0AF80 
 238      9A717268 
 238      5063D10D 
 238      2F24373C 
 239 0528 3C9F579A 		.ascii	"<\237W\2322\235\225nx\006\360I\012\237\246<_H<\013\312"
 239      329D956E 
 239      7806F049 
 239      0A9FA63C 
 239      5F483C0B 
 240 053d 460E4AD9 		.ascii	"F\016J\331\203\360\354\315\351\316\262\303\251\214\307"
 240      83F0ECCD 
 240      E9CEB2C3 
 240      A98CC7
 241 054c B1F2B85A 		.ascii	"\261\362\270Z\036\216t\022\253\351\375\303\007\034p"
 241      1E8E7412 
 241      ABE9FDC3 
 241      071C70
 242 055b 06EB9402 		.ascii	"\006\353\224\002\351\302\003y\345^a\276\200sX\347sS"
 242      E9C20379 
 242      E55E61BE 
 242      807358E7 
 242      7353
 243 056d 7CBC0D1F 		.ascii	"|\274\015\037I\366\246\251\265%\337\001\347\261\316"
 243      49F6A6A9 
 243      B525DF01 
 243      E7B1CE
 244 057c C2BE4BD5 		.ascii	"\302\276K\325\322H\322\271\355dw\234\025.f\235\267;"
 244      D248D2B9 
 244      ED64779C 
 244      152E669D 
 244      B73B
 245 058e EE6E77C2 		.ascii	"\356nw\302\347\230RS\275\371+\\\313\276\327\337\211"
 245      E7985253 
ARM GAS  /var/folders/qd/4mxf5pkd0zdf0b9dd1hp39180000gn/T//ccPJ4kwf.s 			page 19


 245      BDF92B5C 
 245      CBBED7DF 
 245      89
 246 059f 79930D8A 		.ascii	"y\223\015\212!\011\272*;?\0153\007\246\323\355\177\252"
 246      2109BA2A 
 246      3B3F0D33 
 246      07A6D3ED 
 246      7FAA
 247 05b1 627BB433 		.ascii	"b{\2643n\240`g\323d\264\311\001-a\317\302%\356\364\235"
 247      6EA06067 
 247      D364B4C9 
 247      012D61CF 
 247      C225EEF4 
 248 05c6 29C64489 		.ascii	")\306D\211\3457R\360\261\234:pe%BO\221\013\212\0230"
 248      E53752F0 
 248      B19C3A70 
 248      6525424F 
 248      910B8A13 
 249 05db 4A1616CE 		.ascii	"J\026\026\316\204\022\\\011\016ZFjY6\240\373\023\370"
 249      84125C09 
 249      0E5A466A 
 249      5936A0FB 
 249      13F8
 250 05ed 8882940F 		.ascii	"\210\202\224\017\3406\304\300\322!E7\221\014M2O\035"
 250      E036C4C0 
 250      D2214537 
 250      910C4D32 
 250      4F1D
 251 05ff 41C760E2 		.ascii	"A\307`\342g4\305\321\222\367\321\004R\330n\342hBd\014"
 251      6734C5D1 
 251      92F7D104 
 251      52D86EE2 
 251      6842640C 
 252 0613 29880C2B 		.ascii	")\210\014+\321\335\037\233\321\333\224\264c\005\005"
 252      D1DD1F9B 
 252      D1DB94B4 
 252      630505
 253 0622 93C98FCD 		.ascii	"\223\311\217\315L\242\005\005\223\315rtL\264X>\372I"
 253      4CA20505 
 253      93CD7274 
 253      4CB4583E 
 253      FA49
 254 0634 0A45935D 		.ascii	"\012E\223]\275\213\243g\216\304U3\223\004\276\261D("
 254      BD8BA367 
 254      8EC45533 
 254      9304BEB1 
 254      4428
 255 0646 04D04EC1 		.ascii	"\004\320N\301\015\355\240\226\010\034N\014\332+\270"
 255      0DEDA096 
 255      081C4E0C 
 255      DA2BB8
 256 0655 A36F8525 		.ascii	"\243o\205%(\005$\021d\017\310\001\220$\220T\220\004"
 256      28052411 
 256      640FC801 
 256      90249054 
 256      9004
 257 0667 90DD20FB 		.ascii	"\220\335 \373A\342A\366\201|',\2415\030\243= \243\275"
ARM GAS  /var/folders/qd/4mxf5pkd0zdf0b9dd1hp39180000gn/T//ccPJ4kwf.s 			page 20


 257      41E241F6 
 257      817C272C 
 257      A13518A3 
 257      3D20A3BD 
 258 067b 5549FB1B 		.ascii	"UI\373\0333m\226\350\253o\271D\001\027\202R\361$o65"
 258      336D96E8 
 258      AB6FB944 
 258      01178252 
 258      F1246F36 
 259 0690 D4E6B25B 		.ascii	"\324\346\262[\024k\227\222+\023]\343\356\225.R\364\243"
 259      146B9792 
 259      2B135DE3 
 259      EE952E52 
 259      F4A3
 260 06a2 3274B764 		.ascii	"2t\267d3oW\316<2\007\315C\007\331\017\015r\333RND\367"
 260      336F57CE 
 260      3C3207CD 
 260      4307D90F 
 260      0D72DB52 
 261 06b9 94A1AB94 		.ascii	"\224\241\253\224\005:J\031:QP\240Ge\201\336\242D\307"
 261      053A4A19 
 261      3A5150A0 
 261      476581DE 
 261      A244C7
 262 06cc 98D12437 		.ascii	"\230\321$7_7]Dx\212n{a\363d~\241\025Z\350>o\220\340"
 262      5F375D44 
 262      788A6E7B 
 262      61F3647E 
 262      A1155AE8 
 263 06e4 0CBBFF57 		.ascii	"\014\273\377W\342\304<\377\242M\003\277\223P\032\030"
 263      E2C43CFF 
 263      A24D03BF 
 263      93501A18 
 264 06f4 FC5E98B9 		.ascii	"\374^\230\271`I\034(\257mw'\353\261\303\366\231\237"
 264      60491C28 
 264      AF6D7727 
 264      EBB1C3F6 
 264      999F
 265 0706 281468CE 		.ascii	"(\024h\316Z\031\202\003-\273\341M\252\257\206\232v\236"
 265      5A198203 
 265      2DBBE14D 
 265      AAAF869A 
 265      769E
 266 0718 6862C959 		.ascii	"hb\311Y\236\276\327\232\305\263\3220\255\354\246\016"
 266      9EBED79A 
 266      C5B3D230 
 266      ADECA60E 
 267 0728 1471DD55 		.ascii	"\024q\335U\226]\\yv\031\334\033\027\355l1A\036\022x"
 267      965D5C79 
 267      7619DC1B 
 267      17ED6C31 
 267      411E1278 
 268 073c 823CC312 		.ascii	"\202<\303\022\344\265\216\336d\007e\202<\010N\312\246"
 268      E4B58EDE 
 268      64076582 
 268      3C084ECA 
 268      A6
ARM GAS  /var/folders/qd/4mxf5pkd0zdf0b9dd1hp39180000gn/T//ccPJ4kwf.s 			page 21


 269 074d 8E3D2CB8 		.ascii	"\216=,\270H\203\010\372t\323\215'\266\370\033+\232\203"
 269      488308FA 
 269      74D38D27 
 269      B6F81B2B 
 269      9A83
 270 075f 5A93B70F 		.ascii	"Z\223\267\017ZI\267F\354O\2715\262\373\362\037\332\312"
 270      5A49B746 
 270      EC4FB935 
 270      B2FBF21F 
 270      DACA
 271 0771 273B2ABC 		.ascii	"';*\274d\262\346\276\214\030~\305_U\311~-\270\260_\013"
 271      64B2E6BE 
 271      8C187EC5 
 271      5F55C97E 
 271      2DB8B05F 
 272 0786 52E274E5 		.ascii	"R\342t\345\211\263\264\272\351\022\302q\214[\345h\336"
 272      89B3B4BA 
 272      E912C271 
 272      8C5BE568 
 272      DE
 273 0797 613E9624 		.ascii	"a>\226$\362\256\370\013\323\226}\222'\371\344\244@i"
 273      F2AEF80B 
 273      D3967D92 
 273      27F9E4A4 
 273      4069
 274 07a9 3E8ECF5B 		.ascii	">\216\317[\245t\311q`\231KY\346S\226y\022\313}\007\006"
 274      A574C971 
 274      60994B59 
 274      E6539679 
 274      12CB7D07 
 275 07be 4E08CA35 		.ascii	"N\010\3125YD\307U\235\256\346\261\255%z\337\213S"
 275      5944C755 
 275      9DAEE6B1 
 275      AD257ADF 
 275      8B53
 276 07d0 7536389E 		.ascii	"u68\236\221N\334\375\264N\203\223\230R4\224S\344\310"
 276      914EDCFD 
 276      B44E8393 
 276      98523494 
 276      53E4C8
 277 07e3 90E5444F 		.ascii	"\220\345DO)}T\307k\026\215\254\333\225w\217\345\014"
 277      297D54C7 
 277      6B168DAC 
 277      DB95778F 
 277      E50C
 278 07f5 1FB4C67B 		.ascii	"\037\264\306{\331\330\204\341\321Dk\213\313-\221\226"
 278      D9D884E1 
 278      D1446B8B 
 278      CB2D9196 
 279 0805 BB94AEB6 		.ascii	"\273\224\256\266\350t\326C\215r\271g`\001Et\001\245"
 279      E874D643 
 279      8D72B967 
 279      60014574 
 279      01A5
 280 0817 740125D2 		.ascii	"t\001%\322\002J\243\262[\260r\271\026\321G\372Rw\361"
 280      024AA3B2 
 280      5BB072B9 
ARM GAS  /var/folders/qd/4mxf5pkd0zdf0b9dd1hp39180000gn/T//ccPJ4kwf.s 			page 22


 280      16D147FA 
 280      5277F1
 281 082a 30BC4BCA 		.ascii	"0\274K\312\214\211\214\001G\234\312H>\030\232:\351\204"
 281      8C898C01 
 281      479CCA48 
 281      3E189A3A 
 281      E984
 282 083c 3398525A 		.ascii	"3\230RZt\266\232\257n))\372s+\032\355\361!\3267\025"
 282      74B69AAF 
 282      6E2929FA 
 282      732B1AED 
 282      F121D637 
 283 0851 9F76CA16 		.ascii	"\237v\312\026\3472e\377X\307=\276\371\335I\234\263\276"
 283      E73265FF 
 283      58C73DBE 
 283      F9DD499C 
 283      B3BE
 284 0863 DF6D8BF3 		.ascii	"\337m\213\363Y\337t|\354>\033\\\310\224\244\306\244"
 284      59DF747C 
 284      EC3E1B5C 
 284      C894A4C6 
 284      A4
 285 0874 2C7B5CCA 		.ascii	",{\\\312\224\241\230\336.\276u\026\201\372\254?\251"
 285      94A198DE 
 285      2EBE7516 
 285      81FAAC3F 
 285      A9
 286 0885 95FF7E71 		.ascii	"\225\377~q\220\225#\256\274\0349\361d\327\036{\\\301"
 286      909523AE 
 286      BC1C39F1 
 286      64D71E7B 
 286      5CC1
 287 0897 86DE688D 		.ascii	"\206\336h\215)\346X{P\243s\317\025ZYt\355e\311\265\365"
 287      29E6587B 
 287      50A373CF 
 287      155A5974 
 287      ED65C9B5 
 288 08ac 6C27ED3C 		.ascii	"l'\355<\221}\336ZY1_\002o\325Ro5Po]\226\274\325\330"
 288      917DDE5A 
 288      59315F02 
 288      6FD5526F 
 288      35506F5D 
 289 08c4 1777C55E 		.ascii	"\027w\305^Y\001[D\2275\265\277\207\253\030\311\307\215"
 289      59015B44 
 289      9735B5BF 
 289      87AB18C9 
 289      C78D
 290 08d6 EDB711BE 		.ascii	"\355\267\021\276\304\224\230\372K\207mp\003S\006\217"
 290      C49498FA 
 290      4B876D70 
 290      0353068F 
 291 08e6 36D45AE3 		.ascii	"6\324Z\343f\246\364\364M\236\301\370&S\016\015f\356"
 291      66A6F4F4 
 291      4D9EC1F8 
 291      26530E0D 
 291      66EE
 292 08f8 B4C51D7C 		.ascii	"\264\305\035|L\317P#w\320\016r\230\236\015\027^\223"
ARM GAS  /var/folders/qd/4mxf5pkd0zdf0b9dd1hp39180000gn/T//ccPJ4kwf.s 			page 23


 292      4CCF5023 
 292      77D00E72 
 292      989E0D17 
 292      5E93
 293 090a 5C42B6DB 		.ascii	"\\B\266\333\300\343\336i\015\276C\301\257\3447]N\267"
 293      C0E3DE69 
 293      0DBE43C1 
 293      AFE4375D 
 293      4EB7
 294 091c 45B49630 		.ascii	"E\264\2260?\356\374\235)&A\272\356\354\347\227\315\017"
 294      3FEEFC9D 
 294      292641BA 
 294      EEECE797 
 294      CD0F
 295 092e 820B3A01 		.ascii	"\202\013:\001\031\261\015\022\236t*P\2162\305W\032X"
 295      19B10D12 
 295      9E742A50 
 295      8E32C557 
 295      1A58
 296 0940 55D108E8 		.ascii	"U\321\010\350:\216\226\026\216j\344\350$\270\235\233"
 296      3A8E9616 
 296      8E6AE4E8 
 296      24B89D9B 
 297 0950 36B0DB99 		.ascii	"6\260\333\231l\275\002\216\236I=\247(\272\030\315\271"
 297      6CBD028E 
 297      9E493DA7 
 297      28BA18CD 
 297      B9
 298 0961 9EAF83BD 		.ascii	"\236\257\203\275\026\332\331\306\323\376]H\373\003\220"
 298      16DAD9C6 
 298      D3FE5D48 
 298      FB0390
 299 0970 CA3B41FA 		.ascii	"\312;A\372A\036\200t\201\334\006i\005\271\007r\037\244"
 299      411E8074 
 299      81DC0669 
 299      05B90772 
 299      1FA4
 300 0982 07A40FA4 		.ascii	"\007\244\017\244\027\244\035d\020d\010\304\004r\013"
 300      17A41D64 
 300      106408C4 
 300      04720B
 301 0991 E4264807 		.ascii	"\344&H\007\310\035\220\356\231\353\233\326\021\006s"
 301      C81D90EE 
 301      99EB9BD6 
 301      110673
 302 09a0 1D715EC9 		.ascii	"\035q^\311\264l\326\272HE\263\201]t\307\300\013G8Z\312"
 302      B46CD6BA 
 302      4845B381 
 302      5D74C7C0 
 302      0B47385A 
 303 09b5 8EBC6095 		.ascii	"\216\274`\225\325(\267>5\333nV\332\326\232\235\300|"
 303      D528B73E 
 303      35DB6E56 
 303      DAD69A9D 
 303      C07C
 304 09c7 5627F3D9 		.ascii	"V'\363\331\351\371}&\257\177d\266\257*\321\271J\364"
 304      E9F97D26 
ARM GAS  /var/folders/qd/4mxf5pkd0zdf0b9dd1hp39180000gn/T//ccPJ4kwf.s 			page 24


 304      AF7F64B6 
 304      AF2AD1B9 
 304      4AF4
 305 09d9 A40C7D65 		.ascii	"\244\014}e~\264D\205\032\337`\206\337P\3023\225\205"
 305      7EB44485 
 305      1ADF6086 
 305      DF50C233 
 305      9585
 306 09eb DB00770A 		.ascii	"\333\000w\012\\\016\264\016\231\345\224\2549\306o\311"
 306      5C0EB40E 
 306      99E594AC 
 306      39C66FC9 
 307 09fb 3C7E5169 		.ascii	"<~Qi\374\302\034\370\200\014^\241\204\227\317\201w\313"
 307      FCC21CF8 
 307      800C5EA1 
 307      8497CF81 
 307      77CB
 308 0a0d E095F3C3 		.ascii	"\340\225\363\303\345\345X'+\307\332\224\345\0301\325"
 308      E5E55827 
 308      2BC7DA94 
 308      E51831D5 
 309 0a1d D7E99219 		.ascii	"\327\351\222\031MN\010\261\325\244\264U\244\364q\235"
 309      4D4E08B1 
 309      D5A4B455 
 309      A4F4719D 
 310 0a2d 6CE66A25 		.ascii	"l\346j%\232\225c\362p7}j\016\367\265y7\207\314v\223"
 310      9A9563F2 
 310      70377D6A 
 310      0EF7B579 
 310      3787CC76 
 311 0a42 CC76D5FC 		.ascii	"\314v\325\374>\223G[\206>7\377\236\236\345a\331\346"
 311      3E93475B 
 311      863E37FF 
 311      9E9EE561 
 311      D9E6
 312 0a54 F871FE65 		.ascii	"\370q\376e\316\020'\231\200\207\373,\204\273\230\303"
 312      CE102799 
 312      8087FB2C 
 312      84BB98C3 
 313 0a64 A5EB0515 		.ascii	"\245\353\005\025\316*\366\032M\3375\252\361=\232\223"
 313      CE2AF61A 
 313      4DDF35AA 
 313      F13D9A93 
 314 0a74 848E7B05 		.ascii	"\204\216{\005q\366\312bO:\362h\004N\372\377\342\324"
 314      71F6CA62 
 314      4F3AF268 
 314      044EFAFF 
 314      E2D4
 315 0a86 F362B0DF 		.ascii	"\363b\260\337\232\024\203\3030\341Cs1\330&\025\203Y"
 315      9A1483C3 
 315      30E14373 
 315      31D82615 
 315      8359
 316 0a98 7DDD17D4 		.ascii	"}\335\027\324\362bpxV18\312\213\301QZ\014^\314()\326"
 316      F2627078 
 316      563138CA 
 316      8BC1515A 
ARM GAS  /var/folders/qd/4mxf5pkd0zdf0b9dd1hp39180000gn/T//ccPJ4kwf.s 			page 25


 316      0C5ECC28 
 317 0aae E05196A5 		.ascii	"\340Q\226\2453\373\033.\361[\362W\344\3571\211\203\273"
 317      33FB1B2E 
 317      F15BF257 
 317      E4EF3189 
 317      83BB
 318 0ac0 104BD2FD 		.ascii	"\020K\322\375$ig4\214%\333a\321\232b\317\224=X\316\240"
 318      24696734 
 318      8C25DB61 
 318      D19A62CF 
 318      943D58CE 
 319 0ad5 E4076247 		.ascii	"\344\007bG\\{\033\262xm=\225\256\255qvm\265<-\233t\300"
 319      5C7B1BB2 
 319      786D3D95 
 319      AEAD7176 
 319      6DB53C2D 
 320 0aec DBA82175 		.ascii	"\333\250!un\364\261a5rwC\000G\354/J\344\377\004T\350"
 320      6EF4B161 
 320      35727743 
 320      0047EC2F 
 320      4AE4FF04 
 321 0b02 39ECAD09 		.ascii	"9\354\255\011\001K\377\307\220\"\202\371\341\177\221"
 321      014BFFC7 
 321      902282F9 
 321      E17F91
 322 0b11 66F8AEA1 		.ascii	"f\370\256\241\357y\376\2664\011\356\177N\347\233\202"
 322      EF79FEB6 
 322      3409EE7F 
 322      4EE79B82 
 323 0b21 E83C6313 		.ascii	"\350<c\023\246\245\235\273\216\3447\037\261\375\030"
 323      A6A59DBB 
 323      8EE4371F 
 323      B1FD18
 324 0b30 FA1FD188 		.ascii	"\372\037\321\210\277\2407\337S\351\346\313O\255\235"
 324      BFA037DF 
 324      53E9E6CB 
 324      4FAD9D
 325 0b3f B0B5E3B6 		.ascii	"\260\265\343\266c\377\223\355\234\321\354\251Y\267\352"
 325      63FF93ED 
 325      9CD1ECA9 
 325      59B7EA
 326 0b4e F4CB6C17 		.ascii	"\364\313l\027$\326\247\331\277\236%^-\027\313/\230\336"
 326      24D6A7D9 
 326      BF9E255E 
 326      2D17CB2F 
 326      98DE
 327 0b60 4CD95C2E 		.ascii	"L\331\\.F\277\207D\354\202\236@(\033\320b\331\3201h"
 327      46BF8744 
 327      EC829E40 
 327      281BD062 
 327      D9D03168 
 328 0b74 F95450A1 		.ascii	"\371TP\241(\374\272\352w\236\236Z\366/4B\273\301?H\033"
 328      28FCBAEA 
 328      779E9E5A 
 328      F62F3442 
 328      BBC13F48 
 329 0b89 161A1E19 		.ascii	"\026\032\036\031\241\015\010\015\016\016\015\321z\351"
ARM GAS  /var/folders/qd/4mxf5pkd0zdf0b9dd1hp39180000gn/T//ccPJ4kwf.s 			page 26


 329      A10D080D 
 329      0E0E0DD1 
 329      7AE9
 330 0b97 D7E8D67C 		.ascii	"\327\350\326|\255\015\371g`\200g\200\346\317\037|\370"
 330      AD0DF967 
 330      60806780 
 330      E6CF1F7C 
 330      F8
 331 0ba8 9A6ED932 		.ascii	"\232n\3312\225\235\301\26010$\362\255\345\206\310\335"
 331      959DC1B0 
 331      313024F2 
 331      ADE586C8 
 331      DD
 332 0bb9 48EB1516 		.ascii	"H\353\025\026\026\024\030\340\037\031\030\032\022\241"
 332      161418E0 
 332      1F19181A 
 332      12A1
 333 0bc7 F50E080A 		.ascii	"\365\016\010\012\014\2130\032\214\036a\033\003\376\276"
 333      0C8B301A 
 333      8C1E611B 
 333      03FEBE
 334 0bd6 DCD33F2C 		.ascii	"\334\323?,L\253\013\015\2114\206D\316\351\324\256\015"
 334      4CAB0B0D 
 334      89348644 
 334      CEE9D4AE 
 334      0D
 335 0be7 0D0D8AD0 		.ascii	"\015\015\212\320~\031\020\340\341\037\036\354\021\022"
 335      7E1910E0 
 335      E11F1EEC 
 335      1112
 336 0bf5 1A62F430 		.ascii	"\032b\3640\372\177\036\350\361\216\307\362\245\313\336"
 336      FA7F1EE8 
 336      F18EC7F2 
 336      A5CBDE
 337 0c04 F1F8C70A 		.ascii	"\361\370\307\012\217`\377\257B\303\265\263z\265\201"
 337      8F60FFAF 
 337      42C3B5B3 
 337      7AB581
 338 0c13 2101411B 		.ascii	"!\001A\033\327\033\265\301\376\001\033\002C\214Z\303"
 338      D71BB5C1 
 338      FE011B02 
 338      438C5AC3 
 339 0c23 7AE317FE 		.ascii	"z\343\027\376\033\203\"\015\221\233\302\214\021\236"
 339      1B83220D 
 339      919BC28C 
 339      119E
 340 0c31 1B541A89 		.ascii	"\033T\032\211\334\326\377\037\271\210M\021ZCD\344z`"
 340      DCD6FF1F 
 340      B9884D11 
 340      5A4344E4 
 340      7A60
 341 0c43 028C1610 		.ascii	"\002\214\026\020\007z\207\370\177\036d\\g\014\210\014"
 341      077A87F8 
 341      7F1E645C 
 341      670C880C 
 342 0c53 0DFFFD4F 		.ascii	"\015\377\375O\367\272\352g\344\27520\302<\332\215\264"
 342      F7BAEA67 
ARM GAS  /var/folders/qd/4mxf5pkd0zdf0b9dd1hp39180000gn/T//ccPJ4kwf.s 			page 27


 342      E4BD3230 
 342      C23CDA8D 
 342      B4
 343 0c64 F81923FD 		.ascii	"\370\031#\3756ED\032\203W\373\207\254\0172\206\373\206"
 343      3645441A 
 343      8357FB87 
 343      AC0F3286 
 343      FB86
 344 0c76 07868607 		.ascii	"\007\206\206\007Fn\242s\351\202\214\376\341\276\306"
 344      466EA273 
 344      E9828CFE 
 344      E1BEC6
 345 0c85 1098FF4B 		.ascii	"\020\230\377K[\275\267\237\267~\235\367\312?\010>\276"
 345      5BBDB79F 
 345      B77E9DF7 
 345      CA3F083E 
 345      BE
 346 0c96 B62C74EF 		.ascii	"\266,t\357\032\"m\370{\246{\205\332\307\353}\375\214"
 346      1A226DF8 
 346      7BA67B85 
 346      DAC7EB7D 
 346      FD8C
 347 0ca8 FA96DA47 		.ascii	"\372\226\332G\347kV\227\253}\374|\365\032=\323\226A"
 347      E76B5697 
 347      AB7DFC7C 
 347      F51A3DD3 
 347      9641
 348 0cba A7B7B973 		.ascii	"\247\267\271s)tz\353\325~k}\364\277\225\257\314\370"
 348      29747AEB 
 348      D57E6B7D 
 348      F4BF95AF 
 348      CCF8
 349 0ccc 75A456B7 		.ascii	"u\244V\267\306\317\307o\306/\001\241\341FC@\360\012"
 349      C6CFC76F 
 349      C62F01A1 
 349      E1464340 
 349      F00A
 350 0cde 708AED07 		.ascii	"p\212\355\007\353|t\206\265\0204\030\355\245W\257Y\263"
 350      EB7C7486 
 350      B5103418 
 350      EDA557AF 
 350      59B3
 351 0cf0 4A8FBD56 		.ascii	"J\217\275V\352\361Jx\373\256\322\253\275V\371\351\325"
 351      EAF14A78 
 351      FBAED2AB 
 351      BD56F9E9 
 351      D5
 352 0d01 EFAFF2D2 		.ascii	"\357\257\362\322[A\027\000V\022}5\371\320\301\207\225"
 352      5B411700 
 352      56127D35 
 352      F9D0C187 
 352      95
 353 0d12 DF6A9D9F 		.ascii	"\337j\235\237\036\373\255\366\305:\035\274uz+/\037\275"
 353      1EFBADF6 
 353      C53A1DBC 
 353      757A2B2F 
 353      1FBD
ARM GAS  /var/folders/qd/4mxf5pkd0zdf0b9dd1hp39180000gn/T//ccPJ4kwf.s 			page 28


 354 0d24 4EAF5EB7 		.ascii	"N\257^\267\366/z\240\007\010\235\357\207>+\341\323K"
 354      F62F7AA0 
 354      07089DEF 
 354      873E2BE1 
 354      D34B
 355 0d36 A7D7F8E9 		.ascii	"\247\327\370\351\336\247s9\032\014_l\014\0110\030<\337"
 355      DEA77339 
 355      1A0C5F6C 
 355      0C093018 
 355      3CDF
 356 0d48 5EBA6285 		.ascii	"^\272b\205F\322\324\001\033\374\303\377\015\205\030"
 356      46D2D401 
 356      1BFCC3FF 
 356      0D8518
 357 0d57 2CA2     		.ascii	",\242"
 358              		.text
 359              		.section	.gnu.lto_.symtab.32d8ca2e6fb16ea3,"",%progbits
 360 0000 6E766963 		.ascii	"nvicEnableVector\000"
 360      456E6162 
 360      6C655665 
 360      63746F72 
 360      00
 361 0011 00       		.ascii	"\000"
 362 0012 00       		.ascii	"\000"
 363 0013 00       		.ascii	"\000"
 364 0014 00000000 		.ascii	"\000\000\000\000\000\000\000\000"
 364      00000000 
 365 001c C7000000 		.ascii	"\307\000\000\000"
 366 0020 6E766963 		.ascii	"nvicDisableVector\000"
 366      44697361 
 366      626C6556 
 366      6563746F 
 366      7200
 367 0032 00       		.ascii	"\000"
 368 0033 00       		.ascii	"\000"
 369 0034 00       		.ascii	"\000"
 370 0035 00000000 		.ascii	"\000\000\000\000\000\000\000\000"
 370      00000000 
 371 003d CB000000 		.ascii	"\313\000\000\000"
 372 0041 6E766963 		.ascii	"nvicSetSystemHandlerPriority\000"
 372      53657453 
 372      79737465 
 372      6D48616E 
 372      646C6572 
 373 005e 00       		.ascii	"\000"
 374 005f 00       		.ascii	"\000"
 375 0060 00       		.ascii	"\000"
 376 0061 00000000 		.ascii	"\000\000\000\000\000\000\000\000"
 376      00000000 
 377 0069 CD000000 		.ascii	"\315\000\000\000"
 378 006d 6E766963 		.ascii	"nvicClearPending\000"
 378      436C6561 
 378      7250656E 
 378      64696E67 
 378      00
 379 007e 00       		.ascii	"\000"
 380 007f 00       		.ascii	"\000"
ARM GAS  /var/folders/qd/4mxf5pkd0zdf0b9dd1hp39180000gn/T//ccPJ4kwf.s 			page 29


 381 0080 00       		.ascii	"\000"
 382 0081 00000000 		.ascii	"\000\000\000\000\000\000\000\000"
 382      00000000 
 383 0089 CF000000 		.ascii	"\317\000\000\000"
 384              		.text
 385              		.section	.gnu.lto_.opts,"",%progbits
 386 0000 272D666D 		.ascii	"'-fmath-errno' '-fsigned-zeros' '-ftrapping-math' '"
 386      6174682D 
 386      6572726E 
 386      6F272027 
 386      2D667369 
 387 0033 2D666E6F 		.ascii	"-fno-trapv' '-fno-openmp' '-fno-openacc' '-mcpu=cor"
 387      2D747261 
 387      70762720 
 387      272D666E 
 387      6F2D6F70 
 388 0066 7465782D 		.ascii	"tex-m4' '-mno-thumb-interwork' '-mthumb' '-O2' '-fo"
 388      6D342720 
 388      272D6D6E 
 388      6F2D7468 
 388      756D622D 
 389 0099 6D69742D 		.ascii	"mit-frame-pointer' '-falign-functions=16' '-ffuncti"
 389      6672616D 
 389      652D706F 
 389      696E7465 
 389      72272027 
 390 00cc 6F6E2D73 		.ascii	"on-sections' '-fdata-sections' '-fno-common' '-flto"
 390      65637469 
 390      6F6E7327 
 390      20272D66 
 390      64617461 
 391 00ff 2700     		.ascii	"'\000"
 392              		.text
 393              		.comm	__gnu_lto_v1,1,1
 394              		.comm	__gnu_lto_slim,1,1
 395              		.ident	"GCC: (GNU Tools for Arm Embedded Processors 7-2017-q4-major) 7.2.1 20170904 (release) [ARM
ARM GAS  /var/folders/qd/4mxf5pkd0zdf0b9dd1hp39180000gn/T//ccPJ4kwf.s 			page 30


DEFINED SYMBOLS
                            *ABS*:0000000000000000 nvic.c
                            *COM*:0000000000000001 __gnu_lto_v1
                            *COM*:0000000000000001 __gnu_lto_slim

NO UNDEFINED SYMBOLS
