ARM GAS  /var/folders/qd/4mxf5pkd0zdf0b9dd1hp39180000gn/T//ccihXaeI.s 			page 1


   1              		.cpu cortex-m4
   2              		.eabi_attribute 20, 1
   3              		.eabi_attribute 21, 1
   4              		.eabi_attribute 23, 3
   5              		.eabi_attribute 24, 1
   6              		.eabi_attribute 25, 1
   7              		.eabi_attribute 26, 1
   8              		.eabi_attribute 30, 2
   9              		.eabi_attribute 34, 1
  10              		.eabi_attribute 18, 4
  11              		.file	"st.c"
  12              		.section	.gnu.lto_.profile.f6238e14ae950ea1,"",%progbits
  13 0000 789C6363 		.ascii	"x\234cc```\001bF\006)\036\000\000\270\0002"
  13      60606001 
  13      62460629 
  13      1E0000B8 
  13      0032
  14              		.text
  15              		.section	.gnu.lto_.icf.f6238e14ae950ea1,"",%progbits
  16 0000 789C6363 		.ascii	"x\234cc``\220c@\000V\206\325\253\276\376db\274\373\353"
  16      60609063 
  16      40005686 
  16      D5ABBEFE 
  16      6462BCFB 
  17 0015 CD5C46A6 		.ascii	"\315\\F\246\236iw\374\230\247\266\256Z\311\305r\347"
  17      9E6977FC 
  17      98A7B6AE 
  17      5AC9C572 
  17      E7
  18 0026 D54C4706 		.ascii	"\325LG\006\000\345\321\016="
  18      00E5D10E 
  18      3D
  19              		.text
  20              		.section	.gnu.lto_.jmpfuncs.f6238e14ae950ea1,"",%progbits
  21 0000 789C6363 		.ascii	"x\234cc``\220a@\000V\020\301\010\004\365s\230\031\230"
  21      60609061 
  21      40005610 
  21      C10804F5 
  21      73981998 
  22 0014 181898A1 		.ascii	"\030\030\230\241L\026\2400\000#\314\002t"
  22      4C16A030 
  22      0023CC02 
  22      74
  23              		.text
  24              		.section	.gnu.lto_.inline.f6238e14ae950ea1,"",%progbits
  25 0000 789C6363 		.ascii	"x\234cc``He@\000V\006\006\026\036F\006& \223m\201<\210"
  25      60604865 
  25      40005606 
  25      06161E46 
  25      06262093 
  26 0018 6260E402 		.ascii	"b`\344\002\021\014l\254@a\266\017zpq&\006\026f\240\020"
  26      110C6CAC 
  26      4061B60F 
  26      7A707126 
  26      061666A0 
  27 002d D3057EB8 		.ascii	"\323\005~\270\0203\246\020\013\246\020\003\000\234z"
  27      1033A610 
ARM GAS  /var/folders/qd/4mxf5pkd0zdf0b9dd1hp39180000gn/T//ccihXaeI.s 			page 2


  27      0BA61003 
  27      009C7A
  28 003c 086F     		.ascii	"\010o"
  29              		.text
  30              		.section	.gnu.lto_.pureconst.f6238e14ae950ea1,"",%progbits
  31 0000 789C6363 		.ascii	"x\234cc``\340\006bV\006\011F)&)f)\026)\000\004\001\000"
  31      6060E006 
  31      62560609 
  31      46292629 
  31      66291629 
  32 0018 A1       		.ascii	"\241"
  33              		.text
  34              		.section	.gnu.lto_stInit.f6238e14ae950ea1,"",%progbits
  35 0000 789C6363 		.ascii	"x\234cc``X\001\304\322P\314\310\314\300\3104\341\034"
  35      60605801 
  35      C4D250CC 
  35      C8CCC0C8 
  35      34E11C
  36 0013 03432307 		.ascii	"\003C#\007\023##\210\321\300\301\310P\317\304X\317\330"
  36      13232388 
  36      D1C0C1C8 
  36      50CFC458 
  36      CFD8
  37 0025 C33C8599 		.ascii	"\303<\205\231\361P\373\263\235L\232\313\033\200\340"
  37      F150FBB3 
  37      9D4C9ACB 
  37      1B80E0
  38 0034 C0F41F92 		.ascii	"\300\364\037\222\015+\0160\316af`\230\006\304 \300\270"
  38      0D2B0E30 
  38      CE616660 
  38      9806C420 
  38      C0B8
  39 0046 99519301 		.ascii	"\231Q\223\001\250\354\321\306\177Sy\331X \342\214[\030"
  39      A8ECD1C6 
  39      7F5379D9 
  39      5820E28C 
  39      5B18
  40 0058 D9181881 		.ascii	"\331\030\030\201\214\365\227X\0174\374\373\337\336p"
  40      8CF59758 
  40      0F34FCFB 
  40      DFDE70
  41 0067 E0CE22C6 		.ascii	"\340\316\"\306\377\254@\271\016 \006Z\322p\200\241\223"
  41      FFAC40B9 
  41      0E20065A 
  41      D27080A1 
  41      93
  42 0078 9909C46A 		.ascii	"\231\011\304j>\300\360\206\261y\301oi\260&\240I;w\276"
  42      3EC0F086 
  42      B179C16F 
  42      69B026A0 
  42      493B77BE 
  43 008c B9CD5EFF 		.ascii	"\271\315^\377\267\201c\0163\3434f\240)\214[\031\353"
  43      B781630E 
  43      33E33466 
  43      A0298C5B 
  43      19EB
  44 009e 19E60055 		.ascii	"\031\346\000U\277clZ\360\237\033\254\016\004:\200\222"
ARM GAS  /var/folders/qd/4mxf5pkd0zdf0b9dd1hp39180000gn/T//ccihXaeI.s 			page 3


  44      BF636C5A 
  44      F09F1BAC 
  44      0E043A80 
  44      92
  45 00af 40039818 		.ascii	"@\003\230\030\030$\365\364\364!(\277X?#1G\277\270(Y"
  45      1824F5F4 
  45      F42128BF 
  45      583F2331 
  45      47BFB828 
  46 00c4 BFB8442F 		.ascii	"\277\270D/\231\001\000\371^AK"
  46      990100F9 
  46      5E414B
  47              		.text
  48              		.section	.gnu.lto_stStartAlarm.f6238e14ae950ea1,"",%progbits
  49 0000 789C9552 		.ascii	"x\234\225R\317kSA\020\236\357m\372^\015\032\017^\024"
  49      CF6B5341 
  49      109EEF6D 
  49      FA5E0D1A 
  49      0F5E14
  50 0013 73E8A1A5 		.ascii	"s\350\241\245\324C\226\350\305?@\004\241=\331\2037\251"
  50      D44396E8 
  50      C53F4004 
  50      A13DD983 
  50      37A9
  51 0025 51A810A9 		.ascii	"Q\250\020\2514\301\243\335\306\304\264&\242\2076b\210"
  51      34C1A3DD 
  51      C6C4B426 
  51      A2873662 
  51      88
  52 0036 FAB0168D 		.ascii	"\372\260\026\215\022Z\177\333Z\3533V=\210U\013\"\202"
  52      125A7FDB 
  52      5AEB3356 
  52      3D88550B 
  52      2282
  53 0048 87A29016 		.ascii	"\207\242\220\026\221\242\245 \242Tg7Q\252']\336\356"
  53      91A2A520 
  53      A2546737 
  53      51AA275D 
  53      DEEE
  54 005a 9B19BEF9 		.ascii	"\233\031\276\371\346\233\331\265\211h\322\"\332\305"
  54      E69BD9B5 
  54      8968D222 
  54      DAC5
  55 0068 FF8DBC21 		.ascii	"\377\215\274!\010\326\311i\242\336z\013\320\206\252"
  55      08D6C969 
  55      A2DE7A0B 
  55      D086AA
  56 0077 07F558E8 		.ascii	"\007\365X\350AV\014\010\224\323\2251\253\345\242\342"
  56      41560C08 
  56      94D39531 
  56      ABE5A2E2 
  57 0087 E59D1AB7 		.ascii	"\345\235\032\267\217\252\324\372\202 \312\361\326\013"
  57      8FAAD4FA 
  57      8220CAF1 
  57      D60B
  58 0095 D7D1C2A8 		.ascii	"\327\321\302\250\227\311\321\202\310\210\202\000|\354"
  58      97C9D182 
ARM GAS  /var/folders/qd/4mxf5pkd0zdf0b9dd1hp39180000gn/T//ccihXaeI.s 			page 4


  58      C8888200 
  58      7CEC
  59 00a3 7E7E967F 		.ascii	"~~\226\177\037\320\256\205\006v\277]\036}\273V\004A"
  59      1FD0AE85 
  59      0676BF5D 
  59      1E7DBB56 
  59      0441
  60 00b5 6C9F2F9D 		.ascii	"l\237/\235\030\266\233\207\225J(\357\343\220P\215\005"
  60      18B69B87 
  60      954A28EF 
  60      E390508D 
  60      05
  61 00c6 21700B82 		.ascii	"!p\013\202\011q\023A\334@\2208D\270\215f\215\177wuy"
  61      09711341 
  61      DC409038 
  61      44B88D66 
  61      8D7F7775 
  62 00db 708DED73 		.ascii	"p\215\355s\177\325\304\035\330\0046Ff\352<\265\374#"
  62      7FD5C41D 
  62      D8043646 
  62      66EA3CB5 
  62      FC23
  63 00ed ADBCA50B 		.ascii	"\255\274\245\013x\265\335f\365:\205\372\030\305m(\217"
  63      78B5DD66 
  63      F53A85FA 
  63      18C56D28 
  63      8F
  64 00fe FA85A5AD 		.ascii	"\372\205\245\255#\036U`i\256~\357\330\224_4\032\035"
  64      231E5560 
  64      69AE7EEF 
  64      D8945F34 
  64      1A1D
  65 0110 AF33C979 		.ascii	"\2573\311y\247i\310\350X8\275:\257\274d\203\2262\366"
  65      A769C8E8 
  65      5838BD3A 
  65      AFBC6483 
  65      9632F6
  66 0123 A714D3E3 		.ascii	"\247\024\323\3438\232\362\314\365\001\345\374\3277\337"
  66      389AF2CC 
  66      F501E5FC 
  66      D737DF
  67 0132 07B6FE96 		.ascii	"\007\266\376\226\225\254\216e\306\026\032c\264\345\004"
  67      95AC8E65 
  67      C6161A63 
  67      B4E504
  68 0141 56C826DC 		.ascii	"V\310&\334\205\215\011-\231\017\216\347R\345\347\216"
  68      858D092D 
  68      990F8EE7 
  68      52E5E78E 
  69 0151 9E8CCFC0 		.ascii	"\236\214\317\300\246K_>\371\253\256\246\322\263s\317"
  69      A64B5F3E 
  69      F9ABAEA6 
  69      D2B373CF 
  70 0161 CCAD7271 		.ascii	"\314\255rq\026\005Q\207IVqO\253\340x\272\362\364E@\226"
  70      16055187 
  70      4956714F 
  70      ABE078BA 
ARM GAS  /var/folders/qd/4mxf5pkd0zdf0b9dd1hp39180000gn/T//ccihXaeI.s 			page 5


  70      F2F44540 
  71 0176 54B257CD 		.ascii	"T\262W\315\316-\256[\344$\033\367\341b\220\033\326e"
  71      CE2DAE5B 
  71      E4241BF7 
  71      E162901B 
  71      D665
  72 0188 34C8CB26 		.ascii	"4\310\313&\212NxD\203\334kL\341\300\203\304\246`\015"
  72      8A4E7844 
  72      83DC6B4C 
  72      E1C083C4 
  72      A6600D
  73 019b 810708D7 		.ascii	"\201\007\010\327:Y\232\277\224\012\324D\375CI\367\260"
  73      3A599ABF 
  73      940AD444 
  73      FD4349F7 
  73      B0
  74 01ac 262B9B72 		.ascii	"&+\233r\250\221=\204\\\331\221\303\361)\3164\344\305"
  74      A8913D84 
  74      5CD991C3 
  74      F129CE34 
  74      E4C5
  75 01be FF277F64 		.ascii	"\377'\177d\310\255\032\371cC>q.[\364W\311-<\341\314"
  75      C8AD1AF9 
  75      63433E71 
  75      2E5BF457 
  75      C92D3CE1 
  76 01d3 0A12B399 		.ascii	"\012\022\263\231bDO\332\214\234\026\220p\257\034\207"
  76      62444FDA 
  76      8C9C1690 
  76      70AF1C87 
  77 01e3 79167AF5 		.ascii	"y\026z\365\261<\276t~\341\033B!Y\375\272b\262\263#*"
  77      B13CBE74 
  77      7EE11B42 
  77      2159FDBA 
  77      62B2B323 
  78 01f8 63DD1119 		.ascii	"c\335\021\031\213\207\"\344t\354\211\305\367\037\330"
  78      8B8722E4 
  78      74EC89C5 
  78      F71FD8
  79 0207 E7D387FC 		.ascii	"\347\323\207\374\033v\260\253;\036\223;\333\333\266"
  79      1B76B0AB 
  79      3B1E933B 
  79      DBDBB6
  80 0216 6C96ADAD 		.ascii	"l\226\255\255\333d\373\216\266CaN\334\035\215\356\015"
  80      DB64FB8E 
  80      B643614E 
  80      DC1D8DEE 
  80      0D
  81 0227 75D24FFE 		.ascii	"u\322O\376v\373\022"
  81      76FB12
  82              		.text
  83              		.section	.gnu.lto_stStopAlarm.f6238e14ae950ea1,"",%progbits
  84 0000 789C5D4F 		.ascii	"x\234]O\317KBA\020\236\357\255\275,\250kE\336:yyKE\377"
  84      CF4B4241 
  84      109EEFAD 
  84      BD2CA86B 
  84      45DE3A79 
ARM GAS  /var/folders/qd/4mxf5pkd0zdf0b9dd1hp39180000gn/T//ccihXaeI.s 			page 6


  85 0018 4104519E 		.ascii	"A\004Q\236\362\036a\007\017\202\241\322\325\2654\015"
  85      F21E6107 
  85      0F82A1D2 
  85      D5B5340D 
  86 0028 3B7448BB 		.ascii	";tH\273X\010\035:IH?\255\210\207t\013,\372\013\244\203"
  86      58081D3A 
  86      49483FAD 
  86      8887740B 
  86      2CFA0BA4 
  87 003d 41444445 		.ascii	"ADDEE\2205\353\203\220\206\235\335\331o\276\231o\306"
  87      459035EB 
  87      8390869D 
  87      DDD96FBE 
  87      996FC6
  88 0050 24A23110 		.ascii	"$\2421\020M\361;\310\016A0\326kD\011\267\001\350@\271"
  88      4DF13BC8 
  88      0E4130D6 
  88      6B4409B7 
  88      01E840B9 
  89 0064 41710371 		.ascii	"Aq\003q\254\211\015\201j\272Q1\274\273\212\315\336|"
  89      AC890D81 
  89      6ABA5131 
  89      BCBB8ACD 
  89      DE7C
  90 0076 375754AA 		.ascii	"7WT\252\277 \210\362\354\332\260\017/1\355\256\334\314"
  90      BF2088F2 
  90      ECDAB00F 
  90      2F31EDAE 
  90      DCCC
  91 0088 F5982E07 		.ascii	"\365\230.\007\307\001Lb\015\332\273\355\260U\363'\255"
  91      C7014C62 
  91      0DDABBED 
  91      B055F327 
  91      AD
  92 0099 ECCB1D7C 		.ascii	"\354\313\035|Op.\303\316\"\312\246Ua\350h\331\246\007"
  92      4F702EC3 
  92      CE22CAA6 
  92      5561E868 
  92      D9A607
  93 00ac 54DF3ECF 		.ascii	"T\337>\317\037s\326_\237\244#\367e\212V\257\274@\273"
  93      1F73D65F 
  93      9FA423F7 
  93      658A56AF 
  93      BC40BB
  94 00bf 060E61E2 		.ascii	"\006\016a\342HK\360\305x>U\275\356\314\212\202@\213"
  94      484BF0C5 
  94      783E55BD 
  94      EECC8A82 
  94      408B
  95 00d1 562B7D3C 		.ascii	"V+}<w;_\335\306\305Pq\353\276\253\210m\024\204\201\023"
  95      773B5FDD 
  95      C6C55071 
  95      EBBEAB88 
  95      6D148481 
  96 00e6 78700C0F 		.ascii	"xp\014\017ij\272qu\323+K*\231P\365\327r\337\013\027"
  96      696ABA71 
  96      75D32B4B 
ARM GAS  /var/folders/qd/4mxf5pkd0zdf0b9dd1hp39180000gn/T//ccihXaeI.s 			page 7


  96      2A9950F5 
  96      D772DF0B 
  97 00fb 09545044 		.ascii	"\011TPD\216\307\3242\204S\310v\011\236\004g\\\375\204"
  97      8EC7D432 
  97      8453C876 
  97      099E0467 
  97      5CFD84
  98 010e A57AF662 		.ascii	"\245z\366b\250\265\251\266\014'x\033\203h\300\262\244"
  98      A8B5A9B6 
  98      0C27781B 
  98      8368C0B2 
  98      A4
  99 011f 73C25119 		.ascii	"s\302Q\031\234\013\311h$ \2431+@\362\177f!\034\211E"
  99      9C0BC968 
  99      2420A331 
  99      2B40F27F 
  99      66211C89 
 100 0134 E58CDF37 		.ascii	"\345\214\3377:\"\247\247\307\245\177\322\2678\314\334"
 100      3A22A7A7 
 100      C7A57FD2 
 100      B738CCDC 
 101 0144 D95068DE 		.ascii	"\331Ph\336\012\322/\002\215~\213"
 101      0AD22F02 
 101      8D7E8B
 102              		.text
 103              		.section	.gnu.lto_stSetAlarm.f6238e14ae950ea1,"",%progbits
 104 0000 789C5D92 		.ascii	"x\234]\222\317KTQ\024\307\317\367\335\347{&e\333\244"
 104      CF4B5451 
 104      14C7CFF7 
 104      DDE77B26 
 104      65DBA4
 105 0013 59B850C4 		.ascii	"Y\270P\304\026s\231\332\364\007\004\021\350*\027\355"
 105      167399DA 
 105      F4070411 
 105      E82A17ED 
 106 0023 C2A6C060 		.ascii	"\302\246\300`\302\360\015m\275Nc\243\215T\213\234`x"
 106      C2F00D6D 
 106      BD4E63A3 
 106      8D548B9C 
 106      6078
 107 0035 C6239328 		.ascii	"\306#\223(\0304\373\251i\335\206v\321\364c\023\201\201"
 107      1834FBA9 
 107      69DD8676 
 107      D1F46313 
 107      8181
 108 0047 548CD122 		.ascii	"T\214\321\"\312M\204`\235\363\246\242\272\274{\3379"
 108      CA4D8460 
 108      9DF3A6A2 
 108      BABC7BDF 
 108      39
 109 0058 87EF39F7 		.ascii	"\207\3579\367s\016\327#\"\327!:\304\377\235\274\241"
 109      730ED723 
 109      22D7213A 
 109      C4FF9DBC 
 109      A1
 110 0069 08CE851A 		.ascii	"\010\316\205\032\321H\263\003\210a\232A\303\016\206"
 110      D148B303 
ARM GAS  /var/folders/qd/4mxf5pkd0zdf0b9dd1hp39180000gn/T//ccihXaeI.s 			page 8


 110      88619A41 
 110      C30E86
 111 0078 31A12E2A 		.ascii	"1\241.*T\013\365\005\247\373\232\341e/\315\373g\314"
 111      540BF505 
 111      A7FB9AE1 
 111      652FCDFB 
 111      67CC
 112 008a E88E5011 		.ascii	"\350\216P\021\225x\313\302-t\263\352e~.TE\025*\300e"
 112      9578CBC2 
 112      2D74B3EA 
 112      657E2E54 
 112      45152AC0 
 113 009f F7EBB3F2 		.ascii	"\367\353\263\362\373Vq\035\264\263\273qcne\273J\200"
 113      FB56711D 
 113      B4B3BB71 
 113      636E65BB 
 113      4A80
 114 00b1 D8BE5239 		.ascii	"\330\276R9?\343u\315\030\2233veZ\231\216P)\334\205\342"
 114      3FE375CD 
 114      18933376 
 114      655A998E 
 114      5029DC85 
 115 00c6 82B88304 		.ascii	"\202\270\203\004n#A\034\"\334C\227\350\337\335\334\234"
 115      6E23411C 
 115      22DC4397 
 115      E8DFDDDC 
 115      9C
 116 00d7 DCE6B9D1 		.ascii	"\334\346\271\321\357;q\037\036\201\215\331WM\326l\376"
 116      EF3B711F 
 116      1E818DD9 
 116      574DD66C 
 116      FE
 117 00e8 2818FBE1 		.ascii	"(\030\373\341*\226\367\273L/)4\306*n\303X\032W\216X"
 117      2A96F7BB 
 117      4C2F2934 
 117      C62A6EC3 
 117      581A578E 
 118 00fd A72DD5E1 		.ascii	"\247-\325\341H\255q{\366I\213\352\2109^\027\363\037"
 118      48AD717B 
 118      F6498BEA 
 118      88395E17 
 118      F31F
 119 010f FDCEE998 		.ascii	"\375\316\351\230\2436\265\265ll\276]P\026\376E\211{"
 119      A336B5B5 
 119      6C6CBE5D 
 119      5016FE45 
 119      897B
 120 0121 5C446799 		.ascii	"\\Dg\231k}B\265\374\375\315Ri\357\037\254|c,\213\276"
 120      6B7D42B5 
 120      FCFDCD52 
 120      69EF1FAC 
 120      7C632C8B 
 121 0136 124DCC56 		.ascii	"\022M\314VR\370\013\233\360\000\036\226\004\231\017"
 121      52F80B9B 
 121      F0001E96 
 121      04990F
 122 0145 8E9746AB 		.ascii	"\216\227F\253\317}\231\214\033\313j\225o_Z\032\256\224"
ARM GAS  /var/folders/qd/4mxf5pkd0zdf0b9dd1hp39180000gn/T//ccihXaeI.s 			page 9


 122      CF7D998C 
 122      1BCB6A95 
 122      6F5F5A1A 
 122      AE94
 123 0157 92D94553 		.ascii	"\222\331ESk[\"\\F\250\232\360\220)\226\205\202\343\205"
 123      6B5B225C 
 123      46A89AF0 
 123      90299685 
 123      82E385
 124 016a FAD317AD 		.ascii	"\372\323\027\255\272b\362#fum\275m\235\223<<B\204In"
 124      BA62F223 
 124      66756DBD 
 124      6D9D933C 
 124      3C428449 
 125 017f 58AE1191 		.ascii	"X\256\021\221\235\310]\367S\263\"\212\346\271\204\017"
 125      9DC85DF7 
 125      53B3228A 
 125      E6B9840F 
 126 018f 0B8D5D89 		.ascii	"\013\215]\211_\012<FJ:\251#\267Z|\233\026\336\030\234"
 126      5F0A3C46 
 126      4A3AA923 
 126      B75A7C9B 
 126      16DE189C 
 127 01a3 3E23176D 		.ascii	">#\027m\234C<\\Yc\334\005\217\216\337I[2\251\033\337"
 127      9C433C5C 
 127      5963DC05 
 127      8F8EDF49 
 127      5B32A91B 
 128 01b8 60A007FA 		.ascii	"`\240\007\3723:\030J\353 \233L\223\337\177$\310\036"
 128      333A184A 
 128      EB209B4C 
 128      93DF7F24 
 128      C81E
 129 01ca 3F71CC95 		.ascii	"?q\314\225C\377/;98\224\015\364\301\276\336=\273uO\317"
 129      43FF2F3B 
 129      3938940D 
 129      F4C1BEDE 
 129      3DBB754F 
 130 01df 3EDD77A0 		.ascii	">\335w\240\367T\212\023\017g2G\223\003\364\023,\030"
 130      F7548A13 
 130      0F673247 
 130      9303F413 
 130      2C18
 131 01f1 BF9A     		.ascii	"\277\232"
 132              		.text
 133              		.section	.gnu.lto_stGetAlarm.f6238e14ae950ea1,"",%progbits
 134 0000 789C5D90 		.ascii	"x\234]\220\333+DQ\024\306\327w\366\3149Fx\307(\257<"
 134      DB2B4451 
 134      14C6D777 
 134      F6CC3946 
 134      78C728AF 
 135 0015 CC6EF817 		.ascii	"\314n\370\027\224\204'\336%\036\346ajd4\257\2661B<\310"
 135      948427DE 
 135      251EE661 
 135      6A6434AF 
 135      B631423C 
 136 002a 6514874E 		.ascii	"e\024\207Ny\220\"&\343~\3514\312\213\\\377\002!J\222"
ARM GAS  /var/folders/qd/4mxf5pkd0zdf0b9dd1hp39180000gn/T//ccihXaeI.s 			page 10


 136      79902226 
 136      E37EE934 
 136      CA8B5CFF 
 136      02214A92 
 137 003e CB83A8C1 		.ascii	"\313\203\250\301\332Hr\332\227\265\326\376\265\326\367"
 137      DA4872DA 
 137      97B5D6FE 
 137      B5D6F7
 138 004d 1D938862 		.ascii	"\035\223\210b \252\345\273\2307\004\301\030:\"\352\312"
 138      20AAE5BB 
 138      983704C1 
 138      183A22EA 
 138      CA
 139 005e 31001DA8 		.ascii	"1\000\035\250\034P\247\201N\014\212Q\201\323\304\222"
 139      1C50A781 
 139      4E0C8A51 
 139      81D3C492 
 140 006e 2D0684CD 		.ascii	"-\006\204\315\230\207\323\307\303\211\313\002\235\002"
 140      9887D3C7 
 140      C389CB02 
 140      9D02
 141 007c A59CDEDD 		.ascii	"\245\234\336\335\357\247\363\312f\225\212+w\374\311"
 141      EFA7F3CA 
 141      66958A2B 
 141      77FCC9
 142 008b 9A4C9F28 		.ascii	"\232L\237(\237-\014J2\236\206\037\313\360\353\031+("
 142      9F2D0C4A 
 142      329E861F 
 142      CBF0EB19 
 142      2B28
 143 009d 23A62F52 		.ascii	"#\246/R\357c\371\246\307\021\244\001\256\257\302$\326"
 143      EF63F9A6 
 143      C711A401 
 143      AEAFC224 
 143      D6
 144 00ae 428B675E 		.ascii	"B\213g^W\275\177\364*\367j\006\331jn`\013\006\372x\263"
 144      57BD7FF4 
 144      2AF76A06 
 144      D96A6E60 
 144      0B06FA78 
 145 00c3 22E5523F 		.ascii	"\"\345R?\2278\352v\351\026\231\335\327\355\371\361\242"
 145      9738EA76 
 145      E91699DD 
 145      D7EDF9F1 
 145      A2
 146 00d4 DF7E09C5 		.ascii	"\337~\011\305\237;\362f}\365K\012\374\031EX\203\211"
 146      9F3BF266 
 146      7DF54B0A 
 146      FC194558 
 146      8389
 147 00e6 753D868F 		.ascii	"u=\206\217\011a\360S\262'sli\013\236/\362h\341\345!"
 147      0961F053 
 147      B227736C 
 147      690B9E2F 
 147      F268E1E5 
 148 00fb F73BD58D 		.ascii	"\367;\325\215\264Ig\352\306\347`\032\266\360b\223]l"
 148      B44967EA 
ARM GAS  /var/folders/qd/4mxf5pkd0zdf0b9dd1hp39180000gn/T//ccihXaeI.s 			page 11


 148      C6E7601A 
 148      B6F06293 
 148      5D6C
 149 010d 68175CEF 		.ascii	"h\027\\\357\275>8)\220\013*\321\245\316\237S%\303l\325"
 149      BD3E3829 
 149      900B2AD1 
 149      A5CE9F53 
 149      25C36CD5 
 150 0121 C4161C8C 		.ascii	"\304\026\034\214\261P=IC\356`|\316\012.j\310\3314la"
 150      B1503D49 
 150      43EE607C 
 150      CE0A2E6A 
 150      C8D9346C 
 151 0136 611B12E5 		.ascii	"a\033\022\345\376\037\002;\010\322=\342\347\003\331"
 151      FE1F023B 
 151      08D23DE2 
 151      E703D9
 152 0145 3D530B66 		.ascii	"=S\013fQ\374\007\330+\264C\216\013\003\001\371\275\""
 152      51FC07D8 
 152      2BB4438E 
 152      0B0301F9 
 152      BD22
 153 0157 51196A0E 		.ascii	"Q\031j\016\313h{\213\214v\004ZH\376\177i\213\264wDe"
 153      CB687B8B 
 153      8C76045A 
 153      48FE7F69 
 153      8BB47744 
 154 016c 43637D65 		.ascii	"Cc}e\205\254\253\253\222\2155\365\261 \263M\341pk D"
 154      85ACABAB 
 154      928D35F5 
 154      B120B34D 
 154      E1706B20 
 155 0181 9FAAA192 		.ascii	"\237\252\241\222\365"
 155      F5
 156              		.text
 157              		.section	.gnu.lto_.symbol_nodes.f6238e14ae950ea1,"",%progbits
 158 0000 789C55C8 		.ascii	"x\234U\310\301\015@@\020F\341\367\357ZuQ\224\363L\260"
 158      C10D4040 
 158      1046E1F7 
 158      EF5A7551 
 158      94F34CB0 
 159 0014 5C15A10A 		.ascii	"\\\025\241\012E\250A%b\3436\207\227\227|=0\265H\263"
 159      45A84125 
 159      62E33687 
 159      97977C3D 
 159      30B548B3 
 160 0028 0C8E1BDA 		.ascii	"\014\216\033\332.\037\233,2EYe)J\225\345(\233\254\013"
 160      2E1F9B2C 
 160      32455965 
 160      294A95E5 
 160      289BAC0B 
 161 003c A25D567E 		.ascii	"\242]V~\001\367\0012\205\363y\305\007\250\206\034\222"
 161      01F70132 
 161      85F379C5 
 161      07A8861C 
 161      92
 162              		.text
ARM GAS  /var/folders/qd/4mxf5pkd0zdf0b9dd1hp39180000gn/T//ccihXaeI.s 			page 12


 163              		.section	.gnu.lto_.refs.f6238e14ae950ea1,"",%progbits
 164 0000 789C6363 		.ascii	"x\234cc```\004b\006\000\000D\000\010"
 164      60606004 
 164      62060000 
 164      440008
 165              		.text
 166              		.section	.gnu.lto_.decls.f6238e14ae950ea1,"",%progbits
 167 0000 789CC557 		.ascii	"x\234\305WkP\024W\026\356\333w@\030^f\264,\335e\253"
 167      6B501457 
 167      16EEDB77 
 167      40185E66 
 167      B42CDD65 
 168 0015 2C4B0BAA 		.ascii	",K\013\252\022\030@7V*\251\255\230\321u\255\012\331"
 168      12184037 
 168      562AA9AD 
 168      98D175AD 
 168      0AD9
 169 0027 ADD1ADDA 		.ascii	"\255\321\255\332\375\263\023\026'\221\015\014,3nm~m"
 169      FDB31316 
 169      27910D0C 
 169      2C336E6D 
 169      7E6D
 170 0039 F350894F 		.ascii	"\363P\211O@\224\210\022@\0041\"\342\003\020\020\030"
 170      40948812 
 170      40043122 
 170      E2031010 
 170      18
 171 004a 01111504 		.ascii	"\001\021\025\004\021P\336\370F4\010\370\006\204=\367"
 171      1150DEF8 
 171      463408F8 
 171      06843DF7 
 172 005a DE6EBA69 		.ascii	"\336n\272i \361\317\326v\315\351\351s\357w\277s\356"
 172      20F1CFD6 
 172      76CDE9E9 
 172      73EF77BF 
 172      73EE
 173 006c 39E7F6BD 		.ascii	"9\347\366\275\355\310q\\\333{\034\347\2139.\007q\334"
 173      EDC8715C 
 173      DB7B1CE7 
 173      8B392E07 
 173      71DC
 174 007e 045C8ED0 		.ascii	"\004\\\216\320v\001\004T\316\316\261\213\264\325\202"
 174      76010454 
 174      CECEB18B 
 174      B4D582
 175 008d D4815C03 		.ascii	"\324\201\\\003i\004\271\001\322\302M\277\022` \320q"
 175      6904B901 
 175      D2C24DBF 
 175      126020D0 
 175      71
 176 009e 5F82B482 		.ascii	"_\202\264\202\\\022\333y\221c\2461\007`\214\2238F\007"
 176      5C12DB79 
 176      9163A631 
 176      07608C93 
 176      384607
 177 00b1 325FB4FD 		.ascii	"2_\264\375+h_\004\322\017\317\235\034\343\325\200\356"
 177      2B685F04 
ARM GAS  /var/folders/qd/4mxf5pkd0zdf0b9dd1hp39180000gn/T//ccihXaeI.s 			page 13


 177      D20FCF9D 
 177      1CE3D580 
 177      EE
 178 00c2 08E28018 		.ascii	"\010\342\200\030'\361\311\0231\177\337GSySA\327\210"
 178      27F1C913 
 178      317FDF47 
 178      53795341 
 178      D788
 179 00d4 BC1257A7 		.ascii	"\274\022W\24787i<\231\217\217j\034\2712\336\321'$\372"
 179      3837693C 
 179      998F8F6A 
 179      1CB932DE 
 179      D12724FA 
 180 00e8 C48B71D1 		.ascii	"\304\213q\321\213\276\254Tq\036\025\371\224\\^\277\300"
 180      8BBEAC54 
 180      711E15F9 
 180      945C5EBF 
 180      C0
 181 00f9 4762FC91 		.ascii	"Gb\374\221\310\367\261\212/\011\243\256\332c\307\361"
 181      C8F7B18A 
 181      2F09A3AE 
 181      DA63C7F1 
 182 0109 0E8CBCB4 		.ascii	"\016\214\274\264\210d\316\003\232N>)~\343\306\232\010"
 182      8864CE03 
 182      9A4E3E29 
 182      7EE3C69A 
 182      08
 183 011a E27C54EA 		.ascii	"\342|T\352\3459\230\247\317\255\211%']}s\005v9}\314"
 183      E53998A7 
 183      CFAD8925 
 183      275D7D73 
 183      0576397D 
 184 012f A1028425 		.ascii	"\241\002\204%\252\246=\303G\346\340\245\024x=6\377\020"
 184      AAA63DC3 
 184      47E6E0A5 
 184      14783D36 
 184      FF10
 185 0141 A1D56991 		.ascii	"\241\325i\221\006\324\241\372\224\273\356\240\316\327"
 185      06D4A1FA 
 185      94BBEEA0 
 185      CED7
 186 014f A2C54998 		.ascii	"\242\305I\230\357i\033\355tGZ\3578A\210\026\322c\004"
 186      EF691BED 
 186      74475AEF 
 186      38418816 
 186      D26304
 187 0162 E73F70A8 		.ascii	"\347?p\250\030y\242s\310\223C\245\310\233\230.D\276"
 187      1879A273 
 187      C89343A5 
 187      C89B982E 
 187      44BE
 188 0174 1C3A0B8D 		.ascii	"\034:\013\215g\2401\233\230\263O\274\360J\330&\010<"
 188      67A0319B 
 188      98B34FBC 
 188      F04AD826 
 188      083C
 189 0186 2A415A54 		.ascii	"*AZT\2040\305\300\314\274\264\314\201cG\022\016;\342"
ARM GAS  /var/folders/qd/4mxf5pkd0zdf0b9dd1hp39180000gn/T//ccihXaeI.s 			page 14


 189      8430C5C0 
 189      CCBCB4CC 
 189      81634712 
 189      0E3BE2
 190 0199 2A443CE0 		.ascii	"*D<\340K\017\336\277\310\317f\243|V\033\017\213\227"
 190      4B0FDEBF 
 190      C8CF66A3 
 190      7C561B0F 
 190      8B97
 191 01ab D46C2136 		.ascii	"\324l!6\312\300\306y\331\006\230dF\366\024t\214y\340"
 191      CAC0C679 
 191      D9069864 
 191      46F61474 
 191      8C79E0
 192 01be 161A0F7E 		.ascii	"\026\032\017~KC\341\243Y\215\\\230}\"\035\336y\315\202"
 192      4B43E1A3 
 192      598D5C98 
 192      7D221DDE 
 192      79CD82
 193 01d1 B018D9C1 		.ascii	"\260\030\331\301H\205l\244\214\032!\255`\250\344BY\205"
 193      48856CA4 
 193      8C1A21AD 
 193      60A8E442 
 193      5985
 194 01e3 4B0FEA42 		.ascii	"K\017\352B\220E4\227\006\031!v\207\177\"T\237\220.\304"
 194      90453497 
 194      06192176 
 194      877F2254 
 194      9F902EC4 
 195 01f7 DAA19567 		.ascii	"\332\241\225g\177\"\224(\322\0204\331\302\213\034\274"
 195      7F229428 
 195      D21034D9 
 195      C28B1CBC 
 196 0207 C44B7F22 		.ascii	"\304K\177\"\001R\262\262~fN\272X\215\261\007\3058\326"
 196      0152B2B2 
 196      7E664EBA 
 196      588DB107 
 196      C538D6
 197 021a C4CBC614 		.ascii	"\304\313\306\024C\246\371\312MvO:%O\022\2115\325\362"
 197      43A6F9CA 
 197      4D764F3A 
 197      254F1289 
 197      35D5F2
 198 022d 64679E6B 		.ascii	"dg\236k/\352\206\336\277r\\\274S\030\255\256m\247\007"
 198      2FEA86DE 
 198      BF725CBC 
 198      5318ADAE 
 198      6DA707
 199 0240 7A1C4879 		.ascii	"z\034Hy\021\345\342\304+\273\007+5\236T\341`]\252\013"
 199      11E5E2C4 
 199      2BBB072B 
 199      359E54E1 
 199      605DAA0B 
 200 0254 2BB5B9A0 		.ascii	"+\265\271\240\346\356\234HrX\270\237\204=>F\230\313"
 200      E6EE9C48 
 200      7258B89F 
 200      843D3E46 
ARM GAS  /var/folders/qd/4mxf5pkd0zdf0b9dd1hp39180000gn/T//ccihXaeI.s 			page 15


 200      98CB
 201 0266 A32F17A0 		.ascii	"\243/\027\240\032H\306EH\006\207.\241\205p\267h\230"
 201      1A48C645 
 201      4806872E 
 201      A18570B7 
 201      6898
 202 0278 B1B2F1E6 		.ascii	"\261\262\361\346!\367%\351Bz\257`\277\331\357\367\360"
 202      21F725E9 
 202      427AAF60 
 202      BFD9EFF7 
 202      F0
 203 0289 AC204029 		.ascii	"\254 @)\010\032\002C\325r\232\252I\315\243*\324\213"
 203      081A0243 
 203      D5729AAA 
 203      49CDA32A 
 203      D48B
 204 029b 5025EA01 		.ascii	"P%\352\001\327j\321\022\030\036\223\333\276\335\001"
 204      D76AD112 
 204      181E93DB 
 204      BEDD01
 205 02aa E732AFF2 		.ascii	"\3472\257\362sOt9ix\226Mb\001\332\204\035\315\211\036"
 205      734F7439 
 205      6978964D 
 205      6201DA84 
 205      1DCD891E 
 206 02be B3FA7295 		.ascii	"\263\372r\225\372r\005\211\316\354\332=tK#:\323\277"
 206      FA720589 
 206      CEECDA3D 
 206      744B233A 
 206      D3BF
 207 02d0 2845B047 		.ascii	"(E\260G\013\244,\001\205.\313\256\\V\273RG]\271<z\332"
 207      0BA42C01 
 207      852ECBAE 
 207      5C56BB52 
 207      475DB93C 
 208 02e6 1D17334F 		.ascii	"\035\0273ONt\037\337\203D\242\366_O\022\2219\325\313"
 208      4E741FDF 
 208      8344A2F6 
 208      5F4F1291 
 208      39D5CB
 209 02f9 44F56AA2 		.ascii	"D\365j\242k\224(\361\314\2534\007|\2211\215g\274\032"
 209      6B9428F1 
 209      CCAB3407 
 209      7C91318D 
 209      67BC1A
 210 030c F11099AE 		.ascii	"\361\020\231\256\374f\212K\0152S\203\232\251\2212\345"
 210      FC668A4B 
 210      0D325383 
 210      9AA99132 
 210      E5
 211 031d 3E6F3CED 		.ascii	">o<\355\206\033\031\323\330\236\255C\2742\022$Hr(\232"
 211      861B19D3 
 211      D89EAD43 
 211      BC321224 
 211      4872289A 
 212 0331 A6A4E561 		.ascii	"\246\244\345aC\305\2139\242\331ki\0132b\204\034\201"
 212      43C58B39 
ARM GAS  /var/folders/qd/4mxf5pkd0zdf0b9dd1hp39180000gn/T//ccihXaeI.s 			page 16


 212      A2D96B69 
 212      0B326284 
 212      1C81
 213 0343 2C1E40A1 		.ascii	",\036@\241\353\262\335\353j\2737\250\335\241\235O\323"
 213      EBB2DDEB 
 213      6ABB37A8 
 213      DDA19D4F 
 213      D3
 214 0354 3D7007B3 		.ascii	"=p\007\263;1\224\327\352\000T\275d\021\216}\222\232"
 214      3B3194D7 
 214      EA0054BD 
 214      64118E7D 
 214      929A
 215 0366 DF27C469 		.ascii	"\337'\304ii\031\240f\231\251Y|\247\241\026\312\2206"
 215      6919A066 
 215      99A9597C 
 215      A7A116CA 
 215      9036
 216 0378 367AC0DD 		.ascii	"6z\300\335u\373\344\022\247pi\225s\250\025\271R0\374"
 216      75FBE412 
 216      A7706995 
 216      73A815B9 
 216      5230FC
 217 038b 03B8E8F6 		.ascii	"\003\270\350\366\276\012gV\215\267\210\305\224\322\347"
 217      BE0A6756 
 217      8DB788C5 
 217      94D2E7
 218 039a 571C98EE 		.ascii	"W\034\230\356D\272\007\216\027\271\261\352\264\223\356"
 218      44BA078E 
 218      17B9B1EA 
 218      B493EE
 219 03a9 1B0F3262 		.ascii	"\033\0172b]Yw#\321\253Z/\015jp\262\206z\373}\323\251"
 219      5D597723 
 219      D1AB5A2F 
 219      0D6A70B2 
 219      867AFB7D 
 220 03bf 355A78B5 		.ascii	"5Zx\265\304\274\323\373\013\006\324\325\215\326;\340"
 220      C4BCD3FB 
 220      0B06D4D5 
 220      8DD63BE0 
 221 03cf 54367AC7 		.ascii	"T6z\307\305\202\032\361\025\\K\364\244\222\252R\027"
 221      C5821AF1 
 221      155C4BF4 
 221      A492AA52 
 221      17
 222 03e0 9CCE3AEF 		.ascii	"\234\316:\357n\277S\345\210\263\230\"9\245\023\235J"
 222      6EBF53E5 
 222      88B39822 
 222      39A5139D 
 222      4A
 223 03f1 EB787105 		.ascii	"\353xq\005\341c\254\263\264\350|\2158\001?\305\362\322"
 223      E163ACB3 
 223      B4E87C8D 
 223      38013FC5 
 223      F2D2
 224 0403 B1E555F8 		.ascii	"\261\345U\370\340r\215\226\315G@d\0115u~\212\363\330"
 224      E0728D96 
ARM GAS  /var/folders/qd/4mxf5pkd0zdf0b9dd1hp39180000gn/T//ccihXaeI.s 			page 17


 224      CD474064 
 224      0935757E 
 224      8AF3D8
 225 0416 C8CAE1FC 		.ascii	"\310\312\341\374\243\342\3340\250\275\361U\023\036d"
 225      A3E2DC30 
 225      A8BDF155 
 225      131E64
 226 0425 3A821846 		.ascii	":\202\030Fh\227\243\330G^}H\357\211\036\262\251\274"
 226      6897A3D8 
 226      475E7D48 
 226      EF891EB2 
 226      A9BC
 227 0437 88CFFFBD 		.ascii	"\210\317\377\275.\236\026\210 |\252\241\257\343\373"
 227      2E9E1688 
 227      207CAAA1 
 227      AFE3FB
 228 0446 80BE47D1 		.ascii	"\200\276G\321\217\220N\032C\300Q\267\263\272\335\225"
 228      8F904E1A 
 228      43C051B7 
 228      B3BADD95 
 229 0456 E8CE9F43 		.ascii	"\350\316\237C\347ef%k\361i\346\344\301g]\217\304|y\203"
 229      E7656625 
 229      6BF169E6 
 229      E4C1675D 
 229      8FC47C79 
 230 046b 9AFDB234 		.ascii	"\232\375\2624\306\011\027\262\276\275\345\251\365sp"
 230      C60917B2 
 230      BEBDE5A9 
 230      F57370
 231 047a 0953A42D 		.ascii	"\011S\244-LG\2670\024}\3633\\\316z*\022\022\273\020"
 231      4C47B730 
 231      147DF333 
 231      5CCE7A2A 
 231      1212BB10 
 232 048e AE64CA40 		.ascii	"\256d\312@\354\375^1>\013A\335w\365\261\027\276\304"
 232      ECFD5E31 
 232      3E0B41DD 
 232      77F5B117 
 232      BEC4
 233 04a0 BAC66BAB 		.ascii	"\272\306k\253\274p={\256)\3149\212\360\015\246\014\247"
 233      BC703D7B 
 233      AE29CC39 
 233      8AF00DA6 
 233      0CA7
 234 04b2 D43CD6E2 		.ascii	"\324<\326\342\233LIo:t\316\011\2673%\373\365\376lW\334"
 234      9B4C496F 
 234      3A74CE09 
 234      B73325FB 
 234      F5FE6C57 
 235 04c7 C394E6E2 		.ascii	"\303\224\346\342\2268\027|\217)q\247N}\357\202\373\230"
 235      9638177C 
 235      8F2971A7 
 235      4E7DEF82 
 235      FB98
 236 04d9 125DDA96 		.ascii	"\022]\332\226 \276\002{\211~/\353^\272\263\230\025G"
 236      20BE027B 
 236      897E2FEB 
ARM GAS  /var/folders/qd/4mxf5pkd0zdf0b9dd1hp39180000gn/T//ccihXaeI.s 			page 18


 236      5EBAB398 
 236      1547
 237 04eb D0B737D5 		.ascii	"\320\2677\325\275B\370\011\003'\014\016\357u\2345\017"
 237      BD42F809 
 237      03270C0E 
 237      EF759C35 
 237      0F
 238 04fc E3521EFC 		.ascii	"\343R\036\374h\032\212\0122\237:\251\363\320\006\350"
 238      681A8A0A 
 238      329F3AA9 
 238      F3D006E8 
 239 050c 5B143D41 		.ascii	"[\024=A#;.E\266\272\272\354-R\347a6\364\002\373\266"
 239      233B2E45 
 239      B6BABAEC 
 239      2D52E761 
 239      36F402FB 
 240 0521 F42D2E68 		.ascii	"\364-.h)\273\346-\225.or;,\304\306\010\366\206\037p"
 240      29BBE62D 
 240      952E6F72 
 240      3B2CC4C6 
 240      08F6861F 
 241 0536 FB89DDBB 		.ascii	"\373\211\335\273\204\364JD\251~\2025\032\307\317\223"
 241      84F44A44 
 241      A97E8235 
 241      1AC7CF93 
 242 0546 D7C113CA 		.ascii	"\327\301\023\312[L\356\034\033\322\037\012\357\245X"
 242      5B4CEE1C 
 242      1BD21F0A 
 242      EFA558
 243 0555 4CE1CFD5 		.ascii	"L\341\317\325\360a\012\367\227\321W\024\350\327j\364"
 243      F0610AF7 
 243      97D15714 
 243      E8D76AF4 
 244 0565 AD29E828 		.ascii	"\255)\350(\301~',\212\242\373\221\016=\020\321R\225"
 244      C17E272C 
 244      8AA2FB91 
 244      0E3D10D1 
 244      5295
 245 0577 A1BBD35C 		.ascii	"\241\273\323\\iR\220\277\232\231\\\011oW\300_\252\341"
 245      695290BF 
 245      9A995C09 
 245      6F57C05F 
 245      AAE1
 246 0589 F7D49E8F 		.ascii	"\367\324\236\217\204\311\350\0365\272[A\236 fC\200\215"
 246      84C9E81E 
 246      35BA5B41 
 246      9E206643 
 246      808D
 247 059b 058D0162 		.ascii	"\005\215\001b\224v\022<\274>P\"\357\215v\362K\321w "
 247      9476123C 
 247      BC3E5022 
 247      EF8D76F2 
 247      4BD17720 
 248 05af 31205B40 		.ascii	"1 [@\266\202$\201D\203l\007\331\015\262\013d?H\024\310"
 248      B6822481 
 248      44836C07 
 248      D90DB20B 
ARM GAS  /var/folders/qd/4mxf5pkd0zdf0b9dd1hp39180000gn/T//ccihXaeI.s 			page 19


 248      643F4814 
 249 05c4 3E905890 		.ascii	">\220X\220x\220\035 \333@\366\202\354\001I\340\227\322"
 249      78901D20 
 249      DB40F682 
 249      EC0149E0 
 249      97D2
 250 05d6 7727F3B2 		.ascii	"w'\363\262R1\2477j/\365\352\010\014+\320\317f\316\335"
 250      5231A737 
 250      6A2FF5EA 
 250      080C2BD0 
 250      CF66CEDD 
 251 05ea 14B82204 		.ascii	"\024\270\"\004\2753\207@\031\260od\364\310\214\256("
 251      BD338740 
 251      19B06F64 
 251      F4C88CAE 
 251      28
 252 05fb C0950AEA 		.ascii	"\300\225\012\352A5\370\3514OF\024\216\017\315\014W\026"
 252      4135F8E9 
 252      344F4614 
 252      8E0FCD0C 
 252      5716
 253 060d 9D454677 		.ascii	"\235EFw\250\321\355\323+Z\341\313\0355\374\366T8\324"
 253      A8D1EDD3 
 253      2B5AE1CB 
 253      1D35FCF6 
 253      5438D4
 254 0620 67938515 		.ascii	"g\223\205\025\251\300\353\320[\021.-AtS\366\205\235"
 254      A9C0EBD0 
 254      5B112E2D 
 254      417453F6 
 254      859D
 255 0632 445F3ED6 		.ascii	"D_>\326EAi\020\024'n\177r\366j\006t\2311B\255\0375\335"
 255      45416910 
 255      14276E7F 
 255      72F66A06 
 255      74993142 
 256 064a 35B3A78A 		.ascii	"5\263\247\212y\335QD\341\305\314\005<\245\336\025\363"
 256      79DD5144 
 256      E1C5CC05 
 256      3CA5DE15 
 256      F3
 257 065b 7AAC86DF 		.ascii	"z\254\206\337\235\0264\005z`\346\327\000E\223O\232\272"
 257      9D163405 
 257      7A60E6D7 
 257      0045934F 
 257      9ABA
 258 066d D61C777C 		.ascii	"\326\034w|\304\201\236\320\013\342\332r=\220\367<6\335"
 258      C4819ED0 
 258      0BE2DA72 
 258      3D90F73C 
 258      36DD
 259 067f EE0147F8 		.ascii	"\356\001G\370lA\007`p2?\271\337\223\311\317\262P\320"
 259      6C410760 
 259      70323FB9 
 259      DF93C9CF 
 259      B250D0
 260 0692 F7B03EFE 		.ascii	"\367\260>\376\327k\205\034\366+2\2124\3123\306\001\305"
ARM GAS  /var/folders/qd/4mxf5pkd0zdf0b9dd1hp39180000gn/T//ccihXaeI.s 			page 20


 260      D76B851C 
 260      F62B328A 
 260      34CA33C6 
 260      01C5
 261 06a4 FC3894C2 		.ascii	"\3748\224\302\2633\006\374\0038\343\314\363\0247\234"
 261      B33306FC 
 261      0338E3CC 
 261      F314379C 
 262 06b4 EFC036A9 		.ascii	"\357\3006\251\202\226\012G8\322\330{\311\221f\305\261"
 262      82960A47 
 262      38D2D87B 
 262      C99166C5 
 262      B1
 263 06c5 5B7D8200 		.ascii	"[}\202\000<\261HC\017f\007\345i\302\343\324\003\322"
 263      3CB14843 
 263      0F6607E5 
 263      69C2E3D4 
 263      03D2
 264 06d7 219E1C6F 		.ascii	"!\236\034o\306O<M\364\300U\214-\263\277\270J\334\355"
 264      C64F3C4D 
 264      F4C0558C 
 264      2DB3BFB8 
 264      4ADCED
 265 06ea DD40ED3C 		.ascii	"\335@\355<\234\224\245a\033I\037\351\316\250\177\266"
 265      9C94A561 
 265      1B491FE9 
 265      CEA87FB6 
 266 06fa 5F8BAF33 		.ascii	"_\213\2573\354h_R\033bX\342\325\203\222\244j\355\254"
 266      EC685F52 
 266      1B6258E2 
 266      D58392A4 
 266      6AEDAC
 267 070d FBCA615E 		.ascii	"\373\312a^\334W2x\272\261\264\274.\033q\305\355\224"
 267      DC573278 
 267      BAB1B4BC 
 267      2E1B71C5 
 267      ED94
 268 071f 49931BF3 		.ascii	"I\223\033\363\343\240\006y{\"\200#m\266\364y\311\241"
 268      E3A00679 
 268      7B228023 
 268      6DB6F479 
 268      C9A1
 269 0731 A3BC1665 		.ascii	"\243\274\026e\362X\372^M\021\200~\360?\244\031\236\235"
 269      F258FA5E 
 269      4D11807E 
 269      F03FA419 
 269      9E9D
 270 0743 E83FFDF4 		.ascii	"\350?\375\364\0222\005\274\220C\313\351\266\205\216"
 270      123205BC 
 270      9043CBE9 
 270      B6858E
 271 0752 409E8E52 		.ascii	"@\236\216R{\331\274'\312b\006\005\241\361\251\203\274"
 271      7BD9BC27 
 271      CA620605 
 271      A1F1A983 
 271      BC
 272 0763 3721CA9D 		.ascii	"7!\312\235\006\375?\360\304\277\034^'yI\320\247\016"
ARM GAS  /var/folders/qd/4mxf5pkd0zdf0b9dd1hp39180000gn/T//ccihXaeI.s 			page 21


 272      06FD3FF0 
 272      C4BF1C5E 
 272      277949D0 
 272      A70E
 273 0775 D5BE71D6 		.ascii	"\325\276q\326\212\334q\277\304=\221|hh\216\222\373\330"
 273      8ADC71BF 
 273      C43D917C 
 273      68688E92 
 273      FBD8
 274 0787 CF719FFC 		.ascii	"\317q\237\374\251\277\\\263,Sh\264\223\317\214O\016"
 274      A9BF5CB3 
 274      2C5368B4 
 274      93CF8C4F 
 274      0E
 275 0798 640B71F9 		.ascii	"d\013q\3710\231\037a\301\246C\266\340\004\257\030\233"
 275      30991F61 
 275      C1A643B6 
 275      E004AF18 
 275      9B
 276 07a9 0A2D7FE3 		.ascii	"\012-\177\3439t\234_\006C;&\212\323\335p\017\213\177"
 276      39749C5F 
 276      06433B26 
 276      8AD3DD70 
 276      0F8B7F
 277 07bc D683FA18 		.ascii	"\326\203\372\030\347\311\314/=\256\310<9\241\346\312"
 277      E7C9CC2F 
 277      3DAEC83C 
 277      39A1E6CA 
 278 07cc 99CF5567 		.ascii	"\231\317Ug"
 279 07d0 FE04CD7C 		.ascii	"\376\004\315|\305\243#)\032<\304\330\0366\344l\022\311"
 279      C5A32329 
 279      1A3CC4D8 
 279      1E36E46C 
 279      12C9
 280 07e2 FA3F6067 		.ascii	"\372?`g\373\014v\266\317\223\211\362\324D')\321w\325"
 280      FB0C76B6 
 280      CF9389F2 
 280      D4442729 
 280      D177D5
 281 07f5 2363AE38 		.ascii	"#c\2568\332\221\022\335l\213-\026\313\302Eq \236/\036"
 281      DA9112DD 
 281      6C8B2D16 
 281      CBC24571 
 281      209E2F1E 
 282 0809 88DF0E36 		.ascii	"\210\337\0166\276\025O\205\344+w\264vk\032\232\265j"
 282      BE154F85 
 282      E42B77B4 
 282      766B1A9A 
 282      B56A
 283 081b CE4A5573 		.ascii	"\316JUs\206\005\272\374jS\233\273:\211\247!X\247h\260"
 283      8605BAFC 
 283      6A539BBB 
 283      3A89A721 
 283      58A768B0 
 284 082f 0A68A0CF 		.ascii	"\012h\240\317J\201n\356\336iPgeVpyr\326\0269+\037\244"
 284      4A816EEE 
 284      DE695067 
ARM GAS  /var/folders/qd/4mxf5pkd0zdf0b9dd1hp39180000gn/T//ccihXaeI.s 			page 22


 284      65567079 
 284      72D61639 
 285 0846 8A592914 		.ascii	"\212Y)\024\263\002\0371\212\261\371bV\212hV\012\223"
 285      B3021F31 
 285      8AB1F962 
 285      568A6856 
 285      0A93
 286 0858 F7FD0EC7 		.ascii	"\367\375\016\307\263\331w\\Hk\347\345\244\344\015\313"
 286      B3D9775C 
 286      486BE7E5 
 286      A4E40DCB 
 287 0868 4921DF2B 		.ascii	"I!\337+\347\344X\236S\307\262\230\306\262{kK\266\026"
 287      E7E4589E 
 287      53C7B298 
 287      C6B27B6B 
 287      4BB616
 288 087b 6730B61D 		.ascii	"g0\266\035\261\265\257]d\247\322TN\335\230\342T\211"
 288      B1B5AF5D 
 288      64A7D254 
 288      4EDD98E2 
 288      5489
 289 088d E85429BF 		.ascii	"\350T)\277\214[\350\353\253g\277p\253~SP\250\336\032"
 289      8C5BE8EB 
 289      AB67BF70 
 289      AB7E5350 
 289      A8DE1A
 290 08a0 19ACB7DA 		.ascii	"\031\254\267\332|\203\235\326~\361\347\305\006\177\177"
 290      7C839DD6 
 290      7EF1E7C5 
 290      067F7F
 291 08af 4E6B326D 		.ascii	"Nk2m\016\261\330\226\007\230l\211H\277*\"\"4$8\310\026"
 291      0EB1D896 
 291      07986C89 
 291      48BF2A22 
 291      22342438 
 292 08c5 126EB1EA 		.ascii	"\022n\261\352\327\004\207\206DX\315&\263O\304\346\340"
 292      D7048786 
 292      4458CD26 
 292      B34FC4E6 
 292      E0
 293 08d6 6F027C83 		.ascii	"o\002|\203\"\"\364\206p\213\315l\261M\353\324o\010\017"
 293      2222F486 
 293      708BCD6C 
 293      B14DEBD4 
 293      6F080F
 294 08e9 0FB5EABF 		.ascii	"\017\265\352\277\016\016\366\011\212\014\363\261\204"
 294      0E0EF609 
 294      8A0CF3B1 
 294      84
 295 08f6 5BCC3EE6 		.ascii	"[\314>\346\240\277\207\370\254\364\011\360\363_\351"
 295      A0BF87F8 
 295      ACF409F0 
 295      F35FE9
 296 0905 F3CF153E 		.ascii	"\363\317\025>aA\377\010\217\324O\351\325\207X\202C7"
 296      6141FF08 
 296      8FD44FE9 
 296      D5875882 
ARM GAS  /var/folders/qd/4mxf5pkd0zdf0b9dd1hp39180000gn/T//ccihXaeI.s 			page 23


 296      4337
 297 0917 6F34EBC3 		.ascii	"o4\353\303\202\2027\205X\314z\323F\363WA\233Cm&\333"
 297      82823785 
 297      58CC7AD3 
 297      46F35741 
 297      9B436D26 
 298 092c B71166AB 		.ascii	"\267\021f\253\357&\316Irn\333\377\3179\353\267V\275"
 298      EF26CE49 
 298      726EDBFF 
 298      CF39EBB7 
 298      56BD
 299 093e C96ADB08 		.ascii	"\311j\333\010\236\200G\316\240\332B\302\314&\333\373"
 299      9E8047CE 
 299      A0DA42C2 
 299      CC26DBFB 
 300 094e EAE0865B 		.ascii	"\352\340\206[\351\315'\324l\265\352W\031\003\015\201"
 300      E9CD27D4 
 300      6CB5EA57 
 300      19030D81 
 301 095e FFA66D30 		.ascii	"\377\246m0\312\321j[g\011\261-\232-\037\234\253\325"
 301      CAD16A5B 
 301      6709B12D 
 301      9A2D1F9C 
 301      ABD5
 302 0970 B6DE1614 		.ascii	"\266\336\026\024i[\025\012N\270\020%<\202>k\341\331"
 302      695B150A 
 302      4EB81025 
 302      3C823E6B 
 302      E1D9
 303 0982 6C931ED7 		.ascii	"l\223\036\327\232'\021\246\320\320\215\246\020 \325"
 303      9A2711A6 
 303      D0D08DA6 
 303      1020D5
 304 0991 AB4923C2 		.ascii	"\253I#\302#!\010\3537\004.\017\320\177\376\371j\375"
 304      232108EB 
 304      37042E0F 
 304      D07FFEF9 
 304      6AFD
 305 09a3 867581FF 		.ascii	"\206u\201\377\362\327\263\021\340\213\203\301\020h\\"
 305      F2D7B311 
 305      E08B83C1 
 305      10685C
 306 09b2 CEFFD1A8 		.ascii	"\316\377\321\250Y\035\270\312\210W\033\214\232\317V"
 306      591DB8CA 
 306      88571B8C 
 306      9ACF56
 307 09c1 6F306283 		.ascii	"o0b\203\301\210\215 \253\214F\374\247\365\006l\370b"
 307      C1888D20 
 307      AB8C46FC 
 307      A7F5066C 
 307      F862
 308 09d3 83C66058 		.ascii	"\203\306`Xc\244\370\000z\367\307k\326\032\371\3650r"
 308      63A4F800 
 308      7AF7C76B 
 308      D61AF9F5 
 308      3072
 309 09e5 DD1AA366 		.ascii	"\335\032\243f} \240\015\306\000\020\177@\376\305\030"
ARM GAS  /var/folders/qd/4mxf5pkd0zdf0b9dd1hp39180000gn/T//ccihXaeI.s 			page 24


 309      7D20A00D 
 309      C600107F 
 309      40FEC518 
 310 09f5 F0AE9E84 		.ascii	"\360\256\236\204\221\224\206\204\2013.\223\212\311\246"
 310      91948684 
 310      81332E93 
 310      8AC9A6
 311 0a04 13276525 		.ascii	"\023'e%\2010\005\221y\272\231L_m\266\004\233L\276\037"
 311      81300591 
 311      79BA994C 
 311      5F6DB604 
 311      9B4CBE1F 
 312 0a18 FA2DFFC8 		.ascii	"\372-\377\310I\3224\301\233\202\"\337\233\204\207G0"
 312      49D234C1 
 312      9B8222DF 
 312      9B848747 
 312      30
 313 0a29 F45CA9C5 		.ascii	"\364\\\251\305<\303\360\025\037J\335_\317\324\375[\277"
 313      3CC3F015 
 313      1F4ADD5F 
 313      CFD4FD5B 
 313      BF
 314 0a3a FF0244B4 		.ascii	"\377\002D\264+^"
 314      2B5E
 315              		.text
 316              		.section	.gnu.lto_.symtab.f6238e14ae950ea1,"",%progbits
 317 0000 7374496E 		.ascii	"stInit\000"
 317      697400
 318 0007 00       		.ascii	"\000"
 319 0008 00       		.ascii	"\000"
 320 0009 00       		.ascii	"\000"
 321 000a 00000000 		.ascii	"\000\000\000\000\000\000\000\000"
 321      00000000 
 322 0012 C8000000 		.ascii	"\310\000\000\000"
 323 0016 73745374 		.ascii	"stStartAlarm\000"
 323      61727441 
 323      6C61726D 
 323      00
 324 0023 00       		.ascii	"\000"
 325 0024 00       		.ascii	"\000"
 326 0025 00       		.ascii	"\000"
 327 0026 00000000 		.ascii	"\000\000\000\000\000\000\000\000"
 327      00000000 
 328 002e CC000000 		.ascii	"\314\000\000\000"
 329 0032 73745374 		.ascii	"stStopAlarm\000"
 329      6F70416C 
 329      61726D00 
 330 003e 00       		.ascii	"\000"
 331 003f 00       		.ascii	"\000"
 332 0040 00       		.ascii	"\000"
 333 0041 00000000 		.ascii	"\000\000\000\000\000\000\000\000"
 333      00000000 
 334 0049 CE000000 		.ascii	"\316\000\000\000"
 335 004d 73745365 		.ascii	"stSetAlarm\000"
 335      74416C61 
 335      726D00
 336 0058 00       		.ascii	"\000"
ARM GAS  /var/folders/qd/4mxf5pkd0zdf0b9dd1hp39180000gn/T//ccihXaeI.s 			page 25


 337 0059 00       		.ascii	"\000"
 338 005a 00       		.ascii	"\000"
 339 005b 00000000 		.ascii	"\000\000\000\000\000\000\000\000"
 339      00000000 
 340 0063 D0000000 		.ascii	"\320\000\000\000"
 341 0067 73744765 		.ascii	"stGetAlarm\000"
 341      74416C61 
 341      726D00
 342 0072 00       		.ascii	"\000"
 343 0073 00       		.ascii	"\000"
 344 0074 00       		.ascii	"\000"
 345 0075 00000000 		.ascii	"\000\000\000\000\000\000\000\000"
 345      00000000 
 346 007d D3000000 		.ascii	"\323\000\000\000"
 347 0081 73745F6C 		.ascii	"st_lld_init\000"
 347      6C645F69 
 347      6E697400 
 348 008d 00       		.ascii	"\000"
 349 008e 02       		.ascii	"\002"
 350 008f 00       		.ascii	"\000"
 351 0090 00000000 		.ascii	"\000\000\000\000\000\000\000\000"
 351      00000000 
 352 0098 D5000000 		.ascii	"\325\000\000\000"
 353              		.text
 354              		.section	.gnu.lto_.opts,"",%progbits
 355 0000 272D666D 		.ascii	"'-fmath-errno' '-fsigned-zeros' '-ftrapping-math' '"
 355      6174682D 
 355      6572726E 
 355      6F272027 
 355      2D667369 
 356 0033 2D666E6F 		.ascii	"-fno-trapv' '-fno-openmp' '-fno-openacc' '-mcpu=cor"
 356      2D747261 
 356      70762720 
 356      272D666E 
 356      6F2D6F70 
 357 0066 7465782D 		.ascii	"tex-m4' '-mno-thumb-interwork' '-mthumb' '-O2' '-fo"
 357      6D342720 
 357      272D6D6E 
 357      6F2D7468 
 357      756D622D 
 358 0099 6D69742D 		.ascii	"mit-frame-pointer' '-falign-functions=16' '-ffuncti"
 358      6672616D 
 358      652D706F 
 358      696E7465 
 358      72272027 
 359 00cc 6F6E2D73 		.ascii	"on-sections' '-fdata-sections' '-fno-common' '-flto"
 359      65637469 
 359      6F6E7327 
 359      20272D66 
 359      64617461 
 360 00ff 2700     		.ascii	"'\000"
 361              		.text
 362              		.comm	__gnu_lto_v1,1,1
 363              		.comm	__gnu_lto_slim,1,1
 364              		.ident	"GCC: (GNU Tools for Arm Embedded Processors 7-2017-q4-major) 7.2.1 20170904 (release) [ARM
ARM GAS  /var/folders/qd/4mxf5pkd0zdf0b9dd1hp39180000gn/T//ccihXaeI.s 			page 26


DEFINED SYMBOLS
                            *ABS*:0000000000000000 st.c
                            *COM*:0000000000000001 __gnu_lto_v1
                            *COM*:0000000000000001 __gnu_lto_slim

NO UNDEFINED SYMBOLS
