ARM GAS  /var/folders/qd/4mxf5pkd0zdf0b9dd1hp39180000gn/T//ccj33lTU.s 			page 1


   1              		.cpu cortex-m0
   2              		.eabi_attribute 20, 1
   3              		.eabi_attribute 21, 1
   4              		.eabi_attribute 23, 3
   5              		.eabi_attribute 24, 1
   6              		.eabi_attribute 25, 1
   7              		.eabi_attribute 26, 1
   8              		.eabi_attribute 30, 2
   9              		.eabi_attribute 34, 0
  10              		.eabi_attribute 18, 4
  11              		.file	"nilcore_v6m.c"
  12              		.section	.gnu.lto_.profile.7fe774a2785dfc3,"",%progbits
  13 0000 789C6363 		.ascii	"x\234cc```\001bF\006Iq\000\000\301\000<"
  13      60606001 
  13      62460649 
  13      710000C1 
  13      003C
  14              		.text
  15              		.section	.gnu.lto_.icf.7fe774a2785dfc3,"",%progbits
  16 0000 789C6363 		.ascii	"x\234cc``\340c@\000&\206\215/'\034\340c\374\276\374"
  16      6060E063 
  16      40002686 
  16      8D2F271C 
  16      E063FCBE 
  17 0015 E33E6606 		.ascii	"\343>f\006\0000\221\006`"
  17      00309106 
  17      60
  18              		.text
  19              		.section	.gnu.lto_.jmpfuncs.7fe774a2785dfc3,"",%progbits
  20 0000 789C6363 		.ascii	"x\234cc``\340e@\000& f\004\202\3729\314\014\014\000"
  20      6060E065 
  20      40002620 
  20      660482FA 
  20      39CC0C0C 
  21 0015 073C0138 		.ascii	"\007<\0018"
  22              		.text
  23              		.section	.gnu.lto_.inline.7fe774a2785dfc3,"",%progbits
  24 0000 789C6363 		.ascii	"x\234cc``\210b@\000&\006\006N\016F\006&\236\007\261"
  24      60608862 
  24      40002606 
  24      064E0E46 
  24      06269E07 
  25 0015 0C6C0BE4 		.ascii	"\014l\013\344\231@b\214\014B\274\214\314\014\012\331"
  25      9940628C 
  25      0C42BC8C 
  25      CC0C0AD9 
  26 0025 539819DB 		.ascii	"S\230\031\333\272Z\217\260v3\317afd\374\370\377\377"
  26      BA5A8FB0 
  26      7633CF61 
  26      6664FCF8 
  26      FFFF
  27 0037 7F7EC6CD 		.ascii	"\177~\306\315\2142\014\014\012YP\232\221\201\201\005"
  27      8C320C0C 
  27      0A59509A 
  27      91818105 
  28 0047 A803AC93 		.ascii	"\250\003\254\223e\201\274\000\203\324\202NF\026\260"
  28      6581BC00 
ARM GAS  /var/folders/qd/4mxf5pkd0zdf0b9dd1hp39180000gn/T//ccj33lTU.s 			page 2


  28      83D4824E 
  28      4616B0
  29 0056 C9001152 		.ascii	"\311\000\021R\020\213"
  29      108B
  30              		.text
  31              		.section	.gnu.lto_.pureconst.7fe774a2785dfc3,"",%progbits
  32 0000 789C6363 		.ascii	"x\234cc```\007b&\206]\214\214\273\030\001\005\342\001"
  32      60606007 
  32      6226865D 
  32      8C8CBB18 
  32      0105E201 
  33 0014 87       		.ascii	"\207"
  34              		.text
  35              		.section	.gnu.lto_NMI_Handler.7fe774a2785dfc3,"",%progbits
  36 0000 789C9553 		.ascii	"x\234\225S]H\024Q\024\276g\356\354\270\331Z\317\225"
  36      5D481451 
  36      14BE67EE 
  36      ECB8D95A 
  36      CF95
  37 0012 C42CE183 		.ascii	"\304,\341\203$\273A\340[\017!\004=,\205\373\026D\304"
  37      24BB41E0 
  37      5B0F2104 
  37      3D2C85FB 
  37      1644C4
  38 0025 B4A9A4EE 		.ascii	"\264\251\244\356\262\273\206=9\256\346O\226H\332\226"
  38      B2BB863D 
  38      39AEE64F 
  38      9648DA96 
  39 0035 CB84A450 		.ascii	"\313\204\244P\202d\332\366\347O\272e\376U\032\011\025"
  39      8264DAF6 
  39      E74FBA65 
  39      FE551A09 
  39      15
  40 0046 5151AC26 		.ascii	"QQ\254&\350\202\220\024d\220u\316\235\255V\353\245\313"
  40      E8829014 
  40      649075CE 
  40      9DAD56EB 
  40      A5CB
  41 0058 CEDDB9E7 		.ascii	"\316\335\271\347|\337\271\337\371\356\035\2051\266\314"
  41      7CDFB9DF 
  41      F9EE1D85 
  41      31B6CC
  42 0067 197B8DFF 		.ascii	"\031{\215\377\333\360\001\316@j\232f\254\322*\001\320"
  42      DBF001CE 
  42      406A9A66 
  42      ACD22A01 
  42      D0
  43 0078 8B6E0556 		.ascii	"\213n\005V!A\005\234\345-\034\036\326\316\367I\331\327"
  43      2141059C 
  43      E52D1C1E 
  43      D6CEF749 
  43      D9D7
  44 008a 741CB18B 		.ascii	"t\034\261\213\337\266\350\23510\220\036\306\207\006"
  44      DFB6E89D 
  44      3130901E 
  44      C68706
  45 0099 44219B21 		.ascii	"D!\233!\354yu\217\301\033\270\301\001d\\~\232\212\314"
ARM GAS  /var/folders/qd/4mxf5pkd0zdf0b9dd1hp39180000gn/T//ccj33lTU.s 			page 3


  45      EC79758F 
  45      C11BB8C1 
  45      01645C7E 
  45      9A8ACC
  46 00ac 6EA2A504 		.ascii	"n\242\245\004*.\317L\316\265o\346\016 \344\342\360\302"
  46      2A2ECF4C 
  46      CEB56FE6 
  46      0E20E4E2 
  46      F0C2
  47 00be 8A2DAB43 		.ascii	"\212-\253C\327Czl\372\322\366\366*}B\227\015\316\341"
  47      D7437A6C 
  47      FAD2F6F6 
  47      2A7D4297 
  47      0DCEE1
  48 00d1 0E70AC0A 		.ascii	"\016p\254\012\267!\023nA\246\250\216\360x\357\352\205"
  48      B721136E 
  48      41A6A88E 
  48      F078EFEA 
  48      85
  49 00e2 0C4586BB 		.ascii	"\014E\206\273\220en\012\367@a\300\230D!\004\3147\214"
  49      90656E0A 
  49      F74061C0 
  49      98442104 
  49      CC378C
  50 00f5 0EA5F1DD 		.ascii	"\016\245\361\335\242\366\227\317\275W\225d\355W\343"
  50      A2F697CF 
  50      BD579564 
  50      ED57E3
  51 0104 B92F476B 		.ascii	"\271/Gk\364\246\007V\203\313\320\367wq\350\207\254\033"
  51      F4A60756 
  51      83CBD0F7 
  51      7771E887 
  51      AC1B
  52 0116 339698BE 		.ascii	"3\226\230\276\372\243\026{\333Z;>\337*\245\0013\270"
  52      FAA3167B 
  52      DB5A3B3E 
  52      DF2AA501 
  52      33B8
  53 0128 0591585C 		.ascii	"\005\221X\\\026\263E\000\031\253\303\315\321\036=\306"
  53      16B34500 
  53      19ABC3CD 
  53      D11E3DC6 
  54 0138 EAB9446F 		.ascii	"\352\271DoU1\226\200\312xb\344M\306o\235\325\246O\347"
  54      55319680 
  54      CA7862E4 
  54      4DC66F9D 
  54      D5A64FE7 
  55 014c 9562A133 		.ascii	"\225b\2413\314!\265\007\252\003\003\240\300 \2650h\366"
  55      CC21B507 
  55      AA0303A0 
  55      C020B530 
  55      68F6
  56 015e 51808070 		.ascii	"Q\200\200pc\270M\266\227\265\351\227T\203+D\371\036"
  56      63B84DB6 
  56      97B5E997 
  56      54832B44 
  56      F91E
ARM GAS  /var/folders/qd/4mxf5pkd0zdf0b9dd1hp39180000gn/T//ccj33lTU.s 			page 4


  57 0170 3F3DBB41 		.ascii	"?=\273A\226P\345}\260\013#\306\342\321~\005#0\004r\204"
  57      9650E57D 
  57      B00B23C6 
  57      E2D17E05 
  57      23300472 
  58 0185 5B30330C 		.ascii	"[03\0142\233\207\320\007R@\325\250>e(\326P_\265\215"
  58      329B87D0 
  58      075240D5 
  58      A83E6528 
  58      D6505FB5 
  59 019a 1498DA17 		.ascii	"\024\230\332\027!\264\\\273b\241@\204\363$F\025\371"
  59      21B45CBB 
  59      62A14084 
  59      F3244615 
  59      F9
  60 01ab BBC4E188 		.ascii	"\273\304\341\210\2502j\336\365f\232\020\334\200\247"
  60      A8326ADE 
  60      F5669A10 
  60      DC80A7
  61 01ba 9E22800A 		.ascii	"\236\"\200\0121\264m-K6\353\236\213\332L\026P\350\027"
  61      31B46D2D 
  61      4B36EB9E 
  61      8BDA4C16 
  61      50E817
  62 01cd 04E9E389 		.ascii	"\004\351\343\211\271\313V~JXp\266k\271\233'Of\251 \242"
  62      B9CB567E 
  62      4A5870B6 
  62      6BB99B27 
  62      4F66A920 
  63 01e2 C7AA553A 		.ascii	"\307\252U:\226\007\3778\226\207T\033\320\333P<\321\374"
  63      9607FF38 
  63      9687541B 
  63      D0DB503C 
  63      D1FC
  64 01f4 7EBDB7CD 		.ascii	"~\275\267\315=\012!\222\366J)\3662\030Ae\217\310U\234"
  64      3D0A2192 
  64      F64A29F6 
  64      32184165 
  64      8FC8559C 
  65 0208 00BDAD03 		.ascii	"\000\275\255\003\314\266\267\335\374\232n\017\203in"
  65      CCB6B7DD 
  65      FC9A6E0F 
  65      83696E
  66 0217 1A11AECF 		.ascii	"\032\021\256\317\016\350Va\356h\322\334\267\221\376"
  66      0EE85661 
  66      EE68D2DC 
  66      B791FE
  67 0226 96743277 		.ascii	"\226t2w\214\314\305S\201qq\217;zCOm\366VH9\231\351\306"
  67      8CCCC553 
  67      8171718F 
  67      3B7A434F 
  67      6DF65648 
  68 023e D0159B20 		.ascii	"\320\025\233 O\020\031&\341O\323B\231\270\025\013\321"
  68      4F101926 
  68      E14FD342 
  68      99B8150B 
  68      D1
ARM GAS  /var/folders/qd/4mxf5pkd0zdf0b9dd1hp39180000gn/T//ccj33lTU.s 			page 5


  69 024f 28AC577E 		.ascii	"(\254W~GI\252\346l]*\321\245\036f\360\230r\362\372\\"
  69      4749AAE6 
  69      6C5D2AD1 
  69      A51E66F0 
  69      9872F2FA 
  70 0264 FC108327 		.ascii	"\374\020\203'\224\261\254\351\365)\3566E\275\322\204"
  70      94B1ACE9 
  70      F529EE36 
  70      45BDD284 
  71 0274 BD4ED276 		.ascii	"\275N\322v\235C#\037m\366\231\244\\+\021\226\273o\276"
  71      9D43231F 
  71      6DF699A4 
  71      5C2B1196 
  71      BB6FBE
  72 0287 D828E44E 		.ascii	"\330(\344N\013\271\317P\356\022]\020c\207\370\222h\324"
  72      0BB9CF50 
  72      EE125D10 
  72      6387F892 
  72      68D4
  73 0299 61C778A1 		.ascii	"a\307x\241\021\264\323\341p\232?o\300YZT\354\364y\375"
  73      11B4D3E1 
  73      709A3F6F 
  73      C0595A54 
  73      ECF479FD 
  74 02ad C180736F 		.ascii	"\301\200so\276+\317UN\001\315\353\367\0349\231[\342"
  74      BE2BCF55 
  74      4E01CDEB 
  74      F71C3999 
  74      5BE2
  75 02bf D098AC05 		.ascii	"\320\230\254\005\313}\212\337\023(+\016\346\244\362"
  75      CB7D8ADF 
  75      13282B0E 
  75      E6A4F2
  76 02ce 3CE54167 		.ascii	"<\345Ag\236\313\275\337\355,*\325\212\313\216y\234\202"
  76      9ECBBDDF 
  76      ED2C2AD5 
  76      8ACB8E79 
  76      9C82
  77 02e0 A595EC2B 		.ascii	"\245\225\354++\325\034\205,\303\225\357V\263v\345\250"
  77      2BD51C85 
  77      2CC395EF 
  77      56B376E5 
  77      A8
  78 02f1 BE802F9D 		.ascii	"\276\200/\235\361=~\266)\350\365\0358~\320\357\325\334"
  78      F13D7EB6 
  78      29E8F51D 
  78      387ED0EF 
  78      D5DC
  79 0303 C1A3DA89 		.ascii	"\301\243\332\211\014\227;\237\2229\210Jg\222\237\361"
  79      0C973B9F 
  79      9239884A 
  79      67929FF1 
  80 0313 80EF3FA4 		.ascii	"\200\357?\244\0252\253\346\013\024y\324\"\226V\342)"
  80      1532ABE6 
  80      0B1479D4 
  80      229656E2 
  80      29
ARM GAS  /var/folders/qd/4mxf5pkd0zdf0b9dd1hp39180000gn/T//ccj33lTU.s 			page 6


  81 0324 F1FA4FB1 		.ascii	"\361\372O\261\237\375\330\1776"
  81      9FFDD87F 
  81      36
  82              		.text
  83              		.section	.gnu.lto__port_irq_epilogue.7fe774a2785dfc3,"",%progbits
  84 0000 789C9D54 		.ascii	"x\234\235T[L\034e\024\376\317\374\2633\313v\201\244"
  84      5B4C1C65 
  84      14FECFFC 
  84      B333CB76 
  84      81A4
  85 0012 F6C1181E 		.ascii	"\366\301\030\036\226D\254\215\204\325\030\233\364\301"
  85      9644AC8D 
  85      84D5189B 
  85      F4C1
  86 0020 07D3C444 		.ascii	"\007\323\304D\223\215\006\236|2\272\320H\004v\263\273"
  86      938D069E 
  86      7C32BAD0 
  86      480476B3 
  86      BB
  87 0031 187C6258 		.ascii	"\030|bX\256\005BL-[\263Y\226\225\252H\014(\275Y(\205"
  87      AE05424C 
  87      2D5BB359 
  87      9695AA48 
  87      0C28BD59 
  88 0047 152850E5 		.ascii	"\025(P\345\"\245\245\026\266\224r\353\3156\262\251V"
  88      22A5A516 
  88      B69472EB 
  88      CD36B2A9 
  88      56
  89 0058 3180E7FC 		.ascii	"1\200\347\3743X\300[\343\204\375\2319\267\357\234\357"
  89      3358C05B 
  89      E384FD99 
  89      39B7EF9C 
  89      EF
  90 0069 9CFF288C 		.ascii	"\234\377(\214\261\313\012c1\374\357\300\037\250\014"
  90      B1CB0A63 
  90      31FCEFC0 
  90      1FA80C
  91 0078 A40F4619 		.ascii	"\244\017F\031+1K\022\017\357c\232E\211\357b\232\225"
  91      2B314B12 
  91      0FEF639A 
  91      4589EF62 
  91      9A95
  92 008a 4BF2EAF3 		.ascii	"K\362\352\363\370e\372\360\011\374\222A\321\215L\033"
  92      F865FAF0 
  92      09FC9241 
  92      D18D4C1B 
  93 009a 2F0A00BD 		.ascii	"/\012\000\275hf`\305\022\227M\012\024C-?\314\241\267"
  93      686660C5 
  93      12974D0A 
  93      14432D3F 
  93      CCA1B7
  94 00ad 72A943DA 		.ascii	"r\251C\332\323\254\341\023=\322\245Vh\345\217\2078c"
  94      D3ACE113 
  94      3DD2A556 
  94      68E58F87 
  94      3863
ARM GAS  /var/folders/qd/4mxf5pkd0zdf0b9dd1hp39180000gn/T//ccj33lTU.s 			page 7


  95 00bf 01FCD103 		.ascii	"\001\374\321\003\307a\017Z\215\227}\025\3425<\304\001"
  95      C7610F5A 
  95      8D977D15 
  95      E2353CC4 
  95      01
  96 00d0 64FC5C1E 		.ascii	"d\374\\\036\011\316'\321\247\0046\374\234i[\353Rx\006"
  96      09CE27D1 
  96      A70436FC 
  96      9C695BEB 
  96      527806
  97 00e3 307C7F10 		.ascii	"0|\177\020\277\0266\355\376T\323\374Z\364\342'\\{2\304"
  97      BF1636ED 
  97      FE54D3FC 
  97      5AF4E227 
  97      5C7B32C4 
  98 00f7 399C028E 		.ascii	"9\234\002\216\001\341$\244\300\011Ha(b\3605\354&\373"
  98      01E124A4 
  98      C0094861 
  98      2862F035 
  98      EC26FB
  99 010a B9F6B5FA 		.ascii	"\271\366\265\372DE\326\001\3414(\200\302\352\363\013"
  99      4445D601 
  99      E1342880 
  99      C2EAF30B 
 100 011a 4DC9FC39 		.ascii	"M\311\3749\021\360v\317\255\337\254iGE\300\321\360\316"
 100      11F076CF 
 100      ADDFAC69 
 100      4745C0D1 
 100      F0CE
 101 012c A3A5DA90 		.ascii	"\243\245\332\220&\207\270\014\035[\203\322\3630\036"
 101      2687B80C 
 101      1D5B83D2 
 101      F3301E
 102 013b 74429A08 		.ascii	"tB\232\010\267IX&\212\234\011[\030\234\001%\300a\273"
 102      B7495826 
 102      8A9C095B 
 102      189C0125 
 102      C061BB
 103 014e EAC180FD 		.ascii	"\352\301\200\375\005\006]\244\223\266\353\246\336`p"
 103      05065DA4 
 103      93B6EBA6 
 103      DE6070
 104 015d 96347C73 		.ascii	"\2264|s\326\320\215\011\367 \012\035\300\230D\270\250"
 104      D6D08D09 
 104      F7200A1D 
 104      C09844B8 
 104      A8
 105 016e 5FAA39D7 		.ascii	"_\2529\327\255\362\267\005\302\317\367\333?S\214\002"
 105      ADF2B705 
 105      C2CFF7DB 
 105      3F538C02 
 106 017e C61A9EBE 		.ascii	"\306\032\236\276;uS\323\016UA\210\233 \372\327\022\340"
 106      3B7553D3 
 106      0E554188 
 106      9B20FAD7 
 106      12E0
 107 0190 1B48FBF2 		.ascii	"\033H\373\362\202)\252\255\255WbGR\032B\267Z\322\222"
ARM GAS  /var/folders/qd/4mxf5pkd0zdf0b9dd1hp39180000gn/T//ccj33lTU.s 			page 8


 107      8229AAAD 
 107      AD576247 
 107      521A42B7 
 107      5AD292
 108 01a3 00395324 		.ascii	"\0009S$<TN\207\011\210>\234\005D3\213\323*\034\031\253"
 108      3C544E87 
 108      09883E9C 
 108      0544338B 
 108      D32A1C19 
 109 01b8 421AB1D1 		.ascii	"B\032\261\321Z\224\035\304\032\360\2554\312\026\241"
 109      5A941DC4 
 109      1AF0AD34 
 109      CA16A1
 110 01c7 6CBA6F20 		.ascii	"l\272o l%:\202\334\204)UT\227\367\233\250\177fX^__O"
 110      6C253A82 
 110      DC842955 
 110      5497F79B 
 110      A87F6658 
 111 01df 865E03FD 		.ascii	"\206^\003\375 \226\027\336\207>w\240d\356F]l\022Du\014"
 111      209617DE 
 111      873E77A0 
 111      64EE465D 
 111      6C124475 
 112 01f4 5880FAF2 		.ascii	"X\200\372\362yw\337\2425\265\021\032\265\217l!\236@"
 112      7977DFA2 
 112      35B5111A 
 112      B58F6C21 
 112      9E40
 113 0206 D5C5DB8E 		.ascii	"\325\305\333\216]\332!Kh\322\007\251x\366\203L\316M"
 113      5DDA214B 
 113      68D207A9 
 113      78F6834C 
 113      CE4D
 114 0218 CB7BB711 		.ascii	"\313{\267\021x$\246\276j\020/on\024\245\015\347\220"
 114      7824A6BE 
 114      6A102F6F 
 114      6E14A50D 
 114      E790
 115 022a BD01A251 		.ascii	"\275\001\242Q\034\2145\023Z\240.\320(\247\2364\320,"
 115      1C8C3513 
 115      5AA02ED0 
 115      28A79E34 
 115      D02C
 116 023c E4B43A57 		.ascii	"\344\264:W>\237 \320\006\011\015%\003s\307;\025\224"
 116      3E9F20D0 
 116      06090D25 
 116      0373C73B 
 116      1594
 117 024e C010C841 		.ascii	"\300\020\310AnE\315y\314`\011\374\2637\352NO\003\005"
 117      6E45CD79 
 117      CC6009FC 
 117      B337EA4E 
 117      4F0305
 118 0261 24085291 		.ascii	"$\010R\221\260\346^\337NJBg\3536\370\343\225-\234\004"
 118      B0E65EDF 
 118      4E4A4267 
 118      EB36F8E3 
ARM GAS  /var/folders/qd/4mxf5pkd0zdf0b9dd1hp39180000gn/T//ccj33lTU.s 			page 9


 118      952D9C04 
 119 0275 41AE1A36 		.ascii	"A\256\03266\241\357$\037\025-JC\025\255=\331\272\211"
 119      36A1EF24 
 119      1F152D4A 
 119      4315AD3D 
 119      D9BA89
 120 0288 19458839 		.ascii	"\031E\2109q\275?`\322o\303\254\240\357[\244o\253\247"
 120      71BD3F60 
 120      D26FC3AC 
 120      A0EF5BA4 
 120      6FABA7
 121 029b 598F7DB5 		.ascii	"Y\217}\265g\227\356\011$\3320\301\020\203w\026\032\314"
 121      6797EE09 
 121      24DA30C1 
 121      10837716 
 121      1ACC
 122 02ad BC03C484 		.ascii	"\274\003\304\204\324~\021o\343\306\204\374\322`\015"
 122      D47E116F 
 122      E3C684FC 
 122      D2600D
 123 02bc 6AD1321B 		.ascii	"j\3212\033\215\307w\1773\036\303\024\035\220b?\366'"
 123      8DC7777F 
 123      331EC314 
 123      1D90623F 
 123      F627
 124 02ce 3E0DDB59 		.ascii	">\015\333Y^\301\341\030&J\005\323\246-\303:\202\331"
 124      5EC1E118 
 124      264A05D3 
 124      A62DC33A 
 124      82D9
 125 02e0 8D12C1A3 		.ascii	"\215\022\301\2434\254\300\206\310\273\251\361\330\257"
 125      34ACC086 
 125      C8BBA9F1 
 125      D8AF
 126 02ee 96D44983 		.ascii	"\226\324I\203\345\035\344\320:\177F3\013\226\307\014"
 126      E51DE4D0 
 126      3A7F4633 
 126      0B96C70C 
 127 02fe 9663C1CE 		.ascii	"\226c\301\316\303\026b\371{b\031\033\004\343b\021\034"
 127      C31662F9 
 127      7B62191B 
 127      04E36211 
 127      1C
 128 030f 6DF70F5B 		.ascii	"m\367\017[S\257ln\321h\235\377c\253p\276 \006bBo\207"
 128      53AF6C6E 
 128      D1689DFF 
 128      63AB70BE 
 128      20066242 
 129 0325 CECDB0C1 		.ascii	"\316\315\260\301\372\375\233U\345\026\203\212\205\346"
 129      FAFD9B55 
 129      E516838A 
 129      85E6
 130 0333 787D02B1 		.ascii	"x}\002\261)\353l\242(\364S\325\2145\002\341\022,)r\000"
 130      29EB6CA2 
 130      28F453D5 
 130      8C3502E1 
 130      122C2972 
ARM GAS  /var/folders/qd/4mxf5pkd0zdf0b9dd1hp39180000gn/T//ccj33lTU.s 			page 10


 131 0348 27DE8AC4 		.ascii	"'\336\212\304\303E\342\200\270[\033\030\341\366V\252"
 131      C345E280 
 131      B85B1B18 
 131      E1F656AA 
 132 0358 D746DBE5 		.ascii	"\327F\333\345\022D\240^\354+\230\004;m\253\305\225\261"
 132      1244A05E 
 132      EC2B9804 
 132      3B6DABC5 
 132      95B1
 133 036a 047DBCD1 		.ascii	"\004}\274\321\306\014\227\321\021A;[jMz7$\232\256\362"
 133      C60C97D1 
 133      11413B5B 
 133      6A4D7A37 
 133      249AAEF2 
 134 037e DE31958C 		.ascii	"\3361\225\214\022E\017::~\234V\213W53\012\"\\\337%'"
 134      12450F3A 
 134      3A7E9C56 
 134      8B573533 
 134      0A225CDF 
 135 0394 4A970F25 		.ascii	"J\227\017%a\032xW\223\340\012n\314\037\214\014N\015"
 135      611A7857 
 135      93E00A6E 
 135      CC1F8C0C 
 135      4E0D
 136 03a6 C67E37FF 		.ascii	"\306~7\377\231\201\012S\"\003\240\014\246\301.\260\022"
 136      99810A53 
 136      2203A00C 
 136      A6C12EB0 
 136      12
 137 03b7 7424FE28 		.ascii	"t$\376(\241c\377\022\372\252\010-Q\350\031\014-\356"
 137      A163FF12 
 137      FAAA082D 
 137      51E8190C 
 137      2DEE
 138 03c9 723F1865 		.ascii	"r?\030e`|\343\332\312\254\372)\274\266\210\274Ryw<\002"
 138      607CE3DA 
 138      CAACFA29 
 138      BCB688BC 
 138      5279773C 
 139 03de 06B75B88 		.ascii	"\006\267[\210,\370/\"\257\011,\261\210g\005\221\033"
 139      2CF82F22 
 139      AF092CB1 
 139      88670591 
 139      1B
 140 03ef 9957A177 		.ascii	"\231W\241w\034SM\016pZ\006\327\241X\200\342t=\266\001"
 140      1C534D0E 
 140      705A06D7 
 140      A15880E2 
 140      743DB601 
 141 0403 7A76E27F 		.ascii	"zv\342\177\202\316=\004\235\377'P\025\225\013\006\250"
 141      82CE3D04 
 141      9DFF2750 
 141      15950B06 
 141      A8
 142 0414 626CB57B 		.ascii	"bl\265{\340\2174\327\203\276\343\031m> \0152\365LF\206"
 142      E08F34D7 
 142      83BEE319 
ARM GAS  /var/folders/qd/4mxf5pkd0zdf0b9dd1hp39180000gn/T//ccj33lTU.s 			page 11


 142      6D3E200D 
 142      32F54C46 
 143 0429 5DFF7379 		.ascii	"]\377sy\355\005\271yv\267\313\343\363\332_\312t\354"
 143      ED05B979 
 143      76B7CBE3 
 143      F3DA5FCA 
 143      74EC
 144 043b 771491C0 		.ascii	"w\024\221\300\351\362\344\274\371\336\336\374\014'\223"
 144      E9F2E4BC 
 144      F9DEDEFC 
 144      0C2793
 145 044a F23CB2D3 		.ascii	"\362<\262\323W\344~t\237w\230\342\311\361\026\346\371"
 145      57E47E74 
 145      9F7798E2 
 145      C9F116E6 
 145      F9
 146 045b D237BBE4 		.ascii	"\3227\273\344\024\371\354\373\035Y\257d\331s\013\234"
 146      14F9ECFB 
 146      1D59AF64 
 146      D9730B9C 
 147 046b 7985D939 		.ascii	"y\205\3319v\341\340\314\177\271\260\300\211>f\247\333"
 147      76E1E0CC 
 147      7FB9B0C0 
 147      893E66A7 
 147      DB
 148 047c 9B9B6DCB 		.ascii	"\233\233m\313ej~N\276\313\363>Ktdf\331\322\236M\267"
 148      656A7E4E 
 148      BECBF33E 
 148      4B746466 
 148      D9D29E4D 
 149 0491 B9BD6E0B 		.ascii	"\271\275n\013\343/zX\222\317\345~\355\300\353\036\227"
 149      E32F7A58 
 149      92CFE57E 
 149      EDC0EB1E 
 149      97
 150 04a2 33CBF796 		.ascii	"3\313\367\226\363\335DGV&)\323\321\312\302$\017\343"
 150      F3DD4447 
 150      562629D3 
 150      D1CAC224 
 150      0FE3
 151 04b4 5E37FB03 		.ascii	"^7\373\003Q\025\203\322"
 151      511583D2 
 152              		.text
 153              		.section	.gnu.lto_.symbol_nodes.7fe774a2785dfc3,"",%progbits
 154 0000 789C6363 		.ascii	"x\234cc``\360\006b\006&\213z\006\206\011\347\030\030"
 154      6060F006 
 154      6206268B 
 154      7A068609 
 154      E71818
 155 0013 80D4AE06 		.ascii	"\200\324\256\006G\240\200e=#\212\000\253\025\203\002"
 155      47A08065 
 155      3D238A00 
 155      AB158302 
 156 0023 5021A375 		.ascii	"P!\243u=\023X\234\201\241a\201\003\220oS\317\214\314"
 156      3D13589C 
 156      81A16181 
 156      03906F53 
ARM GAS  /var/folders/qd/4mxf5pkd0zdf0b9dd1hp39180000gn/T//ccj33lTU.s 			page 12


 156      CF8CCC
 157 0036 67000078 		.ascii	"g\000\000x\227\017\315"
 157      970FCD
 158              		.text
 159              		.section	.gnu.lto_.refs.7fe774a2785dfc3,"",%progbits
 160 0000 789C6363 		.ascii	"x\234cc``\340\007b\026F\006&~\006&\001&f!&\026a\006"
 160      6060E007 
 160      62164606 
 160      267E0626 
 160      01266621 
 161 0018 00040B00 		.ascii	"\000\004\013\000n"
 161      6E
 162              		.text
 163              		.section	.gnu.lto_.decls.7fe774a2785dfc3,"",%progbits
 164 0000 789CC559 		.ascii	"x\234\305YkPSY\266>\373\354\020B\010`\0013\345\017f"
 164      6B505359 
 164      B63EFBEC 
 164      10420860 
 164      0133E50F 
 165 0015 AACB62AA 		.ascii	"\252\313b\252\251;\215\001\273\307\366\376\2715S\326"
 165      A93B8D01 
 165      BBC7F6FE 
 165      B93553D6 
 166 0025 3CBA6EF5 		.ascii	"<\272n\365\334\256\3333?\356\255\232\233\311\304\264"
 166      DCAEDB33 
 166      3FEEAD9A 
 166      9BC9C4B4 
 167 0035 D20D2193 		.ascii	"\322\015!\223\204i\373\317\275\207\227\274\005\004["
 167      8469FBCF 
 167      BD8797BC 
 167      05045B
 168 0044 A17D203E 		.ascii	"\241} >P\021E\361\001\202\032\241\005\004E\001\005\301"
 168      501145F1 
 168      01821AA1 
 168      05044501 
 168      05C1
 169 0056 F0501110 		.ascii	"\360P\021\020Q\020|\200 \314\332{\237\344\234\304\244"
 169      51107C80 
 169      20CCDA7B 
 169      9FE49CC4 
 169      A4
 170 0067 C77BFFDC 		.ascii	"\307{\377\334\024+9k\237\265\327\267\326\332k\255\275"
 170      142B396B 
 170      9FB5D7B7 
 170      D6DA6BAD 
 170      BD
 171 0078 CF41C971 		.ascii	"\317A\311q\334\231\010\216+Wp\\\014\342\270e\370`\030"
 171      DC99088E 
 171      2B57705C 
 171      0CE2B865 
 171      F86018
 172 008b BB0CC403 		.ascii	"\273\014\304\003\325\002\3518\366\001\021\316\016\364"
 172      D502E938 
 172      F60111CE 
 172      0EF4
 173 0099 3D503350 		.ascii	"=P3P+\020L\341\376\2108\267O2\360\001\360\373g\240P"
 173      2B104CE1 
ARM GAS  /var/folders/qd/4mxf5pkd0zdf0b9dd1hp39180000gn/T//ccj33lTU.s 			page 13


 173      FE8838B7 
 173      4F32F001 
 173      F0FB67A0 
 174 00ae A070A02F 		.ascii	"\240p\240/a\254\027~\337\007\262\300\265\015\350\033"
 174      61AC177E 
 174      DF07B2C0 
 174      B50DE81B 
 175 00be 719E52D4 		.ascii	"q\236R\324\373\337\300\247\002\245\003e\000e{\350%\237"
 175      FBDFC0A7 
 175      02A50365 
 175      00657BE8 
 175      259F
 176 00d0 2C185BE1 		.ascii	",\030[\341\241\273\326C\377:\304l&\372\235X\033\201"
 176      A1BBD643 
 176      FF3AC46C 
 176      26FA9D58 
 176      1B81
 177 00e2 7280FE00 		.ascii	"r\200\376\000\224\213\230/_\300\357g@\377\012\244\007"
 177      948B982F 
 177      5FC0EF67 
 177      40FF0AA4 
 177      07
 178 00f3 5289BE6D 		.ascii	"R\211\276m\205\353\002\240\"$\331\364C\376\026c\324"
 178      85EB02A0 
 178      2224D9F4 
 178      43FE1663 
 178      D4
 179 0104 7CA96B49 		.ascii	"|\251kI\201yD\256kK\373_iV\037\023\330G\365'\016\325"
 179      817944AE 
 179      6B4BFB5F 
 179      69561F13 
 179      D847F527 
 180 011a 20EC14DC 		.ascii	" \354\024\334\353xV\345\217\327R\301\316\264\352]8\007"
 180      EB7856E5 
 180      8FD752C1 
 180      CEB4EA5D 
 180      3807
 181 012c A3503552 		.ascii	"\243P5R\000\373\354z\351\203``\303\325\350\275b\314"
 181      00FBEC7A 
 181      E9836060 
 181      C3D5E8BD 
 181      62CC
 182 013e F72C8F8F 		.ascii	"\367,\217\217\253\221&*[\020R\204\262T!\340w\350\317"
 182      AB91262A 
 182      5B105284 
 182      B25421E0 
 182      77E8CF
 183 0151 3F46E750 		.ascii	"?F\347P\004:\213\"8T\207\242\220N\203N\243\325\240\370"
 183      043A8B22 
 183      385487A2 
 183      904E834E 
 183      A3D5A0F8 
 184 0165 1041B22F 		.ascii	"\020A\262/W|\370,U\020xT\2134\350\014\302\342M\020#"
 184      577CF82C 
 184      55107854 
 184      8B34E80C 
 184      C2E24D10 
ARM GAS  /var/folders/qd/4mxf5pkd0zdf0b9dd1hp39180000gn/T//ccj33lTU.s 			page 14


 185 017a DF300820 		.ascii	"\3370\010 u\215[:\203\206\320\000\202\305E+\250U\010"
 185      758D5B3A 
 185      8386D000 
 185      82C5452B 
 185      A85508
 186 018d B16FF825 		.ascii	"\261o\370%D\371e\347\007\261q\030\345\331\217(J\030"
 186      44F965E7 
 186      07B17118 
 186      E5D98F28 
 186      4A18
 187 019f E714F11A 		.ascii	"\347\024\361\032\276yQ\007\357\324K\377D\005H\256\225"
 187      BE795107 
 187      EFD44BFF 
 187      440548AE 
 187      95
 188 01b0 DD6770CE 		.ascii	"\335gp\316\017\347T\317\314r\316\343\230Jw0\331$7[9"
 188      0FE754CF 
 188      CC72CEE3 
 188      984A7730 
 188      D924375B 
 189 01c5 D76D9799 		.ascii	"\327m\227\231\222\223H\\\204\363\373\216\217)\206\321"
 189      9293485C 
 189      84F3FB8E 
 189      8F2986D1 
 190 01d5 20F0BF81 		.ascii	" \360\277\201\245V%\320\321\251\306\007{x\274\221.\315"
 190      A55625D0 
 190      D1A9C607 
 190      7B78BC91 
 190      2ECD
 191 01e7 95E557F6 		.ascii	"\225\345W\366\020\2664<\260]\323\327v\007\262\245Y\001"
 191      10B6343C 
 191      B05DD3D7 
 191      7607B2A5 
 191      5901
 192 01f9 ECB1DCE5 		.ascii	"\354\261\334\345b\277\225\337\222\240\027\244\012+x"
 192      62BF95DF 
 192      92A017A4 
 192      0A2B78
 193 0208 B2301761 		.ascii	"\2620\027aa.\300\302p\350\022Z\011\337&\005\303:7\333"
 193      612EC0C2 
 193      70E8125A 
 193      09DF2605 
 193      C33A37DB 
 194 021c 3FAB5955 		.ascii	"?\253YU&\224\015\013\366\241=\037\215\235\026\204t\230"
 194      26940D0B 
 194      F6A13D1F 
 194      8D9D1684 
 194      7498
 195 022e A72062A8 		.ascii	"\247 b\250AZ\244\006\222#\250\036\015#t\036\015\201"
 195      415AA406 
 195      9223A81E 
 195      0D23741E 
 195      0D81
 196 0240 DD76B40A 		.ascii	"\335v\264\012\246\017M\317\266\004\342\275\210Z\225"
 196      A60F4DCF 
 196      B604E2BD 
 196      885A95
ARM GAS  /var/folders/qd/4mxf5pkd0zdf0b9dd1hp39180000gn/T//ccj33lTU.s 			page 15


 197 024f 7F23BB5B 		.ascii	"\177#\273[\241\340\331b\022\004\242?\177K\016\362iK"
 197      A1E0D962 
 197      1204A23F 
 197      7F4B0EF2 
 197      694B
 198 0261 13B5A511 		.ascii	"\023\265\245\021\211\306t\267\011\333x\321\230\231\237"
 198      89C674B7 
 198      09DB78D1 
 198      98999F
 199 0270 940AF614 		.ascii	"\224\012\366\024\201\344\013H\241\313\222)\227=M\371"
 199      81E40B48 
 199      A1CB9229 
 199      973D4DF9 
 200 0280 9E9AF2E4 		.ascii	"\236\232\362\344\372\251S!\370\0243\345v\346\271\263"
 200      FAA95321 
 200      F81433E5 
 200      76E6B9B3 
 201 0290 2AD0340C 		.ascii	"*\3204\014y\327R\367\321\325\352q!SM}GW$MW\304\304G"
 201      79D752F7 
 201      D1D5EA71 
 201      21534D7D 
 201      4757244D 
 202 02a8 CD54C3BD 		.ascii	"\315T\303\275\341\2033\201\3709\3230\220\276m1D\324"
 202      E1833381 
 202      F839D330 
 202      90BE6D31 
 202      44D4
 203 02ba 30F349A9 		.ascii	"0\363I\251\320\310\323\331-\322\354\026\347\354V:\373"
 203      D0C8D3D9 
 203      2DD2EC16 
 203      E7EC563A 
 203      FB
 204 02cb FABEA257 		.ascii	"\372\276\242W<\316dE\226R\337W(.\3200\341G\016\216\224"
 204      3CCE6445 
 204      9652DF57 
 204      282ED030 
 204      E1470E8E 
 205 02e0 05B01512 		.ascii	"\005\260\025\022\224\262\025\013e+\326=\272/M\303\330"
 205      94B2150B 
 205      652BD63D 
 205      BA2F4DC3 
 205      D8
 206 02f1 9B44BCB8 		.ascii	"\233D\274\270\246i\225(\355\007li\375\3636?v[\005\354"
 206      A6699528 
 206      ED076C69 
 206      FDF3363F 
 206      765B05EC 
 207 0305 A15D8FDB 		.ascii	"\241]\217\333\003q.C\032h=RI\252\364}5\"I\026\002C'"
 207      03712E43 
 207      1A683D52 
 207      49AAF47D 
 207      35224916 
 208 031c 26EBE683 		.ascii	"&\353\346\203\330\020\221\350\312\2379\340\217\267S"
 208      D81091E8 
 208      CA9F39E0 
 208      8FB753
 209 032b 717EA86F 		.ascii	"q~\250o\301\021\214\324Q\231\256\262\345\244\242\275"
ARM GAS  /var/folders/qd/4mxf5pkd0zdf0b9dd1hp39180000gn/T//ccj33lTU.s 			page 16


 209      C1118CD4 
 209      5199AEB2 
 209      E5A4A2BD 
 210 033b 0D450B93 		.ascii	"\015E\013\223\210\177\250\013\006;a\220\325n\313\265"
 210      887FA80B 
 210      063B6190 
 210      D56ECBB5 
 211 034b 7F299911 		.ascii	"\177)\231\021\204\367\320-\244F\335R\014\336W\263\225"
 211      84F7D02D 
 211      A446DD52 
 211      0CDE57B3 
 211      95
 212 035c 3B72A0B0 		.ascii	";r\240\260\\\211Oc\212Q\377\335\303+\274/\214;>1\246"
 212      5C894F63 
 212      8A51FFDD 
 212      C32BBC2F 
 212      8C3B3E31 
 213 0371 A65635A7 		.ascii	"\246V5\247\223\365\356\005\214\036\011\003 \031H\376"
 213      93F5EE05 
 213      8C1E0903 
 213      201948FE 
 214 0381 99BB8B21 		.ascii	"\231\273\213!\270YAA\322o\234}\344\023\344\256oGJqV"
 214      B8594141 
 214      D26F9C7D 
 214      E413E4AE 
 214      6F474A71 
 215 0396 533649F0 		.ascii	"S6I\360~@\351\223Pz\235(\213\247\252\026\2258\303\217"
 215      7E40E993 
 215      507A9D28 
 215      8BA7AA16 
 215      9538C38F 
 216 03aa C6AEC031 		.ascii	"\306\256\3001\337\020\210\013\030\343\330Z\3740\030"
 216      DF10880B 
 216      18E3D85A 
 216      FC3018
 217 03b9 6F67CC99 		.ascii	"og\314\231\266\212\353J5\240\247\276\023:\314X\030\316"
 217      B68AEB4A 
 217      35A0A7BE 
 217      133ACC58 
 217      18CE
 218 03cb CF54E1DD 		.ascii	"\317T\341\335l\372=GKu0.cLs~Z\256\032WP\206\177\321"
 218      6CFA3D47 
 218      4B75302E 
 218      634C737E 
 218      5AAE1A57 
 219 03e3 3959A2F4 		.ascii	"9Y\242\364\345\330\210O\307:v\370C7G\017\300\253\373"
 219      E5D8884F 
 219      C73A76F8 
 219      4337470F 
 219      C0ABFB
 220 03f6 5EBCDA5F 		.ascii	"^\274\332_\360\242L\205k\030\336\341\344\323a\270\226"
 220      F0A24C85 
 220      6B18DEE1 
 220      E4D361B8 
 220      96
 221 0407 5D9F2B5D 		.ascii	"]\237+]\262+p3c\322\363\252v\250!s\224,\231\374I\346"
 221      B22B7033 
ARM GAS  /var/folders/qd/4mxf5pkd0zdf0b9dd1hp39180000gn/T//ccj33lTU.s 			page 17


 221      63D2F3AA 
 221      76A82173 
 221      942C99FC 
 222 041d 4EBF3EAB 		.ascii	"N\277>\253`C\004g3\014\355.q\234\014\306m\314\334\213"
 222      60430467 
 222      330CED2E 
 222      719C0CC6 
 222      6DCCDC8B 
 223 0431 DDB56941 		.ascii	"\335\265iA(J\355\314\223\265%\323$O&\301\216\011\311"
 223      284AEDCC 
 223      93B525D3 
 223      244F26C1 
 223      8E09C9
 224 0444 0E253123 		.ascii	"\016%1#\223\210xz\364\030<R\212\036=\202\301q\026\254"
 224      9388787A 
 224      F4183C52 
 224      8A1E3D82 
 224      C17116AC 
 225 0458 99F9E9D3 		.ascii	"\231\371\351\323\012|\213a\324\024-\356\014vaLM\255"
 225      0A7C8B61 
 225      D4142DEE 
 225      0C76614C 
 225      4DAD
 226 046a 3943F364 		.ascii	"9C\363d\0120\236H\030\223\310'\310S\357 \367\204\205"
 226      0A309E48 
 226      1893C827 
 226      C853EF20 
 226      F78485
 227 047d 120D7630 		.ascii	"\022\015v0\220\357\032\313kx\311\221R\374\232&\374\014"
 227      90EF1ACB 
 227      6B78C991 
 227      52FC9A26 
 227      FC0C
 228 048f 804C4B20 		.ascii	"\200LK S\276A\236y\007\271\370fy\273\037I\224\344w\234"
 228      53BE419E 
 228      7907B9F8 
 228      6679BB1F 
 228      4994E477 
 229 04a4 81B79E4A 		.ascii	"\201\267\236J\261\363(2,\252\\HK\026\354\275\0158\273"
 229      B1F32832 
 229      2CAA5C48 
 229      4B16ECBD 
 229      0D38BB
 230 04b7 32274F28 		.ascii	"2'O(kDh\026\254\031\003k^\2400I\215\226\264\322X\370"
 230      6B446816 
 230      AC19036B 
 230      5EA03049 
 230      8D96B4D2 
 231 04cd E20A45BB 		.ascii	"\342\012E\273\004\350\250\322\375Qq\002\340\240\227"
 231      04E8A8D2 
 231      FD517102 
 231      E0A097
 232 04dc 00F91C45 		.ascii	"\000\371\034E\322\306%&\316\235\025\3110\201Hp\242\227"
 232      D2C62526 
 232      CE9D15C9 
 232      30814870 
 232      A297
ARM GAS  /var/folders/qd/4mxf5pkd0zdf0b9dd1hp39180000gn/T//ccj33lTU.s 			page 18


 233 04ee E23ED49D 		.ascii	"\342>\324\2355\234\027\210\223\2254<\267\372\362z\225"
 233      359C1788 
 233      9395343C 
 233      B7FAF27A 
 233      95
 234 04ff 282CCA3B 		.ascii	"(,\312;\304<\250\365\0151z#\202L@s \361J\212%A\244@"
 234      C43CA8F5 
 234      0D317A23 
 234      824C4073 
 234      20F14A8A 
 235 0517 C74B6E0B 		.ascii	"\307Kn\013\201\032\331IbN\346\036\207^#\215hQF\326\311"
 235      811AD949 
 235      624EE61E 
 235      875E238D 
 235      685146D6 
 236 052c C76A9C47 		.ascii	"\307j\234G-Bu\205\333\236\250p!c\256\331\263N\250\361"
 236      2D427585 
 236      DB9EA870 
 236      2163AED9 
 236      B34EA8F1 
 237 0540 0191A9AE 		.ascii	"\001\221\251\256\353U\340C\214\351\315\355\276\253\304"
 237      EB55E043 
 237      8CE9CDED 
 237      BEABC4
 238 054f 479917E7 		.ascii	"G\231\027\347\332\035\013X\276\310st\221\223yH\370w"
 238      DA1D0B58 
 238      BEC87374 
 238      91937948 
 238      F877
 239 0561 5A6481F7 		.ascii	"Zd\201\367\272\310\003\273\247f\025\270\232!\236H\037"
 239      BAC803BB 
 239      A76615B8 
 239      9A219E48 
 239      1F
 240 0572 39A28292 		.ascii	"9\242\202\222\211 Je\3758\202\365\343\323\366\331*\005"
 240      89204A65 
 240      FD3882F5 
 240      E3D3F6D9 
 240      2A05
 241 0584 3ECB0C3A 		.ascii	">\313\014:Y5\362\245\254zV\247g\220\314\316\000{\322"
 241      5935F2A5 
 241      AC7A56A7 
 241      6790CCCE 
 241      007BD2
 242 0597 79973D11 		.ascii	"y\227=\021\2429\260\035\356\027\360J\016}\030\201b\300"
 242      A239B01D 
 242      EE17F04A 
 242      0E7D1881 
 242      62C0
 243 05a9 982D604C 		.ascii	"\230-`L\204hL\032\037\201Ryj\314\221\275\207\277\017"
 243      84684C1A 
 243      1F815279 
 243      6ACC91BD 
 243      87BF0F
 244 05bc C2760630 		.ascii	"\302v\0060X5\325\201e\265\263\252\206\326N6 dJ\010\000"
 244      5835D581 
 244      65B5B3AA 
ARM GAS  /var/folders/qd/4mxf5pkd0zdf0b9dd1hp39180000gn/T//ccj33lTU.s 			page 19


 244      86D64E36 
 244      20644A08 
 245 05d1 E81D22CB 		.ascii	"\350\035\"\313;\304\201\246\023\235\376\270\225A\364"
 245      3BC481A6 
 245      139DFEB8 
 245      9541F4
 246 05e0 BD682F72 		.ascii	"\275h/r\253\234)\032\324<\200\310\221 \262}A\344z\207"
 246      AB9C291A 
 246      D43C80C8 
 246      9120B27D 
 246      41E47A87 
 247 05f4 C8BE3A52 		.ascii	"\310\276:R\036\202;YH\235\207\317Pz\370DO\323\036\016"
 247      1E823B59 
 247      489D87CF 
 247      507AF844 
 247      4FD31E0E 
 248 0608 8BDBE74A 		.ascii	"\213\333\347J`[o\347\\R\340\036&Z\321>,\370\341>\306"
 248      605B6FE7 
 248      5C52E01E 
 248      265AD13E 
 248      2CF8E13E 
 249 061d 3464B72F 		.ascii	"4d\267/\252\260\2031\245\3473R\324x\2101\303)\315\335"
 249      AAB08331 
 249      A5E73352 
 249      D4788831 
 249      C329CDDD 
 250 0631 2A7C5F54 		.ascii	"*|_T\377\364\326b\020\036e\2140\177\261_\211'\030sw"
 250      FFF4D662 
 250      101E658C 
 250      307FB15F 
 250      89271873 
 251 0646 FBDC7000 		.ascii	"\373\334p\000~\302\230\312\345\331|\015\236f\314\\C"
 251      7EC298CA 
 251      E5D97C0D 
 251      9E66CC5C 
 251      43
 252 0657 6739CF6C 		.ascii	"g9\317l\210\004\366\250=\247\025\263=\273\214\234\311"
 252      8804F6A8 
 252      3DA715B3 
 252      3DBB8C9C 
 252      C9
 253 0668 068F2F35 		.ascii	"\006\217/5(\361\"\225\015\354\253\\8\024\214\"\331'"
 253      28F12295 
 253      0DECAB5C 
 253      38148C22 
 253      D927
 254 067a 2C2A32B2 		.ascii	",*2\262\234\204\001N&\037Tu\215\013\3026\015=1m\203"
 254      9C84014E 
 254      261F5475 
 254      8D0BC236 
 254      0D3D316D 
 255 068f 601DE065 		.ascii	"`\035\340e\205]\300\273*\233M\270\037\015\207\2424L"
 255      855DC0BB 
 255      2A9B4DB8 
 255      1F0D87A2 
 255      344C
 256 06a1 A50BBD4B 		.ascii	"\245\013\275K\237C\222\370\204L|\227\247x\276\247\362"
ARM GAS  /var/folders/qd/4mxf5pkd0zdf0b9dd1hp39180000gn/T//ccj33lTU.s 			page 20


 256      9F4392F8 
 256      844C7C97 
 256      A778BEA7 
 256      F2
 257 06b2 890F24E9 		.ascii	"\211\017$\351\235\236\322Z\017\341.\231\352\"O\341k"
 257      9D9ED25A 
 257      0FE12E99 
 257      EA224FE1 
 257      6B
 258 06c3 C8D39236 		.ascii	"\310\323\2226\231x\261wq\231\362\031\231%;\274Z\302"
 258      9978B177 
 258      7199F219 
 258      99253BBC 
 258      5AC2
 259 06d5 74D35E54 		.ascii	"t\323^T \260^\364\035\244N)\370\204J\304\031\244\027"
 259      20B05EF4 
 259      1DA44E29 
 259      F8844AC4 
 259      19A417
 260 06e8 1D84DC2A 		.ascii	"\035\204\334*\343#\321~\240C@\025@\345@\373\200v\003"
 260      E323D17E 
 260      A0434015 
 260      40E540FB 
 260      807603
 261 06fb ED01DACB 		.ascii	"\355\001\332\313\273\365\252c\254\035\202\006y;d\206"
 261      BBF5AA63 
 261      AC1D8206 
 261      793B6486 
 262 070b 2D1D0B2D 		.ascii	"-\035\013-O\025Zc\250e\337zZv\303\323\217F\231\327\333"
 262      4F155A63 
 262      A865DF7A 
 262      5A76C3D3 
 262      8F4699D7 
 263 0720 BD4B3347 		.ascii	"\275K3G _\016\226te\370\343eVQ\307'\273\276\015q6\333"
 263      205F0E96 
 263      7465F8E3 
 263      655651C7 
 263      27BBBE0D 
 264 0737 B71C3C0A 		.ascii	"\267\034<\012N\375\337\035\204\355d*+\237\234\200\216"
 264      4EFDDF1D 
 264      84ED642A 
 264      2B9F9C80 
 264      8E
 265 0748 808EC352 		.ascii	"\200\216\303R\201\022\217\251)\305;{\357\207\310\333"
 265      81128FA9 
 265      29C53B7B 
 265      EF87C8DB 
 266 0758 F1115EDE 		.ascii	"\361\021^\336\216+yg;\236(.\201\2551\323\237\325\320"
 266      8E2B7967 
 266      3B9E282E 
 266      81AD31D3 
 266      9FD5D0
 267 076b E2EE7301 		.ascii	"\342\356s\001\254\036\302\201}3TP\340/\326\003i\202"
 267      AC1EC281 
 267      7D335450 
 267      E02FD603 
 267      6982
ARM GAS  /var/folders/qd/4mxf5pkd0zdf0b9dd1hp39180000gn/T//ccj33lTU.s 			page 21


 268 077d 3529275F 		.ascii	"5)'_\371\341\"&[\263|d\013\306\245\224\011\3178\266"
 268      F9E12226 
 268      5BB37C64 
 268      0BC6A594 
 268      09CF38B6 
 269 0791 1BFA7664 		.ascii	"\033\372vd8\224\206F\243\011\213\014#E\022\025\025\025"
 269      38948646 
 269      A3098B0C 
 269      23451215 
 269      1515
 270 07a3 19C5A2D8 		.ascii	"\031\305\242\3301\020\276\237\006\035\236'\337@\223"
 270      3110BE9F 
 270      061D9E27 
 270      DF4093
 271 07b2 3EC5877B 		.ascii	">\305\207{\313\313m\3366&\216J\223@}\017\201j\202`\234"
 271      CBCB6DDE 
 271      36268E4A 
 271      93407D0F 
 271      816A8260 
 272 07c7 043A0374 		.ascii	"\004:\003t\032\250F\014\014"
 272      1AA8460C 
 272      0C
 273 07d0 C3793A10 		.ascii	"\303y:\020\312p\310\031\352\236o &=\350\264\012v'\364"
 273      CA70C819 
 273      EA9E6F20 
 273      263DE8B4 
 273      0A7627F4 
 274 07e4 F01F4977 		.ascii	"\360\037Iw\375\211e\302Y^\203\026|\013\313b~\016$%/"
 274      FD8965C2 
 274      595E8316 
 274      7C0BCB62 
 274      7E0E2425 
 275 07f9 CEB298CB 		.ascii	"\316\262\230\313\356\327\311s\251\021\234\253\345\235"
 275      EED7C973 
 275      A9119CAB 
 275      E59D
 276 0807 8FDB3EA4 		.ascii	"\217\333>\2448\231\210[b\035\207\304\252\"\211u\031"
 276      3899885B 
 276      621D87C4 
 276      AA228975 
 276      19
 277 0818 D4D48B89 		.ascii	"\324\324\213\211e\207\353K\020\243\213@\027\200\032"
 277      6587EB4B 
 277      10A38B40 
 277      17801A
 278 0827 80CEBBC5 		.ascii	"\200\316\273\305kpP\026\257\023\220G\365>\212\332;\330"
 278      6B705016 
 278      AF139047 
 278      F53E8ADA 
 278      3BD8
 279 0839 3171C63F 		.ascii	"1q\306?\006KK\205R\372/\026\300!\300\032D\036X7\334"
 279      064B4B85 
 279      52FA2F16 
 279      C021C01A 
 279      441E5837 
 280 084e FB0D24F9 		.ascii	"\373\015$\371\322\200\232\311\223@\017{\227\227-\317"
 280      D2809AC9 
ARM GAS  /var/folders/qd/4mxf5pkd0zdf0b9dd1hp39180000gn/T//ccj33lTU.s 			page 22


 280      93400F7B 
 280      97972DCF 
 281 085e A8233435 		.ascii	"\250#45U\330\031C\367\254\024\3210q{\322z\366\262A\207"
 281      55D81943 
 281      F7AC14D1 
 281      30717BD2 
 281      7AF6B241 
 282 0873 B8F25008 		.ascii	"\270\362P\010h\253\247\337\322b\262r\353q\260~R\357"
 282      68ABA7DF 
 282      D262B272 
 282      EB71B07E 
 282      52EF
 283 0885 DE4FD8CD 		.ascii	"\336O\330\315\247\247\351\241\235\254R\265T\210\365"
 283      A7A7E9A1 
 283      9DAC52B5 
 283      5488F5
 284 0894 B4104589 		.ascii	"\264\020E\211\273+S\310t\222\016\213\322\011\245\226"
 284      BB2B53C8 
 284      74920E8B 
 284      D209A596 
 285 08a4 E603F3B5 		.ascii	"\346\003\363\265\331\231\267\344\024\263\344;\271\230"
 285      D999B7E4 
 285      14B3E43B 
 285      B998
 286 08b2 C2258792 		.ascii	"\302%\207\222@\202\214\307i\257/\003\0362\361~V\240"
 286      40828CC7 
 286      69AF2F03 
 286      1E32F17E 
 286      56A0
 287 08c4 334BB5FF 		.ascii	"3K\265\377\206+\331u\371X\335\210\032\237eL\343Lu\205"
 287      862BD975 
 287      F958DD88 
 287      1A9F654C 
 287      E34C7585 
 288 08d8 F8A48AC9 		.ascii	"\370\244\212\311.Z\320\264\034\242\226NJd\\\312\267"
 288      2E5AD0B4 
 288      1CA2964E 
 288      4A645CCA 
 288      B7
 289 08e9 AB64CB07 		.ascii	"\253d\313\007\013P+\333\322\357T\337\313\366\013-\020"
 289      0B502BDB 
 289      D2EF54DF 
 289      CBF60B2D 
 289      10
 290 08fa D3E1970A 		.ascii	"\323\341\227\012\352x\007\210_\247\342m|\250s\022H\373"
 290      EA780788 
 290      5FA7E26D 
 290      7CA87312 
 290      48FB
 291 090c DB2FB4E6 		.ascii	"\333/\264\346k`\323\214\"{&\013}\363\204\030z\222\311"
 291      6B60D38C 
 291      227B260B 
 291      7DF38418 
 291      7A92C9
 292 091f 03E06AA7 		.ascii	"\003\340j\247\217\235\201Eft2\264H \342\240\031\265"
 292      8F9D8145 
 292      667432B4 
ARM GAS  /var/folders/qd/4mxf5pkd0zdf0b9dd1hp39180000gn/T//ccj33lTU.s 			page 23


 292      4820E2A0 
 292      19B5
 293 0931 F04CDC89 		.ascii	"\360L\334\211'\317P\026\232\227\343l\251:\275\266\376"
 293      27CF5016 
 293      9A97E36C 
 293      A93ABDB6 
 293      FE
 294 0942 C76294C9 		.ascii	"\307b\224\311s\343MOh\217\014\004\371\376\257X\002\022"
 294      73E34D4F 
 294      688F0C04 
 294      F9FEAF58 
 294      0212
 295 0954 71877771 		.ascii	"q\207wqY\002\366<\2229v\205\367\346\330\333\245\324"
 295      5902F63C 
 295      92397685 
 295      F7E6D8DB 
 295      A5D4
 296 0966 0EF7DBC8 		.ascii	"\016\367\333\310\375fq\002)\245\353PJ7\241|\332\201"
 296      FD667102 
 296      29A5EB50 
 296      4A37A17C 
 296      DA81
 297 0978 6E007500 		.ascii	"n\000u\000]\023K\211\234\216\206\353\263\374\360E\272"
 297      5D134B89 
 297      9C8E86EB 
 297      B3FCF045 
 297      BA
 298 0989 987CF5C0 		.ascii	"\230|\365\300\375j\015\212\012\0233c\350\307\364\224"
 298      FD6A0D8A 
 298      0A133363 
 298      E8C7F494 
 299 0999 7E0B3475 		.ascii	"~\0134uI\331\330I\263\321;p7\200\275#\360\215\222\376"
 299      49D9D849 
 299      B3D13B70 
 299      3780BD23 
 299      F08D92FE 
 300 09ad 4ACDCFF6 		.ascii	"J\315\317\366\013e4\320\270*EH\013\240PWYV\273\224r"
 300      0B6534D0 
 300      B82A4548 
 300      0BA05057 
 300      5956BB94 
 301 09c2 6404BE6F 		.ascii	"d\004\276o\363?\203i\311g\366\303\221\253\235%\337\267"
 301      F33F8369 
 301      C967F6C3 
 301      91AB9D25 
 301      DFB7
 302 09d4 3B8EDE09 		.ascii	";\216\336\011\3007\031\363xW\177\277\006w\213\033J\313"
 302      C03719F3 
 302      78577FBF 
 302      06778B1B 
 302      4ACB
 303 09e6 B39600DC 		.ascii	"\263\226\000\334\317\230\276\233\3259\301x\2201[\366"
 303      CF98BE9B 
 303      D539C178 
 303      90315BF6 
 304 09f6 37CD07E1 		.ascii	"7\315\007\341{\2149<1\264\210\361\010c\026\352\256\010"
 304      7B8C393C 
ARM GAS  /var/folders/qd/4mxf5pkd0zdf0b9dd1hp39180000gn/T//ccj33lTU.s 			page 24


 304      31B488F1 
 304      086316EA 
 304      AE08
 305 0a08 2A3CC698 		.ascii	"*<\306\230\212\226\276\226\020<\301\230\343\343\227"
 305      8A96BE96 
 305      103CC198 
 305      E3E397
 306 0a17 76A9C5F7 		.ascii	"v\251\305\367/p\226So\357\250\335\314NoQdwr\036\336"
 306      2F709653 
 306      6FEFA8DD 
 306      CC4E6F51 
 306      6477721E 
 307 0a2c 622A6587 		.ascii	"b*e\207\267\273\020\261\261\037>\015\310N5\275\236\322"
 307      B7BB10B1 
 307      B11F3E0D 
 307      C84E35BD 
 307      9ED2
 308 0a3e 6F1DF526 		.ascii	"o\035\365&~.I\367{\327\355\226n2q\207\247\370[-\254"
 308      7E2E49F7 
 308      7BD7ED96 
 308      6E327187 
 308      A7F85B2D 
 309 0a53 4B263DE0 		.ascii	"K&=\340UZV\026\035\225\254,\306\274\225E\207\374D\324"
 309      555A5616 
 309      1D95AC2C 
 309      C6BC9545 
 309      87FC44D4 
 310 0a67 E3DD2B2F 		.ascii	"\343\335+/\207\265!\330\005\310\001\024\015\212SH\006"
 310      87B521D8 
 310      05C80114 
 310      0D8A5348 
 310      06
 311 0a78 3C840C1A 		.ascii	"<\204\014\032\201\254y\0004\014t\037\350\021\3208\320"
 311      81AC7900 
 311      340C741F 
 311      E811D038 
 311      D0
 312 0a89 3DA051B7 		.ascii	"=\240Q\267\355\347\265\314\207;\236\300o\237@gd\342"
 312      EDE7B5CC 
 312      873B9EC0 
 312      6F9F4067 
 312      64E2
 313 0a9b 7DDEC563 		.ascii	"}\336\305c\305\243\330R\211\360\306\355qt\314m\027\235"
 313      C5A3D852 
 313      89F0C6ED 
 313      7174CC6D 
 313      179D
 314 0aad 607B31F9 		.ascii	"`{1\371\005\341\235[\034\247\024>;\340cg\007\274\300"
 314      05E19D5B 
 314      1CA7143E 
 314      3BE06367 
 314      07BCC0
 315 0ac0 9E139D0F 		.ascii	"\236\023\235\017.\341\354\301\345\366\334\205\327\032"
 315      2EE1ECC1 
 315      E5F6DC85 
 315      D71A
 316 0ace FC92669D 		.ascii	"\374\222f\235\342X\352\321i\005\212\212@0\033\261\207"
ARM GAS  /var/folders/qd/4mxf5pkd0zdf0b9dd1hp39180000gn/T//ccj33lTU.s 			page 25


 316      E258EAD1 
 316      69058A8A 
 316      40301BB1 
 316      87
 317 0adf 29F2829E 		.ascii	")\362\202\236C\317\240\257?\341\261\030w\256T\000\264"
 317      43CFA0AF 
 317      3FE1B118 
 317      77AE5400 
 317      B4
 318 0af0 E9FF21C3 		.ascii	"\351\377!\303p\255\242\277^\036\253\236B4\237Q\370i"
 318      70ADA2BF 
 318      5E1EAB9E 
 318      42349F51 
 318      F869
 319 0b02 08F614EB 		.ascii	"\010\366\024\353\300\245c\225\325H\352\300\210\352\236"
 319      C0A56395 
 319      D548EAC0 
 319      88EA9E
 320 0b11 E45987E6 		.ascii	"\344Y\207\346\320\014\355\300\324h\312\300\214\302\351"
 320      D00CEDC0 
 320      D468CAC0 
 320      8CC2E9
 321 0b20 9922A54F 		.ascii	"\231\"\245O\377f\235\376\305D\260\327\236O\027\024\236"
 321      FF669DFE 
 321      C544B0D7 
 321      9E4F1714 
 321      9E
 322 0b31 EAA5D7BD 		.ascii	"\352\245\327\275\317\251\372Y\246\3769U?\262Pu^|\260"
 322      CFA9FA59 
 322      A6FE3955 
 322      3FB25075 
 322      5E7CB0
 323 0b44 23EF452F 		.ascii	"#\357E/]Kk\010\364\211\366\322\211\366\202y\363<;\375"
 323      5D4B6B08 
 323      F489F6D2 
 323      89F68279 
 323      F33C3BFD 
 324 0b58 95F81F0A 		.ascii	"\225\370\037\012\362\252\352\360\350\256\255\032\026"
 324      F2AAEAF0 
 324      E8AEAD1A 
 324      16
 325 0b65 DC75E469 		.ascii	"\334u\344i\355~q\373[\276\316\201\257\257\250\257\363"
 325      ED7E71FB 
 325      5BBECE81 
 325      AFAFA8AF 
 325      F3
 326 0b76 D49897CC 		.ascii	"\324\230\227\314\230yjL\217\243kg\000^`M\340h\325\236"
 326      98796A4C 
 326      8FA36B67 
 326      005E604D 
 326      E068D59E 
 327 0b8a EA609CAE 		.ascii	"\352`\234\256\242LNc\323.\245\202\347\320\002]\007\030"
 327      A24C4E63 
 327      D32EA582 
 327      E7D0025D 
 327      0718
 328 0b9c 19CD1FBF 		.ascii	"\031\315\037\277\254\220\277\330&o-%W\337\360\362\267"
ARM GAS  /var/folders/qd/4mxf5pkd0zdf0b9dd1hp39180000gn/T//ccj33lTU.s 			page 26


 328      AC90BFD8 
 328      266F2D25 
 328      57DFF0F2 
 328      B7
 329 0bad EC5B1793 		.ascii	"\354[\027\223_*V\225\011v\362\226=\333\357N\325\336"
 329      5F2A5695 
 329      0976F296 
 329      3DDBEF4E 
 329      D5DE
 330 0bbf 3CA12C59 		.ascii	"<\241,Y\370e+O\004\321kg\267E\213\274\202p\356\357\267"
 330      F8652B4F 
 330      04D16B67 
 330      B7458BBC 
 330      8270EEEF 
 331 0bd4 9778F27E 		.ascii	"\227x\362~y\362P\357\012l\367eN\313\3413\227\021}\367"
 331      79F250EF 
 331      0A6CF765 
 331      4ECBE133 
 331      97117DF7 
 332 0be8 4EEC60EF 		.ascii	"N\354`\357\336wt\227\237\017\362\371\356=\005\023\013"
 332      DE777497 
 332      9F0FF2F9 
 332      EE3D0513 
 332      0B
 333 0bf9 93B168E2 		.ascii	"\223\261h\342\203];s\325\242\211KOC+R\205\3030\355\000"
 333      835D3B73 
 333      D5A2894B 
 333      4F432B52 
 333      85C330ED 
 334 0c0e 227268D9 		.ascii	"\"rh\331e\240\200\025\204s70\025\023\003\257\216T5\006"
 334      65A08015 
 334      84733730 
 334      151303AF 
 334      8E543506 
 335 0c22 E3366661 		.ascii	"\3436fa\361\236\336}\274\250\256\245n\235\343\016tJ"
 335      F19EDE7D 
 335      BCA8AEA5 
 335      6E9DE30E 
 335      744A
 336 0c34 A8A834C4 		.ascii	"\250\2504\304\376\263\220\206]\373\013\\\272kK\247\332"
 336      FEB39086 
 336      5DFB0B5C 
 336      BA6B4BA7 
 336      DA
 337 0c45 86F78E15 		.ascii	"\206\367\216\025\005\341!\246\355y\361\313\211\000Q"
 337      05E121A6 
 337      ED79F1CB 
 337      890051
 338 0c54 5BD77FB2 		.ascii	"[\327\177\262\177\014\354c/\344\267H\232\266xj\312\240"
 338      7F0CEC63 
 338      2FE4B748 
 338      9AB6786A 
 338      CAA0
 339 0c66 9A2AEE6D 		.ascii	"\232*\356m=\340\217\037\373\212\\f\331w\227U\322\332"
 339      3DE08F1F 
 339      FB8A5C66 
 339      D9779755 
ARM GAS  /var/folders/qd/4mxf5pkd0zdf0b9dd1hp39180000gn/T//ccj33lTU.s 			page 27


 339      D2DA
 340 0c78 9454EE71 		.ascii	"\224T\356q\255\015\321\237\351\324\217\262\300\365L"
 340      AD0DD19F 
 340      E9D48FB2 
 340      C0F54C
 341 0c87 4F886C0A 		.ascii	"O\210l\012\321\334Q\177P-\357\030\267\334:F\016f\035"
 341      D1DC517F 
 341      502DEF18 
 341      B7DC3A46 
 341      0E661D
 342 0c9a 037E4178 		.ascii	"\003~Ax\357\342BI\260\\\230\300H\302\271\242p.\025n"
 342      EFE24249 
 342      B05C98C0 
 342      48C2B9A2 
 342      702E156E 
 343 0cae 7AD953E5 		.ascii	"z\331S\345\217\347\230\361\267\037\025\234\012r\005"
 343      8FE798F1 
 343      B71F159C 
 343      0A7205
 344 0cbd 35E6AE47 		.ascii	"5\346\256GP\363\244P\344y\332\271\225\332y\350\325\034"
 344      50F3A450 
 344      E479DAB9 
 344      95DA79E8 
 344      D51C
 345 0ccf EC8C3901 		.ascii	"\354\2149\001T\333d\317\341\233\032Q[\333\177\270\005"
 345      54DB64CF 
 345      E19B1A51 
 345      5BDB7FB8 
 345      05
 346 0ce0 355FD294 		.ascii	"5_\322\224\357\251\251\200jz\236\\tB\205\267\007\370"
 346      EFA9A980 
 346      6A7A9E5C 
 346      744285B7 
 346      07F8
 347 0cf2 08EA7C57 		.ascii	"\010\352|W\301-\215\024\324c\036A-t\005u\033\004\265"
 347      C12D8D14 
 347      D4631E41 
 347      2D740575 
 347      1B04B5
 348 0d05 D013A208 		.ascii	"\320\023\242\010\257\342\376i\365j-\373K\264jMq\361"
 348      AFE2FE69 
 348      F56A2DFB 
 348      4BB46A4D 
 348      71F1
 349 0d17 5A73A2C5 		.ascii	"Zs\242\305f\325\376\352\337?]\377\351f2`H\264\030u\177"
 349      66D5FEEA 
 349      DF3F5DFF 
 349      E9663260 
 349      48B41875 
 350 0d2c 5B9BB0DA 		.ascii	"[\233\260\332\240\372\355\357\377\370\336\372\330XN"
 350      A0FAEDEF 
 350      FFF8DEFA 
 350      D8584E
 351 0d3b 65316ED4 		.ascii	"e1n\324[\022t\266\367\337e\362\352M\\\340\357?\375D"
 351      5B1274B6 
 351      F7DF65F2 
 351      EA4D5CE0 
ARM GAS  /var/folders/qd/4mxf5pkd0zdf0b9dd1hp39180000gn/T//ccj33lTU.s 			page 28


 351      EF3FFD44 
 352 0d4f F73BBD69 		.ascii	"\367;\275iC\274\321\362\363w\007\344Bu\344\246.\316"
 352      43BCD1F2 
 352      F37707E4 
 352      4275E4A6 
 352      2ECE
 353 0d61 F2579DD1 		.ascii	"\362W\235\321\034\027\237\2701\311\370#6d\375:\316f"
 353      1C179FB8 
 353      31C9F823 
 353      3664FD3A 
 353      CE66
 354 0d73 D8A4FBC2 		.ascii	"\330\244\373\302\222\230\240\213\263\376/\224n\342\302"
 354      9298A08B 
 354      B3FE2F94 
 354      6EE2C2
 355 0d82 9806E3E6 		.ascii	"\230\006\343\3468\233k>\006\021\225\311\270\331f\213"
 355      389B6B3E 
 355      061195C9 
 355      B8D9668B 
 356 0d92 4B30AA75 		.ascii	"K0\252u\272\2448\223\355\3035:\3336\244\375\225\331"
 356      BAA43893 
 356      EDC3353A 
 356      DB36A4FD 
 356      95D9
 357 0da4 1C1F67D0 		.ascii	"\034\037g\320\333\342\022MV\355\257\015\361qf\253Qg"
 357      DBE2124D 
 357      56EDAF0D 
 357      F17166AB 
 357      5167
 358 0db6 8C362719 		.ascii	"\2146'\031\276Z\263Zo6k\327'\232lF\223\355\255\233\332"
 358      BE5AB35A 
 358      6F366BD7 
 358      279A6C46 
 358      93EDAD9B 
 359 0dcb 3F2426C6 		.ascii	"?$&\306[\265\033\015\206h\010V\264)\321d\2146\352\377"
 359      5BB51B0D 
 359      86680856 
 359      B429D164 
 359      8C36EAFF 
 360 0ddf 1217FD71 		.ascii	"\022\027\375q\364\232\230\330\217\243\377\372Qt\202"
 360      F49A98D8 
 360      8FA3FFFA 
 360      517482
 361 0dee FECB448B 		.ascii	"\376\313D\213\326\355\2566\316d\210O\332`\324&\350\015"
 361      D6EDAE36 
 361      CE64884F 
 361      DA60D426 
 361      E80D
 362 0e00 9BE24C46 		.ascii	"\233\342LF\255n\203\361\013}R\274Mg\373\306l\264\202"
 362      AD6E83F1 
 362      0B7D52BC 
 362      4D67FBC6 
 362      6CB482
 363 0e13 FD2AA771 		.ascii	"\375*\247q\031\377\177\306Y\277\261juV\333\006\260\004"
 363      19FF7FC6 
 363      59BFB16A 
 363      7556DB06 
ARM GAS  /var/folders/qd/4mxf5pkd0zdf0b9dd1hp39180000gn/T//ccj33lTU.s 			page 29


 363      B004
 364 0e25 2C0A0096 		.ascii	",\012\000\226\004Ng[\373\203\353`HL\200U4Z\254\332\337"
 364      044E675B 
 364      FB83EB60 
 364      484C8055 
 364      345AACDA 
 365 0e3a AE5F4F6E 		.ascii	"\256_On\273\\\212\327[i\350\025d\015\374\311Ub\222\215"
 365      BB5C8AD7 
 365      5B69E815 
 365      640DFCC9 
 365      5562928D 
 366 0e4e 4F8A551A 		.ascii	"O\212U\032\277N\320[\277\0124\376\015\234 W:\233\302"
 366      BF4ED05B 
 366      BF0A34FE 
 366      0D9C2057 
 366      3A9BC2
 367 0e61 6A4C3007 		.ascii	"jL0\007\301d\035\\\350\315\233`a\261\301d\013\320\351"
 367      C1641D5C 
 367      E8CD9B60 
 367      61B1C164 
 367      0BD0E9
 368 0e74 C4B0F88B 		.ascii	"\304\260\370\213\277~0\252\263\375\324\323\"\247\013"
 368      BF7E30AA 
 368      B3FDD4D3 
 368      22A70B
 369 0e83 704D32D3 		.ascii	"pM2\323\245Dg\3036\2139\324\266\311b\324o\320Y\214_"
 369      A54467C3 
 369      368B39D4 
 369      B6C962D4 
 369      6FD0598C 
 370 0e98 182D4693 		.ascii	"\030-F\223\001\206\221\031'X7\372\001\201N\253Mo3\006"
 370      01869119 
 370      275837FA 
 370      01814EAB 
 370      4D6F3306 
 371 0eac B0045907 		.ascii	"\260\004Y\007X\342\257\312Fo\200u\006\333f3o\371\230"
 371      58E2AFCA 
 371      466F8075 
 371      06DB6633 
 371      6FF998
 372 0ebf B7ACE52D 		.ascii	"\267\254\345-\277\340-\037aKl,P\014o\371g\336\262.\220"
 372      BFE02D1F 
 372      614B6C2C 
 372      500C6FF9 
 372      67DEB22E 
 373 0ed4 E5B3C906 		.ascii	"\345\263\311\006b|\274E\305\256t65\361\207A+\215f\342"
 373      627CBC45 
 373      C5AE7436 
 373      35F18741 
 373      2B8D66E2 
 374 0ee8 A84A34C4 		.ascii	"\250J4\304\346oH\262\200%L\204\004\332\230\340\317\356"
 374      E66F48B2 
 374      80254C84 
 374      04DA98E0 
 374      CFEE
 375 0efa 5935D210 		.ascii	"Y5\322\020 o6[-\274\331\240\214\267\200\246\015\200"
 375      206F365B 
ARM GAS  /var/folders/qd/4mxf5pkd0zdf0b9dd1hp39180000gn/T//ccj33lTU.s 			page 30


 375      2DBCD9A0 
 375      8CB780A6 
 375      0D80
 376 0f0c B986B77C 		.ascii	"\271\206\267|\310[\340;\226\267\304\004\212IO\360\024"
 376      C85BE03B 
 376      96B7C404 
 376      8A494FF0 
 376      14
 377 0f1d 864D7A0B 		.ascii	"\206Mz\0138\261\321h\323}\366\371gA\372\370\257\365"
 377      38B1D168 
 377      D37DF6F9 
 377      6741FAF8 
 377      AFF5
 378 0f2f DF58C1AC 		.ascii	"\337X\301\254xH\270\017\344\001\003y\355\372O?\377\344"
 378      7848B80F 
 378      E4010379 
 378      EDFA4F3F 
 378      FFE4
 379 0f41 7357D868 		.ascii	"sW\330h!\031\022~\223d2\220\225\327\301*P%\341T\177"
 379      2119127E 
 379      93643290 
 379      95D7C12A 
 379      5025E154 
 380 0f56 92293ED1 		.ascii	"\222)>\321\360\225\253\254\002e\203\032\235\316h\322"
 380      F095ABAC 
 380      0265831A 
 380      9DCE68D2 
 381 0f66 FF25DE48 		.ascii	"\377%\336H\3129\224\336p\223\015p\015\005\351t\033\342"
 381      CA3994DE 
 381      70930D70 
 381      0D05E974 
 381      1BE2
 382 0f78 AC4ED1BF 		.ascii	"\254N\321\277\003\352~\313\332"
 382      03EA7ECB 
 382      DA
 383              		.text
 384              		.section	.gnu.lto_.symtab.7fe774a2785dfc3,"",%progbits
 385 0000 4E4D495F 		.ascii	"NMI_Handler\000"
 385      48616E64 
 385      6C657200 
 386 000c 00       		.ascii	"\000"
 387 000d 00       		.ascii	"\000"
 388 000e 00       		.ascii	"\000"
 389 000f 00000000 		.ascii	"\000\000\000\000\000\000\000\000"
 389      00000000 
 390 0017 C0000000 		.ascii	"\300\000\000\000"
 391 001b 5F706F72 		.ascii	"_port_irq_epilogue\000"
 391      745F6972 
 391      715F6570 
 391      696C6F67 
 391      756500
 392 002e 00       		.ascii	"\000"
 393 002f 00       		.ascii	"\000"
 394 0030 00       		.ascii	"\000"
 395 0031 00000000 		.ascii	"\000\000\000\000\000\000\000\000"
 395      00000000 
 396 0039 C4000000 		.ascii	"\304\000\000\000"
ARM GAS  /var/folders/qd/4mxf5pkd0zdf0b9dd1hp39180000gn/T//ccj33lTU.s 			page 31


 397 003d 6E696C00 		.ascii	"nil\000"
 398 0041 00       		.ascii	"\000"
 399 0042 02       		.ascii	"\002"
 400 0043 00       		.ascii	"\000"
 401 0044 00000000 		.ascii	"\000\000\000\000\000\000\000\000"
 401      00000000 
 402 004c 55010000 		.ascii	"U\001\000\000"
 403 0050 5F706F72 		.ascii	"_port_switch_from_isr\000"
 403      745F7377 
 403      69746368 
 403      5F66726F 
 403      6D5F6973 
 404 0066 00       		.ascii	"\000"
 405 0067 02       		.ascii	"\002"
 406 0068 00       		.ascii	"\000"
 407 0069 00000000 		.ascii	"\000\000\000\000\000\000\000\000"
 407      00000000 
 408 0071 C6000000 		.ascii	"\306\000\000\000"
 409 0075 5F706F72 		.ascii	"_port_exit_from_isr\000"
 409      745F6578 
 409      69745F66 
 409      726F6D5F 
 409      69737200 
 410 0089 00       		.ascii	"\000"
 411 008a 02       		.ascii	"\002"
 412 008b 00       		.ascii	"\000"
 413 008c 00000000 		.ascii	"\000\000\000\000\000\000\000\000"
 413      00000000 
 414 0094 C8000000 		.ascii	"\310\000\000\000"
 415              		.text
 416              		.section	.gnu.lto_.opts,"",%progbits
 417 0000 272D666D 		.ascii	"'-fmath-errno' '-fsigned-zeros' '-ftrapping-math' '"
 417      6174682D 
 417      6572726E 
 417      6F272027 
 417      2D667369 
 418 0033 2D666E6F 		.ascii	"-fno-trapv' '-fno-openmp' '-fno-openacc' '-mcpu=cor"
 418      2D747261 
 418      70762720 
 418      272D666E 
 418      6F2D6F70 
 419 0066 7465782D 		.ascii	"tex-m0' '-mno-thumb-interwork' '-mthumb' '-O2' '-fo"
 419      6D302720 
 419      272D6D6E 
 419      6F2D7468 
 419      756D622D 
 420 0099 6D69742D 		.ascii	"mit-frame-pointer' '-falign-functions=16' '-ffuncti"
 420      6672616D 
 420      652D706F 
 420      696E7465 
 420      72272027 
 421 00cc 6F6E2D73 		.ascii	"on-sections' '-fdata-sections' '-fno-common' '-flto"
 421      65637469 
 421      6F6E7327 
 421      20272D66 
 421      64617461 
 422 00ff 2700     		.ascii	"'\000"
ARM GAS  /var/folders/qd/4mxf5pkd0zdf0b9dd1hp39180000gn/T//ccj33lTU.s 			page 32


 423              		.text
 424              		.comm	__gnu_lto_v1,1,1
 425              		.comm	__gnu_lto_slim,1,1
 426              		.ident	"GCC: (GNU Tools for Arm Embedded Processors 7-2017-q4-major) 7.2.1 20170904 (release) [ARM
ARM GAS  /var/folders/qd/4mxf5pkd0zdf0b9dd1hp39180000gn/T//ccj33lTU.s 			page 33


DEFINED SYMBOLS
                            *ABS*:0000000000000000 nilcore_v6m.c
                            *COM*:0000000000000001 __gnu_lto_v1
                            *COM*:0000000000000001 __gnu_lto_slim

NO UNDEFINED SYMBOLS
