ARM GAS  /var/folders/qd/4mxf5pkd0zdf0b9dd1hp39180000gn/T//cc0gmHvS.s 			page 1


   1              		.cpu cortex-m3
   2              		.eabi_attribute 20, 1
   3              		.eabi_attribute 21, 1
   4              		.eabi_attribute 23, 3
   5              		.eabi_attribute 24, 1
   6              		.eabi_attribute 25, 1
   7              		.eabi_attribute 26, 1
   8              		.eabi_attribute 30, 2
   9              		.eabi_attribute 34, 1
  10              		.eabi_attribute 18, 4
  11              		.file	"board.c"
  12              		.section	.gnu.lto_.profile.d7a311a6a22dd05,"",%progbits
  13 0000 789C6363 		.ascii	"x\234cc```\001bF\006>f\000\000\227\000\035"
  13      60606001 
  13      6246063E 
  13      66000097 
  13      001D
  14              		.text
  15              		.section	.gnu.lto_.icf.d7a311a6a22dd05,"",%progbits
  16 0000 789C6363 		.ascii	"x\234cc``\020a@\000f\206\306\031\023623v-\331\376\235"
  16      60601061 
  16      40006686 
  16      C6191336 
  16      3233762D 
  17 0017 8F69F78B 		.ascii	"\217i\367\213\231\313\371\030\000U\256\010Y"
  17      99CBF918 
  17      0055AE08 
  17      59
  18              		.text
  19              		.section	.gnu.lto_.jmpfuncs.d7a311a6a22dd05,"",%progbits
  20 0000 789C6363 		.ascii	"x\234cc``\340d@\000&\020\301\010\304\000\001\202\000"
  20      6060E064 
  20      40002610 
  20      C108C400 
  20      018200
  21 0013 13       		.ascii	"\023"
  22              		.text
  23              		.section	.gnu.lto_.inline.d7a311a6a22dd05,"",%progbits
  24 0000 789C6363 		.ascii	"x\234cc``\320f@\000&\006\006\026\036F\020\305\300\266"
  24      6060D066 
  24      40002606 
  24      06161E46 
  24      10C5C0B6 
  25 0014 401E4431 		.ascii	"@\036D10r\201\010\006f&Ta\006\000-\266\001\351"
  25      30728108 
  25      06662654 
  25      6106002D 
  25      B601E9
  26              		.text
  27              		.section	.gnu.lto_.pureconst.d7a311a6a22dd05,"",%progbits
  28 0000 789C6363 		.ascii	"x\234cc```\005b&\006\011F\006\000\000\334\000'"
  28      60606005 
  28      62260609 
  28      46060000 
  28      DC0027
  29              		.text
  30              		.section	.gnu.lto___early_init.d7a311a6a22dd05,"",%progbits
ARM GAS  /var/folders/qd/4mxf5pkd0zdf0b9dd1hp39180000gn/T//cc0gmHvS.s 			page 2


  31 0000 789C6363 		.ascii	"x\234cc``X\001\304f@,\015\304\214\314\014\214L\023\316"
  31      60605801 
  31      C466402C 
  31      0DC48CCC 
  31      0C8C4C13 
  32 0015 31303472 		.ascii	"104r012\202\030\015\034\214\014\365L\214\365\214=\314"
  32      30313282 
  32      180D1C8C 
  32      0CF54C8C 
  32      F58C3DCC 
  33 0029 5398190F 		.ascii	"S\230\031\017\265?\333\311\244\271\274\001\010\016L"
  33      B53FDBC9 
  33      A4B9BC01 
  33      080E4C
  34 0038 DF20D9B0 		.ascii	"\337 \331\260\342\000\343\034f\006\206i@\014\002\214"
  34      E200E31C 
  34      66068669 
  34      400C028C 
  35 0048 9B193519 		.ascii	"\233\0315\031\200\312\036m\3747\225\227\215\005\"\316"
  35      80CA1E6D 
  35      FC379597 
  35      8D0522CE 
  36 0058 B885918D 		.ascii	"\270\205\221\215\201\021\310X\177\211\365@\303\277\377"
  36      8111C858 
  36      7F89F540 
  36      C3BFFF
  37 0067 ED0D07CE 		.ascii	"\355\015\007\316,f\334\316\012\224\353\000b\240%\015"
  37      2C66DCCE 
  37      0A94EB00 
  37      62A0250D 
  38 0077 07183A99 		.ascii	"\007\030:\231\231@\254\346\003\014o\030\233\027\274"
  38      9940ACE6 
  38      030C6F18 
  38      9B17BC
  39 0086 96026B02 		.ascii	"\226\002k\002\232\264s\347\233\333\354\365\177\0338"
  39      9AB473E7 
  39      9BDBECF5 
  39      7F1B38
  40 0095 E630334E 		.ascii	"\34603Nc\006\232\302\270\225\261\236a\016P\365;\306"
  40      63069AC2 
  40      B895B19E 
  40      610E50F5 
  40      3BC6
  41 00a7 A605EFB9 		.ascii	"\246\005\357\271\300\352@\240\003(\0114\200\211\201"
  41      C0EA40A0 
  41      03280934 
  41      808981
  42 00b6 C1444F4F 		.ascii	"\301DOO\037\202\362\213\3653\022s\364\223\362\023\213"
  42      1F82F28B 
  42      F5331273 
  42      F493F213 
  42      8B
  43 00c7 528AF583 		.ascii	"R\212\365\203C\342\203C|\215\215\302|\342]<\203\235"
  43      43E28343 
  43      7C8D8DC2 
  43      7CE25D3C 
  43      839D
ARM GAS  /var/folders/qd/4mxf5pkd0zdf0b9dd1hp39180000gn/T//cc0gmHvS.s 			page 3


  44 00d9 FDC35C83 		.ascii	"\375\303\\\203\"!rz\311\014\000\005vI["
  44      2221727A 
  44      C90C0005 
  44      76495B
  45              		.text
  46              		.section	.gnu.lto_boardInit.d7a311a6a22dd05,"",%progbits
  47 0000 789C6363 		.ascii	"x\234cc``\250\003b3 \226\006bFf\006F\246\011\347\030"
  47      6060A803 
  47      62332096 
  47      06624666 
  47      0646A609 
  48 0016 181A3998 		.ascii	"\030\0329\230\030\031A\214\006\016F\206z&\306z\306\036"
  48      1819418C 
  48      060E4686 
  48      7A26C67A 
  48      C61E
  49 0028 E629CC8C 		.ascii	"\346)\314\214\207\332\237\355d\322\\\336\000\004\007"
  49      87DA9FED 
  49      64D25CDE 
  49      000407
  50 0037 A65F906C 		.ascii	"\246_\220lXq\200q\0163\003\3034 \006\001\306\315\214"
  50      58718071 
  50      0E3303C3 
  50      34200601 
  50      C6CD8C
  51 004a 9A0C4065 		.ascii	"\232\014@e\2176\376\233\312\313\306\002\021g\334\302"
  51      8F36FE9B 
  51      CACBC602 
  51      1167DCC2 
  52 005a C8C6C008 		.ascii	"\310\306\300\010d\254\277\304z\240\341\337\377\366\206"
  52      64ACBFC4 
  52      7AA0E1DF 
  52      FFF686
  53 0069 035F1631 		.ascii	"\003_\0261^feb`\350\000\312\003-i8\300\320\311\314\004"
  53      5E666562 
  53      60E800CA 
  53      032D6938 
  53      C0D0C9CC 
  54 007e 62351F60 		.ascii	"b5\037`x\307\330\244\000\326\002\002\035\314\214 a\240"
  54      78C7D8A4 
  54      00D60202 
  54      1DCC8C20 
  54      61A0
  55 0090 52133D3D 		.ascii	"R\023==}\010\312/\326\317H\314\321O\312O,J)\326\017"
  55      7D08CA2F 
  55      D6CF48CC 
  55      D14FCA4F 
  55      2C4A29D6 
  56 00a5 0E890F0E 		.ascii	"\016\211\017\016\36156\012\363\211w\361\014v\366\017"
  56      F135360A 
  56      F38977F1 
  56      0C76F60F 
  57 00b5 730D8A84 		.ascii	"s\015\212\204\310\351%3\000\000 \022;\\"
  57      C8E92533 
  57      00002012 
  57      3B5C
  58              		.text
ARM GAS  /var/folders/qd/4mxf5pkd0zdf0b9dd1hp39180000gn/T//cc0gmHvS.s 			page 4


  59              		.section	.gnu.lto_pal_default_config.d7a311a6a22dd05,"",%progbits
  60 0000 789C6363 		.ascii	"x\234cc``\230\311\310\300\000D`0\205\231\361\340\246"
  60      606098C9 
  60      C8C00044 
  60      60308599 
  60      F1E0A6
  61 0013 09AB98BB 		.ascii	"\011\253\230\273\231\347030vL\\t\204\003(t\367\304\312"
  61      99E73033 
  61      30764C5C 
  61      74840328 
  61      74F7C4CA 
  62 0027 D550A1FF 		.ascii	"\325P\241\377@\300\017\024\372r\377\332\015n\213m\015"
  62      40C00F14 
  62      FA72FFDA 
  62      0D6E8B6D 
  62      0D
  63 0038 1D0B1A0C 		.ascii	"\035\013\032\014\34603N\005Jma\224\231\312\314\310\270"
  63      E630334E 
  63      054A6D61 
  63      9499CACC 
  63      C8B8
  64 004a 19443181 		.ascii	"\031D1\201(\220i\177\246\274\336\304\001\321zd\002\304"
  64      2890697F 
  64      A6BCDEC4 
  64      01D17A64 
  64      02C4
  65 005c B48D9B67 		.ascii	"\264\215\233g\377g\304\252u\033\212\326\355On\254d\204"
  65      FF67C4AA 
  65      751B8AD6 
  65      ED4F6EAC 
  65      6484
  66 006e 68DD0CD5 		.ascii	"h\335\014\325\372\275\353m#?\324!?!\016i}\320=\217\005"
  66      FABDEB6D 
  66      233FD421 
  66      3F210E69 
  66      7DD03D8F 
  67 0083 D5B49D28 		.ascii	"\325\264\235(\016\331\0011\355\377\366\217\217\330`"
  67      0ED90131 
  67      EDFFF68F 
  67      8FD860
  68 0092 DE3AB794 		.ascii	"\336:\267\224\033(\364\373\357\226+\314\370\374\260"
  68      1B28F4FB 
  68      EF962BCC 
  68      F8FCB0
  69 00a1 1BA2F5C7 		.ascii	"\033\242\365\307\263f7\210\316\035\235\020w\274\232"
  69      B3663788 
  69      CE1D9D10 
  69      77BC9A
  70 00b0 FAA18B1B 		.ascii	"\372\241\213\033\"\3242\375,\330\260\356\205[6\260`"
  70      22D432FD 
  70      2CD8B0EE 
  70      855B36B0 
  70      60
  71 00c1 356C1FC4 		.ascii	"5l\037\304\260\275\020\303\036\236\377z\230\015\242"
  71      B0BD10C3 
  71      1E9EFF7A 
  71      980DA2
ARM GAS  /var/folders/qd/4mxf5pkd0zdf0b9dd1hp39180000gn/T//cc0gmHvS.s 			page 5


  72 00d0 2E600E33 		.ascii	".`\0163\323Tff\306\375\214\026S\231Y\030\367\200(V\306"
  72      D3546666 
  72      C6FD8C16 
  72      53995918 
  72      F7802856 
  73 00e5 5D208A8D 		.ascii	"] \212\215q;\210bg\334\312h\301\300x\000H\000\000\366"
  73      713B8862 
  73      67DCCA68 
  73      C1C07800 
  73      480000F6 
  74 00f9 898ADA   		.ascii	"\211\212\332"
  75              		.text
  76              		.section	.gnu.lto_.symbol_nodes.d7a311a6a22dd05,"",%progbits
  77 0000 789C6363 		.ascii	"x\234cc``\360\000b\006\246\263\214\365\014\014\023\316"
  77      6060F000 
  77      6206A6B3 
  77      8CF50C0C 
  77      13CE
  78 0012 313000A9 		.ascii	"10\000\251]\015\216@\221s\214\365\214(\"\254g\030\031"
  78      5D0D8E40 
  78      91738CF5 
  78      8C2822AC 
  78      671819
  79 0025 1A95808A 		.ascii	"\032\225\200\212\031\3173\3263\201\245\030\030\032\032"
  79      19CF33D6 
  79      3381A518 
  79      181A1A
  80 0034 1C181898 		.ascii	"\034\030\030\230\201p\311\203\177\214\014\000\224X\021"
  80      8170C983 
  80      7F8C0C00 
  80      945811
  81 0043 8D       		.ascii	"\215"
  82              		.text
  83              		.section	.gnu.lto_.refs.d7a311a6a22dd05,"",%progbits
  84 0000 789C6363 		.ascii	"x\234cc```\004b\006\000\000D\000\010"
  84      60606004 
  84      62060000 
  84      440008
  85              		.text
  86              		.section	.gnu.lto_.decls.d7a311a6a22dd05,"",%progbits
  87 0000 789CC555 		.ascii	"x\234\305UkLTG\024\276\347\016\254\260P\227@\323\320"
  87      6B4C5447 
  87      14BEE70E 
  87      ACB05097 
  87      40D3D0
  88 0013 C61FC4AE 		.ascii	"\306\037\304\256\221?\273\227E\023\3774M,XkB+\251\266"
  88      913FBB97 
  88      4513FF34 
  88      4D2C586B 
  88      422BA9B6 
  89 0027 49FBA3EB 		.ascii	"I\373\243\353\272\254\262u\331\335\262K\2531i/\002\321"
  89      BAACB275 
  89      D9DDB24B 
  89      AB31692F 
  89      02D1
  90 0039 20111FA4 		.ascii	" \021\037\244->Z\3523>Zi\224\252,\302\202\005\321\212"
  90      2D3E5AEA 
ARM GAS  /var/folders/qd/4mxf5pkd0zdf0b9dd1hp39180000gn/T//cc0gmHvS.s 			page 6


  90      333E5A69 
  90      94AA2CC2 
  90      8205D18A 
  91 004d 55AA2896 		.ascii	"U\252(\226\307V\345\241\002\"\265\032\321@\317\314\\"
  91      C756E5A1 
  91      0222B51A 
  91      D140CFCC 
  91      5C
  92 005e B8EB0AC6 		.ascii	"\270\353\012\306\364O'{\356\314\231\371\346\373\316"
  92      F44F277B 
  92      EECC99F9 
  92      E6FBCE
  93 006d 9C33F7AE 		.ascii	"\2343\367\256F\020\204\327#\004a\203(\010m8\036\305"
  93      461084D7 
  93      23046183 
  93      28086D38 
  93      1EC5
  94 007f 16867DAD 		.ascii	"\026\206}\255\2406\202\346C;\211V\203\006h\003\302\323"
  94      A03682E6 
  94      433B8956 
  94      83066803 
  94      C2D3
  95 0091 ED0BE0B8 		.ascii	"\355\013\340\270%hw\321*\225yQ\331[#<\333V\003\347Z"
  95      256877D1 
  95      2A957951 
  95      D95B233C 
  95      DB5603E7 
  96 00a6 A2F8A068 		.ascii	"\242\370\240h\204\266v\205{\246\300c\354G\303\220\205"
  96      84B67685 
  96      7BA6C063 
  96      EC47C390 
  96      85
  97 00b7 16B42B68 		.ascii	"\026\264+hW\321z\320n\241\335@\273\211\3265\001\017"
  97      57D17AD0 
  97      6EA1DD40 
  97      BB89D635 
  97      010F
  98 00c9 6D25042A 		.ascii	"m%\004*kO\326DuB;`l\020\303\225\201?\261\247\306\374"
  98      6B4FD644 
  98      75423B60 
  98      6C10C395 
  98      813FB1A7 
  99 00df D1B1067C 		.ascii	"\321\261\006|\036gE\336)P\352\214m\201\361\031Q\341"
  99      1E6745DE 
  99      2950EA8C 
  99      6D81F119 
  99      51E1
 100 00f1 10C778D9 		.ascii	"\020\307x\331O!\200`V\276\316\345\306\032\317\002\037"
 100      4F218060 
 100      56BECEE5 
 100      C61ACF02 
 100      1F
 101 0102 04EDE353 		.ascii	"\004\355\343S\242*\026\264\345\231X\205\361\345\361"
 101      A22A16B4 
 101      E5995885 
 101      F1E5F1
 102 0111 A0D44382 		.ascii	"\240\324C\202\222\204\272\346\334^m\000:p\365cA\330"
ARM GAS  /var/folders/qd/4mxf5pkd0zdf0b9dd1hp39180000gn/T//cc0gmHvS.s 			page 7


 102      9284BAE6 
 102      DC5E6D00 
 102      3A70F563 
 102      41D8
 103 0123 18910574 		.ascii	"\030\221\005t\366^\177\361y\035\021\331\370\207\236"
 103      F65E7FF1 
 103      791D11D9 
 103      F8879E
 104 0132 BB772289 		.ascii	"\273w\"\211\216\215\377\271x\257Hg<$\363\026\261\236"
 104      8E8DFFB9 
 104      78AF4867 
 104      3C24F316 
 104      B19E
 105 0144 08F00B90 		.ascii	"\010\360\013\220\261\204\326\217>\364\353\326\023\210"
 105      B184D68F 
 105      3EF4EBD6 
 105      1388
 106 0152 D582886E 		.ascii	"\325\202\210n\363\340\271\035Q\350\276\254\205\030t"
 106      F3E0B91D 
 106      51E8BEAC 
 106      851874
 107 0161 0F158D96 		.ascii	"\017\025\215\226\204\307\177M7n\314\223cDX\362\012\234"
 107      84C77F4D 
 107      376ECC93 
 107      634458F2 
 107      0A9C
 108 0173 8069701C 		.ascii	"\200ip\034\246a8\225\020\217Og\030g\352[\373\243cz\231"
 108      A6613895 
 108      108F4F67 
 108      1867EA5B 
 108      FBA3637A 
 109 0188 5C1690FD 		.ascii	"\\\026\220\375=\245\011]Ge\271\000\267\205Q\024T\000"
 109      3DA5095D 
 109      4765B900 
 109      B7855114 
 109      5400
 110 019a 816360A4 		.ascii	"\201c`\244g\250\240\332p\024\002\000G\240\023\217\340"
 110      67A8A0DA 
 110      70140200 
 110      47A0138F 
 110      E0
 111 01ab 83E9B8FB 		.ascii	"\203\351\270\373\\w\373j\222\013,\342\243m\255\376p"
 111      5C77FB6A 
 111      920B2CE2 
 111      A36DADFE 
 111      70
 112 01bc A42A47AA 		.ascii	"\244*G\252\272\275D.A\236\030\306S\245\362T\205\362"
 112      BABD442E 
 112      419E18C6 
 112      53A5F254 
 112      85F2
 113 01ce 9C643C72 		.ascii	"\234d<r\257\257MG\326s\242\342\003\205\325\221H\024"
 113      AFAF4D47 
 113      D673A2E2 
 113      0385D591 
 113      4814
 114 01e0 9031A683 		.ascii	"\2201\246\203z_y\257\274N\313\342\206j\225\251Z\311"
ARM GAS  /var/folders/qd/4mxf5pkd0zdf0b9dd1hp39180000gn/T//cc0gmHvS.s 			page 8


 114      7A5F79AF 
 114      BC4ECBE2 
 114      866A95A9 
 114      5AC9
 115 01f2 06D43086 		.ascii	"\006\3240\206\306S?=\210\"M\012C^\307\227<;o\240W\364"
 115      C6533F3D 
 115      88224D0A 
 115      435EC797 
 115      3C3B6FA0 
 116 0208 EDBE8D1A 		.ascii	"\355\276\215\032\236\235\000A\337w\254\252!\234/'\241"
 116      9E9D0041 
 116      DF77ACAA 
 116      219C2F27 
 116      A1
 117 0219 FBB8B7A4 		.ascii	"\373\270\267\244\025\270\033\215\356\032_\353&\235\202"
 117      15B81B8D 
 117      EE1A5FEB 
 117      269D82
 118 0228 66056ADA 		.ascii	"f\005j\332zc*\367\023\202\334X\356n(>\362\263\226\004"
 118      7A632AF7 
 118      1382DC58 
 118      EE6E283E 
 118      F2B39604 
 119 023c B8EC56DF 		.ascii	"\270\354V\337\375\263\012q\004\272\027\363\313\267\023"
 119      FDB30A71 
 119      04BA17F3 
 119      CBB713
 120 024b EE86A1BB 		.ascii	"\356\206\241\273\253\276r8\212\364ph{\343\376\203tm"
 120      ABBE7238 
 120      8AF47068 
 120      7BE3FE83 
 120      746D
 121 025d A616E825 		.ascii	"\246\026\350%\322\341\324\341\276\023\217^\342S\024"
 121      D2E1D4E1 
 121      BE138F5E 
 121      E25314
 122 026c D15C3CB4 		.ascii	"\321\\<\264{\012\271\303\340bg\353\343\266\251\240M"
 122      7B0AB9C3 
 122      E06267EB 
 122      E3B6A9A0 
 122      4D
 123 027d 5C27CB6B 		.ascii	"\\'\313k\344\262<9\362\035\001\032\260\242g\261\242"
 123      E4B23C39 
 123      F21D011A 
 123      B0A267B1 
 123      A2
 124 028e 700112E9 		.ascii	"p\001\022\351&\232\027h\302\311s8\271\227\026\337\377"
 124      269A1768 
 124      C2C97338 
 124      B99716DF 
 124      FF
 125 029f B0FACDD2 		.ascii	"\260\372\315\322!YN\200\337A\013\347\325\334\315\324"
 125      21594E80 
 125      DF410BE7 
 125      D5DCCDD4 
 126 02af F2E2EFDF 		.ascii	"\362\342\357\337\275i\247\206\024\022\246\341\333\326"
 126      BD69A786 
ARM GAS  /var/folders/qd/4mxf5pkd0zdf0b9dd1hp39180000gn/T//cc0gmHvS.s 			page 9


 126      1412A6E1 
 126      DBD6
 127 02bd 552F4EA6 		.ascii	"U/N\246\361\307\244\032\235\267\2477\340\225\021\241"
 127      F1C7A41A 
 127      9DB7A737 
 127      E09511A1 
 128 02cd 19352EAA 		.ascii	"\0315.\252\032(\311E\256W\266\345\212d{\030;\325Ha\325"
 128      1A28C945 
 128      AE57B6E5 
 128      8A647B18 
 128      3BD54861 
 129 02e2 202165CC 		.ascii	" !e\314\011o\274\377 /\032\364z}\\\342N*\352\357)\""
 129      096FBCFF 
 129      202F1AF4 
 129      7A7D5CE2 
 129      4E2AEAEF 
 130 02f8 C3CDBDB2 		.ascii	"\303\315\275\262\2749\232\261]B\266V\210S\243\220\350"
 130      BC399AB1 
 130      5D42B656 
 130      8853A390 
 130      E8
 131 0309 FD35E143 		.ascii	"\3755\341C\340\370\353\373\210\274;\236a\177\233\020"
 131      E0F8EBFB 
 131      88BC3B9E 
 131      617F9B10 
 132 0319 DB002A78 		.ascii	"\333\000*xH\005_\016\005\237\201q\346M\354\265A\203"
 132      48055F0E 
 132      059F8171 
 132      E64DECB5 
 132      4183
 133 032b 3001EA11 		.ascii	"0\001\352\021\360+[\243p<\031\\\303D\264\200\036\256"
 133      F02B5BA3 
 133      703C195C 
 133      C344B480 
 133      1EAE
 134 033d A05D053D 		.ascii	"\240]\005=\273\202<\021\015\337\020|Q)PPr\240\274\254"
 134      BB823C11 
 134      0DDF107C 
 134      51295050 
 134      72A0BCAC 
 135 0351 3523F917 		.ascii	"5#\371\0274\244\205\235Y<\275\377\000^\322\270\304\011"
 135      34A4859D 
 135      593CBDFF 
 135      005ED2B8 
 135      C409
 136 0363 65F00B99 		.ascii	"e\360\013\231\370\002J#s\250P\033\342\376T\363Mu\231"
 136      F8024A23 
 136      73A8501B 
 136      E2FE54F3 
 136      4D7599
 137 0376 DC407E57 		.ascii	"\334@~W \212_\273xt+\232\216w\204\223[<\375mC-k\243"
 137      208A5FBB 
 137      78742B9A 
 137      8E778493 
 137      5B3CFD6D 
 138 038e C820770E 		.ascii	"\310 w\016?)\331\247!\017\271SX\261e\227\216\2140gJ"
 138      3F29D9A7 
ARM GAS  /var/folders/qd/4mxf5pkd0zdf0b9dd1hp39180000gn/T//cc0gmHvS.s 			page 10


 138      210FB953 
 138      58B16597 
 138      8E8C3067 
 139 03a3 C177A777 		.ascii	"\301w\247wLa\205\321'\352w2\315\007\245\261[d\2711\211"
 139      4C6185D1 
 139      27EA7732 
 139      CD07A5B1 
 139      5B64B931 
 140 03b8 C976A26C 		.ascii	"\311v\242l7\366\343qw@pe\020^\367Z\256\354\317'\014"
 140      37F6E371 
 140      77407065 
 140      105EF75A 
 140      AEECCF27 
 141 03cd DD188A3E 		.ascii	"\335\030\212>\015O\325\006\341\327\202\340\327C\341"
 141      0D4FD506 
 141      E1D782E0 
 141      D743E1
 142 03dc A726294E 		.ascii	"\247&)N\035\002j\331Z\267\222\262^LY\017\246\353\026"
 142      1D026AD9 
 142      5AB792B2 
 142      5E4C590F 
 142      A6EB16
 143 03ef DA0DB49B 		.ascii	"\332\015\264\233h]J\352\270P\363\253\252\320_\241B\352"
 143      685D4AEA 
 143      B850F3AB 
 143      AAD05FA1 
 143      42EA
 144 0401 F5522A5A 		.ascii	"\365R*Z\032\233\213R\024\024\\R\316\324\035\234\220"
 144      1A9B8B52 
 144      14145C52 
 144      CED41D9C 
 144      90
 145 0412 4028D599 		.ascii	"@(\325\231\240#bvk\037\365\025\350HA8\273\002\207\373"
 145      A0236276 
 145      6B1FF515 
 145      E8484138 
 145      BB0287FB 
 146 0426 07BF82C4 		.ascii	"\007\277\202\3048\2561\260MC\213\331\207\233o\253\305"
 146      38AE31B0 
 146      4D438BD9 
 146      879B6FAB 
 146      C5
 147 0437 EC66C59C 		.ascii	"\354f\305\234\360\264p\007\017\371\"\007F\331K\303\177"
 147      F0B47007 
 147      0FF92207 
 147      46D94BC3 
 147      7F
 148 0448 5FD6C529 		.ascii	"_\326\305)4\353&\245\021\236\307\321}ex\2178c\227\\"
 148      34EB26A5 
 148      119EC7D1 
 148      7D65788F 
 148      3863975C 
 149 045c EEA7FF10 		.ascii	"\356\247\377\020\372-{\220\013\240\037w\372y\274Au\240"
 149      FA2D7B90 
 149      0BA01F77 
 149      FA79BC41 
 149      75A0
ARM GAS  /var/folders/qd/4mxf5pkd0zdf0b9dd1hp39180000gn/T//cc0gmHvS.s 			page 11


 150 046e 339F8802 		.ascii	"3\237\210\002\014\300\014\334\371\375\223\307\245S\243"
 150      0CC00CDC 
 150      F9FD93C7 
 150      A553A3
 151 047d 0BC73F27 		.ascii	"\013\307?'\354\013>\366\312\011p\027\242\331\367\233"
 151      EC0B3EF6 
 151      CA097017 
 151      A2D9F79B 
 152 048d F6D166B3 		.ascii	"\366\321f\263\315\222\355Xe\266;\355\336YF\243\304\177"
 152      CD92ED58 
 152      65B63BED 
 152      DE5946A3 
 152      C47F
 153 049f 2E8F9469 		.ascii	".\217\224iqHK]\226\354\014\217\264h\261y\321\342wg%"
 153      71484B5D 
 153      96EC0C8F 
 153      B468B179 
 153      D1E27767 
 154 04b4 7F98664E 		.ascii	"\177\230fN]\260(e\341\207\363\336\377\210\257\031\255"
 154      5DB02865 
 154      E187F3DE 
 154      FF88AF19 
 154      AD
 155 04c5 11F3DFFB 		.ascii	"\021\363\337\373 !\305d\022f\377\207\315B$\033,@\355"
 155      2021C564 
 155      1266FF87 
 155      CD42241B 
 155      2C40ED
 156 04d8 188F376B 		.ascii	"\030\2177kV\262\331\352pYW\260`\222B\371\334\256l/\245"
 156      56B2D9EA 
 156      705957B0 
 156      609242F9 
 156      DCAE6C2F 
 157 04ed 432EFE7C 		.ascii	"C.\376|\333\264r%]1;\034\031\306L!\326\215\303\014\333"
 157      DBB47225 
 157      5D313B1C 
 157      19C64C21 
 157      D68DC30C 
 158 0502 324B8EC3 		.ascii	"2K\216\303k\266\272\234\313\354\3135\351\251\251\026"
 158      6BB6BA9C 
 158      CBECCB35 
 158      E9A9A916 
 159 0512 AF8558B3 		.ascii	"\257\205X\263\035Z\2639\307\356\364\242\204w3Hs\335"
 159      1D5AB339 
 159      C7EEF4A2 
 159      84773348 
 159      73DD
 160 0524 6E87DD6A 		.ascii	"n\207\335j\361\332]N\2174\317\352\260\273=6\263\315"
 160      F1DA5D4E 
 160      8F34CFEA 
 160      B0BB3D36 
 160      B3CD
 161 0536 E0CEB1AE 		.ascii	"\340\316\261\256H6Z\334n)\305\345\364\332\234\336g\026"
 161      48365ADC 
 161      6E29C5E5 
 161      F4DA9CDE 
 161      6716
ARM GAS  /var/folders/qd/4mxf5pkd0zdf0b9dd1hp39180000gn/T//cc0gmHvS.s 			page 12


 162 0548 A5C52E97 		.ascii	"\245\305.\227\303#-\267Z\015\226\354,\203\323\345\264"
 162      C3232DB7 
 162      5A0D96EC 
 162      2C83D3E5 
 162      B4
 163 0559 196C96A5 		.ascii	"\031l\226\245v\303\034Cr\222i\216\341\263\331\206,\313"
 163      76C31C43 
 163      7292698E 
 163      E1B3D986 
 163      2CCB
 164 056b A7AE6CE9 		.ascii	"\247\256l\351\251U\311\356\264:r2lR\226\305\232iw\332"
 164      A955C9EE 
 164      B43A7232 
 164      6C5296C5 
 164      9A6977DA 
 165 057f A4F138BD 		.ascii	"\244\3618\275\253\3346\017\006\0371\026\334\332\377"
 165      ABDC360F 
 165      061F3116 
 165      DCDAFF
 166 058e 2F38CF2A 		.ascii	"/8\317*\217d\366x30\022\214\210\2702\2621q\231\246\347"
 166      8F64F678 
 166      3330128C 
 166      88B832B2 
 166      317199A6 
 167 05a3 D5212D2D 		.ascii	"\325!--U\232\237\276`\341\347&\311\255\026\202\227r"
 167      559A9FBE 
 167      60E1E726 
 167      C9AD1682 
 167      9772
 168 05b5 B9DBEE32 		.ascii	"\271\333\3562{l\336\034\267\331\253IO\241\205\320\244"
 168      7B6CDE1C 
 168      B7D9AB49 
 168      4FA185D0 
 168      A4
 169 05c6 BFC5BBB9 		.ascii	"\277\305\273\271\274\233G\273\310\364\271i)\254\\\377"
 169      BC9B47BB 
 169      C8F4B969 
 169      29AC5CFF 
 170 05d6 0225A82A 		.ascii	"\002%\250*\231"
 170      99
 171              		.text
 172              		.section	.gnu.lto_.symtab.d7a311a6a22dd05,"",%progbits
 173 0000 5F5F6561 		.ascii	"__early_init\000"
 173      726C795F 
 173      696E6974 
 173      00
 174 000d 00       		.ascii	"\000"
 175 000e 00       		.ascii	"\000"
 176 000f 00       		.ascii	"\000"
 177 0010 00000000 		.ascii	"\000\000\000\000\000\000\000\000"
 177      00000000 
 178 0018 BB000000 		.ascii	"\273\000\000\000"
 179 001c 626F6172 		.ascii	"boardInit\000"
 179      64496E69 
 179      7400
 180 0026 00       		.ascii	"\000"
 181 0027 00       		.ascii	"\000"
ARM GAS  /var/folders/qd/4mxf5pkd0zdf0b9dd1hp39180000gn/T//cc0gmHvS.s 			page 13


 182 0028 00       		.ascii	"\000"
 183 0029 00000000 		.ascii	"\000\000\000\000\000\000\000\000"
 183      00000000 
 184 0031 BD000000 		.ascii	"\275\000\000\000"
 185 0035 70616C5F 		.ascii	"pal_default_config\000"
 185      64656661 
 185      756C745F 
 185      636F6E66 
 185      696700
 186 0048 00       		.ascii	"\000"
 187 0049 00       		.ascii	"\000"
 188 004a 00       		.ascii	"\000"
 189 004b 00000000 		.ascii	"\000\000\000\000\000\000\000\000"
 189      00000000 
 190 0053 EE000000 		.ascii	"\356\000\000\000"
 191 0057 73746D33 		.ascii	"stm32_clock_init\000"
 191      325F636C 
 191      6F636B5F 
 191      696E6974 
 191      00
 192 0068 00       		.ascii	"\000"
 193 0069 02       		.ascii	"\002"
 194 006a 00       		.ascii	"\000"
 195 006b 00000000 		.ascii	"\000\000\000\000\000\000\000\000"
 195      00000000 
 196 0073 BF000000 		.ascii	"\277\000\000\000"
 197              		.text
 198              		.section	.gnu.lto_.opts,"",%progbits
 199 0000 272D666D 		.ascii	"'-fmath-errno' '-fsigned-zeros' '-ftrapping-math' '"
 199      6174682D 
 199      6572726E 
 199      6F272027 
 199      2D667369 
 200 0033 2D666E6F 		.ascii	"-fno-trapv' '-fno-openmp' '-fno-openacc' '-mcpu=cor"
 200      2D747261 
 200      70762720 
 200      272D666E 
 200      6F2D6F70 
 201 0066 7465782D 		.ascii	"tex-m3' '-mno-thumb-interwork' '-mthumb' '-O2' '-fo"
 201      6D332720 
 201      272D6D6E 
 201      6F2D7468 
 201      756D622D 
 202 0099 6D69742D 		.ascii	"mit-frame-pointer' '-falign-functions=16' '-ffuncti"
 202      6672616D 
 202      652D706F 
 202      696E7465 
 202      72272027 
 203 00cc 6F6E2D73 		.ascii	"on-sections' '-fdata-sections' '-fno-common' '-flto"
 203      65637469 
 203      6F6E7327 
 203      20272D66 
 203      64617461 
 204 00ff 2700     		.ascii	"'\000"
 205              		.text
 206              		.comm	__gnu_lto_v1,1,1
 207              		.comm	__gnu_lto_slim,1,1
ARM GAS  /var/folders/qd/4mxf5pkd0zdf0b9dd1hp39180000gn/T//cc0gmHvS.s 			page 14


 208              		.ident	"GCC: (GNU Tools for Arm Embedded Processors 7-2017-q4-major) 7.2.1 20170904 (release) [ARM
ARM GAS  /var/folders/qd/4mxf5pkd0zdf0b9dd1hp39180000gn/T//cc0gmHvS.s 			page 15


DEFINED SYMBOLS
                            *ABS*:0000000000000000 board.c
                            *COM*:0000000000000001 __gnu_lto_v1
                            *COM*:0000000000000001 __gnu_lto_slim

NO UNDEFINED SYMBOLS
