ARM GAS  /var/folders/qd/4mxf5pkd0zdf0b9dd1hp39180000gn/T//ccO0NJaR.s 			page 1


   1              		.cpu cortex-m3
   2              		.eabi_attribute 20, 1
   3              		.eabi_attribute 21, 1
   4              		.eabi_attribute 23, 3
   5              		.eabi_attribute 24, 1
   6              		.eabi_attribute 25, 1
   7              		.eabi_attribute 26, 1
   8              		.eabi_attribute 30, 2
   9              		.eabi_attribute 34, 1
  10              		.eabi_attribute 18, 4
  11              		.file	"chregistry.c"
  12              		.section	.gnu.lto_.profile.7cb05f55a2f0277d,"",%progbits
  13 0000 789C6363 		.ascii	"x\234cc```\001bF\006Y!\000\000\304\000;"
  13      60606001 
  13      62460659 
  13      210000C4 
  13      003B
  14              		.text
  15              		.section	.gnu.lto_.icf.7cb05f55a2f0277d,"",%progbits
  16 0000 789C6363 		.ascii	"x\234cc``\020a@\000f\206M\263\366}\346fj{\326\372\216"
  16      60601061 
  16      40006686 
  16      4DB3F67D 
  16      E6666A7B 
  17 0017 85F9EDCF 		.ascii	"\205\371\355\317\323\0138\030\000b\275\011g"
  17      D30B3818 
  17      0062BD09 
  17      67
  18              		.text
  19              		.section	.gnu.lto_.jmpfuncs.7cb05f55a2f0277d,"",%progbits
  20 0000 789C6363 		.ascii	"x\234cc``Pd@\000&\020fdd\254\237\303\314\300\304T\011"
  20      60605064 
  20      40002610 
  20      666464AC 
  20      9FC3CCC0 
  21 0017 E4311E60 		.ascii	"\3441\036`ad\000\342\377@\300\317\300\000\000U\034\007"
  21      616400E2 
  21      FF40C0CF 
  21      C0000055 
  21      1C07
  22 0029 60       		.ascii	"`"
  23              		.text
  24              		.section	.gnu.lto_.inline.7cb05f55a2f0277d,"",%progbits
  25 0000 789C6363 		.ascii	"x\234cc``\320g@\000&\006\006N\016F\006&\236\007\261"
  25      6060D067 
  25      40002606 
  25      064E0E46 
  25      06269E07 
  26 0015 0C6C0BE4 		.ascii	"\014l\013\344\231 b\274\242@!\376E\305\014\354\035\352"
  26      992062BC 
  26      A24021FE 
  26      45C50CEC 
  26      1DEA
  27 0027 10216E06 		.ascii	"\020!n\006\006\306\011~\014\000\201m\005K"
  27      06C6097E 
  27      0C00816D 
  27      054B
ARM GAS  /var/folders/qd/4mxf5pkd0zdf0b9dd1hp39180000gn/T//ccO0NJaR.s 			page 2


  28              		.text
  29              		.section	.gnu.lto_.pureconst.7cb05f55a2f0277d,"",%progbits
  30 0000 789C6363 		.ascii	"x\234cc```\007b&\206]\214L\273\030\001\005\345\001\210"
  30      60606007 
  30      6226865D 
  30      8C4CBB18 
  30      0105E501 
  31              		.text
  32              		.section	.gnu.lto_chRegFirstThread.7cb05f55a2f0277d,"",%progbits
  33 0000 789C8553 		.ascii	"x\234\205S[oLQ\024\336\337\331\247\3231\203x\022A\230"
  33      5B6F4C51 
  33      14DEDFD9 
  33      A7D33183 
  33      78124198 
  34 0014 4626D144 		.ascii	"F&\321Dzx\222\210\027\2214\361\320\027\375\001\302\230"
  34      7A789288 
  34      179134F1 
  34      D017FD01 
  34      C298
  35 0026 5051D39C 		.ascii	"PQ\323\234\231\212>u\353\264\246.\011\241\035\312\320"
  35      998A3E75 
  35      EBB4A62E 
  35      09A11DCA 
  35      D0
  36 0037 A111F5E0 		.ascii	"\241\021\365\340>.\275\250QZu\251K\015*\025\241\245"
  36      3E2EBDA8 
  36      515A75A9 
  36      4B0D2A15 
  36      A1A5
  37 0049 B49A525E 		.ascii	"\264\232R^\324\245\254\275\317`L\023&3g\3169\353[k}"
  37      D4A5ACBD 
  37      CF604C13 
  37      263367CE 
  37      39EB5B6B 
  38 005e EBFBD6B6 		.ascii	"\353\373\326\2661\306\036\352\214\265\320\377\014\372"
  38      31C61EEA 
  38      8CB5D0FF 
  38      0CFA
  39 006c 813368BB 		.ascii	"\2013h\273\3562\266\331\256\001\362F\330\301J5\224b"
  39      EE32B6D9 
  39      AE01F246 
  39      D8C14A35 
  39      9462
  40 007e 07AFE278 		.ascii	"\007\257\342xP~:\302\267\363\010\301tz\034\351\334\337"
  40      507E3AC2 
  40      B7F308C1 
  40      747A1CE9 
  40      DCDF
  41 0090 37593E02 		.ascii	"7Y>\002.z\034\032n\217M\314>&D\231\210\357\015;\016"
  41      2E7A1C1A 
  41      6E8F4DCC 
  41      3E264499 
  41      88EF0D3B 
  42 00a5 C4EE8B09 		.ascii	"\304\356\213\011\021\256\2610\301c\230\211s\230){\234"
  42      11AEB130 
  42      C1639889 
  42      7398297B 
ARM GAS  /var/folders/qd/4mxf5pkd0zdf0b9dd1hp39180000gn/T//ccO0NJaR.s 			page 3


  42      9C
  43 00b6 473623F4 		.ascii	"G6#\364\365\327\337\272\234|\016\344\375\273\312\216"
  43      F5D7DFBA 
  43      9C7C0EE4 
  43      FDBBCA8E 
  44 00c6 6376779D 		.ascii	"cvw\235\312\354\257\237~8(:\204N\251\270\000\376w6\223"
  44      CAECAF9F 
  44      7E38283A 
  44      844EA9B8 
  44      00FE7736 
  45 00db F0DE3363 		.ascii	"\360\3363c\325\223l:.\302-\213S\315K\260\341w\240\\"
  45      D5936C3A 
  45      2EC22D8B 
  45      53CD4BB0 
  45      E177A05C 
  46 00ef D027FEFC 		.ascii	"\320'\376\374\270M\275\017s\244\34404\020\264\0216\226"
  46      B84DBD0F 
  46      73A4E430 
  46      3410B411 
  46      3696
  47 0101 06FFF46A 		.ascii	"\006\377\364jQ\006\223\20101\246\330\233\346P\002<W"
  47      51069381 
  47      3031A6D8 
  47      9BE65002 
  47      3C57
  48 0113 E50EF557 		.ascii	"\345\016\365W\306\365$\27575sG\273\337\012\261[ \302"
  48      C6F524BD 
  48      37357347 
  48      BBDF0AB1 
  48      5B20C2
  49 0126 399AFF41 		.ascii	"9\232\377A\320*<<j\303e\"\212&Y\233\377\305\245\205"
  49      D02A3C3C 
  49      6AC36522 
  49      8A26599B 
  49      FFC5A585 
  50 013a B85C212E 		.ascii	"\270\\!.\362\002\032CNt\252+#.\306~\204H\303\251\365"
  50      F2021A43 
  50      4E74AA2B 
  50      232EC67E 
  50      8448C3A9 
  51 014f 550387DC 		.ascii	"U\003\207\334\344@\204\353\232\274P\212\234\231U\322"
  51      E44084EB 
  51      9ABC508A 
  51      9C9955D2 
  52 015f D0E48E88 		.ascii	"\320\344\216\210\263\255\304\226\356\202q\326\017m<"
  52      B3ADC496 
  52      EE8271D6 
  52      0F6D3C
  53 016e D7F9EFFF 		.ascii	"\327\371\357\377\315\025q\270))4 .\353\322H\016\027"
  53      CD1571B8 
  53      29293420 
  53      2EEBD248 
  53      0E17
  54 0180 AE52EC1D 		.ascii	"\256R\354\035\312z\233vV\365MK\033fO\304\221\024U\037"
  54      CA7A9B76 
  54      56F54D4B 
  54      1B664FC4 
ARM GAS  /var/folders/qd/4mxf5pkd0zdf0b9dd1hp39180000gn/T//ccO0NJaR.s 			page 4


  54      9114551F 
  55 0194 2760B941 		.ascii	"'`\271A\002\266\312XFz\254\257f\261O\266b\2706^\204"
  55      02B6CA58 
  55      467AACAF 
  55      66B14FB6 
  55      62B8365E 
  56 01a9 EB347B9B 		.ascii	"\3534{\233\024\241M\212\000V'\235<R{\366\263#+\206Z"
  56      14A14D8A 
  56      0056279D 
  56      3C527BF6 
  56      B3232B86 
  57 01be B1CF15B1 		.ascii	"\261\317\025\261\012\236\350k\022v\322\201\241\035Y"
  57      0A9EE86B 
  57      1276D281 
  57      A11D59
  58 01cd 4AE60F43 		.ascii	"J\346\017C\211\036\215\336\340\006tE\233\241C-f}\313"
  58      891E8DDE 
  58      E0067445 
  58      9BA1432D 
  58      667DCB
  59 01e0 B5D713B3 		.ascii	"\265\327\023\263.&\263\225\327\037O\236}\344T\3317e"
  59      2E26B395 
  59      D71F4F9E 
  59      7DE454D9 
  59      3765
  60 01f2 366E4127 		.ascii	"6nA'\311\312\\J\002\306\006Q\3268\332[\267@\016\267"
  60      C9CA5C4A 
  60      02C60651 
  60      D638DA5B 
  60      B7400EB7 
  61 0206 9FCB1AE1 		.ascii	"\237\313\032\341\212\326{\231R\223L\265\003\015\015"
  61      8AD67B99 
  61      52934CB5 
  61      030D0D
  62 0215 433D99A5 		.ascii	"C=\231\245\337\205\235^D\271es,8\262{r\024\207H];\356"
  62      DF859D5E 
  62      44B96573 
  62      2C38B27B 
  62      72148748 
  63 022c D021B92D 		.ascii	"\320!\271-9P\340\302\215g_\355\306\0119{t]\204O@'\242"
  63      3950E0C2 
  63      8D675FED 
  63      C609397B 
  63      745D844F 
  64 0243 A8E6C9ED 		.ascii	"\250\346\311\355\370\362$X\241%\243G \327\374.\214j"
  64      F8F22458 
  64      A125A347 
  64      20D7FC2E 
  64      8C6A
  65 0255 5A53A275 		.ascii	"ZS\242u\017\206\244\025\235\256V\232\314&2\212\334@"
  65      0F86A415 
  65      9DAE569A 
  65      CC26328A 
  65      DC40
  66 0267 CD5158E4 		.ascii	"\315QX\344\220JNS\344\232[;\333mDd3\225\244\201\035"
  66      904A4E53 
  66      E49A5B3B 
ARM GAS  /var/folders/qd/4mxf5pkd0zdf0b9dd1hp39180000gn/T//ccO0NJaR.s 			page 5


  66      DB6D4464 
  66      3395A481 
  67 027c 9484FB49 		.ascii	"\224\204\373I.\211P\367s\247\325\215BN<PT4\331\254\213"
  67      2E8950F7 
  67      73A7D58D 
  67      424E3C50 
  67      5434D9AC 
  68 0291 9A0D2218 		.ascii	"\232\015\"\030\336\362\224[\2455\253\372\371\320\235"
  68      DEF2945B 
  68      A535ABFA 
  68      F9D09D
  69 02a0 330E59DD 		.ascii	"3\016Y\335\011\340!\325!\002\211m\252}Z\263\350\324"
  69      09E021D5 
  69      2102896D 
  69      AA7D5AB3 
  69      E8D4
  70 02b2 FF744BFC 		.ascii	"\377tK\374\351\366\010\006uP{*\017D\352\0244;\036\247"
  70      E9F60806 
  70      75507B2A 
  70      0F44EA14 
  70      343B1EA7 
  71 02c6 AE9D7520 		.ascii	"\256\235u \222\2730V\373\262\305\371\313\346\307\312"
  71      92BB3056 
  71      FBB2C5F9 
  71      CBE6C7CA 
  72 02d6 E627CAE6 		.ascii	"\346'\312\346tO\273-O_\214\354h\234\245z06L\217\333"
  72      744FBB2D 
  72      4F5F8CEC 
  72      689CA57A 
  72      30364C8F 
  73 02eb 0FB6D992 		.ascii	"\017\266\331\222\276J\007*\251\033\035\031Js\345\344"
  73      BE4A072A 
  73      A91B1D19 
  73      4A73E5E4 
  74 02fb 18D6D7E7 		.ascii	"\030\326\327\3477\314\200\3417=\206g\255\351]S\340\017"
  74      37CC80E1 
  74      373D8667 
  74      ADE95D53 
  74      E00F
  75 030d 9825391E 		.ascii	"\230%9\036\246\005\212f\247a\0126x\326\027\257\366\022"
  75      A6058A66 
  75      A7610A36 
  75      78D617AF 
  75      F612
  76 031f CE5FE2CF 		.ascii	"\316_\342\317Y\31326\256\\_\354\315NC\025\371\314\200"
  76      59CB3236 
  76      AE5C5FEC 
  76      CD4E4315 
  76      F9CC80
  77 0332 DF58B23C 		.ascii	"\337X\262<oi\336&\202z|\246w\305\306\205\205\204\237"
  77      6F69DE26 
  77      827A7CA6 
  77      77C5C685 
  77      85849F
  78 0345 978AF46E 		.ascii	"\227\212\364n\012\030K\363\362\227\345\377)+\221\236"
  78      0A184BF3 
  78      F297E5FF 
ARM GAS  /var/folders/qd/4mxf5pkd0zdf0b9dd1hp39180000gn/T//ccO0NJaR.s 			page 6


  78      292B919E 
  79 0355 C2DCE20D 		.ascii	"\302\334\342\015\036\002O\311\313_\356Z\265\322\357"
  79      1E024FC9 
  79      CB5FEE5A 
  79      B5D2EF
  80 0364 2D320BE6 		.ascii	"-2\013\346\271\334\363\231f\262\314Bo\241\317,a?\001"
  80      B9DCF399 
  80      66B2CC42 
  80      6FA1CF2C 
  80      613F01
  81 0377 3F7AC771 		.ascii	"?z\307q"
  82              		.text
  83              		.section	.gnu.lto_chRegNextThread.7cb05f55a2f0277d,"",%progbits
  84 0000 789C8554 		.ascii	"x\234\205T\335oSe\030\177~\347==-mi\2742\206\020\354"
  84      DD6F5365 
  84      187F7EE7 
  84      3D3D2D6D 
  84      69BC3286 
  85 0016 A2159790 		.ascii	"\242\025\227\220\225\033C0\336\030\022\023Mv\303\376"
  85      951B4330 
  85      DE181213 
  85      4D76C3FE 
  86 0026 0003B591 		.ascii	"\000\003\265\221%\354#mG\330\325\016\373\260\233J4\010"
  86      25EC236D 
  86      47D8D50E 
  86      FBB09B4A 
  86      3408
  87 0038 9DA98D2B 		.ascii	"\235\251\215+\242\001\203c2\006\262\017F\331p\033\214"
  87      A2018363 
  87      3206B20F 
  87      46D9701B 
  87      8C
  88 0049 0D1805EB 		.ascii	"\015\030\005\353\006\004\267l\272Q\247x\2618\304\351"
  88      0604B76C 
  88      BA51A778 
  88      B138C4E9 
  89 0059 F3BE6742 		.ascii	"\363\276gB\351\024O\332\323s\236\257\337\363\374\236"
  89      E9144FDA 
  89      D3739EAF 
  89      DFF3FC9E 
  90 0069 DF5B8388 		.ascii	"\337[\203\210FmD}\374\373\022\177a#h\037\216\022\355"
  90      466D447D 
  90      FCFB127F 
  90      6123681F 
  90      8E12ED
  91 007c 71689ADE 		.ascii	"qh\232\336,\310t\212\305\213D\246[@\267\354: \037L\007"
  91      2CC8748A 
  91      C58B44A6 
  91      5B40B7EC 
  91      3A201F4C 
  92 0091 A846133A 		.ascii	"\250F\023:j\360\276\330/p\265\376\353\204xO$\004A\347"
  92      6AF0BED8 
  92      2F70B5FE 
  92      EB84784F 
  92      240441E7 
  93 00a5 D77B23F1 		.ascii	"\327{#\361)\217|\005\274\374\232\235\037\350p\027\036"
  93      298F7C05 
ARM GAS  /var/folders/qd/4mxf5pkd0zdf0b9dd1hp39180000gn/T//ccO0NJaR.s 			page 7


  93      BCFC9A9D 
  93      1FE87017 
  93      1E
  94 00b6 36CD5A33 		.ascii	"6\315Z3\325\274\340\374\244\343\212\271*!4\212qx\007"
  94      D5BCE0FC 
  94      A4E38AB9 
  94      2A21348A 
  94      717807
  95 00c9 D6E204D6 		.ascii	"\326\342\004\326J\364\223(\344\340\363\323\017\306\\"
  95      4AF49328 
  95      E4E0F3D3 
  95      0FC65C
  96 00d8 E239103F 		.ascii	"\3429\020?\017\327\017g\214\365_\250\304\354\347\302"
  96      0FD70F67 
  96      8CF55FA8 
  96      C4ECE7C2 
  97 00e8 7C9EB370 		.ascii	"|\236\263p\012\"7Q\026\3027X/\3433\351c_\272\304\013"
  97      0A223751 
  97      16C23758 
  97      2FE333E9 
  97      635FBAC4 
  98 00fd 2AB7697E 		.ascii	"*\267i~\354g\217\357\220\312\2359\272\346`\2359d\352"
  98      EC678FEF 
  98      90CA9D39 
  98      BAE6609D 
  98      3964EA
  99 0110 32FFF4E3 		.ascii	"2\377\364\343\371\362\342\360\311\343K\007V\033::\341"
  99      F9F2E2F0 
  99      C9E34B07 
  99      561B3A3A 
  99      E1
 100 0121 4B0A92AD 		.ascii	"K\012\222\255qG]0\360\320Wo\362\225\272\335j({L '\215"
 100      71475D30 
 100      F0D0576F 
 100      F295BADD 
 100      6A287B4C 
 101 0138 D0CDA13D 		.ascii	"\320\315\241=0(/\374\332\364\313Lj\217\214\327\244\357"
 101      30282FFC 
 101      DAF4CB4C 
 101      6A8F8CD7 
 101      A4EF
 102 014a C79E681A 		.ascii	"\307\236h\032\342\015\225\233\235iL\351\313\035\016"
 102      E20D959B 
 102      9D694CE9 
 102      CB1D0E
 103 0159 C65F5CCC 		.ascii	"\306_\\\314\374d\232\373L$\204@\357\023z\264\012\317"
 103      FC649AFB 
 103      4C248440 
 103      EF137AB4 
 103      0ACF
 104 016b 2F1A380B 		.ascii	"/\0328\013\037\341\214\254-\036\353%\305\275\234\343"
 104      1FE18CAC 
 104      2D1EEB25 
 104      C5BD9CE3 
 105 017b 5EE40D3C 		.ascii	"^\344\015<\206\034\252m\314\2262\227\376\212\362\006"
 105      861CAA6D 
 105      CC963297 
ARM GAS  /var/folders/qd/4mxf5pkd0zdf0b9dd1hp39180000gn/T//ccO0NJaR.s 			page 8


 105      FE8AF206 
 106 018b 9E3EDA3E 		.ascii	"\236>\332>;\353s\203\244]c\002u!o\006$\215ve%jd\002"
 106      3BEB7383 
 106      A45D6302 
 106      75216F06 
 106      248D7665 
 107 01a3 78D3668A 		.ascii	"x\323f\212\232\270s~\252K\321\014\264\225}o\374\345"
 107      9AB8737E 
 107      AA4BD10C 
 107      B4957D6F 
 107      FCE5
 108 01b5 C97DA30F 		.ascii	"\311}\243\017>N\212\316\232gt)\011\001/\372\331w\027"
 108      3E4E8ACE 
 108      9A677429 
 108      09012FFA 
 108      D97717
 109 01c8 B593773F 		.ascii	"\265\223w?\330?\365L\336`\037=p.\023\254\257 \263\301"
 109      D83FF54C 
 109      DE601F3D 
 109      702E13AC 
 109      AF20B3C1 
 110 01dc CF649E97 		.ascii	"\317d\236\227>[\276\257?\376J\205\204\"|\273\222\220"
 110      3E5BBEAF 
 110      3FFE4A85 
 110      84227CBB 
 110      9290
 111 01ee 01E66150 		.ascii	"\001\346aP\0222(\011\001\035\226[\375\254\245\375wg"
 111      12322809 
 111      011D965B 
 111      FDACA5FD 
 111      7767
 112 0200 C169B498 		.ascii	"\301i\264\230\037{\023V\301\326\251n\323\241k\334\364"
 112      1F7B1356 
 112      C1D6A96E 
 112      D3A16BDC 
 112      F4
 113 0211 100A14E5 		.ascii	"\020\012\024\345\277f\323\023\032[p\001\272j\233pQI"
 113      BF66D313 
 113      1A5B7001 
 113      BA6A9B70 
 113      5149
 114 0223 FC486FFF 		.ascii	"\374Ho\377\264\273\240{9[\355\375\267c\355\327]*{Xf"
 114      B4BBA07B 
 114      395BEDFD 
 114      B763EDD7 
 114      5D2A7B58 
 115 0238 E31274A6 		.ascii	"\343\022t\246\254\326\253( \232Cm\327\342d\333f9\\\\"
 115      ACD6AB28 
 115      209A436D 
 115      D7E264DB 
 115      66395C5C 
 116 024c D83921D6 		.ascii	"\3309!\326\320w\331.9\321\224\036z\372F\006\214$>\335"
 116      D077D92E 
 116      39D1941E 
 116      7AFA4606 
 116      8C243EDD 
 117 0260 C3F324CB 		.ascii	"\303\363$\313y%\366\27000\"A\331\233\216fn\273\374\255"
ARM GAS  /var/folders/qd/4mxf5pkd0zdf0b9dd1hp39180000gn/T//ccO0NJaR.s 			page 9


 117      7925F6B8 
 117      30302241 
 117      D99B8E66 
 117      6EBBFCAD 
 118 0274 7258AFCC 		.ascii	"rX\257\314\030E\022\007\204b\3702\374\022(\271N\011"
 118      18451207 
 118      8462F832 
 118      FC1228B9 
 118      4E09
 119 0286 96D7C7E5 		.ascii	"\226\327\307\345i\032\365\343\375\243_\271\377\005\316"
 119      691AF5E3 
 119      FDA35FB9 
 119      FF05CE
 120 0295 A1E03A3B 		.ascii	"\241\340:;\263\023\366\232?M\007\033\222\254fi\353\250"
 120      B313F69A 
 120      3F4D071B 
 120      92AC6669 
 120      EBA8
 121 02a7 BBB7CFC3 		.ascii	"\273\267\317\303-\3602W\341*\237\356+\313\350\247\006"
 121      2DF03257 
 121      E12A9FEE 
 121      2BCBE8A7 
 121      06
 122 02b8 6FFEE1B0 		.ascii	"o\376\341\260\320\223\013\354ubL\341\303R\346\221\241"
 122      D0930BEC 
 122      75624CE1 
 122      C352E691 
 122      A1
 123 02c9 BD273C5C 		.ascii	"\275'<\\\253\221\335s\354v\341\032\367DH\243F\211\240"
 123      AB91DD73 
 123      EC76E11A 
 123      F74448A3 
 123      4689A0
 124 02dc 8917C2FF 		.ascii	"\211\027\302\377$\254!\311\302l\246\301\260\332\322"
 124      24AC21C9 
 124      C26CA6C1 
 124      B0DAD2
 125 02eb F2C6F6AA 		.ascii	"\362\306\366\252\241\355\3771\264\033\327\025\250&\207"
 125      A1EDFF31 
 125      B41BD715 
 125      A82687
 126 02fa BEC10073 		.ascii	"\276\301\000s\250\213\275\323d\263j\011\253\334\311"
 126      A88BBDD3 
 126      64B36A09 
 126      ABDCC9
 127 0309 E8A5E34E 		.ascii	"\350\245\343N9\245\033\300w\\\207\021\323\357B\306\344"
 127      39A51BC0 
 127      775C8711 
 127      D3EF42C6 
 127      E4
 128 031a 73BC9DFE 		.ascii	"s\274\235\376\007.\363\010\356{\370\031B\215\242\347"
 128      072EF308 
 128      EE7BF819 
 128      428DA2E7 
 129 032a 1C078B6D 		.ascii	"\034\007\213mX\317g\225\322\037\322\314f\214\347*\335"
 129      58CF6795 
 129      D21FD2CC 
ARM GAS  /var/folders/qd/4mxf5pkd0zdf0b9dd1hp39180000gn/T//ccO0NJaR.s 			page 10


 129      668CE72A 
 129      DD
 130 033b 3A8FCBF2 		.ascii	":\217\313\362[j\371\241\327\365\217\262\306\225\262"
 130      5B6AF9A1 
 130      D7F58FB2 
 130      C695B2
 131 034a 2694B2F2 		.ascii	"&\224\262\362et\323\222\321\235\203{\273\326)\014\242"
 131      6574D392 
 131      D19D837B 
 131      BBD6290C 
 131      A2
 132 035b 2CEAEF34 		.ascii	",\352\3574\335Rs\347mru\214\265H\270\305\274\263x\022"
 132      DD5273E7 
 132      6D72758C 
 132      B548B8C5 
 132      BCB37812 
 133 036f C243F32C 		.ascii	"\302C\363,\214C\315k,\216\344\272\026\230\027\036X\273"
 133      8C43CD6B 
 133      2C8EE4BA 
 133      1698171E 
 133      58BB
 134 0381 DF7E013C 		.ascii	"\337~\001<\274\270\337\266\231O;\344P\014\352-*\362"
 134      BCB8DFB6 
 134      994F3BE4 
 134      500CEA2D 
 134      2AF2
 135 0393 5B9F8AB0 		.ascii	"[\237\212\260?\024\361\207C\001\177`G(\370vi8\022\252"
 135      3F14F187 
 135      43017F60 
 135      4728F876 
 135      693812AA 
 136 03a7 2E0A9016 		.ascii	".\012\220\026\251\024\345\221\312g\363\342J\313\003"
 136      A914E591 
 136      CA67F3E2 
 136      4ACB03
 137 03b6 3BABDE0A 		.ascii	";\253\336\012rl\270:\\\264\203l\273\266\355\254\012"
 137      726CB83A 
 137      5CB4836C 
 137      BBB6EDAC 
 137      0A
 138 03c7 16E64555 		.ascii	"\026\346EUV\204\"a\377\253[\213\267\024\357\346\320"
 138      56842261 
 138      FFAB5B8B 
 138      B714EFE6 
 138      D0
 139 03d8 404528F8 		.ascii	"@E(\370\346\256Me\034\277!72\270;\342\337R\\\362z\311"
 139      E6AE4D65 
 139      1CBF2137 
 139      32B83BE2 
 139      DF525CF2 
 140 03ee A3B23232 		.ascii	"\243\26222P\366ZUy\200\203\237*.\331\352\335\276-\034"
 140      50F65A55 
 140      7980839F 
 140      2A2ED9EA 
 140      DDBE2D1C 
 141 0402 AC0C956E 		.ascii	"\254\014\225n\360\3726\222\026\"{Y\260\254\"TM\177\003"
 141      F0FA3692 
ARM GAS  /var/folders/qd/4mxf5pkd0zdf0b9dd1hp39180000gn/T//ccO0NJaR.s 			page 11


 141      16227B59 
 141      B0AC2254 
 141      4D7F03
 142 0415 A3A61E2C 		.ascii	"\243\246\036,"
 143              		.text
 144              		.section	.gnu.lto_ch_debug.7cb05f55a2f0277d,"",%progbits
 145 0000 789C55CE 		.ascii	"x\234U\316MK\002Q\024\006\340y\275\216\3711\246AD\213"
 145      4D4B0251 
 145      1406E079 
 145      BD8EF931 
 145      A641448B 
 146 0014 A9DF50AE 		.ascii	"\251\337P\256\\\366\023\372IJ\026Q\020\004\272\211\021"
 146      5CF613FA 
 146      494A1651 
 146      1004BA89 
 146      11
 147 0025 AC16152D 		.ascii	"\254\026\025-\022*?\263\314\264/rQ\030\324\246\2140"
 147      122A3FB3 
 147      CCB42F72 
 147      5118D4A6 
 147      8C30
 148 0037 0CD44C0A 		.ascii	"\014\324L\012\221\204:\307;\233\2069\274<s\346\234{"
 148      91843AC7 
 148      3B9B8639 
 148      BC3C73E6 
 148      9C7B
 149 0049 6D8AA274 		.ascii	"m\212\242t\241(\364\016\236\260\300^#\335s/\013C\320"
 149      A128F40E 
 149      9EB0C05E 
 149      23DD732F 
 149      0B43D0
 150 005c 4762666E 		.ascii	"Gbfn7nr\222\270Q/_\251\222\023\304T\256\351\223\322"
 150      376E7292 
 150      B8512F5F 
 150      A99213C4 
 150      54AEE993 
 151 0071 49AD50AD 		.ascii	"I\255P\255\352\222\034'~\366\243I\207\344(\361\256}"
 151      EA921C27 
 151      7EF6A349 
 151      87E428F1 
 151      AE7D
 152 0083 1335BB5E 		.ascii	"\0235\273^\342O=\374\010I\215\270\226\375\2726\027\333"
 152      E24F3DFC 
 152      08498DB8 
 152      96FDBA36 
 152      17DB
 153 0095 89C673E1 		.ascii	"\211\306s\341\311\234-\3625J\277\335\274G\332B\274\015"
 153      C99C2DF2 
 153      354ABFDD 
 153      BC47DA42 
 153      BC0D
 154 00a7 C50D2169 		.ascii	"\305\015!i%\226\303\037\263, 8E\374\356-\265\314\341"
 154      2596C31F 
 154      B32C2038 
 154      45FCEE2D 
 154      B5CCE1
 155 00ba 316225D9 		.ascii	"1b%\331\330\036\374lA\213w\025:\361-\215- \210\355\315"
ARM GAS  /var/folders/qd/4mxf5pkd0zdf0b9dd1hp39180000gn/T//ccO0NJaR.s 			page 12


 155      D81EFC6C 
 155      418B7715 
 155      3AF12D8D 
 155      2D2088ED 
 156 00cf D7054DB6 		.ascii	"\327\005M\266\337\377\035%\006G=\274\325r.\331~\341"
 156      DFFF1D25 
 156      06473DBC 
 156      D5722ED9 
 156      7EE1
 157 00e1 7665C5A8 		.ascii	"ve\305\250\332\245\233\354\325\371\235{\213?\021X\214"
 157      DAA59BEC 
 157      D5F99D7B 
 157      8B3F1158 
 157      8C
 158 00f2 05660C61 		.ascii	"\005f\014a\305\264\216s\350\360\351(Q\024\251\316\250"
 158      C5B48E73 
 158      E8F0E928 
 158      5114A9CE 
 158      A8
 159 0103 0A54A7D0 		.ascii	"\012T\247\320y\240\275\336\3578\345@L5\204\032\241k"
 159      79A0BDDE 
 159      EF38E540 
 159      4C35841A 
 159      A16B
 160 0115 5EC01FA1 		.ascii	"^\300\037\241\333\357C\217\320\336<\207\300\011\207"
 160      DBEF438F 
 160      D0DE3C87 
 160      C00987
 161 0124 15C71C2A 		.ascii	"\025\307\034*r\0346\034q\014!\313aG\206\303\2014\207"
 161      721C361C 
 161      710C21CB 
 161      614786C3 
 161      813487
 162 0137 13290E17 		.ascii	"\023)\016\027\222\034\232\\\346F\202c\030\207\034\036"
 162      921C9A5C 
 162      E6468263 
 162      18871C1E 
 163 0147 1C707865 		.ascii	"\034pxeo\204C\301%\374\312\037\303\363\231\336"
 163      6F8443C1 
 163      25FCCA1F 
 163      C3F399DE 
 164              		.text
 165              		.section	.gnu.lto_.symbol_nodes.7cb05f55a2f0277d,"",%progbits
 166 0000 789C6363 		.ascii	"x\234cc``\010\000b\006\246u\214\365\014\014\023\316"
 166      60600800 
 166      6206A675 
 166      8CF50C0C 
 166      13CE
 167 0012 313000A9 		.ascii	"10\000\251]\015\216\014\014\254\033\030\031\024@2\353"
 167      5D0D8E0C 
 167      0CAC1B18 
 167      19144032 
 167      EB
 168 0023 19EB1951 		.ascii	"\031\353\031Qe\326226*\001\245\03071\3263\201\245\030"
 168      65D63232 
 168      362A01A5 
 168      183731D6 
ARM GAS  /var/folders/qd/4mxf5pkd0zdf0b9dd1hp39180000gn/T//ccO0NJaR.s 			page 13


 168      3381A518 
 169 0037 181A1A1C 		.ascii	"\030\032\032\034\030\030\230\231X\030\236\264\277\221"
 169      18189899 
 169      58189EB4 
 169      BF91
 170 0045 670000D9 		.ascii	"g\000\000\331\334\021\350"
 170      DC11E8
 171              		.text
 172              		.section	.gnu.lto_.refs.7cb05f55a2f0277d,"",%progbits
 173 0000 789C6363 		.ascii	"x\234cc``\340\006bF badbbdc\000\000\001\200\000$"
 173      6060E006 
 173      62462062 
 173      61646262 
 173      64630000 
 174              		.text
 175              		.section	.gnu.lto_.decls.7cb05f55a2f0277d,"",%progbits
 176 0000 789CC55B 		.ascii	"x\234\305[yP\024i\226\257/\277\242\212*\012\350U\247"
 176      79501469 
 176      96AF2FBF 
 176      A28A2A0A 
 176      E855A7
 177 0013 D7997077 		.ascii	"\327\231pw;zi\207\331\031Em\327\356\331\235\335\350"
 177      3B7A6987 
 177      D919456D 
 177      D7EED99D 
 177      DDE8
 178 0025 D9DE9EE9 		.ascii	"\331\336\236\351\231\331\236\235\350\356\331\230\330"
 178      99D99E9D 
 178      E8EED998 
 178      D8
 179 0032 8DD91A1A 		.ascii	"\215\331\032\032K\245\233k\212\262[;bc\222[\004\005"
 179      4BA59B6B 
 179      8AB25B3B 
 179      6263925B 
 179      0405
 180 0044 8456C10B 		.ascii	"\204V\301\013\021\025/\300[\271o\271\004\021\001\271"
 180      11152FC0 
 180      5BB96FB9 
 180      041101B9 
 181 0054 11153914 		.ascii	"\021\0259\024\021<\270\224}\337Q\225YE\226\366\037;"
 181      113CB894 
 181      7DDF5195 
 181      594596F6 
 181      1F3B
 182 0066 B1153E32 		.ascii	"\261\025>2_\346\373\336\373\275\367\275\357\345\367"
 182      5FE6FBDE 
 182      FBBDF7BD 
 182      EFE5F7
 183 0075 7D996A54 		.ascii	"}\231jT*\325\257\326\250T&W\225\252\004\251Ts\360S\303"
 183      2AD5AFD6 
 183      A8542657 
 183      95AA04A9 
 183      5473F053 
 184 008a B5522060 		.ascii	"\265R `U\037\220?\360\303@Qp\036\013\264\015H\000\336"
 184      551F903F 
 184      F0C34051 
 184      701E0BB4 
ARM GAS  /var/folders/qd/4mxf5pkd0zdf0b9dd1hp39180000gn/T//ccO0NJaR.s 			page 14


 184      0D4800DE 
 185 009e 0DFEFCB3 		.ascii	"\015\376\374\263\240\262\373\271\201\240\001\216\013"
 185      A0B2FBB9 
 185      81A0018E 
 185      0B
 186 00ab 8016F1F6 		.ascii	"\200\026\361\366%p\\\002\364\036\310\376+\320\007@z"
 186      25705C02 
 186      F41EC8FE 
 186      2BD00740 
 186      7A
 187 00bc A051B8F7 		.ascii	"\240Q\270\3673 -b\3721\\\273\013\347\241@\032n\357C"
 187      33202D62 
 187      FA315CBB 
 187      0BE7A140 
 187      1A6EEF43 
 188 00d0 B8F64BA0 		.ascii	"\270\366K\240\337\000}\014\364\251\300p\2719\330]\010"
 188      DF007D0C 
 188      F4A9C070 
 188      B939D85D 
 188      08
 189 00e1 0A3C5F61 		.ascii	"\012<_a\227\330\222\333\376\255\300l\377\007\034\343"
 189      97D892DB 
 189      FEADC06C 
 189      FF071CE3 
 190 00f1 39864D88 		.ascii	"9\206M\210\341 \030\264*\346\257\022\006k\014~/\314"
 190      E12018B4 
 190      2AE6AF12 
 190      066B0C7E 
 190      2FCC
 191 0103 C7F23F6A 		.ascii	"\307\362?j\206\237\330^\012\364\227\210a\362\002\271"
 191      869FD85E 
 191      0AF49788 
 191      61F202B9 
 192 0113 7F1218C6 		.ascii	"\177\022\030\306\267\341\270\034\310\033\350\357\200"
 192      B7E1B81C 
 192      C81BE8EF 
 192      80
 193 0120 5600AD01 		.ascii	"V\000\255\001Z\012\364\016\320*\240\037\000\275\013"
 193      5A0AF40E 
 193      D02AA01F 
 193      00BD0B
 194 012f B40CE8FB 		.ascii	"\264\014\350\373@?\002Z\015\364C\240\225@>\016v\255"
 194      403F025A 
 194      0DF443A0 
 194      95403E0E 
 194      76AD
 195 0141 BF148C1E 		.ascii	"\277\024\214\036\354\023\253=\260\200\310yW\311H\211"
 195      EC13AB3D 
 195      B080C879 
 195      57C94889 
 196 0151 EBF29322 		.ascii	"\353\362\223\"\373\271\376R\205\316\"l\025l\212\314"
 196      FBB9FE52 
 196      85CE226C 
 196      156C8ACC 
 197 0161 DD8BE330 		.ascii	"\335\213\3430Z\240Gj`\037]M\273\355\001\354\"=z\003"
 197      5AA0476A 
 197      601F5D4D 
ARM GAS  /var/folders/qd/4mxf5pkd0zdf0b9dd1hp39180000gn/T//ccO0NJaR.s 			page 15


 197      BBED01EC 
 197      223D7A03 
 198 0175 D88BA327 		.ascii	"\330\213\243'.\272\263\273%D:k`\357v\003\343\337\005"
 198      2EBAB3BB 
 198      25443A6B 
 198      60EF7603 
 198      E3DF05
 199 0188 362662BA 		.ascii	"6&b\272M\215\177H\255tW\037;A\024}_\217H\016y\302\245"
 199      4D8D7F48 
 199      AD74571F 
 199      3B41147D 
 199      5F8F480E 
 200 019f 9CFB97A7 		.ascii	"\234\373\227\247\334\331%\"q=a<S\213\327\220s\241\267"
 200      DCD92522 
 200      713D613C 
 200      538BD790 
 200      73A1B7
 201 01b2 7DA6CB03 		.ascii	"}\246\313\003\351\275\267\210b\270\230\036!\352>T\241"
 201      E9BDB788 
 201      62B8981E 
 201      21EA3E54 
 201      A1
 202 01c3 0B68093A 		.ascii	"\013h\011:\217\226\250P\021\362&m\316\241\345*\224\017"
 202      8F96A850 
 202      11F2266D 
 202      CEA1E52A 
 202      940F
 203 01d5 17F3E0E2 		.ascii	"\027\363\340\342\021\202\275\244q\367?\247\216\213\342"
 203      1182BDA4 
 203      71F73FA7 
 203      8E8BE2
 204 01e4 1BA810E9 		.ascii	"\033\250\020\351Q\001\302T\006\022\342\373z\346\315"
 204      5101C254 
 204      0612E2FB 
 204      7AE6CD
 205 01f3 B1CCA40C 		.ascii	"\261\314\244\014\015nA\324F\376\236\273\225\2023\033"
 205      0D6E41D4 
 205      46FE9EBB 
 205      9582331B 
 206 0203 A54E6D3C 		.ascii	"\245Nm<\313\177\263*J\024\005T\0026\212%\033`\222\031"
 206      CB7FB32A 
 206      4A140554 
 206      02368A25 
 206      1B609219 
 207 0217 1153660E 		.ascii	"\021Sf\016\270\343{4\270\302\303\210=\207\235:R\341"
 207      B8E37B34 
 207      B8C2C388 
 207      3D879D3A 
 207      52E1
 208 0229 D4C85CF7 		.ascii	"\324\310\\\367\212\324i\342H9\030)\223\214\224X\215"
 208      8AD469E2 
 208      48391829 
 208      938C9458 
 208      8D
 209 023a 743DDC19 		.ascii	"t=\334\031\255\301\231\230F.-\377q\255\013\013\273+"
 209      ADC19998 
 209      462E2DFF 
ARM GAS  /var/folders/qd/4mxf5pkd0zdf0b9dd1hp39180000gn/T//ccO0NJaR.s 			page 16


 209      71AD0B0B 
 209      BB2B
 210 024c B0539746 		.ascii	"\260S\227F\366jp6\273W\333\237\322-\340\363\214\261"
 210      F66A7036 
 210      BB57DB9F 
 210      D22DE0F3 
 210      8CB1
 211 025e F6D722DE 		.ascii	"\366\327\"\336_\373f\316U\272\341Bv\363\314\343\270"
 211      5FFB66CE 
 211      55BAE142 
 211      76F3CCE3 
 211      B8
 212 026f EFE24A76 		.ascii	"\357\342Jv^q\273\271\332\005\3273&\356l\344A5\356fL"
 212      5E71BBB9 
 212      DA05D733 
 212      26EE6CE4 
 212      4135EE66 
 213 0284 DE37050F 		.ascii	"\3367\005\017\\\361\035\306\224>o\337\253\307\217\031"
 213      5CF11DC6 
 213      943E6FDF 
 213      ABC78F19 
 214 0294 737DAC7E 		.ascii	"s}\254~\237\033C\361\032\260\027\006j\252\364\314\226"
 214      9F1B43F1 
 214      1AB01706 
 214      6AAAF4CC 
 214      96
 215 02a5 88809F3D 		.ascii	"\210\200\237=\334x\323\025\3172\331\374\213\005U\034"
 215      DC78D315 
 215      CF32D9FC 
 215      8B05551C 
 216 02b5 F10A60E3 		.ascii	"\361\012`\343\023\305+n8JM\357U%D\306\353q\"e\204'M"
 216      13C52B6E 
 216      384A4DEF 
 216      552544C6 
 216      EB712265 
 217 02cc F75335CE 		.ascii	"\367S5\316\342\327\3464~\323\337\205LF\255\020\274\026"
 217      E2D7E634 
 217      7ED3DF85 
 217      4C46AD10 
 217      BC16
 218 02de 85E055F5 		.ascii	"\205\340U\365=\037\367\304{\231\271\250m\247v\021\234"
 218      3D1FF7C4 
 218      7B99B9A8 
 218      6DA77611 
 218      9C
 219 02ef 1A96985A 		.ascii	"\032\226\230Z\270tgl\372\202\232]\"\3326\221H\245v\235"
 219      B874676C 
 219      FA829A5D 
 219      22DA3691 
 219      48A5769D 
 220 0303 F6C0190C 		.ascii	"\366\300\031\014TQ\363\245Hw\344\255\267&\335\232\324"
 220      5451F3A5 
 220      4877E4AD 
 220      B726DD9A 
 220      D4
 221 0314 31D257DD 		.ascii	"1\322W\335`\256S2\247!\326\266\020\021G\334]\200[\303"
 221      60AE5332 
ARM GAS  /var/folders/qd/4mxf5pkd0zdf0b9dd1hp39180000gn/T//ccO0NJaR.s 			page 17


 221      A721D6B6 
 221      101147DC 
 221      5D805BC3 
 222 0328 7177C0C5 		.ascii	"qw\300\305v\270\0106\306\247\306\316\251\361If\343l"
 222      76B80836 
 222      C6A7C6CE 
 222      A9F14966 
 222      E36C
 223 033a F2EC6E0F 		.ascii	"\362\354n\017\233\215g\371\253\316\323\244\353\003\033"
 223      9B8D67F9 
 223      ABCED3A4 
 223      EB031B
 224 0349 3D928D6E 		.ascii	"=\222\215n\344\324H\257\262\221\266\370\346N\015>\307"
 224      E4D448AF 
 224      B291B6F8 
 224      E64E0D3E 
 224      C7
 225 035a 8C5CACEB 		.ascii	"\214\\\254\353\232\3016#s\335\253Y\322\335\006#\267"
 225      9AC13623 
 225      73DDAB59 
 225      D2DD0623 
 225      B7
 226 036b 24237DCE 		.ascii	"$#}\316\215\364+\033\3313\321=\244c\335\353\015l\302"
 226      8DF42B1B 
 226      D933D13D 
 226      A463DDEB 
 226      0D6CC2
 227 037e 44529B0B 		.ascii	"DR\233\013\316c\361\266\226\220\005\254\204\354Kh\271"
 227      CE63F1B6 
 227      969005AC 
 227      84EC4B68 
 227      B9
 228 038f 807125BB 		.ascii	"\200q%\273\027{2\266\312\00372&\2438\377\276\026\367"
 228      177B32B6 
 228      CA033732 
 228      26A338FF 
 228      BE16F7
 229 03a2 F256ADE1 		.ascii	"\362V\255\341\267\365x\2241\267\272\256\344z\340q\306"
 229      B7F57894 
 229      31B7BAAE 
 229      E47AE071 
 229      C6
 230 03b3 E43FDB93 		.ascii	"\344?\333\223\357\211\247\030s\365\366\334\270\036\213"
 230      EF89A718 
 230      73F5F6DC 
 230      B81E8B
 231 03c2 2E94690A 		.ascii	".\224i\012;\010\251\032\303\230[\342L\252\001o\243\214"
 231      3B08A91A 
 231      C3985BE2 
 231      4CAA016F 
 231      A38C
 232 03d4 B0A72CE3 		.ascii	"\260\247,\343\254`\363\273\366{$Y\036\201\323\017\277"
 232      AC60F3BB 
 232      F67B2459 
 232      1E81D30F 
 232      BF
 233 03e5 95D363CA 		.ascii	"\225\323c\312N7<\332:\353\211\223\231\271\270o\036\034"
ARM GAS  /var/folders/qd/4mxf5pkd0zdf0b9dd1hp39180000gn/T//ccO0NJaR.s 			page 18


 233      4E373CDA 
 233      3AEB8993 
 233      99B9B86F 
 233      1E1C
 234 03f7 F1C07B18 		.ascii	"\361\300{\03033\230\322\216\230\313\006`\303\363\333"
 234      333398D2 
 234      8E98CB06 
 234      60C3F3DB 
 235 0407 933CD9C8 		.ascii	"\223<\331\310\350\243\351\330\230>\341\212\263\230\354"
 235      E8A3E9D8 
 235      983EE18A 
 235      B398EC
 236 0416 E5A41D00 		.ascii	"\345\244\035\000:\2331=\273\343\362\335p)c\212\022\306"
 236      3A9B313D 
 236      BBE3F2DD 
 236      7029638A 
 236      12C6
 237 0428 2FE97035 		.ascii	"/\351p5cb&\373s=q\223\213\335hZ\304F\323h\344\335>>"
 237      636226FB 
 237      733D7193 
 237      8BDD685A 
 237      C446D368 
 238 0440 1017037B 		.ascii	"\020\027\003{\350F\371\270\013\276\311Ds\242\356\034"
 238      E846F9B8 
 238      0BBEC944 
 238      73A2EE1C 
 239 0450 73857B4B 		.ascii	"s\205{K \333\221\254\006/a5\370\\\311\304)5\356eQ:}"
 239      20DB91AC 
 239      062F6135 
 239      F85CC9C4 
 239      2935EE65 
 240 0467 EACEE7B2 		.ascii	"\352\316\347\262,_\036\025C20\\\200Q!\330\342\264\204"
 240      2C5F1E15 
 240      4332305C 
 240      805121D8 
 240      E2B484
 241 047a 87295C14 		.ascii	"\207)\\\024\017\211x\261\012\275\275\004\255\200 \205"
 241      0F8978B1 
 241      0ABDBD04 
 241      AD802085 
 242 048a 09DE4429 		.ascii	"\011\336D)\015\322\034\004\351\005\013\322\261\003Y"
 242      0DD21C04 
 242      E9050BD2 
 242      B10359
 243 0499 15EE7888 		.ascii	"\025\356x\210\031\3509\365\260\001\313r\374\315\263"
 243      19E839F5 
 243      B001CB72 
 243      FCCDB3
 244 04a8 34C7A3C0 		.ascii	"4\307\243\300B\204d\001\014*\233\210T6\021\236\334|"
 244      42846401 
 244      0C2A9B88 
 244      5436119E 
 244      DC7C
 245 04ba 52871F31 		.ascii	"R\207\0371\023\341\225\211MZk\375\260o\276E\241\271"
 245      13E19589 
 245      4D5A6BFD 
 245      B06FBE45 
ARM GAS  /var/folders/qd/4mxf5pkd0zdf0b9dd1hp39180000gn/T//ccO0NJaR.s 			page 19


 245      A1B9
 246 04cc 752078B3 		.ascii	"u x\263\201\020\003H\242%$Q\002/ \326\374^\304\362\273"
 246      81100348 
 246      A2252451 
 246      022F20D6 
 246      FC5EC4F2 
 247 04e1 22EB728F 		.ascii	"\"\353r\217;\236\342=\037\377\"\007\3430\0155\377`{"
 247      3B9EE23D 
 247      1FFF2207 
 247      E3300D35 
 247      FF607B
 248 04f4 D6458DB2 		.ascii	"\326E\215\262\371mN\315\227\321\342\025\017\266\343"
 248      F96D4ECD 
 248      97D1E215 
 248      0FB6E3
 249 0503 146C1746 		.ascii	"\024l\027F\217\207\340X\252\036e\226\3474iq\022\263"
 249      8F87E058 
 249      AA1E6596 
 249      E7346971 
 249      12B3
 250 0515 D5FEA42E 		.ascii	"\325\376\244.Y\226\324TI\022(IpT\242\000&Q9\224\007"
 250      5996D454 
 250      49122849 
 250      7054A200 
 250      26513994 
 251 052a 0A9B8EA9 		.ascii	"\012\233\216\251q\0323\3262Y8m\300\007)\243>\031q|L"
 251      711A33D6 
 251      3259386D 
 251      C00729A3 
 251      3E19717C 
 252 053f 8DBC9720 		.ascii	"\215\274\227 \020F\314$\231<\250\320.\260\230,`\353"
 252      1046CC24 
 252      993CA8D0 
 252      2EB0982C 
 252      60EB
 253 0551 5C234D04 		.ascii	"\\#M\004kc\177\"\227\341\334\225\036\025\354\247\200"
 253      6B637F22 
 253      97E1DC95 
 253      1E15ECA7 
 253      80
 254 0562 7D724B85 		.ascii	"}rK\205v\012K\3207\002\265~zo\365\224N\317\245\267\274"
 254      760A4BD0 
 254      3702B57E 
 254      7A6FF594 
 254      4ECFA5B7 
 255 0577 4AFAD6E4 		.ascii	"J\372\326\344\\\205\301\260\325\366\234@\273\001\211"
 255      5C85C1B0 
 255      D5F69C40 
 255      BB0189
 256 0586 75CCAA50 		.ascii	"u\314\252P\252`\340S\232\0037/\367\250\361\021\346\324"
 256      AA60E053 
 256      9A03372F 
 256      F7A8F111 
 256      E6D4
 257 0598 6DB1BC59 		.ascii	"m\261\274Y\300\331\2149u\250\347\260\016_`La\307\216"
 257      C0D98C39 
 257      75A8E7B0 
ARM GAS  /var/folders/qd/4mxf5pkd0zdf0b9dd1hp39180000gn/T//ccO0NJaR.s 			page 20


 257      0E5F604C 
 257      61C78E
 258 05ab 41775CC0 		.ascii	"Aw\\\300\230\236\354\027\005\032\\\302\230\003]\217"
 258      989EEC17 
 258      051A5CC2 
 258      98035D8F 
 259 05bb 4E697139 		.ascii	"Niq9\213z\353\334\340 \014ko\231\341?\274.\325\212\203"
 259      8B7AEBDC 
 259      E0200C6B 
 259      6F99E13F 
 259      BC2ED58A 
 260 05d0 00D568E0 		.ascii	"\000\325h\340\361g=s\257\035_\275\015CI\215\322\005"
 260      F1673D73 
 260      AF1D5FBD 
 260      0D43498D 
 260      D205
 261 05e2 033A20F5 		.ascii	"\003: \365\216\321\300\000\366\205W5\273\342qf\354\321"
 261      8ED1C000 
 261      F6855735 
 261      BBE27166 
 261      ECD1
 262 05f4 E88D5977 		.ascii	"\350\215Yw\374\2241\342TQ\207\006O3\246\363\233\311"
 262      FC9431E2 
 262      54518706 
 262      4F33A6F3 
 262      9BC9
 263 0606 3E1D7ECE 		.ascii	">\035~\316\230\352\226\270b5\026\265\2249Z\327'\272"
 263      98EA96B8 
 263      623516B5 
 263      94395AD7 
 263      27BA
 264 0618 E008C614 		.ascii	"\340\010\306\024l\255\233u\305\321\214I\313\213\011"
 264      6CAD9B75 
 264      C5D18C49 
 264      CB8B09
 265 0627 D7E358C6 		.ascii	"\327\343X\306\234\230\233H0\340x\306L\0264e\010\254"
 265      9C989B48 
 265      30E078C6 
 265      4C163465 
 265      08AC
 266 0639 6878017B 		.ascii	"hx\001{\274$\256\032\263\014O\027R\260[}T}\214+\362"
 266      BC24AE1A 
 266      B30C4F17 
 266      52B05B7D 
 266      547D8C2B 
 267 064e 62BF85DE 		.ascii	"b\277\205\336^^\031\304\337\222+#x\377\261\255\333\304"
 267      5E5E19C4 
 267      DF922B23 
 267      78FFB1AD 
 267      DBC4
 268 0660 F43244BD 		.ascii	"\3642D\275\311 \336\010\013%\377gi\360/\220\277*\326"
 268      C920DE08 
 268      0B25FF67 
 268      69F02F90 
 268      BF2AD6
 269 0673 64FAC334 		.ascii	"d\372\3034\261$\022S\361c\216\342>Dz\245$\\\366\013"
 269      B1241253 
ARM GAS  /var/folders/qd/4mxf5pkd0zdf0b9dd1hp39180000gn/T//ccO0NJaR.s 			page 21


 269      F1638EE2 
 269      3E447AA5 
 269      245CF60B 
 270 0687 49384B51 		.ascii	"I8KQX\256\372\272L\372\210\243t\325<$\3752\361LG\361"
 270      58AEFABA 
 270      4CFA88A3 
 270      74D53C24 
 270      FD32F14C 
 271 069d 6BF381CB 		.ascii	"k\363\201\313\304\367;\212\017 \007\344\3032\351C\312"
 271      C4F73B8A 
 271      0F2007E4 
 271      C332E943 
 271      CA
 272 06ae 51A1D249 		.ascii	"Q\241\322I$'\022\201\220Z\205NB:\237\200tF\307y\013"
 272      24271281 
 272      905A854E 
 272      423A9F80 
 272      7446C779 
 273 06c3 C80C741E 		.ascii	"\310\014t\036R([\360B9@\027\201r\201.\000\235\006:\013"
 273      52285BF0 
 273      42394017 
 273      8172812E 
 273      009D063A 
 274 06d8 740AE88C 		.ascii	"t\012\350\214\340E\207\033\313\260\201\242\327\302@"
 274      E045871B 
 274      CBB081A2 
 274      D7C240
 275 06e7 21D1A0E2 		.ascii	"!\321\240\342\311\245\262\001\353\251Y\220\021!V\257"
 275      C9A5B201 
 275      EBA95990 
 275      112156AF 
 276 06f7 A0C80E2B 		.ascii	"\240\310\016+\273-\363\243V\346\307Q\345\230Ri\362("
 276      BB2DF3A3 
 276      56E6C751 
 276      E5985269 
 276      F228
 277 0709 EF7F30EA 		.ascii	"\357\1770\352\"\037\201rY\025\272d\033\201\027\347\206"
 277      221F8172 
 277      5915BA64 
 277      1B8117E7 
 277      86
 278 071a C75C7019 		.ascii	"\307\\p\031M<|z\344|\226'Z\350\345\235\304\237\2654"
 278      4D3C7C7A 
 278      E47C9627 
 278      5AE8E59D 
 278      C49FB534 
 279 072e 12361397 		.ascii	"\0226\023\227\301f\036\217D\001D\"\237{\312\320\301"
 279      C1661E8F 
 279      44014422 
 279      9F7BCAD0 
 279      C1
 280 073f 584ABB1B 		.ascii	"XJ\273\033\307\362\017\364\243}\\Z!\241Xh\032\216\261"
 280      C7F20FF4 
 280      A37D5C5A 
 280      21A15868 
 280      1A8EB1
 281 0752 D0E4D987 		.ascii	"\320\344\331\207\206LR\272J\207\005\\\313F\303\310\300"
ARM GAS  /var/folders/qd/4mxf5pkd0zdf0b9dd1hp39180000gn/T//ccO0NJaR.s 			page 22


 281      864C52BA 
 281      4A87055C 
 281      CB46C3C8 
 281      C0
 282 0763 89560137 		.ascii	"\211V\00171fooY\017\237\315T\020\376BoJ\254\201\217"
 282      31666F6F 
 282      590F9FCD 
 282      5410FE42 
 282      6F4AAC81 
 283 0778 0DB228AA 		.ascii	"\015\262(\252j\232+\322\341N&|v\356X4\306\267)\363\223"
 283      6A9A2BD2 
 283      E14E267C 
 283      76EE5834 
 283      C6B729F3 
 284 078d A3CD5D23 		.ascii	"\243\315]#:\360\315\260\320k\241\027\371\013\377\274"
 284      3AF0CDB0 
 284      D06BA117 
 284      F90BFFBC 
 285 079d C8B937FC 		.ascii	"\310\2717\374\330H\362\366Z\344Eoyy{\031\014\344\242"
 285      D848F2F6 
 285      5AE4456F 
 285      79797B19 
 285      0CE4A2
 286 07b0 B797EDE7 		.ascii	"\267\227\355\347\355$(\2030O)\347A\351\205\240T\330"
 286      ED242883 
 286      304F29E7 
 286      41E985A0 
 286      54D8
 287 07c2 07E5391E 		.ascii	"\007\3459\036\252\334\316\202R\011A\251\343\322"
 287      AADCCE82 
 287      520941A9 
 287      E3D2
 288 07d0 0A419175 		.ascii	"\012A\221uV\225]g\221v,<v\011Z\002\011ZL\022\364\005"
 288      56955D67 
 288      91762C3C 
 288      76095A02 
 288      095A4C12 
 289 07e6 58ADE608 		.ascii	"X\255\346\010\236\303\371,$\341\014\3204\320\024\320"
 289      9EC3F92C 
 289      24E10CD0 
 289      34D014D0 
 290 07f6 24D033A0 		.ascii	"$\3203\240\247@O\200\036\003M\000\335\002\352\006\352"
 290      A7404F80 
 290      1E034D00 
 290      DD02EA06 
 290      EA
 291 0807 02EA04EA 		.ascii	"\002\352\004\352\000\252\005\252\001\272b\347E\331\177"
 291      00AA05AA 
 291      01BA62E7 
 291      45D97F
 292 0816 B1C483EA 		.ascii	"\261\304\203\352Y\012\275Z-w\340\242\223\361c\203W\304"
 292      590ABD5A 
 292      2D77E0A2 
 292      93F16383 
 292      57C4
 293 0828 5BFCF9E0 		.ascii	"[\374\371\3405t,8D\207\021Y\241]F\016\000/\315\253\036"
 293      35742C38 
ARM GAS  /var/folders/qd/4mxf5pkd0zdf0b9dd1hp39180000gn/T//ccO0NJaR.s 			page 23


 293      44871159 
 293      A15D460E 
 293      002FCDAB 
 294 083d A3ED8B98 		.ascii	"\243\355\213\230|\035D\266RY\336\261K\352\355\272\244"
 294      7C1D44B6 
 294      5259DEB1 
 294      4BEAEDBA 
 294      A4
 295 084e 8E8D1F3B 		.ascii	"\216\215\037;\207\233\340.\031\262\350:h\254\347\016"
 295      879BE02E 
 295      19B2E83A 
 295      68ACE70E 
 296 085e DF04879B 		.ascii	"\337\004\207\233\000\3605\240\253v\240Gb]^\234\023E"
 296      00F035A0 
 296      AB76A047 
 296      625D5E9C 
 296      1345
 297 0870 983D3400 		.ascii	"\230=4\000\212+\274\215b\211\224\301h\264\203\321\360"
 297      8A2BBC8D 
 297      628994C1 
 297      68B483D1 
 297      F0
 298 0881 3218ED60 		.ascii	"2\030\355`\372\3250\372\217b1s1\315\261je\014\326\002"
 298      FAD530FA 
 298      8F623173 
 298      31CDB16A 
 298      650CD602 
 299 0895 0423B675 		.ascii	"\004#\266u\2276\214&\302u\020\253\345\3425 ^e\237\312"
 299      97368C26 
 299      C27510AB 
 299      E5E23520 
 299      5E659FCA 
 300 08a9 76806CF7 		.ascii	"v\200l\367\333\000\304\015\016\250\025\316[\000L\263"
 300      DB00C40D 
 300      0EA815CE 
 300      5B004CB3 
 301 08b9 E3689992 		.ascii	"\343h\231\222\217\226\253`\342\206\223\307\214\262\215"
 301      8F96AB60 
 301      E28693C7 
 301      8CB28D
 302 08c8 7ADEC2B9 		.ascii	"z\336\302\271\2152\037\226\313\326\3218_\277\254D\275"
 302      8D321F96 
 302      CBD6D138 
 302      5FBFAC44 
 302      BD
 303 08d9 C86625EA 		.ascii	"\310f%\352\206}\211b7\037ns\311:\264\203L\036H8\032"
 303      867D8962 
 303      371F6E73 
 303      C93AB483 
 303      4C1E4838 
 304 08ee A4F50A91 		.ascii	"\244\365\012\221\266\011\305\272L\345\222\371k\275\222"
 304      B609C5BA 
 304      4CE592F9 
 304      6BBD92
 305 08fd 8A819D5A 		.ascii	"\212\201\235Z25$\275\332(\265\257\247\355\031\334\333"
 305      323524BD 
 305      DA28B5AF 
ARM GAS  /var/folders/qd/4mxf5pkd0zdf0b9dd1hp39180000gn/T//ccO0NJaR.s 			page 24


 305      A7ED19DC 
 305      DB
 306 090e CFF1F6BA 		.ascii	"\317\361\366\272h1\321\227\256\240o8&k\263}r\223\031"
 306      6831D197 
 306      AEA06F38 
 306      266BB37D 
 306      729319
 307 0921 EBEF987F 		.ascii	"\353\357\230\177d\341xSY\\\326\243\375\377.u\350].m"
 307      64E17853 
 307      595CD6A3 
 307      FDFF2E75 
 307      E85D2E6D 
 308 0935 0BE61D47 		.ascii	"\013\346\035G\351\361_3\335= u\317Q\367\000r\350\234"
 308      E9F15F33 
 308      DD3D2075 
 308      CF51F700 
 308      72E89C
 309 0948 79A5B20F 		.ascii	"y\245\262\017:D\251T\262XT\361X\227;\211uj\004\2155"
 309      3A44A954 
 309      B25854F1 
 309      58973B89 
 309      756A048D 
 310 095d B13D24C5 		.ascii	"\261=$\305\252\334\032+\221\025\333c<}\372\205EhX\031"
 310      AADC1A2B 
 310      9115DB63 
 310      3C7DFA85 
 310      45685819 
 311 0971 22756887 		.ascii	"\"uh\207\022B\025mF\340\215\003\274G\220;c@\017\201"
 311      1242156D 
 311      46E08D03 
 311      BC47903B 
 311      63400F81 
 312 0985 4680EE02 		.ascii	"F\200\356\002\335\001\272m\227O\323\037\261\230\220"
 312      DD01BA6D 
 312      974FD31F 
 312      B19890
 313 0994 EE190183 		.ascii	"\356\031\001\203D\203\3239\324\213zY\345\271\377*\351"
 313      4483D339 
 313      D48B7A59 
 313      E5B9FF2A 
 313      E9
 314 09a5 F15F31D5 		.ascii	"\361_1\325\003 \374\300\271\260\254<\334\263+\017\003"
 314      0320FCC0 
 314      B9B0AC3C 
 314      DCB32B0F 
 314      03
 315 09b6 0AE5E109 		.ascii	"\012\345\341\011\334}L\332O\200\302{\2743\206\301\333"
 315      DC7D4CDA 
 315      4F80C27B 
 315      BC3386C1 
 315      DB
 316 09c7 21F06C50 		.ascii	"!\360lP\362\014\302\331\226\346\362p|P\024w\030\350"
 316      F20CC2D9 
 316      96E6F270 
 316      7C501477 
 316      18E8
 317 09d9 827C9437 		.ascii	"\202|\2247p^\036\206_'\245\204\244\3228\227U\250\015"
ARM GAS  /var/folders/qd/4mxf5pkd0zdf0b9dd1hp39180000gn/T//ccO0NJaR.s 			page 25


 317      705E1E86 
 317      5F27A584 
 317      A4D23897 
 317      55A80D
 318 09ec 3CF1A35D 		.ascii	"<\361\243]H\342\337S\232\025A7f\327\360n\274\017\256"
 318      48E2DF53 
 318      9A154137 
 318      66D7F06E 
 318      BC0FAE
 319 09ff 3FFD56AE 		.ascii	"?\375V\256?\000I\311\365\373\314u'\317T4\012\016K\217"
 319      3F0049C9 
 319      F5FBCC75 
 319      27CF5434 
 319      0A0E4B8F 
 320 0a13 555B8AC5 		.ascii	"U[\212\305G\304\221\024#\252\236I)VIu\331\260\035\260"
 320      47C49114 
 320      23AA9E49 
 320      29564975 
 320      D9B01DB0 
 321 0a27 6283A7E1 		.ascii	"b\203\247\341\344K\273\220$u\015\1774\221\3418\365*"
 321      E44BBB90 
 321      24750D7F 
 321      3491E138 
 321      F52A
 322 0a39 E9DA0FA5 		.ascii	"\351\332\017\245\261;\355\\\230\341m-\326\220\020\202"
 322      B13BED5C 
 322      98E16D2D 
 322      D6901082 
 323 0a49 CCFC103E 		.ascii	"\314\374\020>-X\020\021!\356^AW\315\317\3710\340+66"
 323      2D581011 
 323      21EE5E41 
 323      57CDCFF9 
 323      30E02B36 
 324 0a5e E19D913D 		.ascii	"\341\235\221=\017k\177\262[,\011\303t\231\273UP\020"
 324      0F6B7FB2 
 324      5B2C09C3 
 324      7499BB55 
 324      5010
 325 0a70 8E156493 		.ascii	"\216\025d\223\351\177d\302d9\273]IX\376\244m\315\343"
 325      E97F64C2 
 325      6439BB5D 
 325      4958FEA4 
 325      6DCDE3
 326 0a83 F90E4B3E 		.ascii	"\371\016K>\264\303q\3520\213\034\022\276\343\307RmN"
 326      B4C371EA 
 326      308B1C12 
 326      BEE3C752 
 326      6D4E
 327 0a95 73949EBF 		.ascii	"s\224\236\277\012\270.\023\337\243,.\357\212\313\274"
 327      0AB82E13 
 327      DFA32C2E 
 327      EF8ACBBC 
 328 0aa5 2BC8A474 		.ascii	"+\310\244t\257\243\370\374%\311\364\273L;\231T\024*"
 328      AFA3F8FC 
 328      25C9F4BB 
 328      4C3B9954 
 328      142A
ARM GAS  /var/folders/qd/4mxf5pkd0zdf0b9dd1hp39180000gn/T//ccO0NJaR.s 			page 26


 329 0ab7 8BCBA08F 		.ascii	"\213\313\240\217^\342\236Z\237[\325N\236[\334\323w\355"
 329      5EE29E5A 
 329      9F5BD54E 
 329      9E5BDCD3 
 329      77ED
 330 0ac9 9F42F3A5 		.ascii	"\237B\363\245\345=}\211U\306j'\225q\3561y\300\220\004"
 330      E53D7D89 
 330      55C66A27 
 330      9571EE31 
 330      79C09004 
 331 0add 2F9356B0 		.ascii	"/\223V\260\325\2640\022\003d\247\270\264\260\330\255"
 331      D5B43012 
 331      0364A7B8 
 331      B4B0D8AD 
 332 0aed 177523F2 		.ascii	"\027u#\362J\3465\332\032!\366\027\216\204(?g\375!v\035"
 332      4AE635DA 
 332      1A21F617 
 332      8E84283F 
 332      67FD2176 
 333 0b02 AE0AECC0 		.ascii	"\256\012\354\300E\011cm\202lW\004\256C\260\352\245\377"
 333      4509636D 
 333      826C5704 
 333      AE43B0EA 
 333      A5FF
 334 0b14 B80224D7 		.ascii	"\270\002$\327\312\3563s\326\237\212\3113<R;vI\220\214"
 334      CAEE3373 
 334      D69F8AC9 
 334      333C523B 
 334      7649908C 
 335 0b28 C99ACCC3 		.ascii	"\311\232\314\303\252\262\335\266\201\222\234\244\347"
 335      AAB2DDB6 
 335      81929CA4 
 335      E7
 336 0b35 1084B2EB 		.ascii	"\020\204\262\353a\203\372>\324\003w\377S\245Jt\015\244"
 336      6183FA3E 
 336      D40377FF 
 336      53A54A74 
 336      0DA4
 337 0b47 8B8427E7 		.ascii	"\213\204'\347KOk\360\270+e*\347\236\225x\262\345\205"
 337      4B4F6BF0 
 337      B82B652A 
 337      E79E9578 
 337      B2E585
 338 0b5a 20DB465F 		.ascii	" \333F_\304\266\321\303\012R\232\\\026\357\244\3454"
 338      C4B6D1C3 
 338      0A529A5C 
 338      16EFA4E5 
 338      34
 339 0b6b 427C4DA0 		.ascii	"B|M\240\275\027\201\227\240pLz,\022/\206\277Ajf\255"
 339      BD178197 
 339      A0704C7A 
 339      2C122F86 
 339      BF416A66 
 340 0b80 BDAB6FD0 		.ascii	"\275\253o\320\363\315t1\275O,\351\315r\211\273\033\015"
 340      F3CD7431 
 340      BD4F2CE9 
 340      CD7289BB 
ARM GAS  /var/folders/qd/4mxf5pkd0zdf0b9dd1hp39180000gn/T//ccO0NJaR.s 			page 27


 340      1B0D
 341 0b92 5503BD47 		.ascii	"U\003\275G\244P\030\266u\023\234\302_\021\367!4'\364"
 341      A45018B6 
 341      75139CC2 
 341      5F11F721 
 341      3427F4
 342 0ba5 02B428FC 		.ascii	"\002\264(\374&\264\336\237\336\027\251\303\231:\212"
 342      26B4DE9F 
 342      DE17A9C3 
 342      993A8A
 343 0bb4 EAE64C76 		.ascii	"\352\346Lv\263A-\360\245\000\030\240\353\266\346^W\347"
 343      B3412DF0 
 343      A50018A0 
 343      EBB6E65E 
 343      57E7
 344 0bc6 58B6502C 		.ascii	"X\266P,1\230\203\031\352\250?\340\301\301t\374\020R"
 344      31988319 
 344      EAA83FE0 
 344      C1C174FC 
 344      1052
 345 0bd8 2F5C24BB 		.ascii	"/\\$\273{ \205\242%,\321\216Xb)\226\231\330[S\006|\316"
 345      7B2085A2 
 345      252CD18E 
 345      58622996 
 345      99D85B53 
 346 0bef 3996BCED 		.ascii	"9\226\274\355\015g\335\344X\376\360\272\014J<\205\022"
 346      0D67DDE4 
 346      58FEF0BA 
 346      0C4A3C85 
 346      12
 347 0c00 678592F0 		.ascii	"g\205\222\360\374z\271\016\240\364\221\215\314K.{\""
 347      FC7AB90E 
 347      A0F4918D 
 347      CC4B2E7B 
 347      22
 348 0c11 202E0711 		.ascii	" .\007\021\025C[%,[1\333\267B\333(\206\266\307\317\312"
 348      15435B25 
 348      2C5B31DB 
 348      B742DB28 
 348      86B6C7CF 
 349 0c26 F4F82EC3 		.ascii	"\364\370.\303P\224\222\263\233\277\352\272F\272\251"
 349      509492B3 
 349      9BBFEABA 
 349      46BAA9
 350 0c35 F6595221 		.ascii	"\366YR!\177\225\"~\007\370-\267b\232\365\354\376$\335"
 350      7F95227E 
 350      07F82DB7 
 350      629AF5EC 
 350      FE24DD
 351 0c48 498D3E70 		.ascii	"I\215>p\225o\302\336$\033\255\371\317\323/\252\371\253"
 351      956FC2DE 
 351      241BADF9 
 351      CFD32FAA 
 351      F9AB
 352 0c5a 1777E0E7 		.ascii	"\027w\340\347\206\332\017\361E\345\030M\224\364\274"
 352      86DA0FF1 
 352      45E5184D 
ARM GAS  /var/folders/qd/4mxf5pkd0zdf0b9dd1hp39180000gn/T//ccO0NJaR.s 			page 28


 352      94F4BC
 353 0c69 BFC283CC 		.ascii	"\277\302\203\314\326\343\344\216^\017<\302\230\241S"
 353      D6E3E48E 
 353      5E0F3CC2 
 353      98A153
 354 0c78 CDCD188F 		.ascii	"\315\315\030\217SF\250\231L\030\303\316^\207\244b\347"
 354      5346A899 
 354      4C18C3CE 
 354      5E87A462 
 354      E7
 355 0c89 AF9356EF 		.ascii	"\257\223V\357\246\033\232\273\261\036\355\302\363\336"
 355      A61B9ABB 
 355      B11EEDC2 
 355      F3DE
 356 0c97 88E08CC8 		.ascii	"\210\340\214\310\374\034\017\264\320\333Kq\022\245B"
 356      FC1C0FB4 
 356      D0DB4B71 
 356      12A542
 357 0ca6 69983DB4 		.ascii	"i\230=\264\367\200\211\275X>\203j+v\231<CT\203\310\374"
 357      F78089BD 
 357      583E836A 
 357      2B76993C 
 357      435483C8 
 358 0cbb 67C2C02E 		.ascii	"g\302\300.-\2539\304\360N0L\024)\324\034\262\321uh\260"
 358      2DAB39C4 
 358      F04E304C 
 358      1429D41C 
 358      B2D17568 
 359 0cd0 458353E9 		.ascii	"E\203S\351>\264p\267\270\363w\310{!31\372\016y\346\034"
 359      3EB470B7 
 359      B8F377C8 
 359      7B213331 
 359      FA0E79E6 
 360 0ce5 8096FB24 		.ascii	"\200\226\373$\350\304\234\2639\337~@\251\204\030\254"
 360      E8C49CB3 
 360      39DF7E40 
 360      A98418AC 
 361 0cf5 EC1CB83A 		.ascii	"\354\034\270:\256\303\307\331n\367\303[\021\231\236"
 361      AEC3C7D9 
 361      6EF7C35B 
 361      11999E
 362 0d04 F83C63D2 		.ascii	"\370<c\322\353\2664\350\360e\306\344&\206\301 \251a"
 362      EBB634E8 
 362      F065C6E4 
 362      2686C120 
 362      A961
 363 0d16 4C447866 		.ascii	"LDxf\213@\3665\"^\276\263\210o\236>\227\351\201`Q\237"
 363      8B40F635 
 363      225EBEB3 
 363      886F9E3E 
 363      97E98160 
 364 0d2c 214646D0 		.ascii	"!FF\320\347v\307\266d\366\334\316\304\006t\010\320\037"
 364      E776C7B6 
 364      64F6DCCE 
 364      C4067408 
 364      D01F
 365 0d3e 51F65FD9 		.ascii	"Q\366_\331\217\014\336\200\370q\024\3748l\027\371\326"
ARM GAS  /var/folders/qd/4mxf5pkd0zdf0b9dd1hp39180000gn/T//ccO0NJaR.s 			page 29


 365      8F0CDE80 
 365      F87114FC 
 365      386C17F9 
 365      D6
 366 0d4f FBAC421F 		.ascii	"\373\254B\037\301\216[\031\267b\237\344\250q3\013eA"
 366      C18E5B19 
 366      B7629FE4 
 366      A871330B 
 366      6541
 367 0d61 D5F61B6E 		.ascii	"\325\366\033n\266XB\345\356ds\332\343\2408K\212\347"
 367      B65842E5 
 367      EE6473DA 
 367      E3A0384B 
 367      8AE7
 368 0d73 9197C4F3 		.ascii	"\221\227\304\363\030\330V\302A\3365\356\036\212u\307"
 368      18D856C2 
 368      41DE35EE 
 368      1E8A75C7 
 369 0d83 FD2C5031 		.ascii	"\375,P1\035\245U\356x\2101\207\247g\306\310\016\342"
 369      1DA555EE 
 369      78883187 
 369      A767C6C8 
 369      0EE2
 370 0d95 52F25E0D 		.ascii	"R\362^\015\313^5,e\367\213\353j\216\030\3608\003\231"
 370      CB5E352C 
 370      65F78BEB 
 370      6A8E18F0 
 370      380399
 371 0da8 9D363BEB 		.ascii	"\2356;\353i\315k\030\317.\336*\333hF\247\301\344R\236"
 371      69CD6B18 
 371      CF2EDE2A 
 371      DB6846A7 
 371      C1E4529E 
 372 0dbc D7D970F1 		.ascii	"\327\331p\361\024\226\336\367.\335E_J\344Bz\345H\316"
 372      1496DEF7 
 372      2EDD455F 
 372      4AE4427A 
 372      E548CE
 373 0dcf 2CE57BE5 		.ascii	",\345{\345EI\235\003z\374\234\331\010\277\366\315\204"
 373      45499D03 
 373      7AFC9CD9 
 373      08BFF6CD 
 373      84
 374 0de0 531BE79C 		.ascii	"S\033\347\234\332x\226\277\252\202\276\2268\0136\316"
 374      DA7896BF 
 374      AA82BE96 
 374      380B36CE 
 375 0df0 4836C024 		.ascii	"H6\300$/.\347;g=q\264\0335r!\267\030\31491r\321\251"
 375      2F2EE73B 
 375      673D71B4 
 375      1B357221 
 375      B718CC39 
 376 0e08 11E89607 		.ascii	"\021\350\226\0077\310(\272\000F\316KF\316Z\215\334\212"
 376      37C828BA 
 376      0046CE4B 
 376      46CE5A8D 
 376      DC8A
ARM GAS  /var/folders/qd/4mxf5pkd0zdf0b9dd1hp39180000gn/T//ccO0NJaR.s 			page 30


 377 0e1a EF87B56F 		.ascii	"\357\207\265o\"5\202\022\213\323\013\265x7c\262O\316"
 377      22358212 
 377      8BD30BB5 
 377      783763B2 
 377      4FCE
 378 0e2c E4EA6971 		.ascii	"\344\352iq4ZkczZ\\\256\273\323\332\230Okc\236\2656\246"
 378      345A6B63 
 378      7A5A5CAE 
 378      BBD3DA98 
 378      4F6B639E 
 379 0e43 87C535DB 		.ascii	"\207\3055\333\355\332\301}Yv\027`\353\214\025d\263."
 379      EDDAC17D 
 379      59761760 
 379      EB8C1564 
 379      B32E
 380 0e55 A69C70C3 		.ascii	"\246\234p\303\351\314\325sS\221=\002\3626\360\311\365"
 380      E9CCD573 
 380      53913D02 
 380      F236F0C9 
 380      F5
 381 0e66 9ED7C249 		.ascii	"\236\327\302I6\026\203|\241\344\0004\267\237\022\313"
 381      3616837C 
 381      A1E40034 
 381      B79F12CB 
 382 0e76 B5A32208 		.ascii	"\265\243\"\010\210\235\201GO\223\373<\3611\346Y\311"
 382      889D8147 
 382      4F93FB3C 
 382      F131E659 
 382      C9
 383 0e87 B9BCB306 		.ascii	"\271\274\263\006|\2321\217f\367]\344\365r\021\260\317"
 383      7C9A318F 
 383      66F75DE4 
 383      F57211B0 
 383      CF
 384 0e98 7B1313B5 		.ascii	"{\023\023\265|\017\216\224\327\211\232\336X7\\\306\033"
 384      7C0F8E94 
 384      D7899ADE 
 384      58375CC6 
 384      1B
 385 0ea9 CE5CEA34 		.ascii	"\316\\\3524\340\032\312\350\207g&\333\014d\177\221l"
 385      E01ACAE8 
 385      876726DB 
 385      0C647F91 
 385      6C
 386 0eba B379792F 		.ascii	"\263yy/\264[\231\224CT\312H\327T\003\222F\236\342\015"
 386      B45B9994 
 386      4354CA48 
 386      D7540392 
 386      469EE20D 
 387 0ece 707E157B 		.ascii	"p~\025{\241:\240\032\240+@\265\330a\317\240\367\004"
 387      A13AA01A 
 387      A02B40B5 
 387      D861CFA0 
 387      F704
 388 0ee0 9F911387 		.ascii	"\237\221\023\207/\203\303\215\330\311\314\316\326\303"
 388      2F83C38D 
 388      D8C9CCCE 
ARM GAS  /var/folders/qd/4mxf5pkd0zdf0b9dd1hp39180000gn/T//ccO0NJaR.s 			page 31


 388      D6C3
 389 0eee 356CE15E 		.ascii	"5l\341^\005\202\225R\204\032\361B\271\336\236\023\015"
 389      05829552 
 389      841AF142 
 389      B9DE9E13 
 389      0D
 390 0eff F1627A29 		.ascii	"\361bz)\242\231p\222\353\265e\320\274)`C\017\237\002"
 390      A2997092 
 390      EBB565D0 
 390      BC296043 
 390      0F9F02
 391 0f12 42E75738 		.ascii	"B\347W8\242\230\267\231;\374{V\215\353\001\363%Gi\331"
 391      A298B799 
 391      3BFC7B56 
 391      8DEB01F3 
 391      254769D9 
 392 0f26 7C51BE84 		.ascii	"|Q\276\204\301\362\325]=\355N\3536\216L[\211\2426\331"
 392      C1F2D55D 
 392      3DED4EEB 
 392      368E4C5B 
 392      89A236D9 
 393 0f3a 7CB2A79B 		.ascii	"|\262\247\233U\253F\373j\245\334\033\245\\\333\253z"
 393      55AB46FB 
 393      6AA5DC1B 
 393      A55CDBAB 
 393      7A
 394 0f4b 839499D2 		.ascii	"\203\224\231\322\247%z\334\316:\376B\344\300sO<F\031"
 394      A7257ADC 
 394      CE3AFE42 
 394      E4C0734F 
 394      3C4619
 395 0f5e CD9E635B 		.ascii	"\315\236c[[\004\362\312\302{!\177[1\320\313\203eE\334"
 395      5B04F2CA 
 395      C27B217F 
 395      5B31D0CB 
 395      836545DC 
 396 0f72 AA8C98AF 		.ascii	"\252\214\230\257\204\215\366\301\232/,\237\\W\015.H"
 396      848DF6C1 
 396      9A2F2C9F 
 396      5C570D2E 
 396      48
 397 0f83 8E10B356 		.ascii	"\216\020\263V\330\372\255\325I\277\361p\364\262p\264"
 397      D8FAADD5 
 397      49BFF170 
 397      F4B270B4 
 398 0f93 BE241CB6 		.ascii	"\276$\034\266e\3635\256\216\204\243\005\302"
 398      65F335AE 
 398      8E84A305 
 398      C2
 399 0fa0 711D42D0 		.ascii	"q\035B\320\014t\003\250\315.1\253\206d(\232\224QD`\376"
 399      0C7403A8 
 399      CD2E31AB 
 399      8664289A 
 399      94514460 
 400 0fb5 C44DAE3D 		.ascii	"\304M\256=3\254\305\263l4W\234\237*\327\301\014@\031"
 400      33ACC5B3 
 400      6C34579C 
ARM GAS  /var/folders/qd/4mxf5pkd0zdf0b9dd1hp39180000gn/T//ccO0NJaR.s 			page 32


 400      9F2AD7C1 
 400      0C4019
 401 0fc8 4107587D 		.ascii	"A\007X}\025\002[\2367D\354$y\336\016\3627\245<o\245"
 401      15025B9E 
 401      3744EC24 
 401      79DE0EF2 
 401      37A53C6F 
 402 0fdd 790E662F 		.ascii	"y\016f/\025>X\305\006\362\0222\217\353~T\302\247\273"
 402      153E58C5 
 402      06F21232 
 402      8FEB7E54 
 402      C2A7BB
 403 0ff0 7D6420E7 		.ascii	"}d \3476l\337\353\216a\371O\021\276\270R"
 403      366CDFEB 
 403      8E61F94F 
 403      11BEB852 
 404 1000 0E858E31 		.ascii	"\016\205\2161\205%\023Ej\234\316\230\324\342\334+\030"
 404      85251345 
 404      6A9CCE98 
 404      D4E2DC2B 
 404      18
 405 1011 6731E661 		.ascii	"g1\346aF\346\240\200\263\031\223\024\231~\017\036\352"
 405      46E6A080 
 405      B3199314 
 405      997E0F1E 
 405      EA
 406 1022 8C399514 		.ascii	"\2149\225\024\226,\340B\306d\207\367Wjq\035e\\s\363"
 406      962CE042 
 406      C66487F7 
 406      576A711D 
 406      655C73F3 
 407 1036 862F69E8 		.ascii	"\206/i\350\013-H\017/\333\360\313\271*\333\012\354\005"
 407      0B2D480F 
 407      2FDBF0CB 
 407      B92ADB0A 
 407      EC05
 408 1048 F4C32F1D 		.ascii	"\364\303/\035Pe_HK\252\036ei\273\025\230L\374\216\243"
 408      50655F48 
 408      4BAA1E65 
 408      69BB1598 
 408      4CFC8EA3 
 409 105c B8FDCA94 		.ascii	"\270\375\312\224\274\253\030^\220,\222t%\273\033\375"
 409      BCAB185E 
 409      902C9274 
 409      25BB1BFD 
 410 106c 5CDCE9EE 		.ascii	"\\\334\351\356F\3250\313\250\341\227dT\027dB'\311\204"
 410      46D530CB 
 410      A8E19764 
 410      54176442 
 410      27C984
 411 107f DB5C1BE9 		.ascii	"\333\\\033\351\317!\350\317A\350\307\021\240\373@w\201"
 411      CF21E8CF 
 411      41E8C711 
 411      A0FB4077 
 411      81
 412 1090 0680EED9 		.ascii	"\006\200\356\331eV\353\260l\277\373\226#\366y\3332\375"
 412      6556EBB0 
ARM GAS  /var/folders/qd/4mxf5pkd0zdf0b9dd1hp39180000gn/T//ccO0NJaR.s 			page 33


 412      6CBFFB96 
 412      23F679DB 
 412      32FD
 413 10a2 9F334FC9 		.ascii	"\2373O\311\272\267OY\232\005\006\372\345\316\303\235"
 413      BAB74F59 
 413      9A0506FA 
 413      E5CEC39D 
 414 10b2 436ADC62 		.ascii	"Cj\334b`\337\004T\366\035\024\034\363\320\206\373!`"
 414      60DF0454 
 414      F61D141C 
 414      F3D086FB 
 414      2160
 415 10c4 FDB6B86D 		.ascii	"\375\266\270m\371\230S\236@\362q\024\332=\220\362q\330"
 415      F998539E 
 415      40F27114 
 415      DA3D90F2 
 415      71D8
 416 10d6 9A8FD71E 		.ascii	"\232\217\327\036\037\212\325\340~\226#\221\327\302\376"
 416      1F8AD5E0 
 416      7E962391 
 416      D7C2FE
 417 10e5 01DF67E7 		.ascii	"\001\337g\347\367\356\035L\341_\263}\017\330\326\302"
 417      F7EE1D4C 
 417      E15FB37D 
 417      0FD8D6C2 
 418 10f5 9D9705BD 		.ascii	"\235\227\005\275\364E\010\271.U\306\011\362\244\206"
 418      F44508B9 
 418      2E55C609 
 418      F2A486
 419 1104 4E41E398 		.ascii	"NA\343\230\276\216~p\270\341\014y^y\353\321\237d\223"
 419      BE8E7E70 
 419      B8E10C79 
 419      5E79EBD1 
 419      9F6493
 420 1117 1F6F36F9 		.ascii	"\037o6\371\331\233\324\277K\207g\230\313\251O\316\315"
 420      D99BD4BF 
 420      4B876798 
 420      CBA94FCE 
 420      CD
 421 1128 D8BE11CB 		.ascii	"\330\276\021\313\215\020\377\"l\245lwy\022\334\364\346"
 421      8D10FF22 
 421      6CA56C77 
 421      7912DCF4 
 421      E6
 422 1139 93862710 		.ascii	"\223\206'\020\207\307\362\331\317>\372\265\3333\030"
 422      87C7F2D9 
 422      CF3EFAB5 
 422      DB3318
 423 1148 EC4F25CF 		.ascii	"\354O%\317\274\371\234!&2+\301\015G\273S#)\011\375\235"
 423      BCF99C21 
 423      26322BC1 
 423      0D47BB53 
 423      232909FD 
 424 115d 5AF9F744 		.ascii	"Z\371\367DW\350\244f\006\232NIM\237a\333\007\002\363"
 424      57E8A466 
 424      069A4E49 
 424      4D9F61DB 
ARM GAS  /var/folders/qd/4mxf5pkd0zdf0b9dd1hp39180000gn/T//ccO0NJaR.s 			page 34


 424      0702F3
 425 1170 804C2B00 		.ascii	"\200L+\000!\257\306s:+\3248\201Yy\022\373 \335\271+"
 425      21AFC673 
 425      3A2BD438 
 425      81597912 
 425      FB20DDB9 
 426 1185 2F9CBA72 		.ascii	"/\234\272r\257\035w\227o%\275\364\034\000\315J\200f"
 426      AF1D7797 
 426      6F25BDF4 
 426      1C00CD4A 
 426      8066
 427 1197 AC13A091 		.ascii	"\254\023\240\221\201\330\373\332\005\211<+\336[L\005"
 427      81D8FBDA 
 427      05893C2B 
 427      DE5B4C05 
 428 11a7 9341C90E 		.ascii	"\223A\311\016:\251\231\303\013\254\235@FwjBc\263\216"
 428      3AA999C3 
 428      0BAC9D40 
 428      46776A42 
 428      63B38E
 429 11ba 8E6EF262 		.ascii	"\216n\362b\315\266S\273?\207\217n2\371=\010V\"\325\262"
 429      CDB653BB 
 429      3F878F6E 
 429      32F93D08 
 429      5622D5B2 
 430 11ce B49CB7F5 		.ascii	"\264\234\267\365|\375k\266QMv9\322\271\264\355\025\323"
 430      7CFD6BB6 
 430      514D7639 
 430      D2B9B4ED 
 430      15D3
 431 11e0 9D79BBE0 		.ascii	"\235y\273\340=\263\032\220\337\275\202\200A\217\270"
 431      3DB31A90 
 431      DFBD8280 
 431      418FB8
 432 11ef BC15224A 		.ascii	"\274\025\"J\302\016\332\237N\362\341M\022\263\233\213"
 432      C20EDA9F 
 432      4EF2E14D 
 432      12B39B8B 
 433 11ff DB325DE9 		.ascii	"\3332]\351\305\306b\025J\204\373\011\344\376\030o@F"
 433      C5C66215 
 433      4A84FB09 
 433      E4FE186F 
 433      4046
 434 1211 428CDA1B 		.ascii	"B\214\332\033E\250\275P\024\220\010\024\006\024\015"
 434      45A8BD50 
 434      14900814 
 434      06140D
 435 1220 14AE966F 		.ascii	"\024\256\226o\255^\337\314\274!u\371\004om+\360\263"
 435      AD5EDFCC 
 435      BC2175F9 
 435      046F6D2B 
 435      F0B3
 436 1232 F3BC99FE 		.ascii	"\363\274\231\376\232\215`\262\356\372\3061T)\330\241"
 436      9A8D60B2 
 436      EEFAC631 
 436      5429D8A1 
 437 1242 FAB44EB2 		.ascii	"\372\264N\262\352\003R\016\213\221\302\250\310\247\356"
ARM GAS  /var/folders/qd/4mxf5pkd0zdf0b9dd1hp39180000gn/T//ccO0NJaR.s 			page 35


 437      EA03520E 
 437      8B91C2A8 
 437      C8A7EE
 438 1251 388DE5C7 		.ascii	"8\215\345\307\365\303\017\206\261|12X\276\235\364\372"
 438      F5C30F86 
 438      B17C3132 
 438      58BE9DF4 
 438      FA
 439 1262 5650BE45 		.ascii	"VP\276Em\353u\242\305\231\343\261\340\354\267u\234l"
 439      6DEB75A2 
 439      C599E3B1 
 439      E0ECB775 
 439      9C6C
 440 1274 A7ECE8BC 		.ascii	"\247\354\350\274\255{\353\020]\372C\006\244\236\316"
 440      AD7BEB10 
 440      5DFA4306 
 440      A49ECE
 441 1283 8D15132B 		.ascii	"\215\025\023+`\355OLng\211fS\256\"W\310\306\201\372"
 441      60ED4F4C 
 441      6E678966 
 441      53AE2257 
 441      C8C681FA 
 442 1297 2DF259CF 		.ascii	"-\362Y\317HM\244\006\037qg[6S[G\371\374\363u`o\034\334"
 442      484DA406 
 442      1F71675B 
 442      36535B47 
 442      F9FCF375 
 443 12af D5C71F5B 		.ascii	"\325\307\037[\271\344\261u-\245\254\315\025\3470Y\353"
 443      B9E4B175 
 443      2DA5ACCD 
 443      15E73059 
 443      EB
 444 12c0 07588BD8 		.ascii	"\007X\213\330\007X\321\367\362*\020.b\367.\227\265\301"
 444      0758D1F7 
 444      F22A102E 
 444      62F72E97 
 444      B5C1
 445 12d2 3CAD9631 		.ascii	"<\255\2261\325\355[\352<q\033cv\314\306'\251\361\035"
 445      D5ED5BEA 
 445      3C711B63 
 445      76CCC627 
 445      A9F11D
 446 12e5 C658BFA4 		.ascii	"\306X\277\244]\304\276\244\315x\264\247\\\203\037\263"
 446      5DC4BEA4 
 446      CD78B4A7 
 446      5C831FB3 
 447 12f5 7B1D8733 		.ascii	"{\035\2073[\020\026=(\023\337\226U\257\307\333\030\223"
 447      5B10163D 
 447      2813DF96 
 447      55AFC7DB 
 447      1893
 448 1307 571433EC 		.ascii	"W\0243\354\206\323\030S4\\\026\211\361a\306T_?qO\215"
 448      86D31853 
 448      345C1689 
 448      F161C654 
 448      5F3F714F 
 449 131c 4F33A6E5 		.ascii	"O3\246\345\302\305\024-.f\314X\313\215\235:\\\307\230"
ARM GAS  /var/folders/qd/4mxf5pkd0zdf0b9dd1hp39180000gn/T//ccO0NJaR.s 			page 36


 449      C2C5142D 
 449      2E66CC58 
 449      CB8D9D3A 
 449      5CC798
 450 132f 9A73D9A2 		.ascii	"\232s\331\242\013neL\326\221\210\0225\276\305\230\362"
 450      0B6E654C 
 450      D6918812 
 450      35BEC598 
 450      F2
 451 1340 81F49D6E 		.ascii	"\201\364\235nx\2101\203s\217\307\005\374\2101e\343\271"
 451      78883183 
 451      738FC705 
 451      FC883165 
 451      E3B9
 452 1352 47799924 		.ascii	"Gy\231$\313\274\276\304\3629O\247e\362\220\232\227\311"
 452      CBBCBEC4 
 452      F2394FA7 
 452      65F2909A 
 452      97C9
 453 1364 0C35FB58 		.ascii	"\0145\373X\253to\212\2534\254\021\375~H\022\317T/\260"
 453      AB746F8A 
 453      AB34AC11 
 453      FD7E4812 
 453      CF542FB0 
 454 1378 36A29B2A 		.ascii	"6\242\233*\275U9:<G\355.z\3326~X\207\274\354\177d\226"
 454      BD55393A 
 454      3C47ED2E 
 454      7ADA367E 
 454      5887BCEC 
 455 138f BF903DB1 		.ascii	"\277\220=\261z\207\2643y\320\355\321\006\372E\331\036"
 455      7A87B433 
 455      79D0EDD1 
 455      06FA45D9 
 455      1E
 456 13a0 48AFCB6A 		.ascii	"H\257\313j\333\276\261|.\304w\244\027\263Mf\"\234b/"
 456      DBBEB17C 
 456      2EC477A4 
 456      17B34D66 
 456      229C622F 
 457 13b4 3CEFB93F 		.ascii	"<\357\271?\035\215\305\370\305T\364\200\275\250\217"
 457      1D8DC5F8 
 457      C554F480 
 457      BDA88F
 458 13c3 E3DEF578 		.ascii	"\343\336\365x\214Mt\267\022\004\271l\331.,\246,\246"
 458      8C4D74B7 
 458      1204B96C 
 458      D92E2CA6 
 458      2CA6
 459 13d5 2BCDFD5C 		.ascii	"+\315\375\\\3266y\363q\334A\037\226\341MR\302\233\250"
 459      D63679F3 
 459      71DC411F 
 459      96E14D52 
 459      C29BA8
 460 13e8 96CD3C64 		.ascii	"\226\315<d\302\311J\302o\313P\310dw*A\376F\246x\\\212"
 460      C2C94AC2 
 460      6FCB50C8 
 460      64772A41 
ARM GAS  /var/folders/qd/4mxf5pkd0zdf0b9dd1hp39180000gn/T//ccO0NJaR.s 			page 37


 460      FE46A678 
 461 13fe 44BA4224 		.ascii	"D\272B$\344\263\237\262\357Jz\017+a\220\207\242V\012"
 461      E4B39FB2 
 461      EF4A7A0F 
 461      2B619087 
 461      A2560A
 462 1411 DB3E250C 		.ascii	"\333>%\014\362\211\272\014o\202\222^9\210aIo\252\222"
 462      F289BA0C 
 462      6F82925E 
 462      39886149 
 462      6FAA92
 463 1424 5E79091C 		.ascii	"^y\011\034~\235\210B\016\242\203\\\324\351b\241_\206"
 463      7E9D8842 
 463      0EA2835C 
 463      D4E962A1 
 463      5F86
 464 1436 61871206 		.ascii	"a\207\022\006\226i\3267\260\230\354h]V+\354\230\265"
 464      9669D637 
 464      B098EC68 
 464      5D562BEC 
 464      98B5
 465 1448 B66149D3 		.ascii	"\266aI\323^%\204\262\236\352\227\234IS\022\225g\300"
 465      5E2584B2 
 465      9EEA979C 
 465      49531295 
 465      67C0
 466 145a B424BB4B 		.ascii	"\264$\273KIv\306\341\015\267\000\305P\275\004m#*\250"
 466      4976C6E1 
 466      0DB700C5 
 466      50BD046D 
 466      232AA8
 467 146d 34FD1609 		.ascii	"4\375\026\011\012\356Y(\260\331@Y@\307\201r\201.\000"
 467      0AEE5928 
 467      B0D94059 
 467      40C78172 
 467      812E00
 468 1480 1D01BA08 		.ascii	"\035\001\272\010t\006\350\030\320%\240S@G\201N\002\235"
 468      7406E818 
 468      D025A053 
 468      4047814E 
 468      029D
 469 1492 033A0174 		.ascii	"\003:\001t\032(G*\320\255\343\327r48\327\223\315\037"
 469      1A28472A 
 469      D0ADE3D7 
 469      723438D7 
 469      93CD1F
 470 14a5 0AF22791 		.ascii	"\012\362'\221\335\354O\006\003\025\200\365?\027\022"
 470      DDEC4F06 
 470      031580F5 
 470      3F1712
 471 14b4 FE79502A 		.ascii	"\376yP*}\277\225\017F\362\244\307\321e5\237*v\015\027"
 471      7DBF950F 
 471      46F2A4C7 
 471      D165359F 
 471      2A760D17 
 472 14c8 16BA5877 		.ascii	"\026\272Xw\020\2668\005\247\372\277\216\321\340\256"
 472      10B63805 
ARM GAS  /var/folders/qd/4mxf5pkd0zdf0b9dd1hp39180000gn/T//ccO0NJaR.s 			page 38


 472      A7FABF8E 
 472      D1E0AE
 473 14d7 DE191778 		.ascii	"\336\031\027x\210\345\226\320}\375\254\210:(\256\002"
 473      88E596D0 
 473      7DFDAC88 
 473      3A28AE02 
 474 14e7 2A0473F1 		.ascii	"*\004s\361\014\246\254\257\310\225\377\006dE\364!\226"
 474      0CA6ACAF 
 474      C895FF06 
 474      6445F421 
 474      96
 475 14f8 34369EAC 		.ascii	"46\236\254qZ\216\213\255\345x\005\253\306\371\2433j"
 475      715A8E8B 
 475      ADE57805 
 475      ABC6F9A3 
 475      336A
 476 150a C76A2CED 		.ascii	"\307j,\355\034\225\320jL\333P\206\314\335gN\345\361"
 476      1C95D06A 
 476      4CDB5086 
 476      CCDD674E 
 476      E5F1
 477 151c AFB93564 		.ascii	"\257\2715dS\257>\262\300\315\251\2652\253\265RV\374"
 477      53AF3EB2 
 477      C0CDA9B5 
 477      32ABB552 
 477      56FC
 478 152e 1F6F8D7A 		.ascii	"\037o\215z\306\377s\011\371\354\376D\177J\035r\264\016"
 478      C6FF7309 
 478      F9ECFE44 
 478      7F4A1D72 
 478      B40E
 479 1540 B5069553 		.ascii	"\265\006\225S\277*\250\3652f\275\202ZO\257\037i\323"
 479      BF2AA8F5 
 479      3266BD82 
 479      5A4FAF1F 
 479      69D3
 480 1552 C9F7AEB6 		.ascii	"\311\367\256\266\252\345\273\025\225j\272[A\216\344"
 480      AAE5BB15 
 480      956ABA5B 
 480      418EE4
 481 1561 113D9A1F 		.ascii	"\021=\232\037\357\206\363h\242\241\223\361s).N\267\310"
 481      EF86F368 
 481      A2A193F1 
 481      73292E4E 
 481      B7C8
 482 1573 AEA8E56F 		.ascii	"\256\250\345oU&\322\222\237\012o\246\213%}b\311\304"
 482      5526D292 
 482      9F0A6FA6 
 482      8B257D62 
 482      C9C4
 483 1585 A4B6A12E 		.ascii	"\244\266\241.Z\274\006\376}H\345P\225\224'pj\377.\243"
 483      5ABC06FE 
 483      7D48E550 
 483      95942770 
 483      6AFF2EA3 
 484 1599 5A4DDE23 		.ascii	"ZM\336#\364\035\270\227\354\216\007\230\341\207[:\216"
 484      F41DB897 
ARM GAS  /var/folders/qd/4mxf5pkd0zdf0b9dd1hp39180000gn/T//ccO0NJaR.s 			page 39


 484      EC8E0798 
 484      E1875B3A 
 484      8E
 485 15aa BA7365E5 		.ascii	"\272se\345#8\255\321NY\215\244\254\306QY-U\3266P\266"
 485      2338ADD1 
 485      4E598DA4 
 485      ACC65159 
 485      2D55D636 
 486 15c0 168F335D 		.ascii	"\026\2173]\307O\355\317\365\300\342k\354\273\343\262"
 486      C74FEDCF 
 486      F5C0E26B 
 486      ECBBE3B2 
 487 15d0 F2BD1A35 		.ascii	"\362\275\0325\364{=iH\256\\\311:_\212\350\316 \371\257"
 487      F47B3D69 
 487      48AE5CC9 
 487      3A5F8AE8 
 487      CE20F9AF 
 488 15e4 2A6C6B70 		.ascii	"*lkpWsF\236\363\255\301F\352w\203\232;^R\267\355\206"
 488      5773469E 
 488      F3ADC146 
 488      EA77839A 
 488      3B5E52B7 
 489 15fa 86637D16 		.ascii	"\206c}\026\253\253>}\2479L\\\024\371\003\"\207\352\254"
 489      ABAB3E7D 
 489      A7394C5C 
 489      14F90322 
 489      87EAAC
 490 160d 50D155B5 		.ascii	"P\321U\265\232p\366h\257Q\264\361Q\307\303\2648\237"
 490      9A70F668 
 490      AF51B4F1 
 490      51C7C3B4 
 490      389F
 491 161f 21ECCECA 		.ascii	"!\354\316\312\254\366\264\252\233\324\346\305\221\017"
 491      ACF6B4AA 
 491      9BD4E6C5 
 491      910F
 492 162d F7C2C4F7 		.ascii	"\367\302\304\367>\244\2567I\25679*\273N\225\035y6\031"
 492      3EA4AE37 
 492      49AE3739 
 492      2ABB4E95 
 492      1D793619 
 493 1641 E7812B99 		.ascii	"\347\201+\231\262\254\206\311b\275\024\307\331\253v"
 493      B2AC86C9 
 493      62BD14C7 
 493      D9AB76
 494 1650 716C9694 		.ascii	"ql\226\2245;*\273\301\224u\246^\362\224\247\316\250"
 494      353B2ABB 
 494      C19475A6 
 494      5EF294A7 
 494      CEA8
 495 1662 DD46570B 		.ascii	"\335FW\013O\235\026\232:WNM\216\251\345\302\361v{\244"
 495      4F9D169A 
 495      3A574E4D 
 495      8EA9E5C2 
 495      F1767BA4 
 496 1676 AD5CB895 		.ascii	"\255\\\270\225\012\357\257\272\261O\300\215\014\346"
 496      0AEFAFBA 
ARM GAS  /var/folders/qd/4mxf5pkd0zdf0b9dd1hp39180000gn/T//ccO0NJaR.s 			page 40


 496      B14FC08D 
 496      0CE6
 497 1684 C1AB133B 		.ascii	"\301\253\023;\365\270\2331\331\343\217\2635,\337\311"
 497      F5B89B31 
 497      D9E38FB3 
 497      352CDFC9 
 498 1694 FF7F4AEA 		.ascii	"\377\177J\352.\235vw:X:\254\203\245\235\317\224\"\232"
 498      2E9D7677 
 498      3A583AAC 
 498      83A59DCF 
 498      94229A
 499 16a7 CE78388E 		.ascii	"\316x8\216\016\353\207W*\324IGG\207u\246tzrn\302E.\275"
 499      0EEB8757 
 499      2AD44947 
 499      478775A6 
 499      747A726E 
 500 16bf FB65D267 		.ascii	"\373e\322g\246\267\026\271B}\271\306\352K\343\341(1"
 500      A6B716B9 
 500      427DB9C6 
 500      EA4BE3E1 
 500      2831
 501 16d1 2C1A66F3 		.ascii	",\032f\363]\360\350\273\011\241\214\305o\312\032\267"
 501      5DF0E8BB 
 501      09A18CC5 
 501      6FCA1AB7 
 502 16e1 F102D3AD 		.ascii	"\361\002\323\255~K\3657\313\227\373\260\177\301\241"
 502      7E4BF537 
 502      CB97FBB0 
 502      7FC1A1
 503 16f0 3E668B4F 		.ascii	">f\213O\250\331\317\307o\203\331\264\336?\324b\336\274"
 503      A8D9CFC7 
 503      6F83D9B4 
 503      DE3FD462 
 503      DEBC
 504 1702 DCCFF5E7 		.ascii	"\334\317\365\347\277\376\355\033\357\257\\\251\322\207"
 504      BFFEED1B 
 504      EFAF5CA9 
 504      D287
 505 1710 18CD26DF 		.ascii	"\030\315&\337\200\020\263\177\260\336h\334\350\037d"
 505      8010B37F 
 505      B0DE68DC 
 505      E81F64
 506 171f 797B95D1 		.ascii	"y{\225\321\262\003\371\3744$$\300\337\317\327\342\037"
 506      B203F9FC 
 506      342424C0 
 506      DFCFD7E2 
 506      1F
 507 1730 1C14EAF3 		.ascii	"\034\024\352\363\201_\200\177H\250\311hZ\026\262\321"
 507      815F807F 
 507      48A8C968 
 507      5A16B2D1 
 508 1740 EF8B55CB 		.ascii	"\357\213U\313}CB|\336\017\016\262\230\202,\363n\372"
 508      7D43427C 
 508      DE0F0EB2 
 508      98822CF3 
 508      6EFA
 509 1752 7C1A1C1C 		.ascii	"|\032\034\034\020\352\263\336\317o\231\2579pYPp\220"
ARM GAS  /var/folders/qd/4mxf5pkd0zdf0b9dd1hp39180000gn/T//ccO0NJaR.s 			page 41


 509      10EAB3DE 
 509      CF6F99AF 
 509      39705950 
 509      7090
 510 1764 6999C9F7 		.ascii	"i\231\311\3673\377e\357,[\265b\345;\313\376\270zY\240"
 510      33FF65EF 
 510      2C5BB562 
 510      E53BCBFE 
 510      B87A59A0 
 511 1778 EFE7C166 		.ascii	"\357\347\301f\037\273\273>\376A~\001\033\327\232|\002"
 511      1FBBBB3E 
 511      FE417E01 
 511      1BD79A7C 
 511      02
 512 1789 7DFD36F8 		.ascii	"}\3756\370\007\231|\214kM\353|7\006X\214\226\315!\246"
 512      07997C8C 
 512      6B4DEB7C 
 512      3706588C 
 512      96CD21A6 
 513 179d D0E51B54 		.ascii	"\320\345\033T\256Vp1\377\177\340B7\207\372\030C-k\001"
 513      AE567031 
 513      FF7FE042 
 513      3787FA18 
 513      432D6B01 
 514 17b1 0920D25A 		.ascii	"\011 \322ZH\330\214\226\325\016\301\016\0116\203\345"
 514      48D88C96 
 514      D50EC10E 
 514      093683E5 
 515 17c1 9F7EFCD1 		.ascii	"\237~\374\321\373\037m\362\361\013\016\014\361\0170"
 515      FB1F6DF2 
 515      F10B0E0C 
 515      F10F30
 516 17d0 99437D7E 		.ascii	"\231C}~\376\376\373\320\007Vwt!\306@\313\246\000\350"
 516      FEFEFBD0 
 516      07567774 
 516      21C640CB 
 516      A600E8
 517 17e3 0F4DA031 		.ascii	"\017M\2401\310\264\311\242\0154\006\177\025d2\303\361"
 517      C8B4C9A2 
 517      0D34067F 
 517      156432C3 
 517      F1
 518 17f4 8F1B4D1B 		.ascii	"\217\033M\033M\232\020z\3715\277\015F\013\364\234\357"
 518      4D9A107A 
 518      F935BF0D 
 518      460BF49C 
 518      EF
 519 1805 DA50DBF5 		.ascii	"\332P\333\365\020\263\351KO\273\213Fh\276\321b\332d"
 519      10B3E94B 
 519      4FBB8B46 
 519      68BED162 
 519      DA64
 520 1817 B4B8823C 		.ascii	"\264\270\202<=\205\2365\205\230\202\000\353z7\323\227"
 520      3D859E35 
 520      85988200 
 520      EB7A37D3 
 520      97
ARM GAS  /var/folders/qd/4mxf5pkd0zdf0b9dd1hp39180000gn/T//ccO0NJaR.s 			page 42


 521 1828 108C40DF 		.ascii	"\020\214@\337\320/\214\026\027\260\033\272^g4\362hj"
 521      D02F8C16 
 521      17B01BBA 
 521      5E6734F2 
 521      686A
 522 183a F9D105AE 		.ascii	"\371\321\005\256\032-zz\227\252\004\200_\371\372[\240"
 522      1A2D7A7A 
 522      97AA0480 
 522      5FF9FA5B 
 522      A0
 523 184b B9A70C02 		.ascii	"\271\247\014\002\001\354!g\214\026\034b\334\2501}E\324"
 523      01EC2167 
 523      8C161C62 
 523      DCA8317D 
 523      45D4
 524 185d 6BBEB280 		.ascii	"k\276\262\200S!p\0105\005\206\270\204\032\375\202,."
 524      53217008 
 524      350586B8 
 524      841AFD82 
 524      2C2E
 525 186f 40608603 		.ascii	"@`\206\0035\200.\270\347\033\262!\330lr\371\312b1\207"
 525      35802EB8 
 525      E71BB221 
 525      D86C72F9 
 525      CA623187 
 526 1883 2C60EA20 		.ascii	",`\352 \017\327\231\314\246 ?p\006\024\004\177\366y"
 526      0FD799CC 
 526      A6203F70 
 526      0614047F 
 526      F679
 527 1895 88AB6993 		.ascii	"\210\253i\223\277\305/x\255Ic^\273\031piH\262\256\013"
 527      BFC52F78 
 527      AD49635E 
 527      BB197069 
 527      48B2AE0B 
 528 18a9 D5B1447D 		.ascii	"\325\261D}\027\264Z\217\026r\035\216!\306u\001\276\353"
 528      17B45A8F 
 528      16721D8E 
 528      21C67501 
 528      BEEB
 529 18bb 43B59640 		.ascii	"C\265\226@hE\371P\213\257\305\344j\241\007P\014A\365"
 529      6845F950 
 529      8BAFC5E4 
 529      6AA10750 
 529      0C41F5
 530 18ce 0D34A9FD 		.ascii	"\0154\251\3756\370\232\341fp\300Z\0239\006\231\2762"
 530      36F89AE1 
 530      6670C05A 
 530      13390699 
 530      BE32
 531 18e0 9921327E 		.ascii	"\231!2~\226M\330\274\362m!\300\354\012c\005r\300hy\353"
 531      964DD8BC 
 531      F26D21C0 
 531      EC0A6305 
 531      72C06879 
 532 18f5 A59DBBC1 		.ascii	"\245\235\273\301\017\334\200\336\204V+\201V\010\346"
 532      0FDC80DE 
ARM GAS  /var/folders/qd/4mxf5pkd0zdf0b9dd1hp39180000gn/T//ccO0NJaR.s 			page 43


 532      84562B81 
 532      5608E6
 533 1904 1F0BE677 		.ascii	"\037\013\346w\005\363;\202y\215`\376{\301\274\332\215"
 533      05F33B82 
 533      798D60FE 
 533      7BC1BCDA 
 533      8D
 534 1915 3420C106 		.ascii	"4 \301\006\335?x\265.\343\227\357\004\222\324\362#\011"
 534      DD3F78B5 
 534      2EE397EF 
 534      0492D4F2 
 534      2309
 535 1927 BCC9423B 		.ascii	"\274\311B;\333?Xg\353\001\000\033\030\0029\354\312\203"
 535      DB3F5867 
 535      EB01001B 
 535      180239EC 
 535      CA83
 536 1939 6679C341 		.ascii	"fy\303A\2475U\3756\204\372mX\013\252\034K\201$\000]"
 536      A73555FD 
 536      3684FA6D 
 536      580BAA1C 
 536      4B812400 
 537 194e 05F7BD9C 		.ascii	"\005\367\275\234+\330\034j\315V\347J\2403\341>d\351"
 537      2BD81C6A 
 537      CD56E74A 
 537      A033E13E 
 537      64E9
 538 1960 C7A6F53F 		.ascii	"\307\246\365?\3637\207Z>\245\300\034a9\026 \225'm\361"
 538      F337875A 
 538      3EA5C01C 
 538      61391620 
 538      95276DF1 
 539 1974 6BF09135 		.ascii	"k\360\2215\200\304\370t\303\332\217M\001&\337P\323\337"
 539      80C4F874 
 539      C3DA8F4D 
 539      0126DF50 
 539      D3DF
 540 1986 3A35B776 		.ascii	":5\267v3\364\237\277\037\230\024\3746\010\226@M\360"
 540      33F49FBF 
 540      1F9814FC 
 540      36089640 
 540      4DF0
 541 1998 BA75A126 		.ascii	"\272u\241&\213\326l\241i\366\327N\033Z(LK\240\321\317"
 541      8BD66CA1 
 541      69F6D74E 
 541      1B5A284C 
 541      4BA0D1CF 
 542 19ac 37C0FF33 		.ascii	"7\300\37733\255\035\220\357\201\276\3205\024\000^\373"
 542      33AD1D90 
 542      EF81BED0 
 542      3514005E 
 542      FB
 543 19bd 19CD74E2 		.ascii	"\031\315t\342\265)\020\312\317g\033\327\353B|\203\374"
 543      B52910CA 
 543      CF671BD7 
 543      EB427C83 
 543      FC
ARM GAS  /var/folders/qd/4mxf5pkd0zdf0b9dd1hp39180000gn/T//ccO0NJaR.s 			page 44


 544 19ce FDC890F0 		.ascii	"\375\310\220\360\220_\206<\372\322B\222\337\365K\013"
 544      905F863C 
 544      FAD24292 
 544      DFF54B0B 
 545 19de 5C09B0F8 		.ascii	"\\\011\260\370\362\332\271r\015\014@\353\211\2164\361"
 545      F2DAB972 
 545      0D0C40EB 
 545      898E34F1 
 546 19ee 0F246908 		.ascii	"\017$i\010bd\314\222\343\272\215A~\320\214\034\330\015"
 546      6264CC92 
 546      E3BA8D41 
 546      7ED08C1C 
 546      D80D
 547 1a00 EB20FFD2 		.ascii	"\353 \377\322\337l\331\350\033`$M\314\032\322\302\327"
 547      DF6CD9E8 
 547      1B60244D 
 547      CC1AD2C2 
 547      D7
 548 1a11 EC6977D1 		.ascii	"\354iw\321hy\335Q\216\215A7\220\016\360\015\265\220"
 548      6879DD51 
 548      8E8D4137 
 548      900EF00D 
 548      B590
 549 1a23 4BDF51B8 		.ascii	"K\337Q\270\017\243\333L\216Z3\317x3\317x3\311x\215\231"
 549      0FA3DB4C 
 549      8E5A33CF 
 549      7833CF78 
 549      33C9788D 
 550 1a38 E6185CA4 		.ascii	"\346\030\\\244#\324\035l\220xl\246Mu \262\321\014\303"
 550      23D41D6C 
 550      90786CA6 
 550      4D7520B2 
 550      D10CC3
 551 1a4b D262902E 		.ascii	"\322b\220.\202o\266@y\370\257\0150\361\344\204\202\301"
 551      826FB640 
 551      79F8AF0D 
 551      30F1E484 
 551      82C1
 552 1a5d 03B16635 		.ascii	"\003\261f5\017\0049\321\207Z\276\200\240\257\207x\273"
 552      0F0439D1 
 552      875ABE80 
 552      A0AF8778 
 552      BB
 553 1a6e 4901A695 		.ascii	"I\001\246\225\212\206\323\303o\235\021\272\221\204\010"
 553      8A86D3C3 
 553      6F9D11BA 
 553      918408
 554 1a7d AA06C830 		.ascii	"\252\006\3100\226\014i\003?\247\243\332\312\320\261"
 554      960C6903 
 554      3FA7A3DA 
 554      CAD0B1
 555 1a8c EC6963BE 		.ascii	"\354ic\276\010\360\017\364\267\265\"\303\333*H\235\265"
 555      08F00FF4 
 555      B7B522C3 
 555      DB2A489D 
 555      B5
 556 1a9d 32D4633D 		.ascii	"2\324c=g\300m7\233U\377`w\251\302\371\177m\" I\364\310"
ARM GAS  /var/folders/qd/4mxf5pkd0zdf0b9dd1hp39180000gn/T//ccO0NJaR.s 			page 45


 556      67C06D37 
 556      9B55FF60 
 556      77A9C2F9 
 556      7F6D2220 
 557 1ab4 B91ECE43 		.ascii	"\271\036\316C,f\353\351\227\020RH\034-q\003.\221\343"
 557      2C66EBE9 
 557      97105248 
 557      1C2D7103 
 557      2E91E3
 558 1ac7 D726336D 		.ascii	"\327&3m\357\277\026\202\344\277\316\337d\266j&:\234"
 558      EFBF1682 
 558      E4BFCEDF 
 558      64B66A26 
 558      3A9C
 559 1ad9 8F2EDB58 		.ascii	"\217.\333X\200g\001\3445\313+0\375\311\346\320\337\006"
 559      806701E4 
 559      35CB2B30 
 559      FDC9E6D0 
 559      DF06
 560 1aeb 0504FB7D 		.ascii	"\005\004\373}\361\2221\267\231\214IVY6RYw#TU\213\361"
 560      F19231B7 
 560      998C4956 
 560      59365259 
 560      77235455 
 561 1b01 5F7EFAC9 		.ascii	"_~\372\311\007\277\371\370\027\356\276\001_\371n\016"
 561      07BFF9F8 
 561      17EEBE01 
 561      5FF96E0E 
 562 1b11 85AA1300 		.ascii	"\205\252\023\000\217\322\037\311\365@\262\371\274\377"
 562      8FD21FC9 
 562      F540B2F9 
 562      BCFF
 563 1b1f D127BFF8 		.ascii	"\321'\277\370DRG\252\216_\340\317 !\031\024\000\360"
 563      445247AA 
 563      8E5FE0CF 
 563      20211914 
 563      00F0
 564 1b31 6FA05247 		.ascii	"o\240RG\325s\3454]\215\313\327\254Z\365\266\253\225"
 564      D573E534 
 564      5D8DCBD7 
 564      AC5AF5B6 
 564      AB95
 565 1b43 FB5FD11A 		.ascii	"\373_\321\032,\373"
 565      2CFB
 566              		.text
 567              		.section	.gnu.lto_.symtab.7cb05f55a2f0277d,"",%progbits
 568 0000 63685265 		.ascii	"chRegFirstThread\000"
 568      67466972 
 568      73745468 
 568      72656164 
 568      00
 569 0011 00       		.ascii	"\000"
 570 0012 00       		.ascii	"\000"
 571 0013 00       		.ascii	"\000"
 572 0014 00000000 		.ascii	"\000\000\000\000\000\000\000\000"
 572      00000000 
 573 001c 85010000 		.ascii	"\205\001\000\000"
ARM GAS  /var/folders/qd/4mxf5pkd0zdf0b9dd1hp39180000gn/T//ccO0NJaR.s 			page 46


 574 0020 63685265 		.ascii	"chRegNextThread\000"
 574      674E6578 
 574      74546872 
 574      65616400 
 575 0030 00       		.ascii	"\000"
 576 0031 00       		.ascii	"\000"
 577 0032 00       		.ascii	"\000"
 578 0033 00000000 		.ascii	"\000\000\000\000\000\000\000\000"
 578      00000000 
 579 003b 89010000 		.ascii	"\211\001\000\000"
 580 003f 63685F64 		.ascii	"ch_debug\000"
 580      65627567 
 580      00
 581 0048 00       		.ascii	"\000"
 582 0049 00       		.ascii	"\000"
 583 004a 00       		.ascii	"\000"
 584 004b 00000000 		.ascii	"\000\000\000\000\000\000\000\000"
 584      00000000 
 585 0053 3E020000 		.ascii	">\002\000\000"
 586 0057 636800   		.ascii	"ch\000"
 587 005a 00       		.ascii	"\000"
 588 005b 02       		.ascii	"\002"
 589 005c 00       		.ascii	"\000"
 590 005d 00000000 		.ascii	"\000\000\000\000\000\000\000\000"
 590      00000000 
 591 0065 0B020000 		.ascii	"\013\002\000\000"
 592 0069 63685468 		.ascii	"chThdRelease\000"
 592      6452656C 
 592      65617365 
 592      00
 593 0076 00       		.ascii	"\000"
 594 0077 02       		.ascii	"\002"
 595 0078 00       		.ascii	"\000"
 596 0079 00000000 		.ascii	"\000\000\000\000\000\000\000\000"
 596      00000000 
 597 0081 8D010000 		.ascii	"\215\001\000\000"
 598              		.text
 599              		.section	.gnu.lto_.opts,"",%progbits
 600 0000 272D666D 		.ascii	"'-fmath-errno' '-fsigned-zeros' '-ftrapping-math' '"
 600      6174682D 
 600      6572726E 
 600      6F272027 
 600      2D667369 
 601 0033 2D666E6F 		.ascii	"-fno-trapv' '-fno-openmp' '-fno-openacc' '-mcpu=cor"
 601      2D747261 
 601      70762720 
 601      272D666E 
 601      6F2D6F70 
 602 0066 7465782D 		.ascii	"tex-m3' '-mno-thumb-interwork' '-mthumb' '-O2' '-fo"
 602      6D332720 
 602      272D6D6E 
 602      6F2D7468 
 602      756D622D 
 603 0099 6D69742D 		.ascii	"mit-frame-pointer' '-falign-functions=16' '-ffuncti"
 603      6672616D 
 603      652D706F 
 603      696E7465 
ARM GAS  /var/folders/qd/4mxf5pkd0zdf0b9dd1hp39180000gn/T//ccO0NJaR.s 			page 47


 603      72272027 
 604 00cc 6F6E2D73 		.ascii	"on-sections' '-fdata-sections' '-fno-common' '-flto"
 604      65637469 
 604      6F6E7327 
 604      20272D66 
 604      64617461 
 605 00ff 2700     		.ascii	"'\000"
 606              		.text
 607              		.comm	__gnu_lto_v1,1,1
 608              		.comm	__gnu_lto_slim,1,1
 609              		.ident	"GCC: (GNU Tools for Arm Embedded Processors 7-2017-q4-major) 7.2.1 20170904 (release) [ARM
ARM GAS  /var/folders/qd/4mxf5pkd0zdf0b9dd1hp39180000gn/T//ccO0NJaR.s 			page 48


DEFINED SYMBOLS
                            *ABS*:0000000000000000 chregistry.c
                            *COM*:0000000000000001 __gnu_lto_v1
                            *COM*:0000000000000001 __gnu_lto_slim

NO UNDEFINED SYMBOLS
