ARM GAS  /var/folders/qd/4mxf5pkd0zdf0b9dd1hp39180000gn/T//ccyk7LjA.s 			page 1


   1              		.cpu cortex-m3
   2              		.eabi_attribute 20, 1
   3              		.eabi_attribute 21, 1
   4              		.eabi_attribute 23, 3
   5              		.eabi_attribute 24, 1
   6              		.eabi_attribute 25, 1
   7              		.eabi_attribute 26, 1
   8              		.eabi_attribute 30, 2
   9              		.eabi_attribute 34, 1
  10              		.eabi_attribute 18, 4
  11              		.file	"hal_lld.c"
  12              		.section	.gnu.lto_.profile.206e398262621063,"",%progbits
  13 0000 789C6363 		.ascii	"x\234cc```\001bF\006\033+\000\001*\000\202"
  13      60606001 
  13      6246061B 
  13      2B00012A 
  13      0082
  14              		.text
  15              		.section	.gnu.lto_.icf.206e398262621063,"",%progbits
  16 0000 789C6363 		.ascii	"x\234cc``\020a@\000f\206IsW\357\347`\274\266y\3411f"
  16      60601061 
  16      40006686 
  16      497357EF 
  16      E760BCB6 
  17 0018 A6D6DDBB 		.ascii	"\246\326\335\273\356p3\000\000Z=\010\226"
  17      EE703300 
  17      005A3D08 
  17      96
  18              		.text
  19              		.section	.gnu.lto_.jmpfuncs.206e398262621063,"",%progbits
  20 0000 789C6363 		.ascii	"x\234cc``\340`@\000& f\004b\000\001\\\000\022"
  20      6060E060 
  20      40002620 
  20      66046200 
  20      015C0012 
  21              		.text
  22              		.section	.gnu.lto_.inline.206e398262621063,"",%progbits
  23 0000 789C6363 		.ascii	"x\234cc``\320f@\000&\006\006!AF\006&\271\015\257\030"
  23      6060D066 
  23      40002606 
  23      06214146 
  23      0626B90D 
  24 0016 19D816C8 		.ascii	"\031\330\026\3103\201\004\031\031t\3460\002\005\203"
  24      33810419 
  24      1974E630 
  24      020583
  25 0025 16BC1682 		.ascii	"\026\274\026\202\0132\000\000\217\023\006]"
  25      0B320000 
  25      8F13065D 
  26              		.text
  27              		.section	.gnu.lto_.pureconst.206e398262621063,"",%progbits
  28 0000 789C6363 		.ascii	"x\234cc```\005b&\006)F)\000\000\374\000C"
  28      60606005 
  28      62260629 
  28      46290000 
  28      FC0043
  29              		.text
ARM GAS  /var/folders/qd/4mxf5pkd0zdf0b9dd1hp39180000gn/T//ccyk7LjA.s 			page 2


  30              		.section	.gnu.lto_hal_lld_init.206e398262621063,"",%progbits
  31 0000 789CA594 		.ascii	"x\234\245\224\313O\023Q\024\306\3177w:\264Fi\334\231"
  31      CB4F1351 
  31      14C6CF37 
  31      773AB446 
  31      69DC99
  32 0013 C8C22D2E 		.ascii	"\310\302-.:\212\211\177\202\256\\\351\326\030\203\013"
  32      3A8A897F 
  32      82AE5CE9 
  32      D618830B 
  33 0023 174D30E2 		.ascii	"\027M0\342\202\035S)\264>\022\215\221\222\350Hj4\321"
  33      821D5329 
  33      B43E128D 
  33      9192E848 
  33      6A34D1
  34 0036 C6D84AC0 		.ascii	"\306\330J\300\007Ud(\212\250<*V]\340+.\014j\242\013"
  34      07556428 
  34      8AA83C2A 
  34      565DE02B 
  34      2E0C6AA2 
  35 004b 8DCF08DE 		.ascii	"\215\317\010\336so\355\240+\007o:\2473s\357|\337\357"
  35      736FEDA0 
  35      2B076F3A 
  35      A73373EF 
  35      7CDFEF
  36 005e 9C99732D 		.ascii	"\234\231s-\"Z\033\"j\222\377\253\345\001A0\216N\021"
  36      225A1B22 
  36      6A92FFAB 
  36      E5014130 
  36      8E4E11
  37 0071 25C206C0 		.ascii	"%\302\006\300'N\030\324n\240\035\207\305q\201R\352\365"
  37      274E18D4 
  37      6EA01D87 
  37      C5718152 
  37      EAF5
  38 0083 A0D178CE 		.ascii	"\240\321x\316\221\303\353\271T\327\345t\256r\005QF\036"
  38      91C3EBB9 
  38      54D7E574 
  38      AE720551 
  38      461E
  39 0095 3CD08F46 		.ascii	"<\320\217F\222\313^\365\315w\257\260L}\037\003\260\010"
  39      92CB5EF5 
  39      CD77AFB0 
  39      4C7D1F03 
  39      B008
  40 00a7 F2A43013 		.ascii	"\362\2440\023\362\234\371\205\224\343M\234\301\217\315"
  40      F29CF985 
  40      94E34D9C 
  40      C18FCD
  41 00b6 2B41AE80 		.ascii	"+A\256\200\301Ap09X\034\"\034\3529D9\020\245\245\216"
  41      C1417030 
  41      39581C22 
  41      1CEA3944 
  41      3910A5A5 
  42 00cb 84713C3A 		.ascii	"\204q<: \014>\353\360\350-J\3057\263\315\254~BX\322"
  42      200C3EEB 
  42      F0E82D4A 
ARM GAS  /var/folders/qd/4mxf5pkd0zdf0b9dd1hp39180000gn/T//ccyk7LjA.s 			page 3


  42      C537B3CD 
  42      AC7E4258 
  43 00e0 34D3599A 		.ascii	"4\323Y\232\256;$\\a\200\031f\013\223\357\302\372\322"
  43      AE3B245C 
  43      61801966 
  43      0B93EFC2 
  43      FAD2
  44 00f2 C9A61D53 		.ascii	"\311\246\035S\336:[\350;\211,z\023\022\177\215+\004"
  44      DE3A5BE8 
  44      3B892C7A 
  44      13127F8D 
  44      2B04
  45 0104 AEA00197 		.ascii	"\256\240\001\227\321@\274\376X\177e\273}\321I\302\025"
  45      D140BCFE 
  45      587F65BB 
  45      7DD149C2 
  45      15
  46 0115 26AECA65 		.ascii	"&\256\312e\335*)\\\203\315^\237\302\354\024Hd\320\027"
  46      DD2A295C 
  46      83CD5E9F 
  46      C2EC1448 
  46      64D017
  47 0128 29C296B3 		.ascii	")\302\226\263\317\306s\027\004#\001\013rDq]>\026X;\301"
  47      CFC67317 
  47      0423010B 
  47      7244715D 
  47      3E16583B 
  48 013d 53266EF8 		.ascii	"S&n\370\352CJ\275\226\277\011\302M\255\\\314=\025\272"
  48      EA434ABD 
  48      96BF09C2 
  48      4DAD5CCC 
  48      3D15BA
  49 0150 429140E8 		.ascii	"B\221@\350\303J\234_\032\274%\347?\342\213\224`\377"
  49      C34A9C5F 
  49      1ABC25E7 
  49      3FE28B94 
  49      60FF
  50 0162 57B2A3BE 		.ascii	"W\262\243\276\324-)U\313\356E5;\004\002\273\255\324"
  50      D42D2955 
  50      CBEE4535 
  50      3B0402BB 
  50      ADD4
  51 0174 0C561B53 		.ascii	"\014V\033S\331u|\355\202\0262\264\326X\361\373\307\345"
  51      D9757CED 
  51      821632B4 
  51      D658F1FB 
  51      C7E5
  52 0186 FA4DF1B7 		.ascii	"\372M\361\267\016\334\321\216\225\203\010\\\206q\337"
  52      0EDCD18E 
  52      9583085C 
  52      8671DF
  53 0195 ED2E6C69 		.ascii	"\355.li\241\321\347\252\350\"\220\330=_\354\376_\350"
  53      A1D1E7AA 
  53      E82290D8 
  53      3D5FECFE 
  53      5FE8
  54 01a7 A6D6CA7F 		.ascii	"\246\326\312\177\036\315\205j\350\036ab\351\350\223"
ARM GAS  /var/folders/qd/4mxf5pkd0zdf0b9dd1hp39180000gn/T//ccyk7LjA.s 			page 4


  54      1ECD856A 
  54      E81E6162 
  54      E9E893
  55 01b6 BEDB14A3 		.ascii	"\276\333\024\243\233\272\353\276m\254\365xRm\005\317"
  55      9BBAEBBE 
  55      6DACF578 
  55      526D05CF 
  56 01c6 7B2DD5E6 		.ascii	"{-\325\346\031\201\305\355\217iX(s\367\227\031\260~"
  56      1981C5ED 
  56      8F695828 
  56      73F79719 
  56      B07E
  57 01d8 F1471A52 		.ascii	"\361G\032R+O\377L\346#\372\322y\231PMz~\244\350D$\235"
  57      2B4FFF4C 
  57      E623FAD2 
  57      7999504D 
  57      7A7EA4E8 
  58 01ef 04B03023 		.ascii	"\004\2600#\311\036T\311\206z\006R\250\241=ThBy\020*"
  58      C91E54C9 
  58      867A0652 
  58      A8A13D54 
  58      68427910 
  59 0204 BF6B71EA 		.ascii	"\277kq\352\203\245\315\242\332/?7\354.\253V\303\300"
  59      83A5CDA2 
  59      DA2F3F37 
  59      EC2EAB56 
  59      C3C0
  60 0216 23BF1465 		.ascii	"#\277\024eU\212\1774{\374\207\331\023.E\224\336c\177"
  60      558A7F34 
  60      7BFC87D9 
  60      132E4594 
  60      DE637F
  61 0229 F6CB1155 		.ascii	"\366\313\021UT\265\371\245e\362rk\222\325Z\027\213\331"
  61      54B5F9A5 
  61      65F2726B 
  61      92D55A17 
  61      8BD9
  62 023b FAD7D26A 		.ascii	"\372\327\322j\357\336\031\267\367\264\354\335\327jo"
  62      EFDE19B7 
  62      F7B4ECDD 
  62      D76A6F
  63 024a DDB66543 		.ascii	"\335\266eC\223\216\233\326\267\265\361\314\216x|W\254"
  63      938E9BD6 
  63      B7B5F1CC 
  63      8E787C57 
  63      AC
  64 025b 997E01E8 		.ascii	"\231~\001\350\015\247v"
  64      0DA776
  65              		.text
  66              		.section	.gnu.lto_stm32_clock_init.206e398262621063,"",%progbits
  67 0000 789C9D55 		.ascii	"x\234\235U\335oTE\024\237s\347~\356\335\317R\032cx\320"
  67      DD6F5445 
  67      149F73E7 
  67      7EEEDDCF 
  67      521A6378 
  68 0015 475EBA8A 		.ascii	"G^\272\212\177\301\276\370\206/\372J\214\037\017>4\301"
  68      7FC1BEF8 
ARM GAS  /var/folders/qd/4mxf5pkd0zdf0b9dd1hp39180000gn/T//ccyk7LjA.s 			page 5


  68      862FFA4A 
  68      8C1F0F3E 
  68      34C1
  69 0027 880FBC71 		.ascii	"\210\017\274q\013mi\245\032c\370H`\3234\021BD\353\246"
  69      0B6D69A5 
  69      1A63F848 
  69      60D33411 
  69      4244EBA6 
  70 003b A17EB4B5 		.ascii	"\241~\264\265\272nY\227\322B\005\213ZZ\250\242\013["
  70      BA6E5997 
  70      D242058B 
  70      5A5AA8A2 
  70      0B5B
  71 004d 5AABD126 		.ascii	"Z\253\321&HA\352\2349s\367\336\254&z\367\246\375\355"
  71      4841EA9C 
  71      3973F7DE 
  71      AC267AF7 
  71      A6FDED
  72 0060 EC9CD9DF 		.ascii	"\354\234\331\337\371\315\357\234\231k2\306j\016c;\304"
  72      F9CDEF9C 
  72      996B32C6 
  72      6A0E633B 
  72      C4
  73 0071 E75DF10F 		.ascii	"\347]\361\017-\014\264\267/1\326ik\300i\300\265\314"
  73      2D0CB4B7 
  73      2F31D669 
  73      6BC069C0 
  73      B5CC
  74 0083 4889312F 		.ascii	"H\2111/\246/\272\314\213gh>\247\203AqCKS\334\224\361"
  74      A62FBACC 
  74      8B67683E 
  74      A7834171 
  74      434B53DC 
  75 0099 34CDE74C 		.ascii	"4\315\347L\260(ni)\212\3332\236\242\371\234\015\016"
  75      B0286E69 
  75      298ADB32 
  75      9EA2F99C 
  75      0D0E
  76 00ab C51D2D49 		.ascii	"\305\035-I\361\230\214'i>\027\003\227\342\256\226\240"
  76      F1988C27 
  76      693E1703 
  76      97E2AE96 
  76      A0
  77 00bc 785CC613 		.ascii	"x\\\306\0234\237\213\003\340\247g\003\333\247\361\214"
  77      349F8B03 
  77      E0A76703 
  77      DBA7F18C 
  78 00cc 6EA44D2B 		.ascii	"n\244M+e;\311\230\233\210\303>\2233\365\030\376\300"
  78      653BC998 
  78      9B88C33E 
  78      9333F518 
  78      FEC0
  79 00de F2078E3F 		.ascii	"\362\007\216?p\375A??\314\241t\360\326\250\266\375\264"
  79      70FD413F 
  79      3FCCA174 
  79      F0D6A8B6 
  79      FDB4
ARM GAS  /var/folders/qd/4mxf5pkd0zdf0b9dd1hp39180000gn/T//ccyk7LjA.s 			page 6


  80 00f0 279EE2B1 		.ascii	"'\236\342\261\261X\217\327\375H^\260\034ULp\026\266"
  80      B1588FD7 
  80      FD485EB0 
  80      1C554C70 
  80      16B6
  81 0102 33B1ECE6 		.ascii	"3\261\354\346\360\303#\011S\247y\030\001\223\201\030"
  81      F0C32309 
  81      53A77918 
  81      01938118 
  82 0112 14AE1845 		.ascii	"\024\256\030E\357\341\346A\257\270\372.L<\3638\260<"
  82      EFE1E641 
  82      AFB8FA2E 
  82      4C3CF338 
  82      B03C
  83 0124 070D8123 		.ascii	"\007\015\201#\350\010\006\202\211`!\330\010\016B\014"
  83      E8080682 
  83      896021D8 
  83      080E420C 
  84 0134 C1458823 		.ascii	"\301E\210#$\020\222\010)\2044B\006\241\005a\013B+\302"
  84      24109208 
  84      29843442 
  84      06A10561 
  84      0B422BC2 
  85 0148 56843604 		.ascii	"V\2046\004\306z\205\232E\327+\262>\256\211\301\201\""
  85      C67A859A 
  85      45D72BB2 
  85      3EAE89C1 
  85      8122
  86 015a BB03A5B1 		.ascii	"\273\003\245\261\3453U\023%\036\347 \224\037\355.\315"
  86      E5335513 
  86      251EE720 
  86      941FED2E 
  86      CD
  87 016b 5A87789E 		.ascii	"Z\207x\236k\200\033Y(\\\\\261\351\2537\330\353\351b"
  87      6B801B59 
  87      285C5CB1 
  87      E9AB37D8 
  87      EBE962
  88 017e EA6461F8 		.ascii	"\352da\370\004\014\302@\247\360\340\261<\347\3601l\203"
  88      040CC240 
  88      A7F0E0B1 
  88      3CE7F031 
  88      6C83
  89 0190 8F601BC3 		.ascii	"\217`\033\303\365\357\234\235\333\225\035\362\272 \317"
  89      F5EF9C9D 
  89      DB951DF2 
  89      BA20CF
  90 019f 75F8442C 		.ascii	"u\370D,;\"\235\201O!+\222\035\370\263\007(\225F\331"
  90      3B229D81 
  90      4F212B92 
  90      1DF8B307 
  90      289546D9 
  91 01b3 46CE557A 		.ascii	"F\316Uz$=\210gTp\010Aso\3105\2212\215\005\231\306!+"
  91      243D8867 
  91      54700841 
  91      736FC835 
  91      91328D05 
ARM GAS  /var/folders/qd/4mxf5pkd0zdf0b9dd1hp39180000gn/T//ccyk7LjA.s 			page 7


  92 01cb E8C5A88F 		.ascii	"\350\305\250\217s&\212\357\357\362\375\252E\251\371"
  92      73268AEF 
  92      EFF2FDAA 
  92      45A9F9
  93 01da FF65EEC4 		.ascii	"\377e\356\304\220\016\237\005\334\023\264\213\007=S"
  93      900E9F05 
  93      DC13B48B 
  93      073D53
  94 01e9 0671E944 		.ascii	"\006q\351DW\336\274[L\32164\370\\\320T\241\353\332\344"
  94      57DEBC5B 
  94      4CD13634 
  94      F85CD054 
  94      A1EBDAE4 
  95 01fd 8CDA2B9A 		.ascii	"\214\332+\232VX\035\275\227\240\025\014\276\300D\014"
  95      56581DBD 
  95      97A0150C 
  95      BEC0440C 
  96 020d EB9161A2 		.ascii	"\353\221a\242k\241\217\353\241r\014\371\3450\"YP\014"
  96      6BA18FEB 
  96      A1720CF9 
  96      E5302259 
  96      500C
  97 021f 647EE9CB 		.ascii	"d~\351\313T\002\024Wa\252\273\002\244\341\036@\251y"
  97      54021457 
  97      61AABB02 
  97      A4E11E40 
  97      A979
  98 0231 B7278354 		.ascii	"\267'\203T\347\320m\023\211\326k\037\236\262\376\205"
  98      E7D06D13 
  98      89D66B1F 
  98      9EB2FE85 
  99 0241 6AF0D1FF 		.ascii	"j\360\321\377\360\267,\331\360|\300W\220\015\267\240"
  99      F0B72CD9 
  99      F07CC057 
  99      900DB7A0 
 100 0251 2EBCAA48 		.ascii	".\274\252H\257\372\270\021\256e\241\254jiE\254\345\371"
 100      AFFAB811 
 100      AE65A1AC 
 100      6A6945AC 
 100      E5F9
 101 0263 20D7946F 		.ascii	" \327\224o\322\274\252\245Mt\367k\207\347\225Kq\270"
 101      D2BCAAA5 
 101      4D74F76B 
 101      87E7954B 
 101      71B8
 102 0275 40B55CA8 		.ascii	"@\265\\\250\327\322\016\025/\255\212g\206\212w\336/"
 102      D7D20E15 
 102      2FAD8A67 
 102      868A77DE 
 102      2F
 103 0286 9E13C9D1 		.ascii	"\236\023\311\321\351\300\321\231\206\223\022#\256\333"
 103      E9C0D199 
 103      86931223 
 103      AEDB
 104 0294 6B1FF45B 		.ascii	"k\037\364[$\313\363t\270\330|\365.\005\271f\261z1\351"
 104      24CBF374 
 104      B8D87CF5 
ARM GAS  /var/folders/qd/4mxf5pkd0zdf0b9dd1hp39180000gn/T//ccyk7LjA.s 			page 8


 104      2E05B966 
 104      B17A31E9 
 105 02a8 AF15F677 		.ascii	"\257\025\366w\312?+nD\177\277\016\270/7\236\2258\321"
 105      CA3F2B6E 
 105      447FBF0E 
 105      B82F379E 
 105      9538D1
 106 02bb 4D0E0C74 		.ascii	"M\016\014ti\376Fl\270\322xZ\342!\207S\312a;\344\360"
 106      69FE466C 
 106      B8D2785A 
 106      E2218753 
 106      CA613BE4 
 107 02d0 8D534A5B 		.ascii	"\215SJ[\"\322\256\277\011*?\327\340p\222\270~_Z\332"
 107      22D2AEBF 
 107      092A3FD7 
 107      E07092B8 
 107      7E5F5ADA 
 108 02e4 9FF485B5 		.ascii	"\237\364\205\265\302\325\346\035\3766\310\365\035:\234"
 108      C2D5E61D 
 108      FE36C8F5 
 108      1D3A9C
 109 02f3 94CADF5B 		.ascii	"\224\312\337[RF\244\"\221}\037X:\337 <M\\\227\253\033"
 109      5246A422 
 109      917D1F58 
 109      3ADF203C 
 109      4D5C97AB 
 110 0308 B38E2F5C 		.ascii	"\263\216/\\Xz\255y\345\013A\262ET\236\226\275\341\204"
 110      587AAD79 
 110      E50B41B2 
 110      45549E96 
 110      BDE184
 111 031b 7BA3E6F7 		.ascii	"{\243\346\367F&bo\\\017\270o4\366F\013\321Mo\366\377"
 111      4626626F 
 111      5C0FB86F 
 111      34F6460B 
 111      D14D6FF6 
 112 0330 6AD47792 		.ascii	"j\324w\222\206\245\306\346h\0115GR5G\254\336\034\353"
 112      86A5C6E6 
 112      68093547 
 112      523547AC 
 112      DE1CEB
 113 0343 B58DE6AE 		.ascii	"\265\215\346\256\240\037\202\202\375(\257\240\341\337"
 113      A01F8282 
 113      FD28AFA0 
 113      E1DF
 114 0351 66CEB874 		.ascii	"f\316\270t\005a/\334$G\327k\275\025\237\277~I\031\362"
 114      05612FDC 
 114      2447D76B 
 114      BD159FBF 
 114      7E4919F2 
 115 0365 3DB9512D 		.ascii	"=\271Q-\037\262\351\253W\244\367\344\312\211\241\353"
 115      1FB2E9AB 
 115      57A4F7E4 
 115      CA89A1EB 
 116 0375 8EAFE045 		.ascii	"\216\257\340E\361\0066\341g!\341'%a\364\257\362D*\244"
 116      F10636E1 
 116      6721E127 
ARM GAS  /var/folders/qd/4mxf5pkd0zdf0b9dd1hp39180000gn/T//ccyk7LjA.s 			page 9


 116      2561F4AF 
 116      F2442AA4 
 117 0389 A12A35E0 		.ascii	"\241*5\340\213\013nI\015\343\177<\230\326HC\032n\223"
 117      8B0B6E49 
 117      0DE37F3C 
 117      98D64843 
 117      1A6E93
 118 039c 82B1E537 		.ascii	"\202\261\3457O+\373\267D*l-\330\341rC\027\265\012.\371"
 118      4F2BFBB7 
 118      442A6C2D 
 118      D8E17243 
 118      17B50A2E 
 119 03b1 D26AB267 		.ascii	"\322j\262g\356\004\324+\3303\255\262g\334p\317\274U"
 119      EE04D42B 
 119      D833ADB2 
 119      67DC70CF 
 119      BC55
 120 03c3 51A2B746 		.ascii	"Q\242\267F\354\231\325\200\373\227\306\373\272M\320"
 120      EC99D580 
 120      FB97C6FB 
 120      BA4DD0
 121 03d2 FDF3826E 		.ascii	"\375\363\202n\023$\307\307\327/\2506\262a\255\3360\011"
 121      1324C7C7 
 121      D72FA836 
 121      B261ADDE 
 121      3009
 122 03e4 D530716A 		.ascii	"\3250qj\2305\330?x?/\177\246\026\200\010\210\002<\321"
 122      9835D83F 
 122      783F2F7F 
 122      A6168008 
 122      88023CD1 
 123 03f8 DE9EA5BF 		.ascii	"\336\236\245\277\335{\262\257\274\320\221}u\367k\257"
 123      DD7BB2AF 
 123      BCD0917D 
 123      75F76BAF 
 124 0408 EFC93EFB 		.ascii	"\357\311>\373\334\316\247v\020>\375\344\336\275\030"
 124      DCCEA776 
 124      103EFDE4 
 124      DEBD18
 125 0417 79BEA3E3 		.ascii	"y\276\243\343\345\366\227\330\337\247\263=\372"
 125      E5F697D8 
 125      DFA7B33D 
 125      FA
 126              		.text
 127              		.section	.gnu.lto_.symbol_nodes.206e398262621063,"",%progbits
 128 0000 789C6363 		.ascii	"x\234cc``\320\007b\006\246s\214\365\014\014\023\316"
 128      6060D007 
 128      6206A673 
 128      8CF50C0C 
 128      13CE
 129 0012 313000A9 		.ascii	"10\000\251]\015\216@\221\363\214\365\214(\"\254g\030"
 129      5D0D8E40 
 129      91F38CF5 
 129      8C2822AC 
 129      6718
 130 0024 191A9540 		.ascii	"\031\032\225@\252\001%\272\012\375"
 130      AA0125BA 
ARM GAS  /var/folders/qd/4mxf5pkd0zdf0b9dd1hp39180000gn/T//ccyk7LjA.s 			page 10


 130      0AFD
 131              		.text
 132              		.section	.gnu.lto_.refs.206e398262621063,"",%progbits
 133 0000 789C6363 		.ascii	"x\234cc```\004b\006\000\000D\000\010"
 133      60606004 
 133      62060000 
 133      440008
 134              		.text
 135              		.section	.gnu.lto_.decls.206e398262621063,"",%progbits
 136 0000 789CC556 		.ascii	"x\234\305VoPT\327\025\177\347\335\335\005vua$\323q:"
 136      6F5054D7 
 136      157FE7DD 
 136      DD057675 
 136      6124D371 
 137 0015 7E702C8E 		.ascii	"~p,\216\364\003< \235I?t:\305\025c\246M\342,\264\231"
 137      F4033C20 
 137      9D493F74 
 137      3AC51563 
 137      A64DE22C 
 138 002b B61F369B 		.ascii	"\266\0376\233e\255[\227\335\255\273Lu\372\241O@T\220"
 138      65AD5B97 
 138      DDADBB4C 
 138      75FAA14F 
 138      405490
 139 003e BFD22440 		.ascii	"\277\322$@l\210\241\231`\230\224\244Z\202@\\@\211E\005"
 139      6C88A199 
 139      609894A4 
 139      5A82405C 
 139      40894505 
 140 0052 DC5414C3 		.ascii	"\334T\024\303_\025\005\264\250\240\0304\225\236{\357"
 140      5F1505B4 
 140      A8A01834 
 140      959E7BEF 
 141 0062 FE792CAB 		.ascii	"\376y,\253\323?\037zg\177\357\276s\357\357\236s\356"
 141      D33F1F7A 
 141      677FEFBE 
 141      73EFEF9E 
 141      73EE
 142 0074 39F79E7D 		.ascii	"9\367\236}\032A\020~\271R\020>\024\005\241\037\337\027"
 142      1A41107E 
 142      B952103E 
 142      1405A11F 
 142      DF17
 143 0086 B111EC3B 		.ascii	"\261\021\354;\204P\303)\241\025\321\216\000D\217\260"
 143      8450C329 
 143      A115D18E 
 143      00448FB0 
 144 0096 B4FD1607 		.ascii	"\264\375\026\007\243\260\177\035\261\001q\027q\007\321"
 144      A3B07F1D 
 144      B1017117 
 144      7107D1
 145 00a5 8758403C 		.ascii	"\207X@<D\250\020S\210\011\304(bV\241\367\261\260\274"
 145      44A81053 
 145      8809C428 
 145      6256A1F7 
 145      B1B0BC
 146 00b8 FDEE193A 		.ascii	"\375\356\031:\237\303\271x\004\365\363:\342\032B\017"
ARM GAS  /var/folders/qd/4mxf5pkd0zdf0b9dd1hp39180000gn/T//ccyk7LjA.s 			page 11


 146      9FC3B978 
 146      04F5F33A 
 146      E21A420F 
 147 00c8 DCB7F608 		.ascii	"\334\267\366\010\272\252\010\234\350h?\251\033\205a"
 147      BAAA089C 
 147      E8683FA9 
 147      1B8561
 148 00d7 409B10C7 		.ascii	"@\233\020\307F\001\370\023{\012&/\006\032\360q\034\025"
 148      4601F813 
 148      7B0A262F 
 148      061AF071 
 148      1C15
 149 00e9 79E7A752 		.ascii	"y\347\247R!\260\004\202#\242_\207\030\320\313~~\005"
 149      21B00482 
 149      23A25F87 
 149      18D0CB7E 
 149      7E05
 150 00fb A0D4CAE7 		.ascii	"\240\324\312\347\271\271@\343Q\345/\212u|H\014\031S"
 150      B9B940E3 
 150      51E52F8A 
 150      757C480C 
 150      1953
 151 010d 2C59E6AB 		.ascii	",Y\346\253\020\234\016:\025\332$\370\203\320\351\333"
 151      109C0E3A 
 151      15DA24F8 
 151      83D0E9DB 
 152 011d 33A91D83 		.ascii	"3\251\035\203\021\234\375\205 \224G\347\000\035\255"
 152      119CFD85 
 152      209447E7 
 152      001DAD
 153 012c FE635913 		.ascii	"\376cY\023!\"{\367\345\035\377DCb\331{\373\274<\255"
 153      21227BF7 
 153      E51DFF44 
 153      4362D97B 
 153      FBBC3CAD 
 154 0140 4F6E9479 		.ascii	"On\224y\213\376\275\000\177\005\022\210\347\351\305"
 154      8BFEBD00 
 154      7F051288 
 154      E7E9C5
 155 014f 87DED862 		.ascii	"\207\336\330b\002\253\264 \322uw\317\035\326\241\370"
 155      02ABB420 
 155      D27577CF 
 155      1DD6A1F8 
 156 015f 9C16E250 		.ascii	"\234\026\342Pl<\270X\245^\375&]W\236/\307\211\360\372"
 156      6C3CB858 
 156      A55EFD26 
 156      5D579E2F 
 156      C789F0FA 
 157 0173 B7A005D6 		.ascii	"\267\240\005\326\300g\260\006\2759\001\253\361\351P"
 157      C067B006 
 157      BD3901AB 
 157      F1E950
 158 0182 714D1DDD 		.ascii	"qM\035\335o]\324\254\253\223\353\306d\357\027\325k\017"
 158      6F5DD4AC 
 158      AB93EBC6 
 158      64EF17D5 
 158      6B0F
ARM GAS  /var/folders/qd/4mxf5pkd0zdf0b9dd1hp39180000gn/T//ccyk7LjA.s 			page 12


 159 0194 9F2B94FB 		.ascii	"\237+\224\373q\335\217\030\017\216\003\201fH\246\233"
 159      71DD8F18 
 159      0F8E0381 
 159      6648A69B 
 160 01a4 384EADC3 		.ascii	"8N\255\3031\030\003\370\013\214\342\036Za\035\256\227"
 160      311803F8 
 160      0B8CE21E 
 160      5A611DAE 
 160      97
 161 01b5 275B8762 		.ascii	"'[\207b\311n\346r_\353\301\302X\277\256\351\357\326"
 161      C96EE672 
 161      5FEBC1C2 
 161      58BFAEE9 
 161      EFD6
 162 01c7 C8DE3CD4 		.ascii	"\310\336<\324$2Em!Em\341\212\332\231\242\3413\015\037"
 162      2432456D 
 162      21456DE1 
 162      8ADA99A2 
 162      E1330D1F 
 163 01db 11DCC306 		.ascii	"\021\334\303\006-\320\250\306\342\320\237o\267,\254"
 163      2DD0A8C6 
 163      E2D09F6F 
 163      B72CAC
 164 01ea E4432C3A 		.ascii	"\344C,:e\263\365Q\244\010\230p\241\240\351\035\302#"
 164      65B3F551 
 164      A4089870 
 164      A1A0E91D 
 164      C223
 165 01fc A042F1DE 		.ascii	"\240B\361\336\371\232kz\036\201\265UD\034\035|<\244"
 165      F99A6B7A 
 165      1E81B555 
 165      441C1D7C 
 165      3CA4
 166 020e 076DE27E 		.ascii	"\007m\342~Y\316\223\353\362\345\230-\002tb\004:0\002"
 166      59CE93EB 
 166      F2E5982D 
 166      02746204 
 166      3A3002
 167 0221 700A12A9 		.ascii	"p\012\022\251J\352\016\234\304\301\317q\360\003\032"
 167      4AEA0E9C 
 167      C4C1CF71 
 167      F0031A
 168 0230 2CEF9DA3 		.ascii	",\357\235\243?\254\236\225\345\265\320\005Z\360\206"
 168      3FAC9E95 
 168      E5B5D005 
 168      5AF086
 169 023f 5CDEA0E5 		.ascii	"\\\336\240\345\301j\250\2578\242!\015,Ybk\355\304i\361"
 169      C16AA8AF 
 169      38A2210D 
 169      2C59626B 
 169      EDC469F1 
 170 0253 6936BE78 		.ascii	"i6\276x\252\215K\275\353\272\367\322\260t\243\215\323"
 170      AA8D4BBD 
 170      EBBAF7D2 
 170      B074A38D 
 170      D3
 171 0264 211B6892 		.ascii	"!\033h\222\033\231?\275(kq+t^\276\375\231\016\207\232"
ARM GAS  /var/folders/qd/4mxf5pkd0zdf0b9dd1hp39180000gn/T//ccyk7LjA.s 			page 13


 171      1B993FBD 
 171      286B712B 
 171      745EBEFD 
 171      990E879A 
 172 0278 EA27BE43 		.ascii	"\352'\276CZ\011\333x\351\207}C\232\365\357\313u\235"
 172      5A09DB78 
 172      E9877D43 
 172      9AF5EFCB 
 172      759D
 173 028a 34613FA8 		.ascii	"4a?\250\357*\224\313\201\221\377\306\225\005\235\020"
 173      EF2A94CB 
 173      8191FFC6 
 173      95059D10 
 174 029a D8C819EA 		.ascii	"\330\310\031\352N\017\254\307\245\265s\303S1<f\211("
 174      4E0FACC7 
 174      A5B573C3 
 174      53313C66 
 174      8928
 175 02ac 8E0FDF2C 		.ascii	"\216\017\337,\322\223\263\\m \200\253X\000\341\255\226"
 175      D293B35C 
 175      6D2080AB 
 175      5800E1AD 
 175      96
 176 02bd AB77F5E4 		.ascii	"\253w\365\344\"\237{\333\367I\206\026\267\231\377om"
 176      229F7BDB 
 176      F7498616 
 176      B799FF6F 
 176      6D
 177 02ce 13175474 		.ascii	"\023\027Tt=\230\323\221A\276z\246`bL\3075\257F\361\374"
 177      3D98D391 
 177      41BE7AA6 
 177      60624CC7 
 177      35AF46F1 
 178 02e3 81CA3F88 		.ascii	"\201\312?\210d\304o\265\277\253(\206\334\340B\340\024"
 178      64C46FB5 
 178      BFAB2886 
 178      DCE042E0 
 178      14
 179 02f4 AFE2A7B8 		.ascii	"\257\342\247\270\250c\2600\206\314\360\271\367&[\016"
 179      A863B030 
 179      86CCF0B9 
 179      F7265B0E 
 180 0304 C592075C 		.ascii	"\305\222\007\\\250i\275\337\243\346\304h\024\333\276"
 180      A869BDDF 
 180      A3E6C468 
 180      14DBBE
 181 0313 3A2E9127 		.ascii	":.\221'|\252\241\245d\\M\366\251\230p\255\271`^E\212"
 181      7CAAA1A5 
 181      645C4DF6 
 181      A99870AD 
 181      B9605E45 
 182 0328 B9D07F62 		.ascii	"\271\320\177blBO\312\271\320\332\334\326\355\327\220"
 182      6C424FCA 
 182      B9D0DADC 
 182      D6EDD790 
 183 0338 82E2B1F6 		.ascii	"\202\342\261\366{\177\212\341\247G&(\237\035x\357c5"
 183      7B7F8AE1 
ARM GAS  /var/folders/qd/4mxf5pkd0zdf0b9dd1hp39180000gn/T//ccyk7LjA.s 			page 14


 183      A7472628 
 183      9F1D78EF 
 183      6335
 184 034a 39C4B8FA 		.ascii	"9\304\270\372\373\337\334\254\325@BBB|\202\277%&\034"
 184      FBDFDCAC 
 184      D5404242 
 184      427C82BF 
 184      25261C
 185 035d 910BF265 		.ascii	"\221\013\362eo_1\331\377e\375\205=r\375j\350\303\004"
 185      6F5F31D9 
 185      FF65FD85 
 185      3D72FD6A 
 185      E8C304
 186 0370 F830DC57 		.ascii	"\3700\334W!>\024\236\013,\013\235\364)\360%\263ej\274"
 186      213E149E 
 186      0B2C0B9D 
 186      F429F025 
 186      B3656ABC 
 187 0384 170584F1 		.ascii	"\027\005\204\361/\206\363\377\276\214\177\245Z\301\037"
 187      2F86F3FF 
 187      BE8C7FA5 
 187      5AC11F
 188 0393 09E79F55 		.ascii	"\011\347\237U\360+\330uG\200J\300B\273\006\206\330$"
 188      F02BD875 
 188      47804AC0 
 188      42BB0686 
 188      D824
 189 03a5 E5D34371 		.ascii	"\345\323Cq\0133u\035\022\340\032\3426b\0021\205\030"
 189      0B33751D 
 189      12E01AE2 
 189      36620231 
 189      8518
 190 03b7 43DC408C 		.ascii	"C\334@\214\"n\"\246\021\223\210qH`\305\206\273\341S"
 190      226E22A6 
 190      11938871 
 190      4860C586 
 190      BBE153
 191 03ca BA7D25DC 		.ascii	"\272}%\334\015)\334\353\036%\375\253\210\364\324\020"
 191      0D29DCEB 
 191      1E25FDAB 
 191      88F4D410 
 192 03da FBAA927D 		.ascii	"\373\252\222}9\234}iYL\036)\371_F\216\271B}\317\333"
 192      399C7D69 
 192      594C1E29 
 192      F95F468E 
 192      B9427DCF 
 193 03ef 0A7A7F38 		.ascii	"\012z\1778\375\274\222\216\027\331;P\255~\347\230,\037"
 193      FDBC928E 
 193      17D93B50 
 193      AD7EE798 
 193      2C1F
 194 0401 D0B03B75 		.ascii	"\320\260;u.r\310\025\352g\312\324\015\234O\365\017D"
 194      2E72C815 
 194      EA67CAD4 
 194      0D9C4FF5 
 194      0F44
 195 0413 4EA982EF 		.ascii	"N\251\202\357S\272\323\033\331\035\276[^/\236\224\252"
ARM GAS  /var/folders/qd/4mxf5pkd0zdf0b9dd1hp39180000gn/T//ccyk7LjA.s 			page 15


 195      53BAD31B 
 195      D91DBE5B 
 195      5E2F9E94 
 195      AA
 196 0424 AB65398E 		.ascii	"\253e9\216\322\004\177\255\010\345ed\211\361\301\310"
 196      D2047FAD 
 196      08E56564 
 196      89F1C1C8 
 197 0434 B163C6F1 		.ascii	"\261c\306\361T?hl\034\326\221\223\354T\213\325E\375"
 197      543F686C 
 197      1CD69193 
 197      EC548BD5 
 197      45FD
 198 0446 55D19018 		.ascii	"U\321\220\030\317\215\314T\253\363\361\344\300\035\\"
 198      CF8DCC54 
 198      ABF3F1E4 
 198      C01D5C
 199 0455 FD8F504D 		.ascii	"\375\217PM\2426\237r\262`\006\017\324\377z\270\320\251"
 199      A2369F72 
 199      B260060F 
 199      D4FF7AB8 
 199      D0A9
 200 0467 EB4D15BE 		.ascii	"\353M\025\276\025+\212\2025\224\271\020\252`wa\005\373"
 200      152B8A82 
 200      3594B910 
 200      AA607761 
 200      05FB
 201 0479 1FC51EC9 		.ascii	"\037\305\036\311\3153\0375\257\344\367\324\213\213U"
 201      CD331F35 
 201      AFE4F7D4 
 201      8B8B55
 202 0488 438DFB6E 		.ascii	"C\215\373n\341\325\214\017\\\310'%\312p\320\2037\027"
 202      E1D58C0F 
 202      5CC82725 
 202      CA70D083 
 202      3717
 203 049a F9E02DD9 		.ascii	"\371\340-\331\322=\234\347\221\232\363\357\347>\356"
 203      D23D9CE7 
 203      919AF3EF 
 203      E73EEE
 204 04a9 6716FD7C 		.ascii	"g\026\375|\340\367\323\037\244\022\236\211\271H\231"
 204      E0F7D31F 
 204      A4129E89 
 204      B94899
 205 04b8 E82E559A 		.ascii	"\350.U\232\356\215h\232\247\225\026\260OO\235\214\""
 205      EE8D689A 
 205      A79516B0 
 205      4F4F9D8C 
 205      22
 206 04c9 6779264A 		.ascii	"gy&JZ\0377\001\304'F\364\011\276FW\236\355Vo)\317\335"
 206      5A1F3701 
 206      C42746F4 
 206      09BE4657 
 206      9EED566F 
 207 04e0 4364CD87 		.ascii	"Cd\315\207r7\307r\207\306\206.\373z\2102\302\017\227"
 207      7237C772 
 207      87C6862E 
ARM GAS  /var/folders/qd/4mxf5pkd0zdf0b9dd1hp39180000gn/T//ccyk7LjA.s 			page 16


 207      FB7A8832 
 207      C20F97
 208 04f3 4478C11F 		.ascii	"Dx\301\037\341\005\026\341\303\227\217|.\222K\274J\026"
 208      E10516E1 
 208      C3978F7C 
 208      2E924BBC 
 208      4A16
 209 0505 2E74D612 		.ascii	".t\326\022\374?\367\262o\203\357\017t\261o\203:\377"
 209      FC3FF7B2 
 209      6F83EF0F 
 209      74B16F83 
 209      3AFF
 210 0517 B7C1A390 		.ascii	"\267\301\243\220\255G\341\177\351\217\331_\372\215\372"
 210      AD47E17F 
 210      E98FD95F 
 210      FA8DFA
 211 0526 965E91CC 		.ascii	"\226^\221\314re3\235\22562\317\337\257|:>\256!\213\\"
 211      7265339D 
 211      953632CF 
 211      DFAF7C3A 
 211      3EAE218B 
 212 053b 98ADE9BE 		.ascii	"\230\255\351\276\245%yj&\324~|\264\200\220\275\\\030"
 212      A525796A 
 212      26D47E7C 
 212      B48090BD 
 212      5C18
 213 054d 6ADB734A 		.ascii	"j\333sJOJ\2700\376n\336u5\251\344\302\327m\027\216\210"
 213      4F4AB830 
 213      FE6EDE75 
 213      35A9E4C2 
 213      D76D178E 
 214 0562 BC7E27A0 		.ascii	"\274~'\240x\324[|\206\360sQG\277\207>\350[\250\002\362"
 214      78D45B7C 
 214      86F07351 
 214      47BF873E 
 214      E85BA802 
 215 0577 26E3EADE 		.ascii	"&\343\352\336\037\367\266\211\340/\337\211\210`\361"
 215      1FF7B689 
 215      E02FDF89 
 215      8860F1
 216 0586 7EB75D51 		.ascii	"~\267]Q\274\237\340v\366\213\317,\306\276i\022\272\272"
 216      BC9FE076 
 216      F68BCF2C 
 216      C6BE6912 
 216      BABA
 217 0598 7BC530BE 		.ascii	"{\3050\276\242\222,Ie\201\270\006\362E:G\3514\217%b"
 217      A2922C49 
 217      6581B806 
 217      F2453A47 
 217      E9348F25 
 218 05ad 22948A09 		.ascii	"\"\224\212\011p\020Q\204(F\034@\024\"\312\020\345\210"
 218      70105184 
 218      28461C40 
 218      1422CA10 
 218      E588
 219 05bf 7DA2B2FE 		.ascii	"}\242\262\376\316N\221\245\0055\202\247\312\212\252"
 219      CE4E91A5 
ARM GAS  /var/folders/qd/4mxf5pkd0zdf0b9dd1hp39180000gn/T//ccyk7LjA.s 			page 17


 219      053582A7 
 219      CA8AAA
 220 05ce A4CBE18E 		.ascii	"\244\313\341\216^\012\247O+\351\213\341\332\227\027"
 220      5E0AA74F 
 220      2BE98BE1 
 220      DA9717
 221 05dd E02B4AFE 		.ascii	"\340+J\376\236p\365Rx\005\353\236\"\354\336 k\371\275"
 221      9E70F552 
 221      7805EB9E 
 221      22ECDE20 
 221      6BF9BD
 222 05f0 1998228A 		.ascii	"\031\230\"\212{\223\027Q\231\302\325Ne\012\376\031\356"
 222      7B931751 
 222      99C2D54E 
 222      650AFE19 
 222      EE
 223 0601 EAF2DAAF 		.ascii	"\352\362\332\257\244\177\023\231\036\274\225\205\203"
 223      A47F1399 
 223      1EBC9585 
 223      83
 224 060e F2651DA9 		.ascii	"\362e\035\251e\247F\234\2777\331\243\011\326\307\221"
 224      65A7469C 
 224      BF37D9A3 
 224      09D6C791 
 225 061e 5B84DDB1 		.ascii	"[\204\335\261C\270\274B\014\236{\272\243\247d\033*1"
 225      43B8BC42 
 225      0C9E7BBA 
 225      A3A7641B 
 225      2A31
 226 0630 C9FF4DC2 		.ascii	"\311\377M\302\351\327I\315\330\261\030\345\215=$*ol"
 226      E9D749CD 
 226      D8B118E5 
 226      8D3D242A 
 226      6F6C
 227 0642 95C86F2C 		.ascii	"\225\310o,\355Wl7\333Mv{\266\311\346\260y\244\344d\377"
 227      ED576C37 
 227      DB4D767B 
 227      B6C9E6B0 
 227      79A4E464 
 228 0657 CFE99670 		.ascii	"\317\351\226pBr9wz\334Rf\326\313\317\247\361\347\346"
 228      42723977 
 228      7ADC5266 
 228      D6CBCFA7 
 228      F1E7E6
 229 066a D45DBB24 		.ascii	"\324]\273$\377\222dK\364\213\257\374t\255!5UH\371\017"
 229      FF92644B 
 229      F48BAFFC 
 229      74AD2135 
 229      5548F90F 
 230 067e 170A716E 		.ascii	"\027\012qnO\316\363i&\213\335i\331\301LkM\246\\\233"
 230      4FCEF369 
 230      268BDD69 
 230      D9C14C6B 
 230      4DA65C9B 
 231 0692 C383639E 		.ascii	"\303\203c\236J\220\322].\273\315b\366\330\234\016\267"
 231      4A90D25D 
 231      2EBBCD62 
ARM GAS  /var/folders/qd/4mxf5pkd0zdf0b9dd1hp39180000gn/T//ccyk7LjA.s 			page 18


 231      F6D89C0E 
 231      B7
 232 06a3 9461B1DB 		.ascii	"\224a\261\333\\n\253\311\232\344\312\265\354HK6\273"
 232      5C6EABC9 
 232      9AE4CAB5 
 232      EC484B36 
 232      BB
 233 06b4 5C92C1E9 		.ascii	"\\\222\301\351\360X\035\236e\223R\226\323iwK\277\262"
 233      F0581D9E 
 233      65935296 
 233      D369774B 
 233      BFB2
 234 06c6 5892CC3B 		.ascii	"X\222\314;s\222\034N\2075\311j~\303\226\364BRZJ\352"
 234      73921C4E 
 234      8735C96A 
 234      7EC396F4 
 234      42525A4A 
 235 06db 0B49BFF9 		.ascii	"\013I\277\371^R\216\371\327\316\235\322\222Y\311\346"
 235      5E528EF9 
 235      D7CE9DD2 
 235      9259C9E6 
 236 06eb B0D873B3 		.ascii	"\260\330s\263\255R\216\331\262\335\346\260J\246l\353"
 236      AD528ED9 
 236      B2DDE6B0 
 236      4AA66CEB 
 237 06fb 3673AEDD 		.ascii	"6s\256\335c\362\354vY\335\311\333\205\350\200s\373\376"
 237      63F2EC76 
 237      59DDC9DB 
 237      85E88073 
 237      FBFE
 238 070d 7FCEB977 		.ascii	"\177\316\271w\273%\223\333\223\215\236\240G\261\231"
 238      BB2593DB 
 238      938D9EA0 
 238      47B199
 239 071c BBDD1E6B 		.ascii	"\273\335\036k\216\301\271\323j\240Q\2141fdf\030\177"
 239      8EC1B9D3 
 239      6AA0518C 
 239      31666466 
 239      187F
 240 072e 96B12985 		.ascii	"\226\261)\205\0302\215\252\215\233\014\306\250\364\255"
 240      18328DAA 
 240      8D9B0CC6 
 240      A8F4AD
 241 073d 1B53335E 		.ascii	"\033S3^a}\032\366\232\364-\033\261\213\246\303\306\314"
 241      617D1AF6 
 241      9AF42D1B 
 241      B18BA6C3 
 241      C6CC
 242 074f 2CF69246 		.ascii	",\366\222F_\210\341%\243\312\260\371E\243h0\252i\237"
 242      5F88E125 
 242      A3CAB0F9 
 242      45A36830 
 242      AA699F
 243 0762 B65E9950 		.ascii	"\266^\231P\353.\217dx9\363\245LL\245\304\022\267-5e"
 243      EB2E8F64 
 243      7839F3A5 
 243      4C4CA5C4 
ARM GAS  /var/folders/qd/4mxf5pkd0zdf0b9dd1hp39180000gn/T//ccyk7LjA.s 			page 19


 243      12B72D35 
 244 0777 17FAA033 		.ascii	"\027\372\2403\032\014\246,\014\321&\3536\335\326\327"
 244      1A0CA62C 
 244      0CD126EB 
 244      36DDD6D7 
 245 0787 8C81F76F 		.ascii	"\214\201\367o\007\016\325\033f\313\216\\\227)\333\231"
 245      070ED51B 
 245      66CB8E5C 
 245      9729DB99 
 246 0797 63B63958 		.ascii	"c\2669X\236\311\253\033\215\321\001W\305t\243\230i\214"
 246      9EC9AB1B 
 246      8DD10157 
 246      C574A398 
 246      698C
 247 07a9 7A756BD6 		.ascii	"zuk\326\2173~nT\321\007I7\030U\257\031\267\032Wn\376"
 247      8F337E6E 
 247      54D10749 
 247      371855AF 
 247      19B71A57 
 248 07bf 497AE696 		.ascii	"Iz\346\226\200\306\177\001\037\220\243;"
 248      80C67F01 
 248      1F90A33B 
 249              		.text
 250              		.section	.gnu.lto_.symtab.206e398262621063,"",%progbits
 251 0000 68616C5F 		.ascii	"hal_lld_init\000"
 251      6C6C645F 
 251      696E6974 
 251      00
 252 000d 00       		.ascii	"\000"
 253 000e 00       		.ascii	"\000"
 254 000f 00       		.ascii	"\000"
 255 0010 00000000 		.ascii	"\000\000\000\000\000\000\000\000"
 255      00000000 
 256 0018 BB000000 		.ascii	"\273\000\000\000"
 257 001c 73746D33 		.ascii	"stm32_clock_init\000"
 257      325F636C 
 257      6F636B5F 
 257      696E6974 
 257      00
 258 002d 00       		.ascii	"\000"
 259 002e 00       		.ascii	"\000"
 260 002f 00       		.ascii	"\000"
 261 0030 00000000 		.ascii	"\000\000\000\000\000\000\000\000"
 261      00000000 
 262 0038 BD000000 		.ascii	"\275\000\000\000"
 263 003c 53797374 		.ascii	"SystemCoreClock\000"
 263      656D436F 
 263      7265436C 
 263      6F636B00 
 264 004c 00       		.ascii	"\000"
 265 004d 00       		.ascii	"\000"
 266 004e 00       		.ascii	"\000"
 267 004f 00000000 		.ascii	"\000\000\000\000\000\000\000\000"
 267      00000000 
 268 0057 CA000000 		.ascii	"\312\000\000\000"
 269              		.text
 270              		.section	.gnu.lto_.opts,"",%progbits
ARM GAS  /var/folders/qd/4mxf5pkd0zdf0b9dd1hp39180000gn/T//ccyk7LjA.s 			page 20


 271 0000 272D666D 		.ascii	"'-fmath-errno' '-fsigned-zeros' '-ftrapping-math' '"
 271      6174682D 
 271      6572726E 
 271      6F272027 
 271      2D667369 
 272 0033 2D666E6F 		.ascii	"-fno-trapv' '-fno-openmp' '-fno-openacc' '-mcpu=cor"
 272      2D747261 
 272      70762720 
 272      272D666E 
 272      6F2D6F70 
 273 0066 7465782D 		.ascii	"tex-m3' '-mno-thumb-interwork' '-mthumb' '-O2' '-fo"
 273      6D332720 
 273      272D6D6E 
 273      6F2D7468 
 273      756D622D 
 274 0099 6D69742D 		.ascii	"mit-frame-pointer' '-falign-functions=16' '-ffuncti"
 274      6672616D 
 274      652D706F 
 274      696E7465 
 274      72272027 
 275 00cc 6F6E2D73 		.ascii	"on-sections' '-fdata-sections' '-fno-common' '-flto"
 275      65637469 
 275      6F6E7327 
 275      20272D66 
 275      64617461 
 276 00ff 2700     		.ascii	"'\000"
 277              		.text
 278              		.comm	__gnu_lto_v1,1,1
 279              		.comm	__gnu_lto_slim,1,1
 280              		.ident	"GCC: (GNU Tools for Arm Embedded Processors 7-2017-q4-major) 7.2.1 20170904 (release) [ARM
ARM GAS  /var/folders/qd/4mxf5pkd0zdf0b9dd1hp39180000gn/T//ccyk7LjA.s 			page 21


DEFINED SYMBOLS
                            *ABS*:0000000000000000 hal_lld.c
                            *COM*:0000000000000001 __gnu_lto_v1
                            *COM*:0000000000000001 __gnu_lto_slim

NO UNDEFINED SYMBOLS
