ARM GAS  /var/folders/qd/4mxf5pkd0zdf0b9dd1hp39180000gn/T//ccR5qa2J.s 			page 1


   1              		.cpu cortex-m3
   2              		.eabi_attribute 20, 1
   3              		.eabi_attribute 21, 1
   4              		.eabi_attribute 23, 3
   5              		.eabi_attribute 24, 1
   6              		.eabi_attribute 25, 1
   7              		.eabi_attribute 26, 1
   8              		.eabi_attribute 30, 2
   9              		.eabi_attribute 34, 1
  10              		.eabi_attribute 18, 4
  11              		.file	"pal_lld.c"
  12              		.section	.gnu.lto_.profile.fa4c88778d07caba,"",%progbits
  13 0000 789C6363 		.ascii	"x\234cc```\001bF\0067\027\000\001H\000\226"
  13      60606001 
  13      62460637 
  13      17000148 
  13      0096
  14              		.text
  15              		.section	.gnu.lto_.icf.fa4c88778d07caba,"",%progbits
  16 0000 789C6363 		.ascii	"x\234cc``\020a@\000f\206y\337\027\336`f\234{\342\345"
  16      60601061 
  16      40006686 
  16      79DF17DE 
  16      60669C7B 
  17 0016 7726A697 		.ascii	"w&\246\227\313\237_fa\000\000f\333\011\307"
  17      CB9F5F66 
  17      61000066 
  17      DB09C7
  18              		.text
  19              		.section	.gnu.lto_.jmpfuncs.fa4c88778d07caba,"",%progbits
  20 0000 789C6363 		.ascii	"x\234cc``\220a@\000&\006FF\306\3729\314\014\214\314"
  20      60609061 
  20      40002606 
  20      4646C6FA 
  20      39CC0C8C 
  21 0015 40063B90 		.ascii	"@\006;\220\005\3421\00113\003\000<b\004\264"
  21      05E23101 
  21      31330300 
  21      3C6204B4 
  22              		.text
  23              		.section	.gnu.lto_.inline.fa4c88778d07caba,"",%progbits
  24 0000 789C3D91 		.ascii	"x\234=\2211N\0031\020E\377\214M\262\202\202-(\221b)"
  24      314E0331 
  24      1045FF8C 
  24      4DB28282 
  24      2D289162 
  25 0015 7B020E10 		.ascii	"{\002\016\020\371(\324p\211i\021\025\022M\244\024\356"
  25      F928D470 
  25      89691115 
  25      124DA414 
  25      EE
  26 0026 E980F49B 		.ascii	"\351\200\364\233>\005EJ\212-\323\346\006xf\274\270x"
  26      3E05454A 
  26      8A2DD3E6 
  26      067866BC 
  26      B878
  27 0038 7FBE467A 		.ascii	"\177\276Fz\336\225\027\000\366\204\377\303\300\260\246"
ARM GAS  /var/folders/qd/4mxf5pkd0zdf0b9dd1hp39180000gn/T//ccR5qa2J.s 			page 2


  27      DE951700 
  27      F684FFC3 
  27      C0B0A6
  28 0047 5B244280 		.ascii	"[$B\2001\033\223\361\321X\310B<\306\326\330b\362VZ\363"
  28      311B93F1 
  28      D158C842 
  28      3CC6D6D8 
  28      62F2565A 
  29 005c 183D2478 		.ascii	"\030=$x\363(!\015e\313X\224\025\203\316\313\350Tt6v"
  29      F328210D 
  29      65CB5894 
  29      1583CECB 
  29      E8547436 
  30 0071 8ADEC65E 		.ascii	"\212\336\306^\221lL\212lcV\010\261\207\221\2758c\013"
  30      916C4C8A 
  30      6C635608 
  30      B18791BD 
  30      38630B
  31 0084 A33BC5A4 		.ascii	"\243;\305\244\342V1\255\270WL,n\026W\317\356&\237\355"
  31      E25631AD 
  31      B8574C2C 
  31      6E1657CF 
  31      EE269FED 
  32 0098 4D3FFBEB 		.ascii	"M?\373\353\005\365\020\2067\242+NO\357\201^v\333\217"
  32      05F51086 
  32      37A22B4E 
  32      4FEF815E 
  32      76DB8F
  33 00ab E56BD885 		.ascii	"\345k\330\205@\201\276\350\036\234\236[\352\3720}^n"
  33      4081BEE8 
  33      1E9C9E5B 
  33      EAFA307D 
  33      5E6E
  34 00bd 7C1DE9BB 		.ascii	"|\035\351\273\255=\353St\017?\277=\256\307\015#\226"
  34      AD3DEB53 
  34      740F3FBF 
  34      3DAEC70D 
  34      2396
  35 00cf 55463CDE 		.ascii	"UF<\336\345\372\331\023\365\372\017\032\240\023\353"
  35      E5FAD913 
  35      F5FA0F1A 
  35      A013EB
  36 00de E595F668 		.ascii	"\345\225\366h\177\003\361Q|"
  36      7F03F151 
  36      7C
  37              		.text
  38              		.section	.gnu.lto_.pureconst.fa4c88778d07caba,"",%progbits
  39 0000 789C6363 		.ascii	"x\234cc```\005b&\006)F)\000\000\374\000C"
  39      60606005 
  39      62260629 
  39      46290000 
  39      FC0043
  40              		.text
  41              		.section	.gnu.lto__pal_lld_init.fa4c88778d07caba,"",%progbits
  42 0000 789CA597 		.ascii	"x\234\245\227mlSU\030\307\317s\317\355\355\333\272n"
  42      6D6C5355 
  42      18C7CF73 
ARM GAS  /var/folders/qd/4mxf5pkd0zdf0b9dd1hp39180000gn/T//ccR5qa2J.s 			page 3


  42      CFEDEDDB 
  42      BA6E
  43 0012 091F4CE4 		.ascii	"\011\037L\344\003\037H\010_v\203\372\311\317&\204\004"
  43      031F4808 
  43      5F7683FA 
  43      C9CF2684 
  43      04
  44 0023 A3897E35 		.ascii	"\243\211~5\006g|I\026G\304\370\225\333\356\255\333\320"
  44      06677C49 
  44      1647C4F8 
  44      95DBEEAD 
  44      DBD0
  45 0035 55646866 		.ascii	"Udhf\243M\006A#\256\340|\331\312^j\207\033\010\005\306"
  45      A34D0641 
  45      23AEE07C 
  45      D9CA5E6A 
  45      871B0805 
  46 004a A60C2620 		.ascii	"\246\014& \240\233\335\00687\020\247l\236\347\234\236"
  46      A09BDD06 
  46      383710A7 
  46      6C9EE79C 
  46      9E
  47 005b 7B3B9BDD 		.ascii	"{;\233\335\344d\315\372\354\236\366\354y~\277\323\177"
  47      E464CDFA 
  47      EC9EF6EC 
  47      797EBFD3 
  47      7F
  48 006c BAD62084 		.ascii	"\272\326 \204\304C\204<\311~?\312\356@\011h\361s\204"
  48      C443843C 
  48      C97E3FCA 
  48      EE400968 
  48      F17384
  49 007f 447C1A00 		.ascii	"D|\032\000^X> {5\330\013\373\350\001\012\331\246\251"
  49      5E583E20 
  49      7B35D80B 
  49      FBE8010A 
  49      D9A6A9
  50 0092 5E6DEB11 		.ascii	"^m\353\021\213\3352\037\364\030\215V\303#\011J\310A"
  50      8BDD321F 
  50      F4188D56 
  50      C323094A 
  50      C841
  51 00a4 76C71B74 		.ascii	"v\307\033t\303V\266k\264\376X\202\266\322\004\005\320"
  51      C356B66B 
  51      B4FE5882 
  51      B6D20405 
  51      D0
  52 00b5 D9723ED7 		.ascii	"\331r>\327q\253\034\227\032lb\313\374rjZ\247O\000a\327"
  52      71AB1C97 
  52      1A6C62CB 
  52      FC726A5A 
  52      A74F0061 
  53 00ca DFCC7D32 		.ascii	"\337\314}2\034\334r\330\262\242Vf\356\020\2656'({\020"
  53      1CDC72D8 
  53      B2A25666 
  53      EE10B536 
  53      27287B10 
ARM GAS  /var/folders/qd/4mxf5pkd0zdf0b9dd1hp39180000gn/T//ccR5qa2J.s 			page 4


  54 00de 286B085F 		.ascii	"(k\010_\303F\370\0126\022\366\020\201oa\013\356\277"
  54      C346F80A 
  54      3612F610 
  54      816F610B 
  54      EEBF
  55 00f0 797CB93D 		.ascii	"y|\271=d\350b \364\200A\200]\244.z2\326\362J\023\353"
  55      64E86220 
  55      F4804180 
  55      5DA42E7A 
  55      32D6F24A 
  56 0106 7118C6B6 		.ascii	"q\030\306\266o\006\3667\272\206\205b\321\261x\260\030"
  56      6F06F637 
  56      BA868562 
  56      D1B178B0 
  56      18
  57 0117 58BC587C 		.ascii	"X\274X|X\374X\002X\202X\312\260\204\260\224c\011c\251"
  57      58FC5802 
  57      588258CA 
  57      B084B094 
  57      630963A9 
  58 012b C0528965 		.ascii	"\300R\211e\003p\010\022c\243\331\301X\031\322L5\274"
  58      03700812 
  58      63A3D9C1 
  58      5819D24C 
  58      35BC
  59 013d AACB9019 		.ascii	"\252\313\220\031\310\246\363\237U#P\007\005\306y\260"
  59      C8A6F39F 
  59      55235007 
  59      05C679B0 
  60 014d 217BDE8B 		.ascii	"!{\336\213\312\036\2569\231\312\315\372\304\322J\306"
  60      CA1EAE39 
  60      99CACDFA 
  60      C4D24AC6 
  61 015d 2C3C9443 		.ascii	",<\224C\251\343\037A\022>\216\260\243\334\224\240\006"
  61      A9E31F41 
  61      123E8EB0 
  61      A3DC94A0 
  61      06
  62 016e A4996E2F 		.ascii	"\244\231n/\323\305\375\373\273\307_0\277\260\352!A\275"
  62      D3C5FDFB 
  62      BBC75F30 
  62      BFB0EA21 
  62      41BD
  63 0180 70826D6B 		.ascii	"p\202mk\347\007\014}`\262Yu\017\032A\214\322\304\264"
  63      E7070C7D 
  63      60B25975 
  63      0F1A418C 
  63      D2C4B4
  64 0193 B1AE950C 		.ascii	"\261\256\225\014?o\035\036\022\350gM\030\320x\013\337"
  64      3F6F1D1E 
  64      12E8674D 
  64      18D0780B 
  64      DF
  65 01a4 A4346AC0 		.ascii	"\2444j\300\0315\010&\353\317\032E\323\371\256\241\260"
  65      19350826 
  65      EBCF1A45 
  65      D3F9AEA1 
ARM GAS  /var/folders/qd/4mxf5pkd0zdf0b9dd1hp39180000gn/T//ccR5qa2J.s 			page 5


  65      B0
  66 01b5 98478BD5 		.ascii	"\230G\213\325(W\353\313\346\206\215B\363d\032O\336\327"
  66      2857EBCB 
  66      E6868D42 
  66      F3641A4F 
  66      DED7
  67 01c7 413740A6 		.ascii	"A7@\246\320~\276u\377\004\260\376q>\332\017\337\361"
  67      D07EBE75 
  67      FF04B0FE 
  67      713EDA0F 
  67      DFF1
  68 01d9 09F8A2B1 		.ascii	"\011\370\242\261'\273\207\372\203\342\271\344\022\233"
  68      27BB87FA 
  68      83E2B9E4 
  68      129B
  69 01e7 1F802C98 		.ascii	"\037\200,\230\355l(\033?\304M\231D\236\026,\354\271"
  69      ED6C281B 
  69      3FC44D99 
  69      449E162C 
  69      ECB9
  70 01f9 413E776A 		.ascii	"A>wj\370R\263G,\255x=?\322\226\253\013\003\232Dy\211"
  70      F852B347 
  70      2CAD783D 
  70      3FD296AB 
  70      0B039A44 
  71 020f 9194C1F7 		.ascii	"\221\224\301\367\314\364d\001%\226\233\351\364\241j"
  71      CCF46401 
  71      25969BE9 
  71      F4A16A
  72 021e 0451BC30 		.ascii	"\004Q\2740\314Qx\220FP\226\012\331\224\224\325\325\355"
  72      CC517890 
  72      4650960A 
  72      D99494D5 
  72      D5ED
  73 0230 4EB9DA9D 		.ascii	"N\271\332\235F;\035\347\375Pb\247\310~\206\017\362`"
  73      463B1DE7 
  73      FD5062A7 
  73      C87E860F 
  73      F260
  74 0242 AFB3C8AE 		.ascii	"\257\263\310\256\013\366\036\311\356Qg\317\271\262\237"
  74      0BF61EC9 
  74      EE5167CF 
  74      B9B29F
  75 0251 437603E7 		.ascii	"Cv\003\347\235_/\373\005>\310\213\275F\221\335#\330"
  75      9D5F2FFB 
  75      053EC88B 
  75      BD4691DD 
  75      23D8
  76 0263 7B25BBA1 		.ascii	"{%\273\241\316~\221\267\364\255\301>f\247j\274\204}"
  76      CE7E91B7 
  76      F4ADC13E 
  76      66A76ABC 
  76      847D
  77 0275 72F4C6E7 		.ascii	"r\364\306\347\376B\214>\0241\232\275\333q\335\277Z\347"
  77      FE428C3E 
  77      14319ABD 
  77      DB71DDBF 
ARM GAS  /var/folders/qd/4mxf5pkd0zdf0b9dd1hp39180000gn/T//ccR5qa2J.s 			page 6


  77      5AE7
  78 0287 C7229D89 		.ascii	"\307\"\235\211\330\321\366@\221\316ON\214.\241\216!"
  78      D8D1F640 
  78      91CE4F4E 
  78      8C2EA18E 
  78      21
  79 0298 74D252C7 		.ascii	"t\322R\307\253\2563\341\252s\331\216\321\225\022\035"
  79      ABAE33E1 
  79      AA73D98E 
  79      D195121D 
  80 02a8 45F64927 		.ascii	"E\366I'F?#\273W\260\237\220\354>u\366\253\256\354\327"
  80      463F23BB 
  80      57B09F90 
  80      EC3E75F6 
  80      ABAEECD7 
  81 02bc EC185D5F 		.ascii	"\354\030]_/\373/N\214n \273O\260\367Iv\277:\373M\336"
  81      2FFB2F4E 
  81      8C6E20BB 
  81      4FB0F749 
  81      76BF3AFB 
  82 02d2 D2BF06FB 		.ascii	"\322\277\006\373-;F\277\226\260\337;py\014\0121J\212"
  82      2D3B46BF 
  82      96B0DF3B 
  82      70790C0A 
  82      314A8A
  83 02e5 18BDDF35 		.ascii	"\030\275\3375r2\270Z\347\267\"\235\351\350L\257^\244"
  83      7232B85A 
  83      E7B7229D 
  83      E9E84CAF 
  83      5EA4
  84 02f7 33E5C468 		.ascii	"3\345\304h\032u\374B\247_\352\004\324u~w\325\311\333"
  84      1A75FC42 
  84      A75FEA04 
  84      D4757E77 
  84      D5C9DB
  85 030a 319A29D1 		.ascii	"1\232)\321Qd\237ub4\207\354\001\301> \331\203\352\354"
  85      51649F75 
  85      623487EC 
  85      01C13E20 
  85      D983EAEC 
  86 031e B75DD9EF 		.ascii	"\267]\331\357\3301\272\273^\366?\234\030\315#{P\260"
  86      D831BABB 
  86      5EF63F9C 
  86      18CD237B 
  86      50B0
  87 0330 0F4AF632 		.ascii	"\017J\3662u\366?y\313\300\032\354\013v\214\026K\331"
  87      75F63F79 
  87      CBC01AEC 
  87      0B768C16 
  87      4BD9
  88 0342 9B6F47E4 		.ascii	"\233oG\344\273\321\247\"F\235\203\367\277\244\253u\356"
  88      BBD1A722 
  88      469D83F7 
  88      BFA4AB75 
  88      EE
  89 0353 15E95CEB 		.ascii	"\025\351\\\353;j\025\277\271\336wb\364\027\352\224\011"
  89      3B6A15BF 
ARM GAS  /var/folders/qd/4mxf5pkd0zdf0b9dd1hp39180000gn/T//ccR5qa2J.s 			page 7


  89      B9DE7762 
  89      F417EA94 
  89      09
  90 0364 9D535227 		.ascii	"\235SR'\244\256\363\300U\347o;FK%:\212\354\37781\372"
  90      A4AEF3C0 
  90      55E76F3B 
  90      464B253A 
  90      8AECFF38 
  91 037a 17D94382 		.ascii	"\027\331C\202\375\264d/Wg\177\350\312\276l\307he\275"
  91      FDB4642F 
  91      57677FE8 
  91      CABE6CC7 
  91      6865BD
  92 038d EC9666C7 		.ascii	"\354\226f\307(\2421\366r\301~F\262\207\325\331\243\274"
  92      28A231F6 
  92      72C17E46 
  92      B287D5D9 
  92      A3BC
  93 039f 65700DF6 		.ascii	"ep\015\366:M\306\250^\373?\373\342R\347\242Q\210\321"
  93      3A4DC6A8 
  93      5EFB3FFB 
  93      E252E7A2 
  93      5188D1
  94 03b2 B1C23FB5 		.ascii	"\261\302?\265\205\371\376\320j\235\006\315\321\2710"
  94      85F9FED0 
  94      6A9D06CD 
  94      D1B930
  95 03c1 D2960A17 		.ascii	"\322\226\012\027\3514jv\214\232P',t\316J\235\012u\235"
  95      E9346A76 
  95      8C9A5027 
  95      2C74CE4A 
  95      9D0A759D 
  96 03d5 98AB4EB3 		.ascii	"\230\253N\263&c\324R\242\243\310\336\252\3311\332\207"
  96      2663D452 
  96      A2A3C8DE 
  96      AAD931DA 
  96      87
  97 03e6 EC15823D 		.ascii	"\354\025\202='\331+\325\331\337qe\177W\2231j[/{\334"
  97      27D92BD5 
  97      D9DF7165 
  97      7F579331 
  97      6A5B2F7B 
  98 03fb 89D17BC8 		.ascii	"\211\321{\310^I\356@4y\244\215\177\224\347_\261b\354"
  98      5E49EE40 
  98      3479A48D 
  98      7F94E75F 
  98      B162EC
  99 040e 231AFBD2 		.ascii	"#\032\373\322\301^\371mUU\246\370\251\335c\276\266\253"
  99      C15EF96D 
  99      5555A6F8 
  99      A9DD63BE 
  99      B6AB
 100 0420 C6DC5DFB 		.ascii	"\306\334]\373\346[{\314\347\236\177\372\361\307\314"
 100      E65B7BCC 
 100      E79E7FFA 
 100      F1C7CC
 101 042f 9D3B9F32 		.ascii	"\235;\2372\267?\273\343\231\267\267\231\273w\325\274"
ARM GAS  /var/folders/qd/4mxf5pkd0zdf0b9dd1hp39180000gn/T//ccR5qa2J.s 			page 8


 101      B73FBBE3 
 101      99B7B799 
 101      BB77D5BC 
 102 043f 5853F372 		.ascii	"XS\363rU51\252k\337x\345\365W\377\003\307\242\201/"
 102      553531AA 
 102      6BDF78E5 
 102      F557FF03 
 102      C7A2812F 
 103              		.text
 104              		.section	.gnu.lto__pal_lld_setgroupmode.fa4c88778d07caba,"",%progbits
 105 0000 789CA556 		.ascii	"x\234\245VkLTG\024\236sg\367\356\335\275\373\340\021"
 105      6B4C5447 
 105      149E7367 
 105      F7EEDDBD 
 105      FBE011
 106 0013 23514482 		.ascii	"#QD\202<\245qCm\232\364O\377\264Mk\242i\233\232&\375"
 106      3CA57143 
 106      6D9AF44F 
 106      FFB44D6B 
 106      A2699B9A 
 107 0029 D51AADA5 		.ascii	"\325\032\255\245)T\243\246I\223&\\\345%\266\266$ULo"
 107      2954A3A6 
 107      4993265C 
 107      E525B6B6 
 107      24554C6F 
 108 003d 370D165F 		.ascii	"7\015\026_\015U,X\021\004\345\015VA\260\012]\020kUH"
 108      0D552C58 
 108      1104E50D 
 108      5641B00A 
 108      5D106B55 
 109 0052 20D5285A 		.ascii	" \325(Z\254D\264g\316\354\205\205\222\032\323\015wv"
 109      AC44B467 
 109      CEEC8585 
 109      921AD30D 
 109      7776
 110 0064 E6CCF9CE 		.ascii	"\346\314\371\316\371\2763\347\316\2422\306\266\350\214"
 110      F9BE33E7 
 110      CEA232C6 
 110      B6E88C
 111 0073 BD8DDFE7 		.ascii	"\275\215\337\347\360\201\010\006Jq\027c[5E\341\035\013"
 111      F0810806 
 111      4A711763 
 111      5B3545E1 
 111      1D0B
 112 0085 98E1B275 		.ascii	"\230\341\262u,g\206\233\203*\3156\305Nf\225\314v\313"
 112      2C67869B 
 112      832ACD36 
 112      C54E6695 
 112      CC76CB
 113 0098 AC82574E 		.ascii	"\254\202WN\034\212\266=\005\367\235btk\340\222f\247"
 113      1C8AB63D 
 113      05F79D62 
 113      746BE092 
 113      66A7
 114 00aa 3571293A 		.ascii	"5q):\355\273i_\007\2174\273\255\211G\006j\324\274\212"
 114      EDBB695F 
 114      078F34BB 
ARM GAS  /var/folders/qd/4mxf5pkd0zdf0b9dd1hp39180000gn/T//ccR5qa2J.s 			page 9


 114      AD894706 
 114      6AD4BC8A 
 115 00be A3A695A1 		.ascii	"\243\246\225\241\247\257OCO\037\200\260\033\032\260"
 115      A7AF4F43 
 115      4F1F80B0 
 115      1B1AB0
 116 00cd 1C85DBEC 		.ascii	"\034\205\333\354\252Cs\272t\267\307\353\203\034\305"
 116      AA4373BA 
 116      74B7C7EB 
 116      831CC5
 117 00dc CBA0C106 		.ascii	"\313\240\301\006\332\364\200R\330\027|\027\207\246\302"
 117      DAF48052 
 117      D8177C17 
 117      87A6C2
 118 00eb E11A25ED 		.ascii	"\341\032%\355\240\201\237\206=\273\\\005F~L\2003V\302"
 118      A0819F86 
 118      3DBB5C05 
 118      467E4C80 
 118      3356C2
 119 00fe 197DA00A 		.ascii	"\031}\240\012\322\320\253'\357h\200\177\316\003\034"
 119      D2D0AB27 
 119      EF68807F 
 119      CE031C
 120 010d C086CB3B 		.ascii	"\300\206\313;\235\346u\257X*\020\217\313\346\256\307"
 120      9DE675AF 
 120      582A108F 
 120      CBE6AEC7 
 121 011d 275CFC39 		.ascii	"'\\\3749`8\237l\033\037\326R\366\033\3066\243\341\341"
 121      60389F6C 
 121      1B1FD652 
 121      F61BC636 
 121      A3E1E1
 122 0130 3E6E2406 		.ascii	">n$\0068\207\343\3001 \374\014\261p\014b\031\232\030"
 122      3887E3C0 
 122      3120FC0C 
 122      B1700C62 
 122      199A18
 123 0143 54430ABA 		.ascii	"TC\012\272?>p\264H\343/\020\264\357`\241\351\012A\257"
 123      3F3E70B4 
 123      48E32F10 
 123      B4EF60A1 
 123      E90A41AF 
 124 0157 1C8ADA9F 		.ascii	"\034\212\332\237k\274\026\340681\033lcPC\340\273U\373"
 124      6BBC16E0 
 124      3638311B 
 124      6C635043 
 124      E0BB55FB 
 125 016b BFD6F98B 		.ascii	"\277\326\371\213\004\276r\353\330\267\026x\370\320\202"
 125      04BE72EB 
 125      D8B71678 
 125      F8D082
 126 017a 7D04B643 		.ascii	"}\004\266C\355l\260\235\301IH\021\210\375g\233Oy\371"
 126      ED6CB09D 
 126      C1494811 
 126      88FD679B 
 126      4F79F9
 127 018d 4B84DED9 		.ascii	"K\204\336\331]ReO*#toy\314\336\\\243\303\260\005\270"
ARM GAS  /var/folders/qd/4mxf5pkd0zdf0b9dd1hp39180000gn/T//ccR5qa2J.s 			page 10


 127      5D52654F 
 127      2A23746F 
 127      79CCDE5C 
 127      A3C3B005 
 128 01a2 0A7533F1 		.ascii	"\012u3\361\342#\222\015\265u\003\177\205\240'G/\347"
 128      E223920D 
 128      B575037F 
 128      85A02747 
 128      2FE7
 129 01b4 59D0AEF2 		.ascii	"Y\320\256\362\330\262\020\324\001\247\346\204\226\265"
 129      D8B210D4 
 129      01A7E684 
 129      96B5
 130 01c2 D64EE87C 		.ascii	"\326N\350|\005A\273{\306\363]!\350\2712n\3543\024\001"
 130      0541BB7B 
 130      C6F35D21 
 130      E8B9326E 
 130      EC331401 
 131 01d6 6C9813F8 		.ascii	"l\230\023\370hG\335m\316W\0210Py\375\222\225\363\306"
 131      6847DD6D 
 131      CE571130 
 131      5079FD92 
 131      95F3C6
 132 01e9 F753C0A6 		.ascii	"\367S\300\2469\201\225\215wT\376&\341\276\332w\250B"
 132      3981958D 
 132      7754FE26 
 132      E1BEDA77 
 132      A842
 133 01fb 09E15AA6 		.ascii	"\011\341Z\246q-s\342\356\177Y\335\007|5\001\203#\267"
 133      712D73E2 
 133      EE7F59DD 
 133      077C3501 
 133      8323B7
 134 020e 0A1C56C2 		.ascii	"\012\034V\302\275S\300\2669\201\327~z\264\333\243\332"
 134      BD53C0B6 
 134      3981D77E 
 134      7AB4DBA3 
 134      DA
 135 021f 4A71A71D 		.ascii	"Jq\247\035\222\240\025\237f|\032\3619\215O=$\311\366"
 135      92A0159F 
 135      667C1AF1 
 135      398D4F3D 
 135      24C9F6
 136 0232 820E5019 		.ascii	"\202\016P\0310\346\370\017\317\212\013\366\006\343\321"
 136      30E6F80F 
 136      CF8A0BF6 
 136      06E3D1
 137 0241 E3423CD4 		.ascii	"\343B<\324\324\201{\177E=\003x\206\232\202\203\223\213"
 137      D4817B7F 
 137      453D0378 
 137      869A8283 
 137      938B
 138 0253 C12606BB 		.ascii	"\301&\006\273\030T18\304\240\211\301)\006\027u\212N"
 138      18543138 
 138      C4A089C1 
 138      29061775 
 138      8A4E
ARM GAS  /var/folders/qd/4mxf5pkd0zdf0b9dd1hp39180000gn/T//ccR5qa2J.s 			page 11


 139 0265 D1DD347A 		.ascii	"\321\3354z\230\310\342\245\321\307D\266\010\032#\231"
 139      98C8E2A5 
 139      D1C744B6 
 139      081A2399 
 140 0275 C81A4563 		.ascii	"\310\032Ec4\023\231\347\201h\224\371 \0325\006D\234"
 140      341399E7 
 140      816894F9 
 140      201A3506 
 140      449C
 141 0287 854CB08A 		.ascii	"\205L\260\212\2458\213(B\034a\027\023*\201,Kh7\221,"
 141      A5388B28 
 141      421C6117 
 141      132A812C 
 141      4B683791 
 142 029c 49B49B4C 		.ascii	"I\264\233L\363\024\332M%K\032\371,%n\351\224\213\261"
 142      F314DA4D 
 142      254B1AF9 
 142      2C256EE9 
 142      948BB1
 143 02af ED58903E 		.ascii	"\355X\220>\315h`E\\\301In\003\033\202\274\376\346\341"
 143      CD686045 
 143      5CC1496E 
 143      031B82BC 
 143      FEE6E1
 144 02c2 72B7A892 		.ascii	"r\267\250\222\311\347a]\213\002\337\224;\304[g\007\016"
 144      C9E7615D 
 144      8B02DF94 
 144      3BC45B67 
 144      070E
 145 02d4 6742F52E 		.ascii	"gB\365.\302wiBA\377Qh2G\352\363]\302\037\235K\362\233"
 145      C2776942 
 145      41FF5168 
 145      3247EAF3 
 145      5DC21F9D 
 146 02eb CE9333A7 		.ascii	"\316\2233\247\003\254k\352lSK\341\273\255\370\236\227"
 146      03AC6BEA 
 146      6C534BE1 
 146      BBADF89E 
 146      97
 147 02fc AEC7DAB8 		.ascii	"\256\307\332\270L>\037~\021Ap\267\267\272\266\332\343"
 147      4C3E1F7E 
 147      114170B7 
 147      B7BAB6DA 
 147      E3
 148 030d 3F6CE46D 		.ascii	"?l\344m5\342\003\\\207\263P\012\273\351\006\200s\340"
 148      35E2035C 
 148      87B3500A 
 148      BBE90680 
 148      73E0
 149 031f 37790C25 		.ascii	"7y\014%\262\261A\273El\274\374\371ib\215W+\357\350\222"
 149      B2B141BB 
 149      456CBCFC 
 149      F969628D 
 149      572BEFE8 
 150 0334 980D3AA7 		.ascii	"\230\015:\247\210\331\331\003\260\210\235\036r\204\210"
 150      88D9D903 
 150      B0889D1E 
ARM GAS  /var/folders/qd/4mxf5pkd0zdf0b9dd1hp39180000gn/T//ccR5qa2J.s 			page 12


 150      728488
 151 0343 3D1D932E 		.ascii	"=\035\223.b\002\202\311\371i&\252,\321(l;5\322!#\233"
 151      620282C9 
 151      F96926AA 
 151      2CD1286C 
 151      3B35D221 
 152 0359 1CC255BB 		.ascii	"\034\302U\273Iu\356\304\351\273\336\234I\003\2574w)"
 152      4975EEC4 
 152      E9BBDE9C 
 152      4903AF34 
 152      7729
 153 036b 97DDF9A0 		.ascii	"\227\335\371\240\347\346v]\344\217\010p\017\364@\016"
 153      E7E6765D 
 153      E48F0870 
 153      0FF4400E 
 154 037b 748772D7 		.ascii	"t\207r\327\024\227\024\3732*\214bC\344\366\302\005\314"
 154      149714FB 
 154      322A8C62 
 154      43E4F6C2 
 154      05CC
 155 038d 8D02A90C 		.ascii	"\215\002\251\014\277B\206H7V\370\251L\266\020\363\261"
 155      BF428648 
 155      3756F8A9 
 155      4CB610F3 
 155      B1
 156 039e 61D8162F 		.ascii	"a\330\026/\226\242-\320$\326\245\007K\374d\3023\017"
 156      96A22DD0 
 156      24D6A507 
 156      4BFC64C2 
 156      330F
 157 03b0 E7E30006 		.ascii	"\347\343\000\006\0271\217p9\000\344!:\3352}L\226\326"
 157      17318F70 
 157      3900E421 
 157      3ADD327D 
 157      4C96D6
 158 03c3 30CB02B2 		.ascii	"0\313\002\262\264\207Y\312K\244\255\236\"W\374Y\363"
 158      B48759CA 
 158      4BA4AD9E 
 158      2257FC59 
 158      F3
 159 03d4 C02322AB 		.ascii	"\300#\"\253\030\371\022\325\274\210;\030\376\"Paro\027"
 159      18F912D5 
 159      BC883B18 
 159      FE225061 
 159      726F17
 160 03e7 D407DF93 		.ascii	"\324\007\337\223\\\023L\356\015\277\303}xJ\2752h\274"
 160      5C134CEE 
 160      0DBFC37D 
 160      784ABD32 
 160      68BC
 161 03f9 9517BD24 		.ascii	"\225\027\275$\252\365\035\011Zbb\015gx\265\013\257%"
 161      AAF51D09 
 161      5A62620D 
 161      6778B50B 
 161      AF25
 162 040b D26B30B8 		.ascii	"\322k0\270N\272%\232<j\246[\243pK\224nC\241`h\211\230"
 162      4EBA259A 
ARM GAS  /var/folders/qd/4mxf5pkd0zdf0b9dd1hp39180000gn/T//ccR5qa2J.s 			page 13


 162      3C6AA65B 
 162      A3704B94 
 162      6E43A160 
 163 0422 E9D52CBC 		.ascii	"\351\325,\274\222\204\327\303\202\311\340g\322M1\271"
 163      9284D7C3 
 163      82C9E067 
 163      D24D31B9 
 164 0432 0B891E1F 		.ascii	"\013\211\036\037>\323\346\022D\235`\000\364!\214Z\256"
 164      3ED3E612 
 164      449D6000 
 164      F4218C5A 
 164      AE
 165 0443 05425EE1 		.ascii	"\005B^\341\352\235\250\376\267\251\216\323\330`\202"
 165      EA9DA8FE 
 165      B7A98ED3 
 165      D86082
 166 0452 94FF77C1 		.ascii	"\224\377w\301\316\201L\351\237\202\332\020rd\354\336"
 166      CE814CE9 
 166      9F82DA10 
 166      7264ECDE 
 167 0462 1155427C 		.ascii	"\021UB|\020\374\227\374\024\012\340\014\013px K\006"
 167      10FC97FC 
 167      140AE00C 
 167      0B707820 
 167      4B06
 168 0474 48A6E34E 		.ascii	"H\246\343N\234%1\231\000\256P\305\207Aa\322\036)\347"
 168      9C253199 
 168      00AE50C5 
 168      874161D2 
 168      1E29E7
 169 0487 14D42305 		.ascii	"\024\324#\005\326\017\204\004r)p\262\264\177\322\036"
 169      D60F8404 
 169      722970B2 
 169      B47FD21E 
 170 0497 126828D0 		.ascii	"\022h(\320?[!\267$\215\203\007\231i\346\361\036l\304"
 170      3F5B21B7 
 170      248D8307 
 170      9969E6F1 
 170      1E6CC4
 171 04aa 04E74465 		.ascii	"\004\347De#\214C$r\321j\253\316\240)\331\331\177<\010"
 171      238C4324 
 171      72D16AAB 
 171      CEA029D9 
 171      D97F3C08 
 172 04be 48430FE3 		.ascii	"HC\017\343\335i\011O\303\343\232\251\224\2160\215\210"
 172      DD69094F 
 172      C3E39AA9 
 172      948E308D 
 172      88
 173 04cf BBC31037 		.ascii	"\273\303\0207-\245\251\2444i\3261\245\022\300\023\256"
 173      2DA5A9A4 
 173      3469D631 
 173      A512C013 
 173      AE
 174 04e0 94EC3E39 		.ascii	"\224\354>9\247\240\272<\360I+\367RT\012\351a\251\361"
 174      A7A0BA3C 
 174      F0492BF7 
ARM GAS  /var/folders/qd/4mxf5pkd0zdf0b9dd1hp39180000gn/T//ccR5qa2J.s 			page 14


 174      52540AE9 
 174      61A9F1
 175 04f3 AE43ABF0 		.ascii	"\256C\253\360*)8\034\254\013)M7y4\026\344XK{\201&\233"
 175      2A29381C 
 175      AC0B294D 
 175      37793416 
 175      E4584B7B 
 176 050a 1960209C 		.ascii	"\031` \234q\275\010\236.*\241#s\335\254\026\225X\342"
 176      71BD089E 
 176      2E2AA123 
 176      73DDAC16 
 176      9558E2
 177 051d 36AB4425 		.ascii	"6\253D%|\310U\357\247J\244\272\373\253\251\022^\206"
 177      7CC855EF 
 177      A74AA4BA 
 177      FBABA912 
 177      5E86
 178 052f FF055934 		.ascii	"\377\005Y4\011\035\035v8Qa\364#\302\016\312\033&\305"
 178      091D1D76 
 178      385161F4 
 178      23C20ECA 
 178      1B26C5
 179 0542 2DE744D8 		.ascii	"-\347D\330%\016\346|s\357\217\252\344+\310\336\333\221"
 179      250EE67C 
 179      73EF8FAA 
 179      E42BC8DE 
 179      DB91
 180 0554 7F9F4BB2 		.ascii	"\177\237K\262\016\270l\035\024\336b1*C\211\236\011\344"
 180      0EB86C1D 
 180      14DE6231 
 180      2A43899E 
 180      09E4
 181 0566 380E6EF1 		.ascii	"8\016n\361\336\252\265\225\031X\033\017\356{i=\2061"
 181      DEAAB595 
 181      19581B0F 
 181      EE7B693D 
 181      8631
 182 0578 3C621941 		.ascii	"<b\031A\313JD\371\3042J\356\242\306H\261\214\026o\264"
 182      CB4A44F9 
 182      C4324AEE 
 182      A2C648B1 
 182      8C166FB4 
 183 058c DA5F29C4 		.ascii	"\332_)\304\246{\306t\324\345\263\256\274\246\332\221"
 183      A67BC674 
 183      D4E5B3AE 
 183      BCA6DA91 
 184 059c 917C5DD2 		.ascii	"\221|]\322\261\315\272O\343\237p\233\016\322m\252\210"
 184      B1CDBA4F 
 184      E39F709B 
 184      0ED26DAA 
 184      88
 185 05ad 0BED0AF8 		.ascii	"\013\355\012\370es\376\020\272>\355\030\316\344\261"
 185      6573FE10 
 185      BA3EED18 
 185      CEE4B1
 186 05bc B2238A9C 		.ascii	"\262#\212\234\322(\355q\"\355\305\035A>\327\025\036"
 186      D228ED71 
ARM GAS  /var/folders/qd/4mxf5pkd0zdf0b9dd1hp39180000gn/T//ccR5qa2J.s 			page 15


 186      22EDC51D 
 186      413ED715 
 186      1E
 187 05cd F7849CBF 		.ascii	"\367\204\234\277O\347\274*npUj\030\26548\236R\303\037"
 187      4FE7BC2A 
 187      6E70556A 
 187      18B53438 
 187      9E52C31F 
 188 05e1 148FFE7F 		.ascii	"\024\217\376\177\2706[\203\206\341L\276h\246\006'\331"
 188      B8365B83 
 188      86E14CBE 
 188      68A60627 
 188      D9
 189 05f2 17FF1F0D 		.ascii	"\027\377\037\015\327\247s\336\020\032\234\354\026^\310"
 189      D7A773DE 
 189      101A9CEC 
 189      165EC8
 190 0601 157BA88B 		.ascii	"\025{\250\213\345\371\307b\343x\361{\0216\223\370\216"
 190      E5F9C762 
 190      E378F17B 
 190      113693F8 
 190      8E
 191 0612 C30613DF 		.ascii	"\303\006\023\337\213\261\351\274\342\367\035\360\000"
 191      8BB1E9BC 
 191      E2F71DF0 
 191      00
 192 061f B10A19CB 		.ascii	"\261\012\031\313\226\371\345\337\206\315\376\3145Y\376"
 192      96F9E5DF 
 192      86CDFECC 
 192      3559FE
 193 062e 8D1B366D 		.ascii	"\215\0336m\331\354\177k\365\252\345\317\372W\256|\331"
 193      D9EC7F6B 
 193      F5AAE5CF 
 193      FA57AE7C 
 193      D9
 194 063f FFEA1B2B 		.ascii	"\377\352\033+^\377$\303\277qM\326\273YY\353\226\255"
 194      5EFF24C3 
 194      BF714DD6 
 194      BB5959EB 
 194      96AD
 195 0651 6536E161 		.ascii	"e6\341a\313^\263\371#[\366\206u\357\303\207|\355\372"
 195      CB5EB3F9 
 195      235BF686 
 195      75EFC387 
 195      7CEDFA
 196 0664 0FF8DA4D 		.ascii	"\017\370\332MY\370d*\331YJv\346?\236\341\254Y"
 196      59F8642A 
 196      D9594A76 
 196      E63F9EE1 
 196      AC59
 197              		.text
 198              		.section	.gnu.lto_cfgtab.6613.fa4c88778d07caba,"",%progbits
 199 0000 789C4D8F 		.ascii	"x\234M\217MK\002Q\030\205\357;\267\031+G\255\375\374"
 199      4D4B0251 
 199      1885EF3B 
 199      B7192B47 
 199      ADFDFC
ARM GAS  /var/folders/qd/4mxf5pkd0zdf0b9dd1hp39180000gn/T//ccR5qa2J.s 			page 16


 200 0013 896AE3CF 		.ascii	"\211j\343\31730\220\332\264p\025\023\010\025A\222\011"
 200      333090DA 
 200      B4701513 
 200      08154192 
 200      09
 201 0024 D5D48C7D 		.ascii	"\325\324\214}\230f\246\264\250 B\210V-\"Z\210\014\210"
 201      9866A6B4 
 201      A8204288 
 201      562D225A 
 201      880C88
 202 0037 D858C7FB 		.ascii	"\330X\307\373^b\2069\034\036\236\341=\214%\204\230\220"
 202      5E628639 
 202      1C1E9EE1 
 202      3D8C2584 
 202      9890
 203 0049 1078D553 		.ascii	"\020x\325S\224T\031\204\025kC\272RP\006Xh\277\277\320"
 203      94541984 
 203      156B43BA 
 203      52500658 
 203      68BFBFD0 
 204 005d 14891681 		.ascii	"\024\211\026\201\257\275\274Ol\223\300\347\376\303v"
 204      AFBDBC4F 
 204      6C93C0E7 
 204      FEC376
 205 006c 92ED0270 		.ascii	"\222\355\002p\253\026vM\266\263\361S\244NEo\253\023"
 205      AB16764D 
 205      B6B3F153 
 205      A44E456F 
 205      AB13
 206 007e 83310DDC 		.ascii	"\2031\015\334\371\362\233&c\0128\376,\366\364\220\035"
 206      F9F29B26 
 206      630A38FE 
 206      2CF6F490 
 206      1D
 207 008f 1F223514 		.ascii	"\037\"5\024\365\037#\233q\036X\366\366\002m\347\200"
 207      F51F239B 
 207      711E58F6 
 207      F6026DE7 
 207      80
 208 00a0 E1FADA50 		.ascii	"\341\372\332P\362n\"\216\244\2601\250\356\333l%\360"
 208      F26E228E 
 208      A4B031A8 
 208      EEDB6C25 
 208      F0
 209 00b1 637C18A4 		.ascii	"c|\030\244\331Z\300\243o\177\224b;\375\375\316n\360"
 209      D95AC0A3 
 209      6F7F9462 
 209      3BFDFDCE 
 209      6EF0
 210 00c3 A3874CE0 		.ascii	"\243\207L\340S\276\352\352S3\361S\244N\375[\241l\353"
 210      53BEEAEA 
 210      5333F153 
 210      A44EFD5B 
 210      A16CEB
 211 00d6 7758CFB0 		.ascii	"wX\317\2605\342(\024\036l\216\312\211\254\227+\224r"
 211      35E22814 
 211      1E6C8ECA 
ARM GAS  /var/folders/qd/4mxf5pkd0zdf0b9dd1hp39180000gn/T//ccR5qa2J.s 			page 17


 211      89AC972B 
 211      9472
 212 00e8 25D39506 		.ascii	"%\323\225\006-9\324&\207\226\035\352\240\356\211\361"
 212      2D39D426 
 212      87961DEA 
 212      A0EE89F1 
 213 00f8 0E39435A 		.ascii	"\0169CZ\272o\221&\322@n\220:r\215\254\260\276\322\237"
 213      BA6F9126 
 213      D2406E90 
 213      3A728DAC 
 213      B0BED29F 
 214 010c 5DEABED0 		.ascii	"]\352\276\320]\323\035\350\366u\237\353\366\220S\344"
 214      5DD31DE8 
 214      F6759FEB 
 214      F69053E4 
 215 011c 04392647 		.ascii	"\0049&GP\227\262\342\017\222\026\230\360"
 215      5097B2E2 
 215      0F921698 
 215      F0
 216              		.text
 217              		.section	.gnu.lto_.symbol_nodes.fa4c88778d07caba,"",%progbits
 218 0000 789C6363 		.ascii	"x\234cc``\320\007b\006\2463\214\365\014\014\023\316"
 218      6060D007 
 218      6206A633 
 218      8CF50C0C 
 218      13CE
 219 0012 313000A9 		.ascii	"10\000\251]\015\216@\221\263\214\365\214(\"\254\347"
 219      5D0D8E40 
 219      91B38CF5 
 219      8C2822AC 
 219      E7
 220 0023 18191A94 		.ascii	"\030\031\032\224\030\030\230\031\000%<\012\375"
 220      18189819 
 220      00253C0A 
 220      FD
 221              		.text
 222              		.section	.gnu.lto_.refs.fa4c88778d07caba,"",%progbits
 223 0000 789C6363 		.ascii	"x\234cc```\003bFF\006&V\006\000\000\271\000\026"
 223      60606003 
 223      62464606 
 223      26560600 
 223      00B90016 
 224              		.text
 225              		.section	.gnu.lto_.decls.fa4c88778d07caba,"",%progbits
 226 0000 789CC558 		.ascii	"x\234\305XyPT\311\031\177\375zf\230\203\303\005\223"
 226      795054C9 
 226      197FFD7A 
 226      669883C3 
 226      0593
 227 0012 98149532 		.ascii	"\230\024\2252.\226\363\017\014`jM\252R\251\350\300\252"
 227      2E96F30F 
 227      0C606A4D 
 227      AA52A9E8 
 227      C0AA
 228 0024 1577971A 		.ascii	"\025w\227\032L\252\222?2;\013\243\316.0D\306\324n\376"
 228      4CAA923F 
 228      323B0BA3 
ARM GAS  /var/folders/qd/4mxf5pkd0zdf0b9dd1hp39180000gn/T//ccR5qa2J.s 			page 18


 228      CE2E3044 
 228      C6D46EFE 
 229 0038 D83C3914 		.ascii	"\330<9\024\361\002eW@Y\017\274\360BED\256\005\221\303"
 229      F1026557 
 229      40590FBC 
 229      F0424544 
 229      AE0591C3 
 230 004c 0B17F104 		.ascii	"\013\027\361\004\005\021\005\2749ED\224|\335\375\206"
 230      051105BC 
 230      39454494 
 230      7CDDFD86 
 231 005c 790C33EB 		.ascii	"y\0143\353Z\371#\257\370\246\337\327\375\353\357\354"
 231      5AF923AF 
 231      F8A6DFD7 
 231      FDEBEFEC 
 232 006c EEF7350A 		.ascii	"\356\3675\012\216\343\376\355\307q!\230\343b\020\307"
 232      8EE3FEED 
 232      C7712198 
 232      E36210C7 
 233 007c 8DC12383 		.ascii	"\215\301#\203\276\323@\244\355\000z\0154\006\304\303"
 233      BED340A4 
 233      ED007A0D 
 233      3406C4C3 
 234 008c 38797820 		.ascii	"8yx \015\274\277\007D\272\336\027\373\355\317/\000\340"
 234      0DBCBF07 
 234      44BADE17 
 234      FBEDCF2F 
 234      00E0
 235 009e 05EDA740 		.ascii	"\005\355\247@\276@SE9\263\200\364\200\235\007\324\011"
 235      BE405345 
 235      39B380F4 
 235      809D07D4 
 235      09
 236 00af EF7781C2 		.ascii	"\357w\201\302\340=\034h\004\336\207\201<\201~\017\374"
 236      E03D1C68 
 236      04DE8781 
 236      3C817E0F 
 236      FC
 237 00c0 2D68CF02 		.ascii	"-h\317\002=\003:\017\324\007t\016\3509P+\320\015\240"
 237      3D033A0F 
 237      D407740E 
 237      E839502B 
 237      D00DA0
 238 00d3 9B40CD1C 		.ascii	"\233@\315\034\263A\343d\003y\336\007;\2468\331!\365"
 238      B341E364 
 238      0379DE07 
 238      3BA638D9 
 238      21F5
 239 00e5 E56FD0D6 		.ascii	"\345o\320\326\000\371\213\266\021\375\304\256\017al"
 239      00F98BB6 
 239      11FDC4AE 
 239      0F616C
 240 00f4 06D06F80 		.ascii	"\006\320o\200\376.\306a\010\250_\264\343\271\250\323"
 240      FE2EC661 
 240      08A85FB4 
 240      E3B9A8D3 
 241 0104 9DFFF341 		.ascii	"\235\377\363A/\026\345\022\2353\\\330f\17721\272\234"
ARM GAS  /var/folders/qd/4mxf5pkd0zdf0b9dd1hp39180000gn/T//ccR5qa2J.s 			page 19


 241      2F16E512 
 241      9D335CD8 
 241      667F3231 
 241      BA9C
 242 0116 7C741B5E 		.ascii	"|t\033^\213\221\257\032\311\200\355k\310\271\347\015"
 242      8B91AF1A 
 242      C980ED6B 
 242      C8B9E70D 
 243 0126 EC54359A 		.ascii	"\354T5\232\016lYqy\235\234\215\006\003\373\352Af3b\254"
 243      0E6C5971 
 243      799D9C8D 
 243      0603FBEA 
 243      41663362 
 244 013b 27B08965 		.ascii	"'\260\211e\315\031>\014\334\316I&\373\262\311\0336\026"
 244      CD193E0C 
 244      DCCE4926 
 244      FBB2C91B 
 244      3616
 245 014d 1E5363F0 		.ascii	"\036Sc\360\025\336s\312\006\317\213\202\224\300\346"
 245      15DE73CA 
 245      06CF8B82 
 245      94C0E6
 246 015c D5968E68 		.ascii	"\325\226\216h\260\212\016\265\236\315?H,\230\245F$\377"
 246      B08A0EB5 
 246      9ECD3F48 
 246      2C98A546 
 246      24FF
 247 016e 3ED055F0 		.ascii	">\320U\360\244\344\245\027\353\"\210\362\213\031W\274"
 247      A4E4A517 
 247      EB2288F2 
 247      8B1957BC 
 248 017e B0177DFF 		.ascii	"\260\027}\377\2461k\265\"\350\220\300\036\345\327\034"
 248      A6316BB5 
 248      22E890C0 
 248      1EE5D71C 
 249 018e FA1E61BB 		.ascii	"\372\036a\2733M\033\373w{\340\371\004\310\337i~u\333"
 249      334D1BFB 
 249      777BE0F9 
 249      04C8DF69 
 249      7E75DB
 250 01a1 1BA9B5A9 		.ascii	"\033\251\265\251\202\220(\354H\022T\0138t\002\371\243"
 250      829028EC 
 250      4812540B 
 250      387402F9 
 250      A3
 251 01b2 42E4CFA1 		.ascii	"B\344\317\241j\244%\302+Q\020\207*\240\263\034:\367"
 251      6AA425C2 
 251      2B511087 
 251      2AA0B31C 
 251      3AF7
 252 01c4 12815537 		.ascii	"\022\201U7r\376\230\335/\010\323\321i\244FU\010S\014"
 252      72FE98DD 
 252      2F08D3D1 
 252      69A44655 
 252      08530C
 253 01d7 447A969A 		.ascii	"Dz\226\232\251\310\337\235\261K\201\273\020\325Q\266"
 253      A9C8DF9D 
ARM GAS  /var/folders/qd/4mxf5pkd0zdf0b9dd1hp39180000gn/T//ccR5qa2J.s 			page 20


 253      B14B81BB 
 253      10D551B6 
 254 01e7 B5B39677 		.ascii	"\265\263\226w\247\243\326\255\216\261\212\031u)\202"
 254      A7A3D6AD 
 254      8EB18A19 
 254      752982
 255 01f6 C0A31AD0 		.ascii	"\300\243\032\320q\306\241\003T2%\035\245\267W\362x\230"
 255      71C6A103 
 255      5432251D 
 255      A5B757F2 
 255      7898
 256 0208 85EE4D5A 		.ascii	"\205\356MZy/\306\243\224\221\237\035\034J\362D\001\001"
 256      792FC6A3 
 256      94919F1D 
 256      1C4AF244 
 256      0101
 257 021a 017EDA5D 		.ascii	"\001~\332]DiU\375\003\355\226\332UB\272\211\012\253"
 257      446955FD 
 257      03ED96DA 
 257      5542BA89 
 257      0AAB
 258 022c 03611790 		.ascii	"\003a\027\220\237\303\010\035,\003\024B\326\002\203"
 258      9FC3081D 
 258      2C031442 
 258      D60283
 259 023b 77ECC3C2 		.ascii	"w\354\303\302\356i\024[\346\022\013\3348\270\337\001"
 259      EE69145B 
 259      E6120BDC 
 259      38B8DF01 
 260 024b AE770697 		.ascii	"\256w\006\227\242q\311\031\304\251t $\343P1\000N\322"
 260      A271C919 
 260      C4A97420 
 260      24E35031 
 260      004ED2
 261 025e 310207C7 		.ascii	"1\002\007\307\320E\210\303Y\024\200\316\001\235G\001"
 261      D04588C3 
 261      591480CE 
 261      019D4701 
 262 026e 34572C0E 		.ascii	"4W,\016u[0\244\220\00091\004b\036+\337$7*\360qL\203"
 262      755B30A4 
 262      90003931 
 262      04621E2B 
 262      DF24372A 
 263 0286 5C9F7FA0 		.ascii	"\\\237\177\240\001!?\255K5\350\007\220\376vMo\346\020"
 263      01213FAD 
 263      4B35E807 
 263      90FE764D 
 263      6FE610
 264 0299 459700D7 		.ascii	"E\227\000\327\340\0107\321K\325=K\356l\327\260\3059"
 264      E00837D1 
 264      4BD53D4B 
 264      EE6CD7B0 
 264      C539
 265 02ab 0DD8A286 		.ascii	"\015\330\242\206Smr\\K\265\243\333\375\327Wk\360E\306"
 265      536D725C 
 265      4BB5A3DB 
 265      FDD7576B 
ARM GAS  /var/folders/qd/4mxf5pkd0zdf0b9dd1hp39180000gn/T//ccR5qa2J.s 			page 21


 265      F045C6
 266 02be 148C66EE 		.ascii	"\024\214f\356S\340+\214\331\230\324\3665\233\364\007"
 266      53E02B8C 
 266      D998D4F6 
 266      359BF407 
 267 02ce E0D665ED 		.ascii	"\340\326e\355KW\210{\001\003\237V\2649\317\007\267P"
 267      4B57887B 
 267      01039F56 
 267      B439CF07 
 267      B750
 268 02e0 A847CA77 		.ascii	"\250G\312w\365\271\0364k\001\332\200]\324\242\241l\337"
 268      F5B91E34 
 268      6B01DA80 
 268      5DD4A2A1 
 268      6CDF
 269 02f2 CD827036 		.ascii	"\315\202p6\230\032u\031\214j\201v\334\253F$\315\033"
 269      981A7519 
 269      8C6A8176 
 269      DCAB4624 
 269      CD1B
 270 0304 C0AB7FB5 		.ascii	"\300\253\177\265R\250J\306\024]\342\214>\205&d\016\340"
 270      52A84AC6 
 270      145DE28C 
 270      3E852664 
 270      0EE0
 271 0316 2D12F875 		.ascii	"-\022\370ugx\221\233\324]\003\300U:\326\"\006\3646\004"
 271      6778919B 
 271      D45D03C0 
 271      553AD622 
 271      06F43604 
 272 032a F41604B3 		.ascii	"\364\026\004\263\025\350\006\320M\240f1\260LQ\323/\035"
 272      15E806D0 
 272      4DA06631 
 272      B04C51D3 
 272      2F1D
 273 033c 8AAE382B 		.ascii	"\212\2568+r,>1\337\331\276+A\025\001I\023\316$uI\003"
 273      722C3E31 
 273      DFD9BE2B 
 273      41150149 
 273      13CE2475 
 274 0352 D2E42CAA 		.ascii	"\322\344,\252T\342\"D\367\364\313')>\370.[ \005O{\377"
 274      54E22244 
 274      F7F4CB27 
 274      293EF82E 
 274      5B20054F 
 275 0368 83B47E4C 		.ascii	"\203\264~L\307\263\255\012\222\352v\230\334\346Hu\013"
 275      C7B3AD0A 
 275      92EA7698 
 275      DCE64875 
 275      0B
 276 0379 4DB54B6F 		.ascii	"M\265Ko\321\035p\362\2478\014j\257\216\014\\\363\361"
 276      D11D70F2 
 276      A7380C6A 
 276      AF8E0C5C 
 276      F3F1
 277 038b 13C5A4BA 		.ascii	"\023\305\244\272\025\303\375\230\214\255\331M\017T\236"
 277      15C3FD98 
ARM GAS  /var/folders/qd/4mxf5pkd0zdf0b9dd1hp39180000gn/T//ccR5qa2J.s 			page 22


 277      8CADD94D 
 277      0F549E
 278 039a 69E32706 		.ascii	"i\343'\006\272+\331V\034\352@\344#D[r\240\365^\314\025"
 278      BA2BD956 
 278      1CEA40E4 
 278      23445B72 
 278      A0F55ECC 
 279 03af 57E61460 		.ascii	"W\346\024`\217_\337_\246\304\217\331\372\313j:\026\256"
 279      8F5FDF5F 
 279      A6C48FD9 
 279      FACB6A3A 
 279      16AE
 280 03c1 869327E9 		.ascii	"\206\223'\351'\235<0a}fu\265\014\367\260\331\311g\256"
 280      279D3C30 
 280      617D6675 
 280      B50CF7B0 
 280      D9C967AE 
 281 03d5 1579E241 		.ascii	"\025y\342A\306t^(HT\342a\306t\035\\\367\304\033\217"
 281      C6745E28 
 281      4854E261 
 281      C6741D5C 
 281      F7C41B8F 
 282 03e9 32E6E0A6 		.ascii	"2\346\340\246\313{0\026d\2249U\3614\224\031\343\017"
 282      CB7B3016 
 282      64943955 
 282      F1349419 
 282      E30F
 283 03fb 5C696B5F 		.ascii	"\\ik_\225F\\\361\010\370\303\303wN\312q2\205\252\212"
 283      95465CF1 
 283      08F8C3C3 
 283      774ECA71 
 283      3285AA8A 
 284 040f 529BC730 		.ascii	"R\233\3070\202\365\016\2176\000\326|r\222P\365\303\032"
 284      82F50E8F 
 284      3600D67C 
 284      729250F5 
 284      C31A
 285 0421 FCB072F7 		.ascii	"\374\260r\367\345\225\344P\351\204C\245\033\022\324"
 285      E595E450 
 285      E98443A5 
 285      1B12D4
 286 0430 33F95061 		.ascii	"3\371PaY\236\220\254'\200xL\007{\304L\015\202\217\317"
 286      599E90AC 
 286      2780784C 
 286      077BC44C 
 286      0D828FCF 
 287 0444 21B27D40 		.ascii	"!\262}@\003@\317\200\206\200\372\201z\307\227(\321\332"
 287      0340CF80 
 287      8680FA81 
 287      7AC79728 
 287      D1DA
 288 0456 F106E7D0 		.ascii	"\361\006\347\3205JT>uV9a\247\021\370\310k\011\374\241"
 288      354A543E 
 288      75563961 
 288      A711F8C8 
 288      6B09FCA1 
 289 046a 337CC219 		.ascii	"3|\302\031I\340-R\351\367\235\341\367\2203\276Z\212"
ARM GAS  /var/folders/qd/4mxf5pkd0zdf0b9dd1hp39180000gn/T//ccR5qa2J.s 			page 23


 289      49E02D52 
 289      E9F79DE1 
 289      F79033BE 
 289      5A8A
 290 047c 7FE03A00 		.ascii	"\177\340:\000\222-\323\365\032g\013\302\024\202\232"
 290      922DD3F5 
 290      1A670BC2 
 290      14829A
 291 048b B86588AC 		.ascii	"\270e\210\254\241\3278\377\204 \254QPa\217\\\332*\361"
 291      A1D738FF 
 291      8420AC51 
 291      50618F5C 
 291      DA2AF1
 292 049e AC49AABA 		.ascii	"\254I\252\272\313\265\251!\342\006\273\367\242\273\330"
 292      CBB5A921 
 292      E206BBF7 
 292      A2BBD8
 293 04ad 0717D064 		.ascii	"\007\027\320d\362\315\243\347/y;\237\300\366\224\240"
 293      F2CDA3E7 
 293      2F793B9F 
 293      C0F694A0 
 294 04bd 97908977 		.ascii	"\227\220\211w\311\212\270O\337\340$r\026\014\303\314"
 294      C98AB84F 
 294      DFE02472 
 294      160CC3CC 
 295 04cd 178E8DDA 		.ascii	"\027\216\215\332c?\223\373r2\256yH\267\311\360\204m"
 295      633F93FB 
 295      7232AE79 
 295      48B7C9F0 
 295      846D
 296 04df 32823CC5 		.ascii	"2\202<\305)\200-^\223\325\355\205\313\231\261#E\005"
 296      29802D5E 
 296      93D5ED85 
 296      CB99B123 
 296      4505
 297 04f1 D508693D 		.ascii	"\325\010i=\231\032\370<n\357%\237\363\3270\341\225C"
 297      991AF83C 
 297      6EEF259F 
 297      F3D730E1 
 297      9543
 298 0503 CF08DD66 		.ascii	"\317\010\335fn\304\243Qp\303\241\201\314%;\246f(\303"
 298      6EC4A351 
 298      70C3A181 
 298      CC253BA6 
 298      6628C3
 299 0516 0BD7332D 		.ascii	"\013\3273-]/\223Oh\334}\371\005\336\335\227\377Y\356"
 299      5D2F934F 
 299      68DC7DF9 
 299      05DEDD97 
 299      FF59EE
 300 0529 D444E2F5 		.ascii	"\324D\342\365\030d\340\215\303\232\032\372\341'\275"
 300      1864E08D 
 300      C39A1AFA 
 300      E127BD
 301 0538 A0E74043 		.ascii	"\240\347@C\376\250\014_ez\206j\272\363\224\356\364$"
 301      FEA80C5F 
 301      657A866A 
ARM GAS  /var/folders/qd/4mxf5pkd0zdf0b9dd1hp39180000gn/T//ccR5qa2J.s 			page 24


 301      BAF394EE 
 301      F424
 302 054a B9D5D3F4 		.ascii	"\271\325\323\364kr\010&\362j\004u\204\223\026\350%\273"
 302      6B720826 
 302      F26A0475 
 302      849316E8 
 302      25BB
 303 055c F77445A5 		.ascii	"\367tE\245\346\016\034RP.\242)41\010\261_h\011Q~\314"
 303      E60E1C52 
 303      502EA229 
 303      343108B1 
 303      5F680951 
 304 0572 FE20D60F 		.ascii	"\376 \326\017\275<kD(a\354S\320x\017/\312\340\355r\351"
 304      BD3C6B44 
 304      2861EC53 
 304      D0780F2F 
 304      CAE0ED72 
 305 0587 9F280049 		.ascii	"\237(\000I\245\262q\246\316\376\260\012\227\275H\346"
 305      A5B271A6 
 305      CEFEB00A 
 305      97BD48E6 
 306 0597 B12EDEA1 		.ascii	"\261.\336\241L2e\222\255\334\370\360\270Q\016'\221x"
 306      4C326592 
 306      ADDCF8F0 
 306      B8510E27 
 306      9178
 307 05a9 165737AD 		.ascii	"\026W7\255|\240n\207\017\005\207\240\324NW\306\322c"
 307      7CA06E87 
 307      0F0587A0 
 307      D44E57C6 
 307      D263
 308 05bb EEC0A1EC 		.ascii	"\356\300\241\354N\025neg\336\311\314G=*\031\317Nd\024"
 308      4E156E65 
 308      67DEC9CC 
 308      473D2A19 
 308      CF4E6414 
 309 05cf 27237DB5 		.ascii	"'#}\265c/\252|\330A\310K\016\351\251\354\220~U\227s"
 309      632FAA7C 
 309      D841C84B 
 309      0EE9A9EC 
 309      907E5597 
 310 05e4 CD63DAB7 		.ascii	"\315c\332\267t\257$\011Sx\364\351\317\321\032\336\037"
 310      74AF2409 
 310      5378F4E9 
 310      CFD11ADE 
 310      1F
 311 05f5 A5F264E1 		.ascii	"\245\362d\341\246\361\323\340w5/c\026\014oj})\233\261"
 311      A6F1D3E0 
 311      77352F63 
 311      160C6F6A 
 311      7D299BB1 
 312 0609 43D8D12E 		.ascii	"C\330\321.T\335\311\305\333\316<\024\004\265\214\240"
 312      54DDC9C5 
 312      DBCE3C14 
 312      04B58CA0 
 313 0619 D02A47E6 		.ascii	"\320*G\346\340\025~S\370v\204\222\371;`\355Z~\006L~"
 313      E0157E53 
ARM GAS  /var/folders/qd/4mxf5pkd0zdf0b9dd1hp39180000gn/T//ccR5qa2J.s 			page 25


 313      F8768492 
 313      F93B60ED 
 313      5A7E064C 
 314 062e BA2769B3 		.ascii	"\272'i\263\017\316\225SC\213\317V\246\252\251\241$\355"
 314      0FCE9553 
 314      438BCF56 
 314      A6AAA9A1 
 314      24ED
 315 0640 CCD0B1EC 		.ascii	"\314\320\261\354\015y\012\332G\026\334z\236v\326\327"
 315      0D790ADA 
 315      4716DC7A 
 315      9E76D6D7 
 316 0650 66DEF3A1 		.ascii	"f\336\363\241\235dOl`\235W\332\323z\225n\215N\247Fo"
 316      9D644F6C 
 316      609D57DA 
 316      D37A956E 
 316      8D4EA746 
 317 0665 B41BDDD5 		.ascii	"\264\033\335\325>xX.\032\335\244\2053\005\3264T\263"
 317      3E78582E 
 317      1ADDA485 
 317      3305D634 
 317      54B3
 318 0677 8042EB1C 		.ascii	"\200B\353\034F\257s6:\203\032\235\233Qw\304\003\027"
 318      46AF7336 
 318      3A831A9D 
 318      9B5177C4 
 318      0317
 319 0689 32A38FB5 		.ascii	"2\243\217\265\217\226\313X$}\201\035\250\331? ^(\322"
 319      8F96CB58 
 319      247D811D 
 319      A8D93F20 
 319      5E28D2
 320 069c C92725B1 		.ascii	"\311'%\261a\260T\203+\0316\265\276\355\232x\371x\017"
 320      61B05483 
 320      2B1936B5 
 320      BEED9A78 
 320      F9780F
 321 06af D8EB8F77 		.ascii	"\330\353\217w\265y\223\357\237 \356`\350w\234\017[x"
 321      B57993EF 
 321      9F20EE60 
 321      E8779C0F 
 321      5B78
 322 06c1 58EB7002 		.ascii	"X\353p\002\242oy\372\355+H\271\237\257\204\311\376p"
 322      A26F79FA 
 322      ED2B48B9 
 322      9FAF84C9 
 322      FE70
 323 06d3 C940921B 		.ascii	"\311@\222\033\206?\273a\234\250\0328,\303uT\021\177"
 323      863FBB61 
 323      9CA81A38 
 323      2CC37554 
 323      117F
 324 06e5 ECF0FDCF 		.ascii	"\354\360\375\317\221Vm\277\017\004\245\254&\336m\203"
 324      91566DBF 
 324      0F04A5AC 
 324      26DE6D83 
 325 06f5 A8E638BC 		.ascii	"\250\3468\274\363'{\211\356J!O\300\32384\333\037\005"
ARM GAS  /var/folders/qd/4mxf5pkd0zdf0b9dd1hp39180000gn/T//ccR5qa2J.s 			page 26


 325      F3277B89 
 325      EE4A214F 
 325      C0D33834 
 325      DB1F05
 326 0708 C39EDC0A 		.ascii	"\303\236\334\012{\322_\334\223\331\020\300,\246?\177"
 326      7BD25FDC 
 326      93D910C0 
 326      2CA63F7F 
 327 0718 FBFE1A2F 		.ascii	"\373\376\032/\334\310\024\264\035\356\271\204\3075\300"
 327      DCC814B4 
 327      1DEEB984 
 327      C735C0
 328 0727 6DA090DE 		.ascii	"m\240\220\336\006\266\203\206\\\207\206m\274\033\025"
 328      06B68386 
 328      5C87866D 
 328      BC1B15
 329 0736 DFB95691 		.ascii	"\337\271V\221tc\317\230\3127]<\243\377\204\250\274L"
 329      7463CF98 
 329      CA375D3C 
 329      A3FF84A8 
 329      BC4C
 330 0748 18DF4C73 		.ascii	"\030\337Ls\270\203\367\265\307\205\240_vW\0132\265("
 330      B883F7B5 
 330      C785A05F 
 330      76570B32 
 330      B528
 331 075a 3DF5EDD2 		.ascii	"=\365\355\322\327\337\032\334<A\372\316\037\223~\356"
 331      D7DF1ADC 
 331      3C41FACE 
 331      1F937EEE 
 332 076a 55618E6A 		.ascii	"Ua\216jf\236\320XE\227\365\372\224K\220\245\304)h\027"
 332      669ED058 
 332      4597F5FA 
 332      944B90A5 
 332      C4296817 
 333 077e EF8BBE01 		.ascii	"\357\213\276\001\027a)H&o\202\236\177\360\034\312\343"
 333      17612948 
 333      266F829E 
 333      7FF01CCA 
 333      E3
 334 078f 67920269 		.ascii	"g\222\002i\240\365\241\212\345Y\013\354\335\326\356"
 334      A0F5A18A 
 334      E5590BEC 
 334      DDD6EE
 335 079e 346F7C93 		.ascii	"4o|\223\255\201-%\035\275\336\270\2031\031g\236\017"
 335      AD812D25 
 335      1DBDDEB8 
 335      83311967 
 335      9E0F
 336 07b0 68701763 		.ascii	"hp\027c\032\326l\002\301\217\031\323\327x&M\205\007"
 336      1AD66C02 
 336      C18F19D3 
 336      D778264D 
 336      8507
 337 07c2 189376BA 		.ascii	"\030\223v\272y\225\012\277b\314\316\007%\260"
 337      79950ABF 
 337      62CCCE07 
ARM GAS  /var/folders/qd/4mxf5pkd0zdf0b9dd1hp39180000gn/T//ccR5qa2J.s 			page 27


 337      25B0
 338 07d0 651215EC 		.ascii	"e\022\025\354^y\253H\207\327\262\367\374\222\365w\345"
 338      5E79AB48 
 338      87D7B2F7 
 338      FC92F577 
 338      E5
 339 07e1 389331F7 		.ascii	"8\2231\367\212\223\207d8\2131\215\245\355\235\3368\227"
 339      8A938764 
 339      388B318D 
 339      A5ED9DDE 
 339      3897
 340 07f3 31272AFA 		.ascii	"1'*\372\366\250\330\012\025H\231\177\341\372\316#r\274"
 340      F6A8D80A 
 340      1548997F 
 340      E1FACE23 
 340      72BC
 341 0805 830E7A0F 		.ascii	"\203\016z\017\216voU\2602_|\264\216\312'\365\212\244"
 341      8E766F55 
 341      B0325F7C 
 341      B48ECA27 
 341      F58AA4
 342 0818 F2D90F1E 		.ascii	"\362\331\017\036\027\361\223\312\020i\241\320\277Q\356"
 342      17F193CA 
 342      1069A1D0 
 342      BF51EE
 343 0827 F85A1F70 		.ascii	"\370Z\037p\306O.,Z\262%\370c\316\370\335\274\233\312"
 343      C64F2E2C 
 343      5AB225F8 
 343      63CEF8DD 
 343      BC9BCA
 344 083a EA286481 		.ascii	"\352(d\201]\010\010\236|\303\277\207\005P\314\007\240"
 344      5D08089E 
 344      7CC3BF87 
 344      0550CC07 
 344      A0
 345 084b 93409540 		.ascii	"\223@\225@\247\200\312\201\012\201J\200\216\003\225"
 345      A780CA81 
 345      0A814A80 
 345      8E0395
 346 085a 02550095 		.ascii	"\002U\000\225\001\235\340\245\325V\223\324\354#\316"
 346      019DE0A5 
 346      D55693D4 
 346      EC23CE
 347 0869 664C2A9F 		.ascii	"fL*\237\316K\341\005.\341\222\012\246C\212>\344\214"
 347      CE4BE105 
 347      2EE1920A 
 347      A6438A3E 
 347      E48C
 348 087b 2E9D1493 		.ascii	".\235\024\223\021)>\337u\314%\342\317gI\340\373\234"
 348      11293EDF 
 348      75CC25E2 
 348      CF6749E0 
 348      FB9C
 349 088d E1A726DC 		.ascii	"\341\247&\334\311\340z|=[\276\215\225_\344\206\274\307"
 349      C9E07A7C 
 349      3D5BBE8D 
 349      955FE486 
ARM GAS  /var/folders/qd/4mxf5pkd0zdf0b9dd1hp39180000gn/T//ccR5qa2J.s 			page 28


 349      BCC7
 350 089f 75C825E2 		.ascii	"u\310%\342\237m\224K\312\265\203\256S*\255\327\244\346"
 350      9F6D944B 
 350      CAB583AE 
 350      532AADD7 
 350      A4E6
 351 08b1 EC756D0E 		.ascii	"\354um\016\363V\274\344n\220\323Z\021`\223k\305\266"
 351      F356BCE4 
 351      6E90D35A 
 351      1160936B 
 351      C5B6
 352 08c3 09CA0FBB 		.ascii	"\011\312\017\273\216\235\275\372{~\350P\253\006\357"
 352      8E9DBDFA 
 352      7B7EE850 
 352      AB06EF
 353 08d2 A5AB9ACF 		.ascii	"\245\253\232\317Nk\314T:\356W\331rZ\267U\303\354*\307"
 353      4E6BCC54 
 353      3AEE57D9 
 353      725AB755 
 353      C3EC2AC7 
 354 08e6 614574BA 		.ascii	"aEt\272YY\3504,\250\377uq\201Q\367\217f4yJ+\302j^Z\021"
 354      5959E834 
 354      2CA8FF75 
 354      718151F7 
 354      8F663479 
 355 0901 9EE1D9C5 		.ascii	"\236\341\331\305\011Z\000\367\264\344\025zN\274\251"
 355      095A00F7 
 355      B4E4157A 
 355      4EBCA9
 356 0910 B9FA9701 		.ascii	"\271\372\227\0017\351\377\005\250\206\367#\377\224\252"
 356      37E9FF05 
 356      A886F723 
 356      FF94AA
 357 091f 2859E5AD 		.ascii	"(Y\345\255\026\253\256\324\267\336\256P--\252\252\036"
 357      16ABAED4 
 357      B7DEAE50 
 357      2D2DAAAA 
 357      1E
 358 0930 ED2C9870 		.ascii	"\355,\230p\267#\347\235\303\304:\321D\322*\"\302\302"
 358      B723E79D 
 358      C3C43AD1 
 358      44D22A22 
 358      C2C2
 359 0942 4C36138E 		.ascii	"L6\023\216Z\036\023\034\024\244c\177\326\004\3352S\214"
 359      5A1E131C 
 359      14A4637F 
 359      D604DD32 
 359      538C
 360 0954 2EDEBADC 		.ascii	".\336\272\334\226\240\213\\\374\321\354P\335\242Ea\272"
 360      96A08B5C 
 360      FCD1EC50 
 360      DDA24561 
 360      BA
 361 0965 F9110B3F 		.ascii	"\371\021\013?\371W\210.\336\024c\214\211\211\016\212"
 361      F957882E 
 361      DE14638C 
 361      89890E8A 
ARM GAS  /var/folders/qd/4mxf5pkd0zdf0b9dd1hp39180000gn/T//ccR5qa2J.s 			page 29


 362 0975 52CEFFF8 		.ascii	"R\316\377\370/\323\365!!\234\332h\\a\211\263\315\016"
 362      2FD3F521 
 362      219CDA68 
 362      5C6189B3 
 362      CD0E
 363 0987 35DA3621 		.ascii	"5\3326!\335\334\370\370\030K\224\311f\261\306%\350\302"
 363      DDDCF8F8 
 363      184B94C9 
 363      66B1C625 
 363      E8C2
 364 0999 A3622CF1 		.ascii	"\243b,\361\011f\24390~E\324\027\241A\246\370x\235\336"
 364      0966A339 
 364      307E45D4 
 364      17A141A6 
 364      F8789DDE 
 365 09ad 1A6733C7 		.ascii	"\032g3\307\331&\015\352\026[\2551\011\272\245QQ\201"
 365      D9260DEA 
 365      165BAD31 
 365      09BAA551 
 365      5181
 366 09bf A6E5B181 		.ascii	"\246\345\261\201q\3268s\240\331\364\231%pN`hp\310\234"
 366      71D63873 
 366      A0D9F499 
 366      25704E60 
 366      6870C89C 
 367 09d3 C07FFE36 		.ascii	"\300\177\37660\326\364\271u\271n\302\250\316\022\027"
 367      30D6F4B9 
 367      75B96EC2 
 367      A8CE1217 
 368 09e3 15B322DA 		.ascii	"\025\263\"\332\254\2135E-\263\304\231u\306h\363\022"
 368      AC8B3545 
 368      2DB3C499 
 368      75C668F3 
 368      12
 369 09f4 D38A189B 		.ascii	"\323\212\030\233\321\366U\2749!h\031\247\264\033\267"
 369      D1F655BC 
 369      39216819 
 369      A7B41BB7 
 370 0a04 FAFF675C 		.ascii	"\372\377g\\\302W\011:c\202-\032,\001\213\2605z9\204"
 370      C257093A 
 370      63822D1A 
 370      2C018BB0 
 370      357A3984 
 371 0a18 7C59C83B 		.ascii	"|Y\310;\206|\031\347\233`\213\005W\226\306[\254\306"
 371      867C19E7 
 371      9B608B05 
 371      5796C65B 
 371      ACC6
 372 0a2a 04B36D45 		.ascii	"\004\263mE\274\321\246\210\320\223\024*\"\346\261f."
 372      BCD1A688 
 372      D093142A 
 372      22E6B166 
 372      2E
 373 0a3b 6BC249A3 		.ascii	"k\302I\243\212\230\273\010<ZbY\212\347\031\014\262y"
 373      8A98BB08 
 373      3C5A6259 
 373      8AE7190C 
ARM GAS  /var/folders/qd/4mxf5pkd0zdf0b9dd1hp39180000gn/T//ccR5qa2J.s 			page 30


 373      B279
 374 0a4d 910603FE 		.ascii	"\221\006\003\376$\314\200\027\002\351\015\013\200\026"
 374      24CC8017 
 374      02E90D0B 
 374      8016
 375 0a5b C916E9FF 		.ascii	"\311\026\351\377l\230)5\304\374\245M\247\377(ra$\030"
 375      6C982935 
 375      C4FCA54D 
 375      A7FF2872 
 375      612418
 376 0a6e A2A3FA96 		.ascii	"\242\243\372\226\204\004\177\011\312=\2119\306\305\020"
 376      84047F09 
 376      CA3D8939 
 376      C6C510
 377 0a7d D630F312 		.ascii	"\3260\363\022\265\305J\254\265D\033m\236\3545\326\224"
 377      B5C54AAC 
 377      B5441B6D 
 377      9EEC35D6 
 377      94
 378 0a8e F085D1A6 		.ascii	"\360\205\321\246\264Xc\255\321f\243\315\313(\232m\264"
 378      B45863AD 
 378      D166A3CD 
 378      CB289A6D 
 378      B4
 379 0a9f C4596CEF 		.ascii	"\304Yl\357\352j\024\367\263\361\371\340\350\322\345"
 379      EA6A14F7 
 379      B3F1F9E0 
 379      E8D2E5
 380 0aae D615F144 		.ascii	"\326\025\361D\256&j\311R\233\351\263\240\017>\010\231"
 380      AE266AC9 
 380      529BE9B3 
 380      A00F3E08 
 380      99
 381 0abf AD60EF2A 		.ascii	"\255`\357*\266\374~g\264y\210\255\312\020\036\031n\370"
 381      B6FC7E67 
 381      B47988AD 
 381      CA101E19 
 381      6EF8
 382 0ad1 6B785830 		.ascii	"kxX0\326G\202\333az\203\307\334\210y!\341\037\3236\024"
 382      D64782DB 
 382      617A83C7 
 382      DC887921 
 382      E11FD336 
 383 0ae6 5AC5DC05 		.ascii	"Z\305\334\005\363\240Q\222nC\344b\372\022J^\260~\241"
 383      F3A05192 
 383      6E43E462 
 383      FA124A5E 
 383      B07EA1
 384 0af9 41A6FF70 		.ascii	"A\246\377p\276\201\327\033\344\244\015\325\030\364z"
 384      BE81D71B 
 384      E4A40DD5 
 384      18F47A
 385 0b08 BBD7FF05 		.ascii	"\273\327\377\005I\335}\312"
 385      49DD7DCA 
 386              		.text
 387              		.section	.gnu.lto_.symtab.fa4c88778d07caba,"",%progbits
 388 0000 5F70616C 		.ascii	"_pal_lld_init\000"
ARM GAS  /var/folders/qd/4mxf5pkd0zdf0b9dd1hp39180000gn/T//ccR5qa2J.s 			page 31


 388      5F6C6C64 
 388      5F696E69 
 388      7400
 389 000e 00       		.ascii	"\000"
 390 000f 00       		.ascii	"\000"
 391 0010 00       		.ascii	"\000"
 392 0011 00000000 		.ascii	"\000\000\000\000\000\000\000\000"
 392      00000000 
 393 0019 0B010000 		.ascii	"\013\001\000\000"
 394 001d 5F70616C 		.ascii	"_pal_lld_setgroupmode\000"
 394      5F6C6C64 
 394      5F736574 
 394      67726F75 
 394      706D6F64 
 395 0033 00       		.ascii	"\000"
 396 0034 00       		.ascii	"\000"
 397 0035 00       		.ascii	"\000"
 398 0036 00000000 		.ascii	"\000\000\000\000\000\000\000\000"
 398      00000000 
 399 003e 11010000 		.ascii	"\021\001\000\000"
 400              		.text
 401              		.section	.gnu.lto_.opts,"",%progbits
 402 0000 272D666D 		.ascii	"'-fmath-errno' '-fsigned-zeros' '-ftrapping-math' '"
 402      6174682D 
 402      6572726E 
 402      6F272027 
 402      2D667369 
 403 0033 2D666E6F 		.ascii	"-fno-trapv' '-fno-openmp' '-fno-openacc' '-mcpu=cor"
 403      2D747261 
 403      70762720 
 403      272D666E 
 403      6F2D6F70 
 404 0066 7465782D 		.ascii	"tex-m3' '-mno-thumb-interwork' '-mthumb' '-O2' '-fo"
 404      6D332720 
 404      272D6D6E 
 404      6F2D7468 
 404      756D622D 
 405 0099 6D69742D 		.ascii	"mit-frame-pointer' '-falign-functions=16' '-ffuncti"
 405      6672616D 
 405      652D706F 
 405      696E7465 
 405      72272027 
 406 00cc 6F6E2D73 		.ascii	"on-sections' '-fdata-sections' '-fno-common' '-flto"
 406      65637469 
 406      6F6E7327 
 406      20272D66 
 406      64617461 
 407 00ff 2700     		.ascii	"'\000"
 408              		.text
 409              		.comm	__gnu_lto_v1,1,1
 410              		.comm	__gnu_lto_slim,1,1
 411              		.ident	"GCC: (GNU Tools for Arm Embedded Processors 7-2017-q4-major) 7.2.1 20170904 (release) [ARM
ARM GAS  /var/folders/qd/4mxf5pkd0zdf0b9dd1hp39180000gn/T//ccR5qa2J.s 			page 32


DEFINED SYMBOLS
                            *ABS*:0000000000000000 pal_lld.c
                            *COM*:0000000000000001 __gnu_lto_v1
                            *COM*:0000000000000001 __gnu_lto_slim

NO UNDEFINED SYMBOLS
