ARM GAS  /var/folders/qd/4mxf5pkd0zdf0b9dd1hp39180000gn/T//ccxu2znv.s 			page 1


   1              		.cpu cortex-m4
   2              		.eabi_attribute 20, 1
   3              		.eabi_attribute 21, 1
   4              		.eabi_attribute 23, 3
   5              		.eabi_attribute 24, 1
   6              		.eabi_attribute 25, 1
   7              		.eabi_attribute 26, 1
   8              		.eabi_attribute 30, 2
   9              		.eabi_attribute 34, 1
  10              		.eabi_attribute 18, 4
  11              		.file	"board.c"
  12              		.section	.gnu.lto_.profile.371051f6f54a5a2d,"",%progbits
  13 0000 789C6363 		.ascii	"x\234cc```\001bF\006>f\000\000\227\000\035"
  13      60606001 
  13      6246063E 
  13      66000097 
  13      001D
  14              		.text
  15              		.section	.gnu.lto_.icf.371051f6f54a5a2d,"",%progbits
  16 0000 789C6363 		.ascii	"x\234cc``\020a@\000f\206\325\253\276\376dbljh\335\304"
  16      60601061 
  16      40006686 
  16      D5ABBEFE 
  16      64626C6A 
  17 0017 C7F461E9 		.ascii	"\307\364a\351\367\347l\014\000`\030\011&"
  17      F7E76C0C 
  17      00601809 
  17      26
  18              		.text
  19              		.section	.gnu.lto_.jmpfuncs.371051f6f54a5a2d,"",%progbits
  20 0000 789C6363 		.ascii	"x\234cc``\340d@\000&\020\301\010\304\000\001\202\000"
  20      6060E064 
  20      40002610 
  20      C108C400 
  20      018200
  21 0013 13       		.ascii	"\023"
  22              		.text
  23              		.section	.gnu.lto_.inline.371051f6f54a5a2d,"",%progbits
  24 0000 789C6363 		.ascii	"x\234cc``\320f@\000&\006\006\026\036F\020\305\300\266"
  24      6060D066 
  24      40002606 
  24      06161E46 
  24      10C5C0B6 
  25 0014 401E4431 		.ascii	"@\036D10r\201\010\006f&Ta\006\000-\266\001\351"
  25      30728108 
  25      06662654 
  25      6106002D 
  25      B601E9
  26              		.text
  27              		.section	.gnu.lto_.pureconst.371051f6f54a5a2d,"",%progbits
  28 0000 789C6363 		.ascii	"x\234cc```\005b&\006\011F\006\000\000\334\000'"
  28      60606005 
  28      62260609 
  28      46060000 
  28      DC0027
  29              		.text
  30              		.section	.gnu.lto___early_init.371051f6f54a5a2d,"",%progbits
ARM GAS  /var/folders/qd/4mxf5pkd0zdf0b9dd1hp39180000gn/T//ccxu2znv.s 			page 2


  31 0000 789C6363 		.ascii	"x\234cc``X\005\304f@,\015\304\214\314\014\214L\023\316"
  31      60605805 
  31      C466402C 
  31      0DC48CCC 
  31      0C8C4C13 
  32 0015 31303472 		.ascii	"104r012\202\030\015\034\214\014\365L\214\365\214=\314"
  32      30313282 
  32      180D1C8C 
  32      0CF54C8C 
  32      F58C3DCC 
  33 0029 5398190F 		.ascii	"S\230\031\017\265?\333\311\244\271\274\001\010\016L"
  33      B53FDBC9 
  33      A4B9BC01 
  33      080E4C
  34 0038 9FC3D6D6 		.ascii	"\237\303\326\326\320*1\207\231\201a\032\020\203\000"
  34      D02A3187 
  34      9981611A 
  34      108300
  35 0047 E366464D 		.ascii	"\343fFM\006\240\262G\033\377M\345ec\201\2103nadc`\004"
  35      06A0B247 
  35      1BFF4DE5 
  35      65638188 
  35      336E6164 
  36 005e 32D65F62 		.ascii	"2\326_b=\320\360\357\177{\303\2013\213\0317\273\001"
  36      3DD0F0EF 
  36      7F7BC381 
  36      338B1937 
  36      BB01
  37 0070 E53A8018 		.ascii	"\345:\200\030hI\303\001\206Nf&\020\253\371\000\303\033"
  37      6849C301 
  37      864E6626 
  37      10ABF900 
  37      C31B
  38 0082 C6E6058F 		.ascii	"\306\346\005\217{\230\301\272\200F\355\334\371\3466"
  38      7B98C1BA 
  38      8046EDDC 
  38      F9E636
  39 0091 7BFDDF06 		.ascii	"{\375\337\006\2169\314\214\323\230\201\3060ne\254g\230"
  39      8E39CC8C 
  39      D39881C6 
  39      306E65AC 
  39      6798
  40 00a3 0354FE8E 		.ascii	"\003T\376\216\261i\301\363\036F\260B\020\350\000\312"
  40      B169C1F3 
  40      1E46B042 
  40      10E800CA 
  41 00b3 028D6062 		.ascii	"\002\215`b`0\321\323\323\207\240\374b\375\214\304\034"
  41      6030D1D3 
  41      D387A0FC 
  41      62FD8CC4 
  41      1C
  42 00c4 FDA4FCC4 		.ascii	"\375\244\374\304\242\224b\375\340\220\370\340\020_c"
  42      A29462FD 
  42      E090F8E0 
  42      105F63
  43 00d3 2337E378 		.ascii	"#7\343x\027\317`g\3770\327\240H\210\234^2\003\000\205"
  43      17CF6067 
ARM GAS  /var/folders/qd/4mxf5pkd0zdf0b9dd1hp39180000gn/T//ccxu2znv.s 			page 3


  43      FF30D7A0 
  43      48889C5E 
  43      32030085 
  44 00e7 4A49EC   		.ascii	"JI\354"
  45              		.text
  46              		.section	.gnu.lto_boardInit.371051f6f54a5a2d,"",%progbits
  47 0000 789C6363 		.ascii	"x\234cc``\250\003b3 \226\006bFf\006F\246\011\347\030"
  47      6060A803 
  47      62332096 
  47      06624666 
  47      0646A609 
  48 0016 181A3998 		.ascii	"\030\0329\230\030\031A\214\006\016F\206z&\306z\306\036"
  48      1819418C 
  48      060E4686 
  48      7A26C67A 
  48      C61E
  49 0028 E629CC8C 		.ascii	"\346)\314\214\207\332\237\355d\322\\\336\000\004\007"
  49      87DA9FED 
  49      64D25CDE 
  49      000407
  50 0037 A67F636F 		.ascii	"\246\177cokh\225\230\303\314\3000\015\210A\200q3\243"
  50      6B689598 
  50      C3CCC030 
  50      0D884180 
  50      7133A3
  51 004a 260350D9 		.ascii	"&\003P\331\243\215\377\246\362\262\261@\304\031\267"
  51      A38DFFA6 
  51      F2B2B140 
  51      C419B7
  52 0059 30B23130 		.ascii	"0\26210\002\031\353/\261\036h\370\367\277\275\341\300"
  52      0219EB2F 
  52      B11E68F8 
  52      F7BFBDE1 
  52      C0
  53 006a 97458C3F 		.ascii	"\227E\214?\335\231\030\030:\200\362@K\032\0160t23\201"
  53      DD991818 
  53      3A80F240 
  53      4B1A0E30 
  53      74323381 
  54 007e 58CD0718 		.ascii	"X\315\007\030\33616)\200\265\200@\0073#H\030\250\324"
  54      DE313629 
  54      80B58040 
  54      07332348 
  54      18A8D4
  55 0091 444F4F1F 		.ascii	"DOO\037\202\362\213\3653\022s\364\223\362\023\213R\212"
  55      82F28BF5 
  55      331273F4 
  55      93F2138B 
  55      528A
  56 00a3 F58343E2 		.ascii	"\365\203C\342\203C|\215\215\334\214\343]<\203\235\375"
  56      83437C8D 
  56      8DDC8CE3 
  56      5D3C839D 
  56      FD
  57 00b4 C35C8322 		.ascii	"\303\\\203\"!rz\311\014\000&\347;i"
  57      21727AC9 
  57      0C0026E7 
ARM GAS  /var/folders/qd/4mxf5pkd0zdf0b9dd1hp39180000gn/T//ccxu2znv.s 			page 4


  57      3B69
  58              		.text
  59              		.section	.gnu.lto_pal_default_config.371051f6f54a5a2d,"",%progbits
  60 0000 789C7D91 		.ascii	"x\234}\221\353J\002A\024\307\3678\272Yi\276@_\373\322"
  60      EB4A0241 
  60      14C7F738 
  60      BA5969BE 
  60      405FFBD2 
  61 0014 13083D43 		.ascii	"\023\010=C\357\320#\324\033lw\273\321\005\267\242\014"
  61      EFD023D4 
  61      1B6C77BB 
  61      D105B7A2 
  61      0C
  62 0025 25E94306 		.ascii	"%\351C\006*h\246e\265\226\345\255\242b\015\354B\005"
  62      2A68A665 
  62      B596E5AD 
  62      A2620DEC 
  62      4205
  63 0037 E28730ED 		.ascii	"\342\2070\355Ft\003\233\361L\302B8\037\366\317\371\355"
  63      4674039B 
  63      F14CC242 
  63      381FF6CF 
  63      F9ED
  64 0049 70CE6F66 		.ascii	"p\316ofDA\020:\211 \200\200\313N\300W\214|\232\307\210"
  64      4441103A 
  64      89208080 
  64      CB4EC057 
  64      8C7C9AC7 
  65 005e 835048CB 		.ascii	"\203PH\313\225\257\357'\202e\245B(\2308/g\015\010N="
  65      95AFEF27 
  65      8265A542 
  65      2898382F 
  65      670D084E 
  66 0073 598F8122 		.ascii	"Y\217\201\"\357\313\233WDd\241\345\253\353,%ZC\222\315"
  66      EFCB9B57 
  66      4464A1E5 
  66      ABEB2C25 
  66      5A4392CD 
  67 0087 25753B08 		.ascii	"%u;\010\310\024\007\240U&\200\241\203\020\013\002\353"
  67      C81407A0 
  67      552680A1 
  67      83100B02 
  67      EB
  68 0098 2CF41064 		.ascii	",\364\020da\300\177\"\213\252\305`~\325\310\307\002"
  68      61C07F22 
  68      8BAAC560 
  68      7ED5C8C7 
  68      02
  69 00a9 AD27D317 		.ascii	"\255'\323\027\\J\366d\215\024\214\274\373\023:$J\357"
  69      5C4AF664 
  69      8D148CBC 
  69      FB133A24 
  69      4AEF
  70 00bb 4F85CDBD 		.ascii	"O\205\315\275\330\363]\362M\212\244V\315\324\342\332"
  70      D8F35DF2 
  70      4D8AA456 
  70      CDD4E2DA 
ARM GAS  /var/folders/qd/4mxf5pkd0zdf0b9dd1hp39180000gn/T//ccxu2znv.s 			page 5


  71 00cb B759ABB2 		.ascii	"\267Y\253\262\245Q\331D\225\010\252\204\377S9\367\256"
  71      A551D944 
  71      9508AA84 
  71      FF5339F7 
  71      AE
  72 00dc D8F4D836 		.ascii	"\330\364\3306\313\017\354~\271\2155\326;a\000\333n\327"
  72      CB0FEC7E 
  72      B98D35D6 
  72      3B6100DB 
  72      6ED7
  73 00ee 39A1D3B6 		.ascii	"9\241\323\266\024\201Z\333vJ\342\323\237=\010$\272\330"
  73      14815ADB 
  73      764AE2D3 
  73      9F3D0824 
  73      BAD8
  74 0100 89A2859C 		.ascii	"\211\242\205\234\337\\o\216\202sv\353\314\211\315\337"
  74      DF5C6F8E 
  74      827376EB 
  74      CC89CDDF 
  75 0110 F89A6B6D 		.ascii	"\370\232km]z\212VgGf\370\023\312\243xQ\301\205H\334"
  75      5D7A8A56 
  75      674766F8 
  75      13CAA378 
  75      51C18548 
  76 0125 C2EFEE9E 		.ascii	"\302\357\356\236=\263?:\360\330\302\001{\200L)9\305"
  76      3DB33F3A 
  76      F0D8C201 
  76      7B804C29 
  76      39C5
  77 0137 2F578AE9 		.ascii	"/W\212\351(\270\222\036\312\026\255\333!\272\035\240"
  77      28B8921E 
  77      CA16ADDB 
  77      21BA1DA0 
  78 0147 5B1CDDF6 		.ascii	"[\034\335\3665n{\0327\373pN\345S%\245\203\202\217\262"
  78      356E7B1A 
  78      37FB704E 
  78      E55325A5 
  78      83828FB2 
  79 015b 7B51FF27 		.ascii	"{Q\377'\253T\315\346\227r\036.\253.\253.\221\242\321"
  79      AB54CDE6 
  79      97721E2E 
  79      AB2EAB2E 
  79      91A2D1
  80 016e FCD06103 		.ascii	"\374\320a\003\337\365\321_`\272%g\270l\342\350\264O"
  80      DFF5D15F 
  80      60BA2567 
  80      B86CE2E8 
  80      B44F
  81 0180 658277E3 		.ascii	"e\202w\343smZ\277#\315\335e\320/\255\361K\241_\022\375"
  81      736D5ABF 
  81      23CDDD65 
  81      D02FADF1 
  81      4BA15F12 
  82 0195 AEF3CF6F 		.ascii	"\256\363\317oF\354\321\345 :\2314\3001Xeb\204\004\213"
  82      46ECD1E5 
  82      203A9934 
  82      C0315865 
ARM GAS  /var/folders/qd/4mxf5pkd0zdf0b9dd1hp39180000gn/T//ccxu2znv.s 			page 6


  82      6284048B 
  83 01a9 4688B168 		.ascii	"F\210\261h\202\035\026\315\020ea\202\015\260\012pB?"
  83      821D16CD 
  83      10656182 
  83      0DB00A70 
  83      423F
  84 01bb BF1FD30C 		.ascii	"\277\037\323\014r"
  84      72
  85              		.text
  86              		.section	.gnu.lto_.symbol_nodes.371051f6f54a5a2d,"",%progbits
  87 0000 789C6363 		.ascii	"x\234cc``\360\000b\006\246V\246z\006\206\011\347\030"
  87      6060F000 
  87      6206A656 
  87      A67A0686 
  87      09E718
  88 0013 1880D4AE 		.ascii	"\030\200\324\256\006G\240H\033S=#\212\010k\013\023C"
  88      0647A048 
  88      1B533D23 
  88      8A086B0B 
  88      1343
  89 0025 A3125031 		.ascii	"\243\022P1c;S=\023X\212\201\241\241\301\201\201\201"
  89      633B533D 
  89      13588A81 
  89      A1A1C181 
  89      8181
  90 0037 1908973C 		.ascii	"\031\010\227<\370\307\310\000\000b!\020q"
  90      F8C7C800 
  90      00622110 
  90      71
  91              		.text
  92              		.section	.gnu.lto_.refs.371051f6f54a5a2d,"",%progbits
  93 0000 789C6363 		.ascii	"x\234cc```\004b\006\000\000D\000\010"
  93      60606004 
  93      62060000 
  93      440008
  94              		.text
  95              		.section	.gnu.lto_.decls.371051f6f54a5a2d,"",%progbits
  96 0000 789CC555 		.ascii	"x\234\305UkPSW\020\276{o\210\020P\030\350t\374\341L"
  96      6B505357 
  96      10BE7B6F 
  96      88105018 
  96      E874FCE1 
  97 0015 1D278EFC 		.ascii	"\035'\216\374\201+\350\214v\306:\265\370\2503\2662\325"
  97      812BE88C 
  97      76C63AB5 
  97      F8A833B6 
  97      32D5
  98 0027 76C63F8D 		.ascii	"v\306?\2151\211\232\032\2224\011\255\216\177.\202`E"
  98      31899A1A 
  98      923409AD 
  98      8E7F2E82 
  98      6045
  99 0039 45ABE3F8 		.ascii	"E\253\343\370\254 \266\342c|cy\023D\024)(>+6H|\000>"
  99      AC20B6E2 
  99      637C6379 
  99      13441429 
  99      283E2B36 
ARM GAS  /var/folders/qd/4mxf5pkd0zdf0b9dd1hp39180000gn/T//ccxu2znv.s 			page 7


 100 0051 40101554 		.ascii	"@\020\025Tl\351\236sn\270!\240\323\366O\317\344\273"
 100      6CE99E73 
 100      6EB821A0 
 100      D3F64FCF 
 100      E4BB
 101 0063 E7EED9DD 		.ascii	"\347\356\331\335o\367\354n\0225\307qE!\034w\202\347"
 101      6FF7EC6E 
 101      1235C771 
 101      45211C77 
 101      82E7
 102 0075 B84E7CEF 		.ascii	"\270N|\357\303\245\302\275\202S\226\200(F\224\"\312"
 102      C3A5C2BD 
 102      82539680 
 102      28469422 
 102      CA
 103 0086 1180E8E5 		.ascii	"\021\200\350\345\006\256\357\201\331-D\274!\234\362"
 103      06AEEF81 
 103      D92D44BC 
 103      219CF2
 104 0095 392FFB96 		.ascii	"9/\373\226s\203\327J`\\\013e\031\344\030\201\253G\346"
 104      7383D74A 
 104      605C0B65 
 104      19E41881 
 104      AB47E6
 105 00a8 1E876841 		.ascii	"\036\207hA\274F\014Gx\021\367\021M\210;\210F\304=\204"
 105      BC460C47 
 105      7811F711 
 105      4D883B88 
 105      46C43D84 
 106 00bc 07F102D1 		.ascii	"\007\361\002\321\201\350F<E<\343\330\375\206Z[\004("
 106      81E8463C 
 106      453CE3D8 
 106      FD865A5B 
 106      0428
 107 00ce AA282D0F 		.ascii	"\252(-\017m\202F\300|!\202e\003\354\211;\001\225\373"
 107      6D8246C0 
 107      7C218265 
 107      03EC893B 
 107      0195FB
 108 00e1 7C0BD839 		.ascii	"|\013\3309\236\362l\223M\211\340s\201\376\023^\346\340"
 108      9EF26C93 
 108      4D89E073 
 108      81FE135E 
 108      E6E0
 109 00f3 7DBCF423 		.ascii	"}\274\364#\023\200?+\323\263p\276\305*\303^\374\374"
 109      13803F2B 
 109      D3B370BE 
 109      C52AC35E 
 109      FCFC
 110 0105 D811AF04 		.ascii	"\330\021\257\004\363s\031\224+\327\257\356OJ\271$\310"
 110      F3731994 
 110      2BD7AFEE 
 110      4F4AB924 
 110      C8
 111 0116 45B8DEB6 		.ascii	"E\270\336\266\356H\230\027n\243v\001\307m\014N\002r"
 111      EE489817 
 111      6EA37601 
ARM GAS  /var/folders/qd/4mxf5pkd0zdf0b9dd1hp39180000gn/T//ccxu2znv.s 			page 8


 111      C76D0C4E 
 111      0272
 112 0128 FAB43DEB 		.ascii	"\372\264=\353b\270\300\323\367\366m\247\327\215\020"
 112      62B8C0D3 
 112      F7F66DA7 
 112      D78D10
 113 0137 C2E97BF6 		.ascii	"\302\351{\366\221\334\322\260\330\303\022[\301\231\002"
 113      91DCD2B0 
 113      D8C3125B 
 113      C19902
 114 0146 07A741F0 		.ascii	"\007\247A\360\025\264\252\257\307\035\236)@\244\006"
 114      15B4AAAF 
 114      C71D9E29 
 114      40A406
 115 0155 7814AF74 		.ascii	"x\024\257t\326\356\016E\361=\015D\240xx]\337\226\240"
 115      D6EE0E45 
 115      F13D0D44 
 115      A078785D 
 115      DF96A0
 116 0168 915B89E3 		.ascii	"\221[\211\343\306T)\202\207\205\357C!\214\202\002\030"
 116      C6542982 
 116      8785EF43 
 116      218C8202 
 116      18
 117 0179 85E914C1 		.ascii	"\205\351\024\301H|ZU\214\251\246\265\317=lL\266\224"
 117      487C5A55 
 117      8CA9A6B5 
 117      CF3D6C4C 
 117      B694
 118 018b ED95DCAD 		.ascii	"\355\225\334\255\333'o\253M\227\352\321\357cj\007\371"
 118      DB276FAB 
 118      4D97EAD1 
 118      EF636A07 
 118      F9
 119 019c 20C0AF10 		.ascii	" \300\257\020Kn\221O\242\303)\360\002\234\204&\274D"
 119      4B6E914F 
 119      A2C329F0 
 119      029C8426 
 119      BC44
 120 01ae 318C41FF 		.ascii	"1\214A\377\332\226\306\225B\012\320\234+\036d\226\251"
 120      DA96C695 
 120      420AD09C 
 120      2B1E6496 
 120      A9
 121 01bf 91EB1872 		.ascii	"\221\353\030r\335\372`\207\344^\205L<%*Q\210J\002\211"
 121      DDFA6087 
 121      E45E854C 
 121      3C252A51 
 121      884A0289 
 122 01d3 4A2991F4 		.ascii	"J)\221\364\240\330\023.d2\246\254\203k\313B\220\311"
 122      A0D8132E 
 122      6432A6AC 
 122      836BCB42 
 122      90C9
 123 01e5 2B615687 		.ascii	"+aV\207\246\354Y\235\276^\312\001\226S\231BU&W\004\312"
 123      A6EC599D 
 123      BE5ECA01 
ARM GAS  /var/folders/qd/4mxf5pkd0zdf0b9dd1hp39180000gn/T//ccxu2znv.s 			page 9


 123      96539942 
 123      55265704 
 124 01fa 294575E5 		.ascii	")Eu\345\221\356P\241\216Q<\313;\361S0+Q\036\240\274"
 124      91EE50A1 
 124      8E513CCB 
 124      3BF15330 
 124      2B511EA0 
 125 020f 3BC37D4A 		.ascii	";\303}J\256\221[C\012_\267\343\336\010&\217&5\253;\357"
 125      AE915B43 
 125      0A5FB7E3 
 125      DE08268F 
 125      2635AB3B 
 126 0224 1198F91A 		.ascii	"\021\230\371\032b^P\332\036\317\304Qd\200\033\237\272"
 126      625E50DA 
 126      1ECFC451 
 126      64801B9F 
 126      BA
 127 0235 65672FD1 		.ascii	"eg/\321\366=l\310\015a\352N\022lm\376\346\334p\301\313"
 127      F63D6CC8 
 127      0D61EA4E 
 127      126C6DFE 
 127      E6DC70C1 
 128 024a 223F496B 		.ascii	"\"?Ik\366\2062\345H\024/\247\035\333%3\253\374z\025"
 128      F68632E5 
 128      48142FA7 
 128      1DDB2533 
 128      ABFC7A15 
 129 025e C97AE5F9 		.ascii	"\311z\345\371!\375'\265\320\312<\033\253\017\034\"\246"
 129      21FD27B5 
 129      D0CA3C1B 
 129      AB0F1C22 
 129      A6
 130 026f E3344046 		.ascii	"\3434@F+\034\217\216\266\025\276\032\316\216\210\305"
 130      2B1C8F8E 
 130      B615BE1A 
 130      CE8E88C5 
 131 027f 95ACAE7D 		.ascii	"\225\254\256}\303\2046j\31675\364zF\200&z\215$\255\222"
 131      C384366A 
 131      CE3735F4 
 131      7A468026 
 131      7A8D24AD 
 132 0294 B253A590 		.ascii	"\262S\245\220O9\250\304>\327`\237\3412D\023'R)\270\210"
 132      4F39A8C4 
 132      3ED7609F 
 132      E1324413 
 132      275229B8 
 133 02a9 877578F8 		.ascii	"\207ux\370\013\031\011w_\331\324\355]\2224\032\352A"
 133      0B190977 
 133      5FD9D4ED 
 133      5D92341A 
 133      EA41
 134 02bb 0397946A 		.ascii	"\003\227\224j\216\323\260\2218\260o\323^5I\203\304("
 134      8ED3B091 
 134      38B06FD3 
 134      5E354983 
 134      C428
 135 02cd DED95CC5 		.ascii	"\336\331\\\305\277-\306\265\267\306h}4\346\334j\322"
ARM GAS  /var/folders/qd/4mxf5pkd0zdf0b9dd1hp39180000gn/T//ccxu2znv.s 			page 10


 135      BF2DC6B5 
 135      B7C6687D 
 135      34E6DC6A 
 135      D2
 136 02de FCAB18E3 		.ascii	"\374\253\030\343\212\022\003C\262 w\213<)\274\260[E"
 136      8A120343 
 136      B220778B 
 136      3C29BCB0 
 136      5B45
 137 02f0 6FB5A3F8 		.ascii	"o\265\243\370yM\020\253I0\212\035\233\253\352x!\207"
 137      794D10AB 
 137      49308A1D 
 137      9BABEA78 
 137      2187
 138 0302 E95A6EA6 		.ascii	"\351Zn\246nW\013\373\231\260\361\317\006I-\034e\302"
 138      6E570BFB 
 138      99B0F1CF 
 138      06492D1C 
 138      65C2
 139 0314 FA8E9739 		.ascii	"\372\216\2279*\3414\023\032R{n\014\027J\250\020\262"
 139      2AE13413 
 139      1A527B6E 
 139      0C174AA8 
 139      10B2
 140 0326 EA667765 		.ascii	"\352fwe\020h\265QZ\2556Z\253\335Krw_\332&\354\331\277"
 140      1068B551 
 140      5AAD365A 
 140      ABDD4B72 
 140      775FDA26 
 141 033d 61BD947D 		.ascii	"a\275\224}\006hV\177`V\267!J\271\315\005\372\365\210"
 141      0668567F 
 141      6056B721 
 141      4AB9CD05 
 141      FAF588
 142 0350 C307C73C 		.ascii	"\303\007\307<n}\2103\234&P\353\353\201\326\277)\326"
 142      6E7D8833 
 142      9C2650EB 
 142      EB81D6BF 
 142      29D6
 143 0362 9BE8370D 		.ascii	"\233\3507\015\001*\016\316\241A\025\325\021s\2746\334"
 143      012A0ECE 
 143      A14115D5 
 143      1173BC36 
 143      DC
 144 0373 C52A7941 		.ascii	"\305*yA\013\367\021M\210;\210F\304=\204\007\264t\202"
 144      0BF7114D 
 144      883B8846 
 144      C43D8407 
 144      B47482
 145 0386 59C0D793 		.ascii	"Y\300\327\223\225\2007\003\003\336\030\224\236\237\365"
 145      95803703 
 145      03DE1894 
 145      9E9FF5
 146 0395 AD406B31 		.ascii	"\255@k1\300\270\306\357.\277\017M]I\236r\377.\026D\246"
 146      C0B8C6EF 
 146      2EBF0F4D 
 146      5D499E72 
ARM GAS  /var/folders/qd/4mxf5pkd0zdf0b9dd1hp39180000gn/T//ccxu2znv.s 			page 11


 146      FF2E1644 
 147 03aa E07D8819 		.ascii	"\340}\210\031'\367NI\363Iadn\252T=\236\222\325\016]"
 147      27F74E49 
 147      F3496164 
 147      6EAA543D 
 147      9E92D50E 
 148 03bf 1846C6EC 		.ascii	"\030F\306\354\037\371%\3320d\242\314\032\333X\376WZ"
 148      1FF925DA 
 148      3064A2CC 
 148      1ADB58FE 
 148      575A
 149 03d1 BD5A7846 		.ascii	"\275ZxF\333\310\037,\361<\016\202\250\350!\353\013\255"
 149      DBC81F2C 
 149      F13C0E82 
 149      A8E821EB 
 149      0BAD
 150 03e3 58D67F53 		.ascii	"X\326\177Sbv\261sEj\3749\205\026tlV\306\222\\\223\306"
 150      6276B173 
 150      456AFC39 
 150      8516746C 
 150      56C6925C 
 151 03f9 BFDA9293 		.ascii	"\277\332\222\223\026\306&\261\236\310\033\262N\036\327"
 151      16C626B1 
 151      9EC81BB2 
 151      4E1ED7
 152 0408 08E94174 		.ascii	"\010\351At\306\362Zvm\220\225\223Q\314\257+\270\035"
 152      C6F25A76 
 152      6D909593 
 152      51CCAF2B 
 152      B81D
 153 041a 24AC673A 		.ascii	"$\254g:O\327\215\214Pa\013\023\216\276\331\262_-\354"
 153      4FD78D8C 
 153      50610B13 
 153      8EBED9B2 
 153      5F2DEC
 154 042d 64C2D59E 		.ascii	"d\302\325\236\372\014\215\260\227\012\301\251g\257y"
 154      FA0C8DB0 
 154      970AC1A9 
 154      67AF79
 155 043c 55389938 		.ascii	"U8\2318\232l0IJ%\221\233%RN\222T\033&\325\205{\3775"
 155      9A6C3049 
 155      4A25919B 
 155      25524E92 
 155      541B26D5 
 156 0454 2F0C2C27 		.ascii	"/\014,'\332\237\231\232B\313I\314\237\004\232\237\035"
 156      DA9F999A 
 156      42CB49CC 
 156      9F049A9F 
 156      1D
 157 0465 6CFE9162 		.ascii	"l\376\221b\3760\320\374\201\237\371\2002\237A\213\012"
 157      FE30D0FC 
 157      819FF980 
 157      329F418B 
 157      0A
 158 0476 AAEC926B 		.ascii	"\252\354\222k\374\034k\374\002\353\331\201\350F<E<C"
 158      FC1C6BFC 
 158      02EBD981 
ARM GAS  /var/folders/qd/4mxf5pkd0zdf0b9dd1hp39180000gn/T//ccxu2znv.s 			page 12


 158      E8463C45 
 158      3C43
 159 0488 742A238C 		.ascii	"t*#\214\321\356\372E\253\016\214v^\031ay\314\212\331"
 159      D1EEFA45 
 159      AB0E8C76 
 159      5E196179 
 159      CC8AD9
 160 049b 98750D1A 		.ascii	"\230u\015\0323T\266\024\373\325\245=\220k\300\200\223"
 160      3354B614 
 160      FBD5A53D 
 160      906BC080 
 160      93
 161 04ac C05394C0 		.ascii	"\300S\224\300\217\003\215\037)\201\311\377\324\253\266"
 161      8F038D1F 
 161      2981C9FF 
 161      D4ABB6
 162 04bb D5E1C201 		.ascii	"\325\341\302\001\332\021~k{F\241&p\310|\267\207Wx\351"
 162      DA117E6B 
 162      7B46A126 
 162      70C87CB7 
 162      875778E9 
 163 04cf 7F5A0076 		.ascii	"\177Z\000v\245\356r:`/\321\251G\031\260.\337\200\325"
 163      A5EE723A 
 163      602FD1A9 
 163      4719B02E 
 163      DF80D5
 164 04e2 E494E485 		.ascii	"\344\224\344\205D\311\301\326\2745\030\367\316H\344"
 164      44C9C1D6 
 164      BC3518F7 
 164      CE48E4
 165 04f1 0ECDC70B 		.ascii	"\016\315\307\013Tcs\245cn\362\277\255\335\3743\362\001"
 165      546373A5 
 165      636EF2BF 
 165      ADDDFC33 
 165      F201
 166 0503 BC466F37 		.ascii	"\274Fo7\213\352\327Ar\3625\317A/\214E\317=oz\267\217"
 166      8BEAD741 
 166      72F235CF 
 166      412F8C45 
 166      CF3D6F7A 
 167 0519 085BDBFF 		.ascii	"\010[\333\377{N\377T}_G\016\336@\030\375K%{\230Ng\322"
 167      7B4EFF54 
 167      7D5F470E 
 167      DE4018FD 
 167      4B257B98 
 168 0530 3B2C2B74 		.ascii	";,+tf\253\3315!6Vd\037\233S\\\252\267\210\213lz\207"
 168      66ABD935 
 168      21365664 
 168      1F9B535C 
 168      AAB7888B 
 169 0547 D129CE9B 		.ascii	"\321)\316\233\257\2337\377\263\011\3613'\350\246\317"
 169      AF9B37FF 
 169      B309F133 
 169      27E8A6CF 
 170 0557 9E9730F7 		.ascii	"\236\2270\367\253\031_,`\272XC\360\254\317\277\034\235"
 170      AB195F2C 
 170      60BA5843 
ARM GAS  /var/folders/qd/4mxf5pkd0zdf0b9dd1hp39180000gn/T//ccxu2znv.s 			page 13


 170      F0ACCFBF 
 170      1C9D
 171 0569 1017C74D 		.ascii	"\020\027\307M\374\017\316\\\010}\231\215\261#\234\256"
 171      FC0FCE5C 
 171      087D998D 
 171      B1239CAE 
 172 0579 A409F13A 		.ascii	"\244\011\361:\203\305fXF\223\031\037\310g\2679\\\204"
 172      83C56658 
 172      4693191F 
 172      C867B739 
 172      5C84
 173 058b 0EB94499 		.ascii	"\016\271D\231q\371r\242\321Y,\306\330\245\\\244\035"
 173      71F972A2 
 173      D1592CC6 
 173      D8A55CA4 
 173      1D
 174 059c 5F8DA6C5 		.ascii	"_\215\246\305\372d\213Kg\260Y\027\233\227\250\023gL"
 174      FA648B4B 
 174      67B05917 
 174      9B97A813 
 174      674C
 175 05ae D7BBF42A 		.ascii	"\327\273\364*\375b\207E\243\323%\233\255.\214\341\372"
 175      FD628745 
 175      A3D3259B 
 175      AD2E8CE1 
 175      FA
 176 05bf 11C46976 		.ascii	"\021\304iv\273\305l\320\273\3146\253S\234a\260\230\355"
 176      BBC56CD0 
 176      BBCC36AB 
 176      539C61B0 
 176      98ED
 177 05d1 4E93CE14 		.ascii	"N\223\316\024cO6,\213\217\325\333\355b\202\315\3522"
 177      634F362C 
 177      8B8FD5DB 
 177      ED6282CD 
 177      EA32
 178 05e3 595D8394 		.ascii	"Y]\203\224\342|\233\315\342\024\227\030\0141zGR\214"
 178      E27C9BCD 
 178      E2149718 
 178      0C317A47 
 178      528C
 179 05f5 D56635C5 		.ascii	"\325f5\305\230\364\213\3141\223b\342\307\307M\212\371"
 179      98F48BCC 
 179      319362E2 
 179      C7C74D8A 
 179      F9
 180 0606 76624C92 		.ascii	"vbL\222\376\033\233C\034\240\025\315V\203%\331h\022"
 180      FE1B9B43 
 180      1CA015CD 
 180      568325D9 
 180      6812
 181 0618 93F486A5 		.ascii	"\223\364\206\245f\253I\354O\324\265\302nrb\366\301\276"
 181      66AB49EC 
 181      4FD4B5C2 
 181      6E7262F6 
 181      C1BE
 182 062a E432FEBF 		.ascii	"\3442\376\277\344\234+\234\242\316\3512b&\230\221`3"
ARM GAS  /var/folders/qd/4mxf5pkd0zdf0b9dd1hp39180000gn/T//ccxu2znv.s 			page 14


 182      E49C2B9C 
 182      A2CEE932 
 182      62269891 
 182      6033
 183 063c 3A82ECC9 		.ascii	":\202\354\311v\243c\230\315i7\231\214\016\265\215d\353"
 183      76A36398 
 183      CD693799 
 183      8C0EB58D 
 183      64EB
 184 064e 084AB219 		.ascii	"\010J\262\031M\016R\324\245q\357j\322\2349\323\305Y"
 184      4D0E52D4 
 184      A571EF6A 
 184      D29C39D3 
 184      C559
 185 0660 89B3E77E 		.ascii	"\211\263\347~\027/\332\225.\261>/\261\233m:\247\311"
 185      172FDA95 
 185      2EB13E2F 
 185      B19B6D3A 
 185      A7C9
 186 0672 956CD7B9 		.ascii	"\225l\327\271\324\211\323I\227\324\211\011l\373\204"
 186      D489D349 
 186      97D48909 
 186      6CFB84
 187 0681 6DD3D836 		.ascii	"m\323\3306\223l!\211\323\346$\320\226\376\015U\025\264"
 187      936C2189 
 187      D3E624D0 
 187      96FE0D55 
 187      15B4
 188 0693 DF       		.ascii	"\337"
 189              		.text
 190              		.section	.gnu.lto_.symtab.371051f6f54a5a2d,"",%progbits
 191 0000 5F5F6561 		.ascii	"__early_init\000"
 191      726C795F 
 191      696E6974 
 191      00
 192 000d 00       		.ascii	"\000"
 193 000e 00       		.ascii	"\000"
 194 000f 00       		.ascii	"\000"
 195 0010 00000000 		.ascii	"\000\000\000\000\000\000\000\000"
 195      00000000 
 196 0018 BB000000 		.ascii	"\273\000\000\000"
 197 001c 626F6172 		.ascii	"boardInit\000"
 197      64496E69 
 197      7400
 198 0026 00       		.ascii	"\000"
 199 0027 00       		.ascii	"\000"
 200 0028 00       		.ascii	"\000"
 201 0029 00000000 		.ascii	"\000\000\000\000\000\000\000\000"
 201      00000000 
 202 0031 BD000000 		.ascii	"\275\000\000\000"
 203 0035 70616C5F 		.ascii	"pal_default_config\000"
 203      64656661 
 203      756C745F 
 203      636F6E66 
 203      696700
 204 0048 00       		.ascii	"\000"
 205 0049 00       		.ascii	"\000"
ARM GAS  /var/folders/qd/4mxf5pkd0zdf0b9dd1hp39180000gn/T//ccxu2znv.s 			page 15


 206 004a 00       		.ascii	"\000"
 207 004b 00000000 		.ascii	"\000\000\000\000\000\000\000\000"
 207      00000000 
 208 0053 FB000000 		.ascii	"\373\000\000\000"
 209 0057 73746D33 		.ascii	"stm32_clock_init\000"
 209      325F636C 
 209      6F636B5F 
 209      696E6974 
 209      00
 210 0068 00       		.ascii	"\000"
 211 0069 02       		.ascii	"\002"
 212 006a 00       		.ascii	"\000"
 213 006b 00000000 		.ascii	"\000\000\000\000\000\000\000\000"
 213      00000000 
 214 0073 BF000000 		.ascii	"\277\000\000\000"
 215              		.text
 216              		.section	.gnu.lto_.opts,"",%progbits
 217 0000 272D666D 		.ascii	"'-fmath-errno' '-fsigned-zeros' '-ftrapping-math' '"
 217      6174682D 
 217      6572726E 
 217      6F272027 
 217      2D667369 
 218 0033 2D666E6F 		.ascii	"-fno-trapv' '-fno-openmp' '-fno-openacc' '-mcpu=cor"
 218      2D747261 
 218      70762720 
 218      272D666E 
 218      6F2D6F70 
 219 0066 7465782D 		.ascii	"tex-m4' '-mno-thumb-interwork' '-mthumb' '-O2' '-fo"
 219      6D342720 
 219      272D6D6E 
 219      6F2D7468 
 219      756D622D 
 220 0099 6D69742D 		.ascii	"mit-frame-pointer' '-falign-functions=16' '-ffuncti"
 220      6672616D 
 220      652D706F 
 220      696E7465 
 220      72272027 
 221 00cc 6F6E2D73 		.ascii	"on-sections' '-fdata-sections' '-fno-common' '-flto"
 221      65637469 
 221      6F6E7327 
 221      20272D66 
 221      64617461 
 222 00ff 2700     		.ascii	"'\000"
 223              		.text
 224              		.comm	__gnu_lto_v1,1,1
 225              		.comm	__gnu_lto_slim,1,1
 226              		.ident	"GCC: (GNU Tools for Arm Embedded Processors 7-2017-q4-major) 7.2.1 20170904 (release) [ARM
ARM GAS  /var/folders/qd/4mxf5pkd0zdf0b9dd1hp39180000gn/T//ccxu2znv.s 			page 16


DEFINED SYMBOLS
                            *ABS*:0000000000000000 board.c
                            *COM*:0000000000000001 __gnu_lto_v1
                            *COM*:0000000000000001 __gnu_lto_slim

NO UNDEFINED SYMBOLS
