ARM GAS  /var/folders/qd/4mxf5pkd0zdf0b9dd1hp39180000gn/T//ccrBZb7t.s 			page 1


   1              		.cpu cortex-m4
   2              		.eabi_attribute 20, 1
   3              		.eabi_attribute 21, 1
   4              		.eabi_attribute 23, 3
   5              		.eabi_attribute 24, 1
   6              		.eabi_attribute 25, 1
   7              		.eabi_attribute 26, 1
   8              		.eabi_attribute 30, 2
   9              		.eabi_attribute 34, 1
  10              		.eabi_attribute 18, 4
  11              		.file	"hal_lld.c"
  12              		.section	.gnu.lto_.profile.b650132404c24f8b,"",%progbits
  13 0000 789C6363 		.ascii	"x\234cc```\001bF\206\354x\000\001\255\000\326"
  13      60606001 
  13      624686EC 
  13      780001AD 
  13      00D6
  14              		.text
  15              		.section	.gnu.lto_.icf.b650132404c24f8b,"",%progbits
  16 0000 789C6363 		.ascii	"x\234cc``\220`@\000\026\206\333O\357\\\347g\\\367j\012"
  16      60609060 
  16      40001686 
  16      DB4FEF5C 
  16      E7675CF7 
  17 0016 2F53D3AA 		.ascii	"/S\323\252\337\007\371\231\333\226\316,f\000\000\221"
  17      DF07F999 
  17      DB96CE2C 
  17      66000091 
  18 0026 990B12   		.ascii	"\231\013\022"
  19              		.text
  20              		.section	.gnu.lto_.jmpfuncs.b650132404c24f8b,"",%progbits
  21 0000 789C6363 		.ascii	"x\234cc``\340a@\000f f\004b& \006\000\002\030\000\031"
  21      6060E061 
  21      40006620 
  21      66046226 
  21      20060002 
  22              		.text
  23              		.section	.gnu.lto_.inline.b650132404c24f8b,"",%progbits
  24 0000 789C6363 		.ascii	"x\234cc``pa@\000f\006\0061!F\006&\265\011\237\031\031"
  24      60607061 
  24      40006606 
  24      06312146 
  24      0626B509 
  25 0017 D816C833 		.ascii	"\330\026\3103\201\004\031\031\304\344\200b*\013f2!\304"
  25      81041919 
  25      C4E48062 
  25      2A0B6632 
  25      21C4
  26 0029 B8800413 		.ascii	"\270\200\004\023\203\345\001F\240L\316\201\031\342p"
  26      83E50146 
  26      A04CCE81 
  26      19E270
  27 0038 19060039 		.ascii	"\031\006\0009\225\010\364"
  27      9508F4
  28              		.text
  29              		.section	.gnu.lto_.pureconst.b650132404c24f8b,"",%progbits
  30 0000 789C6363 		.ascii	"x\234cc```\007bf\006)F)&)\000\001\275\000b"
ARM GAS  /var/folders/qd/4mxf5pkd0zdf0b9dd1hp39180000gn/T//ccrBZb7t.s 			page 2


  30      60606007 
  30      62660629 
  30      46292629 
  30      0001BD00 
  31              		.text
  32              		.section	.gnu.lto_hal_lld_backup_domain_init.b650132404c24f8b,"",%progbits
  33 0000 789C9D52 		.ascii	"x\234\235R;L\024A\030\376\377\231\331\275G\244\262Q"
  33      3B4C1441 
  33      18FEFF99 
  33      D9BD47A4 
  33      B251
  34 0012 42616205 		.ascii	"Bab\005\005k8\265\264\244\243\322\326\030\037\205\305"
  34      056B38B5 
  34      B4A4A3D2 
  34      D6181F85 
  34      C5
  35 0023 2518B1A0 		.ascii	"%\030\261\2400aN\336\212\2111\362\210^\314\232H\024"
  35      30614EDE 
  35      8A8931F2 
  35      885ECC9A 
  35      4814
  36 0035 835C08F8 		.ascii	"\203\\\010\370\270S\3448|\234\017@\221\012,\014\240"
  36      B853E438 
  36      7C9C0F40 
  36      910A2C0C 
  36      A0
  37 0046 9EA25498 		.ascii	"\236\242T\230p\211\200\377\314,,\322\010Lv\377\235\375"
  37      708980FF 
  37      CC2C2CD2 
  37      084C76FF 
  37      9DFD
  38 0058 E7CFF7F8 		.ascii	"\347\317\367\370\347\267\001`\267\005PF\337\012z1\000"
  38      E7B70160 
  38      B7055046 
  38      DF0A7A31 
  38      00
  39 0069 C8AE8C02 		.ascii	"\310\256\214\002\304\202\214\361l\004dXd\013A\356\340"
  39      C4828CF1 
  39      6C046458 
  39      640B41EE 
  39      E0
  40 007a 284C5A30 		.ascii	"(LZ0\253\243\204\322\366\342^J[h\233\264\215\25062\210"
  40      ABA384D2 
  40      F6E25E4A 
  40      5B689BB4 
  40      8DA83632 
  41 008f 50C3B8B0 		.ascii	"P\303\270\260l\254\301\026~\215c\246\361k\222\025\337"
  41      6CACC116 
  41      7E8D63A6 
  41      F16B9215 
  41      DF
  42 00a0 91B4D2ED 		.ascii	"\221\264\322\355\237\016\304d\375\2568\007h\243W-\354"
  42      9F0EC464 
  42      FDAE3807 
  42      68A3572D 
  42      EC
  43 00b1 C362A0B2 		.ascii	"\303b\240\262\351\336\345\326\002[\230<\366\243\015"
ARM GAS  /var/folders/qd/4mxf5pkd0zdf0b9dd1hp39180000gn/T//ccrBZb7t.s 			page 3


  43      E9DEE5D6 
  43      025B983C 
  43      F6A30D
  44 00c0 489BC4B8 		.ascii	"H\233\304\270\225\226\313+\2152\275\320\211\277\313"
  44      9596CB2B 
  44      8D32BDD0 
  44      89BFCB
  45 00cf 7722C439 		.ascii	"w\"\30492\025\270\012B\005K\005[\205\200\012A\025B*"
  45      3215B80A 
  45      42054B05 
  45      5B85800A 
  45      4115422A 
  46 00e3 84550068 		.ascii	"\204U\000h\"D\222&\323\320\314\231\332\325\246\341\007"
  46      22449226 
  46      D3D0CC99 
  46      DAD5A6E1 
  46      07
  47 00f4 6652DFF3 		.ascii	"fR\337\363\007\025\317u\216D\337V\237\031\013\\\342"
  47      0715CF75 
  47      8E44DF56 
  47      9F190B5C 
  47      E2
  48 0105 71CE50A9 		.ascii	"q\316P\251\271\265T\327\0232\277\362sL\012J\335\035"
  48      B9B554D7 
  48      1332BFF2 
  48      734C0A4A 
  48      DD1D
  49 0117 4AC9908B 		.ascii	"J\311\220\2137cddO\234s|\210E\370\000\213@\325\017\264"
  49      37636464 
  49      4F9C737C 
  49      8845F800 
  49      8B40D50F 
  50 012c F737A273 		.ascii	"\3677\242s_\326a\234\013|\204.\266j\177\370\030\035"
  50      5FD6619C 
  50      0B7C842E 
  50      B66A7FF8 
  50      181D
  51 013e 22AB5D6C 		.ascii	"\"\253]l@\303\305\014]On0\036V\370\210\222a\222PH\321"
  51      40C3C50C 
  51      5D4F6E30 
  51      1E56F888 
  51      92619250 
  52 0154 C4455DB4 		.ascii	"\304E]\2645\256\224\317\365\004\035\"\320\336\272\316"
  52      35AE94CF 
  52      F5041D22 
  52      D0DEBACE 
  53 0164 1B3ABEDE 		.ascii	"\033:\276\336\232\245\255M%F\346\202\346W\272M\332\332"
  53      9AA5AD4D 
  53      2546E682 
  53      E657BA4D 
  53      DADA
  54 0176 ED44EF0D 		.ascii	"\355D\357\015\364\351l\034 \272\247\036\335\325\276"
  54      F4E96C1C 
  54      20BAA71E 
  54      DDD5BE
  55 0185 89A38A2D 		.ascii	"\211\243\212-\246\216\004>\323|\352np\320x\373\323\320"
  55      A68E043E 
ARM GAS  /var/folders/qd/4mxf5pkd0zdf0b9dd1hp39180000gn/T//ccrBZb7t.s 			page 4


  55      D37CEA6E 
  55      70D078FB 
  55      D3D0
  56 0197 65193661 		.ascii	"e\0316a\010g;g\335\220g\316\3064\341|\301\272\251\341"
  56      08673B67 
  56      DD9067CE 
  56      C634E17C 
  56      C1BAA9E1 
  57 01ab FD5E1155 		.ascii	"\375^\021U\264\377\312\027z\005\002\207\024\021\255"
  57      B4FFCA17 
  57      7A050287 
  57      1411AD
  58 01ba 66CE211B 		.ascii	"f\316!\0331\227\263\220[>\344\365b\2758\367\004\374"
  58      3197B390 
  58      5B3EE4F5 
  58      62BD38F7 
  58      04FC
  59 01cc 475EC697 		.ascii	"G^\306\2277\214\016\235\177\233\357n\011x\\D\366\334"
  59      378C0E9D 
  59      7F9BEF6E 
  59      09785C44 
  59      F6DC
  60 01de B47A21B7 		.ascii	"\264z!\267\262=\374\027>\376K\215\277\326]\201\200\257"
  60      B23DFC17 
  60      3EFE4B8D 
  60      BFD65D81 
  60      80AF
  61 01f0 B495662E 		.ascii	"\264\225f.\326\217\331\275\031\3338\267\266\330\352"
  61      D68FD9BD 
  61      19DB38B7 
  61      B6D8EA
  62 01ff ACCFF57A 		.ascii	"\254\317\365zc\253=\270%wr\311Zu\307\360\215\351\365"
  62      63AB3DB8 
  62      257772C9 
  62      5A75C7F0 
  62      8DE9F5
  63 0212 E46AAF95 		.ascii	"\344j\257\225\277\304\317d\276\300\224\000\276]\353"
  63      BFC4CF64 
  63      BEC09400 
  63      BE5DEB
  64 0221 B5051D25 		.ascii	"\265\005\035%\253\012\273g\002\246>\260Y\205z\364\336"
  64      AB0ABB67 
  64      02A63EB0 
  64      59857AF4 
  64      DE
  65 0232 F9FA4636 		.ascii	"\371\372F6\214y\220\260\364\305\3763\326\233\207\036"
  65      8C7990B0 
  65      F4C5FE33 
  65      D69B871E 
  66 0242 F5A1C7D4 		.ascii	"\365\241\307\324T\007\315T'\270\201\017m\011\354\275"
  66      5407CD54 
  66      27B8810F 
  66      6D09ECBD 
  67 0252 0FF66183 		.ascii	"\017\366a\203\3160a\351\256mS\347\270\017\375Q\351\014"
  67      CE3061E9 
  67      AE6D53E7 
  67      B80FFD51 
ARM GAS  /var/folders/qd/4mxf5pkd0zdf0b9dd1hp39180000gn/T//ccrBZb7t.s 			page 5


  67      E90C
  68 0264 EBDEDADE 		.ascii	"\353\336\332\336\365\317\343\005w\356\262F\325]o\242"
  68      F5CFE305 
  68      77EEB246 
  68      D55D6FA2 
  69 0274 4A3A6100 		.ascii	"J:a\000\373JK\035\363TV9\247\217G\2353\225g\317U9\207"
  69      FB4A4B1D 
  69      F3545639 
  69      A78F479D 
  69      339567CF 
  70 028b 8F5444CA 		.ascii	"\217TD\312L,\217TW\253\223c\321\350\251\322\223\360"
  70      4C2C8F54 
  70      57AB9363 
  70      D1E8A9D2 
  70      93F0
  71 029d 1706CCAA 		.ascii	"\027\006\314\2521"
  71      31
  72              		.text
  73              		.section	.gnu.lto_hal_lld_init.b650132404c24f8b,"",%progbits
  74 0000 789CA594 		.ascii	"x\234\245\224\315O\023A\030\306\347\331\331\335nD\313"
  74      CD4F1341 
  74      18C6E7D9 
  74      D9DD6E44 
  74      CB
  75 0011 C9C4440E 		.ascii	"\311\304D\016\\\271t\015\374\017\036L<\351\325\030\203"
  75      5CB9740D 
  75      FC0F1E4C 
  75      3CE9D518 
  75      83
  76 0022 070F4D30 		.ascii	"\007\017M0\342\201[\267\026J\361#1\006j\202\215\326"
  76      E2815BB7 
  76      164AF123 
  76      31066A82 
  76      8DD6
  77 0034 AF1842B4 		.ascii	"\257\030B\264VPiQ\251\025\001\221\202b\025\265\300A"
  77      56506951 
  77      A9150191 
  77      826215B5 
  77      C041
  78 0046 13139498 		.ascii	"\023\023\224\230\030=\020\015\340\2743M\227\364\266"
  78      183D100D 
  78      E0BC334D 
  78      97F4B6
  79 0055 65B2FBEE 		.ascii	"e\262\373\356\354\316\354\363\274\277\235\235\327d\214"
  79      ECCEECF3 
  79      BCBF9D9D 
  79      D7648C
  80 0064 692663CD 		.ascii	"i&c\315\342\272W\234\340\014\332\305Y\306\302\226\006"
  80      E2BA579C 
  80      E00CDAC5 
  80      59C6C296 
  80      06
  81 0075 50C7B1C0 		.ascii	"P\307\261\300B\032B8\317{9\362\335\3372Z\323\035G\264"
  81      421A4238 
  81      CF7B39F2 
  81      DDDF325A 
  81      D31D47B4 
ARM GAS  /var/folders/qd/4mxf5pkd0zdf0b9dd1hp39180000gn/T//ccrBZb7t.s 			page 6


  82 0089 DCE507BE 		.ascii	"\334\345\007\276\250\323\265'\301\031\213\213\223\032"
  82      A8D3B527 
  82      C1198B8B 
  82      931A
  83 0097 86D0C4C4 		.ascii	"\206\320\304\304\264/\351\215\276]\246\256\236c\030"
  83      B42FE98D 
  83      BE5DA6AE 
  83      9E6318
  84 00a6 2683E8A4 		.ascii	"&\203\350\244\346\215\234\263\261\331\355\344fn\342"
  84      E68D9CB3 
  84      B1D9EDE4 
  84      666EE2
  85 00b5 DA81DD60 		.ascii	"\332\201\335`\011\016\215\002\247\240S0(\230\024,\012"
  85      090E8D02 
  85      A7A05330 
  85      2898142C 
  85      0A
  86 00c6 7514FC14 		.ascii	"u\024\374\024\030\213\0111\221\221\223c=\\\243^$\307"
  86      188B0931 
  86      91919363 
  86      3D5CA35E 
  86      24C7
  87 00d8 BE239F5D 		.ascii	"\276#\237]Yl%\213~n\011\347xW~\316w\216'\270\006J\244"
  87      596C258B 
  87      7E6E09E7 
  87      78577ECE 
  87      778E27B8 
  88 00ef 942AFCB0 		.ascii	"\224*\374\260\324\255\223\2149\272xt+\225\276\202$\256"
  88      D4AD938C 
  88      39BA7874 
  88      2B95BE82 
  88      24AE
  89 0101 86054363 		.ascii	"\206\005Cc\202s<B\003\036\242\201\321\374KC\305#\366"
  89      82733C42 
  89      031EA281 
  89      D1FC4B43 
  89      C523F6
  90 0114 5DA71309 		.ascii	"]\247\023\011\256\343\261\230\326'\3110\002\233\274"
  90      AEE3B198 
  90      D627C930 
  90      029BBC
  91 0123 FE58E4E4 		.ascii	"\376X\344\344I$\343\212da\213\321\245\251\201AN)\001"
  91      4924E38A 
  91      64618BD1 
  91      A5A98141 
  91      4E2901
  92 0136 9BA2D563 		.ascii	"\233\242\325cT\274\346Y;LC:\236\270\352O\245z\205_\007"
  92      54BCE659 
  92      3B4C433A 
  92      9EB8EA4F 
  92      A57A855F 
  93 014b C333A59C 		.ascii	"\3033\245\234\035X\342\352\013\325yJ}L\212\323\312!"
  93      1D58E2EA 
  93      0BD5794A 
  93      7D4C8AD3 
  93      CA21
  94 015d 5733FF73 		.ascii	"W3\377sW$\017{[\260/\\\251q!U\241[.\323\371=%\366R\252"
ARM GAS  /var/folders/qd/4mxf5pkd0zdf0b9dd1hp39180000gn/T//ccrBZb7t.s 			page 7


  94      57240F7B 
  94      5BB02F5C 
  94      A9712155 
  94      A15B2ED3 
  95 0177 69A43651 		.ascii	"i\2446Q3\335\244+2\265M\272W\256\324\364V\272\2252\035"
  95      33DDA42B 
  95      32B54DBA 
  95      57AED4F4 
  95      56BA9532 
  96 018c 3C25F65A 		.ascii	"<%\366Z\252\311\3557#\351\"kQ(!MiMd\377\376\336\251"
  96      AAC9ED37 
  96      23E9226B 
  96      5128214D 
  96      694D64FF 
  97 01a3 FE43DACE 		.ascii	"\376C\332\316@A9\026\317\302\363g\230u\335\346`\013"
  97      40413916 
  97      CFC2F367 
  97      9875DDE6 
  97      600B
  98 01b5 0BB68A48 		.ascii	"\013\266\212H2]/\267\276\230\234\311\254\226|\241u\307"
  98      325D2FB7 
  98      BE989CC9 
  98      AC967CA1 
  98      75C7
  99 01c7 4A70234E 		.ascii	"Jp#N+\2107\010\211]m*\304\036Ce\306=\231\276\225\246"
  99      2B883708 
  99      895D6D2A 
  99      C41E4365 
  99      C63D99BE 
 100 01dd 3A99CE57 		.ascii	":\231\316W!\352Jkx|2j)D\340]\355xE\327\351=\341\351"
 100      21EA4A6B 
 100      787C326A 
 100      2944E05D 
 100      ED7845D7 
 101 01f5 AAEE5CB8 		.ascii	"\252\356\\\270\275C\331\031[7\236O\026\236\033\327\377"
 101      BD43D919 
 101      5B379E4F 
 101      169E1BD7 
 101      FF
 102 0206 2D18EAD6 		.ascii	"-\030\352\326q:e\341\271?xo\235\273~\026\026\204\337"
 102      713A65E1 
 102      B93F786F 
 102      9DBB7E16 
 102      1684DF
 103 0219 87B2DFDA 		.ascii	"\207\262\337\332\364\310\250V1\374(\015\0152\374T\205"
 103      F4C8A856 
 103      31FC280D 
 103      0D32FC54 
 103      85
 104 022a 56B6FB55 		.ascii	"V\266\373U\350\377\352Wh\215\370\\\215\346\301\252\344"
 104      E8FFEA57 
 104      688DF85C 
 104      8DE6C1AA 
 104      E4
 105 023b 5A2D129B 		.ascii	"Z-\022\233\311~\342Lr\254WJ\311\242\036\023\013&\252"
 105      C97EE24C 
 105      72AC574A 
ARM GAS  /var/folders/qd/4mxf5pkd0zdf0b9dd1hp39180000gn/T//ccrBZb7t.s 			page 8


 105      C9A21E13 
 105      0B26AA
 106 024e ADF833F7 		.ascii	"\255\3703\367\005\002\266:\332\332\355\023\307\202\366"
 106      0502B63A 
 106      DADAED13 
 106      C782F6
 107 025d C9B653A7 		.ascii	"\311\266S\247\333\355C\207\017\2664\253\270\277\245"
 107      DBED4387 
 107      0FB634AB 
 107      B8BFA5
 108 026c A383468E 		.ascii	"\243\203F\216\006\203\307\003\255\354?n\371\347\367"
 108      0683C703 
 108      ADEC3F6E 
 108      F9E7F7
 109              		.text
 110              		.section	.gnu.lto_stm32_clock_init.b650132404c24f8b,"",%progbits
 111 0000 789CA556 		.ascii	"x\234\245V\315OTW\024\277\347\27573o\276?\221\317E\223"
 111      CD4F5457 
 111      14BFE7BD 
 111      37336FBE 
 111      3F91CF45 
 112 0015 AE4C1AC6 		.ascii	"\256L\032\306\350_0\233\356\332M\273m\232~,\272 \261"
 112      E85F309B 
 112      EEDA4DBB 
 112      6D9A7E2C 
 112      BA20B1
 113 0028 A94DE3CE 		.ascii	"\251M\343\316\2072(\225&M#\266AJIl\243] 5\322\017P\350"
 113      87322895 
 113      264D23B6 
 113      414A496C 
 113      A35D2035 
 114 0040 149C2220 		.ascii	"\024\234\" \242\226\266\"(-v\024\004\265\352\250\200"
 114      A296B622 
 114      282D7614 
 114      04B5EAA8 
 114      80
 115 0051 C0F49E7B 		.ascii	"\300\364\236{\356\233\3672.\3327\235\220\337\334\271"
 115      EE9BF732 
 115      2EDA379D 
 115      90DFDCB9 
 116 0061 E7E577CE 		.ascii	"\347\345w\316\371\235\337\275<7c\254>\310\330v\376\375"
 116      F99DDFBD 
 116      3C3763AC 
 116      3EC8D876 
 116      FEFD
 117 0073 3C300615 		.ascii	"<0\006\025\014\224\217/0\326\250+\240\322BU\022\275"
 117      0C948F2F 
 117      30D6A82B 
 117      A0D24255 
 117      12BD
 118 0085 438C193E 		.ascii	"C\214\031>m\326\317\214@\202\366S\032\270(\356R\342"
 118      6DD6CF8C 
 118      4082F653 
 118      1AB828EE 
 118      52E2
 119 0097 14778B78 		.ascii	"\024w\213x\234\366Sn\360P\334\243\304(\256\213x\214"
 119      9CF6536E 
ARM GAS  /var/folders/qd/4mxf5pkd0zdf0b9dd1hp39180000gn/T//ccrBZb7t.s 			page 9


 119      F050DCA3 
 119      C428AE8B 
 119      788C
 120 00a9 F6533A78 		.ascii	"\366S:x)\356U\242\024\367\211x\224\366S>\360S\334\257"
 120      29EE55A2 
 120      14F78978 
 120      94F6533E 
 120      F053DCAF 
 121 00bd 44281E10 		.ascii	"D(\036\020\361\010\355\247\002\020\244xP\011S<$\342"
 121      F108EDA7 
 121      0210A478 
 121      5009533C 
 121      24E2
 122 00cf 61DA4F85 		.ascii	"a\332O\205\000\360\333\320\201\355Q\324\204\346\212"
 122      00F0DBD0 
 122      81ED51D4 
 122      84E68A
 123 00de BB3D31DD 		.ascii	"\273=1\335\033\365\371#\201`8\004{<*\223\037\227\271"
 123      1BF5F923 
 123      81603804 
 123      7B3C2A93 
 123      1F97B9
 124 00f1 F0980BAF 		.ascii	"\360\230\013\257\271\360\233\213\240\271hU\017\2510"
 124      B9F09B8B 
 124      A0B96855 
 124      0FA930
 125 0100 B4FF669F 		.ascii	"\264\377f\237\262\365\230\301?\231O/\372\232\215tU\007"
 125      B2F598C1 
 125      3F994F2F 
 125      FA9A8D74 
 125      5507
 126 0112 A73B2C29 		.ascii	"\247;,)\341\024le\374\261\371\223\233mA\267F\373\320"
 126      E1146C65 
 126      FCB1F993 
 126      9B6D41B7 
 126      46FBD0
 127 0125 0B6EC635 		.ascii	"\013n\3065f=\227]\031c\263\260\337\310,\037\205\373"
 127      663D975D 
 127      1963B3B0 
 127      DFC82C1F 
 127      85FB
 128 0137 2FBF00AC 		.ascii	"/\277\000\254C\005\005AE\320\020\\\010n\004\017\202"
 128      43050541 
 128      45D0105C 
 128      086E040F 
 128      82
 129 0148 8EE045F0 		.ascii	"\216\340E\360!\370\021\002\010A\204\020B\030!\202\020"
 129      21F81102 
 129      08418410 
 129      42182182 
 129      10
 130 0159 458821C4 		.ascii	"E\210!\304\021\022\010\025\010[\020*\021\252\020\252"
 130      11120815 
 130      085B102A 
 130      11AA10AA 
 131 0169 116A106A 		.ascii	"\021j\020j\021\352\020\030;\300k\235\365\033\031\326"
 131      11EA1018 
ARM GAS  /var/folders/qd/4mxf5pkd0zdf0b9dd1hp39180000gn/T//ccrBZb7t.s 			page 10


 131      3BC06B9D 
 131      F51B19D6 
 132 0179 A22A7CB1 		.ascii	"\242*|\261/\303n\303P\377bw\316\215\015\264\253\300"
 132      2FC36EC3 
 132      50FF6277 
 132      CE8D0DB4 
 132      ABC0
 133 018b FB3A9C1E 		.ascii	"\373:\234\036\232\364\034T;T\005\260\315\231\236\211"
 133      9AF41C54 
 133      3B5405B0 
 133      CD999E89 
 134 019b 259D7E1A 		.ascii	"%\235~\032]\007\014\215o}\331s\362\010tAg#W\350\271"
 134      5D070C8D 
 134      6F7DD973 
 134      F2087441 
 134      672357E8 
 135 01b0 0E5585EF 		.ascii	"\016U\205\357\240\016\276\3459\360\371ONM\275\226\354"
 135      A00EBEE5 
 135      39F0F94F 
 135      4E4DBD96 
 135      EC
 136 01c1 369AA043 		.ascii	"6\232\240C\325\340{\376X\233\320\015~\200$O\266o\245"
 136      D5E07BFE 
 136      589BD00D 
 136      7E80244F 
 136      B66FA5
 137 01d4 19289542 		.ascii	"\031(\225B\331z\317\2164\013z\340\237>\316\301\013\232"
 137      D97ACF8E 
 137      340B7AE0 
 137      9F3ECEC1 
 137      0B9A
 138 01e6 FA503CE3 		.ascii	"\372P<\343(S\277\225\3514$9=_\265\250*\34361\273<\221"
 138      2853BF95 
 138      E9342439 
 138      3D5FB5A8 
 138      2AE33631 
 139 01fd F3506AF5 		.ascii	"\363Pj\365\27727bH\2033\026\367\000u\261\336<\352\""
 139      BF323762 
 139      48833316 
 139      F70075B1 
 139      DE3CEA22 
 140 0211 2E8DE8B2 		.ascii	".\215\350\262\205'\2310\265\241\300 \247\311A\323\325"
 140      85279930 
 140      B5A1C020 
 140      A7C941D3 
 140      D5
 141 0222 E1F3B257 		.ascii	"\341\363\262W\024\255g\271o5HO0\370\021\0231\234G\202"
 141      14AD67B9 
 141      6F35484F 
 141      30F81113 
 141      319C4782 
 142 0236 717F438B 		.ascii	"q\177C\213\252\331\306q\346+Y\250\313\221\004\031Q&"
 142      AAD9C671 
 142      E62B59A8 
 142      CB910419 
 142      5126
 143 0248 9A107E32 		.ascii	"\232\020~2\313\224\005H\256\301\307\351\017\250\204"
ARM GAS  /var/folders/qd/4mxf5pkd0zdf0b9dd1hp39180000gn/T//ccrBZb7t.s 			page 11


 143      CB940548 
 143      AEC1C7E9 
 143      0FA884
 144 0257 F542A110 		.ascii	"\365B\241\020\206\241\362\365\036\266\222\235E\275\335"
 144      86A1F2F5 
 144      1EB6929D 
 144      45BDDD
 145 0266 A2F4AF07 		.ascii	"\242\364\257\007\244,\036GdY\213\354gQyY%\215X,\347"
 145      A42C1E47 
 145      64598BEC 
 145      67517959 
 145      258D582C 
 146 027b B0248FB0 		.ascii	"\260$\217\260\200\313n\201\301\254TVwh\201Q\213{\314"
 146      80CB6E81 
 146      C1AC5456 
 146      77688151 
 146      8B7BCC
 147 028e D4765AF6 		.ascii	"\324vZ\366\352%\272\247\013\207\246\201\324\015\300"
 147      EA25BAA7 
 147      0B87A681 
 147      D40DC0
 148 029d 385960A6 		.ascii	"8Y`\246h\001\257m\346q9s\267m\346c\346\021\3649\352"
 148      6801AF6D 
 148      E6713973 
 148      B76DE663 
 148      E611F439 
 149 02b2 F9BC65CD 		.ascii	"\371\274e\315\211\222\231\373\211\253g4=\"\313Z\005"
 149      899299FB 
 149      89AB6734 
 149      3D22CB5A 
 149      05
 150 02c3 B850FEC4 		.ascii	"\270P\376\304'\255T\027Q^?\022\345\027\306\311\254%"
 150      27AD5417 
 150      515E3F12 
 150      E517C6C9 
 150      AC25
 151 02d5 545D35FF 		.ascii	"T]5\377\"\350%K\320\313\220\264_;\032?\037\277P\231"
 151      22E8254B 
 151      D0CB90B4 
 151      5F3B1A3F 
 151      1FBF5099 
 152 02e9 FD8BD3A6 		.ascii	"\375\213\323\246,\001G\265NY\265\376Zr\357\004\211\353"
 152      2C0147B5 
 152      4E59B5FE 
 152      5A72EF04 
 152      89EB
 153 02fb C1DCDCDE 		.ascii	"\301\334\334\336\020\311b\030\011\370\255|]~\267r]A"
 153      10C96218 
 153      09F8AD7C 
 153      5D7EB772 
 153      5D41
 154 030d 5D82C276 		.ascii	"]\202\302v\036\273\355\256\2337O\310\241\355\246-\356"
 154      1EBBEDAE 
 154      9B374FC8 
 154      A1EDA62D 
 154      EE
 155 031e ABA5374F 		.ascii	"\253\2457O\230\350\206;;\233\024\263\021\035fJ\357\236"
ARM GAS  /var/folders/qd/4mxf5pkd0zdf0b9dd1hp39180000gn/T//ccrBZb7t.s 			page 12


 155      98E8863B 
 155      3B9B14B3 
 155      111D664A 
 155      EF9E
 156 0330 B0CD7831 		.ascii	"\260\315x1i<\335f\274\345\264\254-\342\250\353YQ\031"
 156      693CDD66 
 156      BCE5B4AC 
 156      2DE2A8EB 
 156      595119
 157 0343 DEB270AD 		.ascii	"\336\262p\255D\341(\347\372?W\371u\213z\016\005\215"
 157      44E128E7 
 157      FA3F57F9 
 157      758B7A0E 
 157      058D
 158 0355 0A41BD76 		.ascii	"\012A\275vA\357\230\3478\346P\320?,\356?K\005\215s\272"
 158      41EF98E7 
 158      38E650D0 
 158      3F2CEE3F 
 158      4B058D73 
 159 036a 67EFEEB8 		.ascii	"g\357\356\270M\277\250\324\317W\324/\277\260\226-\313"
 159      4DBFA8D4 
 159      CF57D42F 
 159      BFB0962D 
 159      CB
 160 037b FFF396FF 		.ascii	"\377\363\226\377o\010\377?jZy\030\"\377\033\347\362"
 160      6F08FF3F 
 160      6A5A7918 
 160      22FF1BE7 
 160      F2
 161 038c 0CFE2201 		.ascii	"\014\376\"\001\363\013\033\345%\310\211\004\342\335"
 161      F30B1BE5 
 161      25C88904 
 161      E2DD
 162 039a E4A64830 		.ascii	"\344\246H0\377Yz\305'\023\360.n\231\374\233\345\361"
 162      FF597AC5 
 162      2713F02E 
 162      6E99FC9B 
 162      E5F1
 163 03ac 2F087E0D 		.ascii	"/\010~\015\371\027\005\377\321o\2167\253\304\277\015"
 163      F91705FF 
 163      D16F8E37 
 163      ABC4BF0D 
 164 03bc 6E9B07B8 		.ascii	"n\233\007\270\365\230\234T\302\221\007\226,\343/\227"
 164      F5989C54 
 164      C2910796 
 164      2CE32F97 
 165 03cc D8AB82B8 		.ascii	"\330\253\202\270.\345\326&\275\246\357\271\361\357\224"
 165      2EE5D626 
 165      BDA6EFB9 
 165      F1EF94
 166 03db 6FB8BB56 		.ascii	"o\270\273V\262{h\270\012a8\277\335p\037\335\222mlqh"
 166      B27B68B8 
 166      0A6138BF 
 166      DD701FDD 
 166      926D6C71 
 167 03f0 B8BF2DEE 		.ascii	"\270\277-\356\373\245\206\253$\272\361B\353=W\261\223"
 167      FBA586AB 
ARM GAS  /var/folders/qd/4mxf5pkd0zdf0b9dd1hp39180000gn/T//ccrBZb7t.s 			page 13


 167      24BAF142 
 167      EB3D57B1 
 167      93
 168 0401 083C28B5 		.ascii	"\010<(\265`\245\315\202\021i\301\200\315\202\355#\346"
 168      60A5CD82 
 168      1169C180 
 168      CD82ED23 
 168      E6
 169 0412 048B97A8 		.ascii	"\004\213\227\250K\274\273\255\345\262\007u\372id\350"
 169      4BBCBBAD 
 169      E5B20775 
 169      FA6964E8 
 170 0422 DD6DE948 		.ascii	"\335m\351H\3675\2579\3437\371[\241\033\362\274\372\207"
 170      F735AF39 
 170      E337F95B 
 170      A11BF2BC 
 170      FA87
 171 0434 B2FABE8D 		.ascii	"\262\372\276\215\354@\330V\376#Q>\276C\303c1\345\266"
 171      EC40D856 
 171      FE23513E 
 171      BE43C363 
 171      31E5B6
 172 0447 89812B72 		.ascii	"\211\201+r\3121xbN\371\013s\312U\216\204_\261\016\301"
 172      CA317862 
 172      4EF90B73 
 172      CA558E84 
 172      5FB10EC1 
 173 045b 6AC994AB 		.ascii	"j\311\224\2539\2278\214e\316t\315\242~\2123\255\026"
 173      3997388C 
 173      65CE74CD 
 173      A27E8A33 
 173      AD16
 174 046d 330DDA67 		.ascii	"3\015\332gz|D\026]\343p\246\353\026\367F\351\313@-\247"
 174      7A7C4416 
 174      5DE370A6 
 174      EB16F746 
 174      E9CB402D 
 175 0482 7BF6BF7F 		.ascii	"{\366\277\177-'i?\235\037\223c\326a\2638\320\260\034"
 175      2D27693F 
 175      9D1F9363 
 175      D661B338 
 175      D0B01C
 176 0495 68C87627 		.ascii	"h\310v'\2370+\253s\324s\301:\222\206R\366kT\243Rd\331"
 176      9F302BAB 
 176      73D473C1 
 176      3A928652 
 176      F66B54A3 
 177 04ac AB70E5EA 		.ascii	"\253p\345\352\330]\330\333u\343s\301$\213\006^,\277"
 177      D85DD8DB 
 177      75E373C1 
 177      248B065E 
 177      2CBF
 178 04be 44B7D5D7 		.ascii	"D\267\325\327'\351o\347\256\344;o4$\337\335\371\336"
 178      27E96FE7 
 178      AEE43B6F 
 178      3424DFDD 
 178      F9DE
ARM GAS  /var/folders/qd/4mxf5pkd0zdf0b9dd1hp39180000gn/T//ccrBZb7t.s 			page 14


 179 04d0 FBBB92AF 		.ascii	"\373\273\222\257\274\372\322\216\355\204/\356\330\275"
 179      BCFAD28E 
 179      ED842FEE 
 179      D8BD
 180 04de 1B23AF37 		.ascii	"\033#\25774\274]\377\026\373\007)\251Jj"
 180      34BC5DFF 
 180      16FB0729 
 180      A94A6A
 181              		.text
 182              		.section	.gnu.lto_.symbol_nodes.b650132404c24f8b,"",%progbits
 183 0000 789C6363 		.ascii	"x\234cc``\360\006b\006\246V\246z\006\206\011\347\030"
 183      6060F006 
 183      6206A656 
 183      A67A0686 
 183      09E718
 184 0013 1880D4CE 		.ascii	"\030\200\324\316\206\203\015l@\2616\246zF\230\330\256"
 184      86830D6C 
 184      40B136A6 
 184      7A4698D8 
 184      AE
 185 0024 0647A048 		.ascii	"\006G\240H;S=\023\212\010k\013\023C\243\022\320\000"
 185      3B533D13 
 185      8A086B0B 
 185      1343A312 
 185      D000
 186 0036 66460686 		.ascii	"fF\006\206E\355o\344\031\000\321B\021\343"
 186      45ED6FE4 
 186      1900D142 
 186      11E3
 187              		.text
 188              		.section	.gnu.lto_.refs.b650132404c24f8b,"",%progbits
 189 0000 789C6363 		.ascii	"x\234cc```\004b\006\000\000D\000\010"
 189      60606004 
 189      62060000 
 189      440008
 190              		.text
 191              		.section	.gnu.lto_.decls.b650132404c24f8b,"",%progbits
 192 0000 789CC557 		.ascii	"x\234\305W{PS\331\031\277\347\236\020 A\260\320\351"
 192      7B5053D9 
 192      19BFE79E 
 192      102041B0 
 192      D0E9
 193 0012 381D3BE3 		.ascii	"8\035;\343Xvd\332Bx8\263\373G\247\263\030qu\332\335"
 193      587664DA 
 193      427838B3 
 193      FB47A7B3 
 193      187175DA 
 194 0027 7512DAAD 		.ascii	"u\022\332\255\177e\331\030k\024\022j\342T\247\177\354"
 194      7F65D918 
 194      6B14126A 
 194      E254A77F 
 194      EC
 195 0038 45F001BE 		.ascii	"E\360\001\276\300\305\027\276\"\242\210R\227\335\365"
 195      C0C517BE 
 195      22A28852 
 195      97DDF5
 196 0047 85A04440 		.ascii	"\205\240D@t}\000\246\353\003\005\004\\XQ\026\025\225"
ARM GAS  /var/folders/qd/4mxf5pkd0zdf0b9dd1hp39180000gn/T//ccrBZb7t.s 			page 15


 196      747D00A6 
 196      EB030504 
 196      5C585116 
 196      1595
 197 0059 87B8A4DF 		.ascii	"\207\270\244\3379\347\206\234\204\350\266\235\316\364"
 197      39E7869C 
 197      84E8B69D 
 197      CEF4
 198 0067 8EBFDCFB 		.ascii	"\216\277\334\373\235\363;\337\353\234\357;\250\024\004"
 198      9DF33BDF 
 198      EB9CEF3B 
 198      A81404
 199 0076 61D96441 		.ascii	"a\331dAh\024\005\341\035$\010nx\0240v^\360>\030P\005"
 199      681405E1 
 199      1D24086E 
 199      78143076 
 199      5EF03E18 
 200 008c 380BA801 		.ascii	"8\013\250\001\000M\270*\370>\177\203\301`x\177\014\230"
 200      004DB82A 
 200      F83E7F83 
 200      C160787F 
 200      0C98
 201 009e 016801DC 		.ascii	"\001h\001\334\0024\002\306\000\257\000`Bp\001\236\313"
 201      023402C6 
 201      00AF0060 
 201      4270019E 
 201      CB
 202 00af 3AAA8489 		.ascii	":\252\204\211\317\337a\"\224\323\343YK\364\270\001g"
 202      CFDF6122 
 202      94D3E359 
 202      4BF4B801 
 202      67
 203 00c0 0051C0F9 		.ascii	"\000Q\300\371\011@\011\337#\200\027\200\001@\037\340"
 203      094009DF 
 203      23801780 
 203      01401FE0 
 204 00d0 19408598 		.ascii	"\031@\205\230\255\263\257\261\361\251\237\257\274\215"
 204      ADB3AFB1 
 204      F1A99FAF 
 204      BC8D
 205 00de DFC0DCAF 		.ascii	"\337\300\334\257e\335O\001O\000\203\200\307\200~\302"
 205      65DD4F01 
 205      4F008380 
 205      C7807EC2 
 206 00ee 47CCF79A 		.ascii	"G\314\367\232\000z\0131:s\376l\215\372\036jC`\037M\246"
 206      007A0B31 
 206      3A73FE6C 
 206      8DFA1E6A 
 206      43601F4D 
 207 0103 A308B15F 		.ascii	"\243\010\261_x\023P\331\355y\020\033\207Q\221\275d*"
 207      781350D9 
 207      ED79101B 
 207      875191BD 
 207      642A
 208 0115 113C4BD0 		.ascii	"\021<K\320\370\210(\353\020=z\351?Y\001\342\265\262"
 208      F88828EB 
 208      103D7AE9 
ARM GAS  /var/folders/qd/4mxf5pkd0zdf0b9dd1hp39180000gn/T//ccrBZb7t.s 			page 16


 208      3F5901E2 
 208      B5B2
 209 0127 7966CEF3 		.ascii	"yf\316\363\260\254\263\017n\035\033\022\275\306\270"
 209      B0ACB30F 
 209      6E1D1B12 
 209      BDC6B8
 210 0136 25137C15 		.ascii	"%\023|\025\306\247\307\235\362\006\211\344$\334\350"
 210      C6A7C79D 
 210      F20689E4 
 210      24DCE8
 211 0145 DB702CAC 		.ascii	"\333p,\254\003\265\303\354\002A\310\017\311@dt\317\355"
 211      03B5C3EC 
 211      0241C80F 
 211      C9406474 
 211      CFED
 212 0157 E2732216 		.ascii	"\342s\"\026\351wYwK\305$\374\013\372\335\322\264y}h"
 212      E9775977 
 212      4BC524FC 
 212      0BFADDD2 
 212      B4797D68 
 213 016b 5CB9C49E 		.ascii	"\\\271\304\236\220=X@'\021\366$\364\202{\310\031\261"
 213      903D5840 
 213      2711F624 
 213      F4827BC8 
 213      19B1
 214 017d 1EA34815 		.ascii	"\036\243H\025\022At=\271\272G\015\342OUh2\210\345\033"
 214      1241743D 
 214      B9BA470D 
 214      E24F5568 
 214      3288E51B 
 215 0191 DC854153 		.ascii	"\334\205AS\266\221\205\371\331\322d\021}\3743T\211\246"
 215      B69185F9 
 215      D9D26411 
 215      7DFC3354 
 215      89A6
 216 01a3 A2D3682A 		.ascii	"\242\323h*\270s\006M\201_\213\202i:\354\270\341TNwH"
 216      B873064D 
 216      815F8B82 
 216      693AECB8 
 216      E1544E77 
 217 01b8 CE0EC939 		.ascii	"\316\016\3119T\364\316\315\2725R3\254{\227\362\320\011"
 217      54F4CECD 
 217      BA355233 
 217      AC7B97F2 
 217      D009
 218 01ca 84D12914 		.ascii	"\204\321)\024G\2428A\254\243\343\250\003\241\257\320"
 218      47A23841 
 218      ACA3E3A8 
 218      03A1AFD0 
 219 01da 3D08A20A 		.ascii	"=\010\242\012M\207\365;\367n\256\300x-\242N\257/k>\251"
 219      4D87F53B 
 219      F76EAEC0 
 219      782DA24E 
 219      AF2F6B3E 
 220 01ef 06650E50 		.ascii	"\006e\016P\326\270'\254Hr\256\002]\"UU\355UU\355\257"
 220      D6B827AC 
 220      4872AE02 
ARM GAS  /var/folders/qd/4mxf5pkd0zdf0b9dd1hp39180000gn/T//ccrBZb7t.s 			page 17


 220      5D225555 
 220      ED5555ED 
 221 0204 EA2C5525 		.ascii	"\352,U%=\250j\215\300\205L\325\232;\217\207\203eU\265"
 221      3DA86A8D 
 221      C0854CD5 
 221      9A3B8F87 
 221      836555B5 
 222 0218 BFF2D174 		.ascii	"\277\362\321t\316\253\351\234\277\246\032\252\251\355"
 222      CEABE99C 
 222      BFA61AAA 
 222      A9ED
 223 0226 52D9510C 		.ascii	"R\331Q\014\371\230\241Bd\213\"`\350\363\276\312\221"
 223      F998A142 
 223      648B2260 
 223      E8F3BECA 
 223      91
 224 0237 496C88A8 		.ascii	"Il\210\250wm\036(\011\306\007\231\255\3539\025\2731"
 224      776D1E28 
 224      09C60799 
 224      ADEB3915 
 224      BB31
 225 0249 CBA602C4 		.ascii	"\313\246\002\304\247\327\212\356\207\263lN+\304\342"
 225      A7D78AEE 
 225      87B36C4E 
 225      2BC4E2
 226 0258 BD96D1D6 		.ascii	"\275\226\321\326p\244\212Y'I\253$G\266\024:W@\365\220"
 226      70A48A59 
 226      2749AB24 
 226      47B6143A 
 226      5740F590 
 227 026c CD3AC826 		.ascii	"\315:\310&j@1D%q\007\235\207A'\014\036\"\211w^<\366"
 227      6A403144 
 227      2571079D 
 227      8741270C 
 227      1E228977 
 228 0283 BB9D0392 		.ascii	"\273\235\003\2224\015]@*T\353uy\206\212%\276\254\244"
 228      340D5D40 
 228      2A54EB75 
 228      79868A25 
 228      BEACA4
 229 0296 A05889EB 		.ascii	"\240X\211\353\351\316\213U\273\272/\210\257\263\361"
 229      E9CE8B55 
 229      BBBA2F88 
 229      AFB3F1
 230 02a5 F56B6D3C 		.ascii	"\365km<n\231\336\260\232\244\345\022\330\270\350\265"
 230      6E99DEB0 
 230      9AA4E512 
 230      D8B8E8B5 
 231 02b5 01269991 		.ascii	"\001&\231\221m\356K\377 \221\221y\251\376\010\311ME"
 231      6DEE4BFF 
 231      20919179 
 231      A9FE08C9 
 231      4D45
 232 02c7 49F72FF1 		.ascii	"I\367/\361ML\003\337t\270\251U\371\326\001\311QK6\377"
 232      4D4C03DF 
 232      74B8A955 
 232      F9D601C9 
ARM GAS  /var/folders/qd/4mxf5pkd0zdf0b9dd1hp39180000gn/T//ccrBZb7t.s 			page 18


 232      514B36FF 
 233 02db B725B0F9 		.ascii	"\267%\260\371\371\210\222\2570e\343N\010t\3442q\347"
 233      F98892AF 
 233      3065E34E 
 233      0874E432 
 233      71E7
 234 02ed 2A7A0B96 		.ascii	"*z\013\2266\237\351\350\016\307=L\317\016\327\027)*"
 234      369FE9E8 
 234      0EC73D4C 
 234      CF0ED717 
 234      292A
 235 02ff F03DFBDF 		.ascii	"\360=\373\337\362\035\026\024U=\277\034\3042\036\002"
 235      F21D1614 
 235      553DBF1C 
 235      C4321E02 
 236 030f E2A9FEA3 		.ascii	"\342\251\376\243\247&\261\214;\311\364\366\312\256'"
 236      A726B18C 
 236      3BC9F4F6 
 236      CAAE27
 237 031e E1B8972A 		.ascii	"\341\270\227*W\264\226\257}\244D\321Q1\321\305RN6\004"
 237      57B496AF 
 237      7DA444D1 
 237      5131D1C5 
 237      524E3604 
 238 0332 FDC3CC31 		.ascii	"\375\303\3141\327\003I\332\022\206\032\301\323k\340"
 238      D70349DA 
 238      12861AC1 
 238      D36BE0
 239 0341 D73F5194 		.ascii	"\327?Q\224\327\244\206x\233\000?B\001\255\000\000R\010"
 239      D7A48678 
 239      9B003F42 
 239      01AD0000 
 239      5208
 240 0353 A819E69B 		.ascii	"\250\031\346\233h$\204Mb\373\006|s\241ht\003E\323\272"
 240      6824844D 
 240      62FB067C 
 240      73A16874 
 240      0345D3BA 
 241 0367 62396D1F 		.ascii	"b9m\037\213\314\202\025\204%\310\371$\017\263=8\026"
 241      8BCC8215 
 241      8425C8F9 
 241      240FB33D 
 241      3816
 242 0379 599C2D5D 		.ascii	"Y\234-]\212\247\226\257\007\264\\Ol\320\030\277\254"
 242      8AA796AF 
 242      07B45C4F 
 242      6CD018BF 
 242      AC
 243 038a AF09C65B 		.ascii	"\257\011\306[\025t\2037V\215V \024\025\023\320%t\033"
 243      15748337 
 243      568D5620 
 243      141513D0 
 243      25741B
 244 039d 3C79B357 		.ascii	"<y\263WccJ\350\002\350\026\220nz\367\231\370Hm\265\336"
 244      63634AE8 
 244      02E81690 
 244      6E7AF799 
ARM GAS  /var/folders/qd/4mxf5pkd0zdf0b9dd1hp39180000gn/T//ccrBZb7t.s 			page 19


 244      F8486DB5 
 245 03b2 765DC661 		.ascii	"v]\306ay\343\247\207\022\275{\327\202\302h;\2027\220"
 245      79E3A787 
 245      12BD7BD7 
 245      82C2683B 
 245      823790
 246 03c5 AB4E5537 		.ascii	"\253NU7\310\311\217\007q\327\263\266\336P&\306\200x"
 246      C8C98F07 
 246      71D7B3B6 
 246      DE5026C6 
 246      8078
 247 03d7 E5E6FE63 		.ascii	"\345\346\376cAx?u\033]\373\356\013W0.e\202\247.\"i]"
 247      41783F75 
 247      1B5DFBEE 
 247      0B57302E 
 247      6582A72E 
 248 03ee A082BA17 		.ascii	"\240\202\272\027\317\324\370s6\327\237\323\335\241f"
 248      CFD4F873 
 248      36D79FD3 
 248      DDA166
 249 03fd 7353C8BA 		.ascii	"sS\310\272\334-[E|\\^\327\\\227\027\212\253\231\340"
 249      DC2D5B45 
 249      7C5C5ED7 
 249      5C97178A 
 249      AB99E0
 250 0410 695591AC 		.ascii	"iU\221\254U\345\235oY\023\212\353\331\334\376\007\225"
 250      55E59D6F 
 250      59138AEB 
 250      D9DCFE07 
 250      95
 251 0421 9F45E02B 		.ascii	"\237E\340+L\250\276{B\203\277a\337e\225\033;\203p\033"
 251      4CA8BE7B 
 251      4283BF61 
 251      DF65951B 
 251      3B83701B 
 252 0435 13EE9FCA 		.ascii	"\023\356\237\312\031T\340N&\334j\356\232\313\264\315"
 252      1954E04E 
 252      26DC6AEE 
 252      9ACBB4CD 
 253 0445 0469E8E4 		.ascii	"\004i\350\344\350]\271r\035\030\344\341\035\253K\021"
 253      E85DB972 
 253      1D18E4E1 
 253      1DAB4B11 
 254 0455 EEA1D408 		.ascii	"\356\241\324\010\251y\323~\204\242\275\017\234(\371"
 254      A979D37E 
 254      84A2BD0F 
 254      9C28F9
 255 0464 48F5AFC3 		.ascii	"H\365\257\303e\307%)WI\367\265\023\022<\304\357k\007"
 255      65C72529 
 255      5749F7B5 
 255      13123CC4 
 255      EF6B07
 256 0477 F26E2C5B 		.ascii	"\362n,[pg\035\206\226\224\203)\377[\177\376\375\011"
 256      70671D86 
 256      96948329 
 256      FF5B7FFE 
 256      FD09
ARM GAS  /var/folders/qd/4mxf5pkd0zdf0b9dd1hp39180000gn/T//ccrBZb7t.s 			page 20


 257 0489 7C572EC7 		.ascii	"|W.\307\177\344\317\277\203\306\217,\243_\346\351\255"
 257      7FE4CFBF 
 257      83C68F2C 
 257      A35FE6E9 
 257      AD
 258 049a FEF4BB13 		.ascii	"\376\364\273\023\324\277\374\324K\177\340O\327\370\263"
 258      D4BFFCD4 
 258      4B7FE04F 
 258      D7F8B3
 259 04a9 0738F6B5 		.ascii	"\0078\366\265\200l\336\025>\322\036\177v\323\004W\272"
 259      806CDE15 
 259      3ED21E7F 
 259      76D30457 
 259      BA
 260 04ba 787E57E0 		.ascii	"x~W\340Lr\352\007x\372=\177z\273?\335\305\323\273\003"
 260      4C72EA07 
 260      78FA3D7F 
 260      7ABB3FDD 
 260      C5D3BB03 
 261 04ce E79DA3BF 		.ascii	"\347\235\243\277\344\351\327\003kg\316\373\324\345C"
 261      E4E9D703 
 261      6B67CEFB 
 261      D4E543
 262 04dd 60F4D2C9 		.ascii	"`\364\322\311!\271(\207\241(\237BQ>\001\274\004\014"
 262      21B92887 
 262      A1289F42 
 262      513E01BC 
 262      040C
 263 04ef 005E00BE 		.ascii	"\000^\000\276\007<\003\364\001\236\003\006\001#\200"
 263      073C03F4 
 263      019E0306 
 263      012380
 264 04fe C7807E9F 		.ascii	"\307\200~\237\002\356q\263\2662\024\250\2554\344\362"
 264      02EE71B3 
 264      B63214A8 
 264      AD34E4F2 
 265 050e E7AF2DF0 		.ascii	"\347\257-\360\206sq\325\362q}\027xS\022\3446\364\242"
 265      867371D5 
 265      F2717D17 
 265      785312E4 
 265      36F4A2
 266 0521 BCBC4D8D 		.ascii	"\274\274M\215\373X\033*\253:\323\031\342\337\206<\341"
 266      FB581B2A 
 266      AB3AD319 
 266      E2DF863C 
 266      E1
 267 0532 A21F20CA 		.ascii	"\242\037 \312\377]\304\355\2718\233D\374\0124\216z{"
 267      FF5DC4ED 
 267      B9389B44 
 267      FC0A348E 
 267      7A7B
 268 0544 D690A767 		.ascii	"\326\220\247g5\367\224\216\206\362=\353\225O\317\032"
 268      35F7948E 
 268      86F23DEB 
 268      954FCF1A 
 269 0554 937BD618 		.ascii	"\223{\326\030\355Y\373^\215\356\014\347\311\344\017"
 269      ED59FB5E 
ARM GAS  /var/folders/qd/4mxf5pkd0zdf0b9dd1hp39180000gn/T//ccrBZb7t.s 			page 21


 269      8DEE0CE7 
 269      C9E40F
 270 0563 012FD92D 		.ascii	"\001/\331-\223\335\224|\262\347\353\006\025k\003\022"
 270      93DD947C 
 270      B2E7EB06 
 270      156B0312 
 271 0573 02B9376F 		.ascii	"\002\2717ow{\030\036f\035\243v\240\2424\214\265\014"
 271      777B181E 
 271      661DA376 
 271      A0A2348C 
 271      B50C
 272 0585 D2223AF2 		.ascii	"\322\":\362\353\334\021\344\356\222d\3050\356\325\233"
 272      EBDC11E4 
 272      EE9264C5 
 272      30EED59B 
 273 0595 2DC2450A 		.ascii	"-\302E\0125\201V\211\364\336z\221_1'2_N\336\273\012"
 273      35815689 
 273      F4DE7A91 
 273      5F312732 
 273      5F4EDEBB 
 274 05aa 76AF8A53 		.ascii	"v\257\212S\345\223\227#Fz\326\020rV\347\301\366p\236"
 274      E5939723 
 274      467AD610 
 274      7256E7C1 
 274      F6709E
 275 05bd DDF826F6 		.ascii	"\335\370&\366\261\003\007\267\253\260[v2/w7\302\331"
 275      B10307B7 
 275      ABB05B76 
 275      322F7737 
 275      C2D9
 276 05cf 4154387D 		.ascii	"AT8}\366\373D\346\360T\362\267t\333S\247\374\267^\007"
 276      F6FB44E6 
 276      F054F2B7 
 276      74DB53A7 
 276      FCB75E07 
 277 05e3 04A73C31 		.ascii	"\004\247<1xq\233\032\256\307\350h\317\005\3318\302]"
 277      78719B1A 
 277      AEC7E868 
 277      CF05D938 
 277      C25D
 278 05f5 526B45F8 		.ascii	"RkE\370\263L\374\361\3531\027\374Z'\2229\302&'`\223"
 278      B34CFCF1 
 278      EB3117FC 
 278      5A279239 
 278      C2262760 
 279 060a 1883F2C4 		.ascii	"\030\203\362\304h\264\001\260\021\260Y\214\346\216\254"
 279      68B401B0 
 279      11B0598C 
 279      E68EAC
 280 0619 6BA5F704 		.ascii	"k\245\367\004\256\011hc\274+dA\277\\\231E\331\253\305"
 280      AE096863 
 280      BC2B6441 
 280      BF5C9945 
 280      D9ABC5
 281 062c 489425B3 		.ascii	"H\224%\263=\231\340\317\253|\331\015\263Z\001\326\304"
 281      3D99E0CF 
 281      AB7CD90D 
ARM GAS  /var/folders/qd/4mxf5pkd0zdf0b9dd1hp39180000gn/T//ccrBZb7t.s 			page 22


 281      B35A01D6 
 281      C4
 282 063d 5AE9E1A3 		.ascii	"Z\351\341\243#\275\321\307r\207\317\331?Qt\265A\304"
 282      23BDD1C7 
 282      7287CFD9 
 282      3F5174B5 
 282      41C4
 283 064f B9348DE2 		.ascii	"\2714\215\342\305\035\245\007D\377\263\357\011\033m"
 283      C51DA507 
 283      44FFB3EF 
 283      091B6D
 284 065e 81687F2C 		.ascii	"\201h\177,r\346]\377\010\275\212\013\200\234/\216\037"
 284      72E65DFF 
 284      08BD8A0B 
 284      809C2F8E 
 284      1F
 285 066f 6BE22BB5 		.ascii	"k\342+\265\331\345\332\233\033\314\237\324\002\221?"
 285      D9E5DA9B 
 285      1BCC9FD4 
 285      02913F
 286 067e D69F89EC 		.ascii	"\326\237\211\354\244\302\033\310=%\225\215\"\336\301"
 286      A4C21BC8 
 286      3D25958D 
 286      22DEC1
 287 068d F6B9BF76 		.ascii	"\366\271\277v\213\031\357f\337w\276\354\354T\342\203"
 287      8B19EF66 
 287      DF77BEEC 
 287      EC54E283 
 288 069d 4C18286A 		.ascii	"L\030(jx\244\302\207\231\260\353\330\221\034\214\217"
 288      78A4C287 
 288      99B0EBD8 
 288      911C8C8F 
 289 06ad 32A1B53A 		.ascii	"2\241\265:\253>\034\177\305\204\316}\253\276\015\302"
 289      AB3E1C7F 
 289      C584CE7D 
 289      ABBE0DC2 
 290 06bd A799305C 		.ascii	"\247\2310\\}\275Xd\247&\032\304#\316\365\227\260|3\222"
 290      7DBD5864 
 290      A7261AC4 
 290      23CEF597 
 290      B07C3392 
 291 06d1 FF311C6A 		.ascii	"\3771\034j\032)D\270\232r\325\333\013\3726\207\303\315"
 291      1A2944B8 
 291      9A72D5DB 
 291      0BFA3687 
 291      C3CD
 292 06e3 1845AFC5 		.ascii	"\030E\257\305\361[\261\361!\227\351m\020\252C|\343%"
 292      F15BB1F1 
 292      2197E96D 
 292      10AA437C 
 292      E325
 293 06f5 D7B5C47B 		.ascii	"\327\265\304{$\366\370\323\271V\356\263\001\273a\003"
 293      24F6F8D3 
 293      B956EEB3 
 293      01BB6103 
 294 0705 76D173E7 		.ascii	"v\321s\347\220\263\177\010\262_\012Y?\010(\006\224\000"
 294      90B37F08 
ARM GAS  /var/folders/qd/4mxf5pkd0zdf0b9dd1hp39180000gn/T//ccrBZb7t.s 			page 23


 294      B25F0A59 
 294      3F082806 
 294      9400
 295 0717 F603F602 		.ascii	"\366\003\366\002\016\000\016\003\366\371\234\305\332"
 295      0E000E03 
 295      F6F99CC5 
 295      DA
 296 0724 25BE175A 		.ascii	"%\276\027Z\000?\371+\307\354e\357\360w\263\211g\303"
 296      003FF92B 
 296      C7EC65EF 
 296      F077B389 
 296      67C3
 297 0736 163A5DB2 		.ascii	"\026:]\262nR\351[\375\331\023\256\263\227\234\356\355"
 297      6E52E95B 
 297      FDD913AE 
 297      B3979CEE 
 297      ED
 298 0747 8175F319 		.ascii	"\201u\363\031{\310\321w\372\323\271\"b\007\357f/+\013"
 298      7BC8D177 
 298      FAD3B922 
 298      6207EF66 
 298      2F2B0B
 299 075a 47C0B2E8 		.ascii	"G\300\262\350\3456\253(\240.\316\317;\\\306\012\003"
 299      E536AB28 
 299      A02ECECF 
 299      3B5CC60A 
 299      03
 300 076b 4735FE77 		.ascii	"G5\376w\354\232\026\351\266\032\237gE\3245\324_\020"
 300      EC9A16E9 
 300      B61A9F67 
 300      45D435D4 
 300      5F10
 301 077d 8A62A298 		.ascii	"\212b\242\230G\203\017i)\034\205\325e\336Rp\320R\010"
 301      47830F69 
 301      291C85D5 
 301      65DE5270 
 301      D05208
 302 0790 B8CBE808 		.ascii	"\270\313\350\010l\356\177\263\321\340\207c\370x\335"
 302      6CEE7FB3 
 302      D1E08763 
 302      F878DD
 303 079f 24BEB08E 		.ascii	"$\276\260\216\372\024V\271\\X\344\375\363\305i\351\206"
 303      FA1456B9 
 303      5C58E4FD 
 303      F3C569E9 
 303      86
 304 07b0 F4F48586 		.ascii	"\364\364\205\206O\322\214K\227g\032\026Z3\322\314\026"
 304      4FD28C4B 
 304      97671A16 
 304      5A33D2CC 
 304      16
 305 07c1 83D962B6 		.ascii	"\203\331b\266k\342\342\344\177V\233\006h\232L"
 305      6BE2E2E4 
 305      7F569B06 
 305      689A4C
 306 07d0 EB32BB4D 		.ascii	"\3532\273M\243O}?)\221\375\316IZ\261B#+\2103\206\274"
 306      A34F7D3F 
ARM GAS  /var/folders/qd/4mxf5pkd0zdf0b9dd1hp39180000gn/T//ccrBZb7t.s 			page 24


 306      2991FDCE 
 306      495AB142 
 306      232B8833 
 307 07e6 F7C11FA7 		.ascii	"\367\301\037\247i\023\022\204\370\377p\241\020\346q"
 307      69131284 
 307      F8FF70A1 
 307      10E671
 308 07f5 82989D6C 		.ascii	"\202\230\235l\263g$%\032\214\351V\343R:\2402\030\226"
 308      B3672425 
 308      1A8CE956 
 308      E3523AA0 
 308      321896
 309 0808 9B2D7618 		.ascii	"\233-v\030\263oA\232\344\314\314t\2631\315n\266Zl\232"
 309      B36F419A 
 309      E4CCCC74 
 309      B331CD6E 
 309      B65A6C9A 
 310 081c 1463BA39 		.ascii	"\024c\2729\323f2\230b3\227\033\227&\306\245efj\264V"
 310      D3663298 
 310      6233971B 
 310      9726C6A5 
 310      65666AB4 
 311 0831 8BDD64B1 		.ascii	"\213\335d\261O\230\324\244Z\255\3516\315_\214\306\330"
 311      4F98D4A4 
 311      5AADE936 
 311      CD5F8CC6 
 311      D8
 312 0842 B46519B1 		.ascii	"\264e\031\261\026\253\305\024kJ\373\304\034\373vlb|"
 312      16ABC514 
 312      6B4AFBC4 
 312      1CFB766C 
 312      627C
 313 0854 C2DBB17F 		.ascii	"\302\333\261\177\235\031\233\221\266\304\272L\3433\253"
 313      9D199B91 
 313      B6C4BA4C 
 313      E333AB
 314 0863 315B8CE9 		.ascii	"1[\214\351\313\027\2324\031i\306\305f\213IcXhZ\224\266"
 314      CB179A34 
 314      1969C6C5 
 314      668B4963 
 314      58685A94 
 315 0878 3CDD6EB0 		.ascii	"<\335n\260\257\3144\331\342\026\013!\036\347\326\376"
 315      AFCC34D9 
 315      E2160B21 
 315      1EE7D6FE 
 316 0888 FF9CB3AD 		.ascii	"\377\234\263\255\264i\0146\373B\360\004<\212\320\257"
 316      B4690C36 
 316      FB42F004 
 316      3C8AD0AF 
 317 0898 B4D94D19 		.ascii	"\264\331M\031Z\3532\223\226dQ\324\352\260V\257\233\301"
 317      5AEB3293 
 317      966451D4 
 317      EAB056AF 
 317      9BC1
 318 08aa 6F8B6985 		.ascii	"o\213i\205]\243}_?O\017\033\242\241\031_\224\024\237"
 318      5DA37D5F 
 318      3F4F0F1B 
ARM GAS  /var/folders/qd/4mxf5pkd0zdf0b9dd1hp39180000gn/T//ccrBZb7t.s 			page 25


 318      A2A1195F 
 318      94149F
 319 08bd B4C208CB 		.ascii	"\264\302\010\313\325\363?\322\031R!\272\331\246EA\332"
 319      D5F33FD2 
 319      195221BA 
 319      D9A64541 
 319      DA
 320 08ce 39EFE912 		.ascii	"9\357\351\022\203\223\347\316\322\351Su\212Y\263\265"
 320      8393E7CE 
 320      D2E95375 
 320      8A59B3B5 
 321 08de BAE0E4F9 		.ascii	"\272\340\344\371\263\022R>\240\357Dx+a\022^!d\230\220"
 321      B312523E 
 321      A0EF4478 
 321      2B61125E 
 321      21649890 
 322 08f2 C84722F9 		.ascii	"\310G\"\371\300\332y:\005YO\225$\251uZ\255G\2552\345"
 322      C0DA793A 
 322      05594F95 
 322      24A9755A 
 322      AD47AD32 
 323 0907 CFA9F3C0 		.ascii	"\317\251\363\300+\235\226M&\204\353\027\350\341\303"
 323      2B9D964D 
 323      2684EB17 
 323      E8E1C3
 324 0916 338F3F9C 		.ascii	"3\217?\234\245\013\321\245\350St\177J\231-&\353D\275"
 324      A50BD1A5 
 324      E853747F 
 324      4A992D26 
 324      EB44BD
 325 0929 2EF8C3F9 		.ascii	".\370\303\371\251\277OY\240S\220\037\234\254\325)>\322"
 325      A9BF4F59 
 325      A053901F 
 325      9CACD529 
 325      3ED2
 326 093b CDD74D9A 		.ascii	"\315\327M\232\363\207d\375\\\317\262\177\001z{\220|"
 326      F38764FD 
 326      5CCFB27F 
 326      017A7B90 
 326      7C
 327              		.text
 328              		.section	.gnu.lto_.symtab.b650132404c24f8b,"",%progbits
 329 0000 68616C5F 		.ascii	"hal_lld_init\000"
 329      6C6C645F 
 329      696E6974 
 329      00
 330 000d 00       		.ascii	"\000"
 331 000e 00       		.ascii	"\000"
 332 000f 00       		.ascii	"\000"
 333 0010 00000000 		.ascii	"\000\000\000\000\000\000\000\000"
 333      00000000 
 334 0018 BD000000 		.ascii	"\275\000\000\000"
 335 001c 73746D33 		.ascii	"stm32_clock_init\000"
 335      325F636C 
 335      6F636B5F 
 335      696E6974 
 335      00
ARM GAS  /var/folders/qd/4mxf5pkd0zdf0b9dd1hp39180000gn/T//ccrBZb7t.s 			page 26


 336 002d 00       		.ascii	"\000"
 337 002e 00       		.ascii	"\000"
 338 002f 00       		.ascii	"\000"
 339 0030 00000000 		.ascii	"\000\000\000\000\000\000\000\000"
 339      00000000 
 340 0038 BF000000 		.ascii	"\277\000\000\000"
 341 003c 53797374 		.ascii	"SystemCoreClock\000"
 341      656D436F 
 341      7265436C 
 341      6F636B00 
 342 004c 00       		.ascii	"\000"
 343 004d 00       		.ascii	"\000"
 344 004e 00       		.ascii	"\000"
 345 004f 00000000 		.ascii	"\000\000\000\000\000\000\000\000"
 345      00000000 
 346 0057 CC000000 		.ascii	"\314\000\000\000"
 347              		.text
 348              		.section	.gnu.lto_.opts,"",%progbits
 349 0000 272D666D 		.ascii	"'-fmath-errno' '-fsigned-zeros' '-ftrapping-math' '"
 349      6174682D 
 349      6572726E 
 349      6F272027 
 349      2D667369 
 350 0033 2D666E6F 		.ascii	"-fno-trapv' '-fno-openmp' '-fno-openacc' '-mcpu=cor"
 350      2D747261 
 350      70762720 
 350      272D666E 
 350      6F2D6F70 
 351 0066 7465782D 		.ascii	"tex-m4' '-mno-thumb-interwork' '-mthumb' '-O2' '-fo"
 351      6D342720 
 351      272D6D6E 
 351      6F2D7468 
 351      756D622D 
 352 0099 6D69742D 		.ascii	"mit-frame-pointer' '-falign-functions=16' '-ffuncti"
 352      6672616D 
 352      652D706F 
 352      696E7465 
 352      72272027 
 353 00cc 6F6E2D73 		.ascii	"on-sections' '-fdata-sections' '-fno-common' '-flto"
 353      65637469 
 353      6F6E7327 
 353      20272D66 
 353      64617461 
 354 00ff 2700     		.ascii	"'\000"
 355              		.text
 356              		.comm	__gnu_lto_v1,1,1
 357              		.comm	__gnu_lto_slim,1,1
 358              		.ident	"GCC: (GNU Tools for Arm Embedded Processors 7-2017-q4-major) 7.2.1 20170904 (release) [ARM
ARM GAS  /var/folders/qd/4mxf5pkd0zdf0b9dd1hp39180000gn/T//ccrBZb7t.s 			page 27


DEFINED SYMBOLS
                            *ABS*:0000000000000000 hal_lld.c
                            *COM*:0000000000000001 __gnu_lto_v1
                            *COM*:0000000000000001 __gnu_lto_slim

NO UNDEFINED SYMBOLS
