ARM GAS  /var/folders/qd/4mxf5pkd0zdf0b9dd1hp39180000gn/T//ccChwfYI.s 			page 1


   1              		.cpu cortex-m4
   2              		.eabi_attribute 20, 1
   3              		.eabi_attribute 21, 1
   4              		.eabi_attribute 23, 3
   5              		.eabi_attribute 24, 1
   6              		.eabi_attribute 25, 1
   7              		.eabi_attribute 26, 1
   8              		.eabi_attribute 30, 2
   9              		.eabi_attribute 34, 1
  10              		.eabi_attribute 18, 4
  11              		.file	"st.c"
  12              		.section	.gnu.lto_.profile.24b393b9a6e1362c,"",%progbits
  13 0000 789C6363 		.ascii	"x\234cc```\001bF\006)\036\000\000\270\0002"
  13      60606001 
  13      62460629 
  13      1E0000B8 
  13      0032
  14              		.text
  15              		.section	.gnu.lto_.icf.24b393b9a6e1362c,"",%progbits
  16 0000 789C6363 		.ascii	"x\234cc``\220c@\000V\206\325\253\276\376db\274\373\353"
  16      60609063 
  16      40005686 
  16      D5ABBEFE 
  16      6462BCFB 
  17 0015 CD5C46A6 		.ascii	"\315\\F\246\236iw\374\230\247\266\256Z\311\305r\347"
  17      9E6977FC 
  17      98A7B6AE 
  17      5AC9C572 
  17      E7
  18 0026 D54C4706 		.ascii	"\325LG\006\000\345\321\016="
  18      00E5D10E 
  18      3D
  19              		.text
  20              		.section	.gnu.lto_.jmpfuncs.24b393b9a6e1362c,"",%progbits
  21 0000 789C6363 		.ascii	"x\234cc``\220a@\000V\020\301\010\004\365s\230\031\230"
  21      60609061 
  21      40005610 
  21      C10804F5 
  21      73981998 
  22 0014 181898A1 		.ascii	"\030\030\230\241L\026\2400\000#\314\002t"
  22      4C16A030 
  22      0023CC02 
  22      74
  23              		.text
  24              		.section	.gnu.lto_.inline.24b393b9a6e1362c,"",%progbits
  25 0000 789C6363 		.ascii	"x\234cc``He@\000V\006\006\026\036F\006& \223m\201<\210"
  25      60604865 
  25      40005606 
  25      06161E46 
  25      06262093 
  26 0018 6260E402 		.ascii	"b`\344\002\021\014l\254@a\266\017zpq&\006\026f\240\020"
  26      110C6CAC 
  26      4061B60F 
  26      7A707126 
  26      061666A0 
  27 002d D3057EB8 		.ascii	"\323\005~\270\0203\246\020\013\246\020\003\000\234z"
  27      1033A610 
ARM GAS  /var/folders/qd/4mxf5pkd0zdf0b9dd1hp39180000gn/T//ccChwfYI.s 			page 2


  27      0BA61003 
  27      009C7A
  28 003c 086F     		.ascii	"\010o"
  29              		.text
  30              		.section	.gnu.lto_.pureconst.24b393b9a6e1362c,"",%progbits
  31 0000 789C6363 		.ascii	"x\234cc``\340\006bV\006\011F)&)f)\026)\000\004\001\000"
  31      6060E006 
  31      62560609 
  31      46292629 
  31      66291629 
  32 0018 A1       		.ascii	"\241"
  33              		.text
  34              		.section	.gnu.lto_stInit.24b393b9a6e1362c,"",%progbits
  35 0000 789C6363 		.ascii	"x\234cc``X\001\304\322P\314\310\314\300\3104\341\034"
  35      60605801 
  35      C4D250CC 
  35      C8CCC0C8 
  35      34E11C
  36 0013 03432307 		.ascii	"\003C#\007\023##\210\321\300\301\310P\317\304X\317\330"
  36      13232388 
  36      D1C0C1C8 
  36      50CFC458 
  36      CFD8
  37 0025 C33C8599 		.ascii	"\303<\205\231\361P\373\263\235L\232\313\033\200\340"
  37      F150FBB3 
  37      9D4C9ACB 
  37      1B80E0
  38 0034 C0F41F92 		.ascii	"\300\364\037\222\015+\0160\316af`\230\006\304 \300\270"
  38      0D2B0E30 
  38      CE616660 
  38      9806C420 
  38      C0B8
  39 0046 99519301 		.ascii	"\231Q\223\001\250\354\321\306\177Sy\331X \342\214[\030"
  39      A8ECD1C6 
  39      7F5379D9 
  39      5820E28C 
  39      5B18
  40 0058 D9181881 		.ascii	"\331\030\030\201\214\365\227X\0174\374\373\337\336p"
  40      8CF59758 
  40      0F34FCFB 
  40      DFDE70
  41 0067 E0CE22C6 		.ascii	"\340\316\"\306\377\254@\271\016 \006Z\322p\200\241\223"
  41      FFAC40B9 
  41      0E20065A 
  41      D27080A1 
  41      93
  42 0078 9909C46A 		.ascii	"\231\011\304j>\300\360\206\261y\301oi\260&\240I;w\276"
  42      3EC0F086 
  42      B179C16F 
  42      69B026A0 
  42      493B77BE 
  43 008c B9CD5EFF 		.ascii	"\271\315^\377\267\201c\0163\3434f\240)\214[\031\353"
  43      B781630E 
  43      33E33466 
  43      A0298C5B 
  43      19EB
  44 009e 19E60055 		.ascii	"\031\346\000U\277clZ\360\237\033\254\016\004:\200\222"
ARM GAS  /var/folders/qd/4mxf5pkd0zdf0b9dd1hp39180000gn/T//ccChwfYI.s 			page 3


  44      BF636C5A 
  44      F09F1BAC 
  44      0E043A80 
  44      92
  45 00af 40039818 		.ascii	"@\003\230\030\030$\365\364\364!(\277X?#1G\277\270(Y"
  45      1824F5F4 
  45      F42128BF 
  45      583F2331 
  45      47BFB828 
  46 00c4 BFB8442F 		.ascii	"\277\270D/\231\001\000\371^AK"
  46      990100F9 
  46      5E414B
  47              		.text
  48              		.section	.gnu.lto_stStartAlarm.24b393b9a6e1362c,"",%progbits
  49 0000 789C9552 		.ascii	"x\234\225R\317kSA\020\236\357m\372^\015\032\017^\024"
  49      CF6B5341 
  49      109EEF6D 
  49      FA5E0D1A 
  49      0F5E14
  50 0013 73E8A1A5 		.ascii	"s\350\241\245\324C\226\350\305?@\004\241=\331\2037\251"
  50      D44396E8 
  50      C53F4004 
  50      A13DD983 
  50      37A9
  51 0025 51A810A9 		.ascii	"Q\250\020\2514\301\243\335\306\304\264&\242\2076b\210"
  51      34C1A3DD 
  51      C6C4B426 
  51      A2873662 
  51      88
  52 0036 FAB0168D 		.ascii	"\372\260\026\215\022Z\177\333Z\3533V=\210U\013\"\202"
  52      125A7FDB 
  52      5AEB3356 
  52      3D88550B 
  52      2282
  53 0048 87A29016 		.ascii	"\207\242\220\026\221\242\245 \242Tg7Q\252']\336\356"
  53      91A2A520 
  53      A2546737 
  53      51AA275D 
  53      DEEE
  54 005a 9B19BEF9 		.ascii	"\233\031\276\371\346\233\331\265\211h\322\"\332\305"
  54      E69BD9B5 
  54      8968D222 
  54      DAC5
  55 0068 FF8DBC21 		.ascii	"\377\215\274!\010\326\311i\242\336z\013\320\206\252"
  55      08D6C969 
  55      A2DE7A0B 
  55      D086AA
  56 0077 07F558E8 		.ascii	"\007\365X\350AV\014\010\224\323\2251\253\345\242\342"
  56      41560C08 
  56      94D39531 
  56      ABE5A2E2 
  57 0087 E59D1AB7 		.ascii	"\345\235\032\267\217\252\324\372\202 \312\361\326\013"
  57      8FAAD4FA 
  57      8220CAF1 
  57      D60B
  58 0095 D7D1C2A8 		.ascii	"\327\321\302\250\227\311\321\202\310\210\202\000|\354"
  58      97C9D182 
ARM GAS  /var/folders/qd/4mxf5pkd0zdf0b9dd1hp39180000gn/T//ccChwfYI.s 			page 4


  58      C8888200 
  58      7CEC
  59 00a3 7E7E967F 		.ascii	"~~\226\177\037\320\256\205\006v\277]\036}\273V\004A"
  59      1FD0AE85 
  59      0676BF5D 
  59      1E7DBB56 
  59      0441
  60 00b5 6C9F2F9D 		.ascii	"l\237/\235\030\266\233\207\225J(\357\343\220P\215\005"
  60      18B69B87 
  60      954A28EF 
  60      E390508D 
  60      05
  61 00c6 21700B82 		.ascii	"!p\013\202\011q\023A\334@\2208D\270\215f\215\177wuy"
  61      09711341 
  61      DC409038 
  61      44B88D66 
  61      8D7F7775 
  62 00db 708DED73 		.ascii	"p\215\355s\177\325\304\035\330\0046Ff\352<\265\374#"
  62      7FD5C41D 
  62      D8043646 
  62      66EA3CB5 
  62      FC23
  63 00ed ADBCA50B 		.ascii	"\255\274\245\013x\265\335f\365:\205\372\030\305m(\217"
  63      78B5DD66 
  63      F53A85FA 
  63      18C56D28 
  63      8F
  64 00fe FA85A5AD 		.ascii	"\372\205\245\255#\036U`i\256~\357\330\224_4\032\035"
  64      231E5560 
  64      69AE7EEF 
  64      D8945F34 
  64      1A1D
  65 0110 AF33C979 		.ascii	"\2573\311y\247i\310\350X8\275:\257\274d\203\2262\366"
  65      A769C8E8 
  65      5838BD3A 
  65      AFBC6483 
  65      9632F6
  66 0123 A714D3E3 		.ascii	"\247\024\323\3438\232\362\314\365\001\345\374\3277\337"
  66      389AF2CC 
  66      F501E5FC 
  66      D737DF
  67 0132 07B6FE96 		.ascii	"\007\266\376\226\225\254\216e\306\026\032c\264\345\004"
  67      95AC8E65 
  67      C6161A63 
  67      B4E504
  68 0141 56C826DC 		.ascii	"V\310&\334\205\215\011-\231\017\216\347R\345\347\216"
  68      858D092D 
  68      990F8EE7 
  68      52E5E78E 
  69 0151 9E8CCFC0 		.ascii	"\236\214\317\300\246K_>\371\253\256\246\322\263s\317"
  69      A64B5F3E 
  69      F9ABAEA6 
  69      D2B373CF 
  70 0161 CCAD7271 		.ascii	"\314\255rq\026\005Q\207IVqO\253\340x\272\362\364E@\226"
  70      16055187 
  70      4956714F 
  70      ABE078BA 
ARM GAS  /var/folders/qd/4mxf5pkd0zdf0b9dd1hp39180000gn/T//ccChwfYI.s 			page 5


  70      F2F44540 
  71 0176 54B257CD 		.ascii	"T\262W\315\316-\256[\344$\033\367\341b\220\033\326e"
  71      CE2DAE5B 
  71      E4241BF7 
  71      E162901B 
  71      D665
  72 0188 34C8CB26 		.ascii	"4\310\313&\212NxD\203\334kL\341\300\203\304\246`\015"
  72      8A4E7844 
  72      83DC6B4C 
  72      E1C083C4 
  72      A6600D
  73 019b 810708D7 		.ascii	"\201\007\010\327:Y\232\277\224\012\324D\375CI\367\260"
  73      3A599ABF 
  73      940AD444 
  73      FD4349F7 
  73      B0
  74 01ac 262B9B72 		.ascii	"&+\233r\250\221=\204\\\331\221\303\361)\3164\344\305"
  74      A8913D84 
  74      5CD991C3 
  74      F129CE34 
  74      E4C5
  75 01be FF277F64 		.ascii	"\377'\177d\310\255\032\371cC>q.[\364W\311-<\341\314"
  75      C8AD1AF9 
  75      63433E71 
  75      2E5BF457 
  75      C92D3CE1 
  76 01d3 0A12B399 		.ascii	"\012\022\263\231bDO\332\214\234\026\220p\257\034\207"
  76      62444FDA 
  76      8C9C1690 
  76      70AF1C87 
  77 01e3 79167AF5 		.ascii	"y\026z\365\261<\276t~\341\033B!Y\375\272b\262\263#*"
  77      B13CBE74 
  77      7EE11B42 
  77      2159FDBA 
  77      62B2B323 
  78 01f8 63DD1119 		.ascii	"c\335\021\031\213\207\"\344t\354\211\305\367\037\330"
  78      8B8722E4 
  78      74EC89C5 
  78      F71FD8
  79 0207 E7D387FC 		.ascii	"\347\323\207\374\033v\260\253;\036\223;\333\333\266"
  79      1B76B0AB 
  79      3B1E933B 
  79      DBDBB6
  80 0216 6C96ADAD 		.ascii	"l\226\255\255\333d\373\216\266CaN\334\035\215\356\015"
  80      DB64FB8E 
  80      B643614E 
  80      DC1D8DEE 
  80      0D
  81 0227 75D24FFE 		.ascii	"u\322O\376v\373\022"
  81      76FB12
  82              		.text
  83              		.section	.gnu.lto_stStopAlarm.24b393b9a6e1362c,"",%progbits
  84 0000 789C5D4F 		.ascii	"x\234]O\317KBA\020\236\357\255\275,\250kE\336:yyKE\377"
  84      CF4B4241 
  84      109EEFAD 
  84      BD2CA86B 
  84      45DE3A79 
ARM GAS  /var/folders/qd/4mxf5pkd0zdf0b9dd1hp39180000gn/T//ccChwfYI.s 			page 6


  85 0018 4104519E 		.ascii	"A\004Q\236\362\036a\007\017\202\241\322\325\2654\015"
  85      F21E6107 
  85      0F82A1D2 
  85      D5B5340D 
  86 0028 3B7448BB 		.ascii	";tH\273X\010\035:IH?\255\210\207t\013,\372\013\244\203"
  86      58081D3A 
  86      49483FAD 
  86      8887740B 
  86      2CFA0BA4 
  87 003d 41444445 		.ascii	"ADDEE\2205\353\203\220\206\235\335\331o\276\231o\306"
  87      459035EB 
  87      8390869D 
  87      DDD96FBE 
  87      996FC6
  88 0050 24A23110 		.ascii	"$\2421\020M\361;\310\016A0\326kD\011\267\001\350@\271"
  88      4DF13BC8 
  88      0E4130D6 
  88      6B4409B7 
  88      01E840B9 
  89 0064 41710371 		.ascii	"Aq\003q\254\211\015\201j\272Q1\274\273\212\315\336|"
  89      AC890D81 
  89      6ABA5131 
  89      BCBB8ACD 
  89      DE7C
  90 0076 375754AA 		.ascii	"7WT\252\277 \210\362\354\332\260\017/1\355\256\334\314"
  90      BF2088F2 
  90      ECDAB00F 
  90      2F31EDAE 
  90      DCCC
  91 0088 F5982E07 		.ascii	"\365\230.\007\307\001Lb\015\332\273\355\260U\363'\255"
  91      C7014C62 
  91      0DDABBED 
  91      B055F327 
  91      AD
  92 0099 ECCB1D7C 		.ascii	"\354\313\035|Op.\303\316\"\312\246Ua\350h\331\246\007"
  92      4F702EC3 
  92      CE22CAA6 
  92      5561E868 
  92      D9A607
  93 00ac 54DF3ECF 		.ascii	"T\337>\317\037s\326_\237\244#\367e\212V\257\274@\273"
  93      1F73D65F 
  93      9FA423F7 
  93      658A56AF 
  93      BC40BB
  94 00bf 060E61E2 		.ascii	"\006\016a\342HK\360\305x>U\275\356\314\212\202@\213"
  94      484BF0C5 
  94      783E55BD 
  94      EECC8A82 
  94      408B
  95 00d1 562B7D3C 		.ascii	"V+}<w;_\335\306\305Pq\353\276\253\210m\024\204\201\023"
  95      773B5FDD 
  95      C6C55071 
  95      EBBEAB88 
  95      6D148481 
  96 00e6 78700C0F 		.ascii	"xp\014\017ij\272qu\323+K*\231P\365\327r\337\013\027"
  96      696ABA71 
  96      75D32B4B 
ARM GAS  /var/folders/qd/4mxf5pkd0zdf0b9dd1hp39180000gn/T//ccChwfYI.s 			page 7


  96      2A9950F5 
  96      D772DF0B 
  97 00fb 09545044 		.ascii	"\011TPD\216\307\3242\204S\310v\011\236\004g\\\375\204"
  97      8EC7D432 
  97      8453C876 
  97      099E0467 
  97      5CFD84
  98 010e A57AF662 		.ascii	"\245z\366b\250\265\251\266\014'x\033\203h\300\262\244"
  98      A8B5A9B6 
  98      0C27781B 
  98      8368C0B2 
  98      A4
  99 011f 73C25119 		.ascii	"s\302Q\031\234\013\311h$ \2431+@\362\177f!\034\211E"
  99      9C0BC968 
  99      2420A331 
  99      2B40F27F 
  99      66211C89 
 100 0134 E58CDF37 		.ascii	"\345\214\3377:\"\247\247\307\245\177\322\2678\314\334"
 100      3A22A7A7 
 100      C7A57FD2 
 100      B738CCDC 
 101 0144 D95068DE 		.ascii	"\331Ph\336\012\322/\002\215~\213"
 101      0AD22F02 
 101      8D7E8B
 102              		.text
 103              		.section	.gnu.lto_stSetAlarm.24b393b9a6e1362c,"",%progbits
 104 0000 789C5D92 		.ascii	"x\234]\222\317KTQ\024\307\317\367\335\347{&e\333\244"
 104      CF4B5451 
 104      14C7CFF7 
 104      DDE77B26 
 104      65DBA4
 105 0013 59B850C4 		.ascii	"Y\270P\304\026s\231\332\364\007\004\021\350*\027\355"
 105      167399DA 
 105      F4070411 
 105      E82A17ED 
 106 0023 C2A6C060 		.ascii	"\302\246\300`\302\360\015m\275Nc\243\215T\213\234`x"
 106      C2F00D6D 
 106      BD4E63A3 
 106      8D548B9C 
 106      6078
 107 0035 C6239328 		.ascii	"\306#\223(\0304\373\251i\335\206v\321\364c\023\201\201"
 107      1834FBA9 
 107      69DD8676 
 107      D1F46313 
 107      8181
 108 0047 548CD122 		.ascii	"T\214\321\"\312M\204`\235\363\246\242\272\274{\3379"
 108      CA4D8460 
 108      9DF3A6A2 
 108      BABC7BDF 
 108      39
 109 0058 87EF39F7 		.ascii	"\207\3579\367s\016\327#\"\327!:\304\377\235\274\241"
 109      730ED723 
 109      22D7213A 
 109      C4FF9DBC 
 109      A1
 110 0069 08CE851A 		.ascii	"\010\316\205\032\321H\263\003\210a\232A\303\016\206"
 110      D148B303 
ARM GAS  /var/folders/qd/4mxf5pkd0zdf0b9dd1hp39180000gn/T//ccChwfYI.s 			page 8


 110      88619A41 
 110      C30E86
 111 0078 31A12E2A 		.ascii	"1\241.*T\013\365\005\247\373\232\341e/\315\373g\314"
 111      540BF505 
 111      A7FB9AE1 
 111      652FCDFB 
 111      67CC
 112 008a E88E5011 		.ascii	"\350\216P\021\225x\313\302-t\263\352e~.TE\025*\300e"
 112      9578CBC2 
 112      2D74B3EA 
 112      657E2E54 
 112      45152AC0 
 113 009f F7EBB3F2 		.ascii	"\367\353\263\362\373Vq\035\264\263\273qcne\273J\200"
 113      FB56711D 
 113      B4B3BB71 
 113      636E65BB 
 113      4A80
 114 00b1 D8BE5239 		.ascii	"\330\276R9?\343u\315\030\2233veZ\231\216P)\334\205\342"
 114      3FE375CD 
 114      18933376 
 114      655A998E 
 114      5029DC85 
 115 00c6 82B88304 		.ascii	"\202\270\203\004n#A\034\"\334C\227\350\337\335\334\234"
 115      6E23411C 
 115      22DC4397 
 115      E8DFDDDC 
 115      9C
 116 00d7 DCE6B9D1 		.ascii	"\334\346\271\321\357;q\037\036\201\215\331WM\326l\376"
 116      EF3B711F 
 116      1E818DD9 
 116      574DD66C 
 116      FE
 117 00e8 2818FBE1 		.ascii	"(\030\373\341*\226\367\273L/)4\306*n\303X\032W\216X"
 117      2A96F7BB 
 117      4C2F2934 
 117      C62A6EC3 
 117      581A578E 
 118 00fd A72DD5E1 		.ascii	"\247-\325\341H\255q{\366I\213\352\2109^\027\363\037"
 118      48AD717B 
 118      F6498BEA 
 118      88395E17 
 118      F31F
 119 010f FDCEE998 		.ascii	"\375\316\351\230\2436\265\265ll\276]P\026\376E\211{"
 119      A336B5B5 
 119      6C6CBE5D 
 119      5016FE45 
 119      897B
 120 0121 5C446799 		.ascii	"\\Dg\231k}B\265\374\375\315Ri\357\037\254|c,\213\276"
 120      6B7D42B5 
 120      FCFDCD52 
 120      69EF1FAC 
 120      7C632C8B 
 121 0136 124DCC56 		.ascii	"\022M\314VR\370\013\233\360\000\036\226\004\231\017"
 121      52F80B9B 
 121      F0001E96 
 121      04990F
 122 0145 8E9746AB 		.ascii	"\216\227F\253\317}\231\214\033\313j\225o_Z\032\256\224"
ARM GAS  /var/folders/qd/4mxf5pkd0zdf0b9dd1hp39180000gn/T//ccChwfYI.s 			page 9


 122      CF7D998C 
 122      1BCB6A95 
 122      6F5F5A1A 
 122      AE94
 123 0157 92D94553 		.ascii	"\222\331ESk[\"\\F\250\232\360\220)\226\205\202\343\205"
 123      6B5B225C 
 123      46A89AF0 
 123      90299685 
 123      82E385
 124 016a FAD317AD 		.ascii	"\372\323\027\255\272b\362#fum\275m\235\223<<B\204In"
 124      BA62F223 
 124      66756DBD 
 124      6D9D933C 
 124      3C428449 
 125 017f 58AE1191 		.ascii	"X\256\021\221\235\310]\367S\263\"\212\346\271\204\017"
 125      9DC85DF7 
 125      53B3228A 
 125      E6B9840F 
 126 018f 0B8D5D89 		.ascii	"\013\215]\211_\012<FJ:\251#\267Z|\233\026\336\030\234"
 126      5F0A3C46 
 126      4A3AA923 
 126      B75A7C9B 
 126      16DE189C 
 127 01a3 3E23176D 		.ascii	">#\027m\234C<\\Yc\334\005\217\216\337I[2\251\033\337"
 127      9C433C5C 
 127      5963DC05 
 127      8F8EDF49 
 127      5B32A91B 
 128 01b8 60A007FA 		.ascii	"`\240\007\3723:\030J\353 \233L\223\337\177$\310\036"
 128      333A184A 
 128      EB209B4C 
 128      93DF7F24 
 128      C81E
 129 01ca 3F71CC95 		.ascii	"?q\314\225C\377/;98\224\015\364\301\276\336=\273uO\317"
 129      43FF2F3B 
 129      3938940D 
 129      F4C1BEDE 
 129      3DBB754F 
 130 01df 3EDD77A0 		.ascii	">\335w\240\367T\212\023\017g2G\223\003\364\023,\030"
 130      F7548A13 
 130      0F673247 
 130      9303F413 
 130      2C18
 131 01f1 BF9A     		.ascii	"\277\232"
 132              		.text
 133              		.section	.gnu.lto_stGetAlarm.24b393b9a6e1362c,"",%progbits
 134 0000 789C5D90 		.ascii	"x\234]\220\333+DQ\024\306\327w\366\3149Fx\307(\257<"
 134      DB2B4451 
 134      14C6D777 
 134      F6CC3946 
 134      78C728AF 
 135 0015 CC6EF817 		.ascii	"\314n\370\027\224\204'\336%\036\346ajd4\257\2661B<\310"
 135      948427DE 
 135      251EE661 
 135      6A6434AF 
 135      B631423C 
 136 002a 6514874E 		.ascii	"e\024\207Ny\220\"&\343~\3514\312\213\\\377\002!J\222"
ARM GAS  /var/folders/qd/4mxf5pkd0zdf0b9dd1hp39180000gn/T//ccChwfYI.s 			page 10


 136      79902226 
 136      E37EE934 
 136      CA8B5CFF 
 136      02214A92 
 137 003e CB83A8C1 		.ascii	"\313\203\250\301\332Hr\332\227\265\326\376\265\326\367"
 137      DA4872DA 
 137      97B5D6FE 
 137      B5D6F7
 138 004d 1D938862 		.ascii	"\035\223\210b \252\345\273\2307\004\301\030:\"\352\312"
 138      20AAE5BB 
 138      983704C1 
 138      183A22EA 
 138      CA
 139 005e 31001DA8 		.ascii	"1\000\035\250\034P\247\201N\014\212Q\201\323\304\222"
 139      1C50A781 
 139      4E0C8A51 
 139      81D3C492 
 140 006e 2D0684CD 		.ascii	"-\006\204\315\230\207\323\307\303\211\313\002\235\002"
 140      9887D3C7 
 140      C389CB02 
 140      9D02
 141 007c A59CDEDD 		.ascii	"\245\234\336\335\357\247\363\312f\225\212+w\374\311"
 141      EFA7F3CA 
 141      66958A2B 
 141      77FCC9
 142 008b 9A4C9F28 		.ascii	"\232L\237(\237-\014J2\236\206\037\313\360\353\031+("
 142      9F2D0C4A 
 142      329E861F 
 142      CBF0EB19 
 142      2B28
 143 009d 23A62F52 		.ascii	"#\246/R\357c\371\246\307\021\244\001\256\257\302$\326"
 143      EF63F9A6 
 143      C711A401 
 143      AEAFC224 
 143      D6
 144 00ae 428B675E 		.ascii	"B\213g^W\275\177\364*\367j\006\331jn`\013\006\372x\263"
 144      57BD7FF4 
 144      2AF76A06 
 144      D96A6E60 
 144      0B06FA78 
 145 00c3 22E5523F 		.ascii	"\"\345R?\2278\352v\351\026\231\335\327\355\371\361\242"
 145      9738EA76 
 145      E91699DD 
 145      D7EDF9F1 
 145      A2
 146 00d4 DF7E09C5 		.ascii	"\337~\011\305\237;\362f}\365K\012\374\031EX\203\211"
 146      9F3BF266 
 146      7DF54B0A 
 146      FC194558 
 146      8389
 147 00e6 753D868F 		.ascii	"u=\206\217\011a\360S\262'sli\013\236/\362h\341\345!"
 147      0961F053 
 147      B227736C 
 147      690B9E2F 
 147      F268E1E5 
 148 00fb F73BD58D 		.ascii	"\367;\325\215\264Ig\352\306\347`\032\266\360b\223]l"
 148      B44967EA 
ARM GAS  /var/folders/qd/4mxf5pkd0zdf0b9dd1hp39180000gn/T//ccChwfYI.s 			page 11


 148      C6E7601A 
 148      B6F06293 
 148      5D6C
 149 010d 68175CEF 		.ascii	"h\027\\\357\275>8)\220\013*\321\245\316\237S%\303l\325"
 149      BD3E3829 
 149      900B2AD1 
 149      A5CE9F53 
 149      25C36CD5 
 150 0121 C4161C8C 		.ascii	"\304\026\034\214\261P=IC\356`|\316\012.j\310\3314la"
 150      B1503D49 
 150      43EE607C 
 150      CE0A2E6A 
 150      C8D9346C 
 151 0136 611B12E5 		.ascii	"a\033\022\345\376\037\002;\010\322=\342\347\003\331"
 151      FE1F023B 
 151      08D23DE2 
 151      E703D9
 152 0145 3D530B66 		.ascii	"=S\013fQ\374\007\330+\264C\216\013\003\001\371\275\""
 152      51FC07D8 
 152      2BB4438E 
 152      0B0301F9 
 152      BD22
 153 0157 51196A0E 		.ascii	"Q\031j\016\313h{\213\214v\004ZH\376\177i\213\264wDe"
 153      CB687B8B 
 153      8C76045A 
 153      48FE7F69 
 153      8BB47744 
 154 016c 43637D65 		.ascii	"Cc}e\205\254\253\253\222\2155\365\261 \263M\341pk D"
 154      85ACABAB 
 154      928D35F5 
 154      B120B34D 
 154      E1706B20 
 155 0181 9FAAA192 		.ascii	"\237\252\241\222\365"
 155      F5
 156              		.text
 157              		.section	.gnu.lto_.symbol_nodes.24b393b9a6e1362c,"",%progbits
 158 0000 789C55C8 		.ascii	"x\234U\310\261\015\2000\014\005\321\313\017a.\030\212"
 158      B10D8030 
 158      0C05D1CB 
 158      0F612E18 
 158      8A
 159 0011 DA2E8040 		.ascii	"\332.\200@\307\020L\301\020\314\300$\210\210\316\305"
 159      C7104CC1 
 159      10CCC024 
 159      8888CEC5 
 160 0021 E9A4D703 		.ascii	"\351\244\327\003S\013\31528nh\273|l\262\310R\224U\246"
 160      530BCD32 
 160      386E68BB 
 160      7C6CB2C8 
 160      529455A6 
 161 0035 285596A3 		.ascii	"(U\226\243l\262.H\332e\345\027p\037 S8\2377\361\001"
 161      6CB22E48 
 161      DA65E517 
 161      701F2053 
 161      389F37F1 
 162 004a AD6C1CA4 		.ascii	"\255l\034\244"
 163              		.text
ARM GAS  /var/folders/qd/4mxf5pkd0zdf0b9dd1hp39180000gn/T//ccChwfYI.s 			page 12


 164              		.section	.gnu.lto_.refs.24b393b9a6e1362c,"",%progbits
 165 0000 789C6363 		.ascii	"x\234cc```\004b\006\000\000D\000\010"
 165      60606004 
 165      62060000 
 165      440008
 166              		.text
 167              		.section	.gnu.lto_.decls.24b393b9a6e1362c,"",%progbits
 168 0000 789CC557 		.ascii	"x\234\305W{P\024\311\031\237\236\336\305eyy\253eib\252"
 168      7B5014C9 
 168      199F9EDE 
 168      C5657979 
 168      AB656962 
 169 0015 2C0B0BAA 		.ascii	",\013\013\252\"\254\340%\236uW\251\363Vc\254:/\251\325"
 169      22ACE025 
 169      9E7557A9 
 169      F35663AC 
 169      3A2FA9D5 
 170 0029 5425FF64 		.ascii	"T%\377d\217\340\336A\016\026\302\256\251\272\2772\012"
 170      8FE0DE41 
 170      0E16C2AE 
 170      A9BABF32 
 170      0A
 171 003a 2A877A82 		.ascii	"*\207z\202\242\236(\002\362\020OD|\000\002\"\253(\002"
 171      A29E2802 
 171      F2104F44 
 171      7C000222 
 171      AB2802
 172 004d 82222F79 		.ascii	"\202\"/y\203\017|\240A\300\267\250\344\353\356\231\235"
 172      830F7CA0 
 172      41C0B7A8 
 172      E4EBEE99 
 172      9D
 173 005e 61803BFF 		.ascii	"a\200;\377Iej\277\331\371\272\177\375\373^\335\323="
 173      49656ABF 
 173      D9F9BA7F 
 173      FDFB5EDD 
 173      D33D
 174 0070 6E1CC7B5 		.ascii	"n\034\307\265\177\300q~\230\343r\021\307\215\301\345"
 174      7FC0717E 
 174      98E37211 
 174      C78DC1E5 
 175 0080 066DE741 		.ascii	"\006m\347A@\345\234\034\273H[5H\035\310U\220\006\220"
 175      40E59C1C 
 175      BB485B35 
 175      481DC855 
 175      900690
 176 0093 2690166E 		.ascii	"&\220\026n\342\225\004\003\201\216\373\022\244\025\344"
 176      E2950403 
 176      818EFB12 
 176      A415E4
 177 00a2 B2D8CE8B 		.ascii	"\262\330\316\213\034\223\215\331\007ct\342\030\003\310"
 177      1C938DD9 
 177      076374E2 
 177      1803C8
 178 00b1 4CD1F62F 		.ascii	"L\321\366/\240}\016\310\000<wq\214W\003\272\033\210"
 178      A07D0EC8 
 178      003C7771 
ARM GAS  /var/folders/qd/4mxf5pkd0zdf0b9dd1hp39180000gn/T//ccChwfYI.s 			page 13


 178      8C5703BA 
 178      1B88
 179 00c3 16314EE2 		.ascii	"\0261N\342\323\\\304\374\3755\032\317\233\012\272F\344"
 179      D35CC4FC 
 179      FD351ACF 
 179      9B0ABA46 
 179      E4
 180 00d4 95B8BAC4 		.ascii	"\225\270\272\304\330\244\361$\236\000\3258re\274\247"
 180      D8A4F124 
 180      9E00D538 
 180      7265BCA7 
 181 00e4 4F48F489 		.ascii	"OH\364\211\027\363b\024}Y\242\342<,\362)\271\374~\206"
 181      17F36214 
 181      7D59A2E2 
 181      3C2CF229 
 181      B9FC7E86 
 182 00f8 8FE478A9 		.ascii	"\217\344x\251\310\367\261\212/\031\243\356\352#G\361"
 182      C8F7B18A 
 182      2F19A3EE 
 182      EA2347F1 
 183 0108 568CFCF4 		.ascii	"V\214\374\364\210T\316\007\232\216?*y\345\305\232\010"
 183      8854CE07 
 183      9A8E3F2A 
 183      79E5C59A 
 183      08
 184 0119 E2EC86D4 		.ascii	"\342\354\206\324\232i\230\247\317\255;K\217{\006\346"
 184      9A6998A7 
 184      CFAD3B4B 
 184      8F7B06E6 
 185 0129 09ECD27D 		.ascii	"\011\354\322}\314\241B\204%\252\306\035#Y\323\260/\005"
 185      CCA14284 
 185      25AAC61D 
 185      2359D3B0 
 185      2F05
 186 013b 5E8F2B38 		.ascii	"^\217+8@h\015z\244\001u\270>\345\2667\2503\365h^2\346"
 186      40680D7A 
 186      A40175B8 
 186      3EE5B637 
 186      A833F568 
 187 0152 7BDB47BB 		.ascii	"{\333G\273\274\221\336?^\0206\012\351\261\202\373\037"
 187      BC91DE3F 
 187      5E10360A 
 187      E9B182FB 
 187      1F
 188 0163 385482E6 		.ascii	"8T\202\346\2423h.\207\312\220?1]\204\0029t\032\032O"
 188      A233682E 
 188      87CA903F 
 188      315D8402 
 188      39741A1A 
 189 0178 41630E31 		.ascii	"Ac\0161\347\034{\346\227\264E\020xT\212\364\250\030"
 189      E71C7BE6 
 189      97B44510 
 189      78548AF4 
 189      A818
 190 018a 618A81C8 		.ascii	"a\212\201\310\374\364\314\201#YI\207\334p%\"\036\360"
 190      FCF4CC81 
 190      23594987 
ARM GAS  /var/folders/qd/4mxf5pkd0zdf0b9dd1hp39180000gn/T//ccChwfYI.s 			page 14


 190      DC702522 
 190      1EF0
 191 019c 65FBFB2F 		.ascii	"e\373\373/\361S\33187\245\215{%\363\2536\021\033\345"
 191      F153D938 
 191      37A58D7B 
 191      25F3AB36 
 191      111BE5
 192 01af 60E3AC6C 		.ascii	"`\343\254l\003L2#;\012;\337\370\340\026\232\017~\323"
 192      034C3223 
 192      3B0A3BDF 
 192      F8E0169A 
 192      0F7ED3
 193 01c2 B5A20753 		.ascii	"\265\242\007S\0329?u \235\013s\250\021'\030\251\220"
 193      1A393F75 
 193      209D0B73 
 193      A8112718 
 193      A990
 194 01d4 8D945323 		.ascii	"\215\224S#\244\025\014\225\236/\257\360\350E\335\010"
 194      A4150C95 
 194      9E2FAFF0 
 194      E845DD08 
 195 01e4 AA88A6D3 		.ascii	"\252\210\246\323$#\304\356\360O\204\352c\322\205X;\264"
 195      2423C4EE 
 195      F04F84EA 
 195      63D28558 
 195      3BB4
 196 01f6 F2EC4F84 		.ascii	"\362\354O\204\022E\032\202\\-\274\310\301K\274\364'"
 196      12451A82 
 196      5C2DBCC8 
 196      C14BBCF4 
 196      27
 197 0207 1220252B 		.ascii	"\022 %+\353g\346\244\213\3151\366\240\030\307\232x\331"
 197      EB67E6A4 
 197      8BCD31F6 
 197      A018C79A 
 197      78D9
 198 0219 9862C804 		.ascii	"\230b\310\004_9W\267\313)9H$\316\251\226G\333\362=\373"
 198      5F3957B7 
 198      CB293948 
 198      24CEA996 
 198      47DBF23D 
 199 022e 500FF4FE 		.ascii	"P\017\364\376\225\343\022u\221tvm99\330\253\305q\230"
 199      95E31275 
 199      9174766D 
 199      3939D8AB 
 199      C57198
 200 0241 2A97C65E 		.ascii	"*\227\306^8}\330T\343\311,\034\252K\365`Sm:\250y\333"
 200      387DD854 
 200      E3C92C1C 
 200      AA4BF560 
 200      536D3AA8 
 201 0257 C692B5B3 		.ascii	"\306\222\265\263\367\220\264'\306\012\323y\364\345,"
 201      F790B427 
 201      C60AD379 
 201      F4E52C
 202 0266 5405C5B8 		.ascii	"T\005\305\270\004\305\340\320e4\033\3566\0153V\376\256"
 202      04C5E0D0 
ARM GAS  /var/folders/qd/4mxf5pkd0zdf0b9dd1hp39180000gn/T//ccChwfYI.s 			page 15


 202      65341BEE 
 202      360D3356 
 202      FEAE
 203 0278 79D87B7E 		.ascii	"y\330{~\272\220\336'8{\037,\272wZ\020\240J\202\206\300"
 203      BA90DE27 
 203      387B1F2C 
 203      BA775A10 
 203      A04A8286 
 204 028d D045B94C 		.ascii	"\320E\271L\027\311\234G\225\250\017\241\013\250\027"
 204      17C99C47 
 204      95A80FA1 
 204      0BA817
 205 029c 5CAB46F3 		.ascii	"\\\253F\363axl^G\202\026g3\257\012\362\216u\3534<\253"
 205      61786C5E 
 205      47821667 
 205      33AF0AF2 
 205      8E75EB34 
 206 02b2 26B1006D 		.ascii	"&\261\000m\302\326\346\235>S\372r\205\372R\213Dg\262"
 206      C2D6E69D 
 206      3E53FA72 
 206      85FA528B 
 206      4467B2
 207 02c5 B66CEFF7 		.ascii	"\266l\357\367\004g\372\300\231\2019)\202s\243@f\014"
 207      0467FAC0 
 207      99813929 
 207      8273A340 
 207      660C
 208 02d7 A0508DEC 		.ascii	"\240P\215\354J\215\332\225:\352J\315\350Io|\222yR\323"
 208      4A8DDA95 
 208      3AEA4ACD 
 208      E8496F7C 
 208      927952D3 
 209 02eb 9E90AF17 		.ascii	"\236\220\257\027\211:~\351\"\"1\325\313D\365j\242\253"
 209      893A7EE9 
 209      222231D5 
 209      CB44F56A 
 209      A2AB
 210 02fd 9468E7A9 		.ascii	"\224h\347\251\027iZ|\2161\265\027wUO\023\231j\1775\316"
 210      17695A7C 
 210      8E31B517 
 210      77554F13 
 210      996A7F35 
 211 0312 A56B32D3 		.ascii	"\245k2\32355S\003e\312{\332p\322\013\3270\2467;6\017"
 211      35355303 
 211      65CA7BDA 
 211      70D20BD7 
 211      30A6373B 
 212 0328 F3CA4C90 		.ascii	"\363\312L\220$\311\251h\034W\226\254\312\334\026^4{"
 212      24C9A968 
 212      1C5796AC 
 212      CADC165E 
 212      347B
 213 033a 356D5646 		.ascii	"5mVF\254\220\013\343\346\021\024\272.\333\275\256\266"
 213      AC900BE3 
 213      E61114BA 
 213      2EDBBDAE 
 213      B6
ARM GAS  /var/folders/qd/4mxf5pkd0zdf0b9dd1hp39180000gn/T//ccChwfYI.s 			page 16


 214 034b DB44ED0E 		.ascii	"\333D\355\016o{\234\356\203\233\231\335\261\341\374"
 214      6F7B9CEE 
 214      839B99DD 
 214      B1E1FC
 215 035a 562DA182 		.ascii	"V-\241\202Ex\371\315'\251\005\367\205x=\235\006\250"
 215      4578F9CD 
 215      27A905F7 
 215      85783D9D 
 215      06A8
 216 036c 59666A16 		.ascii	"Yfj\026\337i\250\2052\244\275\031\335\347\355\231\340"
 216      DF69A885 
 216      32A4BD19 
 216      DDE7ED99 
 216      E0
 217 037d 5AE2142E 		.ascii	"Z\342\024.\255r\016\265\"O\012\206\177\000\027\337\334"
 217      AD720EB5 
 217      224F0A86 
 217      7F0017DF 
 217      DC
 218 038e 5DE1CE66 		.ascii	"]\341\316fc\033\261\230R\366\264V\313t\035\351\036<"
 218      631BB198 
 218      52F6B456 
 218      CB741DE9 
 218      1E3C
 219 03a0 5AECC566 		.ascii	"Z\354\305f\247\223t7\335\315\210\363d\335\015D\257l"
 219      A7937437 
 219      DDCD88F3 
 219      64DD0D44 
 219      AF6C
 220 03b2 BD3CA4C1 		.ascii	"\275<\244\301\211\032\352\355\017\215'V\350\341\325"
 220      891AEAED 
 220      0F8D2756 
 220      E8E1D5
 221 03c1 12FB5EEF 		.ascii	"\022\373^\357/\030PW7Z\257\305{\330\350\255\227\012"
 221      2F185057 
 221      375AAFC5 
 221      7BD8E8AD 
 221      970A
 222 03d3 ABC45770 		.ascii	"\253\304Wp5\321\223K+\313<\360>\326y;\341V\245\033>"
 222      35D1934B 
 222      2BCB3CF0 
 222      3ED6793B 
 222      E156A51B 
 223 03e8 C814C929 		.ascii	"\310\024\311)\203\350TZ\347\263Z\204\017\261\316\262"
 223      83E8545A 
 223      E7B35A84 
 223      0FB1CEB2 
 224 03f8 E2B35562 		.ascii	"\342\263Ub\000\213\024\313\313\300\226W\321\335\232"
 224      008B14CB 
 224      CBC09657 
 224      D1DD9A
 225 0407 2A3D8B47 		.ascii	"*=\213G@d\0115v}\212\017\263\221\027F\012\016\213\261"
 225      40640935 
 225      767D8A0F 
 225      B3911746 
 225      0A0E8BB1 
 226 041b 6150FB12 		.ascii	"aP\373\022+\307|H8\202\230Fh\227\263x\237\274\372\220"
ARM GAS  /var/folders/qd/4mxf5pkd0zdf0b9dd1hp39180000gn/T//ccChwfYI.s 			page 17


 226      2BC77C48 
 226      38829846 
 226      6897B378 
 226      9FBCFA90 
 227 042f 712EBAC7 		.ascii	"q.\272\307By\226X\360{C\"\235 \202\360\251\206\276\216"
 227      42799658 
 227      F07B4322 
 227      9D2082F0 
 227      A986BE8E 
 228 0443 FB017D87 		.ascii	"\373\001}\207\242\037 \2034\206\2007\334\314\356\361"
 228      A21F2083 
 228      34868037 
 228      DCCCEEF1 
 229 0453 56A2BB7E 		.ascii	"V\242\273~\012\235\237\231\275W\217\2172'\367?\351~"
 229      0A9D9F99 
 229      BD578F8F 
 229      3227F73F 
 229      E97E
 230 0465 20D6CB1F 		.ascii	" \326\313\037\324\234\347e\261:|\234\365\355:\227Z?"
 230      D49CE765 
 230      B13A7C9C 
 230      F5ED3A97 
 230      5A3F
 231 0477 0D9F628A 		.ascii	"\015\237b\212\264\205\031\350\026\2066\336\370\014\027"
 231      B48519E8 
 231      168636DE 
 231      F80C17
 232 0486 B39E8AA4 		.ascii	"\263\236\212\244\235\335\010\2271e0\256\277O\314\317"
 232      9DDD0897 
 232      316530AE 
 232      BF4FCCCF 
 233 0496 6C50775F 		.ascii	"lPw_y\350\207\235\254\353]u\245\037\256b\317UE\271\207"
 233      79E8879D 
 233      ACEB5D75 
 233      A51FAE62 
 233      CF5545B9 
 234 04ab 11AE63CA 		.ascii	"\021\256c\312HJ\325C=n`Jz\343\2013:\334\304\224\234"
 234      484AD543 
 234      3D6E604A 
 234      7AE38133 
 234      3ADCC494 
 235 04c0 977B723C 		.ascii	"\227{r<q\033S\232KZ\342=p7S\342O\234\370\301\003\337"
 235      711B539A 
 235      4B5AE23D 
 235      703753E2 
 235      4F9CF8C1 
 236 04d6 64CAC6B2 		.ascii	"d\312\306\262\366$\361\025\330G\364;\331w\322\335\305"
 236      F624F115 
 236      D847F43B 
 236      D977D2DD 
 236      C5
 237 04e7 AAB8819E 		.ascii	"\252\270\201\236\320X\367\002\341~\006N\032\032\331"
 237      D058F702 
 237      E17E064E 
 237      1A1AD9
 238 04f6 E536651D 		.ascii	"\3456e\035\336IuXD\313P\\\230\371X\247\256C;\240\333"
 238      DE497558 
ARM GAS  /var/folders/qd/4mxf5pkd0zdf0b9dd1hp39180000gn/T//ccChwfYI.s 			page 18


 238      44CB505C 
 238      98F958A7 
 238      AE433BA0 
 239 050b 287A8C66 		.ascii	"(z\214f\366\235\224\331\213\027\313\337\"u\035\246B"
 239      F69D94D9 
 239      8B17CBDF 
 239      22751DA6 
 239      42
 240 051c CF726E49 		.ascii	"\317rnI\337\344\201|\3315\303W\272\374\311\355\220\020"
 240      DFE4817C 
 240      D935C357 
 240      BAFCC9ED 
 240      9010
 241 052e 172B386F 		.ascii	"\027+8o\244\342\216c\337o\027\322/ J\365\037X\243\361"
 241      A4E28E63 
 241      DF6F17D2 
 241      2F204AF5 
 241      1F58A3F1 
 242 0542 FC0C791D 		.ascii	"\374\014y\035<\242\274%\344\316\261!\003\021\360^\202"
 242      3CA2BC25 
 242      E4CEB121 
 242      0311F05E 
 242      82
 243 0553 9D81C09F 		.ascii	"\235\201\300\237\252\341#\024\036$\243k\025\350\227"
 243      AAE12314 
 243      1E24A36B 
 243      15E897
 244 0562 6A74DB38 		.ascii	"jt\3338\364\006\301y+r\003E\017 \003\272+\242\245Y\206"
 244      F406C179 
 244      2B720345 
 244      0F2003BA 
 244      2BA2A559 
 245 0577 6E4F70A5 		.ascii	"nOp\245QA\376brr%\274C\001\177\256\206\337Q{\376:RF"
 245      5141FE62 
 245      727225BC 
 245      43017FAE 
 245      86DF517B 
 246 058f F7AAD13D 		.ascii	"\367\252\321=\012\362$\261\032\002l,\350\015 Fi'\301"
 246      0AF224B1 
 246      1A026C2C 
 246      E80D2046 
 246      6927C1
 247 05a2 C3EB03ED 		.ascii	"\303\353\003\355\344\375\3216\336\027}\007\022\013\262"
 247      E4FDD136 
 247      DE177D07 
 247      120BB2
 248 05b1 09643348 		.ascii	"\011d3H2\310F\220\004\220\357A\266\203\354\001\331\000"
 248      32C84690 
 248      0490EF41 
 248      B683EC01 
 248      D900
 249 05c3 B21B240E 		.ascii	"\262\033$\016$\021d+\310\026\220] ;@\222x_\372\356d"
 249      2411642B 
 249      C816905D 
 249      203B4092 
 249      785FFAEE 
 250 05d8 5E5E50C4 		.ascii	"^^P\304\364J\355\245Q\235\201\021\005\372\311\344\265"
ARM GAS  /var/folders/qd/4mxf5pkd0zdf0b9dd1hp39180000gn/T//ccChwfYI.s 			page 19


 250      F44AEDA5 
 250      519D8111 
 250      05FAC9E4 
 250      B5
 251 05e9 1B0757A4 		.ascii	"\033\007W\244\240o\362\024(\023\366\215\214~=\251+\012"
 251      A06FF214 
 251      2813F68D 
 251      8C7E3DA9 
 251      2B0A
 252 05fb F00505F5 		.ascii	"\360\005\005\365\220\032\374x\202'\257\025\216\017O"
 252      901AFC78 
 252      8227AF15 
 252      8E0F4F
 253 060a 0E574E3A 		.ascii	"\016WN:\233\214\356T\243;&\316h\205/\267\324\360\233"
 253      9B8CEE54 
 253      A33B26CE 
 253      68852FB7 
 253      D4F09B
 254 061d E3E1303F 		.ascii	"\343\3410?\033ml\222\012\274\001\275\025\341\322\022"
 254      1B6D6C92 
 254      0ABC01BD 
 254      15E1D212 
 255 062d 4437645F 		.ascii	"D7d_\330I\364\371C\303\006\230\032\004\305\211\333\237"
 255      D849F4F9 
 255      43C30698 
 255      1A04C589 
 255      DB9F
 256 063f 5CBDAA41 		.ascii	"\\\275\252ACf\254P\275\210\232\356\236\334SE\\\267\024"
 256      4366AC50 
 256      BD889AEE 
 256      9EDC5345 
 256      5CB714
 257 0652 597836F9 		.ascii	"Yx6\371\004\0367\337\025q=T\303oOH\232\002=8\371k\200"
 257      041E37DF 
 257      15713D54 
 257      C36F4F48 
 257      9A023D38 
 258 0669 A2C9274D 		.ascii	"\242\311'M]k\2567N\325\322\023za|{\236\017\362\237\301"
 258      5D6BAE37 
 258      4ED5D213 
 258      7A617C7B 
 258      9E0FF29F 
 259 067e C2ED1974 		.ascii	"\302\355\031t\203\317\026\264\017\006\357\345]\373="
 259      83CF16B4 
 259      0F06EFE5 
 259      5DFB3D
 260 068d 097E8A85 		.ascii	"\011~\212\205\202~\200\365\361\277^+\344\260_\221Q\254"
 260      827E80F5 
 260      F1BF5E2B 
 260      E4B05F91 
 260      51AC
 261 069f 519E31F6 		.ascii	"Q\2361\366)\342\343P\012\317\316\030\360\017\340\214"
 261      29E2E350 
 261      0ACFCE18 
 261      F00FE08C 
 262 06af 534F53BC 		.ascii	"SOS\274\360\021-\333\244\012[*\334\340H\343\354#G\232"
 262      F0112DDB 
ARM GAS  /var/folders/qd/4mxf5pkd0zdf0b9dd1hp39180000gn/T//ccChwfYI.s 			page 20


 262      A40A5B2A 
 262      DCE048E3 
 262      EC23479A 
 263 06c3 0F8FB4DD 		.ascii	"\017\217\264\335\027\004\340\211C\032z0\333/\207\011"
 263      1704E089 
 263      431A7A30 
 263      DB2F8709 
 264 06d3 8FE30F48 		.ascii	"\217\343\017H\007xr\274)\251\217K@\370,c\313\034(\251"
 264      077872BC 
 264      29A98F4B 
 264      40F82C63 
 264      CB1C28A9 
 265 06e7 14777B2F 		.ascii	"\024w{/P\273\016%gk\330Fr\237tg\324?\331\243\307\265"
 265      50BB0E25 
 265      676BD846 
 265      729F7467 
 265      D43FD9A3 
 266 06fd 0C3B7A3F 		.ascii	"\014;z?\271\0351,\361\352ni\362E\375\224\373\312!^\334"
 266      B91D312C 
 266      F1EA6E69 
 266      F245FD94 
 266      FBCA215E 
 267 0712 573278BA 		.ascii	"W2x\272\261\264\274,\177\355\211\233(\223&/\366\307"
 267      B1B4BC2C 
 267      7FED899B 
 267      2893262F 
 267      F6C7
 268 0724 210DF29F 		.ascii	"!\015\362\237\213\000\216\3649\322\347%\207\016\363"
 268      8B008EF4 
 268      39D2E725 
 268      870EF3
 269 0733 7A94C963 		.ascii	"z\224\311c\351{5E\000\372\241\177\223fx\326\321\177"
 269      E97B3545 
 269      00FAA17F 
 269      936678D6 
 269      D17F
 270 0745 FAE92564 		.ascii	"\372\351%d\012x6\207\026\323m\013eA\235\016S{9\374\\"
 270      0A783687 
 270      16D36D0B 
 270      65419D0E 
 270      537B39FC 
 271 075a 94CD0C0A 		.ascii	"\224\315\014\012B\303c\255\2747!\312\235\006\375\007"
 271      42C363AD 
 271      BC3721CA 
 271      9D06FD07 
 272 076a 79E25F2E 		.ascii	"y\342_.o\220\274$\350\023\007\252_\271\353E\356\370"
 272      6F90BC24 
 272      E81307AA 
 272      5FB9EB45 
 272      EEF8
 273 077c 9FE31EDB 		.ascii	"\237\343\036\333{`x\232\222\373\310Oq\367TUt\272-\310"
 273      7B60789A 
 273      92FBC84F 
 273      71F75455 
 273      74BA2DC8 
 274 0790 141A9CE4 		.ascii	"\024\032\234\3443\343\223}9B|\001\004\363#,\330t\250"
 274      33E3937D 
ARM GAS  /var/folders/qd/4mxf5pkd0zdf0b9dd1hp39180000gn/T//ccChwfYI.s 			page 21


 274      39427C01 
 274      04F3232C 
 274      D874A8
 275 07a3 169CE015 		.ascii	"\026\234\340\025cS\241\345o<\207\216\362\013`h\347X"
 275      6353A1E5 
 275      6F3C878E 
 275      F20B6068 
 275      E758
 276 07b5 49BA176E 		.ascii	"I\272\027nc\371\317\276[\037\353\356\252\274\357QE\345"
 276      63F9CFBE 
 276      5B1FEBEE 
 276      AABCEF51 
 276      45E5
 277 07c7 C909354F 		.ascii	"\311\0115O\256|\236\272\362"
 277      AE7C9EBA 
 277      F2
 278 07d0 C768E52B 		.ascii	"\307h\345+\036d\245h\360\000c\273w-7L$\033X\310\316"
 278      1E64A568 
 278      F00063BB 
 278      772D374C 
 278      241B58C8 
 279 07e5 F619EC6C 		.ascii	"\366\031\354l\237/\023\345\253\211\216S\242\233\375"
 279      9F2F13E5 
 279      AB898E53 
 279      A29BFD
 280 07f4 2937301E 		.ascii	")70\036eD7\332\343J\304i\341\2418\020\317\024\017\304"
 280      654437DA 
 280      E34AC469 
 280      E1A13810 
 280      CF140FC4 
 281 0808 6F871ADE 		.ascii	"o\207\032\336\212\247B\362\225;Z\2759\015M9kNK\263\346"
 281      8AA742F2 
 281      953B5ABD 
 281      390D4D39 
 281      6B4E4BB3 
 282 081d 144BF4B9 		.ascii	"\024K\364\271+\215\355\336\352\"\236\204d\235\240\311"
 282      2B8DEDDE 
 282      EA229E84 
 282      649DA0C9 
 283 082d 2AA4893E 		.ascii	"*\244\211>-%\272\271g\233I]\225)\301{\033\323\017bW"
 283      2D25BAB9 
 283      679B495D 
 283      9529C17B 
 283      1BD30F62 
 284 0842 5516A68A 		.ascii	"U\026\246\212U)\022\253\002\0371\212\261\005bU\212i"
 284      552912AB 
 284      021F318A 
 284      B1056255 
 284      8A69
 285 0854 558AF6EE 		.ascii	"U\212\366\356\376\035\376\316\215F\337y>\255\203\227"
 285      FE1DFECE 
 285      8D46DF79 
 285      3EAD8397 
 286 0864 8B923F22 		.ascii	"\213\222?\"\027\205|\257\234\221syF\235\313\022\232"
 286      17857CAF 
 286      9C917379 
 286      469DCB12 
ARM GAS  /var/folders/qd/4mxf5pkd0zdf0b9dd1hp39180000gn/T//ccChwfYI.s 			page 22


 286      9A
 287 0875 CBC1FA2A 		.ascii	"\313\301\372*\310r\012c\273W\232x\302Gv*M\345T\3238"
 287      C8720A63 
 287      BB579A78 
 287      C247762A 
 287      4DE554D3 
 288 088a A74A45A7 		.ascii	"\247JE\247\312\370\005\334\354\300@#\373E\331\215a!"
 288      CAF805DC 
 288      ECC04023 
 288      FB45D98D 
 288      6121
 289 089c 11467B4C 		.ascii	"\021F{L\250\321\356\010\014\325\255\374\342\317\363"
 289      A8D1EE08 
 289      0CD5ADFC 
 289      E2CFF3
 290 08ab 4C41419C 		.ascii	"LAA\234\336bY\037ns,\016\2668v\"\343\262\350\350\210"
 290      DE62591F 
 290      6E732C0E 
 290      B6387622 
 290      E3B2E8E8 
 291 08c0 F0D01047 		.ascii	"\360\320\020Gx\224\315n\\\021\032\021\036m\267Z\254"
 291      7894CD6E 
 291      5C111A11 
 291      1E6DB75A 
 291      AC
 292 08d1 01D1EB43 		.ascii	"\001\321\353C\277\011\016\014\211\2166\232\242l\016"
 292      BF090E0C 
 292      898E369A 
 292      A26C0E
 293 08e0 ABCD31A1 		.ascii	"\253\3151\241\323\2706**\302n\374:44 $&2\300\026e\263"
 293      D3B8362A 
 293      2AC26EFC 
 293      3A343420 
 293      242632C0 
 294 08f7 065843FE 		.ascii	"\006XC\376\036\036\260$ xQ\320\222\200\177~\030\020"
 294      1E1EB024 
 294      207851D0 
 294      92807F7E 
 294      1810
 295 0909 19F28FA8 		.ascii	"\031\362\217\250\030\343\270^c\270-4b\375:\25312$4,"
 295      18E3B85E 
 295      63B82D34 
 295      62FD3AAB 
 295      31322434 
 296 091e DC66355A 		.ascii	"\334f5Z\326Y\277\012Y\037\341\2608\276\215\266\332\003"
 296      D659BF0A 
 296      591FE1B0 
 296      38BE8DB6 
 296      DA03
 297 0930 C3389DE4 		.ascii	"\3038\235\344\334\226\377\237s\366o\355F\213\335\261"
 297      DC96FF9F 
 297      73F66FED 
 297      468BDDB1 
 298 0940 0E3C018F 		.ascii	"\016<\001\217\334Au\204GZ-\016_erc\034.|h\030\201\210"
 298      DC417584 
 298      475A2D0E 
 298      5F657263 
ARM GAS  /var/folders/qd/4mxf5pkd0zdf0b9dd1hp39180000gn/T//ccChwfYI.s 			page 23


 298      1C2E7C68 
 299 0957 01B8D91D 		.ascii	"\001\270\331\035\253l\341\2169S\025\202\363\264;\326"
 299      AB6CE18E 
 299      39531582 
 299      F3B43BD6 
 300 0967 3842621C 		.ascii	"8Bb\034\313\"\300\272\007Q\242\242\351\263\036\236\255"
 300      CB22C0BA 
 300      0751A2A2 
 300      E9B31E9E 
 300      AD
 301 0978 0EE971A5 		.ascii	"\016\351q\245\325\205\260DD\254\263\204\003\251QM\032"
 301      D585B044 
 301      44ACB384 
 301      03A9514D 
 301      1A
 302 0989 1D1503D1 		.ascii	"\035\025\003\321\257Y\273zq\260\361\363\317\227\033"
 302      AF59BB7A 
 302      71B0F1F3 
 302      CF971B
 303 0998 D7AE5AFD 		.ascii	"\327\256Z\375\257 #\033\001\276hM\246\325\346\305\374"
 303      AF20231B 
 303      01BE684D 
 303      A6D5E6C5 
 303      FC
 304 09a9 1FCD9AE5 		.ascii	"\037\315\232\345\253\227\231\361r\223Y\363\331\362\265"
 304      AB9799F1 
 304      729359F3 
 304      D9F2B5
 305 09b8 666C3299 		.ascii	"fl2\231\261\031d\231\331\214\377\264\306\204M_\254\325"
 305      B1196499 
 305      D98CFFB4 
 305      C6844D5F 
 305      ACD5
 306 09ca 984C2BCC 		.ascii	"\230L+\314\024\037L\357Ax\305J3\277\006F\256Za\326\254"
 306      141F4CEF 
 306      4178C54A 
 306      33BF0646 
 306      AE5A61D6 
 307 09df 590D6893 		.ascii	"Y\015h\2239\030$\010\220\1771\007\277\257'\221\244\226"
 307      39182408 
 307      907F3107 
 307      BFAF2791 
 307      A496
 308 09f1 E191E08C 		.ascii	"\341\221\340\214\207K\2618\014bPv\222\010K\010\211\323"
 308      874BB138 
 308      0C625076 
 308      92084B08 
 308      89D3
 309 0a03 CB62F96A 		.ascii	"\313b\371j\275-\324b\011\374\355\222\245\037\351$M\023"
 309      BD2DD462 
 309      09FCED92 
 309      A51FE924 
 309      4D13
 310 0a15 1A1612F3 		.ascii	"\032\026\022\363\201\013\036\025\315\320\323\245\026"
 310      810B1E15 
 310      CDD0D3A5 
 310      16
ARM GAS  /var/folders/qd/4mxf5pkd0zdf0b9dd1hp39180000gn/T//ccChwfYI.s 			page 24


 311 0a22 EBC4E11F 		.ascii	"\353\304\341\037-\372\215\324\375\365\244\335K\377\013"
 311      2DFA8DD4 
 311      FDF5A4DD 
 311      4BFF0B
 312 0a31 8E5B2801 		.ascii	"\216[(\001"
 313              		.text
 314              		.section	.gnu.lto_.symtab.24b393b9a6e1362c,"",%progbits
 315 0000 7374496E 		.ascii	"stInit\000"
 315      697400
 316 0007 00       		.ascii	"\000"
 317 0008 00       		.ascii	"\000"
 318 0009 00       		.ascii	"\000"
 319 000a 00000000 		.ascii	"\000\000\000\000\000\000\000\000"
 319      00000000 
 320 0012 C8000000 		.ascii	"\310\000\000\000"
 321 0016 73745374 		.ascii	"stStartAlarm\000"
 321      61727441 
 321      6C61726D 
 321      00
 322 0023 00       		.ascii	"\000"
 323 0024 00       		.ascii	"\000"
 324 0025 00       		.ascii	"\000"
 325 0026 00000000 		.ascii	"\000\000\000\000\000\000\000\000"
 325      00000000 
 326 002e CC000000 		.ascii	"\314\000\000\000"
 327 0032 73745374 		.ascii	"stStopAlarm\000"
 327      6F70416C 
 327      61726D00 
 328 003e 00       		.ascii	"\000"
 329 003f 00       		.ascii	"\000"
 330 0040 00       		.ascii	"\000"
 331 0041 00000000 		.ascii	"\000\000\000\000\000\000\000\000"
 331      00000000 
 332 0049 CE000000 		.ascii	"\316\000\000\000"
 333 004d 73745365 		.ascii	"stSetAlarm\000"
 333      74416C61 
 333      726D00
 334 0058 00       		.ascii	"\000"
 335 0059 00       		.ascii	"\000"
 336 005a 00       		.ascii	"\000"
 337 005b 00000000 		.ascii	"\000\000\000\000\000\000\000\000"
 337      00000000 
 338 0063 D0000000 		.ascii	"\320\000\000\000"
 339 0067 73744765 		.ascii	"stGetAlarm\000"
 339      74416C61 
 339      726D00
 340 0072 00       		.ascii	"\000"
 341 0073 00       		.ascii	"\000"
 342 0074 00       		.ascii	"\000"
 343 0075 00000000 		.ascii	"\000\000\000\000\000\000\000\000"
 343      00000000 
 344 007d D3000000 		.ascii	"\323\000\000\000"
 345 0081 73745F6C 		.ascii	"st_lld_init\000"
 345      6C645F69 
 345      6E697400 
 346 008d 00       		.ascii	"\000"
 347 008e 02       		.ascii	"\002"
ARM GAS  /var/folders/qd/4mxf5pkd0zdf0b9dd1hp39180000gn/T//ccChwfYI.s 			page 25


 348 008f 00       		.ascii	"\000"
 349 0090 00000000 		.ascii	"\000\000\000\000\000\000\000\000"
 349      00000000 
 350 0098 D5000000 		.ascii	"\325\000\000\000"
 351              		.text
 352              		.section	.gnu.lto_.opts,"",%progbits
 353 0000 272D666D 		.ascii	"'-fmath-errno' '-fsigned-zeros' '-ftrapping-math' '"
 353      6174682D 
 353      6572726E 
 353      6F272027 
 353      2D667369 
 354 0033 2D666E6F 		.ascii	"-fno-trapv' '-fno-openmp' '-fno-openacc' '-mcpu=cor"
 354      2D747261 
 354      70762720 
 354      272D666E 
 354      6F2D6F70 
 355 0066 7465782D 		.ascii	"tex-m4' '-mno-thumb-interwork' '-mthumb' '-O2' '-fo"
 355      6D342720 
 355      272D6D6E 
 355      6F2D7468 
 355      756D622D 
 356 0099 6D69742D 		.ascii	"mit-frame-pointer' '-falign-functions=16' '-ffuncti"
 356      6672616D 
 356      652D706F 
 356      696E7465 
 356      72272027 
 357 00cc 6F6E2D73 		.ascii	"on-sections' '-fdata-sections' '-fno-common' '-flto"
 357      65637469 
 357      6F6E7327 
 357      20272D66 
 357      64617461 
 358 00ff 2700     		.ascii	"'\000"
 359              		.text
 360              		.comm	__gnu_lto_v1,1,1
 361              		.comm	__gnu_lto_slim,1,1
 362              		.ident	"GCC: (GNU Tools for Arm Embedded Processors 7-2017-q4-major) 7.2.1 20170904 (release) [ARM
ARM GAS  /var/folders/qd/4mxf5pkd0zdf0b9dd1hp39180000gn/T//ccChwfYI.s 			page 26


DEFINED SYMBOLS
                            *ABS*:0000000000000000 st.c
                            *COM*:0000000000000001 __gnu_lto_v1
                            *COM*:0000000000000001 __gnu_lto_slim

NO UNDEFINED SYMBOLS
