ARM GAS  /var/folders/qd/4mxf5pkd0zdf0b9dd1hp39180000gn/T//ccDsArTO.s 			page 1


   1              		.cpu cortex-m4
   2              		.eabi_attribute 20, 1
   3              		.eabi_attribute 21, 1
   4              		.eabi_attribute 23, 3
   5              		.eabi_attribute 24, 1
   6              		.eabi_attribute 25, 1
   7              		.eabi_attribute 26, 1
   8              		.eabi_attribute 30, 2
   9              		.eabi_attribute 34, 1
  10              		.eabi_attribute 18, 4
  11              		.file	"st_lld.c"
  12              		.section	.gnu.lto_.profile.60ba15ab2924e455,"",%progbits
  13 0000 789C6363 		.ascii	"x\234cc```\001bF\006K\031\000\001\006\000a"
  13      60606001 
  13      6246064B 
  13      19000106 
  13      0061
  14              		.text
  15              		.section	.gnu.lto_.icf.60ba15ab2924e455,"",%progbits
  16 0000 789C6363 		.ascii	"x\234cc``\340c@\000&\206\2757\226o\341dlyuh\006#\003"
  16      6060E063 
  16      40002686 
  16      BD37966F 
  16      E1646C79 
  17 0019 002E2305 		.ascii	"\000.#\005\332"
  17      DA
  18              		.text
  19              		.section	.gnu.lto_.jmpfuncs.60ba15ab2924e455,"",%progbits
  20 0000 789C6363 		.ascii	"x\234cc``\360d@\000&0\311\310\300\300\3028\205\231\361"
  20      6060F064 
  20      40002630 
  20      C9C8C0C0 
  20      C2388599 
  21 0015 E9C9C96D 		.ascii	"\351\311\311m<\335\314s\230\031\030e\03073\31200\036"
  21      3CDDCC73 
  21      98191865 
  21      183733CA 
  21      30301E
  22 0028 60619401 		.ascii	"`a\224\001b\240\022\240t\327\257\353}\034\020i\016\306"
  22      62A012A0 
  22      74D7AFEB 
  22      7D1C1069 
  22      0EC6
  23 003a 2D50690E 		.ascii	"-Pi\016\2604\003\000!Q\016\252"
  23      B0340300 
  23      21510EAA 
  24              		.text
  25              		.section	.gnu.lto_.inline.60ba15ab2924e455,"",%progbits
  26 0000 789C6363 		.ascii	"x\234cc``\260b@\000&\006\006\036QF\006&\276+\376\014"
  26      6060B062 
  26      40002606 
  26      061E5146 
  26      0626BE2B 
  27 0016 6C0BE499 		.ascii	"l\013\344\231@b\214\\p\202AD\006()\363\340\026#\\\226"
  27      40628C5C 
  27      70824144 
  27      062829F3 
ARM GAS  /var/folders/qd/4mxf5pkd0zdf0b9dd1hp39180000gn/T//ccDsArTO.s 			page 2


  27      E016235C 
  28 002b 9907AC8B 		.ascii	"\231\007\254\213\001\000\257\032\005X"
  28      0100AF1A 
  28      0558
  29              		.text
  30              		.section	.gnu.lto_.pureconst.60ba15ab2924e455,"",%progbits
  31 0000 789C6363 		.ascii	"x\234cc```\003b&\206]\214\214R\000\003\261\000\345"
  31      60606003 
  31      6226865D 
  31      8C8C5200 
  31      03B100E5 
  32              		.text
  33              		.section	.gnu.lto_VectorB0.60ba15ab2924e455,"",%progbits
  34 0000 789C7D54 		.ascii	"x\234}T]lSe\030~\237\363\235\376\254\035\310%\211K\354"
  34      5D6C5365 
  34      187E9FF3 
  34      9DFEAC1D 
  34      C825894B 
  35 0015 2E665C42 		.ascii	".f\\Bz\370Y\342\2451\030\023\"\275a\334\223Q\232\224"
  35      7AF859E2 
  35      A5311813 
  35      22BD61DC 
  35      93519A94 
  36 0029 D851D26E 		.ascii	"\330Q\322n\013\273\332\351~\350\026\215\341b\014%\325"
  36      0BBBDAE9 
  36      7EE8168D 
  36      E1620C25 
  36      D5
  37 003a 3592F813 		.ascii	"5\222\370\0233Q\374\355\200y\334\034E\221m\214\241\350"
  37      3351FCED 
  37      8079DC1C 
  37      45916D8C 
  37      A1E8
  38 004c 12832C6C 		.ascii	"\022\203,l2\253\231\2048\205\261\371\276\247\245vm\262"
  38      32AB9984 
  38      3885B1F9 
  38      BEA7A576 
  38      6DB2
  39 005e 2F3DDF39 		.ascii	"/=\3379\347{\336\237\347{\236\257\307IDO:\210\026\371"
  39      E77BDE9F 
  39      E77B9EAF 
  39      C749444F 
  39      3A8816F9 
  40 0072 DEC0171C 		.ascii	"\336\300\027\034\004\355\304\004Q\302\255ij\252\206"
  40      04EDC404 
  40      51C2AD69 
  40      6AAA86
  41 0081 4C8F6EED 		.ascii	"L\217n\355 \263ZA\317/\353\200<\230nP\207\246tt\340"
  41      20B35A41 
  41      CF2FEB80 
  41      3C986E50 
  41      87A67474 
  42 0096 55D5AF30 		.ascii	"U\325\2570\232\234\317h\365\357\232<\254S\303\336\204"
  42      9A9CCF68 
  42      F5EF9A3C 
  42      AC53C3DE 
  42      84
ARM GAS  /var/folders/qd/4mxf5pkd0zdf0b9dd1hp39180000gn/T//ccDsArTO.s 			page 3


  43 00a7 D9B335A5 		.ascii	"\331\2635\245\210\006\370\222\201OPO\034v\373\343\325"
  43      8806F892 
  43      814F504F 
  43      1C76FBE3 
  43      D5
  44 00b8 939B9C7A 		.ascii	"\223\233\234z~\035\237\302I\340\207\263\323\016\313"
  44      7E1D9FC2 
  44      49E087B3 
  44      D30ECB
  45 00c7 5C5D4B9A 		.ascii	"\\]K\232\326\3753x\370\222\007\224R\320d\"\352\345H"
  45      D6FD3378 
  45      F8920794 
  45      52D06422 
  45      EAE548
  46 00da 6E685AD4 		.ascii	"nhZ\324\2474y\352\262h\021\243\303ws=^)pZ\201\353\016"
  46      A73479EA 
  46      B26811A3 
  46      C377733D 
  46      5E29705A 
  47 00f1 F48C4EBA 		.ascii	"\364\214N\272^Q)\245A\332L\014-/y\362\257\302H\347\245"
  47      5E5129A5 
  47      41DA4C0C 
  47      2D2F79F2 
  47      AFC248E7 
  48 0106 F49B0B55 		.ascii	"\364\233\013Ui\274\225\340W_J)|\216\032|\206\032\222"
  48      69BC95E0 
  48      575F4A29 
  48      7C8E1A7C 
  48      861A92
  49 0119 F0E4FC95 		.ascii	"\360\344\374\225\251\315\306\220\331\235\020L\307\027"
  49      A9CDC690 
  49      D99D104C 
  49      C717
  50 0127 48E3A4CD 		.ascii	"H\343\244\315\034_\302\340v]+\307\337p\345\273i\371"
  50      1C5FC2E0 
  50      765D2BC7 
  50      DF70E5BB 
  50      69F9
  51 0139 86E36BCB 		.ascii	"\206\343k\313\326\023\322\001\320\220\341:w\320=;\326"
  51      D613D201 
  51      D090E13A 
  51      77D03D3B 
  51      D6
  52 014a 5088E180 		.ascii	"P\210\341\200\263\271\314\277\233\362\001\204ai\304"
  52      B3B9CCBF 
  52      9BF20184 
  52      6169C4
  53 0159 A34F299A 		.ascii	"\243O)\232\252\311\357\340\376o\177\214\333;XO.\375"
  53      AAC9EFE0 
  53      FE6F7F8C 
  53      DB3B584F 
  53      2EFD
  54 016b 8EEC7E63 		.ascii	"\216\354~c~\347\377\347w\001F\351\366unv\221\263\346"
  54      7EE7FFE7 
  54      770146E9 
  54      F6756E76 
  54      91B3E6
ARM GAS  /var/folders/qd/4mxf5pkd0zdf0b9dd1hp39180000gn/T//ccDsArTO.s 			page 4


  55 017e 593E5EBF 		.ascii	"Y>^\277\326\375QJ\311\272\003\242\301_WO\317m\226W'"
  55      D6FD514A 
  55      C9BA03A2 
  55      C15F574F 
  55      CF6D9657 
  56 0193 7CFCBA70 		.ascii	"|\374\272p!9\003\265\323V,7\337k\351ugL\263\323\264"
  56      213903B5 
  56      D3562C37 
  56      DF6BE975 
  56      674CB3D3 
  57 01a8 B2C9E72E 		.ascii	"\262\311\347.\215\0377O$\334)\345\202\005\305n\341+"
  57      8D1F374F 
  57      24DC29E5 
  57      8205C56E 
  57      E12B
  58 01ba E63352D8 		.ascii	"\3463R\330\006\276F\235\320\272k^\324\245\234\013>\214"
  58      06BE469D 
  58      D0BA6B5E 
  58      D4A59C0B 
  58      3E8C
  59 01cc 32F63B3A 		.ascii	"2\366;:o\177\360Z\377\334\326\242\323\335\371\003\361"
  59      6F7FF05A 
  59      FFDCD6A2 
  59      D3DDF903 
  59      F1
  60 01dd 8BD761BB 		.ascii	"\213\327a\273=\240@e\330\332\373\015\017\370\024\214"
  60      3DA04065 
  60      D8DAFB0D 
  60      0FF8148C 
  61 01ed 09A89583 		.ascii	"\011\250\225\203\017\207\266\207\011\337\010\246\312"
  61      0F87B687 
  61      09DF08A6 
  61      CA
  62 01fa B1B105BF 		.ascii	"\261\261\005\277\2130.\230^\216=\210\012E\302%A\035"
  62      8B302E98 
  62      5E8E3D88 
  62      0A45C225 
  62      411D
  63 020c A5070F59 		.ascii	"\245\007\017Y8qY\316\035O,\026M\212\233o\017\236\373"
  63      387159CE 
  63      1D4F2C16 
  63      4D8A9B6F 
  63      0F9EFB
  64 021f C7537B0B 		.ascii	"\307S{\013\203\346\353,\260[\022\206\346\316\233n]\343"
  64      83E6EB2C 
  64      B05B1286 
  64      E6CE9B6E 
  64      5DE3
  65 0231 CD7E8B5A 		.ascii	"\315~\213Z\333\205\245\334\314\254\306+\370\016\272"
  65      DB85A5DC 
  65      CCACC62B 
  65      F80EBA
  66 0240 BD5DC215 		.ascii	"\275]\302\025[\326\367F\306\356T\327\316\025\262\253"
  66      5BD6F746 
  66      C6EE54D7 
  66      CE15B2AB 
  67 0250 24F6DE87 		.ascii	"$\366\336\207\347nx\355\354\357%\033W\241\263'\235>"
ARM GAS  /var/folders/qd/4mxf5pkd0zdf0b9dd1hp39180000gn/T//ccDsArTO.s 			page 5


  67      E76E78ED 
  67      ECEF251B 
  67      57A1B327 
  67      9D3E
  68 0262 5B3AA21C 		.ascii	"[:\242\034\272n=\352\377\373`\271NKE\235\234\353HO0"
  68      BA6E3DEA 
  68      FFFB60B9 
  68      4E4B459D 
  68      9CEB484F 
  69 0277 D749212D 		.ascii	"\327I!-\023\003\231Ln\326\325\361\310d\203<\003,\377"
  69      1303994C 
  69      6ED6D5F1 
  69      C864833C 
  69      032CFF
  70 028a 846053E8 		.ascii	"\204`S\350\340\223\343}\354\375:G\263Og7v\364\232\355"
  70      E093E37D 
  70      ECFD3A47 
  70      B34F6737 
  70      76F49AED 
  71 029e 68F11CB9 		.ascii	"h\361\034\271X\232\351\215\034\275Wd\352\256t\324\267"
  71      589AE98D 
  71      1CBD5764 
  71      EAAE74D4 
  71      B7
  72 02af C274AE0B 		.ascii	"\302t\256\013XU\351\3503/\023f\004\363T8\232\335\305"
  72      5855E9E8 
  72      332F1366 
  72      04F35438 
  72      9ADDC5
  73 02c2 8EDE10CC 		.ascii	"\216\336\020\314[\216-\266\013E\302\017\225\216\376"
  73      5B8E2DB6 
  73      0B45C20F 
  73      958EFE
  74 02d1 C8E2DC14 		.ascii	"\310\342\334\024\001n\2268\272:\370\353\210\367\261"
  74      016E9638 
  74      BA3AF8EB 
  74      88F7B1
  75 02e0 59D3B659 		.ascii	"Y\323\266Y?\331f\225;\363s\321\031\251o\377G\365\302"
  75      3FD96695 
  75      3BF373D1 
  75      19A96FFF 
  75      47F5C2
  76 02f3 67465CEA 		.ascii	"gF\\\352[q\330\237\251\012\321\2539w\266\240\370\237"
  76      5B71D89F 
  76      A90AD1AB 
  76      3977B6A0 
  76      F89F
  77 0305 E84C2F9F 		.ascii	"\350L/\237\202\035(\243\227\2179\227\340&\206\337_\370"
  77      821D28A3 
  77      978F3997 
  77      E02686DF 
  77      5FF8
  78 0317 45E346B8 		.ascii	"E\343F\270)b\034\215\306Z\342F\343\376\300\256\235\306"
  78      29621C8D 
  78      C65AE246 
  78      E3FEC0AE 
  78      9DC6
ARM GAS  /var/folders/qd/4mxf5pkd0zdf0b9dd1hp39180000gn/T//ccDsArTO.s 			page 6


  79 0329 DEBD2F18 		.ascii	"\336\275/\030\373\367\004\332v\030\361\226\003\221\310"
  79      FBF704DA 
  79      7618F196 
  79      0391C8
  80 0338 217F901C 		.ascii	"!\177\220\034mM\221\326P}iV\254\245\220\364\374\276"
  80      6D4D91D6 
  80      507D6956 
  80      ACA590F4 
  80      FCBE
  81 034a C0EEC031 		.ascii	"\300\356\3001#\030\016Fc\241\003m\3176\373\303\264\255"
  81      23180E46 
  81      63A1036D 
  81      CF36FBC3 
  81      B4AD
  82 035c 343274AC 		.ascii	"42t\254\305\330\035h\334\323h\034>\022\214\264\036\012"
  82      C5D81D68 
  82      DCD3681C 
  82      3E128CB4 
  82      1E0A
  83 036e 197664B0 		.ascii	"\031vd\260\371\305\326#A\016~\252\234L4\316\023\327"
  83      F9C5D623 
  83      410E7EAA 
  83      9C4C34CE 
  83      13D7
  84 0380 977B39CE 		.ascii	"\227{9\316\313\305*\341x{\234\361-\201\306}\276\203"
  84      CBC52AE1 
  84      787B9CF1 
  84      2D81C67D 
  84      BE83
  85 0392 4DF1D0D1 		.ascii	"M\361\320\321\330\341m\276\272\355\244\305\310\325\034"
  85      D8E16DBE 
  85      BAEDA4C5 
  85      C8D51C
  86 03a1 6A8EC6DA 		.ascii	"j\216\306\332\351?h\246\367l"
  86      E93F68A6 
  86      F76C
  87              		.text
  88              		.section	.gnu.lto_st_lld_init.60ba15ab2924e455,"",%progbits
  89 0000 789C9D94 		.ascii	"x\234\235\224KHTQ\030\307\317\377\236;3\327G\023\355"
  89      4B485451 
  89      18C7CFFF 
  89      9E3B33D7 
  89      4713ED
  90 0013 8266D1D6 		.ascii	"\202f\321\326\026^\2466\321\272M\240\264\310mD\024\324"
  90      165EA636 
  90      D1BA4DA0 
  90      B4C86D44 
  90      14D4
  91 0025 423052DA 		.ascii	"B0R\332\004\315\3655c&!\225\0065\352\205\2020\260\311"
  91      04CDF535 
  91      63262195 
  91      0635EA85 
  91      8230B0C9 
  92 0039 47E98C5A 		.ascii	"G\351\214Z\327\311R3\037\231\245\346.\310,-Z\010F\221"
  92      D7C95233 
  92      1F99A5E6 
  92      2EC82C2D 
ARM GAS  /var/folders/qd/4mxf5pkd0zdf0b9dd1hp39180000gn/T//ccDsArTO.s 			page 7


  92      5A084691 
  93 004d F67DE78E 		.ascii	"\366}\347\2163Q+\3470\367\314y\335\337\357|\367<\274"
  93      33512BE7 
  93      30F7CC79 
  93      DDDFEF7C 
  93      F73CBC
  94 0060 42888B1E 		.ascii	"B\210\213\036!\202\364\277\207\036H\001\255qR\210JC"
  94      2182F4BF 
  94      871E4801 
  94      AD715288 
  94      4A43
  95 0072 03B86019 		.ascii	"\003\270`\031\020!\015!4\310\033\022\311\310R\\+\270"
  95      10210D21 
  95      34C81B12 
  95      C9C8525C 
  95      2BB8
  96 0084 6751726E 		.ascii	"gQrnv\371\303V\355\356\250\024\242\231\036N\350F\201"
  96      76F9C356 
  96      EDEEA814 
  96      A2991E4E 
  96      E84681
  97 0097 A0611F3A 		.ascii	"\240a\037:7\232vxu\267\035=\360\012P!6\343q\254\215"
  97      379A7678 
  97      75B71D3D 
  97      F00A5021 
  97      36E371AC 
  98 00ac CD88E50C 		.ascii	"\315\210\345\014\337\301\340\321]\020Q\011\2153\311"
  98      DFC1E0D1 
  98      5D105109 
  98      8D33C9
  99 00bb 99CE9910 		.ascii	"\231\316\231\020u\364\016\211-G\\\226\032\227\252\035"
  99      75F40E89 
  99      2D475C96 
  99      1A97AA1D 
 100 00cb F105C9C4 		.ascii	"\361\005\311\304\347\2663L\272%A\202\346\332\344\224"
 100      E7B6334C 
 100      BA254182 
 100      E6DAE494 
 101 00db EF8A8C4A 		.ascii	"\357\212\214J\015\354[\214M\254\030n\325\262\353,\235"
 101      0DEC5B8C 
 101      4DAC186E 
 101      D5B2EB2C 
 101      9D
 102 00ec 9AEEC63A 		.ascii	"\232\356\306:o\303Fk%MuoTJ<F\000\217\020\020<\376Z\367"
 102      6FC3466B 
 102      254D756F 
 102      544A3C46 
 102      008F1010 
 103 0104 EC71B3C3 		.ascii	"\354q\263\303\252AT\352\350\245aM*\000\364\301$W\365"
 103      AA4154EA 
 103      E8A5614D 
 103      2A00F4C1 
 103      2457F5
 104 0117 8F305C95 		.ascii	"\2170\\\225\346\332z\206G\302\012\017Jqb\320|f\353\325"
 104      E6DA7A86 
 104      47C20A0F 
 104      4A7162D0 
ARM GAS  /var/folders/qd/4mxf5pkd0zdf0b9dd1hp39180000gn/T//ccDsArTO.s 			page 8


 104      7C66EBD5 
 105 012b 986D9912 		.ascii	"\230m\231\022\031S?L\302\253\300\332\357\373\\\233\374"
 105      19533F4C 
 105      C2ABC0DA 
 105      EFFB5C9B 
 105      FC
 106 013c 3B308F0A 		.ascii	";0\217\012\254\276z\250\313p\253\226\323h\371\251i\341"
 106      ACBE7AA8 
 106      CB70AB96 
 106      D368F9A9 
 106      69E1
 107 014e 6B4D675E 		.ascii	"kMg^F\347\305 \351\006R\272\304j{\2577\355{\242|\374"
 107      46E7C520 
 107      E90652BA 
 107      C46A7BAF 
 107      37ED7BA2 
 108 0164 E9F1F49F 		.ascii	"\351\361\364\237\310t\322\375\037\3126\330N\206=\304"
 108      C874D2FD 
 108      1FCA36D8 
 108      4E863DC4 
 109 0174 B1E84C5A 		.ascii	"\261\350LZ[\356\210\370S\254t$>\025\311d\307\372\367"
 109      5BEE88F8 
 109      53AC7424 
 109      3E15C964 
 109      C7FAF7
 110 0187 5CB7CABB 		.ascii	"\\\267\312\273\207\227\310n\371\224\223\222\331\227"
 110      8797C86E 
 110      F9949392 
 110      D997
 111 0195 68F10D3C 		.ascii	"h\361\015<#]2\245\213,\215O\373YW\311S\3211\254\204"
 111      235D32A5 
 111      8B2C8D4F 
 111      FB5957C9 
 111      53D131AC 
 112 01aa 1A0B9FC3 		.ascii	"\032\013\237\303\244\001\353\311\321C\014\324\321v\020"
 112      A401EBC9 
 112      D1430CD4 
 112      D17610
 113 01b9 2FDC50D6 		.ascii	"/\334P\326\226\037\244'\260=\374\210\302\253\375:\252"
 113      961FA427 
 113      B03DFC88 
 113      C2ABFD3A 
 113      AA
 114 01ca F02B030F 		.ascii	"\360+\003\017\347=.\177\223\322N\214m)bY*^*\205\316"
 114      E73D2E7F 
 114      93D24E8C 
 114      6D296259 
 114      2A5E2A85 
 115 01df 8A71A548 		.ascii	"\212q\245H\177\"\035\002\257\266\360}Y\341s0\241\360"
 115      7F221D02 
 115      AFB6F07D 
 115      59E17330 
 115      A1F0
 116 01f1 7498B9D3 		.ascii	"t\230\271\323i\250j\367\005c\334iw\251\005\233\204\211"
 116      69A86AF7 
 116      0563DC69 
 116      77A9059B 
ARM GAS  /var/folders/qd/4mxf5pkd0zdf0b9dd1hp39180000gn/T//ccDsArTO.s 			page 9


 116      8489
 117 0203 7D01B5F9 		.ascii	"}\001\265\371\246\020\314\350\342YF3\255t^\346\275&"
 117      A610CCE8 
 117      E2594633 
 117      AD745EE6 
 117      BD26
 118 0215 749A97C8 		.ascii	"t\232\227\310\2227\243x>\346\275\371\233\327\237%oV"
 118      9237A378 
 118      3EE6BDF9 
 118      9BD79F25 
 118      6F56
 119 0227 F10CE6BD 		.ascii	"\361\014\346\275%^|\2137\220%\357\235\342\3450o.\305"
 119      255E7C8B 
 119      379025EF 
 119      9DE2E530 
 119      6F2EC5
 120 023a 5B45ADBD 		.ascii	"[E\255\275\331\"\325\005Go\304\343\253\213\276\320o"
 120      D922D505 
 120      476FC4E3 
 120      AB8BBED0 
 120      6F
 121 024b CB88CADC 		.ascii	"\313\210\312\334f>\032\230G\210;>\216]\017\347\363:"
 121      663E1A98 
 121      47883B3E 
 121      8E5D0FE7 
 121      F33A
 122 025d E7117F01 		.ascii	"\347\021\177\001\001>\330?\347\256\032n\223\201\367"
 122      013ED83F 
 122      E7AE1A6E 
 122      9381F7
 123 026c 084465BE 		.ascii	"\010De\276\370\206*\373W\253:\213\3526\255#\006\335"
 123      F8862AFB 
 123      57AB3A8B 
 123      EA36AD23 
 123      06DD
 124 027e 7FB4E5CD 		.ascii	"\177\264\345\315\302\302\324\257\254\334<{\262\324<"
 124      C2C2D4AF 
 124      ACDC3C7B 
 124      B2D43C
 125 028d 5776BEA2 		.ascii	"Wv\276\242\334<VR|`\277YTt\330,9R|!h\226W\234(-=]xJ"
 125      DC3C5652 
 125      7C60BF59 
 125      5474D82C 
 125      39527C21 
 126 02ab FC01AEB7 		.ascii	"\374\001\256\267\323\335"
 126      D3DD
 127              		.text
 128              		.section	.gnu.lto_.symbol_nodes.60ba15ab2924e455,"",%progbits
 129 0000 789C55C8 		.ascii	"x\234U\310\301\011\2000\020D\321\237I\264\015[\321\222"
 129      C1098030 
 129      1044D19F 
 129      49B40D5B 
 129      D192
 130 0012 AC607388 		.ascii	"\254`s\210\211G\353\261\010\253\360(\330\202\213'e\030"
 130      8947EBB1 
 130      08ABF028 
 130      D8828B27 
ARM GAS  /var/folders/qd/4mxf5pkd0zdf0b9dd1hp39180000gn/T//ccDsArTO.s 			page 10


 130      6518
 131 0024 3EBC1E98 		.ascii	">\274\036\230\375\250\310`;\300\263\347\311e\221\205"
 131      FDA8C860 
 131      3BC0B3E7 
 131      C9659185 
 132 0034 9F842AD3 		.ascii	"\237\204*\323+\220\363\350\320d\361\007\253,}!\372J"
 132      2B90F3E8 
 132      D064F107 
 132      AB2C7D21 
 132      FA4A
 133 0046 BDBB8828 		.ascii	"\275\273\210(\355\032bH\234^\036\365g\032\323"
 133      ED1A6248 
 133      9C5E1EF5 
 133      671AD3
 134              		.text
 135              		.section	.gnu.lto_.refs.60ba15ab2924e455,"",%progbits
 136 0000 789C6363 		.ascii	"x\234cc```\004b\006\000\000D\000\010"
 136      60606004 
 136      62060000 
 136      440008
 137              		.text
 138              		.section	.gnu.lto_.decls.60ba15ab2924e455,"",%progbits
 139 0000 789CC558 		.ascii	"x\234\305XkPTG\026\236\276=\014o\264\300\312Z[V\305"
 139      6B505447 
 139      169EBE3D 
 139      0C6FB4C0 
 139      CA5A5B56 
 140 0015 B2A895D4 		.ascii	"\262\250\225\324.\014\240\265I\355\217\255\350\200J"
 140      2E0CA0B5 
 140      49ED8FAD 
 140      E8804A
 141 0024 55485203 		.ascii	"UHR\003\331\312&?&d\034\003\233a\206\300\230\215\265"
 141      D9CA263F 
 141      26641C03 
 141      9B6186C0 
 141      988DB5
 142 0037 3F721554 		.ascii	"?r\025T\300'\276EM@E|\201\240A\344\241\274\2247\212"
 142      C027BE45 
 142      4D40457C 
 142      81A041E4 
 142      A1BC9437 
 143 004c 832F40DE 		.ascii	"\203/@\336\010F\215 *\240\250\354\351\356;\334;\227"
 143      08468D20 
 143      2AA0A8EC 
 143      E9EE3BDC 
 143      3B97
 144 005e 21BB5BB5 		.ascii	"!\273[\265[{\2133\367\236\276_\177}\372\234\323\335"
 144      5B7B8B33 
 144      F79EBE5F 
 144      7F7DFA9C 
 144      D3DD
 145 0070 E7A25228 		.ascii	"\347\242R(\024\343\277Q(N)\025\212\025H\241\230\204"
 145      14E3BF51 
 145      284E2915 
 145      8A1548A1 
 145      9884
 146 0082 0B435B05 		.ascii	"\013C[\005\010\250\212\213\012v9\201\\\001\251\001\251"
ARM GAS  /var/folders/qd/4mxf5pkd0zdf0b9dd1hp39180000gn/T//ccDsArTO.s 			page 11


 146      08A88A8B 
 146      0A763981 
 146      5C01A901 
 146      A9
 147 0093 03690069 		.ascii	"\003i\000iVL\2776A'\017\270\177\001\262\020d\016\350"
 147      564CBF36 
 147      41270FB8 
 147      7F01B210 
 147      640EE8
 148 00a6 3E20B7E0 		.ascii	"> \267\340\331\233\350\002\347o\241\355m\220\371 \227"
 148      D99BE802 
 148      E76FA1ED 
 148      6D90F920 
 148      97
 149 00b7 85B1C88F 		.ascii	"\205\261\310\217\2470\316\002x\366\005\371\035\210\037"
 149      A730CE02 
 149      78F605F9 
 149      1D881F
 150 00c6 48004820 		.ascii	"H\000H b\343\006\303}1\310\037A\336C\314\036\371\265"
 150      62E306C3 
 150      7D31C81F 
 150      41DE43CC 
 150      1EF9B5
 151 00d9 4DE0B2D9 		.ascii	"M\340\262\331\361\031\350\237\012v|\005w\003\022m\353"
 151      F119E89F 
 151      0A767C05 
 151      7703126D 
 151      EB
 152 00ea 87B668C4 		.ascii	"\207\266h\304\354\272\006\342\246`\276\210\002\231\015"
 152      ECBA06E2 
 152      A660BE88 
 152      02990D
 153 00f9 3201FA2B 		.ascii	"2\001\372+\2207 \223 \030\332\274@T \234\340\023G\276"
 153      90372093 
 153      2018DABC 
 153      4054209C 
 153      E01347BE 
 154 010d D8855147 		.ascii	"\330\205QG\355\211Sx\023F\013\335\020\361\354,h:\363"
 154      ED895378 
 154      13460BDD 
 154      10F1EC2C 
 154      683AF3
 155 0120 A8E88527 		.ascii	"\250\350\205'k\"\210\362\246\2167*\314\321\347\234\266"
 155      6B2288F2 
 155      A68E372A 
 155      CCD1E79C 
 155      B6
 156 0131 7BD928E0 		.ascii	"{\331(\3404\317.\227\030\005*@\330Fe\3356r\324\031\377"
 156      34CF2E97 
 156      18052A40 
 156      D84665DD 
 156      3672D419 
 157 0146 8902AF27 		.ascii	"\211\002\257'\345\035$\264\336nH\011\352\223\246\364"
 157      E51D24B4 
 157      DE6E4809 
 157      EA93A6F4 
 158 0156 3E2F50E7 		.ascii	">/P\347\270\241\371\2730\327\325:q\327\013\271\371%"
ARM GAS  /var/folders/qd/4mxf5pkd0zdf0b9dd1hp39180000gn/T//ccDsArTO.s 			page 12


 158      B8A1F9BB 
 158      30D7D53A 
 158      71D70BB9 
 158      F925
 159 0168 F3FC3A3E 		.ascii	"\363\374:>#\221w]\241@Eh\036\272\200\346)P\011\362#"
 159      2391775D 
 159      A1404568 
 159      1EBA80E6 
 159      295009F2 
 160 017d 439F4701 		.ascii	"C\237G\001\012\364\0234\236\203\306cd\270\362\241}\177"
 160      0AF41334 
 160      9E83C663 
 160      64B8F2A1 
 160      7D7F
 161 018f DE3FC2F3 		.ascii	"\336?\302\363\363Q1rC\205\010S\014\004e\241\0333\340"
 161      F3513172 
 161      43850853 
 161      0C0465A1 
 161      1B33E0
 162 01a2 C4D1B4C3 		.ascii	"\304\321\264\303*\334\212\210\005\\\311\201{W\270\231"
 162      2ADC8A88 
 162      055CC981 
 162      7B57B899 
 163 01b2 C6B834E3 		.ascii	"\306\2704\343\030\267K\027T\257\347y\016]\2041J\305"
 163      18B74B17 
 163      54AFE779 
 163      0E5D8431 
 163      4AC5
 164 01c4 31604872 		.ascii	"1`Hr\203V\030\250\270\342b\231{\027\352@\340\\4\233"
 164      835618A8 
 164      B8E26299 
 164      7B17EA40 
 164      E05C349B 
 165 01d8 CE1FB1FC 		.ascii	"\316\037\261\374\200\213\3740}\322v!\326\016\255\034"
 165      808BFC30 
 165      7DD27621 
 165      D60EAD1C 
 166 01e8 BB0950A2 		.ascii	"\273\011P\242\330\272\240\251\026N\340\340l\274\364"
 166      D8BAA0A9 
 166      164EE0E0 
 166      6CBCF4
 167 01f7 4F204052 		.ascii	"O @RV\366\236\015g\273X\226\262\007I?\326\304\211\203"
 167      56F69E0D 
 167      67BB5896 
 167      B207493F 
 167      D6C48983 
 168 020b 49BA4CB3 		.ascii	"I\272L\263U1\365z\312(q\222H\010\367\315G\233s=\272"
 168      5531F57A 
 168      CA287192 
 168      4808F7CD 
 168      479B733D 
 169 0220 5127BCFD 		.ascii	"Q'\274\375\253B\261\335%\226\006\376\227\241G\331^\370"
 169      AB42B1DD 
 169      259606FE 
 169      97A147D9 
 169      5EF8
 170 0232 214B972B 		.ascii	"!K\227+\223c\345\263X\026p$A\206\033\017\271\263,\230"
ARM GAS  /var/folders/qd/4mxf5pkd0zdf0b9dd1hp39180000gn/T//ccDsArTO.s 			page 13


 170      9363E5B3 
 170      58167024 
 170      41861B0F 
 170      B9B32C98 
 171 0246 0DEAE9CD 		.ascii	"\015\352\351\315\223\273\234\346\356!n\337\236\310\317"
 171      93BB9CE6 
 171      EE216EDF 
 171      9EC8CF
 172 0255 E6D0176F 		.ascii	"\346\320\027o\241*\010F%\004C\201.\243\271\360kR\262"
 172      A12A0846 
 172      25044381 
 172      2EA3B9F0 
 172      6B52B2
 173 0268 C1360EBD 		.ascii	"\3016\016\275HS-\310\3403\272\371\362\301\316\3059\225"
 173      48532DC8 
 173      E033BAF9 
 173      F2C1CEC5 
 173      3995
 174 027a 1BF866E8 		.ascii	"\033\370f\350\367>\305\241\0121N\025$\037Q9\352F\250"
 174      F73EC5A1 
 174      0A314E15 
 174      241F5139 
 174      EA46A8
 175 028d 0C75816D 		.ascii	"\014u\201mW\320\002\222\200\233\2072f\341\243\230\232"
 175      57D00292 
 175      809B8732 
 175      66E1A398 
 175      9A
 176 029e D5527F73 		.ascii	"\325R\177s\334I \273Z\344\221\316\227\257\343I\310\011"
 176      DC4920BB 
 176      5AE491CE 
 176      97AFE349 
 176      C809
 177 02b0 55B54855 		.ascii	"U\265HU-\247\252\241T]\303Ok\334q\036\243\262\226V\366"
 177      2DA7AAA1 
 177      545DC34F 
 177      6BDC711E 
 177      A3B29656 
 178 02c5 79025537 		.ascii	"y\002U7\244N\327\370{w\363\356\363\311n\314\250Z\221"
 178      A44ED7F8 
 178      7B77F3EE 
 178      F3C96ECC 
 178      A85A91
 179 02d8 A9565824 		.ascii	"\251VX$\250\2162\244\024Vm\301\370\027\306P_\360\264"
 179      A88E32A4 
 179      14566DC1 
 179      F817C650 
 179      5FF0B4
 180 02eb 11090C55 		.ascii	"\021\011\014U\311\370B\335\206\362\217\031A\275HPo#"
 180      C9F842DD 
 180      86F28F19 
 180      41BD4850 
 180      6F23
 181 02fd 68A00407 		.ascii	"h\240\004\007n\364\036\341p\206\222\022\324\034/\250"
 181      6EF41EE1 
 181      70869212 
 181      D41C2FA8 
ARM GAS  /var/folders/qd/4mxf5pkd0zdf0b9dd1hp39180000gn/T//ccDsArTO.s 			page 14


 182 030d 404A8E25 		.ascii	"@J\216%'q\030\2645\214e\227)\247\332\232\020m|r\251"
 182      277118B4 
 182      358C6597 
 182      29A7DA9A 
 182      106D7C72 
 183 0322 730F37A3 		.ascii	"s\0177\243\277\257Q\177_E\202\303\217\236=x\312C0\253"
 183      BFAF517F 
 183      5F4582C3 
 183      8F9E3D78 
 183      CA4330AB 
 184 0336 612BFEA1 		.ascii	"a+\376\241\212\232\005 \324(\232\325h3\253\231\232U"
 184      8A9A0520 
 184      D4289AD5 
 184      6833AB99 
 184      9A55
 185 0348 D8B3BBCC 		.ascii	"\330\263\273\314\225\205\373\016\341H/yV\357\304t\027"
 185      9585FB0E 
 185      E1482F79 
 185      56EFC474 
 185      17
 186 0359 F2FAF1A9 		.ascii	"\362\372\361\251BO\026\376r\032\206\201\314$\017\366"
 186      424F16FE 
 186      721A8681 
 186      CC240FF6 
 187 0369 BA99E855 		.ascii	"\272\231\350U\267j\206\225\270\203\315j\2375?\324\015"
 187      B76A8695 
 187      B883CD6A 
 187      9F353FD4 
 187      0D
 188 037a D66EE2BF 		.ascii	"\326n\342\277\265v\241Cc\343D\223\023\356c\2757])\250"
 188      B576A143 
 188      63E34493 
 188      13EE63BD 
 188      375D29A8 
 189 038e 16B69F5A 		.ascii	"\026\266\237Z\242\357*\256*q\307\003\354e_jo\225\012"
 189      A2EF2AAE 
 189      2A71C703 
 189      EC655F6A 
 189      6F950A
 190 03a1 3F648ACD 		.ascii	"?d\212\315(o\301\250\037\333\237\203\263\207\330\313"
 190      286FC1A8 
 190      1FDB9F83 
 190      B387D8CB 
 191 03b1 92C2D26A 		.ascii	"\222\302\322ja\002\201\222\374\365f\371{~\240\256\332"
 191      61028192 
 191      FCF566F9 
 191      7B7EA0AE 
 191      DA
 192 03c2 8DCD8747 		.ascii	"\215\315\207G\240_\264\336}\037?c=+G\362\262\205\271"
 192      A05FB4DE 
 192      7D1F3F63 
 192      3D2B47F2 
 192      B285B9
 193 03d5 6150BBB7 		.ascii	"aP\273\267WM\316\"\323\341\331tH\273mB\012\324K\366"
 193      574DCE22 
 193      D3E1D974 
 193      48BB6D42 
ARM GAS  /var/folders/qd/4mxf5pkd0zdf0b9dd1hp39180000gn/T//ccDsArTO.s 			page 15


 193      0AD44BF6 
 194 03e9 16A49E87 		.ascii	"\026\244\236\207z\330T\236o\317[\346\275\235\306\011"
 194      7AD8549E 
 194      6FCF5BE6 
 194      BD9DC609 
 195 03f9 525C4963 		.ascii	"R\\Ic\330\005\350N\212\356C\336\266>\004\274\266'\253"
 195      D805E84E 
 195      8AEE43DE 
 195      B63E04BC 
 195      B627AB
 196 040c D34B8ABE 		.ascii	"\323K\212\276\365k\350\334#Y{\335\36083\362\300\323"
 196      F56BE8DC 
 196      23597BDD 
 196      F03833F2 
 196      C0D3
 197 041e 8E9F8578 		.ascii	"\216\237\205x\371\201zl\264$\321\005\277b\357v^:\324"
 197      F9817A6C 
 197      B424D105 
 197      BF62EF76 
 197      5E3AD4
 198 0431 E48C7927 		.ascii	"\344\214y'\252\330\266oo\272}\243u\267\227\342$\366"
 198      AAD8B66F 
 198      6FBA7DA3 
 198      75B797E2 
 198      24F6
 199 0443 A62C6D47 		.ascii	"\246,mG\007\302\311Ly\234t\257[\360\317\\Pw7<\\\210"
 199      07C2C94C 
 199      799C74AF 
 199      5BF0CF5C 
 199      5077373C 
 200 0459 B7B0576F 		.ascii	"\267\260Woj\253\026\342\235\354\271\372\374\361l\204"
 200      6AAB16E2 
 200      9DECB9FA 
 200      FCF16C84 
 201 0469 F7336524 		.ascii	"\3673e$\275\372\241\033>\304\224\014\353\301\013.8\203"
 201      BDFAA11B 
 201      3EC4940C 
 201      EBC10B2E 
 201      3883
 202 047b 29C7C6F7 		.ascii	")\307\306\367\034\363\300YL\271Qt3\331\035\237dJr~\376"
 202      1CF3C059 
 202      4CB95174 
 202      33D91D9F 
 202      644A727E 
 203 0490 3E779CCB 		.ascii	">w\234\313\224u%\255i\302\036\323M\364\376\254\376\014"
 203      947525AD 
 203      69C21ED3 
 203      4DF4FEAC 
 203      FE0C
 204 04a2 57212A2A 		.ascii	"W!**\320S\255\215c\010\237e\340\264\341\221\235\252"
 204      D053AD8D 
 204      63089F65 
 204      E0B4E191 
 204      9DAA
 205 04b4 19E3306E 		.ascii	"\031\3430n\213C \015Ca\301\221!\027y\034Z\000m\245\350"
 205      8B43200D 
 205      4361C191 
ARM GAS  /var/folders/qd/4mxf5pkd0zdf0b9dd1hp39180000gn/T//ccDsArTO.s 			page 16


 205      2117791C 
 205      5A006DA5 
 206 04c9 17D4B3E3 		.ascii	"\027\324\263\3436\317^\276|\3615\222\307a&\364[\345"
 206      36CF5EBE 
 206      7CF13592 
 206      C76126F4 
 206      5BE5
 207 04db 1B33D6BB 		.ascii	"\0333\326\273#_v\371\370\332.?\362s\230OJ\344\313's"
 207      235F76F9 
 207      F8DA2E3F 
 207      F273984F 
 207      4AE4CB27 
 208 04f0 715BCED6 		.ascii	"q[\316\326-|F%\242T\203\260\354\326q>\342:\030\240\274"
 208      2D7C4625 
 208      A25483B0 
 208      ECD6713E 
 208      E23A18A0 
 209 0505 45E457C1 		.ascii	"E\344W\301\272<0\302V\226\204)\374\261\034\376\210\302"
 209      BA3C30C2 
 209      56968429 
 209      FCB11CFE 
 209      88C2
 210 0517 834474BD 		.ascii	"\203Dt\275\004=\"G[\355\320k\371\362\336\330\265\024"
 210      043D2247 
 210      5BEDD06B 
 210      F9F2DED8 
 210      B514
 211 0529 DD8FBC61 		.ascii	"\335\217\274aCdh[\226\301A(7\305*!\177\342\230\\\012"
 211      4364685B 
 211      96C14128 
 211      37C52A21 
 211      7FE2985C 
 212 053e 6F93C087 		.ascii	"o\223\300\207\345\360N\271\345/cEt\253\034}GB\236&D"
 212      E5F04EB9 
 212      E52F6345 
 212      74AB1C7D 
 212      47429E26 
 213 0553 83875D0D 		.ascii	"\203\207]\015\215\002\3429}I\360\260}\240\315\234\037"
 213      8D02E239 
 213      7D49F0B0 
 213      7DA0CD9C 
 213      1F
 214 0564 DAC0F9A2 		.ascii	"\332\300\371\242D\220\327\310\027M\202\360\360\274\025"
 214      4490D7C8 
 214      174D82F0 
 214      F0BC15
 215 0573 E4153C27 		.ascii	"\344\025<'\301=\031d#\310v\220\011h\333\006\3677pO\205"
 215      C13D1964 
 215      23C87690 
 215      0968DB06 
 215      F737704F 
 216 0588 FB7A90B5 		.ascii	"\373z\220\265 [@R@6q\276t;dVVJ\346\364Tn\245Z\356\201"
 216      205B4052 
 216      403671BE 
 216      743B6456 
 216      564AE6F4 
 217 05a2 1109FA17 		.ascii	"\021\011\372\027\307\261\263\203K\\\320\346\330\005"
ARM GAS  /var/folders/qd/4mxf5pkd0zdf0b9dd1hp39180000gn/T//ccDsArTO.s 			page 17


 217      C7B1B383 
 217      4B5CD0E6 
 217      D805
 218 05b0 52877D2D 		.ascii	"R\207}-\242\23794E\002\256\224P?\220\203\177\236f\311"
 218      A29F3934 
 218      4502AE94 
 218      503F9083 
 218      7F9E66C9 
 219 05c4 4B89E10F 		.ascii	"K\211\341\017\035\303\245Ig\022\3217\345\350\033\323"
 219      1DC3A549 
 219      6712D137 
 219      E5E81BD3 
 220 05d4 335A62CB 		.ascii	"3Zb\313]9\274\335\036\016\371i5\261$}\011I:&\300mK\020"
 220      5D39BCDD 
 220      1E0EF969 
 220      35B1247D 
 220      09493A26 
 221 05ec 5D176D61 		.ascii	"]\027ma\245\336\350C\357\265\220\032\004\245\020N41"
 221      A5DEE843 
 221      EFB5901A 
 221      04A5104E 
 221      3431
 222 05fe 7AD58FBD 		.ascii	"z\325\217\275\217$\362\265\201t\350\333\216-\225\314"
 222      8F24F2B5 
 222      8174E8DB 
 222      8E2D95CC 
 223 060e AB57E285 		.ascii	"\253W\342\205!\307\011l\227\357\222y\335\223\303;\246"
 223      21C7096C 
 223      97EF9279 
 223      DD93C33B 
 223      A6
 224 061f 394D82BE 		.ascii	"9M\202\276\357x\033\240hR\3167\336:\356\205\037\320"
 224      EF781BA0 
 224      6852CE37 
 224      DE3AEE85 
 224      1FD0
 225 0631 DD8E2B48 		.ascii	"\335\216+Hn==\013\371\371\260\351v>VA\311\216vB\347"
 225      6E3D3D0B 
 225      F9F9B0E9 
 225      763E5641 
 225      C98E7642 
 226 0646 346EEA08 		.ascii	"4n\352\010'\223\237a\241\240\035\260>\376\327k\205T"
 226      27939F61 
 226      A1A01DB0 
 226      3EFED76B 
 226      8554
 227 0658 D3659985 		.ascii	"\323e\231\205J\217\324\251:\235\232(\356\312\2738\017"
 227      4A8FD4A9 
 227      3A9D9A28 
 227      EECABB38 
 227      0F
 228 0669 5A63C09D 		.ascii	"Zc\300\235T\235\343\027_z\340Q:A\345\351\304\223\303"
 228      549DE317 
 228      5F7AE051 
 228      3A41E5E9 
 228      C493C3
 229 067c 4AE4370F 		.ascii	"J\3447\017\001\030\271\035\263}\226(\320~\316\015\355"
ARM GAS  /var/folders/qd/4mxf5pkd0zdf0b9dd1hp39180000gn/T//ccDsArTO.s 			page 18


 229      0118B91D 
 229      B37D9628 
 229      D07ECE0D 
 229      ED
 230 068d E6B0ED3B 		.ascii	"\346\260\355;'\235\207-\177\370{\322\014\317.\364N\277"
 230      279D872D 
 230      7FF87BD2 
 230      0CCF2EF4 
 230      4EBF
 231 069f 0BF8233C 		.ascii	"\013\370#<\236\253@\213\350\226\217\366\300\034\311"
 231      9EAB408B 
 231      E8968FF6 
 231      C01CC9
 232 06ae 2B05DAC7 		.ascii	"+\005\332\307\315C{\271y\354|y<\241\024\367uD\271\305"
 232      CD437BB9 
 232      79EC7C79 
 232      3CA114F7 
 232      7544B9C5 
 233 06c2 B2299D13 		.ascii	"\262)\235\023\367u\242\220\023h\"\247X8-\311\001T\326"
 233      F775A290 
 233      136822A7 
 233      58382DC9 
 233      0154D6
 234 06d5 9854EA3E 		.ascii	"\230T\352>\343\231s\220\023\316\234\003l\270g\251\353"
 234      E3997390 
 234      13CE9C03 
 234      6CB867A9 
 234      EB
 235 06e6 C784CAC5 		.ascii	"\307\204\312\305\031\324\343\003\007\267z\260\323\354"
 235      19D4E303 
 235      07B77AB0 
 235      D3EC
 236 06f4 3D504FF5 		.ascii	"=PO\365\356j@rc~\000c\017q\204\354Gj\014\245\244\012"
 236      EE6A4072 
 236      637E0063 
 236      0F7184EC 
 236      476A0CA5 
 237 070a A9675E4D 		.ascii	"\251g^M\354\367\222:\227T\226\342\360\031\202s3\250"
 237      ECF7923A 
 237      975496E2 
 237      F0198273 
 237      33A8
 238 071c 7307B3F9 		.ascii	"s\007\263\3711/<\301\316\3123\343\335\211nP\001\226"
 238      312F3CC1 
 238      CECA33E3 
 238      DD896E50 
 238      0196
 239 072e 43953C56 		.ascii	"C\225<V\207Om\333\004\207\321Z\376}F\221)\246P&'\253"
 239      874F6DDB 
 239      0487D15A 
 239      FE7D4691 
 239      29A65026 
 240 0744 930F73A4 		.ascii	"\223\017s\244\032\034\036mH\3038WE\311\006zr\317(\005"
 240      1A1C1E6D 
 240      48C33857 
 240      45C9067A 
 240      72CF2805 
ARM GAS  /var/folders/qd/4mxf5pkd0zdf0b9dd1hp39180000gn/T//ccDsArTO.s 			page 19


 241 0758 32A87253 		.ascii	"2\250rS\233h\375\236\261\202U\272GD\262#r\262\243\224"
 241      9B68FD9E 
 241      B18255BA 
 241      4744B223 
 241      72B2A394 
 242 076c AC6AF456 		.ascii	"\254j\364V\2163.cd\255M%N\002W\373\270\357\304O<\017"
 242      8E332E63 
 242      64AD4D25 
 242      4E0257FB 
 242      B8EFC44F 
 243 0782 5F6C954A 		.ascii	"_l\225JJ\225%Re\311\251\216Q\252cc\343\233\274\260\225"
 243      4A952552 
 243      65C9A98E 
 243      51AA6363 
 243      E39BBCB0 
 244 0797 513D193B 		.ascii	"Q=\031;\353*P\365\232\331\207@&\373\020\310\026\211"
 244      EB2A50F5 
 244      9AD98740 
 244      26FB10C8 
 244      1689
 245 07a9 B2E544C7 		.ascii	"\262\345D\307)\321\355\201\312\225\370.\3439\231\363"
 245      29D1ED81 
 245      CA95F82E 
 245      E33999F3 
 246 07b9 431EAC3B 		.ascii	"C\036\254;\246l\252\254:\250\202\352\033\235\244)8C"
 246      A66CAAAC 
 246      3AA882EA 
 246      1B9DA429 
 246      3843
 247 07cb 8DBEB7E5 		.ascii	"\215\276\267\345p"
 247      70
 248 07d0 B1E78CE5 		.ascii	"\261\347\214\345x\016G\312\361\323\234P\216\037xR\266"
 248      780E47CA 
 248      F1D39C50 
 248      8E1F7852 
 248      B6
 249 07e1 DF66684D 		.ascii	"\337fhM\027\256\315\357oY\313\317Iz\207\340\320\011"
 249      17AECDEF 
 249      6F59CBCF 
 249      497A87E0 
 249      D009
 250 07f3 9BA9E814 		.ascii	"\233\251\350\024\247$\232\275\265\271\324\332\361\347"
 250      A7249ABD 
 250      B5B9D4DA 
 250      F1E7
 251 0801 15152E38 		.ascii	"\025\025.8\313\231ZXZpg\233\253\030\333\242\374\274"
 251      CB995A58 
 251      5A70679B 
 251      AB18DBA2 
 251      FCBC
 252 0813 EB84CE95 		.ascii	"\353\204\316\225\316\374\2148\3633r\256<\312u\370N\353"
 252      CEFC8C38 
 252      F33372AE 
 252      3CCA75F8 
 252      4EEB
 253 0825 59152E62 		.ascii	"Y\025.b\\\303\231\017\207l\\#\377\260\363a\276\310\224"
 253      5CC3990F 
ARM GAS  /var/folders/qd/4mxf5pkd0zdf0b9dd1hp39180000gn/T//ccDsArTO.s 			page 20


 253      876C5C23 
 253      FFB0F361 
 253      BEC894
 254 0838 2F673A4B 		.ascii	"/g:K\231ve\325\244(\361U\306\324}n\350\246\207\230$"
 254      997665D5 
 254      A428F155 
 254      C6D47D6E 
 254      E8A68798 
 255 084d B9F64972 		.ascii	"\271\366IrN$;''\373\211\222\325\365\347Tz\341\036F\226"
 255      4E243B27 
 255      27FB8992 
 255      D5F5E754 
 255      7AE11E46 
 256 0862 DBBB7B44 		.ascii	"\333\273{D\314\222\300WvYR r\025\310\271\316S\256\356"
 256      CC92C057 
 256      76595220 
 256      7215C8B9 
 256      CE53AEEE 
 257 0876 1F07777A 		.ascii	"\037\007wz\342Q\306\265\277\356A\276m)X\327\330M\261"
 257      E251C6B5 
 257      BFEE41BE 
 257      6D2958D7 
 257      D84DB1
 258 0889 50642A94 		.ascii	"Pd*\2243]\240L\015\2672s\235\360:\027\312\3244\230o"
 258      335DA04C 
 258      0DB73273 
 258      9DF03A17 
 258      CAD43498 
 259 089e 75C6C94C 		.ascii	"u\306\311L\331[\324;\354\205\2673%\255\352\371Sw\274"
 259      D95BD43B 
 259      EC85B733 
 259      25ADEAF9 
 259      5377BC
 260 08b1 4B80A5EC 		.ascii	"K\200\245\354\200\355k?S\2364W\245\272\342L\246\244"
 260      80ED6B3F 
 260      539E3457 
 260      A5BAE24C 
 260      A6A4
 261 08c3 56B46E70 		.ascii	"V\264np\305'\230\222y\277h\347,\234\307\224\322\366"
 261      C5279892 
 261      79BF68E7 
 261      2C9CC794 
 261      D2F6
 262 08d5 02352E62 		.ascii	"\0025.b\317'\212\266\3648\341J\246\364\025&\215*q5S"
 262      CF278AB6 
 262      F438E14A 
 262      A6F41526 
 262      8D2A7135 
 263 08ea 9A8BBBEF 		.ascii	"\232\213\273\357y\341\006\246\334n\356]\301\366\232"
 263      79E106A6 
 263      DC6EEE5D 
 263      C1F69A
 264 08f9 C5A08D9D 		.ascii	"\305\240\215\235\237h\027\376I\223A>Z\306\367\255\207"
 264      9F6817FE 
 264      4993413E 
 264      5AC6F7AD 
 264      87
ARM GAS  /var/folders/qd/4mxf5pkd0zdf0b9dd1hp39180000gn/T//ccDsArTO.s 			page 21


 265 090a 3AFD2A85 		.ascii	":\375*\205\316\342\233\267f\"\344+^>~\266Ju0\335iK\376"
 265      CEE29BB7 
 265      6622E42B 
 265      5E3E7EB6 
 265      4A7530DD 
 266 0921 5148A0A3 		.ascii	"QH\240\243s\351\021u\021\\\322\362\353\345K[2\026\217"
 266      73E91175 
 266      115CD2F2 
 266      EBE54B5B 
 266      32168F
 267 0934 B432397E 		.ascii	"\26429~\372yiM\221\340k\344\370\351\007\246\024^$\207"
 267      FA79694D 
 267      91E06BE4 
 267      F8E907A6 
 267      145E2487 
 268 0948 4F2F9C5F 		.ascii	"O/\234_~/\302\253\344\360\351\245\232\004}\331!Zj\212"
 268      7E2FC2AB 
 268      E4F0E9A5 
 268      9A047DD9 
 268      215A6A8A 
 269 095c 74A61572 		.ascii	"t\246\025r\364\364J\270W\212\277\344\330\223\022\372"
 269      F4F44AB8 
 269      578ABFE4 
 269      D89312FA 
 270 096c 1129BC54 		.ascii	"\021)\274T\016\237V~Y\245\360r\307~\227\326\215Rx\211"
 270      0E9F567E 
 270      59A5F072 
 270      C77E97D6 
 270      8D527889 
 271 0980 63760795 		.ascii	"cv\007\225v5\034HW\350\201\324\"T\0177\340dm\202S\277"
 271      76351C48 
 271      57E881D4 
 271      22540F37 
 271      E0646D82 
 272 0996 11E416C8 		.ascii	"\021\344\026\310U\220\353 u \327@jA\232A\254 7A\032"
 272      5590EB20 
 272      7520D740 
 272      6A419A41 
 272      AC203741 
 273 09ab 40EA850A 		.ascii	"@\352\205\012\201U/\003\223\254XkqX\254\245\340\023"
 273      81552F03 
 273      93AC586B 
 273      7158ACA5 
 273      E013
 274 09bd B0BE5354 		.ascii	"\260\276ST\324\320b\307\001\227\226\270\322yU:\016\212"
 274      D4D062C7 
 274      019796B8 
 274      D279553A 
 274      0E8A
 275 09cf ADA27A7E 		.ascii	"\255\242z~\372t\207;~EW\001w\242\244\270\307\005\371"
 275      FA74873B 
 275      7E455701 
 275      77A2A4B8 
 275      C705F9
 276 09e2 F8399C2E 		.ascii	"\3709\234.j\205Y\376\367f\334\231\202\023\311\214\357"
 276      6A8559FE 
 276      F766DC99 
ARM GAS  /var/folders/qd/4mxf5pkd0zdf0b9dd1hp39180000gn/T//ccDsArTO.s 			page 22


 276      8213C98C 
 276      EF
 277 09f3 00E36D71 		.ascii	"\000\343mq\227i\241\005\033Y\311\003\331\023\256\322"
 277      9769A105 
 277      1B59C903 
 277      D913AED2 
 278 0a03 93FD8E5D 		.ascii	"\223\375\216]\331\324&\234\354m\364d\177a\335\272\336"
 278      D9D4269C 
 278      EC6DF464 
 278      7F61DDBA 
 278      DE
 279 0a14 0927BBD2 		.ascii	"\011'\273\322e_\325\221\227\347\202\2671\345u\177Y\267"
 279      655FD591 
 279      97E782B7 
 279      31E5757F 
 279      59B7
 280 0a26 2BDE4315 		.ascii	"+\336C\025U\322\310\216Dg\272\312\375|\004\327\266{"
 280      55D2C88E 
 280      4467BACA 
 280      FD7C04D7 
 280      B67B
 281 0a38 1F9EAA83 		.ascii	"\037\236\252\203\357\202\031}\277\226\355m\237\213~"
 281      EF82197D 
 281      BF96ED6D 
 281      9F8B7E
 282 0a47 ED9083A7 		.ascii	"\355\220\203\247'{\375\347\366+i:\267\335& A\267;&\227"
 282      277BFDE7 
 282      F62B693A 
 282      B7DD2620 
 282      41B73B26 
 283 0a5c 56F76D2C 		.ascii	"V\367m,a\372\354\023\306.r\222\177\223\010a\353\205"
 283      61FAEC13 
 283      C62E7292 
 283      7F930861 
 283      EB85
 284 0a6e B0754228 		.ascii	"\260uB(\272Az@\272\3042u_\377k\370\360=D\035\305\345"
 284      BA417A40 
 284      BAC43275 
 284      5FFF6BF8 
 284      F03D441D 
 285 0a84 EEAB3DE9 		.ascii	"\356\253=\351.O\204\251\357\341\001`\371W\214BZ\267"
 285      2E4F84A9 
 285      EFE10160 
 285      F9578C42 
 285      5AB7
 286 0a96 2B49517E 		.ascii	"+IQ~\017\300\375b\214\373l1.=4\271\336.\306\367\354"
 286      0FC0FD62 
 286      8CFB6C31 
 286      2E3D34B9 
 286      DE2EC6F7 
 287 0aab 623C28C4 		.ascii	"b<(\304x\220\3068}]^\257J\012\276fW\352\335\027\300"
 287      7890C638 
 287      7D5D5EAF 
 287      4A0ABE66 
 287      57EADD17 
 288 0ac0 E41E1010 		.ascii	"\344\036\020\020\240f\177\346\004ut\224Q\035g\216\267"
 288      A0667FE6 
ARM GAS  /var/folders/qd/4mxf5pkd0zdf0b9dd1hp39180000gn/T//ccDsArTO.s 			page 23


 288      04757494 
 288      511D678E 
 288      B7
 289 0ad1 24A82322 		.ascii	"$\250#\"\303\027\005\253?\370 D\035\031\026\376m\220"
 289      C31705AB 
 289      3FF82044 
 289      1D1916FE 
 289      6D90
 290 0ae3 3AC1A233 		.ascii	":\301\2423\032W\006\350]\226\177\370\311|MP\220\302"
 290      1A5706E8 
 290      5D967FF8 
 290      C97C4D50 
 290      90C2
 291 0af5 4DA75B1D 		.ascii	"M\247[\035c\262,\012\326Yv \365\222\2708c\214>\312\022"
 291      63B22C0A 
 291      D6597620 
 291      F592B838 
 291      638C3ECA 
 292 0b0a 633625A8 		.ascii	"c6%\250C\365\306\230\270\004\203\316\340\037\267Z\377"
 292      43F5C698 
 292      B80483CE 
 292      E01FB75A 
 292      FF
 293 0b1b 75704054 		.ascii	"up@T\\\234Zc6Y\014&\313\264\227\352H\263\331\230\240"
 293      5C9C5A63 
 293      36590C26 
 293      CBB497EA 
 293      48B3D998 
 294 0b30 FE4AAFF7 		.ascii	"\376J\257\367\217\212\217\3657\231M\006\177C\324\227"
 294      8F8A8FF5 
 294      37994D06 
 294      7F43D497 
 295 0b40 31FEEFFA 		.ascii	"1\376\357\372\007\007\006\275\353\377\315b\377\330\250"
 295      070706BD 
 295      EBFFCD62 
 295      FFD8A8
 296 0b4f BF99E3D5 		.ascii	"\277\231\343\325vo\3251&\275q\365J\203:6J\037\035c2"
 296      766FD531 
 296      26BD71F5 
 296      4A833A36 
 296      4A1F1D63 
 297 0b64 A8752B0D 		.ascii	"\250u+\015\253\242V\033-:\313\2328CB@\264\302\305f\334"
 297      ABA2561B 
 297      2D3ACB9A 
 297      38434240 
 297      B4C2C566 
 298 0b79 C6FF9F71 		.ascii	"\306\377\237q\011k\022\324\272\004\313J\260\204X\364"
 298      096B12D4 
 298      BA04CB4A 
 298      B08458F4 
 299 0b89 1783DE62 		.ascii	"\027\203\336b\216_\032\250\376\317<\256pgO\272\030S"
 299      8E5F1AA8 
 299      FECF3CAE 
 299      70674FBA 
 299      1853
 300 0b9b 8CC55B47 		.ascii	"\214\305[G\300\272\230\370ot\206\270\030\243\371\253"
 300      C0BA98F8 
ARM GAS  /var/folders/qd/4mxf5pkd0zdf0b9dd1hp39180000gn/T//ccDsArTO.s 			page 24


 300      6F7486B8 
 300      18A3F9AB 
 301 0bab D58677A4 		.ascii	"\325\206w\244t\361\026\201m\2116\\\023\376\235Z\037"
 301      74F11681 
 301      6D89365C 
 301      13FE9D5A 
 301      1F
 302 0bbc AD37C71B 		.ascii	"\2557\307\033t\337\276\033\013\026x\353\243#\326$D\306"
 302      74DFBE1B 
 302      0B1678EB 
 302      A323D624 
 302      44C6
 303 0bce C41AE257 		.ascii	"\304\032\342WD\231V\032\015\361ao\313:\333L\327G\203"
 303      4499561A 
 303      0DF1616F 
 303      CB3ADB4C 
 303      D74783
 304 0be1 F1D065B6 		.ascii	"\361\320e\266\351\333\030}\250)\352K\243\201\231\377"
 304      E9DB187D 
 304      A829EA4B 
 304      A38199FF 
 305 0bf1 7BC7C6EB 		.ascii	"{\307\306\353\315\261\261f\223mT\322\011:;i4\341\332"
 305      CDB1B166 
 305      936D54D2 
 305      093A3B69 
 305      34E1DA
 306 0c04 45DC475A 		.ascii	"E\334GZeH\370\022-\016\321h\225KC\"\265X\243\321b-\310"
 306      6548F812 
 306      2D0ED168 
 306      954B4322 
 306      B558A3D1 
 307 0c1b 12AD167F 		.ascii	"\022\255\026\177\034\241\301\232\017#\225\032M\250\226"
 307      1CA1C19A 
 307      0F23951A 
 307      4DA896
 308 0c2a E283E96F 		.ascii	"\342\203\351o\020\016]\256\345\"\240gX\250V\031\021"
 308      100E5DAE 
 308      E522A067 
 308      58A85619 
 308      11
 309 0c3b 0E688D36 		.ascii	"\016h\2156\030$\010\220\237j\203\377]\027\306\222\024"
 309      18240890 
 309      9F6A83FF 
 309      5D17C692 
 309      14
 310 0c4c 88219377 		.ascii	"\210!\223w\237Rt\026\245>:*\336\333\234\020e\004\177"
 310      9F527416 
 310      A53E3A2A 
 310      DEDB9C10 
 310      65047F
 311 0c5f 7C60D67F 		.ascii	"|`\326\177\275,\336\034\033\026\241}[NK \304-\344N\274"
 311      BD2CDE1C 
 311      1B16A17D 
 311      5B4E4B20 
 311      C42DE44E 
 312 0c74 411D28E9 		.ascii	"A\035(\351\340M\243a\204\006\335*h\321\305$\304\273"
 312      E04DA361 
ARM GAS  /var/folders/qd/4mxf5pkd0zdf0b9dd1hp39180000gn/T//ccDsArTO.s 			page 25


 312      8406DD2A 
 312      68D1C524 
 312      C4BB
 313 0c86 4E3579EA 		.ascii	"N5y\352t\011\006\213n\351\222\210\320\217\265a\236Q"
 313      7409068B 
 313      6EE99288 
 313      D08FB561 
 313      9E51
 314 0c98 C6BF47AD 		.ascii	"\306\277G\255I\200(\032!a\377 \035\311\360\235E\255"
 314      4980281A 
 314      2161FF20 
 314      1DC9F09D 
 314      45AD
 315 0caa 098F088B 		.ascii	"\011\217\010\213\020\335O\202\246\217]\266\332D\374"
 315      10DD4F82 
 315      A68F5DB6 
 315      DA44FC
 316 0cb9 E84386FF 		.ascii	"\350C\206\377\310>ps\004\353?1\031%\346P\373\354\232"
 316      C83E7073 
 316      04EB3F31 
 316      1925E650 
 316      FBEC9A
 317 0ccc E6507356 		.ascii	"\346PsV\233\354lt\2274:i\226-\327\006;/Y\261T\033Ab"
 317      9BEC6C74 
 317      97343A69 
 317      962DD706 
 317      3B2F59B1 
 318 0ce4 134182A4 		.ascii	"\023A\202\244\321:/\371xiP\350\207\364\036\014w\025"
 318      D13A2FF9 
 318      786950E8 
 318      87F41E0C 
 318      7715
 319 0cf6 00E0E642 		.ascii	"\000\340\346B\232\011\220<\004\263\036aZ%\341\3404Z"
 319      9A09903C 
 319      04B31E61 
 319      5A25E1E0 
 319      345A
 320 0d08 CAB568A1 		.ascii	"\312\265h\241\343\271ED\262x\254Z\024\270\350;2-w\255"
 320      E3B94544 
 320      B278AC5A 
 320      14B8E83B 
 320      322D77AD 
 321 0d1c 46A38B84 		.ascii	"F\243\213\204\365\032bX\245\"\274\313>S\205\205h>\012"
 321      F51A6258 
 321      A522BCCB 
 321      3E538585 
 321      683E0A
 322 0d2f 09255AF0 		.ascii	"\011%Z\360\262\317\274B\226.\017\327|b\303\374\023\373"
 322      B2CFBC42 
 322      962E0FD7 
 322      7C62C3FC 
 322      13FB
 323 0d41 6A62E2   		.ascii	"jb\342"
 324              		.text
 325              		.section	.gnu.lto_.symtab.60ba15ab2924e455,"",%progbits
 326 0000 56656374 		.ascii	"VectorB0\000"
 326      6F724230 
ARM GAS  /var/folders/qd/4mxf5pkd0zdf0b9dd1hp39180000gn/T//ccDsArTO.s 			page 26


 326      00
 327 0009 00       		.ascii	"\000"
 328 000a 00       		.ascii	"\000"
 329 000b 00       		.ascii	"\000"
 330 000c 00000000 		.ascii	"\000\000\000\000\000\000\000\000"
 330      00000000 
 331 0014 C5000000 		.ascii	"\305\000\000\000"
 332 0018 73745F6C 		.ascii	"st_lld_init\000"
 332      6C645F69 
 332      6E697400 
 333 0024 00       		.ascii	"\000"
 334 0025 00       		.ascii	"\000"
 335 0026 00       		.ascii	"\000"
 336 0027 00000000 		.ascii	"\000\000\000\000\000\000\000\000"
 336      00000000 
 337 002f C7000000 		.ascii	"\307\000\000\000"
 338 0033 5F706F72 		.ascii	"_port_irq_epilogue\000"
 338      745F6972 
 338      715F6570 
 338      696C6F67 
 338      756500
 339 0046 00       		.ascii	"\000"
 340 0047 02       		.ascii	"\002"
 341 0048 00       		.ascii	"\000"
 342 0049 00000000 		.ascii	"\000\000\000\000\000\000\000\000"
 342      00000000 
 343 0051 C9000000 		.ascii	"\311\000\000\000"
 344 0055 63685379 		.ascii	"chSysTimerHandlerI\000"
 344      7354696D 
 344      65724861 
 344      6E646C65 
 344      724900
 345 0068 00       		.ascii	"\000"
 346 0069 02       		.ascii	"\002"
 347 006a 00       		.ascii	"\000"
 348 006b 00000000 		.ascii	"\000\000\000\000\000\000\000\000"
 348      00000000 
 349 0073 CB000000 		.ascii	"\313\000\000\000"
 350 0077 6E766963 		.ascii	"nvicEnableVector\000"
 350      456E6162 
 350      6C655665 
 350      63746F72 
 350      00
 351 0088 00       		.ascii	"\000"
 352 0089 02       		.ascii	"\002"
 353 008a 00       		.ascii	"\000"
 354 008b 00000000 		.ascii	"\000\000\000\000\000\000\000\000"
 354      00000000 
 355 0093 D0000000 		.ascii	"\320\000\000\000"
 356              		.text
 357              		.section	.gnu.lto_.opts,"",%progbits
 358 0000 272D666D 		.ascii	"'-fmath-errno' '-fsigned-zeros' '-ftrapping-math' '"
 358      6174682D 
 358      6572726E 
 358      6F272027 
 358      2D667369 
 359 0033 2D666E6F 		.ascii	"-fno-trapv' '-fno-openmp' '-fno-openacc' '-mcpu=cor"
ARM GAS  /var/folders/qd/4mxf5pkd0zdf0b9dd1hp39180000gn/T//ccDsArTO.s 			page 27


 359      2D747261 
 359      70762720 
 359      272D666E 
 359      6F2D6F70 
 360 0066 7465782D 		.ascii	"tex-m4' '-mno-thumb-interwork' '-mthumb' '-O2' '-fo"
 360      6D342720 
 360      272D6D6E 
 360      6F2D7468 
 360      756D622D 
 361 0099 6D69742D 		.ascii	"mit-frame-pointer' '-falign-functions=16' '-ffuncti"
 361      6672616D 
 361      652D706F 
 361      696E7465 
 361      72272027 
 362 00cc 6F6E2D73 		.ascii	"on-sections' '-fdata-sections' '-fno-common' '-flto"
 362      65637469 
 362      6F6E7327 
 362      20272D66 
 362      64617461 
 363 00ff 2700     		.ascii	"'\000"
 364              		.text
 365              		.comm	__gnu_lto_v1,1,1
 366              		.comm	__gnu_lto_slim,1,1
 367              		.ident	"GCC: (GNU Tools for Arm Embedded Processors 7-2017-q4-major) 7.2.1 20170904 (release) [ARM
ARM GAS  /var/folders/qd/4mxf5pkd0zdf0b9dd1hp39180000gn/T//ccDsArTO.s 			page 28


DEFINED SYMBOLS
                            *ABS*:0000000000000000 st_lld.c
                            *COM*:0000000000000001 __gnu_lto_v1
                            *COM*:0000000000000001 __gnu_lto_slim

NO UNDEFINED SYMBOLS
