ARM GAS  /var/folders/qd/4mxf5pkd0zdf0b9dd1hp39180000gn/T//ccnJLjmw.s 			page 1


   1              		.cpu cortex-m4
   2              		.eabi_attribute 20, 1
   3              		.eabi_attribute 21, 1
   4              		.eabi_attribute 23, 3
   5              		.eabi_attribute 24, 1
   6              		.eabi_attribute 25, 1
   7              		.eabi_attribute 26, 1
   8              		.eabi_attribute 30, 2
   9              		.eabi_attribute 34, 1
  10              		.eabi_attribute 18, 4
  11              		.file	"main.c"
  12              		.section	.gnu.lto_.profile.8e7384e5367d83e8,"",%progbits
  13 0000 789C6363 		.ascii	"x\234cc```\001bF\206 i\000\0017\000y"
  13      60606001 
  13      62468620 
  13      69000137 
  13      0079
  14              		.text
  15              		.section	.gnu.lto_.icf.8e7384e5367d83e8,"",%progbits
  16 0000 789C6363 		.ascii	"x\234cc``Pc@\0006\206\035/\027\277\345g\332\373\360"
  16      60605063 
  16      40003686 
  16      1D2F17BF 
  16      E567DAFB 
  17 0015 5D3B2BF3 		.ascii	"];+\363\206\245\357\2371\263,\373t\373\010/\353\367"
  17      86A5EF9F 
  17      31B32CFB 
  17      74FB082F 
  17      EBF7
  18 0027 D63357F8 		.ascii	"\3263W\370\330\300\342\014\000\1779\023R"
  18      D8C0E20C 
  18      007F3913 
  18      52
  19              		.text
  20              		.section	.gnu.lto_.jmpfuncs.8e7384e5367d83e8,"",%progbits
  21 0000 789C658E 		.ascii	"x\234e\216\275\012\302@\020\204wn\017\243B\360\005\362"
  21      BD0AC240 
  21      1084776E 
  21      0FA342F0 
  21      05F2
  22 0012 0CFA88B1 		.ascii	"\014\372\210\261\320\312FA\202ED{K\177bR\005\261Hgc"
  22      D0CA4641 
  22      8245447B 
  22      4B7F6252 
  22      05B14867 
  23 0027 67636921 		.ascii	"gci!b\251E\210{\227\020\024\027\346\330\333\373\366"
  23      62A94588 
  23      7B971014 
  23      17E6D8DB 
  23      FBF6
  24 0039 661A44D4 		.ascii	"f\032D\324\003\325\305\004\271\205L\012S\306|6\311["
  24      03D5C504 
  24      B9854C0A 
  24      53C67C36 
  24      C95B
  25 004b 230E19B8 		.ascii	"#\016\031\2709X\303#\244ZZ9\014*\245\251$\217\317\354"
  25      3958C323 
ARM GAS  /var/folders/qd/4mxf5pkd0zdf0b9dd1hp39180000gn/T//ccnJLjmw.s 			page 2


  25      A45A5A39 
  25      0C2AA5A9 
  25      248FCFEC 
  26 005f AD4BF27A 		.ascii	"\255K\362zfl*Tz\313\266\015\023\307\367\213\343\347"
  26      666C2A54 
  26      7ACBB60D 
  26      13C7F78B 
  26      E3E7
  27 0071 FD66C86A 		.ascii	"\375f\310ji\266\261\205o1\022\275\212\242\350@\011\027"
  27      69B6B185 
  27      6F3112BD 
  27      8AA2E840 
  27      0917
  28 0083 0C0F27C7 		.ascii	"\014\017'\307\374\245@\330\301\263\222\371b\234\014"
  28      FCA540D8 
  28      C1B392F9 
  28      629C0C
  29 0092 5C336764 		.ascii	"\\3gd\012Qe\221)\353`\200\350\261\212\3342DJ\330W@J"
  29      0A516591 
  29      29EB6080 
  29      E8B18ADC 
  29      32444AD8 
  30 00a9 35F09540 		.ascii	"5\360\225@\0076A\374\225\240\370O \017H\304\335\010"
  30      073641FC 
  30      95A0F84F 
  30      200F48C4 
  30      DD08
  31 00bb 5DEF37AC 		.ascii	"]\3577\254\354\177\000\016\276S\277"
  31      EC7F000E 
  31      BE53BF
  32              		.text
  33              		.section	.gnu.lto_.inline.8e7384e5367d83e8,"",%progbits
  34 0000 789C6363 		.ascii	"x\234cc``Hb@\000f\006\006\316_\\\214\014L\\\017\336"
  34      60604862 
  34      40006606 
  34      06CE5F5C 
  34      8C0C4C5C 
  35 0016 A930B030 		.ascii	"\2510\26000\201\004\231\270\031\031\030\201R\354\022"
  35      30810499 
  35      B8191918 
  35      8152EC12 
  36 0026 40099605 		.ascii	"@\011\226\005\362\014l\013\344\301\022\214\\0\202\205"
  36      F20C6C0B 
  36      E4C1128C 
  36      5C308285 
  37 0036 41700A50 		.ascii	"Ap\012P\025\023\317\206\177h\332\330\370\031\030X\031"
  37      1513CF86 
  37      7F68DAD8 
  37      F8191858 
  37      19
  38 0047 E0AA1900 		.ascii	"\340\252\031\000\015\276\010!"
  38      0DBE0821 
  39              		.text
  40              		.section	.gnu.lto_.pureconst.8e7384e5367d83e8,"",%progbits
  41 0000 789C6363 		.ascii	"x\234cc``\340\000bf\006S\346]\214,\246\000\005]\001"
  41      6060E000 
  41      62660653 
ARM GAS  /var/folders/qd/4mxf5pkd0zdf0b9dd1hp39180000gn/T//ccnJLjmw.s 			page 3


  41      E65D8C2C 
  41      A600055D 
  42 0015 3E       		.ascii	">"
  43              		.text
  44              		.section	.gnu.lto_Thread1.8e7384e5367d83e8,"",%progbits
  45 0000 789C8D52 		.ascii	"x\234\215RML\023A\030\235\267\263\375\003)\030/&\366"
  45      4D4C1341 
  45      189DB7B3 
  45      FD032918 
  45      2F26F6
  46 0013 00898410 		.ascii	"\000\211\204\020\223\356\321\233\321\233gO^Im\200DJ"
  46      93EED19B 
  46      D19B674F 
  46      5E496D80 
  46      444A
  47 0025 52E0E0A9 		.ascii	"R\340\340\251\003m-\2121b\240\222f\325M\220\030\017"
  47      036D2D8A 
  47      3162A092 
  47      66D54D90 
  47      180F
  48 0037 06895029 		.ascii	"\006\211P)\026]\213\200\310\257\306\250\211h\010F\002"
  48      165D8B80 
  48      C8AFC6A8 
  48      89680846 
  48      02
  49 0048 CAA5E122 		.ascii	"\312\245\341\"\032\300ov\033B99igg\346{\363\336\367"
  49      1AC06F76 
  49      1B423939 
  49      696767E6 
  49      7BF3DEF7 
  50 005c DEAE9331 		.ascii	"\336\256\2231\326\315\031;K\317\323\364\207\203A\271"
  50      D6CD193B 
  50      4BCFD3F4 
  50      878341B9 
  51 006c B5C058BB 		.ascii	"\265\300X\273[\001\267\027\034\252\275P\355\223s`\021"
  51      5B01B717 
  51      1CAABD50 
  51      ED937360 
  51      11
  52 007d 85ABA089 		.ascii	"\205\253\240\211\025\306\015\336\303\221K\254e\224\332"
  52      15C60DDE 
  52      C3914BAC 
  52      6594DA
  53 008c 87828679 		.ascii	"\207\202\206yg\264\252]\304\217\353\204H\026Px\212Z"
  53      67B4AA5D 
  53      C48FEB84 
  53      48165078 
  53      8A5A
  54 009e 42BD8B3D 		.ascii	"B\275\213=\321y\027\3279\240\3226?\237\372\356\225["
  54      D17917D7 
  54      39A0D236 
  54      3F9FFAEE 
  54      955B
  55 00b0 0595B4FD 		.ascii	"\005\225\264\375%\272\306\301K\300h=p\363\367\220R3"
  55      25BAC6C1 
  55      4BC0683D 
  55      70F3F790 
ARM GAS  /var/folders/qd/4mxf5pkd0zdf0b9dd1hp39180000gn/T//ccnJLjmw.s 			page 4


  55      5233
  56 00c2 20448730 		.ascii	" D\2070\227p^\347\034ip\242\303\010|\030\206\217\321"
  56      97705EE7 
  56      1C6970A2 
  56      C3087C18 
  56      868FD1
  57 00d5 11C333D4 		.ascii	"\021\3033\324H\364\352\320no\231S\265\3450\012'\003"
  57      48F4EAD0 
  57      6E6F9953 
  57      B5E5300A 
  57      2703
  58 00e7 2D06DF3B 		.ascii	"-\006\337;L\261\273\227\020\346\362\003|ux@wTEN.\232"
  58      4CB1BB97 
  58      10E6F203 
  58      7C757840 
  58      7754454E 
  59 00fd 1C8C7512 		.ascii	"\034\214u\022\034\302d\327\270\302\0205\331\032\024"
  59      1CC264D7 
  59      B8C21035 
  59      D91A14
  60 010c C9D6B19A 		.ascii	"\311\326\261\232\376\010\356\265\372h\237\\\312{\252"
  60      FE08EEB5 
  60      FA689F5C 
  60      CA7BAA
  61 011b FBAD3ED6 		.ascii	"\373\255>\326\342<%\314X\245\316\235\310\0247cy\034"
  61      E23C25CC 
  61      58A5CE9D 
  61      C8143763 
  61      791C
  62 012d 4335DDD8 		.ascii	"C5\335\330\236\3751\246V\035\273/\372\010\350\222\034"
  62      9EFD31A6 
  62      561DBB2F 
  62      FA08E892 
  62      1C
  63 013e 8FF62636 		.ascii	"\217\366&6\312#;\242O\010\243\177K\321\271\033\317Q"
  63      CA233BA2 
  63      4F08A37F 
  63      4BD1B91B 
  63      CF51
  64 0150 65B79945 		.ascii	"e\267\231E\204\375D\307\330v6\333sb\337I\314\316q\251"
  64      84FD44C7 
  64      D87636DB 
  64      7362DF49 
  64      CCCE71A9 
  65 0164 4C725A86 		.ascii	"LrZ\206\222\034\007\215b\034N\274\220\0044\245\270\213"
  65      921C078D 
  65      621C4EBC 
  65      900434A5 
  65      B88B
  66 0176 4AC9786E 		.ascii	"J\311xn\321%\303\364X\310Lf\363\213\213D\335t`\310X"
  66      D125C3F4 
  66      58C84C66 
  66      F38B8B44 
  66      DD7460C8 
  67 018b E86C389A 		.ascii	"\350l8\232\277\3555p\017:\245l\"\202\227\262u*\244\247"
  67      BFED3570 
  67      0F3AA56C 
ARM GAS  /var/folders/qd/4mxf5pkd0zdf0b9dd1hp39180000gn/T//ccnJLjmw.s 			page 5


  67      228297B2 
  67      752AA4A7 
  68 019f 97FFBAB5 		.ascii	"\227\377\272\265\307Rue+\177\364\202\316K\361\012\006"
  68      C7527565 
  68      2B7FF482 
  68      CE4BF10A 
  68      06
  69 01b0 7A654024 		.ascii	"ze@$%1\177>E\343\212\2151B\024\037r\320z\251+\253\216"
  69      25317F3E 
  69      45E38A8D 
  69      3142141F 
  69      72D07AA9 
  70 01c7 0968D247 		.ascii	"\011h\322Gj\346\214\354\350`;\016\253\235ln~\312iK\037"
  70      6AE68CEC 
  70      E8603B0E 
  70      AB9D6C6E 
  70      7ECA694B 
  71 01dc A17EF1BA 		.ascii	"\241~\361\272\240\374!\361\371[i\2015\015\231\354\244"
  71      A0FC21F1 
  71      F95B6981 
  71      350D99EC 
  71      A4
  72 01ed A5AB1478 		.ascii	"\245\253\024x\247\240\025'\270\322\265\356+\216p\232"
  72      A7A01527 
  72      B8D2B5EE 
  72      2B8E709A 
  73 01fd 2264F40E 		.ascii	"\"d\364\0169\243\017\224\336\342&b\306\340)\253V\234"
  73      39A30F94 
  73      DEE22662 
  73      C6E029AB 
  73      569C
  74 020f 43599268 		.ascii	"CY\222h\031\336\020\236\012w\373\272w<\262A\025\353"
  74      19DE109E 
  74      0A77FBBA 
  74      773CB241 
  74      15EB
  75 0221 2ECCC0A7 		.ascii	".\314\300\247s\257\264\220\334\330\274(/\2478\016\332"
  75      73AFB490 
  75      DCD8BC28 
  75      2FA7380E 
  75      DA
  76 0232 283F9C6A 		.ascii	"(?\234j\271A\346\017\245Z\201YJ\365\255\364\2069\362"
  76      B941E60F 
  76      A55A8159 
  76      4AF5ADF4 
  76      8639F2
  77 0245 417CD1E4 		.ascii	"A|\321\344U\330t\212\3158\222\230\033*\221\214\025\000"
  77      55D8748A 
  77      CD389298 
  77      1B2A918C 
  77      1500
  78 0257 E6094A9A 		.ascii	"\346\011J\232\037\256[\230\377\021X\330\027X$\201\224"
  78      1FAE5B98 
  78      FF1158D8 
  78      17582481 
  78      94
  79 0268 7444DFB1 		.ascii	"tD\337\261*\275\243S^\240\341j\252k\014\371\003\214"
ARM GAS  /var/folders/qd/4mxf5pkd0zdf0b9dd1hp39180000gn/T//ccnJLjmw.s 			page 6


  79      2ABDA353 
  79      5EA0E16A 
  79      AA6B0CF9 
  79      038C
  80 027a D785EBD5 		.ascii	"\327\205\353\325P]S\320\035hn\013\265\006\303\354\244"
  80      505D53D0 
  80      1D686E0B 
  80      B506C3EC 
  80      A4
  81 028b DFAFD9BF 		.ascii	"\337\257\331\277\346\026-\334\2525\206\002\227\333."
  81      E6162DDC 
  81      AA358602 
  81      97DB2E
  82 029a 05B54043 		.ascii	"\005\265@C8X\337\330\322\032\276\342o`\377\000c\030"
  82      3858DFD8 
  82      D21ABEE2 
  82      6F60FF00 
  82      6318
  83 02ac 3DB2     		.ascii	"=\262"
  84              		.text
  85              		.section	.gnu.lto_SysTick_Handler.8e7384e5367d83e8,"",%progbits
  86 0000 789C9592 		.ascii	"x\234\225\222MHTQ\024\307\317y\367\371f\322\212\026"
  86      4D485451 
  86      14C7CF79 
  86      F7F966D2 
  86      8A16
  87 0012 2E848446 		.ascii	".\204\204Fb\026\202\314\004.ZF\010A\301l\264}\330k\300"
  87      621682CC 
  87      042E5A46 
  87      0841C16C 
  87      B47DD86B 
  88 0027 01C791F9 		.ascii	"\001\307\221\371\020]\315u\306\030\245\004A3\251\007"
  88      105DCD75 
  88      C618A504 
  88      4133A907 
  89 0037 862D7253 		.ascii	"\206-rS\226}N~\364\324,\31542k#\224)N\210\203\226E\344"
  89      967D4E7E 
  89      F4D42CCD 
  89      34326B23 
  89      94294E88 
  90 004f A2A973EF 		.ascii	"\242\251s\357\214%3m\272\274\373\336\275\367\234\377"
  90      8C25336D 
  90      BABCFBDE 
  90      BDF79CFF 
  91 005f BDBFFFB9 		.ascii	"\275\277\377\271O\003\2000\003\350\243\357A\352\310"
  91      4F038030 
  91      03E8A3EF 
  91      41EAC8
  92 006e 00958E39 		.ascii	"\000\225\2169\200f\253\202(\006\334\212\020V0\214\027"
  92      8066AB82 
  92      2806DC8A 
  92      1056308C 
  92      17
  93 007f 5917C3F1 		.ascii	"Y\027\303\361X\"\256\224\336\340\324\314\313\337T\336"
  93      5822AE94 
  93      DEE0D4CC 
  93      CBDF54DE 
ARM GAS  /var/folders/qd/4mxf5pkd0zdf0b9dd1hp39180000gn/T//ccnJLjmw.s 			page 7


  94 008f 6FA241F2 		.ascii	"o\242A\362n\352\242\341],\005J[\276\223\272\264OS\323"
  94      6EEAA2E1 
  94      5D2C054A 
  94      5BBE93BA 
  94      B44F53D3 
  95 00a3 EB780F35 		.ascii	"\353x\0175\345\317b\213\324~/\227\313\335\014!+\362"
  95      E5CF628B 
  95      D47E2F97 
  95      CBDD0C21 
  95      2BF2
  96 00b5 A6F9B006 		.ascii	"\246\371\260\006x_\304\224\234\330\252\303\002\370@"
  96      785FC494 
  96      9CD8AAC3 
  96      02F840
  97 00c4 C49888BD 		.ascii	"\304\230\210\275n\271m\260\013\314`\210*M\277\314^Y"
  97      6EB96DB0 
  97      0BCC6088 
  97      2A4DBFCC 
  97      5E59
  98 00d6 D92FA60A 		.ascii	"\331/\246\012\332h\372i8\266\200\354\264<!\231h5U\373"
  98      DA68FA69 
  98      38B680EC 
  98      B43C2199 
  98      683555FB 
  99 00ea 75CE23DC 		.ascii	"u\316#\334Ll\026\365E\371\024W\015\306\36012\202\304"
  99      4C6C16F5 
  99      45F91457 
  99      0DC6F031 
  99      3282C4
 100 00fd 3816E323 		.ascii	"8\026\343#,\226&\262\016Mmj8\204v\300\207\342\\u\267"
 100      2C9626B2 
 100      0E4D6D6A 
 100      388476C0 
 100      87E25C75 
 101 0112 3D1C460D 		.ascii	"=\034F\015G\220x\351\225%\353\354\300\214\305\274\034"
 101      479078E9 
 101      9525EBEC 
 101      C08CC5BC 
 101      1C
 102 0123 1B630E92 		.ascii	"\033c\016\222\214\212\230\226\023\233,'\213OD\314\222"
 102      8C8A9896 
 102      139B2C27 
 102      8B4F44CC 
 102      92
 103 0134 0DFE6EFB 		.ascii	"\015\376n\373\277\3007\2665\034\023\340f.\3708\201O"
 103      BFC037B6 
 103      351C13E0 
 103      662EF838 
 103      814F
 104 0146 08707A21 		.ascii	"\010pz!I\007\346\363L\236\372\025\243[-\354\234~_\250"
 104      4907E6F3 
 104      4C9EFA15 
 104      A35B2DEC 
 104      9C7E5FA8 
 105 015a 01B4D2DD 		.ascii	"\001\264\322\335\321\017\300Mh\243\233\240Q\324\204"
 105      D10FC04D 
 105      68A39BA0 
ARM GAS  /var/folders/qd/4mxf5pkd0zdf0b9dd1hp39180000gn/T//ccnJLjmw.s 			page 8


 105      51D484
 106 0169 042A208A 		.ascii	"\004* \212A[\305\326\370\210*\212\315\320\206O\211`"
 106      415BC5D6 
 106      F8882A8A 
 106      CDD0864F 
 106      8960
 107 017b 1D23CBEB 		.ascii	"\035#\313\353\355]+E\242\030\344\035bHi}\275\203?\362"
 107      ED5D2B45 
 107      A218E41D 
 107      6248697D 
 107      BD833FF2 
 108 018f 4B7AB097 		.ascii	"Kz\260\227\367\330\2144\304\315\225!nU\025\3721&\261"
 108      F7D88C34 
 108      C4CD9521 
 108      6E5515FA 
 108      3126B1
 109 01a2 44527F4E 		.ascii	"DR\177N.,*\264\202\317P\225{\001>\2277\332?:\261\272"
 109      2E2C2AB4 
 109      82CF5095 
 109      7B013E97 
 109      37DA3F3A 
 110 01b8 B7E46A46 		.ascii	"\267\344jF-\013\271uk\360m\201TO\0115N\243JX\221\245"
 110      2D0BB975 
 110      6BF06D81 
 110      544F0935 
 110      4EA34A58 
 111 01ce B5AD0F28 		.ascii	"\265\255\017(\331\000\222\030]j;&\212/\004\361xr\321"
 111      D9009218 
 111      5D6A3B26 
 111      8A2F04F1 
 111      7872D1
 112 01e1 12FEC9AD 		.ascii	"\022\376\311\255\006\2432XI\362\002\303`Py\245\2331"
 112      06A33258 
 112      49F202C3 
 112      605079A5 
 112      9B31
 113 01f3 E9A6FBFC 		.ascii	"\351\246\373\374\370+K\332\015\340L\306\315Z{\227\236"
 113      F82B4BDA 
 113      0DE04CC6 
 113      CD5A7B97 
 113      9E
 114 0204 2E50C64C 		.ascii	".P\306L\252\367\343h\301\016\347\214\344|)9\263\241"
 114      AAF7E368 
 114      C10EE78C 
 114      E47C2939 
 114      B3A1
 115 0216 6677A0E6 		.ascii	"fw\240\346\277\242<\"\003u\352\337P{H2\227\201\332\300"
 115      BFA23C22 
 115      0375EADF 
 115      507B4832 
 115      9781DAC0 
 116 022a C8B5817C 		.ascii	"\310\265\201|\231'Z+\001Q\355ik\213\267\332S\347\320"
 116      99275A2B 
 116      0151ED69 
 116      6B8BB7DA 
 116      53E7D0
 117 023d E190C3E1 		.ascii	"\341\220\303\341L?\276\200\323\037tz\352\364\332\320"
ARM GAS  /var/folders/qd/4mxf5pkd0zdf0b9dd1hp39180000gn/T//ccnJLjmw.s 			page 9


 117      4C3FBE80 
 117      D31F747A 
 117      EAF4DAD0 
 118 024d 39B753AF 		.ascii	"9\267S\257\0114\005\0345P\232\025\257\367\371\203\001"
 118      0934051C 
 118      35509A15 
 118      AFF7F983 
 118      01
 119 025e E7F14A57 		.ascii	"\347\361JW\205\253\221\222t\237\337}\246\341\250\227"
 119      85AB9192 
 119      749FDF7D 
 119      A6E1A897 
 120 026e 32F31AAA 		.ascii	"2\363\032\252kC\356\262\335\371\356\306\240\263\302"
 120      6B43EEB2 
 120      DDF9EEC6 
 120      A0B3C2
 121 027d 5575B2EA 		.ascii	"Uu\262\352\357\266\"_\367\236\010\325\351$9\340\252"
 121      EFB6225F 
 121      F79E08D5 
 121      E92439E0 
 121      AA
 122 028e AAB49DAD 		.ascii	"\252\264\235\255\016\270\353\375\2362\233\375\010(~"
 122      0EB8EBFD 
 122      9E329BFD 
 122      08287E
 123 029d 02737B7D 		.ascii	"\002s{}\376&\370\015R\262U\302"
 123      FE26F80D 
 123      52B255C2 
 124              		.text
 125              		.section	.gnu.lto_main.8e7384e5367d83e8,"",%progbits
 126 0000 789C9D52 		.ascii	"x\234\235R\315O\023A\024\177\277\235\355'\264\010\211"
 126      CD4F1341 
 126      147FBF9D 
 126      ED27B408 
 126      89
 127 0011 B71EB872 		.ascii	"\267\036\270r\201\203\007o&^\374?\214'I\364_\350\226"
 127      8183076F 
 127      265EFC3F 
 127      8C2749F4 
 127      5FE896
 128 0024 ADD2029A 		.ascii	"\255\322\002\232j`5u\203\0331\321\304\030 \002\245U"
 128      6A603575 
 128      831B31D1 
 128      C4182002 
 128      A555
 129 0036 E85AAB14 		.ascii	"\350Z\253\024\344\303\222&\036L\324\300EM\203\326(\011"
 129      E4C39226 
 129      1E4CD4C0 
 129      454D83D6 
 129      2809
 130 0048 89826F76 		.ascii	"\211\202ov\212ABbt\222\331\235y\363\346\367\361\346"
 130      8A414262 
 130      7492D99D 
 130      79F3E6F7 
 130      F1E6
 131 005a F989E8AD 		.ascii	"\371\211\350\255 \012\361\377$O\370\010Zf\225(\021\324"
 131      200AF1FF 
ARM GAS  /var/folders/qd/4mxf5pkd0zdf0b9dd1hp39180000gn/T//ccnJLjmw.s 			page 10


 131      244FF808 
 131      5A669528 
 131      11D4
 132 006c 20D44240 		.ascii	" \324B@W\013]EN\203\342\232\320\301\037j\216!1,PMN\330"
 132      570B5D45 
 132      4E83E29A 
 132      D0C11F6A 
 132      8E21312C 
 133 0084 6250D882 		.ascii	"bP\330\202\240\363\266\261\222\335\214\312-\320\311"
 133      A0F3B6B1 
 133      92DD8CCA 
 133      2DD0C9
 134 0093 DBDCADEA 		.ascii	"\333\334\255\352\211\256{\006\017\367\306\366\361\354"
 134      89AE7B06 
 134      0FF7C6F6 
 134      F1EC
 135 00a1 7D57B785 		.ascii	"}W\267\205F\026'O!\206G\210I\366it\021\347nL\356\216"
 135      4616274F 
 135      21864788 
 135      49F66974 
 135      11E76E4C 
 136 00b7 44FCBA3C 		.ascii	"D\374\272<\345\340\014\374\004^\214\257\373\\cw\257"
 136      E5E00CFC 
 136      045E8CAF 
 136      FB5C6377 
 136      AF
 137 00c8 DF70CB77 		.ascii	"\337p\313w\360\375L+\310\026\014\301\037\242\024O\030"
 137      F0FD4C2B 
 137      C8160CC1 
 137      1FA2144F 
 137      18
 138 00d9 2EA53900 		.ascii	".\2459\000\323\245O(}\373\220\036\013\313\313\014h]"
 138      D3A54F28 
 138      7DFB901E 
 138      0BCBCB0C 
 138      685D
 139 00eb 2AAD05A4 		.ascii	"*\255\005\244\026\035\022\377\335Vf/\244\266\031\327"
 139      161D12FF 
 139      DD56662F 
 139      A4B619D7 
 140 00fb 34A21C1A 		.ascii	"4\242\034\032\235\253.\004\035\214&X\240\323\313\240"
 140      9DAB2E04 
 140      1D8C2658 
 140      A0D3CBA0 
 141 010b 3ECCB2AE 		.ascii	">\314\262\256\234\324\305\307\257\215\215km=\017\215"
 141      9CD4C5C7 
 141      AF8D8D6B 
 141      6D3D0F8D 
 142 011b 64C2E8B4 		.ascii	"d\302\350\264\205\037y8\030\361\354\243\200\036N\230"
 142      851F7938 
 142      18F1ECA3 
 142      801E4E98 
 143 012b B99A9ED0 		.ascii	"\271\232\236\320$\244@\361\024\036\3635O\302\200\271"
 143      24A440F1 
 143      141EF335 
 143      4FC280B9 
 144 013b 2FE11F09 		.ascii	"/\341\037\011\236x\004\3226\346<\202\361z~'\242\010"
ARM GAS  /var/folders/qd/4mxf5pkd0zdf0b9dd1hp39180000gn/T//ccnJLjmw.s 			page 11


 144      9E7804D2 
 144      36E63C82 
 144      F17A7E27 
 144      A208
 145 014d 08F3FBF8 		.ascii	"\010\363\373\370\203c\377\211_\364\3605\211\357z\370"
 145      8363FF89 
 145      5FF4F035 
 145      89EF7AF8 
 146 015d 8B770B3F 		.ascii	"\213w\013?Z\025\276\017O\371V\035\246\363yHx\345\347"
 146      5A15BE0F 
 146      4FF9561D 
 146      A6F37948 
 146      78E5E7
 147 0170 F37CBEFE 		.ascii	"\363|\276\376&\020\377i\004m\021\260\2440\224\020g\232"
 147      2610FF69 
 147      046D11B0 
 147      A4309410 
 147      679A
 148 0182 2027DE34 		.ascii	" '\3364\206k8\"1dI\006<\343\304\203\217\020\306\241"
 148      866B3822 
 148      31644906 
 148      3CE3C483 
 148      8F10C6A1 
 149 0196 BCB0234B 		.ascii	"\274\260#K\311\261)\263q=\312&`\213\026<G\034\345\246"
 149      C9B129B3 
 149      713DCA26 
 149      608B163C 
 149      471CE5A6 
 150 01aa FCF9C6D2 		.ascii	"\374\371\306\322f\224\223Sl\356+$\304\0136\240Zc\001"
 150      66949353 
 150      6CEE2B24 
 150      C40B36A0 
 150      5A6301
 151 01bd 71CEB89D 		.ascii	"q\316\270\235)$\275\372\264\242\242\241\202\230\354"
 151      2924BDFA 
 151      B4A2A2A1 
 151      8298EC
 152 01cc B9AD07B9 		.ascii	"\271\255\007\271f\315\\\302\242\027\333\247\225H\275"
 152      66CD5CC2 
 152      A217DBA7 
 152      9548BD
 153 01db B6885842 		.ascii	"\266\210XBY\304\022\323u\307l\021e)i\356)nun\244:\222"
 153      59C412D3 
 153      75C76C11 
 153      652969EE 
 153      296E756E 
 154 01f2 4EF18AEF 		.ascii	"N\361\212\357\010sm\226\320\331\334Ke\256\374\245\262"
 154      08736D96 
 154      D0D9DC4B 
 154      65AEFCA5 
 154      B2
 155 0203 A32BAAF7 		.ascii	"\243+\252\3675\201e0\3221~\243>\353\343\254\331\"\257"
 155      35816530 
 155      D2317EA3 
 155      3EEBE3AC 
 155      D922AF
 156 0216 67050E16 		.ascii	"g\005\016\026\241\375p\021\332\035Y\325?\213\320\201"
ARM GAS  /var/folders/qd/4mxf5pkd0zdf0b9dd1hp39180000gn/T//ccnJLjmw.s 			page 12


 156      A1FD7011 
 156      DA1D59D5 
 156      3F8BD081 
 157 0226 5556B522 		.ascii	"UV\265\"\213\20056\314\200\246u\031\012NS\210\323\375"
 157      8B803536 
 157      CC80A675 
 157      190A4E53 
 157      88D3FD
 158 0239 CB936189 		.ascii	"\313\223a\211\330\001\340\225\327\030}\265\0014\333"
 158      D801E095 
 158      D7187DB5 
 158      0134DB
 159 0248 E2AF04D5 		.ascii	"\342\257\004\325\337\004\353L\220\365Z\"\305\316\330"
 159      DF04EB4C 
 159      90F55A22 
 159      C5CED8
 160 0257 3E525E03 		.ascii	">R^\003\022\005.\234=\177\261\373\034\375\002\341mI"
 160      12052E9C 
 160      3D7FB1FB 
 160      1CFD02E1 
 160      6D49
 161 0269 08       		.ascii	"\010"
 162              		.text
 163              		.section	.gnu.lto_.symbol_nodes.8e7384e5367d83e8,"",%progbits
 164 0000 789C558B 		.ascii	"x\234U\213;\016\0021\014Dg\342d\303\347\020 N\002's"
 164      3B0E0231 
 164      0C4467E2 
 164      64C3E710 
 164      204E0227 
 165 0015 8A888686 		.ascii	"\212\210\206\206#\260\022\207@\324\324\224\024\313w"
 165      23B01287 
 165      40D4D494 
 165      14CB77
 166 0024 81ED3803 		.ascii	"\201\3558\003\"\004!\330\302\032\373\371M\001\240I\003"
 166      220421D8 
 166      C21AFBF9 
 166      4D01A049 
 166      03
 167 0035 73A202F3 		.ascii	"s\242\002\363-\220b\265(C\001\270\206\034\246\237\333"
 167      2D9062B5 
 167      284301B8 
 167      861CA69F 
 167      DB
 168 0046 D3841120 		.ascii	"\323\204\021 \246\242\362+\255\303$\325\316T\363#%\223"
 168      A6A2F22B 
 168      ADC324D5 
 168      CE54F323 
 168      2593
 169 0058 7D24B2ED 		.ascii	"}$\262\355\016\224\274\360N\225,\001!\214\001\326T\333"
 169      0E94BCF0 
 169      4E952C01 
 169      218C01D6 
 169      54DB
 170 006a 0217AA6B 		.ascii	"\002\027\252k\201\033\265h\201+\325\377\003\201G,w3"
 170      811BB568 
 170      812BD5FF 
 170      0381472C 
ARM GAS  /var/folders/qd/4mxf5pkd0zdf0b9dd1hp39180000gn/T//ccnJLjmw.s 			page 13


 170      7733
 171 007c 2FD245AC 		.ascii	"/\322E\254\237\024\351 N\037\003\261\375\317m{X\346"
 171      9F14E920 
 171      4E1F03B1 
 171      FDCF6D7B 
 171      58E6
 172 008e F4D8BC45 		.ascii	"\364\330\274E\274\000\034!9P"
 172      BC001C21 
 172      3950
 173              		.text
 174              		.section	.gnu.lto_.refs.8e7384e5367d83e8,"",%progbits
 175 0000 789C0DC3 		.ascii	"x\234\015\303\201\015\000 \010\003\301o\245\020Vp\377"
 175      810D0020 
 175      0803C16F 
 175      A5105670 
 175      FF
 176 0011 41F5926B 		.ascii	"A\365\222k\340\376\007d\034y\252\234\230\320\243^\036"
 176      E0FE0764 
 176      1C79AA9C 
 176      98D0A35E 
 176      1E
 177 0022 07620070 		.ascii	"\007b\000p"
 178              		.text
 179              		.section	.gnu.lto_.decls.8e7384e5367d83e8,"",%progbits
 180 0000 789CC53B 		.ascii	"x\234\305;iTTg\226\365\275\257\250\202\242\000\203v"
 180      69545467 
 180      96F5BDAF 
 180      A882A200 
 180      8376
 181 0012 4ED2C799 		.ascii	"N\322\307\231I\247\351\011\231\216\242I&\261{r\346t"
 181      49A7E909 
 181      998EA249 
 181      26B17B72 
 181      E674
 182 0024 DA5E92E9 		.ascii	"\332^\222\351\244\227\230\236\351t\2379\325\004K%a\353"
 182      A497989E 
 182      E9749F39 
 182      D5044B25 
 182      61EB
 183 0036 A288DAE7 		.ascii	"\242\210\332\347\314\364C\020DT@pAP\020qAv\001A\026"
 183      CCF44310 
 183      44544070 
 183      41501071 
 183      41760141 
 184 004b 45546451 		.ascii	"ETdQ\024\020\024\220ET\004DQPAA\231\373-U\357U\361\312"
 184      14101490 
 184      45540444 
 184      51504141 
 184      99FB2D55 
 185 0063 F86766EA 		.ascii	"\370gf\352x\251\272\357\335\357\356\367~\313{jT*\325"
 185      78A9BAEF 
 185      DDEFEEF7 
 185      7ECB7B6A 
 185      542AD5
 186 0076 AFDE53A9 		.ascii	"\257\336S\251\212\234U\252A\244R\315\300G\015\327N\002"
 186      8A9C55AA 
 186      41A452CD 
ARM GAS  /var/folders/qd/4mxf5pkd0zdf0b9dd1hp39180000gn/T//ccnJLjmw.s 			page 14


 186      C0470DD7 
 186      4E02
 187 0088 38011800 		.ascii	"8\001\030\000\336\000\250\007\370\002\240I\305>@\256"
 187      DE00A807 
 187      F802A049 
 187      C53E40AE 
 188 0098 6A016803 		.ascii	"j\001h\003\270\002p\013`\010\3406@\031\360)\007 |*\341"
 188      B802700B 
 188      6008E036 
 188      4019F029 
 188      07207C2A 
 189 00ad FB7541A5 		.ascii	"\373uA\245\362\002\370GAe\363\331\017\367^\202\357?"
 189      F202F847 
 189      4165F3D9 
 189      0FF75E82 
 189      EF3F
 190 00bf 037802CC 		.ascii	"\003x\002\314\223\311\373/\270\367;\2007a\314?\001\374"
 190      93C9FB2F 
 190      B8F73B80 
 190      3761CC3F 
 190      01FC
 191 00d1 10E07B00 		.ascii	"\020\340{\000s\000\376\033\256\277\005\337\003@\267"
 191      7300FE1B 
 191      AEBF05DF 
 191      0340B7
 192 00e0 00BEFBE0 		.ascii	"\000\276\373\340\033\003\274\012\277]\000\362\020\303"
 192      1B03BC0A 
 192      BF5D00F2 
 192      10C3
 193 00ee 897E8B05 		.ascii	"\211~\213\005\246\033\021m\321C\376\311F\314\026\271"
 193      A61B116D 
 193      D143FEC9 
 193      46CC16B9 
 194 00fe 0E84DF3B 		.ascii	"\016\204\337;@\367>\300\022\200K\234V\307\355\3751\\"
 194      40F73EC0 
 194      12804B9C 
 194      56C7EDFD 
 194      315C
 195 0110 FB00E05F 		.ascii	"\373\000\340_\001~\006\360\013\200\217\000\376M`\366"
 195      017E06F0 
 195      0B808F00 
 195      FE4D60F6 
 196 0120 0FA9667F 		.ascii	"\017\251f\177\012A\316\\\231\214?r;\377\010c\376\000"
 196      0A41CE5C 
 196      998C3F72 
 196      3BFF0863 
 196      FE00
 197 0132 F0894CD6 		.ascii	"\360\211L\326\237\004\346\357:\231\317K\035\330\274"
 197      9F04E6EF 
 197      3A99CF4B 
 197      1DD8BC
 198 0141 0C7EFF1E 		.ascii	"\014~\377\036\340w\002\213\027\211\005\361=\211A\213"
 198      E077028B 
 198      178905F1 
 198      3D89418B 
 199 0151 4AB29DC4 		.ascii	"J\262\235\304\301\336\377I\0305G\026\244\342X\214<u"
 199      C1DEFF49 
ARM GAS  /var/folders/qd/4mxf5pkd0zdf0b9dd1hp39180000gn/T//ccnJLjmw.s 			page 15


 199      18354716 
 199      A4E2588C 
 199      3C75
 200 0163 480DE8FD 		.ascii	"H\015\350\375\363\273\256\273\003:O\207^\0034e\274{"
 200      F3BBAEBB 
 200      033A4F87 
 200      5E033465 
 200      BC7B
 201 0175 C885DDF5 		.ascii	"\310\205\335\365\006\264\244\276~L\243\333 \302'=Bt"
 201      06B4A4BE 
 201      7E4CA3DB 
 201      20C2273D 
 201      4274
 202 0187 F9885C2F 		.ascii	"\371\210\\/F\363Q\021\232\257R\241\243\010\374\203|"
 202      46F35111 
 202      9AAF52A1 
 202      A308FC83 
 202      7C
 203 0198 E6A31240 		.ascii	"\346\243\022@\201:-\276<\322\215\015\256\023\000\357"
 203      813A2DBE 
 203      3CD28D0D 
 203      AE1300EF 
 204 01a8 68EDAC70 		.ascii	"h\355\254pa\274\253\347\001~g\177\323\021\202{\353\320"
 204      61BCABE7 
 204      017E677F 
 204      D311827B 
 204      EBD0
 205 01ba DF00CD1F 		.ascii	"\337\000\315\0379\366\330\215\241dt\351D\377\220\006"
 205      39F6D88D 
 205      A16474E9 
 205      44FF9006 
 206 01ca 0BF4F7A3 		.ascii	"\013\364\367\243\015i\345\036\013sD\366q~U\205*\020"
 206      0D69E51E 
 206      0B7344F6 
 206      717E5585 
 206      2A10
 207 01dc B658909A 		.ascii	"\266X\220\232\320\277\303\005{R\302]\025\017\032\234"
 207      D0BFC305 
 207      7B52C25D 
 207      150F1A9C 
 208 01ec 984867C2 		.ascii	"\230Hg\302\343nv\251\033\227\010\267\205\344\207\305"
 208      E36E76A9 
 208      1B9708B7 
 208      85E487C5 
 209 01fc 53EE48E7 		.ascii	"S\356H\347\015\026\254\023\013\"\304\227\302\027\253"
 209      0D16AC13 
 209      0B22C497 
 209      C217AB
 210 020b D00930E0 		.ascii	"\320\0110\3408h\214N\"o\"\274\022-T\241r\270x\014.\036"
 210      38688C4E 
 210      226F22BC 
 210      122D54A1 
 210      72B8780C 
 211 0221 2002AB47 		.ascii	" \002\253G\213\336K\210\026E\001U#\035\252B\230\322"
 211      8BDE4B88 
 211      16450155 
 211      231DAA42 
ARM GAS  /var/folders/qd/4mxf5pkd0zdf0b9dd1hp39180000gn/T//ccnJLjmw.s 			page 16


 211      98D2
 212 0233 80ADDE3A 		.ascii	"\200\255\336:\246Bt\344\2418W\\\210\210\016BR\\\177"
 212      A64274E4 
 212      A138575C 
 212      88880E42 
 212      525C7F
 213 0246 97166EB1 		.ascii	"\227\026n\261\241\227\363\337>\273\236\014=\015Ck\244"
 213      A197F3DF 
 213      3EBB9E0C 
 213      3D0D436B 
 213      A4
 214 0257 A1D5C459 		.ascii	"\241\325\304Y*eEN)(\002Rz\362\273N\253\361)\352\022"
 214      2A65454E 
 214      29280252 
 214      7AF2BB4E 
 214      ABF129EA 
 215 026c E161CC9D 		.ascii	"\341a\314\235t\307\246\234uh\312D\307\273\273/\211\342"
 215      74C7A69C 
 215      7568CA44 
 215      C7BBBB2F 
 215      89E2
 216 027e 6BA816F4 		.ascii	"k\250\026\3649#\351s\032q[&\023\247\177\351\031Oh\341"
 216      3923E973 
 216      1A715B26 
 216      13A77FE9 
 216      194F68E1 
 217 0292 CF4F5EA1 		.ascii	"\317O^\241te\300\242\224\306\270\016yZ\"M\210\017<;"
 217      7465C0A2 
 217      94C6B80E 
 217      795A224D 
 217      880F3C3B 
 218 02a6 1FADD36F 		.ascii	"\037\255\323o$:\260\204\200\373\262\214\250Gz\022$\362"
 218      243AB084 
 218      80FBB28C 
 218      A8477A12 
 218      24F2
 219 02b8 0DC47939 		.ascii	"\015\304y9S\005:5\244 2\350Q\220\232\214?33Q\355\301"
 219      53053A35 
 219      A42032E8 
 219      51909A8C 
 219      3F333351 
 220 02ce E24532A4 		.ascii	"\342E2\244\345\336\271\335\256,^s\000M\337\025[\340"
 220      E5DEB9DD 
 220      AE2C5E73 
 220      004DDF15 
 220      5BE0
 221 02e0 F6CA76AA 		.ascii	"\366\312v\252K\2048G@\177~\031\235\003\346\215\224\371"
 221      4B843847 
 221      407F7E19 
 221      9D03E68D 
 221      94F9
 222 02f2 79F40AFC 		.ascii	"y\364\012\374m@j\246Jzxl\253\223\\\025\270/S\245\011"
 222      6D406AA6 
 222      4A7A786C 
 222      AB935C15 
 222      B82F53A5 
 223 0307 E92DA636 		.ascii	"\351-\2466Qm\312OV\235p\355E\335\210(4\207&\023\304"
ARM GAS  /var/folders/qd/4mxf5pkd0zdf0b9dd1hp39180000gn/T//ccnJLjmw.s 			page 17


 223      516DCA4F 
 223      569D70ED 
 223      45DD8828 
 223      34872613 
 224 031c 8FFE856F 		.ascii	"\217\376\205o\002\024\237\261|\020\273\016W\005\366"
 224      02149FB1 
 224      7C10BB0E 
 224      5705F6
 225 032b C5490962 		.ascii	"\305I\011b\031\202\254W\004\316C\260\360\245\3778\003"
 225      1982AC57 
 225      04CE43B0 
 225      F0A5FF38 
 225      03
 226 033c 24E7CAEE 		.ascii	"$\347\312\3563q\226\217\212\3213}\244q\354\222 \011"
 226      3371968F 
 226      8AD1337D 
 226      A471EC92 
 226      2009
 227 034e 930D99A5 		.ascii	"\223\015\231\245\253\312z\333\252\224d$\342\265\323"
 227      ABCA7ADB 
 227      AA946424 
 227      E2B5D3
 228 035d 36B2294F 		.ascii	"6\262)O\337\207z\340.\364\231x\347@ZE\267\017\034\233"
 228      DF877AE0 
 228      2EF49978 
 228      E7405A45 
 228      B70F1C9B 
 229 0371 71C30F58 		.ascii	"q\303\017X\355\035\234\332>\345\376z\272X}M\254\276"
 229      ED1D9CDA 
 229      3EE5FE7A 
 229      BA587D4D 
 229      ACBE
 230 0383 D5BB68FD 		.ascii	"\325\273h\375\251(\361\"\004\344'4\000\250Y\312\240"
 230      A928F122 
 230      04E42734 
 230      00A859CA 
 230      A0
 231 0394 665292E8 		.ascii	"fR\222\350\"\352C\350\002\352\005\216-\350u\030_\267"
 231      22EA43E8 
 231      02EA058E 
 231      2DE87518 
 231      5FB7
 232 03a6 BE68C21D 		.ascii	"\276h\302\035Gb\312,g\323L\222\223\303\210^\242\021"
 232      4762CA2C 
 232      67D34C92 
 232      93C3885E 
 232      A211
 233 03b8 0DE2014D 		.ascii	"\015\342\001Mh\277\232\210Apz\237X\335>w\227X\275N$"
 233      68BF9A88 
 233      41707A9F 
 233      58DD3E77 
 233      9758BD4E 
 234 03cd 750444A8 		.ascii	"u\004D\250U\222\332j/\265\215JM>\327\230\210q\222\003"
 234      5592DA6A 
 234      2FB58D4A 
 234      4D3ED798 
 234      88719203 
ARM GAS  /var/folders/qd/4mxf5pkd0zdf0b9dd1hp39180000gn/T//ccnJLjmw.s 			page 18


 235 03e1 A97FD4C9 		.ascii	"\251\177\324\311\244^\266\221:\234=R\340J\244\202\271"
 235      A45EB691 
 235      3A9C3D52 
 235      E04AA482 
 235      B9
 236 03f2 3DFF6195 		.ascii	"=\377a\225\012D\250]\222\332n/\365\012\225\272+>\246"
 236      0A44A85D 
 236      92DA6E2F 
 236      F50A95BA 
 236      2B3EA6
 237 0405 CE1D2733 		.ascii	"\316\035'3\251\335uY\331\244\263\276\241C$&\036\262"
 237      A9DD7559 
 237      D9A4B3BE 
 237      A1432426 
 237      1EB2
 238 0417 16F7066B 		.ascii	"\026\367\006kq-qc\231Z\234I\311\205\336\216\251\253"
 238      712D7163 
 238      995A9C49 
 238      C985DE8E 
 238      A9AB
 239 0429 D682A619 		.ascii	"\326\202\246\031\254\262\246/\004\310\233\014\242\365"
 239      ACB2A62F 
 239      04C89B0C 
 239      A2F5
 240 0437 DC05173B 		.ascii	"\334\005\027;\245\3264\376\006kM\335P\247W%\015\337"
 240      A5D634FE 
 240      066B4DDD 
 240      50A75725 
 240      0DDF
 241 0449 E0159A95 		.ascii	"\340\025\232\225\231\220\241\301\371LFE\312\3153\202"
 241      9990A1C1 
 241      F94C4645 
 241      CACD3382 
 242 0459 2319D71C 		.ascii	"#\031\327\034\312\270\234\377z-\355a} \243W\222\321"
 242      CAB89CFF 
 242      7A2DED61 
 242      7D20A357 
 242      92D1
 243 046b 6D690371 		.ascii	"mi\003q%]\323\036\270\214\011Y\177\341\350\220C!7\034"
 243      255DD31E 
 243      B88C0959 
 243      7FE1E890 
 243      4321371C 
 244 047f 0B997CEB 		.ascii	"\013\231|\353\000\025r\035\204\364KB\372,B\012rr\273"
 244      0015721D 
 244      84F44B42 
 244      FA2C420A 
 244      7272BB
 245 0492 9D69FB20 		.ascii	"\235i\373 \024\254\177\210\261\227\266z8\314\247\001"
 245      14AC7F88 
 245      B197B67A 
 245      38CCA701 
 246 04a2 1AD99B96 		.ascii	"\032\331\233\226\016\221\235|\374o\020\331>\02063\275"
 246      0E919D7C 
 246      FC6F10D9 
 246      3E103633 
 246      BD
ARM GAS  /var/folders/qd/4mxf5pkd0zdf0b9dd1hp39180000gn/T//ccnJLjmw.s 			page 19


 247 04b3 E470C1A0 		.ascii	"\344p\301\240\270AG\211P\207$\256\203O,\350\026\215"
 247      B8414789 
 247      508724AE 
 247      834F2CE8 
 247      168D
 248 04c5 68EFBDF1 		.ascii	"h\357\275\361\263\2568V\315\342UYs\335\215s\030\217"
 248      B3AE3856 
 248      CDE25559 
 248      73DD8D73 
 248      188F
 249 04d7 C54D8D51 		.ascii	"\305M\215Q\325\277\245Y\213\006%\006\203\026\006C\224"
 249      D5BFA559 
 249      8B062506 
 249      83160643 
 249      94
 250 04e8 414CE9A9 		.ascii	"AL\351\251\315\030\3271\006\015%\343\347\020g\320\225"
 250      CD18D731 
 250      060D25E3 
 250      E71067D0 
 250      95
 251 04f9 82CBEAAD 		.ascii	"\202\313\352\255\014\206%\006\303\026\006\267)\203\266"
 251      0C862506 
 251      C31606B7 
 251      2983B6
 252 0508 ACF6322D 		.ascii	"\254\3662-\236b\014\024Zh~M\346\2103\336\354D}\337P"
 252      9E620C14 
 252      5A687E4D 
 252      E68833DE 
 252      EC447DDF 
 253 051d 703BC715 		.ascii	"p;\307\025y\353\231Kg\246\027EQ\227\336\203\346wW\222"
 253      79EB994B 
 253      67A61745 
 253      5197DE83 
 253      E6775792 
 254 0531 D044DBB2 		.ascii	"\320D\333\262\203V\211F!DR\267\004\011Q\233\247\266"
 254      83568946 
 254      214452B7 
 254      0409519B 
 254      A7B6
 255 0543 B853A184 		.ascii	"\270S\241\204\317\035\304<\2374\225\346\206\2671\261"
 255      CF1DC43C 
 255      9F3495E6 
 255      86B731B1 
 256 0553 A31129FB 		.ascii	"\243\021)\373\035\346\356\003\307\271\233\215S\367\305"
 256      1DE6EE03 
 256      C7B99B8D 
 256      53F7C5
 257 0562 89A21A8D 		.ascii	"\211\242\032\215CD\307\024b~3n\250\232\305\234P\334"
 257      4344C714 
 257      627E336E 
 257      A89AC59C 
 257      50DC
 258 0574 67A22D85 		.ascii	"g\242-\205\365\305\354\302\372\202\025V\346\343\321"
 258      F5C5ECC2 
 258      FA821556 
 258      E6E3D1
 259 0583 523D6E61 		.ascii	"R=na\312\235\2778Q\356\354H\271'\240\334\027\\\271\011"
ARM GAS  /var/folders/qd/4mxf5pkd0zdf0b9dd1hp39180000gn/T//ccnJLjmw.s 			page 20


 259      CA9DBF38 
 259      51EEEC48 
 259      B927A0DC 
 259      175CB909 
 260 0597 B8F8C8AA 		.ascii	"\270\370\310\252\334\205\212\357\227\335\212%\312=\006"
 260      DC858AEF 
 260      97DD8A25 
 260      CA3D06
 261 05a6 D1939272 		.ascii	"\321\223\222r_p\335:\217\364\2148Q\335\010\301C\246"
 261      5F70DD3A 
 261      8FF48C38 
 261      51DD08C1 
 261      43A6
 262 05b8 5B664AE1 		.ascii	"[fJ\341\247\226\370L\261K\226E\210'[\204\240C\003\251"
 262      A796F84C 
 262      B14B9645 
 262      88275B84 
 262      A04303A9 
 263 05cc 5BF40C5F 		.ascii	"[\364\014_B\326\016\021O.\253\361m\015U\374\352\350"
 263      42D60E11 
 263      4F2EABF1 
 263      6D0D55FC 
 263      EAE8
 264 05de F6280D7E 		.ascii	"\366(\015~\304\220\307e\267S5X\324\262\324\351O\352"
 264      C490C765 
 264      B7533558 
 264      D4B2D4E9 
 264      4FEA
 265 05f0 16703443 		.ascii	"\026p4CvO\025\237q\305q\0149\362 \366U\274\203\375>"
 265      764F159F 
 265      71C5710C 
 265      39F220F6 
 265      55BC83FD 
 266 0605 7DBDB5CE 		.ascii	"}\275\265\316\011\357aHlQ\344^5\316gH\371\266\312;\316"
 266      09EF6148 
 266      6C51E45E 
 266      35CE6748 
 266      F9B6CA3B 
 267 061a F828434E 		.ascii	"\370(CN>\355H\325\341Z\206X&]O6\351\036\035\250\257"
 267      3EED48D5 
 267      E15A8658 
 267      265D4F36 
 267      E91E1DA8 
 268 062f D5B13958 		.ascii	"\325\2619XD\200O\357\277p\305\03171\332\212\322\312"
 268      44804FEF 
 268      BF70C519 
 268      3731DA8A 
 268      D2CA
 269 0641 5ABEBE5A 		.ascii	"Z\276\276Z\004\350\246x\021\252\3432\273W\033\027\271"
 269      04E8A678 
 269      11AAE332 
 269      BB571B17 
 269      B9
 270 0652 4987FBB5 		.ascii	"I\207\373\265ly\322<\222\254q\344\364x\3419\031\221"
 270      6C79D23C 
 270      92AC71E4 
 270      F478E139 
ARM GAS  /var/folders/qd/4mxf5pkd0zdf0b9dd1hp39180000gn/T//ccnJLjmw.s 			page 21


 270      1991
 271 0664 C632224E 		.ascii	"\3062\"N\320\241-\302\354\214\250\355{:\346\201\357"
 271      D0A12DC2 
 271      EC8CA8ED 
 271      7B3AE681 
 271      EF
 272 0675 3291EB37 		.ascii	"2\221\3537\347\356 \272jX&h\341\322\215{O\216\252\331"
 272      E7EE20BA 
 272      6A582668 
 272      E1D28D7B 
 272      4F8EAAD9 
 273 0689 25C2710D 		.ascii	"%\302q\015\361V\362\325Bw\374\200)v\274\265,\322\315"
 273      F156F2D5 
 273      4277FC80 
 273      2976BCB5 
 273      2CD2CD
 274 069c BA3A1B2D 		.ascii	"\272:\033-z#\234v\317\355 .I\022\247\341\2133q\226\356"
 274      7A239C76 
 274      CFED202E 
 274      4912A7E1 
 274      8B337196 
 275 06b1 DB40770D 		.ascii	"\333@w\015\327=Q\230\217\266\012tm6\366\370^\261\032"
 275      D73D5198 
 275      8FB60A74 
 275      6D36F6F8 
 275      5EB11A
 276 06c4 3F63328A 		.ascii	"?c2\212\022\247w\272\313W\200%\264\012\223A\306\016"
 276      12A777BA 
 276      CB578025 
 276      B40A9341 
 276      C60E
 277 06d6 49068874 		.ascii	"I\006\210t$d\247\262\220\313\233Z\27348\312\231\012"
 277      2464A7B2 
 277      90CB9B5A 
 277      BB3438CA 
 277      990A
 278 06e8 296DBC3A 		.ascii	")m\274:\205%C\262\361n\346\270T\220\262K\222\222\354"
 278      852543B2 
 278      F16EE6B8 
 278      5490B24B 
 278      9292EC
 279 06fb 584A8AB2 		.ascii	"XJ\212\262\224\270\361\204\313Nx\023\225b\335\017x\262"
 279      94B8F184 
 279      CB4E7813 
 279      9562DD0F 
 279      78B2
 280 070d FDC0EEB8 		.ascii	"\375\300\356\270\266\243\030\357`\367brbj\335\361^\206"
 280      B6A318EF 
 280      60F76272 
 280      626ADDF1 
 280      5E86
 281 071f 649CA818 		.ascii	"d\234\250\030\321\342B>\252}\335u\035\256f\310\265\253"
 281      D1E2423E 
 281      AA7DDD75 
 281      1DAE66C8 
 281      B5AB
 282 0731 670BDCF1 		.ascii	"g\013\334\361i\206TL\244Tx\340F\206\234\277>3\246\303"
ARM GAS  /var/folders/qd/4mxf5pkd0zdf0b9dd1hp39180000gn/T//ccnJLjmw.s 			page 22


 282      6986544C 
 282      A45478E0 
 282      46869CBF 
 282      3E33A6C3 
 283 0745 2D0C690E 		.ascii	"-\014i\016\337\013\011\332\301\307\210S\311z\334\313"
 283      DF0B09DA 
 283      C1C78853 
 283      C97ADCCB 
 284 0755 2C4DA9C9 		.ascii	",M\251\311(\022\254\2266|\027v\000(\013\254<\370BV\036"
 284      2812AC96 
 284      367C1776 
 284      00280BAC 
 284      3CF84256 
 285 076a 52B6B2E9 		.ascii	"R\266\262\351\376F\230\262n2q\261\333\356\034p\307w"
 285      FE4698B2 
 285      6E3271B1 
 285      DBEE1C70 
 285      C777
 286 077c 18323598 		.ascii	"\03025\230\324\201\230\311d\235\270\256\242#\301\203"
 286      D48198C9 
 286      649DB8AE 
 286      A223C183 
 287 078c D5431F4D 		.ascii	"\325C\037M\300\013\351\343\316\370\011\243=\226\260"
 287      C00BE9E3 
 287      CEF809A3 
 287      3D96B0
 288 079b 1594165D 		.ascii	"\025\224\026](\322\2633\266\302\025'2\344x\334X\231"
 288      28D2B333 
 288      B6C21527 
 288      32E478DC 
 288      5899
 289 07ad 0BDEC590 		.ascii	"\013\336\305\220\350\311\376\002\017\274\317\305\246"
 289      E8C9FE02 
 289      0FBCCFC5 
 289      A6
 290 07ba 86E6B11A 		.ascii	"\206\346\261\032\272\033y\263\217\227\337+\200\356\273"
 290      BA1B79B3 
 290      8F97DF2B 
 290      80EEBB
 291 07c9 746ACC09 		.ascii	"tj\314\011\037f\244"
 291      1F66A4
 292 07d0 F9EB6F64 		.ascii	"\371\353od9\303\275\371\220\337H\326\346\346\2636W\\"
 292      39C3BDF9 
 292      90DF48D6 
 292      E6E6B336 
 292      575C
 293 07e2 3D9EABC6 		.ascii	"=\236\253\306\205\224V(\314\275\361\225\224\016\343"
 293      85945628 
 293      CCBDF195 
 293      940EE3
 294 07f1 2F9789E2 		.ascii	"/\227\211\342\034T\016n*\223\3344\337\272\347\020\367"
 294      1C540E6E 
 294      2A93DC34 
 294      DFBAE710 
 294      F7
 295 0802 89F81515 		.ascii	"\211\370\025\025zg>Z\004>:\006>\232\317}T\012>:\312"
 295      7A673E5A 
ARM GAS  /var/folders/qd/4mxf5pkd0zdf0b9dd1hp39180000gn/T//ccnJLjmw.s 			page 23


 295      043E3A06 
 295      3E9ACF7D 
 295      540A3E3A 
 296 0817 7C949576 		.ascii	"|\224\225v\350\264\033\256`\374{rG\233\260,\251_/\242"
 296      E8B41BAE 
 296      60FC7B72 
 296      479BB02C 
 296      A95F2FA2 
 297 082b 495D0512 		.ascii	"I]\005\022*$\011\345\202\003\021\225\312\"\326%\266"
 297      2A2409E5 
 297      82031195 
 297      CA22D625 
 297      B6
 298 083c E6B8E053 		.ascii	"\346\270\340SL\304\2723\361\315ZK\323\260\035^\2550"
 298      4CC4BA33 
 298      F1CD5A4B 
 298      D3B01D5E 
 298      AD30
 299 084e DC9AF9BB 		.ascii	"\334\232\371\273X\346\237\000U\216K\252T\011\274eX6"
 299      58E69F00 
 299      558E4BAA 
 299      5409BC65 
 299      5836
 300 0860 B1F3D826 		.ascii	"\261\363\330&\366\364\241c=n\270\221y8v\323\263|\214"
 300      F6F4A163 
 300      3D6EB891 
 300      793876D3 
 300      B37C8C
 301 0873 5B99FC3B 		.ascii	"[\231\374;[\016\225j\224\345\237q(\277\346U\222\217"
 301      5B0E956A 
 301      94E59F71 
 301      28BFE655 
 301      928F
 302 0885 A741F629 		.ascii	"\247A\366)\005\331UQc!\270\213\311\312<\225\337\254"
 302      05D95551 
 302      6321B88B 
 302      C9CA3C95 
 302      DFAC
 303 0897 C5D799AC 		.ascii	"\305\327\231\254\216\207\215\211\262\244\246L\352\201"
 303      8E878D89 
 303      B2A4A64C 
 303      EA81
 304 08a5 C9597B26 		.ascii	"\311Y{&\012\312\324)\3732\255\2529K\215G\230\260\266"
 304      0ACAD429 
 304      FB32ADAA 
 304      394B8D47 
 304      98B0B6
 305 08b8 C9AA277A 		.ascii	"\311\252'z<N\021uN\304\341{j\344=\037AQ &\222\354\243"
 305      3C4E1175 
 305      4EC4E17B 
 305      6AE43D1F 
 305      41512026 
 306 08cf 55E80248 		.ascii	"U\350\002Hl\024\260\345<`\227\010\322\356\375\215\\"
 306      6C14B0E5 
 306      3C609708 
 306      D2EEFD8D 
 306      5C
ARM GAS  /var/folders/qd/4mxf5pkd0zdf0b9dd1hp39180000gn/T//ccnJLjmw.s 			page 24


 307 08e0 86DFCEF4 		.ascii	"\206\337\316\364[A\3769\220On\301J\002\244\237g\322"
 307      5B41FE39 
 307      904F6EC1 
 307      4A02A49F 
 307      67D2
 308 08f2 0B53EB1E 		.ascii	"\013S\353\036\273\3508\365\206o\243\27669sZ/\337\255"
 308      BBE838F5 
 308      866FA3BE 
 308      3639735A 
 308      2FDFAD
 309 0905 5D14E447 		.ascii	"]\024\344G\011\315\202\236\357P\322\256\034\353Q\343"
 309      09CD829E 
 309      EF50D2AE 
 309      1CEB51E3 
 310 0915 4966D475 		.ascii	"If\324u\361T\253\200E\226\375\271\373z\366\273\340\015"
 310      F154AB80 
 310      4596FDB9 
 310      FB7AF6BB 
 310      E00D
 311 0927 0CA9EADC 		.ascii	"\014\251\352\334:\350\206\2670\244'\357Y\245\006oeH"
 311      3AE886B7 
 311      30A427EF 
 311      59A5066F 
 311      6548
 312 0939 DAD5FBB9 		.ascii	"\332\325\373\271Z\274\215\"B\373\314\340 \224\265\267"
 312      5ABC8D22 
 312      42FBCCE0 
 312      2094B5B7 
 313 0949 4C30AC18 		.ascii	"L0\254\030\255\275\242\003T5XV>\326\375r\352q\262_\276"
 313      ADBDA203 
 313      54355856 
 313      3ED6FD72 
 313      EA71B25F 
 314 095e 22E8D165 		.ascii	"\"\350\321e)8\006=\323\257o]m\2533\336\303d\335\277"
 314      2938063D 
 314      D3AF6F5D 
 314      6DAB33DE 
 314      C364DDBF 
 315 0972 7B69DA0D 		.ascii	"{i\332\015g0D||\274S\203\0170\244k\333d\237\013\316"
 315      6730447C 
 315      7CBC5383 
 315      0F30A46B 
 315      DB649F0B 
 316 0987 62485D5B 		.ascii	"bH][\354\0115\316a\310\301\306>\321\011\3473\244rc\343"
 316      EC0935CE 
 316      61C8C1C6 
 316      3ED109E7 
 316      33A47263 
 317 099c B4333EC2 		.ascii	"\2643>\302\220]\345\321\353t\270\204!\3313\343qz\\\306"
 317      905DE5D1 
 317      EB74B884 
 317      21D933E3 
 317      717A5CC6 
 318 09b0 90C9CAE6 		.ascii	"\220\311\312\346\014\201\365\014/@\017W\307\326a\226"
 318      0C81F50C 
 318      2F400F57 
 318      C7D66196 
ARM GAS  /var/folders/qd/4mxf5pkd0zdf0b9dd1hp39180000gn/T//ccnJLjmw.s 			page 25


 319 09c0 E0E9B08D 		.ascii	"\340\351\260\215v=\267\376\\\2643\362b\237\271\336^"
 319      763DB7FE 
 319      5CB433F2 
 319      629FB9DE 
 319      5E
 320 09d1 5E19C4DC 		.ascii	"^\031\304\334\352\211X\274'k\343f1\275\006Qk:\301\232"
 320      EA8958BC 
 320      276BE366 
 320      31BD0651 
 320      6B3AC19A 
 321 09e5 1161AE64 		.ascii	"\021a\256d~\261@|_L\"\240bC\236|\004; \330\273\021\362"
 321      7EB1407C 
 321      5F4C22A0 
 321      62439E7C 
 321      043B20D8 
 322 09fc 6BF6E43E 		.ascii	"k\366\344>\204z\261D\\\363\261D\334\247H,g\335\"\243"
 322      847AB144 
 322      5CF3B144 
 322      DCA7482C 
 322      67DD22A3 
 323 0a10 EEB1A73E 		.ascii	"\356\261\247>\216\354\311\373e\344W\355\311cf+.#o\267"
 323      8EECC9FB 
 323      65E457ED 
 323      C963662B 
 323      2E236FB7 
 324 0a24 27DF23D8 		.ascii	"'\337#\330i>,\243\356R\366\012\245N\340\307\"\"\254"
 324      693E2CA3 
 324      EE52F60A 
 324      A54EE0C7 
 324      2222AC
 325 0a37 ECD00DC8 		.ascii	"\354\320\015\310\346\353p\017\365\363\021\220\031\350"
 325      E6EB700F 
 325      F5F31190 
 325      19E8
 326 0a45 0E64D080 		.ascii	"\016d\320\200\340\205n\001\214\002\014\002\334\005\030"
 326      E0856E01 
 326      8C020C02 
 326      DC0518
 327 0a54 02B80D70 		.ascii	"\002\270\015p\023`X\360\242\325\306\022l\340\370\234"
 327      136058F0 
 327      A2D5C612 
 327      6CE0F89C 
 328 0a64 70604838 		.ascii	"p`H8\250xr\251\254\212\365\324{fD\210u\213\250f\335"
 328      A87872A9 
 328      AC8AF5D4 
 328      7B664488 
 328      758BA866 
 329 0a79 CA66CBEC 		.ascii	"\312f\313\354h\220\331\321\253\354SJMf\362\376;wm\216"
 329      6890D9D1 
 329      ABEC534A 
 329      4D66F2FE 
 329      3B776D8E 
 330 0a8d 4BE4B4B0 		.ascii	"K\344\264\260\322\267\026`\351\314\360='|\232&\036."
 330      D2B71660 
 330      E9CCF03D 
 330      277C9A26 
 330      1E2E
ARM GAS  /var/folders/qd/4mxf5pkd0zdf0b9dd1hp39180000gn/T//ccnJLjmw.s 			page 26


 331 0a9f BC5D72C8 		.ascii	"\274]r\310\003\315\365\362N\340S-\365\204U\304}\220"
 331      03CDF5F2 
 331      4EE0532D 
 331      F58455C4 
 331      7D90
 332 0ab1 39C63DF1 		.ascii	"9\306=\361\000<1\316-\345\371\327\341\235\3253(\212"
 332      003C31CE 
 332      2DE5F9D7 
 332      E19DD533 
 332      288A
 333 0ac3 5BF5843D 		.ascii	"[\365\204=j\343\304\012\371\304<\323\224\305<3f\353"
 333      6AE3C40A 
 333      F9C43CD3 
 333      94C53C33 
 333      66EB
 334 0ad5 19B244B9 		.ascii	"\031\262D\271zrX\300\347X1\334\036\310\206\010\2672"
 334      7A7258C0 
 334      E75831DC 
 334      1EC88608 
 334      B732
 335 0ae7 24B5B7A6 		.ascii	"$\265\267\246\207\037X\236&\370\321\336\244\030=/\015"
 335      871F589E 
 335      26F8D1DE 
 335      A4183D2F 
 335      0D
 336 0af8 72BE59DB 		.ascii	"r\276Y\333<s\334\005w3\342\242\231\254(\214oR\344\203"
 336      3C73DC05 
 336      7733E2A2 
 336      99AC288C 
 336      6F52E483 
 337 0b0c 83AD576F 		.ascii	"\203\255Wo\273\200i\372\271^s\275\310_\370\347E~{\303"
 337      BB8069FA 
 337      B95E73BD 
 337      C85FF8E7 
 337      457E7BC3 
 338 0b20 871592B7 		.ascii	"\207\025\222\267\327</z\313\313\333K\257'\027\275\275"
 338      D73C2F7A 
 338      CBCBDB4B 
 338      AF2717BD 
 338      BD
 339 0b31 AC1F6F07 		.ascii	"\254\037o\007>I\0073\247\270Ov`o4m\353\223n\247\241"
 339      3E490733 
 339      A7B84F76 
 339      606F346D 
 339      EB936EA7 
 340 0b46 335B584D 		.ascii	"3[XM>\005\247Drj\005\247\310b\365\314&Vd\034s\217M~"
 340      3E05A744 
 340      726A05A7 
 340      C862F5CC 
 340      2656641C 
 341 0b5e 4E427E4E 		.ascii	"NB~N\220\374<\012RE\3144(\201\337\305\330\013\025\001"
 341      90FC3C0A 
 341      5245CC34 
 341      2881DFC5 
 341      D80B1501 
 342 0b72 1C012804 		.ascii	"\034\001(\004(\000\310\007\310\003\310\005\310\001\310"
 342      2800C807 
ARM GAS  /var/folders/qd/4mxf5pkd0zdf0b9dd1hp39180000gn/T//ccnJLjmw.s 			page 27


 342      C803C805 
 342      C801C8
 343 0b81 064806D8 		.ascii	"\006H\006\330\006\220\004\220\010\260\025`\035@8\300"
 343      06900490 
 343      08B01560 
 343      1D4038C0 
 344 0b91 8C8D1535 		.ascii	"\214\215\0255\177by\007\275\3631\030@\204Y\015x\212"
 344      7F627907 
 344      BDF33118 
 344      4084590D 
 344      788A
 345 0ba3 94CBC7AA 		.ascii	"\224\313\307\252\336#>\342\177O\275\246N\317}\264\212"
 345      DE233EE2 
 345      7F4FBDA6 
 345      4ECF7DB4 
 345      8A
 346 0bb4 C8267206 		.ascii	"\310&r\006\331)\370lV\257\271\3331\217\321G`=\022\355"
 346      D929F86C 
 346      56AFB9DB 
 346      318FD147 
 346      603D12ED 
 347 0bc8 0D7A8694 		.ascii	"\015z\206\224B\022\211\345!\201\201*{\2037\202\301\244"
 347      421289E5 
 347      2181812A 
 347      7B833782 
 347      C1A4
 348 0bda 62512C70 		.ascii	"bQ,p\214\344\006\307\203\3011\240\360\006\200\365X\256"
 348      8CE406C7 
 348      83C131A0 
 348      F00680F5 
 348      58AE
 349 0bec F4D490D3 		.ascii	"\364\324\220\323\263bQ\214\321\240(\320\"\234\217Q\354"
 349      B362518C 
 349      D1A028D0 
 349      229C8F51 
 349      EC
 350 0bfd 903235A2 		.ascii	"\22025\242m\324\210z\236\032\011 \372\333\325\350?\210"
 350      6DD4887A 
 350      9E1A0920 
 350      FADBD5E8 
 350      3F88
 351 0c0f C5CC5768 		.ascii	"\305\314Wh\216\255S\326\301\322\177\240b\333wh\303i"
 351      8EAD53D6 
 351      C1D27FA0 
 351      62DB7768 
 351      C369
 352 0c21 226C04B2 		.ascii	"\"l\004\262\010Nn=\224\366QN\004\353\3758Pb\023Wh\013"
 352      084E6E3D 
 352      94F6514E 
 352      04EBFD38 
 352      50621357 
 353 0c37 FCDE0CCA 		.ascii	"\374\336\014\312\304b\273jy,\257\226(\020\261\011+\317"
 353      C462BB6A 
 353      792CAF96 
 353      2810B109 
 353      2BCF
 354 0c49 32CA32D6 		.ascii	"2\3122\326\363\021\216e\324\370\260\\\266T\343l\376"
ARM GAS  /var/folders/qd/4mxf5pkd0zdf0b9dd1hp39180000gn/T//ccnJLjmw.s 			page 28


 354      F3118E65 
 354      D4F8B05C 
 354      B654E36C 
 354      FE
 355 0c5a B216F52C 		.ascii	"\262\026\365,\217\265( \222\267(\313\211\326k\273\266"
 355      8FB52820 
 355      92B728CB 
 355      89D66BBB 
 355      B6
 356 0c6b 86C3D281 		.ascii	"\206\303\322\201x#ZZ:\020b\013\315\314\220\323\343\002"
 356      78235A5A 
 356      3A10620B 
 356      CDCC90D3 
 356      E302
 357 0c7d B2BC8854 		.ascii	"\262\274\210T\3420\260]K\326\205$\250\033\244\361\221"
 357      E230B05D 
 357      4BD68524 
 357      A81BA4F1 
 357      91
 358 0c8e 743CD376 		.ascii	"t<\323v\274\333iKc\224\030\357K7\314\233\355su\223\355"
 358      BCDB694B 
 358      639418EF 
 358      4B37CC9B 
 358      ED737593 
 359 0ca3 C44896AB 		.ascii	"\304H\226\253\177`\346\221mb\2022\271,\240\375\277\221"
 359      7F60E691 
 359      6D628232 
 359      B92CA0FD 
 359      BF91
 360 0cb5 E2B99B53 		.ascii	"\342\271\233S[}Yb\037\376\261_3\336\333\201*\315\236"
 360      5B7D5962 
 360      1FFEB15F 
 360      33DEDB81 
 360      2ACD9E
 361 0cc8 F71EC12E 		.ascii	"\367\036\301.6\263:\345N\210\207R\247d\276\250\345\256"
 361      36B33AE5 
 361      4E888752 
 361      A764BEA8 
 361      E5AE
 362 0cda 9E12145D 		.ascii	"\236\022\024]\355\225\034O\\MD\357\225\\E\210-\332\221"
 362      ED951C4F 
 362      5C4D44EF 
 362      955C4588 
 362      2DDA91
 363 0ced 569BC593 		.ascii	"V\233\305\223g\027\236\2072\2245\244\366lURPE\207\021"
 363      67179E87 
 363      329435A4 
 363      F66C5552 
 363      50458711 
 364 0d01 ED0E8376 		.ascii	"\355\016\203vY\2209\207\000\016\002\354\003\330\015"
 364      59903987 
 364      000E02EC 
 364      03D80D
 365 0d10 900A9062 		.ascii	"\220\012\220b\223MO>e.!\321\331\007\002\011\007\207"
 365      934D4F3E 
 365      652E21D1 
 365      D9070209 
ARM GAS  /var/folders/qd/4mxf5pkd0zdf0b9dd1hp39180000gn/T//ccnJLjmw.s 			page 29


 365      0787
 366 0d22 0BA867E7 		.ascii	"\013\250g\347d}'\363\333\250\307~\305X\357\001\342\375"
 366      647D27F3 
 366      DBA8C77E 
 366      C558EF01 
 366      E2FD
 367 0d34 8E8965CD 		.ascii	"\216\211e\315!\315\2469\354Qh\016\271\320\034rHs\310"
 367      21CDA639 
 367      EC51680E 
 367      B9D01C72 
 367      4873C8
 368 0d47 068669BC 		.ascii	"\006\206i\274N2\300\332\275`Y\272d\031\311\334;N\243"
 368      4E32C0DA 
 368      BD6059BA 
 368      6419C9DC 
 368      3B4EA3
 369 0d5a 636C3627 		.ascii	"cl6'\233\361\003|\200\343\3460\3742i$$\223\016sZ\205"
 369      9BF1037C 
 369      80E3E630 
 369      FC326924 
 369      24930E73 
 370 0d70 CEC0F33E 		.ascii	"\316\300\363>\312\211\344}\032VX\022A\030\363\352y\030"
 370      CA89E47D 
 370      1A565812 
 370      4118F3EA 
 370      7918
 371 0d82 33C1F4BC 		.ascii	"3\301\364\274\0272}?PJ\246g2\323\035\314\250\350\000"
 371      17327D3F 
 371      504AA667 
 371      32D31DCC 
 371      A8E800
 372 0d95 182C4DAA 		.ascii	"\030,M\252\226\014[\264\363\012)T\302)_\312\260\247"
 372      960C5BB4 
 372      F30A2954 
 372      C2295FCA 
 372      B0A7
 373 0da7 74A16455 		.ascii	"t\241dU-\315\242\032L\205\005\317\215 I\351z>/\221b"
 373      2DCDA21A 
 373      4C8505CF 
 373      8D2049E9 
 373      7A3E2F91 
 374 0dbc 2CFC36EA 		.ascii	",\3746\352\206\217\244\312=\342\230\230\251\333~BC<"
 374      868FA4CA 
 374      3DE29898 
 374      A9DB7E42 
 374      433C
 375 0dce 0834B33D 		.ascii	"\0104\263=\370\250\3223\"B\334\271\210n\230Kx\025\360"
 375      F8A8D233 
 375      2242DCB9 
 375      886E984B 
 375      7815F0
 376 0de1 CD1A5BEC 		.ascii	"\315\032[\354\026\011\2625\345\007;\305\352pLw\2705"
 376      1609B235 
 376      E5073BC5 
 376      EA704C77 
 376      B835
 377 0df3 4AC42765 		.ascii	"J\304'e\304\303\377\302\210\311N\266V\211X>\315\266"
ARM GAS  /var/folders/qd/4mxf5pkd0zdf0b9dd1hp39180000gn/T//ccnJLjmw.s 			page 30


 377      C4C3FFC2 
 377      88C94EB6 
 377      5689583E 
 377      CDB6
 378 0e05 97F37487 		.ascii	"\227\363t\207\335\036j\260\257\306b\373\305m\347\217"
 378      DD1E6AB0 
 378      AFC662FB 
 378      C56DE78F 
 379 0e15 A4C6DC62 		.ascii	"\244\306\334bO={\007\320\"#oU&\227\207\342\030\017\005"
 379      4F3D7B07 
 379      D022236F 
 379      55269787 
 379      E2180F05 
 380 0e29 59915EB2 		.ascii	"Y\221^\262'\237\275\035y\262\204q'+\212\207\312\344"
 380      279FBD1D 
 380      79B28471 
 380      272B8A87 
 380      CAE4
 381 0e3b 32D5EF96 		.ascii	"2\325\357\226qK-\223\226\350`\322\342\226.\261\235\202"
 381      714B2D93 
 381      96E860D2 
 381      E2962EB1 
 381      9D82
 382 0e4d 6653CB23 		.ascii	"fS\313#]\306\372\242\250<\005}p\220\236o\222\374~\""
 382      5DC6FAA2 
 382      A83C057D 
 382      70909E6F 
 382      92FC7E22 
 383 0e61 65AD48A7 		.ascii	"e\255H\247\220$\362L\376Z'\222?@!2\245'(\245\230<A\231"
 383      9024F24C 
 383      FE5A2792 
 383      3F402132 
 383      A52728A5 
 384 0e79 B63E63DD 		.ascii	"\266>c\335x%Ao}\204\342\225U\316\036\241\000\025\032"
 384      7825416F 
 384      7D84E295 
 384      55CE1EA1 
 384      00151A
 385 0e8c 910EC847 		.ascii	"\221\016\310G,\0170\3120y\200Q\365\340\314\031=\276"
 385      2C0F30CA 
 385      30798051 
 385      F5E0CC19 
 385      3DBE
 386 0e9e E04A97DC 		.ascii	"\340J\227\334\011O\247\037\273s\016\275)87&j\263\270"
 386      094FA71F 
 386      BB730EBD 
 386      29383726 
 386      6AB3B8
 387 0eb1 17B16720 		.ascii	"\027\261g \307\260\225\005\374d,\312)\213\273y\017\343"
 387      C7B09505 
 387      FC642CCA 
 387      298BBB79 
 387      0FE3
 388 0ec3 DC700763 		.ascii	"\334p\007c\321\272=g\243\307\017\366\211\325\325b\365"
 388      D1BA3D67 
 388      A3C70FF6 
 388      89D5D562 
ARM GAS  /var/folders/qd/4mxf5pkd0zdf0b9dd1hp39180000gn/T//ccnJLjmw.s 			page 31


 388      F5
 389 0ed4 F5DEB7B6 		.ascii	"\365\336\267\266\211\342\006L\237;W\260\361\262\247"
 389      89E2064C 
 389      9F3B57B0 
 389      F1B2A7
 390 0ee3 D515840D 		.ascii	"\325\025\204\015\252\304? \207\247\017&jt\370:\343q"
 390      AAC43F20 
 390      87A70F26 
 390      6A74F83A 
 390      E371
 391 0ef5 3C297F27 		.ascii	"<)\177'?\223\277H\036<7L$T\361\027\005\304\357\000\276"
 391      3F93BF48 
 391      1E3C374C 
 391      2454F117 
 391      05C4EF00 
 392 0f0a E15A74AB 		.ascii	"\341Zt\253\216\335\237\244'mQi\347\371!\335\025r\020"
 392      8EDD9FA4 
 392      276D5169 
 392      E7F921DD 
 392      157210
 393 0f1d 57F134BD 		.ascii	"W\3614\275T\315_,p\003|f\250c\037\337v\334#\3645\351"
 393      54CD5F2C 
 393      70037C66 
 393      A8631FDF 
 393      76DC23F4 
 394 0f33 E57F8707 		.ascii	"\345\177\207\007\230\254\007\211\235\275\356x\210!C"
 394      98AC0789 
 394      9DBDEE78 
 394      882143
 395 0f42 B9ADAD18 		.ascii	"\271\255\255\030\337\243\210P?\031w\017;:$\257\303\317"
 395      DFA38850 
 395      3F19770F 
 395      3B3A24AF 
 395      C3CF
 396 0f54 3924DFCC 		.ascii	"9$\337\314N\274\316b(3<\353\220\034gDV\344\273#\330"
 396      4EBCCE62 
 396      28333CEB 
 396      901C6744 
 396      56E4BB23 
 397 0f69 F92B4EB4 		.ascii	"\371+N\264*T\317;{\003\310h\304\362Y\366\354\214\323"
 397      2A54CF3B 
 397      7B03C868 
 397      C4F259F6 
 397      EC8CD3
 398 0f7c E411D2E6 		.ascii	"\344\021\322\346\352\225z\357\300\016-\313L\"\370\014"
 398      EA957AEF 
 398      C00E2DCB 
 398      4C22F80C 
 399 0f8c 08AE57CE 		.ascii	"\010\256W\316Lr\024\262o\260M\203w\350\251\2417Ot\375"
 399      4C7214B2 
 399      6FB04D83 
 399      77E8A9A1 
 399      374F74FD 
 400 0fa0 0179CF65 		.ascii	"\001y\317e\"\356\276O:S\023\214<'\251^O\023Ry]p\036"
 400      22EEBE4F 
 400      3A53138C 
 400      3C27A95E 
ARM GAS  /var/folders/qd/4mxf5pkd0zdf0b9dd1hp39180000gn/T//ccnJLjmw.s 			page 32


 400      4F135279 
 401 0fb7 B454D218 		.ascii	"\264T\322\030\244l\0378?\346\202\017Q)h\364ZD\246\007"
 401      A46C1F38 
 401      3FE6820F 
 401      512968F4 
 401      5A44A607 
 402 0fcb 2E62487A 		.ascii	".bHz\343\206&\027\\\312\220\202\370\360p\214\3172$b"
 402      E3862617 
 402      5CCA9082 
 402      F8F0708C 
 402      CF322462 
 403 0fdf 5D669B40 		.ascii	"]f\233@v\276\021\317?z\302W\012\2133\335\021\354\373"
 403      76BE11CF 
 403      3F7AC257 
 403      0A8B33DD 
 403      11ECFB
 404 0ff2 32C4C808 		.ascii	"2\304\310\010\332\335;7'\262\356\336\012\223"
 404      DADD3B37 
 404      27B2EEDE 
 404      0A93
 405 1000 400B68DF 		.ascii	"@\013h\337\246l\277\262\035\315|\000\261\243\035\354"
 405      A66CBFB2 
 405      1DCD7C00 
 405      B1A31DEC 
 406 1010 B864E3F9 		.ascii	"\270d\343\371\366\021V\307m\330~\267{-\346a\276\032"
 406      F61156C7 
 406      6DD87EB7 
 406      7B2DE661 
 406      BE1A
 407 1022 37335756 		.ascii	"73WV\326n\271\344j\365\345\345\311\267v\323uO\007\360"
 407      D66EB9E4 
 407      6AF5E5E5 
 407      C9B776D3 
 407      754F07F0 
 408 1036 BD2CB9B3 		.ascii	"\275,\271\263\3559\356\274\002\242\225\324 O\234v\016"
 408      ED39EEBC 
 408      02A295D4 
 408      204F9C76 
 408      0E
 409 1047 C5B8E13E 		.ascii	"\305\270\341>\346\247\350\316\223\265n\370\026C\256"
 409      E6A7E8CE 
 409      93B56EF8 
 409      1643AE
 410 1056 6DEA6F40 		.ascii	"m\352o@\370\036C\342O\244Wi\361$C\016\225&e\273b\321"
 410      F81E43E2 
 410      4FA45769 
 410      F124430E 
 410      952665BB 
 411 106c 8D6A57FC 		.ascii	"\215jW\3748\262G\260>\177\034H\231\263\216\230\324\007"
 411      38B247B0 
 411      3E7F1C48 
 411      99B38E98 
 411      D407
 412 107e DEEAC12F 		.ascii	"\336\352\301/\370\370\261\027\333=~\274\377(\261\317"
 412      F8F8B117 
 412      DB3D7EBC 
 412      FF28B1CF 
ARM GAS  /var/folders/qd/4mxf5pkd0zdf0b9dd1hp39180000gn/T//ccnJLjmw.s 			page 33


 413 108e 03C75001 		.ascii	"\003\307P\001\250\272\270\274H\217\023\030r\177zw)\257"
 413      A8BAB8BC 
 413      488F1318 
 413      727F7A77 
 413      29AF
 414 10a0 3AF23ED1 		.ascii	":\362>\321\323\336\370x-\337\353\223\"\035\257\357\215"
 414      D3DEF878 
 414      2DDFEB93 
 414      221DAFEF 
 414      8D
 415 10b1 71C5197C 		.ascii	"q\305\031|\340TY\227\036gQD\327\331\275'JG\2161`7\357"
 415      E0545997 
 415      1E675144 
 415      D7D9BD27 
 415      4A478E31 
 416 10c8 E53DD7CB 		.ascii	"\345=\327\313\366\\\007\317G\3271h2\004\232\214rG\335"
 416      F65C07CF 
 416      47D73168 
 416      32049A8C 
 416      7247DD
 417 10db 85DF7760 		.ascii	"\205\337w`\015t\033\340\036\300 \300\260\375\336\244"
 417      0D741BE0 
 417      1EC020C0 
 417      B0FDDEA4 
 418 10eb 379B4FFE 		.ascii	"7\233O\376\304\340n0x\324\321$b]\265\246\322\015\302"
 418      C4E06E30 
 418      78D4D124 
 418      625DB5A6 
 418      D20DC2
 419 10fe 2DA01B90 		.ascii	"-\240\033\220\0344*[\340\223Uk\243\264\246\270i\317"
 419      1C342A5B 
 419      E093556B 
 419      A3B4A6B8 
 419      69CF
 420 1110 75D619D0 		.ascii	"u\326\031\320\360\177\262\022\035\001\035\256\332S\313"
 420      F07FB212 
 420      1D011DAE 
 420      DA53CB
 421 111f A61A99FF 		.ascii	"\246\032\231\377o\331\254\013G\330\342\210o\377d\334"
 421      6FD9AC0B 
 421      47D8E288 
 421      6FFF64DC 
 422 112f AE297293 		.ascii	"\256)r\223ME=\335,\205GmSX\331\273\375\234\333\213y"
 422      4D453DDD 
 422      2C85476D 
 422      5358D9BB 
 422      FD9CDB8B 
 423 1144 F751379F 		.ascii	"\367Q7\237\237\311\263\377.e\327ZZ\317\376\223\217\252"
 423      9FC9B3FF 
 423      2E65D75A 
 423      5ACFFE93 
 423      8FAA
 424 1156 75F8188B 		.ascii	"u\370\030\213{m\323\3054'|\221!%\015\007\317\323\367"
 424      7B6DD3C5 
 424      34277C91 
 424      21250D07 
 424      CFD3F7
ARM GAS  /var/folders/qd/4mxf5pkd0zdf0b9dd1hp39180000gn/T//ccnJLjmw.s 			page 34


 425 1169 D7225EE8 		.ascii	"\327\"^\350\305\204$\254)\251\2148\211\220\027M\025"
 425      C58424AC 
 425      29A98C38 
 425      8990174D 
 425      15
 426 117a D6065A56 		.ascii	"\326\006ZV\361\231\037Z\340\030(\362\320Q\214\225w\335"
 426      F1991F5A 
 426      E01828F2 
 426      D0518C95 
 426      77DD
 427 118c F7F91062 		.ascii	"\367\371\020b\366\004\230\375\030L}\0040\011\360\300"
 427      F60498FD 
 427      184C7D04 
 427      3009F0C0 
 428 119c D6E45EBE 		.ascii	"\326\344^\276h\260D\362\241\203Hr\347\3672\347?Tj\334"
 428      68B044F2 
 428      A1834872 
 428      E7F732E7 
 428      3F546ADC 
 429 11b0 B58376EE 		.ascii	"\265\203v\356S\320Z\226C\003r\321\327\024E[\234\235"
 429      53D05A96 
 429      430372D1 
 429      D714455B 
 429      9C9D
 430 11c2 D8706458 		.ascii	"\330pdX\213\273X\371'\017\337\335\251\206yG\331\364"
 430      8BBB58F9 
 430      270FDFDD 
 430      A9867947 
 430      D9F4
 431 11d4 6930F7DB 		.ascii	"i0\367\333L\267\024\306\222\324\002R\030S@\376D*\214"
 431      4CB714C6 
 431      92D40252 
 431      185340FE 
 431      442A8C
 432 11e7 8796654B 		.ascii	"\207\226eKY\325\235\267Y\341\317'\317\266\273\357W\363"
 432      59D59DB7 
 432      59E1CF27 
 432      CFB6BBEF 
 432      57F3
 433 11f9 D7C6FA48 		.ascii	"\327\306\372H\341\0274mIu\303\367Y\314\023\237\235="
 433      E117346D 
 433      4975C3F7 
 433      59CC139F 
 433      9D3D
 434 120b A5C5130C 		.ascii	"\245\305\023\014\251\252\036?\256\3063\014I>Qp\026\343"
 434      A9AA1E3F 
 434      AEC6330C 
 434      493E5170 
 434      16E3
 435 121d 68773679 		.ascii	"hw6ydd\016\012x3C\022\"\323oy\340$\206\344&\204'\012"
 435      64640E0A 
 435      78334312 
 435      22D36F79 
 435      E02486E4 
 436 1235 38952179 		.ascii	"8\225!y\353\372\317h\361a\2128\027\224\017\227i\350"
 436      EBFACF68 
 436      F1618A38 
ARM GAS  /var/folders/qd/4mxf5pkd0zdf0b9dd1hp39180000gn/T//ccnJLjmw.s 			page 35


 436      17940F97 
 436      69E8
 437 1247 393BF410 		.ascii	"9;\364\020/k\275\346\237\227\035Q\204\2531\332\244~"
 437      2F6BBDE6 
 437      9F971D51 
 437      84AB31DA 
 437      A47E
 438 1259 5EC1D67C 		.ascii	"^\301\326|-\255\366Dej\233\305\241\214<\312\236\274"
 438      2DADF644 
 438      656A9BC5 
 438      A18C3CCA 
 438      9EBC
 439 126b D87E5DDB 		.ascii	"\330~]\3334\354\231(\222H\222}W$'w\270\357\252\035\346"
 439      34EC9928 
 439      9248927D 
 439      57242777 
 439      B8EFAA1D 
 440 1280 C7196AC7 		.ascii	"\307\031j\307\005\374\014\012\370))\340\365\234\033"
 440      05FC0C0A 
 440      F82929E0 
 440      F59C1B
 441 128f 0967ACDA 		.ascii	"\011g\254\332\033mT{\241\315\000[\000\242\0016\000\304"
 441      1B6D547B 
 441      A1CD005B 
 441      00A20136 
 441      00C4
 442 12a1 A8E519DD 		.ascii	"\250\345\031\335>,;\207\213\260\327}\326\206\261\377"
 442      3E2C3B87 
 442      8BB0D77D 
 442      D686B1FF 
 443 12b1 2B662959 		.ascii	"+f)Y\222\257S\246f\216!\217\375G\267\017\251q\261;{"
 443      92AF53A6 
 443      668E218F 
 443      FD47B70F 
 443      A971B13B 
 444 12c6 5479A66F 		.ascii	"Ty\246o\257`\237\206V\275\023@\327\027\325\333\272\212"
 444      AF609F86 
 444      56BD1340 
 444      D717D5DB 
 444      BA8A
 445 12d8 DE354D16 		.ascii	"\3365M\026E\3610,N-\035\344\250y:^|\260/F\203O\262\024"
 445      45F1302C 
 445      4E2D1DE4 
 445      A8793A5E 
 445      7CB02F46 
 446 12f0 89BC18FE 		.ascii	"\211\274\030\376c\334\310~\337\272\2657\211\277\353"
 446      63DCC87E 
 446      DFBAB537 
 446      89BFEB
 447 12ff F15D40DB 		.ascii	"\361]@\333\253\266\037\023\034\276?\273M\315\337\237"
 447      ABB61F13 
 447      1CBE3FBB 
 447      4DCDDF9F 
 448 130f 4D52CF67 		.ascii	"MR\317g\007\3331#Z\373W1k\300\214\223\230\220oW{Z\006"
 448      07DB3123 
 448      5AFB5731 
 448      6BC08C93 
ARM GAS  /var/folders/qd/4mxf5pkd0zdf0b9dd1hp39180000gn/T//ccnJLjmw.s 			page 36


 448      98906F57 
 449 1326 91640C1F 		.ascii	"\221d\014\037\356\271\343\316\036\372@\267\262\036y"
 449      EEB9E3CE 
 449      1EFA40B7 
 449      B21E79
 450 1335 ECCA6F12 		.ascii	"\354\312o\022i2\222R\352\204RJ\005\033\254%Y<\353|\250"
 450      69329252 
 450      EA84524A 
 450      051BAC25 
 450      593CEB7C 
 451 134a 675A132E 		.ascii	"gZ\023.V\303\346\020\330\243D5\243\267\010E\325\330"
 451      56C3E610 
 451      D8A34435 
 451      A3B70845 
 451      D5D8
 452 135c 2E468F26 		.ascii	".F\217&y~\021\327\314p\366VW\333oa\307\326\262\210\222"
 452      797E11D7 
 452      CC70F656 
 452      57DB6F61 
 452      C7D6B288 
 453 1371 D5CA454E 		.ascii	"\325\312ENl\215h\011\262\327\245\345\257\354\364\211"
 453      6C8D6809 
 453      B2D7A5E5 
 453      AFECF489 
 454 1381 6C5E2E70 		.ascii	"l^.pr\353\261\361&\245\3072\257\250\320\011\020~\234"
 454      72EBB1F1 
 454      26A5C732 
 454      AFA8D009 
 454      107E9C
 455 1394 08DFCA95 		.ascii	"\010\337\312\225'q\336\003qN\206\270\356\000\330\005"
 455      2771DE03 
 455      714E86B8 
 455      EE00D805 
 456 13a4 9002B01B 		.ascii	"\220\002\260\033`\247Z~\244\361\344\257L=\2626=m\257"
 456      60A75A7E 
 456      A4F1E4AF 
 456      4C3DB236 
 456      3D6DAF
 457 13b7 DE296CDF 		.ascii	"\336)l\337q\333'Y\265\244\252\355WlU\353#\037\271\341"
 457      71DB2759 
 457      B5A4AAED 
 457      576C55EB 
 457      231FB9E1 
 458 13cb 4E968D35 		.ascii	"N\226\2155\221\2551X\266b{m\317\003\222K{\201y\232\224"
 458      91AD3158 
 458      B6627B6D 
 458      CF03924B 
 458      7B81799A 
 459 13e0 4BA9EAB9 		.ascii	"K\251\352\271\016-I\007\355_\324\022\262p{\330\267A"
 459      0E2D4907 
 459      ED5FD412 
 459      B2707BD8 
 459      B741
 460 13f2 0F1BA43E 		.ascii	"\017\033\244>\226\001\311\205\0051b\374i\330d\021\221"
 460      9601C985 
 460      053162FC 
 460      69D86411 
ARM GAS  /var/folders/qd/4mxf5pkd0zdf0b9dd1hp39180000gn/T//ccnJLjmw.s 			page 37


 460      91
 461 1403 557C9364 		.ascii	"U|\223da\256\"W\340o\206\232l\222\342/\246\304\272\341"
 461      61AE2257 
 461      E06F869A 
 461      6C92E22F 
 461      A6C4BAE1 
 462 1417 0196BC7D 		.ascii	"\001\226\274}C\025\321n\300G\254!o~\276\233t&J\214G"
 462      4315D16E 
 462      C047AC21 
 462      6F7EBE9B 
 462      74264A8C 
 463 142c F41DC07D 		.ascii	"\364\035\300}LoY\356\302\025r\256B\231d\344\354\177"
 463      4C6F59EE 
 463      C21572AE 
 463      429964E4 
 463      EC7F
 464 143e A8C18F18 		.ascii	"\250\301\217\030\223\202\231\003\261Z\316d,\023\213"
 464      93829903 
 464      B15ACE64 
 464      2C138B
 465 144d 5E94C1FE 		.ascii	"^\224\301\376Y\014\366S\006\007(\203\007\033\327O\360"
 465      590CF653 
 465      06072883 
 465      071BD74F 
 465      F0
 466 145e 77D2E92B 		.ascii	"w\322\351+=\015cG\334\035V\315!K\325\034dUS\365,6\337"
 466      3D0D6347 
 466      DC1D56CD 
 466      214BD51C 
 466      645553F5 
 467 1475 43AA1A44 		.ascii	"C\252\032D\237q[:\236\012e\321\252\241\203(\002#\272"
 467      9F715B3A 
 467      9E0A65D1 
 467      AAA18328 
 467      0223BA
 468 1488 D7276E46 		.ascii	"\327'nF\362GapY&\340\260\232\275\304\014\337\344E\237"
 468      F2476170 
 468      5926E0B0 
 468      9ABDC40C 
 468      DFE4459F 
 469 149c CC7DDBDC 		.ascii	"\314}\333\334\345\304{\325\362\305S6'\316\246\304-q"
 469      E5C47BD5 
 469      F2C55336 
 469      27CEA6C4 
 469      2D71
 470 14ae B1251E72 		.ascii	"\261%\036r\342\001\233w\222s8q\016%\236\351n\255\327"
 470      E2019B77 
 470      92733871 
 470      0E259EE9 
 470      6EADD7
 471 14c1 C88989A3 		.ascii	"\310\211\211\243$\342\\N\234K\211\257\265\015O8\343"
 471      24E25C4E 
 471      9C4B89AF 
 471      B50D4F38 
 471      E3
 472 14d2 280FEAE3 		.ascii	"(\017\352\343\013\215\333\266{\320\267\316\310I\012"
 472      0B8DDBB6 
ARM GAS  /var/folders/qd/4mxf5pkd0zdf0b9dd1hp39180000gn/T//ccnJLjmw.s 			page 38


 472      7BD0B7CE 
 472      C8490A
 473 14e1 7B2D7026 		.ascii	"{-p&\"\371\221\3437m\013\324d_\237\257\346\373\372\212"
 473      22F991E3 
 473      376D0BD4 
 473      645F9FAF 
 473      E6FBFA8A 
 474 14f5 D6AB1B75 		.ascii	"\326\253\033u\344\035\337>\261\372\302m\355\246\365"
 474      E41DDF3E 
 474      B1FAC26D 
 474      EDA6F5
 475 1504 B1308185 		.ascii	"\2610\201\205\213?\371\210\020\242<)K\363\324v\357\275"
 475      8B3FF988 
 475      10A23C29 
 475      4BF3D476 
 475      EFBD
 476 1516 16AAC9FE 		.ascii	"\026\252\311\376<\341\336X\242\343\377\027p\304\022"
 476      3CE1DE58 
 476      A2E3FF17 
 476      70C412
 477 1525 A145EC95 		.ascii	"\241E\354\225\217\212\273Sj\373\000I\252\025\321\000"
 477      8F8ABB53 
 477      6AFB0049 
 477      AA15D100 
 478 1535 1D61012A 		.ascii	"\035a\001*\242\001\2721\225[\316_B\322\000z\342\\d\245"
 478      A201BA31 
 478      955BCE5F 
 478      42D2007A 
 478      E25C64A5 
 479 1549 AB436925 		.ascii	"\253Ci%\026i\305,\037,\257\333\315c\257\333e\367'5\""
 479      1669C52C 
 479      1F2CAFDB 
 479      CD63AFDB 
 479      65F72735 
 480 155e 7BE947D5 		.ascii	"{\351G\325,}T\250\224J/a\322K\251\364\264\351\251d\233"
 480      2C7D54A8 
 480      944A2F61 
 480      D24BA9F4 
 480      B4E9A964 
 481 1573 885FB209 		.ascii	"\210_\262\011b\031\217K\031\215\313\275G\215\011\030"
 481      62198F4B 
 481      198DCBBD 
 481      478D0918 
 482 1583 1F677119 		.ascii	"\037gq\031\270\226\227\257\346n\355J\301\033\317\323"
 482      B89697AF 
 482      E66EED4A 
 482      C11BCFD3 
 483 1593 57A7D33F 		.ascii	"W\247\323?\342\307\035\222[\217\331\273\265\234\272"
 483      E2C71D92 
 483      5B8FD9BB 
 483      B59CBA
 484 15a2 F5D4A3F6 		.ascii	"\365\324\243\366\\-\276\300\230u\234\257p\342\274\306"
 484      5C2DBEC0 
 484      98759CAF 
 484      70E2BCC6 
 485 15b2 63F1B10B 		.ascii	"c\361\261\0136\274*$^\025\366\274*)\257\003\023\223"
 485      36BC2A24 
ARM GAS  /var/folders/qd/4mxf5pkd0zdf0b9dd1hp39180000gn/T//ccnJLjmw.s 			page 39


 485      5E15F6BC 
 485      2A29AF03 
 485      1393
 486 15c4 B1EEB89F 		.ascii	"\261\356\270\237\361\272?q\304\205\363\352\017f\357"
 486      F1BA3F71 
 486      C485F3EA 
 486      0F66EF
 487 15d3 38EF656F 		.ascii	"8\357eoVWI\214\252\354\031\035\247\214.\017\324,\307"
 487      5657498C 
 487      AAEC191D 
 487      A78C2E0F 
 487      D42CC7
 488 15e6 238CCFE1 		.ascii	"#\214\317\341\334=\005\356\370\011CbkN\245j \013Q5\031"
 488      DC3D05EE 
 488      F8094362 
 488      6B4EA56A 
 488      200B5135 
 489 15fb 48AE9C3D 		.ascii	"H\256\234=Tr\022\321\274\354\263\276\261\273\2435\243"
 489      547212D1 
 489      BCECB3BE 
 489      B1BBA335 
 489      A3
 490 160c DCF13BFD 		.ascii	"\334\361;\375\247h^\326X\3622\345\376\211d\213\242g"
 490      A7685ED6 
 490      58F232E5 
 490      FE89648B 
 490      A267
 491 161e 635CEA0A 		.ascii	"c\\\352\012o\264\206\213\363\"\337$t\350\204EUtR\255"
 491      6FB4868B 
 491      F322DF24 
 491      74E88445 
 491      557452AD 
 492 1632 2698ADB6 		.ascii	"&\230\255\266\247\251\266I\373\317\306\250q\311\034"
 492      A7A9B649 
 492      FBCFC6A8 
 492      71C91C
 493 1641 D6D08A46 		.ascii	"\326\320\212F\333\364\234]o\012\316\333lMsb\372\031"
 493      DBF49C5D 
 493      6F0ACEDB 
 493      6C4D7362 
 493      FA19
 494 1653 C9F433F6 		.ascii	"\311\3643\366\314j)\263\372\033\2715\356\270\2161\313"
 494      CC6A29B3 
 494      FA1BB935 
 494      EEB88E31 
 494      CB
 495 1664 EBDF3626 		.ascii	"\353\3376&\013\3109\333\200\234\225\230\235\265gVG\231"
 495      0BC839DB 
 495      809C9598 
 495      9DB56756 
 495      4799
 496 1676 F5A5DD4A 		.ascii	"\365\245\335Jt\303\335\214Yr\375p\241\245\000[\326\332"
 496      74C3DD8C 
 496      5972FD70 
 496      A1A5005B 
 496      D6DA
 497 1688 44A45EE2 		.ascii	"D\244^\342To\317\251\201r\272Y\362\364\202\036\0171"
ARM GAS  /var/folders/qd/4mxf5pkd0zdf0b9dd1hp39180000gn/T//ccnJLjmw.s 			page 40


 497      546FCFA9 
 497      8172BA59 
 497      F2F4821E 
 497      0F31
 498 169a 4E3B5B0A 		.ascii	"N;[\012\177\256\274\303Qz\277\033\006\\M,\020\021\276"
 498      7FAEBCC3 
 498      517ABF1B 
 498      065C4D2C 
 498      1011BE
 499 16ad C3461F99 		.ascii	"\303F\037\231\031\270\350\214\307\030R\230\373\354\234"
 499      19B8E88C 
 499      C7185298 
 499      FBEC9C
 500 16bc 802718D2 		.ascii	"\200'\030\322\261}\343\210\223\205\361\206\027`\254"
 500      B17DE388 
 500      9385F186 
 500      1760AC
 501 16cb B9F370B4 		.ascii	"\271\363p\264\322\005\321\207\344s\331\326i4\315e\250"
 501      D205D187 
 501      E473D9D6 
 501      6934CD65 
 501      A8
 502 16dc 28B3399C 		.ascii	"(\2639\234<\0078\247\326\241&0\255]\255\270\263\310"
 502      3C0738A7 
 502      D6A12630 
 502      AD5DADB8 
 502      B3C8
 503 16ee 10936040 		.ascii	"\020\223`@\377\036\314f\344\213@}\301\236\332\366T\226"
 503      FF1ECC66 
 503      E48B407D 
 503      C19EDAF6 
 503      5496
 504 1700 EECD2CF4 		.ascii	"\356\315,\364\204\373yE\356\362\011\374\331n\234L\336"
 504      84FB7945 
 504      EEF209FC 
 504      D96E9C4C 
 504      DE
 505 1711 926B57DB 		.ascii	"\222kW\333m\231\010\257\236=8\213=\177%\314\032\225"
 505      6D9908AF 
 505      9E3D388B 
 505      3D7F25CC 
 505      1A95
 506 1723 85CF7E9A 		.ascii	"\205\317~\232iYZ\251(9\231\343.\301\214\335\0143t+@"
 506      69595AA9 
 506      283999E3 
 506      2EC18CDD 
 506      0C33742B 
 507 1738 1B408B34 		.ascii	"\033@\2134S_:=\230\354\201\017\276\304^\340{\332\273"
 507      535F3A3D 
 507      98EC810F 
 507      BEC45EE0 
 507      7BDABB
 508 174b C5C5E1E6 		.ascii	"\305\305\341\346\251\003\270|\033G~\276\266\007\223"
 508      A903B87C 
 508      1B477EBE 
 508      B60793
 509 175a 231F7405 		.ascii	"#\037t\005\250/K\311\323nY\254V\364\364\234\264y\363"
ARM GAS  /var/folders/qd/4mxf5pkd0zdf0b9dd1hp39180000gn/T//ccnJLjmw.s 			page 41


 509      A82F4BC9 
 509      D36E59AC 
 509      56F4F49C 
 509      B479F3
 510 176d E38ACD0C 		.ascii	"\343\212\315\014\326\311\373Y'\355g\265\025\221?\224"
 510      D6C9FB59 
 510      27ED67B5 
 510      15913F94 
 511 177d D392A35E 		.ascii	"\323\222\243^\211\266\213\323\222oM\240\257\177\320"
 511      89B68BD3 
 511      926F4DA0 
 511      AF7FD0
 512 178c 423FE75F 		.ascii	"B?\347_\376\372\367\257-]\274X\2453\030\302\374\203"
 512      FEFAF7AF 
 512      2D5DBC58 
 512      A53318C2 
 512      FC83
 513 179e CCEFBD6B 		.ascii	"\314\357\275k0oE>\037\206\204\004\370\373\371\232\375"
 513      306F453E 
 513      1F868404 
 513      F8FBF99A 
 513      FD
 514 17af 8383427D 		.ascii	"\203\203B}~\356\027\340\037\022j4\030\027\204\204\371"
 514      7EEE17E0 
 514      1F126A34 
 514      18178484 
 514      F9
 515 17c0 7DFDF642 		.ascii	"}\375\366B\337\220\020\237\245\301Afc\220y\326"
 515      DF90109F 
 515      A5C14166 
 515      639079D6 
 516 17d0 4D9FCF83 		.ascii	"M\237\317\203\203\003B}V\372\371-\3605\005.\010\012"
 516      8303427D 
 516      56FAF92D 
 516      F035052E 
 516      080A
 517 17e2 0E322E30 		.ascii	"\0162.0\372~\351\277\340\375\005o/Z\374\376\202\277"
 517      FA7EE9BF 
 517      E0FD056F 
 517      2F5AFCFE 
 517      82BF
 518 17f4 BCBB20D0 		.ascii	"\274\273 \320\367\253`\223\217\315]\037\377 \277\200"
 518      F7AB6093 
 518      8FCD5D1F 
 518      FF20BF80 
 519 1804 B0E5469F 		.ascii	"\260\345F\237@_\277U\376AF\037\303r\343\012\337\260"
 519      405FBF55 
 519      FE41461F 
 519      C372E30A 
 519      DFB0
 520 1816 00B3C1BC 		.ascii	"\000\263\301\2746\304\030\272p\225\312\331\242\\\364"
 520      36C418BA 
 520      7095CAD9 
 520      A25CF4
 521 1825 FF9F72A1 		.ascii	"\377\237r\241kC}\014\241\346\345\240\011h\244\0135\177"
 521      6B437D0C 
 521      A1E6E5A0 
ARM GAS  /var/folders/qd/4mxf5pkd0zdf0b9dd1hp39180000gn/T//ccnJLjmw.s 			page 42


 521      0968A40B 
 521      357F
 522 1837 ED1BE0BF 		.ascii	"\355\033\340\2772\310`\376\301\302\205>\354_p\250\217"
 522      32C860FE 
 522      C1C2853E 
 522      EC5F70A8 
 522      8F
 523 1848 C9EC1312 		.ascii	"\311\354\023\022l\002\341\037~\366\351\322O\327\370"
 523      6C02E11F 
 523      7EF6E9D2 
 523      4FD7F8
 524 1857 F8ADF20B 		.ascii	"\370\255\362\0136\031a\200\366\363U&\243\357\362\305"
 524      36196180 
 524      F6F35526 
 524      A3EFF2C5 
 525 1867 5AE67995 		.ascii	"Z\346y\225\307\262\265\241\237\373\373}m\370\3107hy"
 525      C7B2B5A1 
 525      9FFBFB7D 
 525      6DF8C837 
 525      6879
 526 1879 80D1A426 		.ascii	"\200\321\244&\327u~\253>_\265|Y\200\321\030\302#\362"
 526      D7757EAB 
 526      3E5FB57C 
 526      5980D118 
 526      C223F2
 527 188c CEDB06B3 		.ascii	"\316\333\006\263\263\345\207\013\350`\366\0174\032\314"
 527      B3E5870B 
 527      E860F60F 
 527      341ACC
 528 189b 5E76322D 		.ascii	"^v2-J\372\255\"$\334k\337wHd\246\272\020\032O\003Q\327"
 528      4AFAAD22 
 528      24DC6BDF 
 528      774864A6 
 528      BA101A4F 
 529 18b2 E06FFA8B 		.ascii	"\340o\372\213\301\030\342\037\020\2742\314\370\346\267"
 529      C118E21F 
 529      10BC32CC 
 529      F8E6B7
 530 18c1 DB63F8E6 		.ascii	"\333c\370\346\375@2\330o\025\265\"\320h\342V|\374\017"
 530      FD4032D8 
 530      6F15B522 
 530      D068E256 
 530      7CFC0F
 531 18d4 CF530C86 		.ascii	"\317S\014\206\274D-\\\012\342\315\306ef\210\242\237"
 531      BC442D5C 
 531      0AE2CDC6 
 531      656688A2 
 531      9F
 532 18e5 D6BC222C 		.ascii	"\326\274\",\310\317`\326\232CL\376\301\006\363\273\317"
 532      C8CF60D6 
 532      9A434CFE 
 532      C106F3BB 
 532      CF
 533 18f6 151F1C08 		.ascii	"\025\037\034\010Z\032M\241>\277\\\272\224\030\302M\325"
 533      5A1A4DA1 
 533      3EBF5CBA 
 533      9418C24D 
ARM GAS  /var/folders/qd/4mxf5pkd0zdf0b9dd1hp39180000gn/T//ccnJLjmw.s 			page 43


 533      D5
 534 1907 84FAFF15 		.ascii	"\204\372\377\025\334\022\377\177\221\036\001\376_\022"
 534      DC12FF7F 
 534      911E01FE 
 534      5F12
 535 1915 2ABB3479 		.ascii	"*\2734y\177\341\333\013\027K\311b^\0169L\362$\304\000"
 535      7FE1DB0B 
 535      174BC962 
 535      5E0E394C 
 535      F224C400 
 536 1929 B60610D3 		.ascii	"\266\006\020\323\\B\014\201\3465\001\376\241fM\240!"
 536      5C420C81 
 536      E63501FE 
 536      A1664DA0 
 536      21
 537 193a C8B8C6AC 		.ascii	"\310\270\306\254\0154\004\257\0162\232\340\373/a\306"
 537      0D3404AF 
 537      0E329AE0 
 537      FB2F61C6 
 538 194a 30A32684 		.ascii	"0\243&\204^\236\343\267\312\300\003d\275\036b2~\343"
 538      5E9EE3B7 
 538      CAC00364 
 538      BD1E6232 
 538      7EE3
 539 195c 6173111C 		.ascii	"as\021\034\026\030f6\256\201\364\000z\372\023d\031C"
 539      16186636 
 539      AE81F400 
 539      7AFA1364 
 539      1943
 540 196e 8C4190A1 		.ascii	"\214A\220\241+]\215\337\200\215\201\276\241_\033\314"
 540      2B5D8DDF 
 540      808D81BE 
 540      A15F1BCC 
 541 197e 4E203774 		.ascii	"N 7t\245\213\301\300\263H\313\277\235\340\252\301\254"
 541      A58BC1C0 
 541      B348CBBF 
 541      9DE0AAC1 
 541      AC
 542 198f A377294B 		.ascii	"\243w)KPp\265\257\277\031\206{\310T \012\273\313\021"
 542      5070B5AF 
 542      BF19867B 
 542      C854200A 
 542      BBCB11
 543 19a2 83198718 		.ascii	"\203\031\207\030\3024\306\325\204\275f\265\031\214\012"
 543      C234C6D5 
 543      84BD66B5 
 543      198C0A
 544 19b1 81AF5063 		.ascii	"\201\257Pc`\210S\250\301/\310\354\004\000b\270\242z"
 544      608853A8 
 544      C12FC8EC 
 544      040062B8 
 544      A27A
 545 19c3 E005F77C 		.ascii	"\340\005\367|CVA\3428\2556\233M!\236\214\035xf\205\321"
 545      435641E2 
 545      38AD369B 
 545      4D219E8C 
 545      1D786685 
ARM GAS  /var/folders/qd/4mxf5pkd0zdf0b9dd1hp39180000gn/T//ccnJLjmw.s 			page 44


 546 19d8 640CF203 		.ascii	"d\014\362\003c\200A\360\227_\2058\033\327\370\233\375"
 546      638041F0 
 546      975F8538 
 546      1BD7F89B 
 546      FD
 547 19e9 82971B35 		.ascii	"\202\227\0335\246\345kA/\015q\337\212P\027V\014K\200"
 547      A6E56B41 
 547      2F0D71DF 
 547      8A501756 
 547      0C4B80
 548 19fc ABE5DB4C 		.ascii	"\253\345\333L\256\303w\210aE\200\357\312P\2559\020F"
 548      AEC37788 
 548      614580EF 
 548      CA50AD39 
 548      1046
 549 1a0e 513C14D2 		.ascii	"Q<\024\322\312\350l\246_\300\030\234\352\033hT\373\255"
 549      CAE86CA6 
 549      5FC0189C 
 549      EA1B6854 
 549      FBAD
 550 1a20 F235C1CD 		.ascii	"\3625\301\315\340\200\345F\362\035d\\m4\201g\374\314"
 550      E080E546 
 550      F21D645C 
 550      6D348167 
 550      FCCC
 551 1a32 6BB069F1 		.ascii	"k\260i\361;B\200\311\331d\\\011!\005\353L\213\027\003"
 551      3B4280C9 
 551      D9645C09 
 551      2105EB4C 
 551      8B1703
 552 1a45 2C124C3F 		.ascii	",\022L?\022LK\004\323\373\202\351=\301\364\317\202\351"
 552      124C4B04 
 552      D3FB82E9 
 552      3DC1F4CF 
 552      82E9
 553 1a57 5D57562B 		.ascii	"]WV+Af\030\245\365#y\264\306L\203\003\301\265z\014\230"
 553      416618A5 
 553      F52379B4 
 553      C64C8303 
 553      C1B57A0C 
 554 1a6c 0786402A 		.ascii	"\007\206@*9s#\315\2579.\011\277U\313!G\034\327\014\270"
 554      397323CD 
 554      AF392E09 
 554      BF55CB21 
 554      471CD70C 
 555 1a81 F6B9F7C1 		.ascii	"\366\271\367\301\257p\337\205\226\341\307A\376f\227"
 555      AF70DF85 
 555      96E1C741 
 555      FE6697
 556 1a90 D5BEBCCD 		.ascii	"\325\276\274\315\010~\253\004s\240&x\305\212P\243Yk"
 556      087EAB04 
 556      73A02678 
 556      C58A50A3 
 556      596B
 557 1aa2 32D390FC 		.ascii	"2\323\220\374\275\343\206@\370\3141\007\032\374\240"
 557      BDE38640 
 557      F8CC3107 
ARM GAS  /var/folders/qd/4mxf5pkd0zdf0b9dd1hp39180000gn/T//ccnJLjmw.s 			page 45


 557      1AFCA0
 558 1ab1 A97D69A2 		.ascii	"\251}i\242\345\003\271Az\0223\003/\377\222f\005i/\306"
 558      E503B941 
 558      7A123303 
 558      2FFF9266 
 558      05692FC6 
 559 1ac5 4068D05F 		.ascii	"@h\320_\206\255t\011\361\015\362\367#\351\343.\277\014"
 559      86AD7409 
 559      F10DF2F7 
 559      23E9E32E 
 559      BF0C
 560 1ad7 3EFFC64C 		.ascii	">\377\306L\022\305\371\0333\\\0110\373j\341\007\311"
 560      12C5F91B 
 560      335C0930 
 560      FB6AE107 
 560      C9
 561 1ae8 60F24D8A 		.ascii	"`\362M\212\035n\360\232\207\013\226\224\377\306\337"
 561      1D6EF09A 
 561      870B9694 
 561      FFC6DF
 562 1af7 640EF30D 		.ascii	"d\016\363\0150\220\006g\322\220\021\276&\017\233\213"
 562      30900667 
 562      D29011BE 
 562      260F9B8B 
 563 1b07 06F3CBF6 		.ascii	"\006\363\313\366t,#u@\315[\343w\024nC\252\233\310\267"
 563      742C2375 
 563      40CD5BE3 
 563      77146E43 
 563      AA9BC8B7 
 564 1b1b D6C4C36F 		.ascii	"\326\304\303o\342\3417\221\360kL4\200p\221\246\253\033"
 564      E2E13791 
 564      F06B4C34 
 564      807091A6 
 564      AB1B
 565 1b2d 882006AF 		.ascii	"\210 \006\257\245C]\200$\314\0049j\326K\027\241\021"
 565      A5435D80 
 565      24CC0439 
 565      6AD64B17 
 565      A111
 566 1b3f 5B3DE1EE 		.ascii	"[=\341\356\017m\217G\036\252\307Ur\221\331#\324\010"
 566      0F6D8F47 
 566      1EAAC755 
 566      7291D923 
 566      D408
 567 1b51 390245E3 		.ascii	"9\002E\343\027\034\006\251b\362\010\364\017\2022\265"
 567      171C06A9 
 567      62F208F4 
 567      0F8232B5 
 568 1b61 E2D03D3F 		.ascii	"\342\320=?3\256\\f4\263\220\375\032\262\324q[\207\344"
 568      33AE5C66 
 568      34B390FD 
 568      1AB2D471 
 568      5B87E4
 569 1b74 04C9A6B5 		.ascii	"\004\311\246\265$L4\334\237\004\373}\375\013Sp\340\307"
 569      244C34DC 
 569      9F04FB7D 
 569      FD0B5370 
ARM GAS  /var/folders/qd/4mxf5pkd0zdf0b9dd1hp39180000gn/T//ccnJLjmw.s 			page 46


 569      E0C7
 570 1b86 CB3EF3A4 		.ascii	"\313>\363\244i\031\000\027\014+\340\212\301?\324\344"
 570      69190017 
 570      0C2BE08A 
 570      C13FD4E4 
 571 1b96 62BDE466 		.ascii	"b\275\344f\200\3523\033~\372\341\262\237\377\366\263"
 571      80EA331B 
 571      7EFAE1B2 
 571      9FFFF6B3 
 572 1ba6 8FDD7C03 		.ascii	"\217\335|\003V\373\256\015\205\034\016\200\211\366-"
 572      56FBAE0D 
 572      851C0E80 
 572      89F62D
 573 1bb5 B9380883 		.ascii	"\2718\010\203\317\322O\227}\274L\222J:\275_\340/ T\326"
 573      CFD24F97 
 573      7DBC4C92 
 573      4A3ABD5F 
 573      E02F2054 
 574 1bca 66FFFBA0 		.ascii	"f\377\373\240\000I\360<*%,\310F\264\253\354\"\376\367"
 574      0049F03C 
 574      2A252CC8 
 574      46B4ABEC 
 574      22FEF7
 575 1bdd 0F3F517F 		.ascii	"\017?Q\177\362\233\017\177\246^\372\371g\2378-\375\360"
 575      F29B0F7F 
 575      A65EFAF9 
 575      679F382D 
 575      FDF0
 576 1bef 938F7FFA 		.ascii	"\223\217\177\372\346\013\011}\027$\352-S\344\347\320"
 576      E60B097D 
 576      1724EA2D 
 576      53E4E7D0 
 577 1bff E5FF072B 		.ascii	"\345\377\007+\223\215\223"
 577      938D93
 578              		.text
 579              		.section	.gnu.lto_.symtab.8e7384e5367d83e8,"",%progbits
 580 0000 53797354 		.ascii	"SysTick_Handler\000"
 580      69636B5F 
 580      48616E64 
 580      6C657200 
 581 0010 00       		.ascii	"\000"
 582 0011 00       		.ascii	"\000"
 583 0012 00       		.ascii	"\000"
 584 0013 00000000 		.ascii	"\000\000\000\000\000\000\000\000"
 584      00000000 
 585 001b D5000000 		.ascii	"\325\000\000\000"
 586 001f 6D61696E 		.ascii	"main\000"
 586      00
 587 0024 00       		.ascii	"\000"
 588 0025 00       		.ascii	"\000"
 589 0026 00       		.ascii	"\000"
 590 0027 00000000 		.ascii	"\000\000\000\000\000\000\000\000"
 590      00000000 
 591 002f D8000000 		.ascii	"\330\000\000\000"
 592 0033 636800   		.ascii	"ch\000"
 593 0036 00       		.ascii	"\000"
 594 0037 02       		.ascii	"\002"
ARM GAS  /var/folders/qd/4mxf5pkd0zdf0b9dd1hp39180000gn/T//ccnJLjmw.s 			page 47


 595 0038 00       		.ascii	"\000"
 596 0039 00000000 		.ascii	"\000\000\000\000\000\000\000\000"
 596      00000000 
 597 0041 22020000 		.ascii	"\"\002\000\000"
 598 0045 63685468 		.ascii	"chThdSleep\000"
 598      64536C65 
 598      657000
 599 0050 00       		.ascii	"\000"
 600 0051 02       		.ascii	"\002"
 601 0052 00       		.ascii	"\000"
 602 0053 00000000 		.ascii	"\000\000\000\000\000\000\000\000"
 602      00000000 
 603 005b E7000000 		.ascii	"\347\000\000\000"
 604 005f 5F706F72 		.ascii	"_port_irq_epilogue\000"
 604      745F6972 
 604      715F6570 
 604      696C6F67 
 604      756500
 605 0072 00       		.ascii	"\000"
 606 0073 02       		.ascii	"\002"
 607 0074 00       		.ascii	"\000"
 608 0075 00000000 		.ascii	"\000\000\000\000\000\000\000\000"
 608      00000000 
 609 007d E9000000 		.ascii	"\351\000\000\000"
 610 0081 63685379 		.ascii	"chSysTimerHandlerI\000"
 610      7354696D 
 610      65724861 
 610      6E646C65 
 610      724900
 611 0094 00       		.ascii	"\000"
 612 0095 02       		.ascii	"\002"
 613 0096 00       		.ascii	"\000"
 614 0097 00000000 		.ascii	"\000\000\000\000\000\000\000\000"
 614      00000000 
 615 009f EB000000 		.ascii	"\353\000\000\000"
 616 00a3 63685468 		.ascii	"chThdCreateStatic\000"
 616      64437265 
 616      61746553 
 616      74617469 
 616      6300
 617 00b5 00       		.ascii	"\000"
 618 00b6 02       		.ascii	"\002"
 619 00b7 00       		.ascii	"\000"
 620 00b8 00000000 		.ascii	"\000\000\000\000\000\000\000\000"
 620      00000000 
 621 00c0 B8010000 		.ascii	"\270\001\000\000"
 622 00c4 63685379 		.ascii	"chSysInit\000"
 622      73496E69 
 622      7400
 623 00ce 00       		.ascii	"\000"
 624 00cf 02       		.ascii	"\002"
 625 00d0 00       		.ascii	"\000"
 626 00d1 00000000 		.ascii	"\000\000\000\000\000\000\000\000"
 626      00000000 
 627 00d9 BA010000 		.ascii	"\272\001\000\000"
 628              		.text
 629              		.section	.gnu.lto_.opts,"",%progbits
ARM GAS  /var/folders/qd/4mxf5pkd0zdf0b9dd1hp39180000gn/T//ccnJLjmw.s 			page 48


 630 0000 272D666D 		.ascii	"'-fmath-errno' '-fsigned-zeros' '-ftrapping-math' '"
 630      6174682D 
 630      6572726E 
 630      6F272027 
 630      2D667369 
 631 0033 2D666E6F 		.ascii	"-fno-trapv' '-fno-openmp' '-fno-openacc' '-mcpu=cor"
 631      2D747261 
 631      70762720 
 631      272D666E 
 631      6F2D6F70 
 632 0066 7465782D 		.ascii	"tex-m4' '-mno-thumb-interwork' '-mthumb' '-O2' '-fo"
 632      6D342720 
 632      272D6D6E 
 632      6F2D7468 
 632      756D622D 
 633 0099 6D69742D 		.ascii	"mit-frame-pointer' '-falign-functions=16' '-ffuncti"
 633      6672616D 
 633      652D706F 
 633      696E7465 
 633      72272027 
 634 00cc 6F6E2D73 		.ascii	"on-sections' '-fdata-sections' '-fno-common' '-flto"
 634      65637469 
 634      6F6E7327 
 634      20272D66 
 634      64617461 
 635 00ff 2700     		.ascii	"'\000"
 636              		.text
 637              		.comm	__gnu_lto_v1,1,1
 638              		.comm	__gnu_lto_slim,1,1
 639              		.ident	"GCC: (GNU Tools for Arm Embedded Processors 7-2017-q4-major) 7.2.1 20170904 (release) [ARM
ARM GAS  /var/folders/qd/4mxf5pkd0zdf0b9dd1hp39180000gn/T//ccnJLjmw.s 			page 49


DEFINED SYMBOLS
                            *ABS*:0000000000000000 main.c
                            *COM*:0000000000000001 __gnu_lto_v1
                            *COM*:0000000000000001 __gnu_lto_slim

NO UNDEFINED SYMBOLS
