ARM GAS  /var/folders/qd/4mxf5pkd0zdf0b9dd1hp39180000gn/T//ccdcTt3x.s 			page 1


   1              		.cpu cortex-m3
   2              		.eabi_attribute 20, 1
   3              		.eabi_attribute 21, 1
   4              		.eabi_attribute 23, 3
   5              		.eabi_attribute 24, 1
   6              		.eabi_attribute 25, 1
   7              		.eabi_attribute 26, 1
   8              		.eabi_attribute 30, 2
   9              		.eabi_attribute 34, 1
  10              		.eabi_attribute 18, 4
  11              		.file	"hal_lld.c"
  12              		.section	.gnu.lto_.profile.f2fe5b9e4bf9d47,"",%progbits
  13 0000 789C6363 		.ascii	"x\234cc```\001bF\006\033+\000\001*\000\202"
  13      60606001 
  13      6246061B 
  13      2B00012A 
  13      0082
  14              		.text
  15              		.section	.gnu.lto_.icf.f2fe5b9e4bf9d47,"",%progbits
  16 0000 789C6363 		.ascii	"x\234cc``\020a@\000f\206\315\317\257/\342gl\236\377"
  16      60601061 
  16      40006686 
  16      CDCFAF2F 
  16      E2676C9E 
  17 0015 F2263353 		.ascii	"\362&3S\353\356]w\270\031\000a\243\011\013"
  17      EBEE5D77 
  17      B8190061 
  17      A3090B
  18              		.text
  19              		.section	.gnu.lto_.jmpfuncs.f2fe5b9e4bf9d47,"",%progbits
  20 0000 789C6363 		.ascii	"x\234cc``\340`@\000& f\004b\000\001\\\000\022"
  20      6060E060 
  20      40002620 
  20      66046200 
  20      015C0012 
  21              		.text
  22              		.section	.gnu.lto_.inline.f2fe5b9e4bf9d47,"",%progbits
  23 0000 789C6363 		.ascii	"x\234cc``\320f@\000&\006\006!AF\006&\271\015\257\030"
  23      6060D066 
  23      40002606 
  23      06214146 
  23      0626B90D 
  24 0016 19D816C8 		.ascii	"\031\330\026\3103\201\004\031\031t\3460\002\005\203"
  24      33810419 
  24      1974E630 
  24      020583
  25 0025 16BC1682 		.ascii	"\026\274\026\202\0132\000\000\217\023\006]"
  25      0B320000 
  25      8F13065D 
  26              		.text
  27              		.section	.gnu.lto_.pureconst.f2fe5b9e4bf9d47,"",%progbits
  28 0000 789C6363 		.ascii	"x\234cc```\005b&\006)F)\000\000\374\000C"
  28      60606005 
  28      62260629 
  28      46290000 
  28      FC0043
  29              		.text
ARM GAS  /var/folders/qd/4mxf5pkd0zdf0b9dd1hp39180000gn/T//ccdcTt3x.s 			page 2


  30              		.section	.gnu.lto_hal_lld_init.f2fe5b9e4bf9d47,"",%progbits
  31 0000 789CA594 		.ascii	"x\234\245\224\313O\023Q\024\306\3177w:\264Fi\334\231"
  31      CB4F1351 
  31      14C6CF37 
  31      773AB446 
  31      69DC99
  32 0013 C8C22D2E 		.ascii	"\310\302-.:\212\211\177\202\256\\\351\326\030\203\013"
  32      3A8A897F 
  32      82AE5CE9 
  32      D618830B 
  33 0023 174D30E2 		.ascii	"\027M0\342\202\035S)\264>\022\215\221\222\350Hj4\321"
  33      821D5329 
  33      B43E128D 
  33      9192E848 
  33      6A34D1
  34 0036 C6D84AC0 		.ascii	"\306\330J\300\007Ud(\212\250<*V]\340+.\014j\242\013"
  34      07556428 
  34      8AA83C2A 
  34      565DE02B 
  34      2E0C6AA2 
  35 004b 8DCF08DE 		.ascii	"\215\317\010\336so\355\240+\007o:\2473s\357|\337\357"
  35      736FEDA0 
  35      2B076F3A 
  35      A73373EF 
  35      7CDFEF
  36 005e 9C99732D 		.ascii	"\234\231s-\"Z\033\"j\222\377\253\345\001A0\216N\021"
  36      225A1B22 
  36      6A92FFAB 
  36      E5014130 
  36      8E4E11
  37 0071 25C206C0 		.ascii	"%\302\006\300'N\030\324n\240\035\207\305q\201R\352\365"
  37      274E18D4 
  37      6EA01D87 
  37      C5718152 
  37      EAF5
  38 0083 A0D178CE 		.ascii	"\240\321x\316\221\303\353\271T\327\345t\256r\005QF\036"
  38      91C3EBB9 
  38      54D7E574 
  38      AE720551 
  38      461E
  39 0095 3CD08F46 		.ascii	"<\320\217F\222\313^\365\315w\257\260L}\037\003\260\010"
  39      92CB5EF5 
  39      CD77AFB0 
  39      4C7D1F03 
  39      B008
  40 00a7 F2A43013 		.ascii	"\362\2440\023\362\234\371\205\224\343M\234\301\217\315"
  40      F29CF985 
  40      94E34D9C 
  40      C18FCD
  41 00b6 2B41AE80 		.ascii	"+A\256\200\301Ap09X\034\"\034\3529D9\020\245\245\216"
  41      C1417030 
  41      39581C22 
  41      1CEA3944 
  41      3910A5A5 
  42 00cb 84713C3A 		.ascii	"\204q<: \014>\353\360\350-J\3057\263\315\254~BX\322"
  42      200C3EEB 
  42      F0E82D4A 
ARM GAS  /var/folders/qd/4mxf5pkd0zdf0b9dd1hp39180000gn/T//ccdcTt3x.s 			page 3


  42      C537B3CD 
  42      AC7E4258 
  43 00e0 34D3599A 		.ascii	"4\323Y\232\256;$\\a\200\031f\013\223\357\302\372\322"
  43      AE3B245C 
  43      61801966 
  43      0B93EFC2 
  43      FAD2
  44 00f2 C9A61D53 		.ascii	"\311\246\035S\336:[\350;\211,z\023\022\177\215+\004"
  44      DE3A5BE8 
  44      3B892C7A 
  44      13127F8D 
  44      2B04
  45 0104 AEA00197 		.ascii	"\256\240\001\227\321@\274\376X\177e\273}\321I\302\025"
  45      D140BCFE 
  45      587F65BB 
  45      7DD149C2 
  45      15
  46 0115 26AECA65 		.ascii	"&\256\312e\335*)\\\203\315^\237\302\354\024Hd\320\027"
  46      DD2A295C 
  46      83CD5E9F 
  46      C2EC1448 
  46      64D017
  47 0128 29C296B3 		.ascii	")\302\226\263\317\306s\027\004#\001\013rDq]>\026X;\301"
  47      CFC67317 
  47      0423010B 
  47      7244715D 
  47      3E16583B 
  48 013d 53266EF8 		.ascii	"S&n\370\352CJ\275\226\277\011\302M\255\\\314=\025\272"
  48      EA434ABD 
  48      96BF09C2 
  48      4DAD5CCC 
  48      3D15BA
  49 0150 429140E8 		.ascii	"B\221@\350\303J\234_\032\274%\347?\342\213\224`\377"
  49      C34A9C5F 
  49      1ABC25E7 
  49      3FE28B94 
  49      60FF
  50 0162 57B2A3BE 		.ascii	"W\262\243\276\324-)U\313\356E5;\004\002\273\255\324"
  50      D42D2955 
  50      CBEE4535 
  50      3B0402BB 
  50      ADD4
  51 0174 0C561B53 		.ascii	"\014V\033S\331u|\355\202\0262\264\326X\361\373\307\345"
  51      D9757CED 
  51      821632B4 
  51      D658F1FB 
  51      C7E5
  52 0186 FA4DF1B7 		.ascii	"\372M\361\267\016\334\321\216\225\203\010\\\206q\337"
  52      0EDCD18E 
  52      9583085C 
  52      8671DF
  53 0195 ED2E6C69 		.ascii	"\355.li\241\321\347\252\350\"\220\330=_\354\376_\350"
  53      A1D1E7AA 
  53      E82290D8 
  53      3D5FECFE 
  53      5FE8
  54 01a7 A6D6CA7F 		.ascii	"\246\326\312\177\036\315\205j\350\036ab\351\350\223"
ARM GAS  /var/folders/qd/4mxf5pkd0zdf0b9dd1hp39180000gn/T//ccdcTt3x.s 			page 4


  54      1ECD856A 
  54      E81E6162 
  54      E9E893
  55 01b6 BEDB14A3 		.ascii	"\276\333\024\243\233\272\353\276m\254\365xRm\005\317"
  55      9BBAEBBE 
  55      6DACF578 
  55      526D05CF 
  56 01c6 7B2DD5E6 		.ascii	"{-\325\346\031\201\305\355\217iX(s\367\227\031\260~"
  56      1981C5ED 
  56      8F695828 
  56      73F79719 
  56      B07E
  57 01d8 F1471A52 		.ascii	"\361G\032R+O\377L\346#\372\322y\231PMz~\244\350D$\235"
  57      2B4FFF4C 
  57      E623FAD2 
  57      7999504D 
  57      7A7EA4E8 
  58 01ef 04B03023 		.ascii	"\004\2600#\311\036T\311\206z\006R\250\241=ThBy\020*"
  58      C91E54C9 
  58      867A0652 
  58      A8A13D54 
  58      68427910 
  59 0204 BF6B71EA 		.ascii	"\277kq\352\203\245\315\242\332/?7\354.\253V\303\300"
  59      83A5CDA2 
  59      DA2F3F37 
  59      EC2EAB56 
  59      C3C0
  60 0216 23BF1465 		.ascii	"#\277\024eU\212\1774{\374\207\331\023.E\224\336c\177"
  60      558A7F34 
  60      7BFC87D9 
  60      132E4594 
  60      DE637F
  61 0229 F6CB1155 		.ascii	"\366\313\021UT\265\371\245e\362rk\222\325Z\027\213\331"
  61      54B5F9A5 
  61      65F2726B 
  61      92D55A17 
  61      8BD9
  62 023b FAD7D26A 		.ascii	"\372\327\322j\357\336\031\267\367\264\354\335\327jo"
  62      EFDE19B7 
  62      F7B4ECDD 
  62      D76A6F
  63 024a DDB66543 		.ascii	"\335\266eC\223\216\233\326\267\265\361\314\216x|W\254"
  63      938E9BD6 
  63      B7B5F1CC 
  63      8E787C57 
  63      AC
  64 025b 997E01E8 		.ascii	"\231~\001\350\015\247v"
  64      0DA776
  65              		.text
  66              		.section	.gnu.lto_stm32_clock_init.f2fe5b9e4bf9d47,"",%progbits
  67 0000 789C9D55 		.ascii	"x\234\235U\335oTE\024\237s\347~\356\335\317R\032cx\320"
  67      DD6F5445 
  67      149F73E7 
  67      7EEEDDCF 
  67      521A6378 
  68 0015 475EBA8A 		.ascii	"G^\272\212\177\301\276\370\206/\372J\214\037\017>4\301"
  68      7FC1BEF8 
ARM GAS  /var/folders/qd/4mxf5pkd0zdf0b9dd1hp39180000gn/T//ccdcTt3x.s 			page 5


  68      862FFA4A 
  68      8C1F0F3E 
  68      34C1
  69 0027 880FBC71 		.ascii	"\210\017\274q\013mi\245\032c\370H`\3234\021BD\353\246"
  69      0B6D69A5 
  69      1A63F848 
  69      60D33411 
  69      4244EBA6 
  70 003b A17EB4B5 		.ascii	"\241~\264\265\272nY\227\322B\005\213ZZ\250\242\013["
  70      BA6E5997 
  70      D242058B 
  70      5A5AA8A2 
  70      0B5B
  71 004d 5AABD126 		.ascii	"Z\253\321&HA\352\2349s\367\336\254&z\367\246\375\355"
  71      4841EA9C 
  71      3973F7DE 
  71      AC267AF7 
  71      A6FDED
  72 0060 EC9CD9DF 		.ascii	"\354\234\331\337\371\315\357\234\231k2\306j\016c;\304"
  72      F9CDEF9C 
  72      996B32C6 
  72      6A0E633B 
  72      C4
  73 0071 E75DF10F 		.ascii	"\347]\361\017-\014\264\267/1\326ik\300i\300\265\314"
  73      2D0CB4B7 
  73      2F31D669 
  73      6BC069C0 
  73      B5CC
  74 0083 4889312F 		.ascii	"H\2111/\246/\272\314\213gh>\247\203AqCKS\334\224\361"
  74      A62FBACC 
  74      8B67683E 
  74      A7834171 
  74      434B53DC 
  75 0099 34CDE74C 		.ascii	"4\315\347L\260(ni)\212\3332\236\242\371\234\015\016"
  75      B0286E69 
  75      298ADB32 
  75      9EA2F99C 
  75      0D0E
  76 00ab C51D2D49 		.ascii	"\305\035-I\361\230\214'i>\027\003\227\342\256\226\240"
  76      F1988C27 
  76      693E1703 
  76      97E2AE96 
  76      A0
  77 00bc 785CC613 		.ascii	"x\\\306\0234\237\213\003\340\247g\003\333\247\361\214"
  77      349F8B03 
  77      E0A76703 
  77      DBA7F18C 
  78 00cc 6EA44D2B 		.ascii	"n\244M+e;\311\230\233\210\303>\2233\365\030\376\300"
  78      653BC998 
  78      9B88C33E 
  78      9333F518 
  78      FEC0
  79 00de F2078E3F 		.ascii	"\362\007\216?p\375A??\314\241t\360\326\250\266\375\264"
  79      70FD413F 
  79      3FCCA174 
  79      F0D6A8B6 
  79      FDB4
ARM GAS  /var/folders/qd/4mxf5pkd0zdf0b9dd1hp39180000gn/T//ccdcTt3x.s 			page 6


  80 00f0 279EE2B1 		.ascii	"'\236\342\261\261X\217\327\375H^\260\034ULp\026\266"
  80      B1588FD7 
  80      FD485EB0 
  80      1C554C70 
  80      16B6
  81 0102 33B1ECE6 		.ascii	"3\261\354\346\360\303#\011S\247y\030\001\223\201\030"
  81      F0C32309 
  81      53A77918 
  81      01938118 
  82 0112 14AE1845 		.ascii	"\024\256\030E\357\341\346A\257\270\372.L<\3638\260<"
  82      EFE1E641 
  82      AFB8FA2E 
  82      4C3CF338 
  82      B03C
  83 0124 070D8123 		.ascii	"\007\015\201#\350\010\006\202\211`!\330\010\016B\014"
  83      E8080682 
  83      896021D8 
  83      080E420C 
  84 0134 C1458823 		.ascii	"\301E\210#$\020\222\010)\2044B\006\241\005a\013B+\302"
  84      24109208 
  84      29843442 
  84      06A10561 
  84      0B422BC2 
  85 0148 56843604 		.ascii	"V\2046\004\306z\205\232E\327+\262>\256\211\301\201\""
  85      C67A859A 
  85      45D72BB2 
  85      3EAE89C1 
  85      8122
  86 015a BB03A5B1 		.ascii	"\273\003\245\261\3453U\023%\036\347 \224\037\355.\315"
  86      E5335513 
  86      251EE720 
  86      941FED2E 
  86      CD
  87 016b 5A87789E 		.ascii	"Z\207x\236k\200\033Y(\\\\\261\351\2537\330\353\351b"
  87      6B801B59 
  87      285C5CB1 
  87      E9AB37D8 
  87      EBE962
  88 017e EA6461F8 		.ascii	"\352da\370\004\014\302@\247\360\340\261<\347\3601l\203"
  88      040CC240 
  88      A7F0E0B1 
  88      3CE7F031 
  88      6C83
  89 0190 8F601BC3 		.ascii	"\217`\033\303\365\357\234\235\333\225\035\362\272 \317"
  89      F5EF9C9D 
  89      DB951DF2 
  89      BA20CF
  90 019f 75F8442C 		.ascii	"u\370D,;\"\235\201O!+\222\035\370\263\007(\225F\331"
  90      3B229D81 
  90      4F212B92 
  90      1DF8B307 
  90      289546D9 
  91 01b3 46CE557A 		.ascii	"F\316Uz$=\210gTp\010Aso\3105\2212\215\005\231\306!+"
  91      243D8867 
  91      54700841 
  91      736FC835 
  91      91328D05 
ARM GAS  /var/folders/qd/4mxf5pkd0zdf0b9dd1hp39180000gn/T//ccdcTt3x.s 			page 7


  92 01cb E8C5A88F 		.ascii	"\350\305\250\217s&\212\357\357\362\375\252E\251\371"
  92      73268AEF 
  92      EFF2FDAA 
  92      45A9F9
  93 01da FF65EEC4 		.ascii	"\377e\356\304\220\016\237\005\334\023\264\213\007=S"
  93      900E9F05 
  93      DC13B48B 
  93      073D53
  94 01e9 0671E944 		.ascii	"\006q\351DW\336\274[L\32164\370\\\320T\241\353\332\344"
  94      57DEBC5B 
  94      4CD13634 
  94      F85CD054 
  94      A1EBDAE4 
  95 01fd 8CDA2B9A 		.ascii	"\214\332+\232VX\035\275\227\240\025\014\276\300D\014"
  95      56581DBD 
  95      97A0150C 
  95      BEC0440C 
  96 020d EB9161A2 		.ascii	"\353\221a\242k\241\217\353\241r\014\371\3450\"YP\014"
  96      6BA18FEB 
  96      A1720CF9 
  96      E5302259 
  96      500C
  97 021f 647EE9CB 		.ascii	"d~\351\313T\002\024Wa\252\273\002\244\341\036@\251y"
  97      54021457 
  97      61AABB02 
  97      A4E11E40 
  97      A979
  98 0231 B7278354 		.ascii	"\267'\203T\347\320m\023\211\326k\037\236\262\376\205"
  98      E7D06D13 
  98      89D66B1F 
  98      9EB2FE85 
  99 0241 6AF0D1FF 		.ascii	"j\360\321\377\360\267,\331\360|\300W\220\015\267\240"
  99      F0B72CD9 
  99      F07CC057 
  99      900DB7A0 
 100 0251 2EBCAA48 		.ascii	".\274\252H\257\372\270\021\256e\241\254jiE\254\345\371"
 100      AFFAB811 
 100      AE65A1AC 
 100      6A6945AC 
 100      E5F9
 101 0263 20D7946F 		.ascii	" \327\224o\322\274\252\245Mt\367k\207\347\225Kq\270"
 101      D2BCAAA5 
 101      4D74F76B 
 101      87E7954B 
 101      71B8
 102 0275 40B55CA8 		.ascii	"@\265\\\250\327\322\016\025/\255\212g\206\212w\336/"
 102      D7D20E15 
 102      2FAD8A67 
 102      868A77DE 
 102      2F
 103 0286 9E13C9D1 		.ascii	"\236\023\311\321\351\300\321\231\206\223\022#\256\333"
 103      E9C0D199 
 103      86931223 
 103      AEDB
 104 0294 6B1FF45B 		.ascii	"k\037\364[$\313\363t\270\330|\365.\005\271f\261z1\351"
 104      24CBF374 
 104      B8D87CF5 
ARM GAS  /var/folders/qd/4mxf5pkd0zdf0b9dd1hp39180000gn/T//ccdcTt3x.s 			page 8


 104      2E05B966 
 104      B17A31E9 
 105 02a8 AF15F677 		.ascii	"\257\025\366w\312?+nD\177\277\016\270/7\236\2258\321"
 105      CA3F2B6E 
 105      447FBF0E 
 105      B82F379E 
 105      9538D1
 106 02bb 4D0E0C74 		.ascii	"M\016\014ti\376Fl\270\322xZ\342!\207S\312a;\344\360"
 106      69FE466C 
 106      B8D2785A 
 106      E2218753 
 106      CA613BE4 
 107 02d0 8D534A5B 		.ascii	"\215SJ[\"\322\256\277\011*?\327\340p\222\270~_Z\332"
 107      22D2AEBF 
 107      092A3FD7 
 107      E07092B8 
 107      7E5F5ADA 
 108 02e4 9FF485B5 		.ascii	"\237\364\205\265\302\325\346\035\3766\310\365\035:\234"
 108      C2D5E61D 
 108      FE36C8F5 
 108      1D3A9C
 109 02f3 94CADF5B 		.ascii	"\224\312\337[RF\244\"\221}\037X:\337 <M\\\227\253\033"
 109      5246A422 
 109      917D1F58 
 109      3ADF203C 
 109      4D5C97AB 
 110 0308 B38E2F5C 		.ascii	"\263\216/\\Xz\255y\345\013A\262ET\236\226\275\341\204"
 110      587AAD79 
 110      E50B41B2 
 110      45549E96 
 110      BDE184
 111 031b 7BA3E6F7 		.ascii	"{\243\346\367F&bo\\\017\270o4\366F\013\321Mo\366\377"
 111      4626626F 
 111      5C0FB86F 
 111      34F6460B 
 111      D14D6FF6 
 112 0330 6AD47792 		.ascii	"j\324w\222\206\245\306\346h\0115GR5G\254\336\034\353"
 112      86A5C6E6 
 112      68093547 
 112      523547AC 
 112      DE1CEB
 113 0343 B58DE6AE 		.ascii	"\265\215\346\256\240\037\202\202\375(\257\240\341\337"
 113      A01F8282 
 113      FD28AFA0 
 113      E1DF
 114 0351 66CEB874 		.ascii	"f\316\270t\005a/\334$G\327k\275\025\237\277~I\031\362"
 114      05612FDC 
 114      2447D76B 
 114      BD159FBF 
 114      7E4919F2 
 115 0365 3DB9512D 		.ascii	"=\271Q-\037\262\351\253W\244\367\344\312\211\241\353"
 115      1FB2E9AB 
 115      57A4F7E4 
 115      CA89A1EB 
 116 0375 8EAFE045 		.ascii	"\216\257\340E\361\0066\341g!\341'%a\364\257\362D*\244"
 116      F10636E1 
 116      6721E127 
ARM GAS  /var/folders/qd/4mxf5pkd0zdf0b9dd1hp39180000gn/T//ccdcTt3x.s 			page 9


 116      2561F4AF 
 116      F2442AA4 
 117 0389 A12A35E0 		.ascii	"\241*5\340\213\013nI\015\343\177<\230\326HC\032n\223"
 117      8B0B6E49 
 117      0DE37F3C 
 117      98D64843 
 117      1A6E93
 118 039c 82B1E537 		.ascii	"\202\261\3457O+\373\267D*l-\330\341rC\027\265\012.\371"
 118      4F2BFBB7 
 118      442A6C2D 
 118      D8E17243 
 118      17B50A2E 
 119 03b1 D26AB267 		.ascii	"\322j\262g\356\004\324+\3303\255\262g\334p\317\274U"
 119      EE04D42B 
 119      D833ADB2 
 119      67DC70CF 
 119      BC55
 120 03c3 51A2B746 		.ascii	"Q\242\267F\354\231\325\200\373\227\306\373\272M\320"
 120      EC99D580 
 120      FB97C6FB 
 120      BA4DD0
 121 03d2 FDF3826E 		.ascii	"\375\363\202n\023$\307\307\327/\2506\262a\255\3360\011"
 121      1324C7C7 
 121      D72FA836 
 121      B261ADDE 
 121      3009
 122 03e4 D530716A 		.ascii	"\3250qj\2305\330?x?/\177\246\026\200\010\210\002<\321"
 122      9835D83F 
 122      783F2F7F 
 122      A6168008 
 122      88023CD1 
 123 03f8 DE9EA5BF 		.ascii	"\336\236\245\277\335{\262\257\274\320\221}u\367k\257"
 123      DD7BB2AF 
 123      BCD0917D 
 123      75F76BAF 
 124 0408 EFC93EFB 		.ascii	"\357\311>\373\334\316\247v\020>\375\344\336\275\030"
 124      DCCEA776 
 124      103EFDE4 
 124      DEBD18
 125 0417 79BEA3E3 		.ascii	"y\276\243\343\345\366\227\330\337\247\263=\372"
 125      E5F697D8 
 125      DFA7B33D 
 125      FA
 126              		.text
 127              		.section	.gnu.lto_.symbol_nodes.f2fe5b9e4bf9d47,"",%progbits
 128 0000 789C6363 		.ascii	"x\234cc``\320\007b\006\246\367\014\365\014\014\023\316"
 128      6060D007 
 128      6206A6F7 
 128      0CF50C0C 
 128      13CE
 129 0012 3180A85D 		.ascii	"1\200\250]\015\216@\221\017\014\365\214(\"\254o\031"
 129      0D8E4091 
 129      0F0CF58C 
 129      2822AC6F 
 129      19
 130 0023 181A9540 		.ascii	"\030\032\225@\252\001/\335\013]"
 130      AA012FDD 
ARM GAS  /var/folders/qd/4mxf5pkd0zdf0b9dd1hp39180000gn/T//ccdcTt3x.s 			page 10


 130      0B5D
 131              		.text
 132              		.section	.gnu.lto_.refs.f2fe5b9e4bf9d47,"",%progbits
 133 0000 789C6363 		.ascii	"x\234cc```\004b\006\000\000D\000\010"
 133      60606004 
 133      62060000 
 133      440008
 134              		.text
 135              		.section	.gnu.lto_.decls.f2fe5b9e4bf9d47,"",%progbits
 136 0000 789CC556 		.ascii	"x\234\305VoPSW\026\177\367\335$\204D\203#\235\216\323"
 136      6F505357 
 136      167FF7DD 
 136      24844483 
 136      239D8ED3 
 137 0014 F18363E3 		.ascii	"\361\203c\343H?\300\003\2723\356\207\316N1b\355t\333"
 137      483FC003 
 137      BA33EE87 
 137      CE4E3162 
 137      ED74DB
 138 0027 3A2FEC76 		.ascii	":/\354v\266_\3224\3045kH\262&Lu\372\241O@T(\177e\273"
 138      B65FD234 
 138      C4356B48 
 138      B2264C75 
 138      FAA14F40 
 139 0040 056A4B2D 		.ascii	"\005jK-\355\024\313tiW\227R\240FP\352\202\002\306-\212"
 139      ED14CB74 
 139      69579752 
 139      A04650EA 
 139      8202C62D 
 140 0055 E5AF8A02 		.ascii	"\345\257\212\002ZTP,\352\312\236{\357K\362\010\321\331"
 140      5A54502C 
 140      EACA9E7B 
 140      EF4BF208 
 140      D1D9
 141 0067 3F1FF64E 		.ascii	"?\037\366N~\357\276s\357\357\236s\3569\367\236<\015"
 141      7EEFBE73 
 141      EFEF9E73 
 141      EE39F79E 
 141      3C0D
 142 0079 C771AF2F 		.ascii	"\307q\257/\345\270\317y\216\353\205\367yh\030\372c\\"
 142      E5B8CF79 
 142      8EEB85F7 
 142      796818FA 
 142      635C
 143 008b B8C114D7 		.ascii	"\270\301\024\327\014h\005 @'\267\260\275\005\2031\320"
 143      0C680520 
 143      4027B7B0 
 143      BD058331 
 143      D0
 144 009c BF01580B 		.ascii	"\277\001X\013\270\011\270\001\350\001\314\001\356\002"
 144      B809B801 
 144      E801CC01 
 144      EE02
 145 00aa 548009C0 		.ascii	"T\200\011\300\030`\0300\255\320{\237[\334\336~\214\316"
 145      18601830 
 145      ADD07B9F 
 145      5BDCDE7E 
ARM GAS  /var/folders/qd/4mxf5pkd0zdf0b9dd1hp39180000gn/T//ccdcTt3x.s 			page 11


 145      8CCE
 146 00bc 27602E1E 		.ascii	"'`.\036@\374\274\014\270\0040 \346[k\024]\025\030u\314"
 146      40FCBC0C 
 146      B8043020 
 146      E65B6B14 
 146      5D151875 
 147 00d1 B735E161 		.ascii	"\2675\341a4\210\300&R\321Q\204\330\023z\002*\317\007"
 147      3488C026 
 147      52D15184 
 147      D8137A02 
 147      2ACF07
 148 00e4 1B62E330 		.ascii	"\033b\3430\312\263N\246\022!\270\004\205FxY\007\037"
 148      CAB34EA6 
 148      1221B804 
 148      85467859 
 148      071F
 149 00f6 D44B7FB2 		.ascii	"\324K\177\262\002\244\324\312\346\231\271`cQe/\212u"
 149      02A4D4CA 
 149      E699B960 
 149      6351652F 
 149      8A75
 150 0108 6C880F1B 		.ascii	"l\210\017\033S,Y\344+\027\232\0169\025\336$\222\203"
 150      532C59E4 
 150      2B179A0E 
 150      3915DE24 
 150      9283
 151 011a D016D835 		.ascii	"\320\026\3305\256\033AC0\373:\307\225j\263\020\031\255"
 151      AE1B4143 
 151      30FB3AC7 
 151      956AB310 
 151      19AD
 152 012c FCB0A401 		.ascii	"\374\260\244\001c\236\276\007r\216|\245\301q\364\275"
 152      639EBE07 
 152      728E7CA5 
 152      C171F4BD 
 153 013c 75569A34 		.ascii	"uV\2324$\325K\254i\337\341\320\337\020\016\306\363\304"
 153      24D54BAC 
 153      69DFE1D0 
 153      DF100EC6 
 153      F3C4
 154 014e FC5D7F5C 		.ascii	"\374]\177\\!F\313u\210'\353n\236:\240\007\361\011\035"
 154      2146CB75 
 154      8827EB6E 
 154      9E3AA007 
 154      F1091D
 155 0161 5A0662FD 		.ascii	"Z\006b\375\273\363\025\352\025\357\221u\245\271\322"
 155      BBF315EA 
 155      15EF9175 
 155      A5B9D2
 156 0170 321EBDF1 		.ascii	"2\036\275\361$jB+\3217h%x\363-Z\001O\227\212i\272\363"
 156      246A422B 
 156      D1376825 
 156      78F32D5A 
 156      014F978A 
 157 0187 61DB59ED 		.ascii	"a\333Y\355\352\032\251fD\362\177_\271\352\300\251|\251"
 157      EA1AA966 
 157      44F27F5F 
ARM GAS  /var/folders/qd/4mxf5pkd0zdf0b9dd1hp39180000gn/T//ccdcTt3x.s 			page 12


 157      B9EAC0A9 
 157      7CA9
 158 0199 17D63D4F 		.ascii	"\027\326=Oy\350\010\302\250\021%\221M\034!\326\321a"
 158      79E808C2 
 158      A8112591 
 158      4D1C21D6 
 158      D161
 159 01ab 3482D05F 		.ascii	"4\202\320_\3210\354\241\031\255\206\365\322x\363@\034"
 159      D130ECA1 
 159      19AD86F5 
 159      D278F340 
 159      1C
 160 01bc DE495DEE 		.ascii	"\336I]\356|\260{\235\254j\362\231*\311\237\003\212x"
 160      7CB07B9D 
 160      AC6AF299 
 160      2AC99F03 
 160      8A78
 161 01ce AAA725AC 		.ascii	"\252\247%\254\247%RO+\3253x\262\356\013\014[X\253C$"
 161      A725524F 
 161      2BD53378 
 161      B2EE0B0C 
 161      5B58AB43 
 162 01e3 A87130F4 		.ascii	"\250q0\364\227\353MsK\331\020\015N\311tm\014.@T8\223"
 162      97EB4D73 
 162      4BD9100D 
 162      4EC9746D 
 162      0C2E4054 
 163 01f9 D7F00166 		.ascii	"\327\360\001f\001P\201x\353t\325%\003\013\300\252\012"
 163      01508178 
 163      EB74D525 
 163      030BC0AA 
 163      0A
 164 020a CC0FF7DF 		.ascii	"\314\017\367\337\0370 ]\302^I\312\221jr\245\330M\034"
 164      1F30205D 
 164      C25E49CA 
 164      916A72A5 
 164      D84D1C
 165 021d 6A83001C 		.ascii	"j\203\000\034\203\000\240\343(\201\250$\356\240\243"
 165      8300A0E3 
 165      2881A824 
 165      EEA0A3
 166 022c 30F81D0C 		.ascii	"0\370\035\014~Fb\345\277q\350W\225\323\222\264\012\265"
 166      7E4662E5 
 166      BF71E857 
 166      95D392B4 
 166      0AB5
 167 023e 231DF287 		.ascii	"#\035\362\207]^\253c\261\252\253-;\250\301u4W|s\365"
 167      5D5EAB63 
 167      B1AAAB2D 
 167      3BA8C175 
 167      34577C73 
 168 0253 D809FE51 		.ascii	"\330\011\376Q6\276\177\244\215s\335\253;v\223\260t\200"
 168      36BE7FA4 
 168      8D73DDAB 
 168      3B7693B0 
 168      7480
 169 0265 8D13611B 		.ascii	"\215\023a\033`\222\031\231=1/\351`+d^\272\376\215\036"
ARM GAS  /var/folders/qd/4mxf5pkd0zdf0b9dd1hp39180000gn/T//ccdcTt3x.s 			page 13


 169      60921999 
 169      3D312FE9 
 169      602B645E 
 169      BAFE8D1E 
 170 0279 861A6AC7 		.ascii	"\206\032j\307\236\306\315\230n\274\370\363\236\001\315"
 170      9EC6CD98 
 170      6EBCF8F3 
 170      9E01CD
 171 0288 9A4FA49A 		.ascii	"\232O\244\2326\222\257\347j\333\363\245RD\311\177g\312"
 171      3692AFE7 
 171      6ADBF3A5 
 171      5244C97F 
 171      67CA
 172 029a 424E7074 		.ascii	"BNpt\344$q\247\023\255\201\245\3253\203\023\261,f\011"
 172      E42471A7 
 172      13AD81A5 
 172      D5338313 
 172      B12C6609 
 173 02ae 208E0E5E 		.ascii	" \216\016^-0\340.\2466\030\300\3454\200\350\317M\027"
 173      2D30E02E 
 173      A63618C0 
 173      E53480E8 
 173      CF4D17
 174 02c1 6F1AF00F 		.ascii	"o\032\360\017l\356\375\300W\351:\330f\356\277\265MX"
 174      6CEEFDC0 
 174      57E93AD8 
 174      66EEBFB5 
 174      4D58
 175 02d3 50D67E67 		.ascii	"P\326~gF\217\373\331\352\251\274\261\021=\323\274\002"
 175      468FFBD9 
 175      EAA9BCB1 
 175      113DD3BC 
 175      02
 176 02e4 C4D3FBCA 		.ascii	"\304\323\373\312\377\304\343!\331jo{A,\276\302\204\340"
 176      FFC4E321 
 176      D96A6F7B 
 176      412CBEC2 
 176      84E0
 177 02f6 215ECE0E 		.ascii	"!^\316\016q\301\261\376\374X<\305\346>\036o\332\037"
 177      71C1B1FE 
 177      FC583CC5 
 177      E63E1E6F 
 177      DA1F
 178 0308 87EF30A1 		.ascii	"\207\3570\241\252\371v\247\232\021\265 \266\374xD\300"
 178      AAF976A7 
 178      9A11B520 
 178      B6FC7844 
 178      C0
 179 0319 0FD9545D 		.ascii	"\017\331T]S\321\250\032\357QQ\341Rc\336\254\012\027"
 179      53D1A81A 
 179      EF5151E1 
 179      5263DEAC 
 179      0A17
 180 032b 32A1F7DB 		.ascii	"2\241\367\333\2211\003.eBscK\207\254!\031\304\303\255"
 180      9131032E 
 180      65427363 
 180      4B87AC21 
ARM GAS  /var/folders/qd/4mxf5pkd0zdf0b9dd1hp39180000gn/T//ccdcTt3x.s 			page 14


 180      19C4C3AD 
 181 033f B73E8D65 		.ascii	"\267>\215e\247G\302 w\365}\374\245\032\357\247\\\303"
 181      A747C220 
 181      77F57DFC 
 181      A51AEFA7 
 181      5CC3
 182 0351 ED0757AB 		.ascii	"\355\007W\2535\310h4\306\033\345\226`<(\345\345J\376"
 182      35C86834 
 182      C61BE596 
 182      603C28E5 
 182      E54AFE
 183 0364 9E42BCF7 		.ascii	"\236B\274\367l\355\231]R\355\012\324\003\011\010@\270"
 183      6CED995D 
 183      52ED0AD4 
 183      03090840 
 183      B8
 184 0375 2FA2F870 		.ascii	"/\242\370px\316\320,\264\221'\307\226L\227\250\341^"
 184      78CED02C 
 184      B49127C7 
 184      964C97A8 
 184      E15E
 185 0387 E461CAFF 		.ascii	"\344a\312\377!\222\377\217E\374\013\225\012\376P$\277"
 185      2192FF8F 
 185      45FC0B95 
 185      0AFE5024 
 185      BF
 186 0398 4BC12FA3 		.ascii	"K\301/\243\267\035\000\345\025\352\354J4@'\011\237\034"
 186      B71D00E5 
 186      15EAEC4A 
 186      34402709 
 186      9F1C
 187 03aa 8A6B90A9 		.ascii	"\212k\220\251\313\310\210.\001\256\003\306\000\023\200"
 187      CBC8882E 
 187      01AE03C6 
 187      001380
 188 03b9 11C015C0 		.ascii	"\021\300\025\3000\340*`\0220\016\030EFZk\230\033\001"
 188      30E02A60 
 188      12300E18 
 188      45465A6B 
 188      981B01
 189 03cc A5DB1722 		.ascii	"\245\333\027\"\335\020\"\275\356T\322\177\214JO\011"
 189      DD1022BD 
 189      EE54D27F 
 189      8C4A4F09 
 190 03dc B32F2AD9 		.ascii	"\263/*\331\347#\331\347\026\305\344\236\222\1776z\314"
 190      E723D9E7 
 190      16C5E49E 
 190      927F367A 
 190      CC
 191 03ed 15EA3BDF 		.ascii	"\025\352;\337W\320{#\351\247\225t\270\310\376\276J\365"
 191      57D07B23 
 191      E9A79574 
 191      B8C8FEBE 
 191      4AF5
 192 03ff 07872569 		.ascii	"\007\207%i\237\206\336\251S\321C\256P?U\242\256c|\242"
 192      9F86DEA9 
 192      53D143AE 
ARM GAS  /var/folders/qd/4mxf5pkd0zdf0b9dd1hp39180000gn/T//ccdcTt3x.s 			page 15


 192      503F55A2 
 192      AE637CA2 
 193 0413 BF2F7A4A 		.ascii	"\277/zJ\025\374\200\322\235\356\350\356\260\335\262"
 193      15FC80D2 
 193      9DEEE8EE 
 193      B0DDB2
 194 0422 7AF1B058 		.ascii	"z\361\260X])I\313\010\215\223kE8/C\013\214\367G\217"
 194      5D2949CB 
 194      088D936B 
 194      45382F43 
 194      0B8CF747 
 195 0437 1D354E2A 		.ascii	"\0355N*}}\375\240\036\037\245\247\232\257,\350\255\320"
 195      7D7DFDA0 
 195      1E1FA5A7 
 195      9AAF2CE8 
 195      ADD0
 196 0449 A2847866 		.ascii	"\242\204xfd\252R\235\013'\007\335\200\325?\205k\022"
 196      64AA529D 
 196      0B2707DD 
 196      80D53F85 
 196      6B12
 197 045b B1F98893 		.ascii	"\261\371\210\223\205\246\340@\375\257\207\013\234\272"
 197      85A6E040 
 197      FDAF870B 
 197      9CBA
 198 0469 DC501658 		.ascii	"\334P\026X\262\244 TC\251\013\341\012v\023-\241\177"
 198      B2A42054 
 198      43A90BE1 
 198      0A76132D 
 198      A17F
 199 047b A3D003B9 		.ascii	"\243\320\003\271q\352\213\306\245\354\236\372a\261j"
 199      71EA8BC6 
 199      A5EC9EFA 
 199      61B16A
 200 048a A07ECF35 		.ascii	"\240~\3175\270\232\361\301\013\371\260H\031\016r\360"
 200      B89AF1C1 
 200      0BF9B048 
 200      190E72F0 
 201 049a 66A21FBC 		.ascii	"f\242\037\274\005[\272\005\363,R3\362~n\303~\246\301"
 201      055BBA05 
 201      F32C5233 
 201      F27E6EC3 
 201      7EA6C1
 202 04ad CF3BB29F 		.ascii	"\317;\262\237r\220\212X&f\242e\242\243Xi\272;\252i\226"
 202      72908A58 
 202      2666A265 
 202      A2A35869 
 202      BA3BAA69 
 203 04c2 5652C0BE 		.ascii	"VR\300\276>~4\006w\261L\0245\337o@(>!\252O\350gp\345"
 203      3E7E3406 
 203      77B14C14 
 203      35DF6F40 
 203      283E21AA 
 204 04db F16E7517 		.ascii	"\361nu\027\263\334\335\005\326l8w34w`l\340|\240\023"
 204      B3DCDD05 
 204      D66C3877 
 204      33347760 
ARM GAS  /var/folders/qd/4mxf5pkd0zdf0b9dd1hp39180000gn/T//ccdcTt3x.s 			page 16


 204      6CE07CA0 
 205 04f0 2B237C77 		.ascii	"+#|wA\204\347\344\010\317\321\010\0378\177\360;\036"
 205      4184E7E4 
 205      08CFD108 
 205      1F387FF0 
 205      3B1E
 206 0502 9F6355B2 		.ascii	"\237cU\262kf\256>\006\376\317\375\364\323\340\227}\355"
 206      6B66AE3E 
 206      06FECFFD 
 206      F4D3E097 
 206      7DED
 207 0514 F4D3A046 		.ascii	"\364\323\240F\3764\270\027\266u/\362/\375>\375K\277"
 207      FE34B817 
 207      B6752FF2 
 207      2FFD3EFD 
 207      4BBF
 208 0526 52DBD4CD 		.ascii	"R\333\324\315\343i\246l\252\255\334\201g\331\373\205"
 208      E369A66C 
 208      AAADDC81 
 208      67D9FB85 
 209 0536 AF474735 		.ascii	"\257GG5x\236\011\323U\035\327t8GM\205\352/\017\345a"
 209      789E09D3 
 209      551DD774 
 209      38474D85 
 209      EA2F0FE5 
 210 054b BC9B0903 		.ascii	"\274\233\011\003-\273\216\033p\021\023F?\312\271\254"
 210      2DBB8E1B 
 210      70111346 
 210      3FCAB9AC 
 211 055b C6E54CF8 		.ascii	"\306\345L\370\271\345\314A\236\325o#\210\207\374\205"
 211      B9E5CC41 
 211      9ED56F23 
 211      8887FC85 
 212 056b 27313B17 		.ascii	"'1;\0275\344s\350\263\236\271\012\204\337\243\\\375"
 212      35E473E8 
 212      B39EB90A 
 212      84DFA35C 
 212      FD
 213 057c 27A3FE16 		.ascii	"'\243\376\026\036\311\345;\001\020*\336\037\265*\212"
 213      1EC9E53B 
 213      01102ADE 
 213      1FB52A8A 
 214 058c F743D8CE 		.ascii	"\367C\330\316^\376\261\30580\211\303Ww7\037\301WT\222"
 214      5EFEB1C5 
 214      383089C3 
 214      5777371F 
 214      C1575492 
 215 05a0 05A9CCE3 		.ascii	"\005\251\314\343W\242\\\236\314\021:\311c\021\237\200"
 215      57A25C9E 
 215      CC113AC9 
 215      63119F80 
 216 05b0 8A79237A 		.ascii	"\212y#z\027P\000(\004\354\003\344\003J\000\245\200="
 216      17500028 
 216      04EC03E4 
 216      034A00A5 
 216      803D
 217 05c2 BCB2FE4E 		.ascii	"\274\262\376NO\340\205\0055\212\247\312\212\252\244"
ARM GAS  /var/folders/qd/4mxf5pkd0zdf0b9dd1hp39180000gn/T//ccdcTt3x.s 			page 17


 217      4FE08505 
 217      358AA7CA 
 217      8AAAA4
 218 05d1 4B918E9E 		.ascii	"K\221\216\236\213\244O*\351\363\221\332\027\027\340"
 218      8BA44F2A 
 218      E9F391DA 
 218      1717E0
 219 05e0 0B4AFEAE 		.ascii	"\013J\376\256H\365Bd\005\353\230\300\364\336\000k\361"
 219      48F54264 
 219      05EB98C0 
 219      F4DE006B 
 219      F1
 220 05f1 BDE99BC0 		.ascii	"\275\351\233\300\212{\223\023U\231\302\3256e\012\376"
 220      8A7B9313 
 220      5599C2D5 
 220      36650AFE 
 221 0601 19E9EAE2 		.ascii	"\031\351\352\342\332\257\244?\210N\017\335\312\374~"
 221      DAAFA43F 
 221      884E0FDD 
 221      CAFC7E
 222 0610 E9BC1E57 		.ascii	"\351\274\036W\323S\303\317\336\032\357\324\204\352\343"
 222      D353C3CF 
 222      DE1AEFD4 
 222      84EAE3
 223 061f D0354CEF 		.ascii	"\3205L\357\330~X^\306\207\316=\331\321#\262\215\312"
 223      D87E585E 
 223      C687CE3D 
 223      D9D123B2 
 223      8DCA
 224 0631 21C9FF4D 		.ascii	"!\311\377M\302\311\327I\325\310\341X\345\215\335\317"
 224      C2C9D749 
 224      D5C8E158 
 224      E58DDDCF 
 225 0641 2B6F6C05 		.ascii	"+ol\005\317n,\351\227l\265:-Ng\246\305\341r\370\204"
 225      CF6E2CE9 
 225      976CB53A 
 225      2D4E67A6 
 225      C5E172F8 
 226 0656 A424F9E7 		.ascii	"\244$\371\347\366\0120!x\334\333}^\301\234\361\362\263"
 226      F60A3021 
 226      78DCDB7D 
 226      5EC19CF1 
 226      F2B3
 227 0668 A9ECB931 		.ascii	"\251\354\2711e\307\016A^\222d\323\276\360\312oV\231"
 227      65C70E41 
 227      5E9264D3 
 227      BEF0CA6F 
 227      5699
 228 067a 5252B8E4 		.ascii	"RR\270\344\377p!\267\314\353\313z6\325bs\272m\333\250"
 228      FF7021B7 
 228      CCEBCB7A 
 228      36D56273 
 228      BA6DDBA8 
 229 068e 699DC592 		.ascii	"i\235\305\222\355p\371`\314W\216\2044\217\307\351\260"
 229      ED70F960 
 229      CC578E84 
 229      348FC7E9 
ARM GAS  /var/folders/qd/4mxf5pkd0zdf0b9dd1hp39180000gn/T//ccdcTt3x.s 			page 18


 229      B0
 230 069f 597D0EB7 		.ascii	"Y}\016\267\313+\244\333\234\016\217\327n\261'z\262m"
 230      CB2BA4DB 
 230      9C0E8FD7 
 230      6EB1277A 
 230      B26D
 231 06b1 DB5293AC 		.ascii	"\333R\223\254\036\217`r\273|v\227o\321\244\220\341v"
 231      1E8F6072 
 231      BB7C7697 
 231      6FD1A490 
 231      E176
 232 06c3 3BBDC2EF 		.ascii	";\275\302\357m\266D\353\366\254D\227\333eO\264[\337"
 232      6DB644EB 
 232      F6AC4497 
 232      DB654FB4 
 232      5BDF
 233 06d5 7424AE4B 		.ascii	"t$\256KLMNY\227\370\307_$fY\377\340\336.,\230\025\034"
 233      4C4D4E59 
 233      97F8C75F 
 233      246659FF 
 233      E0DE2E2C 
 234 06ec 2E9B333B 		.ascii	".\2333;\323.dYm[\035.\273`\311\264o\261f;}\026\337N"
 234      D32E6459 
 234      6D5B1D2E 
 234      BB60C9B4 
 234      6FB1663B 
 235 0704 8FDD9BB4 		.ascii	"\217\335\233\264\225\323\006\235\333\363\377s\316\273"
 235      95D3069D 
 235      DBF3FF73 
 235      CEBB
 236 0712 D32B58BC 		.ascii	"\323+X\274\276L\360\004<\2123\357\364\372\354Y&\367"
 236      BE4CF004 
 236      3C8A33EF 
 236      F4FAEC59 
 236      26F7
 237 0724 76BB8944 		.ascii	"v\273\211D1VL7\247\213\277M\337\220\214MfQ\265~\203"
 237      31564C37 
 237      A78BBF4D 
 237      DF908C4D 
 237      6651B57E 
 238 0739 498C49DB 		.ascii	"I\214I\333\274>%\375\025\332\247B\257I\333\264\036:"
 238      BC3E25FD 
 238      15DAA742 
 238      AF49DBB4 
 238      1E3A
 239 074b 2D1916CD 		.ascii	"-\031\026\315\031\364%\225\274`\323\213\242\312\264"
 239      19F42595 
 239      BC60D38B 
 239      A2CAB4
 240 075a F1059137 		.ascii	"\361\005\2217\211j\322\247\256Q&\324\276\303'\230^6"
 240      896AD2A7 
 240      AE5126D4 
 240      BEC32798 
 240      5E36
 241 076c BF688654 		.ascii	"\277h\206T\0124q[R\222w\200\017z\321d\262d@\2106\330"
 241      0A34715B 
 241      52927780 
ARM GAS  /var/folders/qd/4mxf5pkd0zdf0b9dd1hp39180000gn/T//ccdcTt3x.s 			page 19


 241      0F7AD164 
 241      B2644088 
 242 0782 B7E837BF 		.ascii	"\267\3507\277&\006\337\237\012\036\2527\255\266m\331"
 242      2606DF9F 
 242      0A1EAA37 
 242      ADB66DD9 
 243 0792 1E4BA63B 		.ascii	"\036K\246;\313\352p\321<\343W\327\213\332\240\253|\232"
 243      CBEA70D1 
 243      3CE357D7 
 243      8BDAA0AB 
 243      7C9A
 244 07a4 C89BC598 		.ascii	"\310\233\305\230W7g\274\224\376;QE\0368\315$\252^\023"
 244      573767BC 
 244      94FE3B51 
 244      451E38CD 
 244      24AA5E13 
 245 07b8 378B4B37 		.ascii	"7\213K7\376:\315\274)\250\361_\034V\244\010"
 245      FE3ACDBC 
 245      29A8F15F 
 245      1C56A408 
 246              		.text
 247              		.section	.gnu.lto_.symtab.f2fe5b9e4bf9d47,"",%progbits
 248 0000 68616C5F 		.ascii	"hal_lld_init\000"
 248      6C6C645F 
 248      696E6974 
 248      00
 249 000d 00       		.ascii	"\000"
 250 000e 00       		.ascii	"\000"
 251 000f 00       		.ascii	"\000"
 252 0010 00000000 		.ascii	"\000\000\000\000\000\000\000\000"
 252      00000000 
 253 0018 BB000000 		.ascii	"\273\000\000\000"
 254 001c 73746D33 		.ascii	"stm32_clock_init\000"
 254      325F636C 
 254      6F636B5F 
 254      696E6974 
 254      00
 255 002d 00       		.ascii	"\000"
 256 002e 00       		.ascii	"\000"
 257 002f 00       		.ascii	"\000"
 258 0030 00000000 		.ascii	"\000\000\000\000\000\000\000\000"
 258      00000000 
 259 0038 BD000000 		.ascii	"\275\000\000\000"
 260 003c 53797374 		.ascii	"SystemCoreClock\000"
 260      656D436F 
 260      7265436C 
 260      6F636B00 
 261 004c 00       		.ascii	"\000"
 262 004d 00       		.ascii	"\000"
 263 004e 00       		.ascii	"\000"
 264 004f 00000000 		.ascii	"\000\000\000\000\000\000\000\000"
 264      00000000 
 265 0057 CA000000 		.ascii	"\312\000\000\000"
 266              		.text
 267              		.section	.gnu.lto_.opts,"",%progbits
 268 0000 272D666D 		.ascii	"'-fmath-errno' '-fsigned-zeros' '-ftrapping-math' '"
 268      6174682D 
ARM GAS  /var/folders/qd/4mxf5pkd0zdf0b9dd1hp39180000gn/T//ccdcTt3x.s 			page 20


 268      6572726E 
 268      6F272027 
 268      2D667369 
 269 0033 2D666E6F 		.ascii	"-fno-trapv' '-fno-openmp' '-fno-openacc' '-mcpu=cor"
 269      2D747261 
 269      70762720 
 269      272D666E 
 269      6F2D6F70 
 270 0066 7465782D 		.ascii	"tex-m3' '-mno-thumb-interwork' '-mthumb' '-O2' '-fo"
 270      6D332720 
 270      272D6D6E 
 270      6F2D7468 
 270      756D622D 
 271 0099 6D69742D 		.ascii	"mit-frame-pointer' '-ffunction-sections' '-fdata-se"
 271      6672616D 
 271      652D706F 
 271      696E7465 
 271      72272027 
 272 00cc 6374696F 		.ascii	"ctions' '-fno-common' '-flto'\000"
 272      6E732720 
 272      272D666E 
 272      6F2D636F 
 272      6D6D6F6E 
 273              		.text
 274              		.comm	__gnu_lto_v1,1,1
 275              		.comm	__gnu_lto_slim,1,1
 276              		.ident	"GCC: (GNU Tools for Arm Embedded Processors 7-2017-q4-major) 7.2.1 20170904 (release) [ARM
ARM GAS  /var/folders/qd/4mxf5pkd0zdf0b9dd1hp39180000gn/T//ccdcTt3x.s 			page 21


DEFINED SYMBOLS
                            *ABS*:0000000000000000 hal_lld.c
                            *COM*:0000000000000001 __gnu_lto_v1
                            *COM*:0000000000000001 __gnu_lto_slim

NO UNDEFINED SYMBOLS
