ARM GAS  /var/folders/qd/4mxf5pkd0zdf0b9dd1hp39180000gn/T//cc3XhYSl.s 			page 1


   1              		.cpu cortex-m3
   2              		.eabi_attribute 20, 1
   3              		.eabi_attribute 21, 1
   4              		.eabi_attribute 23, 3
   5              		.eabi_attribute 24, 1
   6              		.eabi_attribute 25, 1
   7              		.eabi_attribute 26, 1
   8              		.eabi_attribute 30, 2
   9              		.eabi_attribute 34, 1
  10              		.eabi_attribute 18, 4
  11              		.file	"nvic.c"
  12              		.section	.gnu.lto_.profile.50679f77b6cce416,"",%progbits
  13 0000 789C6363 		.ascii	"x\234cc```\001bF\006)1\000\000\302\000<"
  13      60606001 
  13      62460629 
  13      310000C2 
  13      003C
  14              		.text
  15              		.section	.gnu.lto_.icf.50679f77b6cce416,"",%progbits
  16 0000 789C6363 		.ascii	"x\234cc``\220b@\000\026\206\377\177\316\236ga\234\375"
  16      60609062 
  16      40001686 
  16      FF7FCE9E 
  16      67619CFD 
  17 0014 7DF1052E 		.ascii	"}\361\005.\246WK\217\367\3622\337\336\265u&\017\003"
  17      A6574B8F 
  17      F7F232DF 
  17      DEB57526 
  17      0F03
  18 0026 00B6070C 		.ascii	"\000\266\007\014\264"
  18      B4
  19              		.text
  20              		.section	.gnu.lto_.jmpfuncs.50679f77b6cce416,"",%progbits
  21 0000 789C6363 		.ascii	"x\234cc``\320a@\000\026\006&FF\346\3729\314\014 \314"
  21      6060D061 
  21      40001606 
  21      264646E6 
  21      FA39CC0C 
  22 0016 0804209A 		.ascii	"\010\004 \232\011Y\220\031*\310\000\000\237-\007\005"
  22      09599019 
  22      2AC80000 
  22      9F2D0705 
  23              		.text
  24              		.section	.gnu.lto_.inline.50679f77b6cce416,"",%progbits
  25 0000 789C4D8C 		.ascii	"x\234M\214\321\021\2000\014B!\215i\364\307\021\352\004"
  25      D1118030 
  25      0C42218D 
  25      69F4C711 
  25      EA04
  26 0012 2ED9453A 		.ascii	".\331E:\222\2438\202\261\236U>\270\343\036`\000*>)\260"
  26      92A33882 
  26      B19E553E 
  26      B8E31E60 
  26      002A3E29 
  27 0027 CC146E8C 		.ascii	"\314\024n\214p\233\332\271\303Z\021\310\261*\"y\020"
  27      709BDAB9 
  27      C35A11C8 
ARM GAS  /var/folders/qd/4mxf5pkd0zdf0b9dd1hp39180000gn/T//cc3XhYSl.s 			page 2


  27      B12A2279 
  27      10
  28 0038 07E199EC 		.ascii	"\007\341\231\354\225\244\255<\225\240\332O\004\223\222"
  28      95A4AD3C 
  28      95A0DA4F 
  28      049392
  29 0047 FD25C5EE 		.ascii	"\375%\305\356w\020J\310\366N\007\034S\\\2260\015\244"
  29      77104AC8 
  29      F64E071C 
  29      535C9630 
  29      0DA4
  30              		.text
  31              		.section	.gnu.lto_.pureconst.50679f77b6cce416,"",%progbits
  32 0000 789C6363 		.ascii	"x\234cc``\340\004b\026\006)F)&)f)\000\002\304\000\202"
  32      6060E004 
  32      62160629 
  32      46292629 
  32      66290002 
  33              		.text
  34              		.section	.gnu.lto_nvicEnableVector.50679f77b6cce416,"",%progbits
  35 0000 789C9D53 		.ascii	"x\234\235S\317KTQ\024\276\337;\357\207\243\316,\332"
  35      CF4B5451 
  35      14BEDF3B 
  35      EF87A3CE 
  35      2CDA
  36 0012 45522E82 		.ascii	"ER.\202A\204y\011\375\003\321\332\026\375\007\341&!"
  36      41847909 
  36      FD03D1DA 
  36      16FD07E1 
  36      2621
  37 0024 674443DA 		.ascii	"gDC\332yg\306f\264\004\005G\203\341\021#\215\375 \312"
  37      7967C666 
  37      B4040547 
  37      83E11123 
  37      8DFD20CA 
  38 0038 42ADC6B2 		.ascii	"B\255\306\262^\223\226\021&\211\264kQJ\241\221\324\254"
  38      5E939611 
  38      2689B46B 
  38      514AA191 
  38      D4AC
  39 004a 82D43AF7 		.ascii	"\202\324:\367>\243\350\307\242.\357\236w\3569\347\273"
  39      3EA3E8C7 
  39      A22EEF9E 
  39      77EE39E7 
  39      BB
  40 005b E7FBEE7D 		.ascii	"\347\373\356}\317\026B\034!!\016\362{\017O\220\2001"
  40      CF16421C 
  40      21210EF2 
  40      7B0F4F90 
  40      8031
  41 006d F85C8864 		.ascii	"\370\\\210d\225\001(GVAt\033\350F?\345\010\345\354\333"
  41      95012847 
  41      5641741B 
  41      E8463FE5 
  41      08E5ECDB 
  42 0081 92D17049 		.ascii	"\222\321pI\362\360\317Uv\313\313><\206\217\360T\003"
  42      F2F0CF55 
ARM GAS  /var/folders/qd/4mxf5pkd0zdf0b9dd1hp39180000gn/T//cc3XhYSl.s 			page 3


  42      76CBCB3E 
  42      3C868FF0 
  42      5403
  43 0093 1368E0AA 		.ascii	"\023h\340\252\027=7<:K\036\001&/?-\344W\"ji\240\236"
  43      173D373C 
  43      3A4B1E01 
  43      262F3F2D 
  43      E457226A 
  44 00aa 975B3237 		.ascii	"\227[27\022\241\030\004\373\253\317.\014:\3211)S\322"
  44      12A11804 
  44      FBABCF2E 
  44      0C3AD131 
  44      2953D2
  45 00bd 9F2D92DC 		.ascii	"\237-\222\334\357\021\341\026\2107\304\024\3520\211"
  45      EF11E116 
  45      8837C414 
  45      EA3089
  46 00cc 3AC12181 		.ascii	":\301!\201\333\210r\371\325\324\273\017D\0074\364\315"
  46      DB8872F9 
  46      D5D4BB0F 
  46      440734F4 
  46      CD
  47 00dd FCEB9CB5 		.ascii	"\374\353\234\265\003]\035\333\201\336\371\003\264\204"
  47      035D1DDB 
  47      81DEF903 
  47      B484
  48 00eb A8AEBFB9 		.ascii	"\250\256\277\271=\034\266\315\200+\246a\013\2603\276"
  48      3D1CB6CD 
  48      802BA661 
  48      0BB033BE 
  49 00fb 64F972FB 		.ascii	"d\371r\373kV\372\313\027\261e\205\301\030\323P\206\330"
  49      6B56FACB 
  49      17B16585 
  49      C118D350 
  49      86D8
  50 010d 58261BDB 		.ascii	"X&\033\333R\236\255\214\003\265[\010\212\216\020\275"
  50      529EAD8C 
  50      03B55B08 
  50      8A8E10BD 
  51 011d BC131F91 		.ascii	"\274\023\037\221\364E\037\031\312K\373b\035\251Jvf "
  51      F4451F19 
  51      CA4BFB62 
  51      1DA94A76 
  51      6620
  52 012f A21AE409 		.ascii	"\242\032\344\011yr8\224\376\230A\02008\366\363\0019"
  52      79723894 
  52      FE984110 
  52      3038F6F3 
  52      0139
  53 0141 30719789 		.ascii	"0q\227\211\256\243\274|f\315RE\234\0369]^tT\272J+\235"
  53      AEA3BC7C 
  53      66CD5245 
  53      9C1E395D 
  53      5E7454BA 
  54 0158 1CDDF85C 		.ascii	"\034\335\370\\\033,e9-#\034\232x?\264\342\024p>\311"
  54      1B2C6539 
  54      2D231C9A 
ARM GAS  /var/folders/qd/4mxf5pkd0zdf0b9dd1hp39180000gn/T//cc3XhYSl.s 			page 4


  54      783FB4E2 
  54      14703EC9 
  55 016c 1751D8EB 		.ascii	"\027Q\330\353Q\0103,\371\036\357\244\000s\375\311\321"
  55      5108332C 
  55      F91EEFA4 
  55      0073FDC9 
  55      D1
  56 017d 6AF79AEC 		.ascii	"j\367\232\354I\312z\217\252q\037\005\014\353+\342\344"
  56      49CA7A8F 
  56      AA711F05 
  56      0CEB2BE2 
  56      E4
  57 018e CBA5A989 		.ascii	"\313\245\251\211H\323\270J\026\342\036\325\340\001\334"
  57      48D3B84A 
  57      16E21ED5 
  57      E001DC
  58 019d 3C85F4F5 		.ascii	"<\205\364\365\371hb\216\212\361ffa`W\300\2318\313\270"
  58      F968628E 
  58      8AF16666 
  58      616057C0 
  58      9938CBB8 
  59 01b1 A1E2F552 		.ascii	"\241\342\365RX\261\260\260\017\0175g\326u\305\011\212"
  59      58B1B0B0 
  59      0F0F3567 
  59      D675C509 
  59      8A
  60 01c2 4C34D671 		.ascii	"L4\326q\251\012V2}V\020\264\002\344\323\342\364\246"
  60      A90A5632 
  60      7D5610B4 
  60      02E4D3E2 
  60      F4A6
  61 01d4 E66FC342 		.ascii	"\346o\303BY#\371\220\276#\025\370\027\375\377\242\256"
  61      5923F990 
  61      BE2315F8 
  61      17FDFFA2 
  61      AE
  62 01e5 168FB43A 		.ascii	"\026\217\264:\374\256\256\313\2430f\225:K\253\233S\352"
  62      FCAEAECB 
  62      A3306695 
  62      3A4BAB9B 
  62      53EA
  63 01f7 ECA0D7AB 		.ascii	"\354\240\327\253\305\232\377j\366X73\376\322\354\311"
  63      C59AFF6A 
  63      F6583733 
  63      FED2ECC9 
  64 0207 8F66F341 		.ascii	"\217f\363A\263\015\244\012_t+\375\203\3642O\376P\030"
  64      B30DA40A 
  64      5F742BFD 
  64      83F4324F 
  64      FE5018
  65 021a DF188BB9 		.ascii	"\337\030\213\271\301\223\350t\217\037;\341\266':Nv\272"
  65      C193E874 
  65      8F1F3BE1 
  65      B6273A4E 
  65      76BA
  66 022c 2D89B6B6 		.ascii	"-\211\266\266D\334=t\264\371p\363)7\336\325\332\022"
  66      44DC3D74 
ARM GAS  /var/folders/qd/4mxf5pkd0zdf0b9dd1hp39180000gn/T//cc3XhYSl.s 			page 5


  66      B4F970F3 
  66      2937DED5 
  66      DA12
  67 023e 6B11889B 		.ascii	"k\021\210\233\355\035\255\211o\247\372\031\260"
  67      ED1DAD89 
  67      6FA7FA19 
  67      B0
  68              		.text
  69              		.section	.gnu.lto_nvicDisableVector.50679f77b6cce416,"",%progbits
  70 0000 789C9552 		.ascii	"x\234\225RKkSQ\020\236\357\314}\244M\233\265`\320.\204"
  70      4B6B5351 
  70      109EEFCC 
  70      7DA44D9B 
  70      B560D02E 
  71 0015 520AB9E4 		.ascii	"R\012\271\344'\210\340\256\033\377\201d\243`\023i\245"
  71      2788E0AE 
  71      1BFF8164 
  71      A3601369 
  71      A5
  72 0026 B8EB49D2 		.ascii	"\270\353I\322&\255fQh\033%\\\344\026#\342BkI\253\246"
  72      26AD6651 
  72      681B255C 
  72      E41623E2 
  72      426B49AB 
  73 003b BEAE292E 		.ascii	"\276\256).\304\027\026\361\007\330\342\023\212\026\027"
  73      C41716F1 
  73      07D8E213 
  73      8A1617
  74 004a 2EFA70CE 		.ascii	".\372p\316\275\012\202+\207{\316\235\2313\337|sf\216"
  74      BD0A822B 
  74      877BCE9D 
  74      9933DF7C 
  74      73668E
  75 005d 4344238A 		.ascii	"CD#\212\310\223\377AY`\202\232yETL(\300(:\001\032W\030"
  75      C893FF41 
  75      5960829A 
  75      7945544C 
  75      28C0283A 
  76 0075 478DE718 		.ascii	"G\215\347\030\235\352\207\266\032\270\256E\302K\015"
  76      9DEA87B6 
  76      1AB8AE45 
  76      C24B0D
  77 0084 A7A2270F 		.ascii	"\247\242'\017\370LT\227e\004-\014H\324\233\211\333>"
  77      F84C5497 
  77      65042D0C 
  77      48D49B89 
  77      DB3E
  78 0096 5F649F01 		.ascii	"_d\237\001K\314\357/\033\033)c*\364\211\271\253\347"
  78      4BCCEF2F 
  78      1B1B2963 
  78      2AF489B9 
  78      ABE7
  79 00a8 EA29CE80 		.ascii	"\352)\316\200D\337|~u\306\355\277\246uI\207/\232\254"
  79      44DF7C7E 
  79      75C6EDBF 
  79      A6754987 
  79      2F9AAC
ARM GAS  /var/folders/qd/4mxf5pkd0zdf0b9dd1hp39180000gn/T//cc3XhYSl.s 			page 6


  80 00bb 8FF8CCB8 		.ascii	"\217\370\314\270\003\226\204XA\032\313H\223\270\010"
  80      03968458 
  80      411ACB48 
  80      93B808
  81 00ca 77D16FE2 		.ascii	"w\321o\342\337/\355\315\367:VL\210{p\010\242,\256\333"
  81      DF2FEDCD 
  81      F73A564C 
  81      887B7008 
  81      A22CAEDB 
  82 00de A1DEDBAF 		.ascii	"\241\336\333\257\352p\263\211\326\361.\010\306R\262"
  82      EA70B389 
  82      D6F12E08 
  82      C652B2
  83 00ed D96C34CB 		.ascii	"\331l4\313l6\242\0344%H\271\227\016i\232\225\321\312"
  83      6C36A21C 
  83      342548B9 
  83      970E699A 
  83      95D1CA
  84 0100 217D4179 		.ascii	"!}Ay\247\262\273\024(\223\261\301h\260-\\\263\315[\355"
  84      A7B2BB14 
  84      2893B1C1 
  84      68B02D5C 
  84      B3CD5BED 
  85 0114 5E53B685 		.ascii	"^S\266\205\303hK!\022\366\255r\303\215\203\024\006\323"
  85      C3684B21 
  85      12F6AD72 
  85      C38D8314 
  85      06D3
  86 0126 126A9CDB 		.ascii	"\022j\234\333\225i;vr\214|\326\\\335\3511H\0336V#di"
  86      95693B76 
  86      728C7CD6 
  86      5CDDE931 
  86      481B3656 
  87 013d BBFA0769 		.ascii	"\273\372\007i\011X<\235\267\027>G0\001\324';\257]\003"
  87      09583C9D 
  87      B7173E47 
  87      3001D427 
  87      3BAF5D03 
  88 0151 70A2AE2C 		.ascii	"p\242\256,/l\375\354\211M\335)\353\224\270Z_g7\334\000"
  88      2F6CFDEC 
  88      894DDD29 
  88      EB94B85A 
  88      5F6737DC 
  89 0166 578AD2F9 		.ascii	"W\212\322\371\340\220\317.\036H{\356Kn\003xZ+.t{7\365"
  89      E090CF2E 
  89      1E487BEE 
  89      4B6E0378 
  89      5A2B2E74 
  90 017d 4451F7F9 		.ascii	"DQ\367\371\234\300C\004\230\217f\"\207\357\326WZ\251"
  90      9CC04304 
  90      988F6622 
  90      87EFD657 
  90      5AA9
  91 018f ECA2390C 		.ascii	"\354\2429\014\306|\356\302#xRj4\257\307\310JA\246\232"
  91      C67CEEC2 
  91      2378526A 
  91      34AFC7C8 
ARM GAS  /var/folders/qd/4mxf5pkd0zdf0b9dd1hp39180000gn/T//cc3XhYSl.s 			page 7


  91      4A41A69A 
  92 01a3 1F9F2EAF 		.ascii	"\037\237.\257%\177\227\363?d\335\010#2\374K\226\367"
  92      257F97F3 
  92      3F64DD08 
  92      2332FC4B 
  92      96F7
  93 01b5 39892786 		.ascii	"9\211'\206\314\216\310:\310\376}\327$\010k\222s\013"
  93      CC8EC83A 
  93      C8FE7DD7 
  93      24086B92 
  93      730B
  94 01c7 A5E0630D 		.ascii	"\245\340c\015\3214\215LI.\231\213\274\312\301L\306\213"
  94      D1348D4C 
  94      492E998B 
  94      BCCAC14C 
  94      C68B
  95 01d9 BFC2A877 		.ascii	"\277\302\250w\352\344\031\357la\344\334\250\227+\014"
  95      EAE419EF 
  95      6C61E4DC 
  95      A8972B0C 
  96 01e9 0F17F2DE 		.ascii	"\017\027\362\336\321\023C\307\206\316{\371\261\323\271"
  96      D11343C7 
  96      86CE7BF9 
  96      B1D3B9
  97 01f8 4C8E90FF 		.ascii	"L\216\220\377\005D\312\324\370"
  97      0544CAD4 
  97      F8
  98              		.text
  99              		.section	.gnu.lto_nvicSetSystemHandlerPriority.50679f77b6cce416,"",%progbits
 100 0000 789C6D51 		.ascii	"x\234mQ\315KTQ\024?\277{\336{\363\012\262\255\224\013"
 100      CD4B5451 
 100      143FBF7B 
 100      DE7BF30A 
 100      B2AD940B 
 101 0014 17C120C1 		.ascii	"\027\301 \301<\334\264h\027m\332\270\361?\220IP\320"
 101      3CDCB468 
 101      176DDAB8 
 101      F13F9049 
 101      50D0
 102 0026 79328AB4 		.ascii	"y2\212\264\363\316\214:f\005\242\243\306\360\210\267"
 102      F3CE8C3A 
 102      6605A2A3 
 102      C6F088B7 
 103 0036 1195080B 		.ascii	"\021\225\010\013\263\032\035\3551\2536}8D\220\320\242"
 103      B31A1DED 
 103      31AB367D 
 103      384490D0 
 103      A2
 104 0047 0F14268A 		.ascii	"\017\024&\212>\\\264\262\316}N\320\242\313\3758_\277"
 104      3E5CB4B2 
 104      CE7D4ED0 
 104      A2CBFD38 
 104      5FBF
 105 0059 737FE71C 		.ascii	"s\177\347\034\207\210~\202\350\242\274g\345\200\011"
 105      87887E82 
 105      E8A2BC67 
 105      E58009
ARM GAS  /var/folders/qd/4mxf5pkd0zdf0b9dd1hp39180000gn/T//cc3XhYSl.s 			page 8


 106 0068 6AE60551 		.ascii	"j\346\005Q\316U\200\021\264\013\032S\030\303M.1j\305"
 106      CE558011 
 106      B40B1A53 
 106      18C34D2E 
 106      316AC5
 107 007b FD8AEA58 		.ascii	"\375\212\352X\326\262\242\305\2723\251'Z\003&Z\220c"
 107      D6B2A2C5 
 107      BA33A927 
 107      5A03265A 
 107      9063
 108 008d 16D6D121 		.ascii	"\026\326\321!Q\273\343\367\003\276\301\001\003\226\250"
 108      51BBE3F7 
 108      03BEC101 
 108      0396A8
 109 009c DF9F973F 		.ascii	"\337\237\227?\266\030U\241]\324\302\334N\325\345\024"
 109      B61855A1 
 109      5DD4C2DC 
 109      4ED5E514 
 110 00ac 48E4FAFA 		.ascii	"H\344\372\372\355+\311%\255\363:\372\264\304\372\\\300"
 110      ED2BC925 
 110      ADF33AFA 
 110      B4C4FA5C 
 110      C0
 111 00bd 8C4760C9 		.ascii	"\214G`\311\207\015\264\341!\332HL\204\307HJ\364\335"
 111      870DB4E1 
 111      21DA484C 
 111      84C7484A 
 111      F4DD
 112 00cf FCC117E6 		.ascii	"\374\301\027\346\0131\362\303\263\367%\273\011=\\nB"
 112      0B31F2C3 
 112      B3F725BB 
 112      093D5C6E 
 112      42
 113 00e0 9FFC075A 		.ascii	"\237\374\007ZA2\216\177p4\177\312\261\302\277l\261\011"
 113      41328E7F 
 113      70347FCA 
 113      B1C2BF6C 
 113      B109
 114 00f2 87A4725A 		.ascii	"\207\244rZ\253\333\221>\372]\024\006\255{\237\335\004"
 114      ABDB913E 
 114      FA5D1406 
 114      AD7B9FDD 
 114      04
 115 0103 04662973 		.ascii	"\004f)s\011}\001\3330\277\023M\011J\032\242#\272\316"
 115      097D01DB 
 115      30BF134D 
 115      094A1AA2 
 115      23BACE
 116 0116 CA488588 		.ascii	"\312H\205\210\032\310\377(\276\333\250\302d+3\312\362"
 116      1AC8FF28 
 116      BEDBA8C2 
 116      642B33CA 
 116      F2
 117 0127 6103856F 		.ascii	"a\003\205o\223M\203\022\333\277\375\260aaK\2105P{=\375"
 117      934D8312 
 117      DBBFFDB0 
 117      61614B88 
ARM GAS  /var/folders/qd/4mxf5pkd0zdf0b9dd1hp39180000gn/T//cc3XhYSl.s 			page 9


 117      35507B3D 
 118 013c D63641E2 		.ascii	"\3266A\342^\230\250\275L\030\267\023W\226\253TK\366"
 118      5E98A8BD 
 118      4C18B713 
 118      5796AB54 
 118      4BF6
 119 014e B1AAF70A 		.ascii	"\261\252\367\012\272EL\215\335\303Wv\210;9\351{x&\340"
 119      BA454C8D 
 119      DDC35776 
 119      883B39E9 
 119      7B7826E0 
 120 0162 04B6A5C4 		.ascii	"\004\266\245\304\252d2\200\331\351\325\325\223\336="
 120      AA643280 
 120      D9E9D5D5 
 120      93DE3D
 121 0171 3D9ED3ED 		.ascii	"=\236\323\355\001\273\330A\210\371x\"\342|\263\362k"
 121      01BBD841 
 121      88F97822 
 121      E27CB3F2 
 121      6B
 122 0182 F174E79A 		.ascii	"\361t\347\232q\206\231\200O\340)\2742\333\361\264\""
 122      71869980 
 122      4FE029BC 
 122      32DBF1B4 
 122      22
 123 0193 740A47FA 		.ascii	"t\012G\372\212|\270u+\246\034Oq\212a\352SD\347S)\357"
 123      8A7CB875 
 123      2BA61C4F 
 123      718A61EA 
 123      5344E753 
 124 01a9 78FBC35E 		.ascii	"x\373\303^_\317\2007\344gG\206\275\264?8\350g\274K\335"
 124      5FCF8037 
 124      E4674786 
 124      BDB43F38 
 124      E867BC4B 
 125 01be 5D97BBAE 		.ascii	"]\227\273\256y\231\321\376t*M\211\276\236\314\325\201"
 125      7999D1FE 
 125      742A4D89 
 125      BE9ECCD5 
 125      81
 126 01cf DEAC3594 		.ascii	"\336\2545\224\355\367\377\000%\355\2619"
 126      EDF7FF00 
 126      25EDB139 
 127              		.text
 128              		.section	.gnu.lto_nvicClearPending.50679f77b6cce416,"",%progbits
 129 0000 789C3551 		.ascii	"x\2345Q\317KTQ\024>\337=\357\307\024:\353\240\241\\"
 129      CF4B5451 
 129      143EDF3D 
 129      EFC7143A 
 129      EBA0A15C 
 130 0014 0422C25C 		.ascii	"\004\"\302\\\374\023\302E+7\375\0071\033\203\234\211"
 130      FC13C245 
 130      2B37FD07 
 130      311B839C 
 130      89
 131 0025 0C69E79D 		.ascii	"\014i\347\235\031\235\321\2240\324\011\206\207<q\"Z"
 131      199DD194 
ARM GAS  /var/folders/qd/4mxf5pkd0zdf0b9dd1hp39180000gn/T//cc3XhYSl.s 			page 10


 131      30D40986 
 131      873C7122 
 131      5A
 132 0036 94C56836 		.ascii	"\224\305h6\366\3531\344B\242\"\211V\2552\004\013$\005"
 132      F6EB31E4 
 132      42A22289 
 132      56AD3204 
 132      0B2405
 133 0049 2142AD73 		.ascii	"!B\255s\337\243\303\375q\316\271\347;\367\273\337\365"
 133      DFA3C3FD 
 133      71CEB9E7 
 133      3BF7BBDF 
 133      F5
 134 005a 88E81044 		.ascii	"\210\350\020DZ\366\2632\301\0045\363\201\250\230R\200"
 134      5AF6B332 
 134      C10435F3 
 134      81A89852 
 134      80
 135 006b 754C0A34 		.ascii	"uL\0124\2520\212i\236c\264\253;-\325\363\300\210E\367"
 135      AA308A69 
 135      9E63B4AB 
 135      3B2DD5F3 
 135      C08845F7 
 136 007f FE781533 		.ascii	"\376x\0253~&`\242\232Lkh\242G\252>\215=\011x\212\003"
 136      7E2660A2 
 136      9A4C6B68 
 136      A247AA3E 
 136      8D3D0978 
 137 0095 061C09F7 		.ascii	"\006\034\011\367\337\327\267\3236T\350\222\360\330\314"
 137      DFD7B7D3 
 137      3654E892 
 137      F0D8CC
 138 00a4 D5D29C05 		.ascii	"\325\322\234\005\211\377\375\335\322\214\337}\337\230"
 138      89FFFDDD 
 138      D28CDF7D 
 138      DF98
 139 00b2 9289DE36 		.ascii	"\222\211\3366\330\\\010\230\361\014,\015\261\212\014"
 139      D85C0898 
 139      F10C2C0D 
 139      B18A0C
 140 00c1 56902149 		.ascii	"V\220!I\021\326\320m\353\277==\231\357\364\234\344B"
 140      11D6D06D 
 140      EBBF3D3D 
 140      99EFF49C 
 140      E442
 141 00d3 3C874742 		.ascii	"<\207GB\236\226\267\334\310\234\374\255\232\350k\003"
 141      9E96B7DC 
 141      C89CFCAD 
 141      9AE86B03 
 142 00e3 772F09E3 		.ascii	"w/\011\343\200\035%\213\313\326s\354\342\"\356A\023"
 142      801D258B 
 142      CBD673EC 
 142      E222EE41 
 142      13
 143 00f4 82947799 		.ascii	"\202\224w\231\210&YY\257\034\321\017\224\217*\307k\241"
 143      88265959 
 143      AF1CD10F 
ARM GAS  /var/folders/qd/4mxf5pkd0zdf0b9dd1hp39180000gn/T//cc3XhYSl.s 			page 11


 143      948F2AC7 
 143      6BA1
 144 0106 B21DEB8C 		.ascii	"\262\035\353\214:\273r\327l\343q\253\323\322vp\036-"
 144      3ABB72D7 
 144      6CE371AB 
 144      D3D27670 
 144      1E2D
 145 0118 212265BF 		.ascii	"!\"e\277*\017\375\244H\2417#\2456yP\231t\223$'\310\315"
 145      2A0FFDA4 
 145      48A13723 
 145      A5367950 
 145      99749324 
 146 012f C6FA5187 		.ascii	"\306\372Q\207E\272p\261\036#K\007\325\377HG\300\222"
 146      45BA70B1 
 146      1E234B07 
 146      D5FF4847 
 146      C092
 147 0141 697FBEBD 		.ascii	"i\177\276\275\033\303\004P\033o\177\364-\300\213UYY"
 147      1BC30450 
 147      1B6F7FF4 
 147      2DC08B55 
 147      5959
 148 0153 DCFBDD91 		.ascii	"\334\373\335\221\204\246]6iI5\177\316n\373!\026\212"
 148      84A65D36 
 148      6949357F 
 148      CE6EFB21 
 148      168A
 149 0165 A27C782E 		.ascii	"\242|x.`\037/E\236\027\322\333\0026\246\213\213\247"
 149      601F2F45 
 149      9E17D2DB 
 149      0236A68B 
 149      8BA7
 150 0177 F5233356 		.ascii	"\365#3V4]\001\247\360\012!\346\343?\221\303/[\253\315"
 150      345D01A7 
 150      F00A21E6 
 150      E33F91C3 
 150      2F5BABCD 
 151 018b 74DFB23D 		.ascii	"t\337\262=\014G\002>\205\327\320B5\376\2577\350\023"
 151      0C47023E 
 151      85D7D042 
 151      35FEAF37 
 151      E813
 152 019d 42B48752 		.ascii	"B\264\207R\270t\007\261\240\326&\344a\"\215\"\352\315"
 152      B87407B1 
 152      A0D626E4 
 152      61228D22 
 152      EACD
 153 01af 6675320A 		.ascii	"fu2\012\303z\360\3125}\275p\343\346\260\316\025\206"
 153      C37AF0CA 
 153      357DBD70 
 153      E3E6B0CE 
 153      1586
 154 01c1 860A797D 		.ascii	"\206\012y}\361\362@\377\300-\235\037\271\232\313\346"
 154      F1F240FF 
 154      C02D9D1F 
 154      B99ACBE6 
 155 01d1 08F97F0B 		.ascii	"\010\371\177\013\343\254\267"
ARM GAS  /var/folders/qd/4mxf5pkd0zdf0b9dd1hp39180000gn/T//cc3XhYSl.s 			page 12


 155      E3ACB7
 156              		.text
 157              		.section	.gnu.lto_.symbol_nodes.50679f77b6cce416,"",%progbits
 158 0000 789C6363 		.ascii	"x\234cc``\360\002b\006\246\267\014\365\014\014\023\316"
 158      6060F002 
 158      6206A6B7 
 158      0CF50C0C 
 158      13CE
 159 0012 3180A85D 		.ascii	"1\200\250]\015\216@\221w\014\365\214\250\"\357\031\352"
 159      0D8E4091 
 159      770CF58C 
 159      A822EF19 
 159      EA
 160 0023 9950453E 		.ascii	"\231PE>0\3243\243\2100\000\000\366\002\023u"
 160      30D433A3 
 160      88300000 
 160      F6021375 
 161              		.text
 162              		.section	.gnu.lto_.refs.50679f77b6cce416,"",%progbits
 163 0000 789C6363 		.ascii	"x\234cc```\004b\006\000\000D\000\010"
 163      60606004 
 163      62060000 
 163      440008
 164              		.text
 165              		.section	.gnu.lto_.decls.50679f77b6cce416,"",%progbits
 166 0000 789CC559 		.ascii	"x\234\305YkTT\327\025\236s\317\000\303\333\"\253\261"
 166      6B5454D7 
 166      159E73CF 
 166      00C3DB22 
 166      ABB1
 167 0012 295D4D5D 		.ascii	")]M]f\205\266\201\361\2214\376jCF\254\374\320\262\006"
 167      6685B681 
 167      F19134FE 
 167      6A4346AC 
 167      FCD0B206 
 168 0026 E35A26AB 		.ascii	"\343Z&\253%\004'\221\224W\001\273\342\257^\004#\212"
 168      25042791 
 168      945701BB 
 168      E2AF5E04 
 168      238A
 169 0038 1A50828A 		.ascii	"\032P\202\212\030\236\276\002*D\005\221\240\200\362"
 169      189EBE02 
 169      2A440591 
 169      A080F2
 170 0047 90970644 		.ascii	"\220\227\006DE\300A\004\004D\236*\017Q\272\317\343\316"
 170      45C04104 
 170      04449E2A 
 170      0F51BACF 
 170      E3CE
 171 0059 5C2E8CCD 		.ascii	"\\.\214\315\217\256\366.\367\3349\347|g\357\357\354"
 171      8FAEF62E 
 171      F7DC39E7 
 171      7C67EFEF 
 171      EC
 172 006a 7DCE3E7B 		.ascii	"}\316>{\320Z\245R}\372\013\225\312\021\253T\351H\245"
 172      D05AA552 
 172      7DFA0B95 
ARM GAS  /var/folders/qd/4mxf5pkd0zdf0b9dd1hp39180000gn/T//cc3XhYSl.s 			page 13


 172      CA11AB54 
 172      E948A5
 173 007d 9A81C70A 		.ascii	"\232\201\307\012\372\312@\240\251*Q\261G\015R\005R\013"
 173      FACA40A0 
 173      A92A51B1 
 173      470D5205 
 173      520B
 174 008f 520F725D 		.ascii	"R\017r]5\367\371\032&8\301\373\023\020\027\020W>\337"
 174      35F7F91A 
 174      2638C1FB 
 174      13101710 
 174      573EDF
 175 00a2 0DE42D90 		.ascii	"\015\344-\220\217@6\202\374\006p\277\006\351\205\357"
 175      8F403682 
 175      FC0670BF 
 175      06E985EF 
 176 00b2 0F412640 		.ascii	"\017A&@\306A\200\202j\001\364\273\2018#f\277j\036;\007"
 176      C6418082 
 176      6A01F4BB 
 176      81382366 
 176      BF6A1E3B 
 177 00c7 60C0611E 		.ascii	"`\300a\036;\222\015I\277\244W\262#\200,D\314\006\342"
 177      3B920D49 
 177      BFA457B2 
 177      23802C44 
 177      CC06E2
 178 00da 6B513E87 		.ascii	"kQ>\207a\300\316\302\032\010\367\010\030\017\007Y\207"
 178      61C0CEC2 
 178      1A08F708 
 178      180F0759 
 178      87
 179 00eb 984EA267 		.ascii	"\230N\242g#\327W\317\333\321h\266\3164\013:-\361%\323"
 179      23D757CF 
 179      DBD168B6 
 179      CE340B3A 
 179      2DF125D3 
 180 00ff DDB8CEF9 		.ascii	"\335\270\316\371\374\234\204Q{\365\311\034\034\217\321"
 180      FC9C8451 
 180      7BF5C91C 
 180      1C8FD1
 181 010e 5B768844 		.ascii	"[v\210D\314\031\272\316\014\024M:\262.\202h,Kr\304\002"
 181      CC19BACE 
 181      0C144D3A 
 181      B22E8268 
 181      2C4B72C4 
 182 0123 FDDA911B 		.ascii	"\375\332\221\033\333m\353\231+\262G\363W\025:\217\260"
 182      DB6DEB99 
 182      2BB247F3 
 182      57153A8F 
 182      B0
 183 0134 A4A9F1EB 		.ascii	"\244\251\361\353\321l\033\374\007\012\37416/\225hu\261"
 183      D16C1BFC 
 183      070AFC31 
 183      362F9568 
 183      75B1
 184 0146 436A688E 		.ascii	"Cjh\216\324\247<p\202\246\253\035z#\011\013\306\226"
 184      D4A73C70 
ARM GAS  /var/folders/qd/4mxf5pkd0zdf0b9dd1hp39180000gn/T//cc3XhYSl.s 			page 14


 184      82A6AB1D 
 184      7A23090B 
 184      C696
 185 0158 E76D4EC8 		.ascii	"\347mN\310\316=N\024\267\211\3511\242\355\032\025*B"
 185      CE3D4E14 
 185      B789E931 
 185      A2ED1A15 
 185      2A42
 186 016a 6EE80272 		.ascii	"n\350\002rS\241b\344N,\027 O\025:\007\235g\241\363\030"
 186      53A162E4 
 186      4E2C1720 
 186      4F153A07 
 186      9D67A1F3 
 187 017f 31577AFD 		.ascii	"1Wz\375\340\037\017\215\212\342\033\350\"\262C\205\010"
 187      E01F0F8D 
 187      8AE21BE8 
 187      22B24385 
 187      08
 188 0190 530C2CEE 		.ascii	"S\014,\356-;F\340dvb\2465nF\204\201P|\270\273B\260d"
 188      2D3B46E0 
 188      647662A6 
 188      356E4684 
 188      81507CB8 
 189 01a8 E392451B 		.ascii	"\343\222E\033\343\305\213+\267\213\242\200J\300\306"
 189      E3C58B2B 
 189      B78BA280 
 189      4AC0C6
 190 01b7 0F661B60 		.ascii	"\017f\033`\222\274\240\027\014U\316\224\027a#jG\260"
 190      92BCA017 
 190      0C55CE94 
 190      1761236A 
 190      47B0
 191 01c9 0F909AAE 		.ascii	"\017\220\232\256\037!\366\011o\"\264=#=\210\365C\257"
 191      1F21F609 
 191      6F22B43D 
 191      233D88F5 
 191      43AF
 192 01db C05E1C4A 		.ascii	"\300^\034J\032\322\024d\352\021\270\016A\322K\377q\005"
 192      1AD21464 
 192      EA11B80E 
 192      41D24BFF 
 192      7105
 193 01ed 48AE958D 		.ascii	"H\256\225\2153s\322\303\242\316\276\310\346\261.\301"
 193      3373D2C3 
 193      A2CEBEC8 
 193      E6B12EC1 
 194 01fd 6C4C3665 		.ascii	"lL6e\016W\225i\330D\312\274H\304\303]\336\030\335k\327"
 194      0E579569 
 194      D844CABC 
 194      48C4C35D 
 194      DE18DD6B 
 195 0212 81EEC128 		.ascii	"\201\356\301(l\275\004M\010\015\374\341\233\235Y\002"
 195      6CBD044D 
 195      080DFCE1 
 195      9B9D5902 
 196 0222 7EC8B64B 		.ascii	"~\310\266K\325\211\363eH-0\277\241P5\351\253\035?~Y"
 196      D589F365 
ARM GAS  /var/folders/qd/4mxf5pkd0zdf0b9dd1hp39180000gn/T//cc3XhYSl.s 			page 15


 196      482D30BF 
 196      A15035E9 
 196      AB1D3F7E 
 197 0237 6DEA2B47 		.ascii	"m\352+G\264\263bf\274\324\231m\027\201\354\244\341\272"
 197      B4B36266 
 197      BCD4996D 
 197      1781ECA4 
 197      E1BA
 198 0249 23F66CBB 		.ascii	"#\366l\273, \273\347\322\275daQ2\211OB\214\270@@\237"
 198      2C20BBE7 
 198      D2BD6461 
 198      5132894F 
 198      428CB840 
 199 025f FC1C5540 		.ascii	"\374\034U@\324\256B\324T\250\022-\202\317+4\016\000"
 199      D4AE42D4 
 199      54A8122D 
 199      82CF2B34 
 199      0E00
 200 0271 4E2DC8EE 		.ascii	"N-\310\356\262^\234.\246w\210\245U\306%\017\317\211"
 200      B25E9C2E 
 200      A67788A5 
 200      55C6250F 
 200      CF89
 201 0283 22C45354 		.ascii	"\"\304ST\023\034*3\007\264\214l\\T\212:\020\272\214"
 201      131C2A33 
 201      07B48C6C 
 201      5C548A3A 
 201      10BA8C
 202 0296 8CB0882A 		.ascii	"\214\260\210*\264\030\2467\337+\031\3068\033[\344\177"
 202      B418A637 
 202      DF2B19C6 
 202      381B5BE4 
 202      7F
 203 02a7 A029F3A2 		.ascii	"\240)\363\242\243E25\224\3145\211L\335\251G\"\346d\372"
 203      A3453235 
 203      94CC3589 
 203      4CDDA947 
 203      22E664FA 
 204 02bb 17A588A5 		.ascii	"\027\245\210\245\333D\262\267\000\205\252\315T\252\225"
 204      DB44B2B7 
 204      0085AACD 
 204      54AA95
 205 02ca 546A2995 		.ascii	"Tj)\225\374\211G1\030\0270*\027\212\322\342\235\271"
 205      FC894731 
 205      1817302A 
 205      178AD2E2 
 205      9DB9
 206 02dc A69AD74D 		.ascii	"\246\232\327M\232\310\242\352\314\232\352\224\232\352"
 206      9AC8A2EA 
 206      CC9AEA94 
 206      9AEA
 207 02ea A9A692E3 		.ascii	"\251\246\222\343\007|p\023ST>Q\367\304V\242\364\313"
 207      077C7013 
 207      53543E51 
 207      F7C456A2 
 207      F4CB
 208 02fc 59941ACC 		.ascii	"Y\224\032\314\212\032\224\212\256SE\271\315i\305\016"
ARM GAS  /var/folders/qd/4mxf5pkd0zdf0b9dd1hp39180000gn/T//cc3XhYSl.s 			page 16


 208      8A1A948A 
 208      AE5345B9 
 208      CD69C50E 
 209 030c 2C4EA21B 		.ascii	",N\242\033\211L\331\216s\274=l\003\355\244S\017\012"
 209      894CD98E 
 209      73BC3D6C 
 209      03EDA453 
 209      0F0A
 210 031e 116B27B8 		.ascii	"\021k'\270B\273\267\371x\212#\013\244\230\201\240\343"
 210      42BBB7F9 
 210      788A230B 
 210      A49881A0 
 210      E3
 211 032f C8F474AC 		.ascii	"\310\364t\254\032w1*\367o\275\254\345I\"\306\212l\215"
 211      1A77312A 
 211      F76FBDAC 
 211      E54922C6 
 211      8A6C8D
 212 0342 EEB66F1C 		.ascii	"\356\266o\034\355\342\210k\351\201%\003\322\221U\241"
 212      EDE2886B 
 212      E9812503 
 212      D29155A1 
 213 0352 5BE40422 		.ascii	"[\344\004\"\255\033j\206&\240s\2223\317c\227\004\032"
 213      AD1B6A86 
 213      26A07392 
 213      33CF6397 
 213      041A
 214 0364 08517C5F 		.ascii	"\010Q|_Mc\324\004\360F\012\277\215\\\244I\004\335u\264"
 214      4D63D404 
 214      F0460ABF 
 214      8D5CA449 
 214      04DD75B4 
 215 0378 2BDD9633 		.ascii	"+\335\2263\267\206\366W\211\235YN\2349!v#q\367~5gJr"
 215      B786F657 
 215      899D594E 
 215      9C392176 
 215      2371F77E 
 216 0390 E0DEDB89 		.ascii	"\340\336\333\211\177\302\203\214\347\235\374\375yV\014"
 216      7FC2838C 
 216      E79DFCFD 
 216      79560C
 217 039f 3B44B017 		.ascii	";D\260\027Sn\245\330[\344\331.\361lc<\317l\357:\251"
 217      536EA5D8 
 217      5BE4D92E 
 217      F16C633C 
 217      CF6CEF3A 
 218 03b4 81D96E90 		.ascii	"\201\331n\220`\221,\273\272\261\354z\256t\354\224\032"
 218      60912CBB 
 218      BAB1EC7A 
 218      AE74EC94 
 218      1A
 219 03c5 8F504B42 		.ascii	"\217PKB\376\251\256/\220\273\235\224\356<\267\357 \261"
 219      FEA9AE2F 
 219      90BB9D94 
 219      EE3CB7EF 
 219      20B1
 220 03d7 E9848575 		.ascii	"\351\204\205u\230c\343F\226D\323\232\230%\342E*\264"
ARM GAS  /var/folders/qd/4mxf5pkd0zdf0b9dd1hp39180000gn/T//cc3XhYSl.s 			page 17


 220      9863E346 
 220      9644D39A 
 220      9825E245 
 220      2AB4
 221 03e9 C20D2D85 		.ascii	"\302\015-\205\244v\037\222\232\033OjF\240s\217\331?"
 221      A4761F92 
 221      9A1B4F6A 
 221      46A0738F 
 221      D93F
 222 03fb 9976E2AA 		.ascii	"\231v\342\252#~\316\014\334;5\324\200M\026 \331\235"
 222      237ECE0C 
 222      DC3B35D4 
 222      804D1620 
 222      D99D
 223 040d A5C9AE1B 		.ascii	"\245\311\256\033,<0[\350D\026Lt\315o\242\331\230\334"
 223      2C3C305B 
 223      E844164C 
 223      74CD6FA2 
 223      D998DC
 224 0420 6A6F0E05 		.ascii	"jo\016\005\242\372\356\302x\013\365H\017\015E\273\024"
 224      A2FAEEC2 
 224      780BF548 
 224      0F0D45BB 
 224      14
 225 0431 8A6D5777 		.ascii	"\212mWw>B\304}1?M\373\301\212\311!\265\\\373\303Wi/"
 225      3E42C47D 
 225      313F4DFB 
 225      C18AC921 
 225      B55CFBC3 
 226 0448 3026EDE4 		.ascii	"0&\355\344[2\235\\=\027\333GJ\355Y\273\203\270\177r"
 226      5B329D5C 
 226      3D17DB47 
 226      4AED59BB 
 226      83B87F72 
 227 045c E060B386 		.ascii	"\340`\263\206\007\332\011\332W\306RG\034p\214\232\035"
 227      07DA09DA 
 227      57C65247 
 227      1C708C9A 
 227      1D
 228 046d 8ED69238 		.ascii	"\216\326\2228\036\351\367\310\361\335[\324myC\016J\201"
 228      1EE9F7C8 
 228      F1DD5BD4 
 228      6D79430E 
 228      4A81
 229 047f 7ECC78BE 		.ascii	"~\314x\276LO\275%(7\344#\200\367S\370\020\3459(\361"
 229      4C4FBD25 
 229      2837E423 
 229      80F753F8 
 229      10E53928 
 230 0494 3CF078F2 		.ascii	"<\360x\362u\276\037\3457\244\013\275!\321\351\336\313"
 230      75BE1FE5 
 230      37A40BBD 
 230      21D1E9DE 
 230      CB
 231 04a5 A9769C25 		.ascii	"\251v\234%\311\210W\232\016\347\330\340=\214\345\223"
 231      C988579A 
 231      0EE7D8E0 
ARM GAS  /var/folders/qd/4mxf5pkd0zdf0b9dd1hp39180000gn/T//cc3XhYSl.s 			page 18


 231      3D8CE593 
 232 04b5 5DDBC7F9 		.ascii	"]\333\307\371\271!\207\256\253f\364{'\213,\237J,\237"
 232      B92187AE 
 232      AB66F47B 
 232      278B2C9F 
 232      4A2C9F
 233 04c8 3096A9FD 		.ascii	"0\226\251\375c3NJ\226\243\000\037\241\360g\224\345S"
 233      63334E4A 
 233      96A3001F 
 233      A1F06794 
 233      E553
 234 04da 89E5C1C6 		.ascii	"\211\345\301\306|o\026\252\237r\205\302\204\246KS\327"
 234      7C6F16AA 
 234      9F7285C2 
 234      84A64B53 
 234      D7
 235 04eb 9DE5EAC7 		.ascii	"\235\345\352\307_\245~\274\340y+_u:&[\243\270%\221\337"
 235      5FA57EBC 
 235      E0792B5F 
 235      753A265B 
 235      A3B82591 
 236 0500 031DF253 		.ascii	"\003\035\362S\353\312Omto\336\016\214\36717\214\035"
 236      EBCA4F6D 
 236      746FDE0E 
 236      8CF73137 
 236      8C1D
 237 0512 D8BE53C3 		.ascii	"\330\276S\303\300\257A3\343\314\340\200\306\242\033"
 237      C0AF4133 
 237      E3CCE080 
 237      C6A21B
 238 0521 5E4A6E78 		.ascii	"^Jnx\301x\276(7f:+\335\360\034\340S\024>Cy\276\224x"
 238      C178BE28 
 238      37663A2B 
 238      DDF01CE0 
 238      53143E43 
 239 0539 9E2B1939 		.ascii	"\236+\0319*e\017\302\263;\2473\313\016\2472\036\337"
 239      2A650FC2 
 239      B33BA733 
 239      CB0EA732 
 239      1EDF
 240 054b 95C657F3 		.ascii	"\225\306W\363p\244\223X\315\034\036>\342\2003\330\240"
 240      70A49358 
 240      CD1C1E3E 
 240      E28033D8 
 240      A0
 241 055c 1448171E 		.ascii	"\024H\027\036\310\353}\005\371\002\316a\203/\214\011"
 241      C8EB7D05 
 241      F902CE61 
 241      832F8C09 
 242 056c 09367C26 		.ascii	"\0116|&\331\233\306\226\346|\007\234\307\006\013z\256"
 242      D99BC696 
 242      E67C079C 
 242      C7060B7A 
 242      AE
 243 057d 554A33C9 		.ascii	"UJ3\311\340\3163\235\361V\270\210\015\336o\177\270\313"
 243      E0CE339D 
 243      F156B888 
ARM GAS  /var/folders/qd/4mxf5pkd0zdf0b9dd1hp39180000gn/T//cc3XhYSl.s 			page 19


 243      0DDE6F7F 
 243      B8CB
 244 058f 095F628D 		.ascii	"\011_b\215\252\312m_\340j\366\275\366A\354\333lR,I\320"
 244      AACA6D5F 
 244      E06AF6BD 
 244      F641ECDB 
 244      6C522C49 
 245 05a4 15D9F969 		.ascii	"\025\331\371i\23090\235n\377\263e\273b\234q=\005;\033"
 245      9839309D 
 245      6EFFB365 
 245      BB629C71 
 245      3D053B1B 
 246 05b8 A7628C0E 		.ascii	"\247b\214\016h\011{\026.q\247\357L16Z,\275\235\202\357"
 246      68097B16 
 246      2E71A7EF 
 246      4C31365A 
 246      2CBD9D82 
 247 05cd 9EAC0157 		.ascii	"\236\254\001W\226#4\201\\P\274\200Q\262\260\320\024"
 247      96233481 
 247      5C50BC80 
 247      51B2B0D0 
 247      14
 248 05de 4A702538 		.ascii	"Jp%8h\031)f\331\204\316u\360\021\015)\037\300\255\210"
 248      68192966 
 248      D984CE75 
 248      F0110D29 
 248      1FC0AD88 
 249 05f2 81A5438A 		.ascii	"\201\245C\212\356 \031\232d\236\032\202\216\305\304"
 249      EE20199A 
 249      649E1A82 
 249      8EC5C4
 250 0601 CF689AA3 		.ascii	"\317h\232\243%\357\243I\244\320\335\310\321\204\310"
 250      25EFA349 
 250      A4D0DDC8 
 250      D184C8
 251 0610 18521019 		.ascii	"\030R\020\031V\242;\327\232\321;\225\264\343\004\005"
 251      56A23BD7 
 251      9AD13B95 
 251      B4E30405 
 252 0620 93A9B566 		.ascii	"\223\251\265f&1\202\202\31169:6F,\035]\227B\321dW\357"
 252      26318282 
 252      C936393A 
 252      36462C1D 
 252      5D9742D1 
 253 0637 E568D391 		.ascii	"\345h\323\221\270af\222\3107\226\010\225\000\332#\270"
 253      B8616692 
 253      C8379608 
 253      9500DA23 
 253      B8
 254 0648 A1DD5413 		.ascii	"\241\335T\023\201\303\211A\007\005w\364\265\260\004"
 254      81C38941 
 254      070577F4 
 254      B5B004
 255 0657 A580EC07 		.ascii	"\245\200\354\0079\000r\004$\011$\025$\021d\037\310a"
 255      39007204 
 255      24092415 
 255      2411641F 
ARM GAS  /var/folders/qd/4mxf5pkd0zdf0b9dd1hp39180000gn/T//cc3XhYSl.s 			page 20


 255      C861
 256 0669 90049043 		.ascii	"\220\004\220C \337\010Kh\021\306h\367\313h\357P\322"
 256      20DF084B 
 256      6811C668 
 256      F7CB68EF 
 256      50D2
 257 067b FECA4C9B 		.ascii	"\376\312L\233%\372\312z\227h\340BP*\236\344\315\252"
 257      25FACA7A 
 257      9768E042 
 257      502A9EE4 
 257      CDAA
 258 068d 061B5CF6 		.ascii	"\006\033\\\366\211b\365Rre\242\233\334\275\322E\212"
 258      8962F552 
 258      7265A29B 
 258      DCBDD245 
 258      8A
 259 069e 7E5486EE 		.ascii	"~T\206\356\256\314\362.\245\345\2219h\036:\310~h\200"
 259      AECCF22E 
 259      A5E59139 
 259      681E3AC8 
 259      7E6880
 260 06b1 EB967222 		.ascii	"\353\226r\"\352S\206\256\\\026\350he\350DA\201\036\225"
 260      EA5386AE 
 260      5C16E868 
 260      65E84441 
 260      811E95
 261 06c4 057ABB12 		.ascii	"\005z\273\022\035kF\223\334|\313x\025\341i\272\355\205"
 261      1D6B4693 
 261      DC7CCB78 
 261      15E169BA 
 261      ED85
 262 06d6 6D53F905 		.ascii	"mS\371\005Vh\241\373\274A\2023\354\376_\211\023\363"
 262      5668A1FB 
 262      BC418233 
 262      ECFE5F89 
 262      13F3
 263 06e8 FCCB060D 		.ascii	"\374\313\006\015\374PBi\240\360[\301t\301\2228P^;\037"
 263      FC504269 
 263      A0F05BC1 
 263      74C19238 
 263      505E3B1F 
 264 06fc 4ED56287 		.ascii	"N\325b\207]\246\337(\024h\316Z\031\202\003\255\273\341"
 264      5DA6DF28 
 264      1468CE5A 
 264      198203AD 
 264      BBE1
 265 070e 4DAAAFFA 		.ascii	"M\252\257\372\2526\236h\342\310Y\236\351k\311\342Yi"
 265      AA369E68 
 265      E2C8599E 
 265      E96BC9E2 
 265      5969
 266 0720 98281B99 		.ascii	"\230(\033\231>R\310\333\256\262\354\342\312\263\313"
 266      3E52C8DB 
 266      AEB2ECE2 
 266      CAB3CB
 267 072f C0C1F818 		.ascii	"\300\301\370\030g\213\011\362\230\300\023\344\005\226"
 267      678B09F2 
ARM GAS  /var/folders/qd/4mxf5pkd0zdf0b9dd1hp39180000gn/T//cc3XhYSl.s 			page 21


 267      98C013E4 
 267      0596
 268 073d 206FB677 		.ascii	" o\266w';(\023\344QpR6u\354q\301E\232D\320\347\033o"
 268      273B2813 
 268      E4517052 
 268      3675EC71 
 268      C1459A44 
 269 0755 3FB3C55F 		.ascii	"?\263\305_Y\321\034\324\222\274k\300J\2725\342~\312"
 269      59D11CD4 
 269      92BC6BC0 
 269      4ABA35E2 
 269      7ECA
 270 0767 AD91DD93 		.ascii	"\255\221\335\223?d+7vRx\205\261\246\236\214X~\305\337"
 270      3F642B37 
 270      76527885 
 270      B1A69E8C 
 270      587EC5DF 
 271 077b 50C97E2E 		.ascii	"P\311~.\270\260\237\013R\342t\345\211\263\270\262\361"
 271      B8B09F0B 
 271      52E274E5 
 271      89B3B8B2 
 271      F1
 272 078c 1AC2F18C 		.ascii	"\032\302\361\214[\371h\336q>\227$\362\216\204+3\226"
 272      5BF968DE 
 272      713E9724 
 272      F28E842B 
 272      3396
 273 079e 7D9227F9 		.ascii	"}\222'\371\344\214@i>M\310[\255t\311)`\231KY\346S\226"
 273      E48C4069 
 273      3E4DC85B 
 273      AD74C929 
 273      60994B59 
 274 07b5 7912CB43 		.ascii	"y\022\313CG\372O\013\3125YD\307W\234\257\344\261\255"
 274      47FA4F0B 
 274      CA355944 
 274      C7579CAF 
 274      E4B1AD
 275 07c8 26ED9E97 		.ascii	"&\355\236\227gklp"
 275      676B6C70 
 276 07d0 0223BD7F 		.ascii	"\002#\275\177\337D\215\006'\261F\341`N\241#C\226\222"
 276      DF448D06 
 276      27B146E1 
 276      604EA123 
 276      439692
 277 07e3 764AF193 		.ascii	"vJ\361\223\032^\263hd\303\256|x,g\370\2505>\310\346"
 277      1A5EB368 
 277      64C3AE7C 
 277      782C67F8 
 277      A8353EC8 
 278 07f8 260E8FEE 		.ascii	"&\016\217\356\267\266\270\334\213\322r\227\322\325\026"
 278      B7B6B8DC 
 278      8BD27297 
 278      D2D516
 279 0807 9ECF1AD2 		.ascii	"\236\317\032\322(\227{\001\026PH\027PL\027pQZ@qtv3V"
 279      28977B01 
 279      16504817 
 279      504C1770 
ARM GAS  /var/folders/qd/4mxf5pkd0zdf0b9dd1hp39180000gn/T//cc3XhYSl.s 			page 22


 279      515A4071 
 280 081f 2ED722FA 		.ascii	".\327\"\372DO\352^\036\206\225\244\314\230\314\350w"
 280      444FEA5E 
 280      1E8695A4 
 280      CC98CCE8 
 280      77
 281 0830 C4A98CE4 		.ascii	"\304\251\214\344\343\301\3513N8\2035\212\013\177\250"
 281      E3C1E933 
 281      4E388335 
 281      8A0B7FA8 
 282 0840 E4AB5B4A 		.ascii	"\344\253[J\212\376\334\262\006{|\214\215M'\244\235\265"
 282      8AFEDCB2 
 282      067B7C8C 
 282      8D4D27A4 
 282      9DB5
 283 0852 C5B9AC71 		.ascii	"\305\271\254qx\254\275\217o~w\022\347\254o\367\331\342"
 283      78ACBD8F 
 283      6F7E7712 
 283      E7AC6FF7 
 283      D9E2
 284 0864 7C363693 		.ascii	"|66\223\020w\310\006\027\260FRCR\226=.f\215\301\330"
 284      1077C806 
 284      17B04652 
 284      4352963D 
 284      2E668DC1 
 285 0879 EE0EBE75 		.ascii	"\356\016\276u\026A\363yoR\013\377\375\342 +G\\y9r\372"
 285      1641F379 
 285      6F520BFF 
 285      FDE2202B 
 285      475C7939 
 286 088f D9DE03F6 		.ascii	"\331\336\003\366\270\214M\275\335\022[\304\261\366\320"
 286      B88C4DBD 
 286      DD125BC4 
 286      B1F6D0
 287 089e 8CC9BD54 		.ascii	"\214\311\275T`e\321\265u\222kk\331N\332s:\373\262\265"
 287      6065D1B5 
 287      75926B6B 
 287      D94EDA73 
 287      3AFBB2B5 
 288 08b2 B262BE06 		.ascii	"\262b\276\006\336\252\246\336\252\247\336\252\223\274"
 288      DEAAA6DE 
 288      AAA7DEAA 
 288      93BC
 289 08c0 D5D0137F 		.ascii	"\325\320\023\177\335^Y\001[D\2274\266\275\217+\030\311"
 289      DD5E5901 
 289      5B449734 
 289      B6BD8F2B 
 289      18C9
 290 08d2 A70D6DF7 		.ascii	"\247\015m\367\021\276\306\032\261\265\327\216\333\340"
 290      11BEC61A 
 290      B1B5D78E 
 290      DBE0
 291 08e0 7AD61838 		.ascii	"z\326\0308Y_m\215\233X\243\253g\352\002\306wX\343\330"
 291      595F6D8D 
 291      9B58A3AB 
 291      67EA02C6 
 291      7758E3D8 
ARM GAS  /var/folders/qd/4mxf5pkd0zdf0b9dd1hp39180000gn/T//cc3XhYSl.s 			page 23


 292 08f4 40E61E5B 		.ascii	"@\346\036[\334\316\347t\0156p\007\355&\207\351\371p"
 292      DCCEE774 
 292      0D367007 
 292      ED2687E9 
 292      F970
 293 0906 C14DC925 		.ascii	"\301M\311%d\273\365?\355\236\321\340\007\024\374Z~c"
 293      64BBF53F 
 293      ED9ED1E0 
 293      0714FC5A 
 293      7E63
 294 0918 5DBA2DA2 		.ascii	"]\272-\242\265\204\371q\347\357L1\011\322\365\275V~"
 294      B584F971 
 294      E7EF4C31 
 294      09D2F5BD 
 294      567E
 295 092a D97C2FB8 		.ascii	"\331|/\270\240\323\220\021[!\341I\247\002\345(S|\371"
 295      A0D39011 
 295      5B21E149 
 295      A702E528 
 295      537CF9
 296 093d 47ACAA68 		.ascii	"G\254\252h\000t\015GK\013GUrt\022\334\316\215\037\263"
 296      00740D47 
 296      4B0B4755 
 296      727412DC 
 296      CE8D1FB3 
 297 0951 DB996CBD 		.ascii	"\333\231l\275s\034mJ=g)\272\010\315\271\236o\201\276"
 297      731C6D4A 
 297      3D6729BA 
 297      08CDB99E 
 297      6F81BE
 298 0964 663AD8CA 		.ascii	"f:\330\312\323\376CH\373\375\220\312\357\201\364\202"
 298      D3FE4348 
 298      FBFD90CA 
 298      EF81F482 
 299 0974 3C06E900 		.ascii	"<\006\351\000\271\017\322\002\322\007\362\010\244\013"
 299      B90FD202 
 299      D207F208 
 299      A40B
 300 0982 A407A41B 		.ascii	"\244\007\244\033\244\015d\000d\020\304\010r\027\344"
 300      A40D6400 
 300      6410C408 
 300      7217E4
 301 0991 0E483BC8 		.ascii	"\016H;\310\003\220N\323\365M\353\210\217\314u\304e%"
 301      03904ED3 
 301      F54DEB88 
 301      8FCC75C4 
 301      6525
 302 09a3 D39259EB 		.ascii	"\323\222Y\353\"\025\315\307\354\242\373\016\274p\202"
 302      2215CDC7 
 302      ECA2FB0E 
 302      BC7082
 303 09b2 A3A5ECC8 		.ascii	"\243\245\354\310\013VY\215rw\243Yw\223R\267\326\354"
 303      0B56598D 
 303      7277A359 
 303      779352B7 
 303      D6EC
 304 09c4 04E6B31A 		.ascii	"\004\346\263\032\231\317\316\317\3573y\375#\323}C\211"
ARM GAS  /var/folders/qd/4mxf5pkd0zdf0b9dd1hp39180000gn/T//cc3XhYSl.s 			page 24


 304      99CFCECF 
 304      EF3379FD 
 304      23D37D43 
 304      89
 305 09d5 CE55A2A7 		.ascii	"\316U\242\247d\350\353\363\243%*T\371\307f\370m%<SY"
 305      64E8EBF3 
 305      A3252A54 
 305      F9C766F8 
 305      6D253C53 
 306 09ea B8F573A7 		.ascii	"\270\365s\247\300\345@\353\220YN\311\232\243\374\256"
 306      C0E540EB 
 306      90594EC9 
 306      9AA3FCAE 
 307 09fa CCE35795 		.ascii	"\314\343W\225\312\257\314\201\367\313\340eJx\351\034"
 307      CAAFCC81 
 307      F7CBE065 
 307      4A78E91C 
 308 0a0a 78A70C5E 		.ascii	"x\247\014^>?\\^\216\265\260r\254UY\216\021U=-.\2311"
 308      3E3F5C5E 
 308      8EB5B072 
 308      AC55598E 
 308      11553D2D 
 309 0a21 E484105D 		.ascii	"\344\204\020]\215J]\205J\037\327\310,W*\321\254\034"
 309      8D4A5D85 
 309      4A1FD7C8 
 309      2C572AD1 
 309      AC1C
 310 0a33 9387BB71 		.ascii	"\223\207\273q\2439\3347\347\335\0342\335\2152\335\025"
 310      A339DC37 
 310      E7DD1C32 
 310      DD8D32DD 
 310      15
 311 0a44 F3FB4C1E 		.ascii	"\363\373L\036m\031\372\322\374{z\226\207e\233\343\307"
 311      6D19FAD2 
 311      FC7B7A96 
 311      87659BE3 
 311      C7
 312 0a55 F9976922 		.ascii	"\371\227i\"N2\001\017\367\017\020\356\"\016\227\256"
 312      4E32010F 
 312      F70F10EE 
 312      220E97AE 
 313 0a65 175430AB 		.ascii	"\027T0\253\330k0~\323\240\306}4'\011\355}\347\342\355"
 313      D86B307E 
 313      D3A0C67D 
 313      342709ED 
 313      7DE7E2ED 
 314 0a79 95C59E74 		.ascii	"\225\305\236t\344\321\010\234\364\377\305\251\347\305"
 314      E4D1089C 
 314      F4FFC5A9 
 314      E7C5
 315 0a87 60AB3529 		.ascii	"`\2535)\006\207\301\340\220\271\030l\225\212\301\254"
 315      0687C1E0 
 315      90B9186C 
 315      958AC1AC 
 316 0a97 9ECE2B6A 		.ascii	"\236\316+jy18<\253\030\034\345\305\340(-\006\323\206"
 316      7931383C 
 316      AB181CE5 
ARM GAS  /var/folders/qd/4mxf5pkd0zdf0b9dd1hp39180000gn/T//cc3XhYSl.s 			page 25


 316      C5E0282D 
 316      06D386
 317 0aaa 76EFB7C1 		.ascii	"v\357\267\301\243,Kg\366\326_\343\267\344\257\310\337"
 317      A32C4B67 
 317      F6D65FE3 
 317      B7E4AFC8 
 317      DF
 318 0abb 63F60FEC 		.ascii	"c\366\017\354E,I\367\222\244\235Q?\226l\207Ek\366\227"
 318      452C49F7 
 318      92A49D51 
 318      3F966C87 
 318      456BF697 
 319 0acf C492C7CB 		.ascii	"\304\222\307\313\031\224\374@l\217okE\026\257\255\011"
 319      1994FC40 
 319      6C8F6F6B 
 319      4516AFAD 
 319      09
 320 0ae0 E9DA1A67 		.ascii	"\351\332\032g\327V\363D\311\224\003\336I\025\251sc\276"
 320      D756F344 
 320      C99403DE 
 320      4915A973 
 320      63BE
 321 0af2 1B562377 		.ascii	"\033V#w7\004p\304\376\242D\376S@\205^\300\336\232\024"
 321      370470C4 
 321      FEA244FE 
 321      5340855E 
 321      C0DE9A14 
 322 0b06 B0F49F0C 		.ascii	"\260\364\237\014)\"\250\037\376\027\351\206\357\032"
 322      2922A81F 
 322      FE17E986 
 322      EF1A
 323 0b14 FA9EE76F 		.ascii	"\372\236\347oKS\340\376\027\324\3364D\34793\230\226"
 323      4B53E0FE 
 323      17D4DE34 
 323      44E73933 
 323      9896
 324 0b26 76E91692 		.ascii	"v\351\026\222\337|D\367S\030\177B#\376\222\336|\023"
 324      DF7C44F7 
 324      53187F42 
 324      23FE92DE 
 324      7C13
 325 0b38 D2CD979F 		.ascii	"\322\315\227\237Z=ik\307u\307\375'\3359\243\331\323"
 325      5A3D696B 
 325      C775C7FD 
 325      27DD39A3 
 325      D9D3
 326 0b4a B36ED599 		.ascii	"\263n\325\231W\351\276\337\227\367\302\371\315,\361"
 326      57E9BEDF 
 326      97F7C2F9 
 326      CD2CF1
 327 0b59 46A9587A 		.ascii	"F\251Xz\305\370v\312\266R1\346}$b\027\364\014BY\217"
 327      C5F876CA 
 327      B65231E6 
 327      7D246217 
 327      F40C4259 
 328 0b6e 16CBA68E 		.ascii	"\026\313\246\216A\317\337\004\025\212\306o\252~\347"
 328      41CFDF04 
ARM GAS  /var/folders/qd/4mxf5pkd0zdf0b9dd1hp39180000gn/T//cc3XhYSl.s 			page 26


 328      158AC66F 
 328      AA7EE7
 329 0b7d E9A965FF 		.ascii	"\351\251e\377\302\"\265\233\003\202\265\341a\021Q\221"
 329      C222B59B 
 329      0382B5E1 
 329      61115191 
 330 0b8d DAC0B090 		.ascii	"\332\300\260\220\220\260P\255\227~\255n\355\227\332"
 330      90B050AD 
 330      977EAD6E 
 330      ED97DA
 331 0b9c D07F0605 		.ascii	"\320\177\006\005z\006j\376\274\356\3037t\313\226\251"
 331      7A066AFE 
 331      BCEEC337 
 331      74CB96A9 
 332 0bac ECFCFDB7 		.ascii	"\354\374\375\267\004\205F\255X\356\037\265\017i\275"
 332      048546AD 
 332      58EE1FB5 
 332      0F69BD
 333 0bbb C2C38383 		.ascii	"\302\303\203\203\002\003\242\202\302B#\265\336\201\301"
 333      0203A282 
 333      C24223B5 
 333      DE81C1
 334 0bca 41E19106 		.ascii	"A\341\221\006\177\203G\370\226\300\277/\367\014\010"
 334      7F8347F8 
 334      96C0BF2F 
 334      F70C08
 335 0bd9 0FD7EAC2 		.ascii	"\017\327\352\302B\243\014\241Qs\006\265\353\303\302"
 335      42A30CA1 
 335      517306B5 
 335      EBC3C2
 336 0be8 8223B59F 		.ascii	"\202#\265\237\007\006z\004D\204x\204\206\205\032<\014"
 336      07067A04 
 336      44847884 
 336      86851A3C 
 336      0C
 337 0bf9 019F0679 		.ascii	"\001\237\006y\274\347\261|\351\262\367<\376\361\216"
 337      BCE7B17C 
 337      E9B2F73C 
 337      FEF18E
 338 0c08 4748C017 		.ascii	"GH\300\027a\021\332Y\243\332\240\320\300\340-\233\014"
 338      6111DA59 
 338      A3DAA0D0 
 338      C0E02D9B 
 338      0C
 339 0c19 DA9080C0 		.ascii	"\332\220\200\300\315A\241\006\255\377&\303g\001[\202"
 339      CD41A106 
 339      ADFF26C3 
 339      67015B82 
 340 0c29 A3FCA3B6 		.ascii	"\243\374\243\266\206\033\"=7\2534\022\271\035\377?r"
 340      861B223D 
 340      37AB3412 
 340      B91DFF3F 
 340      72
 341 0c3a 915B23B5 		.ascii	"\221[#\265\376\221Q\233\200\0110Z@\034\350\035\032\360"
 341      FE91519B 
 341      8009305A 
 341      401CE81D 
ARM GAS  /var/folders/qd/4mxf5pkd0zdf0b9dd1hp39180000gn/T//cc3XhYSl.s 			page 27


 341      1AF0
 342 0c4c 69B06183 		.ascii	"i\260a\203!0*,\342\367?\335\353\252\237\221\367\252"
 342      21302A2C 
 342      E2F73FDD 
 342      EBAA9F91 
 342      F7AA
 343 0c5e A048F36C 		.ascii	"\240H\363l7\322\343g\210\362\333\032\031e\010Y\023\020"
 343      37D2E367 
 343      88F2DB1A 
 343      19650859 
 343      1310
 344 0c70 BA29D810 		.ascii	"\272)\330\020\341\033\021\024\026\021\024\265\225\332"
 344      E11B1114 
 344      161114B5 
 344      95DA
 345 0c7e D2051B02 		.ascii	"\322\005\033\002\"|\015\241`\377s[\275\267\237\267~"
 345      227C0DA1 
 345      60FF735B 
 345      BDB79FB7 
 345      7E
 346 0c8f 83F7AA77 		.ascii	"\203\367\252w\005\037_[\026\272\225\376Q6\374m\032~"
 346      051F5F5B 
 346      16BA95FE 
 346      5136FC6D 
 346      1A7E
 347 0ca1 47EDE3F5 		.ascii	"G\355\343\365\201\336\324\\\241\366\321\371\232\233"
 347      81DED45C 
 347      A1F6D1F9 
 347      9A9B
 348 0caf CBD53E7E 		.ascii	"\313\325>~\276z\215\236\265\226\301\240\267yp)\014z"
 348      BE7A8D9E 
 348      B596C1A0 
 348      B7797029 
 348      0C7A
 349 0cc1 EBD57EEB 		.ascii	"\353\325~\353}\364\277\225\257\314\360e\224V\267\326"
 349      7DF4BF95 
 349      AFCCF065 
 349      9456B7D6 
 350 0cd1 CFC7CFE4 		.ascii	"\317\307\317\344\227\300\260\010\203\177`\310\012p\212"
 350      97C0B008 
 350      837F60C8 
 350      0A708A
 351 0ce0 EDBA0D3E 		.ascii	"\355\272\015>:\377\365\0204\230\355\245W\257]\273Z\217"
 351      3AFFF510 
 351      3498EDA5 
 351      57AF5DBB 
 351      5A8F
 352 0cf2 BD56E9F1 		.ascii	"\275V\351\361*x\373\256\326\253\275V\373\351\325\037"
 352      2A78FBAE 
 352      D6ABBD56 
 352      FBE9D51F 
 353 0d02 ACF6D25B 		.ascii	"\254\366\322[\301\020\000V\221\366\032\362\241\203\017"
 353      C1100056 
 353      91F61AF2 
 353      A1830F
 354 0d11 2BBF353A 		.ascii	"+\2775:?=\366[\343\213u:x\353\364V^>z\235^\275a\375"
 354      3F3DF65B 
ARM GAS  /var/folders/qd/4mxf5pkd0zdf0b9dd1hp39180000gn/T//cc3XhYSl.s 			page 28


 354      E38B753A 
 354      78EBF456 
 354      5E3E7A9D 
 355 0d29 5FF4400F 		.ascii	"_\364@\017\020:\337\017}V\301\247\227N\257\361\323}"
 355      103ADF0F 
 355      7D56C1A7 
 355      974EAFF1 
 355      D37D
 356 0d3b 406D39FA 		.ascii	"@m9\372\373\177\266%4\320\337\337\363\335\225+Wh\244"
 356      FB7FB625 
 356      34D0DFDF 
 356      F3DD952B 
 356      5768A4
 357 0d4e 963A7073 		.ascii	"\226:ps@\304\277\00198-\027"
 357      40C4BF01 
 357      39382D17 
 358              		.text
 359              		.section	.gnu.lto_.symtab.50679f77b6cce416,"",%progbits
 360 0000 6E766963 		.ascii	"nvicEnableVector\000"
 360      456E6162 
 360      6C655665 
 360      63746F72 
 360      00
 361 0011 00       		.ascii	"\000"
 362 0012 00       		.ascii	"\000"
 363 0013 00       		.ascii	"\000"
 364 0014 00000000 		.ascii	"\000\000\000\000\000\000\000\000"
 364      00000000 
 365 001c C7000000 		.ascii	"\307\000\000\000"
 366 0020 6E766963 		.ascii	"nvicDisableVector\000"
 366      44697361 
 366      626C6556 
 366      6563746F 
 366      7200
 367 0032 00       		.ascii	"\000"
 368 0033 00       		.ascii	"\000"
 369 0034 00       		.ascii	"\000"
 370 0035 00000000 		.ascii	"\000\000\000\000\000\000\000\000"
 370      00000000 
 371 003d CB000000 		.ascii	"\313\000\000\000"
 372 0041 6E766963 		.ascii	"nvicSetSystemHandlerPriority\000"
 372      53657453 
 372      79737465 
 372      6D48616E 
 372      646C6572 
 373 005e 00       		.ascii	"\000"
 374 005f 00       		.ascii	"\000"
 375 0060 00       		.ascii	"\000"
 376 0061 00000000 		.ascii	"\000\000\000\000\000\000\000\000"
 376      00000000 
 377 0069 CD000000 		.ascii	"\315\000\000\000"
 378 006d 6E766963 		.ascii	"nvicClearPending\000"
 378      436C6561 
 378      7250656E 
 378      64696E67 
 378      00
 379 007e 00       		.ascii	"\000"
ARM GAS  /var/folders/qd/4mxf5pkd0zdf0b9dd1hp39180000gn/T//cc3XhYSl.s 			page 29


 380 007f 00       		.ascii	"\000"
 381 0080 00       		.ascii	"\000"
 382 0081 00000000 		.ascii	"\000\000\000\000\000\000\000\000"
 382      00000000 
 383 0089 CF000000 		.ascii	"\317\000\000\000"
 384              		.text
 385              		.section	.gnu.lto_.opts,"",%progbits
 386 0000 272D666D 		.ascii	"'-fmath-errno' '-fsigned-zeros' '-ftrapping-math' '"
 386      6174682D 
 386      6572726E 
 386      6F272027 
 386      2D667369 
 387 0033 2D666E6F 		.ascii	"-fno-trapv' '-fno-openmp' '-fno-openacc' '-mcpu=cor"
 387      2D747261 
 387      70762720 
 387      272D666E 
 387      6F2D6F70 
 388 0066 7465782D 		.ascii	"tex-m3' '-mno-thumb-interwork' '-mthumb' '-O2' '-fo"
 388      6D332720 
 388      272D6D6E 
 388      6F2D7468 
 388      756D622D 
 389 0099 6D69742D 		.ascii	"mit-frame-pointer' '-ffunction-sections' '-fdata-se"
 389      6672616D 
 389      652D706F 
 389      696E7465 
 389      72272027 
 390 00cc 6374696F 		.ascii	"ctions' '-fno-common' '-flto'\000"
 390      6E732720 
 390      272D666E 
 390      6F2D636F 
 390      6D6D6F6E 
 391              		.text
 392              		.comm	__gnu_lto_v1,1,1
 393              		.comm	__gnu_lto_slim,1,1
 394              		.ident	"GCC: (GNU Tools for Arm Embedded Processors 7-2017-q4-major) 7.2.1 20170904 (release) [ARM
ARM GAS  /var/folders/qd/4mxf5pkd0zdf0b9dd1hp39180000gn/T//cc3XhYSl.s 			page 30


DEFINED SYMBOLS
                            *ABS*:0000000000000000 nvic.c
                            *COM*:0000000000000001 __gnu_lto_v1
                            *COM*:0000000000000001 __gnu_lto_slim

NO UNDEFINED SYMBOLS
