ARM GAS  /var/folders/qd/4mxf5pkd0zdf0b9dd1hp39180000gn/T//ccPwlS89.s 			page 1


   1              		.cpu cortex-m3
   2              		.eabi_attribute 20, 1
   3              		.eabi_attribute 21, 1
   4              		.eabi_attribute 23, 3
   5              		.eabi_attribute 24, 1
   6              		.eabi_attribute 25, 1
   7              		.eabi_attribute 26, 1
   8              		.eabi_attribute 30, 2
   9              		.eabi_attribute 34, 1
  10              		.eabi_attribute 18, 4
  11              		.file	"osal.c"
  12              		.section	.gnu.lto_.profile.e9c3973c2ef034d6,"",%progbits
  13 0000 789C6363 		.ascii	"x\234cc```\001bF\006}i\000\000\361\000V"
  13      60606001 
  13      6246067D 
  13      690000F1 
  13      0056
  14              		.text
  15              		.section	.gnu.lto_.icf.e9c3973c2ef034d6,"",%progbits
  16 0000 789C6363 		.ascii	"x\234cc``\340e@\000&\206=\275\217\025\230>=\235z\202"
  16      6060E065 
  16      40002686 
  16      3DBD8F15 
  16      983E3D9D 
  17 0016 9D010027 		.ascii	"\235\001\000'\250\005\237"
  17      A8059F
  18              		.text
  19              		.section	.gnu.lto_.jmpfuncs.e9c3973c2ef034d6,"",%progbits
  20 0000 789C6363 		.ascii	"x\234cc``\250e@\000&\006&FF\346\3729\314\014\214s\230"
  20      6060A865 
  20      40002606 
  20      264646E6 
  20      FA39CC0C 
  21 0017 19591818 		.ascii	"\031Y\030\030\030\017\26002\000\361\237\377\377\377"
  21      180FB030 
  21      3200F19F 
  21      FFFFFF
  22 0026 F333324D 		.ascii	"\36332Maf\234\326z\350<{7\363\034f&F\006\306\315\214"
  22      61669CD6 
  22      7AE83C7B 
  22      37F31C66 
  22      264606C6 
  23 003c 3220CC54 		.ascii	"2 \314T\311\210PZ\317\300\204\337\020\034\272\030\000"
  23      C988505A 
  23      CFC084DF 
  23      101CBA18 
  23      00
  24 004d 25391C13 		.ascii	"%9\034\023"
  25              		.text
  26              		.section	.gnu.lto_.inline.e9c3973c2ef034d6,"",%progbits
  27 0000 789C6363 		.ascii	"x\234cc``X\310\200\000L\014\014\002\242\214,\014\012"
  27      606058C8 
  27      80004C0C 
  27      0C02A28C 
  27      2C0C0A
  28 0013 69539819 		.ascii	"iS\230\031\247\265\036:\317\336\315<\207\231\231\221"
  28      A7B51E3A 
ARM GAS  /var/folders/qd/4mxf5pkd0zdf0b9dd1hp39180000gn/T//ccPwlS89.s 			page 2


  28      CFDECD3C 
  28      87999991 
  29 0023 817133A3 		.ascii	"\201q3\243\0143\003\203B&\214\301\310\000&\230\0318"
  29      0C330383 
  29      42268CC1 
  29      C8002698 
  29      1938
  30 0035 800CB605 		.ascii	"\200\014\266\005\362L\014\214/\330\025\230\030X;\324"
  30      F24C0C8C 
  30      2FD81598 
  30      18583BD4 
  31 0045 1518384F 		.ascii	"\025\0308O.\002\032\302\330\313\254\300\302\304\300"
  31      2E021AC2 
  31      D8CBACC0 
  31      C2C4C0
  32 0054 BC9C5301 		.ascii	"\274\234S\001\314\001\262\201\200\231\207\201\205\201"
  32      CC01B281 
  32      80998781 
  32      8581
  33 0062 6982DF04 		.ascii	"i\202\337\004?&\006~SF&$\243X\370o\234da`\357P\007\033"
  33      3F26067E 
  33      53462624 
  33      A358F86F 
  33      9C646160 
  34 007a C6012121 		.ascii	"\306\001!!z\030!Z\030\000\320R\027."
  34      7A18215A 
  34      1800D052 
  34      172E
  35              		.text
  36              		.section	.gnu.lto_.pureconst.e9c3973c2ef034d6,"",%progbits
  37 0000 789C6363 		.ascii	"x\234cc```\005b&\006)&)\000\000\376\000D"
  37      60606005 
  37      62260629 
  37      26290000 
  37      FE0044
  38              		.text
  39              		.section	.gnu.lto_osalThreadDequeueNextI.e9c3973c2ef034d6,"",%progbits
  40 0000 789C8554 		.ascii	"x\234\205Tmk\024W\024\276\317=\363\226\0357\361\203"
  40      6D6B1457 
  40      14BECF3D 
  40      F3961D37 
  40      F183
  41 0012 5F04A50B 		.ascii	"_\004\245\013\032\202\024\262\205\366g\370#*\375\240"
  41      1A8214B2 
  41      85F667F8 
  41      232AFDA0 
  42 0022 825ADB88 		.ascii	"\202Z\333\210_w\362:\211/\330\006\223\302t*\203i\214"
  42      5F77F23A 
  42      892FD806 
  42      93C2742A 
  42      83698C
  43 0035 605F0CD5 		.ascii	"`_\014\325\304]S\035w[\337\232\215QcW4\354\007\245["
  43      C45D531D 
  43      775BDF9A 
  43      8D516357 
  43      34EC07A5 
  44 004a 12AC5028 		.ascii	"\022\254P(\371Pt\355\271w\306\232\306\242\303\356\235"
ARM GAS  /var/folders/qd/4mxf5pkd0zdf0b9dd1hp39180000gn/T//ccPwlS89.s 			page 3


  44      F95074ED 
  44      B977C69A 
  44      C6A2C3EE 
  44      9D
  45 005b FB72CE79 		.ascii	"\373r\316y\316\363\234s\307\022Bl7\205x\217\337\037"
  45      CEF39C73 
  45      C712426C 
  45      3785788F 
  45      DF1F
  46 006d F21F8E80 		.ascii	"\362\037\216\200\374lN\210nGJ{\350\035\341e,?/\274u"
  46      FC6C4E88 
  46      6E474A7B 
  46      E81DE165 
  46      2C3F2FBC 
  47 0082 36486D83 		.ascii	"6Hm\203\244\261\350\362\256y\256,x\333\200\225X\233"
  47      A4B1E8F2 
  47      AE79AE2C 
  47      78DB8095 
  47      589B
  48 0094 C9F915C7 		.ascii	"\311\371\025\307\002\324\304s \012\322&\303\264P\220"
  48      02D4C473 
  48      200AD226 
  48      C3B45090 
  49 00a4 24D2E708 		.ascii	"$\322\347\010\035'\224\375FQn\233\360\370\211\277X\331"
  49      1D2794FD 
  49      46516E9B 
  49      F0F889BF 
  49      58D9
  50 00b6 E89D8E11 		.ascii	"\350\235\216\021\262\305hj\205\037\260\215\255n\367"
  50      B2C5686A 
  50      851FB08D 
  50      AD6EF7
  51 00c5 9D0DE930 		.ascii	"\235\015\3510\205\004\030\274\374\263\032<nUK\211\034"
  51      850418BC 
  51      FCB31A3C 
  51      6E554B89 
  51      1C
  52 00d6 2F17BFAC 		.ascii	"/\027\277\2547[h\013\004\317\373\353\265\013n\307\270"
  52      375B680B 
  52      04CFFBEB 
  52      B50B6EC7 
  52      B8
  53 00e7 E7F578F1 		.ascii	"\347\365x\361_\343\344m\015\2110\005\342\2008\217M8"
  53      5FE3E46D 
  53      0D893005 
  53      E280388F 
  53      4D38
  54 00f9 874D82B7 		.ascii	"\207M\202\267\004\246\321\301\346\263g\2135\203:\264"
  54      04A6D1C1 
  54      E6B3678B 
  54      35833AB4 
  55 0109 EBC854EF 		.ascii	"\353\310T\357iR\256\234\312\354\204v5pa\255\253!PD\207"
  55      6952AE9C 
  55      CAEC8476 
  55      357061AD 
  55      AB215044 
  56 011e B21FFE66 		.ascii	"\262\037\376f\276f\321\273\332\327\277{\246\344\266"
ARM GAS  /var/folders/qd/4mxf5pkd0zdf0b9dd1hp39180000gn/T//ccPwlS89.s 			page 4


  56      BE66D1BB 
  56      DAD7BF7B 
  56      A6E4B6
  57 012d 8F69D886 		.ascii	"\217i\330\206o\006^\334\227\013\311D\351\277\356\352"
  57      6F065EDC 
  57      970BC944 
  57      E9BFEEEA 
  58 013d 61EB4793 		.ascii	"a\353G\223\315\221\254e\340\"\332\243\227d1\003\013"
  58      CD91AC65 
  58      E022DAA3 
  58      97643103 
  58      0B
  59 014e 7C36707C 		.ascii	"|6p|~\322\241N\035u\351\322\323)'\215\332\364\3554\252"
  59      7ED2A14E 
  59      1D75E9D2 
  59      D329278D 
  59      DAF4ED34 
  60 0163 851FDF18 		.ascii	"\205\037\337\030\365\022\332u4\216y\231c\012!\025\220"
  60      F512DA75 
  60      348E7999 
  60      630A2115 
  60      90
  61 0174 DAFEFE8E 		.ascii	"\332\376\376\216\031{\315\027\276\027\327\177\307\304"
  61      197BCD17 
  61      BE17D77F 
  61      C7C4
  62 0182 D851B481 		.ascii	"\330Q\264\201\031\331\222\007\223\324\314P\203)\224"
  62      19D99207 
  62      93D4CC50 
  62      832994
  63 0191 AD0D2511 		.ascii	"\255\015%\021\267\000\373f\364\216\253\307,4\1771\310"
  63      B700FB66 
  63      F48EABC7 
  63      2C347F31 
  63      C8
  64 01a2 49CF6CF6 		.ascii	"I\317l\366b1D\222'\275\261XF\317\337~\365XFa\007\344"
  64      62314492 
  64      27BDB158 
  64      46CFDF7E 
  64      F5584661 
  65 01b8 7046A3FD 		.ascii	"pF\243\375\345[\266\252\023i:3\345\352U+\302\211nV8"
  65      E55BB6AA 
  65      13693A33 
  65      E5EA552B 
  65      C2896E56 
  66 01cd 6A286827 		.ascii	"j(h' \033\261\242\300\307\013\376\375\272\233\377V\351"
  66      201BB1A2 
  66      C0C70BFE 
  66      FDBA9BFF 
  66      56E9
  67 01df CF2C5B70 		.ascii	"\317,[p\005\021F(%w\246\272\\\267\012\317\325a4\005"
  67      05114628 
  67      2577A6BA 
  67      5CB70ACF 
  67      D5613405 
  68 01f3 256D1979 		.ascii	"%m\031yfXAA4\320\023\235\204\026\220\223ehN\245\\Zj"
  68      66584141 
ARM GAS  /var/folders/qd/4mxf5pkd0zdf0b9dd1hp39180000gn/T//ccPwlS89.s 			page 5


  68      34D0139D 
  68      84169093 
  68      65684EA5 
  69 020a B6269960 		.ascii	"\266&\231`\015t\356-\270?\255\306\375\374\306|%\313"
  69      0D74EE2D 
  69      B83FADC6 
  69      FDFCC67C 
  69      25CB
  70 021c 877DDDEA 		.ascii	"\207}\335\3520\203\237\221\037a6\214|\225\361\177C\337"
  70      30839F91 
  70      1F61368C 
  70      7C95F17F 
  70      43DF
  71 022e 5CE58357 		.ascii	"\\\345\203W0\377\022\316@\340ZZ\232A\262\305\242\213"
  71      30FF12CE 
  71      40E05A5A 
  71      9A41B2C5 
  71      A28B
  72 0240 21EE3ABE 		.ascii	"!\356:\276\015,T\003RK\031\220\251D+-\035\032\313\250"
  72      0D2C5403 
  72      524B1990 
  72      A9442B2D 
  72      1D1ACBA8 
  73 0254 52052457 		.ascii	"R\005$W\307\260^\027\355 k\346\262\033\256\377o\356"
  73      C7B05E17 
  73      ED206BE6 
  73      B21BAEFF 
  73      6FEE
  74 0266 EB7043E7 		.ascii	"\353pC\347.\223\334\277\373\243g\316H\016\243SZ\263"
  74      2E93DCBF 
  74      FBA367CE 
  74      480EA353 
  74      5AB3
  75 0278 9B2A7BDD 		.ascii	"\233*{\335m\277$\331?\250, \205V\272\361\263\002\223"
  75      6DBF24D9 
  75      3FA82C20 
  75      8556BAF1 
  75      B30293
  76 028b 5D6BDDB5 		.ascii	"]k\335\265GH]_T\214\220\262\021_\020n~\035\370\304\360"
  76      47485D5F 
  76      548C90B2 
  76      115F106E 
  76      7E1DF8C4 
  77 02a0 D75E1B17 		.ascii	"\327^\033\027c\220OW8p+fu1\252(\330\303\255\001\271"
  77      63904F57 
  77      38702B66 
  77      7531AA28 
  77      D8C3AD01 
  78 02b5 E683C675 		.ascii	"\346\203\306upg\030L\\w\006\227\343\360c+A\242\325$"
  78      7067184C 
  78      5C770697 
  78      E3F0632B 
  78      41A2D524 
  79 02c9 CDD748AA 		.ascii	"\315\327H\252\032\250\362\314\245\024\177\235.M\257"
  79      1AA8F2CC 
  79      A5147F9D 
  79      2E4DAF
ARM GAS  /var/folders/qd/4mxf5pkd0zdf0b9dd1hp39180000gn/T//ccPwlS89.s 			page 6


  80 02d8 AEC02D4D 		.ascii	"\256\300-MQ\227`\236Q\227\321;:0d&\241\215$\372y\177"
  80      5197609E 
  80      5197D13B 
  80      3A306426 
  80      A18D24FA 
  81 02ee 76329394 		.ascii	"v2\223\224\001\270\315q8\201\205C\232\350ZE\367\211"
  81      01B8CD71 
  81      38818543 
  81      9AE85A45 
  81      F789
  82 0300 B7C0DD79 		.ascii	"\267\300\335y\005w\027y\206\020O\320\037]>\262QES\016"
  82      05771779 
  82      86104FD0 
  82      1F5D3EB2 
  82      5145530E 
  83 0314 C5E29387 		.ascii	"\305\342\223\2076\213\341\204\3246\252\014\261\300="
  83      368BE184 
  83      D436AA0C 
  83      B1C03D
  84 0323 195026A0 		.ascii	"\031P&\240lH\353\225\242<\345\373\305z\230\202?\225"
  84      6C48EB95 
  84      A23CE5FB 
  84      C57A9882 
  84      3F95
  85 0335 5A90DE70 		.ascii	"Z\220\336p`\374\375$iUP\365Q{\366\325tK\362\215\333"
  85      60FCFD24 
  85      695550F5 
  85      517BF6D5 
  85      744BF28D 
  86 034a 807B9C0D 		.ascii	"\200{\234\015\267uN\337`\335*\256P\001\254\344\252="
  86      B7754EDF 
  86      60DD2AAE 
  86      5001ACE4 
  86      AA3D
  87 035c 8514696F 		.ascii	"\205\024io\201wx\221\353\354\314'\277\217\273\362\273"
  87      81777891 
  87      EBECCC27 
  87      BF8FBBF2 
  87      BB
  88 036d 76ECE117 		.ascii	"v\354\341\027\017\373v'\223\316\217\004\035\370d?\355"
  88      0FFB7627 
  88      93CE8F04 
  88      1DF8643F 
  88      ED
  89 037e EDDA29BB 		.ascii	"\355\332)\273\366\313\003\237\376\003\325\217\276\007"
  89      F6CB039F 
  89      FE03D58F 
  89      BE07
  90              		.text
  91              		.section	.gnu.lto_osalThreadDequeueAllI.e9c3973c2ef034d6,"",%progbits
  92 0000 789C8554 		.ascii	"x\234\205TmO\034U\024\276g\316\274\261/,\255\306\230"
  92      6D4F1C55 
  92      14BE67CE 
  92      BCB12F2C 
  92      ADC698
  93 0013 94181225 		.ascii	"\224\030\022%\2441a\223\306\017&\376\032\333\017\326"
  93      A4316193 
ARM GAS  /var/folders/qd/4mxf5pkd0zdf0b9dd1hp39180000gn/T//ccPwlS89.s 			page 7


  93      C60F26FE 
  93      1ADB0FD6 
  94 0023 4469153E 		.ascii	"Di\025>\273\003\013,F\213\206\024L\226\261\031[\033"
  94      BB030B2C 
  94      468B8614 
  94      4C96B119 
  94      5B1B
  95 0035 9A546D49 		.ascii	"\232TmIa\267\273\224vX\260E\344\255\264e\253n\366C\211"
  95      61B7BB94 
  95      7658B045 
  95      E4ADB465 
  95      AB6EF643 
  96 004a AB209234 		.ascii	"\253 \2224!\233X\355\3529\367N\355\026I\234\354\316"
  96      219B58ED 
  96      EA39F74E 
  96      ED16499C 
  96      ECCE
  97 005c DCB9F73C 		.ascii	"\334\271\367<\347y\316s\356\\S\010\0211\205x\215\236"
  97      E779CE73 
  97      EE5C5308 
  97      11318578 
  97      8D9E
  98 006e 47E90FB6 		.ascii	"G\351\017\266\000\355\323e!\272m\015L5@M_\211\012'd"
  98      00EDD365 
  98      21BA6D0D 
  98      4C35404D 
  98      5F890A27 
  99 0083 CCF84238 		.ascii	"\314\370B8\021\035\0145o\250\200\031\333\324p\242@K"
  99      111D0C35 
  99      6FA88019 
  99      DBD470A2 
  99      404B
 100 0095 21AB14A6 		.ascii	"!\253\024\246\000\013\200\347\035\033DBC\3350-Hh\304"
 100      000B80E7 
 100      1D1B4442 
 100      43DD302D 
 100      4868C4
 101 00a8 A1AE8FF1 		.ascii	"\241\256\217\3614B!U\311i\207\307\034\272\374\317v\315"
 101      34422155 
 101      C96987C7 
 101      1CBAFCCF 
 101      76CD
 102 00ba 7EA7EF45 		.ascii	"~\247\357E\027\205\030A\025\003W\3400E\335\356\275\354"
 102      17851841 
 102      150357E0 
 102      3045DDEE 
 102      BDEC
 103 00cc E247E822 		.ascii	"\342G\350\"\200N\257\017\227\322\033\215\374\252A\013"
 103      804EAF0F 
 103      97D21B8D 
 103      FCAA410B 
 104 00dc BD9646CB 		.ascii	"\275\226F\313\265\006|\031\004\215\373\312\305\253\341"
 104      B5067C19 
 104      048DFBCA 
 104      C5ABE1
 105 00eb B6F38ED3 		.ascii	"\266\363\216\323\343\370\333\347\321y\305E\204\014 "
 105      E3F8DBE7 
ARM GAS  /var/folders/qd/4mxf5pkd0zdf0b9dd1hp39180000gn/T//ccPwlS89.s 			page 8


 105      D179C545 
 105      840C20
 106 00fa 25844968 		.ascii	"%\204Ih\206\011h\0264% \013m\024\276x9W\324\261MB\207"
 106      86096816 
 106      3425200B 
 106      6D14BE78 
 106      3957D4B1 
 107 0111 33C90BC8 		.ascii	"3\311\013\310P\22227&\241:\\\335\013\325\005\344\240"
 107      50923237 
 107      26A13A5C 
 107      DD0BD505 
 107      E4A0
 108 0123 8DE3B3E9 		.ascii	"\215\343\263\351\232\257\343\253\022[\033\\\370-\324"
 108      9AAFE3AB 
 108      125B1B5C 
 108      F82DD4
 109 0132 7A4E6277 		.ascii	"zNbwF\017~\221t\346\035\335E\003\362\317\342\371\242"
 109      460F7E91 
 109      74E61DDD 
 109      4503F2CF 
 109      E2F9A2
 110 0145 F0FED3AB 		.ascii	"\360\376\323\253\3436\306%t\363\372N\306f()\256\214"
 110      E336C625 
 110      74F3FA4E 
 110      C6662829 
 110      AE8C
 111 0157 369F0DA0 		.ascii	"6\237\015\240&\\\333\027:\364\325j\321\304#\022\232"
 111      265CDB17 
 111      3AF4D56A 
 111      D1C42312 
 111      9A
 112 0168 BA73311F 		.ascii	"\272s1\037\016\240\345\321\246'P\013\256\357\013}0^"
 112      0EA0E5D1 
 112      A627500B 
 112      AEEF0B7D 
 112      305E
 113 017a 1B8E9A3A 		.ascii	"\033\216\232:\334\200V\230\246\377\024\264zO\274\006"
 113      DC805698 
 113      A6FF14B4 
 113      7A4FBC06 
 114 018a 1F4C0142 		.ascii	"\037L\001B`\375\352\2455\303wj\177\247\034\177\375\320"
 114      60FDEAA5 
 114      35C3776A 
 114      7FA71C7F 
 114      FDD0
 115 019c E389DD03 		.ascii	"\343\211\335\003M@\006X\232\340uJO\021\272\274S\237"
 115      4D400658 
 115      9AE0754A 
 115      4F11BABC 
 115      539F
 116 01ae C94EDA30 		.ascii	"\311N\3320\204\015\311\231\210\274G\201\275\212\311"
 116      840DC999 
 116      88BC4781 
 116      BD8AC9
 117 01bd 78210688 		.ascii	"x!\006\210\247\024v|\361!j4H\372b\013z\036\245\246\263"
 117      A714767C 
 117      F1216A34 
ARM GAS  /var/folders/qd/4mxf5pkd0zdf0b9dd1hp39180000gn/T//ccPwlS89.s 			page 9


 117      48FA620B 
 117      7A1EA5A6 
 118 01d2 1E307B1A 		.ascii	"\0360{\032m\3228\322WX\261\270\265(+\274VX\272izp\246"
 118      6DD238D2 
 118      5758B1B8 
 118      B5282BBC 
 118      5658BA69 
 119 01e9 9B8CF52A 		.ascii	"\233\214\365*Lo\247\251\276\031.\212\226\357\246\356"
 119      4C6FA7A9 
 119      BE192E8A 
 119      96EFA6EE 
 120 01f9 97C3F1AF 		.ascii	"\227\303\361\257\331\366\026\027\033\240\000\036\014"
 120      D9F61617 
 120      1BA0001E 
 120      0C
 121 0206 6350EEC5 		.ascii	"cP\356\305\245\255\262\231x\314\213^\006\330\226Y\210"
 121      A5ADB299 
 121      78CC8B5E 
 121      06D89659 
 121      88
 122 0217 53A57390 		.ascii	"S\245s\220\020\025\350\361\316JZ\326L\324\244\245\220"
 122      1015E8F1 
 122      CE4A5AD6 
 122      4CD4A4A5 
 122      90
 123 0228 DFBCB111 		.ascii	"\337\274\261\021H\011\325K\261\376+\245\203\2244\260"
 123      4809D54B 
 123      B1FE2BA5 
 123      839434B0 
 124 0238 926F0325 		.ascii	"\222o\003%\353\331|6JJz\273YI\010nJ%\300\316\336\"V"
 124      EBD97C36 
 124      4A4A7ABB 
 124      5949086E 
 124      4A25C0CE 
 125 024f E67B49D2 		.ascii	"\346{I\322M1]\210\351v\177\235\3370yno\362\027\376'"
 125      4D315D88 
 125      E9767F9D 
 125      DF30796E 
 125      6FF217FE 
 126 0264 F7FCD3DC 		.ascii	"\367\374\323\334\337A\234\002.m\347\376\210\262\322"
 126      DF419C02 
 126      2E6DE7FE 
 126      88B2D2
 127 0273 30085820 		.ascii	"0\010X \024\323\215\015\312\344\354}}1\021YL.\267\375"
 127      14D38D0D 
 127      CAE4EC7D 
 127      7D311159 
 127      4C2EB7FD 
 128 0287 9345DED8 		.ascii	"\223E\336\3304\341q*\232\233H>\034j$\015dU\024\026!"
 128      34E1712A 
 128      9A9B483E 
 128      1C6A240D 
 128      64551416 
 129 029c 01DF07FC 		.ascii	"\001\337\007\374\231[\245?m\345\262\327\341b#,I\001"
 129      995BA53F 
 129      6DE5B2D7 
 129      E162232C 
ARM GAS  /var/folders/qd/4mxf5pkd0zdf0b9dd1hp39180000gn/T//ccPwlS89.s 			page 10


 129      4901
 130 02ae 9AB2F9C2 		.ascii	"\232\262\371\302\374\251+\215\224j\200V\217\272\030"
 130      FCA92B8D 
 130      946A8056 
 130      8FBA18
 131 02bd 8365E9F2 		.ascii	"\203e\351\362\012\271,\250\325(\350DP\275\316o.nX\312"
 131      0AB92CA8 
 131      D528E844 
 131      50BDCE6F 
 131      2E6E58CA 
 132 02d1 5FA89764 		.ascii	"_\250\227d\356\357oS\232\276\357\325};}\000nK\011\250"
 132      EEEF6F53 
 132      9ABEEFD5 
 132      7D3B7D00 
 132      6E4B09A8 
 133 02e5 247CF37B 		.ascii	"$|\363{\317\262\036\010\374\200\373\265\006\361a\372"
 133      CFB21E08 
 133      FC80FBB5 
 133      06F161FA 
 134 02f5 5249C61D 		.ascii	"RI\306\035\022\3633\364\3768;\027t\026\270\331BJ\323"
 134      12F333F4 
 134      FE383B17 
 134      7416B8D9 
 134      424AD3
 135 0308 C582DA85 		.ascii	"\305\202\332\205\311\221\376SS\307\325z$\215|\304L\246"
 135      C991FE53 
 135      53C7D57A 
 135      248D7CC4 
 135      4CA6
 136 031a 16C7432C 		.ascii	"\026\307C,\316\000\200\273\312\322\226\247\015\214\210"
 136      CE0080BB 
 136      CAD296A7 
 136      0D8C88
 137 0329 6DE8F37E 		.ascii	"m\350\363~\031\224\345\3541\364\340\010\033\012\367"
 137      1994E5EC 
 137      31F4E008 
 137      1B0AF7
 138 0338 C800AA20 		.ascii	"\310\000\252 \215Q\027\237\223|F`E\0054\241\322 \223"
 138      8D51179F 
 138      937C4660 
 138      450534A1 
 138      D22093
 139 034b BBFD936F 		.ascii	"\273\375\223o(\356\030\305\363\361\366\327\347\331\006"
 139      28EE18C5 
 139      F3F1F6D7 
 139      E7D906
 140 035a 75DA3D0F 		.ascii	"u\332=\017\353\365\334\323\014\212\011Q\005$\231H\371"
 140      EBF5DCD3 
 140      0C8A0951 
 140      05249948 
 140      F9
 141 036b 237ABABA 		.ascii	"#z\272\272\012\224\334\024t\324>\223\\Wc\211\321\330"
 141      0A94DC14 
 141      74D43E93 
 141      5C576389 
 141      D1D8
 142 037d 84E5D975 		.ascii	"\204\345\331u\367\210b\322\353\3757h\327\024\3251Q\005"
ARM GAS  /var/folders/qd/4mxf5pkd0zdf0b9dd1hp39180000gn/T//ccPwlS89.s 			page 11


 142      F78862D2 
 142      EBFD3768 
 142      D714D531 
 142      5105
 143 038f 1650EC2E 		.ascii	"\026P\354.>\200\300\317\261\301C\324r\332#\3776\374"
 143      3E80C0CF 
 143      B1C143D4 
 143      72DA23FF 
 143      36FC
 144 03a1 CCD0974E 		.ascii	"\314\320\227N\254\276\341\367e\303\177\240\263}\215"
 144      ACBEE1F7 
 144      65C37FA0 
 144      B37D8D
 145 03b0 DC8D198F 		.ascii	"\334\215\031\217\252\257WA\247]\256m\235\240\032\015"
 145      AAAF5741 
 145      A75DAE6D 
 145      9DA01A0D 
 146 03c0 AEDD525F 		.ascii	"\256\335R_\374\016m\314s\237\310V\310&\014\220U\245"
 146      FC0E6DCC 
 146      739FC856 
 146      C8260C90 
 146      55A5
 147 03d2 30256E69 		.ascii	"0%nio\217\253\337\211\316\370\3617\337\241\007\335:"
 147      6F8FABDF 
 147      89CEF8F1 
 147      37DFA107 
 147      DD3A
 148 03e4 DE5683F6 		.ascii	"\336V\203\366c\002\273\336;\211\357v\276\205\307:\272"
 148      6302BBDE 
 148      3B89EF76 
 148      BE85C73A 
 148      BA
 149 03f5 B4AEF7B5 		.ascii	"\264\256\367\265\316\223\377\000'$\001\215"
 149      CE93FF00 
 149      2724018D 
 150              		.text
 151              		.section	.gnu.lto_.symbol_nodes.e9c3973c2ef034d6,"",%progbits
 152 0000 789C6363 		.ascii	"x\234cc``\360\007b\006\246\267\014\365\014\014\023\316"
 152      6060F007 
 152      6206A6B7 
 152      0CF50C0C 
 152      13CE
 153 0012 3180A85D 		.ascii	"1\200\250]\015\216\014\014\254\357\031\030\024@2\357"
 153      0D8E0C0C 
 153      ACEF1918 
 153      144032EF 
 154 0022 18EA1951 		.ascii	"\030\352\031Qd\030?0\3243\201E\030\030\032\032\034\030"
 154      64183F30 
 154      D4338145 
 154      18181A1A 
 154      1C18
 155 0034 18988170 		.ascii	"\030\230\201p\311\361sl\314L\314\014O\332\356\3113\000"
 155      C9F1736C 
 155      CC4CCC0C 
 155      4FDAEEC9 
 155      3300
 156 0046 00128013 		.ascii	"\000\022\200\023\274"
ARM GAS  /var/folders/qd/4mxf5pkd0zdf0b9dd1hp39180000gn/T//ccPwlS89.s 			page 12


 156      BC
 157              		.text
 158              		.section	.gnu.lto_.refs.e9c3973c2ef034d6,"",%progbits
 159 0000 789C6363 		.ascii	"x\234cc``\340\006bF\006&FVF&&F\001\006\000\001\255\000"
 159      6060E006 
 159      62460626 
 159      46564626 
 159      26460106 
 160 0018 31       		.ascii	"1"
 161              		.text
 162              		.section	.gnu.lto_.decls.e9c3973c2ef034d6,"",%progbits
 163 0000 789CC558 		.ascii	"x\234\305XkPTG\026\276}{\030\206a\004\027\210\353\326"
 163      6B505447 
 163      16BE7D7B 
 163      18866104 
 163      1788EBD6 
 164 0014 52BB968B 		.ascii	"R\273\226\213\345\324\246`\304<\314VeSZ&\225\230\252"
 164      E5D4A660 
 164      C43CCC56 
 164      65535A26 
 164      9598AA
 165 0027 64ABF2F8 		.ascii	"d\253\362\370\263\265\233\011;N\002\011\217\3110$\346"
 165      B3B59B09 
 165      3B4E0209 
 165      8FC93024 
 165      E6
 166 0038 C7EE5E5E 		.ascii	"\307\356^^\"\250\001|!\250\221\207JP\361\205/\004\005"
 166      22A8017C 
 166      21A89187 
 166      4A50F185 
 166      2F0405
 167 004b 5110E521 		.ascii	"Q\020\345!\"\017\201\001\306\210\200\340\003AD\004a"
 167      220F8101 
 167      C68880E0 
 167      03414404 
 167      61
 168 005c 4F77DFE1 		.ascii	"Ow\337\341^`&\272\373goM\337{O\367\351\363\235s\372"
 168      5E6026BA 
 168      FB676F4D 
 168      DF7B4FF7 
 168      E9F39D73 
 169 0071 F4E97347 		.ascii	"\364\351sG\311q\034\376\0154\005\307}\2168n\022.\014"
 169      C9711CFE 
 169      0D3405C7 
 169      7D8E386E 
 169      122E0C
 170 0084 7DE7A141 		.ascii	"}\347\241A\027W\017\255\021\232\026\306\3129v\221\361"
 170      17570FAD 
 170      119A16C6 
 170      CA397691 
 170      F1
 171 0095 B7805E0E 		.ascii	"\267\200^\016\355\035h\360\343>C\334\264\353\237<\307"
 171      ED1D68F0 
 171      E33E43DC 
 171      B4EB9F3C 
 171      C7
 172 00a6 FD0A9E9F 		.ascii	"\375\012\236\237C\363\202\346#\223\325/\312S\302\263"
ARM GAS  /var/folders/qd/4mxf5pkd0zdf0b9dd1hp39180000gn/T//ccPwlS89.s 			page 13


 172      43F382E6 
 172      2393D52F 
 172      CA53C2B3 
 173 00b6 0EDA158E 		.ascii	"\016\332\025\216\311\376#\364\375\001\332\307\320\364"
 173      C9FE23F4 
 173      FD01DAC7 
 173      D0F4
 174 00c4 88E9F336 		.ascii	"\210\351\36364\027\030\253\206V\001-\000\350E\320>\205"
 174      341718AB 
 174      8656012D 
 174      00E845D0 
 174      3E85
 175 00d6 C68B7ABC 		.ascii	"\306\213z\274#\276G\240\331zD\363\014\333\221\036\027"
 175      23BE47A0 
 175      D97A44F3 
 175      0CDB911E 
 175      17
 176 00e7 453DFA67 		.ascii	"E=\372g\350A\3642A\377\337d\272\330us\244\023\321\305"
 176      E841F432 
 176      41FFDF64 
 176      BAD87573 
 176      A413D1C5 
 177 00fb AE17D163 		.ascii	"\256\027\321c\271L\247\357\034\350\264\005\243kqGv\342"
 177      B94CA7EF 
 177      1CE8B405 
 177      A36B7147 
 177      76E2
 178 010d F51879A9 		.ascii	"\365\030y\251\221\002\310\2075\031\267<\200\364Q\243"
 178      9102C887 
 178      3519B73C 
 178      80F451A3 
 179 011d 054026EF 		.ascii	"\005@&\357Y\267Y\211yD8/\225g\344\271\007\034\024\330"
 179      59B75989 
 179      7944382F 
 179      9567E4B9 
 179      071C14D8 
 180 0131 A57A9F43 		.ascii	"\245z\237C'\020\266\213\031:\331\275\317\015\277L\031"
 180      2710B68B 
 180      193AD9BD 
 180      CF0DBF4C 
 180      19
 181 0142 7F8A3EEE 		.ascii	"\177\212>\356\215u\364\365T\306D\251\002\377\231\276"
 181      8D75F4F5 
 181      54C644A9 
 181      02FF99BE 
 182 0152 C76FCC4F 		.ascii	"\307o\314OS\203h\245\032\221\265u\205\256\256\201\247"
 182      538368A5 
 182      1A91B575 
 182      85AEAE81 
 182      A7
 183 0163 2715AC8B 		.ascii	"'\025\254\213\310\\\003]\273\322\255G=\360\0122\203"
 183      C85C035D 
 183      BBD2AD47 
 183      3DF00A32 
 183      83
 184 0174 3F77FD74 		.ascii	"?w\375t\334\034\244U\357#\203\245\235\351\257\247\017"
 184      DC1CA455 
ARM GAS  /var/folders/qd/4mxf5pkd0zdf0b9dd1hp39180000gn/T//ccPwlS89.s 			page 14


 184      EF2383A5 
 184      9DE9AFA7 
 184      0F
 185 0185 08C20274 		.ascii	"\010\302\002t\016\251Q1\302\350$\012\000p\230\014\367"
 185      0EA95131 
 185      C2E8240A 
 185      0070980C 
 185      F7
 186 0196 75842533 		.ascii	"u\204%3Vp{\217C\307\221/*@\276\034:\213\264D4\341CE"
 186      56707B8F 
 186      43C7912F 
 186      2A40BE1C 
 186      3A8BB444 
 187 01ae D079063A 		.ascii	"\320y\006:\001bpt\340\270\002w\"\212Q\260y|\273\307"
 187      01627074 
 187      E0B80277 
 187      228A51B0 
 187      797CBBC7 
 188 01c2 14C664F1 		.ascii	"\024\306d\361\322\023\361\202\300\243\363\200Q\"a\000"
 188      D213F182 
 188      C0A3F380 
 188      51226100 
 189 01d2 A4339052 		.ascii	"\2443\220R\307 7\205\261t\015\036\240\256\343w\224e"
 189      C7203785 
 189      B1740D1E 
 189      A0AEE377 
 189      9465
 190 01e4 17F05320 		.ascii	"\027\360S #\035\332\264\004\002r\021@\312$\220\363\316"
 190      231DDAB4 
 190      04027211 
 190      40CA2490 
 190      F3CE
 191 01f6 412E3806 		.ascii	"A.8\0069\367lr\253\213\032fD\277\340\014\374\303\261"
 191      39F76C72 
 191      AB8B1A66 
 191      44BFE00C 
 191      FCC3B1
 192 0209 98521EF9 		.ascii	"\230R\036\371yk\263\205\270h\241\364\301=\355\215\326"
 192      796BB385 
 192      B868A1F4 
 192      C13DED8D 
 192      D6
 193 021a 5E41D8A4 		.ascii	"^A\330\244A\345\240L!(s\011yKRt\276\240W \334\270TQ"
 193      41E5A04C 
 193      21287309 
 193      794B5274 
 193      BEA05720 
 194 0232 2D012964 		.ascii	"-\001)d(\247\305\011\000\203*\001\261\002\371\321\210"
 194      28A7C509 
 194      00832A01 
 194      B102F9D1 
 194      88
 195 0243 6086D6DE 		.ascii	"`\206\326\336\230\033\015\023\010\007'\032)\206\313"
 195      981B0D13 
 195      0807271A 
 195      2986CB
 196 0252 F544DB46 		.ascii	"\365D\333Fw\\\215\251w\032Z66+\221\267\3261D\025\210"
ARM GAS  /var/folders/qd/4mxf5pkd0zdf0b9dd1hp39180000gn/T//ccPwlS89.s 			page 15


 196      775C8DA9 
 196      771A5A36 
 196      362B91B7 
 196      D6314415 
 197 0267 750ED17D 		.ascii	"u\016\321}\325\227L@W\200\343\262\344J\202H\200p\345"
 197      D5974C40 
 197      5780E3B2 
 197      E44A8248 
 197      8070E5
 198 027a D6BEDB2A 		.ascii	"\326\276\333*f/a\2774\266\240\270\236\331Kf\234\202"
 198      662F61BF 
 198      34B6A0B8 
 198      9ED94B66 
 198      9C82
 199 028c 1935FF85 		.ascii	"\0315\377\205\275\034\345&\232\324\202&\325\3234\231"
 199      BD1CE526 
 199      9AD48226 
 199      D5D33499 
 200 029c 28F2A2C6 		.ascii	"(\362\242\306\326\3142\366\314\326\342{*<\312\214\035"
 200      D6CC32F6 
 200      CCD6E27B 
 200      2A3CCA8C 
 200      1D
 201 02ad 3ABDFBBA 		.ascii	":\275\373\272\253Sc\257\201X\347\020\265\305J\330x\250"
 201      AB5363AF 
 201      8158E710 
 201      B5C54AD8 
 201      78A8
 202 02bf 0E18AE4A 		.ascii	"\016\030\256J\266\326\210\266\242\003[\177\\\255I\022"
 202      B6D688B6 
 202      A2035B7F 
 202      5CAD4912 
 203 02cf 8418160C 		.ascii	"\204\030\026\014\224O\322\274\036i\210$\362\004\336"
 203      944FD2BC 
 203      1E698824 
 203      F204DE
 204 02de E60DD7DB 		.ascii	"\346\015\327\333\2248QAu:Ue\035\303\262\360\\\300\302"
 204      94385141 
 204      753A5565 
 204      1DC3B2F0 
 204      5CC0C2
 205 02f1 B31122E2 		.ascii	"\263\021\"\342\372\013\205g\203\203`#\323\001\250~\240"
 205      FA0B8567 
 205      83836023 
 205      D301A87E 
 205      A0
 206 0302 7A973BCB 		.ascii	"z\227;\313/s\201\314(zt\305\205\221* \255?l\271\355"
 206      2F7381CC 
 206      287A74C5 
 206      85912A20 
 206      AD3F6CB9 
 207 0317 8193A91A 		.ascii	"\201\223\251\032\250\2752\357\000IE\213Y\202\360\204"
 207      A8BD32EF 
 207      0049458B 
 207      5982F084 
 208 0327 AEC3770B 		.ascii	"\256\303w\013G\347\260.\302Q\237<\270\307\025\2471\255"
 208      47E7B02E 
ARM GAS  /var/folders/qd/4mxf5pkd0zdf0b9dd1hp39180000gn/T//ccPwlS89.s 			page 16


 208      C2519F3C 
 208      B8C715A7 
 208      31AD
 209 0339 3B5BC6AC 		.ascii	";[\306\254\036H\255]7e\261L\243v\320h\261\250Q+t\266"
 209      1E48AD5D 
 209      3765B14C 
 209      A376D068 
 209      B1A8512B 
 210 034f 402733AF 		.ascii	"@'3\257-\375\255tA\230\213\254`]\233d\335b5sb\336\236"
 210      2DFDAD74 
 210      41988BAC 
 210      605D9B64 
 210      DD623573 
 211 0366 D46C25CE 		.ascii	"\324l%\316f\020E;n\227\363\316 lN!&\213\027V\320,\322"
 211      6610453B 
 211      6E97F3CE 
 211      206C4E21 
 211      268B1756 
 212 037d 09181D12 		.ascii	"\011\030\035\022\206\025\211 \311'\332\306=\361\001"
 212      86158920 
 212      C927DAC6 
 212      3DF101
 213 038c 06127FF5 		.ascii	"\006\022\177\365\344\035\247 \267\234\202\214t\370m"
 213      E41DA720 
 213      B79C828C 
 213      74F86D
 214 039b 6F20E9F0 		.ascii	"o \351\360g\000\271)\201t\332AN\\\311\255Q\222\344\020"
 214      6700B929 
 214      8174DA41 
 214      4E5CC9AD 
 214      5192E410 
 215 03af FB425261 		.ascii	"\373BRa\306\230-y\235\012\237`\253q\323z\351\210\007"
 215      C6982D79 
 215      9D0A9F60 
 215      AB71D37A 
 215      E98807
 216 03c2 3ECD888A 		.ascii	">\315\210\212\344\270\015j\\\302\024\036\276v7]\351"
 216      E4B80D6A 
 216      5CC2141E 
 216      BE76375D 
 216      E9
 217 03d3 4CE13B4E 		.ascii	"L\341;N\025\256Ms%\321\333\013\352\3668P7'e8S\205\253"
 217      15AE4D73 
 217      25D1DB0B 
 217      EAF63850 
 217      37276538 
 218 03ea 18DEA1F4 		.ascii	"\030\336\241\364F\301]\036\313W\246\305r?\213e`LH<\332"
 218      46C15D1E 
 218      CB57A6C5 
 218      723F8B65 
 218      604C483C 
 219 03ff AFC6756C 		.ascii	"\257\306ulVui\342a5n\020\211#\205\315\012\334$\206\326"
 219      567569E2 
 219      61356E10 
 219      892385CD 
 219      0ADC2486 
 220 0414 AE07430A 		.ascii	"\256\007C\012\334\312\210\303\361]y*\010*_\2103$\013"
ARM GAS  /var/folders/qd/4mxf5pkd0zdf0b9dd1hp39180000gn/T//ccPwlS89.s 			page 17


 220      DCCA88C3 
 220      F15D792A 
 220      082A5F88 
 220      33240B
 221 0427 325F1664 		.ascii	"2_\026d\307K\207\362\025\330\306l=\232\337\365\225\354"
 221      C74B87F2 
 221      15D8C66C 
 221      3D9ADFF5 
 221      95EC
 222 0439 040A88A7 		.ascii	"\004\012\210\247;\343\021\3300(\331\340+n\214\030A\310"
 222      3BE311D8 
 222      3028D9E0 
 222      2B6E8C18 
 222      41C8
 223 044b 11F07C0E 		.ascii	"\021\360|\016\275\342\213\226\200/\206\300\027\276\242"
 223      BDE28B96 
 223      802F86C0 
 223      17BEA2
 224 045a 2F1E82F2 		.ascii	"/\036\202\362\003\314\315y\273\177\2728\007\3671\200"
 224      03CCCD79 
 224      BB7FBA38 
 224      07F73180 
 225 046a 8EFC07B5 		.ascii	"\216\374\007\265Xv\376,,\240\2213\002\010\303\022\302"
 225      5876FE2C 
 225      2CA09133 
 225      0208C312 
 225      C2
 226 047b 23E404E2 		.ascii	"#\344\004\342\261c\210=\027\016_s\305\203\014\242e\270"
 226      B163883D 
 226      170E5F73 
 226      C5830CA2 
 226      65B8
 227 048d 6AB3FCF4 		.ascii	"j\263\374\364ys\0335\342)@<\221 F\234A\214:\206H\272"
 227      79731B35 
 227      E229403C 
 227      9120469C 
 227      418C3A86 
 228 04a3 DC95ED89 		.ascii	"\334\225\355\211\307\230K\355e\203\027+\033\356\307"
 228      C7984BED 
 228      6583172B 
 228      1BEEC7
 229 04b2 DDB6899B 		.ascii	"\335\266\211\233~>\220\266\230\212\353*,\270P\326\335"
 229      7E3E90B6 
 229      988AEB2A 
 229      2CB850D6 
 229      DD
 230 04c3 D687F9AE 		.ascii	"\326\207\371\2568\216\022|\323do\257\032i\264\262\225"
 230      388E127C 
 230      D3646FAF 
 230      1A69B4B2 
 230      95
 231 04d4 FE7C9E14 		.ascii	"\376|\236\024L\321\274\026\3515\242\206L\375\007y\270"
 231      4CD1BC16 
 231      E935A286 
 231      4CFD0779 
 231      B8
 232 04e5 E616E8AF 		.ascii	"\346\026\350\257@\002\257\201\365\233\322_\257a\021"
ARM GAS  /var/folders/qd/4mxf5pkd0zdf0b9dd1hp39180000gn/T//ccPwlS89.s 			page 18


 232      4002AF81 
 232      F59BD25F 
 232      AF6111
 233 04f4 F1F07EC3 		.ascii	"\361\360~\303\370\034|\202\201\011\243\347Z\225\270"
 233      F81C7C82 
 233      8109A3E7 
 233      5A95B8
 234 0503 90116D5B 		.ascii	"\220\021m[\237\330\334p1#*\033\327\227(p\011#r\253l"
 234      9FD8DC70 
 234      31232A1B 
 234      D7972870 
 234      092372AB 
 235 0518 820B2E63 		.ascii	"\202\013.cDqR\325\270\012\2273\"\343LB\214\032W2\342"
 235      447152D5 
 235      B80A9733 
 235      22E34C42 
 235      8C1A5732 
 236 052d C0E450B2 		.ascii	"\300\344P\262\006W1\342I\361\265l\236\331\350\007\344"
 236      065731E2 
 236      49F1B56C 
 236      9ED9E807 
 236      E4
 237 053e FED2F595 		.ascii	"\376\322\365\225\230\025N\231<\320\035\207&\212\225"
 237      98154E99 
 237      3CD01D87 
 237      268A95
 238 054d B899F2BA 		.ascii	"\270\231\362\272W\307W'\300)\304.o\255\237_6\261\267"
 238      57C75727 
 238      C029C42E 
 238      6FAD9F5F 
 238      36B1B7
 239 0560 B4B908FF 		.ascii	"\264\271\010\377\230\227\264Q\310,C\324\232\011\260"
 239      9897B451 
 239      C82C43D4 
 239      9A09B0
 240 056f 660B2F3B 		.ascii	"f\013/;\216\236\321h?N\356\034\233\362\364\275\014\241"
 240      8E9ED168 
 240      3F4EEE1C 
 240      9BF2F4BD 
 240      0CA1
 241 0581 340E53F6 		.ascii	"4\016S\366u\374\014v\351\364b\314e\253$\346\004\207"
 241      75FC0C76 
 241      E9F462CC 
 241      65AB24E6 
 241      0487
 242 0593 CC72D1F5 		.ascii	"\314r\321\3652\356\370\231\334\315\2634\371Y\306\036"
 242      32EEF899 
 242      DCCDB334 
 242      F959C61E 
 243 05a3 3B93BD69 		.ascii	";\223\275i\266\3422\366\0153\331\307\321\014\315\373"
 243      B6E232F6 
 243      0D33D9C7 
 243      D10CCDFB 
 244 05b3 64DC3133 		.ascii	"d\33413\271\237\241\351\247t\212\300N\321\365\274/J"
 244      B99FA1E9 
 244      A7748AC0 
 244      4ED1F5BC 
ARM GAS  /var/folders/qd/4mxf5pkd0zdf0b9dd1hp39180000gn/T//ccPwlS89.s 			page 19


 244      2F4A
 245 05c5 E2812151 		.ascii	"\342\201!Q\234AN\321\255\020B?\360~(\031Z\032\264\024"
 245      9C414ED1 
 245      AD10423F 
 245      F07E2819 
 245      5A1AB414 
 246 05d9 68DBA0A5 		.ascii	"h\333\240\245B\333\014m#\264M\374\264\222\342\034\253"
 246      42DB0C6D 
 246      23B44DFC 
 246      B492E21C 
 246      AB
 247 05ea 5A4082FC 		.ascii	"Z@\202\374 g\212u\\\366\312\216\025*\227P\315\342\034"
 247      20678A75 
 247      5CF6CA8E 
 247      152A9750 
 247      CDE21C
 248 05fd 9B2DB3E3 		.ascii	"\233-\263\343\212\314\216\265\216}J\271!`\366\246\327"
 248      8ACC8EB5 
 248      8E7D4AB9 
 248      2160F6A6 
 248      D7
 249 060e 27B8E2B5 		.ascii	"'\270\342\265JV\371N\354\310Q \255\267\030\363\367\336"
 249      4A56F94E 
 249      ECC85120 
 249      ADB718F3 
 249      F7DE
 250 0620 AC7D4252 		.ascii	"\254}BR}\006L\337\316O\205<\321\320\231\017\322\301"
 250      7D064CDF 
 250      CE4F853C 
 250      D1D0990F 
 250      D2C1
 251 0632 EEFFC507 		.ascii	"\356\377\305\007\240\311HZ\335\006$O\276\031\274<\371"
 251      A0C9485A 
 251      DD06244F 
 251      BE19BC3C 
 251      F9
 252 0643 EEE0EDC9 		.ascii	"\356\340\355\311\267oK\372\000\302\311J\226\002\306"
 252      B76F4BFA 
 252      00C2C94A 
 252      9602C6
 253 0652 779D7263 		.ascii	"w\235rc\373\301\007\310g\235))\256\342~ I\266 \346\350"
 253      FBC107C8 
 253      679D2929 
 253      AEE27E20 
 253      49B620E6 
 254 0667 880BCE60 		.ascii	"\210\013\316`\274\005\223yk1\316bDa\352&(\217\366S\302"
 254      BC059379 
 254      6B31CE62 
 254      4461EA26 
 254      288FF653 
 255 067c E7546AF9 		.ascii	"\347Tj\3711\330)>\260O4\032\215\267\2377\3311Z\255\326"
 255      31D8293E 
 255      B04F341A 
 255      8DB79F37 
 255      D9315AAD 
 256 0691 4FCB1C5A 		.ascii	"O\313\034Z\333\356\223C\375\017i\341\036l\227\034\336"
 256      DBEE9343 
ARM GAS  /var/folders/qd/4mxf5pkd0zdf0b9dd1hp39180000gn/T//ccPwlS89.s 			page 20


 256      FD0F69E1 
 256      1E6C971C 
 256      DE
 257 06a2 C751FC6F 		.ascii	"\307Q\374or\\\275\021n\342\220\023\340\220\343`t6\264"
 257      725CBD11 
 257      6EE29013 
 257      E090E360 
 257      7436B4
 258 06b5 7DD0F642 		.ascii	"}\320\366B\333#:\200\341\334o\367b8\344\270\352v\016"
 258      DB233A80 
 258      E1DC6FF7 
 258      6238E4B8 
 258      EA760E
 259 06c8 2446855D 		.ascii	"$F\205]+8\230P\337\363\270\353\377\316\202\"\027\202"
 259      2B389850 
 259      DFF3B8EB 
 259      FFCE8222 
 259      1782
 260 06da E2AE7366 		.ascii	"\342\256sf\331\002\374\004\234\222\025\271l\001d\343"
 260      D902FC04 
 260      9C9215B9 
 260      6C0164E3 
 261 06ea FBE56155 		.ascii	"\373\345aU\000\306\345\361\366\254\351\204\213\223\261"
 261      00C6E5F1 
 261      F6ACE984 
 261      8B93B1
 262 06f9 4C0BA01F 		.ascii	"L\013\240\037!\200v\221\000:\006b\016\212\001t\024\336"
 262      21807691 
 262      003A0662 
 262      0E8A0174 
 262      14DE
 263 070b 8F808F0E 		.ascii	"\217\200\217\016C;\004-\037\332\201i\376\352\350\220"
 263      433B042D 
 263      1FDA8169 
 263      FEEAE890 
 264 071b F96B3784 		.ascii	"\371k7\204\350A'\373\3021\330Nq\306\363\301\342b!\257"
 264      E84127FB 
 264      C231D84E 
 264      71C6F3C1 
 264      E26221AF 
 265 072f 7DC61CD8 		.ascii	"}\306\034\330\005X7\320\014\254\031\231\212T\346\355"
 265      055837D0 
 265      0CAC1999 
 265      8A54E6ED 
 266 073f 6AC64F1C 		.ascii	"j\306O\034}\3331\277ly\272\255^\261\261\302\366%\364"
 266      7DDB31BF 
 266      6C79BAAD 
 266      5EB1B1C2 
 266      F625F4
 267 0752 807C20B2 		.ascii	"\200| \262\213g\341\254\244\331a\025W\036v\005\032\233"
 267      8B67E1AC 
 267      A4D96115 
 267      571E7605 
 267      1A9B
 268 0764 295B5A4C 		.ascii	")[ZL\266\221\233\254,\265\034\234\236Z\330\340\375\343"
 268      B6919BAC 
 268      2CB51C9C 
ARM GAS  /var/folders/qd/4mxf5pkd0zdf0b9dd1hp39180000gn/T//ccPwlS89.s 			page 21


 268      9E5AD8E0 
 268      FDE3
 269 0776 B43E22AB 		.ascii	"\264>\"\253\224)\355\361\203t\217\213\034m\363c\310"
 269      9429EDF1 
 269      83748F8B 
 269      1C6DF363 
 269      C8
 270 0787 74120E59 		.ascii	"t\022\016Y\022K\036\215\007fk\205=nI\361~\337yp\211"
 270      124B1E8D 
 270      07666B85 
 270      3D6E49F1 
 270      7EDF7970 
 271 079c DF2C56FA 		.ascii	"\337,V\372A\001<ru\210|R\363M\226\025\302Wr;\342\241"
 271      41013C72 
 271      75887C52 
 271      F34D9615 
 271      C257723B 
 272 07b2 4BC14610 		.ascii	"K\301F\020\273\303\2234JO\332/\304\372\241\227g\017"
 272      BBC39334 
 272      4A4FDA2F 
 272      C4FAA197 
 272      670F
 273 07c4 919510F6 		.ascii	"\221\225\020\366)h\252\207\027e\360v"
 273      2968AA87 
 273      1765F076 
 274 07d0 B9F4270A 		.ascii	"\271\364'\012@r\251l\234\301\331/\216\3613}\244y\254"
 274      4072A96C 
 274      9CC1D92F 
 274      8EF1337D 
 274      A479AC
 275 07e3 8B97C064 		.ascii	"\213\227\300dSf\351\312M\015O)%\031\211\304\024WV\037"
 275      5366E9CA 
 275      4D0D4F29 
 275      251989C4 
 275      1457561F 
 276 07f7 DDABB641 		.ascii	"\335\253\266A\021\317\241\277r\\\212*\214\246\254\374"
 276      11CFA1BF 
 276      725C8A2A 
 276      8CA6ACFC 
 277 0807 8E78F80E 		.ascii	"\216x\370\0169\313\362\327\243\201\346\011O\005q\022"
 277      39CBF2D7 
 277      A381E609 
 277      4F057112 
 278 0817 F179B882 		.ascii	"\361y\270\202\364\225<\353x\352F\373\340s\013\025\362"
 278      F4953CEB 
 278      78EA46FB 
 278      E0730B15 
 278      F2
 279 0828 B4B37C72 		.ascii	"\264\263|r\244\324\223eH^\366e\344\303\276\214\312;"
 279      A4D49365 
 279      485EF665 
 279      E4C3BE8C 
 279      CA3B
 280 083a 9A0EA0F9 		.ascii	"\232\016\240\371\333\350\366\210\025\346\362\244\020"
 280      DBE8F688 
 280      15E6F2A4 
 280      10
ARM GAS  /var/folders/qd/4mxf5pkd0zdf0b9dd1hp39180000gn/T//ccPwlS89.s 			page 22


 281 0847 2A86FD51 		.ascii	"*\206\375Q\304\223E;\313\317\207\373\031^\301\324\032"
 281      C493453B 
 281      CBCF87FB 
 281      195EC1D4 
 281      1A
 282 0858 6F4C8EF7 		.ascii	"oL\216\367X\230)d\332\204\322\236V<V\275V\250\203\211"
 282      58982964 
 282      DA84D29E 
 282      563C56BD 
 282      56A88389 
 283 086c CB29233A 		.ascii	"\313)#:-\305\006\274\302\375\024oC\350$\337\011V\234"
 283      2DC506BC 
 283      C2FD146F 
 283      43E824DF 
 283      09569C
 284 087f E317C2FC 		.ascii	"\343\027\302\374\363m\235^x\230\351\237\231\220\375"
 284      F36D9D5E 
 284      7898E99F 
 284      9990FD
 285 088e 2F5154FD 		.ascii	"/QT\375oa\243@\210AuH\344\224HrJf\312)\245r\256A\311"
 285      6F61A340 
 285      88417548 
 285      E4944872 
 285      4A66CA29 
 286 08a7 8AF17A57 		.ascii	"\212\361zW\247\216({\326\274\313\235\366\221|S\306\034"
 286      A78E287B 
 286      D6BCCB9D 
 286      F6917C53 
 286      C61C
 287 08b9 5193BBBE 		.ascii	"Q\223\273\276\312Cn*\031\223l\275Hm\275`\2675\243v\254"
 287      CA436E2A 
 287      19936CBD 
 287      486DBD60 
 287      B735A376 
 288 08ce 50050ADA 		.ascii	"P\005\012\332\350I\270\244/'a\243\220\205(\033:/ix\236"
 288      E849B8A4 
 288      2F2761A3 
 288      9085281B 
 288      3A2F6978 
 289 08e3 677F46A1 		.ascii	"g\177F\241r\252YM\326\346\021\036\2471\315b\212ZRE\317"
 289      72AA594D 
 289      D6E6111E 
 289      A731CD62 
 289      8A5A5245 
 290 08f8 DB08DDB5 		.ascii	"\333\010\335\265\267+\323\215\271^P\222\277#\272\263"
 290      B72BD38D 
 290      B95E5092 
 290      BF23BAB3 
 291 0908 E2346CBC 		.ascii	"\3424l\274\216\214o)\270\260P\034v\001r\337\316\376"
 291      8E8C6F29 
 291      B8B0501C 
 291      760172DF 
 291      CEFE
 292 091a 2A77BC83 		.ascii	"*w\274\203\311\032?\226?\256\304{\030\221b\035-v\307"
 292      C91A3F96 
 292      3FAEC47B 
 292      1891621D 
ARM GAS  /var/folders/qd/4mxf5pkd0zdf0b9dd1hp39180000gn/T//ccPwlS89.s 			page 23


 292      2D76C7
 293 092d F98C6849 		.ascii	"\371\214hI\200o[|\214\021\203\023\247\377\202\317\260"
 293      806F5B7C 
 293      8C118313 
 293      A7FF82CF 
 293      B0
 294 093e F7EC9EC2 		.ascii	"\367\354\236\302.5.gD\331\340\221\\\021\013\223\332"
 294      2E352E67 
 294      44D9E091 
 294      5C110B93 
 294      DA
 295 094f 38E5C2A4 		.ascii	"8\345\302\244\247Z\372\252&\375\262\217v\036\212r\330"
 295      A75AFAAA 
 295      26FDB28F 
 295      761E8A72 
 295      D8
 296 0960 B6E81A4F 		.ascii	"\266\350\032O\213\356\324\236C\217=\274R\304\034\272"
 296      8BEED49E 
 296      438F3DBC 
 296      52C41CBA 
 297 0970 5C41B3C5 		.ascii	"\\A\263\305\025\360\334e\352\271\353\274\227}\022p\273"
 297      15F0DC65 
 297      EAB9EBBC 
 297      977D1270 
 297      BB
 298 0981 B666256D 		.ascii	"\266f%mP\223\262\023*No\226\257\232\356\210\371\212"
 298      5093B213 
 298      2A4E6F96 
 298      AF9AEE88 
 298      F98A
 299 0993 B8BC16BC 		.ascii	"\270\274\026\274\327\352\264\200$\245\320]\257\315\002"
 299      D7EAB480 
 299      24A5D05D 
 299      AFCD02
 300 09a2 E106C1A8 		.ascii	"\341\006\301\250N\344\266\303\315\256v*\372d\302k\034"
 300      4EE4B6C3 
 300      CDAE762A 
 300      FA64C26B 
 300      1C
 301 09b3 0A67B993 		.ascii	"\012g\271\223e\237\307\275,\033\266:*\264&\372\305D"
 301      659FC7BD 
 301      2C1BB63A 
 301      2AB426FA 
 301      C544
 302 09c5 463E6FAB 		.ascii	"F>o\253f\312\232]\216\266~\315r<a\257v\314>\373\374"
 302      66CA9A5D 
 302      8EB67ECD 
 302      723C61AF 
 302      76CC3EFB 
 303 09da A904532E 		.ascii	"\251\004S.\021S\256\2123\310\371\323\014\347O\003\234"
 303      1153AE8A 
 303      33C8F9D3 
 303      0CE74F03 
 303      9C
 304 09eb 394DD05A 		.ascii	"9M\320Z\240\335\200\326(UG\271\266\242D\027\\C\027\223"
 304      A0DD80D6 
 304      285547B9 
ARM GAS  /var/folders/qd/4mxf5pkd0zdf0b9dd1hp39180000gn/T//ccPwlS89.s 			page 24


 304      B6A24417 
 304      5C431793 
 305 09ff 7F70A662 		.ascii	"\177p\246b\257\207\375\337\234YR\333A\322\213H\025\223"
 305      AF87FDDF 
 305      9C5952DB 
 305      41D28B48 
 305      1593
 306 0a11 71E73CFA 		.ascii	"q\347<\372W\226\025f\264Iq\335\312\333\377\336\331\264"
 306      57961566 
 306      B44971DD 
 306      CADBFFDE 
 306      D9B4
 307 0a23 EBAE7251 		.ascii	"\353\256rQ\016\335\007\217{q~\214\020\347F\231+\030"
 307      0EDD078F 
 307      7B717E8C 
 307      10E74699 
 307      2B18
 308 0a35 F3142E47 		.ascii	"\363\024.Gz\340\336\301/\202i\3357\262\007T\362j\216"
 308      7AE0DEC1 
 308      2F8269DD 
 308      37B20754 
 308      F26A8E
 309 0a48 ACA51461 		.ascii	"\254\245\024a\235\254\230 O`\336Y}a\323\264\322\217"
 309      9DAC9820 
 309      4F60DE59 
 309      7D61D3B4 
 309      D28F
 310 0a5a 6C3289D9 		.ascii	"l2\211\331&2\333(\363p_R\016\302\255,\254\207\322\342"
 310      2632DB28 
 310      F3705F52 
 310      0EC2AD2C 
 310      AC87D2E2 
 311 0a6e 13552CAC 		.ascii	"\023U,\254\177\015dzb\242\202\355\240\323\244\372\313"
 311      7F0D647A 
 311      62A282ED 
 311      A0D3A4FA 
 311      CB
 312 0a7f AA19DAA6 		.ascii	"\252\031\332\246\306\275\214ux4\351\276X)\316\003\262"
 312      C6BD8C75 
 312      7834E9BE 
 312      5829CE03 
 312      B2
 313 0a90 A9A7E132 		.ascii	"\251\247\3412v\272\003\272\355;\3406\333\001\215O\316"
 313      76BA03BA 
 313      ED3BE036 
 313      DB018D4F 
 313      CE
 314 0aa1 3ED5E087 		.ascii	">\325\340\207T\222\342`\354\376\001(\223}\021\260#\366"
 314      5492E260 
 314      ECFE0128 
 314      937D11B0 
 314      23F6
 315 0ab3 7D4BFE9A 		.ascii	"}K\376\232\346P?\257F=bB\200+C\000\361\003\377&\335"
 315      E6503FAF 
 315      463D6242 
 315      802B4300 
 315      F103FF26 
ARM GAS  /var/folders/qd/4mxf5pkd0zdf0b9dd1hp39180000gn/T//ccPwlS89.s 			page 25


 316 0ac8 F0AEA24F 		.ascii	"\360\256\242O\007_\272\275\260F\375\024\257\017\\y\207"
 316      075FBABD 
 316      B046FD14 
 316      AF0F5C79 
 316      87
 317 0ad9 01661DDB 		.ascii	"\001f\035\333Z\256\220\266\034\242\262o\301\370\317"
 317      5AAE90B6 
 317      1CA2B26F 
 317      C1F8CF
 318 0ae8 D4D577E9 		.ascii	"\324\325w\351\226\353\026\267\034:\272\263r\324M-\312"
 318      96EB16B7 
 318      1C3ABAB3 
 318      72D44D2D 
 318      CA
 319 0af9 5EF73CD9 		.ascii	"^\367<\331\255\215\023\227\260\\\366\275_\222}L\210"
 319      AD8D1397 
 319      B05CF6BD 
 319      5F927D4C 
 319      88
 320 0b0a DFE10901 		.ascii	"\337\341\011\001PWJ\223\376\306\234\012!\305&\314E\367"
 320      50574A93 
 320      FEC69C0A 
 320      21C526CC 
 320      45F7
 321 0b1c 6141BB20 		.ascii	"aA\273 \006 \265\313&\337\204\236\317x\016=\240QP4\222"
 321      0620B5CB 
 321      26DF849E 
 321      CF780E3D 
 321      A0515034 
 322 0b31 D9E8295F 		.ascii	"\331\350)_X\353\264bp@\\\330\001\272\260\251w\006{<"
 322      58EBB462 
 322      70405CD8 
 322      01BAB0A9 
 322      77067B3C 
 323 0b45 F063B65A 		.ascii	"\360c\266Z\015Yi6\361\230:B\226\362V\356D\232\222\255"
 323      0D596936 
 323      F1983A42 
 323      96F256EE 
 323      449A92AD 
 324 0b59 DE4B40F6 		.ascii	"\336K@\366<\273\220\254r\272z\217\354\2537\304\014n"
 324      3CBB90AC 
 324      72BA7A8F 
 324      ECAB37C4 
 324      0C6E
 325 0b6b EFA96C99 		.ascii	"\357\251l\231\345\314A\236\255.\207\206\251\301\217"
 325      E5CC419E 
 325      AD2E8786 
 325      A9C18F
 326 0b7a EC06DF2D 		.ascii	"\354\006\337-\311\353P\315t\217S\356\033%\207{]E\367"
 326      C9EB50CD 
 326      748F53EE 
 326      1B25877B 
 326      5D45F7
 327 0b8d 3CDEE911 		.ascii	"<\336\351\021\235Y\032\275\000=\026}\003\307\225l\346"
 327      9D591ABD 
 327      003D167D 
 327      03C7956C 
ARM GAS  /var/folders/qd/4mxf5pkd0zdf0b9dd1hp39180000gn/T//ccPwlS89.s 			page 26


 327      E6
 328 0b9e 43D13723 		.ascii	"C\3217#\374\"\356\367\001\001:\366\213\210\324\005\007"
 328      FC22EEF7 
 328      01013AF6 
 328      8B88D405 
 328      07
 329 0baf 85C2036E 		.ascii	"\205\302\003n\341!\354%\300\240z\367\303O\027\254\014"
 329      E121EC25 
 329      C0A07AF7 
 329      C34F17AC 
 329      0C
 330 0bc0 0CE470A4 		.ascii	"\014\344p\2441l\016\364\353\341\031d\012\2160\033\261"
 330      316C0EF4 
 330      EBE11964 
 330      0A8E301B 
 330      B1
 331 0bd1 21DCE2A6 		.ascii	"!\334\342\246\327\207\204[^Y\252\267lB\272\025&Sh\210"
 331      D787845B 
 331      5E59AAB7 
 331      6C42BA15 
 331      26536888 
 332 0be5 21C81212 		.ascii	"!\310\022\022\021\036\251{\307\020\032b\2124\352\215"
 332      111EA97B 
 332      C7101A62 
 332      8A34EA8D 
 333 0bf5 FEA628C3 		.ascii	"\376\246(\303\327K\003\202L&\335\312\210p\2131\3342"
 333      D74B0382 
 333      4C26DDCA 
 333      88708B31 
 333      DC32
 334 0c07 6B50F749 		.ascii	"kP\367IDDh\244\356K\203\301?\310\034\346\037\036\021"
 334      444468A4 
 334      EE4B83C1 
 334      3FC81CE6 
 334      1F1E11
 335 0c1a 6EF43706 		.ascii	"n\3647\006\375#\304\177\231\377\322%\201\313\374\277"
 335      FD23C47F 
 335      99FFD225 
 335      81CBFCBF 
 336 0c2a 79D53F2C 		.ascii	"y\325?,\350\253\010\263n\332\250.$\334\020\032\265\332"
 336      E8AB08B3 
 336      6EDAA82E 
 336      24DC101A 
 336      B5DA
 337 0c3c A80B0B32 		.ascii	"\250\013\0132\004\207\204\033u\372\325\306/\202\242"
 337      0487841B 
 337      75FAD5C6 
 337      2F82A2
 338 0c4b 422D7ACB 		.ascii	"B-z\313\367&cd@0\347*\352\226\360\377\323-\362\373H"
 338      F7266364 
 338      4030E72A 
 338      EA96F0FF 
 338      D32DF2FB 
 339 0c60 9D3ED2B2 		.ascii	"\235>\322\262\0324\001\205\\\300ez\313\353r\237\023"
 339      1A340185 
 339      5CC0657A 
 339      CBEB729F 
ARM GAS  /var/folders/qd/4mxf5pkd0zdf0b9dd1hp39180000gn/T//ccPwlS89.s 			page 27


 339      13
 340 0c71 579B22CC 		.ascii	"W\233\"\314\000\274\342\243\017V~\260Fg\210\0103\205"
 340      00BCE2A3 
 340      0F567EB0 
 340      46678808 
 340      3385
 341 0c83 841ACD91 		.ascii	"\204\032\315\221\272wW\256$\303vk~7s\232\035\003\336"
 341      BA7757AE 
 341      24C3766B 
 341      7E37739A 
 341      1D03DE
 342 0c96 61D87D6A 		.ascii	"a\330}ja\364\226\005\277\274\252\301\234\247%\330l\014"
 342      61F49605 
 342      BFBCAAC1 
 342      9CA725D8 
 342      6C0C
 343 0ca8 5A1DA9FF 		.ascii	"Z\035\251\377&\312\030\005\023\\\302\"\277\324[\\-!"
 343      26CA1805 
 343      135CC222 
 343      BFD45B5C 
 343      2D21
 344 0cba 61C68828 		.ascii	"a\306\210(\213Z\257\217\022]\247\262\277\270\201%dX"
 344      8B5AAF8F 
 344      125DA7B2 
 344      BFB88125 
 344      6458
 345 0ccc 6FE1A302 		.ascii	"o\341\243\002\225\306\357\302\202\"\277v7~\013.#oz\213"
 345      95C6EFC2 
 345      8222BF76 
 345      377E0B2E 
 345      236F7A8B 
 346 0ce0 02E04DD8 		.ascii	"\002\340M\330b6!\023\006a.\221\226 \213\321\215\011"
 346      62362113 
 346      06612E91 
 346      96208BD1 
 346      8D09
 347 0cf2 7A03448B 		.ascii	"z\003D\213O\225\205\016\000\277\301\262\306\204\315"
 347      4F95850E 
 347      00BFC1B2 
 347      C684CD
 348 0d01 81812AB3 		.ascii	"\201\201*\263\361K\360\235\336\262\370\027\335\002\035"
 348      F14BF09D 
 348      DEB2F817 
 348      DD021D
 349 0d10 06B00D74 		.ascii	"\006\260\015t\207IKx\363\237x\363\033\274y\031o~\235"
 349      87494B78 
 349      F39F78F3 
 349      1BBC7919 
 349      6F7E9D
 350 0d23 37BFC69B 		.ascii	"7\277\306\233_u'\334$\030A.\037j~\371E\204\351\277]"
 350      5F7527DC 
 350      2418412E 
 350      1F6A7EF9 
 350      4584E9BF 
 351 0d38 16060255 		.ascii	"\026\006\002Ul\226\336\242&\361\315<\2434\232\210]*"
 351      6C96DEA2 
 351      26F1CD3C 
ARM GAS  /var/folders/qd/4mxf5pkd0zdf0b9dd1hp39180000gn/T//ccPwlS89.s 			page 28


 351      A3349A88 
 351      5D2A
 352 0d4a 46E92D5E 		.ascii	"F\351-^\342\213\331\370\205\321l\0147\200\005\363\210"
 352      E28BD9F8 
 352      85D16C0C 
 352      378005F3 
 352      88
 353 0d5b 2F3FA1DD 		.ascii	"/?\241\335o\033\251\037?4\256\261\254z\216\357\015\334"
 353      6F1BA91F 
 353      3F34AEB1 
 353      AC7A8EEF 
 353      0DDC
 354 0d6d 4BB3E6AD 		.ascii	"K\263\346\255\010\015]\345n\010\376\330\020\374\021"
 354      080D5DE5 
 354      6E08FED8 
 354      10FC11
 355 0d7c 747EBF0A 		.ascii	"t~\277\012\003\267*\034\204\021\207\253B\203\"\351\213"
 355      03B72A1C 
 355      841187AB 
 355      428322E9 
 355      8B
 356 0d8d 82F4B81A 		.ascii	"\202\364\270\032\242\314\200\317T%Kb\014s\025\327R#"
 356      A2CC80CF 
 356      54254B62 
 356      0C7315D7 
 356      5223
 357 0d9f 75E92D73 		.ascii	"u\351-s\364\372/\242\302\015z}\300k\257-\015T\331)\205"
 357      F4FA2FA2 
 357      C20D7A7D 
 357      C06BAF2D 
 357      0D54D929 
 358 0db4 2138C82C 		.ascii	"!8\310,\037{e\311\177\000\202\024o "
 358      1F7B65C9 
 358      7F008214 
 358      6F20
 359              		.text
 360              		.section	.gnu.lto_.symtab.e9c3973c2ef034d6,"",%progbits
 361 0000 6F73616C 		.ascii	"osalThreadDequeueNextI\000"
 361      54687265 
 361      61644465 
 361      71756575 
 361      654E6578 
 362 0017 00       		.ascii	"\000"
 363 0018 00       		.ascii	"\000"
 364 0019 00       		.ascii	"\000"
 365 001a 00000000 		.ascii	"\000\000\000\000\000\000\000\000"
 365      00000000 
 366 0022 3E010000 		.ascii	">\001\000\000"
 367 0026 6F73616C 		.ascii	"osalThreadDequeueAllI\000"
 367      54687265 
 367      61644465 
 367      71756575 
 367      65416C6C 
 368 003c 00       		.ascii	"\000"
 369 003d 00       		.ascii	"\000"
 370 003e 00       		.ascii	"\000"
 371 003f 00000000 		.ascii	"\000\000\000\000\000\000\000\000"
ARM GAS  /var/folders/qd/4mxf5pkd0zdf0b9dd1hp39180000gn/T//ccPwlS89.s 			page 29


 371      00000000 
 372 0047 40010000 		.ascii	"@\001\000\000"
 373 004b 6E696C00 		.ascii	"nil\000"
 374 004f 00       		.ascii	"\000"
 375 0050 02       		.ascii	"\002"
 376 0051 00       		.ascii	"\000"
 377 0052 00000000 		.ascii	"\000\000\000\000\000\000\000\000"
 377      00000000 
 378 005a 5E010000 		.ascii	"^\001\000\000"
 379 005e 63685363 		.ascii	"chSchReadyI\000"
 379      68526561 
 379      64794900 
 380 006a 00       		.ascii	"\000"
 381 006b 02       		.ascii	"\002"
 382 006c 00       		.ascii	"\000"
 383 006d 00000000 		.ascii	"\000\000\000\000\000\000\000\000"
 383      00000000 
 384 0075 45010000 		.ascii	"E\001\000\000"
 385              		.text
 386              		.section	.gnu.lto_.opts,"",%progbits
 387 0000 272D666D 		.ascii	"'-fmath-errno' '-fsigned-zeros' '-ftrapping-math' '"
 387      6174682D 
 387      6572726E 
 387      6F272027 
 387      2D667369 
 388 0033 2D666E6F 		.ascii	"-fno-trapv' '-fno-openmp' '-fno-openacc' '-mcpu=cor"
 388      2D747261 
 388      70762720 
 388      272D666E 
 388      6F2D6F70 
 389 0066 7465782D 		.ascii	"tex-m3' '-mno-thumb-interwork' '-mthumb' '-O2' '-fo"
 389      6D332720 
 389      272D6D6E 
 389      6F2D7468 
 389      756D622D 
 390 0099 6D69742D 		.ascii	"mit-frame-pointer' '-ffunction-sections' '-fdata-se"
 390      6672616D 
 390      652D706F 
 390      696E7465 
 390      72272027 
 391 00cc 6374696F 		.ascii	"ctions' '-fno-common' '-flto'\000"
 391      6E732720 
 391      272D666E 
 391      6F2D636F 
 391      6D6D6F6E 
 392              		.text
 393              		.comm	__gnu_lto_v1,1,1
 394              		.comm	__gnu_lto_slim,1,1
 395              		.ident	"GCC: (GNU Tools for Arm Embedded Processors 7-2017-q4-major) 7.2.1 20170904 (release) [ARM
ARM GAS  /var/folders/qd/4mxf5pkd0zdf0b9dd1hp39180000gn/T//ccPwlS89.s 			page 30


DEFINED SYMBOLS
                            *ABS*:0000000000000000 osal.c
                            *COM*:0000000000000001 __gnu_lto_v1
                            *COM*:0000000000000001 __gnu_lto_slim

NO UNDEFINED SYMBOLS
