ARM GAS  /var/folders/qd/4mxf5pkd0zdf0b9dd1hp39180000gn/T//cccFH2Ye.s 			page 1


   1              		.cpu cortex-m3
   2              		.eabi_attribute 20, 1
   3              		.eabi_attribute 21, 1
   4              		.eabi_attribute 23, 3
   5              		.eabi_attribute 24, 1
   6              		.eabi_attribute 25, 1
   7              		.eabi_attribute 26, 1
   8              		.eabi_attribute 30, 2
   9              		.eabi_attribute 34, 1
  10              		.eabi_attribute 18, 4
  11              		.file	"pal_lld.c"
  12              		.section	.gnu.lto_.profile.7297ac929929d22b,"",%progbits
  13 0000 789C6363 		.ascii	"x\234cc```\001bF\0067\027\000\001H\000\226"
  13      60606001 
  13      62460637 
  13      17000148 
  13      0096
  14              		.text
  15              		.section	.gnu.lto_.icf.7297ac929929d22b,"",%progbits
  16 0000 789C6363 		.ascii	"x\234cc``\020a@\000f\206\235\353\246o\342f\3340\365"
  16      60601061 
  16      40006686 
  16      9DEBA66F 
  16      E266DC30 
  17 0015 E21F66A6 		.ascii	"\342\037f\246\227\313\237_fa\000\000_v\011?"
  17      97CB9F5F 
  17      66610000 
  17      5F76093F 
  18              		.text
  19              		.section	.gnu.lto_.jmpfuncs.7297ac929929d22b,"",%progbits
  20 0000 789C6363 		.ascii	"x\234cc``\220a@\000&\006FF\306\3729\314\014\214\314"
  20      60609061 
  20      40002606 
  20      4646C6FA 
  20      39CC0C8C 
  21 0015 40063B90 		.ascii	"@\006;\220\005\3421\00113\003\000<b\004\264"
  21      05E23101 
  21      31330300 
  21      3C6204B4 
  22              		.text
  23              		.section	.gnu.lto_.inline.7297ac929929d22b,"",%progbits
  24 0000 789C3D91 		.ascii	"x\234=\2211N\0031\020E\377\214M\262\202\202-(\221b)"
  24      314E0331 
  24      1045FF8C 
  24      4DB28282 
  24      2D289162 
  25 0015 7B020E10 		.ascii	"{\002\016\020\371(\324p\211i\021\025\022M\244\024\356"
  25      F928D470 
  25      89691115 
  25      124DA414 
  25      EE
  26 0026 E980F49B 		.ascii	"\351\200\364\233>\005EJ\212-\323\346\006xf\274\270x"
  26      3E05454A 
  26      8A2DD3E6 
  26      067866BC 
  26      B878
  27 0038 7FBE467A 		.ascii	"\177\276Fz\336\225\027\000\366\204\377\303\300\260\246"
ARM GAS  /var/folders/qd/4mxf5pkd0zdf0b9dd1hp39180000gn/T//cccFH2Ye.s 			page 2


  27      DE951700 
  27      F684FFC3 
  27      C0B0A6
  28 0047 5B244280 		.ascii	"[$B\2001\033\223\361\321X\310B<\306\326\330b\362VZ\363"
  28      311B93F1 
  28      D158C842 
  28      3CC6D6D8 
  28      62F2565A 
  29 005c 183D2478 		.ascii	"\030=$x\363(!\015e\313X\224\025\203\316\313\350Tt6v"
  29      F328210D 
  29      65CB5894 
  29      1583CECB 
  29      E8547436 
  30 0071 8ADEC65E 		.ascii	"\212\336\306^\221lL\212lcV\010\261\207\221\2758c\013"
  30      916C4C8A 
  30      6C635608 
  30      B18791BD 
  30      38630B
  31 0084 A33BC5A4 		.ascii	"\243;\305\244\342V1\255\270WL,n\026W\317\356&\237\355"
  31      E25631AD 
  31      B8574C2C 
  31      6E1657CF 
  31      EE269FED 
  32 0098 4D3FFBEB 		.ascii	"M?\373\353\005\365\020\2067\242+NO\357\201^v\333\217"
  32      05F51086 
  32      37A22B4E 
  32      4FEF815E 
  32      76DB8F
  33 00ab E56BD885 		.ascii	"\345k\330\205@\201\276\350\036\234\236[\352\3720}^n"
  33      4081BEE8 
  33      1E9C9E5B 
  33      EAFA307D 
  33      5E6E
  34 00bd 7C1DE9BB 		.ascii	"|\035\351\273\255=\353St\017?\277=\256\307\015#\226"
  34      AD3DEB53 
  34      740F3FBF 
  34      3DAEC70D 
  34      2396
  35 00cf 55463CDE 		.ascii	"UF<\336\345\372\331\023\365\372\017\032\240\023\353"
  35      E5FAD913 
  35      F5FA0F1A 
  35      A013EB
  36 00de E595F668 		.ascii	"\345\225\366h\177\003\361Q|"
  36      7F03F151 
  36      7C
  37              		.text
  38              		.section	.gnu.lto_.pureconst.7297ac929929d22b,"",%progbits
  39 0000 789C6363 		.ascii	"x\234cc```\005b&\006)F)\000\000\374\000C"
  39      60606005 
  39      62260629 
  39      46290000 
  39      FC0043
  40              		.text
  41              		.section	.gnu.lto__pal_lld_init.7297ac929929d22b,"",%progbits
  42 0000 789CA597 		.ascii	"x\234\245\227mlSU\030\307\317s\317\355\355\333\272n"
  42      6D6C5355 
  42      18C7CF73 
ARM GAS  /var/folders/qd/4mxf5pkd0zdf0b9dd1hp39180000gn/T//cccFH2Ye.s 			page 3


  42      CFEDEDDB 
  42      BA6E
  43 0012 091F4CE4 		.ascii	"\011\037L\344\003\037H\010_v\203\372\311\317&\204\004"
  43      031F4808 
  43      5F7683FA 
  43      C9CF2684 
  43      04
  44 0023 A3897E35 		.ascii	"\243\211~5\006g|I\026G\304\370\225\333\356\255\333\320"
  44      06677C49 
  44      1647C4F8 
  44      95DBEEAD 
  44      DBD0
  45 0035 55646866 		.ascii	"Udhf\243M\006A#\256\340|\331\312^j\207\033\010\005\306"
  45      A34D0641 
  45      23AEE07C 
  45      D9CA5E6A 
  45      871B0805 
  46 004a A60C2620 		.ascii	"\246\014& \240\233\335\00687\020\247l\236\347\234\236"
  46      A09BDD06 
  46      383710A7 
  46      6C9EE79C 
  46      9E
  47 005b 7B3B9BDD 		.ascii	"{;\233\335\344d\315\372\354\236\366\354y~\277\323\177"
  47      E464CDFA 
  47      EC9EF6EC 
  47      797EBFD3 
  47      7F
  48 006c BAD62084 		.ascii	"\272\326 \204\304C\204<\311~?\312\356@\011h\361s\204"
  48      C443843C 
  48      C97E3FCA 
  48      EE400968 
  48      F17384
  49 007f 447C1A00 		.ascii	"D|\032\000^X> {5\330\013\373\350\001\012\331\246\251"
  49      5E583E20 
  49      7B35D80B 
  49      FBE8010A 
  49      D9A6A9
  50 0092 5E6DEB11 		.ascii	"^m\353\021\213\3352\037\364\030\215V\303#\011J\310A"
  50      8BDD321F 
  50      F4188D56 
  50      C323094A 
  50      C841
  51 00a4 76C71B74 		.ascii	"v\307\033t\303V\266k\264\376X\202\266\322\004\005\320"
  51      C356B66B 
  51      B4FE5882 
  51      B6D20405 
  51      D0
  52 00b5 D9723ED7 		.ascii	"\331r>\327q\253\034\227\032lb\313\374rjZ\247O\000a\327"
  52      71AB1C97 
  52      1A6C62CB 
  52      FC726A5A 
  52      A74F0061 
  53 00ca DFCC7D32 		.ascii	"\337\314}2\034\334r\330\262\242Vf\356\020\2656'({\020"
  53      1CDC72D8 
  53      B2A25666 
  53      EE10B536 
  53      27287B10 
ARM GAS  /var/folders/qd/4mxf5pkd0zdf0b9dd1hp39180000gn/T//cccFH2Ye.s 			page 4


  54 00de 286B085F 		.ascii	"(k\010_\303F\370\0126\022\366\020\201oa\013\356\277"
  54      C346F80A 
  54      3612F610 
  54      816F610B 
  54      EEBF
  55 00f0 797CB93D 		.ascii	"y|\271=d\350b \364\200A\200]\244.z2\326\362J\023\353"
  55      64E86220 
  55      F4804180 
  55      5DA42E7A 
  55      32D6F24A 
  56 0106 7118C6B6 		.ascii	"q\030\306\266o\006\3667\272\206\205b\321\261x\260\030"
  56      6F06F637 
  56      BA868562 
  56      D1B178B0 
  56      18
  57 0117 58BC587C 		.ascii	"X\274X|X\374X\002X\202X\312\260\204\260\224c\011c\251"
  57      58FC5802 
  57      588258CA 
  57      B084B094 
  57      630963A9 
  58 012b C0528965 		.ascii	"\300R\211e\003p\010\022c\243\331\301X\031\322L5\274"
  58      03700812 
  58      63A3D9C1 
  58      5819D24C 
  58      35BC
  59 013d AACB9019 		.ascii	"\252\313\220\031\310\246\363\237U#P\007\005\306y\260"
  59      C8A6F39F 
  59      55235007 
  59      05C679B0 
  60 014d 217BDE8B 		.ascii	"!{\336\213\312\036\2569\231\312\315\372\304\322J\306"
  60      CA1EAE39 
  60      99CACDFA 
  60      C4D24AC6 
  61 015d 2C3C9443 		.ascii	",<\224C\251\343\037A\022>\216\260\243\334\224\240\006"
  61      A9E31F41 
  61      123E8EB0 
  61      A3DC94A0 
  61      06
  62 016e A4996E2F 		.ascii	"\244\231n/\323\305\375\373\273\307_0\277\260\352!A\275"
  62      D3C5FDFB 
  62      BBC75F30 
  62      BFB0EA21 
  62      41BD
  63 0180 70826D6B 		.ascii	"p\202mk\347\007\014}`\262Yu\017\032A\214\322\304\264"
  63      E7070C7D 
  63      60B25975 
  63      0F1A418C 
  63      D2C4B4
  64 0193 B1AE950C 		.ascii	"\261\256\225\014?o\035\036\022\350gM\030\320x\013\337"
  64      3F6F1D1E 
  64      12E8674D 
  64      18D0780B 
  64      DF
  65 01a4 A4346AC0 		.ascii	"\2444j\300\0315\010&\353\317\032E\323\371\256\241\260"
  65      19350826 
  65      EBCF1A45 
  65      D3F9AEA1 
ARM GAS  /var/folders/qd/4mxf5pkd0zdf0b9dd1hp39180000gn/T//cccFH2Ye.s 			page 5


  65      B0
  66 01b5 98478BD5 		.ascii	"\230G\213\325(W\353\313\346\206\215B\363d\032O\336\327"
  66      2857EBCB 
  66      E6868D42 
  66      F3641A4F 
  66      DED7
  67 01c7 413740A6 		.ascii	"A7@\246\320~\276u\377\004\260\376q>\332\017\337\361"
  67      D07EBE75 
  67      FF04B0FE 
  67      713EDA0F 
  67      DFF1
  68 01d9 09F8A2B1 		.ascii	"\011\370\242\261'\273\207\372\203\342\271\344\022\233"
  68      27BB87FA 
  68      83E2B9E4 
  68      129B
  69 01e7 1F802C98 		.ascii	"\037\200,\230\355l(\033?\304M\231D\236\026,\354\271"
  69      ED6C281B 
  69      3FC44D99 
  69      449E162C 
  69      ECB9
  70 01f9 413E776A 		.ascii	"A>wj\370R\263G,\255x=?\322\226\253\013\003\232Dy\211"
  70      F852B347 
  70      2CAD783D 
  70      3FD296AB 
  70      0B039A44 
  71 020f 9194C1F7 		.ascii	"\221\224\301\367\314\364d\001%\226\233\351\364\241j"
  71      CCF46401 
  71      25969BE9 
  71      F4A16A
  72 021e 0451BC30 		.ascii	"\004Q\2740\314Qx\220FP\226\012\331\224\224\325\325\355"
  72      CC517890 
  72      4650960A 
  72      D99494D5 
  72      D5ED
  73 0230 4EB9DA9D 		.ascii	"N\271\332\235F;\035\347\375Pb\247\310~\206\017\362`"
  73      463B1DE7 
  73      FD5062A7 
  73      C87E860F 
  73      F260
  74 0242 AFB3C8AE 		.ascii	"\257\263\310\256\013\366\036\311\356Qg\317\271\262\237"
  74      0BF61EC9 
  74      EE5167CF 
  74      B9B29F
  75 0251 437603E7 		.ascii	"Cv\003\347\235_/\373\005>\310\213\275F\221\335#\330"
  75      9D5F2FFB 
  75      053EC88B 
  75      BD4691DD 
  75      23D8
  76 0263 7B25BBA1 		.ascii	"{%\273\241\316~\221\267\364\255\301>f\247j\274\204}"
  76      CE7E91B7 
  76      F4ADC13E 
  76      66A76ABC 
  76      847D
  77 0275 72F4C6E7 		.ascii	"r\364\306\347\376B\214>\0241\232\275\333q\335\277Z\347"
  77      FE428C3E 
  77      14319ABD 
  77      DB71DDBF 
ARM GAS  /var/folders/qd/4mxf5pkd0zdf0b9dd1hp39180000gn/T//cccFH2Ye.s 			page 6


  77      5AE7
  78 0287 C7229D89 		.ascii	"\307\"\235\211\330\321\366@\221\316ON\214.\241\216!"
  78      D8D1F640 
  78      91CE4F4E 
  78      8C2EA18E 
  78      21
  79 0298 74D252C7 		.ascii	"t\322R\307\253\2563\341\252s\331\216\321\225\022\035"
  79      ABAE33E1 
  79      AA73D98E 
  79      D195121D 
  80 02a8 45F64927 		.ascii	"E\366I'F?#\273W\260\237\220\354>u\366\253\256\354\327"
  80      463F23BB 
  80      57B09F90 
  80      EC3E75F6 
  80      ABAEECD7 
  81 02bc EC185D5F 		.ascii	"\354\030]_/\373/N\214n \273O\260\367Iv\277:\373M\336"
  81      2FFB2F4E 
  81      8C6E20BB 
  81      4FB0F749 
  81      76BF3AFB 
  82 02d2 D2BF06FB 		.ascii	"\322\277\006\373-;F\277\226\260\337;py\014\0121J\212"
  82      2D3B46BF 
  82      96B0DF3B 
  82      70790C0A 
  82      314A8A
  83 02e5 18BDDF35 		.ascii	"\030\275\3375r2\270Z\347\267\"\235\351\350L\257^\244"
  83      7232B85A 
  83      E7B7229D 
  83      E9E84CAF 
  83      5EA4
  84 02f7 33E5C468 		.ascii	"3\345\304h\032u\374B\247_\352\004\324u~w\325\311\333"
  84      1A75FC42 
  84      A75FEA04 
  84      D4757E77 
  84      D5C9DB
  85 030a 319A29D1 		.ascii	"1\232)\321Qd\237ub4\207\354\001\301> \331\203\352\354"
  85      51649F75 
  85      623487EC 
  85      01C13E20 
  85      D983EAEC 
  86 031e B75DD9EF 		.ascii	"\267]\331\357\3301\272\273^\366?\234\030\315#{P\260"
  86      D831BABB 
  86      5EF63F9C 
  86      18CD237B 
  86      50B0
  87 0330 0F4AF632 		.ascii	"\017J\3662u\366?y\313\300\032\354\013v\214\026K\331"
  87      75F63F79 
  87      CBC01AEC 
  87      0B768C16 
  87      4BD9
  88 0342 9B6F47E4 		.ascii	"\233oG\344\273\321\247\"F\235\203\367\277\244\253u\356"
  88      BBD1A722 
  88      469D83F7 
  88      BFA4AB75 
  88      EE
  89 0353 15E95CEB 		.ascii	"\025\351\\\353;j\025\277\271\336wb\364\027\352\224\011"
  89      3B6A15BF 
ARM GAS  /var/folders/qd/4mxf5pkd0zdf0b9dd1hp39180000gn/T//cccFH2Ye.s 			page 7


  89      B9DE7762 
  89      F417EA94 
  89      09
  90 0364 9D535227 		.ascii	"\235SR'\244\256\363\300U\347o;FK%:\212\354\37781\372"
  90      A4AEF3C0 
  90      55E76F3B 
  90      464B253A 
  90      8AECFF38 
  91 037a 17D94382 		.ascii	"\027\331C\202\375\264d/Wg\177\350\312\276l\307he\275"
  91      FDB4642F 
  91      57677FE8 
  91      CABE6CC7 
  91      6865BD
  92 038d EC9666C7 		.ascii	"\354\226f\307(\2421\366r\301~F\262\207\325\331\243\274"
  92      28A231F6 
  92      72C17E46 
  92      B287D5D9 
  92      A3BC
  93 039f 65700DF6 		.ascii	"ep\015\366:M\306\250^\373?\373\342R\347\242Q\210\321"
  93      3A4DC6A8 
  93      5EFB3FFB 
  93      E252E7A2 
  93      5188D1
  94 03b2 B1C23FB5 		.ascii	"\261\302?\265\205\371\376\320j\235\006\315\321\2710"
  94      85F9FED0 
  94      6A9D06CD 
  94      D1B930
  95 03c1 D2960A17 		.ascii	"\322\226\012\027\3514jv\214\232P',t\316J\235\012u\235"
  95      E9346A76 
  95      8C9A5027 
  95      2C74CE4A 
  95      9D0A759D 
  96 03d5 98AB4EB3 		.ascii	"\230\253N\263&c\324R\242\243\310\336\252\3311\332\207"
  96      2663D452 
  96      A2A3C8DE 
  96      AAD931DA 
  96      87
  97 03e6 EC15823D 		.ascii	"\354\025\202='\331+\325\331\337qe\177W\2231j[/{\334"
  97      27D92BD5 
  97      D9DF7165 
  97      7F579331 
  97      6A5B2F7B 
  98 03fb 89D17BC8 		.ascii	"\211\321{\310^I\356@4y\244\215\177\224\347_\261b\354"
  98      5E49EE40 
  98      3479A48D 
  98      7F94E75F 
  98      B162EC
  99 040e 231AFBD2 		.ascii	"#\032\373\322\301^\371mUU\246\370\251\335c\276\266\253"
  99      C15EF96D 
  99      5555A6F8 
  99      A9DD63BE 
  99      B6AB
 100 0420 C6DC5DFB 		.ascii	"\306\334]\373\346[{\314\347\236\177\372\361\307\314"
 100      E65B7BCC 
 100      E79E7FFA 
 100      F1C7CC
 101 042f 9D3B9F32 		.ascii	"\235;\2372\267?\273\343\231\267\267\231\273w\325\274"
ARM GAS  /var/folders/qd/4mxf5pkd0zdf0b9dd1hp39180000gn/T//cccFH2Ye.s 			page 8


 101      B73FBBE3 
 101      99B7B799 
 101      BB77D5BC 
 102 043f 5853F372 		.ascii	"XS\363rU51\252k\337x\345\365W\377\003\307\242\201/"
 102      553531AA 
 102      6BDF78E5 
 102      F557FF03 
 102      C7A2812F 
 103              		.text
 104              		.section	.gnu.lto__pal_lld_setgroupmode.7297ac929929d22b,"",%progbits
 105 0000 789CA556 		.ascii	"x\234\245VkLTG\024\236sg\367\356\335\275\373\340\021"
 105      6B4C5447 
 105      149E7367 
 105      F7EEDDBD 
 105      FBE011
 106 0013 23514482 		.ascii	"#QD\202<\245qCm\232\364O\377\264Mk\242i\233\232&\375"
 106      3CA57143 
 106      6D9AF44F 
 106      FFB44D6B 
 106      A2699B9A 
 107 0029 D51AADA5 		.ascii	"\325\032\255\245)T\243\246I\223&\\\345%\266\266$ULo"
 107      2954A3A6 
 107      4993265C 
 107      E525B6B6 
 107      24554C6F 
 108 003d 370D165F 		.ascii	"7\015\026_\015U,X\021\004\345\015VA\260\012]\020kUH"
 108      0D552C58 
 108      1104E50D 
 108      5641B00A 
 108      5D106B55 
 109 0052 20D5285A 		.ascii	" \325(Z\254D\264g\316\354\205\205\222\032\323\015wv"
 109      AC44B467 
 109      CEEC8585 
 109      921AD30D 
 109      7776
 110 0064 E6CCF9CE 		.ascii	"\346\314\371\316\371\2763\347\316\2422\306\266\350\214"
 110      F9BE33E7 
 110      CEA232C6 
 110      B6E88C
 111 0073 BD8DDFE7 		.ascii	"\275\215\337\347\360\201\010\006Jq\027c[5E\341\035\013"
 111      F0810806 
 111      4A711763 
 111      5B3545E1 
 111      1D0B
 112 0085 98E1B275 		.ascii	"\230\341\262u,g\206\233\203*\3156\305Nf\225\314v\313"
 112      2C67869B 
 112      832ACD36 
 112      C54E6695 
 112      CC76CB
 113 0098 AC82574E 		.ascii	"\254\202WN\034\212\266=\005\367\235btk\340\222f\247"
 113      1C8AB63D 
 113      05F79D62 
 113      746BE092 
 113      66A7
 114 00aa 3571293A 		.ascii	"5q):\355\273i_\007\2174\273\255\211G\006j\324\274\212"
 114      EDBB695F 
 114      078F34BB 
ARM GAS  /var/folders/qd/4mxf5pkd0zdf0b9dd1hp39180000gn/T//cccFH2Ye.s 			page 9


 114      AD894706 
 114      6AD4BC8A 
 115 00be A3A695A1 		.ascii	"\243\246\225\241\247\257OCO\037\200\260\033\032\260"
 115      A7AF4F43 
 115      4F1F80B0 
 115      1B1AB0
 116 00cd 1C85DBEC 		.ascii	"\034\205\333\354\252Cs\272t\267\307\353\203\034\305"
 116      AA4373BA 
 116      74B7C7EB 
 116      831CC5
 117 00dc CBA0C106 		.ascii	"\313\240\301\006\332\364\200R\330\027|\027\207\246\302"
 117      DAF48052 
 117      D8177C17 
 117      87A6C2
 118 00eb E11A25ED 		.ascii	"\341\032%\355\240\201\237\206=\273\\\005F~L\2003V\302"
 118      A0819F86 
 118      3DBB5C05 
 118      467E4C80 
 118      3356C2
 119 00fe 197DA00A 		.ascii	"\031}\240\012\322\320\253'\357h\200\177\316\003\034"
 119      D2D0AB27 
 119      EF68807F 
 119      CE031C
 120 010d C086CB3B 		.ascii	"\300\206\313;\235\346u\257X*\020\217\313\346\256\307"
 120      9DE675AF 
 120      582A108F 
 120      CBE6AEC7 
 121 011d 275CFC39 		.ascii	"'\\\3749`8\237l\033\037\326R\366\033\3066\243\341\341"
 121      60389F6C 
 121      1B1FD652 
 121      F61BC636 
 121      A3E1E1
 122 0130 3E6E2406 		.ascii	">n$\0068\207\343\3001 \374\014\261p\014b\031\232\030"
 122      3887E3C0 
 122      3120FC0C 
 122      B1700C62 
 122      199A18
 123 0143 54430ABA 		.ascii	"TC\012\272?>p\264H\343/\020\264\357`\241\351\012A\257"
 123      3F3E70B4 
 123      48E32F10 
 123      B4EF60A1 
 123      E90A41AF 
 124 0157 1C8ADA9F 		.ascii	"\034\212\332\237k\274\026\340681\033lcPC\340\273U\373"
 124      6BBC16E0 
 124      3638311B 
 124      6C635043 
 124      E0BB55FB 
 125 016b BFD6F98B 		.ascii	"\277\326\371\213\004\276r\353\330\267\026x\370\320\202"
 125      04BE72EB 
 125      D8B71678 
 125      F8D082
 126 017a 7D04B643 		.ascii	"}\004\266C\355l\260\235\301IH\021\210\375g\233Oy\371"
 126      ED6CB09D 
 126      C1494811 
 126      88FD679B 
 126      4F79F9
 127 018d 4B84DED9 		.ascii	"K\204\336\331]ReO*#toy\314\336\\\243\303\260\005\270"
ARM GAS  /var/folders/qd/4mxf5pkd0zdf0b9dd1hp39180000gn/T//cccFH2Ye.s 			page 10


 127      5D52654F 
 127      2A23746F 
 127      79CCDE5C 
 127      A3C3B005 
 128 01a2 0A7533F1 		.ascii	"\012u3\361\342#\222\015\265u\003\177\205\240'G/\347"
 128      E223920D 
 128      B575037F 
 128      85A02747 
 128      2FE7
 129 01b4 59D0AEF2 		.ascii	"Y\320\256\362\330\262\020\324\001\247\346\204\226\265"
 129      D8B210D4 
 129      01A7E684 
 129      96B5
 130 01c2 D64EE87C 		.ascii	"\326N\350|\005A\273{\306\363]!\350\2712n\3543\024\001"
 130      0541BB7B 
 130      C6F35D21 
 130      E8B9326E 
 130      EC331401 
 131 01d6 6C9813F8 		.ascii	"l\230\023\370hG\335m\316W\0210Py\375\222\225\363\306"
 131      6847DD6D 
 131      CE571130 
 131      5079FD92 
 131      95F3C6
 132 01e9 F753C0A6 		.ascii	"\367S\300\2469\201\225\215wT\376&\341\276\332w\250B"
 132      3981958D 
 132      7754FE26 
 132      E1BEDA77 
 132      A842
 133 01fb 09E15AA6 		.ascii	"\011\341Z\246q-s\342\356\177Y\335\007|5\001\203#\267"
 133      712D73E2 
 133      EE7F59DD 
 133      077C3501 
 133      8323B7
 134 020e 0A1C56C2 		.ascii	"\012\034V\302\275S\300\2669\201\327~z\264\333\243\332"
 134      BD53C0B6 
 134      3981D77E 
 134      7AB4DBA3 
 134      DA
 135 021f 4A71A71D 		.ascii	"Jq\247\035\222\240\025\237f|\032\3619\215O=$\311\366"
 135      92A0159F 
 135      667C1AF1 
 135      398D4F3D 
 135      24C9F6
 136 0232 820E5019 		.ascii	"\202\016P\0310\346\370\017\317\212\013\366\006\343\321"
 136      30E6F80F 
 136      CF8A0BF6 
 136      06E3D1
 137 0241 E3423CD4 		.ascii	"\343B<\324\324\201{\177E=\003x\206\232\202\203\223\213"
 137      D4817B7F 
 137      453D0378 
 137      869A8283 
 137      938B
 138 0253 C12606BB 		.ascii	"\301&\006\273\030T18\304\240\211\301)\006\027u\212N"
 138      18543138 
 138      C4A089C1 
 138      29061775 
 138      8A4E
ARM GAS  /var/folders/qd/4mxf5pkd0zdf0b9dd1hp39180000gn/T//cccFH2Ye.s 			page 11


 139 0265 D1DD347A 		.ascii	"\321\3354z\230\310\342\245\321\307D\266\010\032#\231"
 139      98C8E2A5 
 139      D1C744B6 
 139      081A2399 
 140 0275 C81A4563 		.ascii	"\310\032Ec4\023\231\347\201h\224\371 \0325\006D\234"
 140      341399E7 
 140      816894F9 
 140      201A3506 
 140      449C
 141 0287 854CB08A 		.ascii	"\205L\260\212\2458\213(B\034a\027\023*\201,Kh7\221,"
 141      A5388B28 
 141      421C6117 
 141      132A812C 
 141      4B683791 
 142 029c 49B49B4C 		.ascii	"I\264\233L\363\024\332M%K\032\371,%n\351\224\213\261"
 142      F314DA4D 
 142      254B1AF9 
 142      2C256EE9 
 142      948BB1
 143 02af ED58903E 		.ascii	"\355X\220>\315h`E\\\301In\003\033\202\274\376\346\341"
 143      CD686045 
 143      5CC1496E 
 143      031B82BC 
 143      FEE6E1
 144 02c2 72B7A892 		.ascii	"r\267\250\222\311\347a]\213\002\337\224;\304[g\007\016"
 144      C9E7615D 
 144      8B02DF94 
 144      3BC45B67 
 144      070E
 145 02d4 6742F52E 		.ascii	"gB\365.\302wiBA\377Qh2G\352\363]\302\037\235K\362\233"
 145      C2776942 
 145      41FF5168 
 145      3247EAF3 
 145      5DC21F9D 
 146 02eb CE9333A7 		.ascii	"\316\2233\247\003\254k\352lSK\341\273\255\370\236\227"
 146      03AC6BEA 
 146      6C534BE1 
 146      BBADF89E 
 146      97
 147 02fc AEC7DAB8 		.ascii	"\256\307\332\270L>\037~\021Ap\267\267\272\266\332\343"
 147      4C3E1F7E 
 147      114170B7 
 147      B7BAB6DA 
 147      E3
 148 030d 3F6CE46D 		.ascii	"?l\344m5\342\003\\\207\263P\012\273\351\006\200s\340"
 148      35E2035C 
 148      87B3500A 
 148      BBE90680 
 148      73E0
 149 031f 37790C25 		.ascii	"7y\014%\262\261A\273El\274\374\371ib\215W+\357\350\222"
 149      B2B141BB 
 149      456CBCFC 
 149      F969628D 
 149      572BEFE8 
 150 0334 980D3AA7 		.ascii	"\230\015:\247\210\331\331\003\260\210\235\036r\204\210"
 150      88D9D903 
 150      B0889D1E 
ARM GAS  /var/folders/qd/4mxf5pkd0zdf0b9dd1hp39180000gn/T//cccFH2Ye.s 			page 12


 150      728488
 151 0343 3D1D932E 		.ascii	"=\035\223.b\002\202\311\371i&\252,\321(l;5\322!#\233"
 151      620282C9 
 151      F96926AA 
 151      2CD1286C 
 151      3B35D221 
 152 0359 1CC255BB 		.ascii	"\034\302U\273Iu\356\304\351\273\336\234I\003\2574w)"
 152      4975EEC4 
 152      E9BBDE9C 
 152      4903AF34 
 152      7729
 153 036b 97DDF9A0 		.ascii	"\227\335\371\240\347\346v]\344\217\010p\017\364@\016"
 153      E7E6765D 
 153      E48F0870 
 153      0FF4400E 
 154 037b 748772D7 		.ascii	"t\207r\327\024\227\024\3732*\214bC\344\366\302\005\314"
 154      149714FB 
 154      322A8C62 
 154      43E4F6C2 
 154      05CC
 155 038d 8D02A90C 		.ascii	"\215\002\251\014\277B\206H7V\370\251L\266\020\363\261"
 155      BF428648 
 155      3756F8A9 
 155      4CB610F3 
 155      B1
 156 039e 61D8162F 		.ascii	"a\330\026/\226\242-\320$\326\245\007K\374d\3023\017"
 156      96A22DD0 
 156      24D6A507 
 156      4BFC64C2 
 156      330F
 157 03b0 E7E30006 		.ascii	"\347\343\000\006\0271\217p9\000\344!:\3352}L\226\326"
 157      17318F70 
 157      3900E421 
 157      3ADD327D 
 157      4C96D6
 158 03c3 30CB02B2 		.ascii	"0\313\002\262\264\207Y\312K\244\255\236\"W\374Y\363"
 158      B48759CA 
 158      4BA4AD9E 
 158      2257FC59 
 158      F3
 159 03d4 C02322AB 		.ascii	"\300#\"\253\030\371\022\325\274\210;\030\376\"Paro\027"
 159      18F912D5 
 159      BC883B18 
 159      FE225061 
 159      726F17
 160 03e7 D407DF93 		.ascii	"\324\007\337\223\\\023L\356\015\277\303}xJ\2752h\274"
 160      5C134CEE 
 160      0DBFC37D 
 160      784ABD32 
 160      68BC
 161 03f9 9517BD24 		.ascii	"\225\027\275$\252\365\035\011Zbb\015gx\265\013\257%"
 161      AAF51D09 
 161      5A62620D 
 161      6778B50B 
 161      AF25
 162 040b D26B30B8 		.ascii	"\322k0\270N\272%\232<j\246[\243pK\224nC\241`h\211\230"
 162      4EBA259A 
ARM GAS  /var/folders/qd/4mxf5pkd0zdf0b9dd1hp39180000gn/T//cccFH2Ye.s 			page 13


 162      3C6AA65B 
 162      A3704B94 
 162      6E43A160 
 163 0422 E9D52CBC 		.ascii	"\351\325,\274\222\204\327\303\202\311\340g\322M1\271"
 163      9284D7C3 
 163      82C9E067 
 163      D24D31B9 
 164 0432 0B891E1F 		.ascii	"\013\211\036\037>\323\346\022D\235`\000\364!\214Z\256"
 164      3ED3E612 
 164      449D6000 
 164      F4218C5A 
 164      AE
 165 0443 05425EE1 		.ascii	"\005B^\341\352\235\250\376\267\251\216\323\330`\202"
 165      EA9DA8FE 
 165      B7A98ED3 
 165      D86082
 166 0452 94FF77C1 		.ascii	"\224\377w\301\316\201L\351\237\202\332\020rd\354\336"
 166      CE814CE9 
 166      9F82DA10 
 166      7264ECDE 
 167 0462 1155427C 		.ascii	"\021UB|\020\374\227\374\024\012\340\014\013px K\006"
 167      10FC97FC 
 167      140AE00C 
 167      0B707820 
 167      4B06
 168 0474 48A6E34E 		.ascii	"H\246\343N\234%1\231\000\256P\305\207Aa\322\036)\347"
 168      9C253199 
 168      00AE50C5 
 168      874161D2 
 168      1E29E7
 169 0487 14D42305 		.ascii	"\024\324#\005\326\017\204\004r)p\262\264\177\322\036"
 169      D60F8404 
 169      722970B2 
 169      B47FD21E 
 170 0497 126828D0 		.ascii	"\022h(\320?[!\267$\215\203\007\231i\346\361\036l\304"
 170      3F5B21B7 
 170      248D8307 
 170      9969E6F1 
 170      1E6CC4
 171 04aa 04E74465 		.ascii	"\004\347De#\214C$r\321j\253\316\240)\331\331\177<\010"
 171      238C4324 
 171      72D16AAB 
 171      CEA029D9 
 171      D97F3C08 
 172 04be 48430FE3 		.ascii	"HC\017\343\335i\011O\303\343\232\251\224\2160\215\210"
 172      DD69094F 
 172      C3E39AA9 
 172      948E308D 
 172      88
 173 04cf BBC31037 		.ascii	"\273\303\0207-\245\251\2444i\3261\245\022\300\023\256"
 173      2DA5A9A4 
 173      3469D631 
 173      A512C013 
 173      AE
 174 04e0 94EC3E39 		.ascii	"\224\354>9\247\240\272<\360I+\367RT\012\351a\251\361"
 174      A7A0BA3C 
 174      F0492BF7 
ARM GAS  /var/folders/qd/4mxf5pkd0zdf0b9dd1hp39180000gn/T//cccFH2Ye.s 			page 14


 174      52540AE9 
 174      61A9F1
 175 04f3 AE43ABF0 		.ascii	"\256C\253\360*)8\034\254\013)M7y4\026\344XK{\201&\233"
 175      2A29381C 
 175      AC0B294D 
 175      37793416 
 175      E4584B7B 
 176 050a 1960209C 		.ascii	"\031` \234q\275\010\236.*\241#s\335\254\026\225X\342"
 176      71BD089E 
 176      2E2AA123 
 176      73DDAC16 
 176      9558E2
 177 051d 36AB4425 		.ascii	"6\253D%|\310U\357\247J\244\272\373\253\251\022^\206"
 177      7CC855EF 
 177      A74AA4BA 
 177      FBABA912 
 177      5E86
 178 052f FF055934 		.ascii	"\377\005Y4\011\035\035v8Qa\364#\302\016\312\033&\305"
 178      091D1D76 
 178      385161F4 
 178      23C20ECA 
 178      1B26C5
 179 0542 2DE744D8 		.ascii	"-\347D\330%\016\346|s\357\217\252\344+\310\336\333\221"
 179      250EE67C 
 179      73EF8FAA 
 179      E42BC8DE 
 179      DB91
 180 0554 7F9F4BB2 		.ascii	"\177\237K\262\016\270l\035\024\336b1*C\211\236\011\344"
 180      0EB86C1D 
 180      14DE6231 
 180      2A43899E 
 180      09E4
 181 0566 380E6EF1 		.ascii	"8\016n\361\336\252\265\225\031X\033\017\356{i=\2061"
 181      DEAAB595 
 181      19581B0F 
 181      EE7B693D 
 181      8631
 182 0578 3C621941 		.ascii	"<b\031A\313JD\371\3042J\356\242\306H\261\214\026o\264"
 182      CB4A44F9 
 182      C4324AEE 
 182      A2C648B1 
 182      8C166FB4 
 183 058c DA5F29C4 		.ascii	"\332_)\304\246{\306t\324\345\263\256\274\246\332\221"
 183      A67BC674 
 183      D4E5B3AE 
 183      BCA6DA91 
 184 059c 917C5DD2 		.ascii	"\221|]\322\261\315\272O\343\237p\233\016\322m\252\210"
 184      B1CDBA4F 
 184      E39F709B 
 184      0ED26DAA 
 184      88
 185 05ad 0BED0AF8 		.ascii	"\013\355\012\370es\376\020\272>\355\030\316\344\261"
 185      6573FE10 
 185      BA3EED18 
 185      CEE4B1
 186 05bc B2238A9C 		.ascii	"\262#\212\234\322(\355q\"\355\305\035A>\327\025\036"
 186      D228ED71 
ARM GAS  /var/folders/qd/4mxf5pkd0zdf0b9dd1hp39180000gn/T//cccFH2Ye.s 			page 15


 186      22EDC51D 
 186      413ED715 
 186      1E
 187 05cd F7849CBF 		.ascii	"\367\204\234\277O\347\274*npUj\030\26548\236R\303\037"
 187      4FE7BC2A 
 187      6E70556A 
 187      18B53438 
 187      9E52C31F 
 188 05e1 148FFE7F 		.ascii	"\024\217\376\177\2706[\203\206\341L\276h\246\006'\331"
 188      B8365B83 
 188      86E14CBE 
 188      68A60627 
 188      D9
 189 05f2 17FF1F0D 		.ascii	"\027\377\037\015\327\247s\336\020\032\234\354\026^\310"
 189      D7A773DE 
 189      101A9CEC 
 189      165EC8
 190 0601 157BA88B 		.ascii	"\025{\250\213\345\371\307b\343x\361{\0216\223\370\216"
 190      E5F9C762 
 190      E378F17B 
 190      113693F8 
 190      8E
 191 0612 C30613DF 		.ascii	"\303\006\023\337\213\261\351\274\342\367\035\360\000"
 191      8BB1E9BC 
 191      E2F71DF0 
 191      00
 192 061f B10A19CB 		.ascii	"\261\012\031\313\226\371\345\337\206\315\376\3145Y\376"
 192      96F9E5DF 
 192      86CDFECC 
 192      3559FE
 193 062e 8D1B366D 		.ascii	"\215\0336m\331\354\177k\365\252\345\317\372W\256|\331"
 193      D9EC7F6B 
 193      F5AAE5CF 
 193      FA57AE7C 
 193      D9
 194 063f FFEA1B2B 		.ascii	"\377\352\033+^\377$\303\277qM\326\273YY\353\226\255"
 194      5EFF24C3 
 194      BF714DD6 
 194      BB5959EB 
 194      96AD
 195 0651 6536E161 		.ascii	"e6\341a\313^\263\371#[\366\206u\357\303\207|\355\372"
 195      CB5EB3F9 
 195      235BF686 
 195      75EFC387 
 195      7CEDFA
 196 0664 0FF8DA4D 		.ascii	"\017\370\332MY\370d*\331YJv\346?\236\341\254Y"
 196      59F8642A 
 196      D9594A76 
 196      E63F9EE1 
 196      AC59
 197              		.text
 198              		.section	.gnu.lto_cfgtab.5880.7297ac929929d22b,"",%progbits
 199 0000 789C4D8F 		.ascii	"x\234M\217MK\002Q\030\205\357;\267\031+G\255\375\374"
 199      4D4B0251 
 199      1885EF3B 
 199      B7192B47 
 199      ADFDFC
ARM GAS  /var/folders/qd/4mxf5pkd0zdf0b9dd1hp39180000gn/T//cccFH2Ye.s 			page 16


 200 0013 896AE3CF 		.ascii	"\211j\343\31730\220\332\264p\025\023\010\025A\222\011"
 200      333090DA 
 200      B4701513 
 200      08154192 
 200      09
 201 0024 D5D48C7D 		.ascii	"\325\324\214}\230f\246\264\250 B\210V-\"Z\210\014\210"
 201      9866A6B4 
 201      A8204288 
 201      562D225A 
 201      880C88
 202 0037 D858C7FB 		.ascii	"\330X\307\373^b\2069\034\036\236\341=\214%\204\230\220"
 202      5E628639 
 202      1C1E9EE1 
 202      3D8C2584 
 202      9890
 203 0049 1078D553 		.ascii	"\020x\325S\224T\031\204\025kC\272RP\006Xh\277\277\320"
 203      94541984 
 203      156B43BA 
 203      52500658 
 203      68BFBFD0 
 204 005d 14891681 		.ascii	"\024\211\026\201\257\275\274Ol\223\300\347\376\303v"
 204      AFBDBC4F 
 204      6C93C0E7 
 204      FEC376
 205 006c 92ED0270 		.ascii	"\222\355\002p\253\026vM\266\263\361S\244NEo\253\023"
 205      AB16764D 
 205      B6B3F153 
 205      A44E456F 
 205      AB13
 206 007e 83310DDC 		.ascii	"\2031\015\334\371\362\233&c\0128\376,\366\364\220\035"
 206      F9F29B26 
 206      630A38FE 
 206      2CF6F490 
 206      1D
 207 008f 1F223514 		.ascii	"\037\"5\024\365\037#\233q\036X\366\366\002m\347\200"
 207      F51F239B 
 207      711E58F6 
 207      F6026DE7 
 207      80
 208 00a0 E1FADA50 		.ascii	"\341\372\332P\362n\"\216\244\2601\250\356\333l%\360"
 208      F26E228E 
 208      A4B031A8 
 208      EEDB6C25 
 208      F0
 209 00b1 637C18A4 		.ascii	"c|\030\244\331Z\300\243o\177\224b;\375\375\316n\360"
 209      D95AC0A3 
 209      6F7F9462 
 209      3BFDFDCE 
 209      6EF0
 210 00c3 A3874CE0 		.ascii	"\243\207L\340S\276\352\352S3\361S\244N\375[\241l\353"
 210      53BEEAEA 
 210      5333F153 
 210      A44EFD5B 
 210      A16CEB
 211 00d6 7758CFB0 		.ascii	"wX\317\2605\342(\024\036l\216\312\211\254\227+\224r"
 211      35E22814 
 211      1E6C8ECA 
ARM GAS  /var/folders/qd/4mxf5pkd0zdf0b9dd1hp39180000gn/T//cccFH2Ye.s 			page 17


 211      89AC972B 
 211      9472
 212 00e8 25D39506 		.ascii	"%\323\225\006-9\324&\207\226\035\352\240\356\211\361"
 212      2D39D426 
 212      87961DEA 
 212      A0EE89F1 
 213 00f8 0E39435A 		.ascii	"\0169CZ\272o\221&\322@n\220:r\215\254\260\276\322\237"
 213      BA6F9126 
 213      D2406E90 
 213      3A728DAC 
 213      B0BED29F 
 214 010c 5DEABED0 		.ascii	"]\352\276\320]\323\035\350\366u\237\353\366\220S\344"
 214      5DD31DE8 
 214      F6759FEB 
 214      F69053E4 
 215 011c 04392647 		.ascii	"\0049&GP\227\262\342\017\222\026\230\360"
 215      5097B2E2 
 215      0F921698 
 215      F0
 216              		.text
 217              		.section	.gnu.lto_.symbol_nodes.7297ac929929d22b,"",%progbits
 218 0000 789C6363 		.ascii	"x\234cc``\320\007b\006\246\267\014\365\014\014\023\316"
 218      6060D007 
 218      6206A6B7 
 218      0CF50C0C 
 218      13CE
 219 0012 3180A85D 		.ascii	"1\200\250]\015\216@\221w\014\365\214(\"\254\357\031"
 219      0D8E4091 
 219      770CF58C 
 219      2822ACEF 
 219      19
 220 0023 181A9418 		.ascii	"\030\032\224\030\030\230\031\000/_\013]"
 220      18981900 
 220      2F5F0B5D 
 221              		.text
 222              		.section	.gnu.lto_.refs.7297ac929929d22b,"",%progbits
 223 0000 789C6363 		.ascii	"x\234cc```\003bFF\006&V\006\000\000\271\000\026"
 223      60606003 
 223      62464606 
 223      26560600 
 223      00B90016 
 224              		.text
 225              		.section	.gnu.lto_.decls.7297ac929929d22b,"",%progbits
 226 0000 789CC558 		.ascii	"x\234\305XyPT\311\031\177\375zf\230\031\006p\301$&E"
 226      795054C9 
 226      197FFD7A 
 226      66981906 
 226      70C12426 
 227 0015 A58C8BE5 		.ascii	"\245\214\213\345\374\003\003\230\224\246*\225\212\016"
 227      FC030398 
 227      94A62A95 
 227      8A0E
 228 0023 AC5A7177 		.ascii	"\254Zqw\255\301\244*\371#\263\2630\352\354\002CdL\355"
 228      ADC1A42A 
 228      F923B3B3 
 228      30EAEC02 
 228      43644CED 
ARM GAS  /var/folders/qd/4mxf5pkd0zdf0b9dd1hp39180000gn/T//cccFH2Ye.s 			page 18


 229 0037 E68FCD93 		.ascii	"\346\217\315\223C\021/PV9d=\360\302cQ\021\221\303\025"
 229      43112F50 
 229      5639643D 
 229      F0C26351 
 229      1191C315 
 230 004b 916B515C 		.ascii	"\221kQ\\DEAAD\001oNQ\021%_w\277a\036\303\314\272V\376"
 230      44454141 
 230      44016F4E 
 230      5111255F 
 230      77BF611E 
 231 0064 C82BBEE9 		.ascii	"\310+\276\351\367u\377\372;\273\373}\215\202\343\270"
 231      F775FFFA 
 231      3BBBFB7D 
 231      8D82E3B8 
 232 0074 7FFB715C 		.ascii	"\177\373q\\\010\346\270h\304qc\360\310\240\357\034\020"
 232      08E6B868 
 232      C47163F0 
 232      C8A0EF1C 
 232      10
 233 0085 693B815E 		.ascii	"i;\201^\003\215\001\3610N\036\036\310\023\336\337\003"
 233      038D01F1 
 233      304E1E1E 
 233      C813DEDF 
 233      03
 234 0096 225DEF8B 		.ascii	"\"]\357\213\375\366\347\027\000\360\202\366\023 _\240"
 234      FDF6E717 
 234      00F082F6 
 234      13205FA0 
 235 00a6 A9A29C59 		.ascii	"\251\242\234Y@z\300\316\007\352\202\367;@a\360\036\016"
 235      407AC0CE 
 235      07EA82F7 
 235      3B4061F0 
 235      1E0E
 236 00b8 3402EF2F 		.ascii	"4\002\357/\2004@\277\007\376&\264u@O\201\352\201\372"
 236      803440BF 
 236      07FE26B4 
 236      75404F81 
 236      EA81FA
 237 00cb 81BE077A 		.ascii	"\201\276\007z\006\324\006t\035\350\006P\013\307l\360"
 237      06D40674 
 237      1DE80650 
 237      0BC76CF0 
 238 00db 74B2813C 		.ascii	"t\262\201<\357\203\035S\234\354\220\372\3627h\253\200"
 238      EF831D53 
 238      9CEC90FA 
 238      F23768AB 
 238      80
 239 00ec FC45DB88 		.ascii	"\374E\333\210~b\327\00706\003\3507@\177\027\3430\014"
 239      7E62D707 
 239      303603E8 
 239      37407F17 
 239      E3300C
 240 00ff 3420DAF1 		.ascii	"4 \332\361L\324\351\316\377\005\240\027\213r\211\316"
 240      4CD4E9CE 
 240      FF05A017 
 240      8B7289CE 
 241 010f 192E6CB3 		.ascii	"\031.l\263?\031\030]N:\266\003\257\307\310W\215d\300"
ARM GAS  /var/folders/qd/4mxf5pkd0zdf0b9dd1hp39180000gn/T//cccFH2Ye.s 			page 19


 241      3F19185D 
 241      4E3AB603 
 241      AFC7C857 
 241      8D64C0
 242 0122 F63764DF 		.ascii	"\3667d\337\365\006v\252\032M\007\266\254\270\274F\316"
 242      F50676AA 
 242      1A4D07B6 
 242      ACB8BC46 
 242      CE
 243 0133 4683817D 		.ascii	"F\203\201}u?\243\0051V\003lBYK\272\017\003wp\222\311"
 243      753FA305 
 243      3156036C 
 243      42594BBA 
 243      0F037770 
 244 0149 BE6CF2A6 		.ascii	"\276l\362\246\315\205\307\325\030|\205\367\354\262\241"
 244      CD85C7D5 
 244      187C85F7 
 244      ECB2A1
 245 0158 7A519012 		.ascii	"zQ\220\022\330\274\352\322\021O\254\242Cmu\371\207\211"
 245      D8BCEAD2 
 245      114FACA2 
 245      436D75F9 
 245      8789
 246 016a 05B3D488 		.ascii	"\005\263\324\210\344\337\007\272\012\036\227\274\364"
 246      E4DF07BA 
 246      0A1E97BC 
 246      F4
 247 0177 625D0451 		.ascii	"b]\004Q~1\375\212\027\366\242\357_7f\256U\004\035\021"
 247      7E31FD8A 
 247      17F6A2EF 
 247      5F3766AE 
 247      55041D11 
 248 018b D8A3FC8A 		.ascii	"\330\243\374\212C\337!lw\246i\363\300^\017\274\200\000"
 248      43DF216C 
 248      77A669F3 
 248      C05E0FBC 
 248      8000
 249 019d F9DB2DAF 		.ascii	"\371\333-\257ny#\2656E\020\022\204]\211\202j!\207N\""
 249      6E7923B5 
 249      36451012 
 249      845D8982 
 249      6A21874E 
 250 01b2 7F5488FC 		.ascii	"\177T\210\3749T\211\264D\370Y\024\304\2413\320Y\016"
 250      395489B4 
 250      44F85914 
 250      C4A133D0 
 250      590E
 251 01c4 9DFB89C0 		.ascii	"\235\373\211\300\212\353\331\177\314\032\020\204\351"
 251      8AEBD97F 
 251      CC1A1084 
 251      E9
 252 01d1 E81C52A3 		.ascii	"\350\034R\243\012\204)\006\"=K\315T\344\357M\337\243"
 252      0A842906 
 252      223D4BCD 
 252      54E4EF4D 
 252      DFA3
 253 01e3 C0DD88EA 		.ascii	"\300\335\210\352(\313\351\252\346\335\351\250v\253c"
ARM GAS  /var/folders/qd/4mxf5pkd0zdf0b9dd1hp39180000gn/T//cccFH2Ye.s 			page 20


 253      28CBE9AA 
 253      E6DDE9A8 
 253      76AB63
 254 01f2 ECCC8C9A 		.ascii	"\354\314\214\232dA\340Q\025\3508\357\320\001*\231\222"
 254      6441E051 
 254      15E838EF 
 254      D0012A99 
 254      92
 255 0203 CED25BAB 		.ascii	"\316\322[\253y\374\202\205\356Mjy\037\306\243\224\221"
 255      79FC8285 
 255      EE4D6A79 
 255      1FC6A394 
 255      91
 256 0214 D70D0D27 		.ascii	"\327\015\015'jP@@\200\237v\017QZQ{_\273\275z\215\220"
 256      6A504040 
 256      809F760F 
 256      515A517B 
 256      5FBBBD7A 
 257 022a 66A2C26A 		.ascii	"f\242\302j@\330\005\344\3470B\007\313\000\205\220\265"
 257      40D805E4 
 257      E7304207 
 257      CB008590 
 257      B5
 258 023b C0E09D07 		.ascii	"\300\340\235\007\260\260w\032\305\226\271\304\0027\016"
 258      B0B0771A 
 258      C596B9C4 
 258      02370E
 259 024a 1E70806B 		.ascii	"\036p\200k\235\301\245h\\r:q*\015\010\3118T\014\200"
 259      9DC1A568 
 259      5C723A71 
 259      2A0D08C9 
 259      38540C80 
 260 025e 53748CC0 		.ascii	"St\214\300\3011t\021\342P\207\002\320\367@\365(\200"
 260      C1317411 
 260      E2508702 
 260      D0F740F5 
 260      2880
 261 0270 E68AC5A1 		.ascii	"\346\212\305\241f;\206\024\022 '\206@\314\343\3317I"
 261      663B8614 
 261      12202786 
 261      40CCE3D9 
 261      3749
 262 0282 8D0A7C02 		.ascii	"\215\012|\002\323 \327\346\037j@\310O\353R\015\372\001"
 262      D320D7E6 
 262      1F6A40C8 
 262      4FEB520D 
 262      FA01
 263 0294 A4BF5DD3 		.ascii	"\244\277]\323\2339D\321%\30058\302M\364RuO\223\272:"
 263      9B3944D1 
 263      25C03538 
 263      C24DF452 
 263      754F93BA 
 264 02a9 3CD9E29C 		.ascii	"<\331\342\234\006lQ\303\351v9\256\246\332\321\255\201"
 264      066C51C3 
 264      E97639AE 
 264      A6DAD1AD 
 264      81
ARM GAS  /var/folders/qd/4mxf5pkd0zdf0b9dd1hp39180000gn/T//cccFH2Ye.s 			page 21


 265 02ba E6B59EF8 		.ascii	"\346\265\236\370\"c\012F3\016(\360\025\306lNl\377\212"
 265      22630A46 
 265      330E28F0 
 265      15C66C4E 
 265      6CFF8A
 266 02cd 4DFA0370 		.ascii	"M\372\003p\0332\017\244)\304\275\200\201O-\332\232\347"
 266      1B320FA4 
 266      29C4BD80 
 266      814F2DDA 
 266      9AE7
 267 02df 835B29D4 		.ascii	"\203[)\324#\371\233\332\\\017\232\265\000m\300\036j"
 267      23F99BDA 
 267      5C0F9AB5 
 267      006DC01E 
 267      6A
 268 02f0 D17096EF 		.ascii	"\321p\226\357VA\250\013\246F]\006\243Z\241\035\367\252"
 268      5641A80B 
 268      A6465D06 
 268      A35AA11D 
 268      F7AA
 269 0302 1149F306 		.ascii	"\021I\363\006\360\312_\255\026*\2220E\2278\243O\243"
 269      F0CA5FAD 
 269      162A9230 
 269      459738A3 
 269      4FA3
 270 0314 09990378 		.ascii	"\011\231\003x\253\004\336\354\014/r\223\272k\000\270"
 270      AB04DEEC 
 270      0C2F7293 
 270      BA6B00B8 
 271 0324 4AC75AC5 		.ascii	"J\307Z\305\200\336\202\200\336\204`\266\001]\007\272"
 271      80DE8280 
 271      DE8460B6 
 271      015D07BA 
 272 0334 01D42206 		.ascii	"\001\324\"\006\226)j\372\245C\321\025gE\216\305'\346"
 272      96296AFA 
 272      A543D115 
 272      67458EC5 
 272      27E6
 273 0346 3BCB7735 		.ascii	";\313w5\250\" i\302\231\244ni@\232\234E\225J\\\204\350"
 273      A8222069 
 273      C299A46E 
 273      69409A9C 
 273      45954A5C 
 274 035c 9E7BF938 		.ascii	"\236{\3718\331\007\337a\013\244\340I\337\177\220\326"
 274      D907DF61 
 274      0BA4E049 
 274      DF7F90D6 
 275 036c 8FE9789A 		.ascii	"\217\351x\232\243 \251\356\200\311\355\216T\267\322"
 275      A320A9EE 
 275      80C9ED8E 
 275      54B7D2
 276 037b 54BBF416 		.ascii	"T\273\364\026\335\006'\177\212\303\240\366\352\310\340"
 276      DD06277F 
 276      8AC3A0F6 
 276      EAC8E0
 277 038a 351F3F51 		.ascii	"5\037?QL\212[1\334\217\311\310\311j\272\257\322\244"
 277      4C8A5B31 
ARM GAS  /var/folders/qd/4mxf5pkd0zdf0b9dd1hp39180000gn/T//cccFH2Ye.s 			page 22


 277      DC8FC9C8 
 277      C96ABAAF 
 277      D2A4
 278 039c 8E9F18E8 		.ascii	"\216\237\030\350\216d[q\250\023\221\217\020m\311\201"
 278      8E645B71 
 278      A813918F 
 278      106DC981 
 279 03ac D6773157 		.ascii	"\326w1W\\\231S\200=\321|\260L\211\037\261\365\227\331"
 279      5C995380 
 279      3DD17CB0 
 279      4C891FB1 
 279      F597D9
 280 03bf 743C5C0D 		.ascii	"t<\\\015'O\342O:y`\302\306\214\312J\031\356e\263\223"
 280      274FE24F 
 280      3A7960C2 
 280      C68CCA4A 
 280      19EE65B3 
 281 03d4 CE5F2BD2 		.ascii	"\316_+\322\340!\306t](HP\342\027\214\351>\274\341\261"
 281      E021C674 
 281      5D284850 
 281      E2178CE9 
 281      3EBCE1B1 
 282 03e8 371E65CC 		.ascii	"7\036e\314\341-\227\367a,\310(s\372\314\223Pf\214?p"
 282      E12D97F7 
 282      612CC828 
 282      73FACC93 
 282      50668C3F 
 283 03fd A56DFD15 		.ascii	"\245m\375\025\236\342\212G\300\037}q\373\224\034'Q\250"
 283      9EE28A47 
 283      C01F7D71 
 283      FB941C27 
 283      51A8
 284 040f AA28A565 		.ascii	"\252(\245e\014#X\357\360h\003`\315'%\012\025?\254\303"
 284      0C2358EF 
 284      F0680360 
 284      CD27250A 
 284      153FACC3 
 285 0423 0FCEEEBD 		.ascii	"\017\316\356\275\274\232\034*]p\250\364@\202z'\037*"
 285      BC9A1C2A 
 285      5D70A8F4 
 285      40827A27 
 285      1F2A
 286 0435 2CCB1392 		.ascii	",\313\023\222\365\030\020\217\350`\257\230\251!\360"
 286      F518108F 
 286      E860AF98 
 286      A921F0
 287 0444 F11944B6 		.ascii	"\361\031D\266\037h\020\350)\3200\320\000P\337\370\022"
 287      1F6810E8 
 287      29D030D0 
 287      0050DFF8 
 287      12
 288 0455 255A3BDF 		.ascii	"%Z;\337\340l\272F\211\312'\316*'\3544\002\037y-\201"
 288      E06CBA46 
 288      89CA27CE 
 288      2A27EC34 
 288      021F792D 
 289 046a 3F70864F 		.ascii	"?p\206O8#\011\274U*\375\2363\374.r\306WJ\361\367]\007"
ARM GAS  /var/folders/qd/4mxf5pkd0zdf0b9dd1hp39180000gn/T//cccFH2Ye.s 			page 23


 289      382309BC 
 289      552AFD9E 
 289      33FC2E72 
 289      C6574AF1 
 290 0481 40B265BA 		.ascii	"@\262e\272_\343,A\230BP\023\267\014\2215\374\032\347"
 290      5FE32C41 
 290      98425013 
 290      B70C9135 
 290      FC1AE7
 291 0494 9F148475 		.ascii	"\237\024\204u\012*\354\241K[%\2365IUw\27365D\334`w\237"
 291      0A2AECA1 
 291      4B5B259E 
 291      35495577 
 291      BB363544 
 292 04ac F714FBE0 		.ascii	"\367\024\373\340\002\232L\276e\264\376\222\267\363\011"
 292      029A4CBE 
 292      65B4FE92 
 292      B7F309
 293 04bb 6C4F097A 		.ascii	"lO\011z\011\231x\227\254\210\373\364\015N$g\301\013"
 293      09997897 
 293      AC88FBF4 
 293      0D4E2467 
 293      C10B
 294 04cd 98F9DCB1 		.ascii	"\230\371\334\261Q{\355gr\177v\3725\017\3516y1a\233\214"
 294      517BED67 
 294      727F76FA 
 294      350FE936 
 294      7931619B 
 295 04e2 208D3805 		.ascii	" \2158\005\260\305\3532{\274p93v\244\250\240\022!\255"
 295      B0C5EB32 
 295      7BBC7039 
 295      3376A4A8 
 295      A01221AD 
 296 04f6 86A981CF 		.ascii	"\206\251\201\317\343\316>\3629\177\015\023^9\364\214"
 296      E3CE3EF2 
 296      397F0D13 
 296      5E39F48C 
 297 0506 D06DE646 		.ascii	"\320m\346F<\032\0057\034\032\310\\\262c\252\206\323"
 297      3C1A0537 
 297      1C1AC85C 
 297      B263AA86 
 297      D3
 298 0517 BD702DD3 		.ascii	"\275p-\323\322\3752\351\244\247\273/\277\300\273\373"
 298      D2FD32E9 
 298      A4A7BB2F 
 298      BFC0BBFB 
 299 0527 F23FCD9D 		.ascii	"\362?\315\235\232@\274\036\203\014\274qXSE?\374\244"
 299      9A40BC1E 
 299      830CBC71 
 299      5853453F 
 299      FCA4
 300 0539 17F41C6A 		.ascii	"\027\364\034j\310\037\225\341\253L\317pUO\236\322\235"
 300      C81F95E1 
 300      AB4CCF70 
 300      554F9ED2 
 300      9D
 301 054a 9E44B77A 		.ascii	"\236D\267z\232~M\016\301\004^\215\240\216p\322\002\275"
ARM GAS  /var/folders/qd/4mxf5pkd0zdf0b9dd1hp39180000gn/T//cccFH2Ye.s 			page 24


 301      9A7E4D0E 
 301      C1045E8D 
 301      A08E70D2 
 301      02BD
 302 055c A0A566AC 		.ascii	"\240\245f\254\262\004\337\206C\012\312E$\243\211A\210"
 302      B204DF86 
 302      430ACA45 
 302      24A38941 
 302      88
 303 056d FD424B88 		.ascii	"\375BK\210\362c\366\007\261~\350\345Y#B\011c\237\202"
 303      F263F607 
 303      B17EE8E5 
 303      59234209 
 303      639F82
 304 0580 C67B7851 		.ascii	"\306{xQ\006o\227K\377D\001H*\225\2153u\366\207U\270"
 304      066F974B 
 304      FF440148 
 304      2A958D33 
 304      75F68755 
 305 0595 EC45328F 		.ascii	"\354E2\217u\361\016e\222)\223l\345\306\207\307\215r"
 305      75F10E65 
 305      9229936C 
 305      E5C687C7 
 305      8D72
 306 05a7 3889C4B3 		.ascii	"8\211\304\263\270\262i\365}u\007|(8\004\245v\2322\206"
 306      B8B269F5 
 306      7D75077C 
 306      283804A5 
 306      769A3286 
 307 05bb 1E73878E 		.ascii	"\036s\207\216du\251p\033;\363Ne<\354U\311xv\"\243X\031"
 307      6475A970 
 307      1B3BF34E 
 307      653CEC55 
 307      C9787622 
 308 05d2 E9AB1E7B 		.ascii	"\351\253\036{^\341\303\016B^rHOe\207\364\253\232\354"
 308      5EE1C30E 
 308      425E7248 
 308      4F6587F4 
 308      AB9AEC
 309 05e5 6B1ED3B6 		.ascii	"k\036\323\266\321\275\222(L\341\321'?G\353x\177\224"
 309      D1BD9228 
 309      4CE1D127 
 309      3F47EB78 
 309      7F94
 310 05f7 C293859B 		.ascii	"\302\223\205\233\312O\203\337\265\274\214Y\2601\265"
 310      CA4F83DF 
 310      B5BC8C59 
 310      B031B5
 311 0606 B9C76BC6 		.ascii	"\271\307k\306.aW\207Pq;\027\3578\377@\020\3242\202B"
 311      2E615787 
 311      50713B17 
 311      EF38FF40 
 311      10D43282 
 312 061b 6B1C9983 		.ascii	"k\034\231\203W\370M\346;\020J\342o\203\265\353\371\031"
 312      57F84DE6 
 312      3B104AE2 
 312      6F83B5EB 
ARM GAS  /var/folders/qd/4mxf5pkd0zdf0b9dd1hp39180000gn/T//cccFH2Ye.s 			page 25


 312      F919
 313 062d 30F9C9BE 		.ascii	"0\371\311\276\304\255>8WN\015-\256;\233\242\246\206"
 313      C4AD3E38 
 313      574E0D2D 
 313      AE3B9BA2 
 313      A686
 314 063f 92B43343 		.ascii	"\222\2643C\307\2626\345)h\037Yp\033y\332Y[\235q\327"
 314      C7B236E5 
 314      29681F59 
 314      701B79DA 
 314      595B9D71 
 315 0654 8776923D 		.ascii	"\207v\222=\261\211u^\351H\355S\2725:\215\032\275\331"
 315      B189755E 
 315      E948ED53 
 315      BA353A8D 
 315      1ABDD9
 316 0667 6E74E9EE 		.ascii	"nt\351\356\304B\037\321\350&-\234)\260\246\241\232\005"
 316      C4421FD1 
 316      E8262D9C 
 316      29B0A6A1 
 316      9A05
 317 0679 14DAE030 		.ascii	"\024\332\3400z\203\263\321\351\324h\241\376\3426\015"
 317      7A83B3D1 
 317      E9D468A1 
 317      FEE2360D 
 318 0689 2E64461F 		.ascii	".dF\037\357\030-\227\261H\372\002;XupP\274P\244\221"
 318      EF182D97 
 318      B148FA02 
 318      3B587570 
 318      50BC50A4 
 319 069e 4F4A42C3 		.ascii	"OJB\303P\251'>\313\260)\265\355\327\304\313\307{\300"
 319      50A9273E 
 319      CBB029B5 
 319      EDD7C4CB 
 319      C77BC0
 320 06b1 363FDAD3 		.ascii	"6?\332\323\356M\276\177\202\270\203\241\337q>l\347a"
 320      EE4DBE7F 
 320      82B883A1 
 320      DF713E6C 
 320      E761
 321 06c3 ADC30988 		.ascii	"\255\303\011\210\266\361\364\333W\220|/_\011\223\375"
 321      B6F1F4DB 
 321      57907C2F 
 321      5F0993FD 
 322 06d3 E1928124 		.ascii	"\341\222\201$7\014\177v\3038Y1xT\206k\250\"\376\370"
 322      370C7F76 
 322      C3385931 
 322      7854866B 
 322      A822FEF8 
 323 06e7 D17B9F21 		.ascii	"\321{\237!\255\332~\037\010J^K\274\333\001Q\315vx\347"
 323      ADDA7E1F 
 323      084A5E4B 
 323      BCDB0151 
 323      CD7678E7 
 324 06fb 4FF612DD 		.ascii	"O\366\022\335\225B\236\200\247qh\266?\012\206=\231\003"
 324      95429E80 
 324      A77168B6 
ARM GAS  /var/folders/qd/4mxf5pkd0zdf0b9dd1hp39180000gn/T//cccFH2Ye.s 			page 26


 324      3F0A863D 
 324      9903
 325 070d 7BD25FDC 		.ascii	"{\322_\334\223Y\020\300L\246?\177\347\301*/\334\310"
 325      935910C0 
 325      4CA63F7F 
 325      E7C12A2F 
 325      DCC8
 326 071f 14B41FED 		.ascii	"\024\264\037\355\275\204\3075\300m\240\220\336\006v"
 326      BD84C735 
 326      C06DA090 
 326      DE0676
 327 072e 82865C87 		.ascii	"\202\206\\\207\206\035\274\033\025\337\270V\221x}\337"
 327      861DBC1B 
 327      15DFB856 
 327      91787DDF 
 328 073e 98CA374D 		.ascii	"\230\3127M<\243\377\204\250\274\014\030\337Js\270\213"
 328      3CA3FF84 
 328      A8BC0C18 
 328      DF4A73B8 
 328      8B
 329 074f F7B5C785 		.ascii	"\367\265\307\205\240_\366T\0122\265(=\345\355\3227\336"
 329      A05FF654 
 329      0A32B528 
 329      3DE5EDD2 
 329      37DE
 330 0761 1CDA3A41 		.ascii	"\034\332:A\372\356\037\223\276+\247\252N33Oh\254\240"
 330      FAEE1F93 
 330      BE2BA7AA 
 330      4E33334F 
 330      68ACA0
 331 0774 CB7A63F2 		.ascii	"\313zc\362%\310R\302\024\264\207\367E_\203\213\260\024"
 331      25C852C2 
 331      14B487F7 
 331      455F838B 
 331      B014
 332 0786 2493B740 		.ascii	"$\223\267@\317?x\016\345\3613I\2014\330\366@\305\362"
 332      CF3F780E 
 332      E5F13349 
 332      8134D8F6 
 332      40C5F2
 333 0799 AC05F64E 		.ascii	"\254\005\366N[O\2527\276\301\326\300\366\222\316>o\334"
 333      5B4FAA37 
 333      BEC1D6C0 
 333      F692CE3E 
 333      6FDC
 334 07ab C998F4F3 		.ascii	"\311\230\364\363\317\006=q7c\032\326m\001\301\217\030"
 334      CF063D71 
 334      37631AD6 
 334      6D01C18F 
 334      18
 335 07bc D3DF783E 		.ascii	"\323\337x>U\205\007\031\223z\256e\215\012\277b\314\356"
 335      55850719 
 335      937AAE65 
 335      8D0ABF62 
 335      CCEE
 336 07ce FB25     		.ascii	"\373%"
 337 07d0 B0651214 		.ascii	"\260e\022\024\354^y\263H\207\327\263\367\374\222\215"
ARM GAS  /var/folders/qd/4mxf5pkd0zdf0b9dd1hp39180000gn/T//cccFH2Ye.s 			page 27


 337      EC5E79B3 
 337      4887D7B3 
 337      F7FC928D 
 338 07e0 77E43883 		.ascii	"w\3448\2031w\213\223\206e8\2231\215\245\035]\3368\227"
 338      31778B93 
 338      86653893 
 338      318DA51D 
 338      5DDE3897 
 339 07f4 3127CFF4 		.ascii	"1'\317\364\357S\261\025*\2202\377B\363\356o\345x\027"
 339      EF53B115 
 339      2A9032FF 
 339      42F3EE6F 
 339      E57817
 340 0807 1DF41E1A 		.ascii	"\035\364\036\032\355\311Q\2602_|\264\216\312'\345\212"
 340      EDC951B0 
 340      325F7CB4 
 340      8ECA27E5 
 340      8A
 341 0818 A4F23908 		.ascii	"\244\3629\010\036\027\361\223\312\020i\2410\260Y\356"
 341      1E17F193 
 341      CA1069A1 
 341      30B059EE 
 342 0828 F85A1F72 		.ascii	"\370Z\037r\306O.,Z\263$\370\343\316\370\275\274\233"
 342      C64F2E2C 
 342      5AB324F8 
 342      E3CEF8BD 
 342      BC9B
 343 083a CAEA1864 		.ascii	"\312\352\030d\201]\010\010\236|\303\277\203\005P\314"
 343      815D0808 
 343      9E7CC3BF 
 343      830550CC 
 344 084a 07A05340 		.ascii	"\007\240S@g\201N\003\225\003\025\002\225\000\235\000"
 344      67814E03 
 344      95031502 
 344      95009D00 
 345 085a 2A053A03 		.ascii	"*\005:\003T\006t\222\227V[MR\263\277u6cR\371T/\205\027"
 345      54067492 
 345      97565B4D 
 345      52B3BF75 
 345      366352F9 
 346 0872 B8844B2A 		.ascii	"\270\204K*\230N)\372\2103\272tRLF\244\370|\3271\227"
 346      984E29FA 
 346      8833BA74 
 346      524C46A4 
 346      F87CD731 
 347 0887 88AFCF94 		.ascii	"\210\257\317\224\300\0178\303OO\270\223\301\365\270"
 347      C00F38C3 
 347      4F4FB893 
 347      C1F5B8
 348 0896 394BBE83 		.ascii	"9K\276\203\225_\344\206\274\317u\310%\342\237n\226K"
 348      955FE486 
 348      BCCF75C8 
 348      25E29F6E 
 348      964B
 349 08a8 CAB5C3AE 		.ascii	"\312\265\303\256S*\255\327\244\346\354wm\016\363V\274"
 349      532AADD7 
 349      A4E6EC77 
ARM GAS  /var/folders/qd/4mxf5pkd0zdf0b9dd1hp39180000gn/T//cccFH2Ye.s 			page 28


 349      6D0EF356 
 349      BC
 350 08b9 E46E92D3 		.ascii	"\344n\222\323Z\021`\223k\305\366\011\312\217\272\216"
 350      5A116093 
 350      6BC5F609 
 350      CA8FBA8E 
 351 08c9 9DBDFA7B 		.ascii	"\235\275\372{v\344H\233'\336OW5\237\225\332\230\241"
 351      76E4489B 
 351      27DE4F57 
 351      359F95DA 
 351      98A1
 352 08db 74DCAFB2 		.ascii	"t\334\257\262\344\264n\253\204\331\025\216\303\212\350"
 352      E4B46EAB 
 352      84D9158E 
 352      C38AE8
 353 08ea 74B3B2D0 		.ascii	"t\263\262\3209XP\377\353\342\002\243\356\035Ko\322H"
 353      395850FF 
 353      EBE202A3 
 353      EE1D4B6F 
 353      D248
 354 08fc 2BC24A5E 		.ascii	"+\302J^Z\021\236\347\331\305\011Z\000\367\266\346\025"
 354      5A119EE7 
 354      D9C5095A 
 354      00F7B6E6 
 354      15
 355 090d 6A26DED4 		.ascii	"j&\336\324\\\375\313\200\233\364\377\002T\305\373\221"
 355      5CFDCB80 
 355      9BF4FF02 
 355      54C5FB91 
 356 091d 7F4A9D29 		.ascii	"\177J\235)Y\343\255\026\253\256\224\267\336\256P5-\252"
 356      59E3AD16 
 356      ABAE94B7 
 356      DEAE5035 
 356      2DAA
 357 092f 2A1EEE2E 		.ascii	"*\036\356.\230p\267#\347\235\303\304\032\321D\322*\226"
 357      9870B723 
 357      E79DC3C4 
 357      1AD144D2 
 357      2A96
 358 0941 8485996C 		.ascii	"\204\205\231l&\034\2712:8(H\307\376\254\361\272\025"
 358      261CB932 
 358      3A382848 
 358      C7FEACF1 
 358      BA15
 359 0953 A6685D9C 		.ascii	"\246h]\234u\245-^\027\261\364\303\331\241\272\305\213"
 359      75A52D5E 
 359      17B1F4C3 
 359      D9A1BAC5 
 359      8B
 360 0964 C3740B96 		.ascii	"\303t\013\226,\372\370_!\2728S\2641::*(R\271\340\243"
 360      2CFAF85F 
 360      21BA3853 
 360      B4313A3A 
 360      2A2852B9 
 361 097a BF4CD787 		.ascii	"\277L\327\207\204pj\243q\225%\3266;\324h\333\202t\363"
 361      84706AA3 
 361      719525D6 
ARM GAS  /var/folders/qd/4mxf5pkd0zdf0b9dd1hp39180000gn/T//cccFH2Ye.s 			page 29


 361      363BD468 
 361      DB8274F3 
 362 098e E2E2A22D 		.ascii	"\342\342\242-\221&\233\305\032\033\257\013\217\214\266"
 362      91269BC5 
 362      1A1BAF0B 
 362      8F8CB6
 363 099d C4C59B8D 		.ascii	"\304\305\233\215\346\300\270U\221\237\207\006\231\342"
 363      E6C0B855 
 363      919F8706 
 363      99E2
 364 09ab E2747A6B 		.ascii	"\342tzk\254\315\034k\2334\250[j\265F\307\353\226GF\006"
 364      ACCD1C6B 
 364      9B34A85B 
 364      6AB546C7 
 364      EB964746 
 365 09c0 9A56C604 		.ascii	"\232V\306\004\306Zc\315\201f\323\247\226\3009\201\241"
 365      C65A63CD 
 365      8166D3A7 
 365      96C03981 
 365      A1
 366 09d1 C1217302 		.ascii	"\301!s\002\377\371\333\300\030\323g\326\225\272\011"
 366      FFF9DBC0 
 366      18D367D6 
 366      95BA09
 367 09e0 A33A4B6C 		.ascii	"\243:Kld\364\252(\263.\306\024\271\302\022k\326\031"
 367      64F4AA28 
 367      B32EC614 
 367      B9C2126B 
 367      D619
 368 09f2 A3CCCB4C 		.ascii	"\243\314\313L\253\242mF\333\227q\346\370\240\025\234"
 368      ABA26D46 
 368      DB9771E6 
 368      F8A0159C 
 369 0a02 D26EDCDA 		.ascii	"\322n\334\332\377\237q\361_\306\353\214\361\266(\260"
 369      FF9F71F1 
 369      5FC6EB8C 
 369      F1B628B0 
 370 0a12 042CC2D6 		.ascii	"\004,\302\326\250\225\020\362\025!\357\030\362\025\234"
 370      A89510F2 
 370      1521EF18 
 370      F2159C
 371 0a21 6FBC2D06 		.ascii	"o\274-\006\\Y\036g\261\032\343\315\266UqF\233b\211\236"
 371      5C591E67 
 371      B11AE3CD 
 371      B6557146 
 371      9B62899E 
 372 0a35 A450B164 		.ascii	"\244P\261d>k\346\261&\2344\252%\363\026\203G\313,\313"
 372      3E6BE6B1 
 372      269C34AA 
 372      25F31683 
 372      47CB2CCB 
 373 0a49 F17C8341 		.ascii	"\361|\203A6?\302`\300\037\207\031\360\" \275a!\320b"
 373      363FC260 
 373      C01F8719 
 373      F02220BD 
 373      6121D062 
 374 0a5d D962FD9F 		.ascii	"\331b\375\237\0153\245\206\230\277\260\351\364\037F"
ARM GAS  /var/folders/qd/4mxf5pkd0zdf0b9dd1hp39180000gn/T//cccFH2Ye.s 			page 30


 374      0D33A586 
 374      98BFB0E9 
 374      F41F46
 375 0a6c 2C8A0043 		.ascii	",\212\000CtT\337\262\220\340/@\271\206\230c\\\012a\015"
 375      7454DFB2 
 375      90E02F40 
 375      B9869863 
 375      5C0A610D 
 376 0a80 332F535B 		.ascii	"3/S[\254\304ZK\224\321\246a\2571\246\370\317\2156\245"
 376      ACC45A4B 
 376      94D1A661 
 376      AF31A6F8 
 376      CF8D36A5 
 377 0a94 C51A638D 		.ascii	"\305\032c\2152\033m^F\321l\243%\326b{WW#\271\237\215"
 377      321B6D5E 
 377      46D16CA3 
 377      25D6627B 
 377      575723B9 
 378 0aaa CF074797 		.ascii	"\317\007G\227\257\264\256\212#r=#\227-\267\231>\015"
 378      AFB4AE8A 
 378      23723D23 
 378      972DB799 
 378      3E0D
 379 0abc FADDDCB9 		.ascii	"\372\335\334\271\301\012\366\256b\313o\256\321\346!"
 379      C10AF6AE 
 379      62CB6FAE 
 379      D1E621
 380 0acb B62A4378 		.ascii	"\266*CxD\270\341\257\341a\301X\037\001n\207\351\015"
 380      44B8E1AF 
 380      E161C158 
 380      1F016E87 
 380      E90D
 381 0add 1EF396CC 		.ascii	"\036\363\226\314\017\011\377\210\266\241\320*\346-\234"
 381      0F09FF88 
 381      B6A1D02A 
 381      E62D9C
 382 0aec 0F8D9274 		.ascii	"\017\215\222t\033\"\226\322\227P\362\202\365\213\014"
 382      1B2296D2 
 382      9750F282 
 382      F58B0C
 383 0afb 32FD070B 		.ascii	"2\375\007\013\014\274\336 'm\250\247A\257\267{\375_"
 383      0CBCDE20 
 383      276DA8A7 
 383      41AFB77B 
 383      FD5F
 384 0b0d 2D127C7D 		.ascii	"-\022|}"
 385              		.text
 386              		.section	.gnu.lto_.symtab.7297ac929929d22b,"",%progbits
 387 0000 5F70616C 		.ascii	"_pal_lld_init\000"
 387      5F6C6C64 
 387      5F696E69 
 387      7400
 388 000e 00       		.ascii	"\000"
 389 000f 00       		.ascii	"\000"
 390 0010 00       		.ascii	"\000"
 391 0011 00000000 		.ascii	"\000\000\000\000\000\000\000\000"
 391      00000000 
ARM GAS  /var/folders/qd/4mxf5pkd0zdf0b9dd1hp39180000gn/T//cccFH2Ye.s 			page 31


 392 0019 0B010000 		.ascii	"\013\001\000\000"
 393 001d 5F70616C 		.ascii	"_pal_lld_setgroupmode\000"
 393      5F6C6C64 
 393      5F736574 
 393      67726F75 
 393      706D6F64 
 394 0033 00       		.ascii	"\000"
 395 0034 00       		.ascii	"\000"
 396 0035 00       		.ascii	"\000"
 397 0036 00000000 		.ascii	"\000\000\000\000\000\000\000\000"
 397      00000000 
 398 003e 11010000 		.ascii	"\021\001\000\000"
 399              		.text
 400              		.section	.gnu.lto_.opts,"",%progbits
 401 0000 272D666D 		.ascii	"'-fmath-errno' '-fsigned-zeros' '-ftrapping-math' '"
 401      6174682D 
 401      6572726E 
 401      6F272027 
 401      2D667369 
 402 0033 2D666E6F 		.ascii	"-fno-trapv' '-fno-openmp' '-fno-openacc' '-mcpu=cor"
 402      2D747261 
 402      70762720 
 402      272D666E 
 402      6F2D6F70 
 403 0066 7465782D 		.ascii	"tex-m3' '-mno-thumb-interwork' '-mthumb' '-O2' '-fo"
 403      6D332720 
 403      272D6D6E 
 403      6F2D7468 
 403      756D622D 
 404 0099 6D69742D 		.ascii	"mit-frame-pointer' '-ffunction-sections' '-fdata-se"
 404      6672616D 
 404      652D706F 
 404      696E7465 
 404      72272027 
 405 00cc 6374696F 		.ascii	"ctions' '-fno-common' '-flto'\000"
 405      6E732720 
 405      272D666E 
 405      6F2D636F 
 405      6D6D6F6E 
 406              		.text
 407              		.comm	__gnu_lto_v1,1,1
 408              		.comm	__gnu_lto_slim,1,1
 409              		.ident	"GCC: (GNU Tools for Arm Embedded Processors 7-2017-q4-major) 7.2.1 20170904 (release) [ARM
ARM GAS  /var/folders/qd/4mxf5pkd0zdf0b9dd1hp39180000gn/T//cccFH2Ye.s 			page 32


DEFINED SYMBOLS
                            *ABS*:0000000000000000 pal_lld.c
                            *COM*:0000000000000001 __gnu_lto_v1
                            *COM*:0000000000000001 __gnu_lto_slim

NO UNDEFINED SYMBOLS
