ARM GAS  /var/folders/qd/4mxf5pkd0zdf0b9dd1hp39180000gn/T//ccTocAAg.s 			page 1


   1              		.cpu cortex-m3
   2              		.eabi_attribute 20, 1
   3              		.eabi_attribute 21, 1
   4              		.eabi_attribute 23, 3
   5              		.eabi_attribute 24, 1
   6              		.eabi_attribute 25, 1
   7              		.eabi_attribute 26, 1
   8              		.eabi_attribute 30, 2
   9              		.eabi_attribute 34, 1
  10              		.eabi_attribute 18, 4
  11              		.file	"st.c"
  12              		.section	.gnu.lto_.profile.8c2845d5e23005d,"",%progbits
  13 0000 789C6363 		.ascii	"x\234cc```\001bF\006)\036\000\000\270\0002"
  13      60606001 
  13      62460629 
  13      1E0000B8 
  13      0032
  14              		.text
  15              		.section	.gnu.lto_.icf.8c2845d5e23005d,"",%progbits
  16 0000 789C6363 		.ascii	"x\234cc``\220g@\000V\206\023sg\277\344bl;u\3504#\323"
  16      60609067 
  16      40005686 
  16      137367BF 
  16      E4626C3B 
  17 0019 FE377D2F 		.ascii	"\3767}/\271\231\247-\356Nc\371u|\321\001F\006\000\352"
  17      B999A72D 
  17      EE4E63F9 
  17      757CD101 
  17      460600EA 
  18 002d 1F0E81   		.ascii	"\037\016\201"
  19              		.text
  20              		.section	.gnu.lto_.jmpfuncs.8c2845d5e23005d,"",%progbits
  21 0000 789C6363 		.ascii	"x\234cc``\220a@\000V\020\301\010\004\365s\230\031\230"
  21      60609061 
  21      40005610 
  21      C10804F5 
  21      73981998 
  22 0014 181898A1 		.ascii	"\030\030\230\241L\026\2400\000#\314\002t"
  22      4C16A030 
  22      0023CC02 
  22      74
  23              		.text
  24              		.section	.gnu.lto_.inline.8c2845d5e23005d,"",%progbits
  25 0000 789C6363 		.ascii	"x\234cc``He@\000V\006\006\026\036F\006& \223m\201<\210"
  25      60604865 
  25      40005606 
  25      06161E46 
  25      06262093 
  26 0018 6260E402 		.ascii	"b`\344\002\021\014l\254@a\266\017zpq&\006\026f\240\020"
  26      110C6CAC 
  26      4061B60F 
  26      7A707126 
  26      061666A0 
  27 002d D3057EB8 		.ascii	"\323\005~\270\0203\246\020\013\246\020\003\000\234z"
  27      1033A610 
  27      0BA61003 
  27      009C7A
ARM GAS  /var/folders/qd/4mxf5pkd0zdf0b9dd1hp39180000gn/T//ccTocAAg.s 			page 2


  28 003c 086F     		.ascii	"\010o"
  29              		.text
  30              		.section	.gnu.lto_.pureconst.8c2845d5e23005d,"",%progbits
  31 0000 789C6363 		.ascii	"x\234cc``\340\006bV\006\011F)&)f)\026)\000\004\001\000"
  31      6060E006 
  31      62560609 
  31      46292629 
  31      66291629 
  32 0018 A1       		.ascii	"\241"
  33              		.text
  34              		.section	.gnu.lto_stInit.8c2845d5e23005d,"",%progbits
  35 0000 789C6363 		.ascii	"x\234cc``X\001\304\322P\314\310\314\300\3104\341\034"
  35      60605801 
  35      C4D250CC 
  35      C8CCC0C8 
  35      34E11C
  36 0013 03432307 		.ascii	"\003C#\007\023##\210\321\300\301\310P\317\304X\317\330"
  36      13232388 
  36      D1C0C1C8 
  36      50CFC458 
  36      CFD8
  37 0025 C33C8599 		.ascii	"\303<\205\231\361P\373\263\235L\232\313\033\200\340"
  37      F150FBB3 
  37      9D4C9ACB 
  37      1B80E0
  38 0034 C0F41F92 		.ascii	"\300\364\037\222\015+\0160\316af`\230\006\304 \300\270"
  38      0D2B0E30 
  38      CE616660 
  38      9806C420 
  38      C0B8
  39 0046 99519301 		.ascii	"\231Q\223\001\250\354\321\306\177Sy\331X \342\214[\030"
  39      A8ECD1C6 
  39      7F5379D9 
  39      5820E28C 
  39      5B18
  40 0058 D9181881 		.ascii	"\331\030\030\201\214\365\227X\0174\374\373\337\336p"
  40      8CF59758 
  40      0F34FCFB 
  40      DFDE70
  41 0067 E0CE22C6 		.ascii	"\340\316\"\306\377\254@\271\016 \006Z\322p\200\241\223"
  41      FFAC40B9 
  41      0E20065A 
  41      D27080A1 
  41      93
  42 0078 9909C46A 		.ascii	"\231\011\304j>\300\360\206\261y\301oi\260&\240I;w\276"
  42      3EC0F086 
  42      B179C16F 
  42      69B026A0 
  42      493B77BE 
  43 008c B9CD5EFF 		.ascii	"\271\315^\377\267\201c\0163\3434f\240)\214[\031\353"
  43      B781630E 
  43      33E33466 
  43      A0298C5B 
  43      19EB
  44 009e 19E60055 		.ascii	"\031\346\000U\277clZ\360\237\033\254\016\004:\200\222"
  44      BF636C5A 
  44      F09F1BAC 
ARM GAS  /var/folders/qd/4mxf5pkd0zdf0b9dd1hp39180000gn/T//ccTocAAg.s 			page 3


  44      0E043A80 
  44      92
  45 00af 40039818 		.ascii	"@\003\230\030\030$\365\364\364!(\277X?#1G\277\270(Y"
  45      1824F5F4 
  45      F42128BF 
  45      583F2331 
  45      47BFB828 
  46 00c4 BFB8442F 		.ascii	"\277\270D/\231\001\000\371^AK"
  46      990100F9 
  46      5E414B
  47              		.text
  48              		.section	.gnu.lto_stStartAlarm.8c2845d5e23005d,"",%progbits
  49 0000 789C9552 		.ascii	"x\234\225R\317kSA\020\236\357m\372^\015\032\017^\024"
  49      CF6B5341 
  49      109EEF6D 
  49      FA5E0D1A 
  49      0F5E14
  50 0013 73E8A1A5 		.ascii	"s\350\241\245\324C\226\350\305?@\004\241=\331\2037\251"
  50      D44396E8 
  50      C53F4004 
  50      A13DD983 
  50      37A9
  51 0025 51A810A9 		.ascii	"Q\250\020\2514\301\243\335\306\304\264&\242\2076b\210"
  51      34C1A3DD 
  51      C6C4B426 
  51      A2873662 
  51      88
  52 0036 FAB0168D 		.ascii	"\372\260\026\215\022Z\177\333Z\3533V=\210U\013\"\202"
  52      125A7FDB 
  52      5AEB3356 
  52      3D88550B 
  52      2282
  53 0048 87A29016 		.ascii	"\207\242\220\026\221\242\245 \242Tg7Q\252']\336\356"
  53      91A2A520 
  53      A2546737 
  53      51AA275D 
  53      DEEE
  54 005a 9B19BEF9 		.ascii	"\233\031\276\371\346\233\331\265\211h\322\"\332\305"
  54      E69BD9B5 
  54      8968D222 
  54      DAC5
  55 0068 FF8DBC21 		.ascii	"\377\215\274!\010\326\311i\242\336z\013\320\206\252"
  55      08D6C969 
  55      A2DE7A0B 
  55      D086AA
  56 0077 07F558E8 		.ascii	"\007\365X\350AV\014\010\224\323\2251\253\345\242\342"
  56      41560C08 
  56      94D39531 
  56      ABE5A2E2 
  57 0087 E59D1AB7 		.ascii	"\345\235\032\267\217\252\324\372\202 \312\361\326\013"
  57      8FAAD4FA 
  57      8220CAF1 
  57      D60B
  58 0095 D7D1C2A8 		.ascii	"\327\321\302\250\227\311\321\202\310\210\202\000|\354"
  58      97C9D182 
  58      C8888200 
  58      7CEC
ARM GAS  /var/folders/qd/4mxf5pkd0zdf0b9dd1hp39180000gn/T//ccTocAAg.s 			page 4


  59 00a3 7E7E967F 		.ascii	"~~\226\177\037\320\256\205\006v\277]\036}\273V\004A"
  59      1FD0AE85 
  59      0676BF5D 
  59      1E7DBB56 
  59      0441
  60 00b5 6C9F2F9D 		.ascii	"l\237/\235\030\266\233\207\225J(\357\343\220P\215\005"
  60      18B69B87 
  60      954A28EF 
  60      E390508D 
  60      05
  61 00c6 21700B82 		.ascii	"!p\013\202\011q\023A\334@\2208D\270\215f\215\177wuy"
  61      09711341 
  61      DC409038 
  61      44B88D66 
  61      8D7F7775 
  62 00db 708DED73 		.ascii	"p\215\355s\177\325\304\035\330\0046Ff\352<\265\374#"
  62      7FD5C41D 
  62      D8043646 
  62      66EA3CB5 
  62      FC23
  63 00ed ADBCA50B 		.ascii	"\255\274\245\013x\265\335f\365:\205\372\030\305m(\217"
  63      78B5DD66 
  63      F53A85FA 
  63      18C56D28 
  63      8F
  64 00fe FA85A5AD 		.ascii	"\372\205\245\255#\036U`i\256~\357\330\224_4\032\035"
  64      231E5560 
  64      69AE7EEF 
  64      D8945F34 
  64      1A1D
  65 0110 AF33C979 		.ascii	"\2573\311y\247i\310\350X8\275:\257\274d\203\2262\366"
  65      A769C8E8 
  65      5838BD3A 
  65      AFBC6483 
  65      9632F6
  66 0123 A714D3E3 		.ascii	"\247\024\323\3438\232\362\314\365\001\345\374\3277\337"
  66      389AF2CC 
  66      F501E5FC 
  66      D737DF
  67 0132 07B6FE96 		.ascii	"\007\266\376\226\225\254\216e\306\026\032c\264\345\004"
  67      95AC8E65 
  67      C6161A63 
  67      B4E504
  68 0141 56C826DC 		.ascii	"V\310&\334\205\215\011-\231\017\216\347R\345\347\216"
  68      858D092D 
  68      990F8EE7 
  68      52E5E78E 
  69 0151 9E8CCFC0 		.ascii	"\236\214\317\300\246K_>\371\253\256\246\322\263s\317"
  69      A64B5F3E 
  69      F9ABAEA6 
  69      D2B373CF 
  70 0161 CCAD7271 		.ascii	"\314\255rq\026\005Q\207IVqO\253\340x\272\362\364E@\226"
  70      16055187 
  70      4956714F 
  70      ABE078BA 
  70      F2F44540 
  71 0176 54B257CD 		.ascii	"T\262W\315\316-\256[\344$\033\367\341b\220\033\326e"
ARM GAS  /var/folders/qd/4mxf5pkd0zdf0b9dd1hp39180000gn/T//ccTocAAg.s 			page 5


  71      CE2DAE5B 
  71      E4241BF7 
  71      E162901B 
  71      D665
  72 0188 34C8CB26 		.ascii	"4\310\313&\212NxD\203\334kL\341\300\203\304\246`\015"
  72      8A4E7844 
  72      83DC6B4C 
  72      E1C083C4 
  72      A6600D
  73 019b 810708D7 		.ascii	"\201\007\010\327:Y\232\277\224\012\324D\375CI\367\260"
  73      3A599ABF 
  73      940AD444 
  73      FD4349F7 
  73      B0
  74 01ac 262B9B72 		.ascii	"&+\233r\250\221=\204\\\331\221\303\361)\3164\344\305"
  74      A8913D84 
  74      5CD991C3 
  74      F129CE34 
  74      E4C5
  75 01be FF277F64 		.ascii	"\377'\177d\310\255\032\371cC>q.[\364W\311-<\341\314"
  75      C8AD1AF9 
  75      63433E71 
  75      2E5BF457 
  75      C92D3CE1 
  76 01d3 0A12B399 		.ascii	"\012\022\263\231bDO\332\214\234\026\220p\257\034\207"
  76      62444FDA 
  76      8C9C1690 
  76      70AF1C87 
  77 01e3 79167AF5 		.ascii	"y\026z\365\261<\276t~\341\033B!Y\375\272b\262\263#*"
  77      B13CBE74 
  77      7EE11B42 
  77      2159FDBA 
  77      62B2B323 
  78 01f8 63DD1119 		.ascii	"c\335\021\031\213\207\"\344t\354\211\305\367\037\330"
  78      8B8722E4 
  78      74EC89C5 
  78      F71FD8
  79 0207 E7D387FC 		.ascii	"\347\323\207\374\033v\260\253;\036\223;\333\333\266"
  79      1B76B0AB 
  79      3B1E933B 
  79      DBDBB6
  80 0216 6C96ADAD 		.ascii	"l\226\255\255\333d\373\216\266CaN\334\035\215\356\015"
  80      DB64FB8E 
  80      B643614E 
  80      DC1D8DEE 
  80      0D
  81 0227 75D24FFE 		.ascii	"u\322O\376v\373\022"
  81      76FB12
  82              		.text
  83              		.section	.gnu.lto_stStopAlarm.8c2845d5e23005d,"",%progbits
  84 0000 789C5D4F 		.ascii	"x\234]O\317KBA\020\236\357\255\275,\250kE\336:yyKE\377"
  84      CF4B4241 
  84      109EEFAD 
  84      BD2CA86B 
  84      45DE3A79 
  85 0018 4104519E 		.ascii	"A\004Q\236\362\036a\007\017\202\241\322\325\2654\015"
  85      F21E6107 
ARM GAS  /var/folders/qd/4mxf5pkd0zdf0b9dd1hp39180000gn/T//ccTocAAg.s 			page 6


  85      0F82A1D2 
  85      D5B5340D 
  86 0028 3B7448BB 		.ascii	";tH\273X\010\035:IH?\255\210\207t\013,\372\013\244\203"
  86      58081D3A 
  86      49483FAD 
  86      8887740B 
  86      2CFA0BA4 
  87 003d 41444445 		.ascii	"ADDEE\2205\353\203\220\206\235\335\331o\276\231o\306"
  87      459035EB 
  87      8390869D 
  87      DDD96FBE 
  87      996FC6
  88 0050 24A23110 		.ascii	"$\2421\020M\361;\310\016A0\326kD\011\267\001\350@\271"
  88      4DF13BC8 
  88      0E4130D6 
  88      6B4409B7 
  88      01E840B9 
  89 0064 41710371 		.ascii	"Aq\003q\254\211\015\201j\272Q1\274\273\212\315\336|"
  89      AC890D81 
  89      6ABA5131 
  89      BCBB8ACD 
  89      DE7C
  90 0076 375754AA 		.ascii	"7WT\252\277 \210\362\354\332\260\017/1\355\256\334\314"
  90      BF2088F2 
  90      ECDAB00F 
  90      2F31EDAE 
  90      DCCC
  91 0088 F5982E07 		.ascii	"\365\230.\007\307\001Lb\015\332\273\355\260U\363'\255"
  91      C7014C62 
  91      0DDABBED 
  91      B055F327 
  91      AD
  92 0099 ECCB1D7C 		.ascii	"\354\313\035|Op.\303\316\"\312\246Ua\350h\331\246\007"
  92      4F702EC3 
  92      CE22CAA6 
  92      5561E868 
  92      D9A607
  93 00ac 54DF3ECF 		.ascii	"T\337>\317\037s\326_\237\244#\367e\212V\257\274@\273"
  93      1F73D65F 
  93      9FA423F7 
  93      658A56AF 
  93      BC40BB
  94 00bf 060E61E2 		.ascii	"\006\016a\342HK\360\305x>U\275\356\314\212\202@\213"
  94      484BF0C5 
  94      783E55BD 
  94      EECC8A82 
  94      408B
  95 00d1 562B7D3C 		.ascii	"V+}<w;_\335\306\305Pq\353\276\253\210m\024\204\201\023"
  95      773B5FDD 
  95      C6C55071 
  95      EBBEAB88 
  95      6D148481 
  96 00e6 78700C0F 		.ascii	"xp\014\017ij\272qu\323+K*\231P\365\327r\337\013\027"
  96      696ABA71 
  96      75D32B4B 
  96      2A9950F5 
  96      D772DF0B 
ARM GAS  /var/folders/qd/4mxf5pkd0zdf0b9dd1hp39180000gn/T//ccTocAAg.s 			page 7


  97 00fb 09545044 		.ascii	"\011TPD\216\307\3242\204S\310v\011\236\004g\\\375\204"
  97      8EC7D432 
  97      8453C876 
  97      099E0467 
  97      5CFD84
  98 010e A57AF662 		.ascii	"\245z\366b\250\265\251\266\014'x\033\203h\300\262\244"
  98      A8B5A9B6 
  98      0C27781B 
  98      8368C0B2 
  98      A4
  99 011f 73C25119 		.ascii	"s\302Q\031\234\013\311h$ \2431+@\362\177f!\034\211E"
  99      9C0BC968 
  99      2420A331 
  99      2B40F27F 
  99      66211C89 
 100 0134 E58CDF37 		.ascii	"\345\214\3377:\"\247\247\307\245\177\322\2678\314\334"
 100      3A22A7A7 
 100      C7A57FD2 
 100      B738CCDC 
 101 0144 D95068DE 		.ascii	"\331Ph\336\012\322/\002\215~\213"
 101      0AD22F02 
 101      8D7E8B
 102              		.text
 103              		.section	.gnu.lto_stSetAlarm.8c2845d5e23005d,"",%progbits
 104 0000 789C5D92 		.ascii	"x\234]\222\317KTQ\024\307\317\367\335\347{&e\333\244"
 104      CF4B5451 
 104      14C7CFF7 
 104      DDE77B26 
 104      65DBA4
 105 0013 59B850C4 		.ascii	"Y\270P\304\026s\231\332\364\007\004\021\350*\027\355"
 105      167399DA 
 105      F4070411 
 105      E82A17ED 
 106 0023 C2A6C060 		.ascii	"\302\246\300`\302\360\015m\275Nc\243\215T\213\234`x"
 106      C2F00D6D 
 106      BD4E63A3 
 106      8D548B9C 
 106      6078
 107 0035 C6239328 		.ascii	"\306#\223(\0304\373\251i\335\206v\321\364c\023\201\201"
 107      1834FBA9 
 107      69DD8676 
 107      D1F46313 
 107      8181
 108 0047 548CD122 		.ascii	"T\214\321\"\312M\204`\235\363\246\242\272\274{\3379"
 108      CA4D8460 
 108      9DF3A6A2 
 108      BABC7BDF 
 108      39
 109 0058 87EF39F7 		.ascii	"\207\3579\367s\016\327#\"\327!:\304\377\235\274\241"
 109      730ED723 
 109      22D7213A 
 109      C4FF9DBC 
 109      A1
 110 0069 08CE851A 		.ascii	"\010\316\205\032\321H\263\003\210a\232A\303\016\206"
 110      D148B303 
 110      88619A41 
 110      C30E86
ARM GAS  /var/folders/qd/4mxf5pkd0zdf0b9dd1hp39180000gn/T//ccTocAAg.s 			page 8


 111 0078 31A12E2A 		.ascii	"1\241.*T\013\365\005\247\373\232\341e/\315\373g\314"
 111      540BF505 
 111      A7FB9AE1 
 111      652FCDFB 
 111      67CC
 112 008a E88E5011 		.ascii	"\350\216P\021\225x\313\302-t\263\352e~.TE\025*\300e"
 112      9578CBC2 
 112      2D74B3EA 
 112      657E2E54 
 112      45152AC0 
 113 009f F7EBB3F2 		.ascii	"\367\353\263\362\373Vq\035\264\263\273qcne\273J\200"
 113      FB56711D 
 113      B4B3BB71 
 113      636E65BB 
 113      4A80
 114 00b1 D8BE5239 		.ascii	"\330\276R9?\343u\315\030\2233veZ\231\216P)\334\205\342"
 114      3FE375CD 
 114      18933376 
 114      655A998E 
 114      5029DC85 
 115 00c6 82B88304 		.ascii	"\202\270\203\004n#A\034\"\334C\227\350\337\335\334\234"
 115      6E23411C 
 115      22DC4397 
 115      E8DFDDDC 
 115      9C
 116 00d7 DCE6B9D1 		.ascii	"\334\346\271\321\357;q\037\036\201\215\331WM\326l\376"
 116      EF3B711F 
 116      1E818DD9 
 116      574DD66C 
 116      FE
 117 00e8 2818FBE1 		.ascii	"(\030\373\341*\226\367\273L/)4\306*n\303X\032W\216X"
 117      2A96F7BB 
 117      4C2F2934 
 117      C62A6EC3 
 117      581A578E 
 118 00fd A72DD5E1 		.ascii	"\247-\325\341H\255q{\366I\213\352\2109^\027\363\037"
 118      48AD717B 
 118      F6498BEA 
 118      88395E17 
 118      F31F
 119 010f FDCEE998 		.ascii	"\375\316\351\230\2436\265\265ll\276]P\026\376E\211{"
 119      A336B5B5 
 119      6C6CBE5D 
 119      5016FE45 
 119      897B
 120 0121 5C446799 		.ascii	"\\Dg\231k}B\265\374\375\315Ri\357\037\254|c,\213\276"
 120      6B7D42B5 
 120      FCFDCD52 
 120      69EF1FAC 
 120      7C632C8B 
 121 0136 124DCC56 		.ascii	"\022M\314VR\370\013\233\360\000\036\226\004\231\017"
 121      52F80B9B 
 121      F0001E96 
 121      04990F
 122 0145 8E9746AB 		.ascii	"\216\227F\253\317}\231\214\033\313j\225o_Z\032\256\224"
 122      CF7D998C 
 122      1BCB6A95 
ARM GAS  /var/folders/qd/4mxf5pkd0zdf0b9dd1hp39180000gn/T//ccTocAAg.s 			page 9


 122      6F5F5A1A 
 122      AE94
 123 0157 92D94553 		.ascii	"\222\331ESk[\"\\F\250\232\360\220)\226\205\202\343\205"
 123      6B5B225C 
 123      46A89AF0 
 123      90299685 
 123      82E385
 124 016a FAD317AD 		.ascii	"\372\323\027\255\272b\362#fum\275m\235\223<<B\204In"
 124      BA62F223 
 124      66756DBD 
 124      6D9D933C 
 124      3C428449 
 125 017f 58AE1191 		.ascii	"X\256\021\221\235\310]\367S\263\"\212\346\271\204\017"
 125      9DC85DF7 
 125      53B3228A 
 125      E6B9840F 
 126 018f 0B8D5D89 		.ascii	"\013\215]\211_\012<FJ:\251#\267Z|\233\026\336\030\234"
 126      5F0A3C46 
 126      4A3AA923 
 126      B75A7C9B 
 126      16DE189C 
 127 01a3 3E23176D 		.ascii	">#\027m\234C<\\Yc\334\005\217\216\337I[2\251\033\337"
 127      9C433C5C 
 127      5963DC05 
 127      8F8EDF49 
 127      5B32A91B 
 128 01b8 60A007FA 		.ascii	"`\240\007\3723:\030J\353 \233L\223\337\177$\310\036"
 128      333A184A 
 128      EB209B4C 
 128      93DF7F24 
 128      C81E
 129 01ca 3F71CC95 		.ascii	"?q\314\225C\377/;98\224\015\364\301\276\336=\273uO\317"
 129      43FF2F3B 
 129      3938940D 
 129      F4C1BEDE 
 129      3DBB754F 
 130 01df 3EDD77A0 		.ascii	">\335w\240\367T\212\023\017g2G\223\003\364\023,\030"
 130      F7548A13 
 130      0F673247 
 130      9303F413 
 130      2C18
 131 01f1 BF9A     		.ascii	"\277\232"
 132              		.text
 133              		.section	.gnu.lto_stGetAlarm.8c2845d5e23005d,"",%progbits
 134 0000 789C5D90 		.ascii	"x\234]\220\333+DQ\024\306\327w\366\3149Fx\307(\257<"
 134      DB2B4451 
 134      14C6D777 
 134      F6CC3946 
 134      78C728AF 
 135 0015 CC6EF817 		.ascii	"\314n\370\027\224\204'\336%\036\346ajd4\257\2661B<\310"
 135      948427DE 
 135      251EE661 
 135      6A6434AF 
 135      B631423C 
 136 002a 6514874E 		.ascii	"e\024\207Ny\220\"&\343~\3514\312\213\\\377\002!J\222"
 136      79902226 
 136      E37EE934 
ARM GAS  /var/folders/qd/4mxf5pkd0zdf0b9dd1hp39180000gn/T//ccTocAAg.s 			page 10


 136      CA8B5CFF 
 136      02214A92 
 137 003e CB83A8C1 		.ascii	"\313\203\250\301\332Hr\332\227\265\326\376\265\326\367"
 137      DA4872DA 
 137      97B5D6FE 
 137      B5D6F7
 138 004d 1D938862 		.ascii	"\035\223\210b \252\345\273\2307\004\301\030:\"\352\312"
 138      20AAE5BB 
 138      983704C1 
 138      183A22EA 
 138      CA
 139 005e 31001DA8 		.ascii	"1\000\035\250\034P\247\201N\014\212Q\201\323\304\222"
 139      1C50A781 
 139      4E0C8A51 
 139      81D3C492 
 140 006e 2D0684CD 		.ascii	"-\006\204\315\230\207\323\307\303\211\313\002\235\002"
 140      9887D3C7 
 140      C389CB02 
 140      9D02
 141 007c A59CDEDD 		.ascii	"\245\234\336\335\357\247\363\312f\225\212+w\374\311"
 141      EFA7F3CA 
 141      66958A2B 
 141      77FCC9
 142 008b 9A4C9F28 		.ascii	"\232L\237(\237-\014J2\236\206\037\313\360\353\031+("
 142      9F2D0C4A 
 142      329E861F 
 142      CBF0EB19 
 142      2B28
 143 009d 23A62F52 		.ascii	"#\246/R\357c\371\246\307\021\244\001\256\257\302$\326"
 143      EF63F9A6 
 143      C711A401 
 143      AEAFC224 
 143      D6
 144 00ae 428B675E 		.ascii	"B\213g^W\275\177\364*\367j\006\331jn`\013\006\372x\263"
 144      57BD7FF4 
 144      2AF76A06 
 144      D96A6E60 
 144      0B06FA78 
 145 00c3 22E5523F 		.ascii	"\"\345R?\2278\352v\351\026\231\335\327\355\371\361\242"
 145      9738EA76 
 145      E91699DD 
 145      D7EDF9F1 
 145      A2
 146 00d4 DF7E09C5 		.ascii	"\337~\011\305\237;\362f}\365K\012\374\031EX\203\211"
 146      9F3BF266 
 146      7DF54B0A 
 146      FC194558 
 146      8389
 147 00e6 753D868F 		.ascii	"u=\206\217\011a\360S\262'sli\013\236/\362h\341\345!"
 147      0961F053 
 147      B227736C 
 147      690B9E2F 
 147      F268E1E5 
 148 00fb F73BD58D 		.ascii	"\367;\325\215\264Ig\352\306\347`\032\266\360b\223]l"
 148      B44967EA 
 148      C6E7601A 
 148      B6F06293 
ARM GAS  /var/folders/qd/4mxf5pkd0zdf0b9dd1hp39180000gn/T//ccTocAAg.s 			page 11


 148      5D6C
 149 010d 68175CEF 		.ascii	"h\027\\\357\275>8)\220\013*\321\245\316\237S%\303l\325"
 149      BD3E3829 
 149      900B2AD1 
 149      A5CE9F53 
 149      25C36CD5 
 150 0121 C4161C8C 		.ascii	"\304\026\034\214\261P=IC\356`|\316\012.j\310\3314la"
 150      B1503D49 
 150      43EE607C 
 150      CE0A2E6A 
 150      C8D9346C 
 151 0136 611B12E5 		.ascii	"a\033\022\345\376\037\002;\010\322=\342\347\003\331"
 151      FE1F023B 
 151      08D23DE2 
 151      E703D9
 152 0145 3D530B66 		.ascii	"=S\013fQ\374\007\330+\264C\216\013\003\001\371\275\""
 152      51FC07D8 
 152      2BB4438E 
 152      0B0301F9 
 152      BD22
 153 0157 51196A0E 		.ascii	"Q\031j\016\313h{\213\214v\004ZH\376\177i\213\264wDe"
 153      CB687B8B 
 153      8C76045A 
 153      48FE7F69 
 153      8BB47744 
 154 016c 43637D65 		.ascii	"Cc}e\205\254\253\253\222\2155\365\261 \263M\341pk D"
 154      85ACABAB 
 154      928D35F5 
 154      B120B34D 
 154      E1706B20 
 155 0181 9FAAA192 		.ascii	"\237\252\241\222\365"
 155      F5
 156              		.text
 157              		.section	.gnu.lto_.symbol_nodes.8c2845d5e23005d,"",%progbits
 158 0000 789C55C8 		.ascii	"x\234U\310K\015\2000\020\006\341\331\226\242\013Dq\376"
 158      4B0D8030 
 158      1006E1D9 
 158      96A20B44 
 158      71FE
 159 0012 57022250 		.ascii	"W\002\"P\201\0104`\200\247\000B\341\266\207\311$_\013"
 159      81083460 
 159      80A70042 
 159      E1B687C9 
 159      245F0B
 160 0025 0C35D286 		.ascii	"\0145\322\206`\\\3706{_eG\026\345@)\312\211r\224\013"
 160      605CF836 
 160      7B5F6547 
 160      16E54029 
 160      CA897294 
 161 003a 3541EC46 		.ascii	"5A\354F\345\027p\357 S\230\326\307x\001V\203\037\016"
 161      E51770EF 
 161      205398D6 
 161      C7780156 
 161      831F0E
 162              		.text
 163              		.section	.gnu.lto_.refs.8c2845d5e23005d,"",%progbits
 164 0000 789C6363 		.ascii	"x\234cc```\004b\006\000\000D\000\010"
ARM GAS  /var/folders/qd/4mxf5pkd0zdf0b9dd1hp39180000gn/T//ccTocAAg.s 			page 12


 164      60606004 
 164      62060000 
 164      440008
 165              		.text
 166              		.section	.gnu.lto_.decls.8c2845d5e23005d,"",%progbits
 167 0000 789CC557 		.ascii	"x\234\305WkP\024\331\025\356\333w\300qx\271\243eiB\252"
 167      6B5014D9 
 167      15EEDB77 
 167      C07178B9 
 167      A3656942 
 168 0015 2C0B4BAA 		.ascii	",\013K\252\2620\202\273Qk\267R\353\216\306l\325\262"
 168      B23082BB 
 168      516BB752 
 168      EB8EC66C 
 168      D5B2
 169 0027 498DA62A 		.ascii	"I\215\246*\225\037\231%8\273N\026\006\302\214\251\354"
 169      951F9925 
 169      38BB4E16 
 169      06C28CA9 
 169      EC
 170 0038 AF342F61 		.ascii	"\2574/a}\254\240\370\000e\001\021\024E\004\025\020\020"
 170      7DACA0F8 
 170      00650111 
 170      14450415 
 170      1010
 171 004a 45400404 		.ascii	"E@\004\004\305\021Q\344!\342\013q\303\313\007**9\367"
 171      C51151E4 
 171      21E20B71 
 171      C3CB072A 
 171      2A39F7
 172 005d DE6EBA69 		.ascii	"\336n\272i`\327?\251tq\206>\367~\367;\337=\347\336\356"
 172      60D73FA9 
 172      7471863E 
 172      F77EF73B 
 172      DF3DE7DE 
 173 0072 DBAE1CC7 		.ascii	"\333\256\034\307\335z\217\343V`\216;\2148n\014.Wh;\017"
 173      DD7A8FE3 
 173      56608E3B 
 173      8C386E0C 
 173      2E57683B 
 174 0087 062E57C9 		.ascii	"\006.W\311\261\213\264\325\2015\202]\006k\006\273\006"
 174      B18BB4D5 
 174      8135825D 
 174      066B06BB 
 174      06
 175 0098 769D9B7C 		.ascii	"v\235\233|%\301@\240\343\276\004k\005\273(\266\363\""
 175      25C140A0 
 175      E3BE046B 
 175      05BB28B6 
 175      F322
 176 00aa C7546352 		.ascii	"\307TcR`\214V\034\243\007\233#\306\376\005\264\317\007"
 176      608C561C 
 176      A3079B23 
 176      C6FE05B4 
 176      CF07
 177 00bc EB83FB0E 		.ascii	"\353\203\373\016\216\361j\300w\005sA\214\223h\362FL"
 177      8EF16AC0 
ARM GAS  /var/folders/qd/4mxf5pkd0zdf0b9dd1hp39180000gn/T//ccTocAAg.s 			page 13


 177      77057341 
 177      8C9368F2 
 177      464C
 178 00ce EFAFD144 		.ascii	"\357\257\321D\3364\3605\"\257\304\325!\316M\032O\346"
 178      DE34F035 
 178      22AFC4D5 
 178      21CE4D1A 
 178      4FE6
 179 00e0 E3A71A47 		.ascii	"\343\247\032G\256\314w\324\204DM\274\230\027\203\250"
 179      AECC77D4 
 179      84444DBC 
 179      981783A8 
 180 00f0 65998AF3 		.ascii	"e\231\212\363\220\310\247\344Z\3743|$\307+D\276\217"
 180      90C8A7E4 
 180      5AFC337C 
 180      24C72B44 
 180      BE8F
 181 0102 547CC918 		.ascii	"T|\311\030u\326\345\036\305[0Z\254C\244r^\320t\374\307"
 181      75D6E51E 
 181      C55B305A 
 181      AC43A472 
 181      5ED074FC 
 182 0117 D2971EAC 		.ascii	"\322\227\036\254\211 \316D\245\325\317\300<\275o\335"
 182      8920CE44 
 182      A5D5CFC0 
 182      3CBD6FDD 
 183 0127 5176DCDD 		.ascii	"Qv\334\335?O`\227\366#\016\025!,Q9\267\017\037\234\201"
 183      3F4F6097 
 183      F6230E15 
 183      212C5139 
 183      B70F1F9C 
 184 013c 7D28F06A 		.ascii	"}(\360jl\301~B\253\327!\015\270CM\251w=\301\235\243"
 184      6CC17E42 
 184      ABD7210D 
 184      B8434DA9 
 184      773DC19D 
 185 0151 430B9231 		.ascii	"C\013\2221\177\273m\264\303\023\351|\023\004!Z\310\210"
 185      7FBB6DB4 
 185      C313E97C 
 185      1304215A 
 185      C888
 186 0163 1166FE9E 		.ascii	"\021f\376\236C\245\310\033\235F\336\034*G\276$t1\362"
 186      43A5C81B 
 186      9D46DE1C 
 186      2A47BE24 
 186      7431F2
 187 0176 E7D02968 		.ascii	"\347\320)h<\011\2159$\\\345\330\263\305I\361\202\300"
 187      3C098D39 
 187      245CE5D8 
 187      B3C549F1 
 187      82C0
 188 0188 A332A443 		.ascii	"\2432\244C%\010S\014\314l\261\216\011\310=\230t\300"
 188      2508530C 
 188      CC6CB18E 
 188      09C83D98 
 188      74C0
 189 019a 155723A2 		.ascii	"\025W#\242\200/\337w\377\002?]\214\263\323\306xX\272"
ARM GAS  /var/folders/qd/4mxf5pkd0zdf0b9dd1hp39180000gn/T//ccTocAAg.s 			page 14


 189      802FDF77 
 189      FF023F5D 
 189      8CB3D3C6 
 189      7858BA
 190 01ad B0368EC4 		.ascii	"\2606\216\304\250\200\030g\344\030\020\222\005\331^"
 190      A8801867 
 190      E4181092 
 190      05D95E
 191 01bc D4FEDA0B 		.ascii	"\324\376\332\013_\247\371\340\343\256\024?\2326\310"
 191      5FA7F9E0 
 191      E3AE143F 
 191      9A36C8
 192 01cb F9E927D2 		.ascii	"\371\351'\322\356\263\267E\020\026\240J\010rN\016RA"
 192      EEB3B745 
 192      1016A04A 
 192      08724E0E 
 192      5241
 193 01dd 83905608 		.ascii	"\203\220V\010T;VU\212o\243N\004UD\032\232d\204\330/"
 193      543B5655 
 193      8A6FA34E 
 193      0455441A 
 193      9A6484D8 
 194 01f2 FC2746FD 		.ascii	"\374'F\3751\351B\254\035Zy\366O\204\022G\032\202\306"
 194      31E942AC 
 194      1D5A79F6 
 194      4F841247 
 194      1A82C6
 195 0205 5B789183 		.ascii	"[x\221\203\227x\351\237H\200\224\254\254\237\205\223"
 195      9778E99F 
 195      488094AC 
 195      AC9F8593 
 196 0215 2EB6C6D8 		.ascii	".\266\306\330\215b\034k\342\345`\212!\223\264r\343\335"
 196      8D621C6B 
 196      E2E5608A 
 196      2193B472 
 196      E3DD
 197 0227 E3A2E449 		.ascii	"\343\242\344I\"qMU9\243zu\335\250\013z\377\302q\211"
 197      22714D55 
 197      39A37A75 
 197      DDA80B7A 
 197      FFC27189 
 198 023b DA30BABA 		.ascii	"\3320\272\272\342O\364\337v\301\2731u.\214\215Tz\261"
 198      E24FF4DF 
 198      76C1BB31 
 198      752E8C8D 
 198      547AB1
 199 024e A5C69355 		.ascii	"\245\306\223U8\330\230\346\306\226\332,p\363\266\216"
 199      38D898E6 
 199      C696DA2C 
 199      70F3B68E 
 200 025e 25BBCCDB 		.ascii	"%\273\314\333M\322\236\030#\314\342\321\227sQ-\024\343"
 200      4DD29E18 
 200      23CCE2D1 
 200      9773512D 
 200      14E3
 201 0270 02148343 		.ascii	"\002\024\203C\027\321<\370\265iX\260\332\206\236K\272"
 201      17D13CF8 
ARM GAS  /var/folders/qd/4mxf5pkd0zdf0b9dd1hp39180000gn/T//ccTocAAg.s 			page 15


 201      B56958B0 
 201      DA869E4B 
 201      BA
 202 0281 85194246 		.ascii	"\205\031BF\267P9\360x\311\303S\202\000KA\320\020\030"
 202      B75039F0 
 202      78C9C353 
 202      82004B41 
 202      D01018
 203 0294 AA91CB54 		.ascii	"\252\221\313TC\326<\252F\335\010U\241\333 \255\016-"
 203      43D63CAA 
 203      46DD0855 
 203      A1DB20AD 
 203      0E2D
 204 02a6 84E13179 		.ascii	"\204\3411y\2676\273\340\022\246\252 \357X\247V\303\263"
 204      B736BBE0 
 204      12A6AA20 
 204      EF58A756 
 204      C3B3
 205 02b8 6A9208D0 		.ascii	"j\222\010\320&li\331\3415\255\226KTK\003\022\305\264"
 205      266C69D9 
 205      E135AD96 
 205      4B544B03 
 205      12C5B4
 206 02cb DDE8DBED 		.ascii	"\335\350\333\355\001b\272AL\337\374T\2412Z \313\022"
 206      0162BA41 
 206      4CDFFC54 
 206      A1325A20 
 206      CB12
 207 02dd 50A85E96 		.ascii	"P\250^\226R\257\226\322H\245\324\217\236\360\3045L\311"
 207      52AF96D2 
 207      48A5D48F 
 207      9EF0C435 
 207      4CC9
 208 02ef 9191CBAD 		.ascii	"\221\221\313\255Z\221\350\326/\307\211\310\234\232d"
 208      5A91E8D6 
 208      2FC789C8 
 208      9C9A64
 209 02fe A22635D1 		.ascii	"\242&5\321eJ\264\343\344H\272\013nfL\2151\371\365n\""
 209      654AB4E3 
 209      E448BA0B 
 209      6E664C8D 
 209      31F9F56E 
 210 0313 53C3AF26 		.ascii	"S\303\257&H\272\"3]Q35S\246\274\247\315'<p;cz\275}\323"
 210      48BA2233 
 210      5D513335 
 210      53A6BCA7 
 210      CD273C70 
 211 032d 10AFCC04 		.ascii	"\020\257\314\004I\222\234\012\347\204\262DW8\263\245"
 211      49929C0A 
 211      E784B244 
 211      5738B3A5 
 212 033d 095C4E9F 		.ascii	"\011\\N\237\233\031#\034\026\310\346\001\024\272*\307"
 212      9B19231C 
 212      16C8E601 
 212      14BA2AC7 
 213 034d BDAA8E7B 		.ascii	"\275\252\216{\215\306\035\332:\220\341\205\037\260\270"
 213      8DC61DDA 
ARM GAS  /var/folders/qd/4mxf5pkd0zdf0b9dd1hp39180000gn/T//ccTocAAg.s 			page 16


 213      3A90E185 
 213      1FB0B8
 214 035c 6343F9AD 		.ascii	"cC\371\255.\204\0126\341\215\267\037\247\025\364\012"
 214      2E840A36 
 214      E18DB71F 
 214      A715F40A 
 215 036c 093ABA0C 		.ascii	"\011:\272\014P\213\314\324\">\323\320u\312\220\376z"
 215      508BCCD4 
 215      223ED3D0 
 215      75CA90FE 
 215      7A
 216 037d 34C5D37D 		.ascii	"4\305\323}\363\370\026\247pi\227s\250\025\271S0\374"
 216      F3F816A7 
 216      70699773 
 216      A815B953 
 216      30FC
 217 038f 0770C99D 		.ascii	"\007p\311\235]\347f\262\325x\223DL-\177\332\340\302"
 217      5DE766B2 
 217      D5789344 
 217      4C2D7FDA 
 217      E0C2
 218 03a1 7C2DE9EE 		.ascii	"|-\351\356?Z\342\301Vg%\351\276\366 3\326\235u7\023"
 218      3F5AE2C1 
 218      566725E9 
 218      BEF62033 
 218      D69D7537 
 219 03b6 BFBAF5E2 		.ascii	"\277\272\365\342\240\006\037\320P\265{\235\205\253u"
 219      A0061FD0 
 219      50B57B9D 
 219      85AB75
 220 03c5 F0688979 		.ascii	"\360h\211y\247\347\027)P\343h\223\013>\314Fo\271PT+"
 220      A7E71729 
 220      50E36893 
 220      0B3ECC46 
 220      6FB95054 
 221 03da 3E82EB88 		.ascii	">\202\353\210\237\\V]\356\206\217\262\316\273\233{\252"
 221      9F5C565D 
 221      EE868FB2 
 221      CEBB9B7B 
 221      AA
 222 03eb 5D710173 		.ascii	"]q\001s$QzQTz\373\263\006\204O\261\316\362\2223\265"
 222      24517A51 
 222      547AFBB3 
 222      06844FB1 
 222      CEF29233 
 223 0400 E2049628 		.ascii	"\342\004\226(\266\227\236m\257\342\007\365\265:6\037"
 223      B6979E6D 
 223      AFE207F5 
 223      B53A361F 
 224 0410 01815FE1 		.ascii	"\001\201_\341\354\370\004\227\262\221U\303\005\207\304"
 224      ECF80497 
 224      B29155C3 
 224      0587C4
 225 041f B96170BB 		.ascii	"\271ap\273\023\253\307\274\310t\0041\215\320.g\261\227"
 225      13ABC7BC 
 225      C8740431 
 225      8DD02E67 
ARM GAS  /var/folders/qd/4mxf5pkd0zdf0b9dd1hp39180000gn/T//ccTocAAg.s 			page 17


 225      B197
 226 0431 3CFA90C1 		.ascii	"<\372\220\301\033=dSy\226X\360;}\"] \202\360\211\206"
 226      1B3D6453 
 226      799658F0 
 226      3B7D225D 
 226      2082F089 
 227 0446 3E8EEF03 		.ascii	">\216\357\003\372\036E?Bzi\014\001G\335\311\356\362"
 227      FA1E453F 
 227      427A690C 
 227      0147DDC9 
 227      EEF2
 228 0458 54A23B7E 		.ascii	"T\242;~\012\235\237\225\275G\207+\230\310}O:\037\211"
 228      0A9D9F95 
 228      BD47872B 
 228      98C87D4F 
 228      3A1F89
 229 046b F5F20537 		.ascii	"\365\362\0057\347yy\214\026\237g};\317\2465\315\300"
 229      E779798C 
 229      169F677D 
 229      3BCFA635 
 229      CDC0
 230 047d 179823BD 		.ascii	"\027\230#\275\302\364\364\025\206\242o|\212\353Y\317"
 230      C2F4F415 
 230      86A26F7C 
 230      8AEB59CF 
 231 048d B9A41D9D 		.ascii	"\271\244\035\235\01071\247?\366~\267\230\237y\340\356"
 231      083731A7 
 231      3FF67EB7 
 231      989F79E0 
 231      EE
 232 049e BAF47831 		.ascii	"\272\364x1v\262\256\267u\325\213\361Mv_[|\370\020\302"
 232      76B2AEB7 
 232      75D58BF1 
 232      4D765F5B 
 232      7CF810C2 
 233 04b2 5DCC194E 		.ascii	"]\314\031N\255}\254\303=\314\311p\356?\255\305\367\231"
 233      AD7DACC3 
 233      3DCCC970 
 233      EE3FADC5 
 233      F799
 234 04c4 93F36277 		.ascii	"\223\363bw\216;\356cNK\351\365\0047<\300\234\204\302"
 234      8E3BEE63 
 234      4E4BE9F5 
 234      04373CC0 
 234      9C84C2
 235 04d7 C2BD6EF8 		.ascii	"\302\275n\370\011s\242\313\333\222\304G`7\361\357e\337"
 235      0973A2CB 
 235      DB92C447 
 235      6037F1EF 
 235      65DF
 236 04e9 CB982956 		.ascii	"\313\230)V\305\025\374\315\316\306\021\204G\0308ipx"
 236      C515FCCD 
 236      CEC61184 
 236      47183869 
 236      7078
 237 04fb A7EBB475 		.ascii	"\247\353\264ux+\325a\011-CIQ\326\200V]\2076@\337\244"
 237      782BD561 
ARM GAS  /var/folders/qd/4mxf5pkd0zdf0b9dd1hp39180000gn/T//ccTocAAg.s 			page 18


 237      092D4349 
 237      51D68056 
 237      5D873640 
 238 0511 E8319AD9 		.ascii	"\3501\232\331\267Rfkj*\336 u\035\246C\317\255\214\317"
 238      B752666B 
 238      6A2ADE20 
 238      751DA643 
 238      CFAD8CCF 
 239 0525 8873433E 		.ascii	"\210sC>\354\232\355#]\276\344\347\200\020\033\003/\343"
 239      EC9AED23 
 239      5DBEE4E7 
 239      80101B03 
 239      2FE3
 240 0537 747CEBD8 		.ascii	"t|\353\330\367\333\204\214*D\251\376\003{4\201\237-"
 240      F7DB848C 
 240      2A44A9FE 
 240      037B3481 
 240      9F2D
 241 0549 EF831F29 		.ascii	"\357\203\037)o)\371\345\330\220\276Px.\305b\012\177"
 241      6F29F9E5 
 241      D890BE50 
 241      782EC562 
 241      0A7F
 242 055b AA860F53 		.ascii	"\252\206\017Sx\200\214nP\240_\250\3217'\240\243\204"
 242      78808C6E 
 242      50A05FA8 
 242      D13727A0 
 242      A384
 243 056d CA9EB028 		.ascii	"\312\236\260(\212\356Cz\364@DK\253\014\335\235$\305"
 243      8AEE437A 
 243      F440444B 
 243      AB0CDD9D 
 243      24C5
 244 057f A9201F99 		.ascii	"\251 \037\231\232\\\011\277\245\200?W\303\357\251\225"
 244      9A5C09BF 
 244      A5803F57 
 244      C3EFA995 
 245 058f BF0A93D1 		.ascii	"\277\012\223\321\267\325\350.\005y\222X\015\001^,\350"
 245      B7D5E82E 
 245      05799258 
 245      0D015E2C 
 245      E8
 246 05a0 35204669 		.ascii	"5 Fi'\301\303\343\003\355\340}\321V\336\007}\007\026"
 246      27C1C3E3 
 246      03EDE07D 
 246      D156DE07 
 246      7D0716
 247 05b3 031607B6 		.ascii	"\003\026\007\266\011,\031,\032l3\330\367`\333\300v\203"
 247      092C192C 
 247      1A6C33D8 
 247      F760DBC0 
 247      7683
 248 05c5 4581ED02 		.ascii	"E\201\355\002\213\005K\004\333\002\026\017\266\023l"
 248      8B054B04 
 248      DB02160F 
 248      B6136C
 249 05d4 3B5812EF 		.ascii	";X\022\357C\237\235Le\225bN/\325*\015\352\014\014+\320"
ARM GAS  /var/folders/qd/4mxf5pkd0zdf0b9dd1hp39180000gn/T//ccTocAAg.s 			page 19


 249      439F9D4C 
 249      6595624E 
 249      2FD52A0D 
 249      EA0C0C2B 
 250 05e9 4FA6AEDD 		.ascii	"O\246\256\335\004\270\"\005\335S\247@\231\260od\364"
 250      04B82205 
 250      DD53A740 
 250      99B06F64 
 250      F4
 251 05fa AB29A528 		.ascii	"\253)\245(\300U\012\352A5x`\222\222W\012\341CS\303\225"
 251      C0550AEA 
 251      41357860 
 251      9292570A 
 251      E14353C3 
 252 060f 8BCE26A3 		.ascii	"\213\316&\243\333\325\350[\223W\264BK\217\032~g\"\034"
 252      DBD5E85B 
 252      9357B442 
 252      4B8F1A7E 
 252      67221C
 253 0622 D6A7D3C6 		.ascii	"\326\247\323\306\026\251\300\353\321\033\021.mAtC\326"
 253      16A9C0EB 
 253      D11B112E 
 253      6D417443 
 253      D6
 254 0633 C24EA2CF 		.ascii	"\302N\242\317\037\353\243`i\020\024'\276\376\344\352"
 254      1FEBA360 
 254      69101427 
 254      BEFEE4EA 
 255 0643 D5F6EBB3 		.ascii	"\325\366\353\263b\204\272%4t\347\324J\025\363\352Qd"
 255      6284BA25 
 255      3474E7D4 
 255      4A15F3EA 
 255      5164
 256 0655 E1D9D40B 		.ascii	"\341\331\324\013x\302zW\314\353\261\032~wR\322\024\350"
 256      78C27A57 
 256      CCEBB11A 
 256      7E7752D2 
 256      14E8
 257 0667 FEA91F03 		.ascii	"\376\251\037\003\024M>i\032[\017{\342\343.\364\204^"
 257      144D3E69 
 257      1A5B0F7B 
 257      E2E32EF4 
 257      845E
 258 0679 94D096E7 		.ascii	"\224\320\226\347\205|g\263\351v\365\273\302g\013J\201"
 258      857C67B3 
 258      E976F5BB 
 258      C2670B4A 
 258      81
 259 068a C17BF8F1 		.ascii	"\301{\370\361\367=\231\3744\033\005\355\205\375\361"
 259      F73D99FC 
 259      341B05ED 
 259      85FDF1
 260 0699 BFDE2BA0 		.ascii	"\277\336+\240\271\354\\f\211Fy\306HQ\314\217C\251<;"
 260      B9EC5C66 
 260      894679C6 
 260      4851CC8F 
 260      43A93C3B 
ARM GAS  /var/folders/qd/4mxf5pkd0zdf0b9dd1hp39180000gn/T//ccTocAAg.s 			page 20


 261 06ad 63C07F00 		.ascii	"c\300\177\000g\236|\232\352\201\313\351\004Q\346\335"
 261      679E7C9A 
 261      EA81CBE9 
 261      0451E6DD 
 262 06bd A183E474 		.ascii	"\241\203\344tT\331M\2164\037\344\336\354\025\004\340"
 262      54D94D8E 
 262      341FE4DE 
 262      EC1504E0 
 263 06cd 89451A7A 		.ascii	"\211E\032z0\333'O\023n'\036\220\366\363\344x\223(\354"
 263      30DB274F 
 263      136E271E 
 263      90F6F3E4 
 263      789328EC 
 264 06e1 FDCE155F 		.ascii	"\375\316\025_flY}\245\325\342\333\336\003\334\216\003"
 264      666C597D 
 264      A5D5E2DB 
 264      DE03DC8E 
 264      03
 265 06f2 C9D91AF6 		.ascii	"\311\331\032\366\"\351\245\301\232\236\354\326\341\016"
 265      22E9A5C1 
 265      9A9EECD6 
 265      E10E
 266 0700 861DED4D 		.ascii	"\206\035\355MnC\014KT=(K\256\321M\373^9\300\213\357"
 266      6E430C4B 
 266      543D284B 
 266      AED14DFB 
 266      5E39C08B 
 267 0715 954C9EBE 		.ascii	"\225L\236\276X\256\277\250x\345\216\357S&M^\314\221"
 267      58AEBFA8 
 267      78E58EEF 
 267      53264D5E 
 267      CC91
 268 0727 410DF2F5 		.ascii	"A\015\362\365F\000G\272\034\351\363\222C\207x\035\312"
 268      460047BA 
 268      1CE9F392 
 268      4387781D 
 268      CA
 269 0738 E2B1F4BD 		.ascii	"\342\261\364\275\232*\000\375\340\277I3\334k\351\177"
 269      9A2A00FD 
 269      E0BF4933 
 269      DC6BE97F 
 270 0748 FAE92564 		.ascii	"\372\351%d\011x\036\207\226\322\327\026:\010u:D\343"
 270      09781E87 
 270      96D2D716 
 270      3A08753A 
 270      44E3
 271 075a E5F0DE28 		.ascii	"\345\360\336(\233\005\024\204\346\001\027\371\335\204"
 271      9B051484 
 271      E60117F9 
 271      DD84
 272 0768 28773AF4 		.ascii	"(w:\364\377\300\023}\207y\275\244\222\240\013\367\327"
 272      FFC0137D 
 272      8779BDA4 
 272      92A00BF7 
 272      D7
 273 0779 BD9CA913 		.ascii	"\275\234\251\023\271\023~\216{l\317\376\241\031J\356"
 273      B9137E8E 
ARM GAS  /var/folders/qd/4mxf5pkd0zdf0b9dd1hp39180000gn/T//ccTocAAg.s 			page 21


 273      7B6CCFFE 
 273      A1194AEE 
 274 0789 DC9FE27E 		.ascii	"\334\237\342~\021\177|;Z\224%4W\222\317\214\217Sr\204"
 274      117F7C3B 
 274      5A942534 
 274      5792CF8C 
 274      8F537284 
 275 079d 840298CC 		.ascii	"\204\002\230\314\021\330\260\031P-8\301+\306\246A\313"
 275      11D8B019 
 275      502D38C1 
 275      2BC6A641 
 275      CB
 276 07ae 5F790E1D 		.ascii	"_y\016\035\345\027\301\320\366\261\322\014\017\334\307"
 276      E517C1D0 
 276      F6B1D20C 
 276      0FDCC7
 277 07bd F23F9055 		.ascii	"\362?\220U\230\3556^y\237\243\212\312\223\023j\236\\"
 277      98ED365E 
 277      799FA38A 
 277      CA93136A 
 277      9E5C
 278 07cf F9       		.ascii	"\371"
 279 07d0 3C75E58F 		.ascii	"<u\345\217\321\312\237{t0U\203_3\266\264k)g\\E\266\276"
 279      D1CA9F7B 
 279      74305583 
 279      5F33B6B4 
 279      6B29675C 
 280 07e7 F7D9E13E 		.ascii	"\367\331\341>\223\035\356\363e\246|5\323q\312\324\225"
 280      931DEEF3 
 280      65A67C35 
 280      D371CAD4 
 280      95
 281 07f8 EB8493D2 		.ascii	"\353\204\223\3226W\312t\243-\266T\\\027n\212\023\361"
 281      3657CA74 
 281      A32DB654 
 281      5C176E8A 
 281      13F1
 282 080a 1CF144FC 		.ascii	"\034\361D\374f\260\371\215x,$\237\271\243u\233\322\321"
 282      66B0F98D 
 282      782C249F 
 282      B9A3759B 
 282      D2D1
 283 081c B4CBE694 		.ascii	"\264\313\346\224\264lN\262L\237\275\344l\363TW\361\004"
 283      B46C4EB2 
 283      4C9FBDE4 
 283      6CF35457 
 283      F104
 284 082e 64AB9066 		.ascii	"d\253\220f\253\210f\372\224\224\351\226\256\255FuY\246"
 284      AB8866FA 
 284      9494E996 
 284      AEAD4675 
 284      59A6
 285 0840 05C715DC 		.ascii	"\005\307\025\334\334\211\307\313\362~\232X\226b\261"
 285      DC89C7CB 
 285      F27E9A58 
 285      9662B1
 286 084f 2CF015A3 		.ascii	",\360\025\243\030[ \226\245\204\226\245x\317\256\337"
ARM GAS  /var/folders/qd/4mxf5pkd0zdf0b9dd1hp39180000gn/T//ccTocAAg.s 			page 22


 286      185B2096 
 286      A58496A5 
 286      78CFAEDF 
 287 085f E27D6CF6 		.ascii	"\342}l\366'\216\364\266k\344\252\344\017\313U!\037,"
 287      278EF4B6 
 287      6BE4AAE4 
 287      0FCB5521 
 287      1F2C
 288 0871 A7E55C9E 		.ascii	"\247\345\\\236V\347\262\224\346\362Q\356\213x\027\234"
 288      56E7B294 
 288      E6F251EE 
 288      8B78179C 
 289 0881 C7D8E206 		.ascii	"\307\330\342\006\343RxYT\272J\324\265\011\242\312DQ"
 289      E3527859 
 289      54BA4AD4 
 289      B509A2CA 
 289      4451
 290 0893 E5FC226E 		.ascii	"\345\374\"n\236\277\277\201\375\205\333\015\033\202"
 290      9EBFBF81 
 290      FD85DB0D 
 290      1B82
 291 08a1 430DF6C8 		.ascii	"C\015\366\310\020\203\335\341\037\242]\363\305\237\026"
 291      1083DDE1 
 291      1FA25DF3 
 291      C59F16
 292 08b0 18030238 		.ascii	"\030\003\0028\235\331\274\321js,\0154;v \303\312\210"
 292      9DD9BCD1 
 292      6A732C0D 
 292      343B7620 
 292      C3CA88
 293 08c3 88506B48 		.ascii	"\210PkH\260\303\032n\263\033V\207\204Z#\354\026\263"
 293      B0C31A6E 
 293      B31B5687 
 293      845A23EC 
 293      16B3
 294 08d5 C52F6263 		.ascii	"\305/bc\3107\201\376\301\021\021\006c\270\315a\2619"
 294      C83781FE 
 294      C1111106 
 294      63B8CD61 
 294      B139
 295 08e7 26751AD6 		.ascii	"&u\032\326\205\207\207\332\015_\207\204\370\005G\206"
 295      858787DA 
 295      0D5F8784 
 295      F8054786 
 296 08f7 F9D9C26D 		.ascii	"\371\331\302m\026?K\360\337\254~\313\374\002\227\004"
 296      163F4BF0 
 296      DFAC7ECB 
 296      FC029704 
 297 0907 2CF3FBC7 		.ascii	",\363\373\307\007~a\301\177\017\2174L\3505Xm!\241\033"
 297      077E61C1 
 297      7F0F8F34 
 297      4CE83558 
 297      6D21A11B 
 298 091b D75B0C61 		.ascii	"\327[\014a\301!\033\2546\213\301\274\336\362U\360\306"
 298      C1211BAC 
 298      368BC1BC 
 298      DEF255F0 
ARM GAS  /var/folders/qd/4mxf5pkd0zdf0b9dd1hp39180000gn/T//ccTocAAg.s 			page 23


 298      C6
 299 092c 5087D9F1 		.ascii	"P\207\331\361m\204\305\356\277\201\323J\342\342\377"
 299      6D84C5EE 
 299      BF81D34A 
 299      E2E2FF
 300 093b 7FE2ECDF 		.ascii	"\177\342\354\337\332\015f\273c=(\001E3\301uX\303,f\307"
 300      DA0D66BB 
 300      633D2801 
 300      4533C175 
 300      58C32C66 
 301 0950 6F94C9B5 		.ascii	"o\224\311\265YC\015\021\341\221\020|\245)\310\030\364"
 301      59430D11 
 301      E191107C 
 301      A529C818 
 301      F4
 302 0961 2F434878 		.ascii	"/CHxX\2045\324\022i7\2541\032I\2674%W\273\3433\233\325"
 302      588435D4 
 302      126937AC 
 302      311A49B7 
 302      342557BB 
 303 0979 317FBAD2 		.ascii	"1\177\272\322p\356v\307ZGp\244ce(\350q#Nx\004\275\327"
 303      70EE76C7 
 303      5A4770A4 
 303      636528E8 
 303      71234E78 
 304 0990 C1BDC521 		.ascii	"\301\275\305!\335\256\261\214#\314\241\241\353\315V"
 304      DDAEB18C 
 304      23CCA1A1 
 304      EBCD56
 305 099f 2035A849 		.ascii	" 5\250I\231\244\265\353\202\226\006\032>\377|\225a\335"
 305      99A4B5EB 
 305      8296061A 
 305      3EFF7C95 
 305      61DD
 306 09b1 6741FF0C 		.ascii	"gA\377\0140\260\021\240\305\305h\0142-\345\377`\322"
 306      30B011A0 
 306      C5C5680C 
 306      322DE5FF 
 306      60D2
 307 09c3 AC0A5A69 		.ascii	"\254\012Zi\302\253\214&\315\247\253\326\231\260\321"
 307      C2AB8C26 
 307      CDA7ABD6 
 307      99B0D1
 308 09d2 68C226B0 		.ascii	"h\302&\260\225&\023\376\343Z#6~\261Nc4\2566Q| \375\015"
 308      952613FE 
 308      E35A2336 
 308      7EB14E63 
 308      34AE3651 
 309 09ea C0ABD798 		.ascii	"\300\253\327\230\370\2650\362\263\325&\315\332 @\033"
 309      F8B530F2 
 309      B3D526CD 
 309      DA20401B 
 310 09fa 4D816001 		.ascii	"M\201`\001\200\374\263)\360]\225\204\221\352Z\303@\214"
 310      80FCB329 
 310      F05D9584 
 310      91EA5AC3 
 310      408C
ARM GAS  /var/folders/qd/4mxf5pkd0zdf0b9dd1hp39180000gn/T//ccTocAAg.s 			page 24


 311 0a0c DBB86376 		.ascii	"\333\270cv\350\305I\331I\"\314\301d\236\036f\363W\033"
 311      E8C549D9 
 311      4922CCC1 
 311      649E1E66 
 311      F3571B
 312 0a1f 6D2166B3 		.ascii	"m!f\263\377\207\313\227-\327J\236&dCp\344{\343\360\360"
 312      FF87CB97 
 312      2DD74A9E 
 312      26644370 
 312      E47BE3F0 
 313 0a34 08869E25 		.ascii	"\010\206\236%\265X\246\030\276\374C\251\373\353)\273"
 313      B558A618 
 313      BEFC43A9 
 313      FBEB29BB 
 314 0a44 57FC17B3 		.ascii	"W\374\027\263\2640X"
 314      B43058
 315              		.text
 316              		.section	.gnu.lto_.symtab.8c2845d5e23005d,"",%progbits
 317 0000 7374496E 		.ascii	"stInit\000"
 317      697400
 318 0007 00       		.ascii	"\000"
 319 0008 00       		.ascii	"\000"
 320 0009 00       		.ascii	"\000"
 321 000a 00000000 		.ascii	"\000\000\000\000\000\000\000\000"
 321      00000000 
 322 0012 C8000000 		.ascii	"\310\000\000\000"
 323 0016 73745374 		.ascii	"stStartAlarm\000"
 323      61727441 
 323      6C61726D 
 323      00
 324 0023 00       		.ascii	"\000"
 325 0024 00       		.ascii	"\000"
 326 0025 00       		.ascii	"\000"
 327 0026 00000000 		.ascii	"\000\000\000\000\000\000\000\000"
 327      00000000 
 328 002e CC000000 		.ascii	"\314\000\000\000"
 329 0032 73745374 		.ascii	"stStopAlarm\000"
 329      6F70416C 
 329      61726D00 
 330 003e 00       		.ascii	"\000"
 331 003f 00       		.ascii	"\000"
 332 0040 00       		.ascii	"\000"
 333 0041 00000000 		.ascii	"\000\000\000\000\000\000\000\000"
 333      00000000 
 334 0049 CE000000 		.ascii	"\316\000\000\000"
 335 004d 73745365 		.ascii	"stSetAlarm\000"
 335      74416C61 
 335      726D00
 336 0058 00       		.ascii	"\000"
 337 0059 00       		.ascii	"\000"
 338 005a 00       		.ascii	"\000"
 339 005b 00000000 		.ascii	"\000\000\000\000\000\000\000\000"
 339      00000000 
 340 0063 D0000000 		.ascii	"\320\000\000\000"
 341 0067 73744765 		.ascii	"stGetAlarm\000"
 341      74416C61 
 341      726D00
ARM GAS  /var/folders/qd/4mxf5pkd0zdf0b9dd1hp39180000gn/T//ccTocAAg.s 			page 25


 342 0072 00       		.ascii	"\000"
 343 0073 00       		.ascii	"\000"
 344 0074 00       		.ascii	"\000"
 345 0075 00000000 		.ascii	"\000\000\000\000\000\000\000\000"
 345      00000000 
 346 007d D3000000 		.ascii	"\323\000\000\000"
 347 0081 73745F6C 		.ascii	"st_lld_init\000"
 347      6C645F69 
 347      6E697400 
 348 008d 00       		.ascii	"\000"
 349 008e 02       		.ascii	"\002"
 350 008f 00       		.ascii	"\000"
 351 0090 00000000 		.ascii	"\000\000\000\000\000\000\000\000"
 351      00000000 
 352 0098 D5000000 		.ascii	"\325\000\000\000"
 353              		.text
 354              		.section	.gnu.lto_.opts,"",%progbits
 355 0000 272D666D 		.ascii	"'-fmath-errno' '-fsigned-zeros' '-ftrapping-math' '"
 355      6174682D 
 355      6572726E 
 355      6F272027 
 355      2D667369 
 356 0033 2D666E6F 		.ascii	"-fno-trapv' '-fno-openmp' '-fno-openacc' '-mcpu=cor"
 356      2D747261 
 356      70762720 
 356      272D666E 
 356      6F2D6F70 
 357 0066 7465782D 		.ascii	"tex-m3' '-mno-thumb-interwork' '-mthumb' '-O2' '-fo"
 357      6D332720 
 357      272D6D6E 
 357      6F2D7468 
 357      756D622D 
 358 0099 6D69742D 		.ascii	"mit-frame-pointer' '-ffunction-sections' '-fdata-se"
 358      6672616D 
 358      652D706F 
 358      696E7465 
 358      72272027 
 359 00cc 6374696F 		.ascii	"ctions' '-fno-common' '-flto'\000"
 359      6E732720 
 359      272D666E 
 359      6F2D636F 
 359      6D6D6F6E 
 360              		.text
 361              		.comm	__gnu_lto_v1,1,1
 362              		.comm	__gnu_lto_slim,1,1
 363              		.ident	"GCC: (GNU Tools for Arm Embedded Processors 7-2017-q4-major) 7.2.1 20170904 (release) [ARM
ARM GAS  /var/folders/qd/4mxf5pkd0zdf0b9dd1hp39180000gn/T//ccTocAAg.s 			page 26


DEFINED SYMBOLS
                            *ABS*:0000000000000000 st.c
                            *COM*:0000000000000001 __gnu_lto_v1
                            *COM*:0000000000000001 __gnu_lto_slim

NO UNDEFINED SYMBOLS
